OSMeF worker starting
Enabling core dumping
Listening for command connection
(vm7:m0) New mapper on port 23330
(vm7:m0) -> reducer data size 17179869
(vm7:m0) -> reducer data size 17179869
(vm7:m0) -> reducer data size 17179869
(vm7:m0) -> reducer data size 17179869
(vm7:m0) -> reducer data size 17179869
(vm7:m0) -> reducer data size 17179869
(vm7:m0) -> reducer data size 17179869
(vm7:m0) -> reducer data size 17179869
(vm7:m0) -> reducer data size 17179869
(vm7:m0) -> reducer data size 17179869
(vm7:m0) -> reducer data size 17179869
(vm7:m0) -> reducer data size 17179869
(vm7:m0) -> reducer data size 17179869
(vm7:m0) -> reducer data size 17179869
(vm7:m0) -> reducer data size 17179869
(vm7:m0) -> reducer data size 17179869
(vm7:m0) -> reducer data size 17179869
(vm7:m0) -> reducer data size 17179869
(vm7:m0) -> reducer data size 17179869
(vm7:m0) -> reducer data size 17179869
(vm7:m0) -> reducer data size 17179869
(vm7:m0) -> reducer data size 17179869
(vm7:m0) -> reducer data size 17179869
(vm7:m0) -> reducer data size 17179869
(vm7:m0) -> reducer data size 17179869
(vm7:m0) Mapper thread started
(vm7:m0) Allocating data for reducer vm1:r0
(vm7:m0) Allocating data for reducer vm2:r0
(vm7:m0) Allocating data for reducer vm3:r0
(vm7:m0) Allocating data for reducer vm4:r0
(vm7:m0) Allocating data for reducer vm5:r0
(vm7:m0) Allocating data for reducer vm6:r0
(vm7:m0) Allocating data for reducer vm7:r0
(vm7:m0) Allocating data for reducer vm8:r0
(vm7:m0) Allocating data for reducer vm9:r0
(vm7:m0) Allocating data for reducer vm10:r0
(vm7:m0) Allocating data for reducer vm11:r0
(vm7:m0) Allocating data for reducer vm12:r0
(vm7:m0) Allocating data for reducer vm13:r0
(vm7:m0) Allocating data for reducer vm14:r0
(vm7:m0) Allocating data for reducer vm15:r0
(vm7:m0) Allocating data for reducer vm16:r0
(vm7:m0) Allocating data for reducer vm17:r0
(vm7:m0) Allocating data for reducer vm18:r0
(vm7:m0) Allocating data for reducer vm19:r0
(vm7:m0) Allocating data for reducer vm20:r0
(vm7:m0) Allocating data for reducer vm21:r0
(vm7:m0) Allocating data for reducer vm22:r0
(vm7:m0) Allocating data for reducer vm23:r0
(vm7:m0) Allocating data for reducer vm24:r0
(vm7:m0) Allocating data for reducer vm25:r0
(vm7:m0) Binding to port 23330
(vm7:r0) New reducer
(vm7:r0) Reducer thread started
(vm7:r0) waiting for START message
(vm7:r0) got START message
(vm7:r0) Starting new connection thread
(vm7:r0) Starting new connection thread
(vm7:r0) Starting new connection thread
(vm7:r0) Starting new connection thread
(vm7:r0) Starting new connection thread
(vm7:r0) Maximum number of connections reached (5), waiting for a thread to finish
(vm7:r0:4) Connection established
(vm7:r0:2) Connection established
(vm7:r0:1) Connection established
(vm7:r0:3) Connection established
(vm7:r0:0) Connection established
(vm7:r0:1) Connection finished, received 17179870 bytes
(vm7:r0:4) Connection finished, received 17179870 bytes
(vm7:m0) Got connection from reducer vm6:r0
(vm7:m0:5) thread started, have to send 17179869 bytes
(vm7:r0:2) Connection finished, received 17179870 bytes
(vm7:r0:0) Connection finished, received 17179870 bytes
(vm7:r0) thread 0 joined, 24 connections remaining
(vm7:r0) Starting new connection thread
(vm7:r0) Maximum number of connections reached (5), waiting for a thread to finish
(vm7:r0:0) Connection established
(vm7:r0:3) Connection finished, received 17179870 bytes
(vm7:m0) Got connection from reducer vm1:r0
(vm7:m0:0) thread started, have to send 17179869 bytes
(vm7:m0:0) all data sent, thread exiting
(vm7:m0) Got connection from reducer vm24:r0
(vm7:m0:23) thread started, have to send 17179869 bytes
(vm7:m0) Got connection from reducer vm10:r0
(vm7:m0:9) thread started, have to send 17179869 bytes
(vm7:m0) Got connection from reducer vm23:r0
(vm7:m0:5) all data sent, thread exiting
(vm7:m0:22) thread started, have to send 17179869 bytes
(vm7:r0:0) Connection finished, received 17179870 bytes
(vm7:m0) Got connection from reducer vm16:r0
(vm7:r0) thread 0 joined, 23 connections remaining
(vm7:r0) Starting new connection thread
(vm7:r0) Maximum number of connections reached (5), waiting for a thread to finish
(vm7:m0) Got connection from reducer vm19:r0
(vm7:m0:15) thread started, have to send 17179869 bytes
(vm7:m0:18) thread started, have to send 17179869 bytes
(vm7:r0:0) Connection established
(vm7:m0) Got connection from reducer vm7:r0
(vm7:m0) Got connection from reducer vm20:r0
(vm7:m0) Got connection from reducer vm13:r0
(vm7:m0:19) thread started, have to send 17179869 bytes
(vm7:m0:6) thread started, have to send 17179869 bytes
(vm7:m0) Got connection from reducer vm18:r0
(vm7:m0:12) thread started, have to send 17179869 bytes
(vm7:m0) Got connection from reducer vm21:r0
(vm7:m0:17) thread started, have to send 17179869 bytes
(vm7:m0) Got connection from reducer vm17:r0
(vm7:m0) Got connection from reducer vm8:r0
(vm7:m0) Got connection from reducer vm11:r0
(vm7:m0:20) thread started, have to send 17179869 bytes
(vm7:m0) Got connection from reducer vm9:r0
(vm7:m0) Got connection from reducer vm14:r0
(vm7:m0) Got connection from reducer vm12:r0
(vm7:m0:16) thread started, have to send 17179869 bytes
(vm7:m0:7) thread started, have to send 17179869 bytes
(vm7:m0:10) thread started, have to send 17179869 bytes
(vm7:m0:8) thread started, have to send 17179869 bytes
(vm7:m0) Got connection from reducer vm15:r0
(vm7:m0) Got connection from reducer vm22:r0
(vm7:m0:13) thread started, have to send 17179869 bytes
(vm7:m0:11) thread started, have to send 17179869 bytes
(vm7:m0:14) thread started, have to send 17179869 bytes
(vm7:m0:21) thread started, have to send 17179869 bytes
(vm7:m0:23) all data sent, thread exiting
(vm7:m0) Got connection from reducer vm25:r0
(vm7:m0) Got connection from reducer vm4:r0
(vm7:m0) Got connection from reducer vm2:r0
(vm7:m0:3) thread started, have to send 17179869 bytes
(vm7:m0) Got connection from reducer vm3:r0
(vm7:m0:24) thread started, have to send 17179869 bytes
(vm7:m0) Got connection from reducer vm5:r0
(vm7:m0) Waiting for a thread to finish
(vm7:m0) thread 0 joined, 24 connections remaining
(vm7:m0) Waiting for a thread to finish
(vm7:m0:9) all data sent, thread exiting
(vm7:m0:1) thread started, have to send 17179869 bytes
(vm7:m0:2) thread started, have to send 17179869 bytes
(vm7:m0:4) thread started, have to send 17179869 bytes
(vm7:r0:0) Connection finished, received 17179870 bytes
(vm7:m0:6) all data sent, thread exiting
(vm7:r0) thread 0 joined, 22 connections remaining
(vm7:r0) Starting new connection thread
(vm7:r0) Maximum number of connections reached (5), waiting for a thread to finish
(vm7:r0:0) Connection established
(vm7:m0:22) all data sent, thread exiting
(vm7:m0:15) all data sent, thread exiting
(vm7:m0:12) all data sent, thread exiting
(vm7:m0:18) all data sent, thread exiting
(vm7:m0:19) all data sent, thread exiting
(vm7:m0:16) all data sent, thread exiting
(vm7:m0:17) all data sent, thread exiting
(vm7:m0:14) all data sent, thread exiting
(vm7:m0:20) all data sent, thread exiting
(vm7:m0:10) all data sent, thread exiting
(vm7:m0:8) all data sent, thread exiting
(vm7:m0:13) all data sent, thread exiting
(vm7:m0:7) all data sent, thread exiting
(vm7:m0:11) all data sent, thread exiting
(vm7:m0:21) all data sent, thread exiting
(vm7:m0:1) all data sent, thread exiting
(vm7:m0:2) all data sent, thread exiting
(vm7:m0:24) all data sent, thread exiting
(vm7:m0) thread 1 joined, 23 connections remaining
(vm7:m0) Waiting for a thread to finish
(vm7:m0) thread 2 joined, 22 connections remaining
(vm7:m0) Waiting for a thread to finish
(vm7:m0:4) all data sent, thread exiting
(vm7:m0:3) all data sent, thread exiting
(vm7:m0) thread 3 joined, 21 connections remaining
(vm7:m0) Waiting for a thread to finish
(vm7:m0) thread 4 joined, 20 connections remaining
(vm7:m0) Waiting for a thread to finish
(vm7:m0) thread 5 joined, 19 connections remaining
(vm7:m0) Waiting for a thread to finish
(vm7:m0) thread 6 joined, 18 connections remaining
(vm7:m0) Waiting for a thread to finish
(vm7:m0) thread 7 joined, 17 connections remaining
(vm7:m0) Waiting for a thread to finish
(vm7:m0) thread 8 joined, 16 connections remaining
(vm7:m0) Waiting for a thread to finish
(vm7:m0) thread 9 joined, 15 connections remaining
(vm7:m0) Waiting for a thread to finish
(vm7:m0) thread 10 joined, 14 connections remaining
(vm7:m0) Waiting for a thread to finish
(vm7:m0) thread 11 joined, 13 connections remaining
(vm7:m0) Waiting for a thread to finish
(vm7:m0) thread 12 joined, 12 connections remaining
(vm7:m0) Waiting for a thread to finish
(vm7:m0) thread 13 joined, 11 connections remaining
(vm7:m0) Waiting for a thread to finish
(vm7:m0) thread 14 joined, 10 connections remaining
(vm7:m0) Waiting for a thread to finish
(vm7:m0) thread 15 joined, 9 connections remaining
(vm7:m0) Waiting for a thread to finish
(vm7:m0) thread 16 joined, 8 connections remaining
(vm7:m0) Waiting for a thread to finish
(vm7:m0) thread 17 joined, 7 connections remaining
(vm7:m0) Waiting for a thread to finish
(vm7:m0) thread 18 joined, 6 connections remaining
(vm7:m0) Waiting for a thread to finish
(vm7:m0) thread 19 joined, 5 connections remaining
(vm7:m0) Waiting for a thread to finish
(vm7:m0) thread 20 joined, 4 connections remaining
(vm7:m0) Waiting for a thread to finish
(vm7:m0) thread 21 joined, 3 connections remaining
(vm7:m0) Waiting for a thread to finish
(vm7:m0) thread 22 joined, 2 connections remaining
(vm7:m0) Waiting for a thread to finish
(vm7:m0) thread 23 joined, 1 connections remaining
(vm7:m0) Waiting for a thread to finish
(vm7:m0) thread 24 joined, 0 connections remaining
(vm7:m0) all done, exiting
*RES* start node vm7:m0
*RES* vm7:m0:0,1404119990943,33,13,17179870
*RES* vm7:m0:1,1404119991214,327,16,17179870
*RES* vm7:m0:2,1404119991215,328,16,17179870
*RES* vm7:m0:3,1404119991201,360,20,17179870
*RES* vm7:m0:4,1404119991217,332,17,17179870
*RES* vm7:m0:5,1404119990750,329,14,17179870
*RES* vm7:m0:6,1404119991104,114,9,17179870
*RES* vm7:m0:7,1404119991127,364,16,17179870
*RES* vm7:m0:8,1404119991128,357,15,17179870
*RES* vm7:m0:9,1404119991040,169,20,17179870
*RES* vm7:m0:10,1404119991127,357,15,17179870
*RES* vm7:m0:11,1404119991134,365,16,17179870
*RES* vm7:m0:12,1404119991107,315,16,17179870
*RES* vm7:m0:13,1404119991133,354,15,17179870
*RES* vm7:m0:14,1404119991144,336,15,17179870
*RES* vm7:m0:15,1404119991087,327,17,17179870
*RES* vm7:m0:16,1404119991127,335,15,17179870
*RES* vm7:m0:17,1404119991114,358,16,17179870
*RES* vm7:m0:18,1404119991087,324,17,17179870
*RES* vm7:m0:19,1404119991104,317,16,17179870
*RES* vm7:m0:20,1404119991120,363,17,17179870
*RES* vm7:m0:21,1404119991146,356,17,17179870
*RES* vm7:m0:22,1404119991080,227,16,17179870
*RES* vm7:m0:23,1404119991034,144,21,17179870
*RES* vm7:m0:24,1404119991203,344,16,17179870
*RES* end node vm7:m0
Node vm7:m0 joined
(vm7:r0:0) Connection finished, received 17179870 bytes
(vm7:r0) thread 0 joined, 21 connections remaining
(vm7:r0) Starting new connection thread
(vm7:r0) Maximum number of connections reached (5), waiting for a thread to finish
(vm7:r0:0) Connection established
(vm7:r0:0) Connection finished, received 17179870 bytes
(vm7:r0) thread 0 joined, 20 connections remaining
(vm7:r0) Starting new connection thread
(vm7:r0) Maximum number of connections reached (5), waiting for a thread to finish
(vm7:r0:0) Connection established
(vm7:r0:0) Connection finished, received 17179870 bytes
(vm7:r0) thread 0 joined, 19 connections remaining
(vm7:r0) Starting new connection thread
(vm7:r0) Maximum number of connections reached (5), waiting for a thread to finish
(vm7:r0:0) Connection established
(vm7:r0:0) Connection finished, received 17179870 bytes
(vm7:r0) thread 0 joined, 18 connections remaining
(vm7:r0) Starting new connection thread
(vm7:r0) Maximum number of connections reached (5), waiting for a thread to finish
(vm7:r0:0) Connection established
(vm7:r0:0) Connection finished, received 17179870 bytes
(vm7:r0) thread 0 joined, 17 connections remaining
(vm7:r0) Starting new connection thread
(vm7:r0) Maximum number of connections reached (5), waiting for a thread to finish
(vm7:r0:0) Connection established
(vm7:r0:0) Connection finished, received 17179870 bytes
(vm7:r0) thread 0 joined, 16 connections remaining
(vm7:r0) Starting new connection thread
(vm7:r0) Maximum number of connections reached (5), waiting for a thread to finish
(vm7:r0:0) Connection established
(vm7:r0:0) Connection finished, received 17179870 bytes
(vm7:r0) thread 0 joined, 15 connections remaining
(vm7:r0) Starting new connection thread
(vm7:r0) Maximum number of connections reached (5), waiting for a thread to finish
(vm7:r0:0) Connection established
(vm7:r0:0) Connection finished, received 17179870 bytes
(vm7:r0) thread 0 joined, 14 connections remaining
(vm7:r0) Starting new connection thread
(vm7:r0) Maximum number of connections reached (5), waiting for a thread to finish
(vm7:r0:0) Connection established
(vm7:r0:0) Connection finished, received 17179870 bytes
(vm7:r0) thread 0 joined, 13 connections remaining
(vm7:r0) Starting new connection thread
(vm7:r0) Maximum number of connections reached (5), waiting for a thread to finish
(vm7:r0:0) Connection established
(vm7:r0:0) Connection finished, received 17179870 bytes
(vm7:r0) thread 0 joined, 12 connections remaining
(vm7:r0) Starting new connection thread
(vm7:r0) Maximum number of connections reached (5), waiting for a thread to finish
(vm7:r0:0) Connection established
(vm7:r0:0) Connection finished, received 17179870 bytes
(vm7:r0) thread 0 joined, 11 connections remaining
(vm7:r0) Starting new connection thread
(vm7:r0) Maximum number of connections reached (5), waiting for a thread to finish
(vm7:r0:0) Connection established
(vm7:r0:0) Connection finished, received 17179870 bytes
(vm7:r0) thread 0 joined, 10 connections remaining
(vm7:r0) Starting new connection thread
(vm7:r0) Maximum number of connections reached (5), waiting for a thread to finish
(vm7:r0:0) Connection established
(vm7:r0:0) Connection finished, received 17179870 bytes
(vm7:r0) thread 0 joined, 9 connections remaining
(vm7:r0) Starting new connection thread
(vm7:r0) Maximum number of connections reached (5), waiting for a thread to finish
(vm7:r0:0) Connection established
(vm7:r0:0) Connection finished, received 17179870 bytes
(vm7:r0) thread 0 joined, 8 connections remaining
(vm7:r0) Starting new connection thread
(vm7:r0) Maximum number of connections reached (5), waiting for a thread to finish
(vm7:r0:0) Connection established
(vm7:r0:0) Connection finished, received 17179870 bytes
(vm7:r0) thread 0 joined, 7 connections remaining
(vm7:r0) Starting new connection thread
(vm7:r0) Maximum number of connections reached (5), waiting for a thread to finish
(vm7:r0:0) Connection established
(vm7:r0:0) Connection finished, received 17179870 bytes
(vm7:r0) thread 0 joined, 6 connections remaining
(vm7:r0) Starting new connection thread
(vm7:r0) Maximum number of connections reached (5), waiting for a thread to finish
(vm7:r0:0) Connection established
(vm7:r0:0) Connection finished, received 17179870 bytes
(vm7:r0) thread 0 joined, 5 connections remaining
(vm7:r0) Starting new connection thread
(vm7:r0) Maximum number of connections reached (5), waiting for a thread to finish
(vm7:r0:0) Connection established
(vm7:r0:0) Connection finished, received 17179870 bytes
(vm7:r0) thread 0 joined, 4 connections remaining
(vm7:r0) Maximum number of connections reached (4), waiting for a thread to finish
(vm7:r0) thread 1 joined, 3 connections remaining
(vm7:r0) Maximum number of connections reached (3), waiting for a thread to finish
(vm7:r0) thread 2 joined, 2 connections remaining
(vm7:r0) Maximum number of connections reached (2), waiting for a thread to finish
(vm7:r0) thread 3 joined, 1 connections remaining
(vm7:r0) Maximum number of connections reached (1), waiting for a thread to finish
(vm7:r0) thread 4 joined, 0 connections remaining
(vm7:r0) all done, exiting
*RES* start node vm7:r0
*RES* vm7:r0:0,1404119990315,447,20,17179870
*RES* vm7:r0:0,1404119990767,314,20,17179870
*RES* vm7:r0:0,1404119991090,128,9,17179870
*RES* vm7:r0:0,1404119991231,382,22,17179870
*RES* vm7:r0:0,1404119991619,117,31,17179870
*RES* vm7:r0:0,1404119991743,121,25,17179870
*RES* vm7:r0:0,1404119991871,74,22,17179870
*RES* vm7:r0:0,1404119991951,51,17,17179870
*RES* vm7:r0:0,1404119992007,57,17,17179870
*RES* vm7:r0:0,1404119992071,75,19,17179870
*RES* vm7:r0:0,1404119992151,108,30,17179870
*RES* vm7:r0:0,1404119992263,79,15,17179870
*RES* vm7:r0:0,1404119992347,65,14,17179870
*RES* vm7:r0:0,1404119992421,103,18,17179870
*RES* vm7:r0:0,1404119992527,92,15,17179870
*RES* vm7:r0:0,1404119992623,74,15,17179870
*RES* vm7:r0:0,1404119992703,50,16,17179870
*RES* vm7:r0:0,1404119992759,53,15,17179870
*RES* vm7:r0:0,1404119992819,39,15,17179870
*RES* vm7:r0:0,1404119992863,38,14,17179870
*RES* vm7:r0:0,1404119992907,44,14,17179870
*RES* vm7:r0:1,1404119990315,359,20,17179870
*RES* vm7:r0:2,1404119990314,443,21,17179870
*RES* vm7:r0:3,1404119990314,485,21,17179870
*RES* vm7:r0:4,1404119990314,409,23,17179870
*RES* end node vm7:r0
Node vm7:r0 joined
Worker terminating correctly
