OSMeF worker starting
Enabling core dumping
Listening for command connection
(vm27:m0) New mapper on port 23330
(vm27:m0) -> reducer data size 803149472
(vm27:m0) -> reducer data size 803149472
(vm27:m0) -> reducer data size 803149472
(vm27:m0) -> reducer data size 803149472
(vm27:m0) -> reducer data size 803149472
(vm27:m0) -> reducer data size 803149472
(vm27:m0) -> reducer data size 803149472
(vm27:m0) -> reducer data size 803149472
(vm27:m0) -> reducer data size 803149472
(vm27:m0) -> reducer data size 803149472
(vm27:m0) -> reducer data size 803149472
(vm27:m0) -> reducer data size 803149472
(vm27:m0) -> reducer data size 803149472
(vm27:m0) -> reducer data size 803149472
(vm27:m0) -> reducer data size 803149472
(vm27:m0) -> reducer data size 803149472
(vm27:m0) -> reducer data size 803149472
(vm27:m0) -> reducer data size 803149472
(vm27:m0) -> reducer data size 803149472
(vm27:m0) -> reducer data size 803149472
(vm27:m0) -> reducer data size 803149472
(vm27:m0) -> reducer data size 803149472
(vm27:m0) -> reducer data size 803149472
(vm27:m0) -> reducer data size 803149472
(vm27:m0) -> reducer data size 803149472
(vm27:m0) -> reducer data size 803149472
(vm27:m0) -> reducer data size 803149472
(vm27:m0) -> reducer data size 803149472
(vm27:m0) -> reducer data size 803149472
(vm27:m0) -> reducer data size 803149472
(vm27:m0) -> reducer data size 803149472
(vm27:m0) -> reducer data size 803149472
(vm27:m0) -> reducer data size 803149472
(vm27:m0) -> reducer data size 803149472
(vm27:m0) -> reducer data size 803149472
(vm27:m0) -> reducer data size 803149472
(vm27:m0) -> reducer data size 803149472
(vm27:m0) Mapper thread started
(vm27:m0) Allocating data for reducer vm1:r0
(vm27:m0) Allocating data for reducer vm2:r0
(vm27:m0) Allocating data for reducer vm3:r0
(vm27:m0) Allocating data for reducer vm4:r0
(vm27:m0) Allocating data for reducer vm5:r0
(vm27:m0) Allocating data for reducer vm6:r0
(vm27:m0) Allocating data for reducer vm7:r0
(vm27:m0) Allocating data for reducer vm8:r0
(vm27:m0) Allocating data for reducer vm9:r0
(vm27:m0) Allocating data for reducer vm10:r0
(vm27:m0) Allocating data for reducer vm11:r0
(vm27:m0) Allocating data for reducer vm12:r0
(vm27:m0) Allocating data for reducer vm13:r0
(vm27:m0) Allocating data for reducer vm14:r0
(vm27:m0) Allocating data for reducer vm15:r0
(vm27:m0) Allocating data for reducer vm16:r0
(vm27:m0) Allocating data for reducer vm17:r0
(vm27:m0) Allocating data for reducer vm18:r0
(vm27:m0) Allocating data for reducer vm19:r0
(vm27:m0) Allocating data for reducer vm20:r0
(vm27:m0) Allocating data for reducer vm21:r0
(vm27:m0) Allocating data for reducer vm22:r0
(vm27:m0) Allocating data for reducer vm23:r0
(vm27:m0) Allocating data for reducer vm24:r0
(vm27:m0) Allocating data for reducer vm25:r0
(vm27:m0) Allocating data for reducer vm26:r0
(vm27:m0) Allocating data for reducer vm27:r0
(vm27:m0) Allocating data for reducer vm28:r0
(vm27:m0) Allocating data for reducer vm29:r0
(vm27:m0) Allocating data for reducer vm30:r0
(vm27:m0) Allocating data for reducer vm31:r0
(vm27:m0) Allocating data for reducer vm32:r0
(vm27:m0) Allocating data for reducer vm33:r0
(vm27:m0) Allocating data for reducer vm34:r0
(vm27:m0) Allocating data for reducer vm35:r0
(vm27:m0) Allocating data for reducer vm36:r0
(vm27:m0) Allocating data for reducer vm37:r0
(vm27:m0) Binding to port 23330
(vm27:r0) New reducer
(vm27:r0) Reducer thread started
(vm27:r0) waiting for START message
(vm27:r0) got START message
(vm27:r0) Starting new connection thread
(vm27:r0) Starting new connection thread
(vm27:r0) Starting new connection thread
(vm27:r0) Starting new connection thread
(vm27:r0) Starting new connection thread
(vm27:r0) Maximum number of connections reached (5), waiting for a thread to finish
(vm27:r0:4) Connection established
(vm27:r0:2) Connection established
(vm27:r0:1) Connection established
(vm27:r0:3) Connection established
(vm27:r0:0) Connection established
(vm27:r0:2) Connection finished, received 803149473 bytes
(vm27:r0:3) Connection finished, received 803149473 bytes
(vm27:r0:1) Connection finished, received 803149473 bytes
(vm27:r0:0) Connection finished, received 803149473 bytes
(vm27:r0) thread 0 joined, 36 connections remaining
(vm27:r0) Starting new connection thread
(vm27:r0) Maximum number of connections reached (5), waiting for a thread to finish
(vm27:r0:0) Connection established
(vm27:r0:4) Connection finished, received 803149473 bytes
(vm27:r0:0) Connection finished, received 803149473 bytes
(vm27:r0) thread 0 joined, 35 connections remaining
(vm27:r0) Starting new connection thread
(vm27:r0) Maximum number of connections reached (5), waiting for a thread to finish
(vm27:r0:0) Connection established
(vm27:r0:0) Connection finished, received 803149473 bytes
(vm27:r0) thread 0 joined, 34 connections remaining
(vm27:r0) Starting new connection thread
(vm27:r0) Maximum number of connections reached (5), waiting for a thread to finish
(vm27:r0:0) Connection established
(vm27:r0:0) Connection finished, received 803149473 bytes
(vm27:r0) thread 0 joined, 33 connections remaining
(vm27:r0) Starting new connection thread
(vm27:r0) Maximum number of connections reached (5), waiting for a thread to finish
(vm27:r0:0) Connection established
(vm27:r0:0) Connection finished, received 803149473 bytes
(vm27:r0) thread 0 joined, 32 connections remaining
(vm27:r0) Starting new connection thread
(vm27:r0) Maximum number of connections reached (5), waiting for a thread to finish
(vm27:r0:0) Connection established
(vm27:r0:0) Connection finished, received 803149473 bytes
(vm27:r0) thread 0 joined, 31 connections remaining
(vm27:r0) Starting new connection thread
(vm27:r0) Maximum number of connections reached (5), waiting for a thread to finish
(vm27:r0:0) Connection established
(vm27:r0:0) Connection finished, received 803149473 bytes
(vm27:r0) thread 0 joined, 30 connections remaining
(vm27:r0) Starting new connection thread
(vm27:r0) Maximum number of connections reached (5), waiting for a thread to finish
(vm27:r0:0) Connection established
(vm27:r0:0) Connection finished, received 803149473 bytes
(vm27:r0) thread 0 joined, 29 connections remaining
(vm27:r0) Starting new connection thread
(vm27:r0) Maximum number of connections reached (5), waiting for a thread to finish
(vm27:r0:0) Connection established
(vm27:r0:0) Connection finished, received 803149473 bytes
(vm27:r0) thread 0 joined, 28 connections remaining
(vm27:r0) Starting new connection thread
(vm27:r0) Maximum number of connections reached (5), waiting for a thread to finish
(vm27:r0:0) Connection established
(vm27:r0:0) Connection finished, received 803149473 bytes
(vm27:r0) thread 0 joined, 27 connections remaining
(vm27:r0) Starting new connection thread
(vm27:r0) Maximum number of connections reached (5), waiting for a thread to finish
(vm27:r0:0) Connection established
(vm27:r0:0) Connection finished, received 803149473 bytes
(vm27:r0) thread 0 joined, 26 connections remaining
(vm27:r0) Starting new connection thread
(vm27:r0) Maximum number of connections reached (5), waiting for a thread to finish
(vm27:r0:0) Connection established
(vm27:r0:0) Connection finished, received 803149473 bytes
(vm27:r0) thread 0 joined, 25 connections remaining
(vm27:r0) Starting new connection thread
(vm27:r0) Maximum number of connections reached (5), waiting for a thread to finish
(vm27:r0:0) Connection established
(vm27:r0:0) Connection finished, received 803149473 bytes
(vm27:r0) thread 0 joined, 24 connections remaining
(vm27:r0) Starting new connection thread
(vm27:r0) Maximum number of connections reached (5), waiting for a thread to finish
(vm27:r0:0) Connection established
(vm27:r0:0) Connection finished, received 803149473 bytes
(vm27:r0) thread 0 joined, 23 connections remaining
(vm27:r0) Starting new connection thread
(vm27:r0) Maximum number of connections reached (5), waiting for a thread to finish
(vm27:r0:0) Connection established
(vm27:r0:0) Connection finished, received 803149473 bytes
(vm27:r0) thread 0 joined, 22 connections remaining
(vm27:r0) Starting new connection thread
(vm27:r0) Maximum number of connections reached (5), waiting for a thread to finish
(vm27:r0:0) Connection established
(vm27:r0:0) Connection finished, received 803149473 bytes
(vm27:r0) thread 0 joined, 21 connections remaining
(vm27:r0) Starting new connection thread
(vm27:r0) Maximum number of connections reached (5), waiting for a thread to finish
(vm27:r0:0) Connection established
(vm27:r0:0) Connection finished, received 803149473 bytes
(vm27:r0) thread 0 joined, 20 connections remaining
(vm27:r0) Starting new connection thread
(vm27:r0) Maximum number of connections reached (5), waiting for a thread to finish
(vm27:r0:0) Connection established
(vm27:r0:0) Connection finished, received 803149473 bytes
(vm27:r0) thread 0 joined, 19 connections remaining
(vm27:r0) Starting new connection thread
(vm27:r0) Maximum number of connections reached (5), waiting for a thread to finish
(vm27:r0:0) Connection established
(vm27:r0:0) Connection finished, received 803149473 bytes
(vm27:r0) thread 0 joined, 18 connections remaining
(vm27:r0) Starting new connection thread
(vm27:r0) Maximum number of connections reached (5), waiting for a thread to finish
(vm27:r0:0) Connection established
(vm27:r0:0) Connection finished, received 803149473 bytes
(vm27:r0) thread 0 joined, 17 connections remaining
(vm27:r0) Starting new connection thread
(vm27:r0) Maximum number of connections reached (5), waiting for a thread to finish
(vm27:r0:0) Connection established
(vm27:r0:0) Connection finished, received 803149473 bytes
(vm27:r0) thread 0 joined, 16 connections remaining
(vm27:r0) Starting new connection thread
(vm27:r0) Maximum number of connections reached (5), waiting for a thread to finish
(vm27:r0:0) Connection established
(vm27:r0:0) Connection finished, received 803149473 bytes
(vm27:r0) thread 0 joined, 15 connections remaining
(vm27:r0) Starting new connection thread
(vm27:r0) Maximum number of connections reached (5), waiting for a thread to finish
(vm27:r0:0) Connection established
(vm27:m0) Got connection from reducer vm27:r0
(vm27:m0:26) thread started, have to send 803149472 bytes
(vm27:m0:26) all data sent, thread exiting
(vm27:r0:0) Connection finished, received 803149473 bytes
(vm27:r0) thread 0 joined, 14 connections remaining
(vm27:r0) Starting new connection thread
(vm27:r0) Maximum number of connections reached (5), waiting for a thread to finish
(vm27:r0:0) Connection established
(vm27:r0:0) Connection finished, received 803149473 bytes
(vm27:r0) thread 0 joined, 13 connections remaining
(vm27:r0) Starting new connection thread
(vm27:r0) Maximum number of connections reached (5), waiting for a thread to finish
(vm27:r0:0) Connection established
(vm27:m0) Got connection from reducer vm28:r0
(vm27:m0:27) thread started, have to send 803149472 bytes
(vm27:m0:27) all data sent, thread exiting
(vm27:r0:0) Connection finished, received 803149473 bytes
(vm27:r0) thread 0 joined, 12 connections remaining
(vm27:r0) Starting new connection thread
(vm27:r0) Maximum number of connections reached (5), waiting for a thread to finish
(vm27:r0:0) Connection established
(vm27:m0) Got connection from reducer vm6:r0
(vm27:m0:5) thread started, have to send 803149472 bytes
(vm27:r0:0) Connection finished, received 803149473 bytes
(vm27:r0) thread 0 joined, 11 connections remaining
(vm27:r0) Starting new connection thread
(vm27:r0) Maximum number of connections reached (5), waiting for a thread to finish
(vm27:r0:0) Connection established
(vm27:m0:5) all data sent, thread exiting
(vm27:r0:0) Connection finished, received 803149473 bytes
(vm27:r0) thread 0 joined, 10 connections remaining
(vm27:r0) Starting new connection thread
(vm27:r0) Maximum number of connections reached (5), waiting for a thread to finish
(vm27:r0:0) Connection established
(vm27:r0:0) Connection finished, received 803149473 bytes
(vm27:r0) thread 0 joined, 9 connections remaining
(vm27:r0) Starting new connection thread
(vm27:r0) Maximum number of connections reached (5), waiting for a thread to finish
(vm27:r0:0) Connection established
(vm27:m0) Got connection from reducer vm32:r0
(vm27:m0:31) thread started, have to send 803149472 bytes
(vm27:r0:0) Connection finished, received 803149473 bytes
(vm27:r0) thread 0 joined, 8 connections remaining
(vm27:r0) Starting new connection thread
(vm27:r0) Maximum number of connections reached (5), waiting for a thread to finish
(vm27:r0:0) Connection established
(vm27:m0:31) all data sent, thread exiting
(vm27:r0:0) Connection finished, received 803149473 bytes
(vm27:r0) thread 0 joined, 7 connections remaining
(vm27:r0) Starting new connection thread
(vm27:r0) Maximum number of connections reached (5), waiting for a thread to finish
(vm27:r0:0) Connection established
(vm27:r0:0) Connection finished, received 803149473 bytes
(vm27:r0) thread 0 joined, 6 connections remaining
(vm27:r0) Starting new connection thread
(vm27:r0) Maximum number of connections reached (5), waiting for a thread to finish
(vm27:r0:0) Connection established
(vm27:m0) Got connection from reducer vm11:r0
(vm27:m0:10) thread started, have to send 803149472 bytes
(vm27:r0:0) Connection finished, received 803149473 bytes
(vm27:r0) thread 0 joined, 5 connections remaining
(vm27:r0) Starting new connection thread
(vm27:r0) Maximum number of connections reached (5), waiting for a thread to finish
(vm27:r0:0) Connection established
(vm27:r0:0) Connection finished, received 803149473 bytes
(vm27:r0) thread 0 joined, 4 connections remaining
(vm27:r0) Maximum number of connections reached (4), waiting for a thread to finish
(vm27:r0) thread 1 joined, 3 connections remaining
(vm27:r0) Maximum number of connections reached (3), waiting for a thread to finish
(vm27:r0) thread 2 joined, 2 connections remaining
(vm27:r0) Maximum number of connections reached (2), waiting for a thread to finish
(vm27:r0) thread 3 joined, 1 connections remaining
(vm27:r0) Maximum number of connections reached (1), waiting for a thread to finish
(vm27:r0) thread 4 joined, 0 connections remaining
(vm27:r0) all done, exiting
(vm27:m0) Got connection from reducer vm33:r0
(vm27:m0:32) thread started, have to send 803149472 bytes
(vm27:m0) Got connection from reducer vm34:r0
(vm27:m0:33) thread started, have to send 803149472 bytes
(vm27:m0:10) all data sent, thread exiting
(vm27:m0:32) all data sent, thread exiting
(vm27:m0:33) all data sent, thread exiting
(vm27:m0) Got connection from reducer vm21:r0
(vm27:m0:20) thread started, have to send 803149472 bytes
(vm27:m0:20) all data sent, thread exiting
(vm27:m0) Got connection from reducer vm17:r0
(vm27:m0:16) thread started, have to send 803149472 bytes
(vm27:m0) Got connection from reducer vm23:r0
(vm27:m0:22) thread started, have to send 803149472 bytes
(vm27:m0) Got connection from reducer vm36:r0
(vm27:m0:35) thread started, have to send 803149472 bytes
(vm27:m0:22) all data sent, thread exiting
(vm27:m0:16) all data sent, thread exiting
(vm27:m0:35) all data sent, thread exiting
(vm27:m0) Got connection from reducer vm13:r0
(vm27:m0:12) thread started, have to send 803149472 bytes
(vm27:m0) Got connection from reducer vm7:r0
(vm27:m0:6) thread started, have to send 803149472 bytes
(vm27:m0:12) all data sent, thread exiting
(vm27:m0:6) all data sent, thread exiting
(vm27:m0) Got connection from reducer vm8:r0
(vm27:m0:7) thread started, have to send 803149472 bytes
(vm27:m0) Got connection from reducer vm19:r0
(vm27:m0:18) thread started, have to send 803149472 bytes
(vm27:m0) Got connection from reducer vm29:r0
(vm27:m0:28) thread started, have to send 803149472 bytes
(vm27:m0:7) all data sent, thread exiting
(vm27:m0:18) all data sent, thread exiting
(vm27:m0) Got connection from reducer vm24:r0
(vm27:m0:23) thread started, have to send 803149472 bytes
(vm27:m0) Got connection from reducer vm9:r0
(vm27:m0:8) thread started, have to send 803149472 bytes
(vm27:m0) Got connection from reducer vm15:r0
(vm27:m0:14) thread started, have to send 803149472 bytes
(vm27:m0:28) all data sent, thread exiting
(vm27:m0:8) all data sent, thread exiting
(vm27:m0:23) all data sent, thread exiting
(vm27:m0:14) all data sent, thread exiting
(vm27:m0) Got connection from reducer vm25:r0
(vm27:m0:24) thread started, have to send 803149472 bytes
(vm27:m0) Got connection from reducer vm37:r0
(vm27:m0:36) thread started, have to send 803149472 bytes
(vm27:m0:24) all data sent, thread exiting
(vm27:m0) Got connection from reducer vm22:r0
(vm27:m0:21) thread started, have to send 803149472 bytes
(vm27:m0:36) all data sent, thread exiting
(vm27:m0) Got connection from reducer vm18:r0
(vm27:m0:17) thread started, have to send 803149472 bytes
(vm27:m0:21) all data sent, thread exiting
(vm27:m0) Got connection from reducer vm4:r0
(vm27:m0:3) thread started, have to send 803149472 bytes
(vm27:m0:17) all data sent, thread exiting
(vm27:m0) Got connection from reducer vm10:r0
(vm27:m0:9) thread started, have to send 803149472 bytes
(vm27:m0:3) all data sent, thread exiting
(vm27:m0:9) all data sent, thread exiting
(vm27:m0) Got connection from reducer vm31:r0
(vm27:m0:30) thread started, have to send 803149472 bytes
(vm27:m0) Got connection from reducer vm16:r0
(vm27:m0:15) thread started, have to send 803149472 bytes
(vm27:m0:15) all data sent, thread exiting
(vm27:m0:30) all data sent, thread exiting
(vm27:m0) Got connection from reducer vm2:r0
(vm27:m0:1) thread started, have to send 803149472 bytes
(vm27:m0:1) all data sent, thread exiting
(vm27:m0) Got connection from reducer vm35:r0
(vm27:m0:34) thread started, have to send 803149472 bytes
(vm27:m0) Got connection from reducer vm12:r0
(vm27:m0:11) thread started, have to send 803149472 bytes
(vm27:m0:34) all data sent, thread exiting
(vm27:m0:11) all data sent, thread exiting
(vm27:m0) Got connection from reducer vm5:r0
(vm27:m0:4) thread started, have to send 803149472 bytes
(vm27:m0) Got connection from reducer vm30:r0
(vm27:m0:29) thread started, have to send 803149472 bytes
(vm27:m0) Got connection from reducer vm1:r0
(vm27:m0:0) thread started, have to send 803149472 bytes
(vm27:m0:4) all data sent, thread exiting
(vm27:m0:0) all data sent, thread exiting
(vm27:m0:29) all data sent, thread exiting
(vm27:m0) Got connection from reducer vm20:r0
(vm27:m0:19) thread started, have to send 803149472 bytes
(vm27:m0) Got connection from reducer vm14:r0
(vm27:m0:13) thread started, have to send 803149472 bytes
(vm27:m0) Got connection from reducer vm3:r0
(vm27:m0:2) thread started, have to send 803149472 bytes
(vm27:m0) Got connection from reducer vm26:r0
(vm27:m0) Waiting for a thread to finish
(vm27:m0) thread 0 joined, 36 connections remaining
(vm27:m0) Waiting for a thread to finish
(vm27:m0) thread 1 joined, 35 connections remaining
(vm27:m0) Waiting for a thread to finish
(vm27:m0:25) thread started, have to send 803149472 bytes
(vm27:m0:13) all data sent, thread exiting
(vm27:m0:19) all data sent, thread exiting
(vm27:m0:2) all data sent, thread exiting
(vm27:m0) thread 2 joined, 34 connections remaining
(vm27:m0) Waiting for a thread to finish
(vm27:m0) thread 3 joined, 33 connections remaining
(vm27:m0) Waiting for a thread to finish
(vm27:m0) thread 4 joined, 32 connections remaining
(vm27:m0) Waiting for a thread to finish
(vm27:m0) thread 5 joined, 31 connections remaining
(vm27:m0) Waiting for a thread to finish
(vm27:m0) thread 6 joined, 30 connections remaining
(vm27:m0) Waiting for a thread to finish
(vm27:m0) thread 7 joined, 29 connections remaining
(vm27:m0) Waiting for a thread to finish
(vm27:m0) thread 8 joined, 28 connections remaining
(vm27:m0) Waiting for a thread to finish
(vm27:m0) thread 9 joined, 27 connections remaining
(vm27:m0) Waiting for a thread to finish
(vm27:m0) thread 10 joined, 26 connections remaining
(vm27:m0) Waiting for a thread to finish
(vm27:m0) thread 11 joined, 25 connections remaining
(vm27:m0) Waiting for a thread to finish
(vm27:m0) thread 12 joined, 24 connections remaining
(vm27:m0) Waiting for a thread to finish
(vm27:m0) thread 13 joined, 23 connections remaining
(vm27:m0) Waiting for a thread to finish
(vm27:m0) thread 14 joined, 22 connections remaining
(vm27:m0) Waiting for a thread to finish
(vm27:m0) thread 15 joined, 21 connections remaining
(vm27:m0) Waiting for a thread to finish
(vm27:m0) thread 16 joined, 20 connections remaining
(vm27:m0) Waiting for a thread to finish
(vm27:m0) thread 17 joined, 19 connections remaining
(vm27:m0) Waiting for a thread to finish
(vm27:m0) thread 18 joined, 18 connections remaining
(vm27:m0) Waiting for a thread to finish
(vm27:m0) thread 19 joined, 17 connections remaining
(vm27:m0) Waiting for a thread to finish
(vm27:m0) thread 20 joined, 16 connections remaining
(vm27:m0) Waiting for a thread to finish
(vm27:m0) thread 21 joined, 15 connections remaining
(vm27:m0) Waiting for a thread to finish
(vm27:m0) thread 22 joined, 14 connections remaining
(vm27:m0) Waiting for a thread to finish
(vm27:m0) thread 23 joined, 13 connections remaining
(vm27:m0) Waiting for a thread to finish
(vm27:m0) thread 24 joined, 12 connections remaining
(vm27:m0) Waiting for a thread to finish
(vm27:m0:25) all data sent, thread exiting
(vm27:m0) thread 25 joined, 11 connections remaining
(vm27:m0) Waiting for a thread to finish
(vm27:m0) thread 26 joined, 10 connections remaining
(vm27:m0) Waiting for a thread to finish
(vm27:m0) thread 27 joined, 9 connections remaining
(vm27:m0) Waiting for a thread to finish
(vm27:m0) thread 28 joined, 8 connections remaining
(vm27:m0) Waiting for a thread to finish
(vm27:m0) thread 29 joined, 7 connections remaining
(vm27:m0) Waiting for a thread to finish
(vm27:m0) thread 30 joined, 6 connections remaining
(vm27:m0) Waiting for a thread to finish
(vm27:m0) thread 31 joined, 5 connections remaining
(vm27:m0) Waiting for a thread to finish
(vm27:m0) thread 32 joined, 4 connections remaining
(vm27:m0) Waiting for a thread to finish
(vm27:m0) thread 33 joined, 3 connections remaining
(vm27:m0) Waiting for a thread to finish
(vm27:m0) thread 34 joined, 2 connections remaining
(vm27:m0) Waiting for a thread to finish
(vm27:m0) thread 35 joined, 1 connections remaining
(vm27:m0) Waiting for a thread to finish
(vm27:m0) thread 36 joined, 0 connections remaining
(vm27:m0) all done, exiting
*RES* start node vm27:m0
*RES* vm27:m0:0,1405715339067,2513,705,803149473
*RES* vm27:m0:1,1405715325860,2538,793,803149473
*RES* vm27:m0:2,1405715343369,2797,677,803149473
*RES* vm27:m0:3,1405715310911,3338,1200,803149473
*RES* vm27:m0:4,1405715338210,2338,711,803149473
*RES* vm27:m0:5,1405715185866,5465,1388,803149473
*RES* vm27:m0:6,1405715263004,5330,886,803149473
*RES* vm27:m0:7,1405715268714,6853,711,803149473
*RES* vm27:m0:8,1405715280830,5099,890,803149473
*RES* vm27:m0:9,1405715311951,5290,1069,803149473
*RES* vm27:m0:10,1405715218205,11992,735,803149473
*RES* vm27:m0:11,1405715331570,2645,694,803149473
*RES* vm27:m0:12,1405715261626,5847,807,803149473
*RES* vm27:m0:13,1405715342736,2467,711,803149473
*RES* vm27:m0:14,1405715281099,5205,825,803149473
*RES* vm27:m0:15,1405715319267,3068,793,803149473
*RES* vm27:m0:16,1405715244571,9647,625,803149473
*RES* vm27:m0:17,1405715305196,6705,713,803149473
*RES* vm27:m0:18,1405715272439,5201,640,803149473
*RES* vm27:m0:19,1405715342712,2528,733,803149473
*RES* vm27:m0:20,1405715234914,9406,516,803149473
*RES* vm27:m0:21,1405715299400,7312,826,803149473
*RES* vm27:m0:22,1405715249081,5010,638,803149473
*RES* vm27:m0:23,1405715277698,8398,696,803149473
*RES* vm27:m0:24,1405715287268,9657,777,803149473
*RES* vm27:m0:25,1405715344009,2488,667,803149473
*RES* vm27:m0:26,1405715170534,1079,155,803149473
*RES* vm27:m0:27,1405715178106,5932,1563,803149473
*RES* vm27:m0:28,1405715275375,7613,766,803149473
*RES* vm27:m0:29,1405715338862,2763,693,803149473
*RES* vm27:m0:30,1405715319105,4252,769,803149473
*RES* vm27:m0:31,1405715202166,6205,903,803149473
*RES* vm27:m0:32,1405715227739,4520,695,803149473
*RES* vm27:m0:33,1405715228247,5887,638,803149473
*RES* vm27:m0:34,1405715330701,2550,709,803149473
*RES* vm27:m0:35,1405715249374,6671,682,803149473
*RES* vm27:m0:36,1405715296196,4472,1112,803149473
*RES* end node vm27:m0
Node vm27:m0 joined
*RES* start node vm27:r0
*RES* vm27:r0:0,1405715000100,28561,755,803149473
*RES* vm27:r0:0,1405715028665,34528,661,803149473
*RES* vm27:r0:0,1405715063197,5368,1570,803149473
*RES* vm27:r0:0,1405715068569,6323,1285,803149473
*RES* vm27:r0:0,1405715074897,5209,1566,803149473
*RES* vm27:r0:0,1405715080113,5886,1366,803149473
*RES* vm27:r0:0,1405715086005,7337,1278,803149473
*RES* vm27:r0:0,1405715093349,6099,1419,803149473
*RES* vm27:r0:0,1405715099453,5066,1372,803149473
*RES* vm27:r0:0,1405715104526,4866,1722,803149473
*RES* vm27:r0:0,1405715109398,4953,1440,803149473
*RES* vm27:r0:0,1405715114357,5022,1494,803149473
*RES* vm27:r0:0,1405715119385,6651,1242,803149473
*RES* vm27:r0:0,1405715126041,4915,1477,803149473
*RES* vm27:r0:0,1405715130961,5313,1589,803149473
*RES* vm27:r0:0,1405715136281,4440,1436,803149473
*RES* vm27:r0:0,1405715140729,5555,1397,803149473
*RES* vm27:r0:0,1405715146289,4931,1475,803149473
*RES* vm27:r0:0,1405715151225,5134,1425,803149473
*RES* vm27:r0:0,1405715156365,5137,1395,803149473
*RES* vm27:r0:0,1405715161509,4807,1627,803149473
*RES* vm27:r0:0,1405715166321,4205,1727,803149473
*RES* vm27:r0:0,1405715170533,1082,461,803149473
*RES* vm27:r0:0,1405715171621,6010,1638,803149473
*RES* vm27:r0:0,1405715177637,6564,1520,803149473
*RES* vm27:r0:0,1405715184221,5117,1724,803149473
*RES* vm27:r0:0,1405715189349,5649,1568,803149473
*RES* vm27:r0:0,1405715195005,5800,1699,803149473
*RES* vm27:r0:0,1405715200813,6538,1874,803149473
*RES* vm27:r0:0,1405715207363,5201,1494,803149473
*RES* vm27:r0:0,1405715212569,3875,1696,803149473
*RES* vm27:r0:0,1405715216453,5354,1652,803149473
*RES* vm27:r0:0,1405715221813,5617,1499,803149473
*RES* vm27:r0:1,1405715000099,28291,776,803149473
*RES* vm27:r0:2,1405715000099,25105,791,803149473
*RES* vm27:r0:3,1405715000099,27149,789,803149473
*RES* vm27:r0:4,1405715000099,31676,803,803149473
*RES* end node vm27:r0
Node vm27:r0 joined
Worker terminating correctly
