OSMeF worker starting
Enabling core dumping
Listening for command connection
(vm22:m0) New mapper on port 23330
(vm22:m0) -> reducer data size 2271718239
(vm22:m0) -> reducer data size 2271718239
(vm22:m0) -> reducer data size 2271718239
(vm22:m0) -> reducer data size 2271718239
(vm22:m0) -> reducer data size 2271718239
(vm22:m0) -> reducer data size 2271718239
(vm22:m0) -> reducer data size 2271718239
(vm22:m0) -> reducer data size 2271718239
(vm22:m0) -> reducer data size 2271718239
(vm22:m0) -> reducer data size 2271718239
(vm22:m0) -> reducer data size 2271718239
(vm22:m0) -> reducer data size 2271718239
(vm22:m0) -> reducer data size 2271718239
(vm22:m0) -> reducer data size 2271718239
(vm22:m0) -> reducer data size 2271718239
(vm22:m0) -> reducer data size 2271718239
(vm22:m0) -> reducer data size 2271718239
(vm22:m0) -> reducer data size 2271718239
(vm22:m0) -> reducer data size 2271718239
(vm22:m0) -> reducer data size 2271718239
(vm22:m0) -> reducer data size 2271718239
(vm22:m0) -> reducer data size 2271718239
(vm22:m0) Mapper thread started
(vm22:m0) Allocating data for reducer vm1:r0
(vm22:m0) Allocating data for reducer vm2:r0
(vm22:m0) Allocating data for reducer vm3:r0
(vm22:m0) Allocating data for reducer vm4:r0
(vm22:m0) Allocating data for reducer vm5:r0
(vm22:m0) Allocating data for reducer vm6:r0
(vm22:m0) Allocating data for reducer vm7:r0
(vm22:m0) Allocating data for reducer vm8:r0
(vm22:m0) Allocating data for reducer vm9:r0
(vm22:m0) Allocating data for reducer vm10:r0
(vm22:m0) Allocating data for reducer vm11:r0
(vm22:m0) Allocating data for reducer vm12:r0
(vm22:m0) Allocating data for reducer vm13:r0
(vm22:m0) Allocating data for reducer vm14:r0
(vm22:m0) Allocating data for reducer vm15:r0
(vm22:m0) Allocating data for reducer vm16:r0
(vm22:m0) Allocating data for reducer vm17:r0
(vm22:m0) Allocating data for reducer vm18:r0
(vm22:m0) Allocating data for reducer vm19:r0
(vm22:m0) Allocating data for reducer vm20:r0
(vm22:m0) Allocating data for reducer vm21:r0
(vm22:m0) Allocating data for reducer vm22:r0
(vm22:m0) Binding to port 23330
(vm22:r0) New reducer
(vm22:r0) Reducer thread started
(vm22:r0) waiting for START message
(vm22:r0) got START message
(vm22:r0) Starting new connection thread
(vm22:r0) Starting new connection thread
(vm22:r0) Starting new connection thread
(vm22:r0) Starting new connection thread
(vm22:r0) Starting new connection thread
(vm22:r0) Maximum number of connections reached (5), waiting for a thread to finish
(vm22:r0:0) Connection established
(vm22:r0:1) Connection established
(vm22:r0:3) Connection established
(vm22:r0:2) Connection established
(vm22:r0:4) Connection established
(vm22:r0:2) Connection finished, received 2271718240 bytes
(vm22:r0:3) Connection finished, received 2271718240 bytes
(vm22:r0:0) Connection finished, received 2271718240 bytes
(vm22:r0) thread 0 joined, 21 connections remaining
(vm22:r0) Starting new connection thread
(vm22:r0) Maximum number of connections reached (5), waiting for a thread to finish
(vm22:r0:0) Connection established
(vm22:r0:4) Connection finished, received 2271718240 bytes
(vm22:r0:1) Connection finished, received 2271718240 bytes
(vm22:r0:0) Connection finished, received 2271718240 bytes
(vm22:r0) thread 0 joined, 20 connections remaining
(vm22:r0) Starting new connection thread
(vm22:r0) Maximum number of connections reached (5), waiting for a thread to finish
(vm22:r0:0) Connection established
(vm22:r0:0) Connection finished, received 2271718240 bytes
(vm22:r0) thread 0 joined, 19 connections remaining
(vm22:r0) Starting new connection thread
(vm22:r0) Maximum number of connections reached (5), waiting for a thread to finish
(vm22:r0:0) Connection established
(vm22:m0) Got connection from reducer vm1:r0
(vm22:m0:0) thread started, have to send 2271718239 bytes
(vm22:m0:0) all data sent, thread exiting
(vm22:r0:0) Connection finished, received 2271718240 bytes
(vm22:r0) thread 0 joined, 18 connections remaining
(vm22:r0) Starting new connection thread
(vm22:r0) Maximum number of connections reached (5), waiting for a thread to finish
(vm22:r0:0) Connection established
(vm22:m0) Got connection from reducer vm20:r0
(vm22:m0:19) thread started, have to send 2271718239 bytes
(vm22:m0) Got connection from reducer vm6:r0
(vm22:m0:5) thread started, have to send 2271718239 bytes
(vm22:r0:0) Connection finished, received 2271718240 bytes
(vm22:r0) thread 0 joined, 17 connections remaining
(vm22:r0) Starting new connection thread
(vm22:r0) Maximum number of connections reached (5), waiting for a thread to finish
(vm22:r0:0) Connection established
(vm22:m0:19) all data sent, thread exiting
(vm22:m0:5) all data sent, thread exiting
(vm22:m0) Got connection from reducer vm21:r0
(vm22:m0:20) thread started, have to send 2271718239 bytes
(vm22:m0:20) all data sent, thread exiting
(vm22:m0) Got connection from reducer vm8:r0
(vm22:m0:7) thread started, have to send 2271718239 bytes
(vm22:m0:7) all data sent, thread exiting
(vm22:r0:0) Connection finished, received 2271718240 bytes
(vm22:r0) thread 0 joined, 16 connections remaining
(vm22:r0) Starting new connection thread
(vm22:r0) Maximum number of connections reached (5), waiting for a thread to finish
(vm22:r0:0) Connection established
(vm22:m0) Got connection from reducer vm13:r0
(vm22:m0:12) thread started, have to send 2271718239 bytes
(vm22:m0:12) all data sent, thread exiting
(vm22:r0:0) Connection finished, received 2271718240 bytes
(vm22:r0) thread 0 joined, 15 connections remaining
(vm22:r0) Starting new connection thread
(vm22:r0) Maximum number of connections reached (5), waiting for a thread to finish
(vm22:r0:0) Connection established
(vm22:m0) Got connection from reducer vm10:r0
(vm22:m0:9) thread started, have to send 2271718239 bytes
(vm22:m0) Got connection from reducer vm7:r0
(vm22:m0:6) thread started, have to send 2271718239 bytes
(vm22:m0:9) all data sent, thread exiting
(vm22:m0:6) all data sent, thread exiting
(vm22:r0:0) Connection finished, received 2271718240 bytes
(vm22:r0) thread 0 joined, 14 connections remaining
(vm22:r0) Starting new connection thread
(vm22:r0) Maximum number of connections reached (5), waiting for a thread to finish
(vm22:r0:0) Connection established
(vm22:m0) Got connection from reducer vm15:r0
(vm22:m0:14) thread started, have to send 2271718239 bytes
(vm22:m0:14) all data sent, thread exiting
(vm22:m0) Got connection from reducer vm9:r0
(vm22:m0:8) thread started, have to send 2271718239 bytes
(vm22:m0) Got connection from reducer vm11:r0
(vm22:m0:10) thread started, have to send 2271718239 bytes
(vm22:r0:0) Connection finished, received 2271718240 bytes
(vm22:r0) thread 0 joined, 13 connections remaining
(vm22:r0) Starting new connection thread
(vm22:r0) Maximum number of connections reached (5), waiting for a thread to finish
(vm22:r0:0) Connection established
(vm22:m0) Got connection from reducer vm18:r0
(vm22:m0:17) thread started, have to send 2271718239 bytes
(vm22:m0:8) all data sent, thread exiting
(vm22:m0:10) all data sent, thread exiting
(vm22:m0:17) all data sent, thread exiting
(vm22:m0) Got connection from reducer vm12:r0
(vm22:m0:11) thread started, have to send 2271718239 bytes
(vm22:r0:0) Connection finished, received 2271718240 bytes
(vm22:r0) thread 0 joined, 12 connections remaining
(vm22:r0) Starting new connection thread
(vm22:r0) Maximum number of connections reached (5), waiting for a thread to finish
(vm22:r0:0) Connection established
(vm22:m0:11) all data sent, thread exiting
(vm22:r0:0) Connection finished, received 2271718240 bytes
(vm22:r0) thread 0 joined, 11 connections remaining
(vm22:r0) Starting new connection thread
(vm22:r0) Maximum number of connections reached (5), waiting for a thread to finish
(vm22:r0:0) Connection established
(vm22:m0) Got connection from reducer vm14:r0
(vm22:m0:13) thread started, have to send 2271718239 bytes
(vm22:r0:0) Connection finished, received 2271718240 bytes
(vm22:r0) thread 0 joined, 10 connections remaining
(vm22:r0) Starting new connection thread
(vm22:r0) Maximum number of connections reached (5), waiting for a thread to finish
(vm22:r0:0) Connection established
(vm22:m0:13) all data sent, thread exiting
(vm22:m0) Got connection from reducer vm19:r0
(vm22:m0:18) thread started, have to send 2271718239 bytes
(vm22:m0:18) all data sent, thread exiting
(vm22:r0:0) Connection finished, received 2271718240 bytes
(vm22:r0) thread 0 joined, 9 connections remaining
(vm22:r0) Starting new connection thread
(vm22:r0) Maximum number of connections reached (5), waiting for a thread to finish
(vm22:r0:0) Connection established
(vm22:r0:0) Connection finished, received 2271718240 bytes
(vm22:r0) thread 0 joined, 8 connections remaining
(vm22:r0) Starting new connection thread
(vm22:r0) Maximum number of connections reached (5), waiting for a thread to finish
(vm22:r0:0) Connection established
(vm22:r0:0) Connection finished, received 2271718240 bytes
(vm22:r0) thread 0 joined, 7 connections remaining
(vm22:r0) Starting new connection thread
(vm22:r0) Maximum number of connections reached (5), waiting for a thread to finish
(vm22:r0:0) Connection established
(vm22:m0) Got connection from reducer vm16:r0
(vm22:m0:15) thread started, have to send 2271718239 bytes
(vm22:r0:0) Connection finished, received 2271718240 bytes
(vm22:r0) thread 0 joined, 6 connections remaining
(vm22:r0) Starting new connection thread
(vm22:r0) Maximum number of connections reached (5), waiting for a thread to finish
(vm22:r0:0) Connection established
(vm22:m0:15) all data sent, thread exiting
(vm22:r0:0) Connection finished, received 2271718240 bytes
(vm22:r0) thread 0 joined, 5 connections remaining
(vm22:r0) Starting new connection thread
(vm22:r0) Maximum number of connections reached (5), waiting for a thread to finish
(vm22:r0:0) Connection established
(vm22:m0) Got connection from reducer vm22:r0
(vm22:m0:21) thread started, have to send 2271718239 bytes
(vm22:m0) Got connection from reducer vm17:r0
(vm22:m0:16) thread started, have to send 2271718239 bytes
(vm22:m0:21) all data sent, thread exiting
(vm22:r0:0) Connection finished, received 2271718240 bytes
(vm22:r0) thread 0 joined, 4 connections remaining
(vm22:r0) Maximum number of connections reached (4), waiting for a thread to finish
(vm22:r0) thread 1 joined, 3 connections remaining
(vm22:r0) Maximum number of connections reached (3), waiting for a thread to finish
(vm22:r0) thread 2 joined, 2 connections remaining
(vm22:r0) Maximum number of connections reached (2), waiting for a thread to finish
(vm22:r0) thread 3 joined, 1 connections remaining
(vm22:r0) Maximum number of connections reached (1), waiting for a thread to finish
(vm22:r0) thread 4 joined, 0 connections remaining
(vm22:r0) all done, exiting
(vm22:m0:16) all data sent, thread exiting
(vm22:m0) Got connection from reducer vm3:r0
(vm22:m0:2) thread started, have to send 2271718239 bytes
(vm22:m0) Got connection from reducer vm4:r0
(vm22:m0:3) thread started, have to send 2271718239 bytes
(vm22:m0) Got connection from reducer vm2:r0
(vm22:m0:1) thread started, have to send 2271718239 bytes
(vm22:m0) Got connection from reducer vm5:r0
(vm22:m0) Waiting for a thread to finish
(vm22:m0) thread 0 joined, 21 connections remaining
(vm22:m0) Waiting for a thread to finish
(vm22:m0:4) thread started, have to send 2271718239 bytes
(vm22:m0:2) all data sent, thread exiting
(vm22:m0:3) all data sent, thread exiting
(vm22:m0:1) all data sent, thread exiting
(vm22:m0) thread 1 joined, 20 connections remaining
(vm22:m0) Waiting for a thread to finish
(vm22:m0) thread 2 joined, 19 connections remaining
(vm22:m0) Waiting for a thread to finish
(vm22:m0) thread 3 joined, 18 connections remaining
(vm22:m0) Waiting for a thread to finish
(vm22:m0:4) all data sent, thread exiting
(vm22:m0) thread 4 joined, 17 connections remaining
(vm22:m0) Waiting for a thread to finish
(vm22:m0) thread 5 joined, 16 connections remaining
(vm22:m0) Waiting for a thread to finish
(vm22:m0) thread 6 joined, 15 connections remaining
(vm22:m0) Waiting for a thread to finish
(vm22:m0) thread 7 joined, 14 connections remaining
(vm22:m0) Waiting for a thread to finish
(vm22:m0) thread 8 joined, 13 connections remaining
(vm22:m0) Waiting for a thread to finish
(vm22:m0) thread 9 joined, 12 connections remaining
(vm22:m0) Waiting for a thread to finish
(vm22:m0) thread 10 joined, 11 connections remaining
(vm22:m0) Waiting for a thread to finish
(vm22:m0) thread 11 joined, 10 connections remaining
(vm22:m0) Waiting for a thread to finish
(vm22:m0) thread 12 joined, 9 connections remaining
(vm22:m0) Waiting for a thread to finish
(vm22:m0) thread 13 joined, 8 connections remaining
(vm22:m0) Waiting for a thread to finish
(vm22:m0) thread 14 joined, 7 connections remaining
(vm22:m0) Waiting for a thread to finish
(vm22:m0) thread 15 joined, 6 connections remaining
(vm22:m0) Waiting for a thread to finish
(vm22:m0) thread 16 joined, 5 connections remaining
(vm22:m0) Waiting for a thread to finish
(vm22:m0) thread 17 joined, 4 connections remaining
(vm22:m0) Waiting for a thread to finish
(vm22:m0) thread 18 joined, 3 connections remaining
(vm22:m0) Waiting for a thread to finish
(vm22:m0) thread 19 joined, 2 connections remaining
(vm22:m0) Waiting for a thread to finish
(vm22:m0) thread 20 joined, 1 connections remaining
(vm22:m0) Waiting for a thread to finish
(vm22:m0) thread 21 joined, 0 connections remaining
(vm22:m0) all done, exiting
*RES* start node vm22:m0
*RES* vm22:m0:0,1404294324286,3870,1477,2271718240
*RES* vm22:m0:1,1404294559466,4757,1341,2271718240
*RES* vm22:m0:2,1404294556716,4024,1627,2271718240
*RES* vm22:m0:3,1404294557372,4992,1727,2271718240
*RES* vm22:m0:4,1404294559982,4487,1301,2271718240
*RES* vm22:m0:5,1404294380103,4859,1784,2271718240
*RES* vm22:m0:6,1404294438950,4703,1941,2271718240
*RES* vm22:m0:7,1404294400106,4250,1689,2271718240
*RES* vm22:m0:8,1404294473259,6465,1758,2271718240
*RES* vm22:m0:9,1404294435105,4309,1808,2271718240
*RES* vm22:m0:10,1404294473603,6623,1768,2271718240
*RES* vm22:m0:11,1404294495418,3943,1560,2271718240
*RES* vm22:m0:12,1404294414634,4389,1626,2271718240
*RES* vm22:m0:13,1404294516598,3764,1528,2271718240
*RES* vm22:m0:14,1404294464814,4588,1890,2271718240
*RES* vm22:m0:15,1404294540019,4958,1682,2271718240
*RES* vm22:m0:16,1404294546674,3292,1597,2271718240
*RES* vm22:m0:17,1404294477366,5799,1890,2271718240
*RES* vm22:m0:18,1404294524326,3315,1357,2271718240
*RES* vm22:m0:19,1404294376802,5318,1775,2271718240
*RES* vm22:m0:20,1404294394331,5304,1725,2271718240
*RES* vm22:m0:21,1404294545695,2445,310,2271718240
*RES* end node vm22:m0
Node vm22:m0 joined
*RES* start node vm22:r0
*RES* vm22:r0:0,1404294188730,49823,2161,2271718240
*RES* vm22:r0:0,1404294238558,37951,1912,2271718240
*RES* vm22:r0:0,1404294276515,40218,1873,2271718240
*RES* vm22:r0:0,1404294316738,31117,1831,2271718240
*RES* vm22:r0:0,1404294347863,32431,1894,2271718240
*RES* vm22:r0:0,1404294380303,27955,1858,2271718240
*RES* vm22:r0:0,1404294408262,26289,1815,2271718240
*RES* vm22:r0:0,1404294434559,24722,1823,2271718240
*RES* vm22:r0:0,1404294459287,17521,1820,2271718240
*RES* vm22:r0:0,1404294476823,19525,1574,2271718240
*RES* vm22:r0:0,1404294496354,10858,1425,2271718240
*RES* vm22:r0:0,1404294507218,11855,1432,2271718240
*RES* vm22:r0:0,1404294519082,10770,1309,2271718240
*RES* vm22:r0:0,1404294529858,4685,1346,2271718240
*RES* vm22:r0:0,1404294534550,3308,1583,2271718240
*RES* vm22:r0:0,1404294537866,3676,1546,2271718240
*RES* vm22:r0:0,1404294541550,4138,1278,2271718240
*RES* vm22:r0:0,1404294545694,2447,844,2271718240
*RES* vm22:r0:1,1404294188729,53150,2152,2271718240
*RES* vm22:r0:2,1404294188729,38454,2017,2271718240
*RES* vm22:r0:3,1404294188729,41490,2077,2271718240
*RES* vm22:r0:4,1404294188729,51167,2183,2271718240
*RES* end node vm22:r0
Node vm22:r0 joined
Worker terminating correctly
