OSMeF worker starting
Enabling core dumping
Listening for command connection
(vm8:m0) New mapper on port 23330
(vm8:m0) -> reducer data size 2271718239
(vm8:m0) -> reducer data size 2271718239
(vm8:m0) -> reducer data size 2271718239
(vm8:m0) -> reducer data size 2271718239
(vm8:m0) -> reducer data size 2271718239
(vm8:m0) -> reducer data size 2271718239
(vm8:m0) -> reducer data size 2271718239
(vm8:m0) -> reducer data size 2271718239
(vm8:m0) -> reducer data size 2271718239
(vm8:m0) -> reducer data size 2271718239
(vm8:m0) -> reducer data size 2271718239
(vm8:m0) -> reducer data size 2271718239
(vm8:m0) -> reducer data size 2271718239
(vm8:m0) -> reducer data size 2271718239
(vm8:m0) -> reducer data size 2271718239
(vm8:m0) -> reducer data size 2271718239
(vm8:m0) -> reducer data size 2271718239
(vm8:m0) -> reducer data size 2271718239
(vm8:m0) -> reducer data size 2271718239
(vm8:m0) -> reducer data size 2271718239
(vm8:m0) -> reducer data size 2271718239
(vm8:m0) -> reducer data size 2271718239
(vm8:m0) Mapper thread started
(vm8:m0) Allocating data for reducer vm1:r0
(vm8:m0) Allocating data for reducer vm2:r0
(vm8:m0) Allocating data for reducer vm3:r0
(vm8:m0) Allocating data for reducer vm4:r0
(vm8:m0) Allocating data for reducer vm5:r0
(vm8:m0) Allocating data for reducer vm6:r0
(vm8:m0) Allocating data for reducer vm7:r0
(vm8:m0) Allocating data for reducer vm8:r0
(vm8:m0) Allocating data for reducer vm9:r0
(vm8:m0) Allocating data for reducer vm10:r0
(vm8:m0) Allocating data for reducer vm11:r0
(vm8:m0) Allocating data for reducer vm12:r0
(vm8:m0) Allocating data for reducer vm13:r0
(vm8:m0) Allocating data for reducer vm14:r0
(vm8:m0) Allocating data for reducer vm15:r0
(vm8:m0) Allocating data for reducer vm16:r0
(vm8:m0) Allocating data for reducer vm17:r0
(vm8:m0) Allocating data for reducer vm18:r0
(vm8:m0) Allocating data for reducer vm19:r0
(vm8:m0) Allocating data for reducer vm20:r0
(vm8:m0) Allocating data for reducer vm21:r0
(vm8:m0) Allocating data for reducer vm22:r0
(vm8:m0) Binding to port 23330
(vm8:r0) New reducer
(vm8:r0) Reducer thread started
(vm8:r0) waiting for START message
(vm8:r0) got START message
(vm8:r0) Starting new connection thread
(vm8:r0) Starting new connection thread
(vm8:r0) Starting new connection thread
(vm8:r0) Starting new connection thread
(vm8:r0) Starting new connection thread
(vm8:r0) Maximum number of connections reached (5), waiting for a thread to finish
(vm8:r0:0) Connection established
(vm8:r0:3) Connection established
(vm8:r0:1) Connection established
(vm8:r0:2) Connection established
(vm8:r0:4) Connection established
(vm8:r0:2) Connection finished, received 2271718240 bytes
(vm8:r0:3) Connection finished, received 2271718240 bytes
(vm8:r0:0) Connection finished, received 2271718240 bytes
(vm8:r0) thread 0 joined, 21 connections remaining
(vm8:r0) Starting new connection thread
(vm8:r0) Maximum number of connections reached (5), waiting for a thread to finish
(vm8:r0:0) Connection established
(vm8:r0:4) Connection finished, received 2271718240 bytes
(vm8:r0:1) Connection finished, received 2271718240 bytes
(vm8:m0) Got connection from reducer vm1:r0
(vm8:m0:0) thread started, have to send 2271718239 bytes
(vm8:m0:0) all data sent, thread exiting
(vm8:r0:0) Connection finished, received 2271718240 bytes
(vm8:r0) thread 0 joined, 20 connections remaining
(vm8:r0) Starting new connection thread
(vm8:r0) Maximum number of connections reached (5), waiting for a thread to finish
(vm8:r0:0) Connection established
(vm8:r0:0) Connection finished, received 2271718240 bytes
(vm8:r0) thread 0 joined, 19 connections remaining
(vm8:r0) Starting new connection thread
(vm8:r0) Maximum number of connections reached (5), waiting for a thread to finish
(vm8:r0:0) Connection established
(vm8:m0) Got connection from reducer vm8:r0
(vm8:m0:7) thread started, have to send 2271718239 bytes
(vm8:m0) Got connection from reducer vm20:r0
(vm8:m0:19) thread started, have to send 2271718239 bytes
(vm8:m0) Got connection from reducer vm6:r0
(vm8:m0:5) thread started, have to send 2271718239 bytes
(vm8:m0:7) all data sent, thread exiting
(vm8:r0:0) Connection finished, received 2271718240 bytes
(vm8:r0) thread 0 joined, 18 connections remaining
(vm8:r0) Starting new connection thread
(vm8:r0) Maximum number of connections reached (5), waiting for a thread to finish
(vm8:r0:0) Connection established
(vm8:m0:19) all data sent, thread exiting
(vm8:m0:5) all data sent, thread exiting
(vm8:r0:0) Connection finished, received 2271718240 bytes
(vm8:r0) thread 0 joined, 17 connections remaining
(vm8:r0) Starting new connection thread
(vm8:r0) Maximum number of connections reached (5), waiting for a thread to finish
(vm8:r0:0) Connection established
(vm8:m0) Got connection from reducer vm7:r0
(vm8:m0:6) thread started, have to send 2271718239 bytes
(vm8:m0) Got connection from reducer vm21:r0
(vm8:m0:20) thread started, have to send 2271718239 bytes
(vm8:m0) Got connection from reducer vm13:r0
(vm8:m0:12) thread started, have to send 2271718239 bytes
(vm8:m0) Got connection from reducer vm10:r0
(vm8:m0:9) thread started, have to send 2271718239 bytes
(vm8:m0) Got connection from reducer vm11:r0
(vm8:m0:10) thread started, have to send 2271718239 bytes
(vm8:m0) Got connection from reducer vm15:r0
(vm8:m0:14) thread started, have to send 2271718239 bytes
(vm8:m0) Got connection from reducer vm18:r0
(vm8:m0) Got connection from reducer vm17:r0
(vm8:m0:17) thread started, have to send 2271718239 bytes
(vm8:m0:16) thread started, have to send 2271718239 bytes
(vm8:m0) Got connection from reducer vm19:r0
(vm8:m0:18) thread started, have to send 2271718239 bytes
(vm8:m0) Got connection from reducer vm9:r0
(vm8:m0:8) thread started, have to send 2271718239 bytes
(vm8:m0) Got connection from reducer vm12:r0
(vm8:m0:11) thread started, have to send 2271718239 bytes
(vm8:m0) Got connection from reducer vm3:r0
(vm8:m0:2) thread started, have to send 2271718239 bytes
(vm8:m0) Got connection from reducer vm4:r0
(vm8:m0:3) thread started, have to send 2271718239 bytes
(vm8:m0) Got connection from reducer vm5:r0
(vm8:m0:4) thread started, have to send 2271718239 bytes
(vm8:m0) Got connection from reducer vm14:r0
(vm8:m0:13) thread started, have to send 2271718239 bytes
(vm8:m0) Got connection from reducer vm2:r0
(vm8:m0:1) thread started, have to send 2271718239 bytes
(vm8:m0) Got connection from reducer vm16:r0
(vm8:m0:15) thread started, have to send 2271718239 bytes
(vm8:m0) Got connection from reducer vm22:r0
(vm8:m0) Waiting for a thread to finish
(vm8:m0) thread 0 joined, 21 connections remaining
(vm8:m0) Waiting for a thread to finish
(vm8:m0:21) thread started, have to send 2271718239 bytes
(vm8:r0:0) Connection finished, received 2271718240 bytes
(vm8:r0) thread 0 joined, 16 connections remaining
(vm8:r0) Starting new connection thread
(vm8:r0) Maximum number of connections reached (5), waiting for a thread to finish
(vm8:r0:0) Connection established
(vm8:m0:20) all data sent, thread exiting
(vm8:m0:9) all data sent, thread exiting
(vm8:m0:12) all data sent, thread exiting
(vm8:m0:6) all data sent, thread exiting
(vm8:m0:10) all data sent, thread exiting
(vm8:m0:14) all data sent, thread exiting
(vm8:m0:17) all data sent, thread exiting
(vm8:m0:16) all data sent, thread exiting
(vm8:m0:2) all data sent, thread exiting
(vm8:m0:4) all data sent, thread exiting
(vm8:m0:15) all data sent, thread exiting
(vm8:m0:21) all data sent, thread exiting
(vm8:m0:8) all data sent, thread exiting
(vm8:m0:18) all data sent, thread exiting
(vm8:m0:1) all data sent, thread exiting
(vm8:m0) thread 1 joined, 20 connections remaining
(vm8:m0) Waiting for a thread to finish
(vm8:m0) thread 2 joined, 19 connections remaining
(vm8:m0) Waiting for a thread to finish
(vm8:m0:13) all data sent, thread exiting
(vm8:m0:11) all data sent, thread exiting
(vm8:m0:3) all data sent, thread exiting
(vm8:m0) thread 3 joined, 18 connections remaining
(vm8:m0) Waiting for a thread to finish
(vm8:m0) thread 4 joined, 17 connections remaining
(vm8:m0) Waiting for a thread to finish
(vm8:m0) thread 5 joined, 16 connections remaining
(vm8:m0) Waiting for a thread to finish
(vm8:m0) thread 6 joined, 15 connections remaining
(vm8:m0) Waiting for a thread to finish
(vm8:m0) thread 7 joined, 14 connections remaining
(vm8:m0) Waiting for a thread to finish
(vm8:m0) thread 8 joined, 13 connections remaining
(vm8:m0) Waiting for a thread to finish
(vm8:m0) thread 9 joined, 12 connections remaining
(vm8:m0) Waiting for a thread to finish
(vm8:m0) thread 10 joined, 11 connections remaining
(vm8:m0) Waiting for a thread to finish
(vm8:m0) thread 11 joined, 10 connections remaining
(vm8:m0) Waiting for a thread to finish
(vm8:m0) thread 12 joined, 9 connections remaining
(vm8:m0) Waiting for a thread to finish
(vm8:m0) thread 13 joined, 8 connections remaining
(vm8:m0) Waiting for a thread to finish
(vm8:m0) thread 14 joined, 7 connections remaining
(vm8:m0) Waiting for a thread to finish
(vm8:m0) thread 15 joined, 6 connections remaining
(vm8:m0) Waiting for a thread to finish
(vm8:m0) thread 16 joined, 5 connections remaining
(vm8:m0) Waiting for a thread to finish
(vm8:m0) thread 17 joined, 4 connections remaining
(vm8:m0) Waiting for a thread to finish
(vm8:m0) thread 18 joined, 3 connections remaining
(vm8:m0) Waiting for a thread to finish
(vm8:m0) thread 19 joined, 2 connections remaining
(vm8:m0) Waiting for a thread to finish
(vm8:m0) thread 20 joined, 1 connections remaining
(vm8:m0) Waiting for a thread to finish
(vm8:m0) thread 21 joined, 0 connections remaining
(vm8:m0) all done, exiting
*RES* start node vm8:m0
*RES* vm8:m0:0,1404294255529,5162,2108,2271718240
*RES* vm8:m0:1,1404294316613,31664,1644,2271718240
*RES* vm8:m0:2,1404294315823,31201,1573,2271718240
*RES* vm8:m0:3,1404294316186,32355,1736,2271718240
*RES* vm8:m0:4,1404294316213,31224,1568,2271718240
*RES* vm8:m0:5,1404294300091,6109,1536,2271718240
*RES* vm8:m0:6,1404294311454,33481,1642,2271718240
*RES* vm8:m0:7,1404294297302,5136,462,2271718240
*RES* vm8:m0:8,1404294315624,32470,1679,2271718240
*RES* vm8:m0:9,1404294313394,28021,1585,2271718240
*RES* vm8:m0:10,1404294314335,31094,1638,2271718240
*RES* vm8:m0:11,1404294315660,32785,1734,2271718240
*RES* vm8:m0:12,1404294313273,28557,1665,2271718240
*RES* vm8:m0:13,1404294316586,31800,1669,2271718240
*RES* vm8:m0:14,1404294314782,31150,1593,2271718240
*RES* vm8:m0:15,1404294316674,30979,1566,2271718240
*RES* vm8:m0:16,1404294315058,31794,1650,2271718240
*RES* vm8:m0:17,1404294315047,31296,1603,2271718240
*RES* vm8:m0:18,1404294315326,32914,1722,2271718240
*RES* vm8:m0:19,1404294297529,7635,1964,2271718240
*RES* vm8:m0:20,1404294312191,20986,1585,2271718240
*RES* vm8:m0:21,1404294316722,31062,1581,2271718240
*RES* end node vm8:m0
Node vm8:m0 joined
(vm8:r0:0) Connection finished, received 2271718240 bytes
(vm8:r0) thread 0 joined, 15 connections remaining
(vm8:r0) Starting new connection thread
(vm8:r0) Maximum number of connections reached (5), waiting for a thread to finish
(vm8:r0:0) Connection established
(vm8:r0:0) Connection finished, received 2271718240 bytes
(vm8:r0) thread 0 joined, 14 connections remaining
(vm8:r0) Starting new connection thread
(vm8:r0) Maximum number of connections reached (5), waiting for a thread to finish
(vm8:r0:0) Connection established
(vm8:r0:0) Connection finished, received 2271718240 bytes
(vm8:r0) thread 0 joined, 13 connections remaining
(vm8:r0) Starting new connection thread
(vm8:r0) Maximum number of connections reached (5), waiting for a thread to finish
(vm8:r0:0) Connection established
(vm8:r0:0) Connection finished, received 2271718240 bytes
(vm8:r0) thread 0 joined, 12 connections remaining
(vm8:r0) Starting new connection thread
(vm8:r0) Maximum number of connections reached (5), waiting for a thread to finish
(vm8:r0:0) Connection established
(vm8:r0:0) Connection finished, received 2271718240 bytes
(vm8:r0) thread 0 joined, 11 connections remaining
(vm8:r0) Starting new connection thread
(vm8:r0) Maximum number of connections reached (5), waiting for a thread to finish
(vm8:r0:0) Connection established
(vm8:r0:0) Connection finished, received 2271718240 bytes
(vm8:r0) thread 0 joined, 10 connections remaining
(vm8:r0) Starting new connection thread
(vm8:r0) Maximum number of connections reached (5), waiting for a thread to finish
(vm8:r0:0) Connection established
(vm8:r0:0) Connection finished, received 2271718240 bytes
(vm8:r0) thread 0 joined, 9 connections remaining
(vm8:r0) Starting new connection thread
(vm8:r0) Maximum number of connections reached (5), waiting for a thread to finish
(vm8:r0:0) Connection established
(vm8:r0:0) Connection finished, received 2271718240 bytes
(vm8:r0) thread 0 joined, 8 connections remaining
(vm8:r0) Starting new connection thread
(vm8:r0) Maximum number of connections reached (5), waiting for a thread to finish
(vm8:r0:0) Connection established
(vm8:r0:0) Connection finished, received 2271718240 bytes
(vm8:r0) thread 0 joined, 7 connections remaining
(vm8:r0) Starting new connection thread
(vm8:r0) Maximum number of connections reached (5), waiting for a thread to finish
(vm8:r0:0) Connection established
(vm8:r0:0) Connection finished, received 2271718240 bytes
(vm8:r0) thread 0 joined, 6 connections remaining
(vm8:r0) Starting new connection thread
(vm8:r0) Maximum number of connections reached (5), waiting for a thread to finish
(vm8:r0:0) Connection established
(vm8:r0:0) Connection finished, received 2271718240 bytes
(vm8:r0) thread 0 joined, 5 connections remaining
(vm8:r0) Starting new connection thread
(vm8:r0) Maximum number of connections reached (5), waiting for a thread to finish
(vm8:r0:0) Connection established
(vm8:r0:0) Connection finished, received 2271718240 bytes
(vm8:r0) thread 0 joined, 4 connections remaining
(vm8:r0) Maximum number of connections reached (4), waiting for a thread to finish
(vm8:r0) thread 1 joined, 3 connections remaining
(vm8:r0) Maximum number of connections reached (3), waiting for a thread to finish
(vm8:r0) thread 2 joined, 2 connections remaining
(vm8:r0) Maximum number of connections reached (2), waiting for a thread to finish
(vm8:r0) thread 3 joined, 1 connections remaining
(vm8:r0) Maximum number of connections reached (1), waiting for a thread to finish
(vm8:r0) thread 4 joined, 0 connections remaining
(vm8:r0) all done, exiting
*RES* start node vm8:r0
*RES* vm8:r0:0,1404294188667,48676,2193,2271718240
*RES* vm8:r0:0,1404294237350,35300,2075,2271718240
*RES* vm8:r0:0,1404294272654,24641,2162,2271718240
*RES* vm8:r0:0,1404294297302,5142,1413,2271718240
*RES* vm8:r0:0,1404294302455,6972,1819,2271718240
*RES* vm8:r0:0,1404294309434,12688,2014,2271718240
*RES* vm8:r0:0,1404294322184,26791,1653,2271718240
*RES* vm8:r0:0,1404294348978,4412,1841,2271718240
*RES* vm8:r0:0,1404294353394,5595,1922,2271718240
*RES* vm8:r0:0,1404294358994,4862,2012,2271718240
*RES* vm8:r0:0,1404294363862,4644,1827,2271718240
*RES* vm8:r0:0,1404294368510,4868,1996,2271718240
*RES* vm8:r0:0,1404294373382,5493,2038,2271718240
*RES* vm8:r0:0,1404294378882,5255,2043,2271718240
*RES* vm8:r0:0,1404294384146,5046,1922,2271718240
*RES* vm8:r0:0,1404294389198,4092,1790,2271718240
*RES* vm8:r0:0,1404294393294,6739,1821,2271718240
*RES* vm8:r0:0,1404294400038,4265,1858,2271718240
*RES* vm8:r0:1,1404294188666,53476,2116,2271718240
*RES* vm8:r0:2,1404294188666,38785,2050,2271718240
*RES* vm8:r0:3,1404294188666,40413,2073,2271718240
*RES* vm8:r0:4,1404294188666,50972,2141,2271718240
*RES* end node vm8:r0
Node vm8:r0 joined
Worker terminating correctly
