OSMeF worker starting
Enabling core dumping
Listening for command connection
CONF: mapper on port 23330
CONF: -> will serve 48 reducers
(main) new thread ID: vm22:m0
(vm22:m0) Mapper thread started
(vm22:m0) Binding to port 23330
(vm22:m0) Got START signal
(vm22:m0) new thread ID: vm22:m0:th0
(vm22:m0:th0) waiting for something to do...
CONF: reducer
(main) new thread ID: vm22:r0
(vm22:r0) Reducer thread started
(vm22:r0) waiting for START message
(main) Waiting for thread vm22:m0 to join...
(vm22:r0) got START message
(vm22:r0) new thread ID: th0
(vm22:r0) new thread ID: th1
(vm22:r0) new thread ID: th2
(vm22:r0) new thread ID: th3
(vm22:r0) new thread ID: th4
(vm22:r0:th3:0) Connection established with mapper vm4:m0
(vm22:r0:th1:0) Connection established with mapper vm2:m0
(vm22:r0:th2:0) Connection established with mapper vm3:m0
(vm22:r0:th0:0) Connection established with mapper vm1:m0
(vm22:r0:th4:0) Connection established with mapper vm5:m0
(vm22:r0:th4:0) Connection to vm5:m0 finished, received 1 bytes
(vm22:r0:th4:1) Connection established with mapper vm10:m0
(vm22:r0:th4:1) Connection to vm10:m0 finished, received 4660339 bytes
(vm22:r0:th4:2) Connection established with mapper vm15:m0
(vm22:r0:th4:2) Connection to vm15:m0 finished, received 9320677 bytes
(vm22:r0:th4:3) Connection established with mapper vm20:m0
(vm22:r0:th2:0) Connection to vm3:m0 finished, received 4660338 bytes
(vm22:r0:th2:1) Connection established with mapper vm8:m0
(vm22:r0:th2:1) Connection to vm8:m0 finished, received 4660339 bytes
(vm22:r0:th2:2) Connection established with mapper vm13:m0
(vm22:r0:th1:0) Connection to vm2:m0 finished, received 4660338 bytes
(vm22:r0:th2:2) Connection to vm13:m0 finished, received 4660340 bytes
(vm22:r0:th1:1) Connection established with mapper vm7:m0
(vm22:r0:th2:3) Connection established with mapper vm18:m0
(vm22:r0:th1:1) Connection to vm7:m0 finished, received 4660339 bytes
(vm22:r0:th1:2) Connection established with mapper vm12:m0
(vm22:r0:th1:2) Connection to vm12:m0 finished, received 4660340 bytes
(vm22:r0:th1:3) Connection established with mapper vm17:m0
(vm22:r0:th0:0) Connection to vm1:m0 finished, received 4660338 bytes
(vm22:r0:th3:0) Connection to vm4:m0 finished, received 4660338 bytes
(vm22:r0:th0:1) Connection established with mapper vm6:m0
(vm22:r0:th0:1) Connection to vm6:m0 finished, received 4660339 bytes
(vm22:r0:th3:1) Connection established with mapper vm9:m0
(vm22:m0) Got connection from reducer vm17:r0
(vm22:m0) new thread ID: vm22:m0:th1
(vm22:m0:th0) connection started, have to send 4660337 bytes to vm17:r0
(vm22:r0:th0:2) Connection established with mapper vm11:m0
(vm22:m0:th1) waiting for something to do...
(vm22:r0:th3:1) Connection to vm9:m0 finished, received 4660339 bytes
(vm22:m0) Got connection from reducer vm39:r0
(vm22:m0) new thread ID: vm22:m0:th2
(vm22:m0:th1) connection started, have to send 4660337 bytes to vm39:r0
(vm22:m0:th2) waiting for something to do...
(vm22:r0:th0:2) Connection to vm11:m0 finished, received 4660340 bytes
(vm22:r0:th3:2) Connection established with mapper vm14:m0
(vm22:m0) Got connection from reducer vm46:r0
(vm22:m0) new thread ID: vm22:m0:th3
(vm22:r0:th3:2) Connection to vm14:m0 finished, received 4660340 bytes
(vm22:m0) Got connection from reducer vm35:r0
(vm22:r0:th3:3) Connection established with mapper vm19:m0
(vm22:r0:th0:3) Connection established with mapper vm16:m0
(vm22:m0) new thread ID: vm22:m0:th4
(vm22:m0:th2) connection started, have to send 4660337 bytes to vm46:r0
(vm22:r0:th3:3) Connection to vm19:m0 finished, received 4660341 bytes
(vm22:m0:th3) waiting for something to do...
(vm22:m0:th3) connection started, have to send 4660337 bytes to vm35:r0
(vm22:m0:th4) waiting for something to do...
(vm22:r0:th3:4) Connection established with mapper vm24:m0
(vm22:r0:th0:3) Connection to vm16:m0 finished, received 4660341 bytes
(vm22:r0:th0:4) Connection established with mapper vm21:m0
(vm22:m0) Got connection from reducer vm42:r0
(vm22:m0) new thread ID: vm22:m0:th5
(vm22:m0:th4) connection started, have to send 4660337 bytes to vm42:r0
(vm22:m0:th5) waiting for something to do...
(vm22:m0) Got connection from reducer vm43:r0
(vm22:m0) new thread ID: vm22:m0:th6
(vm22:m0:th5) connection started, have to send 4660337 bytes to vm43:r0
(vm22:m0:th6) waiting for something to do...
(vm22:r0:th0:4) Connection to vm21:m0 finished, received 4660342 bytes
(vm22:m0) Got connection from reducer vm13:r0
(vm22:m0) new thread ID: vm22:m0:th7
(vm22:r0:th0:5) Connection established with mapper vm26:m0
(vm22:m0:th6) connection started, have to send 4660337 bytes to vm13:r0
(vm22:m0:th7) waiting for something to do...
(vm22:m0) Got connection from reducer vm40:r0
(vm22:m0) new thread ID: vm22:m0:th8
(vm22:m0:th7) connection started, have to send 4660337 bytes to vm40:r0
(vm22:m0:th8) waiting for something to do...
(vm22:m0) Got connection from reducer vm2:r0
(vm22:m0) new thread ID: vm22:m0:th9
(vm22:m0:th8) connection started, have to send 4660337 bytes to vm2:r0
(vm22:m0:th9) waiting for something to do...
(vm22:m0) Got connection from reducer vm1:r0
(vm22:m0) new thread ID: vm22:m0:th10
(vm22:m0) Got connection from reducer vm38:r0
(vm22:m0) new thread ID: vm22:m0:th11
(vm22:m0:th9) connection started, have to send 4660337 bytes to vm1:r0
(vm22:m0:th11) waiting for something to do...
(vm22:m0:th10) waiting for something to do...
(vm22:m0:th10) connection started, have to send 4660337 bytes to vm38:r0
(vm22:m0) Got connection from reducer vm16:r0
(vm22:m0) new thread ID: vm22:m0:th12
(vm22:m0) Got connection from reducer vm3:r0
(vm22:m0) new thread ID: vm22:m0:th13
(vm22:m0:th11) connection started, have to send 4660337 bytes to vm16:r0
(vm22:m0:th12) waiting for something to do...
(vm22:m0:th12) connection started, have to send 4660337 bytes to vm3:r0
(vm22:m0:th13) waiting for something to do...
(vm22:r0:th4:3) Connection to vm20:m0 finished, received 13981015 bytes
(vm22:r0:th4:4) Connection established with mapper vm25:m0
(vm22:m0) Got connection from reducer vm37:r0
(vm22:m0) new thread ID: vm22:m0:th14
(vm22:m0:th13) connection started, have to send 4660337 bytes to vm37:r0
(vm22:m0:th14) waiting for something to do...
(vm22:m0) Got connection from reducer vm5:r0
(vm22:m0) new thread ID: vm22:m0:th15
(vm22:m0:th14) connection started, have to send 4660337 bytes to vm5:r0
(vm22:m0:th15) waiting for something to do...
(vm22:m0) Got connection from reducer vm4:r0
(vm22:m0) new thread ID: vm22:m0:th16
(vm22:m0:th1) all data sent, closing connection to vm39:r0
(vm22:m0:th1) waiting for something to do...
(vm22:m0:th15) connection started, have to send 4660337 bytes to vm4:r0
(vm22:m0:th16) waiting for something to do...
(vm22:m0:th3) all data sent, closing connection to vm35:r0
(vm22:m0:th3) waiting for something to do...
(vm22:m0:th2) all data sent, closing connection to vm46:r0
(vm22:m0:th2) waiting for something to do...
(vm22:m0:th4) all data sent, closing connection to vm42:r0
(vm22:m0:th4) waiting for something to do...
(vm22:m0:th5) all data sent, closing connection to vm43:r0
(vm22:m0:th5) waiting for something to do...
(vm22:m0:th7) all data sent, closing connection to vm40:r0
(vm22:m0:th7) waiting for something to do...
(vm22:m0) Got connection from reducer vm30:r0
(vm22:m0:th9) all data sent, closing connection to vm1:r0
(vm22:m0:th9) waiting for something to do...
(vm22:m0:th16) connection started, have to send 4660337 bytes to vm30:r0
(vm22:m0:th8) all data sent, closing connection to vm2:r0
(vm22:m0:th8) waiting for something to do...
(vm22:m0:th10) all data sent, closing connection to vm38:r0
(vm22:m0:th10) waiting for something to do...
(vm22:m0:th12) all data sent, closing connection to vm3:r0
(vm22:m0:th12) waiting for something to do...
(vm22:m0:th11) all data sent, closing connection to vm16:r0
(vm22:m0:th11) waiting for something to do...
(vm22:m0) Got connection from reducer vm32:r0
(vm22:m0:th1) connection started, have to send 4660337 bytes to vm32:r0
(vm22:m0:th1) all data sent, closing connection to vm32:r0
(vm22:m0:th1) waiting for something to do...
(vm22:m0:th13) all data sent, closing connection to vm37:r0
(vm22:m0:th13) waiting for something to do...
(vm22:m0:th14) all data sent, closing connection to vm5:r0
(vm22:m0:th14) waiting for something to do...
(vm22:m0) Got connection from reducer vm12:r0
(vm22:m0:th2) connection started, have to send 4660337 bytes to vm12:r0
(vm22:m0:th2) all data sent, closing connection to vm12:r0
(vm22:m0:th2) waiting for something to do...
(vm22:r0:th2:3) Connection to vm18:m0 finished, received 9320678 bytes
(vm22:r0:th2:4) Connection established with mapper vm23:m0
(vm22:r0:th2:4) Connection to vm23:m0 finished, received 9320679 bytes
(vm22:r0:th2:5) Connection established with mapper vm28:m0
(vm22:m0:th6) all data sent, closing connection to vm13:r0
(vm22:m0:th6) waiting for something to do...
(vm22:r0:th2:5) Connection to vm28:m0 finished, received 9320680 bytes
(vm22:m0) Got connection from reducer vm11:r0
(vm22:m0:th1) connection started, have to send 4660337 bytes to vm11:r0
(vm22:m0:th1) all data sent, closing connection to vm11:r0
(vm22:m0:th1) waiting for something to do...
(vm22:m0) Got connection from reducer vm8:r0
(vm22:m0:th2) connection started, have to send 4660337 bytes to vm8:r0
(vm22:m0:th2) all data sent, closing connection to vm8:r0
(vm22:m0:th2) waiting for something to do...
(vm22:m0) Got connection from reducer vm19:r0
(vm22:m0:th1) connection started, have to send 4660337 bytes to vm19:r0
(vm22:m0:th1) all data sent, closing connection to vm19:r0
(vm22:m0:th1) waiting for something to do...
(vm22:m0) Got connection from reducer vm9:r0
(vm22:m0:th2) connection started, have to send 4660337 bytes to vm9:r0
(vm22:m0:th2) all data sent, closing connection to vm9:r0
(vm22:m0:th2) waiting for something to do...
(vm22:r0:th2:6) Connection established with mapper vm33:m0
(vm22:m0) Got connection from reducer vm7:r0
(vm22:m0:th1) connection started, have to send 4660337 bytes to vm7:r0
(vm22:m0:th1) all data sent, closing connection to vm7:r0
(vm22:m0:th1) waiting for something to do...
(vm22:m0:th15) all data sent, closing connection to vm4:r0
(vm22:m0:th15) waiting for something to do...
(vm22:m0) Got connection from reducer vm34:r0
(vm22:m0:th2) connection started, have to send 4660337 bytes to vm34:r0
(vm22:m0:th2) all data sent, closing connection to vm34:r0
(vm22:m0:th2) waiting for something to do...
(vm22:r0:th1:3) Connection to vm17:m0 finished, received 9320678 bytes
(vm22:r0:th1:4) Connection established with mapper vm22:m0
(vm22:m0) Got connection from reducer vm22:r0
(vm22:m0:th1) connection started, have to send 4660337 bytes to vm22:r0
(vm22:m0:th1) all data sent, closing connection to vm22:r0
(vm22:m0:th1) waiting for something to do...
(vm22:r0:th1:4) Connection to vm22:m0 finished, received 9320679 bytes
(vm22:m0) Got connection from reducer vm15:r0
(vm22:m0:th2) connection started, have to send 4660337 bytes to vm15:r0
(vm22:m0:th2) all data sent, closing connection to vm15:r0
(vm22:m0:th2) waiting for something to do...
(vm22:r0:th1:5) Connection established with mapper vm27:m0
(vm22:r0:th1:5) Connection to vm27:m0 finished, received 9320680 bytes
(vm22:m0) Got connection from reducer vm28:r0
(vm22:m0:th1) connection started, have to send 4660337 bytes to vm28:r0
(vm22:m0:th1) all data sent, closing connection to vm28:r0
(vm22:m0:th1) waiting for something to do...
(vm22:r0:th1:6) Connection established with mapper vm32:m0
(vm22:r0:th3:4) Connection to vm24:m0 finished, received 9320679 bytes
(vm22:r0:th1:6) Connection to vm32:m0 finished, received 9320681 bytes
(vm22:r0:th3:5) Connection established with mapper vm29:m0
(vm22:m0) Got connection from reducer vm10:r0
(vm22:m0:th2) connection started, have to send 4660337 bytes to vm10:r0
(vm22:m0:th2) all data sent, closing connection to vm10:r0
(vm22:m0:th2) waiting for something to do...
(vm22:m0) Got connection from reducer vm27:r0
(vm22:m0:th1) connection started, have to send 4660337 bytes to vm27:r0
(vm22:m0:th1) all data sent, closing connection to vm27:r0
(vm22:m0:th1) waiting for something to do...
(vm22:r0:th1:7) Connection established with mapper vm37:m0
(vm22:r0:th3:5) Connection to vm29:m0 finished, received 9320680 bytes
(vm22:m0) Got connection from reducer vm41:r0
(vm22:m0) Got connection from reducer vm14:r0
(vm22:m0:th1) connection started, have to send 4660337 bytes to vm14:r0
(vm22:m0:th1) all data sent, closing connection to vm14:r0
(vm22:m0:th1) waiting for something to do...
(vm22:m0:th2) connection started, have to send 4660337 bytes to vm41:r0
(vm22:m0:th2) all data sent, closing connection to vm41:r0
(vm22:m0:th2) waiting for something to do...
(vm22:r0:th3:6) Connection established with mapper vm34:m0
(vm22:m0) Got connection from reducer vm44:r0
(vm22:m0:th3) connection started, have to send 4660337 bytes to vm44:r0
(vm22:m0:th3) all data sent, closing connection to vm44:r0
(vm22:m0:th3) waiting for something to do...
(vm22:m0) Got connection from reducer vm20:r0
(vm22:m0:th1) connection started, have to send 4660337 bytes to vm20:r0
(vm22:m0:th1) all data sent, closing connection to vm20:r0
(vm22:m0:th1) waiting for something to do...
(vm22:m0:th16) all data sent, closing connection to vm30:r0
(vm22:m0:th16) waiting for something to do...
(vm22:m0) Got connection from reducer vm29:r0
(vm22:m0) Got connection from reducer vm26:r0
(vm22:m0:th2) connection started, have to send 4660337 bytes to vm29:r0
(vm22:m0:th2) all data sent, closing connection to vm29:r0
(vm22:m0:th2) waiting for something to do...
(vm22:m0:th1) connection started, have to send 4660337 bytes to vm26:r0
(vm22:m0:th1) all data sent, closing connection to vm26:r0
(vm22:m0:th1) waiting for something to do...
(vm22:m0) Got connection from reducer vm48:r0
(vm22:m0:th3) connection started, have to send 4660337 bytes to vm48:r0
(vm22:m0:th3) all data sent, closing connection to vm48:r0
(vm22:m0:th3) waiting for something to do...
(vm22:m0) Got connection from reducer vm31:r0
(vm22:m0) Got connection from reducer vm18:r0
(vm22:m0:th2) connection started, have to send 4660337 bytes to vm18:r0
(vm22:m0:th2) all data sent, closing connection to vm18:r0
(vm22:m0:th2) waiting for something to do...
(vm22:m0:th1) connection started, have to send 4660337 bytes to vm31:r0
(vm22:m0:th1) all data sent, closing connection to vm31:r0
(vm22:m0:th1) waiting for something to do...
(vm22:m0) Got connection from reducer vm47:r0
(vm22:m0:th3) connection started, have to send 4660337 bytes to vm47:r0
(vm22:m0:th3) all data sent, closing connection to vm47:r0
(vm22:m0:th3) waiting for something to do...
(vm22:m0) Got connection from reducer vm45:r0
(vm22:m0:th1) connection started, have to send 4660337 bytes to vm45:r0
(vm22:m0:th1) all data sent, closing connection to vm45:r0
(vm22:m0:th1) waiting for something to do...
(vm22:r0:th0:5) Connection to vm26:m0 finished, received 9320680 bytes
(vm22:m0) Got connection from reducer vm6:r0
(vm22:m0:th2) connection started, have to send 4660337 bytes to vm6:r0
(vm22:m0:th2) all data sent, closing connection to vm6:r0
(vm22:m0:th2) waiting for something to do...
(vm22:r0:th0:6) Connection established with mapper vm31:m0
(vm22:m0:th0) all data sent, closing connection to vm17:r0
(vm22:m0:th0) waiting for something to do...
(vm22:m0) Got connection from reducer vm36:r0
(vm22:m0:th1) connection started, have to send 4660337 bytes to vm36:r0
(vm22:m0:th1) all data sent, closing connection to vm36:r0
(vm22:m0:th1) waiting for something to do...
(vm22:r0:th0:6) Connection to vm31:m0 finished, received 9320681 bytes
(vm22:r0:th0:7) Connection established with mapper vm36:m0
(vm22:m0) Got connection from reducer vm23:r0
(vm22:m0:th0) connection started, have to send 4660337 bytes to vm23:r0
(vm22:m0:th0) all data sent, closing connection to vm23:r0
(vm22:m0:th0) waiting for something to do...
(vm22:r0:th0:7) Connection to vm36:m0 finished, received 9320682 bytes
(vm22:m0) Got connection from reducer vm21:r0
(vm22:m0:th1) connection started, have to send 4660337 bytes to vm21:r0
(vm22:m0:th1) all data sent, closing connection to vm21:r0
(vm22:m0:th1) waiting for something to do...
(vm22:r0:th0:8) Connection established with mapper vm41:m0
(vm22:r0:th0:8) Connection to vm41:m0 finished, received 9320683 bytes
(vm22:r0:th0:9) Connection established with mapper vm46:m0
(vm22:m0) Got connection from reducer vm33:r0
(vm22:m0:th0) connection started, have to send 4660337 bytes to vm33:r0
(vm22:m0:th0) all data sent, closing connection to vm33:r0
(vm22:m0:th0) waiting for something to do...
(vm22:m0) Got connection from reducer vm24:r0
(vm22:m0:th1) connection started, have to send 4660337 bytes to vm24:r0
(vm22:m0:th1) all data sent, closing connection to vm24:r0
(vm22:m0:th1) waiting for something to do...
(vm22:m0) Got connection from reducer vm25:r0
(vm22:m0) All reducers connected, waiting for threads to terminate
(vm22:m0) waiting on semaphore
(vm22:m0) -> 1 threads still running
(vm22:m0) waiting on semaphore
(vm22:m0) -> 1 threads still running
(vm22:m0) waiting on semaphore
(vm22:m0) -> 1 threads still running
(vm22:m0) waiting on semaphore
(vm22:m0) -> 1 threads still running
(vm22:m0) waiting on semaphore
(vm22:m0) -> 1 threads still running
(vm22:m0) waiting on semaphore
(vm22:m0) -> 1 threads still running
(vm22:m0) waiting on semaphore
(vm22:m0) -> 1 threads still running
(vm22:m0) waiting on semaphore
(vm22:m0) -> 1 threads still running
(vm22:m0) waiting on semaphore
(vm22:m0) -> 1 threads still running
(vm22:m0) waiting on semaphore
(vm22:m0) -> 1 threads still running
(vm22:m0) waiting on semaphore
(vm22:m0) -> 1 threads still running
(vm22:m0) waiting on semaphore
(vm22:m0) -> 1 threads still running
(vm22:m0) waiting on semaphore
(vm22:m0) -> 1 threads still running
(vm22:m0) waiting on semaphore
(vm22:m0) -> 1 threads still running
(vm22:m0) waiting on semaphore
(vm22:m0) -> 1 threads still running
(vm22:m0) waiting on semaphore
(vm22:m0) -> 1 threads still running
(vm22:m0) waiting on semaphore
(vm22:m0) -> 1 threads still running
(vm22:m0) waiting on semaphore
(vm22:m0) -> 1 threads still running
(vm22:m0) waiting on semaphore
(vm22:m0) -> 1 threads still running
(vm22:m0) waiting on semaphore
(vm22:m0) -> 1 threads still running
(vm22:m0) waiting on semaphore
(vm22:m0) -> 1 threads still running
(vm22:m0) waiting on semaphore
(vm22:m0) -> 1 threads still running
(vm22:m0) waiting on semaphore
(vm22:m0) -> 1 threads still running
(vm22:m0) waiting on semaphore
(vm22:m0) -> 1 threads still running
(vm22:m0) waiting on semaphore
(vm22:m0) -> 1 threads still running
(vm22:m0) waiting on semaphore
(vm22:m0) -> 1 threads still running
(vm22:m0) waiting on semaphore
(vm22:m0) -> 1 threads still running
(vm22:m0) waiting on semaphore
(vm22:m0) -> 1 threads still running
(vm22:m0) waiting on semaphore
(vm22:m0) -> 1 threads still running
(vm22:m0) waiting on semaphore
(vm22:m0) -> 1 threads still running
(vm22:m0) waiting on semaphore
(vm22:m0) -> 1 threads still running
(vm22:m0) waiting on semaphore
(vm22:m0) -> 1 threads still running
(vm22:m0) waiting on semaphore
(vm22:m0) -> 1 threads still running
(vm22:m0) waiting on semaphore
(vm22:m0) -> 1 threads still running
(vm22:m0) waiting on semaphore
(vm22:m0) -> 1 threads still running
(vm22:m0) waiting on semaphore
(vm22:m0) -> 1 threads still running
(vm22:m0) waiting on semaphore
(vm22:m0) -> 1 threads still running
(vm22:m0) waiting on semaphore
(vm22:m0) -> 1 threads still running
(vm22:m0) waiting on semaphore
(vm22:m0) -> 1 threads still running
(vm22:m0) waiting on semaphore
(vm22:m0:th0) connection started, have to send 4660337 bytes to vm25:r0
(vm22:m0:th0) all data sent, closing connection to vm25:r0
(vm22:m0:th0) waiting for something to do...
(vm22:m0) Sending exit signal to all threads
(vm22:m0:th1) got exit signal
(vm22:m0:th2) got exit signal
(vm22:m0:th3) got exit signal
(vm22:m0:th4) got exit signal
(vm22:m0:th5) got exit signal
(vm22:m0:th6) got exit signal
(vm22:m0:th7) got exit signal
(vm22:m0:th8) got exit signal
(vm22:m0:th9) got exit signal
(vm22:m0:th10) got exit signal
(vm22:m0:th11) got exit signal
(vm22:m0:th12) got exit signal
(vm22:m0:th13) got exit signal
(vm22:m0:th14) got exit signal
(vm22:m0:th15) got exit signal
(vm22:m0:th16) got exit signal
(vm22:m0:th0) got exit signal
(vm22:m0) thread vm22:m0:th0 joined
(vm22:m0) thread vm22:m0:th1 joined
(vm22:m0) thread vm22:m0:th2 joined
(vm22:m0) thread vm22:m0:th3 joined
(vm22:m0) thread vm22:m0:th4 joined
(vm22:m0) thread vm22:m0:th5 joined
(vm22:m0) thread vm22:m0:th6 joined
(vm22:m0) thread vm22:m0:th7 joined
(vm22:m0) thread vm22:m0:th8 joined
(vm22:m0) thread vm22:m0:th9 joined
(vm22:m0) thread vm22:m0:th10 joined
(vm22:m0) thread vm22:m0:th11 joined
(vm22:m0) thread vm22:m0:th12 joined
(vm22:m0) thread vm22:m0:th13 joined
(vm22:m0) thread vm22:m0:th14 joined
(vm22:m0) thread vm22:m0:th15 joined
(vm22:m0) thread vm22:m0:th16 joined
(vm22:m0) all done, exiting
*RES* start node vm22:m0
*RES* vm22:m0:th1,1406564868400,121,5,4660338
*RES* vm22:m0:th2,1406564868413,148,5,4660338
*RES* vm22:m0:th1,1406564868637,0,6,4660338
*RES* vm22:m0:th2,1406564868651,0,5,4660338
*RES* vm22:m0:th1,1406564868664,0,6,4660338
*RES* vm22:m0:th2,1406564868664,0,5,4660338
*RES* vm22:m0:th1,1406564868667,0,6,4660338
*RES* vm22:m0:th2,1406564868667,0,5,4660338
*RES* vm22:m0:th1,1406564868673,0,6,4660338
*RES* vm22:m0:th2,1406564868680,0,5,4660338
*RES* vm22:m0:th1,1406564868684,0,7,4660338
*RES* vm22:m0:th2,1406564868688,0,5,4660338
*RES* vm22:m0:th1,1406564868704,0,7,4660338
*RES* vm22:m0:th2,1406564868711,0,5,4660338
*RES* vm22:m0:th1,1406564868712,0,7,4660338
*RES* vm22:m0:th3,1406564868415,138,5,4660338
*RES* vm22:m0:th1,1406564868715,0,7,4660338
*RES* vm22:m0:th2,1406564868715,0,5,4660338
*RES* vm22:m0:th1,1406564868729,0,7,4660338
*RES* vm22:m0:th3,1406564868727,0,5,4660338
*RES* vm22:m0:th1,1406564868738,0,7,4660338
*RES* vm22:m0:th2,1406564868738,0,5,4660338
*RES* vm22:m0:th3,1406564868738,0,5,4660338
*RES* vm22:m0:th1,1406564868742,0,7,4660338
*RES* vm22:m0:th2,1406564868742,0,5,4660338
*RES* vm22:m0:th1,1406564868759,0,7,4660338
*RES* vm22:m0:th0,1406564868399,364,6,4660338
*RES* vm22:m0:th1,1406564868763,0,7,4660338
*RES* vm22:m0:th0,1406564868769,0,6,4660338
*RES* vm22:m0:th1,1406564868773,0,7,4660338
*RES* vm22:m0:th0,1406564868864,0,6,4660338
*RES* vm22:m0:th0,1406564868899,0,6,4660338
*RES* vm22:m0:th1,1406564868869,0,8,4660338
*RES* vm22:m0:th2,1406564868761,0,6,4660338
*RES* vm22:m0:th3,1406564868743,0,5,4660338
*RES* vm22:m0:th4,1406564868424,138,5,4660338
*RES* vm22:m0:th5,1406564868429,138,5,4660338
*RES* vm22:m0:th6,1406564868434,228,6,4660338
*RES* vm22:m0:th7,1406564868441,126,5,4660338
*RES* vm22:m0:th8,1406564868442,145,4,4660338
*RES* vm22:m0:th9,1406564868444,142,5,4660338
*RES* vm22:m0:th10,1406564868444,162,4,4660338
*RES* vm22:m0:th11,1406564868460,177,5,4660338
*RES* vm22:m0:th12,1406564868460,174,5,4660338
*RES* vm22:m0:th13,1406564868501,140,7,4660338
*RES* vm22:m0:th14,1406564868510,134,5,4660338
*RES* vm22:m0:th15,1406564868523,156,6,4660338
*RES* vm22:m0:th16,1406564868586,143,5,4660338
*RES* end node vm22:m0
(main) Thread vm22:m0 joined
(main) Waiting for thread vm22:r0 to join...
(vm22:r0:th3:6) Connection to vm34:m0 finished, received 13981018 bytes
(vm22:r0:th3:7) Connection established with mapper vm39:m0
(vm22:r0:th3:7) Connection to vm39:m0 finished, received 13981019 bytes
(vm22:r0:th3:8) Connection established with mapper vm44:m0
(vm22:r0:th0:9) Connection to vm46:m0 finished, received 13981021 bytes
(vm22:r0:th0) Got data from all mappers, this reducer connection has finished.
(vm22:r0) thread th0 joined, 4 connection threads remaining
(vm22:r0:th4:4) Connection to vm25:m0 finished, received 18641353 bytes
(vm22:r0:th4:5) Connection established with mapper vm30:m0
(vm22:r0:th4:5) Connection to vm30:m0 finished, received 18641354 bytes
(vm22:r0:th4:6) Connection established with mapper vm35:m0
(vm22:r0:th4:6) Connection to vm35:m0 finished, received 18641355 bytes
(vm22:r0:th4:7) Connection established with mapper vm40:m0
(vm22:r0:th4:7) Connection to vm40:m0 finished, received 18641356 bytes
(vm22:r0:th4:8) Connection established with mapper vm45:m0
(vm22:r0:th1:7) Connection to vm37:m0 finished, received 13981019 bytes
(vm22:r0:th1:8) Connection established with mapper vm42:m0
(vm22:r0:th1:8) Connection to vm42:m0 finished, received 13981020 bytes
(vm22:r0:th1:9) Connection established with mapper vm47:m0
(vm22:r0:th1:9) Connection to vm47:m0 finished, received 13981021 bytes
(vm22:r0:th1) Got data from all mappers, this reducer connection has finished.
(vm22:r0) thread th1 joined, 3 connection threads remaining
(vm22:r0:th3:8) Connection to vm44:m0 finished, received 18641357 bytes
(vm22:r0:th3) Got data from all mappers, this reducer connection has finished.
(vm22:r0:th2:6) Connection to vm33:m0 finished, received 13981018 bytes
(vm22:r0:th2:7) Connection established with mapper vm38:m0
(vm22:r0:th2:7) Connection to vm38:m0 finished, received 13981019 bytes
(vm22:r0:th2:8) Connection established with mapper vm43:m0
(vm22:r0:th2:8) Connection to vm43:m0 finished, received 13981020 bytes
(vm22:r0:th2:9) Connection established with mapper vm48:m0
(vm22:r0:th2:9) Connection to vm48:m0 finished, received 13981021 bytes
(vm22:r0:th2) Got data from all mappers, this reducer connection has finished.
(vm22:r0) thread th2 joined, 2 connection threads remaining
(vm22:r0) thread th3 joined, 1 connection threads remaining
(vm22:r0:th4:8) Connection to vm45:m0 finished, received 23301694 bytes
(vm22:r0:th4) Got data from all mappers, this reducer connection has finished.
(vm22:r0) thread th4 joined, 0 connection threads remaining
(vm22:r0) all done, exiting
*RES* start node vm22:r0
*RES* vm22:r0:th0:0,1406564868051,340,9,4660338
*RES* vm22:r0:th0:1,1406564868391,5,9,4660339
*RES* vm22:r0:th0:2,1406564868397,4,10,4660340
*RES* vm22:r0:th0:3,1406564868401,15,11,4660341
*RES* vm22:r0:th0:4,1406564868416,13,11,4660342
*RES* vm22:r0:th0:5,1406564868430,330,25,9320680
*RES* vm22:r0:th0:6,1406564868760,4,25,9320681
*RES* vm22:r0:th0:7,1406564868764,8,25,9320682
*RES* vm22:r0:th0:8,1406564868772,4,25,9320683
*RES* vm22:r0:th0:9,1406564868776,169,33,13981021
*RES* vm22:r0:th1:0,1406564868051,301,9,4660338
*RES* vm22:r0:th1:1,1406564868352,3,9,4660339
*RES* vm22:r0:th1:2,1406564868355,2,9,4660340
*RES* vm22:r0:th1:3,1406564868357,327,20,9320678
*RES* vm22:r0:th1:4,1406564868684,0,20,9320679
*RES* vm22:r0:th1:5,1406564868684,19,20,9320680
*RES* vm22:r0:th1:6,1406564868703,8,20,9320681
*RES* vm22:r0:th1:7,1406564868711,286,29,13981019
*RES* vm22:r0:th1:8,1406564868997,8,29,13981020
*RES* vm22:r0:th1:9,1406564869006,9,30,13981021
*RES* vm22:r0:th2:0,1406564868051,296,9,4660338
*RES* vm22:r0:th2:1,1406564868347,1,10,4660339
*RES* vm22:r0:th2:2,1406564868348,4,10,4660340
*RES* vm22:r0:th2:3,1406564868352,303,20,9320678
*RES* vm22:r0:th2:4,1406564868655,2,20,9320679
*RES* vm22:r0:th2:5,1406564868658,3,21,9320680
*RES* vm22:r0:th2:6,1406564868662,386,34,13981018
*RES* vm22:r0:th2:7,1406564869047,1,34,13981019
*RES* vm22:r0:th2:8,1406564869049,2,35,13981020
*RES* vm22:r0:th2:9,1406564869051,2,35,13981021
*RES* vm22:r0:th3:0,1406564868050,344,10,4660338
*RES* vm22:r0:th3:1,1406564868395,5,11,4660339
*RES* vm22:r0:th3:2,1406564868400,11,11,4660340
*RES* vm22:r0:th3:3,1406564868411,3,11,4660341
*RES* vm22:r0:th3:4,1406564868414,294,23,9320679
*RES* vm22:r0:th3:5,1406564868708,6,23,9320680
*RES* vm22:r0:th3:6,1406564868714,217,31,13981018
*RES* vm22:r0:th3:7,1406564868931,5,31,13981019
*RES* vm22:r0:th3:8,1406564868936,81,38,18641357
*RES* vm22:r0:th4:0,1406564868050,18,0,1
*RES* vm22:r0:th4:1,1406564868068,97,7,4660339
*RES* vm22:r0:th4:2,1406564868165,108,15,9320677
*RES* vm22:r0:th4:3,1406564868273,191,25,13981015
*RES* vm22:r0:th4:4,1406564868464,489,36,18641353
*RES* vm22:r0:th4:5,1406564868953,2,36,18641354
*RES* vm22:r0:th4:6,1406564868955,2,36,18641355
*RES* vm22:r0:th4:7,1406564868957,4,37,18641356
*RES* vm22:r0:th4:8,1406564868961,132,45,23301694
*RES* end node vm22:r0
(main) Thread vm22:r0 joined
Worker terminating correctly
