OSMeF worker starting
Enabling core dumping
Listening for command connection
(vm18:m0) New mapper on port 23330
(vm18:m0) -> reducer data size 6710886
(vm18:m0) -> reducer data size 6710886
(vm18:m0) -> reducer data size 6710886
(vm18:m0) -> reducer data size 6710886
(vm18:m0) -> reducer data size 6710886
(vm18:m0) -> reducer data size 6710886
(vm18:m0) -> reducer data size 6710886
(vm18:m0) -> reducer data size 6710886
(vm18:m0) -> reducer data size 6710886
(vm18:m0) -> reducer data size 6710886
(vm18:m0) -> reducer data size 6710886
(vm18:m0) -> reducer data size 6710886
(vm18:m0) -> reducer data size 6710886
(vm18:m0) -> reducer data size 6710886
(vm18:m0) -> reducer data size 6710886
(vm18:m0) -> reducer data size 6710886
(vm18:m0) -> reducer data size 6710886
(vm18:m0) -> reducer data size 6710886
(vm18:m0) -> reducer data size 6710886
(vm18:m0) -> reducer data size 6710886
(vm18:m0) -> reducer data size 6710886
(vm18:m0) -> reducer data size 6710886
(vm18:m0) -> reducer data size 6710886
(vm18:m0) -> reducer data size 6710886
(vm18:m0) -> reducer data size 6710886
(vm18:m0) -> reducer data size 6710886
(vm18:m0) -> reducer data size 6710886
(vm18:m0) -> reducer data size 6710886
(vm18:m0) -> reducer data size 6710886
(vm18:m0) -> reducer data size 6710886
(vm18:m0) -> reducer data size 6710886
(vm18:m0) -> reducer data size 6710886
(vm18:m0) -> reducer data size 6710886
(vm18:m0) -> reducer data size 6710886
(vm18:m0) -> reducer data size 6710886
(vm18:m0) -> reducer data size 6710886
(vm18:m0) -> reducer data size 6710886
(vm18:m0) -> reducer data size 6710886
(vm18:m0) -> reducer data size 6710886
(vm18:m0) -> reducer data size 6710886
(vm18:m0) Mapper thread started
(vm18:m0) Allocating data for reducer vm1:r0
(vm18:m0) Allocating data for reducer vm2:r0
(vm18:m0) Allocating data for reducer vm3:r0
(vm18:m0) Allocating data for reducer vm4:r0
(vm18:m0) Allocating data for reducer vm5:r0
(vm18:m0) Allocating data for reducer vm6:r0
(vm18:m0) Allocating data for reducer vm7:r0
(vm18:m0) Allocating data for reducer vm8:r0
(vm18:m0) Allocating data for reducer vm9:r0
(vm18:m0) Allocating data for reducer vm10:r0
(vm18:m0) Allocating data for reducer vm11:r0
(vm18:m0) Allocating data for reducer vm12:r0
(vm18:m0) Allocating data for reducer vm13:r0
(vm18:m0) Allocating data for reducer vm14:r0
(vm18:m0) Allocating data for reducer vm15:r0
(vm18:m0) Allocating data for reducer vm16:r0
(vm18:m0) Allocating data for reducer vm17:r0
(vm18:m0) Allocating data for reducer vm18:r0
(vm18:m0) Allocating data for reducer vm19:r0
(vm18:m0) Allocating data for reducer vm20:r0
(vm18:m0) Allocating data for reducer vm21:r0
(vm18:m0) Allocating data for reducer vm22:r0
(vm18:m0) Allocating data for reducer vm23:r0
(vm18:m0) Allocating data for reducer vm24:r0
(vm18:m0) Allocating data for reducer vm25:r0
(vm18:m0) Allocating data for reducer vm26:r0
(vm18:m0) Allocating data for reducer vm27:r0
(vm18:m0) Allocating data for reducer vm28:r0
(vm18:m0) Allocating data for reducer vm29:r0
(vm18:m0) Allocating data for reducer vm30:r0
(vm18:m0) Allocating data for reducer vm31:r0
(vm18:m0) Allocating data for reducer vm32:r0
(vm18:m0) Allocating data for reducer vm33:r0
(vm18:m0) Allocating data for reducer vm34:r0
(vm18:m0) Allocating data for reducer vm35:r0
(vm18:m0) Allocating data for reducer vm36:r0
(vm18:m0) Allocating data for reducer vm37:r0
(vm18:m0) Allocating data for reducer vm38:r0
(vm18:m0) Allocating data for reducer vm39:r0
(vm18:m0) Allocating data for reducer vm40:r0
(vm18:m0) Binding to port 23330
(vm18:r0) New reducer
(vm18:r0) Reducer thread started
(vm18:r0) waiting for START message
(vm18:r0) got START message
(vm18:r0) Starting new connection thread
(vm18:r0) Starting new connection thread
(vm18:r0) Starting new connection thread
(vm18:r0) Starting new connection thread
(vm18:r0) Starting new connection thread
(vm18:r0) Maximum number of connections reached (5), waiting for a thread to finish
(vm18:r0:4) Connection established
(vm18:r0:1) Connection established
(vm18:r0:3) Connection established
(vm18:r0:0) Connection established
(vm18:r0:2) Connection established
(vm18:r0:3) Connection finished, received 6710887 bytes
(vm18:r0:4) Connection finished, received 6710887 bytes
(vm18:r0:1) Connection finished, received 6710887 bytes
(vm18:r0:0) Connection finished, received 6710887 bytes
(vm18:r0) thread 0 joined, 39 connections remaining
(vm18:r0) Starting new connection thread
(vm18:r0) Maximum number of connections reached (5), waiting for a thread to finish
(vm18:r0:0) Connection established
(vm18:r0:2) Connection finished, received 6710887 bytes
(vm18:r0:0) Connection finished, received 6710887 bytes
(vm18:r0) thread 0 joined, 38 connections remaining
(vm18:r0) Starting new connection thread
(vm18:r0) Maximum number of connections reached (5), waiting for a thread to finish
(vm18:r0:0) Connection established
(vm18:m0) Got connection from reducer vm1:r0
(vm18:m0:0) thread started, have to send 6710886 bytes
(vm18:m0:0) all data sent, thread exiting
(vm18:m0) Got connection from reducer vm13:r0
(vm18:m0:12) thread started, have to send 6710886 bytes
(vm18:m0:12) all data sent, thread exiting
(vm18:m0) Got connection from reducer vm14:r0
(vm18:m0) Got connection from reducer vm15:r0
(vm18:m0:13) thread started, have to send 6710886 bytes
(vm18:m0:14) thread started, have to send 6710886 bytes
(vm18:m0:14) all data sent, thread exiting
(vm18:r0:0) Connection finished, received 6710887 bytes
(vm18:r0) thread 0 joined, 37 connections remaining
(vm18:r0) Starting new connection thread
(vm18:r0) Maximum number of connections reached (5), waiting for a thread to finish
(vm18:r0:0) Connection established
(vm18:m0:13) all data sent, thread exiting
(vm18:m0) Got connection from reducer vm9:r0
(vm18:m0:8) thread started, have to send 6710886 bytes
(vm18:m0:8) all data sent, thread exiting
(vm18:m0) Got connection from reducer vm17:r0
(vm18:m0:16) thread started, have to send 6710886 bytes
(vm18:m0:16) all data sent, thread exiting
(vm18:m0) Got connection from reducer vm21:r0
(vm18:m0:20) thread started, have to send 6710886 bytes
(vm18:r0:0) Connection finished, received 6710887 bytes
(vm18:r0) thread 0 joined, 36 connections remaining
(vm18:r0) Starting new connection thread
(vm18:r0) Maximum number of connections reached (5), waiting for a thread to finish
(vm18:m0:20) all data sent, thread exiting
(vm18:r0:0) Connection established
(vm18:m0) Got connection from reducer vm6:r0
(vm18:m0:5) thread started, have to send 6710886 bytes
(vm18:m0:5) all data sent, thread exiting
(vm18:m0) Got connection from reducer vm34:r0
(vm18:m0:33) thread started, have to send 6710886 bytes
(vm18:m0) Got connection from reducer vm39:r0
(vm18:m0:38) thread started, have to send 6710886 bytes
(vm18:m0) Got connection from reducer vm22:r0
(vm18:m0:21) thread started, have to send 6710886 bytes
(vm18:m0:38) all data sent, thread exiting
(vm18:m0:21) all data sent, thread exiting
(vm18:m0:33) all data sent, thread exiting
(vm18:m0) Got connection from reducer vm33:r0
(vm18:m0:32) thread started, have to send 6710886 bytes
(vm18:r0:0) Connection finished, received 6710887 bytes
(vm18:r0) thread 0 joined, 35 connections remaining
(vm18:r0) Starting new connection thread
(vm18:r0) Maximum number of connections reached (5), waiting for a thread to finish
(vm18:r0:0) Connection established
(vm18:m0) Got connection from reducer vm31:r0
(vm18:m0:30) thread started, have to send 6710886 bytes
(vm18:m0:30) all data sent, thread exiting
(vm18:m0) Got connection from reducer vm26:r0
(vm18:m0:25) thread started, have to send 6710886 bytes
(vm18:m0:32) all data sent, thread exiting
(vm18:m0:25) all data sent, thread exiting
(vm18:m0) Got connection from reducer vm40:r0
(vm18:m0:39) thread started, have to send 6710886 bytes
(vm18:m0:39) all data sent, thread exiting
(vm18:m0) Got connection from reducer vm37:r0
(vm18:m0) Got connection from reducer vm16:r0
(vm18:m0:36) thread started, have to send 6710886 bytes
(vm18:m0:15) thread started, have to send 6710886 bytes
(vm18:m0) Got connection from reducer vm2:r0
(vm18:m0:1) thread started, have to send 6710886 bytes
(vm18:m0) Got connection from reducer vm7:r0
(vm18:m0:6) thread started, have to send 6710886 bytes
(vm18:m0) Got connection from reducer vm32:r0
(vm18:m0:31) thread started, have to send 6710886 bytes
(vm18:m0) Got connection from reducer vm11:r0
(vm18:m0:15) all data sent, thread exiting
(vm18:m0:10) thread started, have to send 6710886 bytes
(vm18:m0:1) all data sent, thread exiting
(vm18:m0:36) all data sent, thread exiting
(vm18:m0:6) all data sent, thread exiting
(vm18:m0:10) all data sent, thread exiting
(vm18:r0:0) Connection finished, received 6710887 bytes
(vm18:r0) thread 0 joined, 34 connections remaining
(vm18:r0) Starting new connection thread
(vm18:r0) Maximum number of connections reached (5), waiting for a thread to finish
(vm18:r0:0) Connection established
(vm18:m0:31) all data sent, thread exiting
(vm18:r0:0) Connection finished, received 6710887 bytes
(vm18:r0) thread 0 joined, 33 connections remaining
(vm18:r0) Starting new connection thread
(vm18:r0) Maximum number of connections reached (5), waiting for a thread to finish
(vm18:r0:0) Connection established
(vm18:m0) Got connection from reducer vm5:r0
(vm18:m0:4) thread started, have to send 6710886 bytes
(vm18:r0:0) Connection finished, received 6710887 bytes
(vm18:r0) thread 0 joined, 32 connections remaining
(vm18:r0) Starting new connection thread
(vm18:r0) Maximum number of connections reached (5), waiting for a thread to finish
(vm18:r0:0) Connection established
(vm18:m0:4) all data sent, thread exiting
(vm18:r0:0) Connection finished, received 6710887 bytes
(vm18:r0) thread 0 joined, 31 connections remaining
(vm18:r0) Starting new connection thread
(vm18:r0) Maximum number of connections reached (5), waiting for a thread to finish
(vm18:r0:0) Connection established
(vm18:r0:0) Connection finished, received 6710887 bytes
(vm18:r0) thread 0 joined, 30 connections remaining
(vm18:r0) Starting new connection thread
(vm18:r0) Maximum number of connections reached (5), waiting for a thread to finish
(vm18:r0:0) Connection established
(vm18:m0) Got connection from reducer vm38:r0
(vm18:m0:37) thread started, have to send 6710886 bytes
(vm18:m0) Got connection from reducer vm20:r0
(vm18:m0:19) thread started, have to send 6710886 bytes
(vm18:m0) Got connection from reducer vm36:r0
(vm18:m0:35) thread started, have to send 6710886 bytes
(vm18:m0) Got connection from reducer vm35:r0
(vm18:m0:34) thread started, have to send 6710886 bytes
(vm18:m0) Got connection from reducer vm30:r0
(vm18:m0) Got connection from reducer vm10:r0
(vm18:m0:29) thread started, have to send 6710886 bytes
(vm18:m0:9) thread started, have to send 6710886 bytes
(vm18:m0) Got connection from reducer vm27:r0
(vm18:r0:0) Connection finished, received 6710887 bytes
(vm18:m0:26) thread started, have to send 6710886 bytes
(vm18:r0) thread 0 joined, 29 connections remaining
(vm18:r0) Starting new connection thread
(vm18:r0) Maximum number of connections reached (5), waiting for a thread to finish
(vm18:m0) Got connection from reducer vm3:r0
(vm18:m0) Got connection from reducer vm8:r0
(vm18:r0:0) Connection established
(vm18:m0:7) thread started, have to send 6710886 bytes
(vm18:m0:2) thread started, have to send 6710886 bytes
(vm18:m0) Got connection from reducer vm12:r0
(vm18:m0) Got connection from reducer vm24:r0
(vm18:m0:11) thread started, have to send 6710886 bytes
(vm18:m0:23) thread started, have to send 6710886 bytes
(vm18:m0) Got connection from reducer vm23:r0
(vm18:m0:22) thread started, have to send 6710886 bytes
(vm18:m0) Got connection from reducer vm19:r0
(vm18:m0) Got connection from reducer vm29:r0
(vm18:m0) Got connection from reducer vm4:r0
(vm18:m0) Got connection from reducer vm25:r0
(vm18:m0:18) thread started, have to send 6710886 bytes
(vm18:m0:28) thread started, have to send 6710886 bytes
(vm18:m0:3) thread started, have to send 6710886 bytes
(vm18:m0:24) thread started, have to send 6710886 bytes
(vm18:m0) Got connection from reducer vm28:r0
(vm18:m0:27) thread started, have to send 6710886 bytes
(vm18:m0:19) all data sent, thread exiting
(vm18:m0:37) all data sent, thread exiting
(vm18:m0:34) all data sent, thread exiting
(vm18:m0:7) all data sent, thread exiting
(vm18:m0:35) all data sent, thread exiting
(vm18:m0:11) all data sent, thread exiting
(vm18:m0:22) all data sent, thread exiting
(vm18:m0:9) all data sent, thread exiting
(vm18:m0:26) all data sent, thread exiting
(vm18:m0:2) all data sent, thread exiting
(vm18:r0:0) Connection finished, received 6710887 bytes
(vm18:m0:23) all data sent, thread exiting
(vm18:r0) thread 0 joined, 28 connections remaining
(vm18:r0) Starting new connection thread
(vm18:r0) Maximum number of connections reached (5), waiting for a thread to finish
(vm18:m0:3) all data sent, thread exiting
(vm18:m0:28) all data sent, thread exiting
(vm18:m0:24) all data sent, thread exiting
(vm18:r0:0) Connection established
(vm18:m0:18) all data sent, thread exiting
(vm18:m0:27) all data sent, thread exiting
(vm18:m0:29) all data sent, thread exiting
(vm18:r0:0) Connection finished, received 6710887 bytes
(vm18:r0) thread 0 joined, 27 connections remaining
(vm18:r0) Starting new connection thread
(vm18:r0) Maximum number of connections reached (5), waiting for a thread to finish
(vm18:r0:0) Connection established
(vm18:m0) Got connection from reducer vm18:r0
(vm18:m0) Waiting for a thread to finish
(vm18:m0) thread 0 joined, 39 connections remaining
(vm18:m0) Waiting for a thread to finish
(vm18:m0) thread 1 joined, 38 connections remaining
(vm18:m0) Waiting for a thread to finish
(vm18:m0) thread 2 joined, 37 connections remaining
(vm18:m0) Waiting for a thread to finish
(vm18:m0) thread 3 joined, 36 connections remaining
(vm18:m0) Waiting for a thread to finish
(vm18:m0) thread 4 joined, 35 connections remaining
(vm18:m0) Waiting for a thread to finish
(vm18:m0) thread 5 joined, 34 connections remaining
(vm18:m0) Waiting for a thread to finish
(vm18:m0) thread 6 joined, 33 connections remaining
(vm18:m0) Waiting for a thread to finish
(vm18:m0) thread 7 joined, 32 connections remaining
(vm18:m0) Waiting for a thread to finish
(vm18:m0) thread 8 joined, 31 connections remaining
(vm18:m0) Waiting for a thread to finish
(vm18:m0) thread 9 joined, 30 connections remaining
(vm18:m0) Waiting for a thread to finish
(vm18:m0) thread 10 joined, 29 connections remaining
(vm18:m0) Waiting for a thread to finish
(vm18:m0) thread 11 joined, 28 connections remaining
(vm18:m0) Waiting for a thread to finish
(vm18:m0) thread 12 joined, 27 connections remaining
(vm18:m0) Waiting for a thread to finish
(vm18:m0) thread 13 joined, 26 connections remaining
(vm18:m0) Waiting for a thread to finish
(vm18:m0) thread 14 joined, 25 connections remaining
(vm18:m0) Waiting for a thread to finish
(vm18:m0) thread 15 joined, 24 connections remaining
(vm18:m0) Waiting for a thread to finish
(vm18:m0) thread 16 joined, 23 connections remaining
(vm18:m0) Waiting for a thread to finish
(vm18:m0:17) thread started, have to send 6710886 bytes
(vm18:r0:0) Connection finished, received 6710887 bytes
(vm18:m0:17) all data sent, thread exiting
(vm18:m0) thread 17 joined, 22 connections remaining
(vm18:m0) Waiting for a thread to finish
(vm18:m0) thread 18 joined, 21 connections remaining
(vm18:m0) Waiting for a thread to finish
(vm18:m0) thread 19 joined, 20 connections remaining
(vm18:m0) Waiting for a thread to finish
(vm18:m0) thread 20 joined, 19 connections remaining
(vm18:m0) Waiting for a thread to finish
(vm18:m0) thread 21 joined, 18 connections remaining
(vm18:m0) Waiting for a thread to finish
(vm18:m0) thread 22 joined, 17 connections remaining
(vm18:m0) Waiting for a thread to finish
(vm18:m0) thread 23 joined, 16 connections remaining
(vm18:m0) Waiting for a thread to finish
(vm18:m0) thread 24 joined, 15 connections remaining
(vm18:m0) Waiting for a thread to finish
(vm18:m0) thread 25 joined, 14 connections remaining
(vm18:m0) Waiting for a thread to finish
(vm18:m0) thread 26 joined, 13 connections remaining
(vm18:m0) Waiting for a thread to finish
(vm18:m0) thread 27 joined, 12 connections remaining
(vm18:m0) Waiting for a thread to finish
(vm18:m0) thread 28 joined, 11 connections remaining
(vm18:m0) Waiting for a thread to finish
(vm18:m0) thread 29 joined, 10 connections remaining
(vm18:m0) Waiting for a thread to finish
(vm18:m0) thread 30 joined, 9 connections remaining
(vm18:m0) Waiting for a thread to finish
(vm18:m0) thread 31 joined, 8 connections remaining
(vm18:m0) Waiting for a thread to finish
(vm18:m0) thread 32 joined, 7 connections remaining
(vm18:m0) Waiting for a thread to finish
(vm18:m0) thread 33 joined, 6 connections remaining
(vm18:m0) Waiting for a thread to finish
(vm18:m0) thread 34 joined, 5 connections remaining
(vm18:m0) Waiting for a thread to finish
(vm18:m0) thread 35 joined, 4 connections remaining
(vm18:m0) Waiting for a thread to finish
(vm18:m0) thread 36 joined, 3 connections remaining
(vm18:m0) Waiting for a thread to finish
(vm18:m0) thread 37 joined, 2 connections remaining
(vm18:m0) Waiting for a thread to finish
(vm18:m0) thread 38 joined, 1 connections remaining
(vm18:m0) Waiting for a thread to finish
(vm18:m0) thread 39 joined, 0 connections remaining
(vm18:m0) all done, exiting
*RES* start node vm18:m0
*RES* vm18:m0:0,1405936206007,83,8,6710887
*RES* vm18:m0:1,1405936208128,217,9,6710887
*RES* vm18:m0:2,1405936209736,363,18,6710887
*RES* vm18:m0:3,1405936209864,245,15,6710887
*RES* vm18:m0:4,1405936209087,210,21,6710887
*RES* vm18:m0:5,1405936207343,38,8,6710887
*RES* vm18:m0:6,1405936208208,161,7,6710887
*RES* vm18:m0:7,1405936209735,342,16,6710887
*RES* vm18:m0:8,1405936206696,123,49,6710887
*RES* vm18:m0:9,1405936209644,458,19,6710887
*RES* vm18:m0:10,1405936208343,105,15,6710887
*RES* vm18:m0:11,1405936209763,337,18,6710887
*RES* vm18:m0:12,1405936206127,24,9,6710887
*RES* vm18:m0:13,1405936206419,190,13,6710887
*RES* vm18:m0:14,1405936206419,103,28,6710887
*RES* vm18:m0:15,1405936208108,227,10,6710887
*RES* vm18:m0:16,1405936206847,152,26,6710887
*RES* vm18:m0:17,1405936210239,5,2,6710887
*RES* vm18:m0:18,1405936209864,280,14,6710887
*RES* vm18:m0:19,1405936209553,522,20,6710887
*RES* vm18:m0:20,1405936207135,120,21,6710887
*RES* vm18:m0:21,1405936207441,57,14,6710887
*RES* vm18:m0:22,1405936209771,329,18,6710887
*RES* vm18:m0:23,1405936209764,339,19,6710887
*RES* vm18:m0:24,1405936209867,246,16,6710887
*RES* vm18:m0:25,1405936207839,93,20,6710887
*RES* vm18:m0:26,1405936209683,418,19,6710887
*RES* vm18:m0:27,1405936210025,120,19,6710887
*RES* vm18:m0:28,1405936209864,250,17,6710887
*RES* vm18:m0:29,1405936209643,523,32,6710887
*RES* vm18:m0:30,1405936207792,39,12,6710887
*RES* vm18:m0:31,1405936208216,323,35,6710887
*RES* vm18:m0:32,1405936207735,108,11,6710887
*RES* vm18:m0:33,1405936207421,96,16,6710887
*RES* vm18:m0:34,1405936209635,402,16,6710887
*RES* vm18:m0:35,1405936209592,489,19,6710887
*RES* vm18:m0:36,1405936208107,261,11,6710887
*RES* vm18:m0:37,1405936209543,502,25,6710887
*RES* vm18:m0:38,1405936207426,65,14,6710887
*RES* vm18:m0:39,1405936207979,30,12,6710887
*RES* end node vm18:m0
Node vm18:m0 joined
(vm18:r0) thread 0 joined, 26 connections remaining
(vm18:r0) Starting new connection thread
(vm18:r0) Maximum number of connections reached (5), waiting for a thread to finish
(vm18:r0:0) Connection established
(vm18:r0:0) Connection finished, received 6710887 bytes
(vm18:r0) thread 0 joined, 25 connections remaining
(vm18:r0) Starting new connection thread
(vm18:r0) Maximum number of connections reached (5), waiting for a thread to finish
(vm18:r0:0) Connection established
(vm18:r0:0) Connection finished, received 6710887 bytes
(vm18:r0) thread 0 joined, 24 connections remaining
(vm18:r0) Starting new connection thread
(vm18:r0) Maximum number of connections reached (5), waiting for a thread to finish
(vm18:r0:0) Connection established
(vm18:r0:0) Connection finished, received 6710887 bytes
(vm18:r0) thread 0 joined, 23 connections remaining
(vm18:r0) Starting new connection thread
(vm18:r0) Maximum number of connections reached (5), waiting for a thread to finish
(vm18:r0:0) Connection established
(vm18:r0:0) Connection finished, received 6710887 bytes
(vm18:r0) thread 0 joined, 22 connections remaining
(vm18:r0) Starting new connection thread
(vm18:r0) Maximum number of connections reached (5), waiting for a thread to finish
(vm18:r0:0) Connection established
(vm18:r0:0) Connection finished, received 6710887 bytes
(vm18:r0) thread 0 joined, 21 connections remaining
(vm18:r0) Starting new connection thread
(vm18:r0) Maximum number of connections reached (5), waiting for a thread to finish
(vm18:r0:0) Connection established
(vm18:r0:0) Connection finished, received 6710887 bytes
(vm18:r0) thread 0 joined, 20 connections remaining
(vm18:r0) Starting new connection thread
(vm18:r0) Maximum number of connections reached (5), waiting for a thread to finish
(vm18:r0:0) Connection established
(vm18:r0:0) Connection finished, received 6710887 bytes
(vm18:r0) thread 0 joined, 19 connections remaining
(vm18:r0) Starting new connection thread
(vm18:r0) Maximum number of connections reached (5), waiting for a thread to finish
(vm18:r0:0) Connection established
(vm18:r0:0) Connection finished, received 6710887 bytes
(vm18:r0) thread 0 joined, 18 connections remaining
(vm18:r0) Starting new connection thread
(vm18:r0) Maximum number of connections reached (5), waiting for a thread to finish
(vm18:r0:0) Connection established
(vm18:r0:0) Connection finished, received 6710887 bytes
(vm18:r0) thread 0 joined, 17 connections remaining
(vm18:r0) Starting new connection thread
(vm18:r0) Maximum number of connections reached (5), waiting for a thread to finish
(vm18:r0:0) Connection established
(vm18:r0:0) Connection finished, received 6710887 bytes
(vm18:r0) thread 0 joined, 16 connections remaining
(vm18:r0) Starting new connection thread
(vm18:r0) Maximum number of connections reached (5), waiting for a thread to finish
(vm18:r0:0) Connection established
(vm18:r0:0) Connection finished, received 6710887 bytes
(vm18:r0) thread 0 joined, 15 connections remaining
(vm18:r0) Starting new connection thread
(vm18:r0) Maximum number of connections reached (5), waiting for a thread to finish
(vm18:r0:0) Connection established
(vm18:r0:0) Connection finished, received 6710887 bytes
(vm18:r0) thread 0 joined, 14 connections remaining
(vm18:r0) Starting new connection thread
(vm18:r0) Maximum number of connections reached (5), waiting for a thread to finish
(vm18:r0:0) Connection established
(vm18:r0:0) Connection finished, received 6710887 bytes
(vm18:r0) thread 0 joined, 13 connections remaining
(vm18:r0) Starting new connection thread
(vm18:r0) Maximum number of connections reached (5), waiting for a thread to finish
(vm18:r0:0) Connection established
(vm18:r0:0) Connection finished, received 6710887 bytes
(vm18:r0) thread 0 joined, 12 connections remaining
(vm18:r0) Starting new connection thread
(vm18:r0) Maximum number of connections reached (5), waiting for a thread to finish
(vm18:r0:0) Connection established
(vm18:r0:0) Connection finished, received 6710887 bytes
(vm18:r0) thread 0 joined, 11 connections remaining
(vm18:r0) Starting new connection thread
(vm18:r0) Maximum number of connections reached (5), waiting for a thread to finish
(vm18:r0:0) Connection established
(vm18:r0:0) Connection finished, received 6710887 bytes
(vm18:r0) thread 0 joined, 10 connections remaining
(vm18:r0) Starting new connection thread
(vm18:r0) Maximum number of connections reached (5), waiting for a thread to finish
(vm18:r0:0) Connection established
(vm18:r0:0) Connection finished, received 6710887 bytes
(vm18:r0) thread 0 joined, 9 connections remaining
(vm18:r0) Starting new connection thread
(vm18:r0) Maximum number of connections reached (5), waiting for a thread to finish
(vm18:r0:0) Connection established
(vm18:r0:0) Connection finished, received 6710887 bytes
(vm18:r0) thread 0 joined, 8 connections remaining
(vm18:r0) Starting new connection thread
(vm18:r0) Maximum number of connections reached (5), waiting for a thread to finish
(vm18:r0:0) Connection established
(vm18:r0:0) Connection finished, received 6710887 bytes
(vm18:r0) thread 0 joined, 7 connections remaining
(vm18:r0) Starting new connection thread
(vm18:r0) Maximum number of connections reached (5), waiting for a thread to finish
(vm18:r0:0) Connection established
(vm18:r0:0) Connection finished, received 6710887 bytes
(vm18:r0) thread 0 joined, 6 connections remaining
(vm18:r0) Starting new connection thread
(vm18:r0) Maximum number of connections reached (5), waiting for a thread to finish
(vm18:r0:0) Connection established
(vm18:r0:0) Connection finished, received 6710887 bytes
(vm18:r0) thread 0 joined, 5 connections remaining
(vm18:r0) Starting new connection thread
(vm18:r0) Maximum number of connections reached (5), waiting for a thread to finish
(vm18:r0:0) Connection established
(vm18:r0:0) Connection finished, received 6710887 bytes
(vm18:r0) thread 0 joined, 4 connections remaining
(vm18:r0) Maximum number of connections reached (4), waiting for a thread to finish
(vm18:r0) thread 1 joined, 3 connections remaining
(vm18:r0) Maximum number of connections reached (3), waiting for a thread to finish
(vm18:r0) thread 2 joined, 2 connections remaining
(vm18:r0) Maximum number of connections reached (2), waiting for a thread to finish
(vm18:r0) thread 3 joined, 1 connections remaining
(vm18:r0) Maximum number of connections reached (1), waiting for a thread to finish
(vm18:r0) thread 4 joined, 0 connections remaining
(vm18:r0) all done, exiting
*RES* start node vm18:r0
*RES* vm18:r0:0,1405936204673,382,11,6710887
*RES* vm18:r0:0,1405936205059,793,15,6710887
*RES* vm18:r0:0,1405936205859,715,12,6710887
*RES* vm18:r0:0,1405936206579,675,12,6710887
*RES* vm18:r0:0,1405936207260,490,15,6710887
*RES* vm18:r0:0,1405936207756,719,25,6710887
*RES* vm18:r0:0,1405936208480,316,15,6710887
*RES* vm18:r0:0,1405936208800,399,15,6710887
*RES* vm18:r0:0,1405936209204,131,38,6710887
*RES* vm18:r0:0,1405936209347,139,10,6710887
*RES* vm18:r0:0,1405936209491,191,32,6710887
*RES* vm18:r0:0,1405936209704,399,18,6710887
*RES* vm18:r0:0,1405936210121,102,16,6710887
*RES* vm18:r0:0,1405936210227,17,3,6710887
*RES* vm18:r0:0,1405936210252,85,12,6710887
*RES* vm18:r0:0,1405936210343,150,11,6710887
*RES* vm18:r0:0,1405936210499,121,12,6710887
*RES* vm18:r0:0,1405936210627,90,13,6710887
*RES* vm18:r0:0,1405936210723,74,13,6710887
*RES* vm18:r0:0,1405936210804,84,12,6710887
*RES* vm18:r0:0,1405936210891,96,9,6710887
*RES* vm18:r0:0,1405936210991,128,9,6710887
*RES* vm18:r0:0,1405936211123,100,9,6710887
*RES* vm18:r0:0,1405936211227,87,9,6710887
*RES* vm18:r0:0,1405936211319,58,9,6710887
*RES* vm18:r0:0,1405936211383,23,6,6710887
*RES* vm18:r0:0,1405936211411,61,7,6710887
*RES* vm18:r0:0,1405936211479,23,6,6710887
*RES* vm18:r0:0,1405936211507,20,6,6710887
*RES* vm18:r0:0,1405936211531,24,6,6710887
*RES* vm18:r0:0,1405936211559,29,6,6710887
*RES* vm18:r0:0,1405936211595,63,8,6710887
*RES* vm18:r0:0,1405936211663,25,8,6710887
*RES* vm18:r0:0,1405936211696,57,7,6710887
*RES* vm18:r0:0,1405936211759,28,7,6710887
*RES* vm18:r0:0,1405936211791,21,5,6710887
*RES* vm18:r0:1,1405936204673,338,11,6710887
*RES* vm18:r0:2,1405936204673,544,13,6710887
*RES* vm18:r0:3,1405936204672,313,11,6710887
*RES* vm18:r0:4,1405936204672,329,11,6710887
*RES* end node vm18:r0
Node vm18:r0 joined
Worker terminating correctly
