OSMeF worker starting
Enabling core dumping
Listening for command connection
(vm4:m0) New mapper on port 23330
(vm4:m0) -> reducer data size 2078471886
(vm4:m0) -> reducer data size 2078471886
(vm4:m0) -> reducer data size 2078471886
(vm4:m0) -> reducer data size 2078471886
(vm4:m0) -> reducer data size 2078471886
(vm4:m0) -> reducer data size 2078471886
(vm4:m0) -> reducer data size 2078471886
(vm4:m0) -> reducer data size 2078471886
(vm4:m0) -> reducer data size 2078471886
(vm4:m0) -> reducer data size 2078471886
(vm4:m0) -> reducer data size 2078471886
(vm4:m0) -> reducer data size 2078471886
(vm4:m0) -> reducer data size 2078471886
(vm4:m0) -> reducer data size 2078471886
(vm4:m0) -> reducer data size 2078471886
(vm4:m0) -> reducer data size 2078471886
(vm4:m0) -> reducer data size 2078471886
(vm4:m0) -> reducer data size 2078471886
(vm4:m0) -> reducer data size 2078471886
(vm4:m0) -> reducer data size 2078471886
(vm4:m0) -> reducer data size 2078471886
(vm4:m0) -> reducer data size 2078471886
(vm4:m0) -> reducer data size 2078471886
(vm4:m0) Mapper thread started
(vm4:m0) Allocating data for reducer vm1:r0
(vm4:m0) Allocating data for reducer vm2:r0
(vm4:m0) Allocating data for reducer vm3:r0
(vm4:m0) Allocating data for reducer vm4:r0
(vm4:m0) Allocating data for reducer vm5:r0
(vm4:m0) Allocating data for reducer vm6:r0
(vm4:m0) Allocating data for reducer vm7:r0
(vm4:m0) Allocating data for reducer vm8:r0
(vm4:m0) Allocating data for reducer vm9:r0
(vm4:m0) Allocating data for reducer vm10:r0
(vm4:m0) Allocating data for reducer vm11:r0
(vm4:m0) Allocating data for reducer vm12:r0
(vm4:m0) Allocating data for reducer vm13:r0
(vm4:m0) Allocating data for reducer vm14:r0
(vm4:m0) Allocating data for reducer vm15:r0
(vm4:m0) Allocating data for reducer vm16:r0
(vm4:m0) Allocating data for reducer vm17:r0
(vm4:m0) Allocating data for reducer vm18:r0
(vm4:m0) Allocating data for reducer vm19:r0
(vm4:m0) Allocating data for reducer vm20:r0
(vm4:m0) Allocating data for reducer vm21:r0
(vm4:m0) Allocating data for reducer vm22:r0
(vm4:m0) Allocating data for reducer vm23:r0
(vm4:m0) Binding to port 23330
(vm4:r0) New reducer
(vm4:r0) Reducer thread started
(vm4:r0) waiting for START message
(vm4:r0) got START message
(vm4:r0) Starting new connection thread
(vm4:r0) Starting new connection thread
(vm4:r0) Starting new connection thread
(vm4:r0) Starting new connection thread
(vm4:r0) Starting new connection thread
(vm4:r0) Maximum number of connections reached (5), waiting for a thread to finish
(vm4:r0:3) Connection established
(vm4:m0) Got connection from reducer vm4:r0
(vm4:m0:3) thread started, have to send 2078471886 bytes
(vm4:m0) Got connection from reducer vm2:r0
(vm4:m0) Got connection from reducer vm1:r0
(vm4:r0:4) Connection established
(vm4:r0:2) Connection established
(vm4:m0) Got connection from reducer vm11:r0
(vm4:m0) Got connection from reducer vm10:r0
(vm4:m0) Got connection from reducer vm12:r0
(vm4:m0) Got connection from reducer vm8:r0
(vm4:m0) Got connection from reducer vm13:r0
(vm4:m0) Got connection from reducer vm16:r0
(vm4:m0) Got connection from reducer vm9:r0
(vm4:m0) Got connection from reducer vm19:r0
(vm4:m0) Got connection from reducer vm22:r0
(vm4:m0) Got connection from reducer vm7:r0
(vm4:m0) Got connection from reducer vm15:r0
(vm4:m0) Got connection from reducer vm20:r0
(vm4:m0) Got connection from reducer vm17:r0
(vm4:m0) Got connection from reducer vm23:r0
(vm4:m0) Got connection from reducer vm6:r0
(vm4:m0) Got connection from reducer vm14:r0
(vm4:m0) Got connection from reducer vm21:r0
(vm4:m0) Got connection from reducer vm18:r0
(vm4:r0:1) Connection established
(vm4:r0:0) Connection established
(vm4:m0) Got connection from reducer vm3:r0
(vm4:m0:17) thread started, have to send 2078471886 bytes
(vm4:m0:12) thread started, have to send 2078471886 bytes
(vm4:m0:21) thread started, have to send 2078471886 bytes
(vm4:m0:5) thread started, have to send 2078471886 bytes
(vm4:m0:15) thread started, have to send 2078471886 bytes
(vm4:m0:8) thread started, have to send 2078471886 bytes
(vm4:m0:14) thread started, have to send 2078471886 bytes
(vm4:m0:19) thread started, have to send 2078471886 bytes
(vm4:m0:22) thread started, have to send 2078471886 bytes
(vm4:m0:20) thread started, have to send 2078471886 bytes
(vm4:m0:9) thread started, have to send 2078471886 bytes
(vm4:m0:6) thread started, have to send 2078471886 bytes
(vm4:m0:11) thread started, have to send 2078471886 bytes
(vm4:m0:13) thread started, have to send 2078471886 bytes
(vm4:m0:7) thread started, have to send 2078471886 bytes
(vm4:m0:18) thread started, have to send 2078471886 bytes
(vm4:m0:16) thread started, have to send 2078471886 bytes
(vm4:m0) Got connection from reducer vm5:r0
(vm4:m0) Waiting for a thread to finish
(vm4:m0:0) thread started, have to send 2078471886 bytes
(vm4:m0:10) thread started, have to send 2078471886 bytes
(vm4:m0:1) thread started, have to send 2078471886 bytes
(vm4:m0:2) thread started, have to send 2078471886 bytes
(vm4:m0:4) thread started, have to send 2078471886 bytes
(vm4:m0:3) all data sent, thread exiting
(vm4:r0:3) Connection finished, received 2078471887 bytes
(vm4:m0:16) all data sent, thread exiting
(vm4:m0:12) all data sent, thread exiting
(vm4:m0:14) all data sent, thread exiting
(vm4:m0:10) all data sent, thread exiting
(vm4:m0:15) all data sent, thread exiting
(vm4:m0:22) all data sent, thread exiting
(vm4:m0:11) all data sent, thread exiting
(vm4:m0:7) all data sent, thread exiting
(vm4:m0:18) all data sent, thread exiting
(vm4:m0:17) all data sent, thread exiting
(vm4:m0:19) all data sent, thread exiting
(vm4:m0:13) all data sent, thread exiting
(vm4:m0:8) all data sent, thread exiting
(vm4:m0:9) all data sent, thread exiting
(vm4:m0:20) all data sent, thread exiting
(vm4:m0:5) all data sent, thread exiting
(vm4:m0:21) all data sent, thread exiting
(vm4:m0:6) all data sent, thread exiting
(vm4:r0:2) Connection finished, received 2078471887 bytes
(vm4:m0:2) all data sent, thread exiting
(vm4:m0:1) all data sent, thread exiting
(vm4:r0:1) Connection finished, received 2078471887 bytes
(vm4:m0:0) all data sent, thread exiting
(vm4:m0) thread 0 joined, 22 connections remaining
(vm4:m0) Waiting for a thread to finish
(vm4:m0) thread 1 joined, 21 connections remaining
(vm4:m0) Waiting for a thread to finish
(vm4:m0) thread 2 joined, 20 connections remaining
(vm4:m0) Waiting for a thread to finish
(vm4:m0) thread 3 joined, 19 connections remaining
(vm4:m0) Waiting for a thread to finish
(vm4:m0:4) all data sent, thread exiting
(vm4:m0) thread 4 joined, 18 connections remaining
(vm4:m0) Waiting for a thread to finish
(vm4:m0) thread 5 joined, 17 connections remaining
(vm4:m0) Waiting for a thread to finish
(vm4:m0) thread 6 joined, 16 connections remaining
(vm4:m0) Waiting for a thread to finish
(vm4:m0) thread 7 joined, 15 connections remaining
(vm4:m0) Waiting for a thread to finish
(vm4:m0) thread 8 joined, 14 connections remaining
(vm4:m0) Waiting for a thread to finish
(vm4:m0) thread 9 joined, 13 connections remaining
(vm4:m0) Waiting for a thread to finish
(vm4:m0) thread 10 joined, 12 connections remaining
(vm4:m0) Waiting for a thread to finish
(vm4:m0) thread 11 joined, 11 connections remaining
(vm4:m0) Waiting for a thread to finish
(vm4:m0) thread 12 joined, 10 connections remaining
(vm4:m0) Waiting for a thread to finish
(vm4:m0) thread 13 joined, 9 connections remaining
(vm4:m0) Waiting for a thread to finish
(vm4:m0) thread 14 joined, 8 connections remaining
(vm4:m0) Waiting for a thread to finish
(vm4:m0) thread 15 joined, 7 connections remaining
(vm4:m0) Waiting for a thread to finish
(vm4:m0) thread 16 joined, 6 connections remaining
(vm4:m0) Waiting for a thread to finish
(vm4:m0) thread 17 joined, 5 connections remaining
(vm4:m0) Waiting for a thread to finish
(vm4:m0) thread 18 joined, 4 connections remaining
(vm4:m0) Waiting for a thread to finish
(vm4:m0) thread 19 joined, 3 connections remaining
(vm4:m0) Waiting for a thread to finish
(vm4:m0) thread 20 joined, 2 connections remaining
(vm4:m0) Waiting for a thread to finish
(vm4:m0) thread 21 joined, 1 connections remaining
(vm4:m0) Waiting for a thread to finish
(vm4:m0) thread 22 joined, 0 connections remaining
(vm4:m0) all done, exiting
*RES* start node vm4:m0
*RES* vm4:m0:0,1404382130293,45108,1445,2078471887
*RES* vm4:m0:1,1404382130294,43400,1451,2078471887
*RES* vm4:m0:2,1404382130315,42562,1460,2078471887
*RES* vm4:m0:3,1404382130282,22810,666,2078471887
*RES* vm4:m0:4,1404382130318,46610,1443,2078471887
*RES* vm4:m0:5,1404382130291,41500,1523,2078471887
*RES* vm4:m0:6,1404382130292,41591,1536,2078471887
*RES* vm4:m0:7,1404382130292,41096,1543,2078471887
*RES* vm4:m0:8,1404382130291,41350,1532,2078471887
*RES* vm4:m0:9,1404382130292,41477,1522,2078471887
*RES* vm4:m0:10,1404382130293,40742,1511,2078471887
*RES* vm4:m0:11,1404382130292,40986,1514,2078471887
*RES* vm4:m0:12,1404382130290,40557,1512,2078471887
*RES* vm4:m0:13,1404382130292,41272,1519,2078471887
*RES* vm4:m0:14,1404382130291,40586,1521,2078471887
*RES* vm4:m0:15,1404382130291,40840,1513,2078471887
*RES* vm4:m0:16,1404382130292,40106,1503,2078471887
*RES* vm4:m0:17,1404382130290,41224,1516,2078471887
*RES* vm4:m0:18,1404382130292,41215,1531,2078471887
*RES* vm4:m0:19,1404382130291,41229,1532,2078471887
*RES* vm4:m0:20,1404382130291,41501,1534,2078471887
*RES* vm4:m0:21,1404382130291,41566,1543,2078471887
*RES* vm4:m0:22,1404382130291,41000,1536,2078471887
*RES* end node vm4:m0
Node vm4:m0 joined
(vm4:r0:0) Connection finished, received 2078471887 bytes
(vm4:r0) thread 0 joined, 22 connections remaining
(vm4:r0) Starting new connection thread
(vm4:r0) Maximum number of connections reached (5), waiting for a thread to finish
(vm4:r0:0) Connection established
(vm4:r0:4) Connection finished, received 2078471887 bytes
(vm4:r0:0) Connection finished, received 2078471887 bytes
(vm4:r0) thread 0 joined, 21 connections remaining
(vm4:r0) Starting new connection thread
(vm4:r0) Maximum number of connections reached (5), waiting for a thread to finish
(vm4:r0:0) Connection established
(vm4:r0:0) Connection finished, received 2078471887 bytes
(vm4:r0) thread 0 joined, 20 connections remaining
(vm4:r0) Starting new connection thread
(vm4:r0) Maximum number of connections reached (5), waiting for a thread to finish
(vm4:r0:0) Connection established
(vm4:r0:0) Connection finished, received 2078471887 bytes
(vm4:r0) thread 0 joined, 19 connections remaining
(vm4:r0) Starting new connection thread
(vm4:r0) Maximum number of connections reached (5), waiting for a thread to finish
(vm4:r0:0) Connection established
(vm4:r0:0) Connection finished, received 2078471887 bytes
(vm4:r0) thread 0 joined, 18 connections remaining
(vm4:r0) Starting new connection thread
(vm4:r0) Maximum number of connections reached (5), waiting for a thread to finish
(vm4:r0:0) Connection established
(vm4:r0:0) Connection finished, received 2078471887 bytes
(vm4:r0) thread 0 joined, 17 connections remaining
(vm4:r0) Starting new connection thread
(vm4:r0) Maximum number of connections reached (5), waiting for a thread to finish
(vm4:r0:0) Connection established
(vm4:r0:0) Connection finished, received 2078471887 bytes
(vm4:r0) thread 0 joined, 16 connections remaining
(vm4:r0) Starting new connection thread
(vm4:r0) Maximum number of connections reached (5), waiting for a thread to finish
(vm4:r0:0) Connection established
(vm4:r0:0) Connection finished, received 2078471887 bytes
(vm4:r0) thread 0 joined, 15 connections remaining
(vm4:r0) Starting new connection thread
(vm4:r0) Maximum number of connections reached (5), waiting for a thread to finish
(vm4:r0:0) Connection established
(vm4:r0:0) Connection finished, received 2078471887 bytes
(vm4:r0) thread 0 joined, 14 connections remaining
(vm4:r0) Starting new connection thread
(vm4:r0) Maximum number of connections reached (5), waiting for a thread to finish
(vm4:r0:0) Connection established
(vm4:r0:0) Connection finished, received 2078471887 bytes
(vm4:r0) thread 0 joined, 13 connections remaining
(vm4:r0) Starting new connection thread
(vm4:r0) Maximum number of connections reached (5), waiting for a thread to finish
(vm4:r0:0) Connection established
(vm4:r0:0) Connection finished, received 2078471887 bytes
(vm4:r0) thread 0 joined, 12 connections remaining
(vm4:r0) Starting new connection thread
(vm4:r0) Maximum number of connections reached (5), waiting for a thread to finish
(vm4:r0:0) Connection established
(vm4:r0:0) Connection finished, received 2078471887 bytes
(vm4:r0) thread 0 joined, 11 connections remaining
(vm4:r0) Starting new connection thread
(vm4:r0) Maximum number of connections reached (5), waiting for a thread to finish
(vm4:r0:0) Connection established
(vm4:r0:0) Connection finished, received 2078471887 bytes
(vm4:r0) thread 0 joined, 10 connections remaining
(vm4:r0) Starting new connection thread
(vm4:r0) Maximum number of connections reached (5), waiting for a thread to finish
(vm4:r0:0) Connection established
(vm4:r0:0) Connection finished, received 2078471887 bytes
(vm4:r0) thread 0 joined, 9 connections remaining
(vm4:r0) Starting new connection thread
(vm4:r0) Maximum number of connections reached (5), waiting for a thread to finish
(vm4:r0:0) Connection established
(vm4:r0:0) Connection finished, received 2078471887 bytes
(vm4:r0) thread 0 joined, 8 connections remaining
(vm4:r0) Starting new connection thread
(vm4:r0) Maximum number of connections reached (5), waiting for a thread to finish
(vm4:r0:0) Connection established
(vm4:r0:0) Connection finished, received 2078471887 bytes
(vm4:r0) thread 0 joined, 7 connections remaining
(vm4:r0) Starting new connection thread
(vm4:r0) Maximum number of connections reached (5), waiting for a thread to finish
(vm4:r0:0) Connection established
(vm4:r0:0) Connection finished, received 2078471887 bytes
(vm4:r0) thread 0 joined, 6 connections remaining
(vm4:r0) Starting new connection thread
(vm4:r0) Maximum number of connections reached (5), waiting for a thread to finish
(vm4:r0:0) Connection established
(vm4:r0:0) Connection finished, received 2078471887 bytes
(vm4:r0) thread 0 joined, 5 connections remaining
(vm4:r0) Starting new connection thread
(vm4:r0) Maximum number of connections reached (5), waiting for a thread to finish
(vm4:r0:0) Connection established
(vm4:r0:0) Connection finished, received 2078471887 bytes
(vm4:r0) thread 0 joined, 4 connections remaining
(vm4:r0) Maximum number of connections reached (4), waiting for a thread to finish
(vm4:r0) thread 1 joined, 3 connections remaining
(vm4:r0) Maximum number of connections reached (3), waiting for a thread to finish
(vm4:r0) thread 2 joined, 2 connections remaining
(vm4:r0) Maximum number of connections reached (2), waiting for a thread to finish
(vm4:r0) thread 3 joined, 1 connections remaining
(vm4:r0) Maximum number of connections reached (1), waiting for a thread to finish
(vm4:r0) thread 4 joined, 0 connections remaining
(vm4:r0) all done, exiting
*RES* start node vm4:r0
*RES* vm4:r0:0,1404382130284,46683,1655,2078471887
*RES* vm4:r0:0,1404382176971,34862,1691,2078471887
*RES* vm4:r0:0,1404382211836,33651,1702,2078471887
*RES* vm4:r0:0,1404382245492,30698,1887,2078471887
*RES* vm4:r0:0,1404382276196,25902,1820,2078471887
*RES* vm4:r0:0,1404382302104,27275,1833,2078471887
*RES* vm4:r0:0,1404382329384,26339,1577,2078471887
*RES* vm4:r0:0,1404382355728,16862,1645,2078471887
*RES* vm4:r0:0,1404382372596,20424,1424,2078471887
*RES* vm4:r0:0,1404382393028,16220,1417,2078471887
*RES* vm4:r0:0,1404382409252,14336,1438,2078471887
*RES* vm4:r0:0,1404382423592,10908,1396,2078471887
*RES* vm4:r0:0,1404382434508,6410,1327,2078471887
*RES* vm4:r0:0,1404382440924,8715,1235,2078471887
*RES* vm4:r0:0,1404382449644,6628,1133,2078471887
*RES* vm4:r0:0,1404382456276,5856,1155,2078471887
*RES* vm4:r0:0,1404382462136,5827,1170,2078471887
*RES* vm4:r0:0,1404382467972,5047,1165,2078471887
*RES* vm4:r0:0,1404382473024,4505,1106,2078471887
*RES* vm4:r0:1,1404382130282,43488,1498,2078471887
*RES* vm4:r0:2,1404382130282,42536,1499,2078471887
*RES* vm4:r0:3,1404382130282,22845,1070,2078471887
*RES* vm4:r0:4,1404382130282,47726,1695,2078471887
*RES* end node vm4:r0
Node vm4:r0 joined
Worker terminating correctly
