OSMeF worker starting
Enabling core dumping
Listening for command connection
(vm13:m0) New mapper on port 23330
(vm13:m0) -> reducer data size 1073741824
(vm13:m0) -> reducer data size 1073741824
(vm13:m0) -> reducer data size 1073741824
(vm13:m0) -> reducer data size 1073741824
(vm13:m0) -> reducer data size 1073741824
(vm13:m0) -> reducer data size 1073741824
(vm13:m0) -> reducer data size 1073741824
(vm13:m0) -> reducer data size 1073741824
(vm13:m0) -> reducer data size 1073741824
(vm13:m0) -> reducer data size 1073741824
(vm13:m0) -> reducer data size 1073741824
(vm13:m0) -> reducer data size 1073741824
(vm13:m0) -> reducer data size 1073741824
(vm13:m0) -> reducer data size 1073741824
(vm13:m0) -> reducer data size 1073741824
(vm13:m0) -> reducer data size 1073741824
(vm13:m0) -> reducer data size 1073741824
(vm13:m0) -> reducer data size 1073741824
(vm13:m0) -> reducer data size 1073741824
(vm13:m0) -> reducer data size 1073741824
(vm13:m0) -> reducer data size 1073741824
(vm13:m0) -> reducer data size 1073741824
(vm13:m0) -> reducer data size 1073741824
(vm13:m0) -> reducer data size 1073741824
(vm13:m0) -> reducer data size 1073741824
(vm13:m0) -> reducer data size 1073741824
(vm13:m0) -> reducer data size 1073741824
(vm13:m0) -> reducer data size 1073741824
(vm13:m0) -> reducer data size 1073741824
(vm13:m0) -> reducer data size 1073741824
(vm13:m0) -> reducer data size 1073741824
(vm13:m0) -> reducer data size 1073741824
(vm13:m0) Mapper thread started
(vm13:m0) Allocating data for reducer vm1:r0
(vm13:m0) Allocating data for reducer vm2:r0
(vm13:m0) Allocating data for reducer vm3:r0
(vm13:m0) Allocating data for reducer vm4:r0
(vm13:m0) Allocating data for reducer vm5:r0
(vm13:m0) Allocating data for reducer vm6:r0
(vm13:m0) Allocating data for reducer vm7:r0
(vm13:m0) Allocating data for reducer vm8:r0
(vm13:m0) Allocating data for reducer vm9:r0
(vm13:m0) Allocating data for reducer vm10:r0
(vm13:m0) Allocating data for reducer vm11:r0
(vm13:m0) Allocating data for reducer vm12:r0
(vm13:m0) Allocating data for reducer vm13:r0
(vm13:m0) Allocating data for reducer vm14:r0
(vm13:m0) Allocating data for reducer vm15:r0
(vm13:m0) Allocating data for reducer vm16:r0
(vm13:m0) Allocating data for reducer vm17:r0
(vm13:m0) Allocating data for reducer vm18:r0
(vm13:m0) Allocating data for reducer vm19:r0
(vm13:m0) Allocating data for reducer vm20:r0
(vm13:m0) Allocating data for reducer vm21:r0
(vm13:m0) Allocating data for reducer vm22:r0
(vm13:m0) Allocating data for reducer vm23:r0
(vm13:m0) Allocating data for reducer vm24:r0
(vm13:m0) Allocating data for reducer vm25:r0
(vm13:m0) Allocating data for reducer vm26:r0
(vm13:m0) Allocating data for reducer vm27:r0
(vm13:m0) Allocating data for reducer vm28:r0
(vm13:m0) Allocating data for reducer vm29:r0
(vm13:m0) Allocating data for reducer vm30:r0
(vm13:m0) Allocating data for reducer vm31:r0
(vm13:m0) Allocating data for reducer vm32:r0
(vm13:m0) Binding to port 23330
(vm13:r0) New reducer
(vm13:r0) Reducer thread started
(vm13:r0) waiting for START message
(vm13:r0) got START message
(vm13:r0) Starting new connection thread
(vm13:r0) Starting new connection thread
(vm13:r0) Starting new connection thread
(vm13:r0) Starting new connection thread
(vm13:r0) Starting new connection thread
(vm13:r0) Maximum number of connections reached (5), waiting for a thread to finish
(vm13:r0:2) Connection established
(vm13:r0:0) Connection established
(vm13:r0:3) Connection established
(vm13:r0:1) Connection established
(vm13:r0:4) Connection established
(vm13:r0:1) Connection finished, received 1073741825 bytes
(vm13:r0:0) Connection finished, received 1073741825 bytes
(vm13:r0) thread 0 joined, 31 connections remaining
(vm13:r0) Starting new connection thread
(vm13:r0) Maximum number of connections reached (5), waiting for a thread to finish
(vm13:r0:0) Connection established
(vm13:r0:3) Connection finished, received 1073741825 bytes
(vm13:r0:2) Connection finished, received 1073741825 bytes
(vm13:r0:4) Connection finished, received 1073741825 bytes
(vm13:r0:0) Connection finished, received 1073741825 bytes
(vm13:r0) thread 0 joined, 30 connections remaining
(vm13:r0) Starting new connection thread
(vm13:r0) Maximum number of connections reached (5), waiting for a thread to finish
(vm13:r0:0) Connection established
(vm13:m0) Got connection from reducer vm1:r0
(vm13:m0:0) thread started, have to send 1073741824 bytes
(vm13:m0:0) all data sent, thread exiting
(vm13:m0) Got connection from reducer vm21:r0
(vm13:m0:20) thread started, have to send 1073741824 bytes
(vm13:m0) Got connection from reducer vm27:r0
(vm13:m0:26) thread started, have to send 1073741824 bytes
(vm13:r0:0) Connection finished, received 1073741825 bytes
(vm13:r0) thread 0 joined, 29 connections remaining
(vm13:r0) Starting new connection thread
(vm13:r0) Maximum number of connections reached (5), waiting for a thread to finish
(vm13:r0:0) Connection established
(vm13:m0:20) all data sent, thread exiting
(vm13:m0:26) all data sent, thread exiting
(vm13:r0:0) Connection finished, received 1073741825 bytes
(vm13:r0) thread 0 joined, 28 connections remaining
(vm13:r0) Starting new connection thread
(vm13:r0) Maximum number of connections reached (5), waiting for a thread to finish
(vm13:r0:0) Connection established
(vm13:m0) Got connection from reducer vm6:r0
(vm13:m0:5) thread started, have to send 1073741824 bytes
(vm13:r0:0) Connection finished, received 1073741825 bytes
(vm13:r0) thread 0 joined, 27 connections remaining
(vm13:r0) Starting new connection thread
(vm13:r0) Maximum number of connections reached (5), waiting for a thread to finish
(vm13:r0:0) Connection established
(vm13:m0:5) all data sent, thread exiting
(vm13:m0) Got connection from reducer vm14:r0
(vm13:m0:13) thread started, have to send 1073741824 bytes
(vm13:r0:0) Connection finished, received 1073741825 bytes
(vm13:r0) thread 0 joined, 26 connections remaining
(vm13:r0) Starting new connection thread
(vm13:r0) Maximum number of connections reached (5), waiting for a thread to finish
(vm13:r0:0) Connection established
(vm13:m0:13) all data sent, thread exiting
(vm13:r0:0) Connection finished, received 1073741825 bytes
(vm13:r0) thread 0 joined, 25 connections remaining
(vm13:r0) Starting new connection thread
(vm13:r0) Maximum number of connections reached (5), waiting for a thread to finish
(vm13:r0:0) Connection established
(vm13:m0) Got connection from reducer vm19:r0
(vm13:m0:18) thread started, have to send 1073741824 bytes
(vm13:r0:0) Connection finished, received 1073741825 bytes
(vm13:r0) thread 0 joined, 24 connections remaining
(vm13:r0) Starting new connection thread
(vm13:r0) Maximum number of connections reached (5), waiting for a thread to finish
(vm13:r0:0) Connection established
(vm13:m0) Got connection from reducer vm13:r0
(vm13:m0:12) thread started, have to send 1073741824 bytes
(vm13:m0:18) all data sent, thread exiting
(vm13:m0:12) all data sent, thread exiting
(vm13:r0:0) Connection finished, received 1073741825 bytes
(vm13:r0) thread 0 joined, 23 connections remaining
(vm13:r0) Starting new connection thread
(vm13:r0) Maximum number of connections reached (5), waiting for a thread to finish
(vm13:r0:0) Connection established
(vm13:m0) Got connection from reducer vm28:r0
(vm13:m0:27) thread started, have to send 1073741824 bytes
(vm13:m0:27) all data sent, thread exiting
(vm13:r0:0) Connection finished, received 1073741825 bytes
(vm13:r0) thread 0 joined, 22 connections remaining
(vm13:r0) Starting new connection thread
(vm13:r0) Maximum number of connections reached (5), waiting for a thread to finish
(vm13:r0:0) Connection established
(vm13:m0) Got connection from reducer vm7:r0
(vm13:m0:6) thread started, have to send 1073741824 bytes
(vm13:r0:0) Connection finished, received 1073741825 bytes
(vm13:r0) thread 0 joined, 21 connections remaining
(vm13:r0) Starting new connection thread
(vm13:r0) Maximum number of connections reached (5), waiting for a thread to finish
(vm13:r0:0) Connection established
(vm13:m0:6) all data sent, thread exiting
(vm13:r0:0) Connection finished, received 1073741825 bytes
(vm13:r0) thread 0 joined, 20 connections remaining
(vm13:r0) Starting new connection thread
(vm13:r0) Maximum number of connections reached (5), waiting for a thread to finish
(vm13:r0:0) Connection established
(vm13:m0) Got connection from reducer vm29:r0
(vm13:m0:28) thread started, have to send 1073741824 bytes
(vm13:m0) Got connection from reducer vm30:r0
(vm13:m0:29) thread started, have to send 1073741824 bytes
(vm13:r0:0) Connection finished, received 1073741825 bytes
(vm13:r0) thread 0 joined, 19 connections remaining
(vm13:r0) Starting new connection thread
(vm13:r0) Maximum number of connections reached (5), waiting for a thread to finish
(vm13:r0:0) Connection established
(vm13:m0) Got connection from reducer vm32:r0
(vm13:m0:31) thread started, have to send 1073741824 bytes
(vm13:m0:28) all data sent, thread exiting
(vm13:m0:29) all data sent, thread exiting
(vm13:r0:0) Connection finished, received 1073741825 bytes
(vm13:r0) thread 0 joined, 18 connections remaining
(vm13:r0) Starting new connection thread
(vm13:r0) Maximum number of connections reached (5), waiting for a thread to finish
(vm13:r0:0) Connection established
(vm13:m0:31) all data sent, thread exiting
(vm13:m0) Got connection from reducer vm24:r0
(vm13:m0:23) thread started, have to send 1073741824 bytes
(vm13:m0) Got connection from reducer vm12:r0
(vm13:m0:11) thread started, have to send 1073741824 bytes
(vm13:r0:0) Connection finished, received 1073741825 bytes
(vm13:r0) thread 0 joined, 17 connections remaining
(vm13:r0) Starting new connection thread
(vm13:r0) Maximum number of connections reached (5), waiting for a thread to finish
(vm13:r0:0) Connection established
(vm13:m0) Got connection from reducer vm26:r0
(vm13:m0:25) thread started, have to send 1073741824 bytes
(vm13:m0:23) all data sent, thread exiting
(vm13:m0) Got connection from reducer vm8:r0
(vm13:m0:7) thread started, have to send 1073741824 bytes
(vm13:r0:0) Connection finished, received 1073741825 bytes
(vm13:r0) thread 0 joined, 16 connections remaining
(vm13:r0) Starting new connection thread
(vm13:r0) Maximum number of connections reached (5), waiting for a thread to finish
(vm13:r0:0) Connection established
(vm13:m0:11) all data sent, thread exiting
(vm13:m0) Got connection from reducer vm31:r0
(vm13:m0:30) thread started, have to send 1073741824 bytes
(vm13:m0:25) all data sent, thread exiting
(vm13:m0) Got connection from reducer vm23:r0
(vm13:m0:22) thread started, have to send 1073741824 bytes
(vm13:m0:7) all data sent, thread exiting
(vm13:r0:0) Connection finished, received 1073741825 bytes
(vm13:r0) thread 0 joined, 15 connections remaining
(vm13:r0) Starting new connection thread
(vm13:r0) Maximum number of connections reached (5), waiting for a thread to finish
(vm13:r0:0) Connection established
(vm13:m0:30) all data sent, thread exiting
(vm13:m0) Got connection from reducer vm9:r0
(vm13:m0:8) thread started, have to send 1073741824 bytes
(vm13:m0) Got connection from reducer vm10:r0
(vm13:m0:9) thread started, have to send 1073741824 bytes
(vm13:m0:22) all data sent, thread exiting
(vm13:r0:0) Connection finished, received 1073741825 bytes
(vm13:r0) thread 0 joined, 14 connections remaining
(vm13:r0) Starting new connection thread
(vm13:r0) Maximum number of connections reached (5), waiting for a thread to finish
(vm13:r0:0) Connection established
(vm13:m0) Got connection from reducer vm16:r0
(vm13:m0:15) thread started, have to send 1073741824 bytes
(vm13:m0:8) all data sent, thread exiting
(vm13:m0:9) all data sent, thread exiting
(vm13:r0:0) Connection finished, received 1073741825 bytes
(vm13:r0) thread 0 joined, 13 connections remaining
(vm13:r0) Starting new connection thread
(vm13:r0) Maximum number of connections reached (5), waiting for a thread to finish
(vm13:r0:0) Connection established
(vm13:m0:15) all data sent, thread exiting
(vm13:r0:0) Connection finished, received 1073741825 bytes
(vm13:r0) thread 0 joined, 12 connections remaining
(vm13:r0) Starting new connection thread
(vm13:r0) Maximum number of connections reached (5), waiting for a thread to finish
(vm13:r0:0) Connection established
(vm13:m0) Got connection from reducer vm11:r0
(vm13:m0:10) thread started, have to send 1073741824 bytes
(vm13:m0) Got connection from reducer vm4:r0
(vm13:m0:3) thread started, have to send 1073741824 bytes
(vm13:r0:0) Connection finished, received 1073741825 bytes
(vm13:r0) thread 0 joined, 11 connections remaining
(vm13:r0) Starting new connection thread
(vm13:r0) Maximum number of connections reached (5), waiting for a thread to finish
(vm13:r0:0) Connection established
(vm13:m0) Got connection from reducer vm2:r0
(vm13:m0:1) thread started, have to send 1073741824 bytes
(vm13:m0) Got connection from reducer vm20:r0
(vm13:m0:19) thread started, have to send 1073741824 bytes
(vm13:m0) Got connection from reducer vm22:r0
(vm13:m0:21) thread started, have to send 1073741824 bytes
(vm13:m0) Got connection from reducer vm5:r0
(vm13:m0:4) thread started, have to send 1073741824 bytes
(vm13:m0) Got connection from reducer vm25:r0
(vm13:m0:24) thread started, have to send 1073741824 bytes
(vm13:m0) Got connection from reducer vm15:r0
(vm13:m0:14) thread started, have to send 1073741824 bytes
(vm13:m0:3) all data sent, thread exiting
(vm13:m0:10) all data sent, thread exiting
(vm13:m0) Got connection from reducer vm3:r0
(vm13:m0:2) thread started, have to send 1073741824 bytes
(vm13:m0) Got connection from reducer vm17:r0
(vm13:m0:16) thread started, have to send 1073741824 bytes
(vm13:m0) Got connection from reducer vm18:r0
(vm13:m0) Waiting for a thread to finish
(vm13:m0) thread 0 joined, 31 connections remaining
(vm13:m0) Waiting for a thread to finish
(vm13:m0:17) thread started, have to send 1073741824 bytes
(vm13:r0:0) Connection finished, received 1073741825 bytes
(vm13:r0) thread 0 joined, 10 connections remaining
(vm13:r0) Starting new connection thread
(vm13:r0) Maximum number of connections reached (5), waiting for a thread to finish
(vm13:r0:0) Connection established
(vm13:m0:1) all data sent, thread exiting
(vm13:m0) thread 1 joined, 30 connections remaining
(vm13:m0) Waiting for a thread to finish
(vm13:m0:19) all data sent, thread exiting
(vm13:m0:21) all data sent, thread exiting
(vm13:m0:4) all data sent, thread exiting
(vm13:m0:24) all data sent, thread exiting
(vm13:m0:14) all data sent, thread exiting
(vm13:m0:2) all data sent, thread exiting
(vm13:m0) thread 2 joined, 29 connections remaining
(vm13:m0) Waiting for a thread to finish
(vm13:m0) thread 3 joined, 28 connections remaining
(vm13:m0) Waiting for a thread to finish
(vm13:m0) thread 4 joined, 27 connections remaining
(vm13:m0) Waiting for a thread to finish
(vm13:m0) thread 5 joined, 26 connections remaining
(vm13:m0) Waiting for a thread to finish
(vm13:m0) thread 6 joined, 25 connections remaining
(vm13:m0) Waiting for a thread to finish
(vm13:m0) thread 7 joined, 24 connections remaining
(vm13:m0) Waiting for a thread to finish
(vm13:m0) thread 8 joined, 23 connections remaining
(vm13:m0) Waiting for a thread to finish
(vm13:m0) thread 9 joined, 22 connections remaining
(vm13:m0) Waiting for a thread to finish
(vm13:m0) thread 10 joined, 21 connections remaining
(vm13:m0) Waiting for a thread to finish
(vm13:m0) thread 11 joined, 20 connections remaining
(vm13:m0) Waiting for a thread to finish
(vm13:m0) thread 12 joined, 19 connections remaining
(vm13:m0) Waiting for a thread to finish
(vm13:m0) thread 13 joined, 18 connections remaining
(vm13:m0) Waiting for a thread to finish
(vm13:m0) thread 14 joined, 17 connections remaining
(vm13:m0) Waiting for a thread to finish
(vm13:m0) thread 15 joined, 16 connections remaining
(vm13:m0) Waiting for a thread to finish
(vm13:m0:17) all data sent, thread exiting
(vm13:m0:16) all data sent, thread exiting
(vm13:m0) thread 16 joined, 15 connections remaining
(vm13:m0) Waiting for a thread to finish
(vm13:m0) thread 17 joined, 14 connections remaining
(vm13:m0) Waiting for a thread to finish
(vm13:m0) thread 18 joined, 13 connections remaining
(vm13:m0) Waiting for a thread to finish
(vm13:m0) thread 19 joined, 12 connections remaining
(vm13:m0) Waiting for a thread to finish
(vm13:m0) thread 20 joined, 11 connections remaining
(vm13:m0) Waiting for a thread to finish
(vm13:m0) thread 21 joined, 10 connections remaining
(vm13:m0) Waiting for a thread to finish
(vm13:m0) thread 22 joined, 9 connections remaining
(vm13:m0) Waiting for a thread to finish
(vm13:m0) thread 23 joined, 8 connections remaining
(vm13:m0) Waiting for a thread to finish
(vm13:m0) thread 24 joined, 7 connections remaining
(vm13:m0) Waiting for a thread to finish
(vm13:m0) thread 25 joined, 6 connections remaining
(vm13:m0) Waiting for a thread to finish
(vm13:m0) thread 26 joined, 5 connections remaining
(vm13:m0) Waiting for a thread to finish
(vm13:m0) thread 27 joined, 4 connections remaining
(vm13:m0) Waiting for a thread to finish
(vm13:m0) thread 28 joined, 3 connections remaining
(vm13:m0) Waiting for a thread to finish
(vm13:m0) thread 29 joined, 2 connections remaining
(vm13:m0) Waiting for a thread to finish
(vm13:m0) thread 30 joined, 1 connections remaining
(vm13:m0) Waiting for a thread to finish
(vm13:m0) thread 31 joined, 0 connections remaining
(vm13:m0) all done, exiting
*RES* start node vm13:m0
*RES* vm13:m0:0,1405423960448,4771,2039,1073741825
*RES* vm13:m0:1,1405424128168,10911,1228,1073741825
*RES* vm13:m0:2,1405424133368,10782,918,1073741825
*RES* vm13:m0:3,1405424123229,9245,1872,1073741825
*RES* vm13:m0:4,1405424130828,10978,920,1073741825
*RES* vm13:m0:5,1405424001172,6578,2090,1073741825
*RES* vm13:m0:6,1405424038685,6182,1824,1073741825
*RES* vm13:m0:7,1405424082615,10117,2246,1073741825
*RES* vm13:m0:8,1405424095268,10467,2363,1073741825
*RES* vm13:m0:9,1405424097648,10103,2382,1073741825
*RES* vm13:m0:10,1405424122903,10431,2044,1073741825
*RES* vm13:m0:11,1405424074817,9344,1539,1073741825
*RES* vm13:m0:12,1405424023433,2216,235,1073741825
*RES* vm13:m0:13,1405424009456,6121,1627,1073741825
*RES* vm13:m0:14,1405424131766,11831,917,1073741825
*RES* vm13:m0:15,1405424102496,10356,1430,1073741825
*RES* vm13:m0:16,1405424133474,13625,1277,1073741825
*RES* vm13:m0:17,1405424133514,12627,1017,1073741825
*RES* vm13:m0:18,1405424018487,6972,2240,1073741825
*RES* vm13:m0:19,1405424129224,10626,1079,1073741825
*RES* vm13:m0:20,1405423990276,7025,1726,1073741825
*RES* vm13:m0:21,1405424130256,11466,1015,1073741825
*RES* vm13:m0:22,1405424091148,9478,2202,1073741825
*RES* vm13:m0:23,1405424072192,8245,1503,1073741825
*RES* vm13:m0:24,1405424131276,11326,937,1073741825
*RES* vm13:m0:25,1405424078134,10014,2236,1073741825
*RES* vm13:m0:26,1405423991030,7845,1877,1073741825
*RES* vm13:m0:27,1405424027536,5262,1987,1073741825
*RES* vm13:m0:28,1405424054737,9426,2225,1073741825
*RES* vm13:m0:29,1405424055652,9998,2243,1073741825
*RES* vm13:m0:30,1405424085516,9104,2103,1073741825
*RES* vm13:m0:31,1405424062948,7990,2242,1073741825
*RES* end node vm13:m0
Node vm13:m0 joined
(vm13:r0:0) Connection finished, received 1073741825 bytes
(vm13:r0) thread 0 joined, 9 connections remaining
(vm13:r0) Starting new connection thread
(vm13:r0) Maximum number of connections reached (5), waiting for a thread to finish
(vm13:r0:0) Connection established
(vm13:r0:0) Connection finished, received 1073741825 bytes
(vm13:r0) thread 0 joined, 8 connections remaining
(vm13:r0) Starting new connection thread
(vm13:r0) Maximum number of connections reached (5), waiting for a thread to finish
(vm13:r0:0) Connection established
(vm13:r0:0) Connection finished, received 1073741825 bytes
(vm13:r0) thread 0 joined, 7 connections remaining
(vm13:r0) Starting new connection thread
(vm13:r0) Maximum number of connections reached (5), waiting for a thread to finish
(vm13:r0:0) Connection established
(vm13:r0:0) Connection finished, received 1073741825 bytes
(vm13:r0) thread 0 joined, 6 connections remaining
(vm13:r0) Starting new connection thread
(vm13:r0) Maximum number of connections reached (5), waiting for a thread to finish
(vm13:r0:0) Connection established
(vm13:r0:0) Connection finished, received 1073741825 bytes
(vm13:r0) thread 0 joined, 5 connections remaining
(vm13:r0) Starting new connection thread
(vm13:r0) Maximum number of connections reached (5), waiting for a thread to finish
(vm13:r0:0) Connection established
(vm13:r0:0) Connection finished, received 1073741825 bytes
(vm13:r0) thread 0 joined, 4 connections remaining
(vm13:r0) Maximum number of connections reached (4), waiting for a thread to finish
(vm13:r0) thread 1 joined, 3 connections remaining
(vm13:r0) Maximum number of connections reached (3), waiting for a thread to finish
(vm13:r0) thread 2 joined, 2 connections remaining
(vm13:r0) Maximum number of connections reached (2), waiting for a thread to finish
(vm13:r0) thread 3 joined, 1 connections remaining
(vm13:r0) Maximum number of connections reached (1), waiting for a thread to finish
(vm13:r0) thread 4 joined, 0 connections remaining
(vm13:r0) all done, exiting
*RES* start node vm13:r0
*RES* vm13:r0:0,1405423872474,30285,1011,1073741825
*RES* vm13:r0:0,1405423902764,50858,1199,1073741825
*RES* vm13:r0:0,1405423953628,38349,1242,1073741825
*RES* vm13:r0:0,1405423991988,7672,1257,1073741825
*RES* vm13:r0:0,1405423999668,6428,1948,1073741825
*RES* vm13:r0:0,1405424006100,6043,1927,1073741825
*RES* vm13:r0:0,1405424012156,4910,1909,1073741825
*RES* vm13:r0:0,1405424017076,6346,2067,1073741825
*RES* vm13:r0:0,1405424023432,2224,685,1073741825
*RES* vm13:r0:0,1405424025660,10243,1974,1073741825
*RES* vm13:r0:0,1405424035908,7147,1634,1073741825
*RES* vm13:r0:0,1405424043064,6584,1767,1073741825
*RES* vm13:r0:0,1405424049652,8583,1947,1073741825
*RES* vm13:r0:0,1405424058263,9254,1823,1073741825
*RES* vm13:r0:0,1405424067531,7323,1659,1073741825
*RES* vm13:r0:0,1405424074860,7987,1870,1073741825
*RES* vm13:r0:0,1405424082880,10671,2106,1073741825
*RES* vm13:r0:0,1405424093560,8053,1549,1073741825
*RES* vm13:r0:0,1405424101620,10480,2004,1073741825
*RES* vm13:r0:0,1405424112109,7754,1377,1073741825
*RES* vm13:r0:0,1405424119868,5810,1643,1073741825
*RES* vm13:r0:0,1405424125692,10881,1376,1073741825
*RES* vm13:r0:0,1405424136615,10619,1224,1073741825
*RES* vm13:r0:0,1405424147240,8493,2233,1073741825
*RES* vm13:r0:0,1405424155740,5910,1990,1073741825
*RES* vm13:r0:0,1405424161656,7488,1597,1073741825
*RES* vm13:r0:0,1405424169152,4051,1316,1073741825
*RES* vm13:r0:0,1405424173212,4173,1320,1073741825
*RES* vm13:r0:1,1405423872473,28022,1026,1073741825
*RES* vm13:r0:2,1405423872473,34949,1010,1073741825
*RES* vm13:r0:3,1405423872473,32869,1024,1073741825
*RES* vm13:r0:4,1405423872473,35275,1032,1073741825
*RES* end node vm13:r0
Node vm13:r0 joined
Worker terminating correctly
