OSMeF worker starting
Enabling core dumping
Listening for command connection
(vm25:m0) New mapper on port 23330
(vm25:m0) -> reducer data size 1073741824
(vm25:m0) -> reducer data size 1073741824
(vm25:m0) -> reducer data size 1073741824
(vm25:m0) -> reducer data size 1073741824
(vm25:m0) -> reducer data size 1073741824
(vm25:m0) -> reducer data size 1073741824
(vm25:m0) -> reducer data size 1073741824
(vm25:m0) -> reducer data size 1073741824
(vm25:m0) -> reducer data size 1073741824
(vm25:m0) -> reducer data size 1073741824
(vm25:m0) -> reducer data size 1073741824
(vm25:m0) -> reducer data size 1073741824
(vm25:m0) -> reducer data size 1073741824
(vm25:m0) -> reducer data size 1073741824
(vm25:m0) -> reducer data size 1073741824
(vm25:m0) -> reducer data size 1073741824
(vm25:m0) -> reducer data size 1073741824
(vm25:m0) -> reducer data size 1073741824
(vm25:m0) -> reducer data size 1073741824
(vm25:m0) -> reducer data size 1073741824
(vm25:m0) -> reducer data size 1073741824
(vm25:m0) -> reducer data size 1073741824
(vm25:m0) -> reducer data size 1073741824
(vm25:m0) -> reducer data size 1073741824
(vm25:m0) -> reducer data size 1073741824
(vm25:m0) -> reducer data size 1073741824
(vm25:m0) -> reducer data size 1073741824
(vm25:m0) -> reducer data size 1073741824
(vm25:m0) -> reducer data size 1073741824
(vm25:m0) -> reducer data size 1073741824
(vm25:m0) -> reducer data size 1073741824
(vm25:m0) -> reducer data size 1073741824
(vm25:m0) Mapper thread started
(vm25:m0) Allocating data for reducer vm1:r0
(vm25:m0) Allocating data for reducer vm2:r0
(vm25:m0) Allocating data for reducer vm3:r0
(vm25:m0) Allocating data for reducer vm4:r0
(vm25:m0) Allocating data for reducer vm5:r0
(vm25:m0) Allocating data for reducer vm6:r0
(vm25:m0) Allocating data for reducer vm7:r0
(vm25:m0) Allocating data for reducer vm8:r0
(vm25:m0) Allocating data for reducer vm9:r0
(vm25:m0) Allocating data for reducer vm10:r0
(vm25:m0) Allocating data for reducer vm11:r0
(vm25:m0) Allocating data for reducer vm12:r0
(vm25:m0) Allocating data for reducer vm13:r0
(vm25:m0) Allocating data for reducer vm14:r0
(vm25:m0) Allocating data for reducer vm15:r0
(vm25:m0) Allocating data for reducer vm16:r0
(vm25:m0) Allocating data for reducer vm17:r0
(vm25:m0) Allocating data for reducer vm18:r0
(vm25:m0) Allocating data for reducer vm19:r0
(vm25:m0) Allocating data for reducer vm20:r0
(vm25:m0) Allocating data for reducer vm21:r0
(vm25:m0) Allocating data for reducer vm22:r0
(vm25:m0) Allocating data for reducer vm23:r0
(vm25:m0) Allocating data for reducer vm24:r0
(vm25:m0) Allocating data for reducer vm25:r0
(vm25:m0) Allocating data for reducer vm26:r0
(vm25:m0) Allocating data for reducer vm27:r0
(vm25:m0) Allocating data for reducer vm28:r0
(vm25:m0) Allocating data for reducer vm29:r0
(vm25:m0) Allocating data for reducer vm30:r0
(vm25:m0) Allocating data for reducer vm31:r0
(vm25:m0) Allocating data for reducer vm32:r0
(vm25:m0) Binding to port 23330
(vm25:r0) New reducer
(vm25:r0) Reducer thread started
(vm25:r0) waiting for START message
(vm25:r0) got START message
(vm25:r0) Starting new connection thread
(vm25:r0) Starting new connection thread
(vm25:r0) Starting new connection thread
(vm25:r0) Starting new connection thread
(vm25:r0) Starting new connection thread
(vm25:r0) Maximum number of connections reached (5), waiting for a thread to finish
(vm25:r0:3) Connection established
(vm25:r0:2) Connection established
(vm25:r0:0) Connection established
(vm25:r0:1) Connection established
(vm25:r0:4) Connection established
(vm25:r0:1) Connection finished, received 1073741825 bytes
(vm25:r0:0) Connection finished, received 1073741825 bytes
(vm25:r0) thread 0 joined, 31 connections remaining
(vm25:r0) Starting new connection thread
(vm25:r0) Maximum number of connections reached (5), waiting for a thread to finish
(vm25:r0:0) Connection established
(vm25:r0:3) Connection finished, received 1073741825 bytes
(vm25:r0:4) Connection finished, received 1073741825 bytes
(vm25:r0:2) Connection finished, received 1073741825 bytes
(vm25:r0:0) Connection finished, received 1073741825 bytes
(vm25:r0) thread 0 joined, 30 connections remaining
(vm25:r0) Starting new connection thread
(vm25:r0) Maximum number of connections reached (5), waiting for a thread to finish
(vm25:r0:0) Connection established
(vm25:r0:0) Connection finished, received 1073741825 bytes
(vm25:r0) thread 0 joined, 29 connections remaining
(vm25:r0) Starting new connection thread
(vm25:r0) Maximum number of connections reached (5), waiting for a thread to finish
(vm25:r0:0) Connection established
(vm25:m0) Got connection from reducer vm1:r0
(vm25:m0:0) thread started, have to send 1073741824 bytes
(vm25:m0:0) all data sent, thread exiting
(vm25:r0:0) Connection finished, received 1073741825 bytes
(vm25:r0) thread 0 joined, 28 connections remaining
(vm25:r0) Starting new connection thread
(vm25:r0) Maximum number of connections reached (5), waiting for a thread to finish
(vm25:r0:0) Connection established
(vm25:m0) Got connection from reducer vm21:r0
(vm25:m0:20) thread started, have to send 1073741824 bytes
(vm25:m0:20) all data sent, thread exiting
(vm25:r0:0) Connection finished, received 1073741825 bytes
(vm25:r0) thread 0 joined, 27 connections remaining
(vm25:r0) Starting new connection thread
(vm25:r0) Maximum number of connections reached (5), waiting for a thread to finish
(vm25:r0:0) Connection established
(vm25:m0) Got connection from reducer vm27:r0
(vm25:m0:26) thread started, have to send 1073741824 bytes
(vm25:m0) Got connection from reducer vm6:r0
(vm25:m0:5) thread started, have to send 1073741824 bytes
(vm25:m0:26) all data sent, thread exiting
(vm25:m0:5) all data sent, thread exiting
(vm25:m0) Got connection from reducer vm14:r0
(vm25:m0:13) thread started, have to send 1073741824 bytes
(vm25:r0:0) Connection finished, received 1073741825 bytes
(vm25:r0) thread 0 joined, 26 connections remaining
(vm25:r0) Starting new connection thread
(vm25:r0) Maximum number of connections reached (5), waiting for a thread to finish
(vm25:r0:0) Connection established
(vm25:m0) Got connection from reducer vm19:r0
(vm25:m0:18) thread started, have to send 1073741824 bytes
(vm25:m0:13) all data sent, thread exiting
(vm25:m0:18) all data sent, thread exiting
(vm25:r0:0) Connection finished, received 1073741825 bytes
(vm25:r0) thread 0 joined, 25 connections remaining
(vm25:r0) Starting new connection thread
(vm25:r0) Maximum number of connections reached (5), waiting for a thread to finish
(vm25:r0:0) Connection established
(vm25:m0) Got connection from reducer vm13:r0
(vm25:m0:12) thread started, have to send 1073741824 bytes
(vm25:m0) Got connection from reducer vm28:r0
(vm25:m0:27) thread started, have to send 1073741824 bytes
(vm25:m0) Got connection from reducer vm7:r0
(vm25:m0:6) thread started, have to send 1073741824 bytes
(vm25:m0:12) all data sent, thread exiting
(vm25:m0:6) all data sent, thread exiting
(vm25:m0:27) all data sent, thread exiting
(vm25:r0:0) Connection finished, received 1073741825 bytes
(vm25:r0) thread 0 joined, 24 connections remaining
(vm25:r0) Starting new connection thread
(vm25:r0) Maximum number of connections reached (5), waiting for a thread to finish
(vm25:r0:0) Connection established
(vm25:m0) Got connection from reducer vm29:r0
(vm25:m0:28) thread started, have to send 1073741824 bytes
(vm25:m0:28) all data sent, thread exiting
(vm25:m0) Got connection from reducer vm30:r0
(vm25:m0:29) thread started, have to send 1073741824 bytes
(vm25:r0:0) Connection finished, received 1073741825 bytes
(vm25:r0) thread 0 joined, 23 connections remaining
(vm25:r0) Starting new connection thread
(vm25:r0) Maximum number of connections reached (5), waiting for a thread to finish
(vm25:r0:0) Connection established
(vm25:m0:29) all data sent, thread exiting
(vm25:m0) Got connection from reducer vm32:r0
(vm25:m0:31) thread started, have to send 1073741824 bytes
(vm25:m0:31) all data sent, thread exiting
(vm25:r0:0) Connection finished, received 1073741825 bytes
(vm25:r0) thread 0 joined, 22 connections remaining
(vm25:r0) Starting new connection thread
(vm25:r0) Maximum number of connections reached (5), waiting for a thread to finish
(vm25:r0:0) Connection established
(vm25:m0) Got connection from reducer vm24:r0
(vm25:m0:23) thread started, have to send 1073741824 bytes
(vm25:m0:23) all data sent, thread exiting
(vm25:r0:0) Connection finished, received 1073741825 bytes
(vm25:r0) thread 0 joined, 21 connections remaining
(vm25:r0) Starting new connection thread
(vm25:r0) Maximum number of connections reached (5), waiting for a thread to finish
(vm25:r0:0) Connection established
(vm25:m0) Got connection from reducer vm26:r0
(vm25:m0:25) thread started, have to send 1073741824 bytes
(vm25:r0:0) Connection finished, received 1073741825 bytes
(vm25:r0) thread 0 joined, 20 connections remaining
(vm25:r0) Starting new connection thread
(vm25:r0) Maximum number of connections reached (5), waiting for a thread to finish
(vm25:r0:0) Connection established
(vm25:m0:25) all data sent, thread exiting
(vm25:m0) Got connection from reducer vm12:r0
(vm25:m0:11) thread started, have to send 1073741824 bytes
(vm25:m0) Got connection from reducer vm8:r0
(vm25:m0:7) thread started, have to send 1073741824 bytes
(vm25:r0:0) Connection finished, received 1073741825 bytes
(vm25:r0) thread 0 joined, 19 connections remaining
(vm25:r0) Starting new connection thread
(vm25:r0) Maximum number of connections reached (5), waiting for a thread to finish
(vm25:r0:0) Connection established
(vm25:m0:11) all data sent, thread exiting
(vm25:m0:7) all data sent, thread exiting
(vm25:m0) Got connection from reducer vm31:r0
(vm25:m0:30) thread started, have to send 1073741824 bytes
(vm25:m0) Got connection from reducer vm23:r0
(vm25:m0:22) thread started, have to send 1073741824 bytes
(vm25:m0) Got connection from reducer vm9:r0
(vm25:m0:8) thread started, have to send 1073741824 bytes
(vm25:m0) Got connection from reducer vm10:r0
(vm25:m0:9) thread started, have to send 1073741824 bytes
(vm25:r0:0) Connection finished, received 1073741825 bytes
(vm25:r0) thread 0 joined, 18 connections remaining
(vm25:r0) Starting new connection thread
(vm25:r0) Maximum number of connections reached (5), waiting for a thread to finish
(vm25:r0:0) Connection established
(vm25:m0:30) all data sent, thread exiting
(vm25:m0:22) all data sent, thread exiting
(vm25:m0:8) all data sent, thread exiting
(vm25:m0:9) all data sent, thread exiting
(vm25:r0:0) Connection finished, received 1073741825 bytes
(vm25:r0) thread 0 joined, 17 connections remaining
(vm25:r0) Starting new connection thread
(vm25:r0) Maximum number of connections reached (5), waiting for a thread to finish
(vm25:r0:0) Connection established
(vm25:m0) Got connection from reducer vm16:r0
(vm25:m0:15) thread started, have to send 1073741824 bytes
(vm25:m0) Got connection from reducer vm4:r0
(vm25:m0:3) thread started, have to send 1073741824 bytes
(vm25:m0) Got connection from reducer vm11:r0
(vm25:m0:10) thread started, have to send 1073741824 bytes
(vm25:r0:0) Connection finished, received 1073741825 bytes
(vm25:r0) thread 0 joined, 16 connections remaining
(vm25:r0) Starting new connection thread
(vm25:r0) Maximum number of connections reached (5), waiting for a thread to finish
(vm25:r0:0) Connection established
(vm25:m0:15) all data sent, thread exiting
(vm25:m0) Got connection from reducer vm2:r0
(vm25:m0:1) thread started, have to send 1073741824 bytes
(vm25:m0) Got connection from reducer vm5:r0
(vm25:m0:4) thread started, have to send 1073741824 bytes
(vm25:m0:3) all data sent, thread exiting
(vm25:m0:10) all data sent, thread exiting
(vm25:m0:1) all data sent, thread exiting
(vm25:r0:0) Connection finished, received 1073741825 bytes
(vm25:r0) thread 0 joined, 15 connections remaining
(vm25:r0) Starting new connection thread
(vm25:r0) Maximum number of connections reached (5), waiting for a thread to finish
(vm25:r0:0) Connection established
(vm25:m0:4) all data sent, thread exiting
(vm25:m0) Got connection from reducer vm3:r0
(vm25:m0:2) thread started, have to send 1073741824 bytes
(vm25:m0) Got connection from reducer vm20:r0
(vm25:m0:19) thread started, have to send 1073741824 bytes
(vm25:m0:2) all data sent, thread exiting
(vm25:m0:19) all data sent, thread exiting
(vm25:r0:0) Connection finished, received 1073741825 bytes
(vm25:r0) thread 0 joined, 14 connections remaining
(vm25:r0) Starting new connection thread
(vm25:r0) Maximum number of connections reached (5), waiting for a thread to finish
(vm25:r0:0) Connection established
(vm25:m0) Got connection from reducer vm22:r0
(vm25:m0:21) thread started, have to send 1073741824 bytes
(vm25:r0:0) Connection finished, received 1073741825 bytes
(vm25:r0) thread 0 joined, 13 connections remaining
(vm25:r0) Starting new connection thread
(vm25:r0) Maximum number of connections reached (5), waiting for a thread to finish
(vm25:r0:0) Connection established
(vm25:m0:21) all data sent, thread exiting
(vm25:r0:0) Connection finished, received 1073741825 bytes
(vm25:r0) thread 0 joined, 12 connections remaining
(vm25:r0) Starting new connection thread
(vm25:r0) Maximum number of connections reached (5), waiting for a thread to finish
(vm25:r0:0) Connection established
(vm25:m0) Got connection from reducer vm25:r0
(vm25:m0:24) thread started, have to send 1073741824 bytes
(vm25:m0) Got connection from reducer vm15:r0
(vm25:m0:14) thread started, have to send 1073741824 bytes
(vm25:m0:24) all data sent, thread exiting
(vm25:r0:0) Connection finished, received 1073741825 bytes
(vm25:r0) thread 0 joined, 11 connections remaining
(vm25:r0) Starting new connection thread
(vm25:r0) Maximum number of connections reached (5), waiting for a thread to finish
(vm25:r0:0) Connection established
(vm25:m0:14) all data sent, thread exiting
(vm25:m0) Got connection from reducer vm17:r0
(vm25:m0:16) thread started, have to send 1073741824 bytes
(vm25:m0) Got connection from reducer vm18:r0
(vm25:m0) Waiting for a thread to finish
(vm25:m0) thread 0 joined, 31 connections remaining
(vm25:m0) Waiting for a thread to finish
(vm25:m0) thread 1 joined, 30 connections remaining
(vm25:m0) Waiting for a thread to finish
(vm25:m0) thread 2 joined, 29 connections remaining
(vm25:m0) Waiting for a thread to finish
(vm25:m0) thread 3 joined, 28 connections remaining
(vm25:m0) Waiting for a thread to finish
(vm25:m0) thread 4 joined, 27 connections remaining
(vm25:m0) Waiting for a thread to finish
(vm25:m0) thread 5 joined, 26 connections remaining
(vm25:m0) Waiting for a thread to finish
(vm25:m0) thread 6 joined, 25 connections remaining
(vm25:m0) Waiting for a thread to finish
(vm25:m0) thread 7 joined, 24 connections remaining
(vm25:m0) Waiting for a thread to finish
(vm25:m0) thread 8 joined, 23 connections remaining
(vm25:m0) Waiting for a thread to finish
(vm25:m0) thread 9 joined, 22 connections remaining
(vm25:m0) Waiting for a thread to finish
(vm25:m0) thread 10 joined, 21 connections remaining
(vm25:m0) Waiting for a thread to finish
(vm25:m0) thread 11 joined, 20 connections remaining
(vm25:m0) Waiting for a thread to finish
(vm25:m0) thread 12 joined, 19 connections remaining
(vm25:m0) Waiting for a thread to finish
(vm25:m0) thread 13 joined, 18 connections remaining
(vm25:m0) Waiting for a thread to finish
(vm25:m0) thread 14 joined, 17 connections remaining
(vm25:m0) Waiting for a thread to finish
(vm25:m0) thread 15 joined, 16 connections remaining
(vm25:m0) Waiting for a thread to finish
(vm25:m0:17) thread started, have to send 1073741824 bytes
(vm25:r0:0) Connection finished, received 1073741825 bytes
(vm25:r0) thread 0 joined, 10 connections remaining
(vm25:r0) Starting new connection thread
(vm25:r0) Maximum number of connections reached (5), waiting for a thread to finish
(vm25:r0:0) Connection established
(vm25:m0:16) all data sent, thread exiting
(vm25:m0) thread 16 joined, 15 connections remaining
(vm25:m0) Waiting for a thread to finish
(vm25:r0:0) Connection finished, received 1073741825 bytes
(vm25:r0) thread 0 joined, 9 connections remaining
(vm25:r0) Starting new connection thread
(vm25:r0) Maximum number of connections reached (5), waiting for a thread to finish
(vm25:r0:0) Connection established
(vm25:m0:17) all data sent, thread exiting
(vm25:m0) thread 17 joined, 14 connections remaining
(vm25:m0) Waiting for a thread to finish
(vm25:m0) thread 18 joined, 13 connections remaining
(vm25:m0) Waiting for a thread to finish
(vm25:m0) thread 19 joined, 12 connections remaining
(vm25:m0) Waiting for a thread to finish
(vm25:m0) thread 20 joined, 11 connections remaining
(vm25:m0) Waiting for a thread to finish
(vm25:m0) thread 21 joined, 10 connections remaining
(vm25:m0) Waiting for a thread to finish
(vm25:m0) thread 22 joined, 9 connections remaining
(vm25:m0) Waiting for a thread to finish
(vm25:m0) thread 23 joined, 8 connections remaining
(vm25:m0) Waiting for a thread to finish
(vm25:m0) thread 24 joined, 7 connections remaining
(vm25:m0) Waiting for a thread to finish
(vm25:m0) thread 25 joined, 6 connections remaining
(vm25:m0) Waiting for a thread to finish
(vm25:m0) thread 26 joined, 5 connections remaining
(vm25:m0) Waiting for a thread to finish
(vm25:m0) thread 27 joined, 4 connections remaining
(vm25:m0) Waiting for a thread to finish
(vm25:m0) thread 28 joined, 3 connections remaining
(vm25:m0) Waiting for a thread to finish
(vm25:m0) thread 29 joined, 2 connections remaining
(vm25:m0) Waiting for a thread to finish
(vm25:m0) thread 30 joined, 1 connections remaining
(vm25:m0) Waiting for a thread to finish
(vm25:m0) thread 31 joined, 0 connections remaining
(vm25:m0) all done, exiting
*RES* start node vm25:m0
*RES* vm25:m0:0,1405424021406,4530,1660,1073741825
*RES* vm25:m0:1,1405424193941,4425,894,1073741825
*RES* vm25:m0:2,1405424200086,3960,933,1073741825
*RES* vm25:m0:3,1405424191195,4342,944,1073741825
*RES* vm25:m0:4,1405424195524,3926,876,1073741825
*RES* vm25:m0:5,1405424082022,6802,2059,1073741825
*RES* vm25:m0:6,1405424124575,5981,1574,1073741825
*RES* vm25:m0:7,1405424173101,4951,1185,1073741825
*RES* vm25:m0:8,1405424180221,5306,936,1073741825
*RES* vm25:m0:9,1405424181137,5074,917,1073741825
*RES* vm25:m0:10,1405424192696,4610,921,1073741825
*RES* vm25:m0:11,1405424173026,4968,1158,1073741825
*RES* vm25:m0:12,1405424119922,5790,1737,1073741825
*RES* vm25:m0:13,1405424090074,10143,1307,1073741825
*RES* vm25:m0:14,1405424213608,2648,825,1073741825
*RES* vm25:m0:15,1405424189799,3943,961,1073741825
*RES* vm25:m0:16,1405424216419,4251,869,1073741825
*RES* vm25:m0:17,1405424216747,4341,881,1073741825
*RES* vm25:m0:18,1405424098770,6204,1503,1073741825
*RES* vm25:m0:19,1405424200478,4034,890,1073741825
*RES* vm25:m0:20,1405424063666,5687,1590,1073741825
*RES* vm25:m0:21,1405424206014,3742,818,1073741825
*RES* vm25:m0:22,1405424179155,5257,892,1073741825
*RES* vm25:m0:23,1405424153243,4902,1579,1073741825
*RES* vm25:m0:24,1405424212618,1959,264,1073741825
*RES* vm25:m0:25,1405424165506,4424,1249,1073741825
*RES* vm25:m0:26,1405424078482,7161,1464,1073741825
*RES* vm25:m0:27,1405424121278,9711,1601,1073741825
*RES* vm25:m0:28,1405424132808,5447,1320,1073741825
*RES* vm25:m0:29,1405424140230,5082,1172,1073741825
*RES* vm25:m0:30,1405424178862,5216,892,1073741825
*RES* vm25:m0:31,1405424146654,6035,2103,1073741825
*RES* end node vm25:m0
Node vm25:m0 joined
(vm25:r0:0) Connection finished, received 1073741825 bytes
(vm25:r0) thread 0 joined, 8 connections remaining
(vm25:r0) Starting new connection thread
(vm25:r0) Maximum number of connections reached (5), waiting for a thread to finish
(vm25:r0:0) Connection established
(vm25:r0:0) Connection finished, received 1073741825 bytes
(vm25:r0) thread 0 joined, 7 connections remaining
(vm25:r0) Starting new connection thread
(vm25:r0) Maximum number of connections reached (5), waiting for a thread to finish
(vm25:r0:0) Connection established
(vm25:r0:0) Connection finished, received 1073741825 bytes
(vm25:r0) thread 0 joined, 6 connections remaining
(vm25:r0) Starting new connection thread
(vm25:r0) Maximum number of connections reached (5), waiting for a thread to finish
(vm25:r0:0) Connection established
(vm25:r0:0) Connection finished, received 1073741825 bytes
(vm25:r0) thread 0 joined, 5 connections remaining
(vm25:r0) Starting new connection thread
(vm25:r0) Maximum number of connections reached (5), waiting for a thread to finish
(vm25:r0:0) Connection established
(vm25:r0:0) Connection finished, received 1073741825 bytes
(vm25:r0) thread 0 joined, 4 connections remaining
(vm25:r0) Maximum number of connections reached (4), waiting for a thread to finish
(vm25:r0) thread 1 joined, 3 connections remaining
(vm25:r0) Maximum number of connections reached (3), waiting for a thread to finish
(vm25:r0) thread 2 joined, 2 connections remaining
(vm25:r0) Maximum number of connections reached (2), waiting for a thread to finish
(vm25:r0) thread 3 joined, 1 connections remaining
(vm25:r0) Maximum number of connections reached (1), waiting for a thread to finish
(vm25:r0) thread 4 joined, 0 connections remaining
(vm25:r0) all done, exiting
*RES* start node vm25:r0
*RES* vm25:r0:0,1405423872523,31061,1003,1073741825
*RES* vm25:r0:0,1405423903590,54868,1229,1073741825
*RES* vm25:r0:0,1405423958462,47738,968,1073741825
*RES* vm25:r0:0,1405424006206,38498,1065,1073741825
*RES* vm25:r0:0,1405424044710,29019,1046,1073741825
*RES* vm25:r0:0,1405424073734,19326,1166,1073741825
*RES* vm25:r0:0,1405424093065,20010,1172,1073741825
*RES* vm25:r0:0,1405424113082,18217,1143,1073741825
*RES* vm25:r0:0,1405424131306,11348,1064,1073741825
*RES* vm25:r0:0,1405424142662,10172,1063,1073741825
*RES* vm25:r0:0,1405424152842,8782,1027,1073741825
*RES* vm25:r0:0,1405424161630,7708,1084,1073741825
*RES* vm25:r0:0,1405424169347,6105,1139,1073741825
*RES* vm25:r0:0,1405424175474,7408,1038,1073741825
*RES* vm25:r0:0,1405424182896,5767,973,1073741825
*RES* vm25:r0:0,1405424188670,4898,967,1073741825
*RES* vm25:r0:0,1405424193581,5017,887,1073741825
*RES* vm25:r0:0,1405424198607,6378,1076,1073741825
*RES* vm25:r0:0,1405424204990,4722,944,1073741825
*RES* vm25:r0:0,1405424209718,2891,1024,1073741825
*RES* vm25:r0:0,1405424212614,1971,711,1073741825
*RES* vm25:r0:0,1405424214594,2488,762,1073741825
*RES* vm25:r0:0,1405424217091,3669,736,1073741825
*RES* vm25:r0:0,1405424220774,1550,673,1073741825
*RES* vm25:r0:0,1405424222334,1254,546,1073741825
*RES* vm25:r0:0,1405424223594,1826,658,1073741825
*RES* vm25:r0:0,1405424225430,1324,600,1073741825
*RES* vm25:r0:0,1405424226758,1408,608,1073741825
*RES* vm25:r0:1,1405423872522,27739,979,1073741825
*RES* vm25:r0:2,1405423872522,34959,1010,1073741825
*RES* vm25:r0:3,1405423872522,32773,1006,1073741825
*RES* vm25:r0:4,1405423872522,34699,1024,1073741825
*RES* end node vm25:r0
Node vm25:r0 joined
Worker terminating correctly
