OSMeF worker starting
Enabling core dumping
Listening for command connection
(vm1:m0) New mapper on port 23330
(vm1:m0) -> reducer data size 9086872956
(vm1:m0) -> reducer data size 9086872956
(vm1:m0) -> reducer data size 9086872956
(vm1:m0) -> reducer data size 9086872956
(vm1:m0) -> reducer data size 9086872956
(vm1:m0) -> reducer data size 9086872956
(vm1:m0) -> reducer data size 9086872956
(vm1:m0) -> reducer data size 9086872956
(vm1:m0) -> reducer data size 9086872956
(vm1:m0) -> reducer data size 9086872956
(vm1:m0) -> reducer data size 9086872956
(vm1:m0) Mapper thread started
(vm1:m0) Allocating data for reducer vm1:r0
(vm1:m0) Allocating data for reducer vm2:r0
(vm1:m0) Allocating data for reducer vm3:r0
(vm1:m0) Allocating data for reducer vm4:r0
(vm1:m0) Allocating data for reducer vm5:r0
(vm1:m0) Allocating data for reducer vm6:r0
(vm1:m0) Allocating data for reducer vm7:r0
(vm1:m0) Allocating data for reducer vm8:r0
(vm1:m0) Allocating data for reducer vm9:r0
(vm1:m0) Allocating data for reducer vm10:r0
(vm1:m0) Allocating data for reducer vm11:r0
(vm1:m0) Binding to port 23330
(vm1:r0) New reducer
(vm1:r0) Reducer thread started
(vm1:r0) waiting for START message
(vm1:r0) got START message
(vm1:r0) Starting new connection thread
(vm1:r0) Starting new connection thread
(vm1:r0) Starting new connection thread
(vm1:r0) Starting new connection thread
(vm1:r0) Starting new connection thread
(vm1:r0) Maximum number of connections reached (5), waiting for a thread to finish
(vm1:r0:3) Connection established
(vm1:r0:4) Connection established
(vm1:r0:2) Connection established
(vm1:r0:1) Connection established
(vm1:r0:0) Connection established
(vm1:m0) Got connection from reducer vm1:r0
(vm1:m0:0) thread started, have to send 9086872956 bytes
(vm1:m0) Got connection from reducer vm2:r0
(vm1:m0) Got connection from reducer vm6:r0
(vm1:m0) Got connection from reducer vm5:r0
(vm1:m0) Got connection from reducer vm8:r0
(vm1:m0) Got connection from reducer vm9:r0
(vm1:m0) Got connection from reducer vm3:r0
(vm1:m0) Got connection from reducer vm7:r0
(vm1:m0) Got connection from reducer vm4:r0
(vm1:m0) Got connection from reducer vm10:r0
(vm1:m0) Got connection from reducer vm11:r0
(vm1:m0) Waiting for a thread to finish
(vm1:m0:9) thread started, have to send 9086872956 bytes
(vm1:m0:2) thread started, have to send 9086872956 bytes
(vm1:m0:6) thread started, have to send 9086872956 bytes
(vm1:m0:5) thread started, have to send 9086872956 bytes
(vm1:m0:10) thread started, have to send 9086872956 bytes
(vm1:m0:4) thread started, have to send 9086872956 bytes
(vm1:m0:7) thread started, have to send 9086872956 bytes
(vm1:m0:3) thread started, have to send 9086872956 bytes
(vm1:m0:1) thread started, have to send 9086872956 bytes
(vm1:m0:8) thread started, have to send 9086872956 bytes
(vm1:m0:0) all data sent, thread exiting
(vm1:m0) thread 0 joined, 10 connections remaining
(vm1:m0) Waiting for a thread to finish
(vm1:r0:0) Connection finished, received 9086872957 bytes
(vm1:r0) thread 0 joined, 10 connections remaining
(vm1:r0) Starting new connection thread
(vm1:r0) Maximum number of connections reached (5), waiting for a thread to finish
(vm1:r0:0) Connection established
(vm1:r0:3) Connection finished, received 9086872957 bytes
(vm1:r0:1) Connection finished, received 9086872957 bytes
(vm1:r0:4) Connection finished, received 9086872957 bytes
(vm1:m0:2) all data sent, thread exiting
(vm1:m0:9) all data sent, thread exiting
(vm1:m0:8) all data sent, thread exiting
(vm1:m0:6) all data sent, thread exiting
(vm1:m0:5) all data sent, thread exiting
(vm1:m0:7) all data sent, thread exiting
(vm1:m0:10) all data sent, thread exiting
(vm1:m0:1) all data sent, thread exiting
(vm1:m0) thread 1 joined, 9 connections remaining
(vm1:m0) Waiting for a thread to finish
(vm1:m0) thread 2 joined, 8 connections remaining
(vm1:m0) Waiting for a thread to finish
(vm1:m0:3) all data sent, thread exiting
(vm1:m0) thread 3 joined, 7 connections remaining
(vm1:m0) Waiting for a thread to finish
(vm1:m0:4) all data sent, thread exiting
(vm1:m0) thread 4 joined, 6 connections remaining
(vm1:m0) Waiting for a thread to finish
(vm1:m0) thread 5 joined, 5 connections remaining
(vm1:m0) Waiting for a thread to finish
(vm1:m0) thread 6 joined, 4 connections remaining
(vm1:m0) Waiting for a thread to finish
(vm1:m0) thread 7 joined, 3 connections remaining
(vm1:m0) Waiting for a thread to finish
(vm1:m0) thread 8 joined, 2 connections remaining
(vm1:m0) Waiting for a thread to finish
(vm1:m0) thread 9 joined, 1 connections remaining
(vm1:m0) Waiting for a thread to finish
(vm1:m0) thread 10 joined, 0 connections remaining
(vm1:m0) all done, exiting
*RES* start node vm1:m0
*RES* vm1:m0:0,1403723262791,72667,2328,9086872957
*RES* vm1:m0:1,1403723262809,100354,6278,9086872957
*RES* vm1:m0:2,1403723262805,98135,6198,9086872957
*RES* vm1:m0:3,1403723262807,101631,6377,9086872957
*RES* vm1:m0:4,1403723262806,102004,6407,9086872957
*RES* vm1:m0:5,1403723262806,98615,6769,9086872957
*RES* vm1:m0:6,1403723262805,98577,6782,9086872957
*RES* vm1:m0:7,1403723262807,99346,6870,9086872957
*RES* vm1:m0:8,1403723262810,98560,6777,9086872957
*RES* vm1:m0:9,1403723262804,98529,6777,9086872957
*RES* vm1:m0:10,1403723262806,99463,6886,9086872957
*RES* end node vm1:m0
Node vm1:m0 joined
(vm1:r0:2) Connection finished, received 9086872957 bytes
(vm1:r0:0) Connection finished, received 9086872957 bytes
(vm1:r0) thread 0 joined, 9 connections remaining
(vm1:r0) Starting new connection thread
(vm1:r0) Maximum number of connections reached (5), waiting for a thread to finish
(vm1:r0:0) Connection established
(vm1:r0:0) Connection finished, received 9086872957 bytes
(vm1:r0) thread 0 joined, 8 connections remaining
(vm1:r0) Starting new connection thread
(vm1:r0) Maximum number of connections reached (5), waiting for a thread to finish
(vm1:r0:0) Connection established
(vm1:r0:0) Connection finished, received 9086872957 bytes
(vm1:r0) thread 0 joined, 7 connections remaining
(vm1:r0) Starting new connection thread
(vm1:r0) Maximum number of connections reached (5), waiting for a thread to finish
(vm1:r0:0) Connection established
(vm1:r0:0) Connection finished, received 9086872957 bytes
(vm1:r0) thread 0 joined, 6 connections remaining
(vm1:r0) Starting new connection thread
(vm1:r0) Maximum number of connections reached (5), waiting for a thread to finish
(vm1:r0:0) Connection established
(vm1:r0:0) Connection finished, received 9086872957 bytes
(vm1:r0) thread 0 joined, 5 connections remaining
(vm1:r0) Starting new connection thread
(vm1:r0) Maximum number of connections reached (5), waiting for a thread to finish
(vm1:r0:0) Connection established
(vm1:r0:0) Connection finished, received 9086872957 bytes
(vm1:r0) thread 0 joined, 4 connections remaining
(vm1:r0) Maximum number of connections reached (4), waiting for a thread to finish
(vm1:r0) thread 1 joined, 3 connections remaining
(vm1:r0) Maximum number of connections reached (3), waiting for a thread to finish
(vm1:r0) thread 2 joined, 2 connections remaining
(vm1:r0) Maximum number of connections reached (2), waiting for a thread to finish
(vm1:r0) thread 3 joined, 1 connections remaining
(vm1:r0) Maximum number of connections reached (1), waiting for a thread to finish
(vm1:r0) thread 4 joined, 0 connections remaining
(vm1:r0) all done, exiting
*RES* start node vm1:r0
*RES* vm1:r0:0,1403723262790,72671,4941,9086872957
*RES* vm1:r0:0,1403723335526,73020,5899,9086872957
*RES* vm1:r0:0,1403723408550,19970,6819,9086872957
*RES* vm1:r0:0,1403723428526,18634,7011,9086872957
*RES* vm1:r0:0,1403723447166,15712,6091,9086872957
*RES* vm1:r0:0,1403723462882,17896,7156,9086872957
*RES* vm1:r0:0,1403723480782,18379,6800,9086872957
*RES* vm1:r0:1,1403723262790,94653,5880,9086872957
*RES* vm1:r0:2,1403723262790,105681,6424,9086872957
*RES* vm1:r0:3,1403723262790,93625,5846,9086872957
*RES* vm1:r0:4,1403723262790,97650,6006,9086872957
*RES* end node vm1:r0
Node vm1:r0 joined
Worker terminating correctly
