OSMeF worker starting
Enabling core dumping
Listening for command connection
(vm5:m0) New mapper on port 23330
(vm5:m0) -> reducer data size 17179869184
(vm5:m0) -> reducer data size 17179869184
(vm5:m0) -> reducer data size 17179869184
(vm5:m0) -> reducer data size 17179869184
(vm5:m0) -> reducer data size 17179869184
(vm5:m0) -> reducer data size 17179869184
(vm5:m0) -> reducer data size 17179869184
(vm5:m0) -> reducer data size 17179869184
(vm5:m0) Mapper thread started
(vm5:m0) Allocating data for reducer vm1:r0
(vm5:m0) Allocating data for reducer vm2:r0
(vm5:m0) Allocating data for reducer vm3:r0
(vm5:m0) Allocating data for reducer vm4:r0
(vm5:m0) Allocating data for reducer vm5:r0
(vm5:m0) Allocating data for reducer vm6:r0
(vm5:m0) Allocating data for reducer vm7:r0
(vm5:m0) Allocating data for reducer vm8:r0
(vm5:m0) Binding to port 23330
(vm5:r0) New reducer
(vm5:r0) Reducer thread started
(vm5:r0) waiting for START message
(vm5:r0) got START message
(vm5:r0) Starting new connection thread
(vm5:r0) Starting new connection thread
(vm5:r0) Starting new connection thread
(vm5:r0) Starting new connection thread
(vm5:r0) Starting new connection thread
(vm5:r0) Maximum number of connections reached (5), waiting for a thread to finish
(vm5:r0:4) Connection established
(vm5:m0) Got connection from reducer vm5:r0
(vm5:m0:4) thread started, have to send 17179869184 bytes
(vm5:r0:1) Connection established
(vm5:m0) Got connection from reducer vm2:r0
(vm5:m0) Got connection from reducer vm8:r0
(vm5:m0) Got connection from reducer vm7:r0
(vm5:m0) Got connection from reducer vm3:r0
(vm5:m0) Got connection from reducer vm6:r0
(vm5:r0:2) Connection established
(vm5:r0:0) Connection established
(vm5:m0:2) thread started, have to send 17179869184 bytes
(vm5:m0:5) thread started, have to send 17179869184 bytes
(vm5:m0:7) thread started, have to send 17179869184 bytes
(vm5:m0) Got connection from reducer vm1:r0
(vm5:m0:6) thread started, have to send 17179869184 bytes
(vm5:m0:1) thread started, have to send 17179869184 bytes
(vm5:r0:3) Connection established
(vm5:m0) Got connection from reducer vm4:r0
(vm5:m0) Waiting for a thread to finish
(vm5:m0:0) thread started, have to send 17179869184 bytes
(vm5:m0:3) thread started, have to send 17179869184 bytes
(vm5:m0:4) all data sent, thread exiting
(vm5:r0:4) Connection finished, received 17179869185 bytes
(vm5:m0:5) all data sent, thread exiting
(vm5:m0:7) all data sent, thread exiting
(vm5:m0:6) all data sent, thread exiting
(vm5:m0:1) all data sent, thread exiting
(vm5:r0:1) Connection finished, received 17179869185 bytes
(vm5:m0:3) all data sent, thread exiting
(vm5:m0:0) all data sent, thread exiting
(vm5:m0) thread 0 joined, 7 connections remaining
(vm5:m0) Waiting for a thread to finish
(vm5:m0) thread 1 joined, 6 connections remaining
(vm5:m0) Waiting for a thread to finish
(vm5:r0:3) Connection finished, received 17179869185 bytes
(vm5:m0:2) all data sent, thread exiting
(vm5:m0) thread 2 joined, 5 connections remaining
(vm5:m0) Waiting for a thread to finish
(vm5:m0) thread 3 joined, 4 connections remaining
(vm5:m0) Waiting for a thread to finish
(vm5:m0) thread 4 joined, 3 connections remaining
(vm5:m0) Waiting for a thread to finish
(vm5:m0) thread 5 joined, 2 connections remaining
(vm5:m0) Waiting for a thread to finish
(vm5:m0) thread 6 joined, 1 connections remaining
(vm5:m0) Waiting for a thread to finish
(vm5:m0) thread 7 joined, 0 connections remaining
(vm5:m0) all done, exiting
*RES* start node vm5:m0
*RES* vm5:m0:0,1403709447486,170667,12294,17179869185
*RES* vm5:m0:1,1403709447475,165527,12211,17179869185
*RES* vm5:m0:2,1403709447474,175937,12381,17179869185
*RES* vm5:m0:3,1403709447494,170422,12177,17179869185
*RES* vm5:m0:4,1403709447470,99064,4648,17179869185
*RES* vm5:m0:5,1403709447474,142550,12762,17179869185
*RES* vm5:m0:6,1403709447475,143469,12779,17179869185
*RES* vm5:m0:7,1403709447475,142984,12793,17179869185
*RES* end node vm5:m0
Node vm5:m0 joined
(vm5:r0:0) Connection finished, received 17179869185 bytes
(vm5:r0) thread 0 joined, 7 connections remaining
(vm5:r0) Starting new connection thread
(vm5:r0) Maximum number of connections reached (5), waiting for a thread to finish
(vm5:r0:0) Connection established
(vm5:r0:2) Connection finished, received 17179869185 bytes
(vm5:r0:0) Connection finished, received 17179869185 bytes
(vm5:r0) thread 0 joined, 6 connections remaining
(vm5:r0) Starting new connection thread
(vm5:r0) Maximum number of connections reached (5), waiting for a thread to finish
(vm5:r0:0) Connection established
(vm5:r0:0) Connection finished, received 17179869185 bytes
(vm5:r0) thread 0 joined, 5 connections remaining
(vm5:r0) Starting new connection thread
(vm5:r0) Maximum number of connections reached (5), waiting for a thread to finish
(vm5:r0:0) Connection established
(vm5:r0:0) Connection finished, received 17179869185 bytes
(vm5:r0) thread 0 joined, 4 connections remaining
(vm5:r0) Maximum number of connections reached (4), waiting for a thread to finish
(vm5:r0) thread 1 joined, 3 connections remaining
(vm5:r0) Maximum number of connections reached (3), waiting for a thread to finish
(vm5:r0) thread 2 joined, 2 connections remaining
(vm5:r0) Maximum number of connections reached (2), waiting for a thread to finish
(vm5:r0) thread 3 joined, 1 connections remaining
(vm5:r0) Maximum number of connections reached (1), waiting for a thread to finish
(vm5:r0) thread 4 joined, 0 connections remaining
(vm5:r0) all done, exiting
*RES* start node vm5:r0
*RES* vm5:r0:0,1403709447473,178906,13143,17179869185
*RES* vm5:r0:0,1403709626383,113965,12928,17179869185
*RES* vm5:r0:0,1403709740352,99404,13916,17179869185
*RES* vm5:r0:0,1403709839761,54970,11426,17179869185
*RES* vm5:r0:1,1403709447470,169101,12666,17179869185
*RES* vm5:r0:2,1403709447470,180089,12927,17179869185
*RES* vm5:r0:3,1403709447470,171959,12838,17179869185
*RES* vm5:r0:4,1403709447469,99134,10125,17179869185
*RES* end node vm5:r0
Node vm5:r0 joined
Worker terminating correctly
