OSMeF worker starting
Enabling core dumping
Listening for command connection
(vm1:m0) New mapper on port 23330
(vm1:m0) -> reducer data size 4294967296
(vm1:m0) -> reducer data size 4294967296
(vm1:m0) -> reducer data size 4294967296
(vm1:m0) -> reducer data size 4294967296
(vm1:m0) -> reducer data size 4294967296
(vm1:m0) -> reducer data size 4294967296
(vm1:m0) -> reducer data size 4294967296
(vm1:m0) -> reducer data size 4294967296
(vm1:m0) -> reducer data size 4294967296
(vm1:m0) -> reducer data size 4294967296
(vm1:m0) -> reducer data size 4294967296
(vm1:m0) -> reducer data size 4294967296
(vm1:m0) -> reducer data size 4294967296
(vm1:m0) -> reducer data size 4294967296
(vm1:m0) -> reducer data size 4294967296
(vm1:m0) -> reducer data size 4294967296
(vm1:m0) Mapper thread started
(vm1:m0) Allocating data for reducer vm1:r0
(vm1:m0) Allocating data for reducer vm2:r0
(vm1:m0) Allocating data for reducer vm3:r0
(vm1:m0) Allocating data for reducer vm4:r0
(vm1:m0) Allocating data for reducer vm5:r0
(vm1:m0) Allocating data for reducer vm6:r0
(vm1:m0) Allocating data for reducer vm7:r0
(vm1:m0) Allocating data for reducer vm8:r0
(vm1:m0) Allocating data for reducer vm9:r0
(vm1:m0) Allocating data for reducer vm10:r0
(vm1:m0) Allocating data for reducer vm11:r0
(vm1:m0) Allocating data for reducer vm12:r0
(vm1:m0) Allocating data for reducer vm13:r0
(vm1:m0) Allocating data for reducer vm14:r0
(vm1:m0) Allocating data for reducer vm15:r0
(vm1:m0) Allocating data for reducer vm16:r0
(vm1:m0) Binding to port 23330
(vm1:r0) New reducer
(vm1:r0) Reducer thread started
(vm1:r0) waiting for START message
(vm1:r0) got START message
(vm1:r0) Starting new connection thread
(vm1:r0) Starting new connection thread
(vm1:r0) Starting new connection thread
(vm1:r0) Starting new connection thread
(vm1:r0) Starting new connection thread
(vm1:r0) Maximum number of connections reached (5), waiting for a thread to finish
(vm1:r0:0) Connection established
(vm1:m0) Got connection from reducer vm1:r0
(vm1:r0:3) Connection established
(vm1:r0:4) Connection established
(vm1:r0:2) Connection established
(vm1:r0:1) Connection established
(vm1:m0:0) thread started, have to send 4294967296 bytes
(vm1:m0) Got connection from reducer vm7:r0
(vm1:m0) Got connection from reducer vm6:r0
(vm1:m0) Got connection from reducer vm2:r0
(vm1:m0) Got connection from reducer vm10:r0
(vm1:m0) Got connection from reducer vm8:r0
(vm1:m0) Got connection from reducer vm9:r0
(vm1:m0) Got connection from reducer vm13:r0
(vm1:m0) Got connection from reducer vm15:r0
(vm1:m0) Got connection from reducer vm14:r0
(vm1:m0) Got connection from reducer vm3:r0
(vm1:m0) Got connection from reducer vm11:r0
(vm1:m0) Got connection from reducer vm16:r0
(vm1:m0) Got connection from reducer vm12:r0
(vm1:m0) Got connection from reducer vm4:r0
(vm1:m0) Got connection from reducer vm5:r0
(vm1:m0) Waiting for a thread to finish
(vm1:m0:5) thread started, have to send 4294967296 bytes
(vm1:m0:6) thread started, have to send 4294967296 bytes
(vm1:m0:11) thread started, have to send 4294967296 bytes
(vm1:m0:13) thread started, have to send 4294967296 bytes
(vm1:m0:8) thread started, have to send 4294967296 bytes
(vm1:m0:12) thread started, have to send 4294967296 bytes
(vm1:m0:10) thread started, have to send 4294967296 bytes
(vm1:m0:15) thread started, have to send 4294967296 bytes
(vm1:m0:3) thread started, have to send 4294967296 bytes
(vm1:m0:2) thread started, have to send 4294967296 bytes
(vm1:m0:1) thread started, have to send 4294967296 bytes
(vm1:m0:9) thread started, have to send 4294967296 bytes
(vm1:m0:14) thread started, have to send 4294967296 bytes
(vm1:m0:7) thread started, have to send 4294967296 bytes
(vm1:m0:4) thread started, have to send 4294967296 bytes
(vm1:m0:0) all data sent, thread exiting
(vm1:m0) thread 0 joined, 15 connections remaining
(vm1:m0) Waiting for a thread to finish
(vm1:r0:0) Connection finished, received 4294967297 bytes
(vm1:r0) thread 0 joined, 15 connections remaining
(vm1:r0) Starting new connection thread
(vm1:r0) Maximum number of connections reached (5), waiting for a thread to finish
(vm1:r0:0) Connection established
(vm1:m0:1) all data sent, thread exiting
(vm1:m0) thread 1 joined, 14 connections remaining
(vm1:m0) Waiting for a thread to finish
(vm1:r0:2) Connection finished, received 4294967297 bytes
(vm1:m0:5) all data sent, thread exiting
(vm1:m0:11) all data sent, thread exiting
(vm1:m0:6) all data sent, thread exiting
(vm1:m0:13) all data sent, thread exiting
(vm1:m0:7) all data sent, thread exiting
(vm1:m0:10) all data sent, thread exiting
(vm1:m0:8) all data sent, thread exiting
(vm1:m0:14) all data sent, thread exiting
(vm1:r0:3) Connection finished, received 4294967297 bytes
(vm1:m0:15) all data sent, thread exiting
(vm1:m0:9) all data sent, thread exiting
(vm1:m0:12) all data sent, thread exiting
(vm1:m0:3) all data sent, thread exiting
(vm1:r0:4) Connection finished, received 4294967297 bytes
(vm1:m0:2) all data sent, thread exiting
(vm1:m0) thread 2 joined, 13 connections remaining
(vm1:m0) Waiting for a thread to finish
(vm1:m0) thread 3 joined, 12 connections remaining
(vm1:m0) Waiting for a thread to finish
(vm1:m0:4) all data sent, thread exiting
(vm1:m0) thread 4 joined, 11 connections remaining
(vm1:m0) Waiting for a thread to finish
(vm1:m0) thread 5 joined, 10 connections remaining
(vm1:m0) Waiting for a thread to finish
(vm1:m0) thread 6 joined, 9 connections remaining
(vm1:m0) Waiting for a thread to finish
(vm1:m0) thread 7 joined, 8 connections remaining
(vm1:m0) Waiting for a thread to finish
(vm1:m0) thread 8 joined, 7 connections remaining
(vm1:m0) Waiting for a thread to finish
(vm1:m0) thread 9 joined, 6 connections remaining
(vm1:m0) Waiting for a thread to finish
(vm1:m0) thread 10 joined, 5 connections remaining
(vm1:m0) Waiting for a thread to finish
(vm1:m0) thread 11 joined, 4 connections remaining
(vm1:m0) Waiting for a thread to finish
(vm1:m0) thread 12 joined, 3 connections remaining
(vm1:m0) Waiting for a thread to finish
(vm1:m0) thread 13 joined, 2 connections remaining
(vm1:m0) Waiting for a thread to finish
(vm1:m0) thread 14 joined, 1 connections remaining
(vm1:m0) Waiting for a thread to finish
(vm1:m0) thread 15 joined, 0 connections remaining
(vm1:m0) all done, exiting
*RES* start node vm1:m0
*RES* vm1:m0:0,1403747623216,44655,1138,4294967297
*RES* vm1:m0:1,1403747623235,61618,2939,4294967297
*RES* vm1:m0:2,1403747623235,64244,3012,4294967297
*RES* vm1:m0:3,1403747623234,64099,2961,4294967297
*RES* vm1:m0:4,1403747623236,64649,3046,4294967297
*RES* vm1:m0:5,1403747623226,63201,3218,4294967297
*RES* vm1:m0:6,1403747623227,63302,3230,4294967297
*RES* vm1:m0:7,1403747623236,63446,3245,4294967297
*RES* vm1:m0:8,1403747623234,63639,3249,4294967297
*RES* vm1:m0:9,1403747623235,63927,3275,4294967297
*RES* vm1:m0:10,1403747623234,63607,3242,4294967297
*RES* vm1:m0:11,1403747623231,63293,3220,4294967297
*RES* vm1:m0:12,1403747623234,63970,3276,4294967297
*RES* vm1:m0:13,1403747623233,63419,3234,4294967297
*RES* vm1:m0:14,1403747623235,63704,3234,4294967297
*RES* vm1:m0:15,1403747623234,63865,3252,4294967297
*RES* end node vm1:m0
Node vm1:m0 joined
(vm1:r0:1) Connection finished, received 4294967297 bytes
(vm1:r0:0) Connection finished, received 4294967297 bytes
(vm1:r0) thread 0 joined, 14 connections remaining
(vm1:r0) Starting new connection thread
(vm1:r0) Maximum number of connections reached (5), waiting for a thread to finish
(vm1:r0:0) Connection established
(vm1:r0:0) Connection finished, received 4294967297 bytes
(vm1:r0) thread 0 joined, 13 connections remaining
(vm1:r0) Starting new connection thread
(vm1:r0) Maximum number of connections reached (5), waiting for a thread to finish
(vm1:r0:0) Connection established
(vm1:r0:0) Connection finished, received 4294967297 bytes
(vm1:r0) thread 0 joined, 12 connections remaining
(vm1:r0) Starting new connection thread
(vm1:r0) Maximum number of connections reached (5), waiting for a thread to finish
(vm1:r0:0) Connection established
(vm1:r0:0) Connection finished, received 4294967297 bytes
(vm1:r0) thread 0 joined, 11 connections remaining
(vm1:r0) Starting new connection thread
(vm1:r0) Maximum number of connections reached (5), waiting for a thread to finish
(vm1:r0:0) Connection established
(vm1:r0:0) Connection finished, received 4294967297 bytes
(vm1:r0) thread 0 joined, 10 connections remaining
(vm1:r0) Starting new connection thread
(vm1:r0) Maximum number of connections reached (5), waiting for a thread to finish
(vm1:r0:0) Connection established
(vm1:r0:0) Connection finished, received 4294967297 bytes
(vm1:r0) thread 0 joined, 9 connections remaining
(vm1:r0) Starting new connection thread
(vm1:r0) Maximum number of connections reached (5), waiting for a thread to finish
(vm1:r0:0) Connection established
(vm1:r0:0) Connection finished, received 4294967297 bytes
(vm1:r0) thread 0 joined, 8 connections remaining
(vm1:r0) Starting new connection thread
(vm1:r0) Maximum number of connections reached (5), waiting for a thread to finish
(vm1:r0:0) Connection established
(vm1:r0:0) Connection finished, received 4294967297 bytes
(vm1:r0) thread 0 joined, 7 connections remaining
(vm1:r0) Starting new connection thread
(vm1:r0) Maximum number of connections reached (5), waiting for a thread to finish
(vm1:r0:0) Connection established
(vm1:r0:0) Connection finished, received 4294967297 bytes
(vm1:r0) thread 0 joined, 6 connections remaining
(vm1:r0) Starting new connection thread
(vm1:r0) Maximum number of connections reached (5), waiting for a thread to finish
(vm1:r0:0) Connection established
(vm1:r0:0) Connection finished, received 4294967297 bytes
(vm1:r0) thread 0 joined, 5 connections remaining
(vm1:r0) Starting new connection thread
(vm1:r0) Maximum number of connections reached (5), waiting for a thread to finish
(vm1:r0:0) Connection established
(vm1:r0:0) Connection finished, received 4294967297 bytes
(vm1:r0) thread 0 joined, 4 connections remaining
(vm1:r0) Maximum number of connections reached (4), waiting for a thread to finish
(vm1:r0) thread 1 joined, 3 connections remaining
(vm1:r0) Maximum number of connections reached (3), waiting for a thread to finish
(vm1:r0) thread 2 joined, 2 connections remaining
(vm1:r0) Maximum number of connections reached (2), waiting for a thread to finish
(vm1:r0) thread 3 joined, 1 connections remaining
(vm1:r0) Maximum number of connections reached (1), waiting for a thread to finish
(vm1:r0) thread 4 joined, 0 connections remaining
(vm1:r0) all done, exiting
*RES* start node vm1:r0
*RES* vm1:r0:0,1403747623216,44718,2329,4294967297
*RES* vm1:r0:0,1403747667995,48482,2862,4294967297
*RES* vm1:r0:0,1403747716482,7072,2810,4294967297
*RES* vm1:r0:0,1403747723558,7846,2952,4294967297
*RES* vm1:r0:0,1403747731410,8049,3170,4294967297
*RES* vm1:r0:0,1403747739466,7663,3418,4294967297
*RES* vm1:r0:0,1403747747138,7691,3496,4294967297
*RES* vm1:r0:0,1403747754834,7501,3019,4294967297
*RES* vm1:r0:0,1403747762342,7765,3040,4294967297
*RES* vm1:r0:0,1403747770114,7888,3105,4294967297
*RES* vm1:r0:0,1403747778006,6569,2713,4294967297
*RES* vm1:r0:0,1403747784582,8011,3165,4294967297
*RES* vm1:r0:1,1403747623216,66492,3063,4294967297
*RES* vm1:r0:2,1403747623216,62968,2852,4294967297
*RES* vm1:r0:3,1403747623216,63778,2893,4294967297
*RES* vm1:r0:4,1403747623216,64266,2889,4294967297
*RES* end node vm1:r0
Node vm1:r0 joined
Worker terminating correctly
