OSMeF worker starting
Enabling core dumping
Listening for command connection
(vm10:m0) New mapper on port 23330
(vm10:m0) -> reducer data size 1307386002
(vm10:m0) -> reducer data size 1307386002
(vm10:m0) -> reducer data size 1307386002
(vm10:m0) -> reducer data size 1307386002
(vm10:m0) -> reducer data size 1307386002
(vm10:m0) -> reducer data size 1307386002
(vm10:m0) -> reducer data size 1307386002
(vm10:m0) -> reducer data size 1307386002
(vm10:m0) -> reducer data size 1307386002
(vm10:m0) -> reducer data size 1307386002
(vm10:m0) -> reducer data size 1307386002
(vm10:m0) -> reducer data size 1307386002
(vm10:m0) -> reducer data size 1307386002
(vm10:m0) -> reducer data size 1307386002
(vm10:m0) -> reducer data size 1307386002
(vm10:m0) -> reducer data size 1307386002
(vm10:m0) -> reducer data size 1307386002
(vm10:m0) -> reducer data size 1307386002
(vm10:m0) -> reducer data size 1307386002
(vm10:m0) -> reducer data size 1307386002
(vm10:m0) -> reducer data size 1307386002
(vm10:m0) -> reducer data size 1307386002
(vm10:m0) -> reducer data size 1307386002
(vm10:m0) -> reducer data size 1307386002
(vm10:m0) -> reducer data size 1307386002
(vm10:m0) -> reducer data size 1307386002
(vm10:m0) -> reducer data size 1307386002
(vm10:m0) -> reducer data size 1307386002
(vm10:m0) -> reducer data size 1307386002
(vm10:m0) Mapper thread started
(vm10:m0) Allocating data for reducer vm1:r0
(vm10:m0) Allocating data for reducer vm2:r0
(vm10:m0) Allocating data for reducer vm3:r0
(vm10:m0) Allocating data for reducer vm4:r0
(vm10:m0) Allocating data for reducer vm5:r0
(vm10:m0) Allocating data for reducer vm6:r0
(vm10:m0) Allocating data for reducer vm7:r0
(vm10:m0) Allocating data for reducer vm8:r0
(vm10:m0) Allocating data for reducer vm9:r0
(vm10:m0) Allocating data for reducer vm10:r0
(vm10:m0) Allocating data for reducer vm11:r0
(vm10:m0) Allocating data for reducer vm12:r0
(vm10:m0) Allocating data for reducer vm13:r0
(vm10:m0) Allocating data for reducer vm14:r0
(vm10:m0) Allocating data for reducer vm15:r0
(vm10:m0) Allocating data for reducer vm16:r0
(vm10:m0) Allocating data for reducer vm17:r0
(vm10:m0) Allocating data for reducer vm18:r0
(vm10:m0) Allocating data for reducer vm19:r0
(vm10:m0) Allocating data for reducer vm20:r0
(vm10:m0) Allocating data for reducer vm21:r0
(vm10:m0) Allocating data for reducer vm22:r0
(vm10:m0) Allocating data for reducer vm23:r0
(vm10:m0) Allocating data for reducer vm24:r0
(vm10:m0) Allocating data for reducer vm25:r0
(vm10:m0) Allocating data for reducer vm26:r0
(vm10:m0) Allocating data for reducer vm27:r0
(vm10:m0) Allocating data for reducer vm28:r0
(vm10:m0) Allocating data for reducer vm29:r0
(vm10:m0) Binding to port 23330
(vm10:r0) New reducer
(vm10:r0) Reducer thread started
(vm10:r0) waiting for START message
(vm10:r0) got START message
(vm10:r0) Starting new connection thread
(vm10:r0) Starting new connection thread
(vm10:r0) Starting new connection thread
(vm10:r0) Starting new connection thread
(vm10:r0) Starting new connection thread
(vm10:r0) Maximum number of connections reached (5), waiting for a thread to finish
(vm10:r0:2) Connection established
(vm10:r0:1) Connection established
(vm10:r0:0) Connection established
(vm10:r0:4) Connection established
(vm10:r0:3) Connection established
(vm10:r0:2) Connection finished, received 1307386003 bytes
(vm10:r0:3) Connection finished, received 1307386003 bytes
(vm10:r0:4) Connection finished, received 1307386003 bytes
(vm10:r0:0) Connection finished, received 1307386003 bytes
(vm10:r0) thread 0 joined, 28 connections remaining
(vm10:r0) Starting new connection thread
(vm10:r0) Maximum number of connections reached (5), waiting for a thread to finish
(vm10:r0:0) Connection established
(vm10:r0:1) Connection finished, received 1307386003 bytes
(vm10:m0) Got connection from reducer vm1:r0
(vm10:m0:0) thread started, have to send 1307386002 bytes
(vm10:m0:0) all data sent, thread exiting
(vm10:r0:0) Connection finished, received 1307386003 bytes
(vm10:r0) thread 0 joined, 27 connections remaining
(vm10:r0) Starting new connection thread
(vm10:r0) Maximum number of connections reached (5), waiting for a thread to finish
(vm10:r0:0) Connection established
(vm10:m0) Got connection from reducer vm19:r0
(vm10:m0:18) thread started, have to send 1307386002 bytes
(vm10:m0:18) all data sent, thread exiting
(vm10:m0) Got connection from reducer vm6:r0
(vm10:m0:5) thread started, have to send 1307386002 bytes
(vm10:m0:5) all data sent, thread exiting
(vm10:r0:0) Connection finished, received 1307386003 bytes
(vm10:r0) thread 0 joined, 26 connections remaining
(vm10:r0) Starting new connection thread
(vm10:r0) Maximum number of connections reached (5), waiting for a thread to finish
(vm10:r0:0) Connection established
(vm10:m0) Got connection from reducer vm18:r0
(vm10:m0:17) thread started, have to send 1307386002 bytes
(vm10:m0:17) all data sent, thread exiting
(vm10:m0) Got connection from reducer vm7:r0
(vm10:m0:6) thread started, have to send 1307386002 bytes
(vm10:m0:6) all data sent, thread exiting
(vm10:m0) Got connection from reducer vm29:r0
(vm10:m0:28) thread started, have to send 1307386002 bytes
(vm10:m0:28) all data sent, thread exiting
(vm10:m0) Got connection from reducer vm9:r0
(vm10:m0:8) thread started, have to send 1307386002 bytes
(vm10:m0) Got connection from reducer vm14:r0
(vm10:m0:13) thread started, have to send 1307386002 bytes
(vm10:m0:8) all data sent, thread exiting
(vm10:m0:13) all data sent, thread exiting
(vm10:r0:0) Connection finished, received 1307386003 bytes
(vm10:r0) thread 0 joined, 25 connections remaining
(vm10:r0) Starting new connection thread
(vm10:r0) Maximum number of connections reached (5), waiting for a thread to finish
(vm10:r0:0) Connection established
(vm10:m0) Got connection from reducer vm8:r0
(vm10:m0:7) thread started, have to send 1307386002 bytes
(vm10:m0) Got connection from reducer vm13:r0
(vm10:m0:12) thread started, have to send 1307386002 bytes
(vm10:m0:7) all data sent, thread exiting
(vm10:m0:12) all data sent, thread exiting
(vm10:m0) Got connection from reducer vm22:r0
(vm10:m0:21) thread started, have to send 1307386002 bytes
(vm10:m0) Got connection from reducer vm26:r0
(vm10:m0:25) thread started, have to send 1307386002 bytes
(vm10:m0:21) all data sent, thread exiting
(vm10:m0:25) all data sent, thread exiting
(vm10:m0) Got connection from reducer vm21:r0
(vm10:m0:20) thread started, have to send 1307386002 bytes
(vm10:m0) Got connection from reducer vm25:r0
(vm10:m0:24) thread started, have to send 1307386002 bytes
(vm10:m0) Got connection from reducer vm4:r0
(vm10:m0:3) thread started, have to send 1307386002 bytes
(vm10:r0:0) Connection finished, received 1307386003 bytes
(vm10:r0) thread 0 joined, 24 connections remaining
(vm10:r0) Starting new connection thread
(vm10:r0) Maximum number of connections reached (5), waiting for a thread to finish
(vm10:r0:0) Connection established
(vm10:m0) Got connection from reducer vm10:r0
(vm10:m0:9) thread started, have to send 1307386002 bytes
(vm10:m0) Got connection from reducer vm16:r0
(vm10:m0:15) thread started, have to send 1307386002 bytes
(vm10:m0) Got connection from reducer vm15:r0
(vm10:m0:14) thread started, have to send 1307386002 bytes
(vm10:m0) Got connection from reducer vm20:r0
(vm10:m0:19) thread started, have to send 1307386002 bytes
(vm10:m0) Got connection from reducer vm24:r0
(vm10:m0:23) thread started, have to send 1307386002 bytes
(vm10:m0) Got connection from reducer vm17:r0
(vm10:m0:16) thread started, have to send 1307386002 bytes
(vm10:m0) Got connection from reducer vm2:r0
(vm10:m0:1) thread started, have to send 1307386002 bytes
(vm10:m0) Got connection from reducer vm11:r0
(vm10:m0) Got connection from reducer vm5:r0
(vm10:m0:10) thread started, have to send 1307386002 bytes
(vm10:m0:4) thread started, have to send 1307386002 bytes
(vm10:m0) Got connection from reducer vm27:r0
(vm10:m0:26) thread started, have to send 1307386002 bytes
(vm10:m0) Got connection from reducer vm12:r0
(vm10:m0:11) thread started, have to send 1307386002 bytes
(vm10:m0) Got connection from reducer vm23:r0
(vm10:m0:22) thread started, have to send 1307386002 bytes
(vm10:m0) Got connection from reducer vm3:r0
(vm10:m0:2) thread started, have to send 1307386002 bytes
(vm10:m0) Got connection from reducer vm28:r0
(vm10:m0) Waiting for a thread to finish
(vm10:m0) thread 0 joined, 28 connections remaining
(vm10:m0) Waiting for a thread to finish
(vm10:m0:27) thread started, have to send 1307386002 bytes
(vm10:m0:20) all data sent, thread exiting
(vm10:m0:9) all data sent, thread exiting
(vm10:r0:0) Connection finished, received 1307386003 bytes
(vm10:r0) thread 0 joined, 23 connections remaining
(vm10:r0) Starting new connection thread
(vm10:r0) Maximum number of connections reached (5), waiting for a thread to finish
(vm10:r0:0) Connection established
(vm10:m0:24) all data sent, thread exiting
(vm10:m0:3) all data sent, thread exiting
(vm10:m0:19) all data sent, thread exiting
(vm10:m0:23) all data sent, thread exiting
(vm10:m0:14) all data sent, thread exiting
(vm10:m0:1) all data sent, thread exiting
(vm10:m0) thread 1 joined, 27 connections remaining
(vm10:m0) Waiting for a thread to finish
(vm10:m0:15) all data sent, thread exiting
(vm10:m0:16) all data sent, thread exiting
(vm10:m0:10) all data sent, thread exiting
(vm10:m0:4) all data sent, thread exiting
(vm10:m0:27) all data sent, thread exiting
(vm10:m0:22) all data sent, thread exiting
(vm10:m0:11) all data sent, thread exiting
(vm10:m0:2) all data sent, thread exiting
(vm10:m0) thread 2 joined, 26 connections remaining
(vm10:m0) Waiting for a thread to finish
(vm10:m0) thread 3 joined, 25 connections remaining
(vm10:m0) Waiting for a thread to finish
(vm10:m0) thread 4 joined, 24 connections remaining
(vm10:m0) Waiting for a thread to finish
(vm10:m0) thread 5 joined, 23 connections remaining
(vm10:m0) Waiting for a thread to finish
(vm10:m0) thread 6 joined, 22 connections remaining
(vm10:m0) Waiting for a thread to finish
(vm10:m0) thread 7 joined, 21 connections remaining
(vm10:m0) Waiting for a thread to finish
(vm10:m0) thread 8 joined, 20 connections remaining
(vm10:m0) Waiting for a thread to finish
(vm10:m0) thread 9 joined, 19 connections remaining
(vm10:m0) Waiting for a thread to finish
(vm10:m0) thread 10 joined, 18 connections remaining
(vm10:m0) Waiting for a thread to finish
(vm10:m0) thread 11 joined, 17 connections remaining
(vm10:m0) Waiting for a thread to finish
(vm10:m0) thread 12 joined, 16 connections remaining
(vm10:m0) Waiting for a thread to finish
(vm10:m0) thread 13 joined, 15 connections remaining
(vm10:m0) Waiting for a thread to finish
(vm10:m0) thread 14 joined, 14 connections remaining
(vm10:m0) Waiting for a thread to finish
(vm10:m0) thread 15 joined, 13 connections remaining
(vm10:m0) Waiting for a thread to finish
(vm10:m0) thread 16 joined, 12 connections remaining
(vm10:m0) Waiting for a thread to finish
(vm10:m0) thread 17 joined, 11 connections remaining
(vm10:m0) Waiting for a thread to finish
(vm10:m0) thread 18 joined, 10 connections remaining
(vm10:m0) Waiting for a thread to finish
(vm10:m0) thread 19 joined, 9 connections remaining
(vm10:m0) Waiting for a thread to finish
(vm10:m0) thread 20 joined, 8 connections remaining
(vm10:m0) Waiting for a thread to finish
(vm10:m0) thread 21 joined, 7 connections remaining
(vm10:m0) Waiting for a thread to finish
(vm10:m0) thread 22 joined, 6 connections remaining
(vm10:m0) Waiting for a thread to finish
(vm10:m0) thread 23 joined, 5 connections remaining
(vm10:m0) Waiting for a thread to finish
(vm10:m0) thread 24 joined, 4 connections remaining
(vm10:m0) Waiting for a thread to finish
(vm10:m0) thread 25 joined, 3 connections remaining
(vm10:m0) Waiting for a thread to finish
(vm10:m0:26) all data sent, thread exiting
(vm10:m0) thread 26 joined, 2 connections remaining
(vm10:m0) Waiting for a thread to finish
(vm10:m0) thread 27 joined, 1 connections remaining
(vm10:m0) Waiting for a thread to finish
(vm10:m0) thread 28 joined, 0 connections remaining
(vm10:m0) all done, exiting
*RES* start node vm10:m0
*RES* vm10:m0:0,1404912398609,5672,1663,1307386003
*RES* vm10:m0:1,1404912542261,20486,1118,1307386003
*RES* vm10:m0:2,1404912543032,22414,1178,1307386003
*RES* vm10:m0:3,1404912540807,19815,1169,1307386003
*RES* vm10:m0:4,1404912542618,21188,1161,1307386003
*RES* vm10:m0:5,1404912422417,5509,1933,1307386003
*RES* vm10:m0:6,1404912477385,5455,1833,1307386003
*RES* vm10:m0:7,1404912509609,10910,2733,1307386003
*RES* vm10:m0:8,1404912493685,8170,1789,1307386003
*RES* vm10:m0:9,1404912541333,16006,419,1307386003
*RES* vm10:m0:10,1404912542613,21046,1125,1307386003
*RES* vm10:m0:11,1404912542793,22276,1159,1307386003
*RES* vm10:m0:12,1404912512565,8958,2454,1307386003
*RES* vm10:m0:13,1404912496670,6979,2299,1307386003
*RES* vm10:m0:14,1404912541522,20876,1147,1307386003
*RES* vm10:m0:15,1404912541493,21690,1119,1307386003
*RES* vm10:m0:16,1404912542041,21306,1128,1307386003
*RES* vm10:m0:17,1404912462645,6869,1915,1307386003
*RES* vm10:m0:18,1404912407449,4933,1886,1307386003
*RES* vm10:m0:19,1404912541538,20658,1110,1307386003
*RES* vm10:m0:20,1404912540449,15392,1135,1307386003
*RES* vm10:m0:21,1404912525105,6794,1959,1307386003
*RES* vm10:m0:22,1404912542961,22088,1152,1307386003
*RES* vm10:m0:23,1404912541933,20296,1126,1307386003
*RES* vm10:m0:24,1404912540758,19349,1165,1307386003
*RES* vm10:m0:25,1404912527440,6730,1918,1307386003
*RES* vm10:m0:26,1404912542688,22762,1181,1307386003
*RES* vm10:m0:27,1404912543370,20890,1117,1307386003
*RES* vm10:m0:28,1404912487997,5630,1770,1307386003
*RES* end node vm10:m0
Node vm10:m0 joined
(vm10:r0:0) Connection finished, received 1307386003 bytes
(vm10:r0) thread 0 joined, 22 connections remaining
(vm10:r0) Starting new connection thread
(vm10:r0) Maximum number of connections reached (5), waiting for a thread to finish
(vm10:r0:0) Connection established
(vm10:r0:0) Connection finished, received 1307386003 bytes
(vm10:r0) thread 0 joined, 21 connections remaining
(vm10:r0) Starting new connection thread
(vm10:r0) Maximum number of connections reached (5), waiting for a thread to finish
(vm10:r0:0) Connection established
(vm10:r0:0) Connection finished, received 1307386003 bytes
(vm10:r0) thread 0 joined, 20 connections remaining
(vm10:r0) Starting new connection thread
(vm10:r0) Maximum number of connections reached (5), waiting for a thread to finish
(vm10:r0:0) Connection established
(vm10:r0:0) Connection finished, received 1307386003 bytes
(vm10:r0) thread 0 joined, 19 connections remaining
(vm10:r0) Starting new connection thread
(vm10:r0) Maximum number of connections reached (5), waiting for a thread to finish
(vm10:r0:0) Connection established
(vm10:r0:0) Connection finished, received 1307386003 bytes
(vm10:r0) thread 0 joined, 18 connections remaining
(vm10:r0) Starting new connection thread
(vm10:r0) Maximum number of connections reached (5), waiting for a thread to finish
(vm10:r0:0) Connection established
(vm10:r0:0) Connection finished, received 1307386003 bytes
(vm10:r0) thread 0 joined, 17 connections remaining
(vm10:r0) Starting new connection thread
(vm10:r0) Maximum number of connections reached (5), waiting for a thread to finish
(vm10:r0:0) Connection established
(vm10:r0:0) Connection finished, received 1307386003 bytes
(vm10:r0) thread 0 joined, 16 connections remaining
(vm10:r0) Starting new connection thread
(vm10:r0) Maximum number of connections reached (5), waiting for a thread to finish
(vm10:r0:0) Connection established
(vm10:r0:0) Connection finished, received 1307386003 bytes
(vm10:r0) thread 0 joined, 15 connections remaining
(vm10:r0) Starting new connection thread
(vm10:r0) Maximum number of connections reached (5), waiting for a thread to finish
(vm10:r0:0) Connection established
(vm10:r0:0) Connection finished, received 1307386003 bytes
(vm10:r0) thread 0 joined, 14 connections remaining
(vm10:r0) Starting new connection thread
(vm10:r0) Maximum number of connections reached (5), waiting for a thread to finish
(vm10:r0:0) Connection established
(vm10:r0:0) Connection finished, received 1307386003 bytes
(vm10:r0) thread 0 joined, 13 connections remaining
(vm10:r0) Starting new connection thread
(vm10:r0) Maximum number of connections reached (5), waiting for a thread to finish
(vm10:r0:0) Connection established
(vm10:r0:0) Connection finished, received 1307386003 bytes
(vm10:r0) thread 0 joined, 12 connections remaining
(vm10:r0) Starting new connection thread
(vm10:r0) Maximum number of connections reached (5), waiting for a thread to finish
(vm10:r0:0) Connection established
(vm10:r0:0) Connection finished, received 1307386003 bytes
(vm10:r0) thread 0 joined, 11 connections remaining
(vm10:r0) Starting new connection thread
(vm10:r0) Maximum number of connections reached (5), waiting for a thread to finish
(vm10:r0:0) Connection established
(vm10:r0:0) Connection finished, received 1307386003 bytes
(vm10:r0) thread 0 joined, 10 connections remaining
(vm10:r0) Starting new connection thread
(vm10:r0) Maximum number of connections reached (5), waiting for a thread to finish
(vm10:r0:0) Connection established
(vm10:r0:0) Connection finished, received 1307386003 bytes
(vm10:r0) thread 0 joined, 9 connections remaining
(vm10:r0) Starting new connection thread
(vm10:r0) Maximum number of connections reached (5), waiting for a thread to finish
(vm10:r0:0) Connection established
(vm10:r0:0) Connection finished, received 1307386003 bytes
(vm10:r0) thread 0 joined, 8 connections remaining
(vm10:r0) Starting new connection thread
(vm10:r0) Maximum number of connections reached (5), waiting for a thread to finish
(vm10:r0:0) Connection established
(vm10:r0:0) Connection finished, received 1307386003 bytes
(vm10:r0) thread 0 joined, 7 connections remaining
(vm10:r0) Starting new connection thread
(vm10:r0) Maximum number of connections reached (5), waiting for a thread to finish
(vm10:r0:0) Connection established
(vm10:r0:0) Connection finished, received 1307386003 bytes
(vm10:r0) thread 0 joined, 6 connections remaining
(vm10:r0) Starting new connection thread
(vm10:r0) Maximum number of connections reached (5), waiting for a thread to finish
(vm10:r0:0) Connection established
(vm10:r0:0) Connection finished, received 1307386003 bytes
(vm10:r0) thread 0 joined, 5 connections remaining
(vm10:r0) Starting new connection thread
(vm10:r0) Maximum number of connections reached (5), waiting for a thread to finish
(vm10:r0:0) Connection established
(vm10:r0:0) Connection finished, received 1307386003 bytes
(vm10:r0) thread 0 joined, 4 connections remaining
(vm10:r0) Maximum number of connections reached (4), waiting for a thread to finish
(vm10:r0) thread 1 joined, 3 connections remaining
(vm10:r0) Maximum number of connections reached (3), waiting for a thread to finish
(vm10:r0) thread 2 joined, 2 connections remaining
(vm10:r0) Maximum number of connections reached (2), waiting for a thread to finish
(vm10:r0) thread 3 joined, 1 connections remaining
(vm10:r0) Maximum number of connections reached (1), waiting for a thread to finish
(vm10:r0) thread 4 joined, 0 connections remaining
(vm10:r0) all done, exiting
*RES* start node vm10:r0
*RES* vm10:r0:0,1404912288691,41397,1274,1307386003
*RES* vm10:r0:0,1404912330093,75536,2166,1307386003
*RES* vm10:r0:0,1404912405633,51825,1419,1307386003
*RES* vm10:r0:0,1404912457465,51967,1556,1307386003
*RES* vm10:r0:0,1404912509437,31883,1509,1307386003
*RES* vm10:r0:0,1404912541325,16047,1117,1307386003
*RES* vm10:r0:0,1404912557479,20873,1178,1307386003
*RES* vm10:r0:0,1404912578357,7632,1341,1307386003
*RES* vm10:r0:0,1404912585993,4663,1570,1307386003
*RES* vm10:r0:0,1404912590661,6241,1851,1307386003
*RES* vm10:r0:0,1404912596909,5606,1763,1307386003
*RES* vm10:r0:0,1404912602521,5217,2036,1307386003
*RES* vm10:r0:0,1404912607745,4946,1799,1307386003
*RES* vm10:r0:0,1404912612697,4293,1843,1307386003
*RES* vm10:r0:0,1404912616997,3720,1499,1307386003
*RES* vm10:r0:0,1404912620725,4452,1368,1307386003
*RES* vm10:r0:0,1404912625181,4441,1228,1307386003
*RES* vm10:r0:0,1404912629629,4494,1260,1307386003
*RES* vm10:r0:0,1404912634129,3533,1253,1307386003
*RES* vm10:r0:0,1404912637669,4116,1173,1307386003
*RES* vm10:r0:0,1404912641789,3157,1147,1307386003
*RES* vm10:r0:0,1404912644953,2949,1281,1307386003
*RES* vm10:r0:0,1404912647909,3013,1018,1307386003
*RES* vm10:r0:0,1404912650929,3467,1014,1307386003
*RES* vm10:r0:0,1404912654401,2283,972,1307386003
*RES* vm10:r0:1,1404912288691,44617,1339,1307386003
*RES* vm10:r0:2,1404912288691,37396,1287,1307386003
*RES* vm10:r0:3,1404912288691,39670,1293,1307386003
*RES* vm10:r0:4,1404912288691,40987,1276,1307386003
*RES* end node vm10:r0
Node vm10:r0 joined
Worker terminating correctly
