OSMeF worker starting
Enabling core dumping
Listening for command connection
(vm24:m0) New mapper on port 23330
(vm24:m0) -> reducer data size 1307386002
(vm24:m0) -> reducer data size 1307386002
(vm24:m0) -> reducer data size 1307386002
(vm24:m0) -> reducer data size 1307386002
(vm24:m0) -> reducer data size 1307386002
(vm24:m0) -> reducer data size 1307386002
(vm24:m0) -> reducer data size 1307386002
(vm24:m0) -> reducer data size 1307386002
(vm24:m0) -> reducer data size 1307386002
(vm24:m0) -> reducer data size 1307386002
(vm24:m0) -> reducer data size 1307386002
(vm24:m0) -> reducer data size 1307386002
(vm24:m0) -> reducer data size 1307386002
(vm24:m0) -> reducer data size 1307386002
(vm24:m0) -> reducer data size 1307386002
(vm24:m0) -> reducer data size 1307386002
(vm24:m0) -> reducer data size 1307386002
(vm24:m0) -> reducer data size 1307386002
(vm24:m0) -> reducer data size 1307386002
(vm24:m0) -> reducer data size 1307386002
(vm24:m0) -> reducer data size 1307386002
(vm24:m0) -> reducer data size 1307386002
(vm24:m0) -> reducer data size 1307386002
(vm24:m0) -> reducer data size 1307386002
(vm24:m0) -> reducer data size 1307386002
(vm24:m0) -> reducer data size 1307386002
(vm24:m0) -> reducer data size 1307386002
(vm24:m0) -> reducer data size 1307386002
(vm24:m0) -> reducer data size 1307386002
(vm24:m0) Mapper thread started
(vm24:m0) Allocating data for reducer vm1:r0
(vm24:m0) Allocating data for reducer vm2:r0
(vm24:m0) Allocating data for reducer vm3:r0
(vm24:m0) Allocating data for reducer vm4:r0
(vm24:m0) Allocating data for reducer vm5:r0
(vm24:m0) Allocating data for reducer vm6:r0
(vm24:m0) Allocating data for reducer vm7:r0
(vm24:m0) Allocating data for reducer vm8:r0
(vm24:m0) Allocating data for reducer vm9:r0
(vm24:m0) Allocating data for reducer vm10:r0
(vm24:m0) Allocating data for reducer vm11:r0
(vm24:m0) Allocating data for reducer vm12:r0
(vm24:m0) Allocating data for reducer vm13:r0
(vm24:m0) Allocating data for reducer vm14:r0
(vm24:m0) Allocating data for reducer vm15:r0
(vm24:m0) Allocating data for reducer vm16:r0
(vm24:m0) Allocating data for reducer vm17:r0
(vm24:m0) Allocating data for reducer vm18:r0
(vm24:m0) Allocating data for reducer vm19:r0
(vm24:m0) Allocating data for reducer vm20:r0
(vm24:m0) Allocating data for reducer vm21:r0
(vm24:m0) Allocating data for reducer vm22:r0
(vm24:m0) Allocating data for reducer vm23:r0
(vm24:m0) Allocating data for reducer vm24:r0
(vm24:m0) Allocating data for reducer vm25:r0
(vm24:m0) Allocating data for reducer vm26:r0
(vm24:m0) Allocating data for reducer vm27:r0
(vm24:m0) Allocating data for reducer vm28:r0
(vm24:m0) Allocating data for reducer vm29:r0
(vm24:m0) Binding to port 23330
(vm24:r0) New reducer
(vm24:r0) Reducer thread started
(vm24:r0) waiting for START message
(vm24:r0) got START message
(vm24:r0) Starting new connection thread
(vm24:r0) Starting new connection thread
(vm24:r0) Starting new connection thread
(vm24:r0) Starting new connection thread
(vm24:r0) Starting new connection thread
(vm24:r0) Maximum number of connections reached (5), waiting for a thread to finish
(vm24:r0:2) Connection established
(vm24:r0:4) Connection established
(vm24:r0:0) Connection established
(vm24:r0:1) Connection established
(vm24:r0:3) Connection established
(vm24:r0:1) Connection finished, received 1307386003 bytes
(vm24:r0:4) Connection finished, received 1307386003 bytes
(vm24:r0:2) Connection finished, received 1307386003 bytes
(vm24:r0:3) Connection finished, received 1307386003 bytes
(vm24:r0:0) Connection finished, received 1307386003 bytes
(vm24:r0) thread 0 joined, 28 connections remaining
(vm24:r0) Starting new connection thread
(vm24:r0) Maximum number of connections reached (5), waiting for a thread to finish
(vm24:r0:0) Connection established
(vm24:r0:0) Connection finished, received 1307386003 bytes
(vm24:r0) thread 0 joined, 27 connections remaining
(vm24:r0) Starting new connection thread
(vm24:r0) Maximum number of connections reached (5), waiting for a thread to finish
(vm24:r0:0) Connection established
(vm24:r0:0) Connection finished, received 1307386003 bytes
(vm24:r0) thread 0 joined, 26 connections remaining
(vm24:r0) Starting new connection thread
(vm24:r0) Maximum number of connections reached (5), waiting for a thread to finish
(vm24:r0:0) Connection established
(vm24:m0) Got connection from reducer vm1:r0
(vm24:m0:0) thread started, have to send 1307386002 bytes
(vm24:r0:0) Connection finished, received 1307386003 bytes
(vm24:r0) thread 0 joined, 25 connections remaining
(vm24:r0) Starting new connection thread
(vm24:r0) Maximum number of connections reached (5), waiting for a thread to finish
(vm24:r0:0) Connection established
(vm24:m0:0) all data sent, thread exiting
(vm24:m0) Got connection from reducer vm6:r0
(vm24:m0:5) thread started, have to send 1307386002 bytes
(vm24:r0:0) Connection finished, received 1307386003 bytes
(vm24:r0) thread 0 joined, 24 connections remaining
(vm24:r0) Starting new connection thread
(vm24:r0) Maximum number of connections reached (5), waiting for a thread to finish
(vm24:r0:0) Connection established
(vm24:m0) Got connection from reducer vm20:r0
(vm24:m0:19) thread started, have to send 1307386002 bytes
(vm24:m0:5) all data sent, thread exiting
(vm24:m0:19) all data sent, thread exiting
(vm24:r0:0) Connection finished, received 1307386003 bytes
(vm24:r0) thread 0 joined, 23 connections remaining
(vm24:r0) Starting new connection thread
(vm24:r0) Maximum number of connections reached (5), waiting for a thread to finish
(vm24:r0:0) Connection established
(vm24:m0) Got connection from reducer vm7:r0
(vm24:m0:6) thread started, have to send 1307386002 bytes
(vm24:m0:6) all data sent, thread exiting
(vm24:m0) Got connection from reducer vm25:r0
(vm24:m0:24) thread started, have to send 1307386002 bytes
(vm24:m0) Got connection from reducer vm29:r0
(vm24:m0:28) thread started, have to send 1307386002 bytes
(vm24:r0:0) Connection finished, received 1307386003 bytes
(vm24:r0) thread 0 joined, 22 connections remaining
(vm24:r0) Starting new connection thread
(vm24:r0) Maximum number of connections reached (5), waiting for a thread to finish
(vm24:r0:0) Connection established
(vm24:m0) Got connection from reducer vm22:r0
(vm24:m0:21) thread started, have to send 1307386002 bytes
(vm24:m0:24) all data sent, thread exiting
(vm24:m0:28) all data sent, thread exiting
(vm24:m0:21) all data sent, thread exiting
(vm24:m0) Got connection from reducer vm14:r0
(vm24:m0:13) thread started, have to send 1307386002 bytes
(vm24:r0:0) Connection finished, received 1307386003 bytes
(vm24:r0) thread 0 joined, 21 connections remaining
(vm24:r0) Starting new connection thread
(vm24:r0) Maximum number of connections reached (5), waiting for a thread to finish
(vm24:r0:0) Connection established
(vm24:m0:13) all data sent, thread exiting
(vm24:m0) Got connection from reducer vm10:r0
(vm24:m0:9) thread started, have to send 1307386002 bytes
(vm24:r0:0) Connection finished, received 1307386003 bytes
(vm24:r0) thread 0 joined, 20 connections remaining
(vm24:r0) Starting new connection thread
(vm24:r0) Maximum number of connections reached (5), waiting for a thread to finish
(vm24:r0:0) Connection established
(vm24:m0:9) all data sent, thread exiting
(vm24:r0:0) Connection finished, received 1307386003 bytes
(vm24:r0) thread 0 joined, 19 connections remaining
(vm24:r0) Starting new connection thread
(vm24:r0) Maximum number of connections reached (5), waiting for a thread to finish
(vm24:r0:0) Connection established
(vm24:m0) Got connection from reducer vm23:r0
(vm24:m0:22) thread started, have to send 1307386002 bytes
(vm24:m0) Got connection from reducer vm17:r0
(vm24:m0:16) thread started, have to send 1307386002 bytes
(vm24:m0:22) all data sent, thread exiting
(vm24:r0:0) Connection finished, received 1307386003 bytes
(vm24:r0) thread 0 joined, 18 connections remaining
(vm24:r0) Starting new connection thread
(vm24:r0) Maximum number of connections reached (5), waiting for a thread to finish
(vm24:r0:0) Connection established
(vm24:m0) Got connection from reducer vm8:r0
(vm24:m0:7) thread started, have to send 1307386002 bytes
(vm24:m0:16) all data sent, thread exiting
(vm24:m0) Got connection from reducer vm9:r0
(vm24:m0:8) thread started, have to send 1307386002 bytes
(vm24:m0:7) all data sent, thread exiting
(vm24:r0:0) Connection finished, received 1307386003 bytes
(vm24:r0) thread 0 joined, 17 connections remaining
(vm24:r0) Starting new connection thread
(vm24:r0) Maximum number of connections reached (5), waiting for a thread to finish
(vm24:r0:0) Connection established
(vm24:m0) Got connection from reducer vm19:r0
(vm24:m0:18) thread started, have to send 1307386002 bytes
(vm24:m0:8) all data sent, thread exiting
(vm24:m0) Got connection from reducer vm12:r0
(vm24:m0:11) thread started, have to send 1307386002 bytes
(vm24:m0) Got connection from reducer vm2:r0
(vm24:m0:1) thread started, have to send 1307386002 bytes
(vm24:m0) Got connection from reducer vm11:r0
(vm24:m0:10) thread started, have to send 1307386002 bytes
(vm24:m0:18) all data sent, thread exiting
(vm24:m0:1) all data sent, thread exiting
(vm24:m0:11) all data sent, thread exiting
(vm24:m0) Got connection from reducer vm27:r0
(vm24:m0:26) thread started, have to send 1307386002 bytes
(vm24:m0:10) all data sent, thread exiting
(vm24:m0) Got connection from reducer vm4:r0
(vm24:m0:3) thread started, have to send 1307386002 bytes
(vm24:r0:0) Connection finished, received 1307386003 bytes
(vm24:r0) thread 0 joined, 16 connections remaining
(vm24:r0) Starting new connection thread
(vm24:r0) Maximum number of connections reached (5), waiting for a thread to finish
(vm24:r0:0) Connection established
(vm24:m0:3) all data sent, thread exiting
(vm24:m0) Got connection from reducer vm28:r0
(vm24:m0:27) thread started, have to send 1307386002 bytes
(vm24:m0:26) all data sent, thread exiting
(vm24:m0) Got connection from reducer vm3:r0
(vm24:m0:2) thread started, have to send 1307386002 bytes
(vm24:r0:0) Connection finished, received 1307386003 bytes
(vm24:r0) thread 0 joined, 15 connections remaining
(vm24:r0) Starting new connection thread
(vm24:r0) Maximum number of connections reached (5), waiting for a thread to finish
(vm24:r0:0) Connection established
(vm24:m0:2) all data sent, thread exiting
(vm24:m0:27) all data sent, thread exiting
(vm24:m0) Got connection from reducer vm13:r0
(vm24:m0:12) thread started, have to send 1307386002 bytes
(vm24:m0:12) all data sent, thread exiting
(vm24:m0) Got connection from reducer vm21:r0
(vm24:m0:20) thread started, have to send 1307386002 bytes
(vm24:r0:0) Connection finished, received 1307386003 bytes
(vm24:r0) thread 0 joined, 14 connections remaining
(vm24:r0) Starting new connection thread
(vm24:r0) Maximum number of connections reached (5), waiting for a thread to finish
(vm24:r0:0) Connection established
(vm24:m0:20) all data sent, thread exiting
(vm24:r0:0) Connection finished, received 1307386003 bytes
(vm24:r0) thread 0 joined, 13 connections remaining
(vm24:r0) Starting new connection thread
(vm24:r0) Maximum number of connections reached (5), waiting for a thread to finish
(vm24:r0:0) Connection established
(vm24:m0) Got connection from reducer vm5:r0
(vm24:m0:4) thread started, have to send 1307386002 bytes
(vm24:m0) Got connection from reducer vm15:r0
(vm24:m0:14) thread started, have to send 1307386002 bytes
(vm24:m0:4) all data sent, thread exiting
(vm24:m0) Got connection from reducer vm16:r0
(vm24:m0:15) thread started, have to send 1307386002 bytes
(vm24:m0:14) all data sent, thread exiting
(vm24:r0:0) Connection finished, received 1307386003 bytes
(vm24:r0) thread 0 joined, 12 connections remaining
(vm24:r0) Starting new connection thread
(vm24:r0) Maximum number of connections reached (5), waiting for a thread to finish
(vm24:r0:0) Connection established
(vm24:m0:15) all data sent, thread exiting
(vm24:r0:0) Connection finished, received 1307386003 bytes
(vm24:r0) thread 0 joined, 11 connections remaining
(vm24:r0) Starting new connection thread
(vm24:r0) Maximum number of connections reached (5), waiting for a thread to finish
(vm24:r0:0) Connection established
(vm24:r0:0) Connection finished, received 1307386003 bytes
(vm24:r0) thread 0 joined, 10 connections remaining
(vm24:r0) Starting new connection thread
(vm24:r0) Maximum number of connections reached (5), waiting for a thread to finish
(vm24:r0:0) Connection established
(vm24:m0) Got connection from reducer vm24:r0
(vm24:m0:23) thread started, have to send 1307386002 bytes
(vm24:m0:23) all data sent, thread exiting
(vm24:r0:0) Connection finished, received 1307386003 bytes
(vm24:r0) thread 0 joined, 9 connections remaining
(vm24:r0) Starting new connection thread
(vm24:r0) Maximum number of connections reached (5), waiting for a thread to finish
(vm24:r0:0) Connection established
(vm24:m0) Got connection from reducer vm18:r0
(vm24:m0:17) thread started, have to send 1307386002 bytes
(vm24:m0) Got connection from reducer vm26:r0
(vm24:m0) Waiting for a thread to finish
(vm24:m0) thread 0 joined, 28 connections remaining
(vm24:m0) Waiting for a thread to finish
(vm24:m0) thread 1 joined, 27 connections remaining
(vm24:m0) Waiting for a thread to finish
(vm24:m0) thread 2 joined, 26 connections remaining
(vm24:m0) Waiting for a thread to finish
(vm24:m0) thread 3 joined, 25 connections remaining
(vm24:m0) Waiting for a thread to finish
(vm24:m0) thread 4 joined, 24 connections remaining
(vm24:m0) Waiting for a thread to finish
(vm24:m0) thread 5 joined, 23 connections remaining
(vm24:m0) Waiting for a thread to finish
(vm24:m0) thread 6 joined, 22 connections remaining
(vm24:m0) Waiting for a thread to finish
(vm24:m0) thread 7 joined, 21 connections remaining
(vm24:m0) Waiting for a thread to finish
(vm24:m0) thread 8 joined, 20 connections remaining
(vm24:m0) Waiting for a thread to finish
(vm24:m0) thread 9 joined, 19 connections remaining
(vm24:m0) Waiting for a thread to finish
(vm24:m0) thread 10 joined, 18 connections remaining
(vm24:m0) Waiting for a thread to finish
(vm24:m0) thread 11 joined, 17 connections remaining
(vm24:m0) Waiting for a thread to finish
(vm24:m0) thread 12 joined, 16 connections remaining
(vm24:m0) Waiting for a thread to finish
(vm24:m0) thread 13 joined, 15 connections remaining
(vm24:m0) Waiting for a thread to finish
(vm24:m0) thread 14 joined, 14 connections remaining
(vm24:m0) Waiting for a thread to finish
(vm24:m0) thread 15 joined, 13 connections remaining
(vm24:m0) Waiting for a thread to finish
(vm24:m0) thread 16 joined, 12 connections remaining
(vm24:m0) Waiting for a thread to finish
(vm24:m0:25) thread started, have to send 1307386002 bytes
(vm24:r0:0) Connection finished, received 1307386003 bytes
(vm24:r0) thread 0 joined, 8 connections remaining
(vm24:r0) Starting new connection thread
(vm24:r0) Maximum number of connections reached (5), waiting for a thread to finish
(vm24:r0:0) Connection established
(vm24:m0:17) all data sent, thread exiting
(vm24:m0) thread 17 joined, 11 connections remaining
(vm24:m0) Waiting for a thread to finish
(vm24:m0) thread 18 joined, 10 connections remaining
(vm24:m0) Waiting for a thread to finish
(vm24:m0) thread 19 joined, 9 connections remaining
(vm24:m0) Waiting for a thread to finish
(vm24:m0) thread 20 joined, 8 connections remaining
(vm24:m0) Waiting for a thread to finish
(vm24:m0) thread 21 joined, 7 connections remaining
(vm24:m0) Waiting for a thread to finish
(vm24:m0) thread 22 joined, 6 connections remaining
(vm24:m0) Waiting for a thread to finish
(vm24:m0) thread 23 joined, 5 connections remaining
(vm24:m0) Waiting for a thread to finish
(vm24:m0) thread 24 joined, 4 connections remaining
(vm24:m0) Waiting for a thread to finish
(vm24:m0:25) all data sent, thread exiting
(vm24:m0) thread 25 joined, 3 connections remaining
(vm24:m0) Waiting for a thread to finish
(vm24:m0) thread 26 joined, 2 connections remaining
(vm24:m0) Waiting for a thread to finish
(vm24:m0) thread 27 joined, 1 connections remaining
(vm24:m0) Waiting for a thread to finish
(vm24:m0) thread 28 joined, 0 connections remaining
(vm24:m0) all done, exiting
*RES* start node vm24:m0
*RES* vm24:m0:0,1404910136984,5684,2003,1307386003
*RES* vm24:m0:1,1404910296264,6742,1239,1307386003
*RES* vm24:m0:2,1404910311589,4617,1145,1307386003
*RES* vm24:m0:3,1404910304945,4710,1196,1307386003
*RES* vm24:m0:4,1404910326766,3768,1153,1307386003
*RES* vm24:m0:5,1404910173436,6884,2332,1307386003
*RES* vm24:m0:6,1404910207260,5556,2168,1307386003
*RES* vm24:m0:7,1404910285726,5483,1507,1307386003
*RES* vm24:m0:8,1404910290090,4748,1238,1307386003
*RES* vm24:m0:9,1404910260260,5838,1949,1307386003
*RES* vm24:m0:10,1404910297828,6236,1221,1307386003
*RES* vm24:m0:11,1404910296209,6843,1236,1307386003
*RES* vm24:m0:12,1404910318591,3534,1135,1307386003
*RES* vm24:m0:13,1404910245528,7847,1790,1307386003
*RES* vm24:m0:14,1404910329320,3371,1025,1307386003
*RES* vm24:m0:15,1404910331836,3638,1140,1307386003
*RES* vm24:m0:16,1404910281195,5837,1214,1307386003
*RES* vm24:m0:17,1404910342204,5143,1177,1307386003
*RES* vm24:m0:18,1404910294333,6316,1328,1307386003
*RES* vm24:m0:19,1404910179492,7877,1934,1307386003
*RES* vm24:m0:20,1404910322192,4304,1211,1307386003
*RES* vm24:m0:21,1404910231348,7376,1546,1307386003
*RES* vm24:m0:22,1404910277055,6408,1219,1307386003
*RES* vm24:m0:23,1404910339892,1441,211,1307386003
*RES* vm24:m0:24,1404910227132,7599,1905,1307386003
*RES* vm24:m0:25,1404910343344,5300,998,1307386003
*RES* vm24:m0:26,1404910303916,6724,1167,1307386003
*RES* vm24:m0:27,1404910310343,7036,1095,1307386003
*RES* vm24:m0:28,1404910228184,8132,1845,1307386003
*RES* end node vm24:m0
Node vm24:m0 joined
(vm24:r0:0) Connection finished, received 1307386003 bytes
(vm24:r0) thread 0 joined, 7 connections remaining
(vm24:r0) Starting new connection thread
(vm24:r0) Maximum number of connections reached (5), waiting for a thread to finish
(vm24:r0:0) Connection established
(vm24:r0:0) Connection finished, received 1307386003 bytes
(vm24:r0) thread 0 joined, 6 connections remaining
(vm24:r0) Starting new connection thread
(vm24:r0) Maximum number of connections reached (5), waiting for a thread to finish
(vm24:r0:0) Connection established
(vm24:r0:0) Connection finished, received 1307386003 bytes
(vm24:r0) thread 0 joined, 5 connections remaining
(vm24:r0) Starting new connection thread
(vm24:r0) Maximum number of connections reached (5), waiting for a thread to finish
(vm24:r0:0) Connection established
(vm24:r0:0) Connection finished, received 1307386003 bytes
(vm24:r0) thread 0 joined, 4 connections remaining
(vm24:r0) Maximum number of connections reached (4), waiting for a thread to finish
(vm24:r0) thread 1 joined, 3 connections remaining
(vm24:r0) Maximum number of connections reached (3), waiting for a thread to finish
(vm24:r0) thread 2 joined, 2 connections remaining
(vm24:r0) Maximum number of connections reached (2), waiting for a thread to finish
(vm24:r0) thread 3 joined, 1 connections remaining
(vm24:r0) Maximum number of connections reached (1), waiting for a thread to finish
(vm24:r0) thread 4 joined, 0 connections remaining
(vm24:r0) all done, exiting
*RES* start node vm24:r0
*RES* vm24:r0:0,1404909962588,45233,1396,1307386003
*RES* vm24:r0:0,1404910007828,47468,1219,1307386003
*RES* vm24:r0:0,1404910055304,51043,1527,1307386003
*RES* vm24:r0:0,1404910106352,36044,1217,1307386003
*RES* vm24:r0:0,1404910142400,35521,1725,1307386003
*RES* vm24:r0:0,1404910177928,25763,1349,1307386003
*RES* vm24:r0:0,1404910203696,25286,1489,1307386003
*RES* vm24:r0:0,1404910228996,18578,1281,1307386003
*RES* vm24:r0:0,1404910247580,13355,1360,1307386003
*RES* vm24:r0:0,1404910260944,13801,1314,1307386003
*RES* vm24:r0:0,1404910274752,8825,1197,1307386003
*RES* vm24:r0:0,1404910283588,10149,1367,1307386003
*RES* vm24:r0:0,1404910293748,11487,1312,1307386003
*RES* vm24:r0:0,1404910305242,8384,1277,1307386003
*RES* vm24:r0:0,1404910313640,8689,1208,1307386003
*RES* vm24:r0:0,1404910322332,4381,1222,1307386003
*RES* vm24:r0:0,1404910326720,6660,1171,1307386003
*RES* vm24:r0:0,1404910333388,3979,1093,1307386003
*RES* vm24:r0:0,1404910337372,2514,1127,1307386003
*RES* vm24:r0:0,1404910339892,1452,616,1307386003
*RES* vm24:r0:0,1404910341348,3348,1041,1307386003
*RES* vm24:r0:0,1404910344712,4573,855,1307386003
*RES* vm24:r0:0,1404910349292,2150,1048,1307386003
*RES* vm24:r0:0,1404910351448,1552,759,1307386003
*RES* vm24:r0:0,1404910353004,1494,705,1307386003
*RES* vm24:r0:1,1404909962588,34507,1385,1307386003
*RES* vm24:r0:2,1404909962588,36953,1444,1307386003
*RES* vm24:r0:3,1404909962588,40128,1390,1307386003
*RES* vm24:r0:4,1404909962588,34763,1415,1307386003
*RES* end node vm24:r0
Node vm24:r0 joined
Worker terminating correctly
