OSMeF worker starting
Enabling core dumping
Listening for command connection
CONF: mapper on port 23330
CONF: -> will serve 47 reducers
(main) new thread ID: vm30:m0
(vm30:m0) Mapper thread started
(vm30:m0) Binding to port 23330
(vm30:m0) Got START signal
(vm30:m0) new thread ID: vm30:m0:th0
(vm30:m0:th0) waiting for something to do...
CONF: reducer
(main) new thread ID: vm30:r0
(vm30:r0) Reducer thread started
(vm30:r0) waiting for START message
(main) Waiting for thread vm30:m0 to join...
(vm30:r0) got START message
(vm30:r0) new thread ID: th0
(vm30:r0) new thread ID: th1
(vm30:r0) new thread ID: th2
(vm30:r0) new thread ID: th3
(vm30:r0) new thread ID: th4
(vm30:r0:th3:0) Connection established with mapper vm4:m0
(vm30:r0:th2:0) Connection established with mapper vm3:m0
(vm30:r0:th0:0) Connection established with mapper vm1:m0
(vm30:r0:th4:0) Connection established with mapper vm5:m0
(vm30:r0:th1:0) Connection established with mapper vm2:m0
(vm30:r0:th1:0) Connection to vm2:m0 finished, received 1 bytes
(vm30:r0:th4:0) Connection to vm5:m0 finished, received 1 bytes
(vm30:r0:th1:1) Connection established with mapper vm7:m0
(vm30:r0:th4:1) Connection established with mapper vm10:m0
(vm30:r0:th4:1) Connection to vm10:m0 finished, received 4860761 bytes
(vm30:r0:th4:2) Connection established with mapper vm15:m0
(vm30:r0:th1:1) Connection to vm7:m0 finished, received 4860761 bytes
(vm30:r0:th1:2) Connection established with mapper vm12:m0
(vm30:r0:th0:0) Connection to vm1:m0 finished, received 4860760 bytes
(vm30:r0:th0:1) Connection established with mapper vm6:m0
(vm30:r0:th0:1) Connection to vm6:m0 finished, received 4860761 bytes
(vm30:r0:th0:2) Connection established with mapper vm11:m0
(vm30:r0:th2:0) Connection to vm3:m0 finished, received 4860760 bytes
(vm30:r0:th2:1) Connection established with mapper vm8:m0
(vm30:r0:th2:1) Connection to vm8:m0 finished, received 4860761 bytes
(vm30:r0:th4:2) Connection to vm15:m0 finished, received 9721521 bytes
(vm30:r0:th2:2) Connection established with mapper vm13:m0
(vm30:r0:th4:3) Connection established with mapper vm20:m0
(vm30:r0:th2:2) Connection to vm13:m0 finished, received 4860762 bytes
(vm30:r0:th2:3) Connection established with mapper vm18:m0
(vm30:r0:th2:3) Connection to vm18:m0 finished, received 4860763 bytes
(vm30:r0:th4:3) Connection to vm20:m0 finished, received 9721522 bytes
(vm30:r0:th2:4) Connection established with mapper vm23:m0
(vm30:r0:th4:4) Connection established with mapper vm25:m0
(vm30:r0:th1:2) Connection to vm12:m0 finished, received 9721521 bytes
(vm30:r0:th1:3) Connection established with mapper vm17:m0
(vm30:r0:th1:3) Connection to vm17:m0 finished, received 9721522 bytes
(vm30:r0:th1:4) Connection established with mapper vm22:m0
(vm30:r0:th3:0) Connection to vm4:m0 finished, received 4860760 bytes
(vm30:r0:th3:1) Connection established with mapper vm9:m0
(vm30:r0:th3:1) Connection to vm9:m0 finished, received 4860761 bytes
(vm30:r0:th3:2) Connection established with mapper vm14:m0
(vm30:r0:th3:2) Connection to vm14:m0 finished, received 4860762 bytes
(vm30:r0:th3:3) Connection established with mapper vm19:m0
(vm30:m0) Got connection from reducer vm21:r0
(vm30:m0) new thread ID: vm30:m0:th1
(vm30:m0:th0) connection started, have to send 4860759 bytes to vm21:r0
(vm30:m0:th1) waiting for something to do...
(vm30:m0) Got connection from reducer vm47:r0
(vm30:m0) new thread ID: vm30:m0:th2
(vm30:m0) Got connection from reducer vm26:r0
(vm30:m0) new thread ID: vm30:m0:th3
(vm30:m0:th1) connection started, have to send 4860759 bytes to vm47:r0
(vm30:m0:th3) waiting for something to do...
(vm30:m0:th2) waiting for something to do...
(vm30:m0:th2) connection started, have to send 4860759 bytes to vm26:r0
(vm30:m0) Got connection from reducer vm6:r0
(vm30:m0) new thread ID: vm30:m0:th4
(vm30:m0:th3) connection started, have to send 4860759 bytes to vm6:r0
(vm30:m0:th4) waiting for something to do...
(vm30:r0:th4:4) Connection to vm25:m0 finished, received 14582282 bytes
(vm30:r0:th4:5) Connection established with mapper vm30:m0
(vm30:m0) Got connection from reducer vm30:r0
(vm30:m0) new thread ID: vm30:m0:th5
(vm30:m0:th4) connection started, have to send 4860759 bytes to vm30:r0
(vm30:m0:th5) waiting for something to do...
(vm30:r0:th4:5) Connection to vm30:m0 finished, received 19443042 bytes
(vm30:m0:th4) all data sent, closing connection to vm30:r0
(vm30:m0:th4) waiting for something to do...
(vm30:m0) Got connection from reducer vm15:r0
(vm30:m0:th5) connection started, have to send 4860759 bytes to vm15:r0
(vm30:r0:th4:6) Connection established with mapper vm35:m0
(vm30:m0) Got connection from reducer vm37:r0
(vm30:m0) new thread ID: vm30:m0:th6
(vm30:m0:th4) connection started, have to send 4860759 bytes to vm37:r0
(vm30:m0:th4) all data sent, closing connection to vm37:r0
(vm30:m0:th4) waiting for something to do...
(vm30:m0:th6) waiting for something to do...
(vm30:m0) Got connection from reducer vm25:r0
(vm30:m0:th6) connection started, have to send 4860759 bytes to vm25:r0
(vm30:m0) Got connection from reducer vm43:r0
(vm30:m0) new thread ID: vm30:m0:th7
(vm30:m0:th4) connection started, have to send 4860759 bytes to vm43:r0
(vm30:m0:th4) all data sent, closing connection to vm43:r0
(vm30:m0:th4) waiting for something to do...
(vm30:m0:th7) waiting for something to do...
(vm30:m0) Got connection from reducer vm41:r0
(vm30:m0) Got connection from reducer vm13:r0
(vm30:m0) new thread ID: vm30:m0:th8
(vm30:m0:th4) connection started, have to send 4860759 bytes to vm13:r0
(vm30:m0:th4) all data sent, closing connection to vm13:r0
(vm30:m0:th4) waiting for something to do...
(vm30:m0:th7) connection started, have to send 4860759 bytes to vm41:r0
(vm30:m0:th8) waiting for something to do...
(vm30:m0) Got connection from reducer vm8:r0
(vm30:m0:th8) connection started, have to send 4860759 bytes to vm8:r0
(vm30:m0) Got connection from reducer vm27:r0
(vm30:m0) new thread ID: vm30:m0:th9
(vm30:m0:th4) connection started, have to send 4860759 bytes to vm27:r0
(vm30:m0:th4) all data sent, closing connection to vm27:r0
(vm30:m0:th4) waiting for something to do...
(vm30:m0) Got connection from reducer vm4:r0
(vm30:m0) Got connection from reducer vm45:r0
(vm30:m0) new thread ID: vm30:m0:th10
(vm30:m0:th4) connection started, have to send 4860759 bytes to vm45:r0
(vm30:m0:th4) all data sent, closing connection to vm45:r0
(vm30:m0:th4) waiting for something to do...
(vm30:m0:th9) waiting for something to do...
(vm30:m0:th9) connection started, have to send 4860759 bytes to vm4:r0
(vm30:m0:th10) waiting for something to do...
(vm30:m0) Got connection from reducer vm10:r0
(vm30:m0) Got connection from reducer vm14:r0
(vm30:m0) new thread ID: vm30:m0:th11
(vm30:m0:th4) connection started, have to send 4860759 bytes to vm14:r0
(vm30:m0:th4) all data sent, closing connection to vm14:r0
(vm30:m0:th4) waiting for something to do...
(vm30:m0:th10) connection started, have to send 4860759 bytes to vm10:r0
(vm30:m0:th11) waiting for something to do...
(vm30:m0) Got connection from reducer vm5:r0
(vm30:m0:th11) connection started, have to send 4860759 bytes to vm5:r0
(vm30:r0:th1:4) Connection to vm22:m0 finished, received 14582282 bytes
(vm30:r0:th1:5) Connection established with mapper vm27:m0
(vm30:m0) Got connection from reducer vm17:r0
(vm30:m0) new thread ID: vm30:m0:th12
(vm30:m0:th4) connection started, have to send 4860759 bytes to vm17:r0
(vm30:m0:th4) all data sent, closing connection to vm17:r0
(vm30:m0:th4) waiting for something to do...
(vm30:m0:th12) waiting for something to do...
(vm30:m0) Got connection from reducer vm1:r0
(vm30:m0) Got connection from reducer vm7:r0
(vm30:m0) new thread ID: vm30:m0:th13
(vm30:m0) Got connection from reducer vm42:r0
(vm30:m0) new thread ID: vm30:m0:th14
(vm30:m0:th4) connection started, have to send 4860759 bytes to vm7:r0
(vm30:m0:th4) all data sent, closing connection to vm7:r0
(vm30:m0:th4) waiting for something to do...
(vm30:m0:th12) connection started, have to send 4860759 bytes to vm1:r0
(vm30:m0:th13) waiting for something to do...
(vm30:m0:th13) connection started, have to send 4860759 bytes to vm42:r0
(vm30:m0:th14) waiting for something to do...
(vm30:m0) Got connection from reducer vm12:r0
(vm30:m0) Got connection from reducer vm29:r0
(vm30:m0) new thread ID: vm30:m0:th15
(vm30:m0) Got connection from reducer vm9:r0
(vm30:m0) new thread ID: vm30:m0:th16
(vm30:m0) Got connection from reducer vm36:r0
(vm30:m0) new thread ID: vm30:m0:th17
(vm30:m0:th4) connection started, have to send 4860759 bytes to vm29:r0
(vm30:m0:th4) all data sent, closing connection to vm29:r0
(vm30:m0:th4) waiting for something to do...
(vm30:m0) Got connection from reducer vm40:r0
(vm30:m0:th14) connection started, have to send 4860759 bytes to vm12:r0
(vm30:m0:th15) waiting for something to do...
(vm30:m0:th15) connection started, have to send 4860759 bytes to vm9:r0
(vm30:m0:th16) waiting for something to do...
(vm30:m0:th16) connection started, have to send 4860759 bytes to vm36:r0
(vm30:m0:th17) waiting for something to do...
(vm30:m0:th17) connection started, have to send 4860759 bytes to vm40:r0
(vm30:m0) Got connection from reducer vm44:r0
(vm30:m0) new thread ID: vm30:m0:th18
(vm30:m0:th4) connection started, have to send 4860759 bytes to vm44:r0
(vm30:m0:th4) all data sent, closing connection to vm44:r0
(vm30:m0:th4) waiting for something to do...
(vm30:m0:th5) all data sent, closing connection to vm15:r0
(vm30:m0:th5) waiting for something to do...
(vm30:m0:th18) waiting for something to do...
(vm30:r0:th2:4) Connection to vm23:m0 finished, received 9721523 bytes
(vm30:r0:th2:5) Connection established with mapper vm28:m0
(vm30:r0:th2:5) Connection to vm28:m0 finished, received 9721524 bytes
(vm30:m0) Got connection from reducer vm38:r0
(vm30:r0:th2:6) Connection established with mapper vm33:m0
(vm30:m0:th18) connection started, have to send 4860759 bytes to vm38:r0
(vm30:m0) Got connection from reducer vm32:r0
(vm30:m0:th4) connection started, have to send 4860759 bytes to vm32:r0
(vm30:m0:th4) all data sent, closing connection to vm32:r0
(vm30:m0:th4) waiting for something to do...
(vm30:m0) Got connection from reducer vm31:r0
(vm30:m0) Got connection from reducer vm33:r0
(vm30:m0) new thread ID: vm30:m0:th19
(vm30:m0:th4) connection started, have to send 4860759 bytes to vm33:r0
(vm30:m0:th4) all data sent, closing connection to vm33:r0
(vm30:m0:th4) waiting for something to do...
(vm30:m0:th5) connection started, have to send 4860759 bytes to vm31:r0
(vm30:m0:th5) all data sent, closing connection to vm31:r0
(vm30:m0:th5) waiting for something to do...
(vm30:m0:th19) waiting for something to do...
(vm30:m0) Got connection from reducer vm2:r0
(vm30:m0:th19) connection started, have to send 4860759 bytes to vm2:r0
(vm30:m0) Got connection from reducer vm16:r0
(vm30:m0) Got connection from reducer vm39:r0
(vm30:m0) new thread ID: vm30:m0:th20
(vm30:m0) Got connection from reducer vm22:r0
(vm30:m0) new thread ID: vm30:m0:th21
(vm30:m0:th4) connection started, have to send 4860759 bytes to vm16:r0
(vm30:m0:th4) all data sent, closing connection to vm16:r0
(vm30:m0:th4) waiting for something to do...
(vm30:m0:th5) connection started, have to send 4860759 bytes to vm39:r0
(vm30:m0:th5) all data sent, closing connection to vm39:r0
(vm30:m0:th5) waiting for something to do...
(vm30:m0) Got connection from reducer vm19:r0
(vm30:m0) Got connection from reducer vm18:r0
(vm30:m0:th4) connection started, have to send 4860759 bytes to vm18:r0
(vm30:m0:th4) all data sent, closing connection to vm18:r0
(vm30:m0:th4) waiting for something to do...
(vm30:m0:th21) waiting for something to do...
(vm30:m0:th21) connection started, have to send 4860759 bytes to vm19:r0
(vm30:m0:th20) waiting for something to do...
(vm30:m0:th20) connection started, have to send 4860759 bytes to vm22:r0
(vm30:m0) Got connection from reducer vm46:r0
(vm30:m0) Got connection from reducer vm23:r0
(vm30:m0) new thread ID: vm30:m0:th22
(vm30:m0) Got connection from reducer vm3:r0
(vm30:m0) new thread ID: vm30:m0:th23
(vm30:m0) Got connection from reducer vm34:r0
(vm30:m0) new thread ID: vm30:m0:th24
(vm30:m0:th5) connection started, have to send 4860759 bytes to vm46:r0
(vm30:m0:th4) connection started, have to send 4860759 bytes to vm23:r0
(vm30:m0:th4) all data sent, closing connection to vm23:r0
(vm30:m0:th4) waiting for something to do...
(vm30:m0:th5) all data sent, closing connection to vm46:r0
(vm30:m0:th5) waiting for something to do...
(vm30:m0:th2) all data sent, closing connection to vm26:r0
(vm30:m0:th2) waiting for something to do...
(vm30:m0) Got connection from reducer vm35:r0
(vm30:m0:th3) all data sent, closing connection to vm6:r0
(vm30:m0:th3) waiting for something to do...
(vm30:m0:th23) waiting for something to do...
(vm30:m0:th23) connection started, have to send 4860759 bytes to vm34:r0
(vm30:m0:th24) waiting for something to do...
(vm30:m0:th24) connection started, have to send 4860759 bytes to vm35:r0
(vm30:m0:th22) waiting for something to do...
(vm30:m0:th22) connection started, have to send 4860759 bytes to vm3:r0
(vm30:m0) Got connection from reducer vm20:r0
(vm30:m0:th2) connection started, have to send 4860759 bytes to vm20:r0
(vm30:m0:th2) all data sent, closing connection to vm20:r0
(vm30:m0:th2) waiting for something to do...
(vm30:m0:th1) all data sent, closing connection to vm47:r0
(vm30:m0:th1) waiting for something to do...
(vm30:m0:th7) all data sent, closing connection to vm41:r0
(vm30:m0:th7) waiting for something to do...
(vm30:m0:th6) all data sent, closing connection to vm25:r0
(vm30:m0:th6) waiting for something to do...
(vm30:r0:th0:2) Connection to vm11:m0 finished, received 9721521 bytes
(vm30:m0:th8) all data sent, closing connection to vm8:r0
(vm30:m0:th8) waiting for something to do...
(vm30:r0:th0:3) Connection established with mapper vm16:m0
(vm30:r0:th0:3) Connection to vm16:m0 finished, received 9721522 bytes
(vm30:m0:th10) all data sent, closing connection to vm10:r0
(vm30:m0:th10) waiting for something to do...
(vm30:r0:th0:4) Connection established with mapper vm21:m0
(vm30:m0:th9) all data sent, closing connection to vm4:r0
(vm30:m0:th9) waiting for something to do...
(vm30:m0) Got connection from reducer vm24:r0
(vm30:m0) Got connection from reducer vm11:r0
(vm30:m0:th1) connection started, have to send 4860759 bytes to vm11:r0
(vm30:m0:th1) all data sent, closing connection to vm11:r0
(vm30:m0:th1) waiting for something to do...
(vm30:m0:th3) connection started, have to send 4860759 bytes to vm24:r0
(vm30:m0:th3) all data sent, closing connection to vm24:r0
(vm30:m0:th3) waiting for something to do...
(vm30:r0:th0:4) Connection to vm21:m0 finished, received 9721523 bytes
(vm30:r0:th0:5) Connection established with mapper vm26:m0
(vm30:r0:th0:5) Connection to vm26:m0 finished, received 9721524 bytes
(vm30:r0:th0:6) Connection established with mapper vm31:m0
(vm30:m0:th15) all data sent, closing connection to vm9:r0
(vm30:m0:th15) waiting for something to do...
(vm30:r0:th0:6) Connection to vm31:m0 finished, received 9721525 bytes
(vm30:r0:th0:7) Connection established with mapper vm36:m0
(vm30:m0:th14) all data sent, closing connection to vm12:r0
(vm30:m0:th14) waiting for something to do...
(vm30:m0:th11) all data sent, closing connection to vm5:r0
(vm30:m0:th11) waiting for something to do...
(vm30:r0:th4:6) Connection to vm35:m0 finished, received 24303802 bytes
(vm30:r0:th4:7) Connection established with mapper vm40:m0
(vm30:m0:th12) all data sent, closing connection to vm1:r0
(vm30:m0:th12) waiting for something to do...
(vm30:r0:th4:7) Connection to vm40:m0 finished, received 24303803 bytes
(vm30:m0:th19) all data sent, closing connection to vm2:r0
(vm30:m0:th19) waiting for something to do...
(vm30:r0:th4:8) Connection established with mapper vm45:m0
(vm30:m0:th13) all data sent, closing connection to vm42:r0
(vm30:m0:th13) waiting for something to do...
(vm30:m0:th16) all data sent, closing connection to vm36:r0
(vm30:m0:th16) waiting for something to do...
(vm30:m0) Got connection from reducer vm28:r0
(vm30:m0) All reducers connected, waiting for threads to terminate
(vm30:m0) waiting on semaphore
(vm30:m0) -> 9 threads still running
(vm30:m0) waiting on semaphore
(vm30:m0) -> 9 threads still running
(vm30:m0) waiting on semaphore
(vm30:m0) -> 9 threads still running
(vm30:m0) waiting on semaphore
(vm30:m0) -> 9 threads still running
(vm30:m0) waiting on semaphore
(vm30:m0) -> 9 threads still running
(vm30:m0) waiting on semaphore
(vm30:m0) -> 9 threads still running
(vm30:m0) waiting on semaphore
(vm30:m0) -> 9 threads still running
(vm30:m0) waiting on semaphore
(vm30:m0) -> 9 threads still running
(vm30:m0) waiting on semaphore
(vm30:m0) -> 9 threads still running
(vm30:m0) waiting on semaphore
(vm30:m0) -> 9 threads still running
(vm30:m0) waiting on semaphore
(vm30:m0) -> 9 threads still running
(vm30:m0) waiting on semaphore
(vm30:m0) -> 9 threads still running
(vm30:m0) waiting on semaphore
(vm30:m0) -> 9 threads still running
(vm30:m0) waiting on semaphore
(vm30:m0) -> 9 threads still running
(vm30:m0) waiting on semaphore
(vm30:m0) -> 9 threads still running
(vm30:m0) waiting on semaphore
(vm30:m0) -> 9 threads still running
(vm30:m0) waiting on semaphore
(vm30:m0) -> 9 threads still running
(vm30:m0) waiting on semaphore
(vm30:m0) -> 9 threads still running
(vm30:m0) waiting on semaphore
(vm30:m0) -> 9 threads still running
(vm30:m0) waiting on semaphore
(vm30:m0) -> 9 threads still running
(vm30:m0) waiting on semaphore
(vm30:m0) -> 9 threads still running
(vm30:m0) waiting on semaphore
(vm30:m0) -> 9 threads still running
(vm30:m0) waiting on semaphore
(vm30:m0) -> 9 threads still running
(vm30:m0) waiting on semaphore
(vm30:m0) -> 9 threads still running
(vm30:m0) waiting on semaphore
(vm30:m0) -> 9 threads still running
(vm30:m0) waiting on semaphore
(vm30:m0) -> 9 threads still running
(vm30:m0) waiting on semaphore
(vm30:m0) -> 9 threads still running
(vm30:m0) waiting on semaphore
(vm30:m0) -> 9 threads still running
(vm30:m0) waiting on semaphore
(vm30:m0) -> 9 threads still running
(vm30:m0) waiting on semaphore
(vm30:m0) -> 9 threads still running
(vm30:m0) waiting on semaphore
(vm30:m0) -> 9 threads still running
(vm30:m0) waiting on semaphore
(vm30:m0:th2) connection started, have to send 4860759 bytes to vm28:r0
(vm30:m0:th2) all data sent, closing connection to vm28:r0
(vm30:m0:th2) waiting for something to do...
(vm30:m0) -> 8 threads still running
(vm30:m0) waiting on semaphore
(vm30:r0:th3:3) Connection to vm19:m0 finished, received 9721522 bytes
(vm30:r0:th3:4) Connection established with mapper vm24:m0
(vm30:r0:th3:4) Connection to vm24:m0 finished, received 9721523 bytes
(vm30:r0:th3:5) Connection established with mapper vm29:m0
(vm30:m0:th18) all data sent, closing connection to vm38:r0
(vm30:m0) -> 7 threads still running
(vm30:m0) waiting on semaphore
(vm30:m0:th17) all data sent, closing connection to vm40:r0
(vm30:m0:th17) waiting for something to do...
(vm30:m0) -> 6 threads still running
(vm30:m0) waiting on semaphore
(vm30:m0:th18) waiting for something to do...
(vm30:r0:th3:5) Connection to vm29:m0 finished, received 9721524 bytes
(vm30:m0:th22) all data sent, closing connection to vm3:r0
(vm30:m0) -> 5 threads still running
(vm30:m0) waiting on semaphore
(vm30:m0:th22) waiting for something to do...
(vm30:r0:th3:6) Connection established with mapper vm34:m0
(vm30:r0:th3:6) Connection to vm34:m0 finished, received 9721525 bytes
(vm30:m0:th20) all data sent, closing connection to vm22:r0
(vm30:m0) -> 4 threads still running
(vm30:m0) waiting on semaphore
(vm30:m0:th20) waiting for something to do...
(vm30:m0:th0) all data sent, closing connection to vm21:r0
(vm30:m0:th0) waiting for something to do...
(vm30:m0) -> 3 threads still running
(vm30:m0) waiting on semaphore
(vm30:r0:th3:7) Connection established with mapper vm39:m0
(vm30:r0:th3:7) Connection to vm39:m0 finished, received 9721526 bytes
(vm30:r0:th3:8) Connection established with mapper vm44:m0
(vm30:m0:th21) all data sent, closing connection to vm19:r0
(vm30:m0) -> 2 threads still running
(vm30:m0) waiting on semaphore
(vm30:m0:th21) waiting for something to do...
(vm30:r0:th1:5) Connection to vm27:m0 finished, received 19443042 bytes
(vm30:r0:th1:6) Connection established with mapper vm32:m0
(vm30:r0:th1:6) Connection to vm32:m0 finished, received 19443043 bytes
(vm30:r0:th1:7) Connection established with mapper vm37:m0
(vm30:m0:th24) all data sent, closing connection to vm35:r0
(vm30:m0) -> 1 threads still running
(vm30:m0) waiting on semaphore
(vm30:m0:th24) waiting for something to do...
(vm30:r0:th0:7) Connection to vm36:m0 finished, received 14582285 bytes
(vm30:r0:th0:8) Connection established with mapper vm41:m0
(vm30:r0:th0:8) Connection to vm41:m0 finished, received 14582286 bytes
(vm30:r0:th0:9) Connection established with mapper vm46:m0
(vm30:m0:th23) all data sent, closing connection to vm34:r0
(vm30:m0:th23) waiting for something to do...
(vm30:m0) Sending exit signal to all threads
(vm30:m0:th0) got exit signal
(vm30:m0:th1) got exit signal
(vm30:m0:th2) got exit signal
(vm30:m0:th3) got exit signal
(vm30:m0:th4) got exit signal
(vm30:m0:th5) got exit signal
(vm30:m0:th6) got exit signal
(vm30:m0:th7) got exit signal
(vm30:m0:th8) got exit signal
(vm30:m0:th9) got exit signal
(vm30:m0:th10) got exit signal
(vm30:m0:th11) got exit signal
(vm30:m0:th12) got exit signal
(vm30:m0:th13) got exit signal
(vm30:m0:th14) got exit signal
(vm30:m0:th15) got exit signal
(vm30:m0:th16) got exit signal
(vm30:m0:th17) got exit signal
(vm30:m0:th18) got exit signal
(vm30:m0:th19) got exit signal
(vm30:m0:th20) got exit signal
(vm30:m0:th21) got exit signal
(vm30:m0:th22) got exit signal
(vm30:m0:th24) got exit signal
(vm30:m0) thread vm30:m0:th0 joined
(vm30:m0) thread vm30:m0:th1 joined
(vm30:m0) thread vm30:m0:th2 joined
(vm30:m0) thread vm30:m0:th3 joined
(vm30:m0) thread vm30:m0:th4 joined
(vm30:m0) thread vm30:m0:th5 joined
(vm30:m0) thread vm30:m0:th6 joined
(vm30:m0) thread vm30:m0:th7 joined
(vm30:m0) thread vm30:m0:th8 joined
(vm30:m0) thread vm30:m0:th9 joined
(vm30:m0) thread vm30:m0:th10 joined
(vm30:m0) thread vm30:m0:th11 joined
(vm30:m0) thread vm30:m0:th12 joined
(vm30:m0) thread vm30:m0:th13 joined
(vm30:m0) thread vm30:m0:th14 joined
(vm30:m0) thread vm30:m0:th15 joined
(vm30:m0) thread vm30:m0:th16 joined
(vm30:m0) thread vm30:m0:th17 joined
(vm30:m0) thread vm30:m0:th18 joined
(vm30:m0) thread vm30:m0:th19 joined
(vm30:m0) thread vm30:m0:th20 joined
(vm30:m0) thread vm30:m0:th21 joined
(vm30:m0) thread vm30:m0:th22 joined
(vm30:m0:th23) got exit signal
(vm30:m0) thread vm30:m0:th23 joined
(vm30:m0) thread vm30:m0:th24 joined
(vm30:m0) all done, exiting
*RES* start node vm30:m0
*RES* vm30:m0:th4,1406562939945,9,3,4860760
*RES* vm30:m0:th4,1406562939957,0,4,4860760
*RES* vm30:m0:th4,1406562939959,0,4,4860760
*RES* vm30:m0:th4,1406562939969,0,4,4860760
*RES* vm30:m0:th4,1406562939982,0,4,4860760
*RES* vm30:m0:th4,1406562939983,0,4,4860760
*RES* vm30:m0:th4,1406562939989,0,4,4860760
*RES* vm30:m0:th4,1406562940001,0,5,4860760
*RES* vm30:m0:th4,1406562940008,0,5,4860760
*RES* vm30:m0:th4,1406562940027,0,5,4860760
*RES* vm30:m0:th4,1406562940048,0,5,4860760
*RES* vm30:m0:th5,1406562939955,92,6,4860760
*RES* vm30:m0:th4,1406562940074,0,5,4860760
*RES* vm30:m0:th4,1406562940079,0,5,4860760
*RES* vm30:m0:th5,1406562940079,0,6,4860760
*RES* vm30:m0:th4,1406562940086,0,5,4860760
*RES* vm30:m0:th5,1406562940086,0,6,4860760
*RES* vm30:m0:th4,1406562940089,0,5,4860760
*RES* vm30:m0:th2,1406562939941,176,7,4860760
*RES* vm30:m0:th3,1406562939943,180,6,4860760
*RES* vm30:m0:th1,1406562939941,198,8,4860760
*RES* vm30:m0:th2,1406562940135,0,7,4860760
*RES* vm30:m0:th0,1406562939937,373,8,4860760
*RES* vm30:m0:th1,1406562940209,0,8,4860760
*RES* vm30:m0:th2,1406562940286,0,7,4860760
*RES* vm30:m0:th3,1406562940210,0,8,4860760
*RES* vm30:m0:th4,1406562940111,0,6,4860760
*RES* vm30:m0:th5,1406562940110,0,6,4860760
*RES* vm30:m0:th6,1406562939958,212,7,4860760
*RES* vm30:m0:th7,1406562939969,171,7,4860760
*RES* vm30:m0:th8,1406562939977,196,6,4860760
*RES* vm30:m0:th9,1406562939983,223,7,4860760
*RES* vm30:m0:th10,1406562939992,195,6,4860760
*RES* vm30:m0:th11,1406562939995,250,8,4860760
*RES* vm30:m0:th12,1406562940021,236,8,4860760
*RES* vm30:m0:th13,1406562940021,244,7,4860760
*RES* vm30:m0:th14,1406562940036,202,7,4860760
*RES* vm30:m0:th15,1406562940036,192,5,4860760
*RES* vm30:m0:th16,1406562940036,246,5,4860760
*RES* vm30:m0:th17,1406562940037,266,5,4860760
*RES* vm30:m0:th18,1406562940071,232,5,4860760
*RES* vm30:m0:th19,1406562940083,180,5,4860760
*RES* vm30:m0:th20,1406562940092,217,6,4860760
*RES* vm30:m0:th21,1406562940092,234,5,4860760
*RES* vm30:m0:th22,1406562940134,171,5,4860760
*RES* vm30:m0:th23,1406562940133,294,6,4860760
*RES* vm30:m0:th24,1406562940134,242,6,4860760
*RES* end node vm30:m0
(main) Thread vm30:m0 joined
(main) Waiting for thread vm30:r0 to join...
(vm30:r0:th2:6) Connection to vm33:m0 finished, received 14582284 bytes
(vm30:r0:th2:7) Connection established with mapper vm38:m0
(vm30:r0:th3:8) Connection to vm44:m0 finished, received 14582286 bytes
(vm30:r0:th3) Got data from all mappers, this reducer connection has finished.
(vm30:r0:th2:7) Connection to vm38:m0 finished, received 14582285 bytes
(vm30:r0:th2:8) Connection established with mapper vm43:m0
(vm30:r0:th1:7) Connection to vm37:m0 finished, received 24303803 bytes
(vm30:r0:th1:8) Connection established with mapper vm42:m0
(vm30:r0:th0:9) Connection to vm46:m0 finished, received 19443046 bytes
(vm30:r0:th0) Got data from all mappers, this reducer connection has finished.
(vm30:r0) thread th0 joined, 4 connection threads remaining
(vm30:r0:th4:8) Connection to vm45:m0 finished, received 29164563 bytes
(vm30:r0:th4) Got data from all mappers, this reducer connection has finished.
(vm30:r0:th2:8) Connection to vm43:m0 finished, received 19443045 bytes
(vm30:r0:th2) Got data from all mappers, this reducer connection has finished.
(vm30:r0:th1:8) Connection to vm42:m0 finished, received 29164563 bytes
(vm30:r0:th1:9) Connection established with mapper vm47:m0
(vm30:r0:th1:9) Connection to vm47:m0 finished, received 29164564 bytes
(vm30:r0:th1) Got data from all mappers, this reducer connection has finished.
(vm30:r0) thread th1 joined, 3 connection threads remaining
(vm30:r0) thread th2 joined, 2 connection threads remaining
(vm30:r0) thread th3 joined, 1 connection threads remaining
(vm30:r0) thread th4 joined, 0 connection threads remaining
(vm30:r0) all done, exiting
*RES* start node vm30:r0
*RES* vm30:r0:th0:0,1406562939502,234,8,4860760
*RES* vm30:r0:th0:1,1406562939736,2,9,4860761
*RES* vm30:r0:th0:2,1406562939738,435,22,9721521
*RES* vm30:r0:th0:3,1406562940173,2,22,9721522
*RES* vm30:r0:th0:4,1406562940175,38,23,9721523
*RES* vm30:r0:th0:5,1406562940213,7,23,9721524
*RES* vm30:r0:th0:6,1406562940220,9,23,9721525
*RES* vm30:r0:th0:7,1406562940229,174,35,14582285
*RES* vm30:r0:th0:8,1406562940403,2,35,14582286
*RES* vm30:r0:th0:9,1406562940405,161,43,19443046
*RES* vm30:r0:th1:0,1406562939502,8,0,1
*RES* vm30:r0:th1:1,1406562939510,183,9,4860761
*RES* vm30:r0:th1:2,1406562939693,164,18,9721521
*RES* vm30:r0:th1:3,1406562939857,5,18,9721522
*RES* vm30:r0:th1:4,1406562939862,135,27,14582282
*RES* vm30:r0:th1:5,1406562939998,358,39,19443042
*RES* vm30:r0:th1:6,1406562940356,2,40,19443043
*RES* vm30:r0:th1:7,1406562940358,154,49,24303803
*RES* vm30:r0:th1:8,1406562940513,104,57,29164563
*RES* vm30:r0:th1:9,1406562940617,1,57,29164564
*RES* vm30:r0:th2:0,1406562939502,321,10,4860760
*RES* vm30:r0:th2:1,1406562939823,5,11,4860761
*RES* vm30:r0:th2:2,1406562939828,7,11,4860762
*RES* vm30:r0:th2:3,1406562939836,4,11,4860763
*RES* vm30:r0:th2:4,1406562939840,214,22,9721523
*RES* vm30:r0:th2:5,1406562940054,12,22,9721524
*RES* vm30:r0:th2:6,1406562940066,406,36,14582284
*RES* vm30:r0:th2:7,1406562940472,2,36,14582285
*RES* vm30:r0:th2:8,1406562940474,134,43,19443045
*RES* vm30:r0:th3:0,1406562939501,407,11,4860760
*RES* vm30:r0:th3:1,1406562939909,2,11,4860761
*RES* vm30:r0:th3:2,1406562939911,4,11,4860762
*RES* vm30:r0:th3:3,1406562939915,380,22,9721522
*RES* vm30:r0:th3:4,1406562940295,4,22,9721523
*RES* vm30:r0:th3:5,1406562940299,5,23,9721524
*RES* vm30:r0:th3:6,1406562940304,5,23,9721525
*RES* vm30:r0:th3:7,1406562940309,3,23,9721526
*RES* vm30:r0:th3:8,1406562940312,161,31,14582286
*RES* vm30:r0:th4:0,1406562939501,13,0,1
*RES* vm30:r0:th4:1,1406562939514,155,9,4860761
*RES* vm30:r0:th4:2,1406562939669,160,19,9721521
*RES* vm30:r0:th4:3,1406562939829,12,19,9721522
*RES* vm30:r0:th4:4,1406562939841,104,26,14582282
*RES* vm30:r0:th4:5,1406562939945,10,31,19443042
*RES* vm30:r0:th4:6,1406562939955,299,42,24303802
*RES* vm30:r0:th4:7,1406562940254,7,42,24303803
*RES* vm30:r0:th4:8,1406562940261,317,53,29164563
*RES* end node vm30:r0
(main) Thread vm30:r0 joined
Worker terminating correctly
