OSMeF worker starting
Enabling core dumping
Listening for command connection
(vm10:m0) New mapper on port 23330
(vm10:m0) -> reducer data size 11173171
(vm10:m0) -> reducer data size 11173171
(vm10:m0) -> reducer data size 11173171
(vm10:m0) -> reducer data size 11173171
(vm10:m0) -> reducer data size 11173171
(vm10:m0) -> reducer data size 11173171
(vm10:m0) -> reducer data size 11173171
(vm10:m0) -> reducer data size 11173171
(vm10:m0) -> reducer data size 11173171
(vm10:m0) -> reducer data size 11173171
(vm10:m0) -> reducer data size 11173171
(vm10:m0) -> reducer data size 11173171
(vm10:m0) -> reducer data size 11173171
(vm10:m0) -> reducer data size 11173171
(vm10:m0) -> reducer data size 11173171
(vm10:m0) -> reducer data size 11173171
(vm10:m0) -> reducer data size 11173171
(vm10:m0) -> reducer data size 11173171
(vm10:m0) -> reducer data size 11173171
(vm10:m0) -> reducer data size 11173171
(vm10:m0) -> reducer data size 11173171
(vm10:m0) -> reducer data size 11173171
(vm10:m0) -> reducer data size 11173171
(vm10:m0) -> reducer data size 11173171
(vm10:m0) -> reducer data size 11173171
(vm10:m0) -> reducer data size 11173171
(vm10:m0) -> reducer data size 11173171
(vm10:m0) -> reducer data size 11173171
(vm10:m0) -> reducer data size 11173171
(vm10:m0) -> reducer data size 11173171
(vm10:m0) -> reducer data size 11173171
(vm10:m0) Mapper thread started
(vm10:m0) Allocating data for reducer vm1:r0
(vm10:m0) Allocating data for reducer vm2:r0
(vm10:m0) Allocating data for reducer vm3:r0
(vm10:m0) Allocating data for reducer vm4:r0
(vm10:m0) Allocating data for reducer vm5:r0
(vm10:m0) Allocating data for reducer vm6:r0
(vm10:m0) Allocating data for reducer vm7:r0
(vm10:m0) Allocating data for reducer vm8:r0
(vm10:m0) Allocating data for reducer vm9:r0
(vm10:m0) Allocating data for reducer vm10:r0
(vm10:m0) Allocating data for reducer vm11:r0
(vm10:m0) Allocating data for reducer vm12:r0
(vm10:m0) Allocating data for reducer vm13:r0
(vm10:m0) Allocating data for reducer vm14:r0
(vm10:m0) Allocating data for reducer vm15:r0
(vm10:m0) Allocating data for reducer vm16:r0
(vm10:m0) Allocating data for reducer vm17:r0
(vm10:m0) Allocating data for reducer vm18:r0
(vm10:m0) Allocating data for reducer vm19:r0
(vm10:m0) Allocating data for reducer vm20:r0
(vm10:m0) Allocating data for reducer vm21:r0
(vm10:m0) Allocating data for reducer vm22:r0
(vm10:m0) Allocating data for reducer vm23:r0
(vm10:m0) Allocating data for reducer vm24:r0
(vm10:m0) Allocating data for reducer vm25:r0
(vm10:m0) Allocating data for reducer vm26:r0
(vm10:m0) Allocating data for reducer vm27:r0
(vm10:m0) Allocating data for reducer vm28:r0
(vm10:m0) Allocating data for reducer vm29:r0
(vm10:m0) Allocating data for reducer vm30:r0
(vm10:m0) Allocating data for reducer vm31:r0
(vm10:m0) Binding to port 23330
(vm10:r0) New reducer
(vm10:r0) Reducer thread started
(vm10:r0) waiting for START message
(vm10:r0) got START message
(vm10:r0) Starting new connection thread
(vm10:r0) Starting new connection thread
(vm10:r0) Starting new connection thread
(vm10:r0) Starting new connection thread
(vm10:r0) Starting new connection thread
(vm10:r0) Maximum number of connections reached (5), waiting for a thread to finish
(vm10:r0:1) Connection established
(vm10:r0:0) Connection established
(vm10:r0:3) Connection established
(vm10:r0:2) Connection established
(vm10:r0:4) Connection established
(vm10:r0:1) Connection finished, received 11173172 bytes
(vm10:r0:3) Connection finished, received 11173172 bytes
(vm10:r0:0) Connection finished, received 11173172 bytes
(vm10:r0) thread 0 joined, 30 connections remaining
(vm10:r0) Starting new connection thread
(vm10:r0) Maximum number of connections reached (5), waiting for a thread to finish
(vm10:r0:0) Connection established
(vm10:r0:4) Connection finished, received 11173172 bytes
(vm10:r0:2) Connection finished, received 11173172 bytes
(vm10:m0) Got connection from reducer vm1:r0
(vm10:m0:0) thread started, have to send 11173171 bytes
(vm10:m0:0) all data sent, thread exiting
(vm10:r0:0) Connection finished, received 11173172 bytes
(vm10:r0) thread 0 joined, 29 connections remaining
(vm10:r0) Starting new connection thread
(vm10:r0) Maximum number of connections reached (5), waiting for a thread to finish
(vm10:r0:0) Connection established
(vm10:m0) Got connection from reducer vm6:r0
(vm10:m0:5) thread started, have to send 11173171 bytes
(vm10:m0:5) all data sent, thread exiting
(vm10:r0:0) Connection finished, received 11173172 bytes
(vm10:r0) thread 0 joined, 28 connections remaining
(vm10:r0) Starting new connection thread
(vm10:r0) Maximum number of connections reached (5), waiting for a thread to finish
(vm10:r0:0) Connection established
(vm10:m0) Got connection from reducer vm21:r0
(vm10:m0:20) thread started, have to send 11173171 bytes
(vm10:m0) Got connection from reducer vm15:r0
(vm10:m0:14) thread started, have to send 11173171 bytes
(vm10:m0:20) all data sent, thread exiting
(vm10:m0:14) all data sent, thread exiting
(vm10:r0:0) Connection finished, received 11173172 bytes
(vm10:r0) thread 0 joined, 27 connections remaining
(vm10:r0) Starting new connection thread
(vm10:r0) Maximum number of connections reached (5), waiting for a thread to finish
(vm10:m0) Got connection from reducer vm31:r0
(vm10:r0:0) Connection established
(vm10:m0:30) thread started, have to send 11173171 bytes
(vm10:m0:30) all data sent, thread exiting
(vm10:m0) Got connection from reducer vm18:r0
(vm10:m0:17) thread started, have to send 11173171 bytes
(vm10:m0) Got connection from reducer vm25:r0
(vm10:m0:24) thread started, have to send 11173171 bytes
(vm10:m0) Got connection from reducer vm14:r0
(vm10:m0) Got connection from reducer vm19:r0
(vm10:m0:13) thread started, have to send 11173171 bytes
(vm10:m0:18) thread started, have to send 11173171 bytes
(vm10:m0) Got connection from reducer vm28:r0
(vm10:m0:27) thread started, have to send 11173171 bytes
(vm10:m0) Got connection from reducer vm2:r0
(vm10:m0:1) thread started, have to send 11173171 bytes
(vm10:m0) Got connection from reducer vm12:r0
(vm10:m0) Got connection from reducer vm17:r0
(vm10:m0) Got connection from reducer vm7:r0
(vm10:m0) Got connection from reducer vm16:r0
(vm10:m0) Got connection from reducer vm11:r0
(vm10:m0) Got connection from reducer vm4:r0
(vm10:m0) Got connection from reducer vm29:r0
(vm10:m0:16) thread started, have to send 11173171 bytes
(vm10:m0:28) thread started, have to send 11173171 bytes
(vm10:m0:6) thread started, have to send 11173171 bytes
(vm10:m0:15) thread started, have to send 11173171 bytes
(vm10:m0:10) thread started, have to send 11173171 bytes
(vm10:m0:11) thread started, have to send 11173171 bytes
(vm10:m0:3) thread started, have to send 11173171 bytes
(vm10:m0) Got connection from reducer vm8:r0
(vm10:m0) Got connection from reducer vm27:r0
(vm10:m0) Got connection from reducer vm26:r0
(vm10:m0) Got connection from reducer vm20:r0
(vm10:m0) Got connection from reducer vm24:r0
(vm10:m0) Got connection from reducer vm5:r0
(vm10:m0) Got connection from reducer vm22:r0
(vm10:m0) Got connection from reducer vm13:r0
(vm10:m0) Got connection from reducer vm3:r0
(vm10:m0) Got connection from reducer vm30:r0
(vm10:m0:29) thread started, have to send 11173171 bytes
(vm10:m0:26) thread started, have to send 11173171 bytes
(vm10:m0:4) thread started, have to send 11173171 bytes
(vm10:m0:25) thread started, have to send 11173171 bytes
(vm10:m0:19) thread started, have to send 11173171 bytes
(vm10:m0:12) thread started, have to send 11173171 bytes
(vm10:m0:2) thread started, have to send 11173171 bytes
(vm10:m0:21) thread started, have to send 11173171 bytes
(vm10:m0:7) thread started, have to send 11173171 bytes
(vm10:m0:23) thread started, have to send 11173171 bytes
(vm10:m0) Got connection from reducer vm23:r0
(vm10:m0:17) all data sent, thread exiting
(vm10:m0:22) thread started, have to send 11173171 bytes
(vm10:m0) Got connection from reducer vm9:r0
(vm10:m0:8) thread started, have to send 11173171 bytes
(vm10:m0:24) all data sent, thread exiting
(vm10:r0:0) Connection finished, received 11173172 bytes
(vm10:r0) thread 0 joined, 26 connections remaining
(vm10:r0) Starting new connection thread
(vm10:r0) Maximum number of connections reached (5), waiting for a thread to finish
(vm10:r0:0) Connection established
(vm10:m0) Got connection from reducer vm10:r0
(vm10:m0) Waiting for a thread to finish
(vm10:m0) thread 0 joined, 30 connections remaining
(vm10:m0) Waiting for a thread to finish
(vm10:m0:9) thread started, have to send 11173171 bytes
(vm10:m0:13) all data sent, thread exiting
(vm10:m0:18) all data sent, thread exiting
(vm10:r0:0) Connection finished, received 11173172 bytes
(vm10:m0:9) all data sent, thread exiting
(vm10:r0) thread 0 joined, 25 connections remaining
(vm10:r0) Starting new connection thread
(vm10:r0) Maximum number of connections reached (5), waiting for a thread to finish
(vm10:r0:0) Connection established
(vm10:m0:27) all data sent, thread exiting
(vm10:m0:1) all data sent, thread exiting
(vm10:m0:7) all data sent, thread exiting
(vm10:m0:25) all data sent, thread exiting
(vm10:m0:26) all data sent, thread exiting
(vm10:m0:19) all data sent, thread exiting
(vm10:m0:4) all data sent, thread exiting
(vm10:m0:3) all data sent, thread exiting
(vm10:m0) thread 1 joined, 29 connections remaining
(vm10:m0) Waiting for a thread to finish
(vm10:m0:6) all data sent, thread exiting
(vm10:m0:11) all data sent, thread exiting
(vm10:m0:28) all data sent, thread exiting
(vm10:m0:12) all data sent, thread exiting
(vm10:m0:22) all data sent, thread exiting
(vm10:m0:15) all data sent, thread exiting
(vm10:m0:2) all data sent, thread exiting
(vm10:m0) thread 2 joined, 28 connections remaining
(vm10:m0) Waiting for a thread to finish
(vm10:m0) thread 3 joined, 27 connections remaining
(vm10:m0) Waiting for a thread to finish
(vm10:m0) thread 4 joined, 26 connections remaining
(vm10:m0) Waiting for a thread to finish
(vm10:m0) thread 5 joined, 25 connections remaining
(vm10:m0) Waiting for a thread to finish
(vm10:m0) thread 6 joined, 24 connections remaining
(vm10:m0) Waiting for a thread to finish
(vm10:m0) thread 7 joined, 23 connections remaining
(vm10:m0) Waiting for a thread to finish
(vm10:m0:16) all data sent, thread exiting
(vm10:m0:8) all data sent, thread exiting
(vm10:m0) thread 8 joined, 22 connections remaining
(vm10:m0) Waiting for a thread to finish
(vm10:m0) thread 9 joined, 21 connections remaining
(vm10:m0) Waiting for a thread to finish
(vm10:m0:23) all data sent, thread exiting
(vm10:m0:21) all data sent, thread exiting
(vm10:m0:10) all data sent, thread exiting
(vm10:m0:29) all data sent, thread exiting
(vm10:m0) thread 10 joined, 20 connections remaining
(vm10:m0) Waiting for a thread to finish
(vm10:m0) thread 11 joined, 19 connections remaining
(vm10:m0) Waiting for a thread to finish
(vm10:m0) thread 12 joined, 18 connections remaining
(vm10:m0) Waiting for a thread to finish
(vm10:m0) thread 13 joined, 17 connections remaining
(vm10:m0) Waiting for a thread to finish
(vm10:m0) thread 14 joined, 16 connections remaining
(vm10:m0) Waiting for a thread to finish
(vm10:m0) thread 15 joined, 15 connections remaining
(vm10:m0) Waiting for a thread to finish
(vm10:m0) thread 16 joined, 14 connections remaining
(vm10:m0) Waiting for a thread to finish
(vm10:m0) thread 17 joined, 13 connections remaining
(vm10:m0) Waiting for a thread to finish
(vm10:m0) thread 18 joined, 12 connections remaining
(vm10:m0) Waiting for a thread to finish
(vm10:m0) thread 19 joined, 11 connections remaining
(vm10:m0) Waiting for a thread to finish
(vm10:m0) thread 20 joined, 10 connections remaining
(vm10:m0) Waiting for a thread to finish
(vm10:m0) thread 21 joined, 9 connections remaining
(vm10:m0) Waiting for a thread to finish
(vm10:m0) thread 22 joined, 8 connections remaining
(vm10:m0) Waiting for a thread to finish
(vm10:m0) thread 23 joined, 7 connections remaining
(vm10:m0) Waiting for a thread to finish
(vm10:m0) thread 24 joined, 6 connections remaining
(vm10:m0) Waiting for a thread to finish
(vm10:m0) thread 25 joined, 5 connections remaining
(vm10:m0) Waiting for a thread to finish
(vm10:m0) thread 26 joined, 4 connections remaining
(vm10:m0) Waiting for a thread to finish
(vm10:m0) thread 27 joined, 3 connections remaining
(vm10:m0) Waiting for a thread to finish
(vm10:m0) thread 28 joined, 2 connections remaining
(vm10:m0) Waiting for a thread to finish
(vm10:m0) thread 29 joined, 1 connections remaining
(vm10:m0) Waiting for a thread to finish
(vm10:m0) thread 30 joined, 0 connections remaining
(vm10:m0) all done, exiting
*RES* start node vm10:m0
*RES* vm10:m0:0,1404991457061,48,9,11173172
*RES* vm10:m0:1,1404991458190,403,10,11173172
*RES* vm10:m0:2,1404991458230,387,10,11173172
*RES* vm10:m0:3,1404991458214,369,10,11173172
*RES* vm10:m0:4,1404991458229,372,9,11173172
*RES* vm10:m0:5,1404991457379,37,8,11173172
*RES* vm10:m0:6,1404991458213,395,9,11173172
*RES* vm10:m0:7,1404991458230,369,8,11173172
*RES* vm10:m0:8,1404991458269,350,11,11173172
*RES* vm10:m0:9,1404991458411,107,6,11173172
*RES* vm10:m0:10,1404991458214,411,12,11173172
*RES* vm10:m0:11,1404991458214,396,11,11173172
*RES* vm10:m0:12,1404991458230,382,8,11173172
*RES* vm10:m0:13,1404991458137,302,11,11173172
*RES* vm10:m0:14,1404991457802,58,22,11173172
*RES* vm10:m0:15,1404991458214,400,11,11173172
*RES* vm10:m0:16,1404991458213,404,12,11173172
*RES* vm10:m0:17,1404991458087,167,18,11173172
*RES* vm10:m0:18,1404991458139,325,13,11173172
*RES* vm10:m0:19,1404991458230,372,9,11173172
*RES* vm10:m0:20,1404991457758,61,16,11173172
*RES* vm10:m0:21,1404991458230,394,11,11173172
*RES* vm10:m0:22,1404991458257,355,10,11173172
*RES* vm10:m0:23,1404991458230,394,10,11173172
*RES* vm10:m0:24,1404991458103,281,18,11173172
*RES* vm10:m0:25,1404991458229,370,9,11173172
*RES* vm10:m0:26,1404991458229,371,9,11173172
*RES* vm10:m0:27,1404991458181,380,9,11173172
*RES* vm10:m0:28,1404991458213,378,9,11173172
*RES* vm10:m0:29,1404991458229,396,12,11173172
*RES* vm10:m0:30,1404991457916,34,10,11173172
*RES* end node vm10:m0
Node vm10:m0 joined
(vm10:r0:0) Connection finished, received 11173172 bytes
(vm10:r0) thread 0 joined, 24 connections remaining
(vm10:r0) Starting new connection thread
(vm10:r0) Maximum number of connections reached (5), waiting for a thread to finish
(vm10:r0:0) Connection established
(vm10:r0:0) Connection finished, received 11173172 bytes
(vm10:r0) thread 0 joined, 23 connections remaining
(vm10:r0) Starting new connection thread
(vm10:r0) Maximum number of connections reached (5), waiting for a thread to finish
(vm10:r0:0) Connection established
(vm10:r0:0) Connection finished, received 11173172 bytes
(vm10:r0) thread 0 joined, 22 connections remaining
(vm10:r0) Starting new connection thread
(vm10:r0) Maximum number of connections reached (5), waiting for a thread to finish
(vm10:r0:0) Connection established
(vm10:r0:0) Connection finished, received 11173172 bytes
(vm10:r0) thread 0 joined, 21 connections remaining
(vm10:r0) Starting new connection thread
(vm10:r0) Maximum number of connections reached (5), waiting for a thread to finish
(vm10:r0:0) Connection established
(vm10:r0:0) Connection finished, received 11173172 bytes
(vm10:r0) thread 0 joined, 20 connections remaining
(vm10:r0) Starting new connection thread
(vm10:r0) Maximum number of connections reached (5), waiting for a thread to finish
(vm10:r0:0) Connection established
(vm10:r0:0) Connection finished, received 11173172 bytes
(vm10:r0) thread 0 joined, 19 connections remaining
(vm10:r0) Starting new connection thread
(vm10:r0) Maximum number of connections reached (5), waiting for a thread to finish
(vm10:r0:0) Connection established
(vm10:r0:0) Connection finished, received 11173172 bytes
(vm10:r0) thread 0 joined, 18 connections remaining
(vm10:r0) Starting new connection thread
(vm10:r0) Maximum number of connections reached (5), waiting for a thread to finish
(vm10:r0:0) Connection established
(vm10:r0:0) Connection finished, received 11173172 bytes
(vm10:r0) thread 0 joined, 17 connections remaining
(vm10:r0) Starting new connection thread
(vm10:r0) Maximum number of connections reached (5), waiting for a thread to finish
(vm10:r0:0) Connection established
(vm10:r0:0) Connection finished, received 11173172 bytes
(vm10:r0) thread 0 joined, 16 connections remaining
(vm10:r0) Starting new connection thread
(vm10:r0) Maximum number of connections reached (5), waiting for a thread to finish
(vm10:r0:0) Connection established
(vm10:r0:0) Connection finished, received 11173172 bytes
(vm10:r0) thread 0 joined, 15 connections remaining
(vm10:r0) Starting new connection thread
(vm10:r0) Maximum number of connections reached (5), waiting for a thread to finish
(vm10:r0:0) Connection established
(vm10:r0:0) Connection finished, received 11173172 bytes
(vm10:r0) thread 0 joined, 14 connections remaining
(vm10:r0) Starting new connection thread
(vm10:r0) Maximum number of connections reached (5), waiting for a thread to finish
(vm10:r0:0) Connection established
(vm10:r0:0) Connection finished, received 11173172 bytes
(vm10:r0) thread 0 joined, 13 connections remaining
(vm10:r0) Starting new connection thread
(vm10:r0) Maximum number of connections reached (5), waiting for a thread to finish
(vm10:r0:0) Connection established
(vm10:r0:0) Connection finished, received 11173172 bytes
(vm10:r0) thread 0 joined, 12 connections remaining
(vm10:r0) Starting new connection thread
(vm10:r0) Maximum number of connections reached (5), waiting for a thread to finish
(vm10:r0:0) Connection established
(vm10:r0:0) Connection finished, received 11173172 bytes
(vm10:r0) thread 0 joined, 11 connections remaining
(vm10:r0) Starting new connection thread
(vm10:r0) Maximum number of connections reached (5), waiting for a thread to finish
(vm10:r0:0) Connection established
(vm10:r0:0) Connection finished, received 11173172 bytes
(vm10:r0) thread 0 joined, 10 connections remaining
(vm10:r0) Starting new connection thread
(vm10:r0) Maximum number of connections reached (5), waiting for a thread to finish
(vm10:r0:0) Connection established
(vm10:r0:0) Connection finished, received 11173172 bytes
(vm10:r0) thread 0 joined, 9 connections remaining
(vm10:r0) Starting new connection thread
(vm10:r0) Maximum number of connections reached (5), waiting for a thread to finish
(vm10:r0:0) Connection established
(vm10:r0:0) Connection finished, received 11173172 bytes
(vm10:r0) thread 0 joined, 8 connections remaining
(vm10:r0) Starting new connection thread
(vm10:r0) Maximum number of connections reached (5), waiting for a thread to finish
(vm10:r0:0) Connection established
(vm10:r0:0) Connection finished, received 11173172 bytes
(vm10:r0) thread 0 joined, 7 connections remaining
(vm10:r0) Starting new connection thread
(vm10:r0) Maximum number of connections reached (5), waiting for a thread to finish
(vm10:r0:0) Connection established
(vm10:r0:0) Connection finished, received 11173172 bytes
(vm10:r0) thread 0 joined, 6 connections remaining
(vm10:r0) Starting new connection thread
(vm10:r0) Maximum number of connections reached (5), waiting for a thread to finish
(vm10:r0:0) Connection established
(vm10:r0:0) Connection finished, received 11173172 bytes
(vm10:r0) thread 0 joined, 5 connections remaining
(vm10:r0) Starting new connection thread
(vm10:r0) Maximum number of connections reached (5), waiting for a thread to finish
(vm10:r0:0) Connection established
(vm10:r0:0) Connection finished, received 11173172 bytes
(vm10:r0) thread 0 joined, 4 connections remaining
(vm10:r0) Maximum number of connections reached (4), waiting for a thread to finish
(vm10:r0) thread 1 joined, 3 connections remaining
(vm10:r0) Maximum number of connections reached (3), waiting for a thread to finish
(vm10:r0) thread 2 joined, 2 connections remaining
(vm10:r0) Maximum number of connections reached (2), waiting for a thread to finish
(vm10:r0) thread 3 joined, 1 connections remaining
(vm10:r0) Maximum number of connections reached (1), waiting for a thread to finish
(vm10:r0) thread 4 joined, 0 connections remaining
(vm10:r0) all done, exiting
*RES* start node vm10:r0
*RES* vm10:r0:0,1404991456196,358,15,11173172
*RES* vm10:r0:0,1404991456560,614,16,11173172
*RES* vm10:r0:0,1404991457181,457,16,11173172
*RES* vm10:r0:0,1404991457645,259,24,11173172
*RES* vm10:r0:0,1404991457909,480,19,11173172
*RES* vm10:r0:0,1404991458394,124,7,11173172
*RES* vm10:r0:0,1404991458524,270,15,11173172
*RES* vm10:r0:0,1404991458797,356,20,11173172
*RES* vm10:r0:0,1404991459157,203,17,11173172
*RES* vm10:r0:0,1404991459365,259,19,11173172
*RES* vm10:r0:0,1404991459629,202,15,11173172
*RES* vm10:r0:0,1404991459837,283,15,11173172
*RES* vm10:r0:0,1404991460125,104,16,11173172
*RES* vm10:r0:0,1404991460233,100,13,11173172
*RES* vm10:r0:0,1404991460337,60,12,11173172
*RES* vm10:r0:0,1404991460401,94,12,11173172
*RES* vm10:r0:0,1404991460501,50,13,11173172
*RES* vm10:r0:0,1404991460557,34,11,11173172
*RES* vm10:r0:0,1404991460597,44,12,11173172
*RES* vm10:r0:0,1404991460645,58,14,11173172
*RES* vm10:r0:0,1404991460709,39,14,11173172
*RES* vm10:r0:0,1404991460753,65,12,11173172
*RES* vm10:r0:0,1404991460825,40,13,11173172
*RES* vm10:r0:0,1404991460869,38,12,11173172
*RES* vm10:r0:0,1404991460913,33,13,11173172
*RES* vm10:r0:0,1404991460953,68,11,11173172
*RES* vm10:r0:0,1404991461029,22,7,11173172
*RES* vm10:r0:1,1404991456196,322,14,11173172
*RES* vm10:r0:2,1404991456196,565,16,11173172
*RES* vm10:r0:3,1404991456196,359,15,11173172
*RES* vm10:r0:4,1404991456196,474,16,11173172
*RES* end node vm10:r0
Node vm10:r0 joined
Worker terminating correctly
