OSMeF worker starting
Enabling core dumping
Listening for command connection
(vm6:m0) New mapper on port 23330
(vm6:m0) -> reducer data size 22184748
(vm6:m0) -> reducer data size 22184748
(vm6:m0) -> reducer data size 22184748
(vm6:m0) -> reducer data size 22184748
(vm6:m0) -> reducer data size 22184748
(vm6:m0) -> reducer data size 22184748
(vm6:m0) -> reducer data size 22184748
(vm6:m0) -> reducer data size 22184748
(vm6:m0) -> reducer data size 22184748
(vm6:m0) -> reducer data size 22184748
(vm6:m0) -> reducer data size 22184748
(vm6:m0) -> reducer data size 22184748
(vm6:m0) -> reducer data size 22184748
(vm6:m0) -> reducer data size 22184748
(vm6:m0) -> reducer data size 22184748
(vm6:m0) -> reducer data size 22184748
(vm6:m0) -> reducer data size 22184748
(vm6:m0) -> reducer data size 22184748
(vm6:m0) -> reducer data size 22184748
(vm6:m0) -> reducer data size 22184748
(vm6:m0) -> reducer data size 22184748
(vm6:m0) -> reducer data size 22184748
(vm6:m0) Mapper thread started
(vm6:m0) Allocating data for reducer vm1:r0
(vm6:m0) Allocating data for reducer vm2:r0
(vm6:m0) Allocating data for reducer vm3:r0
(vm6:m0) Allocating data for reducer vm4:r0
(vm6:m0) Allocating data for reducer vm5:r0
(vm6:m0) Allocating data for reducer vm6:r0
(vm6:m0) Allocating data for reducer vm7:r0
(vm6:m0) Allocating data for reducer vm8:r0
(vm6:m0) Allocating data for reducer vm9:r0
(vm6:m0) Allocating data for reducer vm10:r0
(vm6:m0) Allocating data for reducer vm11:r0
(vm6:m0) Allocating data for reducer vm12:r0
(vm6:m0) Allocating data for reducer vm13:r0
(vm6:m0) Allocating data for reducer vm14:r0
(vm6:m0) Allocating data for reducer vm15:r0
(vm6:m0) Allocating data for reducer vm16:r0
(vm6:m0) Allocating data for reducer vm17:r0
(vm6:m0) Allocating data for reducer vm18:r0
(vm6:m0) Allocating data for reducer vm19:r0
(vm6:m0) Allocating data for reducer vm20:r0
(vm6:m0) Allocating data for reducer vm21:r0
(vm6:m0) Allocating data for reducer vm22:r0
(vm6:m0) Binding to port 23330
(vm6:r0) New reducer
(vm6:r0) Reducer thread started
(vm6:r0) waiting for START message
(vm6:r0) got START message
(vm6:r0) Starting new connection thread
(vm6:r0) Starting new connection thread
(vm6:r0) Starting new connection thread
(vm6:r0) Starting new connection thread
(vm6:r0) Starting new connection thread
(vm6:r0) Maximum number of connections reached (5), waiting for a thread to finish
(vm6:r0:3) Connection established
(vm6:r0:1) Connection established
(vm6:r0:0) Connection established
(vm6:r0:2) Connection established
(vm6:r0:4) Connection established
(vm6:m0) Got connection from reducer vm1:r0
(vm6:m0:0) thread started, have to send 22184748 bytes
(vm6:r0:3) Connection finished, received 22184749 bytes
(vm6:r0:4) Connection finished, received 22184749 bytes
(vm6:r0:2) Connection finished, received 22184749 bytes
(vm6:r0:1) Connection finished, received 22184749 bytes
(vm6:m0) Got connection from reducer vm11:r0
(vm6:m0) Got connection from reducer vm20:r0
(vm6:m0) Got connection from reducer vm18:r0
(vm6:m0:19) thread started, have to send 22184748 bytes
(vm6:m0:10) thread started, have to send 22184748 bytes
(vm6:m0:17) thread started, have to send 22184748 bytes
(vm6:m0) Got connection from reducer vm14:r0
(vm6:m0) Got connection from reducer vm10:r0
(vm6:m0) Got connection from reducer vm9:r0
(vm6:m0) Got connection from reducer vm2:r0
(vm6:m0) Got connection from reducer vm15:r0
(vm6:m0) Got connection from reducer vm16:r0
(vm6:m0) Got connection from reducer vm17:r0
(vm6:m0) Got connection from reducer vm3:r0
(vm6:m0) Got connection from reducer vm12:r0
(vm6:m0) Got connection from reducer vm8:r0
(vm6:r0:0) Connection finished, received 22184749 bytes
(vm6:r0) thread 0 joined, 21 connections remaining
(vm6:r0) Starting new connection thread
(vm6:r0) Maximum number of connections reached (5), waiting for a thread to finish
(vm6:m0) Got connection from reducer vm4:r0
(vm6:m0) Got connection from reducer vm19:r0
(vm6:m0) Got connection from reducer vm22:r0
(vm6:m0:7) thread started, have to send 22184748 bytes
(vm6:m0:11) thread started, have to send 22184748 bytes
(vm6:m0:1) thread started, have to send 22184748 bytes
(vm6:m0:14) thread started, have to send 22184748 bytes
(vm6:m0:15) thread started, have to send 22184748 bytes
(vm6:m0:16) thread started, have to send 22184748 bytes
(vm6:m0:2) thread started, have to send 22184748 bytes
(vm6:r0:0) Connection established
(vm6:m0) Got connection from reducer vm6:r0
(vm6:m0:3) thread started, have to send 22184748 bytes
(vm6:m0:8) thread started, have to send 22184748 bytes
(vm6:m0) Got connection from reducer vm7:r0
(vm6:m0:9) thread started, have to send 22184748 bytes
(vm6:m0) Got connection from reducer vm5:r0
(vm6:m0) Got connection from reducer vm13:r0
(vm6:m0) Got connection from reducer vm21:r0
(vm6:m0) Waiting for a thread to finish
(vm6:m0:21) thread started, have to send 22184748 bytes
(vm6:m0:18) thread started, have to send 22184748 bytes
(vm6:m0:13) thread started, have to send 22184748 bytes
(vm6:m0:5) thread started, have to send 22184748 bytes
(vm6:m0:6) thread started, have to send 22184748 bytes
(vm6:m0:4) thread started, have to send 22184748 bytes
(vm6:m0:12) thread started, have to send 22184748 bytes
(vm6:m0:20) thread started, have to send 22184748 bytes
(vm6:m0:0) all data sent, thread exiting
(vm6:m0) thread 0 joined, 21 connections remaining
(vm6:m0) Waiting for a thread to finish
(vm6:r0:0) Connection finished, received 22184749 bytes
(vm6:m0:5) all data sent, thread exiting
(vm6:r0) thread 0 joined, 20 connections remaining
(vm6:r0) Starting new connection thread
(vm6:r0) Maximum number of connections reached (5), waiting for a thread to finish
(vm6:m0:17) all data sent, thread exiting
(vm6:r0:0) Connection established
(vm6:m0:19) all data sent, thread exiting
(vm6:m0:10) all data sent, thread exiting
(vm6:m0:7) all data sent, thread exiting
(vm6:m0:12) all data sent, thread exiting
(vm6:m0:8) all data sent, thread exiting
(vm6:m0:15) all data sent, thread exiting
(vm6:m0:4) all data sent, thread exiting
(vm6:m0:11) all data sent, thread exiting
(vm6:m0:16) all data sent, thread exiting
(vm6:m0:9) all data sent, thread exiting
(vm6:m0:14) all data sent, thread exiting
(vm6:m0:6) all data sent, thread exiting
(vm6:m0:13) all data sent, thread exiting
(vm6:m0:1) all data sent, thread exiting
(vm6:m0:18) all data sent, thread exiting
(vm6:m0:3) all data sent, thread exiting
(vm6:m0:20) all data sent, thread exiting
(vm6:m0:21) all data sent, thread exiting
(vm6:m0:2) all data sent, thread exiting
(vm6:m0) thread 1 joined, 20 connections remaining
(vm6:m0) Waiting for a thread to finish
(vm6:m0) thread 2 joined, 19 connections remaining
(vm6:m0) Waiting for a thread to finish
(vm6:m0) thread 3 joined, 18 connections remaining
(vm6:m0) Waiting for a thread to finish
(vm6:m0) thread 4 joined, 17 connections remaining
(vm6:m0) Waiting for a thread to finish
(vm6:m0) thread 5 joined, 16 connections remaining
(vm6:m0) Waiting for a thread to finish
(vm6:m0) thread 6 joined, 15 connections remaining
(vm6:m0) Waiting for a thread to finish
(vm6:m0) thread 7 joined, 14 connections remaining
(vm6:m0) Waiting for a thread to finish
(vm6:m0) thread 8 joined, 13 connections remaining
(vm6:m0) Waiting for a thread to finish
(vm6:m0) thread 9 joined, 12 connections remaining
(vm6:m0) Waiting for a thread to finish
(vm6:m0) thread 10 joined, 11 connections remaining
(vm6:m0) Waiting for a thread to finish
(vm6:m0) thread 11 joined, 10 connections remaining
(vm6:m0) Waiting for a thread to finish
(vm6:m0) thread 12 joined, 9 connections remaining
(vm6:m0) Waiting for a thread to finish
(vm6:m0) thread 13 joined, 8 connections remaining
(vm6:m0) Waiting for a thread to finish
(vm6:m0) thread 14 joined, 7 connections remaining
(vm6:m0) Waiting for a thread to finish
(vm6:m0) thread 15 joined, 6 connections remaining
(vm6:m0) Waiting for a thread to finish
(vm6:m0) thread 16 joined, 5 connections remaining
(vm6:m0) Waiting for a thread to finish
(vm6:m0) thread 17 joined, 4 connections remaining
(vm6:m0) Waiting for a thread to finish
(vm6:m0) thread 18 joined, 3 connections remaining
(vm6:m0) Waiting for a thread to finish
(vm6:m0) thread 19 joined, 2 connections remaining
(vm6:m0) Waiting for a thread to finish
(vm6:m0) thread 20 joined, 1 connections remaining
(vm6:m0) Waiting for a thread to finish
(vm6:m0) thread 21 joined, 0 connections remaining
(vm6:m0) all done, exiting
*RES* start node vm6:m0
*RES* vm6:m0:0,1404118148985,511,20,22184749
*RES* vm6:m0:1,1404118149456,437,19,22184749
*RES* vm6:m0:2,1404118149457,441,20,22184749
*RES* vm6:m0:3,1404118149458,436,19,22184749
*RES* vm6:m0:4,1404118149485,400,18,22184749
*RES* vm6:m0:5,1404118149479,217,9,22184749
*RES* vm6:m0:6,1404118149480,412,18,22184749
*RES* vm6:m0:7,1404118149456,411,18,22184749
*RES* vm6:m0:8,1404118149458,421,18,22184749
*RES* vm6:m0:9,1404118149461,427,19,22184749
*RES* vm6:m0:10,1404118149430,362,20,22184749
*RES* vm6:m0:11,1404118149456,429,19,22184749
*RES* vm6:m0:12,1404118149488,391,18,22184749
*RES* vm6:m0:13,1404118149471,422,18,22184749
*RES* vm6:m0:14,1404118149457,436,19,22184749
*RES* vm6:m0:15,1404118149457,425,18,22184749
*RES* vm6:m0:16,1404118149457,430,19,22184749
*RES* vm6:m0:17,1404118149432,364,19,22184749
*RES* vm6:m0:18,1404118149471,422,18,22184749
*RES* vm6:m0:19,1404118149430,409,21,22184749
*RES* vm6:m0:20,1404118149493,401,18,22184749
*RES* vm6:m0:21,1404118149471,426,20,22184749
*RES* end node vm6:m0
Node vm6:m0 joined
(vm6:r0:0) Connection finished, received 22184749 bytes
(vm6:r0) thread 0 joined, 19 connections remaining
(vm6:r0) Starting new connection thread
(vm6:r0) Maximum number of connections reached (5), waiting for a thread to finish
(vm6:r0:0) Connection established
(vm6:r0:0) Connection finished, received 22184749 bytes
(vm6:r0) thread 0 joined, 18 connections remaining
(vm6:r0) Starting new connection thread
(vm6:r0) Maximum number of connections reached (5), waiting for a thread to finish
(vm6:r0:0) Connection established
(vm6:r0:0) Connection finished, received 22184749 bytes
(vm6:r0) thread 0 joined, 17 connections remaining
(vm6:r0) Starting new connection thread
(vm6:r0) Maximum number of connections reached (5), waiting for a thread to finish
(vm6:r0:0) Connection established
(vm6:r0:0) Connection finished, received 22184749 bytes
(vm6:r0) thread 0 joined, 16 connections remaining
(vm6:r0) Starting new connection thread
(vm6:r0) Maximum number of connections reached (5), waiting for a thread to finish
(vm6:r0:0) Connection established
(vm6:r0:0) Connection finished, received 22184749 bytes
(vm6:r0) thread 0 joined, 15 connections remaining
(vm6:r0) Starting new connection thread
(vm6:r0) Maximum number of connections reached (5), waiting for a thread to finish
(vm6:r0:0) Connection established
(vm6:r0:0) Connection finished, received 22184749 bytes
(vm6:r0) thread 0 joined, 14 connections remaining
(vm6:r0) Starting new connection thread
(vm6:r0) Maximum number of connections reached (5), waiting for a thread to finish
(vm6:r0:0) Connection established
(vm6:r0:0) Connection finished, received 22184749 bytes
(vm6:r0) thread 0 joined, 13 connections remaining
(vm6:r0) Starting new connection thread
(vm6:r0) Maximum number of connections reached (5), waiting for a thread to finish
(vm6:r0:0) Connection established
(vm6:r0:0) Connection finished, received 22184749 bytes
(vm6:r0) thread 0 joined, 12 connections remaining
(vm6:r0) Starting new connection thread
(vm6:r0) Maximum number of connections reached (5), waiting for a thread to finish
(vm6:r0:0) Connection established
(vm6:r0:0) Connection finished, received 22184749 bytes
(vm6:r0) thread 0 joined, 11 connections remaining
(vm6:r0) Starting new connection thread
(vm6:r0) Maximum number of connections reached (5), waiting for a thread to finish
(vm6:r0:0) Connection established
(vm6:r0:0) Connection finished, received 22184749 bytes
(vm6:r0) thread 0 joined, 10 connections remaining
(vm6:r0) Starting new connection thread
(vm6:r0) Maximum number of connections reached (5), waiting for a thread to finish
(vm6:r0:0) Connection established
(vm6:r0:0) Connection finished, received 22184749 bytes
(vm6:r0) thread 0 joined, 9 connections remaining
(vm6:r0) Starting new connection thread
(vm6:r0) Maximum number of connections reached (5), waiting for a thread to finish
(vm6:r0:0) Connection established
(vm6:r0:0) Connection finished, received 22184749 bytes
(vm6:r0) thread 0 joined, 8 connections remaining
(vm6:r0) Starting new connection thread
(vm6:r0) Maximum number of connections reached (5), waiting for a thread to finish
(vm6:r0:0) Connection established
(vm6:r0:0) Connection finished, received 22184749 bytes
(vm6:r0) thread 0 joined, 7 connections remaining
(vm6:r0) Starting new connection thread
(vm6:r0) Maximum number of connections reached (5), waiting for a thread to finish
(vm6:r0:0) Connection established
(vm6:r0:0) Connection finished, received 22184749 bytes
(vm6:r0) thread 0 joined, 6 connections remaining
(vm6:r0) Starting new connection thread
(vm6:r0) Maximum number of connections reached (5), waiting for a thread to finish
(vm6:r0:0) Connection established
(vm6:r0:0) Connection finished, received 22184749 bytes
(vm6:r0) thread 0 joined, 5 connections remaining
(vm6:r0) Starting new connection thread
(vm6:r0) Maximum number of connections reached (5), waiting for a thread to finish
(vm6:r0:0) Connection established
(vm6:r0:0) Connection finished, received 22184749 bytes
(vm6:r0) thread 0 joined, 4 connections remaining
(vm6:r0) Maximum number of connections reached (4), waiting for a thread to finish
(vm6:r0) thread 1 joined, 3 connections remaining
(vm6:r0) Maximum number of connections reached (3), waiting for a thread to finish
(vm6:r0) thread 2 joined, 2 connections remaining
(vm6:r0) Maximum number of connections reached (2), waiting for a thread to finish
(vm6:r0) thread 3 joined, 1 connections remaining
(vm6:r0) Maximum number of connections reached (1), waiting for a thread to finish
(vm6:r0) thread 4 joined, 0 connections remaining
(vm6:r0) all done, exiting
*RES* start node vm6:r0
*RES* vm6:r0:0,1404118148785,666,29,22184749
*RES* vm6:r0:0,1404118149457,239,9,22184749
*RES* vm6:r0:0,1404118149814,356,24,22184749
*RES* vm6:r0:0,1404118150174,88,34,22184749
*RES* vm6:r0:0,1404118150266,91,37,22184749
*RES* vm6:r0:0,1404118150366,75,28,22184749
*RES* vm6:r0:0,1404118150446,72,24,22184749
*RES* vm6:r0:0,1404118150522,70,23,22184749
*RES* vm6:r0:0,1404118150598,78,27,22184749
*RES* vm6:r0:0,1404118150682,68,22,22184749
*RES* vm6:r0:0,1404118150754,65,19,22184749
*RES* vm6:r0:0,1404118150826,76,21,22184749
*RES* vm6:r0:0,1404118150910,54,21,22184749
*RES* vm6:r0:0,1404118150970,58,18,22184749
*RES* vm6:r0:0,1404118151034,61,25,22184749
*RES* vm6:r0:0,1404118151102,48,18,22184749
*RES* vm6:r0:0,1404118151158,49,17,22184749
*RES* vm6:r0:0,1404118151214,49,18,22184749
*RES* vm6:r0:1,1404118148784,585,25,22184749
*RES* vm6:r0:2,1404118148784,552,25,22184749
*RES* vm6:r0:3,1404118148784,486,24,22184749
*RES* vm6:r0:4,1404118148784,545,24,22184749
*RES* end node vm6:r0
Node vm6:r0 joined
Worker terminating correctly
