OSMeF worker starting
Enabling core dumping
Listening for command connection
(vm10:m0) New mapper on port 23330
(vm10:m0) -> reducer data size 951134626
(vm10:m0) -> reducer data size 951134626
(vm10:m0) -> reducer data size 951134626
(vm10:m0) -> reducer data size 951134626
(vm10:m0) -> reducer data size 951134626
(vm10:m0) -> reducer data size 951134626
(vm10:m0) -> reducer data size 951134626
(vm10:m0) -> reducer data size 951134626
(vm10:m0) -> reducer data size 951134626
(vm10:m0) -> reducer data size 951134626
(vm10:m0) -> reducer data size 951134626
(vm10:m0) -> reducer data size 951134626
(vm10:m0) -> reducer data size 951134626
(vm10:m0) -> reducer data size 951134626
(vm10:m0) -> reducer data size 951134626
(vm10:m0) -> reducer data size 951134626
(vm10:m0) -> reducer data size 951134626
(vm10:m0) -> reducer data size 951134626
(vm10:m0) -> reducer data size 951134626
(vm10:m0) -> reducer data size 951134626
(vm10:m0) -> reducer data size 951134626
(vm10:m0) -> reducer data size 951134626
(vm10:m0) -> reducer data size 951134626
(vm10:m0) -> reducer data size 951134626
(vm10:m0) -> reducer data size 951134626
(vm10:m0) -> reducer data size 951134626
(vm10:m0) -> reducer data size 951134626
(vm10:m0) -> reducer data size 951134626
(vm10:m0) -> reducer data size 951134626
(vm10:m0) -> reducer data size 951134626
(vm10:m0) -> reducer data size 951134626
(vm10:m0) -> reducer data size 951134626
(vm10:m0) -> reducer data size 951134626
(vm10:m0) -> reducer data size 951134626
(vm10:m0) Mapper thread started
(vm10:m0) Allocating data for reducer vm1:r0
(vm10:m0) Allocating data for reducer vm2:r0
(vm10:m0) Allocating data for reducer vm3:r0
(vm10:m0) Allocating data for reducer vm4:r0
(vm10:m0) Allocating data for reducer vm5:r0
(vm10:m0) Allocating data for reducer vm6:r0
(vm10:m0) Allocating data for reducer vm7:r0
(vm10:m0) Allocating data for reducer vm8:r0
(vm10:m0) Allocating data for reducer vm9:r0
(vm10:m0) Allocating data for reducer vm10:r0
(vm10:m0) Allocating data for reducer vm11:r0
(vm10:m0) Allocating data for reducer vm12:r0
(vm10:m0) Allocating data for reducer vm13:r0
(vm10:m0) Allocating data for reducer vm14:r0
(vm10:m0) Allocating data for reducer vm15:r0
(vm10:m0) Allocating data for reducer vm16:r0
(vm10:m0) Allocating data for reducer vm17:r0
(vm10:m0) Allocating data for reducer vm18:r0
(vm10:m0) Allocating data for reducer vm19:r0
(vm10:m0) Allocating data for reducer vm20:r0
(vm10:m0) Allocating data for reducer vm21:r0
(vm10:m0) Allocating data for reducer vm22:r0
(vm10:m0) Allocating data for reducer vm23:r0
(vm10:m0) Allocating data for reducer vm24:r0
(vm10:m0) Allocating data for reducer vm25:r0
(vm10:m0) Allocating data for reducer vm26:r0
(vm10:m0) Allocating data for reducer vm27:r0
(vm10:m0) Allocating data for reducer vm28:r0
(vm10:m0) Allocating data for reducer vm29:r0
(vm10:m0) Allocating data for reducer vm30:r0
(vm10:m0) Allocating data for reducer vm31:r0
(vm10:m0) Allocating data for reducer vm32:r0
(vm10:m0) Allocating data for reducer vm33:r0
(vm10:m0) Allocating data for reducer vm34:r0
(vm10:m0) Binding to port 23330
(vm10:r0) New reducer
(vm10:r0) Reducer thread started
(vm10:r0) waiting for START message
(vm10:r0) got START message
(vm10:r0) Starting new connection thread
(vm10:r0) Starting new connection thread
(vm10:r0) Starting new connection thread
(vm10:r0) Starting new connection thread
(vm10:r0) Starting new connection thread
(vm10:r0) Maximum number of connections reached (5), waiting for a thread to finish
(vm10:r0:4) Connection established
(vm10:r0:3) Connection established
(vm10:r0:1) Connection established
(vm10:r0:2) Connection established
(vm10:r0:0) Connection established
(vm10:r0:1) Connection finished, received 951134627 bytes
(vm10:r0:2) Connection finished, received 951134627 bytes
(vm10:r0:4) Connection finished, received 951134627 bytes
(vm10:r0:0) Connection finished, received 951134627 bytes
(vm10:r0) thread 0 joined, 33 connections remaining
(vm10:r0) Starting new connection thread
(vm10:r0) Maximum number of connections reached (5), waiting for a thread to finish
(vm10:r0:0) Connection established
(vm10:r0:3) Connection finished, received 951134627 bytes
(vm10:m0) Got connection from reducer vm1:r0
(vm10:m0:0) thread started, have to send 951134626 bytes
(vm10:m0:0) all data sent, thread exiting
(vm10:m0) Got connection from reducer vm20:r0
(vm10:m0:19) thread started, have to send 951134626 bytes
(vm10:m0:19) all data sent, thread exiting
(vm10:r0:0) Connection finished, received 951134627 bytes
(vm10:r0) thread 0 joined, 32 connections remaining
(vm10:r0) Starting new connection thread
(vm10:r0) Maximum number of connections reached (5), waiting for a thread to finish
(vm10:r0:0) Connection established
(vm10:m0) Got connection from reducer vm30:r0
(vm10:m0:29) thread started, have to send 951134626 bytes
(vm10:m0) Got connection from reducer vm33:r0
(vm10:m0:32) thread started, have to send 951134626 bytes
(vm10:m0:29) all data sent, thread exiting
(vm10:m0:32) all data sent, thread exiting
(vm10:m0) Got connection from reducer vm6:r0
(vm10:m0:5) thread started, have to send 951134626 bytes
(vm10:m0:5) all data sent, thread exiting
(vm10:m0) Got connection from reducer vm15:r0
(vm10:m0:14) thread started, have to send 951134626 bytes
(vm10:m0) Got connection from reducer vm11:r0
(vm10:m0:10) thread started, have to send 951134626 bytes
(vm10:r0:0) Connection finished, received 951134627 bytes
(vm10:r0) thread 0 joined, 31 connections remaining
(vm10:r0) Starting new connection thread
(vm10:r0) Maximum number of connections reached (5), waiting for a thread to finish
(vm10:r0:0) Connection established
(vm10:m0:14) all data sent, thread exiting
(vm10:m0) Got connection from reducer vm28:r0
(vm10:m0:27) thread started, have to send 951134626 bytes
(vm10:m0:10) all data sent, thread exiting
(vm10:r0:0) Connection finished, received 951134627 bytes
(vm10:r0) thread 0 joined, 30 connections remaining
(vm10:r0) Starting new connection thread
(vm10:r0) Maximum number of connections reached (5), waiting for a thread to finish
(vm10:r0:0) Connection established
(vm10:m0:27) all data sent, thread exiting
(vm10:r0:0) Connection finished, received 951134627 bytes
(vm10:r0) thread 0 joined, 29 connections remaining
(vm10:r0) Starting new connection thread
(vm10:r0) Maximum number of connections reached (5), waiting for a thread to finish
(vm10:r0:0) Connection established
(vm10:m0) Got connection from reducer vm10:r0
(vm10:m0:9) thread started, have to send 951134626 bytes
(vm10:m0:9) all data sent, thread exiting
(vm10:r0:0) Connection finished, received 951134627 bytes
(vm10:r0) thread 0 joined, 28 connections remaining
(vm10:r0) Starting new connection thread
(vm10:r0) Maximum number of connections reached (5), waiting for a thread to finish
(vm10:r0:0) Connection established
(vm10:m0) Got connection from reducer vm23:r0
(vm10:m0:22) thread started, have to send 951134626 bytes
(vm10:r0:0) Connection finished, received 951134627 bytes
(vm10:r0) thread 0 joined, 27 connections remaining
(vm10:r0) Starting new connection thread
(vm10:r0) Maximum number of connections reached (5), waiting for a thread to finish
(vm10:r0:0) Connection established
(vm10:m0:22) all data sent, thread exiting
(vm10:m0) Got connection from reducer vm29:r0
(vm10:m0:28) thread started, have to send 951134626 bytes
(vm10:m0) Got connection from reducer vm21:r0
(vm10:m0:20) thread started, have to send 951134626 bytes
(vm10:r0:0) Connection finished, received 951134627 bytes
(vm10:r0) thread 0 joined, 26 connections remaining
(vm10:r0) Starting new connection thread
(vm10:r0) Maximum number of connections reached (5), waiting for a thread to finish
(vm10:r0:0) Connection established
(vm10:m0) Got connection from reducer vm17:r0
(vm10:m0:16) thread started, have to send 951134626 bytes
(vm10:m0:28) all data sent, thread exiting
(vm10:m0) Got connection from reducer vm7:r0
(vm10:m0:6) thread started, have to send 951134626 bytes
(vm10:m0:20) all data sent, thread exiting
(vm10:m0) Got connection from reducer vm14:r0
(vm10:m0:13) thread started, have to send 951134626 bytes
(vm10:m0:16) all data sent, thread exiting
(vm10:r0:0) Connection finished, received 951134627 bytes
(vm10:r0) thread 0 joined, 25 connections remaining
(vm10:r0) Starting new connection thread
(vm10:r0) Maximum number of connections reached (5), waiting for a thread to finish
(vm10:r0:0) Connection established
(vm10:m0) Got connection from reducer vm18:r0
(vm10:m0:17) thread started, have to send 951134626 bytes
(vm10:m0) Got connection from reducer vm27:r0
(vm10:m0:26) thread started, have to send 951134626 bytes
(vm10:m0:6) all data sent, thread exiting
(vm10:m0) Got connection from reducer vm34:r0
(vm10:m0:33) thread started, have to send 951134626 bytes
(vm10:m0:13) all data sent, thread exiting
(vm10:r0:0) Connection finished, received 951134627 bytes
(vm10:r0) thread 0 joined, 24 connections remaining
(vm10:r0) Starting new connection thread
(vm10:r0) Maximum number of connections reached (5), waiting for a thread to finish
(vm10:r0:0) Connection established
(vm10:m0:17) all data sent, thread exiting
(vm10:m0:26) all data sent, thread exiting
(vm10:m0) Got connection from reducer vm13:r0
(vm10:m0:12) thread started, have to send 951134626 bytes
(vm10:m0:33) all data sent, thread exiting
(vm10:m0) Got connection from reducer vm8:r0
(vm10:m0:7) thread started, have to send 951134626 bytes
(vm10:m0) Got connection from reducer vm9:r0
(vm10:m0:8) thread started, have to send 951134626 bytes
(vm10:m0) Got connection from reducer vm12:r0
(vm10:m0:11) thread started, have to send 951134626 bytes
(vm10:r0:0) Connection finished, received 951134627 bytes
(vm10:r0) thread 0 joined, 23 connections remaining
(vm10:r0) Starting new connection thread
(vm10:r0) Maximum number of connections reached (5), waiting for a thread to finish
(vm10:r0:0) Connection established
(vm10:m0:12) all data sent, thread exiting
(vm10:m0) Got connection from reducer vm31:r0
(vm10:m0:30) thread started, have to send 951134626 bytes
(vm10:m0:7) all data sent, thread exiting
(vm10:m0:11) all data sent, thread exiting
(vm10:m0) Got connection from reducer vm4:r0
(vm10:m0:3) thread started, have to send 951134626 bytes
(vm10:r0:0) Connection finished, received 951134627 bytes
(vm10:r0) thread 0 joined, 22 connections remaining
(vm10:r0) Starting new connection thread
(vm10:r0) Maximum number of connections reached (5), waiting for a thread to finish
(vm10:r0:0) Connection established
(vm10:m0) Got connection from reducer vm3:r0
(vm10:m0:2) thread started, have to send 951134626 bytes
(vm10:m0) Got connection from reducer vm16:r0
(vm10:m0:15) thread started, have to send 951134626 bytes
(vm10:m0) Got connection from reducer vm32:r0
(vm10:m0:31) thread started, have to send 951134626 bytes
(vm10:m0) Got connection from reducer vm19:r0
(vm10:m0:18) thread started, have to send 951134626 bytes
(vm10:m0) Got connection from reducer vm26:r0
(vm10:m0:25) thread started, have to send 951134626 bytes
(vm10:m0) Got connection from reducer vm25:r0
(vm10:m0:24) thread started, have to send 951134626 bytes
(vm10:m0) Got connection from reducer vm22:r0
(vm10:m0:21) thread started, have to send 951134626 bytes
(vm10:m0:30) all data sent, thread exiting
(vm10:m0) Got connection from reducer vm2:r0
(vm10:m0:1) thread started, have to send 951134626 bytes
(vm10:m0) Got connection from reducer vm5:r0
(vm10:m0:4) thread started, have to send 951134626 bytes
(vm10:m0) Got connection from reducer vm24:r0
(vm10:m0) Waiting for a thread to finish
(vm10:m0) thread 0 joined, 33 connections remaining
(vm10:m0) Waiting for a thread to finish
(vm10:m0:23) thread started, have to send 951134626 bytes
(vm10:m0:8) all data sent, thread exiting
(vm10:m0:3) all data sent, thread exiting
(vm10:m0:2) all data sent, thread exiting
(vm10:m0:31) all data sent, thread exiting
(vm10:m0:15) all data sent, thread exiting
(vm10:r0:0) Connection finished, received 951134627 bytes
(vm10:r0) thread 0 joined, 21 connections remaining
(vm10:r0) Starting new connection thread
(vm10:r0) Maximum number of connections reached (5), waiting for a thread to finish
(vm10:r0:0) Connection established
(vm10:m0:18) all data sent, thread exiting
(vm10:m0:24) all data sent, thread exiting
(vm10:m0:25) all data sent, thread exiting
(vm10:m0:21) all data sent, thread exiting
(vm10:m0:23) all data sent, thread exiting
(vm10:m0:1) all data sent, thread exiting
(vm10:m0) thread 1 joined, 32 connections remaining
(vm10:m0) Waiting for a thread to finish
(vm10:m0) thread 2 joined, 31 connections remaining
(vm10:m0) Waiting for a thread to finish
(vm10:m0) thread 3 joined, 30 connections remaining
(vm10:m0) Waiting for a thread to finish
(vm10:m0:4) all data sent, thread exiting
(vm10:m0) thread 4 joined, 29 connections remaining
(vm10:m0) Waiting for a thread to finish
(vm10:m0) thread 5 joined, 28 connections remaining
(vm10:m0) Waiting for a thread to finish
(vm10:m0) thread 6 joined, 27 connections remaining
(vm10:m0) Waiting for a thread to finish
(vm10:m0) thread 7 joined, 26 connections remaining
(vm10:m0) Waiting for a thread to finish
(vm10:m0) thread 8 joined, 25 connections remaining
(vm10:m0) Waiting for a thread to finish
(vm10:m0) thread 9 joined, 24 connections remaining
(vm10:m0) Waiting for a thread to finish
(vm10:m0) thread 10 joined, 23 connections remaining
(vm10:m0) Waiting for a thread to finish
(vm10:m0) thread 11 joined, 22 connections remaining
(vm10:m0) Waiting for a thread to finish
(vm10:m0) thread 12 joined, 21 connections remaining
(vm10:m0) Waiting for a thread to finish
(vm10:m0) thread 13 joined, 20 connections remaining
(vm10:m0) Waiting for a thread to finish
(vm10:m0) thread 14 joined, 19 connections remaining
(vm10:m0) Waiting for a thread to finish
(vm10:m0) thread 15 joined, 18 connections remaining
(vm10:m0) Waiting for a thread to finish
(vm10:m0) thread 16 joined, 17 connections remaining
(vm10:m0) Waiting for a thread to finish
(vm10:m0) thread 17 joined, 16 connections remaining
(vm10:m0) Waiting for a thread to finish
(vm10:m0) thread 18 joined, 15 connections remaining
(vm10:m0) Waiting for a thread to finish
(vm10:m0) thread 19 joined, 14 connections remaining
(vm10:m0) Waiting for a thread to finish
(vm10:m0) thread 20 joined, 13 connections remaining
(vm10:m0) Waiting for a thread to finish
(vm10:m0) thread 21 joined, 12 connections remaining
(vm10:m0) Waiting for a thread to finish
(vm10:m0) thread 22 joined, 11 connections remaining
(vm10:m0) Waiting for a thread to finish
(vm10:m0) thread 23 joined, 10 connections remaining
(vm10:m0) Waiting for a thread to finish
(vm10:m0) thread 24 joined, 9 connections remaining
(vm10:m0) Waiting for a thread to finish
(vm10:m0) thread 25 joined, 8 connections remaining
(vm10:m0) Waiting for a thread to finish
(vm10:m0) thread 26 joined, 7 connections remaining
(vm10:m0) Waiting for a thread to finish
(vm10:m0) thread 27 joined, 6 connections remaining
(vm10:m0) Waiting for a thread to finish
(vm10:m0) thread 28 joined, 5 connections remaining
(vm10:m0) Waiting for a thread to finish
(vm10:m0) thread 29 joined, 4 connections remaining
(vm10:m0) Waiting for a thread to finish
(vm10:m0) thread 30 joined, 3 connections remaining
(vm10:m0) Waiting for a thread to finish
(vm10:m0) thread 31 joined, 2 connections remaining
(vm10:m0) Waiting for a thread to finish
(vm10:m0) thread 32 joined, 1 connections remaining
(vm10:m0) Waiting for a thread to finish
(vm10:m0) thread 33 joined, 0 connections remaining
(vm10:m0) all done, exiting
*RES* start node vm10:m0
*RES* vm10:m0:0,1405699564865,3594,1251,951134627
*RES* vm10:m0:1,1405699694817,22508,1478,951134627
*RES* vm10:m0:2,1405699691257,16802,1244,951134627
*RES* vm10:m0:3,1405699687621,12865,1455,951134627
*RES* vm10:m0:4,1405699696757,20830,1509,951134627
*RES* vm10:m0:5,1405699605693,4640,1694,951134627
*RES* vm10:m0:6,1405699651173,10842,1666,951134627
*RES* vm10:m0:7,1405699675410,9452,1932,951134627
*RES* vm10:m0:8,1405699675936,24384,1057,951134627
*RES* vm10:m0:9,1405699630882,1247,190,951134627
*RES* vm10:m0:10,1405699617214,6909,1377,951134627
*RES* vm10:m0:11,1405699677523,9590,1325,951134627
*RES* vm10:m0:12,1405699672929,9420,1357,951134627
*RES* vm10:m0:13,1405699652728,12144,1726,951134627
*RES* vm10:m0:14,1405699614217,4481,1360,951134627
*RES* vm10:m0:15,1405699691945,19778,1323,951134627
*RES* vm10:m0:16,1405699648161,9310,1486,951134627
*RES* vm10:m0:17,1405699658977,11154,1604,951134627
*RES* vm10:m0:18,1405699692653,20744,1448,951134627
*RES* vm10:m0:19,1405699576013,4197,1476,951134627
*RES* vm10:m0:20,1405699644571,7890,1299,951134627
*RES* vm10:m0:21,1405699694651,19983,1159,951134627
*RES* vm10:m0:22,1405699636470,6204,1701,951134627
*RES* vm10:m0:23,1405699697527,19492,1336,951134627
*RES* vm10:m0:24,1405699693457,20896,1237,951134627
*RES* vm10:m0:25,1405699693344,21135,1308,951134627
*RES* vm10:m0:26,1405699659205,11449,1711,951134627
*RES* vm10:m0:27,1405699621649,7433,2145,951134627
*RES* vm10:m0:28,1405699643122,7051,1410,951134627
*RES* vm10:m0:29,1405699595217,5690,1535,951134627
*RES* vm10:m0:30,1405699684641,10039,1575,951134627
*RES* vm10:m0:31,1405699691987,19252,1176,951134627
*RES* vm10:m0:32,1405699597361,5947,1267,951134627
*RES* vm10:m0:33,1405699663477,9582,1736,951134627
*RES* end node vm10:m0
Node vm10:m0 joined
(vm10:r0:0) Connection finished, received 951134627 bytes
(vm10:r0) thread 0 joined, 20 connections remaining
(vm10:r0) Starting new connection thread
(vm10:r0) Maximum number of connections reached (5), waiting for a thread to finish
(vm10:r0:0) Connection established
(vm10:r0:0) Connection finished, received 951134627 bytes
(vm10:r0) thread 0 joined, 19 connections remaining
(vm10:r0) Starting new connection thread
(vm10:r0) Maximum number of connections reached (5), waiting for a thread to finish
(vm10:r0:0) Connection established
(vm10:r0:0) Connection finished, received 951134627 bytes
(vm10:r0) thread 0 joined, 18 connections remaining
(vm10:r0) Starting new connection thread
(vm10:r0) Maximum number of connections reached (5), waiting for a thread to finish
(vm10:r0:0) Connection established
(vm10:r0:0) Connection finished, received 951134627 bytes
(vm10:r0) thread 0 joined, 17 connections remaining
(vm10:r0) Starting new connection thread
(vm10:r0) Maximum number of connections reached (5), waiting for a thread to finish
(vm10:r0:0) Connection established
(vm10:r0:0) Connection finished, received 951134627 bytes
(vm10:r0) thread 0 joined, 16 connections remaining
(vm10:r0) Starting new connection thread
(vm10:r0) Maximum number of connections reached (5), waiting for a thread to finish
(vm10:r0:0) Connection established
(vm10:r0:0) Connection finished, received 951134627 bytes
(vm10:r0) thread 0 joined, 15 connections remaining
(vm10:r0) Starting new connection thread
(vm10:r0) Maximum number of connections reached (5), waiting for a thread to finish
(vm10:r0:0) Connection established
(vm10:r0:0) Connection finished, received 951134627 bytes
(vm10:r0) thread 0 joined, 14 connections remaining
(vm10:r0) Starting new connection thread
(vm10:r0) Maximum number of connections reached (5), waiting for a thread to finish
(vm10:r0:0) Connection established
(vm10:r0:0) Connection finished, received 951134627 bytes
(vm10:r0) thread 0 joined, 13 connections remaining
(vm10:r0) Starting new connection thread
(vm10:r0) Maximum number of connections reached (5), waiting for a thread to finish
(vm10:r0:0) Connection established
(vm10:r0:0) Connection finished, received 951134627 bytes
(vm10:r0) thread 0 joined, 12 connections remaining
(vm10:r0) Starting new connection thread
(vm10:r0) Maximum number of connections reached (5), waiting for a thread to finish
(vm10:r0:0) Connection established
(vm10:r0:0) Connection finished, received 951134627 bytes
(vm10:r0) thread 0 joined, 11 connections remaining
(vm10:r0) Starting new connection thread
(vm10:r0) Maximum number of connections reached (5), waiting for a thread to finish
(vm10:r0:0) Connection established
(vm10:r0:0) Connection finished, received 951134627 bytes
(vm10:r0) thread 0 joined, 10 connections remaining
(vm10:r0) Starting new connection thread
(vm10:r0) Maximum number of connections reached (5), waiting for a thread to finish
(vm10:r0:0) Connection established
(vm10:r0:0) Connection finished, received 951134627 bytes
(vm10:r0) thread 0 joined, 9 connections remaining
(vm10:r0) Starting new connection thread
(vm10:r0) Maximum number of connections reached (5), waiting for a thread to finish
(vm10:r0:0) Connection established
(vm10:r0:0) Connection finished, received 951134627 bytes
(vm10:r0) thread 0 joined, 8 connections remaining
(vm10:r0) Starting new connection thread
(vm10:r0) Maximum number of connections reached (5), waiting for a thread to finish
(vm10:r0:0) Connection established
(vm10:r0:0) Connection finished, received 951134627 bytes
(vm10:r0) thread 0 joined, 7 connections remaining
(vm10:r0) Starting new connection thread
(vm10:r0) Maximum number of connections reached (5), waiting for a thread to finish
(vm10:r0:0) Connection established
(vm10:r0:0) Connection finished, received 951134627 bytes
(vm10:r0) thread 0 joined, 6 connections remaining
(vm10:r0) Starting new connection thread
(vm10:r0) Maximum number of connections reached (5), waiting for a thread to finish
(vm10:r0:0) Connection established
(vm10:r0:0) Connection finished, received 951134627 bytes
(vm10:r0) thread 0 joined, 5 connections remaining
(vm10:r0) Starting new connection thread
(vm10:r0) Maximum number of connections reached (5), waiting for a thread to finish
(vm10:r0:0) Connection established
(vm10:r0:0) Connection finished, received 951134627 bytes
(vm10:r0) thread 0 joined, 4 connections remaining
(vm10:r0) Maximum number of connections reached (4), waiting for a thread to finish
(vm10:r0) thread 1 joined, 3 connections remaining
(vm10:r0) Maximum number of connections reached (3), waiting for a thread to finish
(vm10:r0) thread 2 joined, 2 connections remaining
(vm10:r0) Maximum number of connections reached (2), waiting for a thread to finish
(vm10:r0) thread 3 joined, 1 connections remaining
(vm10:r0) Maximum number of connections reached (1), waiting for a thread to finish
(vm10:r0) thread 4 joined, 0 connections remaining
(vm10:r0) all done, exiting
*RES* start node vm10:r0
*RES* vm10:r0:0,1405699507083,33514,885,951134627
*RES* vm10:r0:0,1405699540601,45850,841,951134627
*RES* vm10:r0:0,1405699586468,31867,1043,951134627
*RES* vm10:r0:0,1405699618355,6592,1617,951134627
*RES* vm10:r0:0,1405699624951,5922,1692,951134627
*RES* vm10:r0:0,1405699630881,1255,530,951134627
*RES* vm10:r0:0,1405699632141,7926,1568,951134627
*RES* vm10:r0:0,1405699640077,7462,1537,951134627
*RES* vm10:r0:0,1405699647549,10188,1330,951134627
*RES* vm10:r0:0,1405699657753,11206,1553,951134627
*RES* vm10:r0:0,1405699668971,12705,1840,951134627
*RES* vm10:r0:0,1405699681691,9291,1609,951134627
*RES* vm10:r0:0,1405699690989,20889,1206,951134627
*RES* vm10:r0:0,1405699711909,11207,1658,951134627
*RES* vm10:r0:0,1405699723121,6053,1965,951134627
*RES* vm10:r0:0,1405699729181,6108,2415,951134627
*RES* vm10:r0:0,1405699735293,7033,1795,951134627
*RES* vm10:r0:0,1405699742333,5078,1494,951134627
*RES* vm10:r0:0,1405699747417,6432,1379,951134627
*RES* vm10:r0:0,1405699753853,4683,1287,951134627
*RES* vm10:r0:0,1405699758541,5370,1234,951134627
*RES* vm10:r0:0,1405699763917,5933,1199,951134627
*RES* vm10:r0:0,1405699769857,6014,1093,951134627
*RES* vm10:r0:0,1405699775877,6544,1139,951134627
*RES* vm10:r0:0,1405699782425,5751,1092,951134627
*RES* vm10:r0:0,1405699788181,3637,953,951134627
*RES* vm10:r0:0,1405699791825,4017,967,951134627
*RES* vm10:r0:0,1405699795849,3309,966,951134627
*RES* vm10:r0:0,1405699799165,2856,1077,951134627
*RES* vm10:r0:0,1405699802025,3784,998,951134627
*RES* vm10:r0:1,1405699507083,26289,897,951134627
*RES* vm10:r0:2,1405699507083,27428,926,951134627
*RES* vm10:r0:3,1405699507083,35786,909,951134627
*RES* vm10:r0:4,1405699507082,33087,901,951134627
*RES* end node vm10:r0
Node vm10:r0 joined
Worker terminating correctly
