OSMeF worker starting
Enabling core dumping
Listening for command connection
(vm11:m0) New mapper on port 23330
(vm11:m0) -> reducer data size 4294967296
(vm11:m0) -> reducer data size 4294967296
(vm11:m0) -> reducer data size 4294967296
(vm11:m0) -> reducer data size 4294967296
(vm11:m0) -> reducer data size 4294967296
(vm11:m0) -> reducer data size 4294967296
(vm11:m0) -> reducer data size 4294967296
(vm11:m0) -> reducer data size 4294967296
(vm11:m0) -> reducer data size 4294967296
(vm11:m0) -> reducer data size 4294967296
(vm11:m0) -> reducer data size 4294967296
(vm11:m0) -> reducer data size 4294967296
(vm11:m0) -> reducer data size 4294967296
(vm11:m0) -> reducer data size 4294967296
(vm11:m0) -> reducer data size 4294967296
(vm11:m0) -> reducer data size 4294967296
(vm11:m0) Mapper thread started
(vm11:m0) Allocating data for reducer vm1:r0
(vm11:m0) Allocating data for reducer vm2:r0
(vm11:m0) Allocating data for reducer vm3:r0
(vm11:m0) Allocating data for reducer vm4:r0
(vm11:m0) Allocating data for reducer vm5:r0
(vm11:m0) Allocating data for reducer vm6:r0
(vm11:m0) Allocating data for reducer vm7:r0
(vm11:m0) Allocating data for reducer vm8:r0
(vm11:m0) Allocating data for reducer vm9:r0
(vm11:m0) Allocating data for reducer vm10:r0
(vm11:m0) Allocating data for reducer vm11:r0
(vm11:m0) Allocating data for reducer vm12:r0
(vm11:m0) Allocating data for reducer vm13:r0
(vm11:m0) Allocating data for reducer vm14:r0
(vm11:m0) Allocating data for reducer vm15:r0
(vm11:m0) Allocating data for reducer vm16:r0
(vm11:m0) Binding to port 23330
(vm11:r0) New reducer
(vm11:r0) Reducer thread started
(vm11:r0) waiting for START message
(vm11:r0) got START message
(vm11:r0) Starting new connection thread
(vm11:r0) Starting new connection thread
(vm11:r0) Starting new connection thread
(vm11:r0) Starting new connection thread
(vm11:r0) Starting new connection thread
(vm11:r0) Maximum number of connections reached (5), waiting for a thread to finish
(vm11:r0:3) Connection established
(vm11:r0:2) Connection established
(vm11:r0:1) Connection established
(vm11:r0:4) Connection established
(vm11:r0:0) Connection established
(vm11:r0:4) Connection finished, received 4294967297 bytes
(vm11:r0:2) Connection finished, received 4294967297 bytes
(vm11:r0:3) Connection finished, received 4294967297 bytes
(vm11:r0:0) Connection finished, received 4294967297 bytes
(vm11:r0) thread 0 joined, 15 connections remaining
(vm11:r0) Starting new connection thread
(vm11:r0) Maximum number of connections reached (5), waiting for a thread to finish
(vm11:r0:0) Connection established
(vm11:r0:1) Connection finished, received 4294967297 bytes
(vm11:r0:0) Connection finished, received 4294967297 bytes
(vm11:r0) thread 0 joined, 14 connections remaining
(vm11:r0) Starting new connection thread
(vm11:r0) Maximum number of connections reached (5), waiting for a thread to finish
(vm11:r0:0) Connection established
(vm11:m0) Got connection from reducer vm1:r0
(vm11:m0:0) thread started, have to send 4294967296 bytes
(vm11:m0:0) all data sent, thread exiting
(vm11:r0:0) Connection finished, received 4294967297 bytes
(vm11:r0) thread 0 joined, 13 connections remaining
(vm11:r0) Starting new connection thread
(vm11:r0) Maximum number of connections reached (5), waiting for a thread to finish
(vm11:r0:0) Connection established
(vm11:m0) Got connection from reducer vm6:r0
(vm11:m0:5) thread started, have to send 4294967296 bytes
(vm11:m0) Got connection from reducer vm15:r0
(vm11:m0:14) thread started, have to send 4294967296 bytes
(vm11:m0:5) all data sent, thread exiting
(vm11:m0) Got connection from reducer vm12:r0
(vm11:m0:11) thread started, have to send 4294967296 bytes
(vm11:m0:14) all data sent, thread exiting
(vm11:m0:11) all data sent, thread exiting
(vm11:m0) Got connection from reducer vm7:r0
(vm11:m0:6) thread started, have to send 4294967296 bytes
(vm11:r0:0) Connection finished, received 4294967297 bytes
(vm11:r0) thread 0 joined, 12 connections remaining
(vm11:r0) Starting new connection thread
(vm11:r0) Maximum number of connections reached (5), waiting for a thread to finish
(vm11:r0:0) Connection established
(vm11:m0:6) all data sent, thread exiting
(vm11:m0) Got connection from reducer vm8:r0
(vm11:m0:7) thread started, have to send 4294967296 bytes
(vm11:m0:7) all data sent, thread exiting
(vm11:r0:0) Connection finished, received 4294967297 bytes
(vm11:r0) thread 0 joined, 11 connections remaining
(vm11:r0) Starting new connection thread
(vm11:r0) Maximum number of connections reached (5), waiting for a thread to finish
(vm11:r0:0) Connection established
(vm11:m0) Got connection from reducer vm9:r0
(vm11:m0:8) thread started, have to send 4294967296 bytes
(vm11:m0:8) all data sent, thread exiting
(vm11:m0) Got connection from reducer vm10:r0
(vm11:m0:9) thread started, have to send 4294967296 bytes
(vm11:r0:0) Connection finished, received 4294967297 bytes
(vm11:r0) thread 0 joined, 10 connections remaining
(vm11:r0) Starting new connection thread
(vm11:r0) Maximum number of connections reached (5), waiting for a thread to finish
(vm11:r0:0) Connection established
(vm11:m0) Got connection from reducer vm11:r0
(vm11:m0:10) thread started, have to send 4294967296 bytes
(vm11:m0) Got connection from reducer vm13:r0
(vm11:m0:12) thread started, have to send 4294967296 bytes
(vm11:m0) Got connection from reducer vm3:r0
(vm11:m0:2) thread started, have to send 4294967296 bytes
(vm11:m0) Got connection from reducer vm14:r0
(vm11:m0:13) thread started, have to send 4294967296 bytes
(vm11:m0) Got connection from reducer vm4:r0
(vm11:m0:3) thread started, have to send 4294967296 bytes
(vm11:m0) Got connection from reducer vm16:r0
(vm11:m0:15) thread started, have to send 4294967296 bytes
(vm11:m0) Got connection from reducer vm5:r0
(vm11:m0:4) thread started, have to send 4294967296 bytes
(vm11:m0) Got connection from reducer vm2:r0
(vm11:m0) Waiting for a thread to finish
(vm11:m0) thread 0 joined, 15 connections remaining
(vm11:m0) Waiting for a thread to finish
(vm11:m0:1) thread started, have to send 4294967296 bytes
(vm11:m0:9) all data sent, thread exiting
(vm11:m0:10) all data sent, thread exiting
(vm11:r0:0) Connection finished, received 4294967297 bytes
(vm11:r0) thread 0 joined, 9 connections remaining
(vm11:r0) Starting new connection thread
(vm11:r0) Maximum number of connections reached (5), waiting for a thread to finish
(vm11:r0:0) Connection established
(vm11:m0:12) all data sent, thread exiting
(vm11:m0:3) all data sent, thread exiting
(vm11:m0:2) all data sent, thread exiting
(vm11:m0:15) all data sent, thread exiting
(vm11:m0:1) all data sent, thread exiting
(vm11:m0) thread 1 joined, 14 connections remaining
(vm11:m0) Waiting for a thread to finish
(vm11:m0) thread 2 joined, 13 connections remaining
(vm11:m0) Waiting for a thread to finish
(vm11:m0) thread 3 joined, 12 connections remaining
(vm11:m0) Waiting for a thread to finish
(vm11:m0:13) all data sent, thread exiting
(vm11:m0:4) all data sent, thread exiting
(vm11:m0) thread 4 joined, 11 connections remaining
(vm11:m0) Waiting for a thread to finish
(vm11:m0) thread 5 joined, 10 connections remaining
(vm11:m0) Waiting for a thread to finish
(vm11:m0) thread 6 joined, 9 connections remaining
(vm11:m0) Waiting for a thread to finish
(vm11:m0) thread 7 joined, 8 connections remaining
(vm11:m0) Waiting for a thread to finish
(vm11:m0) thread 8 joined, 7 connections remaining
(vm11:m0) Waiting for a thread to finish
(vm11:m0) thread 9 joined, 6 connections remaining
(vm11:m0) Waiting for a thread to finish
(vm11:m0) thread 10 joined, 5 connections remaining
(vm11:m0) Waiting for a thread to finish
(vm11:m0) thread 11 joined, 4 connections remaining
(vm11:m0) Waiting for a thread to finish
(vm11:m0) thread 12 joined, 3 connections remaining
(vm11:m0) Waiting for a thread to finish
(vm11:m0) thread 13 joined, 2 connections remaining
(vm11:m0) Waiting for a thread to finish
(vm11:m0) thread 14 joined, 1 connections remaining
(vm11:m0) Waiting for a thread to finish
(vm11:m0) thread 15 joined, 0 connections remaining
(vm11:m0) all done, exiting
*RES* start node vm11:m0
*RES* vm11:m0:0,1403745177636,7685,3405,4294967297
*RES* vm11:m0:1,1403745332713,16993,1676,4294967297
*RES* vm11:m0:2,1403745330978,17999,1780,4294967297
*RES* vm11:m0:3,1403745331271,17553,1710,4294967297
*RES* vm11:m0:4,1403745332120,17793,1787,4294967297
*RES* vm11:m0:5,1403745221616,7047,2550,4294967297
*RES* vm11:m0:6,1403745253434,7079,2688,4294967297
*RES* vm11:m0:7,1403745285428,6477,2446,4294967297
*RES* vm11:m0:8,1403745299570,6249,2014,4294967297
*RES* vm11:m0:9,1403745317936,22545,1636,4294967297
*RES* vm11:m0:10,1403745328632,12396,615,4294967297
*RES* vm11:m0:11,1403745230558,11622,2224,4294967297
*RES* vm11:m0:12,1403745329868,15510,1692,4294967297
*RES* vm11:m0:13,1403745331108,18789,1923,4294967297
*RES* vm11:m0:14,1403745224932,6936,2236,4294967297
*RES* vm11:m0:15,1403745331442,17583,1710,4294967297
*RES* end node vm11:m0
Node vm11:m0 joined
(vm11:r0:0) Connection finished, received 4294967297 bytes
(vm11:r0) thread 0 joined, 8 connections remaining
(vm11:r0) Starting new connection thread
(vm11:r0) Maximum number of connections reached (5), waiting for a thread to finish
(vm11:r0:0) Connection established
(vm11:r0:0) Connection finished, received 4294967297 bytes
(vm11:r0) thread 0 joined, 7 connections remaining
(vm11:r0) Starting new connection thread
(vm11:r0) Maximum number of connections reached (5), waiting for a thread to finish
(vm11:r0:0) Connection established
(vm11:r0:0) Connection finished, received 4294967297 bytes
(vm11:r0) thread 0 joined, 6 connections remaining
(vm11:r0) Starting new connection thread
(vm11:r0) Maximum number of connections reached (5), waiting for a thread to finish
(vm11:r0:0) Connection established
(vm11:r0:0) Connection finished, received 4294967297 bytes
(vm11:r0) thread 0 joined, 5 connections remaining
(vm11:r0) Starting new connection thread
(vm11:r0) Maximum number of connections reached (5), waiting for a thread to finish
(vm11:r0:0) Connection established
(vm11:r0:0) Connection finished, received 4294967297 bytes
(vm11:r0) thread 0 joined, 4 connections remaining
(vm11:r0) Maximum number of connections reached (4), waiting for a thread to finish
(vm11:r0) thread 1 joined, 3 connections remaining
(vm11:r0) Maximum number of connections reached (3), waiting for a thread to finish
(vm11:r0) thread 2 joined, 2 connections remaining
(vm11:r0) Maximum number of connections reached (2), waiting for a thread to finish
(vm11:r0) thread 3 joined, 1 connections remaining
(vm11:r0) Maximum number of connections reached (1), waiting for a thread to finish
(vm11:r0) thread 4 joined, 0 connections remaining
(vm11:r0) all done, exiting
*RES* start node vm11:r0
*RES* vm11:r0:0,1403745048440,62764,3519,4294967297
*RES* vm11:r0:0,1403745111212,52631,3055,4294967297
*RES* vm11:r0:0,1403745163848,46947,3115,4294967297
*RES* vm11:r0:0,1403745210800,47143,3013,4294967297
*RES* vm11:r0:0,1403745257949,40239,2984,4294967297
*RES* vm11:r0:0,1403745298196,30425,2762,4294967297
*RES* vm11:r0:0,1403745328628,12428,1756,4294967297
*RES* vm11:r0:0,1403745341100,21379,2274,4294967297
*RES* vm11:r0:0,1403745362484,7529,2395,4294967297
*RES* vm11:r0:0,1403745370020,6477,2399,4294967297
*RES* vm11:r0:0,1403745376504,5175,2485,4294967297
*RES* vm11:r0:0,1403745381688,6429,2338,4294967297
*RES* vm11:r0:1,1403745048440,68719,3539,4294967297
*RES* vm11:r0:2,1403745048440,54115,3480,4294967297
*RES* vm11:r0:3,1403745048440,59293,3505,4294967297
*RES* vm11:r0:4,1403745048440,51591,3428,4294967297
*RES* end node vm11:r0
Node vm11:r0 joined
Worker terminating correctly
