OSMeF worker starting
Enabling core dumping
Listening for command connection
(vm35:m0) New mapper on port 23330
(vm35:m0) -> reducer data size 722887329
(vm35:m0) -> reducer data size 722887329
(vm35:m0) -> reducer data size 722887329
(vm35:m0) -> reducer data size 722887329
(vm35:m0) -> reducer data size 722887329
(vm35:m0) -> reducer data size 722887329
(vm35:m0) -> reducer data size 722887329
(vm35:m0) -> reducer data size 722887329
(vm35:m0) -> reducer data size 722887329
(vm35:m0) -> reducer data size 722887329
(vm35:m0) -> reducer data size 722887329
(vm35:m0) -> reducer data size 722887329
(vm35:m0) -> reducer data size 722887329
(vm35:m0) -> reducer data size 722887329
(vm35:m0) -> reducer data size 722887329
(vm35:m0) -> reducer data size 722887329
(vm35:m0) -> reducer data size 722887329
(vm35:m0) -> reducer data size 722887329
(vm35:m0) -> reducer data size 722887329
(vm35:m0) -> reducer data size 722887329
(vm35:m0) -> reducer data size 722887329
(vm35:m0) -> reducer data size 722887329
(vm35:m0) -> reducer data size 722887329
(vm35:m0) -> reducer data size 722887329
(vm35:m0) -> reducer data size 722887329
(vm35:m0) -> reducer data size 722887329
(vm35:m0) -> reducer data size 722887329
(vm35:m0) -> reducer data size 722887329
(vm35:m0) -> reducer data size 722887329
(vm35:m0) -> reducer data size 722887329
(vm35:m0) -> reducer data size 722887329
(vm35:m0) -> reducer data size 722887329
(vm35:m0) -> reducer data size 722887329
(vm35:m0) -> reducer data size 722887329
(vm35:m0) -> reducer data size 722887329
(vm35:m0) -> reducer data size 722887329
(vm35:m0) -> reducer data size 722887329
(vm35:m0) -> reducer data size 722887329
(vm35:m0) -> reducer data size 722887329
(vm35:m0) Mapper thread started
(vm35:m0) Allocating data for reducer vm1:r0
(vm35:m0) Allocating data for reducer vm2:r0
(vm35:m0) Allocating data for reducer vm3:r0
(vm35:m0) Allocating data for reducer vm4:r0
(vm35:m0) Allocating data for reducer vm5:r0
(vm35:m0) Allocating data for reducer vm6:r0
(vm35:m0) Allocating data for reducer vm7:r0
(vm35:m0) Allocating data for reducer vm8:r0
(vm35:m0) Allocating data for reducer vm9:r0
(vm35:m0) Allocating data for reducer vm10:r0
(vm35:m0) Allocating data for reducer vm11:r0
(vm35:m0) Allocating data for reducer vm12:r0
(vm35:m0) Allocating data for reducer vm13:r0
(vm35:m0) Allocating data for reducer vm14:r0
(vm35:m0) Allocating data for reducer vm15:r0
(vm35:m0) Allocating data for reducer vm16:r0
(vm35:m0) Allocating data for reducer vm17:r0
(vm35:m0) Allocating data for reducer vm18:r0
(vm35:m0) Allocating data for reducer vm19:r0
(vm35:m0) Allocating data for reducer vm20:r0
(vm35:m0) Allocating data for reducer vm21:r0
(vm35:m0) Allocating data for reducer vm22:r0
(vm35:m0) Allocating data for reducer vm23:r0
(vm35:m0) Allocating data for reducer vm24:r0
(vm35:m0) Allocating data for reducer vm25:r0
(vm35:m0) Allocating data for reducer vm26:r0
(vm35:m0) Allocating data for reducer vm27:r0
(vm35:m0) Allocating data for reducer vm28:r0
(vm35:m0) Allocating data for reducer vm29:r0
(vm35:m0) Allocating data for reducer vm30:r0
(vm35:m0) Allocating data for reducer vm31:r0
(vm35:m0) Allocating data for reducer vm32:r0
(vm35:m0) Allocating data for reducer vm33:r0
(vm35:m0) Allocating data for reducer vm34:r0
(vm35:m0) Allocating data for reducer vm35:r0
(vm35:m0) Allocating data for reducer vm36:r0
(vm35:m0) Allocating data for reducer vm37:r0
(vm35:m0) Allocating data for reducer vm38:r0
(vm35:m0) Allocating data for reducer vm39:r0
(vm35:m0) Binding to port 23330
(vm35:r0) New reducer
(vm35:r0) Reducer thread started
(vm35:r0) waiting for START message
(vm35:r0) got START message
(vm35:r0) Starting new connection thread
(vm35:r0) Starting new connection thread
(vm35:r0) Starting new connection thread
(vm35:r0) Starting new connection thread
(vm35:r0) Starting new connection thread
(vm35:r0) Maximum number of connections reached (5), waiting for a thread to finish
(vm35:r0:0) Connection established
(vm35:r0:2) Connection established
(vm35:r0:3) Connection established
(vm35:r0:1) Connection established
(vm35:r0:4) Connection established
(vm35:r0:3) Connection finished, received 722887330 bytes
(vm35:r0:2) Connection finished, received 722887330 bytes
(vm35:r0:1) Connection finished, received 722887330 bytes
(vm35:r0:0) Connection finished, received 722887330 bytes
(vm35:r0) thread 0 joined, 38 connections remaining
(vm35:r0) Starting new connection thread
(vm35:r0) Maximum number of connections reached (5), waiting for a thread to finish
(vm35:r0:0) Connection established
(vm35:r0:4) Connection finished, received 722887330 bytes
(vm35:r0:0) Connection finished, received 722887330 bytes
(vm35:r0) thread 0 joined, 37 connections remaining
(vm35:r0) Starting new connection thread
(vm35:r0) Maximum number of connections reached (5), waiting for a thread to finish
(vm35:r0:0) Connection established
(vm35:r0:0) Connection finished, received 722887330 bytes
(vm35:r0) thread 0 joined, 36 connections remaining
(vm35:r0) Starting new connection thread
(vm35:r0) Maximum number of connections reached (5), waiting for a thread to finish
(vm35:r0:0) Connection established
(vm35:r0:0) Connection finished, received 722887330 bytes
(vm35:r0) thread 0 joined, 35 connections remaining
(vm35:r0) Starting new connection thread
(vm35:r0) Maximum number of connections reached (5), waiting for a thread to finish
(vm35:r0:0) Connection established
(vm35:r0:0) Connection finished, received 722887330 bytes
(vm35:r0) thread 0 joined, 34 connections remaining
(vm35:r0) Starting new connection thread
(vm35:r0) Maximum number of connections reached (5), waiting for a thread to finish
(vm35:r0:0) Connection established
(vm35:m0) Got connection from reducer vm1:r0
(vm35:m0:0) thread started, have to send 722887329 bytes
(vm35:r0:0) Connection finished, received 722887330 bytes
(vm35:r0) thread 0 joined, 33 connections remaining
(vm35:r0) Starting new connection thread
(vm35:r0) Maximum number of connections reached (5), waiting for a thread to finish
(vm35:r0:0) Connection established
(vm35:m0:0) all data sent, thread exiting
(vm35:m0) Got connection from reducer vm30:r0
(vm35:m0:29) thread started, have to send 722887329 bytes
(vm35:r0:0) Connection finished, received 722887330 bytes
(vm35:r0) thread 0 joined, 32 connections remaining
(vm35:r0) Starting new connection thread
(vm35:r0) Maximum number of connections reached (5), waiting for a thread to finish
(vm35:r0:0) Connection established
(vm35:m0:29) all data sent, thread exiting
(vm35:m0) Got connection from reducer vm9:r0
(vm35:m0:8) thread started, have to send 722887329 bytes
(vm35:m0:8) all data sent, thread exiting
(vm35:r0:0) Connection finished, received 722887330 bytes
(vm35:r0) thread 0 joined, 31 connections remaining
(vm35:r0) Starting new connection thread
(vm35:r0) Maximum number of connections reached (5), waiting for a thread to finish
(vm35:r0:0) Connection established
(vm35:r0:0) Connection finished, received 722887330 bytes
(vm35:r0) thread 0 joined, 30 connections remaining
(vm35:r0) Starting new connection thread
(vm35:r0) Maximum number of connections reached (5), waiting for a thread to finish
(vm35:r0:0) Connection established
(vm35:m0) Got connection from reducer vm22:r0
(vm35:m0:21) thread started, have to send 722887329 bytes
(vm35:r0:0) Connection finished, received 722887330 bytes
(vm35:r0) thread 0 joined, 29 connections remaining
(vm35:r0) Starting new connection thread
(vm35:r0) Maximum number of connections reached (5), waiting for a thread to finish
(vm35:r0:0) Connection established
(vm35:m0:21) all data sent, thread exiting
(vm35:m0) Got connection from reducer vm27:r0
(vm35:m0:26) thread started, have to send 722887329 bytes
(vm35:r0:0) Connection finished, received 722887330 bytes
(vm35:r0) thread 0 joined, 28 connections remaining
(vm35:r0) Starting new connection thread
(vm35:r0) Maximum number of connections reached (5), waiting for a thread to finish
(vm35:r0:0) Connection established
(vm35:m0:26) all data sent, thread exiting
(vm35:r0:0) Connection finished, received 722887330 bytes
(vm35:r0) thread 0 joined, 27 connections remaining
(vm35:r0) Starting new connection thread
(vm35:r0) Maximum number of connections reached (5), waiting for a thread to finish
(vm35:r0:0) Connection established
(vm35:m0) Got connection from reducer vm24:r0
(vm35:m0:23) thread started, have to send 722887329 bytes
(vm35:m0) Got connection from reducer vm6:r0
(vm35:m0:5) thread started, have to send 722887329 bytes
(vm35:r0:0) Connection finished, received 722887330 bytes
(vm35:r0) thread 0 joined, 26 connections remaining
(vm35:r0) Starting new connection thread
(vm35:r0) Maximum number of connections reached (5), waiting for a thread to finish
(vm35:r0:0) Connection established
(vm35:m0:23) all data sent, thread exiting
(vm35:m0:5) all data sent, thread exiting
(vm35:r0:0) Connection finished, received 722887330 bytes
(vm35:r0) thread 0 joined, 25 connections remaining
(vm35:r0) Starting new connection thread
(vm35:r0) Maximum number of connections reached (5), waiting for a thread to finish
(vm35:r0:0) Connection established
(vm35:r0:0) Connection finished, received 722887330 bytes
(vm35:r0) thread 0 joined, 24 connections remaining
(vm35:r0) Starting new connection thread
(vm35:r0) Maximum number of connections reached (5), waiting for a thread to finish
(vm35:r0:0) Connection established
(vm35:m0) Got connection from reducer vm26:r0
(vm35:m0:25) thread started, have to send 722887329 bytes
(vm35:r0:0) Connection finished, received 722887330 bytes
(vm35:r0) thread 0 joined, 23 connections remaining
(vm35:r0) Starting new connection thread
(vm35:r0) Maximum number of connections reached (5), waiting for a thread to finish
(vm35:r0:0) Connection established
(vm35:m0:25) all data sent, thread exiting
(vm35:r0:0) Connection finished, received 722887330 bytes
(vm35:r0) thread 0 joined, 22 connections remaining
(vm35:r0) Starting new connection thread
(vm35:r0) Maximum number of connections reached (5), waiting for a thread to finish
(vm35:r0:0) Connection established
(vm35:m0) Got connection from reducer vm16:r0
(vm35:m0:15) thread started, have to send 722887329 bytes
(vm35:m0) Got connection from reducer vm21:r0
(vm35:m0:20) thread started, have to send 722887329 bytes
(vm35:m0) Got connection from reducer vm34:r0
(vm35:m0:33) thread started, have to send 722887329 bytes
(vm35:r0:0) Connection finished, received 722887330 bytes
(vm35:r0) thread 0 joined, 21 connections remaining
(vm35:r0) Starting new connection thread
(vm35:r0) Maximum number of connections reached (5), waiting for a thread to finish
(vm35:r0:0) Connection established
(vm35:m0:15) all data sent, thread exiting
(vm35:m0:20) all data sent, thread exiting
(vm35:m0:33) all data sent, thread exiting
(vm35:r0:0) Connection finished, received 722887330 bytes
(vm35:r0) thread 0 joined, 20 connections remaining
(vm35:r0) Starting new connection thread
(vm35:r0) Maximum number of connections reached (5), waiting for a thread to finish
(vm35:r0:0) Connection established
(vm35:m0) Got connection from reducer vm13:r0
(vm35:m0:12) thread started, have to send 722887329 bytes
(vm35:m0) Got connection from reducer vm7:r0
(vm35:m0:6) thread started, have to send 722887329 bytes
(vm35:m0:12) all data sent, thread exiting
(vm35:r0:0) Connection finished, received 722887330 bytes
(vm35:r0) thread 0 joined, 19 connections remaining
(vm35:r0) Starting new connection thread
(vm35:r0) Maximum number of connections reached (5), waiting for a thread to finish
(vm35:r0:0) Connection established
(vm35:m0:6) all data sent, thread exiting
(vm35:r0:0) Connection finished, received 722887330 bytes
(vm35:r0) thread 0 joined, 18 connections remaining
(vm35:r0) Starting new connection thread
(vm35:r0) Maximum number of connections reached (5), waiting for a thread to finish
(vm35:r0:0) Connection established
(vm35:m0) Got connection from reducer vm19:r0
(vm35:m0:18) thread started, have to send 722887329 bytes
(vm35:m0) Got connection from reducer vm8:r0
(vm35:m0:7) thread started, have to send 722887329 bytes
(vm35:r0:0) Connection finished, received 722887330 bytes
(vm35:r0) thread 0 joined, 17 connections remaining
(vm35:r0) Starting new connection thread
(vm35:r0) Maximum number of connections reached (5), waiting for a thread to finish
(vm35:r0:0) Connection established
(vm35:m0) Got connection from reducer vm31:r0
(vm35:m0:30) thread started, have to send 722887329 bytes
(vm35:m0:18) all data sent, thread exiting
(vm35:m0) Got connection from reducer vm20:r0
(vm35:m0:19) thread started, have to send 722887329 bytes
(vm35:m0:7) all data sent, thread exiting
(vm35:r0:0) Connection finished, received 722887330 bytes
(vm35:r0) thread 0 joined, 16 connections remaining
(vm35:r0) Starting new connection thread
(vm35:r0) Maximum number of connections reached (5), waiting for a thread to finish
(vm35:r0:0) Connection established
(vm35:m0:30) all data sent, thread exiting
(vm35:m0) Got connection from reducer vm17:r0
(vm35:m0:16) thread started, have to send 722887329 bytes
(vm35:m0) Got connection from reducer vm18:r0
(vm35:m0:17) thread started, have to send 722887329 bytes
(vm35:m0:19) all data sent, thread exiting
(vm35:r0:0) Connection finished, received 722887330 bytes
(vm35:r0) thread 0 joined, 15 connections remaining
(vm35:r0) Starting new connection thread
(vm35:r0) Maximum number of connections reached (5), waiting for a thread to finish
(vm35:r0:0) Connection established
(vm35:m0:17) all data sent, thread exiting
(vm35:m0:16) all data sent, thread exiting
(vm35:m0) Got connection from reducer vm12:r0
(vm35:m0:11) thread started, have to send 722887329 bytes
(vm35:r0:0) Connection finished, received 722887330 bytes
(vm35:r0) thread 0 joined, 14 connections remaining
(vm35:r0) Starting new connection thread
(vm35:r0) Maximum number of connections reached (5), waiting for a thread to finish
(vm35:r0:0) Connection established
(vm35:m0) Got connection from reducer vm33:r0
(vm35:m0:32) thread started, have to send 722887329 bytes
(vm35:m0) Got connection from reducer vm11:r0
(vm35:m0:10) thread started, have to send 722887329 bytes
(vm35:m0:11) all data sent, thread exiting
(vm35:m0) Got connection from reducer vm28:r0
(vm35:m0:27) thread started, have to send 722887329 bytes
(vm35:m0:10) all data sent, thread exiting
(vm35:m0) Got connection from reducer vm10:r0
(vm35:m0:9) thread started, have to send 722887329 bytes
(vm35:r0:0) Connection finished, received 722887330 bytes
(vm35:r0) thread 0 joined, 13 connections remaining
(vm35:r0) Starting new connection thread
(vm35:r0) Maximum number of connections reached (5), waiting for a thread to finish
(vm35:r0:0) Connection established
(vm35:m0) Got connection from reducer vm25:r0
(vm35:m0:24) thread started, have to send 722887329 bytes
(vm35:m0:32) all data sent, thread exiting
(vm35:m0:27) all data sent, thread exiting
(vm35:m0:9) all data sent, thread exiting
(vm35:m0) Got connection from reducer vm32:r0
(vm35:m0:31) thread started, have to send 722887329 bytes
(vm35:m0:24) all data sent, thread exiting
(vm35:m0) Got connection from reducer vm39:r0
(vm35:m0:38) thread started, have to send 722887329 bytes
(vm35:m0) Got connection from reducer vm3:r0
(vm35:m0:2) thread started, have to send 722887329 bytes
(vm35:m0) Got connection from reducer vm23:r0
(vm35:m0:22) thread started, have to send 722887329 bytes
(vm35:r0:0) Connection finished, received 722887330 bytes
(vm35:r0) thread 0 joined, 12 connections remaining
(vm35:r0) Starting new connection thread
(vm35:r0) Maximum number of connections reached (5), waiting for a thread to finish
(vm35:r0:0) Connection established
(vm35:m0) Got connection from reducer vm38:r0
(vm35:m0:37) thread started, have to send 722887329 bytes
(vm35:m0:38) all data sent, thread exiting
(vm35:m0:31) all data sent, thread exiting
(vm35:m0:2) all data sent, thread exiting
(vm35:m0:22) all data sent, thread exiting
(vm35:m0) Got connection from reducer vm2:r0
(vm35:m0:1) thread started, have to send 722887329 bytes
(vm35:m0:37) all data sent, thread exiting
(vm35:r0:0) Connection finished, received 722887330 bytes
(vm35:r0) thread 0 joined, 11 connections remaining
(vm35:r0) Starting new connection thread
(vm35:r0) Maximum number of connections reached (5), waiting for a thread to finish
(vm35:r0:0) Connection established
(vm35:m0:1) all data sent, thread exiting
(vm35:m0) Got connection from reducer vm36:r0
(vm35:m0:35) thread started, have to send 722887329 bytes
(vm35:m0:35) all data sent, thread exiting
(vm35:m0) Got connection from reducer vm4:r0
(vm35:m0:3) thread started, have to send 722887329 bytes
(vm35:m0) Got connection from reducer vm14:r0
(vm35:m0:13) thread started, have to send 722887329 bytes
(vm35:r0:0) Connection finished, received 722887330 bytes
(vm35:r0) thread 0 joined, 10 connections remaining
(vm35:r0) Starting new connection thread
(vm35:r0) Maximum number of connections reached (5), waiting for a thread to finish
(vm35:r0:0) Connection established
(vm35:m0) Got connection from reducer vm37:r0
(vm35:m0:36) thread started, have to send 722887329 bytes
(vm35:m0) Got connection from reducer vm5:r0
(vm35:m0:4) thread started, have to send 722887329 bytes
(vm35:m0:3) all data sent, thread exiting
(vm35:m0) Got connection from reducer vm15:r0
(vm35:m0:14) thread started, have to send 722887329 bytes
(vm35:r0:0) Connection finished, received 722887330 bytes
(vm35:r0) thread 0 joined, 9 connections remaining
(vm35:r0) Starting new connection thread
(vm35:r0) Maximum number of connections reached (5), waiting for a thread to finish
(vm35:r0:0) Connection established
(vm35:m0) Got connection from reducer vm35:r0
(vm35:m0:34) thread started, have to send 722887329 bytes
(vm35:m0:13) all data sent, thread exiting
(vm35:m0) Got connection from reducer vm29:r0
(vm35:m0) Waiting for a thread to finish
(vm35:m0) thread 0 joined, 38 connections remaining
(vm35:m0) Waiting for a thread to finish
(vm35:m0) thread 1 joined, 37 connections remaining
(vm35:m0) Waiting for a thread to finish
(vm35:m0) thread 2 joined, 36 connections remaining
(vm35:m0) Waiting for a thread to finish
(vm35:m0) thread 3 joined, 35 connections remaining
(vm35:m0) Waiting for a thread to finish
(vm35:m0:28) thread started, have to send 722887329 bytes
(vm35:m0:36) all data sent, thread exiting
(vm35:m0:34) all data sent, thread exiting
(vm35:r0:0) Connection finished, received 722887330 bytes
(vm35:r0) thread 0 joined, 8 connections remaining
(vm35:r0) Starting new connection thread
(vm35:r0) Maximum number of connections reached (5), waiting for a thread to finish
(vm35:r0:0) Connection established
(vm35:m0:4) all data sent, thread exiting
(vm35:m0) thread 4 joined, 34 connections remaining
(vm35:m0) Waiting for a thread to finish
(vm35:m0) thread 5 joined, 33 connections remaining
(vm35:m0) Waiting for a thread to finish
(vm35:m0) thread 6 joined, 32 connections remaining
(vm35:m0) Waiting for a thread to finish
(vm35:m0) thread 7 joined, 31 connections remaining
(vm35:m0) Waiting for a thread to finish
(vm35:m0) thread 8 joined, 30 connections remaining
(vm35:m0) Waiting for a thread to finish
(vm35:m0) thread 9 joined, 29 connections remaining
(vm35:m0) Waiting for a thread to finish
(vm35:m0) thread 10 joined, 28 connections remaining
(vm35:m0) Waiting for a thread to finish
(vm35:m0) thread 11 joined, 27 connections remaining
(vm35:m0) Waiting for a thread to finish
(vm35:m0) thread 12 joined, 26 connections remaining
(vm35:m0) Waiting for a thread to finish
(vm35:m0) thread 13 joined, 25 connections remaining
(vm35:m0) Waiting for a thread to finish
(vm35:m0:14) all data sent, thread exiting
(vm35:m0) thread 14 joined, 24 connections remaining
(vm35:m0) Waiting for a thread to finish
(vm35:m0) thread 15 joined, 23 connections remaining
(vm35:m0) Waiting for a thread to finish
(vm35:m0) thread 16 joined, 22 connections remaining
(vm35:m0) Waiting for a thread to finish
(vm35:m0) thread 17 joined, 21 connections remaining
(vm35:m0) Waiting for a thread to finish
(vm35:m0) thread 18 joined, 20 connections remaining
(vm35:m0) Waiting for a thread to finish
(vm35:m0) thread 19 joined, 19 connections remaining
(vm35:m0) Waiting for a thread to finish
(vm35:m0) thread 20 joined, 18 connections remaining
(vm35:m0) Waiting for a thread to finish
(vm35:m0) thread 21 joined, 17 connections remaining
(vm35:m0) Waiting for a thread to finish
(vm35:m0) thread 22 joined, 16 connections remaining
(vm35:m0) Waiting for a thread to finish
(vm35:m0) thread 23 joined, 15 connections remaining
(vm35:m0) Waiting for a thread to finish
(vm35:m0) thread 24 joined, 14 connections remaining
(vm35:m0) Waiting for a thread to finish
(vm35:m0) thread 25 joined, 13 connections remaining
(vm35:m0) Waiting for a thread to finish
(vm35:m0) thread 26 joined, 12 connections remaining
(vm35:m0) Waiting for a thread to finish
(vm35:m0) thread 27 joined, 11 connections remaining
(vm35:m0) Waiting for a thread to finish
(vm35:m0:28) all data sent, thread exiting
(vm35:m0) thread 28 joined, 10 connections remaining
(vm35:m0) Waiting for a thread to finish
(vm35:m0) thread 29 joined, 9 connections remaining
(vm35:m0) Waiting for a thread to finish
(vm35:m0) thread 30 joined, 8 connections remaining
(vm35:m0) Waiting for a thread to finish
(vm35:m0) thread 31 joined, 7 connections remaining
(vm35:m0) Waiting for a thread to finish
(vm35:m0) thread 32 joined, 6 connections remaining
(vm35:m0) Waiting for a thread to finish
(vm35:m0) thread 33 joined, 5 connections remaining
(vm35:m0) Waiting for a thread to finish
(vm35:m0) thread 34 joined, 4 connections remaining
(vm35:m0) Waiting for a thread to finish
(vm35:m0) thread 35 joined, 3 connections remaining
(vm35:m0) Waiting for a thread to finish
(vm35:m0) thread 36 joined, 2 connections remaining
(vm35:m0) Waiting for a thread to finish
(vm35:m0) thread 37 joined, 1 connections remaining
(vm35:m0) Waiting for a thread to finish
(vm35:m0) thread 38 joined, 0 connections remaining
(vm35:m0) all done, exiting
*RES* start node vm35:m0
*RES* vm35:m0:0,1405725855591,4361,960,722887330
*RES* vm35:m0:1,1405726007584,1483,480,722887330
*RES* vm35:m0:2,1405726003303,3297,597,722887330
*RES* vm35:m0:3,1405726012155,2351,583,722887330
*RES* vm35:m0:4,1405726014291,3555,557,722887330
*RES* vm35:m0:5,1405725914874,5262,1076,722887330
*RES* vm35:m0:6,1405725966443,3471,1025,722887330
*RES* vm35:m0:7,1405725978175,5196,1207,722887330
*RES* vm35:m0:8,1405725871356,5675,1323,722887330
*RES* vm35:m0:9,1405725998953,2347,512,722887330
*RES* vm35:m0:10,1405725995467,3188,531,722887330
*RES* vm35:m0:11,1405725993847,2518,695,722887330
*RES* vm35:m0:12,1405725961831,4632,1360,722887330
*RES* vm35:m0:13,1405726012623,2740,575,722887330
*RES* vm35:m0:14,1405726014979,3286,545,722887330
*RES* vm35:m0:15,1405725950563,6283,1009,722887330
*RES* vm35:m0:16,1405725987295,3818,885,722887330
*RES* vm35:m0:17,1405725987383,3713,870,722887330
*RES* vm35:m0:18,1405725975703,5027,1352,722887330
*RES* vm35:m0:19,1405725983107,4805,1176,722887330
*RES* vm35:m0:20,1405725950636,6500,846,722887330
*RES* vm35:m0:21,1405725891667,6646,967,722887330
*RES* vm35:m0:22,1405726003759,3084,550,722887330
*RES* vm35:m0:23,1405725911712,6388,1286,722887330
*RES* vm35:m0:24,1405726000119,2797,579,722887330
*RES* vm35:m0:25,1405725934467,5064,983,722887330
*RES* vm35:m0:26,1405725899562,3662,1245,722887330
*RES* vm35:m0:27,1405725997605,3154,522,722887330
*RES* vm35:m0:28,1405726015863,2784,499,722887330
*RES* vm35:m0:29,1405725865312,5561,1397,722887330
*RES* vm35:m0:30,1405725980317,6548,852,722887330
*RES* vm35:m0:31,1405726001365,5059,593,722887330
*RES* vm35:m0:32,1405725995123,5424,523,722887330
*RES* vm35:m0:33,1405725952143,5986,954,722887330
*RES* vm35:m0:34,1405726015351,2097,140,722887330
*RES* vm35:m0:35,1405726010014,1781,543,722887330
*RES* vm35:m0:36,1405726013063,3377,538,722887330
*RES* vm35:m0:37,1405726005811,2120,495,722887330
*RES* vm35:m0:38,1405726002979,3349,615,722887330
*RES* end node vm35:m0
Node vm35:m0 joined
(vm35:r0:0) Connection finished, received 722887330 bytes
(vm35:r0) thread 0 joined, 7 connections remaining
(vm35:r0) Starting new connection thread
(vm35:r0) Maximum number of connections reached (5), waiting for a thread to finish
(vm35:r0:0) Connection established
(vm35:r0:0) Connection finished, received 722887330 bytes
(vm35:r0) thread 0 joined, 6 connections remaining
(vm35:r0) Starting new connection thread
(vm35:r0) Maximum number of connections reached (5), waiting for a thread to finish
(vm35:r0:0) Connection established
(vm35:r0:0) Connection finished, received 722887330 bytes
(vm35:r0) thread 0 joined, 5 connections remaining
(vm35:r0) Starting new connection thread
(vm35:r0) Maximum number of connections reached (5), waiting for a thread to finish
(vm35:r0:0) Connection established
(vm35:r0:0) Connection finished, received 722887330 bytes
(vm35:r0) thread 0 joined, 4 connections remaining
(vm35:r0) Maximum number of connections reached (4), waiting for a thread to finish
(vm35:r0) thread 1 joined, 3 connections remaining
(vm35:r0) Maximum number of connections reached (3), waiting for a thread to finish
(vm35:r0) thread 2 joined, 2 connections remaining
(vm35:r0) Maximum number of connections reached (2), waiting for a thread to finish
(vm35:r0) thread 3 joined, 1 connections remaining
(vm35:r0) Maximum number of connections reached (1), waiting for a thread to finish
(vm35:r0) thread 4 joined, 0 connections remaining
(vm35:r0) all done, exiting
*RES* start node vm35:r0
*RES* vm35:r0:0,1405725671926,26148,692,722887330
*RES* vm35:r0:0,1405725698079,47675,861,722887330
*RES* vm35:r0:0,1405725745759,42318,904,722887330
*RES* vm35:r0:0,1405725788083,29590,716,722887330
*RES* vm35:r0:0,1405725817679,21517,614,722887330
*RES* vm35:r0:0,1405725839203,16812,663,722887330
*RES* vm35:r0:0,1405725856019,13492,928,722887330
*RES* vm35:r0:0,1405725869515,10563,1021,722887330
*RES* vm35:r0:0,1405725880088,7787,1132,722887330
*RES* vm35:r0:0,1405725887879,6668,1190,722887330
*RES* vm35:r0:0,1405725894555,6260,1195,722887330
*RES* vm35:r0:0,1405725900827,7814,1270,722887330
*RES* vm35:r0:0,1405725908647,7145,1313,722887330
*RES* vm35:r0:0,1405725915795,7258,1045,722887330
*RES* vm35:r0:0,1405725923059,8256,990,722887330
*RES* vm35:r0:0,1405725931323,7887,893,722887330
*RES* vm35:r0:0,1405725939218,8989,1166,722887330
*RES* vm35:r0:0,1405725948211,5443,1245,722887330
*RES* vm35:r0:0,1405725953683,7458,1216,722887330
*RES* vm35:r0:0,1405725961147,5944,1734,722887330
*RES* vm35:r0:0,1405725967098,7533,1226,722887330
*RES* vm35:r0:0,1405725974639,4598,1089,722887330
*RES* vm35:r0:0,1405725979243,5542,827,722887330
*RES* vm35:r0:0,1405725984796,4555,749,722887330
*RES* vm35:r0:0,1405725989355,5306,717,722887330
*RES* vm35:r0:0,1405725994675,4312,557,722887330
*RES* vm35:r0:0,1405725998997,4962,586,722887330
*RES* vm35:r0:0,1405726003971,4203,562,722887330
*RES* vm35:r0:0,1405726008182,4450,545,722887330
*RES* vm35:r0:0,1405726012638,2675,504,722887330
*RES* vm35:r0:0,1405726015347,2110,329,722887330
*RES* vm35:r0:0,1405726017495,2430,400,722887330
*RES* vm35:r0:0,1405726019931,2924,350,722887330
*RES* vm35:r0:0,1405726022859,1596,300,722887330
*RES* vm35:r0:0,1405726024459,1076,306,722887330
*RES* vm35:r0:1,1405725671926,25651,671,722887330
*RES* vm35:r0:2,1405725671926,25317,675,722887330
*RES* vm35:r0:3,1405725671926,25039,683,722887330
*RES* vm35:r0:4,1405725671926,29859,662,722887330
*RES* end node vm35:r0
Node vm35:r0 joined
Worker terminating correctly
