OSMeF worker starting
Enabling core dumping
Listening for command connection
(vm20:m0) New mapper on port 23330
(vm20:m0) -> reducer data size 1908874353
(vm20:m0) -> reducer data size 1908874353
(vm20:m0) -> reducer data size 1908874353
(vm20:m0) -> reducer data size 1908874353
(vm20:m0) -> reducer data size 1908874353
(vm20:m0) -> reducer data size 1908874353
(vm20:m0) -> reducer data size 1908874353
(vm20:m0) -> reducer data size 1908874353
(vm20:m0) -> reducer data size 1908874353
(vm20:m0) -> reducer data size 1908874353
(vm20:m0) -> reducer data size 1908874353
(vm20:m0) -> reducer data size 1908874353
(vm20:m0) -> reducer data size 1908874353
(vm20:m0) -> reducer data size 1908874353
(vm20:m0) -> reducer data size 1908874353
(vm20:m0) -> reducer data size 1908874353
(vm20:m0) -> reducer data size 1908874353
(vm20:m0) -> reducer data size 1908874353
(vm20:m0) -> reducer data size 1908874353
(vm20:m0) -> reducer data size 1908874353
(vm20:m0) -> reducer data size 1908874353
(vm20:m0) -> reducer data size 1908874353
(vm20:m0) -> reducer data size 1908874353
(vm20:m0) -> reducer data size 1908874353
(vm20:m0) Mapper thread started
(vm20:m0) Allocating data for reducer vm1:r0
(vm20:m0) Allocating data for reducer vm2:r0
(vm20:m0) Allocating data for reducer vm3:r0
(vm20:m0) Allocating data for reducer vm4:r0
(vm20:m0) Allocating data for reducer vm5:r0
(vm20:m0) Allocating data for reducer vm6:r0
(vm20:m0) Allocating data for reducer vm7:r0
(vm20:m0) Allocating data for reducer vm8:r0
(vm20:m0) Allocating data for reducer vm9:r0
(vm20:m0) Allocating data for reducer vm10:r0
(vm20:m0) Allocating data for reducer vm11:r0
(vm20:m0) Allocating data for reducer vm12:r0
(vm20:m0) Allocating data for reducer vm13:r0
(vm20:m0) Allocating data for reducer vm14:r0
(vm20:m0) Allocating data for reducer vm15:r0
(vm20:m0) Allocating data for reducer vm16:r0
(vm20:m0) Allocating data for reducer vm17:r0
(vm20:m0) Allocating data for reducer vm18:r0
(vm20:m0) Allocating data for reducer vm19:r0
(vm20:m0) Allocating data for reducer vm20:r0
(vm20:m0) Allocating data for reducer vm21:r0
(vm20:m0) Allocating data for reducer vm22:r0
(vm20:m0) Allocating data for reducer vm23:r0
(vm20:m0) Allocating data for reducer vm24:r0
(vm20:m0) Binding to port 23330
(vm20:r0) New reducer
(vm20:r0) Reducer thread started
(vm20:r0) waiting for START message
(vm20:r0) got START message
(vm20:r0) Starting new connection thread
(vm20:r0) Starting new connection thread
(vm20:r0) Starting new connection thread
(vm20:r0) Starting new connection thread
(vm20:r0) Starting new connection thread
(vm20:r0) Maximum number of connections reached (5), waiting for a thread to finish
(vm20:r0:0) Connection established
(vm20:r0:1) Connection established
(vm20:r0:2) Connection established
(vm20:r0:3) Connection established
(vm20:r0:4) Connection established
(vm20:r0:4) Connection finished, received 1908874354 bytes
(vm20:r0:1) Connection finished, received 1908874354 bytes
(vm20:r0:3) Connection finished, received 1908874354 bytes
(vm20:r0:2) Connection finished, received 1908874354 bytes
(vm20:r0:0) Connection finished, received 1908874354 bytes
(vm20:r0) thread 0 joined, 23 connections remaining
(vm20:r0) Starting new connection thread
(vm20:r0) Maximum number of connections reached (5), waiting for a thread to finish
(vm20:r0:0) Connection established
(vm20:r0:0) Connection finished, received 1908874354 bytes
(vm20:r0) thread 0 joined, 22 connections remaining
(vm20:r0) Starting new connection thread
(vm20:r0) Maximum number of connections reached (5), waiting for a thread to finish
(vm20:r0:0) Connection established
(vm20:r0:0) Connection finished, received 1908874354 bytes
(vm20:r0) thread 0 joined, 21 connections remaining
(vm20:r0) Starting new connection thread
(vm20:r0) Maximum number of connections reached (5), waiting for a thread to finish
(vm20:r0:0) Connection established
(vm20:r0:0) Connection finished, received 1908874354 bytes
(vm20:r0) thread 0 joined, 20 connections remaining
(vm20:r0) Starting new connection thread
(vm20:r0) Maximum number of connections reached (5), waiting for a thread to finish
(vm20:r0:0) Connection established
(vm20:r0:0) Connection finished, received 1908874354 bytes
(vm20:r0) thread 0 joined, 19 connections remaining
(vm20:r0) Starting new connection thread
(vm20:r0) Maximum number of connections reached (5), waiting for a thread to finish
(vm20:r0:0) Connection established
(vm20:r0:0) Connection finished, received 1908874354 bytes
(vm20:r0) thread 0 joined, 18 connections remaining
(vm20:r0) Starting new connection thread
(vm20:r0) Maximum number of connections reached (5), waiting for a thread to finish
(vm20:r0:0) Connection established
(vm20:r0:0) Connection finished, received 1908874354 bytes
(vm20:r0) thread 0 joined, 17 connections remaining
(vm20:r0) Starting new connection thread
(vm20:r0) Maximum number of connections reached (5), waiting for a thread to finish
(vm20:r0:0) Connection established
(vm20:r0:0) Connection finished, received 1908874354 bytes
(vm20:r0) thread 0 joined, 16 connections remaining
(vm20:r0) Starting new connection thread
(vm20:r0) Maximum number of connections reached (5), waiting for a thread to finish
(vm20:r0:0) Connection established
(vm20:m0) Got connection from reducer vm1:r0
(vm20:m0:0) thread started, have to send 1908874353 bytes
(vm20:r0:0) Connection finished, received 1908874354 bytes
(vm20:r0) thread 0 joined, 15 connections remaining
(vm20:r0) Starting new connection thread
(vm20:r0) Maximum number of connections reached (5), waiting for a thread to finish
(vm20:r0:0) Connection established
(vm20:m0:0) all data sent, thread exiting
(vm20:r0:0) Connection finished, received 1908874354 bytes
(vm20:r0) thread 0 joined, 14 connections remaining
(vm20:r0) Starting new connection thread
(vm20:r0) Maximum number of connections reached (5), waiting for a thread to finish
(vm20:r0:0) Connection established
(vm20:r0:0) Connection finished, received 1908874354 bytes
(vm20:r0) thread 0 joined, 13 connections remaining
(vm20:r0) Starting new connection thread
(vm20:r0) Maximum number of connections reached (5), waiting for a thread to finish
(vm20:r0:0) Connection established
(vm20:r0:0) Connection finished, received 1908874354 bytes
(vm20:r0) thread 0 joined, 12 connections remaining
(vm20:r0) Starting new connection thread
(vm20:r0) Maximum number of connections reached (5), waiting for a thread to finish
(vm20:r0:0) Connection established
(vm20:r0:0) Connection finished, received 1908874354 bytes
(vm20:r0) thread 0 joined, 11 connections remaining
(vm20:r0) Starting new connection thread
(vm20:r0) Maximum number of connections reached (5), waiting for a thread to finish
(vm20:r0:0) Connection established
(vm20:r0:0) Connection finished, received 1908874354 bytes
(vm20:r0) thread 0 joined, 10 connections remaining
(vm20:r0) Starting new connection thread
(vm20:r0) Maximum number of connections reached (5), waiting for a thread to finish
(vm20:r0:0) Connection established
(vm20:m0) Got connection from reducer vm24:r0
(vm20:m0:23) thread started, have to send 1908874353 bytes
(vm20:r0:0) Connection finished, received 1908874354 bytes
(vm20:r0) thread 0 joined, 9 connections remaining
(vm20:r0) Starting new connection thread
(vm20:r0) Maximum number of connections reached (5), waiting for a thread to finish
(vm20:r0:0) Connection established
(vm20:m0) Got connection from reducer vm20:r0
(vm20:m0:19) thread started, have to send 1908874353 bytes
(vm20:m0:23) all data sent, thread exiting
(vm20:m0) Got connection from reducer vm16:r0
(vm20:m0:15) thread started, have to send 1908874353 bytes
(vm20:m0:19) all data sent, thread exiting
(vm20:r0:0) Connection finished, received 1908874354 bytes
(vm20:r0) thread 0 joined, 8 connections remaining
(vm20:r0) Starting new connection thread
(vm20:r0) Maximum number of connections reached (5), waiting for a thread to finish
(vm20:r0:0) Connection established
(vm20:m0:15) all data sent, thread exiting
(vm20:r0:0) Connection finished, received 1908874354 bytes
(vm20:r0) thread 0 joined, 7 connections remaining
(vm20:r0) Starting new connection thread
(vm20:r0) Maximum number of connections reached (5), waiting for a thread to finish
(vm20:r0:0) Connection established
(vm20:m0) Got connection from reducer vm7:r0
(vm20:m0:6) thread started, have to send 1908874353 bytes
(vm20:m0:6) all data sent, thread exiting
(vm20:m0) Got connection from reducer vm6:r0
(vm20:m0:5) thread started, have to send 1908874353 bytes
(vm20:r0:0) Connection finished, received 1908874354 bytes
(vm20:r0) thread 0 joined, 6 connections remaining
(vm20:r0) Starting new connection thread
(vm20:r0) Maximum number of connections reached (5), waiting for a thread to finish
(vm20:r0:0) Connection established
(vm20:m0) Got connection from reducer vm15:r0
(vm20:m0:14) thread started, have to send 1908874353 bytes
(vm20:m0:5) all data sent, thread exiting
(vm20:r0:0) Connection finished, received 1908874354 bytes
(vm20:r0) thread 0 joined, 5 connections remaining
(vm20:r0) Starting new connection thread
(vm20:r0) Maximum number of connections reached (5), waiting for a thread to finish
(vm20:r0:0) Connection established
(vm20:m0:14) all data sent, thread exiting
(vm20:r0:0) Connection finished, received 1908874354 bytes
(vm20:r0) thread 0 joined, 4 connections remaining
(vm20:r0) Maximum number of connections reached (4), waiting for a thread to finish
(vm20:r0) thread 1 joined, 3 connections remaining
(vm20:r0) Maximum number of connections reached (3), waiting for a thread to finish
(vm20:r0) thread 2 joined, 2 connections remaining
(vm20:r0) Maximum number of connections reached (2), waiting for a thread to finish
(vm20:r0) thread 3 joined, 1 connections remaining
(vm20:r0) Maximum number of connections reached (1), waiting for a thread to finish
(vm20:r0) thread 4 joined, 0 connections remaining
(vm20:r0) all done, exiting
(vm20:m0) Got connection from reducer vm2:r0
(vm20:m0:1) thread started, have to send 1908874353 bytes
(vm20:m0) Got connection from reducer vm22:r0
(vm20:m0:21) thread started, have to send 1908874353 bytes
(vm20:m0:1) all data sent, thread exiting
(vm20:m0:21) all data sent, thread exiting
(vm20:m0) Got connection from reducer vm3:r0
(vm20:m0:2) thread started, have to send 1908874353 bytes
(vm20:m0:2) all data sent, thread exiting
(vm20:m0) Got connection from reducer vm8:r0
(vm20:m0:7) thread started, have to send 1908874353 bytes
(vm20:m0:7) all data sent, thread exiting
(vm20:m0) Got connection from reducer vm4:r0
(vm20:m0:3) thread started, have to send 1908874353 bytes
(vm20:m0:3) all data sent, thread exiting
(vm20:m0) Got connection from reducer vm9:r0
(vm20:m0:8) thread started, have to send 1908874353 bytes
(vm20:m0) Got connection from reducer vm5:r0
(vm20:m0:4) thread started, have to send 1908874353 bytes
(vm20:m0:8) all data sent, thread exiting
(vm20:m0:4) all data sent, thread exiting
(vm20:m0) Got connection from reducer vm11:r0
(vm20:m0:10) thread started, have to send 1908874353 bytes
(vm20:m0:10) all data sent, thread exiting
(vm20:m0) Got connection from reducer vm23:r0
(vm20:m0:22) thread started, have to send 1908874353 bytes
(vm20:m0:22) all data sent, thread exiting
(vm20:m0) Got connection from reducer vm14:r0
(vm20:m0:13) thread started, have to send 1908874353 bytes
(vm20:m0:13) all data sent, thread exiting
(vm20:m0) Got connection from reducer vm10:r0
(vm20:m0:9) thread started, have to send 1908874353 bytes
(vm20:m0:9) all data sent, thread exiting
(vm20:m0) Got connection from reducer vm18:r0
(vm20:m0:17) thread started, have to send 1908874353 bytes
(vm20:m0) Got connection from reducer vm17:r0
(vm20:m0:16) thread started, have to send 1908874353 bytes
(vm20:m0) Got connection from reducer vm19:r0
(vm20:m0:18) thread started, have to send 1908874353 bytes
(vm20:m0:17) all data sent, thread exiting
(vm20:m0:16) all data sent, thread exiting
(vm20:m0) Got connection from reducer vm13:r0
(vm20:m0:12) thread started, have to send 1908874353 bytes
(vm20:m0) Got connection from reducer vm12:r0
(vm20:m0:11) thread started, have to send 1908874353 bytes
(vm20:m0) Got connection from reducer vm21:r0
(vm20:m0) Waiting for a thread to finish
(vm20:m0) thread 0 joined, 23 connections remaining
(vm20:m0) Waiting for a thread to finish
(vm20:m0) thread 1 joined, 22 connections remaining
(vm20:m0) Waiting for a thread to finish
(vm20:m0) thread 2 joined, 21 connections remaining
(vm20:m0) Waiting for a thread to finish
(vm20:m0) thread 3 joined, 20 connections remaining
(vm20:m0) Waiting for a thread to finish
(vm20:m0) thread 4 joined, 19 connections remaining
(vm20:m0) Waiting for a thread to finish
(vm20:m0) thread 5 joined, 18 connections remaining
(vm20:m0) Waiting for a thread to finish
(vm20:m0) thread 6 joined, 17 connections remaining
(vm20:m0) Waiting for a thread to finish
(vm20:m0) thread 7 joined, 16 connections remaining
(vm20:m0) Waiting for a thread to finish
(vm20:m0) thread 8 joined, 15 connections remaining
(vm20:m0) Waiting for a thread to finish
(vm20:m0) thread 9 joined, 14 connections remaining
(vm20:m0) Waiting for a thread to finish
(vm20:m0) thread 10 joined, 13 connections remaining
(vm20:m0) Waiting for a thread to finish
(vm20:m0:20) thread started, have to send 1908874353 bytes
(vm20:m0:18) all data sent, thread exiting
(vm20:m0:12) all data sent, thread exiting
(vm20:m0:11) all data sent, thread exiting
(vm20:m0) thread 11 joined, 12 connections remaining
(vm20:m0) Waiting for a thread to finish
(vm20:m0) thread 12 joined, 11 connections remaining
(vm20:m0) Waiting for a thread to finish
(vm20:m0) thread 13 joined, 10 connections remaining
(vm20:m0) Waiting for a thread to finish
(vm20:m0) thread 14 joined, 9 connections remaining
(vm20:m0) Waiting for a thread to finish
(vm20:m0) thread 15 joined, 8 connections remaining
(vm20:m0) Waiting for a thread to finish
(vm20:m0) thread 16 joined, 7 connections remaining
(vm20:m0) Waiting for a thread to finish
(vm20:m0) thread 17 joined, 6 connections remaining
(vm20:m0) Waiting for a thread to finish
(vm20:m0) thread 18 joined, 5 connections remaining
(vm20:m0) Waiting for a thread to finish
(vm20:m0) thread 19 joined, 4 connections remaining
(vm20:m0) Waiting for a thread to finish
(vm20:m0:20) all data sent, thread exiting
(vm20:m0) thread 20 joined, 3 connections remaining
(vm20:m0) Waiting for a thread to finish
(vm20:m0) thread 21 joined, 2 connections remaining
(vm20:m0) Waiting for a thread to finish
(vm20:m0) thread 22 joined, 1 connections remaining
(vm20:m0) Waiting for a thread to finish
(vm20:m0) thread 23 joined, 0 connections remaining
(vm20:m0) all done, exiting
*RES* start node vm20:m0
*RES* vm20:m0:0,1404469429799,7163,2036,1908874354
*RES* vm20:m0:1,1404469515302,5951,1987,1908874354
*RES* vm20:m0:2,1404469526933,5317,1790,1908874354
*RES* vm20:m0:3,1404469538423,4296,1506,1908874354
*RES* vm20:m0:4,1404469547340,3810,1713,1908874354
*RES* vm20:m0:5,1404469497183,6546,1695,1908874354
*RES* vm20:m0:6,1404469490888,6025,1731,1908874354
*RES* vm20:m0:7,1404469534033,4338,1605,1908874354
*RES* vm20:m0:8,1404469544635,3764,1601,1908874354
*RES* vm20:m0:9,1404469585990,2969,1531,1908874354
*RES* vm20:m0:10,1404469561481,3233,1468,1908874354
*RES* vm20:m0:11,1404469613979,4711,1165,1908874354
*RES* vm20:m0:12,1404469613397,4542,1232,1908874354
*RES* vm20:m0:13,1404469581854,3026,1464,1908874354
*RES* vm20:m0:14,1404469501320,9733,1900,1908874354
*RES* vm20:m0:15,1404469479918,9333,2120,1908874354
*RES* vm20:m0:16,1404469607497,2690,1237,1908874354
*RES* vm20:m0:17,1404469607256,2718,1242,1908874354
*RES* vm20:m0:18,1404469609147,6664,1271,1908874354
*RES* vm20:m0:19,1404469478712,4537,490,1908874354
*RES* vm20:m0:20,1404469614135,4815,1088,1908874354
*RES* vm20:m0:21,1404469515601,7240,1814,1908874354
*RES* vm20:m0:22,1404469571671,3761,1436,1908874354
*RES* vm20:m0:23,1404469472475,7294,2165,1908874354
*RES* end node vm20:m0
Node vm20:m0 joined
*RES* start node vm20:r0
*RES* vm20:r0:0,1404469275003,49090,1834,1908874354
*RES* vm20:r0:0,1404469324099,32273,1614,1908874354
*RES* vm20:r0:0,1404469356379,27798,1645,1908874354
*RES* vm20:r0:0,1404469384183,16267,1603,1908874354
*RES* vm20:r0:0,1404469400455,5245,1864,1908874354
*RES* vm20:r0:0,1404469405707,6093,2008,1908874354
*RES* vm20:r0:0,1404469411807,6565,2066,1908874354
*RES* vm20:r0:0,1404469418379,7012,2185,1908874354
*RES* vm20:r0:0,1404469425395,7242,2290,1908874354
*RES* vm20:r0:0,1404469432647,8191,2173,1908874354
*RES* vm20:r0:0,1404469440843,6302,1944,1908874354
*RES* vm20:r0:0,1404469447151,11178,2932,1908874354
*RES* vm20:r0:0,1404469458335,7386,2323,1908874354
*RES* vm20:r0:0,1404469465727,6078,1893,1908874354
*RES* vm20:r0:0,1404469471811,6885,1732,1908874354
*RES* vm20:r0:0,1404469478711,4549,1418,1908874354
*RES* vm20:r0:0,1404469483269,6633,1845,1908874354
*RES* vm20:r0:0,1404469489907,8352,1834,1908874354
*RES* vm20:r0:0,1404469498267,8232,1848,1908874354
*RES* vm20:r0:0,1404469506509,6731,2179,1908874354
*RES* vm20:r0:1,1404469275003,45384,1854,1908874354
*RES* vm20:r0:2,1404469275003,46033,1842,1908874354
*RES* vm20:r0:3,1404469275003,45867,1903,1908874354
*RES* vm20:r0:4,1404469275003,44558,1834,1908874354
*RES* end node vm20:r0
Node vm20:r0 joined
Worker terminating correctly
