OSMeF worker starting
Enabling core dumping
Listening for command connection
(vm8:m0) New mapper on port 23330
(vm8:m0) -> reducer data size 107374182
(vm8:m0) -> reducer data size 107374182
(vm8:m0) -> reducer data size 107374182
(vm8:m0) -> reducer data size 107374182
(vm8:m0) -> reducer data size 107374182
(vm8:m0) -> reducer data size 107374182
(vm8:m0) -> reducer data size 107374182
(vm8:m0) -> reducer data size 107374182
(vm8:m0) -> reducer data size 107374182
(vm8:m0) -> reducer data size 107374182
(vm8:m0) Mapper thread started
(vm8:m0) Allocating data for reducer vm1:r0
(vm8:m0) Allocating data for reducer vm2:r0
(vm8:m0) Allocating data for reducer vm3:r0
(vm8:m0) Allocating data for reducer vm4:r0
(vm8:m0) Allocating data for reducer vm5:r0
(vm8:m0) Allocating data for reducer vm6:r0
(vm8:m0) Allocating data for reducer vm7:r0
(vm8:m0) Allocating data for reducer vm8:r0
(vm8:m0) Allocating data for reducer vm9:r0
(vm8:m0) Allocating data for reducer vm10:r0
(vm8:m0) Binding to port 23330
(vm8:r0) New reducer
(vm8:r0) Reducer thread started
(vm8:r0) waiting for START message
(vm8:r0) got START message
(vm8:r0) Starting new connection thread
(vm8:r0) Starting new connection thread
(vm8:r0) Starting new connection thread
(vm8:r0) Starting new connection thread
(vm8:r0) Starting new connection thread
(vm8:r0) Maximum number of connections reached (5), waiting for a thread to finish
(vm8:r0:0) Connection established
(vm8:r0:3) Connection established
(vm8:r0:4) Connection established
(vm8:r0:1) Connection established
(vm8:r0:2) Connection established
(vm8:r0:2) Connection finished, received 107374183 bytes
(vm8:r0:0) Connection finished, received 107374183 bytes
(vm8:r0) thread 0 joined, 9 connections remaining
(vm8:r0) Starting new connection thread
(vm8:r0) Maximum number of connections reached (5), waiting for a thread to finish
(vm8:r0:0) Connection established
(vm8:r0:4) Connection finished, received 107374183 bytes
(vm8:r0:1) Connection finished, received 107374183 bytes
(vm8:r0:3) Connection finished, received 107374183 bytes
(vm8:r0:0) Connection finished, received 107374183 bytes
(vm8:r0) thread 0 joined, 8 connections remaining
(vm8:r0) Starting new connection thread
(vm8:r0) Maximum number of connections reached (5), waiting for a thread to finish
(vm8:r0:0) Connection established
(vm8:m0) Got connection from reducer vm7:r0
(vm8:m0:6) thread started, have to send 107374182 bytes
(vm8:m0) Got connection from reducer vm6:r0
(vm8:m0:5) thread started, have to send 107374182 bytes
(vm8:m0) Got connection from reducer vm10:r0
(vm8:m0:9) thread started, have to send 107374182 bytes
(vm8:m0:5) all data sent, thread exiting
(vm8:m0:9) all data sent, thread exiting
(vm8:m0) Got connection from reducer vm1:r0
(vm8:m0:0) thread started, have to send 107374182 bytes
(vm8:r0:0) Connection finished, received 107374183 bytes
(vm8:r0) thread 0 joined, 7 connections remaining
(vm8:r0) Starting new connection thread
(vm8:r0) Maximum number of connections reached (5), waiting for a thread to finish
(vm8:r0:0) Connection established
(vm8:m0) Got connection from reducer vm8:r0
(vm8:m0:7) thread started, have to send 107374182 bytes
(vm8:m0) Got connection from reducer vm9:r0
(vm8:m0:8) thread started, have to send 107374182 bytes
(vm8:m0:6) all data sent, thread exiting
(vm8:m0) Got connection from reducer vm2:r0
(vm8:m0:1) thread started, have to send 107374182 bytes
(vm8:m0) Got connection from reducer vm3:r0
(vm8:m0) Got connection from reducer vm5:r0
(vm8:m0:2) thread started, have to send 107374182 bytes
(vm8:m0:4) thread started, have to send 107374182 bytes
(vm8:m0) Got connection from reducer vm4:r0
(vm8:m0) Waiting for a thread to finish
(vm8:r0:0) Connection finished, received 107374183 bytes
(vm8:m0:3) thread started, have to send 107374182 bytes
(vm8:r0) thread 0 joined, 6 connections remaining
(vm8:r0) Starting new connection thread
(vm8:r0) Maximum number of connections reached (5), waiting for a thread to finish
(vm8:m0:7) all data sent, thread exiting
(vm8:r0:0) Connection established
(vm8:m0:0) all data sent, thread exiting
(vm8:m0) thread 0 joined, 9 connections remaining
(vm8:m0) Waiting for a thread to finish
(vm8:r0:0) Connection finished, received 107374183 bytes
(vm8:m0:8) all data sent, thread exiting
(vm8:r0) thread 0 joined, 5 connections remaining
(vm8:r0) Starting new connection thread
(vm8:r0) Maximum number of connections reached (5), waiting for a thread to finish
(vm8:r0:0) Connection established
(vm8:m0:1) all data sent, thread exiting
(vm8:m0) thread 1 joined, 8 connections remaining
(vm8:m0) Waiting for a thread to finish
(vm8:m0:4) all data sent, thread exiting
(vm8:m0:2) all data sent, thread exiting
(vm8:m0) thread 2 joined, 7 connections remaining
(vm8:m0) Waiting for a thread to finish
(vm8:m0:3) all data sent, thread exiting
(vm8:m0) thread 3 joined, 6 connections remaining
(vm8:m0) Waiting for a thread to finish
(vm8:m0) thread 4 joined, 5 connections remaining
(vm8:m0) Waiting for a thread to finish
(vm8:m0) thread 5 joined, 4 connections remaining
(vm8:m0) Waiting for a thread to finish
(vm8:m0) thread 6 joined, 3 connections remaining
(vm8:m0) Waiting for a thread to finish
(vm8:m0) thread 7 joined, 2 connections remaining
(vm8:m0) Waiting for a thread to finish
(vm8:m0) thread 8 joined, 1 connections remaining
(vm8:m0) Waiting for a thread to finish
(vm8:m0) thread 9 joined, 0 connections remaining
(vm8:m0) all done, exiting
*RES* start node vm8:m0
*RES* vm8:m0:0,1403608268215,522,77,107374183
*RES* vm8:m0:1,1403608268362,589,71,107374183
*RES* vm8:m0:2,1403608268382,601,73,107374183
*RES* vm8:m0:3,1403608268452,551,71,107374183
*RES* vm8:m0:4,1403608268384,574,71,107374183
*RES* vm8:m0:5,1403608267804,204,74,107374183
*RES* vm8:m0:6,1403608267770,561,73,107374183
*RES* vm8:m0:7,1403608268265,182,30,107374183
*RES* vm8:m0:8,1403608268322,540,68,107374183
*RES* vm8:m0:9,1403608267981,195,73,107374183
*RES* end node vm8:m0
Node vm8:m0 joined
(vm8:r0:0) Connection finished, received 107374183 bytes
(vm8:r0) thread 0 joined, 4 connections remaining
(vm8:r0) Maximum number of connections reached (4), waiting for a thread to finish
(vm8:r0) thread 1 joined, 3 connections remaining
(vm8:r0) Maximum number of connections reached (3), waiting for a thread to finish
(vm8:r0) thread 2 joined, 2 connections remaining
(vm8:r0) Maximum number of connections reached (2), waiting for a thread to finish
(vm8:r0) thread 3 joined, 1 connections remaining
(vm8:r0) Maximum number of connections reached (1), waiting for a thread to finish
(vm8:r0) thread 4 joined, 0 connections remaining
(vm8:r0) all done, exiting
*RES* start node vm8:r0
*RES* vm8:r0:0,1403608265742,952,83,107374183
*RES* vm8:r0:0,1403608266702,840,80,107374183
*RES* vm8:r0:0,1403608267546,704,67,107374183
*RES* vm8:r0:0,1403608268260,188,30,107374183
*RES* vm8:r0:0,1403608268458,421,47,107374183
*RES* vm8:r0:0,1403608268894,235,54,107374183
*RES* vm8:r0:1,1403608265742,1138,91,107374183
*RES* vm8:r0:2,1403608265742,820,75,107374183
*RES* vm8:r0:3,1403608265742,1374,89,107374183
*RES* vm8:r0:4,1403608265742,1135,93,107374183
*RES* end node vm8:r0
Node vm8:r0 joined
Worker terminating correctly
