OSMeF worker starting
Enabling core dumping
Listening for command connection
CONF: mapper on port 23330
CONF: -> will serve 47 reducers
(main) new thread ID: vm7:m0
(vm7:m0) Mapper thread started
(vm7:m0) Binding to port 23330
(vm7:m0) Got START signal
(vm7:m0) new thread ID: vm7:m0:th0
(vm7:m0:th0) waiting for something to do...
CONF: reducer
(main) new thread ID: vm7:r0
(vm7:r0) Reducer thread started
(vm7:r0) waiting for START message
(main) Waiting for thread vm7:m0 to join...
(vm7:r0) got START message
(vm7:r0) new thread ID: th0
(vm7:r0) new thread ID: th1
(vm7:r0) new thread ID: th2
(vm7:r0) new thread ID: th3
(vm7:r0) new thread ID: th4
(vm7:r0:th4:0) Connection established with mapper vm5:m0
(vm7:r0:th0:0) Connection established with mapper vm1:m0
(vm7:r0:th3:0) Connection established with mapper vm4:m0
(vm7:r0:th1:0) Connection established with mapper vm2:m0
(vm7:r0:th2:0) Connection established with mapper vm3:m0
(vm7:m0) Got connection from reducer vm2:r0
(vm7:m0) new thread ID: vm7:m0:th1
(vm7:m0:th0) connection started, have to send 4860759 bytes to vm2:r0
(vm7:m0:th1) waiting for something to do...
(vm7:m0) Got connection from reducer vm47:r0
(vm7:m0) new thread ID: vm7:m0:th2
(vm7:m0:th1) connection started, have to send 4860759 bytes to vm47:r0
(vm7:m0:th2) waiting for something to do...
(vm7:m0) Got connection from reducer vm42:r0
(vm7:m0) new thread ID: vm7:m0:th3
(vm7:m0) Got connection from reducer vm45:r0
(vm7:m0) new thread ID: vm7:m0:th4
(vm7:m0) Got connection from reducer vm46:r0
(vm7:m0) new thread ID: vm7:m0:th5
(vm7:m0) Got connection from reducer vm40:r0
(vm7:m0) new thread ID: vm7:m0:th6
(vm7:m0) Got connection from reducer vm38:r0
(vm7:m0) new thread ID: vm7:m0:th7
(vm7:m0:th2) connection started, have to send 4860759 bytes to vm42:r0
(vm7:m0:th7) waiting for something to do...
(vm7:m0:th6) waiting for something to do...
(vm7:m0:th6) connection started, have to send 4860759 bytes to vm38:r0
(vm7:m0:th5) waiting for something to do...
(vm7:m0:th5) connection started, have to send 4860759 bytes to vm40:r0
(vm7:m0:th4) waiting for something to do...
(vm7:m0:th4) connection started, have to send 4860759 bytes to vm46:r0
(vm7:m0:th3) waiting for something to do...
(vm7:m0:th3) connection started, have to send 4860759 bytes to vm45:r0
(vm7:m0) Got connection from reducer vm5:r0
(vm7:m0) new thread ID: vm7:m0:th8
(vm7:m0:th7) connection started, have to send 4860759 bytes to vm5:r0
(vm7:m0:th8) waiting for something to do...
(vm7:m0:th1) all data sent, closing connection to vm47:r0
(vm7:m0:th1) waiting for something to do...
(vm7:m0:th2) all data sent, closing connection to vm42:r0
(vm7:m0:th2) waiting for something to do...
(vm7:m0:th6) all data sent, closing connection to vm38:r0
(vm7:m0:th6) waiting for something to do...
(vm7:m0:th4) all data sent, closing connection to vm46:r0
(vm7:m0:th4) waiting for something to do...
(vm7:m0:th3) all data sent, closing connection to vm45:r0
(vm7:m0:th3) waiting for something to do...
(vm7:m0:th5) all data sent, closing connection to vm40:r0
(vm7:m0:th5) waiting for something to do...
(vm7:r0:th1:0) Connection to vm2:m0 finished, received 4860760 bytes
(vm7:r0:th1:1) Connection established with mapper vm7:m0
(vm7:m0) Got connection from reducer vm7:r0
(vm7:m0:th8) connection started, have to send 4860759 bytes to vm7:r0
(vm7:m0:th8) all data sent, closing connection to vm7:r0
(vm7:m0:th8) waiting for something to do...
(vm7:r0:th1:1) Connection to vm7:m0 finished, received 9721520 bytes
(vm7:r0:th1:2) Connection established with mapper vm12:m0
(vm7:r0:th0:0) Connection to vm1:m0 finished, received 4860760 bytes
(vm7:r0:th0:1) Connection established with mapper vm6:m0
(vm7:r0:th1:2) Connection to vm12:m0 finished, received 14582280 bytes
(vm7:r0:th1:3) Connection established with mapper vm17:m0
(vm7:m0) Got connection from reducer vm1:r0
(vm7:m0:th1) connection started, have to send 4860759 bytes to vm1:r0
(vm7:m0:th1) all data sent, closing connection to vm1:r0
(vm7:m0:th1) waiting for something to do...
(vm7:m0) Got connection from reducer vm9:r0
(vm7:m0:th2) connection started, have to send 4860759 bytes to vm9:r0
(vm7:m0:th2) all data sent, closing connection to vm9:r0
(vm7:m0:th2) waiting for something to do...
(vm7:m0) Got connection from reducer vm12:r0
(vm7:m0) Got connection from reducer vm10:r0
(vm7:m0) Got connection from reducer vm19:r0
(vm7:m0:th1) connection started, have to send 4860759 bytes to vm12:r0
(vm7:m0:th1) all data sent, closing connection to vm12:r0
(vm7:m0:th1) waiting for something to do...
(vm7:m0:th3) connection started, have to send 4860759 bytes to vm19:r0
(vm7:m0:th3) all data sent, closing connection to vm19:r0
(vm7:m0:th3) waiting for something to do...
(vm7:m0:th2) connection started, have to send 4860759 bytes to vm10:r0
(vm7:m0:th2) all data sent, closing connection to vm10:r0
(vm7:m0:th2) waiting for something to do...
(vm7:r0:th3:0) Connection to vm4:m0 finished, received 4860760 bytes
(vm7:m0) Got connection from reducer vm25:r0
(vm7:m0) Got connection from reducer vm14:r0
(vm7:m0) Got connection from reducer vm15:r0
(vm7:m0:th4) connection started, have to send 4860759 bytes to vm25:r0
(vm7:m0:th4) all data sent, closing connection to vm25:r0
(vm7:m0:th4) waiting for something to do...
(vm7:m0:th2) connection started, have to send 4860759 bytes to vm15:r0
(vm7:m0:th2) all data sent, closing connection to vm15:r0
(vm7:m0:th2) waiting for something to do...
(vm7:m0:th1) connection started, have to send 4860759 bytes to vm14:r0
(vm7:m0:th1) all data sent, closing connection to vm14:r0
(vm7:m0:th1) waiting for something to do...
(vm7:r0:th3:1) Connection established with mapper vm9:m0
(vm7:m0) Got connection from reducer vm17:r0
(vm7:m0:th3) connection started, have to send 4860759 bytes to vm17:r0
(vm7:m0:th3) all data sent, closing connection to vm17:r0
(vm7:m0:th3) waiting for something to do...
(vm7:m0) Got connection from reducer vm32:r0
(vm7:m0:th1) connection started, have to send 4860759 bytes to vm32:r0
(vm7:m0:th1) all data sent, closing connection to vm32:r0
(vm7:m0:th1) waiting for something to do...
(vm7:m0) Got connection from reducer vm18:r0
(vm7:m0:th2) connection started, have to send 4860759 bytes to vm18:r0
(vm7:m0:th2) all data sent, closing connection to vm18:r0
(vm7:m0:th2) waiting for something to do...
(vm7:m0) Got connection from reducer vm39:r0
(vm7:m0:th1) connection started, have to send 4860759 bytes to vm39:r0
(vm7:m0:th1) all data sent, closing connection to vm39:r0
(vm7:m0:th1) waiting for something to do...
(vm7:m0) Got connection from reducer vm27:r0
(vm7:m0:th2) connection started, have to send 4860759 bytes to vm27:r0
(vm7:m0:th2) all data sent, closing connection to vm27:r0
(vm7:m0:th2) waiting for something to do...
(vm7:m0) Got connection from reducer vm26:r0
(vm7:m0:th1) connection started, have to send 4860759 bytes to vm26:r0
(vm7:m0:th1) all data sent, closing connection to vm26:r0
(vm7:m0:th1) waiting for something to do...
(vm7:m0) Got connection from reducer vm13:r0
(vm7:m0:th2) connection started, have to send 4860759 bytes to vm13:r0
(vm7:m0:th2) all data sent, closing connection to vm13:r0
(vm7:m0:th2) waiting for something to do...
(vm7:m0) Got connection from reducer vm33:r0
(vm7:m0:th1) connection started, have to send 4860759 bytes to vm33:r0
(vm7:m0:th1) all data sent, closing connection to vm33:r0
(vm7:m0:th1) waiting for something to do...
(vm7:m0) Got connection from reducer vm35:r0
(vm7:m0:th2) connection started, have to send 4860759 bytes to vm35:r0
(vm7:m0:th2) all data sent, closing connection to vm35:r0
(vm7:m0:th2) waiting for something to do...
(vm7:m0) Got connection from reducer vm41:r0
(vm7:m0:th1) connection started, have to send 4860759 bytes to vm41:r0
(vm7:m0:th1) all data sent, closing connection to vm41:r0
(vm7:m0:th1) waiting for something to do...
(vm7:r0:th0:1) Connection to vm6:m0 finished, received 9721520 bytes
(vm7:m0) Got connection from reducer vm43:r0
(vm7:m0:th2) connection started, have to send 4860759 bytes to vm43:r0
(vm7:m0:th2) all data sent, closing connection to vm43:r0
(vm7:m0:th2) waiting for something to do...
(vm7:r0:th0:2) Connection established with mapper vm11:m0
(vm7:m0) Got connection from reducer vm29:r0
(vm7:m0) Got connection from reducer vm44:r0
(vm7:m0:th1) connection started, have to send 4860759 bytes to vm29:r0
(vm7:m0:th1) all data sent, closing connection to vm29:r0
(vm7:m0:th1) waiting for something to do...
(vm7:m0:th2) connection started, have to send 4860759 bytes to vm44:r0
(vm7:m0:th2) all data sent, closing connection to vm44:r0
(vm7:m0:th2) waiting for something to do...
(vm7:m0) Got connection from reducer vm6:r0
(vm7:m0:th3) connection started, have to send 4860759 bytes to vm6:r0
(vm7:m0:th3) all data sent, closing connection to vm6:r0
(vm7:m0:th3) waiting for something to do...
(vm7:m0) Got connection from reducer vm21:r0
(vm7:m0:th1) connection started, have to send 4860759 bytes to vm21:r0
(vm7:m0:th1) all data sent, closing connection to vm21:r0
(vm7:m0:th1) waiting for something to do...
(vm7:m0) Got connection from reducer vm24:r0
(vm7:m0) Got connection from reducer vm34:r0
(vm7:m0) Got connection from reducer vm31:r0
(vm7:m0:th2) connection started, have to send 4860759 bytes to vm24:r0
(vm7:m0:th2) all data sent, closing connection to vm24:r0
(vm7:m0:th2) waiting for something to do...
(vm7:m0:th3) connection started, have to send 4860759 bytes to vm31:r0
(vm7:m0:th3) all data sent, closing connection to vm31:r0
(vm7:m0:th3) waiting for something to do...
(vm7:m0:th1) connection started, have to send 4860759 bytes to vm34:r0
(vm7:m0:th1) all data sent, closing connection to vm34:r0
(vm7:m0:th1) waiting for something to do...
(vm7:m0) Got connection from reducer vm37:r0
(vm7:m0:th4) connection started, have to send 4860759 bytes to vm37:r0
(vm7:m0:th4) all data sent, closing connection to vm37:r0
(vm7:m0:th4) waiting for something to do...
(vm7:m0) Got connection from reducer vm20:r0
(vm7:m0:th1) connection started, have to send 4860759 bytes to vm20:r0
(vm7:m0:th1) all data sent, closing connection to vm20:r0
(vm7:m0:th1) waiting for something to do...
(vm7:m0) Got connection from reducer vm36:r0
(vm7:m0) Got connection from reducer vm8:r0
(vm7:m0) Got connection from reducer vm30:r0
(vm7:m0:th2) connection started, have to send 4860759 bytes to vm36:r0
(vm7:m0:th2) all data sent, closing connection to vm36:r0
(vm7:m0:th2) waiting for something to do...
(vm7:m0:th1) connection started, have to send 4860759 bytes to vm8:r0
(vm7:m0:th1) all data sent, closing connection to vm8:r0
(vm7:m0:th1) waiting for something to do...
(vm7:m0:th3) connection started, have to send 4860759 bytes to vm30:r0
(vm7:m0:th3) all data sent, closing connection to vm30:r0
(vm7:m0:th3) waiting for something to do...
(vm7:r0:th4:0) Connection to vm5:m0 finished, received 4860760 bytes
(vm7:m0:th0) all data sent, closing connection to vm2:r0
(vm7:m0:th0) waiting for something to do...
(vm7:r0:th4:1) Connection established with mapper vm10:m0
(vm7:r0:th4:1) Connection to vm10:m0 finished, received 4860761 bytes
(vm7:r0:th4:2) Connection established with mapper vm15:m0
(vm7:m0) Got connection from reducer vm28:r0
(vm7:m0) Got connection from reducer vm23:r0
(vm7:m0) Got connection from reducer vm16:r0
(vm7:m0:th4) connection started, have to send 4860759 bytes to vm28:r0
(vm7:m0:th4) all data sent, closing connection to vm28:r0
(vm7:m0:th4) waiting for something to do...
(vm7:m0:th1) connection started, have to send 4860759 bytes to vm16:r0
(vm7:m0:th1) all data sent, closing connection to vm16:r0
(vm7:m0:th1) waiting for something to do...
(vm7:m0:th0) connection started, have to send 4860759 bytes to vm23:r0
(vm7:m0:th0) all data sent, closing connection to vm23:r0
(vm7:m0:th0) waiting for something to do...
(vm7:r0:th2:0) Connection to vm3:m0 finished, received 4860760 bytes
(vm7:r0:th4:2) Connection to vm15:m0 finished, received 4860762 bytes
(vm7:r0:th4:3) Connection established with mapper vm20:m0
(vm7:r0:th4:3) Connection to vm20:m0 finished, received 4860763 bytes
(vm7:r0:th4:4) Connection established with mapper vm25:m0
(vm7:r0:th2:1) Connection established with mapper vm8:m0
(vm7:m0) Got connection from reducer vm22:r0
(vm7:r0:th2:1) Connection to vm8:m0 finished, received 4860761 bytes
(vm7:m0:th2) connection started, have to send 4860759 bytes to vm22:r0
(vm7:m0:th2) all data sent, closing connection to vm22:r0
(vm7:m0:th2) waiting for something to do...
(vm7:r0:th2:2) Connection established with mapper vm13:m0
(vm7:r0:th2:2) Connection to vm13:m0 finished, received 4860762 bytes
(vm7:r0:th2:3) Connection established with mapper vm18:m0
(vm7:r0:th2:3) Connection to vm18:m0 finished, received 4860763 bytes
(vm7:r0:th1:3) Connection to vm17:m0 finished, received 19443040 bytes
(vm7:r0:th2:4) Connection established with mapper vm23:m0
(vm7:r0:th2:4) Connection to vm23:m0 finished, received 4860764 bytes
(vm7:r0:th1:4) Connection established with mapper vm22:m0
(vm7:r0:th2:5) Connection established with mapper vm28:m0
(vm7:m0) Got connection from reducer vm3:r0
(vm7:m0:th0) connection started, have to send 4860759 bytes to vm3:r0
(vm7:m0:th0) all data sent, closing connection to vm3:r0
(vm7:m0:th0) waiting for something to do...
(vm7:r0:th3:1) Connection to vm9:m0 finished, received 9721520 bytes
(vm7:r0:th3:2) Connection established with mapper vm14:m0
(vm7:r0:th3:2) Connection to vm14:m0 finished, received 9721521 bytes
(vm7:m0) Got connection from reducer vm11:r0
(vm7:m0:th1) connection started, have to send 4860759 bytes to vm11:r0
(vm7:m0:th1) all data sent, closing connection to vm11:r0
(vm7:m0:th1) waiting for something to do...
(vm7:r0:th3:3) Connection established with mapper vm19:m0
(vm7:r0:th3:3) Connection to vm19:m0 finished, received 9721522 bytes
(vm7:r0:th3:4) Connection established with mapper vm24:m0
(vm7:m0:th7) all data sent, closing connection to vm5:r0
(vm7:m0:th7) waiting for something to do...
(vm7:m0) Got connection from reducer vm4:r0
(vm7:m0) All reducers connected, waiting for threads to terminate
(vm7:m0) waiting on semaphore
(vm7:m0) -> 1 threads still running
(vm7:m0) waiting on semaphore
(vm7:m0) -> 1 threads still running
(vm7:m0) waiting on semaphore
(vm7:m0) -> 1 threads still running
(vm7:m0) waiting on semaphore
(vm7:m0) -> 1 threads still running
(vm7:m0) waiting on semaphore
(vm7:m0) -> 1 threads still running
(vm7:m0) waiting on semaphore
(vm7:m0) -> 1 threads still running
(vm7:m0) waiting on semaphore
(vm7:m0) -> 1 threads still running
(vm7:m0) waiting on semaphore
(vm7:m0) -> 1 threads still running
(vm7:m0) waiting on semaphore
(vm7:m0) -> 1 threads still running
(vm7:m0) waiting on semaphore
(vm7:m0) -> 1 threads still running
(vm7:m0) waiting on semaphore
(vm7:m0) -> 1 threads still running
(vm7:m0) waiting on semaphore
(vm7:m0) -> 1 threads still running
(vm7:m0) waiting on semaphore
(vm7:m0) -> 1 threads still running
(vm7:m0) waiting on semaphore
(vm7:m0) -> 1 threads still running
(vm7:m0) waiting on semaphore
(vm7:m0) -> 1 threads still running
(vm7:m0) waiting on semaphore
(vm7:m0) -> 1 threads still running
(vm7:m0) waiting on semaphore
(vm7:m0) -> 1 threads still running
(vm7:m0) waiting on semaphore
(vm7:m0) -> 1 threads still running
(vm7:m0) waiting on semaphore
(vm7:m0) -> 1 threads still running
(vm7:m0) waiting on semaphore
(vm7:m0) -> 1 threads still running
(vm7:m0) waiting on semaphore
(vm7:m0) -> 1 threads still running
(vm7:m0) waiting on semaphore
(vm7:m0) -> 1 threads still running
(vm7:m0) waiting on semaphore
(vm7:m0) -> 1 threads still running
(vm7:m0) waiting on semaphore
(vm7:m0) -> 1 threads still running
(vm7:m0) waiting on semaphore
(vm7:m0) -> 1 threads still running
(vm7:m0) waiting on semaphore
(vm7:m0) -> 1 threads still running
(vm7:m0) waiting on semaphore
(vm7:m0) -> 1 threads still running
(vm7:m0) waiting on semaphore
(vm7:m0) -> 1 threads still running
(vm7:m0) waiting on semaphore
(vm7:m0) -> 1 threads still running
(vm7:m0) waiting on semaphore
(vm7:m0) -> 1 threads still running
(vm7:m0) waiting on semaphore
(vm7:m0) -> 1 threads still running
(vm7:m0) waiting on semaphore
(vm7:m0) -> 1 threads still running
(vm7:m0) waiting on semaphore
(vm7:m0) -> 1 threads still running
(vm7:m0) waiting on semaphore
(vm7:m0) -> 1 threads still running
(vm7:m0) waiting on semaphore
(vm7:m0) -> 1 threads still running
(vm7:m0) waiting on semaphore
(vm7:m0) -> 1 threads still running
(vm7:m0) waiting on semaphore
(vm7:m0) -> 1 threads still running
(vm7:m0) waiting on semaphore
(vm7:m0) -> 1 threads still running
(vm7:m0) waiting on semaphore
(vm7:m0) -> 1 threads still running
(vm7:m0) waiting on semaphore
(vm7:m0:th0) connection started, have to send 4860759 bytes to vm4:r0
(vm7:m0:th0) all data sent, closing connection to vm4:r0
(vm7:m0:th0) waiting for something to do...
(vm7:m0) Sending exit signal to all threads
(vm7:m0:th1) got exit signal
(vm7:m0:th2) got exit signal
(vm7:m0:th3) got exit signal
(vm7:m0:th4) got exit signal
(vm7:m0:th5) got exit signal
(vm7:m0:th6) got exit signal
(vm7:m0:th8) got exit signal
(vm7:m0:th0) got exit signal
(vm7:m0) thread vm7:m0:th0 joined
(vm7:m0) thread vm7:m0:th1 joined
(vm7:m0) thread vm7:m0:th2 joined
(vm7:m0) thread vm7:m0:th3 joined
(vm7:m0) thread vm7:m0:th4 joined
(vm7:m0) thread vm7:m0:th5 joined
(vm7:m0) thread vm7:m0:th6 joined
(vm7:m0:th7) got exit signal
(vm7:m0) thread vm7:m0:th7 joined
(vm7:m0) thread vm7:m0:th8 joined
(vm7:m0) all done, exiting
*RES* start node vm7:m0
*RES* vm7:m0:th1,1406563082950,89,6,4860760
*RES* vm7:m0:th2,1406563082951,91,6,4860760
*RES* vm7:m0:th1,1406563083195,0,7,4860760
*RES* vm7:m0:th2,1406563083196,0,6,4860760
*RES* vm7:m0:th3,1406563082951,106,5,4860760
*RES* vm7:m0:th4,1406563082951,105,6,4860760
*RES* vm7:m0:th1,1406563083209,0,7,4860760
*RES* vm7:m0:th2,1406563083209,0,6,4860760
*RES* vm7:m0:th3,1406563083209,0,5,4860760
*RES* vm7:m0:th1,1406563083210,0,7,4860760
*RES* vm7:m0:th2,1406563083210,0,6,4860760
*RES* vm7:m0:th1,1406563083216,0,7,4860760
*RES* vm7:m0:th2,1406563083219,0,6,4860760
*RES* vm7:m0:th1,1406563083222,0,7,4860760
*RES* vm7:m0:th2,1406563083225,0,6,4860760
*RES* vm7:m0:th1,1406563083231,0,7,4860760
*RES* vm7:m0:th2,1406563083233,0,6,4860760
*RES* vm7:m0:th1,1406563083237,0,7,4860760
*RES* vm7:m0:th2,1406563083240,0,6,4860760
*RES* vm7:m0:th1,1406563083242,0,7,4860760
*RES* vm7:m0:th2,1406563083248,0,7,4860760
*RES* vm7:m0:th3,1406563083214,0,5,4860760
*RES* vm7:m0:th1,1406563083250,0,7,4860760
*RES* vm7:m0:th2,1406563083250,0,7,4860760
*RES* vm7:m0:th1,1406563083253,0,7,4860760
*RES* vm7:m0:th3,1406563083253,0,5,4860760
*RES* vm7:m0:th4,1406563083210,0,6,4860760
*RES* vm7:m0:th1,1406563083254,0,8,4860760
*RES* vm7:m0:th2,1406563083254,0,7,4860760
*RES* vm7:m0:th1,1406563083258,0,8,4860760
*RES* vm7:m0:th3,1406563083254,0,6,4860760
*RES* vm7:m0:th4,1406563083256,0,6,4860760
*RES* vm7:m0:th0,1406563082944,325,7,4860760
*RES* vm7:m0:th1,1406563083261,0,8,4860760
*RES* vm7:m0:th2,1406563083261,0,7,4860760
*RES* vm7:m0:th0,1406563083279,0,7,4860760
*RES* vm7:m0:th1,1406563083279,0,8,4860760
*RES* vm7:m0:th0,1406563083305,0,7,4860760
*RES* vm7:m0:th0,1406563083384,0,7,4860760
*RES* vm7:m0:th1,1406563083315,0,8,4860760
*RES* vm7:m0:th2,1406563083289,0,7,4860760
*RES* vm7:m0:th3,1406563083262,0,6,4860760
*RES* vm7:m0:th4,1406563083279,0,7,4860760
*RES* vm7:m0:th5,1406563082951,115,6,4860760
*RES* vm7:m0:th6,1406563082951,93,5,4860760
*RES* vm7:m0:th7,1406563082953,402,6,4860760
*RES* vm7:m0:th8,1406563083085,5,2,4860760
*RES* end node vm7:m0
(main) Thread vm7:m0 joined
(main) Waiting for thread vm7:r0 to join...
(vm7:r0:th4:4) Connection to vm25:m0 finished, received 9721523 bytes
(vm7:r0:th4:5) Connection established with mapper vm30:m0
(vm7:r0:th3:4) Connection to vm24:m0 finished, received 14582282 bytes
(vm7:r0:th3:5) Connection established with mapper vm29:m0
(vm7:r0:th3:5) Connection to vm29:m0 finished, received 14582283 bytes
(vm7:r0:th3:6) Connection established with mapper vm34:m0
(vm7:r0:th0:2) Connection to vm11:m0 finished, received 14582280 bytes
(vm7:r0:th0:3) Connection established with mapper vm16:m0
(vm7:r0:th0:3) Connection to vm16:m0 finished, received 14582281 bytes
(vm7:r0:th0:4) Connection established with mapper vm21:m0
(vm7:r0:th0:4) Connection to vm21:m0 finished, received 14582282 bytes
(vm7:r0:th0:5) Connection established with mapper vm26:m0
(vm7:r0:th0:5) Connection to vm26:m0 finished, received 14582283 bytes
(vm7:r0:th0:6) Connection established with mapper vm31:m0
(vm7:r0:th2:5) Connection to vm28:m0 finished, received 9721524 bytes
(vm7:r0:th2:6) Connection established with mapper vm33:m0
(vm7:r0:th2:6) Connection to vm33:m0 finished, received 9721525 bytes
(vm7:r0:th2:7) Connection established with mapper vm38:m0
(vm7:r0:th2:7) Connection to vm38:m0 finished, received 9721526 bytes
(vm7:r0:th2:8) Connection established with mapper vm43:m0
(vm7:r0:th0:6) Connection to vm31:m0 finished, received 19443043 bytes
(vm7:r0:th0:7) Connection established with mapper vm36:m0
(vm7:r0:th1:4) Connection to vm22:m0 finished, received 24303800 bytes
(vm7:r0:th1:5) Connection established with mapper vm27:m0
(vm7:r0:th1:5) Connection to vm27:m0 finished, received 24303801 bytes
(vm7:r0:th1:6) Connection established with mapper vm32:m0
(vm7:r0:th1:6) Connection to vm32:m0 finished, received 24303802 bytes
(vm7:r0:th1:7) Connection established with mapper vm37:m0
(vm7:r0:th3:6) Connection to vm34:m0 finished, received 19443043 bytes
(vm7:r0:th3:7) Connection established with mapper vm39:m0
(vm7:r0:th2:8) Connection to vm43:m0 finished, received 14582286 bytes
(vm7:r0:th2) Got data from all mappers, this reducer connection has finished.
(vm7:r0:th4:5) Connection to vm30:m0 finished, received 14582283 bytes
(vm7:r0:th4:6) Connection established with mapper vm35:m0
(vm7:r0:th4:6) Connection to vm35:m0 finished, received 14582284 bytes
(vm7:r0:th4:7) Connection established with mapper vm40:m0
(vm7:r0:th4:7) Connection to vm40:m0 finished, received 14582285 bytes
(vm7:r0:th4:8) Connection established with mapper vm45:m0
(vm7:r0:th3:7) Connection to vm39:m0 finished, received 24303803 bytes
(vm7:r0:th3:8) Connection established with mapper vm44:m0
(vm7:r0:th1:7) Connection to vm37:m0 finished, received 29164562 bytes
(vm7:r0:th1:8) Connection established with mapper vm42:m0
(vm7:r0:th1:8) Connection to vm42:m0 finished, received 29164563 bytes
(vm7:r0:th1:9) Connection established with mapper vm47:m0
(vm7:r0:th1:9) Connection to vm47:m0 finished, received 29164564 bytes
(vm7:r0:th1) Got data from all mappers, this reducer connection has finished.
(vm7:r0:th0:7) Connection to vm36:m0 finished, received 24303803 bytes
(vm7:r0:th0:8) Connection established with mapper vm41:m0
(vm7:r0:th0:8) Connection to vm41:m0 finished, received 24303804 bytes
(vm7:r0:th0:9) Connection established with mapper vm46:m0
(vm7:r0:th3:8) Connection to vm44:m0 finished, received 29164563 bytes
(vm7:r0:th3) Got data from all mappers, this reducer connection has finished.
(vm7:r0:th0:9) Connection to vm46:m0 finished, received 29164564 bytes
(vm7:r0:th0) Got data from all mappers, this reducer connection has finished.
(vm7:r0) thread th0 joined, 4 connection threads remaining
(vm7:r0) thread th1 joined, 3 connection threads remaining
(vm7:r0) thread th2 joined, 2 connection threads remaining
(vm7:r0) thread th3 joined, 1 connection threads remaining
(vm7:r0:th4:8) Connection to vm45:m0 finished, received 19443045 bytes
(vm7:r0:th4) Got data from all mappers, this reducer connection has finished.
(vm7:r0) thread th4 joined, 0 connection threads remaining
(vm7:r0) all done, exiting
*RES* start node vm7:r0
*RES* vm7:r0:th0:0,1406563082918,192,9,4860760
*RES* vm7:r0:th0:1,1406563083110,135,20,9721520
*RES* vm7:r0:th0:2,1406563083244,268,31,14582280
*RES* vm7:r0:th0:3,1406563083512,2,31,14582281
*RES* vm7:r0:th0:4,1406563083515,5,31,14582282
*RES* vm7:r0:th0:5,1406563083520,2,32,14582283
*RES* vm7:r0:th0:6,1406563083521,125,40,19443043
*RES* vm7:r0:th0:7,1406563083646,215,50,24303803
*RES* vm7:r0:th0:8,1406563083861,2,50,24303804
*RES* vm7:r0:th0:9,1406563083864,97,58,29164564
*RES* vm7:r0:th1:0,1406563082918,167,8,4860760
*RES* vm7:r0:th1:1,1406563083085,6,11,9721520
*RES* vm7:r0:th1:2,1406563083091,93,18,14582280
*RES* vm7:r0:th1:3,1406563083183,110,26,19443040
*RES* vm7:r0:th1:4,1406563083294,367,37,24303800
*RES* vm7:r0:th1:5,1406563083660,6,37,24303801
*RES* vm7:r0:th1:6,1406563083666,2,37,24303802
*RES* vm7:r0:th1:7,1406563083669,185,46,29164562
*RES* vm7:r0:th1:8,1406563083854,1,46,29164563
*RES* vm7:r0:th1:9,1406563083855,3,46,29164564
*RES* vm7:r0:th2:0,1406563082918,363,10,4860760
*RES* vm7:r0:th2:1,1406563083281,8,10,4860761
*RES* vm7:r0:th2:2,1406563083289,2,11,4860762
*RES* vm7:r0:th2:3,1406563083291,3,11,4860763
*RES* vm7:r0:th2:4,1406563083294,4,11,4860764
*RES* vm7:r0:th2:5,1406563083297,300,23,9721524
*RES* vm7:r0:th2:6,1406563083598,2,24,9721525
*RES* vm7:r0:th2:7,1406563083600,2,24,9721526
*RES* vm7:r0:th2:8,1406563083602,187,33,14582286
*RES* vm7:r0:th3:0,1406563082918,292,10,4860760
*RES* vm7:r0:th3:1,1406563083209,102,18,9721520
*RES* vm7:r0:th3:2,1406563083311,3,18,9721521
*RES* vm7:r0:th3:3,1406563083315,5,18,9721522
*RES* vm7:r0:th3:4,1406563083319,170,28,14582282
*RES* vm7:r0:th3:5,1406563083490,14,28,14582283
*RES* vm7:r0:th3:6,1406563083503,167,38,19443043
*RES* vm7:r0:th3:7,1406563083671,162,46,24303803
*RES* vm7:r0:th3:8,1406563083834,67,53,29164563
*RES* vm7:r0:th4:0,1406563082918,351,11,4860760
*RES* vm7:r0:th4:1,1406563083268,5,11,4860761
*RES* vm7:r0:th4:2,1406563083273,8,12,4860762
*RES* vm7:r0:th4:3,1406563083281,3,12,4860763
*RES* vm7:r0:th4:4,1406563083285,164,21,9721523
*RES* vm7:r0:th4:5,1406563083449,341,32,14582283
*RES* vm7:r0:th4:6,1406563083791,3,32,14582284
*RES* vm7:r0:th4:7,1406563083794,10,33,14582285
*RES* vm7:r0:th4:8,1406563083804,213,41,19443045
*RES* end node vm7:r0
(main) Thread vm7:r0 joined
Worker terminating correctly
