OSMeF worker starting
Enabling core dumping
Listening for command connection
(vm33:m0) New mapper on port 23330
(vm33:m0) -> reducer data size 951134626
(vm33:m0) -> reducer data size 951134626
(vm33:m0) -> reducer data size 951134626
(vm33:m0) -> reducer data size 951134626
(vm33:m0) -> reducer data size 951134626
(vm33:m0) -> reducer data size 951134626
(vm33:m0) -> reducer data size 951134626
(vm33:m0) -> reducer data size 951134626
(vm33:m0) -> reducer data size 951134626
(vm33:m0) -> reducer data size 951134626
(vm33:m0) -> reducer data size 951134626
(vm33:m0) -> reducer data size 951134626
(vm33:m0) -> reducer data size 951134626
(vm33:m0) -> reducer data size 951134626
(vm33:m0) -> reducer data size 951134626
(vm33:m0) -> reducer data size 951134626
(vm33:m0) -> reducer data size 951134626
(vm33:m0) -> reducer data size 951134626
(vm33:m0) -> reducer data size 951134626
(vm33:m0) -> reducer data size 951134626
(vm33:m0) -> reducer data size 951134626
(vm33:m0) -> reducer data size 951134626
(vm33:m0) -> reducer data size 951134626
(vm33:m0) -> reducer data size 951134626
(vm33:m0) -> reducer data size 951134626
(vm33:m0) -> reducer data size 951134626
(vm33:m0) -> reducer data size 951134626
(vm33:m0) -> reducer data size 951134626
(vm33:m0) -> reducer data size 951134626
(vm33:m0) -> reducer data size 951134626
(vm33:m0) -> reducer data size 951134626
(vm33:m0) -> reducer data size 951134626
(vm33:m0) -> reducer data size 951134626
(vm33:m0) -> reducer data size 951134626
(vm33:m0) Mapper thread started
(vm33:m0) Allocating data for reducer vm1:r0
(vm33:m0) Allocating data for reducer vm2:r0
(vm33:m0) Allocating data for reducer vm3:r0
(vm33:m0) Allocating data for reducer vm4:r0
(vm33:m0) Allocating data for reducer vm5:r0
(vm33:m0) Allocating data for reducer vm6:r0
(vm33:m0) Allocating data for reducer vm7:r0
(vm33:m0) Allocating data for reducer vm8:r0
(vm33:m0) Allocating data for reducer vm9:r0
(vm33:m0) Allocating data for reducer vm10:r0
(vm33:m0) Allocating data for reducer vm11:r0
(vm33:m0) Allocating data for reducer vm12:r0
(vm33:m0) Allocating data for reducer vm13:r0
(vm33:m0) Allocating data for reducer vm14:r0
(vm33:m0) Allocating data for reducer vm15:r0
(vm33:m0) Allocating data for reducer vm16:r0
(vm33:m0) Allocating data for reducer vm17:r0
(vm33:m0) Allocating data for reducer vm18:r0
(vm33:m0) Allocating data for reducer vm19:r0
(vm33:m0) Allocating data for reducer vm20:r0
(vm33:m0) Allocating data for reducer vm21:r0
(vm33:m0) Allocating data for reducer vm22:r0
(vm33:m0) Allocating data for reducer vm23:r0
(vm33:m0) Allocating data for reducer vm24:r0
(vm33:m0) Allocating data for reducer vm25:r0
(vm33:m0) Allocating data for reducer vm26:r0
(vm33:m0) Allocating data for reducer vm27:r0
(vm33:m0) Allocating data for reducer vm28:r0
(vm33:m0) Allocating data for reducer vm29:r0
(vm33:m0) Allocating data for reducer vm30:r0
(vm33:m0) Allocating data for reducer vm31:r0
(vm33:m0) Allocating data for reducer vm32:r0
(vm33:m0) Allocating data for reducer vm33:r0
(vm33:m0) Allocating data for reducer vm34:r0
(vm33:m0) Binding to port 23330
(vm33:r0) New reducer
(vm33:r0) Reducer thread started
(vm33:r0) waiting for START message
(vm33:r0) got START message
(vm33:r0) Starting new connection thread
(vm33:r0) Starting new connection thread
(vm33:r0) Starting new connection thread
(vm33:r0) Starting new connection thread
(vm33:r0) Starting new connection thread
(vm33:r0) Maximum number of connections reached (5), waiting for a thread to finish
(vm33:r0:4) Connection established
(vm33:r0:1) Connection established
(vm33:r0:3) Connection established
(vm33:r0:2) Connection established
(vm33:r0:0) Connection established
(vm33:r0:4) Connection finished, received 951134627 bytes
(vm33:r0:1) Connection finished, received 951134627 bytes
(vm33:r0:3) Connection finished, received 951134627 bytes
(vm33:r0:0) Connection finished, received 951134627 bytes
(vm33:r0) thread 0 joined, 33 connections remaining
(vm33:r0) Starting new connection thread
(vm33:r0) Maximum number of connections reached (5), waiting for a thread to finish
(vm33:r0:0) Connection established
(vm33:r0:2) Connection finished, received 951134627 bytes
(vm33:r0:0) Connection finished, received 951134627 bytes
(vm33:r0) thread 0 joined, 32 connections remaining
(vm33:r0) Starting new connection thread
(vm33:r0) Maximum number of connections reached (5), waiting for a thread to finish
(vm33:r0:0) Connection established
(vm33:r0:0) Connection finished, received 951134627 bytes
(vm33:r0) thread 0 joined, 31 connections remaining
(vm33:r0) Starting new connection thread
(vm33:r0) Maximum number of connections reached (5), waiting for a thread to finish
(vm33:r0:0) Connection established
(vm33:r0:0) Connection finished, received 951134627 bytes
(vm33:r0) thread 0 joined, 30 connections remaining
(vm33:r0) Starting new connection thread
(vm33:r0) Maximum number of connections reached (5), waiting for a thread to finish
(vm33:r0:0) Connection established
(vm33:r0:0) Connection finished, received 951134627 bytes
(vm33:r0) thread 0 joined, 29 connections remaining
(vm33:r0) Starting new connection thread
(vm33:r0) Maximum number of connections reached (5), waiting for a thread to finish
(vm33:r0:0) Connection established
(vm33:r0:0) Connection finished, received 951134627 bytes
(vm33:r0) thread 0 joined, 28 connections remaining
(vm33:r0) Starting new connection thread
(vm33:r0) Maximum number of connections reached (5), waiting for a thread to finish
(vm33:r0:0) Connection established
(vm33:r0:0) Connection finished, received 951134627 bytes
(vm33:r0) thread 0 joined, 27 connections remaining
(vm33:r0) Starting new connection thread
(vm33:r0) Maximum number of connections reached (5), waiting for a thread to finish
(vm33:r0:0) Connection established
(vm33:r0:0) Connection finished, received 951134627 bytes
(vm33:r0) thread 0 joined, 26 connections remaining
(vm33:r0) Starting new connection thread
(vm33:r0) Maximum number of connections reached (5), waiting for a thread to finish
(vm33:r0:0) Connection established
(vm33:r0:0) Connection finished, received 951134627 bytes
(vm33:r0) thread 0 joined, 25 connections remaining
(vm33:r0) Starting new connection thread
(vm33:r0) Maximum number of connections reached (5), waiting for a thread to finish
(vm33:r0:0) Connection established
(vm33:r0:0) Connection finished, received 951134627 bytes
(vm33:r0) thread 0 joined, 24 connections remaining
(vm33:r0) Starting new connection thread
(vm33:r0) Maximum number of connections reached (5), waiting for a thread to finish
(vm33:r0:0) Connection established
(vm33:m0) Got connection from reducer vm23:r0
(vm33:m0:22) thread started, have to send 951134626 bytes
(vm33:m0) Got connection from reducer vm1:r0
(vm33:m0:0) thread started, have to send 951134626 bytes
(vm33:r0:0) Connection finished, received 951134627 bytes
(vm33:r0) thread 0 joined, 23 connections remaining
(vm33:r0) Starting new connection thread
(vm33:r0) Maximum number of connections reached (5), waiting for a thread to finish
(vm33:r0:0) Connection established
(vm33:m0:22) all data sent, thread exiting
(vm33:m0:0) all data sent, thread exiting
(vm33:r0:0) Connection finished, received 951134627 bytes
(vm33:r0) thread 0 joined, 22 connections remaining
(vm33:r0) Starting new connection thread
(vm33:r0) Maximum number of connections reached (5), waiting for a thread to finish
(vm33:r0:0) Connection established
(vm33:r0:0) Connection finished, received 951134627 bytes
(vm33:r0) thread 0 joined, 21 connections remaining
(vm33:r0) Starting new connection thread
(vm33:r0) Maximum number of connections reached (5), waiting for a thread to finish
(vm33:r0:0) Connection established
(vm33:r0:0) Connection finished, received 951134627 bytes
(vm33:r0) thread 0 joined, 20 connections remaining
(vm33:r0) Starting new connection thread
(vm33:r0) Maximum number of connections reached (5), waiting for a thread to finish
(vm33:r0:0) Connection established
(vm33:m0) Got connection from reducer vm21:r0
(vm33:m0:20) thread started, have to send 951134626 bytes
(vm33:r0:0) Connection finished, received 951134627 bytes
(vm33:r0) thread 0 joined, 19 connections remaining
(vm33:r0) Starting new connection thread
(vm33:r0) Maximum number of connections reached (5), waiting for a thread to finish
(vm33:r0:0) Connection established
(vm33:m0:20) all data sent, thread exiting
(vm33:m0) Got connection from reducer vm31:r0
(vm33:m0:30) thread started, have to send 951134626 bytes
(vm33:r0:0) Connection finished, received 951134627 bytes
(vm33:r0) thread 0 joined, 18 connections remaining
(vm33:r0) Starting new connection thread
(vm33:r0) Maximum number of connections reached (5), waiting for a thread to finish
(vm33:r0:0) Connection established
(vm33:m0:30) all data sent, thread exiting
(vm33:r0:0) Connection finished, received 951134627 bytes
(vm33:r0) thread 0 joined, 17 connections remaining
(vm33:r0) Starting new connection thread
(vm33:r0) Maximum number of connections reached (5), waiting for a thread to finish
(vm33:r0:0) Connection established
(vm33:m0) Got connection from reducer vm22:r0
(vm33:m0:21) thread started, have to send 951134626 bytes
(vm33:m0) Got connection from reducer vm32:r0
(vm33:m0:31) thread started, have to send 951134626 bytes
(vm33:r0:0) Connection finished, received 951134627 bytes
(vm33:r0) thread 0 joined, 16 connections remaining
(vm33:r0) Starting new connection thread
(vm33:r0) Maximum number of connections reached (5), waiting for a thread to finish
(vm33:r0:0) Connection established
(vm33:m0:31) all data sent, thread exiting
(vm33:m0:21) all data sent, thread exiting
(vm33:r0:0) Connection finished, received 951134627 bytes
(vm33:r0) thread 0 joined, 15 connections remaining
(vm33:r0) Starting new connection thread
(vm33:r0) Maximum number of connections reached (5), waiting for a thread to finish
(vm33:r0:0) Connection established
(vm33:r0:0) Connection finished, received 951134627 bytes
(vm33:r0) thread 0 joined, 14 connections remaining
(vm33:r0) Starting new connection thread
(vm33:r0) Maximum number of connections reached (5), waiting for a thread to finish
(vm33:r0:0) Connection established
(vm33:r0:0) Connection finished, received 951134627 bytes
(vm33:r0) thread 0 joined, 13 connections remaining
(vm33:r0) Starting new connection thread
(vm33:r0) Maximum number of connections reached (5), waiting for a thread to finish
(vm33:r0:0) Connection established
(vm33:r0:0) Connection finished, received 951134627 bytes
(vm33:r0) thread 0 joined, 12 connections remaining
(vm33:r0) Starting new connection thread
(vm33:r0) Maximum number of connections reached (5), waiting for a thread to finish
(vm33:r0:0) Connection established
(vm33:m0) Got connection from reducer vm6:r0
(vm33:m0:5) thread started, have to send 951134626 bytes
(vm33:r0:0) Connection finished, received 951134627 bytes
(vm33:r0) thread 0 joined, 11 connections remaining
(vm33:r0) Starting new connection thread
(vm33:r0) Maximum number of connections reached (5), waiting for a thread to finish
(vm33:r0:0) Connection established
(vm33:m0:5) all data sent, thread exiting
(vm33:m0) Got connection from reducer vm28:r0
(vm33:m0:27) thread started, have to send 951134626 bytes
(vm33:r0:0) Connection finished, received 951134627 bytes
(vm33:r0) thread 0 joined, 10 connections remaining
(vm33:r0) Starting new connection thread
(vm33:r0) Maximum number of connections reached (5), waiting for a thread to finish
(vm33:r0:0) Connection established
(vm33:m0:27) all data sent, thread exiting
(vm33:r0:0) Connection finished, received 951134627 bytes
(vm33:r0) thread 0 joined, 9 connections remaining
(vm33:r0) Starting new connection thread
(vm33:r0) Maximum number of connections reached (5), waiting for a thread to finish
(vm33:r0:0) Connection established
(vm33:m0) Got connection from reducer vm17:r0
(vm33:m0:16) thread started, have to send 951134626 bytes
(vm33:m0) Got connection from reducer vm7:r0
(vm33:m0:6) thread started, have to send 951134626 bytes
(vm33:r0:0) Connection finished, received 951134627 bytes
(vm33:r0) thread 0 joined, 8 connections remaining
(vm33:r0) Starting new connection thread
(vm33:r0) Maximum number of connections reached (5), waiting for a thread to finish
(vm33:r0:0) Connection established
(vm33:m0:6) all data sent, thread exiting
(vm33:m0) Got connection from reducer vm12:r0
(vm33:m0:11) thread started, have to send 951134626 bytes
(vm33:m0) Got connection from reducer vm34:r0
(vm33:m0:33) thread started, have to send 951134626 bytes
(vm33:m0:16) all data sent, thread exiting
(vm33:r0:0) Connection finished, received 951134627 bytes
(vm33:r0) thread 0 joined, 7 connections remaining
(vm33:r0) Starting new connection thread
(vm33:r0) Maximum number of connections reached (5), waiting for a thread to finish
(vm33:r0:0) Connection established
(vm33:m0:11) all data sent, thread exiting
(vm33:r0:0) Connection finished, received 951134627 bytes
(vm33:r0) thread 0 joined, 6 connections remaining
(vm33:r0) Starting new connection thread
(vm33:r0) Maximum number of connections reached (5), waiting for a thread to finish
(vm33:r0:0) Connection established
(vm33:m0) Got connection from reducer vm33:r0
(vm33:m0:32) thread started, have to send 951134626 bytes
(vm33:m0:33) all data sent, thread exiting
(vm33:m0:32) all data sent, thread exiting
(vm33:r0:0) Connection finished, received 951134627 bytes
(vm33:r0) thread 0 joined, 5 connections remaining
(vm33:r0) Starting new connection thread
(vm33:r0) Maximum number of connections reached (5), waiting for a thread to finish
(vm33:r0:0) Connection established
(vm33:r0:0) Connection finished, received 951134627 bytes
(vm33:r0) thread 0 joined, 4 connections remaining
(vm33:r0) Maximum number of connections reached (4), waiting for a thread to finish
(vm33:r0) thread 1 joined, 3 connections remaining
(vm33:r0) Maximum number of connections reached (3), waiting for a thread to finish
(vm33:r0) thread 2 joined, 2 connections remaining
(vm33:r0) Maximum number of connections reached (2), waiting for a thread to finish
(vm33:r0) thread 3 joined, 1 connections remaining
(vm33:r0) Maximum number of connections reached (1), waiting for a thread to finish
(vm33:r0) thread 4 joined, 0 connections remaining
(vm33:r0) all done, exiting
(vm33:m0) Got connection from reducer vm24:r0
(vm33:m0:23) thread started, have to send 951134626 bytes
(vm33:m0) Got connection from reducer vm8:r0
(vm33:m0:7) thread started, have to send 951134626 bytes
(vm33:m0:7) all data sent, thread exiting
(vm33:m0) Got connection from reducer vm15:r0
(vm33:m0:14) thread started, have to send 951134626 bytes
(vm33:m0:23) all data sent, thread exiting
(vm33:m0) Got connection from reducer vm19:r0
(vm33:m0:18) thread started, have to send 951134626 bytes
(vm33:m0:14) all data sent, thread exiting
(vm33:m0:18) all data sent, thread exiting
(vm33:m0) Got connection from reducer vm3:r0
(vm33:m0:2) thread started, have to send 951134626 bytes
(vm33:m0:2) all data sent, thread exiting
(vm33:m0) Got connection from reducer vm9:r0
(vm33:m0:8) thread started, have to send 951134626 bytes
(vm33:m0) Got connection from reducer vm4:r0
(vm33:m0:3) thread started, have to send 951134626 bytes
(vm33:m0:8) all data sent, thread exiting
(vm33:m0:3) all data sent, thread exiting
(vm33:m0) Got connection from reducer vm25:r0
(vm33:m0:24) thread started, have to send 951134626 bytes
(vm33:m0) Got connection from reducer vm10:r0
(vm33:m0:9) thread started, have to send 951134626 bytes
(vm33:m0:9) all data sent, thread exiting
(vm33:m0:24) all data sent, thread exiting
(vm33:m0) Got connection from reducer vm11:r0
(vm33:m0:10) thread started, have to send 951134626 bytes
(vm33:m0:10) all data sent, thread exiting
(vm33:m0) Got connection from reducer vm27:r0
(vm33:m0:26) thread started, have to send 951134626 bytes
(vm33:m0) Got connection from reducer vm20:r0
(vm33:m0:19) thread started, have to send 951134626 bytes
(vm33:m0) Got connection from reducer vm18:r0
(vm33:m0:17) thread started, have to send 951134626 bytes
(vm33:m0) Got connection from reducer vm2:r0
(vm33:m0:1) thread started, have to send 951134626 bytes
(vm33:m0) Got connection from reducer vm14:r0
(vm33:m0:13) thread started, have to send 951134626 bytes
(vm33:m0:26) all data sent, thread exiting
(vm33:m0:19) all data sent, thread exiting
(vm33:m0:17) all data sent, thread exiting
(vm33:m0:1) all data sent, thread exiting
(vm33:m0) Got connection from reducer vm13:r0
(vm33:m0:12) thread started, have to send 951134626 bytes
(vm33:m0:13) all data sent, thread exiting
(vm33:m0:12) all data sent, thread exiting
(vm33:m0) Got connection from reducer vm5:r0
(vm33:m0:4) thread started, have to send 951134626 bytes
(vm33:m0) Got connection from reducer vm16:r0
(vm33:m0:15) thread started, have to send 951134626 bytes
(vm33:m0:4) all data sent, thread exiting
(vm33:m0:15) all data sent, thread exiting
(vm33:m0) Got connection from reducer vm29:r0
(vm33:m0:28) thread started, have to send 951134626 bytes
(vm33:m0) Got connection from reducer vm30:r0
(vm33:m0:29) thread started, have to send 951134626 bytes
(vm33:m0:28) all data sent, thread exiting
(vm33:m0) Got connection from reducer vm26:r0
(vm33:m0) Waiting for a thread to finish
(vm33:m0) thread 0 joined, 33 connections remaining
(vm33:m0) Waiting for a thread to finish
(vm33:m0) thread 1 joined, 32 connections remaining
(vm33:m0) Waiting for a thread to finish
(vm33:m0) thread 2 joined, 31 connections remaining
(vm33:m0) Waiting for a thread to finish
(vm33:m0) thread 3 joined, 30 connections remaining
(vm33:m0) Waiting for a thread to finish
(vm33:m0) thread 4 joined, 29 connections remaining
(vm33:m0) Waiting for a thread to finish
(vm33:m0) thread 5 joined, 28 connections remaining
(vm33:m0) Waiting for a thread to finish
(vm33:m0) thread 6 joined, 27 connections remaining
(vm33:m0) Waiting for a thread to finish
(vm33:m0) thread 7 joined, 26 connections remaining
(vm33:m0) Waiting for a thread to finish
(vm33:m0) thread 8 joined, 25 connections remaining
(vm33:m0) Waiting for a thread to finish
(vm33:m0) thread 9 joined, 24 connections remaining
(vm33:m0) Waiting for a thread to finish
(vm33:m0) thread 10 joined, 23 connections remaining
(vm33:m0) Waiting for a thread to finish
(vm33:m0) thread 11 joined, 22 connections remaining
(vm33:m0) Waiting for a thread to finish
(vm33:m0) thread 12 joined, 21 connections remaining
(vm33:m0) Waiting for a thread to finish
(vm33:m0) thread 13 joined, 20 connections remaining
(vm33:m0) Waiting for a thread to finish
(vm33:m0) thread 14 joined, 19 connections remaining
(vm33:m0) Waiting for a thread to finish
(vm33:m0) thread 15 joined, 18 connections remaining
(vm33:m0) Waiting for a thread to finish
(vm33:m0) thread 16 joined, 17 connections remaining
(vm33:m0) Waiting for a thread to finish
(vm33:m0) thread 17 joined, 16 connections remaining
(vm33:m0) Waiting for a thread to finish
(vm33:m0) thread 18 joined, 15 connections remaining
(vm33:m0) Waiting for a thread to finish
(vm33:m0) thread 19 joined, 14 connections remaining
(vm33:m0) Waiting for a thread to finish
(vm33:m0) thread 20 joined, 13 connections remaining
(vm33:m0) Waiting for a thread to finish
(vm33:m0) thread 21 joined, 12 connections remaining
(vm33:m0) Waiting for a thread to finish
(vm33:m0) thread 22 joined, 11 connections remaining
(vm33:m0) Waiting for a thread to finish
(vm33:m0) thread 23 joined, 10 connections remaining
(vm33:m0) Waiting for a thread to finish
(vm33:m0) thread 24 joined, 9 connections remaining
(vm33:m0) Waiting for a thread to finish
(vm33:m0:25) thread started, have to send 951134626 bytes
(vm33:m0:29) all data sent, thread exiting
(vm33:m0:25) all data sent, thread exiting
(vm33:m0) thread 25 joined, 8 connections remaining
(vm33:m0) Waiting for a thread to finish
(vm33:m0) thread 26 joined, 7 connections remaining
(vm33:m0) Waiting for a thread to finish
(vm33:m0) thread 27 joined, 6 connections remaining
(vm33:m0) Waiting for a thread to finish
(vm33:m0) thread 28 joined, 5 connections remaining
(vm33:m0) Waiting for a thread to finish
(vm33:m0) thread 29 joined, 4 connections remaining
(vm33:m0) Waiting for a thread to finish
(vm33:m0) thread 30 joined, 3 connections remaining
(vm33:m0) Waiting for a thread to finish
(vm33:m0) thread 31 joined, 2 connections remaining
(vm33:m0) Waiting for a thread to finish
(vm33:m0) thread 32 joined, 1 connections remaining
(vm33:m0) Waiting for a thread to finish
(vm33:m0) thread 33 joined, 0 connections remaining
(vm33:m0) all done, exiting
*RES* start node vm33:m0
*RES* vm33:m0:0,1405703258933,8433,1842,951134627
*RES* vm33:m0:1,1405703404958,2360,706,951134627
*RES* vm33:m0:2,1405703385924,2159,754,951134627
*RES* vm33:m0:3,1405703392732,1784,764,951134627
*RES* vm33:m0:4,1405703410001,1388,722,951134627
*RES* vm33:m0:5,1405703342143,4528,1253,951134627
*RES* vm33:m0:6,1405703359347,4609,970,951134627
*RES* vm33:m0:7,1405703377386,3094,965,951134627
*RES* vm33:m0:8,1405703391169,2138,790,951134627
*RES* vm33:m0:9,1405703396384,1718,796,951134627
*RES* vm33:m0:10,1405703400294,1456,736,951134627
*RES* vm33:m0:11,1405703364607,4516,1001,951134627
*RES* vm33:m0:12,1405703407735,1343,749,951134627
*RES* vm33:m0:13,1405703405947,2130,743,951134627
*RES* vm33:m0:14,1405703380713,2691,810,951134627
*RES* vm33:m0:15,1405703410283,1393,621,951134627
*RES* vm33:m0:16,1405703359027,6061,971,951134627
*RES* vm33:m0:17,1405703404938,2343,680,951134627
*RES* vm33:m0:18,1405703383126,2662,781,951134627
*RES* vm33:m0:19,1405703404067,2017,658,951134627
*RES* vm33:m0:20,1405703290354,6682,1520,951134627
*RES* vm33:m0:21,1405703312729,7432,1582,951134627
*RES* vm33:m0:22,1405703256823,8551,1504,951134627
*RES* vm33:m0:23,1405703376503,4325,860,951134627
*RES* vm33:m0:24,1405703395890,2652,757,951134627
*RES* vm33:m0:25,1405703414419,1114,442,951134627
*RES* vm33:m0:26,1405703403950,2114,758,951134627
*RES* vm33:m0:27,1405703348102,5014,921,951134627
*RES* vm33:m0:28,1405703412718,1056,511,951134627
*RES* vm33:m0:29,1405703413233,1201,494,951134627
*RES* vm33:m0:30,1405703300142,7460,1447,951134627
*RES* vm33:m0:31,1405703312827,6910,1658,951134627
*RES* vm33:m0:32,1405703371266,1739,251,951134627
*RES* vm33:m0:33,1405703365067,6441,1021,951134627
*RES* end node vm33:m0
Node vm33:m0 joined
*RES* start node vm33:r0
*RES* vm33:r0:0,1405703061276,35149,910,951134627
*RES* vm33:r0:0,1405703096431,50093,815,951134627
*RES* vm33:r0:0,1405703146531,44583,994,951134627
*RES* vm33:r0:0,1405703191119,28561,886,951134627
*RES* vm33:r0:0,1405703219687,6318,1715,951134627
*RES* vm33:r0:0,1405703226011,5408,1752,951134627
*RES* vm33:r0:0,1405703231427,5139,2017,951134627
*RES* vm33:r0:0,1405703236571,6705,1790,951134627
*RES* vm33:r0:0,1405703243291,5193,2052,951134627
*RES* vm33:r0:0,1405703248491,5736,1676,951134627
*RES* vm33:r0:0,1405703254231,9729,1946,951134627
*RES* vm33:r0:0,1405703263967,6245,1806,951134627
*RES* vm33:r0:0,1405703270219,8455,1804,951134627
*RES* vm33:r0:0,1405703278679,5676,1876,951134627
*RES* vm33:r0:0,1405703284363,9252,1665,951134627
*RES* vm33:r0:0,1405703293627,8703,1889,951134627
*RES* vm33:r0:0,1405703302343,7689,2567,951134627
*RES* vm33:r0:0,1405703310039,7576,1675,951134627
*RES* vm33:r0:0,1405703317631,6472,2219,951134627
*RES* vm33:r0:0,1405703324107,5886,1558,951134627
*RES* vm33:r0:0,1405703329999,6478,1552,951134627
*RES* vm33:r0:0,1405703336483,4540,1248,951134627
*RES* vm33:r0:0,1405703341031,4607,1303,951134627
*RES* vm33:r0:0,1405703345647,5642,1196,951134627
*RES* vm33:r0:0,1405703351296,4786,1271,951134627
*RES* vm33:r0:0,1405703356087,5422,1156,951134627
*RES* vm33:r0:0,1405703361515,4949,1032,951134627
*RES* vm33:r0:0,1405703366470,4771,1093,951134627
*RES* vm33:r0:0,1405703371255,1758,713,951134627
*RES* vm33:r0:0,1405703373019,3059,962,951134627
*RES* vm33:r0:1,1405703061276,29073,866,951134627
*RES* vm33:r0:2,1405703061276,36847,854,951134627
*RES* vm33:r0:3,1405703061276,29162,868,951134627
*RES* vm33:r0:4,1405703061276,28855,837,951134627
*RES* end node vm33:r0
Node vm33:r0 joined
Worker terminating correctly
