OSMeF worker starting
Enabling core dumping
Listening for command connection
(vm26:m0) New mapper on port 23330
(vm26:m0) -> reducer data size 1073741824
(vm26:m0) -> reducer data size 1073741824
(vm26:m0) -> reducer data size 1073741824
(vm26:m0) -> reducer data size 1073741824
(vm26:m0) -> reducer data size 1073741824
(vm26:m0) -> reducer data size 1073741824
(vm26:m0) -> reducer data size 1073741824
(vm26:m0) -> reducer data size 1073741824
(vm26:m0) -> reducer data size 1073741824
(vm26:m0) -> reducer data size 1073741824
(vm26:m0) -> reducer data size 1073741824
(vm26:m0) -> reducer data size 1073741824
(vm26:m0) -> reducer data size 1073741824
(vm26:m0) -> reducer data size 1073741824
(vm26:m0) -> reducer data size 1073741824
(vm26:m0) -> reducer data size 1073741824
(vm26:m0) -> reducer data size 1073741824
(vm26:m0) -> reducer data size 1073741824
(vm26:m0) -> reducer data size 1073741824
(vm26:m0) -> reducer data size 1073741824
(vm26:m0) -> reducer data size 1073741824
(vm26:m0) -> reducer data size 1073741824
(vm26:m0) -> reducer data size 1073741824
(vm26:m0) -> reducer data size 1073741824
(vm26:m0) -> reducer data size 1073741824
(vm26:m0) -> reducer data size 1073741824
(vm26:m0) -> reducer data size 1073741824
(vm26:m0) -> reducer data size 1073741824
(vm26:m0) -> reducer data size 1073741824
(vm26:m0) -> reducer data size 1073741824
(vm26:m0) -> reducer data size 1073741824
(vm26:m0) -> reducer data size 1073741824
(vm26:m0) Mapper thread started
(vm26:m0) Allocating data for reducer vm1:r0
(vm26:m0) Allocating data for reducer vm2:r0
(vm26:m0) Allocating data for reducer vm3:r0
(vm26:m0) Allocating data for reducer vm4:r0
(vm26:m0) Allocating data for reducer vm5:r0
(vm26:m0) Allocating data for reducer vm6:r0
(vm26:m0) Allocating data for reducer vm7:r0
(vm26:m0) Allocating data for reducer vm8:r0
(vm26:m0) Allocating data for reducer vm9:r0
(vm26:m0) Allocating data for reducer vm10:r0
(vm26:m0) Allocating data for reducer vm11:r0
(vm26:m0) Allocating data for reducer vm12:r0
(vm26:m0) Allocating data for reducer vm13:r0
(vm26:m0) Allocating data for reducer vm14:r0
(vm26:m0) Allocating data for reducer vm15:r0
(vm26:m0) Allocating data for reducer vm16:r0
(vm26:m0) Allocating data for reducer vm17:r0
(vm26:m0) Allocating data for reducer vm18:r0
(vm26:m0) Allocating data for reducer vm19:r0
(vm26:m0) Allocating data for reducer vm20:r0
(vm26:m0) Allocating data for reducer vm21:r0
(vm26:m0) Allocating data for reducer vm22:r0
(vm26:m0) Allocating data for reducer vm23:r0
(vm26:m0) Allocating data for reducer vm24:r0
(vm26:m0) Allocating data for reducer vm25:r0
(vm26:m0) Allocating data for reducer vm26:r0
(vm26:m0) Allocating data for reducer vm27:r0
(vm26:m0) Allocating data for reducer vm28:r0
(vm26:m0) Allocating data for reducer vm29:r0
(vm26:m0) Allocating data for reducer vm30:r0
(vm26:m0) Allocating data for reducer vm31:r0
(vm26:m0) Allocating data for reducer vm32:r0
(vm26:m0) Binding to port 23330
(vm26:r0) New reducer
(vm26:r0) Reducer thread started
(vm26:r0) waiting for START message
(vm26:r0) got START message
(vm26:r0) Starting new connection thread
(vm26:r0) Starting new connection thread
(vm26:r0) Starting new connection thread
(vm26:r0) Starting new connection thread
(vm26:r0) Starting new connection thread
(vm26:r0) Maximum number of connections reached (5), waiting for a thread to finish
(vm26:r0:2) Connection established
(vm26:r0:4) Connection established
(vm26:r0:0) Connection established
(vm26:r0:1) Connection established
(vm26:r0:3) Connection established
(vm26:r0:1) Connection finished, received 1073741825 bytes
(vm26:r0:3) Connection finished, received 1073741825 bytes
(vm26:r0:0) Connection finished, received 1073741825 bytes
(vm26:r0) thread 0 joined, 31 connections remaining
(vm26:r0) Starting new connection thread
(vm26:r0) Maximum number of connections reached (5), waiting for a thread to finish
(vm26:r0:0) Connection established
(vm26:r0:4) Connection finished, received 1073741825 bytes
(vm26:r0:2) Connection finished, received 1073741825 bytes
(vm26:r0:0) Connection finished, received 1073741825 bytes
(vm26:r0) thread 0 joined, 30 connections remaining
(vm26:r0) Starting new connection thread
(vm26:r0) Maximum number of connections reached (5), waiting for a thread to finish
(vm26:r0:0) Connection established
(vm26:r0:0) Connection finished, received 1073741825 bytes
(vm26:r0) thread 0 joined, 29 connections remaining
(vm26:r0) Starting new connection thread
(vm26:r0) Maximum number of connections reached (5), waiting for a thread to finish
(vm26:r0:0) Connection established
(vm26:r0:0) Connection finished, received 1073741825 bytes
(vm26:r0) thread 0 joined, 28 connections remaining
(vm26:r0) Starting new connection thread
(vm26:r0) Maximum number of connections reached (5), waiting for a thread to finish
(vm26:r0:0) Connection established
(vm26:r0:0) Connection finished, received 1073741825 bytes
(vm26:r0) thread 0 joined, 27 connections remaining
(vm26:r0) Starting new connection thread
(vm26:r0) Maximum number of connections reached (5), waiting for a thread to finish
(vm26:r0:0) Connection established
(vm26:r0:0) Connection finished, received 1073741825 bytes
(vm26:r0) thread 0 joined, 26 connections remaining
(vm26:r0) Starting new connection thread
(vm26:r0) Maximum number of connections reached (5), waiting for a thread to finish
(vm26:r0:0) Connection established
(vm26:r0:0) Connection finished, received 1073741825 bytes
(vm26:r0) thread 0 joined, 25 connections remaining
(vm26:r0) Starting new connection thread
(vm26:r0) Maximum number of connections reached (5), waiting for a thread to finish
(vm26:r0:0) Connection established
(vm26:r0:0) Connection finished, received 1073741825 bytes
(vm26:r0) thread 0 joined, 24 connections remaining
(vm26:r0) Starting new connection thread
(vm26:r0) Maximum number of connections reached (5), waiting for a thread to finish
(vm26:r0:0) Connection established
(vm26:r0:0) Connection finished, received 1073741825 bytes
(vm26:r0) thread 0 joined, 23 connections remaining
(vm26:r0) Starting new connection thread
(vm26:r0) Maximum number of connections reached (5), waiting for a thread to finish
(vm26:r0:0) Connection established
(vm26:r0:0) Connection finished, received 1073741825 bytes
(vm26:r0) thread 0 joined, 22 connections remaining
(vm26:r0) Starting new connection thread
(vm26:r0) Maximum number of connections reached (5), waiting for a thread to finish
(vm26:r0:0) Connection established
(vm26:r0:0) Connection finished, received 1073741825 bytes
(vm26:r0) thread 0 joined, 21 connections remaining
(vm26:r0) Starting new connection thread
(vm26:r0) Maximum number of connections reached (5), waiting for a thread to finish
(vm26:r0:0) Connection established
(vm26:r0:0) Connection finished, received 1073741825 bytes
(vm26:r0) thread 0 joined, 20 connections remaining
(vm26:r0) Starting new connection thread
(vm26:r0) Maximum number of connections reached (5), waiting for a thread to finish
(vm26:r0:0) Connection established
(vm26:r0:0) Connection finished, received 1073741825 bytes
(vm26:r0) thread 0 joined, 19 connections remaining
(vm26:r0) Starting new connection thread
(vm26:r0) Maximum number of connections reached (5), waiting for a thread to finish
(vm26:r0:0) Connection established
(vm26:r0:0) Connection finished, received 1073741825 bytes
(vm26:r0) thread 0 joined, 18 connections remaining
(vm26:r0) Starting new connection thread
(vm26:r0) Maximum number of connections reached (5), waiting for a thread to finish
(vm26:r0:0) Connection established
(vm26:r0:0) Connection finished, received 1073741825 bytes
(vm26:r0) thread 0 joined, 17 connections remaining
(vm26:r0) Starting new connection thread
(vm26:r0) Maximum number of connections reached (5), waiting for a thread to finish
(vm26:r0:0) Connection established
(vm26:r0:0) Connection finished, received 1073741825 bytes
(vm26:r0) thread 0 joined, 16 connections remaining
(vm26:r0) Starting new connection thread
(vm26:r0) Maximum number of connections reached (5), waiting for a thread to finish
(vm26:r0:0) Connection established
(vm26:m0) Got connection from reducer vm1:r0
(vm26:m0:0) thread started, have to send 1073741824 bytes
(vm26:r0:0) Connection finished, received 1073741825 bytes
(vm26:r0) thread 0 joined, 15 connections remaining
(vm26:r0) Starting new connection thread
(vm26:r0) Maximum number of connections reached (5), waiting for a thread to finish
(vm26:r0:0) Connection established
(vm26:m0:0) all data sent, thread exiting
(vm26:r0:0) Connection finished, received 1073741825 bytes
(vm26:r0) thread 0 joined, 14 connections remaining
(vm26:r0) Starting new connection thread
(vm26:r0) Maximum number of connections reached (5), waiting for a thread to finish
(vm26:r0:0) Connection established
(vm26:r0:0) Connection finished, received 1073741825 bytes
(vm26:r0) thread 0 joined, 13 connections remaining
(vm26:r0) Starting new connection thread
(vm26:r0) Maximum number of connections reached (5), waiting for a thread to finish
(vm26:r0:0) Connection established
(vm26:r0:0) Connection finished, received 1073741825 bytes
(vm26:r0) thread 0 joined, 12 connections remaining
(vm26:r0) Starting new connection thread
(vm26:r0) Maximum number of connections reached (5), waiting for a thread to finish
(vm26:r0:0) Connection established
(vm26:r0:0) Connection finished, received 1073741825 bytes
(vm26:r0) thread 0 joined, 11 connections remaining
(vm26:r0) Starting new connection thread
(vm26:r0) Maximum number of connections reached (5), waiting for a thread to finish
(vm26:r0:0) Connection established
(vm26:m0) Got connection from reducer vm26:r0
(vm26:m0:25) thread started, have to send 1073741824 bytes
(vm26:m0:25) all data sent, thread exiting
(vm26:r0:0) Connection finished, received 1073741825 bytes
(vm26:r0) thread 0 joined, 10 connections remaining
(vm26:r0) Starting new connection thread
(vm26:r0) Maximum number of connections reached (5), waiting for a thread to finish
(vm26:r0:0) Connection established
(vm26:m0) Got connection from reducer vm12:r0
(vm26:m0:11) thread started, have to send 1073741824 bytes
(vm26:m0) Got connection from reducer vm6:r0
(vm26:m0:5) thread started, have to send 1073741824 bytes
(vm26:m0:11) all data sent, thread exiting
(vm26:r0:0) Connection finished, received 1073741825 bytes
(vm26:r0) thread 0 joined, 9 connections remaining
(vm26:r0) Starting new connection thread
(vm26:r0) Maximum number of connections reached (5), waiting for a thread to finish
(vm26:r0:0) Connection established
(vm26:m0:5) all data sent, thread exiting
(vm26:r0:0) Connection finished, received 1073741825 bytes
(vm26:r0) thread 0 joined, 8 connections remaining
(vm26:r0) Starting new connection thread
(vm26:r0) Maximum number of connections reached (5), waiting for a thread to finish
(vm26:r0:0) Connection established
(vm26:m0) Got connection from reducer vm29:r0
(vm26:m0:28) thread started, have to send 1073741824 bytes
(vm26:r0:0) Connection finished, received 1073741825 bytes
(vm26:r0) thread 0 joined, 7 connections remaining
(vm26:r0) Starting new connection thread
(vm26:r0) Maximum number of connections reached (5), waiting for a thread to finish
(vm26:r0:0) Connection established
(vm26:m0:28) all data sent, thread exiting
(vm26:m0) Got connection from reducer vm11:r0
(vm26:m0:10) thread started, have to send 1073741824 bytes
(vm26:r0:0) Connection finished, received 1073741825 bytes
(vm26:r0) thread 0 joined, 6 connections remaining
(vm26:r0) Starting new connection thread
(vm26:r0) Maximum number of connections reached (5), waiting for a thread to finish
(vm26:r0:0) Connection established
(vm26:r0:0) Connection finished, received 1073741825 bytes
(vm26:r0) thread 0 joined, 5 connections remaining
(vm26:r0) Starting new connection thread
(vm26:r0) Maximum number of connections reached (5), waiting for a thread to finish
(vm26:r0:0) Connection established
(vm26:m0:10) all data sent, thread exiting
(vm26:r0:0) Connection finished, received 1073741825 bytes
(vm26:r0) thread 0 joined, 4 connections remaining
(vm26:r0) Maximum number of connections reached (4), waiting for a thread to finish
(vm26:r0) thread 1 joined, 3 connections remaining
(vm26:r0) Maximum number of connections reached (3), waiting for a thread to finish
(vm26:r0) thread 2 joined, 2 connections remaining
(vm26:r0) Maximum number of connections reached (2), waiting for a thread to finish
(vm26:r0) thread 3 joined, 1 connections remaining
(vm26:r0) Maximum number of connections reached (1), waiting for a thread to finish
(vm26:r0) thread 4 joined, 0 connections remaining
(vm26:r0) all done, exiting
(vm26:m0) Got connection from reducer vm21:r0
(vm26:m0:20) thread started, have to send 1073741824 bytes
(vm26:m0) Got connection from reducer vm15:r0
(vm26:m0:14) thread started, have to send 1073741824 bytes
(vm26:m0:20) all data sent, thread exiting
(vm26:m0:14) all data sent, thread exiting
(vm26:m0) Got connection from reducer vm27:r0
(vm26:m0:26) thread started, have to send 1073741824 bytes
(vm26:m0) Got connection from reducer vm7:r0
(vm26:m0:6) thread started, have to send 1073741824 bytes
(vm26:m0:26) all data sent, thread exiting
(vm26:m0) Got connection from reducer vm28:r0
(vm26:m0:27) thread started, have to send 1073741824 bytes
(vm26:m0:6) all data sent, thread exiting
(vm26:m0:27) all data sent, thread exiting
(vm26:m0) Got connection from reducer vm13:r0
(vm26:m0:12) thread started, have to send 1073741824 bytes
(vm26:m0) Got connection from reducer vm8:r0
(vm26:m0:7) thread started, have to send 1073741824 bytes
(vm26:m0) Got connection from reducer vm4:r0
(vm26:m0:3) thread started, have to send 1073741824 bytes
(vm26:m0:12) all data sent, thread exiting
(vm26:m0:7) all data sent, thread exiting
(vm26:m0:3) all data sent, thread exiting
(vm26:m0) Got connection from reducer vm14:r0
(vm26:m0:13) thread started, have to send 1073741824 bytes
(vm26:m0:13) all data sent, thread exiting
(vm26:m0) Got connection from reducer vm18:r0
(vm26:m0:17) thread started, have to send 1073741824 bytes
(vm26:m0:17) all data sent, thread exiting
(vm26:m0) Got connection from reducer vm9:r0
(vm26:m0:8) thread started, have to send 1073741824 bytes
(vm26:m0:8) all data sent, thread exiting
(vm26:m0) Got connection from reducer vm32:r0
(vm26:m0:31) thread started, have to send 1073741824 bytes
(vm26:m0) Got connection from reducer vm31:r0
(vm26:m0:30) thread started, have to send 1073741824 bytes
(vm26:m0:31) all data sent, thread exiting
(vm26:m0) Got connection from reducer vm20:r0
(vm26:m0:19) thread started, have to send 1073741824 bytes
(vm26:m0:30) all data sent, thread exiting
(vm26:m0) Got connection from reducer vm22:r0
(vm26:m0:21) thread started, have to send 1073741824 bytes
(vm26:m0) Got connection from reducer vm25:r0
(vm26:m0:24) thread started, have to send 1073741824 bytes
(vm26:m0) Got connection from reducer vm3:r0
(vm26:m0:2) thread started, have to send 1073741824 bytes
(vm26:m0:21) all data sent, thread exiting
(vm26:m0:19) all data sent, thread exiting
(vm26:m0:24) all data sent, thread exiting
(vm26:m0) Got connection from reducer vm10:r0
(vm26:m0:9) thread started, have to send 1073741824 bytes
(vm26:m0:2) all data sent, thread exiting
(vm26:m0:9) all data sent, thread exiting
(vm26:m0) Got connection from reducer vm5:r0
(vm26:m0:4) thread started, have to send 1073741824 bytes
(vm26:m0) Got connection from reducer vm2:r0
(vm26:m0:1) thread started, have to send 1073741824 bytes
(vm26:m0:4) all data sent, thread exiting
(vm26:m0:1) all data sent, thread exiting
(vm26:m0) Got connection from reducer vm30:r0
(vm26:m0:29) thread started, have to send 1073741824 bytes
(vm26:m0) Got connection from reducer vm17:r0
(vm26:m0:16) thread started, have to send 1073741824 bytes
(vm26:m0) Got connection from reducer vm16:r0
(vm26:m0:15) thread started, have to send 1073741824 bytes
(vm26:m0:16) all data sent, thread exiting
(vm26:m0:29) all data sent, thread exiting
(vm26:m0:15) all data sent, thread exiting
(vm26:m0) Got connection from reducer vm19:r0
(vm26:m0:18) thread started, have to send 1073741824 bytes
(vm26:m0:18) all data sent, thread exiting
(vm26:m0) Got connection from reducer vm24:r0
(vm26:m0:23) thread started, have to send 1073741824 bytes
(vm26:m0) Got connection from reducer vm23:r0
(vm26:m0) Waiting for a thread to finish
(vm26:m0) thread 0 joined, 31 connections remaining
(vm26:m0) Waiting for a thread to finish
(vm26:m0) thread 1 joined, 30 connections remaining
(vm26:m0) Waiting for a thread to finish
(vm26:m0) thread 2 joined, 29 connections remaining
(vm26:m0) Waiting for a thread to finish
(vm26:m0) thread 3 joined, 28 connections remaining
(vm26:m0) Waiting for a thread to finish
(vm26:m0) thread 4 joined, 27 connections remaining
(vm26:m0) Waiting for a thread to finish
(vm26:m0) thread 5 joined, 26 connections remaining
(vm26:m0) Waiting for a thread to finish
(vm26:m0) thread 6 joined, 25 connections remaining
(vm26:m0) Waiting for a thread to finish
(vm26:m0) thread 7 joined, 24 connections remaining
(vm26:m0) Waiting for a thread to finish
(vm26:m0) thread 8 joined, 23 connections remaining
(vm26:m0) Waiting for a thread to finish
(vm26:m0) thread 9 joined, 22 connections remaining
(vm26:m0) Waiting for a thread to finish
(vm26:m0) thread 10 joined, 21 connections remaining
(vm26:m0) Waiting for a thread to finish
(vm26:m0) thread 11 joined, 20 connections remaining
(vm26:m0) Waiting for a thread to finish
(vm26:m0) thread 12 joined, 19 connections remaining
(vm26:m0) Waiting for a thread to finish
(vm26:m0) thread 13 joined, 18 connections remaining
(vm26:m0) Waiting for a thread to finish
(vm26:m0) thread 14 joined, 17 connections remaining
(vm26:m0) Waiting for a thread to finish
(vm26:m0) thread 15 joined, 16 connections remaining
(vm26:m0) Waiting for a thread to finish
(vm26:m0) thread 16 joined, 15 connections remaining
(vm26:m0) Waiting for a thread to finish
(vm26:m0) thread 17 joined, 14 connections remaining
(vm26:m0) Waiting for a thread to finish
(vm26:m0) thread 18 joined, 13 connections remaining
(vm26:m0) Waiting for a thread to finish
(vm26:m0) thread 19 joined, 12 connections remaining
(vm26:m0) Waiting for a thread to finish
(vm26:m0) thread 20 joined, 11 connections remaining
(vm26:m0) Waiting for a thread to finish
(vm26:m0) thread 21 joined, 10 connections remaining
(vm26:m0) Waiting for a thread to finish
(vm26:m0:22) thread started, have to send 1073741824 bytes
(vm26:m0:23) all data sent, thread exiting
(vm26:m0:22) all data sent, thread exiting
(vm26:m0) thread 22 joined, 9 connections remaining
(vm26:m0) Waiting for a thread to finish
(vm26:m0) thread 23 joined, 8 connections remaining
(vm26:m0) Waiting for a thread to finish
(vm26:m0) thread 24 joined, 7 connections remaining
(vm26:m0) Waiting for a thread to finish
(vm26:m0) thread 25 joined, 6 connections remaining
(vm26:m0) Waiting for a thread to finish
(vm26:m0) thread 26 joined, 5 connections remaining
(vm26:m0) Waiting for a thread to finish
(vm26:m0) thread 27 joined, 4 connections remaining
(vm26:m0) Waiting for a thread to finish
(vm26:m0) thread 28 joined, 3 connections remaining
(vm26:m0) Waiting for a thread to finish
(vm26:m0) thread 29 joined, 2 connections remaining
(vm26:m0) Waiting for a thread to finish
(vm26:m0) thread 30 joined, 1 connections remaining
(vm26:m0) Waiting for a thread to finish
(vm26:m0) thread 31 joined, 0 connections remaining
(vm26:m0) all done, exiting
*RES* start node vm26:m0
*RES* vm26:m0:0,1405426282083,7408,2399,1073741825
*RES* vm26:m0:1,1405426436810,1971,887,1073741825
*RES* vm26:m0:2,1405426429366,2922,981,1073741825
*RES* vm26:m0:3,1405426395660,3859,996,1073741825
*RES* vm26:m0:4,1405426435020,1814,927,1073741825
*RES* vm26:m0:5,1405426320290,8053,2120,1073741825
*RES* vm26:m0:6,1405426383080,4923,1079,1073741825
*RES* vm26:m0:7,1405426392928,4084,1287,1073741825
*RES* vm26:m0:8,1405426415835,2866,909,1073741825
*RES* vm26:m0:9,1405426431886,2245,923,1073741825
*RES* vm26:m0:10,1405426347871,8157,1628,1073741825
*RES* vm26:m0:11,1405426319659,7206,1540,1073741825
*RES* vm26:m0:12,1405426392268,3969,1224,1073741825
*RES* vm26:m0:13,1405426399751,3248,981,1073741825
*RES* vm26:m0:14,1405426368012,4823,969,1073741825
*RES* vm26:m0:15,1405426440185,2525,982,1073741825
*RES* vm26:m0:16,1405426439196,2641,1015,1073741825
*RES* vm26:m0:17,1405426405458,4482,1058,1073741825
*RES* vm26:m0:18,1405426445820,1741,866,1073741825
*RES* vm26:m0:19,1405426425933,4662,841,1073741825
*RES* vm26:m0:20,1405426365955,5634,940,1073741825
*RES* vm26:m0:21,1405426427239,3213,857,1073741825
*RES* vm26:m0:22,1405426451251,1984,613,1073741825
*RES* vm26:m0:23,1405426450630,1598,635,1073741825
*RES* vm26:m0:24,1405426428681,3112,952,1073741825
*RES* vm26:m0:25,1405426317767,1500,217,1073741825
*RES* vm26:m0:26,1405426379288,3892,906,1073741825
*RES* vm26:m0:27,1405426386298,5763,959,1073741825
*RES* vm26:m0:28,1405426338832,7353,2022,1073741825
*RES* vm26:m0:29,1405426439165,3012,941,1073741825
*RES* vm26:m0:30,1405426423384,2673,1001,1073741825
*RES* vm26:m0:31,1405426421082,3764,876,1073741825
*RES* end node vm26:m0
Node vm26:m0 joined
*RES* start node vm26:r0
*RES* vm26:r0:0,1405426114085,31954,999,1073741825
*RES* vm26:r0:0,1405426146045,36990,1182,1073741825
*RES* vm26:r0:0,1405426183039,4892,1723,1073741825
*RES* vm26:r0:0,1405426187935,4520,1921,1073741825
*RES* vm26:r0:0,1405426192463,4780,1825,1073741825
*RES* vm26:r0:0,1405426197247,4965,1770,1073741825
*RES* vm26:r0:0,1405426202219,6884,1947,1073741825
*RES* vm26:r0:0,1405426209107,7447,1692,1073741825
*RES* vm26:r0:0,1405426216563,7339,2039,1073741825
*RES* vm26:r0:0,1405426223907,7078,1953,1073741825
*RES* vm26:r0:0,1405426230991,10079,1863,1073741825
*RES* vm26:r0:0,1405426241075,6900,2173,1073741825
*RES* vm26:r0:0,1405426247979,5977,1687,1073741825
*RES* vm26:r0:0,1405426253963,7537,1990,1073741825
*RES* vm26:r0:0,1405426261507,6850,1985,1073741825
*RES* vm26:r0:0,1405426268363,7546,2284,1073741825
*RES* vm26:r0:0,1405426275915,8055,1764,1073741825
*RES* vm26:r0:0,1405426283983,6947,1964,1073741825
*RES* vm26:r0:0,1405426290939,9402,2221,1073741825
*RES* vm26:r0:0,1405426300347,8093,1854,1073741825
*RES* vm26:r0:0,1405426308447,9310,2055,1073741825
*RES* vm26:r0:0,1405426317763,1511,632,1073741825
*RES* vm26:r0:0,1405426319279,8663,2158,1073741825
*RES* vm26:r0:0,1405426327948,7614,2112,1073741825
*RES* vm26:r0:0,1405426335572,6991,2130,1073741825
*RES* vm26:r0:0,1405426342573,6232,2056,1073741825
*RES* vm26:r0:0,1405426348815,5956,1997,1073741825
*RES* vm26:r0:0,1405426354779,5797,1931,1073741825
*RES* vm26:r0:1,1405426114085,29581,970,1073741825
*RES* vm26:r0:2,1405426114085,33116,968,1073741825
*RES* vm26:r0:3,1405426114085,31231,976,1073741825
*RES* vm26:r0:4,1405426114085,32107,985,1073741825
*RES* end node vm26:r0
Node vm26:r0 joined
Worker terminating correctly
