OSMeF worker starting
Enabling core dumping
Listening for command connection
(vm23:m0) New mapper on port 23330
(vm23:m0) -> reducer data size 1626496490
(vm23:m0) -> reducer data size 1626496490
(vm23:m0) -> reducer data size 1626496490
(vm23:m0) -> reducer data size 1626496490
(vm23:m0) -> reducer data size 1626496490
(vm23:m0) -> reducer data size 1626496490
(vm23:m0) -> reducer data size 1626496490
(vm23:m0) -> reducer data size 1626496490
(vm23:m0) -> reducer data size 1626496490
(vm23:m0) -> reducer data size 1626496490
(vm23:m0) -> reducer data size 1626496490
(vm23:m0) -> reducer data size 1626496490
(vm23:m0) -> reducer data size 1626496490
(vm23:m0) -> reducer data size 1626496490
(vm23:m0) -> reducer data size 1626496490
(vm23:m0) -> reducer data size 1626496490
(vm23:m0) -> reducer data size 1626496490
(vm23:m0) -> reducer data size 1626496490
(vm23:m0) -> reducer data size 1626496490
(vm23:m0) -> reducer data size 1626496490
(vm23:m0) -> reducer data size 1626496490
(vm23:m0) -> reducer data size 1626496490
(vm23:m0) -> reducer data size 1626496490
(vm23:m0) -> reducer data size 1626496490
(vm23:m0) -> reducer data size 1626496490
(vm23:m0) -> reducer data size 1626496490
(vm23:m0) Mapper thread started
(vm23:m0) Allocating data for reducer vm1:r0
(vm23:m0) Allocating data for reducer vm2:r0
(vm23:m0) Allocating data for reducer vm3:r0
(vm23:m0) Allocating data for reducer vm4:r0
(vm23:m0) Allocating data for reducer vm5:r0
(vm23:m0) Allocating data for reducer vm6:r0
(vm23:m0) Allocating data for reducer vm7:r0
(vm23:m0) Allocating data for reducer vm8:r0
(vm23:m0) Allocating data for reducer vm9:r0
(vm23:m0) Allocating data for reducer vm10:r0
(vm23:m0) Allocating data for reducer vm11:r0
(vm23:m0) Allocating data for reducer vm12:r0
(vm23:m0) Allocating data for reducer vm13:r0
(vm23:m0) Allocating data for reducer vm14:r0
(vm23:m0) Allocating data for reducer vm15:r0
(vm23:m0) Allocating data for reducer vm16:r0
(vm23:m0) Allocating data for reducer vm17:r0
(vm23:m0) Allocating data for reducer vm18:r0
(vm23:m0) Allocating data for reducer vm19:r0
(vm23:m0) Allocating data for reducer vm20:r0
(vm23:m0) Allocating data for reducer vm21:r0
(vm23:m0) Allocating data for reducer vm22:r0
(vm23:m0) Allocating data for reducer vm23:r0
(vm23:m0) Allocating data for reducer vm24:r0
(vm23:m0) Allocating data for reducer vm25:r0
(vm23:m0) Allocating data for reducer vm26:r0
(vm23:m0) Binding to port 23330
(vm23:r0) New reducer
(vm23:r0) Reducer thread started
(vm23:r0) waiting for START message
(vm23:r0) got START message
(vm23:r0) Starting new connection thread
(vm23:r0) Starting new connection thread
(vm23:r0) Starting new connection thread
(vm23:r0) Starting new connection thread
(vm23:r0) Starting new connection thread
(vm23:r0) Maximum number of connections reached (5), waiting for a thread to finish
(vm23:r0:2) Connection established
(vm23:r0:1) Connection established
(vm23:r0:3) Connection established
(vm23:r0:0) Connection established
(vm23:r0:4) Connection established
(vm23:r0:1) Connection finished, received 1626496491 bytes
(vm23:r0:4) Connection finished, received 1626496491 bytes
(vm23:r0:2) Connection finished, received 1626496491 bytes
(vm23:r0:3) Connection finished, received 1626496491 bytes
(vm23:r0:0) Connection finished, received 1626496491 bytes
(vm23:r0) thread 0 joined, 25 connections remaining
(vm23:r0) Starting new connection thread
(vm23:r0) Maximum number of connections reached (5), waiting for a thread to finish
(vm23:r0:0) Connection established
(vm23:r0:0) Connection finished, received 1626496491 bytes
(vm23:r0) thread 0 joined, 24 connections remaining
(vm23:r0) Starting new connection thread
(vm23:r0) Maximum number of connections reached (5), waiting for a thread to finish
(vm23:r0:0) Connection established
(vm23:r0:0) Connection finished, received 1626496491 bytes
(vm23:r0) thread 0 joined, 23 connections remaining
(vm23:r0) Starting new connection thread
(vm23:r0) Maximum number of connections reached (5), waiting for a thread to finish
(vm23:r0:0) Connection established
(vm23:m0) Got connection from reducer vm1:r0
(vm23:m0:0) thread started, have to send 1626496490 bytes
(vm23:m0:0) all data sent, thread exiting
(vm23:r0:0) Connection finished, received 1626496491 bytes
(vm23:r0) thread 0 joined, 22 connections remaining
(vm23:r0) Starting new connection thread
(vm23:r0) Maximum number of connections reached (5), waiting for a thread to finish
(vm23:r0:0) Connection established
(vm23:m0) Got connection from reducer vm16:r0
(vm23:m0:15) thread started, have to send 1626496490 bytes
(vm23:m0:15) all data sent, thread exiting
(vm23:m0) Got connection from reducer vm21:r0
(vm23:m0:20) thread started, have to send 1626496490 bytes
(vm23:m0) Got connection from reducer vm15:r0
(vm23:m0:14) thread started, have to send 1626496490 bytes
(vm23:m0:20) all data sent, thread exiting
(vm23:m0) Got connection from reducer vm25:r0
(vm23:m0:24) thread started, have to send 1626496490 bytes
(vm23:m0:14) all data sent, thread exiting
(vm23:m0:24) all data sent, thread exiting
(vm23:r0:0) Connection finished, received 1626496491 bytes
(vm23:r0) thread 0 joined, 21 connections remaining
(vm23:r0) Starting new connection thread
(vm23:r0) Maximum number of connections reached (5), waiting for a thread to finish
(vm23:r0:0) Connection established
(vm23:m0) Got connection from reducer vm14:r0
(vm23:m0:13) thread started, have to send 1626496490 bytes
(vm23:m0:13) all data sent, thread exiting
(vm23:m0) Got connection from reducer vm6:r0
(vm23:m0:5) thread started, have to send 1626496490 bytes
(vm23:m0:5) all data sent, thread exiting
(vm23:r0:0) Connection finished, received 1626496491 bytes
(vm23:r0) thread 0 joined, 20 connections remaining
(vm23:r0) Starting new connection thread
(vm23:r0) Maximum number of connections reached (5), waiting for a thread to finish
(vm23:r0:0) Connection established
(vm23:m0) Got connection from reducer vm7:r0
(vm23:m0:6) thread started, have to send 1626496490 bytes
(vm23:m0:6) all data sent, thread exiting
(vm23:m0) Got connection from reducer vm13:r0
(vm23:m0:12) thread started, have to send 1626496490 bytes
(vm23:r0:0) Connection finished, received 1626496491 bytes
(vm23:r0) thread 0 joined, 19 connections remaining
(vm23:r0) Starting new connection thread
(vm23:r0) Maximum number of connections reached (5), waiting for a thread to finish
(vm23:r0:0) Connection established
(vm23:m0:12) all data sent, thread exiting
(vm23:m0) Got connection from reducer vm8:r0
(vm23:m0:7) thread started, have to send 1626496490 bytes
(vm23:m0) Got connection from reducer vm17:r0
(vm23:m0:16) thread started, have to send 1626496490 bytes
(vm23:m0:7) all data sent, thread exiting
(vm23:m0:16) all data sent, thread exiting
(vm23:r0:0) Connection finished, received 1626496491 bytes
(vm23:r0) thread 0 joined, 18 connections remaining
(vm23:r0) Starting new connection thread
(vm23:r0) Maximum number of connections reached (5), waiting for a thread to finish
(vm23:r0:0) Connection established
(vm23:m0) Got connection from reducer vm11:r0
(vm23:m0:10) thread started, have to send 1626496490 bytes
(vm23:m0:10) all data sent, thread exiting
(vm23:r0:0) Connection finished, received 1626496491 bytes
(vm23:r0) thread 0 joined, 17 connections remaining
(vm23:r0) Starting new connection thread
(vm23:r0) Maximum number of connections reached (5), waiting for a thread to finish
(vm23:r0:0) Connection established
(vm23:m0) Got connection from reducer vm19:r0
(vm23:m0:18) thread started, have to send 1626496490 bytes
(vm23:m0:18) all data sent, thread exiting
(vm23:m0) Got connection from reducer vm24:r0
(vm23:m0:23) thread started, have to send 1626496490 bytes
(vm23:m0:23) all data sent, thread exiting
(vm23:r0:0) Connection finished, received 1626496491 bytes
(vm23:r0) thread 0 joined, 16 connections remaining
(vm23:r0) Starting new connection thread
(vm23:r0) Maximum number of connections reached (5), waiting for a thread to finish
(vm23:r0:0) Connection established
(vm23:r0:0) Connection finished, received 1626496491 bytes
(vm23:r0) thread 0 joined, 15 connections remaining
(vm23:r0) Starting new connection thread
(vm23:r0) Maximum number of connections reached (5), waiting for a thread to finish
(vm23:r0:0) Connection established
(vm23:m0) Got connection from reducer vm12:r0
(vm23:m0:11) thread started, have to send 1626496490 bytes
(vm23:m0) Got connection from reducer vm10:r0
(vm23:m0:9) thread started, have to send 1626496490 bytes
(vm23:m0) Got connection from reducer vm9:r0
(vm23:m0:8) thread started, have to send 1626496490 bytes
(vm23:r0:0) Connection finished, received 1626496491 bytes
(vm23:r0) thread 0 joined, 14 connections remaining
(vm23:r0) Starting new connection thread
(vm23:r0) Maximum number of connections reached (5), waiting for a thread to finish
(vm23:r0:0) Connection established
(vm23:m0) Got connection from reducer vm26:r0
(vm23:m0:25) thread started, have to send 1626496490 bytes
(vm23:m0:11) all data sent, thread exiting
(vm23:m0:9) all data sent, thread exiting
(vm23:m0:8) all data sent, thread exiting
(vm23:m0:25) all data sent, thread exiting
(vm23:r0:0) Connection finished, received 1626496491 bytes
(vm23:r0) thread 0 joined, 13 connections remaining
(vm23:r0) Starting new connection thread
(vm23:r0) Maximum number of connections reached (5), waiting for a thread to finish
(vm23:r0:0) Connection established
(vm23:r0:0) Connection finished, received 1626496491 bytes
(vm23:r0) thread 0 joined, 12 connections remaining
(vm23:r0) Starting new connection thread
(vm23:r0) Maximum number of connections reached (5), waiting for a thread to finish
(vm23:r0:0) Connection established
(vm23:r0:0) Connection finished, received 1626496491 bytes
(vm23:r0) thread 0 joined, 11 connections remaining
(vm23:r0) Starting new connection thread
(vm23:r0) Maximum number of connections reached (5), waiting for a thread to finish
(vm23:r0:0) Connection established
(vm23:m0) Got connection from reducer vm22:r0
(vm23:m0:21) thread started, have to send 1626496490 bytes
(vm23:m0) Got connection from reducer vm18:r0
(vm23:m0:17) thread started, have to send 1626496490 bytes
(vm23:m0:21) all data sent, thread exiting
(vm23:m0:17) all data sent, thread exiting
(vm23:r0:0) Connection finished, received 1626496491 bytes
(vm23:r0) thread 0 joined, 10 connections remaining
(vm23:r0) Starting new connection thread
(vm23:r0) Maximum number of connections reached (5), waiting for a thread to finish
(vm23:r0:0) Connection established
(vm23:m0) Got connection from reducer vm20:r0
(vm23:m0:19) thread started, have to send 1626496490 bytes
(vm23:r0:0) Connection finished, received 1626496491 bytes
(vm23:r0) thread 0 joined, 9 connections remaining
(vm23:r0) Starting new connection thread
(vm23:r0) Maximum number of connections reached (5), waiting for a thread to finish
(vm23:r0:0) Connection established
(vm23:m0:19) all data sent, thread exiting
(vm23:m0) Got connection from reducer vm3:r0
(vm23:m0:2) thread started, have to send 1626496490 bytes
(vm23:r0:0) Connection finished, received 1626496491 bytes
(vm23:r0) thread 0 joined, 8 connections remaining
(vm23:r0) Starting new connection thread
(vm23:r0) Maximum number of connections reached (5), waiting for a thread to finish
(vm23:r0:0) Connection established
(vm23:m0) Got connection from reducer vm23:r0
(vm23:m0:22) thread started, have to send 1626496490 bytes
(vm23:m0) Got connection from reducer vm2:r0
(vm23:m0:1) thread started, have to send 1626496490 bytes
(vm23:m0) Got connection from reducer vm5:r0
(vm23:m0:4) thread started, have to send 1626496490 bytes
(vm23:m0) Got connection from reducer vm4:r0
(vm23:m0) Waiting for a thread to finish
(vm23:m0) thread 0 joined, 25 connections remaining
(vm23:m0) Waiting for a thread to finish
(vm23:m0:3) thread started, have to send 1626496490 bytes
(vm23:m0:22) all data sent, thread exiting
(vm23:r0:0) Connection finished, received 1626496491 bytes
(vm23:r0) thread 0 joined, 7 connections remaining
(vm23:r0) Starting new connection thread
(vm23:r0) Maximum number of connections reached (5), waiting for a thread to finish
(vm23:r0:0) Connection established
(vm23:m0:2) all data sent, thread exiting
(vm23:m0:1) all data sent, thread exiting
(vm23:m0) thread 1 joined, 24 connections remaining
(vm23:m0) Waiting for a thread to finish
(vm23:m0) thread 2 joined, 23 connections remaining
(vm23:m0) Waiting for a thread to finish
(vm23:m0:4) all data sent, thread exiting
(vm23:m0:3) all data sent, thread exiting
(vm23:m0) thread 3 joined, 22 connections remaining
(vm23:m0) Waiting for a thread to finish
(vm23:m0) thread 4 joined, 21 connections remaining
(vm23:m0) Waiting for a thread to finish
(vm23:m0) thread 5 joined, 20 connections remaining
(vm23:m0) Waiting for a thread to finish
(vm23:m0) thread 6 joined, 19 connections remaining
(vm23:m0) Waiting for a thread to finish
(vm23:m0) thread 7 joined, 18 connections remaining
(vm23:m0) Waiting for a thread to finish
(vm23:m0) thread 8 joined, 17 connections remaining
(vm23:m0) Waiting for a thread to finish
(vm23:m0) thread 9 joined, 16 connections remaining
(vm23:m0) Waiting for a thread to finish
(vm23:m0) thread 10 joined, 15 connections remaining
(vm23:m0) Waiting for a thread to finish
(vm23:m0) thread 11 joined, 14 connections remaining
(vm23:m0) Waiting for a thread to finish
(vm23:m0) thread 12 joined, 13 connections remaining
(vm23:m0) Waiting for a thread to finish
(vm23:m0) thread 13 joined, 12 connections remaining
(vm23:m0) Waiting for a thread to finish
(vm23:m0) thread 14 joined, 11 connections remaining
(vm23:m0) Waiting for a thread to finish
(vm23:m0) thread 15 joined, 10 connections remaining
(vm23:m0) Waiting for a thread to finish
(vm23:m0) thread 16 joined, 9 connections remaining
(vm23:m0) Waiting for a thread to finish
(vm23:m0) thread 17 joined, 8 connections remaining
(vm23:m0) Waiting for a thread to finish
(vm23:m0) thread 18 joined, 7 connections remaining
(vm23:m0) Waiting for a thread to finish
(vm23:m0) thread 19 joined, 6 connections remaining
(vm23:m0) Waiting for a thread to finish
(vm23:m0) thread 20 joined, 5 connections remaining
(vm23:m0) Waiting for a thread to finish
(vm23:m0) thread 21 joined, 4 connections remaining
(vm23:m0) Waiting for a thread to finish
(vm23:m0) thread 22 joined, 3 connections remaining
(vm23:m0) Waiting for a thread to finish
(vm23:m0) thread 23 joined, 2 connections remaining
(vm23:m0) Waiting for a thread to finish
(vm23:m0) thread 24 joined, 1 connections remaining
(vm23:m0) Waiting for a thread to finish
(vm23:m0) thread 25 joined, 0 connections remaining
(vm23:m0) all done, exiting
*RES* start node vm23:m0
*RES* vm23:m0:0,1404829281547,4228,1273,1626496491
*RES* vm23:m0:1,1404829478259,6715,956,1626496491
*RES* vm23:m0:2,1404829477979,6672,995,1626496491
*RES* vm23:m0:3,1404829478544,6952,1022,1626496491
*RES* vm23:m0:4,1404829478377,6749,960,1626496491
*RES* vm23:m0:5,1404829335279,3173,1249,1626496491
*RES* vm23:m0:6,1404829342037,3039,1034,1626496491
*RES* vm23:m0:7,1404829364283,3796,1238,1626496491
*RES* vm23:m0:8,1404829424776,6028,1367,1626496491
*RES* vm23:m0:9,1404829424515,5830,1303,1626496491
*RES* vm23:m0:10,1404829385390,2987,1232,1626496491
*RES* vm23:m0:11,1404829423087,4187,1221,1626496491
*RES* vm23:m0:12,1404829357166,3911,1176,1626496491
*RES* vm23:m0:13,1404829329743,3515,1221,1626496491
*RES* vm23:m0:14,1404829303914,3834,1084,1626496491
*RES* vm23:m0:15,1404829296142,4528,1134,1626496491
*RES* vm23:m0:16,1404829365849,3857,1282,1626496491
*RES* vm23:m0:17,1404829461514,2426,989,1626496491
*RES* vm23:m0:18,1404829392420,3057,1243,1626496491
*RES* vm23:m0:19,1404829469624,3280,1332,1626496491
*RES* vm23:m0:20,1404829302083,3397,1037,1626496491
*RES* vm23:m0:21,1404829458983,3014,1083,1626496491
*RES* vm23:m0:22,1404829478132,3956,227,1626496491
*RES* vm23:m0:23,1404829396503,3487,1105,1626496491
*RES* vm23:m0:24,1404829306079,4474,1046,1626496491
*RES* vm23:m0:25,1404829427187,5128,1453,1626496491
*RES* end node vm23:m0
Node vm23:m0 joined
(vm23:r0:0) Connection finished, received 1626496491 bytes
(vm23:r0) thread 0 joined, 6 connections remaining
(vm23:r0) Starting new connection thread
(vm23:r0) Maximum number of connections reached (5), waiting for a thread to finish
(vm23:r0:0) Connection established
(vm23:r0:0) Connection finished, received 1626496491 bytes
(vm23:r0) thread 0 joined, 5 connections remaining
(vm23:r0) Starting new connection thread
(vm23:r0) Maximum number of connections reached (5), waiting for a thread to finish
(vm23:r0:0) Connection established
(vm23:r0:0) Connection finished, received 1626496491 bytes
(vm23:r0) thread 0 joined, 4 connections remaining
(vm23:r0) Maximum number of connections reached (4), waiting for a thread to finish
(vm23:r0) thread 1 joined, 3 connections remaining
(vm23:r0) Maximum number of connections reached (3), waiting for a thread to finish
(vm23:r0) thread 2 joined, 2 connections remaining
(vm23:r0) Maximum number of connections reached (2), waiting for a thread to finish
(vm23:r0) thread 3 joined, 1 connections remaining
(vm23:r0) Maximum number of connections reached (1), waiting for a thread to finish
(vm23:r0) thread 4 joined, 0 connections remaining
(vm23:r0) all done, exiting
*RES* start node vm23:r0
*RES* vm23:r0:0,1404829166504,40671,1524,1626496491
*RES* vm23:r0:0,1404829207179,30611,1409,1626496491
*RES* vm23:r0:0,1404829237795,30721,1472,1626496491
*RES* vm23:r0:0,1404829268523,26919,1537,1626496491
*RES* vm23:r0:0,1404829295451,26651,1449,1626496491
*RES* vm23:r0:0,1404829322107,19593,1345,1626496491
*RES* vm23:r0:0,1404829341707,19040,1335,1626496491
*RES* vm23:r0:0,1404829360753,16641,1345,1626496491
*RES* vm23:r0:0,1404829377399,14649,1245,1626496491
*RES* vm23:r0:0,1404829392055,12876,1266,1626496491
*RES* vm23:r0:0,1404829404935,9479,1093,1626496491
*RES* vm23:r0:0,1404829414423,11088,1120,1626496491
*RES* vm23:r0:0,1404829425531,11676,1170,1626496491
*RES* vm23:r0:0,1404829437211,11240,972,1626496491
*RES* vm23:r0:0,1404829448455,8540,988,1626496491
*RES* vm23:r0:0,1404829456999,8634,1022,1626496491
*RES* vm23:r0:0,1404829465639,6064,1039,1626496491
*RES* vm23:r0:0,1404829471715,6404,964,1626496491
*RES* vm23:r0:0,1404829478131,3957,571,1626496491
*RES* vm23:r0:0,1404829482115,5348,874,1626496491
*RES* vm23:r0:0,1404829487471,1875,926,1626496491
*RES* vm23:r0:0,1404829489355,1792,879,1626496491
*RES* vm23:r0:1,1404829166504,34258,1449,1626496491
*RES* vm23:r0:2,1404829166504,37861,1477,1626496491
*RES* vm23:r0:3,1404829166504,39108,1483,1626496491
*RES* vm23:r0:4,1404829166503,37637,1491,1626496491
*RES* end node vm23:r0
Node vm23:r0 joined
Worker terminating correctly
