OSMeF worker starting
Enabling core dumping
Listening for command connection
(vm13:m0) New mapper on port 23330
(vm13:m0) -> reducer data size 47721858
(vm13:m0) -> reducer data size 47721858
(vm13:m0) -> reducer data size 47721858
(vm13:m0) -> reducer data size 47721858
(vm13:m0) -> reducer data size 47721858
(vm13:m0) -> reducer data size 47721858
(vm13:m0) -> reducer data size 47721858
(vm13:m0) -> reducer data size 47721858
(vm13:m0) -> reducer data size 47721858
(vm13:m0) -> reducer data size 47721858
(vm13:m0) -> reducer data size 47721858
(vm13:m0) -> reducer data size 47721858
(vm13:m0) -> reducer data size 47721858
(vm13:m0) -> reducer data size 47721858
(vm13:m0) -> reducer data size 47721858
(vm13:m0) Mapper thread started
(vm13:m0) Allocating data for reducer vm1:r0
(vm13:m0) Allocating data for reducer vm2:r0
(vm13:m0) Allocating data for reducer vm3:r0
(vm13:m0) Allocating data for reducer vm4:r0
(vm13:m0) Allocating data for reducer vm5:r0
(vm13:m0) Allocating data for reducer vm6:r0
(vm13:m0) Allocating data for reducer vm7:r0
(vm13:m0) Allocating data for reducer vm8:r0
(vm13:m0) Allocating data for reducer vm9:r0
(vm13:m0) Allocating data for reducer vm10:r0
(vm13:m0) Allocating data for reducer vm11:r0
(vm13:m0) Allocating data for reducer vm12:r0
(vm13:m0) Allocating data for reducer vm13:r0
(vm13:m0) Allocating data for reducer vm14:r0
(vm13:m0) Allocating data for reducer vm15:r0
(vm13:m0) Binding to port 23330
(vm13:r0) New reducer
(vm13:r0) Reducer thread started
(vm13:r0) waiting for START message
(vm13:r0) got START message
(vm13:r0) Starting new connection thread
(vm13:r0) Starting new connection thread
(vm13:r0) Starting new connection thread
(vm13:r0) Starting new connection thread
(vm13:r0) Starting new connection thread
(vm13:r0) Maximum number of connections reached (5), waiting for a thread to finish
(vm13:r0:3) Connection established
(vm13:r0:2) Connection established
(vm13:r0:1) Connection established
(vm13:r0:4) Connection established
(vm13:r0:0) Connection established
(vm13:r0:0) Connection finished, received 47721859 bytes
(vm13:r0) thread 0 joined, 14 connections remaining
(vm13:r0) Starting new connection thread
(vm13:r0) Maximum number of connections reached (5), waiting for a thread to finish
(vm13:r0:0) Connection established
(vm13:r0:2) Connection finished, received 47721859 bytes
(vm13:r0:3) Connection finished, received 47721859 bytes
(vm13:r0:1) Connection finished, received 47721859 bytes
(vm13:r0:4) Connection finished, received 47721859 bytes
(vm13:r0:0) Connection finished, received 47721859 bytes
(vm13:r0) thread 0 joined, 13 connections remaining
(vm13:r0) Starting new connection thread
(vm13:r0) Maximum number of connections reached (5), waiting for a thread to finish
(vm13:r0:0) Connection established
(vm13:m0) Got connection from reducer vm1:r0
(vm13:m0:0) thread started, have to send 47721858 bytes
(vm13:m0:0) all data sent, thread exiting
(vm13:r0:0) Connection finished, received 47721859 bytes
(vm13:r0) thread 0 joined, 12 connections remaining
(vm13:r0) Starting new connection thread
(vm13:r0) Maximum number of connections reached (5), waiting for a thread to finish
(vm13:r0:0) Connection established
(vm13:m0) Got connection from reducer vm15:r0
(vm13:m0:14) thread started, have to send 47721858 bytes
(vm13:m0) Got connection from reducer vm14:r0
(vm13:m0:13) thread started, have to send 47721858 bytes
(vm13:m0:14) all data sent, thread exiting
(vm13:m0) Got connection from reducer vm6:r0
(vm13:m0:5) thread started, have to send 47721858 bytes
(vm13:m0:13) all data sent, thread exiting
(vm13:m0:5) all data sent, thread exiting
(vm13:r0:0) Connection finished, received 47721859 bytes
(vm13:r0) thread 0 joined, 11 connections remaining
(vm13:r0) Starting new connection thread
(vm13:r0) Maximum number of connections reached (5), waiting for a thread to finish
(vm13:r0:0) Connection established
(vm13:m0) Got connection from reducer vm7:r0
(vm13:m0:6) thread started, have to send 47721858 bytes
(vm13:m0:6) all data sent, thread exiting
(vm13:r0:0) Connection finished, received 47721859 bytes
(vm13:r0) thread 0 joined, 10 connections remaining
(vm13:r0) Starting new connection thread
(vm13:r0) Maximum number of connections reached (5), waiting for a thread to finish
(vm13:r0:0) Connection established
(vm13:m0) Got connection from reducer vm8:r0
(vm13:m0:7) thread started, have to send 47721858 bytes
(vm13:m0:7) all data sent, thread exiting
(vm13:r0:0) Connection finished, received 47721859 bytes
(vm13:r0) thread 0 joined, 9 connections remaining
(vm13:r0) Starting new connection thread
(vm13:r0) Maximum number of connections reached (5), waiting for a thread to finish
(vm13:r0:0) Connection established
(vm13:m0) Got connection from reducer vm9:r0
(vm13:m0:8) thread started, have to send 47721858 bytes
(vm13:m0) Got connection from reducer vm10:r0
(vm13:m0:9) thread started, have to send 47721858 bytes
(vm13:m0) Got connection from reducer vm12:r0
(vm13:m0:11) thread started, have to send 47721858 bytes
(vm13:m0:8) all data sent, thread exiting
(vm13:m0:9) all data sent, thread exiting
(vm13:r0:0) Connection finished, received 47721859 bytes
(vm13:r0) thread 0 joined, 8 connections remaining
(vm13:r0) Starting new connection thread
(vm13:r0) Maximum number of connections reached (5), waiting for a thread to finish
(vm13:m0:11) all data sent, thread exiting
(vm13:r0:0) Connection established
(vm13:m0) Got connection from reducer vm11:r0
(vm13:m0:10) thread started, have to send 47721858 bytes
(vm13:m0:10) all data sent, thread exiting
(vm13:r0:0) Connection finished, received 47721859 bytes
(vm13:r0) thread 0 joined, 7 connections remaining
(vm13:r0) Starting new connection thread
(vm13:r0) Maximum number of connections reached (5), waiting for a thread to finish
(vm13:r0:0) Connection established
(vm13:m0) Got connection from reducer vm13:r0
(vm13:m0:12) thread started, have to send 47721858 bytes
(vm13:r0:0) Connection finished, received 47721859 bytes
(vm13:m0:12) all data sent, thread exiting
(vm13:r0) thread 0 joined, 6 connections remaining
(vm13:r0) Starting new connection thread
(vm13:r0) Maximum number of connections reached (5), waiting for a thread to finish
(vm13:r0:0) Connection established
(vm13:r0:0) Connection finished, received 47721859 bytes
(vm13:r0) thread 0 joined, 5 connections remaining
(vm13:r0) Starting new connection thread
(vm13:r0) Maximum number of connections reached (5), waiting for a thread to finish
(vm13:r0:0) Connection established
(vm13:m0) Got connection from reducer vm3:r0
(vm13:m0:2) thread started, have to send 47721858 bytes
(vm13:m0) Got connection from reducer vm2:r0
(vm13:m0) Got connection from reducer vm5:r0
(vm13:m0:1) thread started, have to send 47721858 bytes
(vm13:m0) Got connection from reducer vm4:r0
(vm13:m0) Waiting for a thread to finish
(vm13:m0) thread 0 joined, 14 connections remaining
(vm13:m0) Waiting for a thread to finish
(vm13:m0:3) thread started, have to send 47721858 bytes
(vm13:m0:4) thread started, have to send 47721858 bytes
(vm13:r0:0) Connection finished, received 47721859 bytes
(vm13:r0) thread 0 joined, 4 connections remaining
(vm13:r0) Maximum number of connections reached (4), waiting for a thread to finish
(vm13:r0) thread 1 joined, 3 connections remaining
(vm13:r0) Maximum number of connections reached (3), waiting for a thread to finish
(vm13:r0) thread 2 joined, 2 connections remaining
(vm13:r0) Maximum number of connections reached (2), waiting for a thread to finish
(vm13:r0) thread 3 joined, 1 connections remaining
(vm13:r0) Maximum number of connections reached (1), waiting for a thread to finish
(vm13:r0) thread 4 joined, 0 connections remaining
(vm13:r0) all done, exiting
(vm13:m0:2) all data sent, thread exiting
(vm13:m0:1) all data sent, thread exiting
(vm13:m0) thread 1 joined, 13 connections remaining
(vm13:m0) Waiting for a thread to finish
(vm13:m0) thread 2 joined, 12 connections remaining
(vm13:m0) Waiting for a thread to finish
(vm13:m0:3) all data sent, thread exiting
(vm13:m0:4) all data sent, thread exiting
(vm13:m0) thread 3 joined, 11 connections remaining
(vm13:m0) Waiting for a thread to finish
(vm13:m0) thread 4 joined, 10 connections remaining
(vm13:m0) Waiting for a thread to finish
(vm13:m0) thread 5 joined, 9 connections remaining
(vm13:m0) Waiting for a thread to finish
(vm13:m0) thread 6 joined, 8 connections remaining
(vm13:m0) Waiting for a thread to finish
(vm13:m0) thread 7 joined, 7 connections remaining
(vm13:m0) Waiting for a thread to finish
(vm13:m0) thread 8 joined, 6 connections remaining
(vm13:m0) Waiting for a thread to finish
(vm13:m0) thread 9 joined, 5 connections remaining
(vm13:m0) Waiting for a thread to finish
(vm13:m0) thread 10 joined, 4 connections remaining
(vm13:m0) Waiting for a thread to finish
(vm13:m0) thread 11 joined, 3 connections remaining
(vm13:m0) Waiting for a thread to finish
(vm13:m0) thread 12 joined, 2 connections remaining
(vm13:m0) Waiting for a thread to finish
(vm13:m0) thread 13 joined, 1 connections remaining
(vm13:m0) Waiting for a thread to finish
(vm13:m0) thread 14 joined, 0 connections remaining
(vm13:m0) all done, exiting
*RES* start node vm13:m0
*RES* vm13:m0:0,1403610655776,172,64,47721859
*RES* vm13:m0:1,1403610658331,184,29,47721859
*RES* vm13:m0:2,1403610658325,175,28,47721859
*RES* vm13:m0:3,1403610658343,175,31,47721859
*RES* vm13:m0:4,1403610658344,175,29,47721859
*RES* vm13:m0:5,1403610656725,107,39,47721859
*RES* vm13:m0:6,1403610657160,74,26,47721859
*RES* vm13:m0:7,1403610657528,86,37,47721859
*RES* vm13:m0:8,1403610657728,120,39,47721859
*RES* vm13:m0:9,1403610657788,155,42,47721859
*RES* vm13:m0:10,1403610658040,95,39,47721859
*RES* vm13:m0:11,1403610657835,134,41,47721859
*RES* vm13:m0:12,1403610658216,31,8,47721859
*RES* vm13:m0:13,1403610656638,141,40,47721859
*RES* vm13:m0:14,1403610656568,91,33,47721859
*RES* end node vm13:m0
Node vm13:m0 joined
*RES* start node vm13:r0
*RES* vm13:r0:0,1403610654439,568,39,47721859
*RES* vm13:r0:0,1403610655013,712,47,47721859
*RES* vm13:r0:0,1403610655732,529,54,47721859
*RES* vm13:r0:0,1403610656268,598,38,47721859
*RES* vm13:r0:0,1403610656872,485,32,47721859
*RES* vm13:r0:0,1403610657364,316,32,47721859
*RES* vm13:r0:0,1403610657684,277,36,47721859
*RES* vm13:r0:0,1403610657969,241,35,47721859
*RES* vm13:r0:0,1403610658215,31,10,47721859
*RES* vm13:r0:0,1403610658252,60,23,47721859
*RES* vm13:r0:0,1403610658316,133,20,47721859
*RES* vm13:r0:1,1403610654439,894,46,47721859
*RES* vm13:r0:2,1403610654439,600,45,47721859
*RES* vm13:r0:3,1403610654439,868,45,47721859
*RES* vm13:r0:4,1403610654439,919,48,47721859
*RES* end node vm13:r0
Node vm13:r0 joined
Worker terminating correctly
