OSMeF worker starting
Enabling core dumping
Listening for command connection
(vm7:m0) New mapper on port 23330
(vm7:m0) -> reducer data size 47721858
(vm7:m0) -> reducer data size 47721858
(vm7:m0) -> reducer data size 47721858
(vm7:m0) -> reducer data size 47721858
(vm7:m0) -> reducer data size 47721858
(vm7:m0) -> reducer data size 47721858
(vm7:m0) -> reducer data size 47721858
(vm7:m0) -> reducer data size 47721858
(vm7:m0) -> reducer data size 47721858
(vm7:m0) -> reducer data size 47721858
(vm7:m0) -> reducer data size 47721858
(vm7:m0) -> reducer data size 47721858
(vm7:m0) -> reducer data size 47721858
(vm7:m0) -> reducer data size 47721858
(vm7:m0) -> reducer data size 47721858
(vm7:m0) Mapper thread started
(vm7:m0) Allocating data for reducer vm1:r0
(vm7:m0) Allocating data for reducer vm2:r0
(vm7:m0) Allocating data for reducer vm3:r0
(vm7:m0) Allocating data for reducer vm4:r0
(vm7:m0) Allocating data for reducer vm5:r0
(vm7:m0) Allocating data for reducer vm6:r0
(vm7:m0) Allocating data for reducer vm7:r0
(vm7:m0) Allocating data for reducer vm8:r0
(vm7:m0) Allocating data for reducer vm9:r0
(vm7:m0) Allocating data for reducer vm10:r0
(vm7:m0) Allocating data for reducer vm11:r0
(vm7:m0) Allocating data for reducer vm12:r0
(vm7:m0) Allocating data for reducer vm13:r0
(vm7:m0) Allocating data for reducer vm14:r0
(vm7:m0) Allocating data for reducer vm15:r0
(vm7:m0) Binding to port 23330
(vm7:r0) New reducer
(vm7:r0) Reducer thread started
(vm7:r0) waiting for START message
(vm7:r0) got START message
(vm7:r0) Starting new connection thread
(vm7:r0) Starting new connection thread
(vm7:r0) Starting new connection thread
(vm7:r0) Starting new connection thread
(vm7:r0) Starting new connection thread
(vm7:r0) Maximum number of connections reached (5), waiting for a thread to finish
(vm7:r0:4) Connection established
(vm7:r0:3) Connection established
(vm7:r0:2) Connection established
(vm7:r0:1) Connection established
(vm7:r0:0) Connection established
(vm7:m0) Got connection from reducer vm1:r0
(vm7:m0:0) thread started, have to send 47721858 bytes
(vm7:r0:0) Connection finished, received 47721859 bytes
(vm7:r0) thread 0 joined, 14 connections remaining
(vm7:r0) Starting new connection thread
(vm7:r0) Maximum number of connections reached (5), waiting for a thread to finish
(vm7:r0:0) Connection established
(vm7:r0:2) Connection finished, received 47721859 bytes
(vm7:m0:0) all data sent, thread exiting
(vm7:r0:3) Connection finished, received 47721859 bytes
(vm7:r0:4) Connection finished, received 47721859 bytes
(vm7:r0:1) Connection finished, received 47721859 bytes
(vm7:m0) Got connection from reducer vm6:r0
(vm7:m0:5) thread started, have to send 47721858 bytes
(vm7:m0) Got connection from reducer vm15:r0
(vm7:m0:14) thread started, have to send 47721858 bytes
(vm7:m0) Got connection from reducer vm14:r0
(vm7:m0:13) thread started, have to send 47721858 bytes
(vm7:m0) Got connection from reducer vm10:r0
(vm7:m0:9) thread started, have to send 47721858 bytes
(vm7:m0) Got connection from reducer vm9:r0
(vm7:m0) Got connection from reducer vm11:r0
(vm7:m0:8) thread started, have to send 47721858 bytes
(vm7:r0:0) Connection finished, received 47721859 bytes
(vm7:r0) thread 0 joined, 13 connections remaining
(vm7:r0) Starting new connection thread
(vm7:r0) Maximum number of connections reached (5), waiting for a thread to finish
(vm7:m0) Got connection from reducer vm12:r0
(vm7:m0) Got connection from reducer vm8:r0
(vm7:m0:10) thread started, have to send 47721858 bytes
(vm7:m0:7) thread started, have to send 47721858 bytes
(vm7:m0:11) thread started, have to send 47721858 bytes
(vm7:m0) Got connection from reducer vm13:r0
(vm7:r0:0) Connection established
(vm7:m0) Got connection from reducer vm7:r0
(vm7:m0:12) thread started, have to send 47721858 bytes
(vm7:m0:6) thread started, have to send 47721858 bytes
(vm7:m0) Got connection from reducer vm3:r0
(vm7:m0:2) thread started, have to send 47721858 bytes
(vm7:m0) Got connection from reducer vm4:r0
(vm7:m0:3) thread started, have to send 47721858 bytes
(vm7:m0) Got connection from reducer vm5:r0
(vm7:m0) Got connection from reducer vm2:r0
(vm7:m0) Waiting for a thread to finish
(vm7:m0) thread 0 joined, 14 connections remaining
(vm7:m0) Waiting for a thread to finish
(vm7:m0:1) thread started, have to send 47721858 bytes
(vm7:m0:4) thread started, have to send 47721858 bytes
(vm7:m0:14) all data sent, thread exiting
(vm7:r0:0) Connection finished, received 47721859 bytes
(vm7:m0:6) all data sent, thread exiting
(vm7:m0:13) all data sent, thread exiting
(vm7:r0) thread 0 joined, 12 connections remaining
(vm7:r0) Starting new connection thread
(vm7:r0) Maximum number of connections reached (5), waiting for a thread to finish
(vm7:r0:0) Connection established
(vm7:m0:5) all data sent, thread exiting
(vm7:m0:9) all data sent, thread exiting
(vm7:m0:7) all data sent, thread exiting
(vm7:m0:11) all data sent, thread exiting
(vm7:m0:12) all data sent, thread exiting
(vm7:m0:10) all data sent, thread exiting
(vm7:m0:8) all data sent, thread exiting
(vm7:m0:2) all data sent, thread exiting
(vm7:m0:4) all data sent, thread exiting
(vm7:m0:3) all data sent, thread exiting
(vm7:m0:1) all data sent, thread exiting
(vm7:m0) thread 1 joined, 13 connections remaining
(vm7:m0) Waiting for a thread to finish
(vm7:m0) thread 2 joined, 12 connections remaining
(vm7:m0) Waiting for a thread to finish
(vm7:m0) thread 3 joined, 11 connections remaining
(vm7:m0) Waiting for a thread to finish
(vm7:m0) thread 4 joined, 10 connections remaining
(vm7:m0) Waiting for a thread to finish
(vm7:m0) thread 5 joined, 9 connections remaining
(vm7:m0) Waiting for a thread to finish
(vm7:m0) thread 6 joined, 8 connections remaining
(vm7:m0) Waiting for a thread to finish
(vm7:m0) thread 7 joined, 7 connections remaining
(vm7:m0) Waiting for a thread to finish
(vm7:m0) thread 8 joined, 6 connections remaining
(vm7:m0) Waiting for a thread to finish
(vm7:m0) thread 9 joined, 5 connections remaining
(vm7:m0) Waiting for a thread to finish
(vm7:m0) thread 10 joined, 4 connections remaining
(vm7:m0) Waiting for a thread to finish
(vm7:m0) thread 11 joined, 3 connections remaining
(vm7:m0) Waiting for a thread to finish
(vm7:m0) thread 12 joined, 2 connections remaining
(vm7:m0) Waiting for a thread to finish
(vm7:m0) thread 13 joined, 1 connections remaining
(vm7:m0) Waiting for a thread to finish
(vm7:m0) thread 14 joined, 0 connections remaining
(vm7:m0) all done, exiting
*RES* start node vm7:m0
*RES* vm7:m0:0,1403610655048,210,29,47721859
*RES* vm7:m0:1,1403610655904,435,33,47721859
*RES* vm7:m0:2,1403610655845,479,35,47721859
*RES* vm7:m0:3,1403610655868,471,35,47721859
*RES* vm7:m0:4,1403610655904,428,32,47721859
*RES* vm7:m0:5,1403610655455,745,36,47721859
*RES* vm7:m0:6,1403610655789,294,17,47721859
*RES* vm7:m0:7,1403610655783,515,36,47721859
*RES* vm7:m0:8,1403610655775,547,38,47721859
*RES* vm7:m0:9,1403610655757,525,39,47721859
*RES* vm7:m0:10,1403610655782,530,38,47721859
*RES* vm7:m0:11,1403610655783,522,37,47721859
*RES* vm7:m0:12,1403610655788,519,36,47721859
*RES* vm7:m0:13,1403610655725,377,37,47721859
*RES* vm7:m0:14,1403610655705,294,36,47721859
*RES* end node vm7:m0
Node vm7:m0 joined
(vm7:r0:0) Connection finished, received 47721859 bytes
(vm7:r0) thread 0 joined, 11 connections remaining
(vm7:r0) Starting new connection thread
(vm7:r0) Maximum number of connections reached (5), waiting for a thread to finish
(vm7:r0:0) Connection established
(vm7:r0:0) Connection finished, received 47721859 bytes
(vm7:r0) thread 0 joined, 10 connections remaining
(vm7:r0) Starting new connection thread
(vm7:r0) Maximum number of connections reached (5), waiting for a thread to finish
(vm7:r0:0) Connection established
(vm7:r0:0) Connection finished, received 47721859 bytes
(vm7:r0) thread 0 joined, 9 connections remaining
(vm7:r0) Starting new connection thread
(vm7:r0) Maximum number of connections reached (5), waiting for a thread to finish
(vm7:r0:0) Connection established
(vm7:r0:0) Connection finished, received 47721859 bytes
(vm7:r0) thread 0 joined, 8 connections remaining
(vm7:r0) Starting new connection thread
(vm7:r0) Maximum number of connections reached (5), waiting for a thread to finish
(vm7:r0:0) Connection established
(vm7:r0:0) Connection finished, received 47721859 bytes
(vm7:r0) thread 0 joined, 7 connections remaining
(vm7:r0) Starting new connection thread
(vm7:r0) Maximum number of connections reached (5), waiting for a thread to finish
(vm7:r0:0) Connection established
(vm7:r0:0) Connection finished, received 47721859 bytes
(vm7:r0) thread 0 joined, 6 connections remaining
(vm7:r0) Starting new connection thread
(vm7:r0) Maximum number of connections reached (5), waiting for a thread to finish
(vm7:r0:0) Connection established
(vm7:r0:0) Connection finished, received 47721859 bytes
(vm7:r0) thread 0 joined, 5 connections remaining
(vm7:r0) Starting new connection thread
(vm7:r0) Maximum number of connections reached (5), waiting for a thread to finish
(vm7:r0:0) Connection established
(vm7:r0:0) Connection finished, received 47721859 bytes
(vm7:r0) thread 0 joined, 4 connections remaining
(vm7:r0) Maximum number of connections reached (4), waiting for a thread to finish
(vm7:r0) thread 1 joined, 3 connections remaining
(vm7:r0) Maximum number of connections reached (3), waiting for a thread to finish
(vm7:r0) thread 2 joined, 2 connections remaining
(vm7:r0) Maximum number of connections reached (2), waiting for a thread to finish
(vm7:r0) thread 3 joined, 1 connections remaining
(vm7:r0) Maximum number of connections reached (1), waiting for a thread to finish
(vm7:r0) thread 4 joined, 0 connections remaining
(vm7:r0) all done, exiting
*RES* start node vm7:r0
*RES* vm7:r0:0,1403610654489,578,41,47721859
*RES* vm7:r0:0,1403610655073,707,41,47721859
*RES* vm7:r0:0,1403610655788,296,18,47721859
*RES* vm7:r0:0,1403610656159,615,36,47721859
*RES* vm7:r0:0,1403610656779,108,35,47721859
*RES* vm7:r0:0,1403610656891,125,35,47721859
*RES* vm7:r0:0,1403610657023,88,27,47721859
*RES* vm7:r0:0,1403610657119,77,30,47721859
*RES* vm7:r0:0,1403610657203,81,32,47721859
*RES* vm7:r0:0,1403610657291,56,24,47721859
*RES* vm7:r0:0,1403610657351,58,25,47721859
*RES* vm7:r0:1,1403610654489,905,42,47721859
*RES* vm7:r0:2,1403610654488,591,43,47721859
*RES* vm7:r0:3,1403610654488,863,43,47721859
*RES* vm7:r0:4,1403610654488,900,43,47721859
*RES* end node vm7:r0
Node vm7:r0 joined
Worker terminating correctly
