OSMeF worker starting
Enabling core dumping
Listening for command connection
(vm7:m0) New mapper on port 23330
(vm7:m0) -> reducer data size 3804538504
(vm7:m0) -> reducer data size 3804538504
(vm7:m0) -> reducer data size 3804538504
(vm7:m0) -> reducer data size 3804538504
(vm7:m0) -> reducer data size 3804538504
(vm7:m0) -> reducer data size 3804538504
(vm7:m0) -> reducer data size 3804538504
(vm7:m0) -> reducer data size 3804538504
(vm7:m0) -> reducer data size 3804538504
(vm7:m0) -> reducer data size 3804538504
(vm7:m0) -> reducer data size 3804538504
(vm7:m0) -> reducer data size 3804538504
(vm7:m0) -> reducer data size 3804538504
(vm7:m0) -> reducer data size 3804538504
(vm7:m0) -> reducer data size 3804538504
(vm7:m0) -> reducer data size 3804538504
(vm7:m0) -> reducer data size 3804538504
(vm7:m0) Mapper thread started
(vm7:m0) Allocating data for reducer vm1:r0
(vm7:m0) Allocating data for reducer vm2:r0
(vm7:m0) Allocating data for reducer vm3:r0
(vm7:m0) Allocating data for reducer vm4:r0
(vm7:m0) Allocating data for reducer vm5:r0
(vm7:m0) Allocating data for reducer vm6:r0
(vm7:m0) Allocating data for reducer vm7:r0
(vm7:m0) Allocating data for reducer vm8:r0
(vm7:m0) Allocating data for reducer vm9:r0
(vm7:m0) Allocating data for reducer vm10:r0
(vm7:m0) Allocating data for reducer vm11:r0
(vm7:m0) Allocating data for reducer vm12:r0
(vm7:m0) Allocating data for reducer vm13:r0
(vm7:m0) Allocating data for reducer vm14:r0
(vm7:m0) Allocating data for reducer vm15:r0
(vm7:m0) Allocating data for reducer vm16:r0
(vm7:m0) Allocating data for reducer vm17:r0
(vm7:m0) Binding to port 23330
(vm7:r0) New reducer
(vm7:r0) Reducer thread started
(vm7:r0) waiting for START message
(vm7:r0) got START message
(vm7:r0) Starting new connection thread
(vm7:r0) Starting new connection thread
(vm7:r0) Starting new connection thread
(vm7:r0) Starting new connection thread
(vm7:r0) Starting new connection thread
(vm7:r0) Maximum number of connections reached (5), waiting for a thread to finish
(vm7:r0:3) Connection established
(vm7:r0:1) Connection established
(vm7:r0:2) Connection established
(vm7:r0:4) Connection established
(vm7:r0:0) Connection established
(vm7:r0:1) Connection finished, received 3804538505 bytes
(vm7:r0:0) Connection finished, received 3804538505 bytes
(vm7:r0) thread 0 joined, 16 connections remaining
(vm7:r0) Starting new connection thread
(vm7:r0) Maximum number of connections reached (5), waiting for a thread to finish
(vm7:r0:0) Connection established
(vm7:r0:2) Connection finished, received 3804538505 bytes
(vm7:r0:3) Connection finished, received 3804538505 bytes
(vm7:r0:4) Connection finished, received 3804538505 bytes
(vm7:m0) Got connection from reducer vm1:r0
(vm7:m0:0) thread started, have to send 3804538504 bytes
(vm7:m0) Got connection from reducer vm6:r0
(vm7:m0:5) thread started, have to send 3804538504 bytes
(vm7:m0:0) all data sent, thread exiting
(vm7:m0) Got connection from reducer vm10:r0
(vm7:m0:9) thread started, have to send 3804538504 bytes
(vm7:m0) Got connection from reducer vm14:r0
(vm7:m0:13) thread started, have to send 3804538504 bytes
(vm7:m0) Got connection from reducer vm17:r0
(vm7:m0:16) thread started, have to send 3804538504 bytes
(vm7:m0) Got connection from reducer vm15:r0
(vm7:m0:14) thread started, have to send 3804538504 bytes
(vm7:m0) Got connection from reducer vm11:r0
(vm7:m0:10) thread started, have to send 3804538504 bytes
(vm7:m0) Got connection from reducer vm9:r0
(vm7:m0:8) thread started, have to send 3804538504 bytes
(vm7:r0:0) Connection finished, received 3804538505 bytes
(vm7:r0) thread 0 joined, 15 connections remaining
(vm7:r0) Starting new connection thread
(vm7:r0) Maximum number of connections reached (5), waiting for a thread to finish
(vm7:r0:0) Connection established
(vm7:m0) Got connection from reducer vm7:r0
(vm7:m0:6) thread started, have to send 3804538504 bytes
(vm7:m0) Got connection from reducer vm8:r0
(vm7:m0:7) thread started, have to send 3804538504 bytes
(vm7:m0) Got connection from reducer vm16:r0
(vm7:m0:15) thread started, have to send 3804538504 bytes
(vm7:m0) Got connection from reducer vm12:r0
(vm7:m0:11) thread started, have to send 3804538504 bytes
(vm7:m0) Got connection from reducer vm13:r0
(vm7:m0:12) thread started, have to send 3804538504 bytes
(vm7:m0) Got connection from reducer vm3:r0
(vm7:m0:2) thread started, have to send 3804538504 bytes
(vm7:m0) Got connection from reducer vm5:r0
(vm7:m0:4) thread started, have to send 3804538504 bytes
(vm7:m0) Got connection from reducer vm4:r0
(vm7:m0:3) thread started, have to send 3804538504 bytes
(vm7:m0) Got connection from reducer vm2:r0
(vm7:m0) Waiting for a thread to finish
(vm7:m0) thread 0 joined, 16 connections remaining
(vm7:m0) Waiting for a thread to finish
(vm7:m0:1) thread started, have to send 3804538504 bytes
(vm7:m0:9) all data sent, thread exiting
(vm7:m0:5) all data sent, thread exiting
(vm7:m0:13) all data sent, thread exiting
(vm7:m0:6) all data sent, thread exiting
(vm7:r0:0) Connection finished, received 3804538505 bytes
(vm7:r0) thread 0 joined, 14 connections remaining
(vm7:r0) Starting new connection thread
(vm7:r0) Maximum number of connections reached (5), waiting for a thread to finish
(vm7:r0:0) Connection established
(vm7:m0:16) all data sent, thread exiting
(vm7:m0:14) all data sent, thread exiting
(vm7:m0:8) all data sent, thread exiting
(vm7:m0:10) all data sent, thread exiting
(vm7:m0:7) all data sent, thread exiting
(vm7:m0:15) all data sent, thread exiting
(vm7:m0:12) all data sent, thread exiting
(vm7:m0:11) all data sent, thread exiting
(vm7:m0:4) all data sent, thread exiting
(vm7:m0:2) all data sent, thread exiting
(vm7:m0:1) all data sent, thread exiting
(vm7:m0:3) all data sent, thread exiting
(vm7:m0) thread 1 joined, 15 connections remaining
(vm7:m0) Waiting for a thread to finish
(vm7:m0) thread 2 joined, 14 connections remaining
(vm7:m0) Waiting for a thread to finish
(vm7:m0) thread 3 joined, 13 connections remaining
(vm7:m0) Waiting for a thread to finish
(vm7:m0) thread 4 joined, 12 connections remaining
(vm7:m0) Waiting for a thread to finish
(vm7:m0) thread 5 joined, 11 connections remaining
(vm7:m0) Waiting for a thread to finish
(vm7:m0) thread 6 joined, 10 connections remaining
(vm7:m0) Waiting for a thread to finish
(vm7:m0) thread 7 joined, 9 connections remaining
(vm7:m0) Waiting for a thread to finish
(vm7:m0) thread 8 joined, 8 connections remaining
(vm7:m0) Waiting for a thread to finish
(vm7:m0) thread 9 joined, 7 connections remaining
(vm7:m0) Waiting for a thread to finish
(vm7:m0) thread 10 joined, 6 connections remaining
(vm7:m0) Waiting for a thread to finish
(vm7:m0) thread 11 joined, 5 connections remaining
(vm7:m0) Waiting for a thread to finish
(vm7:m0) thread 12 joined, 4 connections remaining
(vm7:m0) Waiting for a thread to finish
(vm7:m0) thread 13 joined, 3 connections remaining
(vm7:m0) Waiting for a thread to finish
(vm7:m0) thread 14 joined, 2 connections remaining
(vm7:m0) Waiting for a thread to finish
(vm7:m0) thread 15 joined, 1 connections remaining
(vm7:m0) Waiting for a thread to finish
(vm7:m0) thread 16 joined, 0 connections remaining
(vm7:m0) all done, exiting
*RES* start node vm7:m0
*RES* vm7:m0:0,1403751135919,5965,2380,3804538505
*RES* vm7:m0:1,1403751154583,42718,2790,3804538505
*RES* vm7:m0:2,1403751153715,43264,2779,3804538505
*RES* vm7:m0:3,1403751154556,42751,2788,3804538505
*RES* vm7:m0:4,1403751154259,42562,2715,3804538505
*RES* vm7:m0:5,1403751136473,41295,2406,3804538505
*RES* vm7:m0:6,1403751152130,34662,851,3804538505
*RES* vm7:m0:7,1403751152303,43236,2681,3804538505
*RES* vm7:m0:8,1403751151437,42891,2664,3804538505
*RES* vm7:m0:9,1403751147351,25951,2559,3804538505
*RES* vm7:m0:10,1403751151423,43285,2720,3804538505
*RES* vm7:m0:11,1403751152596,43675,2752,3804538505
*RES* vm7:m0:12,1403751152704,43339,2718,3804538505
*RES* vm7:m0:13,1403751148319,32181,2575,3804538505
*RES* vm7:m0:14,1403751151239,42457,2668,3804538505
*RES* vm7:m0:15,1403751152477,43273,2712,3804538505
*RES* vm7:m0:16,1403751150212,41491,2753,3804538505
*RES* end node vm7:m0
Node vm7:m0 joined
(vm7:r0:0) Connection finished, received 3804538505 bytes
(vm7:r0) thread 0 joined, 13 connections remaining
(vm7:r0) Starting new connection thread
(vm7:r0) Maximum number of connections reached (5), waiting for a thread to finish
(vm7:r0:0) Connection established
(vm7:r0:0) Connection finished, received 3804538505 bytes
(vm7:r0) thread 0 joined, 12 connections remaining
(vm7:r0) Starting new connection thread
(vm7:r0) Maximum number of connections reached (5), waiting for a thread to finish
(vm7:r0:0) Connection established
(vm7:r0:0) Connection finished, received 3804538505 bytes
(vm7:r0) thread 0 joined, 11 connections remaining
(vm7:r0) Starting new connection thread
(vm7:r0) Maximum number of connections reached (5), waiting for a thread to finish
(vm7:r0:0) Connection established
(vm7:r0:0) Connection finished, received 3804538505 bytes
(vm7:r0) thread 0 joined, 10 connections remaining
(vm7:r0) Starting new connection thread
(vm7:r0) Maximum number of connections reached (5), waiting for a thread to finish
(vm7:r0:0) Connection established
(vm7:r0:0) Connection finished, received 3804538505 bytes
(vm7:r0) thread 0 joined, 9 connections remaining
(vm7:r0) Starting new connection thread
(vm7:r0) Maximum number of connections reached (5), waiting for a thread to finish
(vm7:r0:0) Connection established
(vm7:r0:0) Connection finished, received 3804538505 bytes
(vm7:r0) thread 0 joined, 8 connections remaining
(vm7:r0) Starting new connection thread
(vm7:r0) Maximum number of connections reached (5), waiting for a thread to finish
(vm7:r0:0) Connection established
(vm7:r0:0) Connection finished, received 3804538505 bytes
(vm7:r0) thread 0 joined, 7 connections remaining
(vm7:r0) Starting new connection thread
(vm7:r0) Maximum number of connections reached (5), waiting for a thread to finish
(vm7:r0:0) Connection established
(vm7:r0:0) Connection finished, received 3804538505 bytes
(vm7:r0) thread 0 joined, 6 connections remaining
(vm7:r0) Starting new connection thread
(vm7:r0) Maximum number of connections reached (5), waiting for a thread to finish
(vm7:r0:0) Connection established
(vm7:r0:0) Connection finished, received 3804538505 bytes
(vm7:r0) thread 0 joined, 5 connections remaining
(vm7:r0) Starting new connection thread
(vm7:r0) Maximum number of connections reached (5), waiting for a thread to finish
(vm7:r0:0) Connection established
(vm7:r0:0) Connection finished, received 3804538505 bytes
(vm7:r0) thread 0 joined, 4 connections remaining
(vm7:r0) Maximum number of connections reached (4), waiting for a thread to finish
(vm7:r0) thread 1 joined, 3 connections remaining
(vm7:r0) Maximum number of connections reached (3), waiting for a thread to finish
(vm7:r0) thread 2 joined, 2 connections remaining
(vm7:r0) Maximum number of connections reached (2), waiting for a thread to finish
(vm7:r0) thread 3 joined, 1 connections remaining
(vm7:r0) Maximum number of connections reached (1), waiting for a thread to finish
(vm7:r0) thread 4 joined, 0 connections remaining
(vm7:r0) all done, exiting
*RES* start node vm7:r0
*RES* vm7:r0:0,1403751049224,53848,3164,3804538505
*RES* vm7:r0:0,1403751103079,49005,2651,3804538505
*RES* vm7:r0:0,1403751152120,34724,2093,3804538505
*RES* vm7:r0:0,1403751186882,35332,2810,3804538505
*RES* vm7:r0:0,1403751222219,17965,3021,3804538505
*RES* vm7:r0:0,1403751240191,8540,3028,3804538505
*RES* vm7:r0:0,1403751248739,6600,2924,3804538505
*RES* vm7:r0:0,1403751255343,7737,3024,3804538505
*RES* vm7:r0:0,1403751263087,7316,2832,3804538505
*RES* vm7:r0:0,1403751270407,5529,2685,3804538505
*RES* vm7:r0:0,1403751275943,7882,2653,3804538505
*RES* vm7:r0:0,1403751283831,7676,2762,3804538505
*RES* vm7:r0:0,1403751291515,5669,2772,3804538505
*RES* vm7:r0:1,1403751049224,49053,3088,3804538505
*RES* vm7:r0:2,1403751049224,54665,3150,3804538505
*RES* vm7:r0:3,1403751049224,57870,3159,3804538505
*RES* vm7:r0:4,1403751049224,58239,3140,3804538505
*RES* end node vm7:r0
Node vm7:r0 joined
Worker terminating correctly
