OSMeF worker starting
Enabling core dumping
Listening for command connection
(vm11:m0) New mapper on port 23330
(vm11:m0) -> reducer data size 88738993
(vm11:m0) -> reducer data size 88738993
(vm11:m0) -> reducer data size 88738993
(vm11:m0) -> reducer data size 88738993
(vm11:m0) -> reducer data size 88738993
(vm11:m0) -> reducer data size 88738993
(vm11:m0) -> reducer data size 88738993
(vm11:m0) -> reducer data size 88738993
(vm11:m0) -> reducer data size 88738993
(vm11:m0) -> reducer data size 88738993
(vm11:m0) -> reducer data size 88738993
(vm11:m0) Mapper thread started
(vm11:m0) Allocating data for reducer vm1:r0
(vm11:m0) Allocating data for reducer vm2:r0
(vm11:m0) Allocating data for reducer vm3:r0
(vm11:m0) Allocating data for reducer vm4:r0
(vm11:m0) Allocating data for reducer vm5:r0
(vm11:m0) Allocating data for reducer vm6:r0
(vm11:m0) Allocating data for reducer vm7:r0
(vm11:m0) Allocating data for reducer vm8:r0
(vm11:m0) Allocating data for reducer vm9:r0
(vm11:m0) Allocating data for reducer vm10:r0
(vm11:m0) Allocating data for reducer vm11:r0
(vm11:m0) Binding to port 23330
(vm11:r0) New reducer
(vm11:r0) Reducer thread started
(vm11:r0) waiting for START message
(vm11:r0) got START message
(vm11:r0) Starting new connection thread
(vm11:r0) Starting new connection thread
(vm11:r0) Starting new connection thread
(vm11:r0) Starting new connection thread
(vm11:r0) Starting new connection thread
(vm11:r0) Maximum number of connections reached (5), waiting for a thread to finish
(vm11:r0:4) Connection established
(vm11:r0:2) Connection established
(vm11:r0:0) Connection established
(vm11:r0:1) Connection established
(vm11:r0:3) Connection established
(vm11:r0:3) Connection finished, received 88738994 bytes
(vm11:r0:1) Connection finished, received 88738994 bytes
(vm11:r0:4) Connection finished, received 88738994 bytes
(vm11:r0:2) Connection finished, received 88738994 bytes
(vm11:r0:0) Connection finished, received 88738994 bytes
(vm11:r0) thread 0 joined, 10 connections remaining
(vm11:r0) Starting new connection thread
(vm11:r0) Maximum number of connections reached (5), waiting for a thread to finish
(vm11:r0:0) Connection established
(vm11:r0:0) Connection finished, received 88738994 bytes
(vm11:r0) thread 0 joined, 9 connections remaining
(vm11:r0) Starting new connection thread
(vm11:r0) Maximum number of connections reached (5), waiting for a thread to finish
(vm11:r0:0) Connection established
(vm11:m0) Got connection from reducer vm1:r0
(vm11:m0:0) thread started, have to send 88738993 bytes
(vm11:m0:0) all data sent, thread exiting
(vm11:r0:0) Connection finished, received 88738994 bytes
(vm11:r0) thread 0 joined, 8 connections remaining
(vm11:r0) Starting new connection thread
(vm11:r0) Maximum number of connections reached (5), waiting for a thread to finish
(vm11:r0:0) Connection established
(vm11:m0) Got connection from reducer vm6:r0
(vm11:m0:5) thread started, have to send 88738993 bytes
(vm11:m0:5) all data sent, thread exiting
(vm11:r0:0) Connection finished, received 88738994 bytes
(vm11:r0) thread 0 joined, 7 connections remaining
(vm11:r0) Starting new connection thread
(vm11:r0) Maximum number of connections reached (5), waiting for a thread to finish
(vm11:r0:0) Connection established
(vm11:m0) Got connection from reducer vm7:r0
(vm11:m0:6) thread started, have to send 88738993 bytes
(vm11:m0:6) all data sent, thread exiting
(vm11:m0) Got connection from reducer vm8:r0
(vm11:m0:7) thread started, have to send 88738993 bytes
(vm11:r0:0) Connection finished, received 88738994 bytes
(vm11:r0) thread 0 joined, 6 connections remaining
(vm11:r0) Starting new connection thread
(vm11:r0) Maximum number of connections reached (5), waiting for a thread to finish
(vm11:r0:0) Connection established
(vm11:m0:7) all data sent, thread exiting
(vm11:m0) Got connection from reducer vm10:r0
(vm11:m0:9) thread started, have to send 88738993 bytes
(vm11:m0) Got connection from reducer vm9:r0
(vm11:m0:8) thread started, have to send 88738993 bytes
(vm11:m0) Got connection from reducer vm4:r0
(vm11:m0:3) thread started, have to send 88738993 bytes
(vm11:m0:8) all data sent, thread exiting
(vm11:m0) Got connection from reducer vm3:r0
(vm11:r0:0) Connection finished, received 88738994 bytes
(vm11:r0) thread 0 joined, 5 connections remaining
(vm11:r0) Starting new connection thread
(vm11:r0) Maximum number of connections reached (5), waiting for a thread to finish
(vm11:m0) Got connection from reducer vm2:r0
(vm11:m0:2) thread started, have to send 88738993 bytes
(vm11:m0) Got connection from reducer vm5:r0
(vm11:r0:0) Connection established
(vm11:m0) Got connection from reducer vm11:r0
(vm11:m0) Waiting for a thread to finish
(vm11:m0) thread 0 joined, 10 connections remaining
(vm11:m0) Waiting for a thread to finish
(vm11:m0:9) all data sent, thread exiting
(vm11:m0:4) thread started, have to send 88738993 bytes
(vm11:m0:1) thread started, have to send 88738993 bytes
(vm11:m0:10) thread started, have to send 88738993 bytes
(vm11:m0:3) all data sent, thread exiting
(vm11:r0:0) Connection finished, received 88738994 bytes
(vm11:m0:10) all data sent, thread exiting
(vm11:r0) thread 0 joined, 4 connections remaining
(vm11:r0) Maximum number of connections reached (4), waiting for a thread to finish
(vm11:r0) thread 1 joined, 3 connections remaining
(vm11:r0) Maximum number of connections reached (3), waiting for a thread to finish
(vm11:r0) thread 2 joined, 2 connections remaining
(vm11:r0) Maximum number of connections reached (2), waiting for a thread to finish
(vm11:r0) thread 3 joined, 1 connections remaining
(vm11:r0) Maximum number of connections reached (1), waiting for a thread to finish
(vm11:r0) thread 4 joined, 0 connections remaining
(vm11:r0) all done, exiting
(vm11:m0:2) all data sent, thread exiting
(vm11:m0:1) all data sent, thread exiting
(vm11:m0:4) all data sent, thread exiting
(vm11:m0) thread 1 joined, 9 connections remaining
(vm11:m0) Waiting for a thread to finish
(vm11:m0) thread 2 joined, 8 connections remaining
(vm11:m0) Waiting for a thread to finish
(vm11:m0) thread 3 joined, 7 connections remaining
(vm11:m0) Waiting for a thread to finish
(vm11:m0) thread 4 joined, 6 connections remaining
(vm11:m0) Waiting for a thread to finish
(vm11:m0) thread 5 joined, 5 connections remaining
(vm11:m0) Waiting for a thread to finish
(vm11:m0) thread 6 joined, 4 connections remaining
(vm11:m0) Waiting for a thread to finish
(vm11:m0) thread 7 joined, 3 connections remaining
(vm11:m0) Waiting for a thread to finish
(vm11:m0) thread 8 joined, 2 connections remaining
(vm11:m0) Waiting for a thread to finish
(vm11:m0) thread 9 joined, 1 connections remaining
(vm11:m0) Waiting for a thread to finish
(vm11:m0) thread 10 joined, 0 connections remaining
(vm11:m0) all done, exiting
*RES* start node vm11:m0
*RES* vm11:m0:0,1403609024928,139,55,88738994
*RES* vm11:m0:1,1403609026948,240,41,88738994
*RES* vm11:m0:2,1403609026941,249,41,88738994
*RES* vm11:m0:3,1403609026816,208,43,88738994
*RES* vm11:m0:4,1403609026948,244,41,88738994
*RES* vm11:m0:5,1403609025457,158,67,88738994
*RES* vm11:m0:6,1403609026004,160,68,88738994
*RES* vm11:m0:7,1403609026348,145,59,88738994
*RES* vm11:m0:8,1403609026756,155,43,88738994
*RES* vm11:m0:9,1403609026644,304,42,88738994
*RES* vm11:m0:10,1403609026953,170,22,88738994
*RES* end node vm11:m0
Node vm11:m0 joined
*RES* start node vm11:r0
*RES* vm11:r0:0,1403609022696,1215,71,88738994
*RES* vm11:r0:0,1403609023916,717,55,88738994
*RES* vm11:r0:0,1403609024640,764,59,88738994
*RES* vm11:r0:0,1403609025408,483,64,88738994
*RES* vm11:r0:0,1403609025900,456,62,88738994
*RES* vm11:r0:0,1403609026361,576,49,88738994
*RES* vm11:r0:0,1403609026944,179,21,88738994
*RES* vm11:r0:1,1403609022696,906,72,88738994
*RES* vm11:r0:2,1403609022696,1092,72,88738994
*RES* vm11:r0:3,1403609022696,803,70,88738994
*RES* vm11:r0:4,1403609022696,918,72,88738994
*RES* end node vm11:r0
Node vm11:r0 joined
Worker terminating correctly
