OSMeF worker starting
Enabling core dumping
Listening for command connection
(vm27:m0) New mapper on port 23330
(vm27:m0) -> reducer data size 1144132807
(vm27:m0) -> reducer data size 1144132807
(vm27:m0) -> reducer data size 1144132807
(vm27:m0) -> reducer data size 1144132807
(vm27:m0) -> reducer data size 1144132807
(vm27:m0) -> reducer data size 1144132807
(vm27:m0) -> reducer data size 1144132807
(vm27:m0) -> reducer data size 1144132807
(vm27:m0) -> reducer data size 1144132807
(vm27:m0) -> reducer data size 1144132807
(vm27:m0) -> reducer data size 1144132807
(vm27:m0) -> reducer data size 1144132807
(vm27:m0) -> reducer data size 1144132807
(vm27:m0) -> reducer data size 1144132807
(vm27:m0) -> reducer data size 1144132807
(vm27:m0) -> reducer data size 1144132807
(vm27:m0) -> reducer data size 1144132807
(vm27:m0) -> reducer data size 1144132807
(vm27:m0) -> reducer data size 1144132807
(vm27:m0) -> reducer data size 1144132807
(vm27:m0) -> reducer data size 1144132807
(vm27:m0) -> reducer data size 1144132807
(vm27:m0) -> reducer data size 1144132807
(vm27:m0) -> reducer data size 1144132807
(vm27:m0) -> reducer data size 1144132807
(vm27:m0) -> reducer data size 1144132807
(vm27:m0) -> reducer data size 1144132807
(vm27:m0) -> reducer data size 1144132807
(vm27:m0) -> reducer data size 1144132807
(vm27:m0) -> reducer data size 1144132807
(vm27:m0) -> reducer data size 1144132807
(vm27:m0) Mapper thread started
(vm27:m0) Allocating data for reducer vm1:r0
(vm27:m0) Allocating data for reducer vm2:r0
(vm27:m0) Allocating data for reducer vm3:r0
(vm27:m0) Allocating data for reducer vm4:r0
(vm27:m0) Allocating data for reducer vm5:r0
(vm27:m0) Allocating data for reducer vm6:r0
(vm27:m0) Allocating data for reducer vm7:r0
(vm27:m0) Allocating data for reducer vm8:r0
(vm27:m0) Allocating data for reducer vm9:r0
(vm27:m0) Allocating data for reducer vm10:r0
(vm27:m0) Allocating data for reducer vm11:r0
(vm27:m0) Allocating data for reducer vm12:r0
(vm27:m0) Allocating data for reducer vm13:r0
(vm27:m0) Allocating data for reducer vm14:r0
(vm27:m0) Allocating data for reducer vm15:r0
(vm27:m0) Allocating data for reducer vm16:r0
(vm27:m0) Allocating data for reducer vm17:r0
(vm27:m0) Allocating data for reducer vm18:r0
(vm27:m0) Allocating data for reducer vm19:r0
(vm27:m0) Allocating data for reducer vm20:r0
(vm27:m0) Allocating data for reducer vm21:r0
(vm27:m0) Allocating data for reducer vm22:r0
(vm27:m0) Allocating data for reducer vm23:r0
(vm27:m0) Allocating data for reducer vm24:r0
(vm27:m0) Allocating data for reducer vm25:r0
(vm27:m0) Allocating data for reducer vm26:r0
(vm27:m0) Allocating data for reducer vm27:r0
(vm27:m0) Allocating data for reducer vm28:r0
(vm27:m0) Allocating data for reducer vm29:r0
(vm27:m0) Allocating data for reducer vm30:r0
(vm27:m0) Allocating data for reducer vm31:r0
(vm27:m0) Binding to port 23330
(vm27:r0) New reducer
(vm27:r0) Reducer thread started
(vm27:r0) waiting for START message
(vm27:r0) got START message
(vm27:r0) Starting new connection thread
(vm27:r0) Starting new connection thread
(vm27:r0) Starting new connection thread
(vm27:r0) Starting new connection thread
(vm27:r0) Starting new connection thread
(vm27:r0) Maximum number of connections reached (5), waiting for a thread to finish
(vm27:r0:1) Connection established
(vm27:r0:3) Connection established
(vm27:r0:0) Connection established
(vm27:r0:2) Connection established
(vm27:r0:4) Connection established
(vm27:r0:1) Connection finished, received 1144132808 bytes
(vm27:r0:2) Connection finished, received 1144132808 bytes
(vm27:r0:0) Connection finished, received 1144132808 bytes
(vm27:r0) thread 0 joined, 30 connections remaining
(vm27:r0) Starting new connection thread
(vm27:r0) Maximum number of connections reached (5), waiting for a thread to finish
(vm27:r0:0) Connection established
(vm27:r0:4) Connection finished, received 1144132808 bytes
(vm27:r0:3) Connection finished, received 1144132808 bytes
(vm27:r0:0) Connection finished, received 1144132808 bytes
(vm27:r0) thread 0 joined, 29 connections remaining
(vm27:r0) Starting new connection thread
(vm27:r0) Maximum number of connections reached (5), waiting for a thread to finish
(vm27:r0:0) Connection established
(vm27:r0:0) Connection finished, received 1144132808 bytes
(vm27:r0) thread 0 joined, 28 connections remaining
(vm27:r0) Starting new connection thread
(vm27:r0) Maximum number of connections reached (5), waiting for a thread to finish
(vm27:r0:0) Connection established
(vm27:m0) Got connection from reducer vm1:r0
(vm27:m0:0) thread started, have to send 1144132807 bytes
(vm27:r0:0) Connection finished, received 1144132808 bytes
(vm27:r0) thread 0 joined, 27 connections remaining
(vm27:r0) Starting new connection thread
(vm27:r0) Maximum number of connections reached (5), waiting for a thread to finish
(vm27:r0:0) Connection established
(vm27:m0:0) all data sent, thread exiting
(vm27:m0) Got connection from reducer vm10:r0
(vm27:m0:9) thread started, have to send 1144132807 bytes
(vm27:r0:0) Connection finished, received 1144132808 bytes
(vm27:r0) thread 0 joined, 26 connections remaining
(vm27:r0) Starting new connection thread
(vm27:r0) Maximum number of connections reached (5), waiting for a thread to finish
(vm27:r0:0) Connection established
(vm27:m0) Got connection from reducer vm31:r0
(vm27:m0:30) thread started, have to send 1144132807 bytes
(vm27:m0:30) all data sent, thread exiting
(vm27:m0:9) all data sent, thread exiting
(vm27:m0) Got connection from reducer vm6:r0
(vm27:m0:5) thread started, have to send 1144132807 bytes
(vm27:m0:5) all data sent, thread exiting
(vm27:r0:0) Connection finished, received 1144132808 bytes
(vm27:r0) thread 0 joined, 25 connections remaining
(vm27:r0) Starting new connection thread
(vm27:r0) Maximum number of connections reached (5), waiting for a thread to finish
(vm27:r0:0) Connection established
(vm27:m0) Got connection from reducer vm22:r0
(vm27:m0:21) thread started, have to send 1144132807 bytes
(vm27:m0:21) all data sent, thread exiting
(vm27:r0:0) Connection finished, received 1144132808 bytes
(vm27:r0) thread 0 joined, 24 connections remaining
(vm27:r0) Starting new connection thread
(vm27:r0) Maximum number of connections reached (5), waiting for a thread to finish
(vm27:r0:0) Connection established
(vm27:m0) Got connection from reducer vm30:r0
(vm27:m0:29) thread started, have to send 1144132807 bytes
(vm27:r0:0) Connection finished, received 1144132808 bytes
(vm27:r0) thread 0 joined, 23 connections remaining
(vm27:r0) Starting new connection thread
(vm27:r0) Maximum number of connections reached (5), waiting for a thread to finish
(vm27:r0:0) Connection established
(vm27:m0:29) all data sent, thread exiting
(vm27:m0) Got connection from reducer vm23:r0
(vm27:m0:22) thread started, have to send 1144132807 bytes
(vm27:m0) Got connection from reducer vm8:r0
(vm27:m0:7) thread started, have to send 1144132807 bytes
(vm27:r0:0) Connection finished, received 1144132808 bytes
(vm27:r0) thread 0 joined, 22 connections remaining
(vm27:r0) Starting new connection thread
(vm27:r0) Maximum number of connections reached (5), waiting for a thread to finish
(vm27:r0:0) Connection established
(vm27:m0) Got connection from reducer vm7:r0
(vm27:m0:6) thread started, have to send 1144132807 bytes
(vm27:m0) Got connection from reducer vm28:r0
(vm27:m0:27) thread started, have to send 1144132807 bytes
(vm27:m0) Got connection from reducer vm19:r0
(vm27:m0:18) thread started, have to send 1144132807 bytes
(vm27:m0) Got connection from reducer vm21:r0
(vm27:m0:20) thread started, have to send 1144132807 bytes
(vm27:m0:7) all data sent, thread exiting
(vm27:m0:22) all data sent, thread exiting
(vm27:m0) Got connection from reducer vm29:r0
(vm27:m0:28) thread started, have to send 1144132807 bytes
(vm27:m0:6) all data sent, thread exiting
(vm27:m0:27) all data sent, thread exiting
(vm27:m0:18) all data sent, thread exiting
(vm27:m0:20) all data sent, thread exiting
(vm27:m0) Got connection from reducer vm4:r0
(vm27:m0:3) thread started, have to send 1144132807 bytes
(vm27:m0:28) all data sent, thread exiting
(vm27:r0:0) Connection finished, received 1144132808 bytes
(vm27:r0) thread 0 joined, 21 connections remaining
(vm27:r0) Starting new connection thread
(vm27:r0) Maximum number of connections reached (5), waiting for a thread to finish
(vm27:r0:0) Connection established
(vm27:m0:3) all data sent, thread exiting
(vm27:m0) Got connection from reducer vm9:r0
(vm27:m0:8) thread started, have to send 1144132807 bytes
(vm27:m0) Got connection from reducer vm26:r0
(vm27:m0:25) thread started, have to send 1144132807 bytes
(vm27:m0:8) all data sent, thread exiting
(vm27:m0:25) all data sent, thread exiting
(vm27:r0:0) Connection finished, received 1144132808 bytes
(vm27:r0) thread 0 joined, 20 connections remaining
(vm27:r0) Starting new connection thread
(vm27:r0) Maximum number of connections reached (5), waiting for a thread to finish
(vm27:r0:0) Connection established
(vm27:m0) Got connection from reducer vm11:r0
(vm27:m0:10) thread started, have to send 1144132807 bytes
(vm27:m0) Got connection from reducer vm15:r0
(vm27:m0:14) thread started, have to send 1144132807 bytes
(vm27:m0:10) all data sent, thread exiting
(vm27:r0:0) Connection finished, received 1144132808 bytes
(vm27:r0) thread 0 joined, 19 connections remaining
(vm27:r0) Starting new connection thread
(vm27:r0) Maximum number of connections reached (5), waiting for a thread to finish
(vm27:r0:0) Connection established
(vm27:m0:14) all data sent, thread exiting
(vm27:m0) Got connection from reducer vm24:r0
(vm27:m0:23) thread started, have to send 1144132807 bytes
(vm27:m0:23) all data sent, thread exiting
(vm27:r0:0) Connection finished, received 1144132808 bytes
(vm27:r0) thread 0 joined, 18 connections remaining
(vm27:r0) Starting new connection thread
(vm27:r0) Maximum number of connections reached (5), waiting for a thread to finish
(vm27:r0:0) Connection established
(vm27:m0) Got connection from reducer vm25:r0
(vm27:m0:24) thread started, have to send 1144132807 bytes
(vm27:m0:24) all data sent, thread exiting
(vm27:r0:0) Connection finished, received 1144132808 bytes
(vm27:r0) thread 0 joined, 17 connections remaining
(vm27:r0) Starting new connection thread
(vm27:r0) Maximum number of connections reached (5), waiting for a thread to finish
(vm27:r0:0) Connection established
(vm27:m0) Got connection from reducer vm12:r0
(vm27:m0:11) thread started, have to send 1144132807 bytes
(vm27:m0:11) all data sent, thread exiting
(vm27:m0) Got connection from reducer vm14:r0
(vm27:m0:13) thread started, have to send 1144132807 bytes
(vm27:r0:0) Connection finished, received 1144132808 bytes
(vm27:r0) thread 0 joined, 16 connections remaining
(vm27:r0) Starting new connection thread
(vm27:r0) Maximum number of connections reached (5), waiting for a thread to finish
(vm27:r0:0) Connection established
(vm27:m0:13) all data sent, thread exiting
(vm27:m0) Got connection from reducer vm3:r0
(vm27:m0:2) thread started, have to send 1144132807 bytes
(vm27:m0) Got connection from reducer vm5:r0
(vm27:m0:4) thread started, have to send 1144132807 bytes
(vm27:m0) Got connection from reducer vm2:r0
(vm27:m0:1) thread started, have to send 1144132807 bytes
(vm27:m0:2) all data sent, thread exiting
(vm27:m0:4) all data sent, thread exiting
(vm27:m0:1) all data sent, thread exiting
(vm27:r0:0) Connection finished, received 1144132808 bytes
(vm27:r0) thread 0 joined, 15 connections remaining
(vm27:r0) Starting new connection thread
(vm27:r0) Maximum number of connections reached (5), waiting for a thread to finish
(vm27:r0:0) Connection established
(vm27:m0) Got connection from reducer vm18:r0
(vm27:m0:17) thread started, have to send 1144132807 bytes
(vm27:m0:17) all data sent, thread exiting
(vm27:r0:0) Connection finished, received 1144132808 bytes
(vm27:r0) thread 0 joined, 14 connections remaining
(vm27:r0) Starting new connection thread
(vm27:r0) Maximum number of connections reached (5), waiting for a thread to finish
(vm27:r0:0) Connection established
(vm27:r0:0) Connection finished, received 1144132808 bytes
(vm27:r0) thread 0 joined, 13 connections remaining
(vm27:r0) Starting new connection thread
(vm27:r0) Maximum number of connections reached (5), waiting for a thread to finish
(vm27:r0:0) Connection established
(vm27:m0) Got connection from reducer vm20:r0
(vm27:m0:19) thread started, have to send 1144132807 bytes
(vm27:r0:0) Connection finished, received 1144132808 bytes
(vm27:r0) thread 0 joined, 12 connections remaining
(vm27:r0) Starting new connection thread
(vm27:r0) Maximum number of connections reached (5), waiting for a thread to finish
(vm27:r0:0) Connection established
(vm27:m0:19) all data sent, thread exiting
(vm27:r0:0) Connection finished, received 1144132808 bytes
(vm27:r0) thread 0 joined, 11 connections remaining
(vm27:r0) Starting new connection thread
(vm27:r0) Maximum number of connections reached (5), waiting for a thread to finish
(vm27:r0:0) Connection established
(vm27:m0) Got connection from reducer vm17:r0
(vm27:m0:16) thread started, have to send 1144132807 bytes
(vm27:r0:0) Connection finished, received 1144132808 bytes
(vm27:r0) thread 0 joined, 10 connections remaining
(vm27:r0) Starting new connection thread
(vm27:r0) Maximum number of connections reached (5), waiting for a thread to finish
(vm27:r0:0) Connection established
(vm27:m0:16) all data sent, thread exiting
(vm27:r0:0) Connection finished, received 1144132808 bytes
(vm27:r0) thread 0 joined, 9 connections remaining
(vm27:r0) Starting new connection thread
(vm27:r0) Maximum number of connections reached (5), waiting for a thread to finish
(vm27:r0:0) Connection established
(vm27:m0) Got connection from reducer vm27:r0
(vm27:m0:26) thread started, have to send 1144132807 bytes
(vm27:m0:26) all data sent, thread exiting
(vm27:r0:0) Connection finished, received 1144132808 bytes
(vm27:r0) thread 0 joined, 8 connections remaining
(vm27:r0) Starting new connection thread
(vm27:r0) Maximum number of connections reached (5), waiting for a thread to finish
(vm27:r0:0) Connection established
(vm27:m0) Got connection from reducer vm13:r0
(vm27:m0:12) thread started, have to send 1144132807 bytes
(vm27:m0) Got connection from reducer vm16:r0
(vm27:m0) Waiting for a thread to finish
(vm27:m0) thread 0 joined, 30 connections remaining
(vm27:m0) Waiting for a thread to finish
(vm27:m0) thread 1 joined, 29 connections remaining
(vm27:m0) Waiting for a thread to finish
(vm27:m0) thread 2 joined, 28 connections remaining
(vm27:m0) Waiting for a thread to finish
(vm27:m0) thread 3 joined, 27 connections remaining
(vm27:m0) Waiting for a thread to finish
(vm27:m0) thread 4 joined, 26 connections remaining
(vm27:m0) Waiting for a thread to finish
(vm27:m0) thread 5 joined, 25 connections remaining
(vm27:m0) Waiting for a thread to finish
(vm27:m0) thread 6 joined, 24 connections remaining
(vm27:m0) Waiting for a thread to finish
(vm27:m0) thread 7 joined, 23 connections remaining
(vm27:m0) Waiting for a thread to finish
(vm27:m0) thread 8 joined, 22 connections remaining
(vm27:m0) Waiting for a thread to finish
(vm27:m0) thread 9 joined, 21 connections remaining
(vm27:m0) Waiting for a thread to finish
(vm27:m0) thread 10 joined, 20 connections remaining
(vm27:m0) Waiting for a thread to finish
(vm27:m0) thread 11 joined, 19 connections remaining
(vm27:m0) Waiting for a thread to finish
(vm27:m0:15) thread started, have to send 1144132807 bytes
(vm27:r0:0) Connection finished, received 1144132808 bytes
(vm27:r0) thread 0 joined, 7 connections remaining
(vm27:r0) Starting new connection thread
(vm27:r0) Maximum number of connections reached (5), waiting for a thread to finish
(vm27:r0:0) Connection established
(vm27:m0:12) all data sent, thread exiting
(vm27:m0) thread 12 joined, 18 connections remaining
(vm27:m0) Waiting for a thread to finish
(vm27:m0) thread 13 joined, 17 connections remaining
(vm27:m0) Waiting for a thread to finish
(vm27:m0) thread 14 joined, 16 connections remaining
(vm27:m0) Waiting for a thread to finish
(vm27:m0:15) all data sent, thread exiting
(vm27:m0) thread 15 joined, 15 connections remaining
(vm27:m0) Waiting for a thread to finish
(vm27:m0) thread 16 joined, 14 connections remaining
(vm27:m0) Waiting for a thread to finish
(vm27:m0) thread 17 joined, 13 connections remaining
(vm27:m0) Waiting for a thread to finish
(vm27:m0) thread 18 joined, 12 connections remaining
(vm27:m0) Waiting for a thread to finish
(vm27:m0) thread 19 joined, 11 connections remaining
(vm27:m0) Waiting for a thread to finish
(vm27:m0) thread 20 joined, 10 connections remaining
(vm27:m0) Waiting for a thread to finish
(vm27:m0) thread 21 joined, 9 connections remaining
(vm27:m0) Waiting for a thread to finish
(vm27:m0) thread 22 joined, 8 connections remaining
(vm27:m0) Waiting for a thread to finish
(vm27:m0) thread 23 joined, 7 connections remaining
(vm27:m0) Waiting for a thread to finish
(vm27:m0) thread 24 joined, 6 connections remaining
(vm27:m0) Waiting for a thread to finish
(vm27:m0) thread 25 joined, 5 connections remaining
(vm27:m0) Waiting for a thread to finish
(vm27:m0) thread 26 joined, 4 connections remaining
(vm27:m0) Waiting for a thread to finish
(vm27:m0) thread 27 joined, 3 connections remaining
(vm27:m0) Waiting for a thread to finish
(vm27:m0) thread 28 joined, 2 connections remaining
(vm27:m0) Waiting for a thread to finish
(vm27:m0) thread 29 joined, 1 connections remaining
(vm27:m0) Waiting for a thread to finish
(vm27:m0) thread 30 joined, 0 connections remaining
(vm27:m0) all done, exiting
*RES* start node vm27:m0
*RES* vm27:m0:0,1405431170030,5977,2796,1144132808
*RES* vm27:m0:1,1405431334917,2510,727,1144132808
*RES* vm27:m0:2,1405431333341,3110,816,1144132808
*RES* vm27:m0:3,1405431285257,3680,1065,1144132808
*RES* vm27:m0:4,1405431333633,3077,781,1144132808
*RES* vm27:m0:5,1405431218080,5622,1968,1144132808
*RES* vm27:m0:6,1405431275700,6565,1004,1144132808
*RES* vm27:m0:7,1405431274101,5806,1029,1144132808
*RES* vm27:m0:8,1405431291629,4166,1076,1144132808
*RES* vm27:m0:9,1405431202329,13708,1097,1144132808
*RES* vm27:m0:10,1405431304417,3274,842,1144132808
*RES* vm27:m0:11,1405431326761,2278,934,1144132808
*RES* vm27:m0:12,1405431355613,4388,892,1144132808
*RES* vm27:m0:13,1405431330265,2079,786,1144132808
*RES* vm27:m0:14,1405431306986,3360,907,1144132808
*RES* vm27:m0:15,1405431355745,4399,890,1144132808
*RES* vm27:m0:16,1405431351281,1835,646,1144132808
*RES* vm27:m0:17,1405431337833,2500,951,1144132808
*RES* vm27:m0:18,1405431278969,6126,997,1144132808
*RES* vm27:m0:19,1405431346761,1522,603,1144132808
*RES* vm27:m0:20,1405431279037,6193,1014,1144132808
*RES* vm27:m0:21,1405431230421,7630,1425,1144132808
*RES* vm27:m0:22,1405431273809,6585,1010,1144132808
*RES* vm27:m0:23,1405431311165,2965,841,1144132808
*RES* vm27:m0:24,1405431319201,2380,918,1144132808
*RES* vm27:m0:25,1405431292225,4303,1063,1144132808
*RES* vm27:m0:26,1405431354645,848,145,1144132808
*RES* vm27:m0:27,1405431275921,6708,990,1144132808
*RES* vm27:m0:28,1405431280585,5545,995,1144132808
*RES* vm27:m0:29,1405431260029,3566,1055,1144132808
*RES* vm27:m0:30,1405431206187,6280,2530,1144132808
*RES* end node vm27:m0
Node vm27:m0 joined
(vm27:r0:0) Connection finished, received 1144132808 bytes
(vm27:r0) thread 0 joined, 6 connections remaining
(vm27:r0) Starting new connection thread
(vm27:r0) Maximum number of connections reached (5), waiting for a thread to finish
(vm27:r0:0) Connection established
(vm27:r0:0) Connection finished, received 1144132808 bytes
(vm27:r0) thread 0 joined, 5 connections remaining
(vm27:r0) Starting new connection thread
(vm27:r0) Maximum number of connections reached (5), waiting for a thread to finish
(vm27:r0:0) Connection established
(vm27:r0:0) Connection finished, received 1144132808 bytes
(vm27:r0) thread 0 joined, 4 connections remaining
(vm27:r0) Maximum number of connections reached (4), waiting for a thread to finish
(vm27:r0) thread 1 joined, 3 connections remaining
(vm27:r0) Maximum number of connections reached (3), waiting for a thread to finish
(vm27:r0) thread 2 joined, 2 connections remaining
(vm27:r0) Maximum number of connections reached (2), waiting for a thread to finish
(vm27:r0) thread 3 joined, 1 connections remaining
(vm27:r0) Maximum number of connections reached (1), waiting for a thread to finish
(vm27:r0) thread 4 joined, 0 connections remaining
(vm27:r0) all done, exiting
*RES* start node vm27:r0
*RES* vm27:r0:0,1405431000671,35647,1096,1144132808
*RES* vm27:r0:0,1405431036321,47890,1149,1144132808
*RES* vm27:r0:0,1405431084217,50774,1331,1144132808
*RES* vm27:r0:0,1405431134997,37321,1176,1144132808
*RES* vm27:r0:0,1405431172325,33470,1309,1144132808
*RES* vm27:r0:0,1405431205801,22631,1366,1144132808
*RES* vm27:r0:0,1405431228437,17688,1240,1144132808
*RES* vm27:r0:0,1405431246133,15719,1153,1144132808
*RES* vm27:r0:0,1405431261861,12667,1045,1144132808
*RES* vm27:r0:0,1405431274538,12855,1161,1144132808
*RES* vm27:r0:0,1405431287407,11947,1079,1144132808
*RES* vm27:r0:0,1405431299357,9935,1082,1144132808
*RES* vm27:r0:0,1405431309297,8026,1053,1144132808
*RES* vm27:r0:0,1405431317329,7150,902,1144132808
*RES* vm27:r0:0,1405431324485,6021,877,1144132808
*RES* vm27:r0:0,1405431330517,6984,800,1144132808
*RES* vm27:r0:0,1405431337505,3476,788,1144132808
*RES* vm27:r0:0,1405431340985,3861,803,1144132808
*RES* vm27:r0:0,1405431344853,3274,697,1144132808
*RES* vm27:r0:0,1405431348137,1930,615,1144132808
*RES* vm27:r0:0,1405431350073,2078,726,1144132808
*RES* vm27:r0:0,1405431352161,2476,647,1144132808
*RES* vm27:r0:0,1405431354641,853,352,1144132808
*RES* vm27:r0:0,1405431355501,3002,633,1144132808
*RES* vm27:r0:0,1405431358521,2168,597,1144132808
*RES* vm27:r0:0,1405431360697,1465,719,1144132808
*RES* vm27:r0:0,1405431362169,1191,581,1144132808
*RES* vm27:r0:1,1405431000671,29707,1101,1144132808
*RES* vm27:r0:2,1405431000671,35280,1082,1144132808
*RES* vm27:r0:3,1405431000670,38008,1074,1144132808
*RES* vm27:r0:4,1405431000670,36452,1101,1144132808
*RES* end node vm27:r0
Node vm27:r0 joined
Worker terminating correctly
