OSMeF worker starting
Enabling core dumping
Listening for command connection
CONF: mapper on port 23330
CONF: -> will serve 49 reducers
(main) new thread ID: vm10:m0
(vm10:m0) Mapper thread started
(vm10:m0) Binding to port 23330
(vm10:m0) Got START signal
(vm10:m0) new thread ID: vm10:m0:th0
(vm10:m0:th0) waiting for something to do...
CONF: reducer
(main) new thread ID: vm10:r0
(vm10:r0) Reducer thread started
(vm10:r0) waiting for START message
(main) Waiting for thread vm10:m0 to join...
(vm10:r0) got START message
(vm10:r0) new thread ID: th0
(vm10:r0) new thread ID: th1
(vm10:r0) new thread ID: th2
(vm10:r0) new thread ID: th3
(vm10:r0) new thread ID: th4
(vm10:r0:th1:0) Connection established with mapper vm2:m0
(vm10:r0:th0:0) Connection established with mapper vm1:m0
(vm10:r0:th3:0) Connection established with mapper vm4:m0
(vm10:r0:th4:0) Connection established with mapper vm5:m0
(vm10:r0:th2:0) Connection established with mapper vm3:m0
(vm10:m0) Got connection from reducer vm27:r0
(vm10:m0) new thread ID: vm10:m0:th1
(vm10:m0) Got connection from reducer vm33:r0
(vm10:m0) new thread ID: vm10:m0:th2
(vm10:m0:th0) connection started, have to send 4472060 bytes to vm27:r0
(vm10:m0:th2) waiting for something to do...
(vm10:m0) Got connection from reducer vm31:r0
(vm10:m0) new thread ID: vm10:m0:th3
(vm10:m0) Got connection from reducer vm35:r0
(vm10:m0) new thread ID: vm10:m0:th4
(vm10:m0) Got connection from reducer vm37:r0
(vm10:m0) new thread ID: vm10:m0:th5
(vm10:m0:th2) connection started, have to send 4472060 bytes to vm31:r0
(vm10:m0:th1) waiting for something to do...
(vm10:m0:th1) connection started, have to send 4472060 bytes to vm33:r0
(vm10:m0:th5) waiting for something to do...
(vm10:m0:th4) waiting for something to do...
(vm10:m0:th4) connection started, have to send 4472060 bytes to vm37:r0
(vm10:m0:th3) waiting for something to do...
(vm10:m0:th3) connection started, have to send 4472060 bytes to vm35:r0
(vm10:m0) Got connection from reducer vm34:r0
(vm10:m0) new thread ID: vm10:m0:th6
(vm10:m0:th5) connection started, have to send 4472060 bytes to vm34:r0
(vm10:m0) Got connection from reducer vm43:r0
(vm10:m0) new thread ID: vm10:m0:th7
(vm10:m0) Got connection from reducer vm44:r0
(vm10:m0) new thread ID: vm10:m0:th8
(vm10:m0) Got connection from reducer vm5:r0
(vm10:m0) new thread ID: vm10:m0:th9
(vm10:m0) Got connection from reducer vm48:r0
(vm10:m0) new thread ID: vm10:m0:th10
(vm10:m0) Got connection from reducer vm49:r0
(vm10:m0) new thread ID: vm10:m0:th11
(vm10:m0:th8) waiting for something to do...
(vm10:m0:th8) connection started, have to send 4472060 bytes to vm5:r0
(vm10:m0:th9) waiting for something to do...
(vm10:m0:th9) connection started, have to send 4472060 bytes to vm48:r0
(vm10:m0:th10) waiting for something to do...
(vm10:m0:th10) connection started, have to send 4472060 bytes to vm49:r0
(vm10:m0:th11) waiting for something to do...
(vm10:m0:th6) waiting for something to do...
(vm10:m0:th6) connection started, have to send 4472060 bytes to vm43:r0
(vm10:m0:th7) waiting for something to do...
(vm10:m0:th7) connection started, have to send 4472060 bytes to vm44:r0
(vm10:m0:th0) all data sent, closing connection to vm27:r0
(vm10:m0:th0) waiting for something to do...
(vm10:m0:th1) all data sent, closing connection to vm33:r0
(vm10:m0:th1) waiting for something to do...
(vm10:m0:th2) all data sent, closing connection to vm31:r0
(vm10:m0:th2) waiting for something to do...
(vm10:m0:th5) all data sent, closing connection to vm34:r0
(vm10:m0:th5) waiting for something to do...
(vm10:m0:th4) all data sent, closing connection to vm37:r0
(vm10:m0:th4) waiting for something to do...
(vm10:m0:th10) all data sent, closing connection to vm49:r0
(vm10:m0:th10) waiting for something to do...
(vm10:m0:th3) all data sent, closing connection to vm35:r0
(vm10:m0:th3) waiting for something to do...
(vm10:m0:th6) all data sent, closing connection to vm43:r0
(vm10:m0:th6) waiting for something to do...
(vm10:m0:th9) all data sent, closing connection to vm48:r0
(vm10:m0:th9) waiting for something to do...
(vm10:m0:th7) all data sent, closing connection to vm44:r0
(vm10:m0:th7) waiting for something to do...
(vm10:r0:th0:0) Connection to vm1:m0 finished, received 4472061 bytes
(vm10:r0:th0:1) Connection established with mapper vm6:m0
(vm10:r0:th0:1) Connection to vm6:m0 finished, received 4472062 bytes
(vm10:r0:th0:2) Connection established with mapper vm11:m0
(vm10:r0:th0:2) Connection to vm11:m0 finished, received 4472063 bytes
(vm10:r0:th0:3) Connection established with mapper vm16:m0
(vm10:m0) Got connection from reducer vm20:r0
(vm10:m0:th11) connection started, have to send 4472060 bytes to vm20:r0
(vm10:m0) Got connection from reducer vm16:r0
(vm10:m0:th0) connection started, have to send 4472060 bytes to vm16:r0
(vm10:m0:th0) all data sent, closing connection to vm16:r0
(vm10:m0:th0) waiting for something to do...
(vm10:r0:th4:0) Connection to vm5:m0 finished, received 4472061 bytes
(vm10:r0:th4:1) Connection established with mapper vm10:m0
(vm10:m0) Got connection from reducer vm10:r0
(vm10:m0:th1) connection started, have to send 4472060 bytes to vm10:r0
(vm10:m0:th1) all data sent, closing connection to vm10:r0
(vm10:m0:th1) waiting for something to do...
(vm10:r0:th4:1) Connection to vm10:m0 finished, received 4472062 bytes
(vm10:m0) Got connection from reducer vm18:r0
(vm10:m0:th0) connection started, have to send 4472060 bytes to vm18:r0
(vm10:m0:th0) all data sent, closing connection to vm18:r0
(vm10:m0:th0) waiting for something to do...
(vm10:r0:th4:2) Connection established with mapper vm15:m0
(vm10:m0) Got connection from reducer vm11:r0
(vm10:m0) Got connection from reducer vm22:r0
(vm10:m0:th1) connection started, have to send 4472060 bytes to vm11:r0
(vm10:m0:th1) all data sent, closing connection to vm11:r0
(vm10:m0:th1) waiting for something to do...
(vm10:m0:th0) connection started, have to send 4472060 bytes to vm22:r0
(vm10:m0:th0) all data sent, closing connection to vm22:r0
(vm10:m0:th0) waiting for something to do...
(vm10:m0) Got connection from reducer vm7:r0
(vm10:m0:th2) connection started, have to send 4472060 bytes to vm7:r0
(vm10:m0:th2) all data sent, closing connection to vm7:r0
(vm10:m0:th2) waiting for something to do...
(vm10:r0:th4:2) Connection to vm15:m0 finished, received 4472063 bytes
(vm10:r0:th4:3) Connection established with mapper vm20:m0
(vm10:r0:th4:3) Connection to vm20:m0 finished, received 4472064 bytes
(vm10:m0) Got connection from reducer vm23:r0
(vm10:m0) Got connection from reducer vm8:r0
(vm10:m0:th0) connection started, have to send 4472060 bytes to vm23:r0
(vm10:m0:th0) all data sent, closing connection to vm23:r0
(vm10:m0:th0) waiting for something to do...
(vm10:m0:th1) connection started, have to send 4472060 bytes to vm8:r0
(vm10:m0:th1) all data sent, closing connection to vm8:r0
(vm10:m0:th1) waiting for something to do...
(vm10:m0) Got connection from reducer vm30:r0
(vm10:m0:th2) connection started, have to send 4472060 bytes to vm30:r0
(vm10:m0:th2) all data sent, closing connection to vm30:r0
(vm10:m0:th2) waiting for something to do...
(vm10:r0:th4:4) Connection established with mapper vm25:m0
(vm10:m0) Got connection from reducer vm9:r0
(vm10:m0:th0) connection started, have to send 4472060 bytes to vm9:r0
(vm10:m0:th0) all data sent, closing connection to vm9:r0
(vm10:m0:th0) waiting for something to do...
(vm10:m0) Got connection from reducer vm24:r0
(vm10:m0) Got connection from reducer vm38:r0
(vm10:m0) Got connection from reducer vm14:r0
(vm10:m0:th1) connection started, have to send 4472060 bytes to vm24:r0
(vm10:m0:th1) all data sent, closing connection to vm24:r0
(vm10:m0:th1) waiting for something to do...
(vm10:m0:th0) connection started, have to send 4472060 bytes to vm38:r0
(vm10:m0:th0) all data sent, closing connection to vm38:r0
(vm10:m0:th0) waiting for something to do...
(vm10:m0:th2) connection started, have to send 4472060 bytes to vm14:r0
(vm10:m0:th2) all data sent, closing connection to vm14:r0
(vm10:m0:th2) waiting for something to do...
(vm10:m0) Got connection from reducer vm39:r0
(vm10:m0) Got connection from reducer vm26:r0
(vm10:m0:th3) connection started, have to send 4472060 bytes to vm39:r0
(vm10:m0:th3) all data sent, closing connection to vm39:r0
(vm10:m0:th3) waiting for something to do...
(vm10:m0:th0) connection started, have to send 4472060 bytes to vm26:r0
(vm10:m0:th0) all data sent, closing connection to vm26:r0
(vm10:m0:th0) waiting for something to do...
(vm10:m0) Got connection from reducer vm28:r0
(vm10:m0) Got connection from reducer vm12:r0
(vm10:m0:th1) connection started, have to send 4472060 bytes to vm28:r0
(vm10:m0:th0) connection started, have to send 4472060 bytes to vm12:r0
(vm10:m0:th0) all data sent, closing connection to vm12:r0
(vm10:m0:th0) waiting for something to do...
(vm10:m0:th1) all data sent, closing connection to vm28:r0
(vm10:m0:th1) waiting for something to do...
(vm10:m0:th11) all data sent, closing connection to vm20:r0
(vm10:m0:th11) waiting for something to do...
(vm10:m0) Got connection from reducer vm29:r0
(vm10:m0:th2) connection started, have to send 4472060 bytes to vm29:r0
(vm10:m0:th2) all data sent, closing connection to vm29:r0
(vm10:m0:th2) waiting for something to do...
(vm10:m0) Got connection from reducer vm19:r0
(vm10:m0) Got connection from reducer vm36:r0
(vm10:m0:th0) connection started, have to send 4472060 bytes to vm19:r0
(vm10:m0:th0) all data sent, closing connection to vm19:r0
(vm10:m0:th0) waiting for something to do...
(vm10:m0:th1) connection started, have to send 4472060 bytes to vm36:r0
(vm10:m0:th1) all data sent, closing connection to vm36:r0
(vm10:m0:th1) waiting for something to do...
(vm10:m0) Got connection from reducer vm17:r0
(vm10:m0:th2) connection started, have to send 4472060 bytes to vm17:r0
(vm10:m0:th2) all data sent, closing connection to vm17:r0
(vm10:m0:th2) waiting for something to do...
(vm10:m0) Got connection from reducer vm42:r0
(vm10:m0:th0) connection started, have to send 4472060 bytes to vm42:r0
(vm10:m0:th0) all data sent, closing connection to vm42:r0
(vm10:m0:th0) waiting for something to do...
(vm10:m0) Got connection from reducer vm47:r0
(vm10:m0:th1) connection started, have to send 4472060 bytes to vm47:r0
(vm10:m0:th1) all data sent, closing connection to vm47:r0
(vm10:m0:th1) waiting for something to do...
(vm10:m0) Got connection from reducer vm45:r0
(vm10:m0:th0) connection started, have to send 4472060 bytes to vm45:r0
(vm10:m0:th0) all data sent, closing connection to vm45:r0
(vm10:m0:th0) waiting for something to do...
(vm10:m0) Got connection from reducer vm25:r0
(vm10:m0) Got connection from reducer vm6:r0
(vm10:m0) Got connection from reducer vm1:r0
(vm10:m0:th1) connection started, have to send 4472060 bytes to vm25:r0
(vm10:m0:th1) all data sent, closing connection to vm25:r0
(vm10:m0:th1) waiting for something to do...
(vm10:m0:th2) connection started, have to send 4472060 bytes to vm1:r0
(vm10:m0:th2) all data sent, closing connection to vm1:r0
(vm10:m0:th2) waiting for something to do...
(vm10:m0:th0) connection started, have to send 4472060 bytes to vm6:r0
(vm10:m0:th0) all data sent, closing connection to vm6:r0
(vm10:m0:th0) waiting for something to do...
(vm10:m0) Got connection from reducer vm32:r0
(vm10:m0:th3) connection started, have to send 4472060 bytes to vm32:r0
(vm10:m0:th3) all data sent, closing connection to vm32:r0
(vm10:m0:th3) waiting for something to do...
(vm10:r0:th2:0) Connection to vm3:m0 finished, received 4472061 bytes
(vm10:r0:th2:1) Connection established with mapper vm8:m0
(vm10:r0:th2:1) Connection to vm8:m0 finished, received 4472062 bytes
(vm10:m0) Got connection from reducer vm46:r0
(vm10:m0:th0) connection started, have to send 4472060 bytes to vm46:r0
(vm10:m0:th0) all data sent, closing connection to vm46:r0
(vm10:m0:th0) waiting for something to do...
(vm10:r0:th2:2) Connection established with mapper vm13:m0
(vm10:m0:th8) all data sent, closing connection to vm5:r0
(vm10:m0:th8) waiting for something to do...
(vm10:r0:th2:2) Connection to vm13:m0 finished, received 4472063 bytes
(vm10:m0) Got connection from reducer vm41:r0
(vm10:m0:th1) connection started, have to send 4472060 bytes to vm41:r0
(vm10:m0:th1) all data sent, closing connection to vm41:r0
(vm10:m0:th1) waiting for something to do...
(vm10:r0:th2:3) Connection established with mapper vm18:m0
(vm10:r0:th2:3) Connection to vm18:m0 finished, received 4472064 bytes
(vm10:r0:th2:4) Connection established with mapper vm23:m0
(vm10:m0) Got connection from reducer vm15:r0
(vm10:m0:th0) connection started, have to send 4472060 bytes to vm15:r0
(vm10:m0:th0) all data sent, closing connection to vm15:r0
(vm10:m0:th0) waiting for something to do...
(vm10:r0:th2:4) Connection to vm23:m0 finished, received 4472065 bytes
(vm10:r0:th2:5) Connection established with mapper vm28:m0
(vm10:m0) Got connection from reducer vm21:r0
(vm10:m0:th1) connection started, have to send 4472060 bytes to vm21:r0
(vm10:m0:th1) all data sent, closing connection to vm21:r0
(vm10:m0:th1) waiting for something to do...
(vm10:r0:th3:0) Connection to vm4:m0 finished, received 4472061 bytes
(vm10:r0:th3:1) Connection established with mapper vm9:m0
(vm10:m0) Got connection from reducer vm13:r0
(vm10:m0:th0) connection started, have to send 4472060 bytes to vm13:r0
(vm10:m0:th0) all data sent, closing connection to vm13:r0
(vm10:m0:th0) waiting for something to do...
(vm10:r0:th3:1) Connection to vm9:m0 finished, received 4472062 bytes
(vm10:r0:th3:2) Connection established with mapper vm14:m0
(vm10:m0) Got connection from reducer vm40:r0
(vm10:m0:th1) connection started, have to send 4472060 bytes to vm40:r0
(vm10:m0:th1) all data sent, closing connection to vm40:r0
(vm10:m0:th1) waiting for something to do...
(vm10:r0:th3:2) Connection to vm14:m0 finished, received 4472063 bytes
(vm10:r0:th3:3) Connection established with mapper vm19:m0
(vm10:r0:th1:0) Connection to vm2:m0 finished, received 4472061 bytes
(vm10:r0:th3:3) Connection to vm19:m0 finished, received 4472064 bytes
(vm10:r0:th3:4) Connection established with mapper vm24:m0
(vm10:r0:th1:1) Connection established with mapper vm7:m0
(vm10:r0:th1:1) Connection to vm7:m0 finished, received 4472062 bytes
(vm10:r0:th1:2) Connection established with mapper vm12:m0
(vm10:r0:th1:2) Connection to vm12:m0 finished, received 4472063 bytes
(vm10:r0:th1:3) Connection established with mapper vm17:m0
(vm10:r0:th1:3) Connection to vm17:m0 finished, received 4472064 bytes
(vm10:m0) Got connection from reducer vm2:r0
(vm10:m0:th0) connection started, have to send 4472060 bytes to vm2:r0
(vm10:m0:th0) all data sent, closing connection to vm2:r0
(vm10:m0:th0) waiting for something to do...
(vm10:r0:th1:4) Connection established with mapper vm22:m0
(vm10:m0) Got connection from reducer vm4:r0
(vm10:m0:th1) connection started, have to send 4472060 bytes to vm4:r0
(vm10:m0:th1) all data sent, closing connection to vm4:r0
(vm10:m0:th1) waiting for something to do...
(vm10:m0) Got connection from reducer vm3:r0
(vm10:m0) All reducers connected, waiting for threads to terminate
(vm10:m0) waiting on semaphore
(vm10:m0) -> 1 threads still running
(vm10:m0) waiting on semaphore
(vm10:m0) -> 1 threads still running
(vm10:m0) waiting on semaphore
(vm10:m0) -> 1 threads still running
(vm10:m0) waiting on semaphore
(vm10:m0) -> 1 threads still running
(vm10:m0) waiting on semaphore
(vm10:m0) -> 1 threads still running
(vm10:m0) waiting on semaphore
(vm10:m0) -> 1 threads still running
(vm10:m0) waiting on semaphore
(vm10:m0) -> 1 threads still running
(vm10:m0) waiting on semaphore
(vm10:m0) -> 1 threads still running
(vm10:m0) waiting on semaphore
(vm10:m0) -> 1 threads still running
(vm10:m0) waiting on semaphore
(vm10:m0) -> 1 threads still running
(vm10:m0) waiting on semaphore
(vm10:m0) -> 1 threads still running
(vm10:m0) waiting on semaphore
(vm10:m0) -> 1 threads still running
(vm10:m0) waiting on semaphore
(vm10:m0) -> 1 threads still running
(vm10:m0) waiting on semaphore
(vm10:m0) -> 1 threads still running
(vm10:m0) waiting on semaphore
(vm10:m0) -> 1 threads still running
(vm10:m0) waiting on semaphore
(vm10:m0) -> 1 threads still running
(vm10:m0) waiting on semaphore
(vm10:m0) -> 1 threads still running
(vm10:m0) waiting on semaphore
(vm10:m0) -> 1 threads still running
(vm10:m0) waiting on semaphore
(vm10:m0) -> 1 threads still running
(vm10:m0) waiting on semaphore
(vm10:m0) -> 1 threads still running
(vm10:m0) waiting on semaphore
(vm10:m0) -> 1 threads still running
(vm10:m0) waiting on semaphore
(vm10:m0) -> 1 threads still running
(vm10:m0) waiting on semaphore
(vm10:m0) -> 1 threads still running
(vm10:m0) waiting on semaphore
(vm10:m0) -> 1 threads still running
(vm10:m0) waiting on semaphore
(vm10:m0) -> 1 threads still running
(vm10:m0) waiting on semaphore
(vm10:m0) -> 1 threads still running
(vm10:m0) waiting on semaphore
(vm10:m0) -> 1 threads still running
(vm10:m0) waiting on semaphore
(vm10:m0) -> 1 threads still running
(vm10:m0) waiting on semaphore
(vm10:m0) -> 1 threads still running
(vm10:m0) waiting on semaphore
(vm10:m0) -> 1 threads still running
(vm10:m0) waiting on semaphore
(vm10:m0) -> 1 threads still running
(vm10:m0) waiting on semaphore
(vm10:m0) -> 1 threads still running
(vm10:m0) waiting on semaphore
(vm10:m0) -> 1 threads still running
(vm10:m0) waiting on semaphore
(vm10:m0) -> 1 threads still running
(vm10:m0) waiting on semaphore
(vm10:m0) -> 1 threads still running
(vm10:m0) waiting on semaphore
(vm10:m0) -> 1 threads still running
(vm10:m0) waiting on semaphore
(vm10:m0) -> 1 threads still running
(vm10:m0) waiting on semaphore
(vm10:m0) -> 1 threads still running
(vm10:m0) waiting on semaphore
(vm10:m0) -> 1 threads still running
(vm10:m0) waiting on semaphore
(vm10:m0:th0) connection started, have to send 4472060 bytes to vm3:r0
(vm10:m0:th0) all data sent, closing connection to vm3:r0
(vm10:m0:th0) waiting for something to do...
(vm10:m0) Sending exit signal to all threads
(vm10:m0:th9) got exit signal
(vm10:m0:th1) got exit signal
(vm10:m0:th2) got exit signal
(vm10:m0:th3) got exit signal
(vm10:m0:th4) got exit signal
(vm10:m0:th5) got exit signal
(vm10:m0:th6) got exit signal
(vm10:m0:th7) got exit signal
(vm10:m0:th8) got exit signal
(vm10:m0:th10) got exit signal
(vm10:m0:th0) got exit signal
(vm10:m0:th11) got exit signal
(vm10:m0) thread vm10:m0:th0 joined
(vm10:m0) thread vm10:m0:th1 joined
(vm10:m0) thread vm10:m0:th2 joined
(vm10:m0) thread vm10:m0:th3 joined
(vm10:m0) thread vm10:m0:th4 joined
(vm10:m0) thread vm10:m0:th5 joined
(vm10:m0) thread vm10:m0:th6 joined
(vm10:m0) thread vm10:m0:th7 joined
(vm10:m0) thread vm10:m0:th8 joined
(vm10:m0) thread vm10:m0:th9 joined
(vm10:m0) thread vm10:m0:th10 joined
(vm10:m0) thread vm10:m0:th11 joined
(vm10:m0) all done, exiting
*RES* start node vm10:m0
*RES* vm10:m0:th0,1406616340609,51,6,4472061
*RES* vm10:m0:th1,1406616340610,72,5,4472061
*RES* vm10:m0:th0,1406616340898,0,6,4472061
*RES* vm10:m0:th1,1406616340907,0,5,4472061
*RES* vm10:m0:th0,1406616340909,0,6,4472061
*RES* vm10:m0:th2,1406616340610,77,6,4472061
*RES* vm10:m0:th0,1406616340910,0,6,4472061
*RES* vm10:m0:th1,1406616340910,0,5,4472061
*RES* vm10:m0:th2,1406616340911,0,6,4472061
*RES* vm10:m0:th0,1406616340921,0,7,4472061
*RES* vm10:m0:th1,1406616340921,0,6,4472061
*RES* vm10:m0:th0,1406616340927,0,7,4472061
*RES* vm10:m0:th2,1406616340923,0,6,4472061
*RES* vm10:m0:th3,1406616340610,107,6,4472061
*RES* vm10:m0:th0,1406616340935,0,7,4472061
*RES* vm10:m0:th1,1406616340935,0,6,4472061
*RES* vm10:m0:th0,1406616340937,0,7,4472061
*RES* vm10:m0:th2,1406616340935,0,6,4472061
*RES* vm10:m0:th0,1406616340946,0,7,4472061
*RES* vm10:m0:th1,1406616340946,0,6,4472061
*RES* vm10:m0:th2,1406616340956,0,7,4472061
*RES* vm10:m0:th0,1406616340958,0,7,4472061
*RES* vm10:m0:th1,1406616340958,0,6,4472061
*RES* vm10:m0:th0,1406616340965,0,7,4472061
*RES* vm10:m0:th1,1406616340966,1,6,4472061
*RES* vm10:m0:th0,1406616340966,0,7,4472061
*RES* vm10:m0:th2,1406616340960,0,7,4472061
*RES* vm10:m0:th3,1406616340937,0,6,4472061
*RES* vm10:m0:th0,1406616340975,0,7,4472061
*RES* vm10:m0:th1,1406616340975,0,6,4472061
*RES* vm10:m0:th0,1406616340982,0,7,4472061
*RES* vm10:m0:th1,1406616340988,0,6,4472061
*RES* vm10:m0:th0,1406616340992,0,7,4472061
*RES* vm10:m0:th1,1406616340998,0,7,4472061
*RES* vm10:m0:th0,1406616341005,0,8,4472061
*RES* vm10:m0:th1,1406616341012,0,7,4472061
*RES* vm10:m0:th0,1406616341046,0,8,4472061
*RES* vm10:m0:th0,1406616341138,0,8,4472061
*RES* vm10:m0:th1,1406616341095,0,7,4472061
*RES* vm10:m0:th2,1406616340975,0,7,4472061
*RES* vm10:m0:th3,1406616340977,0,6,4472061
*RES* vm10:m0:th4,1406616340610,90,5,4472061
*RES* vm10:m0:th5,1406616340612,83,5,4472061
*RES* vm10:m0:th6,1406616340627,103,6,4472061
*RES* vm10:m0:th7,1406616340627,111,6,4472061
*RES* vm10:m0:th8,1406616340627,360,6,4472061
*RES* vm10:m0:th9,1406616340627,106,6,4472061
*RES* vm10:m0:th10,1406616340627,87,4,4472061
*RES* vm10:m0:th11,1406616340883,69,5,4472061
*RES* end node vm10:m0
(main) Thread vm10:m0 joined
(main) Waiting for thread vm10:r0 to join...
(vm10:r0:th0:3) Connection to vm16:m0 finished, received 8944124 bytes
(vm10:r0:th0:4) Connection established with mapper vm21:m0
(vm10:r0:th0:4) Connection to vm21:m0 finished, received 8944125 bytes
(vm10:r0:th0:5) Connection established with mapper vm26:m0
(vm10:r0:th0:5) Connection to vm26:m0 finished, received 8944126 bytes
(vm10:r0:th0:6) Connection established with mapper vm31:m0
(vm10:r0:th1:4) Connection to vm22:m0 finished, received 8944125 bytes
(vm10:r0:th1:5) Connection established with mapper vm27:m0
(vm10:r0:th2:5) Connection to vm28:m0 finished, received 8944126 bytes
(vm10:r0:th2:6) Connection established with mapper vm33:m0
(vm10:r0:th4:4) Connection to vm25:m0 finished, received 8944125 bytes
(vm10:r0:th4:5) Connection established with mapper vm30:m0
(vm10:r0:th4:5) Connection to vm30:m0 finished, received 8944126 bytes
(vm10:r0:th4:6) Connection established with mapper vm35:m0
(vm10:r0:th4:6) Connection to vm35:m0 finished, received 8944127 bytes
(vm10:r0:th4:7) Connection established with mapper vm40:m0
(vm10:r0:th3:4) Connection to vm24:m0 finished, received 8944125 bytes
(vm10:r0:th3:5) Connection established with mapper vm29:m0
(vm10:r0:th3:5) Connection to vm29:m0 finished, received 8944126 bytes
(vm10:r0:th3:6) Connection established with mapper vm34:m0
(vm10:r0:th3:6) Connection to vm34:m0 finished, received 8944127 bytes
(vm10:r0:th3:7) Connection established with mapper vm39:m0
(vm10:r0:th2:6) Connection to vm33:m0 finished, received 13416187 bytes
(vm10:r0:th2:7) Connection established with mapper vm38:m0
(vm10:r0:th1:5) Connection to vm27:m0 finished, received 13416186 bytes
(vm10:r0:th1:6) Connection established with mapper vm32:m0
(vm10:r0:th1:6) Connection to vm32:m0 finished, received 13416187 bytes
(vm10:r0:th0:6) Connection to vm31:m0 finished, received 13416187 bytes
(vm10:r0:th1:7) Connection established with mapper vm37:m0
(vm10:r0:th0:7) Connection established with mapper vm36:m0
(vm10:r0:th0:7) Connection to vm36:m0 finished, received 13416188 bytes
(vm10:r0:th0:8) Connection established with mapper vm41:m0
(vm10:r0:th4:7) Connection to vm40:m0 finished, received 13416188 bytes
(vm10:r0:th4:8) Connection established with mapper vm45:m0
(vm10:r0:th4:8) Connection to vm45:m0 finished, received 13416189 bytes
(vm10:r0:th4) Got data from all mappers, this reducer connection has finished.
(vm10:r0:th2:7) Connection to vm38:m0 finished, received 17888248 bytes
(vm10:r0:th2:8) Connection established with mapper vm43:m0
(vm10:r0:th2:8) Connection to vm43:m0 finished, received 17888249 bytes
(vm10:r0:th2:9) Connection established with mapper vm48:m0
(vm10:r0:th2:9) Connection to vm48:m0 finished, received 17888250 bytes
(vm10:r0:th2) Got data from all mappers, this reducer connection has finished.
(vm10:r0:th0:8) Connection to vm41:m0 finished, received 17888249 bytes
(vm10:r0:th0:9) Connection established with mapper vm46:m0
(vm10:r0:th3:7) Connection to vm39:m0 finished, received 13416188 bytes
(vm10:r0:th0:9) Connection to vm46:m0 finished, received 17888250 bytes
(vm10:r0:th0) Got data from all mappers, this reducer connection has finished.
(vm10:r0) thread th0 joined, 4 connection threads remaining
(vm10:r0:th3:8) Connection established with mapper vm44:m0
(vm10:r0:th3:8) Connection to vm44:m0 finished, received 13416189 bytes
(vm10:r0:th3:9) Connection established with mapper vm49:m0
(vm10:r0:th3:9) Connection to vm49:m0 finished, received 13416190 bytes
(vm10:r0:th3) Got data from all mappers, this reducer connection has finished.
(vm10:r0:th1:7) Connection to vm37:m0 finished, received 17888248 bytes
(vm10:r0:th1:8) Connection established with mapper vm42:m0
(vm10:r0:th1:8) Connection to vm42:m0 finished, received 17888249 bytes
(vm10:r0:th1:9) Connection established with mapper vm47:m0
(vm10:r0:th1:9) Connection to vm47:m0 finished, received 17888250 bytes
(vm10:r0:th1) Got data from all mappers, this reducer connection has finished.
(vm10:r0) thread th1 joined, 3 connection threads remaining
(vm10:r0) thread th2 joined, 2 connection threads remaining
(vm10:r0) thread th3 joined, 1 connection threads remaining
(vm10:r0) thread th4 joined, 0 connection threads remaining
(vm10:r0) all done, exiting
*RES* start node vm10:r0
*RES* vm10:r0:th0:0,1406616340595,248,12,4472061
*RES* vm10:r0:th0:1,1406616340844,4,13,4472062
*RES* vm10:r0:th0:2,1406616340847,2,13,4472063
*RES* vm10:r0:th0:3,1406616340850,299,24,8944124
*RES* vm10:r0:th0:4,1406616341149,4,24,8944125
*RES* vm10:r0:th0:5,1406616341152,4,24,8944126
*RES* vm10:r0:th0:6,1406616341157,255,35,13416187
*RES* vm10:r0:th0:7,1406616341411,56,35,13416188
*RES* vm10:r0:th0:8,1406616341468,205,44,17888249
*RES* vm10:r0:th0:9,1406616341673,10,44,17888250
*RES* vm10:r0:th1:0,1406616340595,420,12,4472061
*RES* vm10:r0:th1:1,1406616341015,10,12,4472062
*RES* vm10:r0:th1:2,1406616341025,4,12,4472063
*RES* vm10:r0:th1:3,1406616341030,10,13,4472064
*RES* vm10:r0:th1:4,1406616341040,157,21,8944125
*RES* vm10:r0:th1:5,1406616341197,203,31,13416186
*RES* vm10:r0:th1:6,1406616341400,11,31,13416187
*RES* vm10:r0:th1:7,1406616341411,306,44,17888248
*RES* vm10:r0:th1:8,1406616341718,18,45,17888249
*RES* vm10:r0:th1:9,1406616341735,0,45,17888250
*RES* vm10:r0:th2:0,1406616340595,382,13,4472061
*RES* vm10:r0:th2:1,1406616340977,4,13,4472062
*RES* vm10:r0:th2:2,1406616340982,5,14,4472063
*RES* vm10:r0:th2:3,1406616340987,3,14,4472064
*RES* vm10:r0:th2:4,1406616340990,3,14,4472065
*RES* vm10:r0:th2:5,1406616340993,260,24,8944126
*RES* vm10:r0:th2:6,1406616341252,136,32,13416187
*RES* vm10:r0:th2:7,1406616341389,242,40,17888248
*RES* vm10:r0:th2:8,1406616341631,2,41,17888249
*RES* vm10:r0:th2:9,1406616341633,1,41,17888250
*RES* vm10:r0:th3:0,1406616340595,405,14,4472061
*RES* vm10:r0:th3:1,1406616341000,8,15,4472062
*RES* vm10:r0:th3:2,1406616341008,3,16,4472063
*RES* vm10:r0:th3:3,1406616341012,4,16,4472064
*RES* vm10:r0:th3:4,1406616341016,336,37,8944125
*RES* vm10:r0:th3:5,1406616341351,11,37,8944126
*RES* vm10:r0:th3:6,1406616341363,10,37,8944127
*RES* vm10:r0:th3:7,1406616341374,308,47,13416188
*RES* vm10:r0:th3:8,1406616341682,2,48,13416189
*RES* vm10:r0:th3:9,1406616341684,2,48,13416190
*RES* vm10:r0:th4:0,1406616340595,312,11,4472061
*RES* vm10:r0:th4:1,1406616340907,0,12,4472062
*RES* vm10:r0:th4:2,1406616340907,8,12,4472063
*RES* vm10:r0:th4:3,1406616340914,3,12,4472064
*RES* vm10:r0:th4:4,1406616340917,366,23,8944125
*RES* vm10:r0:th4:5,1406616341284,4,24,8944126
*RES* vm10:r0:th4:6,1406616341287,3,24,8944127
*RES* vm10:r0:th4:7,1406616341290,276,33,13416188
*RES* vm10:r0:th4:8,1406616341567,2,34,13416189
*RES* end node vm10:r0
(main) Thread vm10:r0 joined
Worker terminating correctly
