OSMeF worker starting
Enabling core dumping
Listening for command connection
CONF: mapper on port 23330
CONF: -> will serve 49 reducers
(main) new thread ID: vm18:m0
(vm18:m0) Mapper thread started
(vm18:m0) Binding to port 23330
(vm18:m0) Got START signal
(vm18:m0) new thread ID: vm18:m0:th0
(vm18:m0:th0) waiting for something to do...
CONF: reducer
(main) new thread ID: vm18:r0
(vm18:r0) Reducer thread started
(vm18:r0) waiting for START message
(main) Waiting for thread vm18:m0 to join...
(vm18:r0) got START message
(vm18:r0) new thread ID: th0
(vm18:r0) new thread ID: th1
(vm18:r0) new thread ID: th2
(vm18:r0) new thread ID: th3
(vm18:r0) new thread ID: th4
(vm18:r0:th3:0) Connection established with mapper vm4:m0
(vm18:r0:th0:0) Connection established with mapper vm1:m0
(vm18:r0:th4:0) Connection established with mapper vm5:m0
(vm18:r0:th1:0) Connection established with mapper vm2:m0
(vm18:r0:th0:0) Connection to vm1:m0 finished, received 1 bytes
(vm18:r0:th0:1) Connection established with mapper vm6:m0
(vm18:r0:th2:0) Connection established with mapper vm3:m0
(vm18:r0:th0:1) Connection to vm6:m0 finished, received 4472062 bytes
(vm18:r0:th0:2) Connection established with mapper vm11:m0
(vm18:m0) Got connection from reducer vm49:r0
(vm18:m0) new thread ID: vm18:m0:th1
(vm18:m0:th0) connection started, have to send 4472060 bytes to vm49:r0
(vm18:m0:th1) waiting for something to do...
(vm18:r0:th0:2) Connection to vm11:m0 finished, received 8944123 bytes
(vm18:r0:th0:3) Connection established with mapper vm16:m0
(vm18:m0) Got connection from reducer vm27:r0
(vm18:m0) new thread ID: vm18:m0:th2
(vm18:m0:th1) connection started, have to send 4472060 bytes to vm27:r0
(vm18:m0:th2) waiting for something to do...
(vm18:m0) Got connection from reducer vm32:r0
(vm18:m0) new thread ID: vm18:m0:th3
(vm18:m0:th2) connection started, have to send 4472060 bytes to vm32:r0
(vm18:m0:th3) waiting for something to do...
(vm18:m0) Got connection from reducer vm46:r0
(vm18:m0) new thread ID: vm18:m0:th4
(vm18:m0) Got connection from reducer vm19:r0
(vm18:m0) new thread ID: vm18:m0:th5
(vm18:m0:th3) connection started, have to send 4472060 bytes to vm46:r0
(vm18:m0:th4) waiting for something to do...
(vm18:m0:th4) connection started, have to send 4472060 bytes to vm19:r0
(vm18:m0:th5) waiting for something to do...
(vm18:m0) Got connection from reducer vm21:r0
(vm18:m0) new thread ID: vm18:m0:th6
(vm18:m0) Got connection from reducer vm42:r0
(vm18:m0) new thread ID: vm18:m0:th7
(vm18:m0:th5) connection started, have to send 4472060 bytes to vm21:r0
(vm18:m0:th7) waiting for something to do...
(vm18:m0:th6) waiting for something to do...
(vm18:m0:th6) connection started, have to send 4472060 bytes to vm42:r0
(vm18:m0) Got connection from reducer vm47:r0
(vm18:m0) new thread ID: vm18:m0:th8
(vm18:m0) Got connection from reducer vm48:r0
(vm18:m0) new thread ID: vm18:m0:th9
(vm18:m0:th7) connection started, have to send 4472060 bytes to vm47:r0
(vm18:m0:th8) waiting for something to do...
(vm18:m0:th8) connection started, have to send 4472060 bytes to vm48:r0
(vm18:m0:th9) waiting for something to do...
(vm18:m0:th1) all data sent, closing connection to vm27:r0
(vm18:m0:th1) waiting for something to do...
(vm18:m0:th0) all data sent, closing connection to vm49:r0
(vm18:m0:th0) waiting for something to do...
(vm18:r0:th4:0) Connection to vm5:m0 finished, received 4472061 bytes
(vm18:r0:th4:1) Connection established with mapper vm10:m0
(vm18:r0:th4:1) Connection to vm10:m0 finished, received 4472062 bytes
(vm18:r0:th4:2) Connection established with mapper vm15:m0
(vm18:r0:th4:2) Connection to vm15:m0 finished, received 4472063 bytes
(vm18:m0:th2) all data sent, closing connection to vm32:r0
(vm18:m0:th2) waiting for something to do...
(vm18:r0:th4:3) Connection established with mapper vm20:m0
(vm18:r0:th4:3) Connection to vm20:m0 finished, received 4472064 bytes
(vm18:r0:th4:4) Connection established with mapper vm25:m0
(vm18:m0:th3) all data sent, closing connection to vm46:r0
(vm18:m0:th3) waiting for something to do...
(vm18:m0:th4) all data sent, closing connection to vm19:r0
(vm18:m0:th4) waiting for something to do...
(vm18:m0:th6) all data sent, closing connection to vm42:r0
(vm18:m0:th6) waiting for something to do...
(vm18:m0:th8) all data sent, closing connection to vm48:r0
(vm18:m0:th8) waiting for something to do...
(vm18:m0:th5) all data sent, closing connection to vm21:r0
(vm18:m0:th5) waiting for something to do...
(vm18:r0:th1:0) Connection to vm2:m0 finished, received 4472061 bytes
(vm18:m0:th7) all data sent, closing connection to vm47:r0
(vm18:m0:th7) waiting for something to do...
(vm18:r0:th1:1) Connection established with mapper vm7:m0
(vm18:r0:th1:1) Connection to vm7:m0 finished, received 4472062 bytes
(vm18:r0:th1:2) Connection established with mapper vm12:m0
(vm18:m0) Got connection from reducer vm13:r0
(vm18:m0:th9) connection started, have to send 4472060 bytes to vm13:r0
(vm18:r0:th1:2) Connection to vm12:m0 finished, received 4472063 bytes
(vm18:m0) Got connection from reducer vm10:r0
(vm18:m0:th0) connection started, have to send 4472060 bytes to vm10:r0
(vm18:m0:th0) all data sent, closing connection to vm10:r0
(vm18:m0:th0) waiting for something to do...
(vm18:r0:th1:3) Connection established with mapper vm17:m0
(vm18:m0) Got connection from reducer vm7:r0
(vm18:m0:th1) connection started, have to send 4472060 bytes to vm7:r0
(vm18:m0:th1) all data sent, closing connection to vm7:r0
(vm18:m0:th1) waiting for something to do...
(vm18:m0) Got connection from reducer vm41:r0
(vm18:m0:th0) connection started, have to send 4472060 bytes to vm41:r0
(vm18:m0:th0) all data sent, closing connection to vm41:r0
(vm18:m0:th0) waiting for something to do...
(vm18:r0:th3:0) Connection to vm4:m0 finished, received 4472061 bytes
(vm18:r0:th3:1) Connection established with mapper vm9:m0
(vm18:r0:th3:1) Connection to vm9:m0 finished, received 4472062 bytes
(vm18:r0:th3:2) Connection established with mapper vm14:m0
(vm18:r0:th3:2) Connection to vm14:m0 finished, received 4472063 bytes
(vm18:r0:th2:0) Connection to vm3:m0 finished, received 4472061 bytes
(vm18:r0:th3:3) Connection established with mapper vm19:m0
(vm18:r0:th2:1) Connection established with mapper vm8:m0
(vm18:r0:th3:3) Connection to vm19:m0 finished, received 4472064 bytes
(vm18:r0:th2:1) Connection to vm8:m0 finished, received 4472062 bytes
(vm18:m0) Got connection from reducer vm23:r0
(vm18:m0:th1) connection started, have to send 4472060 bytes to vm23:r0
(vm18:m0:th1) all data sent, closing connection to vm23:r0
(vm18:m0:th1) waiting for something to do...
(vm18:r0:th3:4) Connection established with mapper vm24:m0
(vm18:r0:th2:2) Connection established with mapper vm13:m0
(vm18:r0:th2:2) Connection to vm13:m0 finished, received 4472063 bytes
(vm18:r0:th2:3) Connection established with mapper vm18:m0
(vm18:m0) Got connection from reducer vm18:r0
(vm18:m0:th0) connection started, have to send 4472060 bytes to vm18:r0
(vm18:m0:th0) all data sent, closing connection to vm18:r0
(vm18:m0:th0) waiting for something to do...
(vm18:r0:th2:3) Connection to vm18:m0 finished, received 4472064 bytes
(vm18:m0) Got connection from reducer vm35:r0
(vm18:m0) Got connection from reducer vm34:r0
(vm18:m0) Got connection from reducer vm1:r0
(vm18:m0) Got connection from reducer vm33:r0
(vm18:m0:th2) connection started, have to send 4472060 bytes to vm1:r0
(vm18:m0:th2) all data sent, closing connection to vm1:r0
(vm18:m0:th2) waiting for something to do...
(vm18:m0:th3) connection started, have to send 4472060 bytes to vm33:r0
(vm18:m0:th3) all data sent, closing connection to vm33:r0
(vm18:m0:th3) waiting for something to do...
(vm18:m0:th1) connection started, have to send 4472060 bytes to vm35:r0
(vm18:m0:th1) all data sent, closing connection to vm35:r0
(vm18:m0:th1) waiting for something to do...
(vm18:m0:th0) connection started, have to send 4472060 bytes to vm34:r0
(vm18:m0:th0) all data sent, closing connection to vm34:r0
(vm18:m0:th0) waiting for something to do...
(vm18:m0) Got connection from reducer vm37:r0
(vm18:m0:th4) connection started, have to send 4472060 bytes to vm37:r0
(vm18:m0:th4) all data sent, closing connection to vm37:r0
(vm18:m0:th4) waiting for something to do...
(vm18:m0) Got connection from reducer vm31:r0
(vm18:m0) Got connection from reducer vm30:r0
(vm18:m0:th1) connection started, have to send 4472060 bytes to vm30:r0
(vm18:m0:th1) all data sent, closing connection to vm30:r0
(vm18:m0:th1) waiting for something to do...
(vm18:m0:th0) connection started, have to send 4472060 bytes to vm31:r0
(vm18:m0:th0) all data sent, closing connection to vm31:r0
(vm18:m0:th0) waiting for something to do...
(vm18:r0:th2:4) Connection established with mapper vm23:m0
(vm18:m0) Got connection from reducer vm6:r0
(vm18:m0:th2) connection started, have to send 4472060 bytes to vm6:r0
(vm18:m0:th2) all data sent, closing connection to vm6:r0
(vm18:m0:th2) waiting for something to do...
(vm18:m0) Got connection from reducer vm43:r0
(vm18:m0:th0) connection started, have to send 4472060 bytes to vm43:r0
(vm18:m0:th0) all data sent, closing connection to vm43:r0
(vm18:m0:th0) waiting for something to do...
(vm18:r0:th2:4) Connection to vm23:m0 finished, received 4472065 bytes
(vm18:m0) Got connection from reducer vm14:r0
(vm18:m0:th1) connection started, have to send 4472060 bytes to vm14:r0
(vm18:m0:th1) all data sent, closing connection to vm14:r0
(vm18:m0:th1) waiting for something to do...
(vm18:m0) Got connection from reducer vm12:r0
(vm18:m0:th0) connection started, have to send 4472060 bytes to vm12:r0
(vm18:m0:th0) all data sent, closing connection to vm12:r0
(vm18:m0:th0) waiting for something to do...
(vm18:m0) Got connection from reducer vm29:r0
(vm18:m0:th1) connection started, have to send 4472060 bytes to vm29:r0
(vm18:m0:th1) all data sent, closing connection to vm29:r0
(vm18:m0:th1) waiting for something to do...
(vm18:r0:th2:5) Connection established with mapper vm28:m0
(vm18:m0) Got connection from reducer vm15:r0
(vm18:m0:th0) connection started, have to send 4472060 bytes to vm15:r0
(vm18:m0:th0) all data sent, closing connection to vm15:r0
(vm18:m0:th0) waiting for something to do...
(vm18:m0) Got connection from reducer vm38:r0
(vm18:m0:th1) connection started, have to send 4472060 bytes to vm38:r0
(vm18:m0:th1) all data sent, closing connection to vm38:r0
(vm18:m0:th1) waiting for something to do...
(vm18:m0) Got connection from reducer vm11:r0
(vm18:m0:th0) connection started, have to send 4472060 bytes to vm11:r0
(vm18:m0:th0) all data sent, closing connection to vm11:r0
(vm18:m0:th0) waiting for something to do...
(vm18:m0) Got connection from reducer vm45:r0
(vm18:m0:th1) connection started, have to send 4472060 bytes to vm45:r0
(vm18:m0:th1) all data sent, closing connection to vm45:r0
(vm18:m0:th1) waiting for something to do...
(vm18:m0) Got connection from reducer vm8:r0
(vm18:m0:th0) connection started, have to send 4472060 bytes to vm8:r0
(vm18:m0:th0) all data sent, closing connection to vm8:r0
(vm18:m0:th0) waiting for something to do...
(vm18:m0) Got connection from reducer vm20:r0
(vm18:m0:th1) connection started, have to send 4472060 bytes to vm20:r0
(vm18:m0:th1) all data sent, closing connection to vm20:r0
(vm18:m0:th1) waiting for something to do...
(vm18:m0) Got connection from reducer vm39:r0
(vm18:m0:th0) connection started, have to send 4472060 bytes to vm39:r0
(vm18:m0:th0) all data sent, closing connection to vm39:r0
(vm18:m0:th0) waiting for something to do...
(vm18:m0) Got connection from reducer vm44:r0
(vm18:m0:th1) connection started, have to send 4472060 bytes to vm44:r0
(vm18:m0:th1) all data sent, closing connection to vm44:r0
(vm18:m0:th1) waiting for something to do...
(vm18:r0:th0:3) Connection to vm16:m0 finished, received 13416184 bytes
(vm18:m0) Got connection from reducer vm40:r0
(vm18:m0:th0) connection started, have to send 4472060 bytes to vm40:r0
(vm18:m0:th0) all data sent, closing connection to vm40:r0
(vm18:m0:th0) waiting for something to do...
(vm18:r0:th0:4) Connection established with mapper vm21:m0
(vm18:r0:th0:4) Connection to vm21:m0 finished, received 13416185 bytes
(vm18:r0:th0:5) Connection established with mapper vm26:m0
(vm18:m0) Got connection from reducer vm17:r0
(vm18:m0:th1) connection started, have to send 4472060 bytes to vm17:r0
(vm18:m0:th1) all data sent, closing connection to vm17:r0
(vm18:m0:th1) waiting for something to do...
(vm18:r0:th0:5) Connection to vm26:m0 finished, received 13416186 bytes
(vm18:m0:th9) all data sent, closing connection to vm13:r0
(vm18:m0:th9) waiting for something to do...
(vm18:r0:th0:6) Connection established with mapper vm31:m0
(vm18:m0) Got connection from reducer vm36:r0
(vm18:m0:th0) connection started, have to send 4472060 bytes to vm36:r0
(vm18:m0:th0) all data sent, closing connection to vm36:r0
(vm18:m0:th0) waiting for something to do...
(vm18:m0) Got connection from reducer vm28:r0
(vm18:m0:th1) connection started, have to send 4472060 bytes to vm28:r0
(vm18:m0:th1) all data sent, closing connection to vm28:r0
(vm18:m0:th1) waiting for something to do...
(vm18:m0) Got connection from reducer vm4:r0
(vm18:m0:th0) connection started, have to send 4472060 bytes to vm4:r0
(vm18:m0:th0) all data sent, closing connection to vm4:r0
(vm18:m0:th0) waiting for something to do...
(vm18:m0) Got connection from reducer vm22:r0
(vm18:m0:th1) connection started, have to send 4472060 bytes to vm22:r0
(vm18:m0:th1) all data sent, closing connection to vm22:r0
(vm18:m0:th1) waiting for something to do...
(vm18:m0) Got connection from reducer vm26:r0
(vm18:m0:th0) connection started, have to send 4472060 bytes to vm26:r0
(vm18:m0:th0) all data sent, closing connection to vm26:r0
(vm18:m0:th0) waiting for something to do...
(vm18:m0) Got connection from reducer vm3:r0
(vm18:m0:th1) connection started, have to send 4472060 bytes to vm3:r0
(vm18:m0:th1) all data sent, closing connection to vm3:r0
(vm18:m0:th1) waiting for something to do...
(vm18:m0) Got connection from reducer vm2:r0
(vm18:m0:th0) connection started, have to send 4472060 bytes to vm2:r0
(vm18:m0:th0) all data sent, closing connection to vm2:r0
(vm18:m0:th0) waiting for something to do...
(vm18:m0) Got connection from reducer vm9:r0
(vm18:m0:th1) connection started, have to send 4472060 bytes to vm9:r0
(vm18:m0:th1) all data sent, closing connection to vm9:r0
(vm18:m0:th1) waiting for something to do...
(vm18:m0) Got connection from reducer vm5:r0
(vm18:m0:th0) connection started, have to send 4472060 bytes to vm5:r0
(vm18:m0:th0) all data sent, closing connection to vm5:r0
(vm18:m0:th0) waiting for something to do...
(vm18:m0) Got connection from reducer vm25:r0
(vm18:m0) Got connection from reducer vm16:r0
(vm18:m0) Got connection from reducer vm24:r0
(vm18:m0) All reducers connected, waiting for threads to terminate
(vm18:m0) waiting on semaphore
(vm18:m0) -> 3 threads still running
(vm18:m0) waiting on semaphore
(vm18:m0) -> 3 threads still running
(vm18:m0) waiting on semaphore
(vm18:m0) -> 3 threads still running
(vm18:m0) waiting on semaphore
(vm18:m0) -> 3 threads still running
(vm18:m0) waiting on semaphore
(vm18:m0) -> 3 threads still running
(vm18:m0) waiting on semaphore
(vm18:m0) -> 3 threads still running
(vm18:m0) waiting on semaphore
(vm18:m0) -> 3 threads still running
(vm18:m0) waiting on semaphore
(vm18:m0) -> 3 threads still running
(vm18:m0) waiting on semaphore
(vm18:m0) -> 3 threads still running
(vm18:m0) waiting on semaphore
(vm18:m0) -> 3 threads still running
(vm18:m0) waiting on semaphore
(vm18:m0) -> 3 threads still running
(vm18:m0) waiting on semaphore
(vm18:m0) -> 3 threads still running
(vm18:m0) waiting on semaphore
(vm18:m0) -> 3 threads still running
(vm18:m0) waiting on semaphore
(vm18:m0) -> 3 threads still running
(vm18:m0) waiting on semaphore
(vm18:m0) -> 3 threads still running
(vm18:m0) waiting on semaphore
(vm18:m0) -> 3 threads still running
(vm18:m0) waiting on semaphore
(vm18:m0) -> 3 threads still running
(vm18:m0) waiting on semaphore
(vm18:m0) -> 3 threads still running
(vm18:m0) waiting on semaphore
(vm18:m0) -> 3 threads still running
(vm18:m0) waiting on semaphore
(vm18:m0) -> 3 threads still running
(vm18:m0) waiting on semaphore
(vm18:m0) -> 3 threads still running
(vm18:m0) waiting on semaphore
(vm18:m0) -> 3 threads still running
(vm18:m0) waiting on semaphore
(vm18:m0) -> 3 threads still running
(vm18:m0) waiting on semaphore
(vm18:m0) -> 3 threads still running
(vm18:m0) waiting on semaphore
(vm18:m0) -> 3 threads still running
(vm18:m0) waiting on semaphore
(vm18:m0) -> 3 threads still running
(vm18:m0) waiting on semaphore
(vm18:m0) -> 3 threads still running
(vm18:m0) waiting on semaphore
(vm18:m0) -> 3 threads still running
(vm18:m0) waiting on semaphore
(vm18:m0) -> 3 threads still running
(vm18:m0) waiting on semaphore
(vm18:m0) -> 3 threads still running
(vm18:m0) waiting on semaphore
(vm18:m0) -> 3 threads still running
(vm18:m0) waiting on semaphore
(vm18:m0) -> 3 threads still running
(vm18:m0) waiting on semaphore
(vm18:m0) -> 3 threads still running
(vm18:m0) waiting on semaphore
(vm18:m0) -> 3 threads still running
(vm18:m0) waiting on semaphore
(vm18:m0) -> 3 threads still running
(vm18:m0) waiting on semaphore
(vm18:m0) -> 3 threads still running
(vm18:m0) waiting on semaphore
(vm18:m0) -> 3 threads still running
(vm18:m0) waiting on semaphore
(vm18:m0:th1) connection started, have to send 4472060 bytes to vm25:r0
(vm18:m0:th0) connection started, have to send 4472060 bytes to vm16:r0
(vm18:m0:th0) all data sent, closing connection to vm16:r0
(vm18:m0:th0) waiting for something to do...
(vm18:m0:th2) connection started, have to send 4472060 bytes to vm24:r0
(vm18:m0:th2) all data sent, closing connection to vm24:r0
(vm18:m0:th2) waiting for something to do...
(vm18:m0:th1) all data sent, closing connection to vm25:r0
(vm18:m0:th1) waiting for something to do...
(vm18:m0) Sending exit signal to all threads
(vm18:m0:th8) got exit signal
(vm18:m0:th3) got exit signal
(vm18:m0:th4) got exit signal
(vm18:m0:th5) got exit signal
(vm18:m0:th6) got exit signal
(vm18:m0:th7) got exit signal
(vm18:m0:th9) got exit signal
(vm18:m0:th2) got exit signal
(vm18:m0:th0) got exit signal
(vm18:m0:th1) got exit signal
(vm18:m0) thread vm18:m0:th0 joined
(vm18:m0) thread vm18:m0:th1 joined
(vm18:m0) thread vm18:m0:th2 joined
(vm18:m0) thread vm18:m0:th3 joined
(vm18:m0) thread vm18:m0:th4 joined
(vm18:m0) thread vm18:m0:th5 joined
(vm18:m0) thread vm18:m0:th6 joined
(vm18:m0) thread vm18:m0:th7 joined
(vm18:m0) thread vm18:m0:th8 joined
(vm18:m0) thread vm18:m0:th9 joined
(vm18:m0) all done, exiting
*RES* start node vm18:m0
*RES* vm18:m0:th0,1406616340811,92,5,4472061
*RES* vm18:m0:th1,1406616340814,84,6,4472061
*RES* vm18:m0:th0,1406616341009,0,5,4472061
*RES* vm18:m0:th1,1406616341018,0,6,4472061
*RES* vm18:m0:th0,1406616341018,0,6,4472061
*RES* vm18:m0:th1,1406616341036,0,6,4472061
*RES* vm18:m0:th0,1406616341038,0,6,4472061
*RES* vm18:m0:th2,1406616340825,111,5,4472061
*RES* vm18:m0:th3,1406616340832,125,5,4472061
*RES* vm18:m0:th4,1406616340833,134,5,4472061
*RES* vm18:m0:th0,1406616341040,0,6,4472061
*RES* vm18:m0:th1,1406616341040,0,6,4472061
*RES* vm18:m0:th2,1406616341040,0,5,4472061
*RES* vm18:m0:th0,1406616341043,0,7,4472061
*RES* vm18:m0:th1,1406616341042,0,6,4472061
*RES* vm18:m0:th0,1406616341048,1,7,4472061
*RES* vm18:m0:th1,1406616341050,0,7,4472061
*RES* vm18:m0:th0,1406616341051,0,7,4472061
*RES* vm18:m0:th1,1406616341051,0,7,4472061
*RES* vm18:m0:th0,1406616341055,0,8,4472061
*RES* vm18:m0:th1,1406616341062,0,7,4472061
*RES* vm18:m0:th0,1406616341068,0,8,4472061
*RES* vm18:m0:th1,1406616341072,0,7,4472061
*RES* vm18:m0:th0,1406616341074,0,8,4472061
*RES* vm18:m0:th1,1406616341075,0,7,4472061
*RES* vm18:m0:th0,1406616341078,0,8,4472061
*RES* vm18:m0:th1,1406616341080,0,7,4472061
*RES* vm18:m0:th0,1406616341083,0,8,4472061
*RES* vm18:m0:th1,1406616341087,0,7,4472061
*RES* vm18:m0:th0,1406616341092,0,8,4472061
*RES* vm18:m0:th1,1406616341104,0,7,4472061
*RES* vm18:m0:th0,1406616341105,0,8,4472061
*RES* vm18:m0:th1,1406616341108,0,8,4472061
*RES* vm18:m0:th0,1406616341121,0,8,4472061
*RES* vm18:m0:th1,1406616341126,0,8,4472061
*RES* vm18:m0:th0,1406616341132,0,8,4472061
*RES* vm18:m0:th1,1406616341144,0,8,4472061
*RES* vm18:m0:th0,1406616341152,0,9,4472061
*RES* vm18:m0:th2,1406616341048,0,5,4472061
*RES* vm18:m0:th0,1406616341224,0,9,4472061
*RES* vm18:m0:th1,1406616341224,0,8,4472061
*RES* vm18:m0:th2,1406616341224,0,5,4472061
*RES* vm18:m0:th3,1406616341040,0,5,4472061
*RES* vm18:m0:th4,1406616341041,0,6,4472061
*RES* vm18:m0:th5,1406616340864,134,5,4472061
*RES* vm18:m0:th6,1406616340864,107,5,4472061
*RES* vm18:m0:th7,1406616340879,123,5,4472061
*RES* vm18:m0:th8,1406616340879,115,4,4472061
*RES* vm18:m0:th9,1406616341005,85,4,4472061
*RES* end node vm18:m0
(main) Thread vm18:m0 joined
(main) Waiting for thread vm18:r0 to join...
(vm18:r0:th1:3) Connection to vm17:m0 finished, received 8944124 bytes
(vm18:r0:th1:4) Connection established with mapper vm22:m0
(vm18:r0:th1:4) Connection to vm22:m0 finished, received 8944125 bytes
(vm18:r0:th1:5) Connection established with mapper vm27:m0
(vm18:r0:th0:6) Connection to vm31:m0 finished, received 17888247 bytes
(vm18:r0:th0:7) Connection established with mapper vm36:m0
(vm18:r0:th4:4) Connection to vm25:m0 finished, received 8944125 bytes
(vm18:r0:th4:5) Connection established with mapper vm30:m0
(vm18:r0:th4:5) Connection to vm30:m0 finished, received 8944126 bytes
(vm18:r0:th4:6) Connection established with mapper vm35:m0
(vm18:r0:th4:6) Connection to vm35:m0 finished, received 8944127 bytes
(vm18:r0:th4:7) Connection established with mapper vm40:m0
(vm18:r0:th3:4) Connection to vm24:m0 finished, received 8944125 bytes
(vm18:r0:th2:5) Connection to vm28:m0 finished, received 8944126 bytes
(vm18:r0:th3:5) Connection established with mapper vm29:m0
(vm18:r0:th2:6) Connection established with mapper vm33:m0
(vm18:r0:th3:5) Connection to vm29:m0 finished, received 8944126 bytes
(vm18:r0:th2:6) Connection to vm33:m0 finished, received 8944127 bytes
(vm18:r0:th3:6) Connection established with mapper vm34:m0
(vm18:r0:th2:7) Connection established with mapper vm38:m0
(vm18:r0:th3:6) Connection to vm34:m0 finished, received 8944127 bytes
(vm18:r0:th3:7) Connection established with mapper vm39:m0
(vm18:r0:th1:5) Connection to vm27:m0 finished, received 13416186 bytes
(vm18:r0:th1:6) Connection established with mapper vm32:m0
(vm18:r0:th1:6) Connection to vm32:m0 finished, received 13416187 bytes
(vm18:r0:th1:7) Connection established with mapper vm37:m0
(vm18:r0:th4:7) Connection to vm40:m0 finished, received 13416188 bytes
(vm18:r0:th4:8) Connection established with mapper vm45:m0
(vm18:r0:th4:8) Connection to vm45:m0 finished, received 13416189 bytes
(vm18:r0:th4) Got data from all mappers, this reducer connection has finished.
(vm18:r0:th2:7) Connection to vm38:m0 finished, received 13416188 bytes
(vm18:r0:th2:8) Connection established with mapper vm43:m0
(vm18:r0:th2:8) Connection to vm43:m0 finished, received 13416189 bytes
(vm18:r0:th2:9) Connection established with mapper vm48:m0
(vm18:r0:th2:9) Connection to vm48:m0 finished, received 13416190 bytes
(vm18:r0:th2) Got data from all mappers, this reducer connection has finished.
(vm18:r0:th0:7) Connection to vm36:m0 finished, received 22360308 bytes
(vm18:r0:th0:8) Connection established with mapper vm41:m0
(vm18:r0:th0:8) Connection to vm41:m0 finished, received 22360309 bytes
(vm18:r0:th0:9) Connection established with mapper vm46:m0
(vm18:r0:th3:7) Connection to vm39:m0 finished, received 13416188 bytes
(vm18:r0:th3:8) Connection established with mapper vm44:m0
(vm18:r0:th3:8) Connection to vm44:m0 finished, received 13416189 bytes
(vm18:r0:th3:9) Connection established with mapper vm49:m0
(vm18:r0:th3:9) Connection to vm49:m0 finished, received 13416190 bytes
(vm18:r0:th3) Got data from all mappers, this reducer connection has finished.
(vm18:r0:th1:7) Connection to vm37:m0 finished, received 17888248 bytes
(vm18:r0:th1:8) Connection established with mapper vm42:m0
(vm18:r0:th1:8) Connection to vm42:m0 finished, received 17888249 bytes
(vm18:r0:th1:9) Connection established with mapper vm47:m0
(vm18:r0:th1:9) Connection to vm47:m0 finished, received 22360310 bytes
(vm18:r0:th1) Got data from all mappers, this reducer connection has finished.
(vm18:r0:th0:9) Connection to vm46:m0 finished, received 26832370 bytes
(vm18:r0:th0) Got data from all mappers, this reducer connection has finished.
(vm18:r0) thread th0 joined, 4 connection threads remaining
(vm18:r0) thread th1 joined, 3 connection threads remaining
(vm18:r0) thread th2 joined, 2 connection threads remaining
(vm18:r0) thread th3 joined, 1 connection threads remaining
(vm18:r0) thread th4 joined, 0 connection threads remaining
(vm18:r0) all done, exiting
*RES* start node vm18:r0
*RES* vm18:r0:th0:0,1406616340619,3,0,1
*RES* vm18:r0:th0:1,1406616340622,99,7,4472062
*RES* vm18:r0:th0:2,1406616340722,90,14,8944123
*RES* vm18:r0:th0:3,1406616340812,269,24,13416184
*RES* vm18:r0:th0:4,1406616341081,4,24,13416185
*RES* vm18:r0:th0:5,1406616341085,4,25,13416186
*RES* vm18:r0:th0:6,1406616341089,147,33,17888247
*RES* vm18:r0:th0:7,1406616341236,448,43,22360308
*RES* vm18:r0:th0:8,1406616341684,2,44,22360309
*RES* vm18:r0:th0:9,1406616341686,136,51,26832370
*RES* vm18:r0:th1:0,1406616340619,382,11,4472061
*RES* vm18:r0:th1:1,1406616341001,2,11,4472062
*RES* vm18:r0:th1:2,1406616341003,5,11,4472063
*RES* vm18:r0:th1:3,1406616341008,219,19,8944124
*RES* vm18:r0:th1:4,1406616341227,5,19,8944125
*RES* vm18:r0:th1:5,1406616341232,202,29,13416186
*RES* vm18:r0:th1:6,1406616341433,12,29,13416187
*RES* vm18:r0:th1:7,1406616341446,301,42,17888248
*RES* vm18:r0:th1:8,1406616341747,5,42,17888249
*RES* vm18:r0:th1:9,1406616341752,38,50,22360310
*RES* vm18:r0:th2:0,1406616340618,411,12,4472061
*RES* vm18:r0:th2:1,1406616341029,6,12,4472062
*RES* vm18:r0:th2:2,1406616341035,3,13,4472063
*RES* vm18:r0:th2:3,1406616341038,1,13,4472064
*RES* vm18:r0:th2:4,1406616341039,10,13,4472065
*RES* vm18:r0:th2:5,1406616341049,341,23,8944126
*RES* vm18:r0:th2:6,1406616341391,2,24,8944127
*RES* vm18:r0:th2:7,1406616341393,246,33,13416188
*RES* vm18:r0:th2:8,1406616341646,2,33,13416189
*RES* vm18:r0:th2:9,1406616341648,2,33,13416190
*RES* vm18:r0:th3:0,1406616340618,402,9,4472061
*RES* vm18:r0:th3:1,1406616341020,4,10,4472062
*RES* vm18:r0:th3:2,1406616341024,4,10,4472063
*RES* vm18:r0:th3:3,1406616341028,5,10,4472064
*RES* vm18:r0:th3:4,1406616341034,356,20,8944125
*RES* vm18:r0:th3:5,1406616341390,2,21,8944126
*RES* vm18:r0:th3:6,1406616341392,12,21,8944127
*RES* vm18:r0:th3:7,1406616341405,312,31,13416188
*RES* vm18:r0:th3:8,1406616341717,1,32,13416189
*RES* vm18:r0:th3:9,1406616341719,2,32,13416190
*RES* vm18:r0:th4:0,1406616340618,309,10,4472061
*RES* vm18:r0:th4:1,1406616340927,2,10,4472062
*RES* vm18:r0:th4:2,1406616340929,6,10,4472063
*RES* vm18:r0:th4:3,1406616340935,4,11,4472064
*RES* vm18:r0:th4:4,1406616340939,342,21,8944125
*RES* vm18:r0:th4:5,1406616341281,2,21,8944126
*RES* vm18:r0:th4:6,1406616341283,2,21,8944127
*RES* vm18:r0:th4:7,1406616341285,288,32,13416188
*RES* vm18:r0:th4:8,1406616341573,4,32,13416189
*RES* end node vm18:r0
(main) Thread vm18:r0 joined
Worker terminating correctly
