OSMeF worker starting
Enabling core dumping
Listening for command connection
CONF: mapper on port 23330
CONF: -> will serve 49 reducers
(main) new thread ID: vm45:m0
(vm45:m0) Mapper thread started
(vm45:m0) Binding to port 23330
(vm45:m0) Got START signal
(vm45:m0) new thread ID: vm45:m0:th0
(vm45:m0:th0) waiting for something to do...
CONF: reducer
(main) new thread ID: vm45:r0
(vm45:r0) Reducer thread started
(vm45:r0) waiting for START message
(main) Waiting for thread vm45:m0 to join...
(vm45:r0) got START message
(vm45:r0) new thread ID: th0
(vm45:r0) new thread ID: th1
(vm45:r0) new thread ID: th2
(vm45:r0) new thread ID: th3
(vm45:r0) new thread ID: th4
(vm45:r0:th3:0) Connection established with mapper vm4:m0
(vm45:r0:th1:0) Connection established with mapper vm2:m0
(vm45:r0:th4:0) Connection established with mapper vm5:m0
(vm45:r0:th0:0) Connection established with mapper vm1:m0
(vm45:r0:th2:0) Connection established with mapper vm3:m0
(vm45:r0:th0:0) Connection to vm1:m0 finished, received 1 bytes
(vm45:r0:th0:1) Connection established with mapper vm6:m0
(vm45:r0:th3:0) Connection to vm4:m0 finished, received 1 bytes
(vm45:r0:th3:1) Connection established with mapper vm9:m0
(vm45:r0:th1:0) Connection to vm2:m0 finished, received 1 bytes
(vm45:r0:th1:1) Connection established with mapper vm7:m0
(vm45:r0:th3:1) Connection to vm9:m0 finished, received 4472062 bytes
(vm45:r0:th3:2) Connection established with mapper vm14:m0
(vm45:r0:th0:1) Connection to vm6:m0 finished, received 4472062 bytes
(vm45:r0:th0:2) Connection established with mapper vm11:m0
(vm45:r0:th0:2) Connection to vm11:m0 finished, received 4472063 bytes
(vm45:r0:th1:1) Connection to vm7:m0 finished, received 4472062 bytes
(vm45:r0:th1:2) Connection established with mapper vm12:m0
(vm45:r0:th0:3) Connection established with mapper vm16:m0
(vm45:r0:th3:2) Connection to vm14:m0 finished, received 8944123 bytes
(vm45:r0:th3:3) Connection established with mapper vm19:m0
(vm45:r0:th3:3) Connection to vm19:m0 finished, received 13416184 bytes
(vm45:r0:th3:4) Connection established with mapper vm24:m0
(vm45:r0:th1:2) Connection to vm12:m0 finished, received 8944123 bytes
(vm45:r0:th1:3) Connection established with mapper vm17:m0
(vm45:r0:th4:0) Connection to vm5:m0 finished, received 4472061 bytes
(vm45:r0:th4:1) Connection established with mapper vm10:m0
(vm45:r0:th4:1) Connection to vm10:m0 finished, received 4472062 bytes
(vm45:r0:th4:2) Connection established with mapper vm15:m0
(vm45:r0:th4:2) Connection to vm15:m0 finished, received 4472063 bytes
(vm45:r0:th4:3) Connection established with mapper vm20:m0
(vm45:r0:th4:3) Connection to vm20:m0 finished, received 4472064 bytes
(vm45:r0:th4:4) Connection established with mapper vm25:m0
(vm45:r0:th0:3) Connection to vm16:m0 finished, received 8944124 bytes
(vm45:r0:th0:4) Connection established with mapper vm21:m0
(vm45:r0:th0:4) Connection to vm21:m0 finished, received 8944125 bytes
(vm45:r0:th0:5) Connection established with mapper vm26:m0
(vm45:r0:th2:0) Connection to vm3:m0 finished, received 4472061 bytes
(vm45:r0:th2:1) Connection established with mapper vm8:m0
(vm45:r0:th2:1) Connection to vm8:m0 finished, received 4472062 bytes
(vm45:r0:th2:2) Connection established with mapper vm13:m0
(vm45:r0:th2:2) Connection to vm13:m0 finished, received 4472063 bytes
(vm45:r0:th2:3) Connection established with mapper vm18:m0
(vm45:r0:th2:3) Connection to vm18:m0 finished, received 4472064 bytes
(vm45:r0:th2:4) Connection established with mapper vm23:m0
(vm45:r0:th2:4) Connection to vm23:m0 finished, received 4472065 bytes
(vm45:r0:th2:5) Connection established with mapper vm28:m0
(vm45:r0:th1:3) Connection to vm17:m0 finished, received 13416184 bytes
(vm45:r0:th1:4) Connection established with mapper vm22:m0
(vm45:r0:th1:4) Connection to vm22:m0 finished, received 13416185 bytes
(vm45:r0:th1:5) Connection established with mapper vm27:m0
(vm45:r0:th3:4) Connection to vm24:m0 finished, received 17888245 bytes
(vm45:r0:th3:5) Connection established with mapper vm29:m0
(vm45:r0:th0:5) Connection to vm26:m0 finished, received 13416186 bytes
(vm45:r0:th0:6) Connection established with mapper vm31:m0
(vm45:r0:th0:6) Connection to vm31:m0 finished, received 13416187 bytes
(vm45:r0:th0:7) Connection established with mapper vm36:m0
(vm45:r0:th1:5) Connection to vm27:m0 finished, received 17888246 bytes
(vm45:r0:th1:6) Connection established with mapper vm32:m0
(vm45:m0) Got connection from reducer vm8:r0
(vm45:m0) new thread ID: vm45:m0:th1
(vm45:m0:th0) connection started, have to send 4472060 bytes to vm8:r0
(vm45:m0:th1) waiting for something to do...
(vm45:m0) Got connection from reducer vm44:r0
(vm45:m0) new thread ID: vm45:m0:th2
(vm45:m0:th1) connection started, have to send 4472060 bytes to vm44:r0
(vm45:m0:th2) waiting for something to do...
(vm45:m0) Got connection from reducer vm40:r0
(vm45:m0) new thread ID: vm45:m0:th3
(vm45:m0:th2) connection started, have to send 4472060 bytes to vm40:r0
(vm45:m0:th3) waiting for something to do...
(vm45:m0) Got connection from reducer vm33:r0
(vm45:m0) new thread ID: vm45:m0:th4
(vm45:m0:th3) connection started, have to send 4472060 bytes to vm33:r0
(vm45:m0:th4) waiting for something to do...
(vm45:r0:th3:5) Connection to vm29:m0 finished, received 22360306 bytes
(vm45:r0:th3:6) Connection established with mapper vm34:m0
(vm45:r0:th3:6) Connection to vm34:m0 finished, received 22360307 bytes
(vm45:r0:th3:7) Connection established with mapper vm39:m0
(vm45:m0) Got connection from reducer vm15:r0
(vm45:m0) new thread ID: vm45:m0:th5
(vm45:m0:th4) connection started, have to send 4472060 bytes to vm15:r0
(vm45:m0:th5) waiting for something to do...
(vm45:m0) Got connection from reducer vm9:r0
(vm45:m0) new thread ID: vm45:m0:th6
(vm45:m0:th5) connection started, have to send 4472060 bytes to vm9:r0
(vm45:m0:th6) waiting for something to do...
(vm45:m0) Got connection from reducer vm22:r0
(vm45:m0) new thread ID: vm45:m0:th7
(vm45:m0:th6) connection started, have to send 4472060 bytes to vm22:r0
(vm45:m0) Got connection from reducer vm12:r0
(vm45:m0) new thread ID: vm45:m0:th8
(vm45:m0:th7) waiting for something to do...
(vm45:m0:th7) connection started, have to send 4472060 bytes to vm12:r0
(vm45:m0:th8) waiting for something to do...
(vm45:r0:th2:5) Connection to vm28:m0 finished, received 8944126 bytes
(vm45:r0:th2:6) Connection established with mapper vm33:m0
(vm45:r0:th2:6) Connection to vm33:m0 finished, received 8944127 bytes
(vm45:m0) Got connection from reducer vm17:r0
(vm45:m0) new thread ID: vm45:m0:th9
(vm45:m0) Got connection from reducer vm19:r0
(vm45:m0) new thread ID: vm45:m0:th10
(vm45:m0) Got connection from reducer vm41:r0
(vm45:m0) new thread ID: vm45:m0:th11
(vm45:m0) Got connection from reducer vm43:r0
(vm45:m0) new thread ID: vm45:m0:th12
(vm45:m0) Got connection from reducer vm6:r0
(vm45:m0) new thread ID: vm45:m0:th13
(vm45:m0:th8) connection started, have to send 4472060 bytes to vm17:r0
(vm45:m0:th12) waiting for something to do...
(vm45:m0:th12) connection started, have to send 4472060 bytes to vm6:r0
(vm45:m0:th13) waiting for something to do...
(vm45:m0:th11) waiting for something to do...
(vm45:m0:th11) connection started, have to send 4472060 bytes to vm43:r0
(vm45:m0:th10) waiting for something to do...
(vm45:m0:th10) connection started, have to send 4472060 bytes to vm41:r0
(vm45:m0:th9) waiting for something to do...
(vm45:m0:th9) connection started, have to send 4472060 bytes to vm19:r0
(vm45:r0:th2:7) Connection established with mapper vm38:m0
(vm45:m0) Got connection from reducer vm46:r0
(vm45:m0) new thread ID: vm45:m0:th14
(vm45:m0:th13) connection started, have to send 4472060 bytes to vm46:r0
(vm45:r0:th2:7) Connection to vm38:m0 finished, received 8944128 bytes
(vm45:r0:th2:8) Connection established with mapper vm43:m0
(vm45:m0) Got connection from reducer vm1:r0
(vm45:m0) new thread ID: vm45:m0:th15
(vm45:r0:th4:4) Connection to vm25:m0 finished, received 8944125 bytes
(vm45:m0:th0) all data sent, closing connection to vm8:r0
(vm45:m0:th0) waiting for something to do...
(vm45:r0:th4:5) Connection established with mapper vm30:m0
(vm45:r0:th4:5) Connection to vm30:m0 finished, received 8944126 bytes
(vm45:m0:th15) waiting for something to do...
(vm45:m0:th14) waiting for something to do...
(vm45:m0:th14) connection started, have to send 4472060 bytes to vm1:r0
(vm45:r0:th4:6) Connection established with mapper vm35:m0
(vm45:m0:th1) all data sent, closing connection to vm44:r0
(vm45:m0:th1) waiting for something to do...
(vm45:m0) Got connection from reducer vm37:r0
(vm45:m0) Got connection from reducer vm26:r0
(vm45:m0) Got connection from reducer vm14:r0
(vm45:m0) new thread ID: vm45:m0:th16
(vm45:m0) Got connection from reducer vm29:r0
(vm45:m0) new thread ID: vm45:m0:th17
(vm45:m0) Got connection from reducer vm31:r0
(vm45:m0) new thread ID: vm45:m0:th18
(vm45:m0:th0) connection started, have to send 4472060 bytes to vm26:r0
(vm45:m0:th0) all data sent, closing connection to vm26:r0
(vm45:m0:th0) waiting for something to do...
(vm45:m0:th1) connection started, have to send 4472060 bytes to vm14:r0
(vm45:m0:th1) all data sent, closing connection to vm14:r0
(vm45:m0:th1) waiting for something to do...
(vm45:m0:th15) connection started, have to send 4472060 bytes to vm37:r0
(vm45:m0:th18) waiting for something to do...
(vm45:m0:th16) waiting for something to do...
(vm45:m0:th16) connection started, have to send 4472060 bytes to vm29:r0
(vm45:m0:th17) waiting for something to do...
(vm45:m0:th17) connection started, have to send 4472060 bytes to vm31:r0
(vm45:m0) Got connection from reducer vm20:r0
(vm45:m0:th18) connection started, have to send 4472060 bytes to vm20:r0
(vm45:m0:th3) all data sent, closing connection to vm33:r0
(vm45:m0:th3) waiting for something to do...
(vm45:r0:th4:6) Connection to vm35:m0 finished, received 8944127 bytes
(vm45:r0:th4:7) Connection established with mapper vm40:m0
(vm45:m0:th4) all data sent, closing connection to vm15:r0
(vm45:m0:th4) waiting for something to do...
(vm45:r0:th4:7) Connection to vm40:m0 finished, received 8944128 bytes
(vm45:r0:th4:8) Connection established with mapper vm45:m0
(vm45:m0) Got connection from reducer vm45:r0
(vm45:m0:th0) connection started, have to send 4472060 bytes to vm45:r0
(vm45:m0:th0) all data sent, closing connection to vm45:r0
(vm45:m0:th0) waiting for something to do...
(vm45:r0:th4:8) Connection to vm45:m0 finished, received 8944129 bytes
(vm45:r0:th4) Got data from all mappers, this reducer connection has finished.
(vm45:m0) Got connection from reducer vm24:r0
(vm45:m0) Got connection from reducer vm25:r0
(vm45:m0:th1) connection started, have to send 4472060 bytes to vm24:r0
(vm45:m0:th1) all data sent, closing connection to vm24:r0
(vm45:m0:th1) waiting for something to do...
(vm45:m0:th0) connection started, have to send 4472060 bytes to vm25:r0
(vm45:m0:th0) all data sent, closing connection to vm25:r0
(vm45:m0:th0) waiting for something to do...
(vm45:m0) Got connection from reducer vm16:r0
(vm45:m0:th3) connection started, have to send 4472060 bytes to vm16:r0
(vm45:m0:th3) all data sent, closing connection to vm16:r0
(vm45:m0:th3) waiting for something to do...
(vm45:m0) Got connection from reducer vm28:r0
(vm45:m0:th0) connection started, have to send 4472060 bytes to vm28:r0
(vm45:m0:th0) all data sent, closing connection to vm28:r0
(vm45:m0:th0) waiting for something to do...
(vm45:m0:th5) all data sent, closing connection to vm9:r0
(vm45:m0:th5) waiting for something to do...
(vm45:m0) Got connection from reducer vm35:r0
(vm45:m0:th1) connection started, have to send 4472060 bytes to vm35:r0
(vm45:m0:th1) all data sent, closing connection to vm35:r0
(vm45:m0:th1) waiting for something to do...
(vm45:m0) Got connection from reducer vm13:r0
(vm45:m0:th0) connection started, have to send 4472060 bytes to vm13:r0
(vm45:m0:th0) all data sent, closing connection to vm13:r0
(vm45:m0:th0) waiting for something to do...
(vm45:m0:th8) all data sent, closing connection to vm17:r0
(vm45:m0:th8) waiting for something to do...
(vm45:m0:th7) all data sent, closing connection to vm12:r0
(vm45:m0:th7) waiting for something to do...
(vm45:m0:th6) all data sent, closing connection to vm22:r0
(vm45:m0:th6) waiting for something to do...
(vm45:m0) Got connection from reducer vm32:r0
(vm45:m0) Got connection from reducer vm30:r0
(vm45:m0:th1) connection started, have to send 4472060 bytes to vm32:r0
(vm45:m0:th1) all data sent, closing connection to vm32:r0
(vm45:m0:th1) waiting for something to do...
(vm45:m0:th0) connection started, have to send 4472060 bytes to vm30:r0
(vm45:m0:th0) all data sent, closing connection to vm30:r0
(vm45:m0:th0) waiting for something to do...
(vm45:m0:th13) all data sent, closing connection to vm46:r0
(vm45:m0:th13) waiting for something to do...
(vm45:m0) Got connection from reducer vm5:r0
(vm45:m0:th3) connection started, have to send 4472060 bytes to vm5:r0
(vm45:m0:th3) all data sent, closing connection to vm5:r0
(vm45:m0:th3) waiting for something to do...
(vm45:r0:th1:6) Connection to vm32:m0 finished, received 22360307 bytes
(vm45:m0) Got connection from reducer vm3:r0
(vm45:m0:th0) connection started, have to send 4472060 bytes to vm3:r0
(vm45:m0:th0) all data sent, closing connection to vm3:r0
(vm45:m0:th0) waiting for something to do...
(vm45:r0:th1:7) Connection established with mapper vm37:m0
(vm45:m0:th14) all data sent, closing connection to vm1:r0
(vm45:m0:th14) waiting for something to do...
(vm45:m0) Got connection from reducer vm7:r0
(vm45:m0:th1) connection started, have to send 4472060 bytes to vm7:r0
(vm45:m0:th1) all data sent, closing connection to vm7:r0
(vm45:m0:th1) waiting for something to do...
(vm45:r0:th1:7) Connection to vm37:m0 finished, received 22360308 bytes
(vm45:m0:th9) all data sent, closing connection to vm19:r0
(vm45:m0:th9) waiting for something to do...
(vm45:r0:th1:8) Connection established with mapper vm42:m0
(vm45:m0:th18) all data sent, closing connection to vm20:r0
(vm45:m0:th18) waiting for something to do...
(vm45:m0) Got connection from reducer vm11:r0
(vm45:m0:th0) connection started, have to send 4472060 bytes to vm11:r0
(vm45:m0:th0) all data sent, closing connection to vm11:r0
(vm45:m0:th0) waiting for something to do...
(vm45:m0) Got connection from reducer vm34:r0
(vm45:m0:th1) connection started, have to send 4472060 bytes to vm34:r0
(vm45:m0:th1) all data sent, closing connection to vm34:r0
(vm45:m0:th1) waiting for something to do...
(vm45:m0) Got connection from reducer vm38:r0
(vm45:m0:th0) connection started, have to send 4472060 bytes to vm38:r0
(vm45:m0:th0) all data sent, closing connection to vm38:r0
(vm45:m0:th0) waiting for something to do...
(vm45:m0:th12) all data sent, closing connection to vm6:r0
(vm45:m0:th12) waiting for something to do...
(vm45:m0) Got connection from reducer vm18:r0
(vm45:m0:th1) connection started, have to send 4472060 bytes to vm18:r0
(vm45:m0:th1) all data sent, closing connection to vm18:r0
(vm45:m0:th1) waiting for something to do...
(vm45:m0:th11) all data sent, closing connection to vm43:r0
(vm45:m0:th11) waiting for something to do...
(vm45:r0:th2:8) Connection to vm43:m0 finished, received 13416189 bytes
(vm45:r0:th2:9) Connection established with mapper vm48:m0
(vm45:r0:th0:7) Connection to vm36:m0 finished, received 17888248 bytes
(vm45:r0:th2:9) Connection to vm48:m0 finished, received 13416190 bytes
(vm45:r0:th2) Got data from all mappers, this reducer connection has finished.
(vm45:r0:th0:8) Connection established with mapper vm41:m0
(vm45:m0) Got connection from reducer vm10:r0
(vm45:m0:th0) connection started, have to send 4472060 bytes to vm10:r0
(vm45:m0:th0) all data sent, closing connection to vm10:r0
(vm45:m0:th0) waiting for something to do...
(vm45:m0) Got connection from reducer vm4:r0
(vm45:m0) Got connection from reducer vm21:r0
(vm45:m0:th1) connection started, have to send 4472060 bytes to vm4:r0
(vm45:m0:th1) all data sent, closing connection to vm4:r0
(vm45:m0:th1) waiting for something to do...
(vm45:m0:th0) connection started, have to send 4472060 bytes to vm21:r0
(vm45:m0:th0) all data sent, closing connection to vm21:r0
(vm45:m0:th0) waiting for something to do...
(vm45:m0) Got connection from reducer vm27:r0
(vm45:m0:th3) connection started, have to send 4472060 bytes to vm27:r0
(vm45:m0:th3) all data sent, closing connection to vm27:r0
(vm45:m0:th3) waiting for something to do...
(vm45:m0) Got connection from reducer vm36:r0
(vm45:m0:th0) connection started, have to send 4472060 bytes to vm36:r0
(vm45:m0:th0) all data sent, closing connection to vm36:r0
(vm45:m0:th0) waiting for something to do...
(vm45:m0:th17) all data sent, closing connection to vm31:r0
(vm45:m0:th17) waiting for something to do...
(vm45:m0) Got connection from reducer vm49:r0
(vm45:m0:th1) connection started, have to send 4472060 bytes to vm49:r0
(vm45:m0:th1) all data sent, closing connection to vm49:r0
(vm45:m0:th1) waiting for something to do...
(vm45:m0:th16) all data sent, closing connection to vm29:r0
(vm45:m0:th16) waiting for something to do...
(vm45:m0) Got connection from reducer vm2:r0
(vm45:m0:th0) connection started, have to send 4472060 bytes to vm2:r0
(vm45:m0:th0) all data sent, closing connection to vm2:r0
(vm45:m0:th0) waiting for something to do...
(vm45:m0:th10) all data sent, closing connection to vm41:r0
(vm45:m0:th10) waiting for something to do...
(vm45:m0:th2) all data sent, closing connection to vm40:r0
(vm45:m0:th2) waiting for something to do...
(vm45:m0) Got connection from reducer vm47:r0
(vm45:m0:th1) connection started, have to send 4472060 bytes to vm47:r0
(vm45:m0:th1) all data sent, closing connection to vm47:r0
(vm45:m0:th1) waiting for something to do...
(vm45:m0) Got connection from reducer vm48:r0
(vm45:m0:th0) connection started, have to send 4472060 bytes to vm48:r0
(vm45:m0:th0) all data sent, closing connection to vm48:r0
(vm45:m0:th0) waiting for something to do...
(vm45:m0) Got connection from reducer vm23:r0
(vm45:m0:th1) connection started, have to send 4472060 bytes to vm23:r0
(vm45:m0:th1) all data sent, closing connection to vm23:r0
(vm45:m0:th1) waiting for something to do...
(vm45:m0:th15) all data sent, closing connection to vm37:r0
(vm45:m0:th15) waiting for something to do...
(vm45:r0:th3:7) Connection to vm39:m0 finished, received 26832368 bytes
(vm45:r0:th3:8) Connection established with mapper vm44:m0
(vm45:r0:th3:8) Connection to vm44:m0 finished, received 26832369 bytes
(vm45:r0:th3:9) Connection established with mapper vm49:m0
(vm45:r0:th3:9) Connection to vm49:m0 finished, received 26832370 bytes
(vm45:r0:th3) Got data from all mappers, this reducer connection has finished.
(vm45:r0:th0:8) Connection to vm41:m0 finished, received 22360309 bytes
(vm45:r0:th0:9) Connection established with mapper vm46:m0
(vm45:r0:th0:9) Connection to vm46:m0 finished, received 22360310 bytes
(vm45:r0:th0) Got data from all mappers, this reducer connection has finished.
(vm45:r0) thread th0 joined, 4 connection threads remaining
(vm45:m0) Got connection from reducer vm42:r0
(vm45:m0:th0) connection started, have to send 4472060 bytes to vm42:r0
(vm45:m0:th0) all data sent, closing connection to vm42:r0
(vm45:m0:th0) waiting for something to do...
(vm45:m0) Got connection from reducer vm39:r0
(vm45:m0) All reducers connected, waiting for threads to terminate
(vm45:m0) waiting on semaphore
(vm45:m0) -> 1 threads still running
(vm45:m0) waiting on semaphore
(vm45:m0) -> 1 threads still running
(vm45:m0) waiting on semaphore
(vm45:m0) -> 1 threads still running
(vm45:m0) waiting on semaphore
(vm45:m0) -> 1 threads still running
(vm45:m0) waiting on semaphore
(vm45:m0) -> 1 threads still running
(vm45:m0) waiting on semaphore
(vm45:m0) -> 1 threads still running
(vm45:m0) waiting on semaphore
(vm45:m0) -> 1 threads still running
(vm45:m0) waiting on semaphore
(vm45:m0) -> 1 threads still running
(vm45:m0) waiting on semaphore
(vm45:m0) -> 1 threads still running
(vm45:m0) waiting on semaphore
(vm45:m0) -> 1 threads still running
(vm45:m0) waiting on semaphore
(vm45:m0) -> 1 threads still running
(vm45:m0) waiting on semaphore
(vm45:m0) -> 1 threads still running
(vm45:m0) waiting on semaphore
(vm45:m0) -> 1 threads still running
(vm45:m0) waiting on semaphore
(vm45:m0) -> 1 threads still running
(vm45:m0) waiting on semaphore
(vm45:m0) -> 1 threads still running
(vm45:m0) waiting on semaphore
(vm45:m0) -> 1 threads still running
(vm45:m0) waiting on semaphore
(vm45:m0) -> 1 threads still running
(vm45:m0) waiting on semaphore
(vm45:m0) -> 1 threads still running
(vm45:m0) waiting on semaphore
(vm45:m0) -> 1 threads still running
(vm45:m0) waiting on semaphore
(vm45:m0) -> 1 threads still running
(vm45:m0) waiting on semaphore
(vm45:m0) -> 1 threads still running
(vm45:m0) waiting on semaphore
(vm45:m0) -> 1 threads still running
(vm45:m0) waiting on semaphore
(vm45:m0) -> 1 threads still running
(vm45:m0) waiting on semaphore
(vm45:m0) -> 1 threads still running
(vm45:m0) waiting on semaphore
(vm45:m0) -> 1 threads still running
(vm45:m0) waiting on semaphore
(vm45:m0) -> 1 threads still running
(vm45:m0) waiting on semaphore
(vm45:m0) -> 1 threads still running
(vm45:m0) waiting on semaphore
(vm45:m0) -> 1 threads still running
(vm45:m0) waiting on semaphore
(vm45:m0) -> 1 threads still running
(vm45:m0) waiting on semaphore
(vm45:m0) -> 1 threads still running
(vm45:m0) waiting on semaphore
(vm45:m0) -> 1 threads still running
(vm45:m0) waiting on semaphore
(vm45:m0) -> 1 threads still running
(vm45:m0) waiting on semaphore
(vm45:m0) -> 1 threads still running
(vm45:m0) waiting on semaphore
(vm45:m0) -> 1 threads still running
(vm45:m0) waiting on semaphore
(vm45:m0) -> 1 threads still running
(vm45:m0) waiting on semaphore
(vm45:m0) -> 1 threads still running
(vm45:m0) waiting on semaphore
(vm45:m0) -> 1 threads still running
(vm45:m0) waiting on semaphore
(vm45:m0) -> 1 threads still running
(vm45:m0) waiting on semaphore
(vm45:m0) -> 1 threads still running
(vm45:m0) waiting on semaphore
(vm45:m0:th1) connection started, have to send 4472060 bytes to vm39:r0
(vm45:m0:th1) all data sent, closing connection to vm39:r0
(vm45:m0:th1) waiting for something to do...
(vm45:m0) Sending exit signal to all threads
(vm45:m0:th2) got exit signal
(vm45:m0:th3) got exit signal
(vm45:m0:th4) got exit signal
(vm45:m0:th5) got exit signal
(vm45:m0:th6) got exit signal
(vm45:m0:th7) got exit signal
(vm45:m0:th8) got exit signal
(vm45:m0:th9) got exit signal
(vm45:m0:th10) got exit signal
(vm45:m0:th11) got exit signal
(vm45:m0:th12) got exit signal
(vm45:m0:th13) got exit signal
(vm45:m0:th14) got exit signal
(vm45:m0:th15) got exit signal
(vm45:m0:th16) got exit signal
(vm45:m0:th17) got exit signal
(vm45:m0:th18) got exit signal
(vm45:m0:th1) got exit signal
(vm45:m0:th0) got exit signal
(vm45:m0) thread vm45:m0:th0 joined
(vm45:m0) thread vm45:m0:th1 joined
(vm45:m0) thread vm45:m0:th2 joined
(vm45:m0) thread vm45:m0:th3 joined
(vm45:m0) thread vm45:m0:th4 joined
(vm45:m0) thread vm45:m0:th5 joined
(vm45:m0) thread vm45:m0:th6 joined
(vm45:m0) thread vm45:m0:th7 joined
(vm45:m0) thread vm45:m0:th8 joined
(vm45:m0) thread vm45:m0:th9 joined
(vm45:m0) thread vm45:m0:th10 joined
(vm45:m0) thread vm45:m0:th11 joined
(vm45:m0) thread vm45:m0:th12 joined
(vm45:m0) thread vm45:m0:th13 joined
(vm45:m0) thread vm45:m0:th14 joined
(vm45:m0) thread vm45:m0:th15 joined
(vm45:m0) thread vm45:m0:th16 joined
(vm45:m0) thread vm45:m0:th17 joined
(vm45:m0) thread vm45:m0:th18 joined
(vm45:m0) all done, exiting
*RES* start node vm45:m0
*RES* vm45:m0:th0,1406616341400,101,7,4472061
*RES* vm45:m0:th1,1406616341401,112,10,4472061
*RES* vm45:m0:th0,1406616341515,0,7,4472061
*RES* vm45:m0:th1,1406616341515,0,10,4472061
*RES* vm45:m0:th0,1406616341564,0,7,4472061
*RES* vm45:m0:th3,1406616341412,112,9,4472061
*RES* vm45:m0:th0,1406616341566,0,7,4472061
*RES* vm45:m0:th1,1406616341566,0,10,4472061
*RES* vm45:m0:th0,1406616341573,0,7,4472061
*RES* vm45:m0:th1,1406616341583,0,10,4472061
*RES* vm45:m0:th0,1406616341588,0,8,4472061
*RES* vm45:m0:th3,1406616341571,0,9,4472061
*RES* vm45:m0:th0,1406616341598,0,8,4472061
*RES* vm45:m0:th1,1406616341598,0,10,4472061
*RES* vm45:m0:th0,1406616341614,0,8,4472061
*RES* vm45:m0:th1,1406616341620,0,11,4472061
*RES* vm45:m0:th0,1406616341633,0,8,4472061
*RES* vm45:m0:th1,1406616341634,0,11,4472061
*RES* vm45:m0:th0,1406616341637,0,8,4472061
*RES* vm45:m0:th1,1406616341638,0,11,4472061
*RES* vm45:m0:th0,1406616341652,0,8,4472061
*RES* vm45:m0:th3,1406616341605,0,9,4472061
*RES* vm45:m0:th0,1406616341653,0,9,4472061
*RES* vm45:m0:th1,1406616341652,0,11,4472061
*RES* vm45:m0:th0,1406616341677,0,9,4472061
*RES* vm45:m0:th1,1406616341682,0,11,4472061
*RES* vm45:m0:th0,1406616341708,0,9,4472061
*RES* vm45:m0:th1,1406616341718,0,11,4472061
*RES* vm45:m0:th0,1406616341725,0,9,4472061
*RES* vm45:m0:th1,1406616341727,0,12,4472061
*RES* vm45:m0:th0,1406616341854,0,9,4472061
*RES* vm45:m0:th1,1406616341859,0,12,4472061
*RES* vm45:m0:th2,1406616341402,315,6,4472061
*RES* vm45:m0:th3,1406616341662,0,9,4472061
*RES* vm45:m0:th4,1406616341463,87,6,4472061
*RES* vm45:m0:th5,1406616341465,115,4,4472061
*RES* vm45:m0:th6,1406616341467,130,7,4472061
*RES* vm45:m0:th7,1406616341469,123,6,4472061
*RES* vm45:m0:th8,1406616341487,104,5,4472061
*RES* vm45:m0:th9,1406616341487,133,5,4472061
*RES* vm45:m0:th10,1406616341487,222,5,4472061
*RES* vm45:m0:th11,1406616341487,152,6,4472061
*RES* vm45:m0:th12,1406616341487,150,5,4472061
*RES* vm45:m0:th13,1406616341491,112,5,4472061
*RES* vm45:m0:th14,1406616341505,111,5,4472061
*RES* vm45:m0:th15,1406616341515,258,5,4472061
*RES* vm45:m0:th16,1406616341515,177,5,4472061
*RES* vm45:m0:th17,1406616341515,165,5,4472061
*RES* vm45:m0:th18,1406616341518,107,4,4472061
*RES* end node vm45:m0
(main) Thread vm45:m0 joined
(main) Waiting for thread vm45:r0 to join...
(vm45:r0:th1:8) Connection to vm42:m0 finished, received 26832369 bytes
(vm45:r0:th1:9) Connection established with mapper vm47:m0
(vm45:r0:th1:9) Connection to vm47:m0 finished, received 26832370 bytes
(vm45:r0:th1) Got data from all mappers, this reducer connection has finished.
(vm45:r0) thread th1 joined, 3 connection threads remaining
(vm45:r0) thread th2 joined, 2 connection threads remaining
(vm45:r0) thread th3 joined, 1 connection threads remaining
(vm45:r0) thread th4 joined, 0 connection threads remaining
(vm45:r0) all done, exiting
*RES* start node vm45:r0
*RES* vm45:r0:th0:0,1406616340687,3,0,1
*RES* vm45:r0:th0:1,1406616340690,179,8,4472062
*RES* vm45:r0:th0:2,1406616340869,4,9,4472063
*RES* vm45:r0:th0:3,1406616340873,227,18,8944124
*RES* vm45:r0:th0:4,1406616341100,3,18,8944125
*RES* vm45:r0:th0:5,1406616341103,197,27,13416186
*RES* vm45:r0:th0:6,1406616341300,9,27,13416187
*RES* vm45:r0:th0:7,1406616341309,337,40,17888248
*RES* vm45:r0:th0:8,1406616341646,160,48,22360309
*RES* vm45:r0:th0:9,1406616341806,3,48,22360310
*RES* vm45:r0:th1:0,1406616340687,68,0,1
*RES* vm45:r0:th1:1,1406616340755,119,9,4472062
*RES* vm45:r0:th1:2,1406616340874,138,18,8944123
*RES* vm45:r0:th1:3,1406616341012,153,26,13416184
*RES* vm45:r0:th1:4,1406616341165,8,27,13416185
*RES* vm45:r0:th1:5,1406616341173,184,35,17888246
*RES* vm45:r0:th1:6,1406616341357,253,45,22360307
*RES* vm45:r0:th1:7,1406616341610,10,46,22360308
*RES* vm45:r0:th1:8,1406616341620,243,54,26832369
*RES* vm45:r0:th1:9,1406616341863,0,54,26832370
*RES* vm45:r0:th2:0,1406616340687,435,11,4472061
*RES* vm45:r0:th2:1,1406616341122,7,11,4472062
*RES* vm45:r0:th2:2,1406616341129,4,12,4472063
*RES* vm45:r0:th2:3,1406616341133,3,12,4472064
*RES* vm45:r0:th2:4,1406616341136,4,12,4472065
*RES* vm45:r0:th2:5,1406616341140,337,22,8944126
*RES* vm45:r0:th2:6,1406616341477,8,22,8944127
*RES* vm45:r0:th2:7,1406616341485,8,23,8944128
*RES* vm45:r0:th2:8,1406616341493,149,32,13416189
*RES* vm45:r0:th2:9,1406616341643,4,32,13416190
*RES* vm45:r0:th3:0,1406616340687,29,0,1
*RES* vm45:r0:th3:1,1406616340716,75,8,4472062
*RES* vm45:r0:th3:2,1406616340791,105,16,8944123
*RES* vm45:r0:th3:3,1406616340896,108,25,13416184
*RES* vm45:r0:th3:4,1406616341004,267,34,17888245
*RES* vm45:r0:th3:5,1406616341271,182,42,22360306
*RES* vm45:r0:th3:6,1406616341453,5,42,22360307
*RES* vm45:r0:th3:7,1406616341458,335,52,26832368
*RES* vm45:r0:th3:8,1406616341793,1,52,26832369
*RES* vm45:r0:th3:9,1406616341794,0,53,26832370
*RES* vm45:r0:th4:0,1406616340686,362,10,4472061
*RES* vm45:r0:th4:1,1406616341049,3,10,4472062
*RES* vm45:r0:th4:2,1406616341052,2,11,4472063
*RES* vm45:r0:th4:3,1406616341054,22,11,4472064
*RES* vm45:r0:th4:4,1406616341076,424,23,8944125
*RES* vm45:r0:th4:5,1406616341500,3,24,8944126
*RES* vm45:r0:th4:6,1406616341504,28,24,8944127
*RES* vm45:r0:th4:7,1406616341533,31,25,8944128
*RES* vm45:r0:th4:8,1406616341564,0,25,8944129
*RES* end node vm45:r0
(main) Thread vm45:r0 joined
Worker terminating correctly
