OSMeF worker starting
Enabling core dumping
Listening for command connection
CONF: mapper on port 23330
CONF: -> will serve 43 reducers
(main) new thread ID: vm32:m0
(vm32:m0) Mapper thread started
(vm32:m0) Binding to port 23330
(vm32:m0) Got START signal
(vm32:m0) new thread ID: vm32:m0:th0
(vm32:m0:th0) waiting for something to do...
CONF: reducer
(main) new thread ID: vm32:r0
(vm32:r0) Reducer thread started
(vm32:r0) waiting for START message
(main) Waiting for thread vm32:m0 to join...
(vm32:r0) got START message
(vm32:r0) new thread ID: th0
(vm32:r0) new thread ID: th1
(vm32:r0) new thread ID: th2
(vm32:r0) new thread ID: th3
(vm32:r0) new thread ID: th4
(vm32:r0:th3:0) Connection established with mapper vm4:m0
(vm32:r0:th4:0) Connection established with mapper vm5:m0
(vm32:r0:th2:0) Connection established with mapper vm3:m0
(vm32:r0:th1:0) Connection established with mapper vm2:m0
(vm32:r0:th0:0) Connection established with mapper vm1:m0
(vm32:r0:th1:0) Connection to vm2:m0 finished, received 1 bytes
(vm32:r0:th1:1) Connection established with mapper vm7:m0
(vm32:r0:th1:1) Connection to vm7:m0 finished, received 5807150 bytes
(vm32:r0:th1:2) Connection established with mapper vm12:m0
(vm32:r0:th4:0) Connection to vm5:m0 finished, received 5807149 bytes
(vm32:r0:th4:1) Connection established with mapper vm10:m0
(vm32:r0:th4:1) Connection to vm10:m0 finished, received 5807150 bytes
(vm32:r0:th4:2) Connection established with mapper vm15:m0
(vm32:r0:th4:2) Connection to vm15:m0 finished, received 5807151 bytes
(vm32:r0:th4:3) Connection established with mapper vm20:m0
(vm32:r0:th4:3) Connection to vm20:m0 finished, received 5807152 bytes
(vm32:r0:th2:0) Connection to vm3:m0 finished, received 5807149 bytes
(vm32:r0:th4:4) Connection established with mapper vm25:m0
(vm32:r0:th2:1) Connection established with mapper vm8:m0
(vm32:r0:th4:4) Connection to vm25:m0 finished, received 5807153 bytes
(vm32:r0:th2:1) Connection to vm8:m0 finished, received 5807150 bytes
(vm32:r0:th4:5) Connection established with mapper vm30:m0
(vm32:r0:th2:2) Connection established with mapper vm13:m0
(vm32:r0:th2:2) Connection to vm13:m0 finished, received 5807151 bytes
(vm32:r0:th2:3) Connection established with mapper vm18:m0
(vm32:r0:th2:3) Connection to vm18:m0 finished, received 5807152 bytes
(vm32:r0:th2:4) Connection established with mapper vm23:m0
(vm32:r0:th2:4) Connection to vm23:m0 finished, received 5807153 bytes
(vm32:r0:th2:5) Connection established with mapper vm28:m0
(vm32:r0:th3:0) Connection to vm4:m0 finished, received 5807149 bytes
(vm32:r0:th0:0) Connection to vm1:m0 finished, received 5807149 bytes
(vm32:r0:th0:1) Connection established with mapper vm6:m0
(vm32:r0:th3:1) Connection established with mapper vm9:m0
(vm32:r0:th3:1) Connection to vm9:m0 finished, received 5807150 bytes
(vm32:r0:th0:1) Connection to vm6:m0 finished, received 5807150 bytes
(vm32:r0:th3:2) Connection established with mapper vm14:m0
(vm32:r0:th0:2) Connection established with mapper vm11:m0
(vm32:r0:th0:2) Connection to vm11:m0 finished, received 5807151 bytes
(vm32:r0:th3:2) Connection to vm14:m0 finished, received 5807151 bytes
(vm32:r0:th0:3) Connection established with mapper vm16:m0
(vm32:r0:th3:3) Connection established with mapper vm19:m0
(vm32:r0:th3:3) Connection to vm19:m0 finished, received 5807152 bytes
(vm32:r0:th0:3) Connection to vm16:m0 finished, received 5807152 bytes
(vm32:r0:th0:4) Connection established with mapper vm21:m0
(vm32:r0:th3:4) Connection established with mapper vm24:m0
(vm32:r0:th3:4) Connection to vm24:m0 finished, received 5807153 bytes
(vm32:r0:th3:5) Connection established with mapper vm29:m0
(vm32:r0:th1:2) Connection to vm12:m0 finished, received 11614299 bytes
(vm32:r0:th1:3) Connection established with mapper vm17:m0
(vm32:r0:th1:3) Connection to vm17:m0 finished, received 11614300 bytes
(vm32:r0:th1:4) Connection established with mapper vm22:m0
(vm32:r0:th1:4) Connection to vm22:m0 finished, received 11614301 bytes
(vm32:r0:th1:5) Connection established with mapper vm27:m0
(vm32:r0:th2:5) Connection to vm28:m0 finished, received 11614302 bytes
(vm32:r0:th2:6) Connection established with mapper vm33:m0
(vm32:r0:th4:5) Connection to vm30:m0 finished, received 11614302 bytes
(vm32:r0:th4:6) Connection established with mapper vm35:m0
(vm32:r0:th0:4) Connection to vm21:m0 finished, received 11614301 bytes
(vm32:r0:th0:5) Connection established with mapper vm26:m0
(vm32:m0) Got connection from reducer vm27:r0
(vm32:m0) new thread ID: vm32:m0:th1
(vm32:m0:th0) connection started, have to send 5807148 bytes to vm27:r0
(vm32:m0:th1) waiting for something to do...
(vm32:r0:th3:5) Connection to vm29:m0 finished, received 11614302 bytes
(vm32:r0:th3:6) Connection established with mapper vm34:m0
(vm32:m0) Got connection from reducer vm26:r0
(vm32:m0) new thread ID: vm32:m0:th2
(vm32:m0:th1) connection started, have to send 5807148 bytes to vm26:r0
(vm32:m0:th2) waiting for something to do...
(vm32:m0) Got connection from reducer vm11:r0
(vm32:m0) new thread ID: vm32:m0:th3
(vm32:m0:th2) connection started, have to send 5807148 bytes to vm11:r0
(vm32:m0:th3) waiting for something to do...
(vm32:m0) Got connection from reducer vm9:r0
(vm32:m0) new thread ID: vm32:m0:th4
(vm32:m0:th3) connection started, have to send 5807148 bytes to vm9:r0
(vm32:m0:th4) waiting for something to do...
(vm32:m0) Got connection from reducer vm6:r0
(vm32:m0) new thread ID: vm32:m0:th5
(vm32:m0:th4) connection started, have to send 5807148 bytes to vm6:r0
(vm32:m0:th5) waiting for something to do...
(vm32:m0:th2) all data sent, closing connection to vm11:r0
(vm32:m0:th2) waiting for something to do...
(vm32:m0) Got connection from reducer vm31:r0
(vm32:m0:th5) connection started, have to send 5807148 bytes to vm31:r0
(vm32:m0:th3) all data sent, closing connection to vm9:r0
(vm32:m0:th3) waiting for something to do...
(vm32:m0) Got connection from reducer vm42:r0
(vm32:m0:th2) connection started, have to send 5807148 bytes to vm42:r0
(vm32:m0:th2) all data sent, closing connection to vm42:r0
(vm32:m0:th2) waiting for something to do...
(vm32:m0) Got connection from reducer vm41:r0
(vm32:m0:th3) connection started, have to send 5807148 bytes to vm41:r0
(vm32:m0:th3) all data sent, closing connection to vm41:r0
(vm32:m0:th3) waiting for something to do...
(vm32:m0) Got connection from reducer vm39:r0
(vm32:m0:th2) connection started, have to send 5807148 bytes to vm39:r0
(vm32:m0:th2) all data sent, closing connection to vm39:r0
(vm32:m0:th2) waiting for something to do...
(vm32:r0:th2:6) Connection to vm33:m0 finished, received 17421451 bytes
(vm32:r0:th2:7) Connection established with mapper vm38:m0
(vm32:m0:th4) all data sent, closing connection to vm6:r0
(vm32:m0:th4) waiting for something to do...
(vm32:r0:th2:7) Connection to vm38:m0 finished, received 17421452 bytes
(vm32:r0:th2:8) Connection established with mapper vm43:m0
(vm32:r0:th2:8) Connection to vm43:m0 finished, received 17421453 bytes
(vm32:r0:th2) Got data from all mappers, this reducer connection has finished.
(vm32:m0) Got connection from reducer vm15:r0
(vm32:m0:th3) connection started, have to send 5807148 bytes to vm15:r0
(vm32:m0:th3) all data sent, closing connection to vm15:r0
(vm32:m0:th3) waiting for something to do...
(vm32:m0) Got connection from reducer vm33:r0
(vm32:m0:th2) connection started, have to send 5807148 bytes to vm33:r0
(vm32:m0:th2) all data sent, closing connection to vm33:r0
(vm32:m0:th2) waiting for something to do...
(vm32:r0:th0:5) Connection to vm26:m0 finished, received 17421450 bytes
(vm32:r0:th0:6) Connection established with mapper vm31:m0
(vm32:m0) Got connection from reducer vm43:r0
(vm32:m0:th3) connection started, have to send 5807148 bytes to vm43:r0
(vm32:m0:th3) all data sent, closing connection to vm43:r0
(vm32:m0:th3) waiting for something to do...
(vm32:m0) Got connection from reducer vm20:r0
(vm32:m0:th2) connection started, have to send 5807148 bytes to vm20:r0
(vm32:m0:th2) all data sent, closing connection to vm20:r0
(vm32:m0:th2) waiting for something to do...
(vm32:m0) Got connection from reducer vm5:r0
(vm32:m0:th3) connection started, have to send 5807148 bytes to vm5:r0
(vm32:m0:th3) all data sent, closing connection to vm5:r0
(vm32:m0:th3) waiting for something to do...
(vm32:m0) Got connection from reducer vm25:r0
(vm32:m0:th2) connection started, have to send 5807148 bytes to vm25:r0
(vm32:m0:th2) all data sent, closing connection to vm25:r0
(vm32:m0:th2) waiting for something to do...
(vm32:m0) Got connection from reducer vm35:r0
(vm32:m0) Got connection from reducer vm21:r0
(vm32:m0:th3) connection started, have to send 5807148 bytes to vm35:r0
(vm32:m0:th2) connection started, have to send 5807148 bytes to vm21:r0
(vm32:m0:th2) all data sent, closing connection to vm21:r0
(vm32:m0:th2) waiting for something to do...
(vm32:m0:th3) all data sent, closing connection to vm35:r0
(vm32:m0:th3) waiting for something to do...
(vm32:m0:th5) all data sent, closing connection to vm31:r0
(vm32:m0:th5) waiting for something to do...
(vm32:r0:th4:6) Connection to vm35:m0 finished, received 17421451 bytes
(vm32:r0:th4:7) Connection established with mapper vm40:m0
(vm32:m0) Got connection from reducer vm23:r0
(vm32:m0:th4) connection started, have to send 5807148 bytes to vm23:r0
(vm32:m0:th4) all data sent, closing connection to vm23:r0
(vm32:m0:th4) waiting for something to do...
(vm32:m0) Got connection from reducer vm19:r0
(vm32:m0) Got connection from reducer vm8:r0
(vm32:m0:th2) connection started, have to send 5807148 bytes to vm19:r0
(vm32:m0:th2) all data sent, closing connection to vm19:r0
(vm32:m0:th2) waiting for something to do...
(vm32:m0:th3) connection started, have to send 5807148 bytes to vm8:r0
(vm32:m0:th3) all data sent, closing connection to vm8:r0
(vm32:m0:th3) waiting for something to do...
(vm32:m0) Got connection from reducer vm18:r0
(vm32:m0:th4) connection started, have to send 5807148 bytes to vm18:r0
(vm32:m0:th4) all data sent, closing connection to vm18:r0
(vm32:m0:th4) waiting for something to do...
(vm32:r0:th0:6) Connection to vm31:m0 finished, received 23228599 bytes
(vm32:r0:th0:7) Connection established with mapper vm36:m0
(vm32:r0:th0:7) Connection to vm36:m0 finished, received 23228600 bytes
(vm32:r0:th0:8) Connection established with mapper vm41:m0
(vm32:r0:th1:5) Connection to vm27:m0 finished, received 17421450 bytes
(vm32:r0:th1:6) Connection established with mapper vm32:m0
(vm32:m0) Got connection from reducer vm32:r0
(vm32:m0:th2) connection started, have to send 5807148 bytes to vm32:r0
(vm32:m0:th2) all data sent, closing connection to vm32:r0
(vm32:m0:th2) waiting for something to do...
(vm32:r0:th1:6) Connection to vm32:m0 finished, received 17421451 bytes
(vm32:m0) Got connection from reducer vm10:r0
(vm32:m0:th3) connection started, have to send 5807148 bytes to vm10:r0
(vm32:m0:th3) all data sent, closing connection to vm10:r0
(vm32:m0:th3) waiting for something to do...
(vm32:r0:th1:7) Connection established with mapper vm37:m0
(vm32:m0) Got connection from reducer vm17:r0
(vm32:m0:th2) connection started, have to send 5807148 bytes to vm17:r0
(vm32:m0:th2) all data sent, closing connection to vm17:r0
(vm32:m0:th2) waiting for something to do...
(vm32:r0:th1:7) Connection to vm37:m0 finished, received 17421452 bytes
(vm32:r0:th1:8) Connection established with mapper vm42:m0
(vm32:r0:th1:8) Connection to vm42:m0 finished, received 17421453 bytes
(vm32:r0:th1) Got data from all mappers, this reducer connection has finished.
(vm32:m0) Got connection from reducer vm22:r0
(vm32:m0:th3) connection started, have to send 5807148 bytes to vm22:r0
(vm32:m0:th3) all data sent, closing connection to vm22:r0
(vm32:m0:th3) waiting for something to do...
(vm32:m0) Got connection from reducer vm7:r0
(vm32:m0:th2) connection started, have to send 5807148 bytes to vm7:r0
(vm32:m0:th2) all data sent, closing connection to vm7:r0
(vm32:m0:th2) waiting for something to do...
(vm32:m0) Got connection from reducer vm12:r0
(vm32:m0) Got connection from reducer vm38:r0
(vm32:m0:th3) connection started, have to send 5807148 bytes to vm12:r0
(vm32:m0:th3) all data sent, closing connection to vm12:r0
(vm32:m0:th3) waiting for something to do...
(vm32:m0:th2) connection started, have to send 5807148 bytes to vm38:r0
(vm32:m0:th2) all data sent, closing connection to vm38:r0
(vm32:m0:th2) waiting for something to do...
(vm32:m0) Got connection from reducer vm30:r0
(vm32:m0:th4) connection started, have to send 5807148 bytes to vm30:r0
(vm32:m0:th4) all data sent, closing connection to vm30:r0
(vm32:m0:th4) waiting for something to do...
(vm32:m0) Got connection from reducer vm24:r0
(vm32:m0:th2) connection started, have to send 5807148 bytes to vm24:r0
(vm32:m0:th2) all data sent, closing connection to vm24:r0
(vm32:m0:th2) waiting for something to do...
(vm32:m0) Got connection from reducer vm14:r0
(vm32:m0:th3) connection started, have to send 5807148 bytes to vm14:r0
(vm32:m0:th3) all data sent, closing connection to vm14:r0
(vm32:m0:th3) waiting for something to do...
(vm32:m0) Got connection from reducer vm13:r0
(vm32:m0:th2) connection started, have to send 5807148 bytes to vm13:r0
(vm32:m0:th2) all data sent, closing connection to vm13:r0
(vm32:m0:th2) waiting for something to do...
(vm32:m0) Got connection from reducer vm36:r0
(vm32:m0:th3) connection started, have to send 5807148 bytes to vm36:r0
(vm32:m0:th3) all data sent, closing connection to vm36:r0
(vm32:m0:th3) waiting for something to do...
(vm32:m0) Got connection from reducer vm16:r0
(vm32:m0:th2) connection started, have to send 5807148 bytes to vm16:r0
(vm32:m0:th2) all data sent, closing connection to vm16:r0
(vm32:m0:th2) waiting for something to do...
(vm32:m0) Got connection from reducer vm29:r0
(vm32:m0:th3) connection started, have to send 5807148 bytes to vm29:r0
(vm32:m0:th3) all data sent, closing connection to vm29:r0
(vm32:m0:th3) waiting for something to do...
(vm32:m0) Got connection from reducer vm2:r0
(vm32:m0:th2) connection started, have to send 5807148 bytes to vm2:r0
(vm32:m0:th2) all data sent, closing connection to vm2:r0
(vm32:m0:th2) waiting for something to do...
(vm32:m0:th0) all data sent, closing connection to vm27:r0
(vm32:m0:th0) waiting for something to do...
(vm32:m0) Got connection from reducer vm37:r0
(vm32:m0:th3) connection started, have to send 5807148 bytes to vm37:r0
(vm32:m0:th3) all data sent, closing connection to vm37:r0
(vm32:m0:th3) waiting for something to do...
(vm32:m0) Got connection from reducer vm3:r0
(vm32:m0:th0) connection started, have to send 5807148 bytes to vm3:r0
(vm32:m0:th0) all data sent, closing connection to vm3:r0
(vm32:m0:th0) waiting for something to do...
(vm32:m0) Got connection from reducer vm1:r0
(vm32:m0:th2) connection started, have to send 5807148 bytes to vm1:r0
(vm32:m0:th2) all data sent, closing connection to vm1:r0
(vm32:m0:th2) waiting for something to do...
(vm32:m0) Got connection from reducer vm28:r0
(vm32:m0:th0) connection started, have to send 5807148 bytes to vm28:r0
(vm32:m0:th0) all data sent, closing connection to vm28:r0
(vm32:m0:th0) waiting for something to do...
(vm32:m0) Got connection from reducer vm4:r0
(vm32:m0:th2) connection started, have to send 5807148 bytes to vm4:r0
(vm32:m0:th2) all data sent, closing connection to vm4:r0
(vm32:m0:th2) waiting for something to do...
(vm32:m0:th1) all data sent, closing connection to vm26:r0
(vm32:m0:th1) waiting for something to do...
(vm32:r0:th0:8) Connection to vm41:m0 finished, received 29035749 bytes
(vm32:r0:th0) Got data from all mappers, this reducer connection has finished.
(vm32:r0) thread th0 joined, 4 connection threads remaining
(vm32:r0) thread th1 joined, 3 connection threads remaining
(vm32:r0) thread th2 joined, 2 connection threads remaining
(vm32:r0:th3:6) Connection to vm34:m0 finished, received 17421451 bytes
(vm32:r0:th3:7) Connection established with mapper vm39:m0
(vm32:r0:th3:7) Connection to vm39:m0 finished, received 17421452 bytes
(vm32:r0:th3) Got data from all mappers, this reducer connection has finished.
(vm32:r0) thread th3 joined, 1 connection threads remaining
(vm32:m0) Got connection from reducer vm40:r0
(vm32:m0:th0) connection started, have to send 5807148 bytes to vm40:r0
(vm32:m0:th0) all data sent, closing connection to vm40:r0
(vm32:m0:th0) waiting for something to do...
(vm32:r0:th4:7) Connection to vm40:m0 finished, received 23228600 bytes
(vm32:r0:th4) Got data from all mappers, this reducer connection has finished.
(vm32:r0) thread th4 joined, 0 connection threads remaining
(vm32:r0) all done, exiting
(vm32:m0) Got connection from reducer vm34:r0
(vm32:m0) All reducers connected, waiting for threads to terminate
(vm32:m0) waiting on semaphore
(vm32:m0) -> 1 threads still running
(vm32:m0) waiting on semaphore
(vm32:m0) -> 1 threads still running
(vm32:m0) waiting on semaphore
(vm32:m0) -> 1 threads still running
(vm32:m0) waiting on semaphore
(vm32:m0) -> 1 threads still running
(vm32:m0) waiting on semaphore
(vm32:m0) -> 1 threads still running
(vm32:m0) waiting on semaphore
(vm32:m0) -> 1 threads still running
(vm32:m0) waiting on semaphore
(vm32:m0) -> 1 threads still running
(vm32:m0) waiting on semaphore
(vm32:m0) -> 1 threads still running
(vm32:m0) waiting on semaphore
(vm32:m0) -> 1 threads still running
(vm32:m0) waiting on semaphore
(vm32:m0) -> 1 threads still running
(vm32:m0) waiting on semaphore
(vm32:m0) -> 1 threads still running
(vm32:m0) waiting on semaphore
(vm32:m0) -> 1 threads still running
(vm32:m0) waiting on semaphore
(vm32:m0) -> 1 threads still running
(vm32:m0) waiting on semaphore
(vm32:m0) -> 1 threads still running
(vm32:m0) waiting on semaphore
(vm32:m0) -> 1 threads still running
(vm32:m0) waiting on semaphore
(vm32:m0) -> 1 threads still running
(vm32:m0) waiting on semaphore
(vm32:m0) -> 1 threads still running
(vm32:m0) waiting on semaphore
(vm32:m0) -> 1 threads still running
(vm32:m0) waiting on semaphore
(vm32:m0) -> 1 threads still running
(vm32:m0) waiting on semaphore
(vm32:m0) -> 1 threads still running
(vm32:m0) waiting on semaphore
(vm32:m0) -> 1 threads still running
(vm32:m0) waiting on semaphore
(vm32:m0) -> 1 threads still running
(vm32:m0) waiting on semaphore
(vm32:m0) -> 1 threads still running
(vm32:m0) waiting on semaphore
(vm32:m0) -> 1 threads still running
(vm32:m0) waiting on semaphore
(vm32:m0) -> 1 threads still running
(vm32:m0) waiting on semaphore
(vm32:m0) -> 1 threads still running
(vm32:m0) waiting on semaphore
(vm32:m0) -> 1 threads still running
(vm32:m0) waiting on semaphore
(vm32:m0) -> 1 threads still running
(vm32:m0) waiting on semaphore
(vm32:m0) -> 1 threads still running
(vm32:m0) waiting on semaphore
(vm32:m0) -> 1 threads still running
(vm32:m0) waiting on semaphore
(vm32:m0) -> 1 threads still running
(vm32:m0) waiting on semaphore
(vm32:m0) -> 1 threads still running
(vm32:m0) waiting on semaphore
(vm32:m0) -> 1 threads still running
(vm32:m0) waiting on semaphore
(vm32:m0) -> 1 threads still running
(vm32:m0) waiting on semaphore
(vm32:m0) -> 1 threads still running
(vm32:m0) waiting on semaphore
(vm32:m0) -> 1 threads still running
(vm32:m0) waiting on semaphore
(vm32:m0) -> 1 threads still running
(vm32:m0) waiting on semaphore
(vm32:m0) -> 1 threads still running
(vm32:m0) waiting on semaphore
(vm32:m0) -> 1 threads still running
(vm32:m0) waiting on semaphore
(vm32:m0:th1) connection started, have to send 5807148 bytes to vm34:r0
(vm32:m0:th1) all data sent, closing connection to vm34:r0
(vm32:m0:th1) waiting for something to do...
(vm32:m0) Sending exit signal to all threads
(vm32:m0:th2) got exit signal
(vm32:m0:th3) got exit signal
(vm32:m0:th4) got exit signal
(vm32:m0:th5) got exit signal
(vm32:m0:th1) got exit signal
(vm32:m0:th0) got exit signal
(vm32:m0) thread vm32:m0:th0 joined
(vm32:m0) thread vm32:m0:th1 joined
(vm32:m0) thread vm32:m0:th2 joined
(vm32:m0) thread vm32:m0:th3 joined
(vm32:m0) thread vm32:m0:th4 joined
(vm32:m0) thread vm32:m0:th5 joined
(vm32:m0) all done, exiting
*RES* start node vm32:m0
*RES* vm32:m0:th2,1406557382833,60,6,5807149
*RES* vm32:m0:th3,1406557382843,66,6,5807149
*RES* vm32:m0:th2,1406557382914,0,6,5807149
*RES* vm32:m0:th3,1406557382915,0,6,5807149
*RES* vm32:m0:th2,1406557382917,0,7,5807149
*RES* vm32:m0:th3,1406557382935,0,6,5807149
*RES* vm32:m0:th2,1406557382936,0,7,5807149
*RES* vm32:m0:th3,1406557382953,0,6,5807149
*RES* vm32:m0:th2,1406557382966,0,7,5807149
*RES* vm32:m0:th3,1406557382973,0,6,5807149
*RES* vm32:m0:th2,1406557383003,0,7,5807149
*RES* vm32:m0:th4,1406557382846,82,6,5807149
*RES* vm32:m0:th2,1406557383013,0,7,5807149
*RES* vm32:m0:th3,1406557383013,0,7,5807149
*RES* vm32:m0:th4,1406557383024,0,6,5807149
*RES* vm32:m0:th2,1406557383028,0,7,5807149
*RES* vm32:m0:th3,1406557383029,0,7,5807149
*RES* vm32:m0:th2,1406557383045,0,7,5807149
*RES* vm32:m0:th3,1406557383046,0,7,5807149
*RES* vm32:m0:th2,1406557383051,0,7,5807149
*RES* vm32:m0:th3,1406557383054,0,7,5807149
*RES* vm32:m0:th2,1406557383056,0,8,5807149
*RES* vm32:m0:th4,1406557383034,0,6,5807149
*RES* vm32:m0:th2,1406557383062,0,8,5807149
*RES* vm32:m0:th3,1406557383062,0,7,5807149
*RES* vm32:m0:th2,1406557383070,0,8,5807149
*RES* vm32:m0:th3,1406557383084,0,7,5807149
*RES* vm32:m0:th2,1406557383089,0,8,5807149
*RES* vm32:m0:th3,1406557383090,0,7,5807149
*RES* vm32:m0:th2,1406557383093,0,8,5807149
*RES* vm32:m0:th3,1406557383099,0,7,5807149
*RES* vm32:m0:th0,1406557382755,353,6,5807149
*RES* vm32:m0:th2,1406557383102,0,8,5807149
*RES* vm32:m0:th0,1406557383112,0,6,5807149
*RES* vm32:m0:th2,1406557383114,0,8,5807149
*RES* vm32:m0:th0,1406557383122,0,6,5807149
*RES* vm32:m0:th1,1406557382807,322,6,5807149
*RES* vm32:m0:th0,1406557383162,0,6,5807149
*RES* vm32:m0:th1,1406557383181,0,6,5807149
*RES* vm32:m0:th2,1406557383125,0,8,5807149
*RES* vm32:m0:th3,1406557383111,1,7,5807149
*RES* vm32:m0:th4,1406557383070,0,6,5807149
*RES* vm32:m0:th5,1406557382905,111,6,5807149
*RES* end node vm32:m0
(main) Thread vm32:m0 joined
(main) Waiting for thread vm32:m0 to join...
*RES* start node vm32:r0
*RES* vm32:r0:th0:0,1406557382117,420,10,5807149
*RES* vm32:r0:th0:1,1406557382538,15,10,5807150
*RES* vm32:r0:th0:2,1406557382552,7,10,5807151
*RES* vm32:r0:th0:3,1406557382559,5,11,5807152
*RES* vm32:r0:th0:4,1406557382565,165,23,11614301
*RES* vm32:r0:th0:5,1406557382729,207,33,17421450
*RES* vm32:r0:th0:6,1406557382937,98,44,23228599
*RES* vm32:r0:th0:7,1406557383035,5,44,23228600
*RES* vm32:r0:th0:8,1406557383040,104,53,29035749
*RES* vm32:r0:th1:0,1406557382117,6,0,1
*RES* vm32:r0:th1:1,1406557382123,246,10,5807150
*RES* vm32:r0:th1:2,1406557382370,277,22,11614299
*RES* vm32:r0:th1:3,1406557382647,8,22,11614300
*RES* vm32:r0:th1:4,1406557382655,8,22,11614301
*RES* vm32:r0:th1:5,1406557382663,382,34,17421450
*RES* vm32:r0:th1:6,1406557383045,1,34,17421451
*RES* vm32:r0:th1:7,1406557383045,5,34,17421452
*RES* vm32:r0:th1:8,1406557383051,3,34,17421453
*RES* vm32:r0:th2:0,1406557382117,357,11,5807149
*RES* vm32:r0:th2:1,1406557382475,2,11,5807150
*RES* vm32:r0:th2:2,1406557382476,4,12,5807151
*RES* vm32:r0:th2:3,1406557382480,7,12,5807152
*RES* vm32:r0:th2:4,1406557382487,4,12,5807153
*RES* vm32:r0:th2:5,1406557382492,212,23,11614302
*RES* vm32:r0:th2:6,1406557382704,216,35,17421451
*RES* vm32:r0:th2:7,1406557382920,9,35,17421452
*RES* vm32:r0:th2:8,1406557382930,3,35,17421453
*RES* vm32:r0:th3:0,1406557382117,420,12,5807149
*RES* vm32:r0:th3:1,1406557382537,11,12,5807150
*RES* vm32:r0:th3:2,1406557382549,11,12,5807151
*RES* vm32:r0:th3:3,1406557382560,5,13,5807152
*RES* vm32:r0:th3:4,1406557382564,10,13,5807153
*RES* vm32:r0:th3:5,1406557382575,200,26,11614302
*RES* vm32:r0:th3:6,1406557382775,379,37,17421451
*RES* vm32:r0:th3:7,1406557383155,1,37,17421452
*RES* vm32:r0:th4:0,1406557382117,339,12,5807149
*RES* vm32:r0:th4:1,1406557382457,3,13,5807150
*RES* vm32:r0:th4:2,1406557382460,7,13,5807151
*RES* vm32:r0:th4:3,1406557382467,7,13,5807152
*RES* vm32:r0:th4:4,1406557382474,3,13,5807153
*RES* vm32:r0:th4:5,1406557382476,243,25,11614302
*RES* vm32:r0:th4:6,1406557382719,298,36,17421451
*RES* vm32:r0:th4:7,1406557383017,161,46,23228600
*RES* end node vm32:r0
(main) Thread vm32:r0 joined
Worker terminating correctly
