OSMeF worker starting
Enabling core dumping
Listening for command connection
(vm16:m0) New mapper on port 23330
(vm16:m0) -> reducer data size 17179869
(vm16:m0) -> reducer data size 17179869
(vm16:m0) -> reducer data size 17179869
(vm16:m0) -> reducer data size 17179869
(vm16:m0) -> reducer data size 17179869
(vm16:m0) -> reducer data size 17179869
(vm16:m0) -> reducer data size 17179869
(vm16:m0) -> reducer data size 17179869
(vm16:m0) -> reducer data size 17179869
(vm16:m0) -> reducer data size 17179869
(vm16:m0) -> reducer data size 17179869
(vm16:m0) -> reducer data size 17179869
(vm16:m0) -> reducer data size 17179869
(vm16:m0) -> reducer data size 17179869
(vm16:m0) -> reducer data size 17179869
(vm16:m0) -> reducer data size 17179869
(vm16:m0) -> reducer data size 17179869
(vm16:m0) -> reducer data size 17179869
(vm16:m0) -> reducer data size 17179869
(vm16:m0) -> reducer data size 17179869
(vm16:m0) -> reducer data size 17179869
(vm16:m0) -> reducer data size 17179869
(vm16:m0) -> reducer data size 17179869
(vm16:m0) -> reducer data size 17179869
(vm16:m0) -> reducer data size 17179869
(vm16:m0) Mapper thread started
(vm16:m0) Allocating data for reducer vm1:r0
(vm16:m0) Allocating data for reducer vm2:r0
(vm16:m0) Allocating data for reducer vm3:r0
(vm16:m0) Allocating data for reducer vm4:r0
(vm16:m0) Allocating data for reducer vm5:r0
(vm16:m0) Allocating data for reducer vm6:r0
(vm16:m0) Allocating data for reducer vm7:r0
(vm16:m0) Allocating data for reducer vm8:r0
(vm16:m0) Allocating data for reducer vm9:r0
(vm16:m0) Allocating data for reducer vm10:r0
(vm16:m0) Allocating data for reducer vm11:r0
(vm16:m0) Allocating data for reducer vm12:r0
(vm16:m0) Allocating data for reducer vm13:r0
(vm16:m0) Allocating data for reducer vm14:r0
(vm16:m0) Allocating data for reducer vm15:r0
(vm16:m0) Allocating data for reducer vm16:r0
(vm16:m0) Allocating data for reducer vm17:r0
(vm16:m0) Allocating data for reducer vm18:r0
(vm16:m0) Allocating data for reducer vm19:r0
(vm16:m0) Allocating data for reducer vm20:r0
(vm16:m0) Allocating data for reducer vm21:r0
(vm16:m0) Allocating data for reducer vm22:r0
(vm16:m0) Allocating data for reducer vm23:r0
(vm16:m0) Allocating data for reducer vm24:r0
(vm16:m0) Allocating data for reducer vm25:r0
(vm16:m0) Binding to port 23330
(vm16:r0) New reducer
(vm16:r0) Reducer thread started
(vm16:r0) waiting for START message
(vm16:r0) got START message
(vm16:r0) Starting new connection thread
(vm16:r0) Starting new connection thread
(vm16:r0) Starting new connection thread
(vm16:r0) Starting new connection thread
(vm16:r0) Starting new connection thread
(vm16:r0) Maximum number of connections reached (5), waiting for a thread to finish
(vm16:r0:1) Connection established
(vm16:r0:4) Connection established
(vm16:r0:3) Connection established
(vm16:r0:2) Connection established
(vm16:r0:0) Connection established
(vm16:r0:3) Connection finished, received 17179870 bytes
(vm16:r0:2) Connection finished, received 17179870 bytes
(vm16:r0:4) Connection finished, received 17179870 bytes
(vm16:r0:1) Connection finished, received 17179870 bytes
(vm16:r0:0) Connection finished, received 17179870 bytes
(vm16:r0) thread 0 joined, 24 connections remaining
(vm16:r0) Starting new connection thread
(vm16:r0) Maximum number of connections reached (5), waiting for a thread to finish
(vm16:r0:0) Connection established
(vm16:r0:0) Connection finished, received 17179870 bytes
(vm16:r0) thread 0 joined, 23 connections remaining
(vm16:r0) Starting new connection thread
(vm16:r0) Maximum number of connections reached (5), waiting for a thread to finish
(vm16:r0:0) Connection established
(vm16:r0:0) Connection finished, received 17179870 bytes
(vm16:r0) thread 0 joined, 22 connections remaining
(vm16:r0) Starting new connection thread
(vm16:r0) Maximum number of connections reached (5), waiting for a thread to finish
(vm16:r0:0) Connection established
(vm16:m0) Got connection from reducer vm1:r0
(vm16:m0:0) thread started, have to send 17179869 bytes
(vm16:m0) Got connection from reducer vm12:r0
(vm16:m0:0) all data sent, thread exiting
(vm16:m0:11) thread started, have to send 17179869 bytes
(vm16:m0:11) all data sent, thread exiting
(vm16:r0:0) Connection finished, received 17179870 bytes
(vm16:r0) thread 0 joined, 21 connections remaining
(vm16:r0) Starting new connection thread
(vm16:r0) Maximum number of connections reached (5), waiting for a thread to finish
(vm16:r0:0) Connection established
(vm16:m0) Got connection from reducer vm18:r0
(vm16:m0:17) thread started, have to send 17179869 bytes
(vm16:m0:17) all data sent, thread exiting
(vm16:m0) Got connection from reducer vm10:r0
(vm16:m0:9) thread started, have to send 17179869 bytes
(vm16:m0) Got connection from reducer vm6:r0
(vm16:m0:5) thread started, have to send 17179869 bytes
(vm16:m0) Got connection from reducer vm17:r0
(vm16:m0:16) thread started, have to send 17179869 bytes
(vm16:r0:0) Connection finished, received 17179870 bytes
(vm16:r0) thread 0 joined, 20 connections remaining
(vm16:r0) Starting new connection thread
(vm16:r0) Maximum number of connections reached (5), waiting for a thread to finish
(vm16:r0:0) Connection established
(vm16:m0:5) all data sent, thread exiting
(vm16:m0:16) all data sent, thread exiting
(vm16:m0) Got connection from reducer vm15:r0
(vm16:m0:14) thread started, have to send 17179869 bytes
(vm16:m0:9) all data sent, thread exiting
(vm16:m0) Got connection from reducer vm14:r0
(vm16:m0:13) thread started, have to send 17179869 bytes
(vm16:m0:14) all data sent, thread exiting
(vm16:m0:13) all data sent, thread exiting
(vm16:r0:0) Connection finished, received 17179870 bytes
(vm16:r0) thread 0 joined, 19 connections remaining
(vm16:r0) Starting new connection thread
(vm16:r0) Maximum number of connections reached (5), waiting for a thread to finish
(vm16:r0:0) Connection established
(vm16:m0) Got connection from reducer vm8:r0
(vm16:m0:7) thread started, have to send 17179869 bytes
(vm16:m0) Got connection from reducer vm7:r0
(vm16:m0:6) thread started, have to send 17179869 bytes
(vm16:m0:7) all data sent, thread exiting
(vm16:r0:0) Connection finished, received 17179870 bytes
(vm16:r0) thread 0 joined, 18 connections remaining
(vm16:r0) Starting new connection thread
(vm16:r0) Maximum number of connections reached (5), waiting for a thread to finish
(vm16:r0:0) Connection established
(vm16:m0) Got connection from reducer vm13:r0
(vm16:m0:12) thread started, have to send 17179869 bytes
(vm16:m0:6) all data sent, thread exiting
(vm16:m0) Got connection from reducer vm9:r0
(vm16:m0:8) thread started, have to send 17179869 bytes
(vm16:m0) Got connection from reducer vm2:r0
(vm16:m0:1) thread started, have to send 17179869 bytes
(vm16:m0) Got connection from reducer vm4:r0
(vm16:m0:3) thread started, have to send 17179869 bytes
(vm16:m0:12) all data sent, thread exiting
(vm16:m0) Got connection from reducer vm23:r0
(vm16:m0:22) thread started, have to send 17179869 bytes
(vm16:m0) Got connection from reducer vm20:r0
(vm16:m0:8) all data sent, thread exiting
(vm16:m0:19) thread started, have to send 17179869 bytes
(vm16:r0:0) Connection finished, received 17179870 bytes
(vm16:m0:1) all data sent, thread exiting
(vm16:r0) thread 0 joined, 17 connections remaining
(vm16:r0) Starting new connection thread
(vm16:r0) Maximum number of connections reached (5), waiting for a thread to finish
(vm16:r0:0) Connection established
(vm16:m0:3) all data sent, thread exiting
(vm16:m0:22) all data sent, thread exiting
(vm16:m0:19) all data sent, thread exiting
(vm16:m0) Got connection from reducer vm3:r0
(vm16:m0:2) thread started, have to send 17179869 bytes
(vm16:r0:0) Connection finished, received 17179870 bytes
(vm16:r0) thread 0 joined, 16 connections remaining
(vm16:r0) Starting new connection thread
(vm16:r0) Maximum number of connections reached (5), waiting for a thread to finish
(vm16:r0:0) Connection established
(vm16:m0:2) all data sent, thread exiting
(vm16:m0) Got connection from reducer vm25:r0
(vm16:m0:24) thread started, have to send 17179869 bytes
(vm16:m0:24) all data sent, thread exiting
(vm16:m0) Got connection from reducer vm24:r0
(vm16:m0:23) thread started, have to send 17179869 bytes
(vm16:r0:0) Connection finished, received 17179870 bytes
(vm16:r0) thread 0 joined, 15 connections remaining
(vm16:r0) Starting new connection thread
(vm16:r0) Maximum number of connections reached (5), waiting for a thread to finish
(vm16:r0:0) Connection established
(vm16:m0:23) all data sent, thread exiting
(vm16:m0) Got connection from reducer vm22:r0
(vm16:m0) Got connection from reducer vm19:r0
(vm16:m0:18) thread started, have to send 17179869 bytes
(vm16:m0:21) thread started, have to send 17179869 bytes
(vm16:r0:0) Connection finished, received 17179870 bytes
(vm16:m0) Got connection from reducer vm11:r0
(vm16:r0) thread 0 joined, 14 connections remaining
(vm16:r0) Starting new connection thread
(vm16:r0) Maximum number of connections reached (5), waiting for a thread to finish
(vm16:m0:10) thread started, have to send 17179869 bytes
(vm16:r0:0) Connection established
(vm16:m0) Got connection from reducer vm16:r0
(vm16:m0) Got connection from reducer vm5:r0
(vm16:m0:15) thread started, have to send 17179869 bytes
(vm16:m0:4) thread started, have to send 17179869 bytes
(vm16:m0) Got connection from reducer vm21:r0
(vm16:m0) Waiting for a thread to finish
(vm16:m0) thread 0 joined, 24 connections remaining
(vm16:m0) Waiting for a thread to finish
(vm16:m0) thread 1 joined, 23 connections remaining
(vm16:m0) Waiting for a thread to finish
(vm16:m0) thread 2 joined, 22 connections remaining
(vm16:m0) Waiting for a thread to finish
(vm16:m0) thread 3 joined, 21 connections remaining
(vm16:m0) Waiting for a thread to finish
(vm16:m0:20) thread started, have to send 17179869 bytes
(vm16:m0:18) all data sent, thread exiting
(vm16:m0:21) all data sent, thread exiting
(vm16:m0:15) all data sent, thread exiting
(vm16:r0:0) Connection finished, received 17179870 bytes
(vm16:r0) thread 0 joined, 13 connections remaining
(vm16:r0) Starting new connection thread
(vm16:r0) Maximum number of connections reached (5), waiting for a thread to finish
(vm16:r0:0) Connection established
(vm16:m0:10) all data sent, thread exiting
(vm16:m0:4) all data sent, thread exiting
(vm16:m0:20) all data sent, thread exiting
(vm16:m0) thread 4 joined, 20 connections remaining
(vm16:m0) Waiting for a thread to finish
(vm16:m0) thread 5 joined, 19 connections remaining
(vm16:m0) Waiting for a thread to finish
(vm16:m0) thread 6 joined, 18 connections remaining
(vm16:m0) Waiting for a thread to finish
(vm16:m0) thread 7 joined, 17 connections remaining
(vm16:m0) Waiting for a thread to finish
(vm16:m0) thread 8 joined, 16 connections remaining
(vm16:m0) Waiting for a thread to finish
(vm16:m0) thread 9 joined, 15 connections remaining
(vm16:m0) Waiting for a thread to finish
(vm16:m0) thread 10 joined, 14 connections remaining
(vm16:m0) Waiting for a thread to finish
(vm16:m0) thread 11 joined, 13 connections remaining
(vm16:m0) Waiting for a thread to finish
(vm16:m0) thread 12 joined, 12 connections remaining
(vm16:m0) Waiting for a thread to finish
(vm16:m0) thread 13 joined, 11 connections remaining
(vm16:m0) Waiting for a thread to finish
(vm16:m0) thread 14 joined, 10 connections remaining
(vm16:m0) Waiting for a thread to finish
(vm16:m0) thread 15 joined, 9 connections remaining
(vm16:m0) Waiting for a thread to finish
(vm16:m0) thread 16 joined, 8 connections remaining
(vm16:m0) Waiting for a thread to finish
(vm16:m0) thread 17 joined, 7 connections remaining
(vm16:m0) Waiting for a thread to finish
(vm16:m0) thread 18 joined, 6 connections remaining
(vm16:m0) Waiting for a thread to finish
(vm16:m0) thread 19 joined, 5 connections remaining
(vm16:m0) Waiting for a thread to finish
(vm16:m0) thread 20 joined, 4 connections remaining
(vm16:m0) Waiting for a thread to finish
(vm16:m0) thread 21 joined, 3 connections remaining
(vm16:m0) Waiting for a thread to finish
(vm16:m0) thread 22 joined, 2 connections remaining
(vm16:m0) Waiting for a thread to finish
(vm16:m0) thread 23 joined, 1 connections remaining
(vm16:m0) Waiting for a thread to finish
(vm16:m0) thread 24 joined, 0 connections remaining
(vm16:m0) all done, exiting
*RES* start node vm16:m0
*RES* vm16:m0:0,1404120214806,48,21,17179870
*RES* vm16:m0:1,1404120215831,137,24,17179870
*RES* vm16:m0:2,1404120216123,40,14,17179870
*RES* vm16:m0:3,1404120215882,105,20,17179870
*RES* vm16:m0:4,1404120216407,134,18,17179870
*RES* vm16:m0:5,1404120215176,75,21,17179870
*RES* vm16:m0:6,1404120215738,59,15,17179870
*RES* vm16:m0:7,1404120215692,47,15,17179870
*RES* vm16:m0:8,1404120215806,118,23,17179870
*RES* vm16:m0:9,1404120215168,143,19,17179870
*RES* vm16:m0:10,1404120216402,130,18,17179870
*RES* vm16:m0:11,1404120214856,53,19,17179870
*RES* vm16:m0:12,1404120215790,95,20,17179870
*RES* vm16:m0:13,1404120215350,96,23,17179870
*RES* vm16:m0:14,1404120215298,69,19,17179870
*RES* vm16:m0:15,1404120216405,82,9,17179870
*RES* vm16:m0:16,1404120215202,73,18,17179870
*RES* vm16:m0:17,1404120215007,57,12,17179870
*RES* vm16:m0:18,1404120216357,119,18,17179870
*RES* vm16:m0:19,1404120215931,83,16,17179870
*RES* vm16:m0:20,1404120216433,116,18,17179870
*RES* vm16:m0:21,1404120216357,110,18,17179870
*RES* vm16:m0:22,1404120215900,99,19,17179870
*RES* vm16:m0:23,1404120216284,58,13,17179870
*RES* vm16:m0:24,1404120216220,47,14,17179870
*RES* end node vm16:m0
Node vm16:m0 joined
(vm16:r0:0) Connection finished, received 17179870 bytes
(vm16:r0) thread 0 joined, 12 connections remaining
(vm16:r0) Starting new connection thread
(vm16:r0) Maximum number of connections reached (5), waiting for a thread to finish
(vm16:r0:0) Connection established
(vm16:r0:0) Connection finished, received 17179870 bytes
(vm16:r0) thread 0 joined, 11 connections remaining
(vm16:r0) Starting new connection thread
(vm16:r0) Maximum number of connections reached (5), waiting for a thread to finish
(vm16:r0:0) Connection established
(vm16:r0:0) Connection finished, received 17179870 bytes
(vm16:r0) thread 0 joined, 10 connections remaining
(vm16:r0) Starting new connection thread
(vm16:r0) Maximum number of connections reached (5), waiting for a thread to finish
(vm16:r0:0) Connection established
(vm16:r0:0) Connection finished, received 17179870 bytes
(vm16:r0) thread 0 joined, 9 connections remaining
(vm16:r0) Starting new connection thread
(vm16:r0) Maximum number of connections reached (5), waiting for a thread to finish
(vm16:r0:0) Connection established
(vm16:r0:0) Connection finished, received 17179870 bytes
(vm16:r0) thread 0 joined, 8 connections remaining
(vm16:r0) Starting new connection thread
(vm16:r0) Maximum number of connections reached (5), waiting for a thread to finish
(vm16:r0:0) Connection established
(vm16:r0:0) Connection finished, received 17179870 bytes
(vm16:r0) thread 0 joined, 7 connections remaining
(vm16:r0) Starting new connection thread
(vm16:r0) Maximum number of connections reached (5), waiting for a thread to finish
(vm16:r0:0) Connection established
(vm16:r0:0) Connection finished, received 17179870 bytes
(vm16:r0) thread 0 joined, 6 connections remaining
(vm16:r0) Starting new connection thread
(vm16:r0) Maximum number of connections reached (5), waiting for a thread to finish
(vm16:r0:0) Connection established
(vm16:r0:0) Connection finished, received 17179870 bytes
(vm16:r0) thread 0 joined, 5 connections remaining
(vm16:r0) Starting new connection thread
(vm16:r0) Maximum number of connections reached (5), waiting for a thread to finish
(vm16:r0:0) Connection established
(vm16:r0:0) Connection finished, received 17179870 bytes
(vm16:r0) thread 0 joined, 4 connections remaining
(vm16:r0) Maximum number of connections reached (4), waiting for a thread to finish
(vm16:r0) thread 1 joined, 3 connections remaining
(vm16:r0) Maximum number of connections reached (3), waiting for a thread to finish
(vm16:r0) thread 2 joined, 2 connections remaining
(vm16:r0) Maximum number of connections reached (2), waiting for a thread to finish
(vm16:r0) thread 3 joined, 1 connections remaining
(vm16:r0) Maximum number of connections reached (1), waiting for a thread to finish
(vm16:r0) thread 4 joined, 0 connections remaining
(vm16:r0) all done, exiting
*RES* start node vm16:r0
*RES* vm16:r0:0,1404120213387,586,22,17179870
*RES* vm16:r0:0,1404120213980,295,24,17179870
*RES* vm16:r0:0,1404120214280,358,25,17179870
*RES* vm16:r0:0,1404120214644,288,24,17179870
*RES* vm16:r0:0,1404120214940,290,22,17179870
*RES* vm16:r0:0,1404120215235,309,25,17179870
*RES* vm16:r0:0,1404120215548,203,22,17179870
*RES* vm16:r0:0,1404120215755,211,27,17179870
*RES* vm16:r0:0,1404120215979,155,19,17179870
*RES* vm16:r0:0,1404120216139,159,18,17179870
*RES* vm16:r0:0,1404120216304,91,16,17179870
*RES* vm16:r0:0,1404120216402,84,9,17179870
*RES* vm16:r0:0,1404120216498,106,17,17179870
*RES* vm16:r0:0,1404120216608,41,14,17179870
*RES* vm16:r0:0,1404120216656,75,15,17179870
*RES* vm16:r0:0,1404120216736,42,14,17179870
*RES* vm16:r0:0,1404120216784,37,14,17179870
*RES* vm16:r0:0,1404120216828,45,14,17179870
*RES* vm16:r0:0,1404120216880,27,12,17179870
*RES* vm16:r0:0,1404120216912,26,10,17179870
*RES* vm16:r0:0,1404120216944,30,10,17179870
*RES* vm16:r0:1,1404120213387,545,21,17179870
*RES* vm16:r0:2,1404120213387,485,22,17179870
*RES* vm16:r0:3,1404120213387,442,20,17179870
*RES* vm16:r0:4,1404120213386,534,22,17179870
*RES* end node vm16:r0
Node vm16:r0 joined
Worker terminating correctly
