OSMeF worker starting
Enabling core dumping
Listening for command connection
CONF: mapper on port 23330
CONF: -> will serve 45 reducers
(main) new thread ID: vm12:m0
(vm12:m0) Mapper thread started
(vm12:m0) Binding to port 23330
(vm12:m0) Got START signal
(vm12:m0) new thread ID: vm12:m0:th0
(vm12:m0:th0) waiting for something to do...
CONF: reducer
(main) new thread ID: vm12:r0
(vm12:r0) Reducer thread started
(vm12:r0) waiting for START message
(main) Waiting for thread vm12:m0 to join...
(vm12:r0) got START message
(vm12:r0) new thread ID: th0
(vm12:r0) new thread ID: th1
(vm12:r0) new thread ID: th2
(vm12:r0) new thread ID: th3
(vm12:r0) new thread ID: th4
(vm12:r0:th4:0) Connection established with mapper vm5:m0
(vm12:r0:th1:0) Connection established with mapper vm2:m0
(vm12:r0:th2:0) Connection established with mapper vm3:m0
(vm12:r0:th0:0) Connection established with mapper vm1:m0
(vm12:r0:th3:0) Connection established with mapper vm4:m0
(vm12:m0) Got connection from reducer vm30:r0
(vm12:m0) new thread ID: vm12:m0:th1
(vm12:m0:th0) connection started, have to send 5302428 bytes to vm30:r0
(vm12:m0:th1) waiting for something to do...
(vm12:m0) Got connection from reducer vm41:r0
(vm12:m0) new thread ID: vm12:m0:th2
(vm12:m0:th1) connection started, have to send 5302428 bytes to vm41:r0
(vm12:m0:th2) waiting for something to do...
(vm12:m0) Got connection from reducer vm44:r0
(vm12:m0) new thread ID: vm12:m0:th3
(vm12:m0:th2) connection started, have to send 5302428 bytes to vm44:r0
(vm12:m0:th3) waiting for something to do...
(vm12:m0) Got connection from reducer vm38:r0
(vm12:m0) new thread ID: vm12:m0:th4
(vm12:m0:th3) connection started, have to send 5302428 bytes to vm38:r0
(vm12:m0:th4) waiting for something to do...
(vm12:m0) Got connection from reducer vm40:r0
(vm12:m0) new thread ID: vm12:m0:th5
(vm12:m0) Got connection from reducer vm39:r0
(vm12:m0) new thread ID: vm12:m0:th6
(vm12:m0:th4) connection started, have to send 5302428 bytes to vm40:r0
(vm12:m0:th6) waiting for something to do...
(vm12:m0:th5) waiting for something to do...
(vm12:m0:th5) connection started, have to send 5302428 bytes to vm39:r0
(vm12:m0) Got connection from reducer vm45:r0
(vm12:m0) new thread ID: vm12:m0:th7
(vm12:m0:th6) connection started, have to send 5302428 bytes to vm45:r0
(vm12:m0:th7) waiting for something to do...
(vm12:m0) Got connection from reducer vm36:r0
(vm12:m0) new thread ID: vm12:m0:th8
(vm12:m0:th7) connection started, have to send 5302428 bytes to vm36:r0
(vm12:m0:th8) waiting for something to do...
(vm12:m0) Got connection from reducer vm43:r0
(vm12:m0) new thread ID: vm12:m0:th9
(vm12:m0) Got connection from reducer vm37:r0
(vm12:m0) new thread ID: vm12:m0:th10
(vm12:m0) Got connection from reducer vm35:r0
(vm12:m0) new thread ID: vm12:m0:th11
(vm12:m0) Got connection from reducer vm16:r0
(vm12:m0) new thread ID: vm12:m0:th12
(vm12:m0) Got connection from reducer vm42:r0
(vm12:m0) new thread ID: vm12:m0:th13
(vm12:m0:th8) connection started, have to send 5302428 bytes to vm43:r0
(vm12:m0:th13) waiting for something to do...
(vm12:m0:th10) waiting for something to do...
(vm12:m0:th10) connection started, have to send 5302428 bytes to vm35:r0
(vm12:m0:th12) waiting for something to do...
(vm12:m0:th12) connection started, have to send 5302428 bytes to vm42:r0
(vm12:m0:th9) waiting for something to do...
(vm12:m0:th9) connection started, have to send 5302428 bytes to vm37:r0
(vm12:m0:th11) waiting for something to do...
(vm12:m0:th11) connection started, have to send 5302428 bytes to vm16:r0
(vm12:m0) Got connection from reducer vm28:r0
(vm12:m0) new thread ID: vm12:m0:th14
(vm12:m0:th13) connection started, have to send 5302428 bytes to vm28:r0
(vm12:m0:th14) waiting for something to do...
(vm12:m0) Got connection from reducer vm13:r0
(vm12:m0) new thread ID: vm12:m0:th15
(vm12:m0:th14) connection started, have to send 5302428 bytes to vm13:r0
(vm12:m0:th15) waiting for something to do...
(vm12:m0:th0) all data sent, closing connection to vm30:r0
(vm12:m0:th0) waiting for something to do...
(vm12:m0) Got connection from reducer vm32:r0
(vm12:m0:th15) connection started, have to send 5302428 bytes to vm32:r0
(vm12:m0) Got connection from reducer vm33:r0
(vm12:m0) new thread ID: vm12:m0:th16
(vm12:m0:th0) connection started, have to send 5302428 bytes to vm33:r0
(vm12:m0:th0) all data sent, closing connection to vm33:r0
(vm12:m0:th0) waiting for something to do...
(vm12:m0:th1) all data sent, closing connection to vm41:r0
(vm12:m0:th1) waiting for something to do...
(vm12:m0:th16) waiting for something to do...
(vm12:m0) Got connection from reducer vm34:r0
(vm12:m0:th5) all data sent, closing connection to vm39:r0
(vm12:m0:th5) waiting for something to do...
(vm12:m0:th16) connection started, have to send 5302428 bytes to vm34:r0
(vm12:m0:th7) all data sent, closing connection to vm36:r0
(vm12:m0:th7) waiting for something to do...
(vm12:m0) Got connection from reducer vm20:r0
(vm12:m0) Got connection from reducer vm17:r0
(vm12:m0:th0) connection started, have to send 5302428 bytes to vm20:r0
(vm12:m0:th0) all data sent, closing connection to vm20:r0
(vm12:m0:th0) waiting for something to do...
(vm12:m0:th1) connection started, have to send 5302428 bytes to vm17:r0
(vm12:m0:th1) all data sent, closing connection to vm17:r0
(vm12:m0:th1) waiting for something to do...
(vm12:m0) Got connection from reducer vm8:r0
(vm12:m0) Got connection from reducer vm31:r0
(vm12:m0) Got connection from reducer vm14:r0
(vm12:m0) Got connection from reducer vm10:r0
(vm12:m0) new thread ID: vm12:m0:th17
(vm12:m0) Got connection from reducer vm6:r0
(vm12:m0) new thread ID: vm12:m0:th18
(vm12:m0:th0) connection started, have to send 5302428 bytes to vm31:r0
(vm12:m0:th0) all data sent, closing connection to vm31:r0
(vm12:m0:th0) waiting for something to do...
(vm12:m0:th1) connection started, have to send 5302428 bytes to vm14:r0
(vm12:m0:th1) all data sent, closing connection to vm14:r0
(vm12:m0:th1) waiting for something to do...
(vm12:m0) Got connection from reducer vm7:r0
(vm12:m0) Got connection from reducer vm24:r0
(vm12:m0:th0) connection started, have to send 5302428 bytes to vm24:r0
(vm12:m0:th0) all data sent, closing connection to vm24:r0
(vm12:m0:th0) waiting for something to do...
(vm12:m0:th5) connection started, have to send 5302428 bytes to vm8:r0
(vm12:m0:th5) all data sent, closing connection to vm8:r0
(vm12:m0:th5) waiting for something to do...
(vm12:m0) Got connection from reducer vm23:r0
(vm12:m0) Got connection from reducer vm25:r0
(vm12:m0:th0) connection started, have to send 5302428 bytes to vm25:r0
(vm12:m0:th0) all data sent, closing connection to vm25:r0
(vm12:m0:th0) waiting for something to do...
(vm12:m0:th1) connection started, have to send 5302428 bytes to vm23:r0
(vm12:m0:th1) all data sent, closing connection to vm23:r0
(vm12:m0:th1) waiting for something to do...
(vm12:m0:th2) all data sent, closing connection to vm44:r0
(vm12:m0:th2) waiting for something to do...
(vm12:m0:th7) connection started, have to send 5302428 bytes to vm10:r0
(vm12:m0:th7) all data sent, closing connection to vm10:r0
(vm12:m0:th7) waiting for something to do...
(vm12:m0:th18) waiting for something to do...
(vm12:m0:th18) connection started, have to send 5302428 bytes to vm7:r0
(vm12:m0:th17) waiting for something to do...
(vm12:m0:th17) connection started, have to send 5302428 bytes to vm6:r0
(vm12:m0) Got connection from reducer vm29:r0
(vm12:m0) Got connection from reducer vm11:r0
(vm12:m0:th0) connection started, have to send 5302428 bytes to vm11:r0
(vm12:m0:th0) all data sent, closing connection to vm11:r0
(vm12:m0:th0) waiting for something to do...
(vm12:m0:th5) connection started, have to send 5302428 bytes to vm29:r0
(vm12:m0:th5) all data sent, closing connection to vm29:r0
(vm12:m0:th5) waiting for something to do...
(vm12:r0:th0:0) Connection to vm1:m0 finished, received 5302429 bytes
(vm12:m0) Got connection from reducer vm18:r0
(vm12:m0) Got connection from reducer vm26:r0
(vm12:m0:th1) connection started, have to send 5302428 bytes to vm18:r0
(vm12:m0:th1) all data sent, closing connection to vm18:r0
(vm12:m0:th1) waiting for something to do...
(vm12:m0) Got connection from reducer vm21:r0
(vm12:m0) Got connection from reducer vm22:r0
(vm12:m0:th1) connection started, have to send 5302428 bytes to vm22:r0
(vm12:m0:th1) all data sent, closing connection to vm22:r0
(vm12:m0:th1) waiting for something to do...
(vm12:m0:th0) connection started, have to send 5302428 bytes to vm26:r0
(vm12:m0:th0) all data sent, closing connection to vm26:r0
(vm12:m0:th0) waiting for something to do...
(vm12:m0:th2) connection started, have to send 5302428 bytes to vm21:r0
(vm12:m0:th2) all data sent, closing connection to vm21:r0
(vm12:m0:th2) waiting for something to do...
(vm12:r0:th0:1) Connection established with mapper vm6:m0
(vm12:m0) Got connection from reducer vm9:r0
(vm12:m0:th5) connection started, have to send 5302428 bytes to vm9:r0
(vm12:m0:th5) all data sent, closing connection to vm9:r0
(vm12:m0:th5) waiting for something to do...
(vm12:r0:th0:1) Connection to vm6:m0 finished, received 5302430 bytes
(vm12:r0:th0:2) Connection established with mapper vm11:m0
(vm12:m0:th6) all data sent, closing connection to vm45:r0
(vm12:m0:th6) waiting for something to do...
(vm12:m0:th4) all data sent, closing connection to vm40:r0
(vm12:r0:th0:2) Connection to vm11:m0 finished, received 5302431 bytes
(vm12:m0) Got connection from reducer vm15:r0
(vm12:m0:th0) connection started, have to send 5302428 bytes to vm15:r0
(vm12:m0:th0) all data sent, closing connection to vm15:r0
(vm12:m0:th0) waiting for something to do...
(vm12:m0:th4) waiting for something to do...
(vm12:r0:th0:3) Connection established with mapper vm16:m0
(vm12:m0) Got connection from reducer vm27:r0
(vm12:m0:th1) connection started, have to send 5302428 bytes to vm27:r0
(vm12:m0:th1) all data sent, closing connection to vm27:r0
(vm12:m0:th1) waiting for something to do...
(vm12:m0:th9) all data sent, closing connection to vm37:r0
(vm12:m0:th9) waiting for something to do...
(vm12:r0:th0:3) Connection to vm16:m0 finished, received 5302432 bytes
(vm12:m0:th3) all data sent, closing connection to vm38:r0
(vm12:m0:th3) waiting for something to do...
(vm12:m0:th12) all data sent, closing connection to vm42:r0
(vm12:m0:th12) waiting for something to do...
(vm12:r0:th0:4) Connection established with mapper vm21:m0
(vm12:r0:th4:0) Connection to vm5:m0 finished, received 5302429 bytes
(vm12:r0:th1:0) Connection to vm2:m0 finished, received 5302429 bytes
(vm12:r0:th4:1) Connection established with mapper vm10:m0
(vm12:r0:th4:1) Connection to vm10:m0 finished, received 5302430 bytes
(vm12:r0:th3:0) Connection to vm4:m0 finished, received 5302429 bytes
(vm12:r0:th1:1) Connection established with mapper vm7:m0
(vm12:r0:th4:2) Connection established with mapper vm15:m0
(vm12:m0) Got connection from reducer vm2:r0
(vm12:m0:th0) connection started, have to send 5302428 bytes to vm2:r0
(vm12:m0:th0) all data sent, closing connection to vm2:r0
(vm12:m0:th0) waiting for something to do...
(vm12:r0:th1:1) Connection to vm7:m0 finished, received 5302430 bytes
(vm12:r0:th1:2) Connection established with mapper vm12:m0
(vm12:m0) Got connection from reducer vm12:r0
(vm12:m0:th1) connection started, have to send 5302428 bytes to vm12:r0
(vm12:m0:th1) all data sent, closing connection to vm12:r0
(vm12:m0:th1) waiting for something to do...
(vm12:r0:th1:2) Connection to vm12:m0 finished, received 5302431 bytes
(vm12:m0:th10) all data sent, closing connection to vm35:r0
(vm12:m0:th10) waiting for something to do...
(vm12:r0:th1:3) Connection established with mapper vm17:m0
(vm12:r0:th4:2) Connection to vm15:m0 finished, received 5302431 bytes
(vm12:m0:th13) all data sent, closing connection to vm28:r0
(vm12:m0:th13) waiting for something to do...
(vm12:r0:th4:3) Connection established with mapper vm20:m0
(vm12:r0:th4:3) Connection to vm20:m0 finished, received 5302432 bytes
(vm12:r0:th4:4) Connection established with mapper vm25:m0
(vm12:r0:th3:1) Connection established with mapper vm9:m0
(vm12:m0:th8) all data sent, closing connection to vm43:r0
(vm12:m0:th8) waiting for something to do...
(vm12:m0:th14) all data sent, closing connection to vm13:r0
(vm12:m0:th14) waiting for something to do...
(vm12:r0:th1:3) Connection to vm17:m0 finished, received 5302432 bytes
(vm12:r0:th3:1) Connection to vm9:m0 finished, received 5302430 bytes
(vm12:r0:th1:4) Connection established with mapper vm22:m0
(vm12:r0:th3:2) Connection established with mapper vm14:m0
(vm12:r0:th2:0) Connection to vm3:m0 finished, received 5302429 bytes
(vm12:r0:th3:2) Connection to vm14:m0 finished, received 5302431 bytes
(vm12:r0:th1:4) Connection to vm22:m0 finished, received 5302433 bytes
(vm12:r0:th3:3) Connection established with mapper vm19:m0
(vm12:m0:th11) all data sent, closing connection to vm16:r0
(vm12:m0:th11) waiting for something to do...
(vm12:r0:th1:5) Connection established with mapper vm27:m0
(vm12:r0:th3:3) Connection to vm19:m0 finished, received 5302432 bytes
(vm12:r0:th2:1) Connection established with mapper vm8:m0
(vm12:r0:th3:4) Connection established with mapper vm24:m0
(vm12:m0:th15) all data sent, closing connection to vm32:r0
(vm12:m0:th15) waiting for something to do...
(vm12:r0:th2:1) Connection to vm8:m0 finished, received 5302430 bytes
(vm12:r0:th2:2) Connection established with mapper vm13:m0
(vm12:r0:th2:2) Connection to vm13:m0 finished, received 5302431 bytes
(vm12:m0) Got connection from reducer vm4:r0
(vm12:m0:th0) connection started, have to send 5302428 bytes to vm4:r0
(vm12:m0:th0) all data sent, closing connection to vm4:r0
(vm12:m0:th0) waiting for something to do...
(vm12:r0:th2:3) Connection established with mapper vm18:m0
(vm12:r0:th2:3) Connection to vm18:m0 finished, received 5302432 bytes
(vm12:r0:th2:4) Connection established with mapper vm23:m0
(vm12:r0:th2:4) Connection to vm23:m0 finished, received 5302433 bytes
(vm12:m0) Got connection from reducer vm1:r0
(vm12:m0:th1) connection started, have to send 5302428 bytes to vm1:r0
(vm12:m0:th1) all data sent, closing connection to vm1:r0
(vm12:m0:th1) waiting for something to do...
(vm12:r0:th3:4) Connection to vm24:m0 finished, received 5302433 bytes
(vm12:r0:th2:5) Connection established with mapper vm28:m0
(vm12:r0:th3:5) Connection established with mapper vm29:m0
(vm12:m0:th16) all data sent, closing connection to vm34:r0
(vm12:m0:th16) waiting for something to do...
(vm12:m0) Got connection from reducer vm19:r0
(vm12:m0:th0) connection started, have to send 5302428 bytes to vm19:r0
(vm12:m0:th0) all data sent, closing connection to vm19:r0
(vm12:m0:th0) waiting for something to do...
(vm12:m0) Got connection from reducer vm5:r0
(vm12:m0:th1) connection started, have to send 5302428 bytes to vm5:r0
(vm12:m0:th1) all data sent, closing connection to vm5:r0
(vm12:m0:th1) waiting for something to do...
(vm12:m0) Got connection from reducer vm3:r0
(vm12:m0) All reducers connected, waiting for threads to terminate
(vm12:m0) waiting on semaphore
(vm12:m0) -> 3 threads still running
(vm12:m0) waiting on semaphore
(vm12:m0) -> 3 threads still running
(vm12:m0) waiting on semaphore
(vm12:m0) -> 3 threads still running
(vm12:m0) waiting on semaphore
(vm12:m0) -> 3 threads still running
(vm12:m0) waiting on semaphore
(vm12:m0) -> 3 threads still running
(vm12:m0) waiting on semaphore
(vm12:m0) -> 3 threads still running
(vm12:m0) waiting on semaphore
(vm12:m0) -> 3 threads still running
(vm12:m0) waiting on semaphore
(vm12:m0) -> 3 threads still running
(vm12:m0) waiting on semaphore
(vm12:m0) -> 3 threads still running
(vm12:m0) waiting on semaphore
(vm12:m0) -> 3 threads still running
(vm12:m0) waiting on semaphore
(vm12:m0) -> 3 threads still running
(vm12:m0) waiting on semaphore
(vm12:m0) -> 3 threads still running
(vm12:m0) waiting on semaphore
(vm12:m0) -> 3 threads still running
(vm12:m0) waiting on semaphore
(vm12:m0) -> 3 threads still running
(vm12:m0) waiting on semaphore
(vm12:m0) -> 3 threads still running
(vm12:m0) waiting on semaphore
(vm12:m0) -> 3 threads still running
(vm12:m0) waiting on semaphore
(vm12:m0) -> 3 threads still running
(vm12:m0) waiting on semaphore
(vm12:m0) -> 3 threads still running
(vm12:m0) waiting on semaphore
(vm12:m0) -> 3 threads still running
(vm12:m0) waiting on semaphore
(vm12:m0) -> 3 threads still running
(vm12:m0) waiting on semaphore
(vm12:m0) -> 3 threads still running
(vm12:m0) waiting on semaphore
(vm12:m0) -> 3 threads still running
(vm12:m0) waiting on semaphore
(vm12:m0) -> 3 threads still running
(vm12:m0) waiting on semaphore
(vm12:m0) -> 3 threads still running
(vm12:m0) waiting on semaphore
(vm12:m0) -> 3 threads still running
(vm12:m0) waiting on semaphore
(vm12:m0) -> 3 threads still running
(vm12:m0) waiting on semaphore
(vm12:m0) -> 3 threads still running
(vm12:m0) waiting on semaphore
(vm12:m0) -> 3 threads still running
(vm12:m0) waiting on semaphore
(vm12:m0) -> 3 threads still running
(vm12:m0) waiting on semaphore
(vm12:m0) -> 3 threads still running
(vm12:m0) waiting on semaphore
(vm12:m0) -> 3 threads still running
(vm12:m0) waiting on semaphore
(vm12:m0) -> 3 threads still running
(vm12:m0) waiting on semaphore
(vm12:m0) -> 3 threads still running
(vm12:m0) waiting on semaphore
(vm12:m0) -> 3 threads still running
(vm12:m0) waiting on semaphore
(vm12:m0) -> 3 threads still running
(vm12:m0) waiting on semaphore
(vm12:m0) -> 3 threads still running
(vm12:m0) waiting on semaphore
(vm12:m0) -> 3 threads still running
(vm12:m0) waiting on semaphore
(vm12:m0:th0) connection started, have to send 5302428 bytes to vm3:r0
(vm12:m0:th0) all data sent, closing connection to vm3:r0
(vm12:m0:th0) waiting for something to do...
(vm12:m0) -> 2 threads still running
(vm12:m0) waiting on semaphore
(vm12:m0:th18) all data sent, closing connection to vm7:r0
(vm12:m0) -> 1 threads still running
(vm12:m0) waiting on semaphore
(vm12:m0:th18) waiting for something to do...
(vm12:m0:th17) all data sent, closing connection to vm6:r0
(vm12:m0) Sending exit signal to all threads
(vm12:m0:th0) got exit signal
(vm12:m0:th1) got exit signal
(vm12:m0:th2) got exit signal
(vm12:m0:th3) got exit signal
(vm12:m0:th4) got exit signal
(vm12:m0:th5) got exit signal
(vm12:m0:th6) got exit signal
(vm12:m0:th7) got exit signal
(vm12:m0:th8) got exit signal
(vm12:m0:th9) got exit signal
(vm12:m0:th10) got exit signal
(vm12:m0:th11) got exit signal
(vm12:m0:th12) got exit signal
(vm12:m0:th13) got exit signal
(vm12:m0:th14) got exit signal
(vm12:m0:th15) got exit signal
(vm12:m0) thread vm12:m0:th0 joined
(vm12:m0) thread vm12:m0:th1 joined
(vm12:m0) thread vm12:m0:th2 joined
(vm12:m0) thread vm12:m0:th3 joined
(vm12:m0) thread vm12:m0:th4 joined
(vm12:m0) thread vm12:m0:th5 joined
(vm12:m0) thread vm12:m0:th6 joined
(vm12:m0) thread vm12:m0:th7 joined
(vm12:m0) thread vm12:m0:th8 joined
(vm12:m0) thread vm12:m0:th9 joined
(vm12:m0) thread vm12:m0:th10 joined
(vm12:m0) thread vm12:m0:th11 joined
(vm12:m0) thread vm12:m0:th12 joined
(vm12:m0) thread vm12:m0:th13 joined
(vm12:m0) thread vm12:m0:th14 joined
(vm12:m0) thread vm12:m0:th15 joined
(vm12:m0:th18) got exit signal
(vm12:m0:th16) got exit signal
(vm12:m0) thread vm12:m0:th16 joined
(vm12:m0:th17) waiting for something to do...
(vm12:m0:th17) got exit signal
(vm12:m0) thread vm12:m0:th17 joined
(vm12:m0) thread vm12:m0:th18 joined
(vm12:m0) all done, exiting
*RES* start node vm12:m0
*RES* vm12:m0:th0,1406560371417,145,8,5302429
*RES* vm12:m0:th0,1406560371596,0,9,5302429
*RES* vm12:m0:th1,1406560371446,160,7,5302429
*RES* vm12:m0:th5,1406560371466,151,7,5302429
*RES* vm12:m0:th0,1406560371623,0,9,5302429
*RES* vm12:m0:th1,1406560371623,0,7,5302429
*RES* vm12:m0:th7,1406560371467,153,7,5302429
*RES* vm12:m0:th0,1406560371628,0,9,5302429
*RES* vm12:m0:th1,1406560371628,0,7,5302429
*RES* vm12:m0:th0,1406560371630,0,9,5302429
*RES* vm12:m0:th5,1406560371632,0,7,5302429
*RES* vm12:m0:th0,1406560371632,0,9,5302429
*RES* vm12:m0:th1,1406560371633,0,7,5302429
*RES* vm12:m0:th0,1406560371641,0,11,5302429
*RES* vm12:m0:th2,1406560371458,176,8,5302429
*RES* vm12:m0:th1,1406560371651,0,7,5302429
*RES* vm12:m0:th5,1406560371642,0,7,5302429
*RES* vm12:m0:th0,1406560371651,0,11,5302429
*RES* vm12:m0:th1,1406560371651,0,7,5302429
*RES* vm12:m0:th0,1406560371672,1,11,5302429
*RES* vm12:m0:th1,1406560371677,0,7,5302429
*RES* vm12:m0:th0,1406560371702,0,11,5302429
*RES* vm12:m0:th1,1406560371702,0,7,5302429
*RES* vm12:m0:th0,1406560371736,0,11,5302429
*RES* vm12:m0:th1,1406560371748,1,8,5302429
*RES* vm12:m0:th0,1406560371792,0,11,5302429
*RES* vm12:m0:th0,1406560371811,0,11,5302429
*RES* vm12:m0:th1,1406560371803,0,8,5302429
*RES* vm12:m0:th2,1406560371652,0,8,5302429
*RES* vm12:m0:th3,1406560371463,217,8,5302429
*RES* vm12:m0:th4,1406560371465,206,8,5302429
*RES* vm12:m0:th5,1406560371656,0,7,5302429
*RES* vm12:m0:th6,1406560371467,203,8,5302429
*RES* vm12:m0:th7,1406560371634,0,8,5302429
*RES* vm12:m0:th8,1406560371473,238,9,5302429
*RES* vm12:m0:th9,1406560371473,206,6,5302429
*RES* vm12:m0:th10,1406560371473,230,8,5302429
*RES* vm12:m0:th11,1406560371473,254,7,5302429
*RES* vm12:m0:th12,1406560371473,212,6,5302429
*RES* vm12:m0:th13,1406560371476,233,7,5302429
*RES* vm12:m0:th14,1406560371489,222,7,5302429
*RES* vm12:m0:th15,1406560371591,141,8,5302429
*RES* vm12:m0:th16,1406560371617,166,8,5302429
*RES* vm12:m0:th17,1406560371635,183,6,5302429
*RES* vm12:m0:th18,1406560371635,177,6,5302429
*RES* end node vm12:m0
(main) Thread vm12:m0 joined
(main) Waiting for thread vm12:r0 to join...
(vm12:r0:th0:4) Connection to vm21:m0 finished, received 10604861 bytes
(vm12:r0:th0:5) Connection established with mapper vm26:m0
(vm12:r0:th0:5) Connection to vm26:m0 finished, received 10604862 bytes
(vm12:r0:th0:6) Connection established with mapper vm31:m0
(vm12:r0:th3:5) Connection to vm29:m0 finished, received 10604862 bytes
(vm12:r0:th3:6) Connection established with mapper vm34:m0
(vm12:r0:th4:4) Connection to vm25:m0 finished, received 10604861 bytes
(vm12:r0:th4:5) Connection established with mapper vm30:m0
(vm12:r0:th1:5) Connection to vm27:m0 finished, received 10604862 bytes
(vm12:r0:th4:5) Connection to vm30:m0 finished, received 10604862 bytes
(vm12:r0:th1:6) Connection established with mapper vm32:m0
(vm12:r0:th4:6) Connection established with mapper vm35:m0
(vm12:r0:th0:6) Connection to vm31:m0 finished, received 15907291 bytes
(vm12:r0:th0:7) Connection established with mapper vm36:m0
(vm12:r0:th2:5) Connection to vm28:m0 finished, received 10604862 bytes
(vm12:r0:th2:6) Connection established with mapper vm33:m0
(vm12:r0:th1:6) Connection to vm32:m0 finished, received 15907291 bytes
(vm12:r0:th1:7) Connection established with mapper vm37:m0
(vm12:r0:th3:6) Connection to vm34:m0 finished, received 15907291 bytes
(vm12:r0:th3:7) Connection established with mapper vm39:m0
(vm12:r0:th3:7) Connection to vm39:m0 finished, received 15907292 bytes
(vm12:r0:th3:8) Connection established with mapper vm44:m0
(vm12:r0:th2:6) Connection to vm33:m0 finished, received 15907291 bytes
(vm12:r0:th4:6) Connection to vm35:m0 finished, received 15907291 bytes
(vm12:r0:th4:7) Connection established with mapper vm40:m0
(vm12:r0:th2:7) Connection established with mapper vm38:m0
(vm12:r0:th4:7) Connection to vm40:m0 finished, received 15907292 bytes
(vm12:r0:th4:8) Connection established with mapper vm45:m0
(vm12:r0:th2:7) Connection to vm38:m0 finished, received 15907292 bytes
(vm12:r0:th2:8) Connection established with mapper vm43:m0
(vm12:r0:th2:8) Connection to vm43:m0 finished, received 21209721 bytes
(vm12:r0:th2) Got data from all mappers, this reducer connection has finished.
(vm12:r0:th4:8) Connection to vm45:m0 finished, received 21209721 bytes
(vm12:r0:th4) Got data from all mappers, this reducer connection has finished.
(vm12:r0:th1:7) Connection to vm37:m0 finished, received 21209720 bytes
(vm12:r0:th1:8) Connection established with mapper vm42:m0
(vm12:r0:th1:8) Connection to vm42:m0 finished, received 21209721 bytes
(vm12:r0:th1) Got data from all mappers, this reducer connection has finished.
(vm12:r0:th0:7) Connection to vm36:m0 finished, received 21209720 bytes
(vm12:r0:th0:8) Connection established with mapper vm41:m0
(vm12:r0:th0:8) Connection to vm41:m0 finished, received 21209721 bytes
(vm12:r0:th0) Got data from all mappers, this reducer connection has finished.
(vm12:r0) thread th0 joined, 4 connection threads remaining
(vm12:r0) thread th1 joined, 3 connection threads remaining
(vm12:r0) thread th2 joined, 2 connection threads remaining
(vm12:r0:th3:8) Connection to vm44:m0 finished, received 21209721 bytes
(vm12:r0:th3) Got data from all mappers, this reducer connection has finished.
(vm12:r0) thread th3 joined, 1 connection threads remaining
(vm12:r0) thread th4 joined, 0 connection threads remaining
(vm12:r0) all done, exiting
*RES* start node vm12:r0
*RES* vm12:r0:th0:0,1406560371314,335,10,5302429
*RES* vm12:r0:th0:1,1406560371649,8,11,5302430
*RES* vm12:r0:th0:2,1406560371657,15,11,5302431
*RES* vm12:r0:th0:3,1406560371672,8,12,5302432
*RES* vm12:r0:th0:4,1406560371680,164,22,10604861
*RES* vm12:r0:th0:5,1406560371844,9,23,10604862
*RES* vm12:r0:th0:6,1406560371852,143,33,15907291
*RES* vm12:r0:th0:7,1406560371996,303,44,21209720
*RES* vm12:r0:th0:8,1406560372299,3,44,21209721
*RES* vm12:r0:th1:0,1406560371314,380,11,5302429
*RES* vm12:r0:th1:1,1406560371694,8,12,5302430
*RES* vm12:r0:th1:2,1406560371702,1,12,5302431
*RES* vm12:r0:th1:3,1406560371702,10,12,5302432
*RES* vm12:r0:th1:4,1406560371713,13,12,5302433
*RES* vm12:r0:th1:5,1406560371726,207,25,10604862
*RES* vm12:r0:th1:6,1406560371932,101,34,15907291
*RES* vm12:r0:th1:7,1406560372034,259,44,21209720
*RES* vm12:r0:th1:8,1406560372292,1,45,21209721
*RES* vm12:r0:th2:0,1406560371314,410,13,5302429
*RES* vm12:r0:th2:1,1406560371724,9,13,5302430
*RES* vm12:r0:th2:2,1406560371733,3,13,5302431
*RES* vm12:r0:th2:3,1406560371735,3,14,5302432
*RES* vm12:r0:th2:4,1406560371739,5,14,5302433
*RES* vm12:r0:th2:5,1406560371744,259,28,10604862
*RES* vm12:r0:th2:6,1406560372003,166,40,15907291
*RES* vm12:r0:th2:7,1406560372168,27,40,15907292
*RES* vm12:r0:th2:8,1406560372196,61,48,21209721
*RES* vm12:r0:th3:0,1406560371314,385,12,5302429
*RES* vm12:r0:th3:1,1406560371699,20,12,5302430
*RES* vm12:r0:th3:2,1406560371719,6,13,5302431
*RES* vm12:r0:th3:3,1406560371724,3,13,5302432
*RES* vm12:r0:th3:4,1406560371728,21,13,5302433
*RES* vm12:r0:th3:5,1406560371749,150,25,10604862
*RES* vm12:r0:th3:6,1406560371899,233,36,15907291
*RES* vm12:r0:th3:7,1406560372132,6,37,15907292
*RES* vm12:r0:th3:8,1406560372138,180,47,21209721
*RES* vm12:r0:th4:0,1406560371314,378,13,5302429
*RES* vm12:r0:th4:1,1406560371692,6,13,5302430
*RES* vm12:r0:th4:2,1406560371698,11,14,5302431
*RES* vm12:r0:th4:3,1406560371709,1,14,5302432
*RES* vm12:r0:th4:4,1406560371710,218,28,10604861
*RES* vm12:r0:th4:5,1406560371928,5,28,10604862
*RES* vm12:r0:th4:6,1406560371933,244,39,15907291
*RES* vm12:r0:th4:7,1406560372177,11,40,15907292
*RES* vm12:r0:th4:8,1406560372187,76,47,21209721
*RES* end node vm12:r0
(main) Thread vm12:r0 joined
Worker terminating correctly
