OSMeF worker starting
Enabling core dumping
Listening for command connection
(vm12:m0) New mapper on port 23330
(vm12:m0) -> reducer data size 761434645
(vm12:m0) -> reducer data size 761434645
(vm12:m0) -> reducer data size 761434645
(vm12:m0) -> reducer data size 761434645
(vm12:m0) -> reducer data size 761434645
(vm12:m0) -> reducer data size 761434645
(vm12:m0) -> reducer data size 761434645
(vm12:m0) -> reducer data size 761434645
(vm12:m0) -> reducer data size 761434645
(vm12:m0) -> reducer data size 761434645
(vm12:m0) -> reducer data size 761434645
(vm12:m0) -> reducer data size 761434645
(vm12:m0) -> reducer data size 761434645
(vm12:m0) -> reducer data size 761434645
(vm12:m0) -> reducer data size 761434645
(vm12:m0) -> reducer data size 761434645
(vm12:m0) -> reducer data size 761434645
(vm12:m0) -> reducer data size 761434645
(vm12:m0) -> reducer data size 761434645
(vm12:m0) -> reducer data size 761434645
(vm12:m0) -> reducer data size 761434645
(vm12:m0) -> reducer data size 761434645
(vm12:m0) -> reducer data size 761434645
(vm12:m0) -> reducer data size 761434645
(vm12:m0) -> reducer data size 761434645
(vm12:m0) -> reducer data size 761434645
(vm12:m0) -> reducer data size 761434645
(vm12:m0) -> reducer data size 761434645
(vm12:m0) -> reducer data size 761434645
(vm12:m0) -> reducer data size 761434645
(vm12:m0) -> reducer data size 761434645
(vm12:m0) -> reducer data size 761434645
(vm12:m0) -> reducer data size 761434645
(vm12:m0) -> reducer data size 761434645
(vm12:m0) -> reducer data size 761434645
(vm12:m0) -> reducer data size 761434645
(vm12:m0) -> reducer data size 761434645
(vm12:m0) -> reducer data size 761434645
(vm12:m0) Mapper thread started
(vm12:m0) Allocating data for reducer vm1:r0
(vm12:m0) Allocating data for reducer vm2:r0
(vm12:m0) Allocating data for reducer vm3:r0
(vm12:m0) Allocating data for reducer vm4:r0
(vm12:m0) Allocating data for reducer vm5:r0
(vm12:m0) Allocating data for reducer vm6:r0
(vm12:m0) Allocating data for reducer vm7:r0
(vm12:m0) Allocating data for reducer vm8:r0
(vm12:m0) Allocating data for reducer vm9:r0
(vm12:m0) Allocating data for reducer vm10:r0
(vm12:m0) Allocating data for reducer vm11:r0
(vm12:m0) Allocating data for reducer vm12:r0
(vm12:m0) Allocating data for reducer vm13:r0
(vm12:m0) Allocating data for reducer vm14:r0
(vm12:m0) Allocating data for reducer vm15:r0
(vm12:m0) Allocating data for reducer vm16:r0
(vm12:m0) Allocating data for reducer vm17:r0
(vm12:m0) Allocating data for reducer vm18:r0
(vm12:m0) Allocating data for reducer vm19:r0
(vm12:m0) Allocating data for reducer vm20:r0
(vm12:m0) Allocating data for reducer vm21:r0
(vm12:m0) Allocating data for reducer vm22:r0
(vm12:m0) Allocating data for reducer vm23:r0
(vm12:m0) Allocating data for reducer vm24:r0
(vm12:m0) Allocating data for reducer vm25:r0
(vm12:m0) Allocating data for reducer vm26:r0
(vm12:m0) Allocating data for reducer vm27:r0
(vm12:m0) Allocating data for reducer vm28:r0
(vm12:m0) Allocating data for reducer vm29:r0
(vm12:m0) Allocating data for reducer vm30:r0
(vm12:m0) Allocating data for reducer vm31:r0
(vm12:m0) Allocating data for reducer vm32:r0
(vm12:m0) Allocating data for reducer vm33:r0
(vm12:m0) Allocating data for reducer vm34:r0
(vm12:m0) Allocating data for reducer vm35:r0
(vm12:m0) Allocating data for reducer vm36:r0
(vm12:m0) Allocating data for reducer vm37:r0
(vm12:m0) Allocating data for reducer vm38:r0
(vm12:m0) Binding to port 23330
(vm12:r0) New reducer
(vm12:r0) Reducer thread started
(vm12:r0) waiting for START message
(vm12:r0) got START message
(vm12:r0) Starting new connection thread
(vm12:r0) Starting new connection thread
(vm12:r0) Starting new connection thread
(vm12:r0) Starting new connection thread
(vm12:r0) Starting new connection thread
(vm12:r0) Maximum number of connections reached (5), waiting for a thread to finish
(vm12:r0:0) Connection established
(vm12:r0:4) Connection established
(vm12:r0:2) Connection established
(vm12:r0:1) Connection established
(vm12:r0:3) Connection established
(vm12:r0:3) Connection finished, received 761434646 bytes
(vm12:r0:0) Connection finished, received 761434646 bytes
(vm12:r0) thread 0 joined, 37 connections remaining
(vm12:r0) Starting new connection thread
(vm12:r0) Maximum number of connections reached (5), waiting for a thread to finish
(vm12:r0:0) Connection established
(vm12:r0:1) Connection finished, received 761434646 bytes
(vm12:r0:4) Connection finished, received 761434646 bytes
(vm12:r0:2) Connection finished, received 761434646 bytes
(vm12:m0) Got connection from reducer vm38:r0
(vm12:m0:37) thread started, have to send 761434645 bytes
(vm12:r0:0) Connection finished, received 761434646 bytes
(vm12:r0) thread 0 joined, 36 connections remaining
(vm12:r0) Starting new connection thread
(vm12:r0) Maximum number of connections reached (5), waiting for a thread to finish
(vm12:r0:0) Connection established
(vm12:m0) Got connection from reducer vm1:r0
(vm12:m0:0) thread started, have to send 761434645 bytes
(vm12:m0:37) all data sent, thread exiting
(vm12:m0) Got connection from reducer vm18:r0
(vm12:m0:17) thread started, have to send 761434645 bytes
(vm12:m0:0) all data sent, thread exiting
(vm12:m0:17) all data sent, thread exiting
(vm12:m0) Got connection from reducer vm9:r0
(vm12:m0:8) thread started, have to send 761434645 bytes
(vm12:m0) Got connection from reducer vm33:r0
(vm12:m0:32) thread started, have to send 761434645 bytes
(vm12:m0:8) all data sent, thread exiting
(vm12:m0) Got connection from reducer vm19:r0
(vm12:m0:18) thread started, have to send 761434645 bytes
(vm12:m0:32) all data sent, thread exiting
(vm12:r0:0) Connection finished, received 761434646 bytes
(vm12:r0) thread 0 joined, 35 connections remaining
(vm12:r0) Starting new connection thread
(vm12:r0) Maximum number of connections reached (5), waiting for a thread to finish
(vm12:r0:0) Connection established
(vm12:m0:18) all data sent, thread exiting
(vm12:m0) Got connection from reducer vm6:r0
(vm12:m0:5) thread started, have to send 761434645 bytes
(vm12:r0:0) Connection finished, received 761434646 bytes
(vm12:r0) thread 0 joined, 34 connections remaining
(vm12:r0) Starting new connection thread
(vm12:r0) Maximum number of connections reached (5), waiting for a thread to finish
(vm12:r0:0) Connection established
(vm12:m0:5) all data sent, thread exiting
(vm12:r0:0) Connection finished, received 761434646 bytes
(vm12:r0) thread 0 joined, 33 connections remaining
(vm12:r0) Starting new connection thread
(vm12:r0) Maximum number of connections reached (5), waiting for a thread to finish
(vm12:r0:0) Connection established
(vm12:m0) Got connection from reducer vm14:r0
(vm12:m0:13) thread started, have to send 761434645 bytes
(vm12:m0) Got connection from reducer vm15:r0
(vm12:m0:14) thread started, have to send 761434645 bytes
(vm12:m0) Got connection from reducer vm29:r0
(vm12:m0:28) thread started, have to send 761434645 bytes
(vm12:r0:0) Connection finished, received 761434646 bytes
(vm12:r0) thread 0 joined, 32 connections remaining
(vm12:r0) Starting new connection thread
(vm12:r0) Maximum number of connections reached (5), waiting for a thread to finish
(vm12:r0:0) Connection established
(vm12:m0:13) all data sent, thread exiting
(vm12:m0:14) all data sent, thread exiting
(vm12:m0:28) all data sent, thread exiting
(vm12:r0:0) Connection finished, received 761434646 bytes
(vm12:r0) thread 0 joined, 31 connections remaining
(vm12:r0) Starting new connection thread
(vm12:r0) Maximum number of connections reached (5), waiting for a thread to finish
(vm12:r0:0) Connection established
(vm12:m0) Got connection from reducer vm12:r0
(vm12:m0:11) thread started, have to send 761434645 bytes
(vm12:m0) Got connection from reducer vm36:r0
(vm12:m0:35) thread started, have to send 761434645 bytes
(vm12:m0:11) all data sent, thread exiting
(vm12:r0:0) Connection finished, received 761434646 bytes
(vm12:r0) thread 0 joined, 30 connections remaining
(vm12:r0) Starting new connection thread
(vm12:r0) Maximum number of connections reached (5), waiting for a thread to finish
(vm12:r0:0) Connection established
(vm12:m0:35) all data sent, thread exiting
(vm12:r0:0) Connection finished, received 761434646 bytes
(vm12:r0) thread 0 joined, 29 connections remaining
(vm12:r0) Starting new connection thread
(vm12:r0) Maximum number of connections reached (5), waiting for a thread to finish
(vm12:r0:0) Connection established
(vm12:m0) Got connection from reducer vm16:r0
(vm12:m0:15) thread started, have to send 761434645 bytes
(vm12:m0:15) all data sent, thread exiting
(vm12:r0:0) Connection finished, received 761434646 bytes
(vm12:r0) thread 0 joined, 28 connections remaining
(vm12:r0) Starting new connection thread
(vm12:r0) Maximum number of connections reached (5), waiting for a thread to finish
(vm12:r0:0) Connection established
(vm12:m0) Got connection from reducer vm13:r0
(vm12:m0:12) thread started, have to send 761434645 bytes
(vm12:r0:0) Connection finished, received 761434646 bytes
(vm12:r0) thread 0 joined, 27 connections remaining
(vm12:r0) Starting new connection thread
(vm12:r0) Maximum number of connections reached (5), waiting for a thread to finish
(vm12:r0:0) Connection established
(vm12:m0) Got connection from reducer vm7:r0
(vm12:m0:6) thread started, have to send 761434645 bytes
(vm12:m0) Got connection from reducer vm24:r0
(vm12:m0:23) thread started, have to send 761434645 bytes
(vm12:m0:12) all data sent, thread exiting
(vm12:r0:0) Connection finished, received 761434646 bytes
(vm12:r0) thread 0 joined, 26 connections remaining
(vm12:r0) Starting new connection thread
(vm12:r0) Maximum number of connections reached (5), waiting for a thread to finish
(vm12:r0:0) Connection established
(vm12:m0) Got connection from reducer vm31:r0
(vm12:m0:30) thread started, have to send 761434645 bytes
(vm12:m0) Got connection from reducer vm28:r0
(vm12:m0:27) thread started, have to send 761434645 bytes
(vm12:m0:6) all data sent, thread exiting
(vm12:m0:23) all data sent, thread exiting
(vm12:m0) Got connection from reducer vm25:r0
(vm12:m0:24) thread started, have to send 761434645 bytes
(vm12:m0) Got connection from reducer vm10:r0
(vm12:m0:9) thread started, have to send 761434645 bytes
(vm12:m0:30) all data sent, thread exiting
(vm12:r0:0) Connection finished, received 761434646 bytes
(vm12:r0) thread 0 joined, 25 connections remaining
(vm12:r0) Starting new connection thread
(vm12:r0) Maximum number of connections reached (5), waiting for a thread to finish
(vm12:m0:27) all data sent, thread exiting
(vm12:r0:0) Connection established
(vm12:m0) Got connection from reducer vm21:r0
(vm12:m0:20) thread started, have to send 761434645 bytes
(vm12:m0:24) all data sent, thread exiting
(vm12:m0) Got connection from reducer vm17:r0
(vm12:m0:16) thread started, have to send 761434645 bytes
(vm12:m0) Got connection from reducer vm30:r0
(vm12:m0:29) thread started, have to send 761434645 bytes
(vm12:m0:9) all data sent, thread exiting
(vm12:r0:0) Connection finished, received 761434646 bytes
(vm12:r0) thread 0 joined, 24 connections remaining
(vm12:r0) Starting new connection thread
(vm12:r0) Maximum number of connections reached (5), waiting for a thread to finish
(vm12:r0:0) Connection established
(vm12:m0:20) all data sent, thread exiting
(vm12:m0:16) all data sent, thread exiting
(vm12:m0:29) all data sent, thread exiting
(vm12:r0:0) Connection finished, received 761434646 bytes
(vm12:r0) thread 0 joined, 23 connections remaining
(vm12:r0) Starting new connection thread
(vm12:r0) Maximum number of connections reached (5), waiting for a thread to finish
(vm12:r0:0) Connection established
(vm12:m0) Got connection from reducer vm35:r0
(vm12:m0:34) thread started, have to send 761434645 bytes
(vm12:m0) Got connection from reducer vm8:r0
(vm12:m0:7) thread started, have to send 761434645 bytes
(vm12:m0) Got connection from reducer vm4:r0
(vm12:m0:3) thread started, have to send 761434645 bytes
(vm12:m0) Got connection from reducer vm34:r0
(vm12:m0:33) thread started, have to send 761434645 bytes
(vm12:m0:34) all data sent, thread exiting
(vm12:r0:0) Connection finished, received 761434646 bytes
(vm12:r0) thread 0 joined, 22 connections remaining
(vm12:r0) Starting new connection thread
(vm12:r0) Maximum number of connections reached (5), waiting for a thread to finish
(vm12:r0:0) Connection established
(vm12:m0:7) all data sent, thread exiting
(vm12:m0:3) all data sent, thread exiting
(vm12:m0:33) all data sent, thread exiting
(vm12:m0) Got connection from reducer vm23:r0
(vm12:m0:22) thread started, have to send 761434645 bytes
(vm12:m0) Got connection from reducer vm5:r0
(vm12:m0:4) thread started, have to send 761434645 bytes
(vm12:r0:0) Connection finished, received 761434646 bytes
(vm12:r0) thread 0 joined, 21 connections remaining
(vm12:r0) Starting new connection thread
(vm12:r0) Maximum number of connections reached (5), waiting for a thread to finish
(vm12:r0:0) Connection established
(vm12:m0) Got connection from reducer vm11:r0
(vm12:m0:10) thread started, have to send 761434645 bytes
(vm12:m0) Got connection from reducer vm3:r0
(vm12:m0:2) thread started, have to send 761434645 bytes
(vm12:m0:22) all data sent, thread exiting
(vm12:m0:4) all data sent, thread exiting
(vm12:m0) Got connection from reducer vm22:r0
(vm12:m0:21) thread started, have to send 761434645 bytes
(vm12:m0) Got connection from reducer vm2:r0
(vm12:m0:1) thread started, have to send 761434645 bytes
(vm12:m0) Got connection from reducer vm32:r0
(vm12:m0:31) thread started, have to send 761434645 bytes
(vm12:r0:0) Connection finished, received 761434646 bytes
(vm12:r0) thread 0 joined, 20 connections remaining
(vm12:r0) Starting new connection thread
(vm12:r0) Maximum number of connections reached (5), waiting for a thread to finish
(vm12:r0:0) Connection established
(vm12:m0) Got connection from reducer vm27:r0
(vm12:m0:26) thread started, have to send 761434645 bytes
(vm12:m0) Got connection from reducer vm37:r0
(vm12:m0:36) thread started, have to send 761434645 bytes
(vm12:m0) Got connection from reducer vm26:r0
(vm12:m0:25) thread started, have to send 761434645 bytes
(vm12:m0) Got connection from reducer vm20:r0
(vm12:m0) Waiting for a thread to finish
(vm12:m0) thread 0 joined, 37 connections remaining
(vm12:m0) Waiting for a thread to finish
(vm12:m0:19) thread started, have to send 761434645 bytes
(vm12:m0:21) all data sent, thread exiting
(vm12:m0:1) all data sent, thread exiting
(vm12:m0) thread 1 joined, 36 connections remaining
(vm12:m0) Waiting for a thread to finish
(vm12:m0:10) all data sent, thread exiting
(vm12:m0:31) all data sent, thread exiting
(vm12:m0:2) all data sent, thread exiting
(vm12:m0) thread 2 joined, 35 connections remaining
(vm12:m0) Waiting for a thread to finish
(vm12:m0) thread 3 joined, 34 connections remaining
(vm12:m0) Waiting for a thread to finish
(vm12:m0) thread 4 joined, 33 connections remaining
(vm12:m0) Waiting for a thread to finish
(vm12:m0) thread 5 joined, 32 connections remaining
(vm12:m0) Waiting for a thread to finish
(vm12:m0) thread 6 joined, 31 connections remaining
(vm12:m0) Waiting for a thread to finish
(vm12:m0) thread 7 joined, 30 connections remaining
(vm12:m0) Waiting for a thread to finish
(vm12:m0) thread 8 joined, 29 connections remaining
(vm12:m0) Waiting for a thread to finish
(vm12:m0) thread 9 joined, 28 connections remaining
(vm12:m0) Waiting for a thread to finish
(vm12:m0) thread 10 joined, 27 connections remaining
(vm12:m0) Waiting for a thread to finish
(vm12:m0) thread 11 joined, 26 connections remaining
(vm12:m0) Waiting for a thread to finish
(vm12:m0) thread 12 joined, 25 connections remaining
(vm12:m0) Waiting for a thread to finish
(vm12:m0) thread 13 joined, 24 connections remaining
(vm12:m0) Waiting for a thread to finish
(vm12:m0) thread 14 joined, 23 connections remaining
(vm12:m0) Waiting for a thread to finish
(vm12:m0) thread 15 joined, 22 connections remaining
(vm12:m0) Waiting for a thread to finish
(vm12:m0) thread 16 joined, 21 connections remaining
(vm12:m0) Waiting for a thread to finish
(vm12:m0) thread 17 joined, 20 connections remaining
(vm12:m0) Waiting for a thread to finish
(vm12:m0) thread 18 joined, 19 connections remaining
(vm12:m0) Waiting for a thread to finish
(vm12:r0:0) Connection finished, received 761434646 bytes
(vm12:r0) thread 0 joined, 19 connections remaining
(vm12:r0) Starting new connection thread
(vm12:r0) Maximum number of connections reached (5), waiting for a thread to finish
(vm12:r0:0) Connection established
(vm12:m0:26) all data sent, thread exiting
(vm12:m0:36) all data sent, thread exiting
(vm12:m0:25) all data sent, thread exiting
(vm12:m0:19) all data sent, thread exiting
(vm12:m0) thread 19 joined, 18 connections remaining
(vm12:m0) Waiting for a thread to finish
(vm12:m0) thread 20 joined, 17 connections remaining
(vm12:m0) Waiting for a thread to finish
(vm12:m0) thread 21 joined, 16 connections remaining
(vm12:m0) Waiting for a thread to finish
(vm12:m0) thread 22 joined, 15 connections remaining
(vm12:m0) Waiting for a thread to finish
(vm12:m0) thread 23 joined, 14 connections remaining
(vm12:m0) Waiting for a thread to finish
(vm12:m0) thread 24 joined, 13 connections remaining
(vm12:m0) Waiting for a thread to finish
(vm12:m0) thread 25 joined, 12 connections remaining
(vm12:m0) Waiting for a thread to finish
(vm12:m0) thread 26 joined, 11 connections remaining
(vm12:m0) Waiting for a thread to finish
(vm12:m0) thread 27 joined, 10 connections remaining
(vm12:m0) Waiting for a thread to finish
(vm12:m0) thread 28 joined, 9 connections remaining
(vm12:m0) Waiting for a thread to finish
(vm12:m0) thread 29 joined, 8 connections remaining
(vm12:m0) Waiting for a thread to finish
(vm12:m0) thread 30 joined, 7 connections remaining
(vm12:m0) Waiting for a thread to finish
(vm12:m0) thread 31 joined, 6 connections remaining
(vm12:m0) Waiting for a thread to finish
(vm12:m0) thread 32 joined, 5 connections remaining
(vm12:m0) Waiting for a thread to finish
(vm12:m0) thread 33 joined, 4 connections remaining
(vm12:m0) Waiting for a thread to finish
(vm12:m0) thread 34 joined, 3 connections remaining
(vm12:m0) Waiting for a thread to finish
(vm12:m0) thread 35 joined, 2 connections remaining
(vm12:m0) Waiting for a thread to finish
(vm12:m0) thread 36 joined, 1 connections remaining
(vm12:m0) Waiting for a thread to finish
(vm12:m0) thread 37 joined, 0 connections remaining
(vm12:m0) all done, exiting
*RES* start node vm12:m0
*RES* vm12:m0:0,1405717861690,5353,1508,761434646
*RES* vm12:m0:1,1405717993558,12428,1034,761434646
*RES* vm12:m0:2,1405717989872,19562,1308,761434646
*RES* vm12:m0:3,1405717973563,8494,1320,761434646
*RES* vm12:m0:4,1405717984778,8182,1448,761434646
*RES* vm12:m0:5,1405717891582,5411,1234,761434646
*RES* vm12:m0:6,1405717937818,7115,1209,761434646
*RES* vm12:m0:7,1405717970490,8691,1444,761434646
*RES* vm12:m0:8,1405717874982,5242,962,761434646
*RES* vm12:m0:9,1405717950257,11992,923,761434646
*RES* vm12:m0:10,1405717989110,18133,1014,761434646
*RES* vm12:m0:11,1405717912110,1811,210,761434646
*RES* vm12:m0:12,1405717934146,6912,1525,761434646
*RES* vm12:m0:13,1405717899232,6959,1235,761434646
*RES* vm12:m0:14,1405717903375,7532,1399,761434646
*RES* vm12:m0:15,1405717924549,4272,1067,761434646
*RES* vm12:m0:16,1405717958606,8504,1323,761434646
*RES* vm12:m0:17,1405717862918,6040,1537,761434646
*RES* vm12:m0:18,1405717881926,5241,1014,761434646
*RES* vm12:m0:19,1405717998172,14592,1228,761434646
*RES* vm12:m0:20,1405717955604,8270,968,761434646
*RES* vm12:m0:21,1405717993283,11575,1044,761434646
*RES* vm12:m0:22,1405717983470,7878,1424,761434646
*RES* vm12:m0:23,1405717940901,8299,1135,761434646
*RES* vm12:m0:24,1405717949848,7808,1106,761434646
*RES* vm12:m0:25,1405717997174,15440,1063,761434646
*RES* vm12:m0:26,1405717995294,15382,1018,761434646
*RES* vm12:m0:27,1405717943902,9225,1102,761434646
*RES* vm12:m0:28,1405717903572,7813,1455,761434646
*RES* vm12:m0:29,1405717959059,8463,1309,761434646
*RES* vm12:m0:30,1405717943790,8785,1285,761434646
*RES* vm12:m0:31,1405717994648,13504,925,761434646
*RES* vm12:m0:32,1405717878622,5530,1287,761434646
*RES* vm12:m0:33,1405717975590,7632,1065,761434646
*RES* vm12:m0:34,1405717969519,7698,1469,761434646
*RES* vm12:m0:35,1405717912343,4561,1453,761434646
*RES* vm12:m0:36,1405717996746,15252,1197,761434646
*RES* vm12:m0:37,1405717858042,3802,1335,761434646
*RES* end node vm12:m0
Node vm12:m0 joined
(vm12:r0:0) Connection finished, received 761434646 bytes
(vm12:r0) thread 0 joined, 18 connections remaining
(vm12:r0) Starting new connection thread
(vm12:r0) Maximum number of connections reached (5), waiting for a thread to finish
(vm12:r0:0) Connection established
(vm12:r0:0) Connection finished, received 761434646 bytes
(vm12:r0) thread 0 joined, 17 connections remaining
(vm12:r0) Starting new connection thread
(vm12:r0) Maximum number of connections reached (5), waiting for a thread to finish
(vm12:r0:0) Connection established
(vm12:r0:0) Connection finished, received 761434646 bytes
(vm12:r0) thread 0 joined, 16 connections remaining
(vm12:r0) Starting new connection thread
(vm12:r0) Maximum number of connections reached (5), waiting for a thread to finish
(vm12:r0:0) Connection established
(vm12:r0:0) Connection finished, received 761434646 bytes
(vm12:r0) thread 0 joined, 15 connections remaining
(vm12:r0) Starting new connection thread
(vm12:r0) Maximum number of connections reached (5), waiting for a thread to finish
(vm12:r0:0) Connection established
(vm12:r0:0) Connection finished, received 761434646 bytes
(vm12:r0) thread 0 joined, 14 connections remaining
(vm12:r0) Starting new connection thread
(vm12:r0) Maximum number of connections reached (5), waiting for a thread to finish
(vm12:r0:0) Connection established
(vm12:r0:0) Connection finished, received 761434646 bytes
(vm12:r0) thread 0 joined, 13 connections remaining
(vm12:r0) Starting new connection thread
(vm12:r0) Maximum number of connections reached (5), waiting for a thread to finish
(vm12:r0:0) Connection established
(vm12:r0:0) Connection finished, received 761434646 bytes
(vm12:r0) thread 0 joined, 12 connections remaining
(vm12:r0) Starting new connection thread
(vm12:r0) Maximum number of connections reached (5), waiting for a thread to finish
(vm12:r0:0) Connection established
(vm12:r0:0) Connection finished, received 761434646 bytes
(vm12:r0) thread 0 joined, 11 connections remaining
(vm12:r0) Starting new connection thread
(vm12:r0) Maximum number of connections reached (5), waiting for a thread to finish
(vm12:r0:0) Connection established
(vm12:r0:0) Connection finished, received 761434646 bytes
(vm12:r0) thread 0 joined, 10 connections remaining
(vm12:r0) Starting new connection thread
(vm12:r0) Maximum number of connections reached (5), waiting for a thread to finish
(vm12:r0:0) Connection established
(vm12:r0:0) Connection finished, received 761434646 bytes
(vm12:r0) thread 0 joined, 9 connections remaining
(vm12:r0) Starting new connection thread
(vm12:r0) Maximum number of connections reached (5), waiting for a thread to finish
(vm12:r0:0) Connection established
(vm12:r0:0) Connection finished, received 761434646 bytes
(vm12:r0) thread 0 joined, 8 connections remaining
(vm12:r0) Starting new connection thread
(vm12:r0) Maximum number of connections reached (5), waiting for a thread to finish
(vm12:r0:0) Connection established
(vm12:r0:0) Connection finished, received 761434646 bytes
(vm12:r0) thread 0 joined, 7 connections remaining
(vm12:r0) Starting new connection thread
(vm12:r0) Maximum number of connections reached (5), waiting for a thread to finish
(vm12:r0:0) Connection established
(vm12:r0:0) Connection finished, received 761434646 bytes
(vm12:r0) thread 0 joined, 6 connections remaining
(vm12:r0) Starting new connection thread
(vm12:r0) Maximum number of connections reached (5), waiting for a thread to finish
(vm12:r0:0) Connection established
(vm12:r0:0) Connection finished, received 761434646 bytes
(vm12:r0) thread 0 joined, 5 connections remaining
(vm12:r0) Starting new connection thread
(vm12:r0) Maximum number of connections reached (5), waiting for a thread to finish
(vm12:r0:0) Connection established
(vm12:r0:0) Connection finished, received 761434646 bytes
(vm12:r0) thread 0 joined, 4 connections remaining
(vm12:r0) Maximum number of connections reached (4), waiting for a thread to finish
(vm12:r0) thread 1 joined, 3 connections remaining
(vm12:r0) Maximum number of connections reached (3), waiting for a thread to finish
(vm12:r0) thread 2 joined, 2 connections remaining
(vm12:r0) Maximum number of connections reached (2), waiting for a thread to finish
(vm12:r0) thread 3 joined, 1 connections remaining
(vm12:r0) Maximum number of connections reached (1), waiting for a thread to finish
(vm12:r0) thread 4 joined, 0 connections remaining
(vm12:r0) all done, exiting
*RES* start node vm12:r0
*RES* vm12:r0:0,1405717787226,26317,775,761434646
*RES* vm12:r0:0,1405717813546,45067,804,761434646
*RES* vm12:r0:0,1405717858622,26002,686,761434646
*RES* vm12:r0:0,1405717884644,7575,1227,761434646
*RES* vm12:r0:0,1405717892230,5868,1183,761434646
*RES* vm12:r0:0,1405717898102,6268,1322,761434646
*RES* vm12:r0:0,1405717904394,7708,1199,761434646
*RES* vm12:r0:0,1405717912106,1826,588,761434646
*RES* vm12:r0:0,1405717913942,7612,1284,761434646
*RES* vm12:r0:0,1405717921558,7305,1384,761434646
*RES* vm12:r0:0,1405717928870,7737,1170,761434646
*RES* vm12:r0:0,1405717936618,6747,959,761434646
*RES* vm12:r0:0,1405717943370,9755,1054,761434646
*RES* vm12:r0:0,1405717953134,9136,984,761434646
*RES* vm12:r0:0,1405717962278,7082,1481,761434646
*RES* vm12:r0:0,1405717969366,8218,1098,761434646
*RES* vm12:r0:0,1405717977614,9240,1294,761434646
*RES* vm12:r0:0,1405717986866,7814,1253,761434646
*RES* vm12:r0:0,1405717994700,15919,1020,761434646
*RES* vm12:r0:0,1405718010634,7131,1440,761434646
*RES* vm12:r0:0,1405718017770,6896,1325,761434646
*RES* vm12:r0:0,1405718024670,4925,1511,761434646
*RES* vm12:r0:0,1405718029602,5040,1590,761434646
*RES* vm12:r0:0,1405718034650,4756,1497,761434646
*RES* vm12:r0:0,1405718039417,7162,1662,761434646
*RES* vm12:r0:0,1405718046586,5381,1499,761434646
*RES* vm12:r0:0,1405718051978,5496,1562,761434646
*RES* vm12:r0:0,1405718057478,7393,1426,761434646
*RES* vm12:r0:0,1405718064878,6643,3308,761434646
*RES* vm12:r0:0,1405718071526,4063,1569,761434646
*RES* vm12:r0:0,1405718075594,4317,1445,761434646
*RES* vm12:r0:0,1405718079918,5132,2305,761434646
*RES* vm12:r0:0,1405718085058,2821,909,761434646
*RES* vm12:r0:0,1405718087886,2904,1224,761434646
*RES* vm12:r0:1,1405717787226,28366,780,761434646
*RES* vm12:r0:2,1405717787225,29327,771,761434646
*RES* vm12:r0:3,1405717787225,25840,768,761434646
*RES* vm12:r0:4,1405717787225,28369,767,761434646
*RES* end node vm12:r0
Node vm12:r0 joined
Worker terminating correctly
