OSMeF worker starting
Enabling core dumping
Listening for command connection
(vm20:m0) New mapper on port 23330
(vm20:m0) -> reducer data size 22184748
(vm20:m0) -> reducer data size 22184748
(vm20:m0) -> reducer data size 22184748
(vm20:m0) -> reducer data size 22184748
(vm20:m0) -> reducer data size 22184748
(vm20:m0) -> reducer data size 22184748
(vm20:m0) -> reducer data size 22184748
(vm20:m0) -> reducer data size 22184748
(vm20:m0) -> reducer data size 22184748
(vm20:m0) -> reducer data size 22184748
(vm20:m0) -> reducer data size 22184748
(vm20:m0) -> reducer data size 22184748
(vm20:m0) -> reducer data size 22184748
(vm20:m0) -> reducer data size 22184748
(vm20:m0) -> reducer data size 22184748
(vm20:m0) -> reducer data size 22184748
(vm20:m0) -> reducer data size 22184748
(vm20:m0) -> reducer data size 22184748
(vm20:m0) -> reducer data size 22184748
(vm20:m0) -> reducer data size 22184748
(vm20:m0) -> reducer data size 22184748
(vm20:m0) -> reducer data size 22184748
(vm20:m0) Mapper thread started
(vm20:m0) Allocating data for reducer vm1:r0
(vm20:m0) Allocating data for reducer vm2:r0
(vm20:m0) Allocating data for reducer vm3:r0
(vm20:m0) Allocating data for reducer vm4:r0
(vm20:m0) Allocating data for reducer vm5:r0
(vm20:m0) Allocating data for reducer vm6:r0
(vm20:m0) Allocating data for reducer vm7:r0
(vm20:m0) Allocating data for reducer vm8:r0
(vm20:m0) Allocating data for reducer vm9:r0
(vm20:m0) Allocating data for reducer vm10:r0
(vm20:m0) Allocating data for reducer vm11:r0
(vm20:m0) Allocating data for reducer vm12:r0
(vm20:m0) Allocating data for reducer vm13:r0
(vm20:m0) Allocating data for reducer vm14:r0
(vm20:m0) Allocating data for reducer vm15:r0
(vm20:m0) Allocating data for reducer vm16:r0
(vm20:m0) Allocating data for reducer vm17:r0
(vm20:m0) Allocating data for reducer vm18:r0
(vm20:m0) Allocating data for reducer vm19:r0
(vm20:m0) Allocating data for reducer vm20:r0
(vm20:m0) Allocating data for reducer vm21:r0
(vm20:m0) Allocating data for reducer vm22:r0
(vm20:m0) Binding to port 23330
(vm20:r0) New reducer
(vm20:r0) Reducer thread started
(vm20:r0) waiting for START message
(vm20:r0) got START message
(vm20:r0) Starting new connection thread
(vm20:r0) Starting new connection thread
(vm20:r0) Starting new connection thread
(vm20:r0) Starting new connection thread
(vm20:r0) Starting new connection thread
(vm20:r0) Maximum number of connections reached (5), waiting for a thread to finish
(vm20:r0:4) Connection established
(vm20:r0:3) Connection established
(vm20:r0:1) Connection established
(vm20:r0:0) Connection established
(vm20:r0:2) Connection established
(vm20:r0:4) Connection finished, received 22184749 bytes
(vm20:r0:0) Connection finished, received 22184749 bytes
(vm20:r0) thread 0 joined, 21 connections remaining
(vm20:r0) Starting new connection thread
(vm20:r0) Maximum number of connections reached (5), waiting for a thread to finish
(vm20:r0:0) Connection established
(vm20:r0:2) Connection finished, received 22184749 bytes
(vm20:r0:3) Connection finished, received 22184749 bytes
(vm20:r0:1) Connection finished, received 22184749 bytes
(vm20:r0:0) Connection finished, received 22184749 bytes
(vm20:r0) thread 0 joined, 20 connections remaining
(vm20:r0) Starting new connection thread
(vm20:r0) Maximum number of connections reached (5), waiting for a thread to finish
(vm20:r0:0) Connection established
(vm20:r0:0) Connection finished, received 22184749 bytes
(vm20:r0) thread 0 joined, 19 connections remaining
(vm20:r0) Starting new connection thread
(vm20:r0) Maximum number of connections reached (5), waiting for a thread to finish
(vm20:r0:0) Connection established
(vm20:m0) Got connection from reducer vm1:r0
(vm20:m0:0) thread started, have to send 22184748 bytes
(vm20:r0:0) Connection finished, received 22184749 bytes
(vm20:r0) thread 0 joined, 18 connections remaining
(vm20:r0) Starting new connection thread
(vm20:r0) Maximum number of connections reached (5), waiting for a thread to finish
(vm20:m0:0) all data sent, thread exiting
(vm20:r0:0) Connection established
(vm20:m0) Got connection from reducer vm12:r0
(vm20:m0:11) thread started, have to send 22184748 bytes
(vm20:m0:11) all data sent, thread exiting
(vm20:m0) Got connection from reducer vm6:r0
(vm20:m0:5) thread started, have to send 22184748 bytes
(vm20:m0:5) all data sent, thread exiting
(vm20:r0:0) Connection finished, received 22184749 bytes
(vm20:r0) thread 0 joined, 17 connections remaining
(vm20:r0) Starting new connection thread
(vm20:r0) Maximum number of connections reached (5), waiting for a thread to finish
(vm20:r0:0) Connection established
(vm20:m0) Got connection from reducer vm21:r0
(vm20:m0:20) thread started, have to send 22184748 bytes
(vm20:m0:20) all data sent, thread exiting
(vm20:r0:0) Connection finished, received 22184749 bytes
(vm20:r0) thread 0 joined, 16 connections remaining
(vm20:r0) Starting new connection thread
(vm20:r0) Maximum number of connections reached (5), waiting for a thread to finish
(vm20:r0:0) Connection established
(vm20:m0) Got connection from reducer vm7:r0
(vm20:m0:6) thread started, have to send 22184748 bytes
(vm20:m0:6) all data sent, thread exiting
(vm20:r0:0) Connection finished, received 22184749 bytes
(vm20:r0) thread 0 joined, 15 connections remaining
(vm20:r0) Starting new connection thread
(vm20:r0) Maximum number of connections reached (5), waiting for a thread to finish
(vm20:r0:0) Connection established
(vm20:m0) Got connection from reducer vm10:r0
(vm20:m0:9) thread started, have to send 22184748 bytes
(vm20:r0:0) Connection finished, received 22184749 bytes
(vm20:m0:9) all data sent, thread exiting
(vm20:r0) thread 0 joined, 14 connections remaining
(vm20:r0) Starting new connection thread
(vm20:r0) Maximum number of connections reached (5), waiting for a thread to finish
(vm20:r0:0) Connection established
(vm20:m0) Got connection from reducer vm13:r0
(vm20:m0:12) thread started, have to send 22184748 bytes
(vm20:m0:12) all data sent, thread exiting
(vm20:r0:0) Connection finished, received 22184749 bytes
(vm20:r0) thread 0 joined, 13 connections remaining
(vm20:r0) Starting new connection thread
(vm20:r0) Maximum number of connections reached (5), waiting for a thread to finish
(vm20:r0:0) Connection established
(vm20:r0:0) Connection finished, received 22184749 bytes
(vm20:r0) thread 0 joined, 12 connections remaining
(vm20:r0) Starting new connection thread
(vm20:r0) Maximum number of connections reached (5), waiting for a thread to finish
(vm20:r0:0) Connection established
(vm20:m0) Got connection from reducer vm22:r0
(vm20:m0:21) thread started, have to send 22184748 bytes
(vm20:m0) Got connection from reducer vm8:r0
(vm20:m0:7) thread started, have to send 22184748 bytes
(vm20:r0:0) Connection finished, received 22184749 bytes
(vm20:r0) thread 0 joined, 11 connections remaining
(vm20:r0) Starting new connection thread
(vm20:r0) Maximum number of connections reached (5), waiting for a thread to finish
(vm20:r0:0) Connection established
(vm20:m0:21) all data sent, thread exiting
(vm20:m0:7) all data sent, thread exiting
(vm20:m0) Got connection from reducer vm11:r0
(vm20:m0:10) thread started, have to send 22184748 bytes
(vm20:r0:0) Connection finished, received 22184749 bytes
(vm20:r0) thread 0 joined, 10 connections remaining
(vm20:r0) Starting new connection thread
(vm20:r0) Maximum number of connections reached (5), waiting for a thread to finish
(vm20:r0:0) Connection established
(vm20:m0:10) all data sent, thread exiting
(vm20:r0:0) Connection finished, received 22184749 bytes
(vm20:r0) thread 0 joined, 9 connections remaining
(vm20:r0) Starting new connection thread
(vm20:r0) Maximum number of connections reached (5), waiting for a thread to finish
(vm20:r0:0) Connection established
(vm20:r0:0) Connection finished, received 22184749 bytes
(vm20:r0) thread 0 joined, 8 connections remaining
(vm20:r0) Starting new connection thread
(vm20:r0) Maximum number of connections reached (5), waiting for a thread to finish
(vm20:r0:0) Connection established
(vm20:r0:0) Connection finished, received 22184749 bytes
(vm20:r0) thread 0 joined, 7 connections remaining
(vm20:r0) Starting new connection thread
(vm20:r0) Maximum number of connections reached (5), waiting for a thread to finish
(vm20:r0:0) Connection established
(vm20:m0) Got connection from reducer vm20:r0
(vm20:m0:19) thread started, have to send 22184748 bytes
(vm20:r0:0) Connection finished, received 22184749 bytes
(vm20:m0:19) all data sent, thread exiting
(vm20:r0) thread 0 joined, 6 connections remaining
(vm20:r0) Starting new connection thread
(vm20:r0) Maximum number of connections reached (5), waiting for a thread to finish
(vm20:m0) Got connection from reducer vm3:r0
(vm20:m0:2) thread started, have to send 22184748 bytes
(vm20:r0:0) Connection established
(vm20:m0) Got connection from reducer vm9:r0
(vm20:m0:8) thread started, have to send 22184748 bytes
(vm20:r0:0) Connection finished, received 22184749 bytes
(vm20:m0:2) all data sent, thread exiting
(vm20:r0) thread 0 joined, 5 connections remaining
(vm20:r0) Starting new connection thread
(vm20:r0) Maximum number of connections reached (5), waiting for a thread to finish
(vm20:r0:0) Connection established
(vm20:m0:8) all data sent, thread exiting
(vm20:m0) Got connection from reducer vm18:r0
(vm20:m0:17) thread started, have to send 22184748 bytes
(vm20:r0:0) Connection finished, received 22184749 bytes
(vm20:r0) thread 0 joined, 4 connections remaining
(vm20:r0) Maximum number of connections reached (4), waiting for a thread to finish
(vm20:r0) thread 1 joined, 3 connections remaining
(vm20:r0) Maximum number of connections reached (3), waiting for a thread to finish
(vm20:r0) thread 2 joined, 2 connections remaining
(vm20:r0) Maximum number of connections reached (2), waiting for a thread to finish
(vm20:r0) thread 3 joined, 1 connections remaining
(vm20:r0) Maximum number of connections reached (1), waiting for a thread to finish
(vm20:r0) thread 4 joined, 0 connections remaining
(vm20:r0) all done, exiting
(vm20:m0:17) all data sent, thread exiting
(vm20:m0) Got connection from reducer vm5:r0
(vm20:m0:4) thread started, have to send 22184748 bytes
(vm20:m0) Got connection from reducer vm2:r0
(vm20:m0:1) thread started, have to send 22184748 bytes
(vm20:m0:4) all data sent, thread exiting
(vm20:m0:1) all data sent, thread exiting
(vm20:m0) Got connection from reducer vm14:r0
(vm20:m0:13) thread started, have to send 22184748 bytes
(vm20:m0:13) all data sent, thread exiting
(vm20:m0) Got connection from reducer vm17:r0
(vm20:m0:16) thread started, have to send 22184748 bytes
(vm20:m0) Got connection from reducer vm15:r0
(vm20:m0:14) thread started, have to send 22184748 bytes
(vm20:m0:16) all data sent, thread exiting
(vm20:m0:14) all data sent, thread exiting
(vm20:m0) Got connection from reducer vm19:r0
(vm20:m0:18) thread started, have to send 22184748 bytes
(vm20:m0) Got connection from reducer vm4:r0
(vm20:m0) Got connection from reducer vm16:r0
(vm20:m0) Waiting for a thread to finish
(vm20:m0) thread 0 joined, 21 connections remaining
(vm20:m0) Waiting for a thread to finish
(vm20:m0) thread 1 joined, 20 connections remaining
(vm20:m0) Waiting for a thread to finish
(vm20:m0) thread 2 joined, 19 connections remaining
(vm20:m0) Waiting for a thread to finish
(vm20:m0:15) thread started, have to send 22184748 bytes
(vm20:m0:3) thread started, have to send 22184748 bytes
(vm20:m0:18) all data sent, thread exiting
(vm20:m0:15) all data sent, thread exiting
(vm20:m0:3) all data sent, thread exiting
(vm20:m0) thread 3 joined, 18 connections remaining
(vm20:m0) Waiting for a thread to finish
(vm20:m0) thread 4 joined, 17 connections remaining
(vm20:m0) Waiting for a thread to finish
(vm20:m0) thread 5 joined, 16 connections remaining
(vm20:m0) Waiting for a thread to finish
(vm20:m0) thread 6 joined, 15 connections remaining
(vm20:m0) Waiting for a thread to finish
(vm20:m0) thread 7 joined, 14 connections remaining
(vm20:m0) Waiting for a thread to finish
(vm20:m0) thread 8 joined, 13 connections remaining
(vm20:m0) Waiting for a thread to finish
(vm20:m0) thread 9 joined, 12 connections remaining
(vm20:m0) Waiting for a thread to finish
(vm20:m0) thread 10 joined, 11 connections remaining
(vm20:m0) Waiting for a thread to finish
(vm20:m0) thread 11 joined, 10 connections remaining
(vm20:m0) Waiting for a thread to finish
(vm20:m0) thread 12 joined, 9 connections remaining
(vm20:m0) Waiting for a thread to finish
(vm20:m0) thread 13 joined, 8 connections remaining
(vm20:m0) Waiting for a thread to finish
(vm20:m0) thread 14 joined, 7 connections remaining
(vm20:m0) Waiting for a thread to finish
(vm20:m0) thread 15 joined, 6 connections remaining
(vm20:m0) Waiting for a thread to finish
(vm20:m0) thread 16 joined, 5 connections remaining
(vm20:m0) Waiting for a thread to finish
(vm20:m0) thread 17 joined, 4 connections remaining
(vm20:m0) Waiting for a thread to finish
(vm20:m0) thread 18 joined, 3 connections remaining
(vm20:m0) Waiting for a thread to finish
(vm20:m0) thread 19 joined, 2 connections remaining
(vm20:m0) Waiting for a thread to finish
(vm20:m0) thread 20 joined, 1 connections remaining
(vm20:m0) Waiting for a thread to finish
(vm20:m0) thread 21 joined, 0 connections remaining
(vm20:m0) all done, exiting
*RES* start node vm20:m0
*RES* vm20:m0:0,1404117952107,48,15,22184749
*RES* vm20:m0:1,1404117953830,38,15,22184749
*RES* vm20:m0:2,1404117953583,82,23,22184749
*RES* vm20:m0:3,1404117954162,52,15,22184749
*RES* vm20:m0:4,1404117953826,34,16,22184749
*RES* vm20:m0:5,1404117952270,47,18,22184749
*RES* vm20:m0:6,1404117952832,46,16,22184749
*RES* vm20:m0:7,1404117953181,61,16,22184749
*RES* vm20:m0:8,1404117953608,78,23,22184749
*RES* vm20:m0:9,1404117952900,62,20,22184749
*RES* vm20:m0:10,1404117953254,52,16,22184749
*RES* vm20:m0:11,1404117952163,60,18,22184749
*RES* vm20:m0:12,1404117952971,94,16,22184749
*RES* vm20:m0:13,1404117953880,40,20,22184749
*RES* vm20:m0:14,1404117954030,45,13,22184749
*RES* vm20:m0:15,1404117954158,55,14,22184749
*RES* vm20:m0:16,1404117954012,38,13,22184749
*RES* vm20:m0:17,1404117953711,44,22,22184749
*RES* vm20:m0:18,1404117954112,76,16,22184749
*RES* vm20:m0:19,1404117953563,16,4,22184749
*RES* vm20:m0:20,1404117952522,46,14,22184749
*RES* vm20:m0:21,1404117953165,55,15,22184749
*RES* end node vm20:m0
Node vm20:m0 joined
*RES* start node vm20:r0
*RES* vm20:r0:0,1404117950336,536,26,22184749
*RES* vm20:r0:0,1404117950878,416,21,22184749
*RES* vm20:r0:0,1404117951299,421,17,22184749
*RES* vm20:r0:0,1404117951727,423,19,22184749
*RES* vm20:r0:0,1404117952159,313,19,22184749
*RES* vm20:r0:0,1404117952479,251,16,22184749
*RES* vm20:r0:0,1404117952735,153,16,22184749
*RES* vm20:r0:0,1404117952893,68,19,22184749
*RES* vm20:r0:0,1404117952967,100,20,22184749
*RES* vm20:r0:0,1404117953071,74,17,22184749
*RES* vm20:r0:0,1404117953151,56,14,22184749
*RES* vm20:r0:0,1404117953213,69,16,22184749
*RES* vm20:r0:0,1404117953289,56,19,22184749
*RES* vm20:r0:0,1404117953351,86,23,22184749
*RES* vm20:r0:0,1404117953443,112,14,22184749
*RES* vm20:r0:0,1404117953559,20,5,22184749
*RES* vm20:r0:0,1404117953583,80,21,22184749
*RES* vm20:r0:0,1404117953673,50,18,22184749
*RES* vm20:r0:1,1404117950336,702,26,22184749
*RES* vm20:r0:2,1404117950336,560,28,22184749
*RES* vm20:r0:3,1404117950335,581,25,22184749
*RES* vm20:r0:4,1404117950335,377,25,22184749
*RES* end node vm20:r0
Node vm20:r0 joined
Worker terminating correctly
