OSMeF worker starting
Enabling core dumping
Listening for command connection
(vm3:m0) New mapper on port 23330
(vm3:m0) -> reducer data size 26843545
(vm3:m0) -> reducer data size 26843545
(vm3:m0) -> reducer data size 26843545
(vm3:m0) -> reducer data size 26843545
(vm3:m0) -> reducer data size 26843545
(vm3:m0) -> reducer data size 26843545
(vm3:m0) -> reducer data size 26843545
(vm3:m0) -> reducer data size 26843545
(vm3:m0) -> reducer data size 26843545
(vm3:m0) -> reducer data size 26843545
(vm3:m0) -> reducer data size 26843545
(vm3:m0) -> reducer data size 26843545
(vm3:m0) -> reducer data size 26843545
(vm3:m0) -> reducer data size 26843545
(vm3:m0) -> reducer data size 26843545
(vm3:m0) -> reducer data size 26843545
(vm3:m0) -> reducer data size 26843545
(vm3:m0) -> reducer data size 26843545
(vm3:m0) -> reducer data size 26843545
(vm3:m0) -> reducer data size 26843545
(vm3:m0) Mapper thread started
(vm3:m0) Allocating data for reducer vm1:r0
(vm3:m0) Allocating data for reducer vm2:r0
(vm3:m0) Allocating data for reducer vm3:r0
(vm3:m0) Allocating data for reducer vm4:r0
(vm3:m0) Allocating data for reducer vm5:r0
(vm3:m0) Allocating data for reducer vm6:r0
(vm3:m0) Allocating data for reducer vm7:r0
(vm3:m0) Allocating data for reducer vm8:r0
(vm3:m0) Allocating data for reducer vm9:r0
(vm3:m0) Allocating data for reducer vm10:r0
(vm3:m0) Allocating data for reducer vm11:r0
(vm3:m0) Allocating data for reducer vm12:r0
(vm3:m0) Allocating data for reducer vm13:r0
(vm3:m0) Allocating data for reducer vm14:r0
(vm3:m0) Allocating data for reducer vm15:r0
(vm3:m0) Allocating data for reducer vm16:r0
(vm3:m0) Allocating data for reducer vm17:r0
(vm3:m0) Allocating data for reducer vm18:r0
(vm3:m0) Allocating data for reducer vm19:r0
(vm3:m0) Allocating data for reducer vm20:r0
(vm3:m0) Binding to port 23330
(vm3:r0) New reducer
(vm3:r0) Reducer thread started
(vm3:r0) waiting for START message
(vm3:r0) got START message
(vm3:r0) Starting new connection thread
(vm3:r0) Starting new connection thread
(vm3:r0) Starting new connection thread
(vm3:r0) Starting new connection thread
(vm3:r0) Starting new connection thread
(vm3:r0) Maximum number of connections reached (5), waiting for a thread to finish
(vm3:r0:2) Connection established
(vm3:m0) Got connection from reducer vm3:r0
(vm3:r0:4) Connection established
(vm3:r0:3) Connection established
(vm3:m0:2) thread started, have to send 26843545 bytes
(vm3:m0) Got connection from reducer vm2:r0
(vm3:m0) Got connection from reducer vm1:r0
(vm3:r0:1) Connection established
(vm3:m0) Got connection from reducer vm4:r0
(vm3:m0) Got connection from reducer vm8:r0
(vm3:m0) Got connection from reducer vm7:r0
(vm3:m0) Got connection from reducer vm13:r0
(vm3:m0:3) thread started, have to send 26843545 bytes
(vm3:m0) Got connection from reducer vm6:r0
(vm3:m0) Got connection from reducer vm10:r0
(vm3:m0) Got connection from reducer vm17:r0
(vm3:m0) Got connection from reducer vm9:r0
(vm3:m0) Got connection from reducer vm14:r0
(vm3:m0) Got connection from reducer vm19:r0
(vm3:r0:0) Connection established
(vm3:m0:6) thread started, have to send 26843545 bytes
(vm3:m0:0) thread started, have to send 26843545 bytes
(vm3:m0:7) thread started, have to send 26843545 bytes
(vm3:m0) Got connection from reducer vm12:r0
(vm3:m0) Got connection from reducer vm18:r0
(vm3:m0) Got connection from reducer vm16:r0
(vm3:m0) Got connection from reducer vm20:r0
(vm3:m0:1) thread started, have to send 26843545 bytes
(vm3:m0:12) thread started, have to send 26843545 bytes
(vm3:m0:9) thread started, have to send 26843545 bytes
(vm3:m0:16) thread started, have to send 26843545 bytes
(vm3:m0:8) thread started, have to send 26843545 bytes
(vm3:m0) Got connection from reducer vm5:r0
(vm3:m0:5) thread started, have to send 26843545 bytes
(vm3:m0:13) thread started, have to send 26843545 bytes
(vm3:m0) Got connection from reducer vm15:r0
(vm3:m0) Got connection from reducer vm11:r0
(vm3:m0) Waiting for a thread to finish
(vm3:m0:18) thread started, have to send 26843545 bytes
(vm3:m0:15) thread started, have to send 26843545 bytes
(vm3:m0:11) thread started, have to send 26843545 bytes
(vm3:m0:17) thread started, have to send 26843545 bytes
(vm3:m0:19) thread started, have to send 26843545 bytes
(vm3:m0:4) thread started, have to send 26843545 bytes
(vm3:m0:14) thread started, have to send 26843545 bytes
(vm3:m0:10) thread started, have to send 26843545 bytes
(vm3:r0:2) Connection finished, received 26843546 bytes
(vm3:m0:2) all data sent, thread exiting
(vm3:m0:6) all data sent, thread exiting
(vm3:m0:7) all data sent, thread exiting
(vm3:m0:12) all data sent, thread exiting
(vm3:m0:17) all data sent, thread exiting
(vm3:m0:18) all data sent, thread exiting
(vm3:m0:8) all data sent, thread exiting
(vm3:m0:16) all data sent, thread exiting
(vm3:m0:5) all data sent, thread exiting
(vm3:m0:13) all data sent, thread exiting
(vm3:m0:19) all data sent, thread exiting
(vm3:m0:11) all data sent, thread exiting
(vm3:m0:15) all data sent, thread exiting
(vm3:m0:9) all data sent, thread exiting
(vm3:m0:14) all data sent, thread exiting
(vm3:m0:10) all data sent, thread exiting
(vm3:m0:1) all data sent, thread exiting
(vm3:m0:3) all data sent, thread exiting
(vm3:r0:3) Connection finished, received 26843546 bytes
(vm3:r0:1) Connection finished, received 26843546 bytes
(vm3:r0:4) Connection finished, received 26843546 bytes
(vm3:m0:0) all data sent, thread exiting
(vm3:m0) thread 0 joined, 19 connections remaining
(vm3:m0) Waiting for a thread to finish
(vm3:m0) thread 1 joined, 18 connections remaining
(vm3:m0) Waiting for a thread to finish
(vm3:m0) thread 2 joined, 17 connections remaining
(vm3:m0) Waiting for a thread to finish
(vm3:m0) thread 3 joined, 16 connections remaining
(vm3:m0) Waiting for a thread to finish
(vm3:r0:0) Connection finished, received 26843546 bytes
(vm3:r0) thread 0 joined, 19 connections remaining
(vm3:r0) Starting new connection thread
(vm3:r0) Maximum number of connections reached (5), waiting for a thread to finish
(vm3:r0:0) Connection established
(vm3:m0:4) all data sent, thread exiting
(vm3:m0) thread 4 joined, 15 connections remaining
(vm3:m0) Waiting for a thread to finish
(vm3:m0) thread 5 joined, 14 connections remaining
(vm3:m0) Waiting for a thread to finish
(vm3:m0) thread 6 joined, 13 connections remaining
(vm3:m0) Waiting for a thread to finish
(vm3:m0) thread 7 joined, 12 connections remaining
(vm3:m0) Waiting for a thread to finish
(vm3:m0) thread 8 joined, 11 connections remaining
(vm3:m0) Waiting for a thread to finish
(vm3:m0) thread 9 joined, 10 connections remaining
(vm3:m0) Waiting for a thread to finish
(vm3:m0) thread 10 joined, 9 connections remaining
(vm3:m0) Waiting for a thread to finish
(vm3:m0) thread 11 joined, 8 connections remaining
(vm3:m0) Waiting for a thread to finish
(vm3:m0) thread 12 joined, 7 connections remaining
(vm3:m0) Waiting for a thread to finish
(vm3:m0) thread 13 joined, 6 connections remaining
(vm3:m0) Waiting for a thread to finish
(vm3:m0) thread 14 joined, 5 connections remaining
(vm3:m0) Waiting for a thread to finish
(vm3:m0) thread 15 joined, 4 connections remaining
(vm3:m0) Waiting for a thread to finish
(vm3:m0) thread 16 joined, 3 connections remaining
(vm3:m0) Waiting for a thread to finish
(vm3:m0) thread 17 joined, 2 connections remaining
(vm3:m0) Waiting for a thread to finish
(vm3:m0) thread 18 joined, 1 connections remaining
(vm3:m0) Waiting for a thread to finish
(vm3:m0) thread 19 joined, 0 connections remaining
(vm3:m0) all done, exiting
*RES* start node vm3:m0
*RES* vm3:m0:0,1403613496124,634,21,26843546
*RES* vm3:m0:1,1403613496127,605,21,26843546
*RES* vm3:m0:2,1403613496119,110,10,26843546
*RES* vm3:m0:3,1403613496123,608,19,26843546
*RES* vm3:m0:4,1403613496138,671,20,26843546
*RES* vm3:m0:5,1403613496127,496,20,26843546
*RES* vm3:m0:6,1403613496124,371,19,26843546
*RES* vm3:m0:7,1403613496124,444,20,26843546
*RES* vm3:m0:8,1403613496127,495,19,26843546
*RES* vm3:m0:9,1403613496127,509,20,26843546
*RES* vm3:m0:10,1403613496149,505,20,26843546
*RES* vm3:m0:11,1403613496130,500,20,26843546
*RES* vm3:m0:12,1403613496127,482,19,26843546
*RES* vm3:m0:13,1403613496128,499,20,26843546
*RES* vm3:m0:14,1403613496149,492,20,26843546
*RES* vm3:m0:15,1403613496130,500,21,26843546
*RES* vm3:m0:16,1403613496127,496,20,26843546
*RES* vm3:m0:17,1403613496131,489,19,26843546
*RES* vm3:m0:18,1403613496128,492,20,26843546
*RES* vm3:m0:19,1403613496133,496,19,26843546
*RES* end node vm3:m0
Node vm3:m0 joined
(vm3:r0:0) Connection finished, received 26843546 bytes
(vm3:r0) thread 0 joined, 18 connections remaining
(vm3:r0) Starting new connection thread
(vm3:r0) Maximum number of connections reached (5), waiting for a thread to finish
(vm3:r0:0) Connection established
(vm3:r0:0) Connection finished, received 26843546 bytes
(vm3:r0) thread 0 joined, 17 connections remaining
(vm3:r0) Starting new connection thread
(vm3:r0) Maximum number of connections reached (5), waiting for a thread to finish
(vm3:r0:0) Connection established
(vm3:r0:0) Connection finished, received 26843546 bytes
(vm3:r0) thread 0 joined, 16 connections remaining
(vm3:r0) Starting new connection thread
(vm3:r0) Maximum number of connections reached (5), waiting for a thread to finish
(vm3:r0:0) Connection established
(vm3:r0:0) Connection finished, received 26843546 bytes
(vm3:r0) thread 0 joined, 15 connections remaining
(vm3:r0) Starting new connection thread
(vm3:r0) Maximum number of connections reached (5), waiting for a thread to finish
(vm3:r0:0) Connection established
(vm3:r0:0) Connection finished, received 26843546 bytes
(vm3:r0) thread 0 joined, 14 connections remaining
(vm3:r0) Starting new connection thread
(vm3:r0) Maximum number of connections reached (5), waiting for a thread to finish
(vm3:r0:0) Connection established
(vm3:r0:0) Connection finished, received 26843546 bytes
(vm3:r0) thread 0 joined, 13 connections remaining
(vm3:r0) Starting new connection thread
(vm3:r0) Maximum number of connections reached (5), waiting for a thread to finish
(vm3:r0:0) Connection established
(vm3:r0:0) Connection finished, received 26843546 bytes
(vm3:r0) thread 0 joined, 12 connections remaining
(vm3:r0) Starting new connection thread
(vm3:r0) Maximum number of connections reached (5), waiting for a thread to finish
(vm3:r0:0) Connection established
(vm3:r0:0) Connection finished, received 26843546 bytes
(vm3:r0) thread 0 joined, 11 connections remaining
(vm3:r0) Starting new connection thread
(vm3:r0) Maximum number of connections reached (5), waiting for a thread to finish
(vm3:r0:0) Connection established
(vm3:r0:0) Connection finished, received 26843546 bytes
(vm3:r0) thread 0 joined, 10 connections remaining
(vm3:r0) Starting new connection thread
(vm3:r0) Maximum number of connections reached (5), waiting for a thread to finish
(vm3:r0:0) Connection established
(vm3:r0:0) Connection finished, received 26843546 bytes
(vm3:r0) thread 0 joined, 9 connections remaining
(vm3:r0) Starting new connection thread
(vm3:r0) Maximum number of connections reached (5), waiting for a thread to finish
(vm3:r0:0) Connection established
(vm3:r0:0) Connection finished, received 26843546 bytes
(vm3:r0) thread 0 joined, 8 connections remaining
(vm3:r0) Starting new connection thread
(vm3:r0) Maximum number of connections reached (5), waiting for a thread to finish
(vm3:r0:0) Connection established
(vm3:r0:0) Connection finished, received 26843546 bytes
(vm3:r0) thread 0 joined, 7 connections remaining
(vm3:r0) Starting new connection thread
(vm3:r0) Maximum number of connections reached (5), waiting for a thread to finish
(vm3:r0:0) Connection established
(vm3:r0:0) Connection finished, received 26843546 bytes
(vm3:r0) thread 0 joined, 6 connections remaining
(vm3:r0) Starting new connection thread
(vm3:r0) Maximum number of connections reached (5), waiting for a thread to finish
(vm3:r0:0) Connection established
(vm3:r0:0) Connection finished, received 26843546 bytes
(vm3:r0) thread 0 joined, 5 connections remaining
(vm3:r0) Starting new connection thread
(vm3:r0) Maximum number of connections reached (5), waiting for a thread to finish
(vm3:r0:0) Connection established
(vm3:r0:0) Connection finished, received 26843546 bytes
(vm3:r0) thread 0 joined, 4 connections remaining
(vm3:r0) Maximum number of connections reached (4), waiting for a thread to finish
(vm3:r0) thread 1 joined, 3 connections remaining
(vm3:r0) Maximum number of connections reached (3), waiting for a thread to finish
(vm3:r0) thread 2 joined, 2 connections remaining
(vm3:r0) Maximum number of connections reached (2), waiting for a thread to finish
(vm3:r0) thread 3 joined, 1 connections remaining
(vm3:r0) Maximum number of connections reached (1), waiting for a thread to finish
(vm3:r0) thread 4 joined, 0 connections remaining
(vm3:r0) all done, exiting
*RES* start node vm3:r0
*RES* vm3:r0:0,1403613496122,676,25,26843546
*RES* vm3:r0:0,1403613496805,401,21,26843546
*RES* vm3:r0:0,1403613497211,499,28,26843546
*RES* vm3:r0:0,1403613497715,388,33,26843546
*RES* vm3:r0:0,1403613498111,316,24,26843546
*RES* vm3:r0:0,1403613498431,327,23,26843546
*RES* vm3:r0:0,1403613498763,271,22,26843546
*RES* vm3:r0:0,1403613499039,210,18,26843546
*RES* vm3:r0:0,1403613499255,176,20,26843546
*RES* vm3:r0:0,1403613499435,221,20,26843546
*RES* vm3:r0:0,1403613499663,220,17,26843546
*RES* vm3:r0:0,1403613499887,187,15,26843546
*RES* vm3:r0:0,1403613500079,119,14,26843546
*RES* vm3:r0:0,1403613500203,119,16,26843546
*RES* vm3:r0:0,1403613500327,68,14,26843546
*RES* vm3:r0:0,1403613500399,60,14,26843546
*RES* vm3:r0:1,1403613496119,618,25,26843546
*RES* vm3:r0:2,1403613496118,110,11,26843546
*RES* vm3:r0:3,1403613496118,617,24,26843546
*RES* vm3:r0:4,1403613496118,622,23,26843546
*RES* end node vm3:r0
Node vm3:r0 joined
Worker terminating correctly
