OSMeF worker starting
Enabling core dumping
Listening for command connection
(vm19:m0) New mapper on port 23330
(vm19:m0) -> reducer data size 1144132807
(vm19:m0) -> reducer data size 1144132807
(vm19:m0) -> reducer data size 1144132807
(vm19:m0) -> reducer data size 1144132807
(vm19:m0) -> reducer data size 1144132807
(vm19:m0) -> reducer data size 1144132807
(vm19:m0) -> reducer data size 1144132807
(vm19:m0) -> reducer data size 1144132807
(vm19:m0) -> reducer data size 1144132807
(vm19:m0) -> reducer data size 1144132807
(vm19:m0) -> reducer data size 1144132807
(vm19:m0) -> reducer data size 1144132807
(vm19:m0) -> reducer data size 1144132807
(vm19:m0) -> reducer data size 1144132807
(vm19:m0) -> reducer data size 1144132807
(vm19:m0) -> reducer data size 1144132807
(vm19:m0) -> reducer data size 1144132807
(vm19:m0) -> reducer data size 1144132807
(vm19:m0) -> reducer data size 1144132807
(vm19:m0) -> reducer data size 1144132807
(vm19:m0) -> reducer data size 1144132807
(vm19:m0) -> reducer data size 1144132807
(vm19:m0) -> reducer data size 1144132807
(vm19:m0) -> reducer data size 1144132807
(vm19:m0) -> reducer data size 1144132807
(vm19:m0) -> reducer data size 1144132807
(vm19:m0) -> reducer data size 1144132807
(vm19:m0) -> reducer data size 1144132807
(vm19:m0) -> reducer data size 1144132807
(vm19:m0) -> reducer data size 1144132807
(vm19:m0) -> reducer data size 1144132807
(vm19:m0) Mapper thread started
(vm19:m0) Allocating data for reducer vm1:r0
(vm19:m0) Allocating data for reducer vm2:r0
(vm19:m0) Allocating data for reducer vm3:r0
(vm19:m0) Allocating data for reducer vm4:r0
(vm19:m0) Allocating data for reducer vm5:r0
(vm19:m0) Allocating data for reducer vm6:r0
(vm19:m0) Allocating data for reducer vm7:r0
(vm19:m0) Allocating data for reducer vm8:r0
(vm19:m0) Allocating data for reducer vm9:r0
(vm19:m0) Allocating data for reducer vm10:r0
(vm19:m0) Allocating data for reducer vm11:r0
(vm19:m0) Allocating data for reducer vm12:r0
(vm19:m0) Allocating data for reducer vm13:r0
(vm19:m0) Allocating data for reducer vm14:r0
(vm19:m0) Allocating data for reducer vm15:r0
(vm19:m0) Allocating data for reducer vm16:r0
(vm19:m0) Allocating data for reducer vm17:r0
(vm19:m0) Allocating data for reducer vm18:r0
(vm19:m0) Allocating data for reducer vm19:r0
(vm19:m0) Allocating data for reducer vm20:r0
(vm19:m0) Allocating data for reducer vm21:r0
(vm19:m0) Allocating data for reducer vm22:r0
(vm19:m0) Allocating data for reducer vm23:r0
(vm19:m0) Allocating data for reducer vm24:r0
(vm19:m0) Allocating data for reducer vm25:r0
(vm19:m0) Allocating data for reducer vm26:r0
(vm19:m0) Allocating data for reducer vm27:r0
(vm19:m0) Allocating data for reducer vm28:r0
(vm19:m0) Allocating data for reducer vm29:r0
(vm19:m0) Allocating data for reducer vm30:r0
(vm19:m0) Allocating data for reducer vm31:r0
(vm19:m0) Binding to port 23330
(vm19:r0) New reducer
(vm19:r0) Reducer thread started
(vm19:r0) waiting for START message
(vm19:r0) got START message
(vm19:r0) Starting new connection thread
(vm19:r0) Starting new connection thread
(vm19:r0) Starting new connection thread
(vm19:r0) Starting new connection thread
(vm19:r0) Starting new connection thread
(vm19:r0) Maximum number of connections reached (5), waiting for a thread to finish
(vm19:r0:1) Connection established
(vm19:r0:3) Connection established
(vm19:r0:2) Connection established
(vm19:r0:4) Connection established
(vm19:r0:0) Connection established
(vm19:r0:4) Connection finished, received 1144132808 bytes
(vm19:r0:2) Connection finished, received 1144132808 bytes
(vm19:r0:3) Connection finished, received 1144132808 bytes
(vm19:r0:0) Connection finished, received 1144132808 bytes
(vm19:r0) thread 0 joined, 30 connections remaining
(vm19:r0) Starting new connection thread
(vm19:r0) Maximum number of connections reached (5), waiting for a thread to finish
(vm19:r0:0) Connection established
(vm19:r0:1) Connection finished, received 1144132808 bytes
(vm19:r0:0) Connection finished, received 1144132808 bytes
(vm19:r0) thread 0 joined, 29 connections remaining
(vm19:r0) Starting new connection thread
(vm19:r0) Maximum number of connections reached (5), waiting for a thread to finish
(vm19:r0:0) Connection established
(vm19:r0:0) Connection finished, received 1144132808 bytes
(vm19:r0) thread 0 joined, 28 connections remaining
(vm19:r0) Starting new connection thread
(vm19:r0) Maximum number of connections reached (5), waiting for a thread to finish
(vm19:r0:0) Connection established
(vm19:r0:0) Connection finished, received 1144132808 bytes
(vm19:r0) thread 0 joined, 27 connections remaining
(vm19:r0) Starting new connection thread
(vm19:r0) Maximum number of connections reached (5), waiting for a thread to finish
(vm19:r0:0) Connection established
(vm19:m0) Got connection from reducer vm1:r0
(vm19:m0:0) thread started, have to send 1144132807 bytes
(vm19:m0) Got connection from reducer vm14:r0
(vm19:m0:13) thread started, have to send 1144132807 bytes
(vm19:m0:0) all data sent, thread exiting
(vm19:m0:13) all data sent, thread exiting
(vm19:r0:0) Connection finished, received 1144132808 bytes
(vm19:r0) thread 0 joined, 26 connections remaining
(vm19:r0) Starting new connection thread
(vm19:r0) Maximum number of connections reached (5), waiting for a thread to finish
(vm19:r0:0) Connection established
(vm19:m0) Got connection from reducer vm6:r0
(vm19:m0:5) thread started, have to send 1144132807 bytes
(vm19:m0) Got connection from reducer vm29:r0
(vm19:m0:28) thread started, have to send 1144132807 bytes
(vm19:m0) Got connection from reducer vm30:r0
(vm19:m0:29) thread started, have to send 1144132807 bytes
(vm19:m0:5) all data sent, thread exiting
(vm19:m0:28) all data sent, thread exiting
(vm19:m0:29) all data sent, thread exiting
(vm19:m0) Got connection from reducer vm11:r0
(vm19:m0:10) thread started, have to send 1144132807 bytes
(vm19:m0) Got connection from reducer vm18:r0
(vm19:m0:17) thread started, have to send 1144132807 bytes
(vm19:r0:0) Connection finished, received 1144132808 bytes
(vm19:r0) thread 0 joined, 25 connections remaining
(vm19:r0) Starting new connection thread
(vm19:r0) Maximum number of connections reached (5), waiting for a thread to finish
(vm19:r0:0) Connection established
(vm19:m0:10) all data sent, thread exiting
(vm19:m0:17) all data sent, thread exiting
(vm19:r0:0) Connection finished, received 1144132808 bytes
(vm19:r0) thread 0 joined, 24 connections remaining
(vm19:r0) Starting new connection thread
(vm19:r0) Maximum number of connections reached (5), waiting for a thread to finish
(vm19:r0:0) Connection established
(vm19:r0:0) Connection finished, received 1144132808 bytes
(vm19:r0) thread 0 joined, 23 connections remaining
(vm19:r0) Starting new connection thread
(vm19:r0) Maximum number of connections reached (5), waiting for a thread to finish
(vm19:r0:0) Connection established
(vm19:m0) Got connection from reducer vm22:r0
(vm19:m0:21) thread started, have to send 1144132807 bytes
(vm19:m0) Got connection from reducer vm10:r0
(vm19:m0:9) thread started, have to send 1144132807 bytes
(vm19:m0) Got connection from reducer vm24:r0
(vm19:m0:23) thread started, have to send 1144132807 bytes
(vm19:r0:0) Connection finished, received 1144132808 bytes
(vm19:r0) thread 0 joined, 22 connections remaining
(vm19:r0) Starting new connection thread
(vm19:r0) Maximum number of connections reached (5), waiting for a thread to finish
(vm19:r0:0) Connection established
(vm19:m0:21) all data sent, thread exiting
(vm19:m0) Got connection from reducer vm21:r0
(vm19:m0:20) thread started, have to send 1144132807 bytes
(vm19:m0:9) all data sent, thread exiting
(vm19:m0:23) all data sent, thread exiting
(vm19:m0:20) all data sent, thread exiting
(vm19:m0) Got connection from reducer vm26:r0
(vm19:m0:25) thread started, have to send 1144132807 bytes
(vm19:m0) Got connection from reducer vm7:r0
(vm19:m0:6) thread started, have to send 1144132807 bytes
(vm19:r0:0) Connection finished, received 1144132808 bytes
(vm19:r0) thread 0 joined, 21 connections remaining
(vm19:r0) Starting new connection thread
(vm19:r0) Maximum number of connections reached (5), waiting for a thread to finish
(vm19:r0:0) Connection established
(vm19:m0) Got connection from reducer vm15:r0
(vm19:m0:14) thread started, have to send 1144132807 bytes
(vm19:m0:25) all data sent, thread exiting
(vm19:m0) Got connection from reducer vm12:r0
(vm19:m0:11) thread started, have to send 1144132807 bytes
(vm19:m0:6) all data sent, thread exiting
(vm19:r0:0) Connection finished, received 1144132808 bytes
(vm19:r0) thread 0 joined, 20 connections remaining
(vm19:r0) Starting new connection thread
(vm19:r0) Maximum number of connections reached (5), waiting for a thread to finish
(vm19:r0:0) Connection established
(vm19:m0:14) all data sent, thread exiting
(vm19:m0:11) all data sent, thread exiting
(vm19:m0) Got connection from reducer vm8:r0
(vm19:m0:7) thread started, have to send 1144132807 bytes
(vm19:r0:0) Connection finished, received 1144132808 bytes
(vm19:r0) thread 0 joined, 19 connections remaining
(vm19:r0) Starting new connection thread
(vm19:r0) Maximum number of connections reached (5), waiting for a thread to finish
(vm19:r0:0) Connection established
(vm19:m0:7) all data sent, thread exiting
(vm19:m0) Got connection from reducer vm25:r0
(vm19:m0:24) thread started, have to send 1144132807 bytes
(vm19:m0) Got connection from reducer vm9:r0
(vm19:m0:8) thread started, have to send 1144132807 bytes
(vm19:m0) Got connection from reducer vm27:r0
(vm19:m0:26) thread started, have to send 1144132807 bytes
(vm19:r0:0) Connection finished, received 1144132808 bytes
(vm19:r0) thread 0 joined, 18 connections remaining
(vm19:r0) Starting new connection thread
(vm19:r0) Maximum number of connections reached (5), waiting for a thread to finish
(vm19:r0:0) Connection established
(vm19:m0:24) all data sent, thread exiting
(vm19:m0:8) all data sent, thread exiting
(vm19:m0:26) all data sent, thread exiting
(vm19:r0:0) Connection finished, received 1144132808 bytes
(vm19:r0) thread 0 joined, 17 connections remaining
(vm19:r0) Starting new connection thread
(vm19:r0) Maximum number of connections reached (5), waiting for a thread to finish
(vm19:r0:0) Connection established
(vm19:m0) Got connection from reducer vm19:r0
(vm19:m0:18) thread started, have to send 1144132807 bytes
(vm19:m0) Got connection from reducer vm3:r0
(vm19:m0:2) thread started, have to send 1144132807 bytes
(vm19:m0) Got connection from reducer vm17:r0
(vm19:m0:16) thread started, have to send 1144132807 bytes
(vm19:m0) Got connection from reducer vm13:r0
(vm19:m0:12) thread started, have to send 1144132807 bytes
(vm19:m0:18) all data sent, thread exiting
(vm19:r0:0) Connection finished, received 1144132808 bytes
(vm19:r0) thread 0 joined, 16 connections remaining
(vm19:r0) Starting new connection thread
(vm19:r0) Maximum number of connections reached (5), waiting for a thread to finish
(vm19:r0:0) Connection established
(vm19:m0:2) all data sent, thread exiting
(vm19:m0:16) all data sent, thread exiting
(vm19:m0:12) all data sent, thread exiting
(vm19:r0:0) Connection finished, received 1144132808 bytes
(vm19:r0) thread 0 joined, 15 connections remaining
(vm19:r0) Starting new connection thread
(vm19:r0) Maximum number of connections reached (5), waiting for a thread to finish
(vm19:r0:0) Connection established
(vm19:m0) Got connection from reducer vm2:r0
(vm19:m0:1) thread started, have to send 1144132807 bytes
(vm19:r0:0) Connection finished, received 1144132808 bytes
(vm19:r0) thread 0 joined, 14 connections remaining
(vm19:r0) Starting new connection thread
(vm19:r0) Maximum number of connections reached (5), waiting for a thread to finish
(vm19:r0:0) Connection established
(vm19:m0:1) all data sent, thread exiting
(vm19:m0) Got connection from reducer vm4:r0
(vm19:m0:3) thread started, have to send 1144132807 bytes
(vm19:m0) Got connection from reducer vm5:r0
(vm19:m0:4) thread started, have to send 1144132807 bytes
(vm19:r0:0) Connection finished, received 1144132808 bytes
(vm19:r0) thread 0 joined, 13 connections remaining
(vm19:r0) Starting new connection thread
(vm19:r0) Maximum number of connections reached (5), waiting for a thread to finish
(vm19:r0:0) Connection established
(vm19:m0:3) all data sent, thread exiting
(vm19:m0:4) all data sent, thread exiting
(vm19:m0) Got connection from reducer vm16:r0
(vm19:m0:15) thread started, have to send 1144132807 bytes
(vm19:m0) Got connection from reducer vm28:r0
(vm19:m0:27) thread started, have to send 1144132807 bytes
(vm19:m0) Got connection from reducer vm31:r0
(vm19:m0:30) thread started, have to send 1144132807 bytes
(vm19:m0) Got connection from reducer vm23:r0
(vm19:m0:22) thread started, have to send 1144132807 bytes
(vm19:r0:0) Connection finished, received 1144132808 bytes
(vm19:r0) thread 0 joined, 12 connections remaining
(vm19:r0) Starting new connection thread
(vm19:r0) Maximum number of connections reached (5), waiting for a thread to finish
(vm19:r0:0) Connection established
(vm19:m0:15) all data sent, thread exiting
(vm19:m0) Got connection from reducer vm20:r0
(vm19:m0) Waiting for a thread to finish
(vm19:m0) thread 0 joined, 30 connections remaining
(vm19:m0) Waiting for a thread to finish
(vm19:m0) thread 1 joined, 29 connections remaining
(vm19:m0) Waiting for a thread to finish
(vm19:m0) thread 2 joined, 28 connections remaining
(vm19:m0) Waiting for a thread to finish
(vm19:m0) thread 3 joined, 27 connections remaining
(vm19:m0) Waiting for a thread to finish
(vm19:m0) thread 4 joined, 26 connections remaining
(vm19:m0) Waiting for a thread to finish
(vm19:m0) thread 5 joined, 25 connections remaining
(vm19:m0) Waiting for a thread to finish
(vm19:m0) thread 6 joined, 24 connections remaining
(vm19:m0) Waiting for a thread to finish
(vm19:m0) thread 7 joined, 23 connections remaining
(vm19:m0) Waiting for a thread to finish
(vm19:m0) thread 8 joined, 22 connections remaining
(vm19:m0) Waiting for a thread to finish
(vm19:m0) thread 9 joined, 21 connections remaining
(vm19:m0) Waiting for a thread to finish
(vm19:m0) thread 10 joined, 20 connections remaining
(vm19:m0) Waiting for a thread to finish
(vm19:m0) thread 11 joined, 19 connections remaining
(vm19:m0) Waiting for a thread to finish
(vm19:m0) thread 12 joined, 18 connections remaining
(vm19:m0) Waiting for a thread to finish
(vm19:m0) thread 13 joined, 17 connections remaining
(vm19:m0) Waiting for a thread to finish
(vm19:m0) thread 14 joined, 16 connections remaining
(vm19:m0) Waiting for a thread to finish
(vm19:m0) thread 15 joined, 15 connections remaining
(vm19:m0) Waiting for a thread to finish
(vm19:m0) thread 16 joined, 14 connections remaining
(vm19:m0) Waiting for a thread to finish
(vm19:m0) thread 17 joined, 13 connections remaining
(vm19:m0) Waiting for a thread to finish
(vm19:m0) thread 18 joined, 12 connections remaining
(vm19:m0) Waiting for a thread to finish
(vm19:m0:19) thread started, have to send 1144132807 bytes
(vm19:m0:30) all data sent, thread exiting
(vm19:m0:22) all data sent, thread exiting
(vm19:m0:27) all data sent, thread exiting
(vm19:r0:0) Connection finished, received 1144132808 bytes
(vm19:r0) thread 0 joined, 11 connections remaining
(vm19:r0) Starting new connection thread
(vm19:r0) Maximum number of connections reached (5), waiting for a thread to finish
(vm19:r0:0) Connection established
(vm19:m0:19) all data sent, thread exiting
(vm19:m0) thread 19 joined, 11 connections remaining
(vm19:m0) Waiting for a thread to finish
(vm19:m0) thread 20 joined, 10 connections remaining
(vm19:m0) Waiting for a thread to finish
(vm19:m0) thread 21 joined, 9 connections remaining
(vm19:m0) Waiting for a thread to finish
(vm19:m0) thread 22 joined, 8 connections remaining
(vm19:m0) Waiting for a thread to finish
(vm19:m0) thread 23 joined, 7 connections remaining
(vm19:m0) Waiting for a thread to finish
(vm19:m0) thread 24 joined, 6 connections remaining
(vm19:m0) Waiting for a thread to finish
(vm19:m0) thread 25 joined, 5 connections remaining
(vm19:m0) Waiting for a thread to finish
(vm19:m0) thread 26 joined, 4 connections remaining
(vm19:m0) Waiting for a thread to finish
(vm19:m0) thread 27 joined, 3 connections remaining
(vm19:m0) Waiting for a thread to finish
(vm19:m0) thread 28 joined, 2 connections remaining
(vm19:m0) Waiting for a thread to finish
(vm19:m0) thread 29 joined, 1 connections remaining
(vm19:m0) Waiting for a thread to finish
(vm19:m0) thread 30 joined, 0 connections remaining
(vm19:m0) all done, exiting
*RES* start node vm19:m0
*RES* vm19:m0:0,1405429861914,5949,1611,1144132808
*RES* vm19:m0:1,1405429987662,4287,1281,1144132808
*RES* vm19:m0:2,1405429971769,7526,1515,1144132808
*RES* vm19:m0:3,1405429993718,4420,917,1144132808
*RES* vm19:m0:4,1405429993937,4384,903,1144132808
*RES* vm19:m0:5,1405429883126,9308,2476,1144132808
*RES* vm19:m0:6,1405429935406,11038,2671,1144132808
*RES* vm19:m0:7,1405429952226,5706,1631,1144132808
*RES* vm19:m0:8,1405429959886,8327,1744,1144132808
*RES* vm19:m0:9,1405429923376,7468,1507,1144132808
*RES* vm19:m0:10,1405429895334,8858,1191,1144132808
*RES* vm19:m0:11,1405429945762,5123,1375,1144132808
*RES* vm19:m0:12,1405429974468,6117,1191,1144132808
*RES* vm19:m0:13,1405429864330,8051,1463,1144132808
*RES* vm19:m0:14,1405429940970,8610,1301,1144132808
*RES* vm19:m0:15,1405430000436,4487,978,1144132808
*RES* vm19:m0:16,1405429972275,7300,1429,1144132808
*RES* vm19:m0:17,1405429897666,6886,2048,1144132808
*RES* vm19:m0:18,1405429971646,3437,269,1144132808
*RES* vm19:m0:19,1405430005856,6266,945,1144132808
*RES* vm19:m0:20,1405429926354,8372,1422,1144132808
*RES* vm19:m0:21,1405429918102,7656,1573,1144132808
*RES* vm19:m0:22,1405430002626,6805,951,1144132808
*RES* vm19:m0:23,1405429924964,9589,1501,1144132808
*RES* vm19:m0:24,1405429958125,8591,1806,1144132808
*RES* vm19:m0:25,1405429934991,10243,2517,1144132808
*RES* vm19:m0:26,1405429961546,7775,1549,1144132808
*RES* vm19:m0:27,1405430001877,7805,939,1144132808
*RES* vm19:m0:28,1405429884174,8853,2181,1144132808
*RES* vm19:m0:29,1405429887122,7602,1801,1144132808
*RES* vm19:m0:30,1405430002010,7239,972,1144132808
*RES* end node vm19:m0
Node vm19:m0 joined
(vm19:r0:0) Connection finished, received 1144132808 bytes
(vm19:r0) thread 0 joined, 10 connections remaining
(vm19:r0) Starting new connection thread
(vm19:r0) Maximum number of connections reached (5), waiting for a thread to finish
(vm19:r0:0) Connection established
(vm19:r0:0) Connection finished, received 1144132808 bytes
(vm19:r0) thread 0 joined, 9 connections remaining
(vm19:r0) Starting new connection thread
(vm19:r0) Maximum number of connections reached (5), waiting for a thread to finish
(vm19:r0:0) Connection established
(vm19:r0:0) Connection finished, received 1144132808 bytes
(vm19:r0) thread 0 joined, 8 connections remaining
(vm19:r0) Starting new connection thread
(vm19:r0) Maximum number of connections reached (5), waiting for a thread to finish
(vm19:r0:0) Connection established
(vm19:r0:0) Connection finished, received 1144132808 bytes
(vm19:r0) thread 0 joined, 7 connections remaining
(vm19:r0) Starting new connection thread
(vm19:r0) Maximum number of connections reached (5), waiting for a thread to finish
(vm19:r0:0) Connection established
(vm19:r0:0) Connection finished, received 1144132808 bytes
(vm19:r0) thread 0 joined, 6 connections remaining
(vm19:r0) Starting new connection thread
(vm19:r0) Maximum number of connections reached (5), waiting for a thread to finish
(vm19:r0:0) Connection established
(vm19:r0:0) Connection finished, received 1144132808 bytes
(vm19:r0) thread 0 joined, 5 connections remaining
(vm19:r0) Starting new connection thread
(vm19:r0) Maximum number of connections reached (5), waiting for a thread to finish
(vm19:r0:0) Connection established
(vm19:r0:0) Connection finished, received 1144132808 bytes
(vm19:r0) thread 0 joined, 4 connections remaining
(vm19:r0) Maximum number of connections reached (4), waiting for a thread to finish
(vm19:r0) thread 1 joined, 3 connections remaining
(vm19:r0) Maximum number of connections reached (3), waiting for a thread to finish
(vm19:r0) thread 2 joined, 2 connections remaining
(vm19:r0) Maximum number of connections reached (2), waiting for a thread to finish
(vm19:r0) thread 3 joined, 1 connections remaining
(vm19:r0) Maximum number of connections reached (1), waiting for a thread to finish
(vm19:r0) thread 4 joined, 0 connections remaining
(vm19:r0) all done, exiting
*RES* start node vm19:r0
*RES* vm19:r0:0,1405429731772,33931,1099,1144132808
*RES* vm19:r0:0,1405429765709,34268,1059,1144132808
*RES* vm19:r0:0,1405429799982,30355,995,1144132808
*RES* vm19:r0:0,1405429830342,25403,1008,1144132808
*RES* vm19:r0:0,1405429855750,24672,1252,1144132808
*RES* vm19:r0:0,1405429880426,18144,1051,1144132808
*RES* vm19:r0:0,1405429898578,9361,1304,1144132808
*RES* vm19:r0:0,1405429907946,9095,1928,1144132808
*RES* vm19:r0:0,1405429917046,8568,2185,1144132808
*RES* vm19:r0:0,1405429925618,13585,1897,1144132808
*RES* vm19:r0:0,1405429939210,8933,1679,1144132808
*RES* vm19:r0:0,1405429948149,6356,1243,1144132808
*RES* vm19:r0:0,1405429954514,8707,1673,1144132808
*RES* vm19:r0:0,1405429963229,8408,1217,1144132808
*RES* vm19:r0:0,1405429971642,3447,825,1144132808
*RES* vm19:r0:0,1405429975106,7766,1119,1144132808
*RES* vm19:r0:0,1405429982878,6073,1399,1144132808
*RES* vm19:r0:0,1405429988966,8247,1195,1144132808
*RES* vm19:r0:0,1405429997225,6047,1061,1144132808
*RES* vm19:r0:0,1405430003280,7746,975,1144132808
*RES* vm19:r0:0,1405430011042,6852,1162,1144132808
*RES* vm19:r0:0,1405430017898,4704,1018,1144132808
*RES* vm19:r0:0,1405430022606,4734,1036,1144132808
*RES* vm19:r0:0,1405430027346,4549,881,1144132808
*RES* vm19:r0:0,1405430031902,2752,943,1144132808
*RES* vm19:r0:0,1405430034658,2204,897,1144132808
*RES* vm19:r0:0,1405430036870,3719,758,1144132808
*RES* vm19:r0:1,1405429731772,34787,1088,1144132808
*RES* vm19:r0:2,1405429731772,31045,1130,1144132808
*RES* vm19:r0:3,1405429731772,33197,1069,1144132808
*RES* vm19:r0:4,1405429731772,28446,1102,1144132808
*RES* end node vm19:r0
Node vm19:r0 joined
Worker terminating correctly
