OSMeF worker starting
Enabling core dumping
Listening for command connection
(vm32:m0) New mapper on port 23330
(vm32:m0) -> reducer data size 7059446
(vm32:m0) -> reducer data size 7059446
(vm32:m0) -> reducer data size 7059446
(vm32:m0) -> reducer data size 7059446
(vm32:m0) -> reducer data size 7059446
(vm32:m0) -> reducer data size 7059446
(vm32:m0) -> reducer data size 7059446
(vm32:m0) -> reducer data size 7059446
(vm32:m0) -> reducer data size 7059446
(vm32:m0) -> reducer data size 7059446
(vm32:m0) -> reducer data size 7059446
(vm32:m0) -> reducer data size 7059446
(vm32:m0) -> reducer data size 7059446
(vm32:m0) -> reducer data size 7059446
(vm32:m0) -> reducer data size 7059446
(vm32:m0) -> reducer data size 7059446
(vm32:m0) -> reducer data size 7059446
(vm32:m0) -> reducer data size 7059446
(vm32:m0) -> reducer data size 7059446
(vm32:m0) -> reducer data size 7059446
(vm32:m0) -> reducer data size 7059446
(vm32:m0) -> reducer data size 7059446
(vm32:m0) -> reducer data size 7059446
(vm32:m0) -> reducer data size 7059446
(vm32:m0) -> reducer data size 7059446
(vm32:m0) -> reducer data size 7059446
(vm32:m0) -> reducer data size 7059446
(vm32:m0) -> reducer data size 7059446
(vm32:m0) -> reducer data size 7059446
(vm32:m0) -> reducer data size 7059446
(vm32:m0) -> reducer data size 7059446
(vm32:m0) -> reducer data size 7059446
(vm32:m0) -> reducer data size 7059446
(vm32:m0) -> reducer data size 7059446
(vm32:m0) -> reducer data size 7059446
(vm32:m0) -> reducer data size 7059446
(vm32:m0) -> reducer data size 7059446
(vm32:m0) -> reducer data size 7059446
(vm32:m0) -> reducer data size 7059446
(vm32:m0) Mapper thread started
(vm32:m0) Allocating data for reducer vm1:r0
(vm32:m0) Allocating data for reducer vm2:r0
(vm32:m0) Allocating data for reducer vm3:r0
(vm32:m0) Allocating data for reducer vm4:r0
(vm32:m0) Allocating data for reducer vm5:r0
(vm32:m0) Allocating data for reducer vm6:r0
(vm32:m0) Allocating data for reducer vm7:r0
(vm32:m0) Allocating data for reducer vm8:r0
(vm32:m0) Allocating data for reducer vm9:r0
(vm32:m0) Allocating data for reducer vm10:r0
(vm32:m0) Allocating data for reducer vm11:r0
(vm32:m0) Allocating data for reducer vm12:r0
(vm32:m0) Allocating data for reducer vm13:r0
(vm32:m0) Allocating data for reducer vm14:r0
(vm32:m0) Allocating data for reducer vm15:r0
(vm32:m0) Allocating data for reducer vm16:r0
(vm32:m0) Allocating data for reducer vm17:r0
(vm32:m0) Allocating data for reducer vm18:r0
(vm32:m0) Allocating data for reducer vm19:r0
(vm32:m0) Allocating data for reducer vm20:r0
(vm32:m0) Allocating data for reducer vm21:r0
(vm32:m0) Allocating data for reducer vm22:r0
(vm32:m0) Allocating data for reducer vm23:r0
(vm32:m0) Allocating data for reducer vm24:r0
(vm32:m0) Allocating data for reducer vm25:r0
(vm32:m0) Allocating data for reducer vm26:r0
(vm32:m0) Allocating data for reducer vm27:r0
(vm32:m0) Allocating data for reducer vm28:r0
(vm32:m0) Allocating data for reducer vm29:r0
(vm32:m0) Allocating data for reducer vm30:r0
(vm32:m0) Allocating data for reducer vm31:r0
(vm32:m0) Allocating data for reducer vm32:r0
(vm32:m0) Allocating data for reducer vm33:r0
(vm32:m0) Allocating data for reducer vm34:r0
(vm32:m0) Allocating data for reducer vm35:r0
(vm32:m0) Allocating data for reducer vm36:r0
(vm32:m0) Allocating data for reducer vm37:r0
(vm32:m0) Allocating data for reducer vm38:r0
(vm32:m0) Allocating data for reducer vm39:r0
(vm32:m0) Binding to port 23330
(vm32:r0) New reducer
(vm32:r0) Reducer thread started
(vm32:r0) waiting for START message
(vm32:r0) got START message
(vm32:r0) Starting new connection thread
(vm32:r0) Starting new connection thread
(vm32:r0) Starting new connection thread
(vm32:r0) Starting new connection thread
(vm32:r0) Starting new connection thread
(vm32:r0) Maximum number of connections reached (5), waiting for a thread to finish
(vm32:r0:1) Connection established
(vm32:r0:0) Connection established
(vm32:r0:2) Connection established
(vm32:r0:4) Connection established
(vm32:r0:3) Connection established
(vm32:r0:0) Connection finished, received 7059447 bytes
(vm32:r0) thread 0 joined, 38 connections remaining
(vm32:r0) Starting new connection thread
(vm32:r0) Maximum number of connections reached (5), waiting for a thread to finish
(vm32:r0:0) Connection established
(vm32:r0:1) Connection finished, received 7059447 bytes
(vm32:r0:2) Connection finished, received 7059447 bytes
(vm32:r0:3) Connection finished, received 7059447 bytes
(vm32:r0:4) Connection finished, received 7059447 bytes
(vm32:r0:0) Connection finished, received 7059447 bytes
(vm32:r0) thread 0 joined, 37 connections remaining
(vm32:r0) Starting new connection thread
(vm32:r0) Maximum number of connections reached (5), waiting for a thread to finish
(vm32:r0:0) Connection established
(vm32:r0:0) Connection finished, received 7059447 bytes
(vm32:r0) thread 0 joined, 36 connections remaining
(vm32:r0) Starting new connection thread
(vm32:r0) Maximum number of connections reached (5), waiting for a thread to finish
(vm32:r0:0) Connection established
(vm32:r0:0) Connection finished, received 7059447 bytes
(vm32:r0) thread 0 joined, 35 connections remaining
(vm32:r0) Starting new connection thread
(vm32:r0) Maximum number of connections reached (5), waiting for a thread to finish
(vm32:r0:0) Connection established
(vm32:r0:0) Connection finished, received 7059447 bytes
(vm32:r0) thread 0 joined, 34 connections remaining
(vm32:r0) Starting new connection thread
(vm32:r0) Maximum number of connections reached (5), waiting for a thread to finish
(vm32:r0:0) Connection established
(vm32:r0:0) Connection finished, received 7059447 bytes
(vm32:r0) thread 0 joined, 33 connections remaining
(vm32:r0) Starting new connection thread
(vm32:r0) Maximum number of connections reached (5), waiting for a thread to finish
(vm32:r0:0) Connection established
(vm32:r0:0) Connection finished, received 7059447 bytes
(vm32:r0) thread 0 joined, 32 connections remaining
(vm32:r0) Starting new connection thread
(vm32:r0) Maximum number of connections reached (5), waiting for a thread to finish
(vm32:r0:0) Connection established
(vm32:r0:0) Connection finished, received 7059447 bytes
(vm32:r0) thread 0 joined, 31 connections remaining
(vm32:r0) Starting new connection thread
(vm32:r0) Maximum number of connections reached (5), waiting for a thread to finish
(vm32:r0:0) Connection established
(vm32:r0:0) Connection finished, received 7059447 bytes
(vm32:r0) thread 0 joined, 30 connections remaining
(vm32:r0) Starting new connection thread
(vm32:r0) Maximum number of connections reached (5), waiting for a thread to finish
(vm32:r0:0) Connection established
(vm32:r0:0) Connection finished, received 7059447 bytes
(vm32:r0) thread 0 joined, 29 connections remaining
(vm32:r0) Starting new connection thread
(vm32:r0) Maximum number of connections reached (5), waiting for a thread to finish
(vm32:r0:0) Connection established
(vm32:r0:0) Connection finished, received 7059447 bytes
(vm32:r0) thread 0 joined, 28 connections remaining
(vm32:r0) Starting new connection thread
(vm32:r0) Maximum number of connections reached (5), waiting for a thread to finish
(vm32:r0:0) Connection established
(vm32:r0:0) Connection finished, received 7059447 bytes
(vm32:r0) thread 0 joined, 27 connections remaining
(vm32:r0) Starting new connection thread
(vm32:r0) Maximum number of connections reached (5), waiting for a thread to finish
(vm32:r0:0) Connection established
(vm32:r0:0) Connection finished, received 7059447 bytes
(vm32:r0) thread 0 joined, 26 connections remaining
(vm32:r0) Starting new connection thread
(vm32:r0) Maximum number of connections reached (5), waiting for a thread to finish
(vm32:r0:0) Connection established
(vm32:r0:0) Connection finished, received 7059447 bytes
(vm32:r0) thread 0 joined, 25 connections remaining
(vm32:r0) Starting new connection thread
(vm32:r0) Maximum number of connections reached (5), waiting for a thread to finish
(vm32:r0:0) Connection established
(vm32:r0:0) Connection finished, received 7059447 bytes
(vm32:r0) thread 0 joined, 24 connections remaining
(vm32:r0) Starting new connection thread
(vm32:r0) Maximum number of connections reached (5), waiting for a thread to finish
(vm32:r0:0) Connection established
(vm32:r0:0) Connection finished, received 7059447 bytes
(vm32:r0) thread 0 joined, 23 connections remaining
(vm32:r0) Starting new connection thread
(vm32:r0) Maximum number of connections reached (5), waiting for a thread to finish
(vm32:r0:0) Connection established
(vm32:r0:0) Connection finished, received 7059447 bytes
(vm32:r0) thread 0 joined, 22 connections remaining
(vm32:r0) Starting new connection thread
(vm32:r0) Maximum number of connections reached (5), waiting for a thread to finish
(vm32:r0:0) Connection established
(vm32:r0:0) Connection finished, received 7059447 bytes
(vm32:r0) thread 0 joined, 21 connections remaining
(vm32:r0) Starting new connection thread
(vm32:r0) Maximum number of connections reached (5), waiting for a thread to finish
(vm32:r0:0) Connection established
(vm32:r0:0) Connection finished, received 7059447 bytes
(vm32:r0) thread 0 joined, 20 connections remaining
(vm32:r0) Starting new connection thread
(vm32:r0) Maximum number of connections reached (5), waiting for a thread to finish
(vm32:r0:0) Connection established
(vm32:r0:0) Connection finished, received 7059447 bytes
(vm32:r0) thread 0 joined, 19 connections remaining
(vm32:r0) Starting new connection thread
(vm32:r0) Maximum number of connections reached (5), waiting for a thread to finish
(vm32:r0:0) Connection established
(vm32:r0:0) Connection finished, received 7059447 bytes
(vm32:r0) thread 0 joined, 18 connections remaining
(vm32:r0) Starting new connection thread
(vm32:r0) Maximum number of connections reached (5), waiting for a thread to finish
(vm32:r0:0) Connection established
(vm32:m0) Got connection from reducer vm34:r0
(vm32:m0:33) thread started, have to send 7059446 bytes
(vm32:r0:0) Connection finished, received 7059447 bytes
(vm32:r0) thread 0 joined, 17 connections remaining
(vm32:r0) Starting new connection thread
(vm32:r0) Maximum number of connections reached (5), waiting for a thread to finish
(vm32:r0:0) Connection established
(vm32:m0:33) all data sent, thread exiting
(vm32:r0:0) Connection finished, received 7059447 bytes
(vm32:r0) thread 0 joined, 16 connections remaining
(vm32:r0) Starting new connection thread
(vm32:r0) Maximum number of connections reached (5), waiting for a thread to finish
(vm32:r0:0) Connection established
(vm32:r0:0) Connection finished, received 7059447 bytes
(vm32:r0) thread 0 joined, 15 connections remaining
(vm32:r0) Starting new connection thread
(vm32:r0) Maximum number of connections reached (5), waiting for a thread to finish
(vm32:r0:0) Connection established
(vm32:r0:0) Connection finished, received 7059447 bytes
(vm32:r0) thread 0 joined, 14 connections remaining
(vm32:r0) Starting new connection thread
(vm32:r0) Maximum number of connections reached (5), waiting for a thread to finish
(vm32:r0:0) Connection established
(vm32:r0:0) Connection finished, received 7059447 bytes
(vm32:r0) thread 0 joined, 13 connections remaining
(vm32:r0) Starting new connection thread
(vm32:r0) Maximum number of connections reached (5), waiting for a thread to finish
(vm32:r0:0) Connection established
(vm32:r0:0) Connection finished, received 7059447 bytes
(vm32:r0) thread 0 joined, 12 connections remaining
(vm32:r0) Starting new connection thread
(vm32:r0) Maximum number of connections reached (5), waiting for a thread to finish
(vm32:r0:0) Connection established
(vm32:m0) Got connection from reducer vm32:r0
(vm32:m0:31) thread started, have to send 7059446 bytes
(vm32:r0:0) Connection finished, received 7059447 bytes
(vm32:m0:31) all data sent, thread exiting
(vm32:r0) thread 0 joined, 11 connections remaining
(vm32:r0) Starting new connection thread
(vm32:r0) Maximum number of connections reached (5), waiting for a thread to finish
(vm32:r0:0) Connection established
(vm32:r0:0) Connection finished, received 7059447 bytes
(vm32:r0) thread 0 joined, 10 connections remaining
(vm32:r0) Starting new connection thread
(vm32:r0) Maximum number of connections reached (5), waiting for a thread to finish
(vm32:r0:0) Connection established
(vm32:r0:0) Connection finished, received 7059447 bytes
(vm32:r0) thread 0 joined, 9 connections remaining
(vm32:r0) Starting new connection thread
(vm32:r0) Maximum number of connections reached (5), waiting for a thread to finish
(vm32:r0:0) Connection established
(vm32:r0:0) Connection finished, received 7059447 bytes
(vm32:r0) thread 0 joined, 8 connections remaining
(vm32:r0) Starting new connection thread
(vm32:r0) Maximum number of connections reached (5), waiting for a thread to finish
(vm32:r0:0) Connection established
(vm32:r0:0) Connection finished, received 7059447 bytes
(vm32:r0) thread 0 joined, 7 connections remaining
(vm32:r0) Starting new connection thread
(vm32:r0) Maximum number of connections reached (5), waiting for a thread to finish
(vm32:r0:0) Connection established
(vm32:r0:0) Connection finished, received 7059447 bytes
(vm32:r0) thread 0 joined, 6 connections remaining
(vm32:r0) Starting new connection thread
(vm32:r0) Maximum number of connections reached (5), waiting for a thread to finish
(vm32:r0:0) Connection established
(vm32:r0:0) Connection finished, received 7059447 bytes
(vm32:r0) thread 0 joined, 5 connections remaining
(vm32:r0) Starting new connection thread
(vm32:r0) Maximum number of connections reached (5), waiting for a thread to finish
(vm32:r0:0) Connection established
(vm32:r0:0) Connection finished, received 7059447 bytes
(vm32:r0) thread 0 joined, 4 connections remaining
(vm32:r0) Maximum number of connections reached (4), waiting for a thread to finish
(vm32:r0) thread 1 joined, 3 connections remaining
(vm32:r0) Maximum number of connections reached (3), waiting for a thread to finish
(vm32:r0) thread 2 joined, 2 connections remaining
(vm32:r0) Maximum number of connections reached (2), waiting for a thread to finish
(vm32:r0) thread 3 joined, 1 connections remaining
(vm32:r0) Maximum number of connections reached (1), waiting for a thread to finish
(vm32:r0) thread 4 joined, 0 connections remaining
(vm32:r0) all done, exiting
(vm32:m0) Got connection from reducer vm1:r0
(vm32:m0:0) thread started, have to send 7059446 bytes
(vm32:m0:0) all data sent, thread exiting
(vm32:m0) Got connection from reducer vm30:r0
(vm32:m0:29) thread started, have to send 7059446 bytes
(vm32:m0:29) all data sent, thread exiting
(vm32:m0) Got connection from reducer vm12:r0
(vm32:m0:11) thread started, have to send 7059446 bytes
(vm32:m0:11) all data sent, thread exiting
(vm32:m0) Got connection from reducer vm38:r0
(vm32:m0:37) thread started, have to send 7059446 bytes
(vm32:m0) Got connection from reducer vm16:r0
(vm32:m0:15) thread started, have to send 7059446 bytes
(vm32:m0) Got connection from reducer vm23:r0
(vm32:m0:22) thread started, have to send 7059446 bytes
(vm32:m0:37) all data sent, thread exiting
(vm32:m0:15) all data sent, thread exiting
(vm32:m0:22) all data sent, thread exiting
(vm32:m0) Got connection from reducer vm11:r0
(vm32:m0:10) thread started, have to send 7059446 bytes
(vm32:m0:10) all data sent, thread exiting
(vm32:m0) Got connection from reducer vm19:r0
(vm32:m0:18) thread started, have to send 7059446 bytes
(vm32:m0:18) all data sent, thread exiting
(vm32:m0) Got connection from reducer vm18:r0
(vm32:m0:17) thread started, have to send 7059446 bytes
(vm32:m0:17) all data sent, thread exiting
(vm32:m0) Got connection from reducer vm10:r0
(vm32:m0:9) thread started, have to send 7059446 bytes
(vm32:m0:9) all data sent, thread exiting
(vm32:m0) Got connection from reducer vm6:r0
(vm32:m0:5) thread started, have to send 7059446 bytes
(vm32:m0:5) all data sent, thread exiting
(vm32:m0) Got connection from reducer vm26:r0
(vm32:m0:25) thread started, have to send 7059446 bytes
(vm32:m0) Got connection from reducer vm25:r0
(vm32:m0:24) thread started, have to send 7059446 bytes
(vm32:m0) Got connection from reducer vm3:r0
(vm32:m0:2) thread started, have to send 7059446 bytes
(vm32:m0:24) all data sent, thread exiting
(vm32:m0:2) all data sent, thread exiting
(vm32:m0) Got connection from reducer vm5:r0
(vm32:m0:4) thread started, have to send 7059446 bytes
(vm32:m0) Got connection from reducer vm8:r0
(vm32:m0:7) thread started, have to send 7059446 bytes
(vm32:m0:4) all data sent, thread exiting
(vm32:m0) Got connection from reducer vm29:r0
(vm32:m0:28) thread started, have to send 7059446 bytes
(vm32:m0:7) all data sent, thread exiting
(vm32:m0:25) all data sent, thread exiting
(vm32:m0:28) all data sent, thread exiting
(vm32:m0) Got connection from reducer vm17:r0
(vm32:m0:16) thread started, have to send 7059446 bytes
(vm32:m0:16) all data sent, thread exiting
(vm32:m0) Got connection from reducer vm31:r0
(vm32:m0:30) thread started, have to send 7059446 bytes
(vm32:m0) Got connection from reducer vm4:r0
(vm32:m0:3) thread started, have to send 7059446 bytes
(vm32:m0:30) all data sent, thread exiting
(vm32:m0) Got connection from reducer vm2:r0
(vm32:m0:1) thread started, have to send 7059446 bytes
(vm32:m0:3) all data sent, thread exiting
(vm32:m0) Got connection from reducer vm15:r0
(vm32:m0:1) all data sent, thread exiting
(vm32:m0:14) thread started, have to send 7059446 bytes
(vm32:m0:14) all data sent, thread exiting
(vm32:m0) Got connection from reducer vm36:r0
(vm32:m0:35) thread started, have to send 7059446 bytes
(vm32:m0:35) all data sent, thread exiting
(vm32:m0) Got connection from reducer vm9:r0
(vm32:m0:8) thread started, have to send 7059446 bytes
(vm32:m0) Got connection from reducer vm33:r0
(vm32:m0:32) thread started, have to send 7059446 bytes
(vm32:m0:8) all data sent, thread exiting
(vm32:m0) Got connection from reducer vm28:r0
(vm32:m0:27) thread started, have to send 7059446 bytes
(vm32:m0) Got connection from reducer vm39:r0
(vm32:m0:32) all data sent, thread exiting
(vm32:m0:38) thread started, have to send 7059446 bytes
(vm32:m0:27) all data sent, thread exiting
(vm32:m0) Got connection from reducer vm7:r0
(vm32:m0:6) thread started, have to send 7059446 bytes
(vm32:m0:6) all data sent, thread exiting
(vm32:m0:38) all data sent, thread exiting
(vm32:m0) Got connection from reducer vm20:r0
(vm32:m0:19) thread started, have to send 7059446 bytes
(vm32:m0) Got connection from reducer vm14:r0
(vm32:m0:13) thread started, have to send 7059446 bytes
(vm32:m0:19) all data sent, thread exiting
(vm32:m0:13) all data sent, thread exiting
(vm32:m0) Got connection from reducer vm37:r0
(vm32:m0:36) thread started, have to send 7059446 bytes
(vm32:m0) Got connection from reducer vm22:r0
(vm32:m0:21) thread started, have to send 7059446 bytes
(vm32:m0) Got connection from reducer vm13:r0
(vm32:m0:12) thread started, have to send 7059446 bytes
(vm32:m0:21) all data sent, thread exiting
(vm32:m0:36) all data sent, thread exiting
(vm32:m0) Got connection from reducer vm27:r0
(vm32:m0:26) thread started, have to send 7059446 bytes
(vm32:m0:12) all data sent, thread exiting
(vm32:m0) Got connection from reducer vm21:r0
(vm32:m0:20) thread started, have to send 7059446 bytes
(vm32:m0:26) all data sent, thread exiting
(vm32:m0:20) all data sent, thread exiting
(vm32:m0) Got connection from reducer vm24:r0
(vm32:m0:23) thread started, have to send 7059446 bytes
(vm32:m0:23) all data sent, thread exiting
(vm32:m0) Got connection from reducer vm35:r0
(vm32:m0) Waiting for a thread to finish
(vm32:m0) thread 0 joined, 38 connections remaining
(vm32:m0) Waiting for a thread to finish
(vm32:m0) thread 1 joined, 37 connections remaining
(vm32:m0) Waiting for a thread to finish
(vm32:m0) thread 2 joined, 36 connections remaining
(vm32:m0) Waiting for a thread to finish
(vm32:m0) thread 3 joined, 35 connections remaining
(vm32:m0) Waiting for a thread to finish
(vm32:m0) thread 4 joined, 34 connections remaining
(vm32:m0) Waiting for a thread to finish
(vm32:m0) thread 5 joined, 33 connections remaining
(vm32:m0) Waiting for a thread to finish
(vm32:m0) thread 6 joined, 32 connections remaining
(vm32:m0) Waiting for a thread to finish
(vm32:m0) thread 7 joined, 31 connections remaining
(vm32:m0) Waiting for a thread to finish
(vm32:m0) thread 8 joined, 30 connections remaining
(vm32:m0) Waiting for a thread to finish
(vm32:m0) thread 9 joined, 29 connections remaining
(vm32:m0) Waiting for a thread to finish
(vm32:m0) thread 10 joined, 28 connections remaining
(vm32:m0) Waiting for a thread to finish
(vm32:m0) thread 11 joined, 27 connections remaining
(vm32:m0) Waiting for a thread to finish
(vm32:m0) thread 12 joined, 26 connections remaining
(vm32:m0) Waiting for a thread to finish
(vm32:m0) thread 13 joined, 25 connections remaining
(vm32:m0) Waiting for a thread to finish
(vm32:m0) thread 14 joined, 24 connections remaining
(vm32:m0) Waiting for a thread to finish
(vm32:m0) thread 15 joined, 23 connections remaining
(vm32:m0) Waiting for a thread to finish
(vm32:m0) thread 16 joined, 22 connections remaining
(vm32:m0) Waiting for a thread to finish
(vm32:m0) thread 17 joined, 21 connections remaining
(vm32:m0) Waiting for a thread to finish
(vm32:m0) thread 18 joined, 20 connections remaining
(vm32:m0) Waiting for a thread to finish
(vm32:m0) thread 19 joined, 19 connections remaining
(vm32:m0) Waiting for a thread to finish
(vm32:m0) thread 20 joined, 18 connections remaining
(vm32:m0) Waiting for a thread to finish
(vm32:m0) thread 21 joined, 17 connections remaining
(vm32:m0) Waiting for a thread to finish
(vm32:m0) thread 22 joined, 16 connections remaining
(vm32:m0) Waiting for a thread to finish
(vm32:m0) thread 23 joined, 15 connections remaining
(vm32:m0) Waiting for a thread to finish
(vm32:m0) thread 24 joined, 14 connections remaining
(vm32:m0) Waiting for a thread to finish
(vm32:m0) thread 25 joined, 13 connections remaining
(vm32:m0) Waiting for a thread to finish
(vm32:m0) thread 26 joined, 12 connections remaining
(vm32:m0) Waiting for a thread to finish
(vm32:m0) thread 27 joined, 11 connections remaining
(vm32:m0) Waiting for a thread to finish
(vm32:m0) thread 28 joined, 10 connections remaining
(vm32:m0) Waiting for a thread to finish
(vm32:m0) thread 29 joined, 9 connections remaining
(vm32:m0) Waiting for a thread to finish
(vm32:m0) thread 30 joined, 8 connections remaining
(vm32:m0) Waiting for a thread to finish
(vm32:m0) thread 31 joined, 7 connections remaining
(vm32:m0) Waiting for a thread to finish
(vm32:m0) thread 32 joined, 6 connections remaining
(vm32:m0) Waiting for a thread to finish
(vm32:m0) thread 33 joined, 5 connections remaining
(vm32:m0) Waiting for a thread to finish
(vm32:m0:34) thread started, have to send 7059446 bytes
(vm32:m0:34) all data sent, thread exiting
(vm32:m0) thread 34 joined, 4 connections remaining
(vm32:m0) Waiting for a thread to finish
(vm32:m0) thread 35 joined, 3 connections remaining
(vm32:m0) Waiting for a thread to finish
(vm32:m0) thread 36 joined, 2 connections remaining
(vm32:m0) Waiting for a thread to finish
(vm32:m0) thread 37 joined, 1 connections remaining
(vm32:m0) Waiting for a thread to finish
(vm32:m0) thread 38 joined, 0 connections remaining
(vm32:m0) all done, exiting
*RES* start node vm32:m0
*RES* vm32:m0:0,1405930899702,83,5,7059447
*RES* vm32:m0:1,1405930902585,36,5,7059447
*RES* vm32:m0:2,1405930901752,55,6,7059447
*RES* vm32:m0:3,1405930902548,48,4,7059447
*RES* vm32:m0:4,1405930901885,35,5,7059447
*RES* vm32:m0:5,1405930901319,52,5,7059447
*RES* vm32:m0:6,1405930902960,20,8,7059447
*RES* vm32:m0:7,1405930901909,35,6,7059447
*RES* vm32:m0:8,1405930902850,35,8,7059447
*RES* vm32:m0:9,1405930901285,33,4,7059447
*RES* vm32:m0:10,1405930901081,32,4,7059447
*RES* vm32:m0:11,1405930900417,78,6,7059447
*RES* vm32:m0:12,1405930903183,25,6,7059447
*RES* vm32:m0:13,1405930903033,22,5,7059447
*RES* vm32:m0:14,1405930902622,58,5,7059447
*RES* vm32:m0:15,1405930900831,59,6,7059447
*RES* vm32:m0:16,1405930902476,46,7,7059447
*RES* vm32:m0:17,1405930901207,28,4,7059447
*RES* vm32:m0:18,1405930901173,34,4,7059447
*RES* vm32:m0:19,1405930903003,36,6,7059447
*RES* vm32:m0:20,1405930903214,23,6,7059447
*RES* vm32:m0:21,1405930903167,23,6,7059447
*RES* vm32:m0:22,1405930900867,75,4,7059447
*RES* vm32:m0:23,1405930903248,23,6,7059447
*RES* vm32:m0:24,1405930901751,48,6,7059447
*RES* vm32:m0:25,1405930901742,253,6,7059447
*RES* vm32:m0:26,1405930903202,25,6,7059447
*RES* vm32:m0:27,1405930902893,47,11,7059447
*RES* vm32:m0:28,1405930901943,88,6,7059447
*RES* vm32:m0:29,1405930900181,74,5,7059447
*RES* vm32:m0:30,1405930902525,40,6,7059447
*RES* vm32:m0:31,1405930898817,5,2,7059447
*RES* vm32:m0:32,1405930902872,45,7,7059447
*RES* vm32:m0:33,1405930898481,39,8,7059447
*RES* vm32:m0:34,1405930903446,18,4,7059447
*RES* vm32:m0:35,1405930902729,54,6,7059447
*RES* vm32:m0:36,1405930903132,58,6,7059447
*RES* vm32:m0:37,1405930900769,103,5,7059447
*RES* vm32:m0:38,1405930902918,77,5,7059447
*RES* end node vm32:m0
Node vm32:m0 joined
*RES* start node vm32:r0
*RES* vm32:r0:0,1405930896534,292,11,7059447
*RES* vm32:r0:0,1405930896830,373,14,7059447
*RES* vm32:r0:0,1405930897210,50,18,7059447
*RES* vm32:r0:0,1405930897266,43,18,7059447
*RES* vm32:r0:0,1405930897318,46,19,7059447
*RES* vm32:r0:0,1405930897370,54,19,7059447
*RES* vm32:r0:0,1405930897430,40,16,7059447
*RES* vm32:r0:0,1405930897474,54,19,7059447
*RES* vm32:r0:0,1405930897534,114,22,7059447
*RES* vm32:r0:0,1405930897654,79,23,7059447
*RES* vm32:r0:0,1405930897738,48,17,7059447
*RES* vm32:r0:0,1405930897794,38,16,7059447
*RES* vm32:r0:0,1405930897838,55,21,7059447
*RES* vm32:r0:0,1405930897898,88,15,7059447
*RES* vm32:r0:0,1405930897990,46,15,7059447
*RES* vm32:r0:0,1405930898042,45,14,7059447
*RES* vm32:r0:0,1405930898094,49,13,7059447
*RES* vm32:r0:0,1405930898150,77,14,7059447
*RES* vm32:r0:0,1405930898234,67,18,7059447
*RES* vm32:r0:0,1405930898310,98,16,7059447
*RES* vm32:r0:0,1405930898414,39,14,7059447
*RES* vm32:r0:0,1405930898458,35,13,7059447
*RES* vm32:r0:0,1405930898498,48,15,7059447
*RES* vm32:r0:0,1405930898550,64,26,7059447
*RES* vm32:r0:0,1405930898629,70,15,7059447
*RES* vm32:r0:0,1405930898706,36,14,7059447
*RES* vm32:r0:0,1405930898746,56,21,7059447
*RES* vm32:r0:0,1405930898806,17,3,7059447
*RES* vm32:r0:0,1405930898830,106,30,7059447
*RES* vm32:r0:0,1405930898942,36,14,7059447
*RES* vm32:r0:0,1405930898982,65,11,7059447
*RES* vm32:r0:0,1405930899054,64,16,7059447
*RES* vm32:r0:0,1405930899122,163,9,7059447
*RES* vm32:r0:0,1405930899290,53,17,7059447
*RES* vm32:r0:0,1405930899350,55,14,7059447
*RES* vm32:r0:1,1405930896534,315,11,7059447
*RES* vm32:r0:2,1405930896534,351,12,7059447
*RES* vm32:r0:3,1405930896533,356,11,7059447
*RES* vm32:r0:4,1405930896533,603,14,7059447
*RES* end node vm32:r0
Node vm32:r0 joined
Worker terminating correctly
