OSMeF worker starting
Enabling core dumping
Listening for command connection
(vm4:m0) New mapper on port 23330
(vm4:m0) -> reducer data size 803149472
(vm4:m0) -> reducer data size 803149472
(vm4:m0) -> reducer data size 803149472
(vm4:m0) -> reducer data size 803149472
(vm4:m0) -> reducer data size 803149472
(vm4:m0) -> reducer data size 803149472
(vm4:m0) -> reducer data size 803149472
(vm4:m0) -> reducer data size 803149472
(vm4:m0) -> reducer data size 803149472
(vm4:m0) -> reducer data size 803149472
(vm4:m0) -> reducer data size 803149472
(vm4:m0) -> reducer data size 803149472
(vm4:m0) -> reducer data size 803149472
(vm4:m0) -> reducer data size 803149472
(vm4:m0) -> reducer data size 803149472
(vm4:m0) -> reducer data size 803149472
(vm4:m0) -> reducer data size 803149472
(vm4:m0) -> reducer data size 803149472
(vm4:m0) -> reducer data size 803149472
(vm4:m0) -> reducer data size 803149472
(vm4:m0) -> reducer data size 803149472
(vm4:m0) -> reducer data size 803149472
(vm4:m0) -> reducer data size 803149472
(vm4:m0) -> reducer data size 803149472
(vm4:m0) -> reducer data size 803149472
(vm4:m0) -> reducer data size 803149472
(vm4:m0) -> reducer data size 803149472
(vm4:m0) -> reducer data size 803149472
(vm4:m0) -> reducer data size 803149472
(vm4:m0) -> reducer data size 803149472
(vm4:m0) -> reducer data size 803149472
(vm4:m0) -> reducer data size 803149472
(vm4:m0) -> reducer data size 803149472
(vm4:m0) -> reducer data size 803149472
(vm4:m0) -> reducer data size 803149472
(vm4:m0) -> reducer data size 803149472
(vm4:m0) -> reducer data size 803149472
(vm4:m0) Mapper thread started
(vm4:m0) Allocating data for reducer vm1:r0
(vm4:m0) Allocating data for reducer vm2:r0
(vm4:m0) Allocating data for reducer vm3:r0
(vm4:m0) Allocating data for reducer vm4:r0
(vm4:m0) Allocating data for reducer vm5:r0
(vm4:m0) Allocating data for reducer vm6:r0
(vm4:m0) Allocating data for reducer vm7:r0
(vm4:m0) Allocating data for reducer vm8:r0
(vm4:m0) Allocating data for reducer vm9:r0
(vm4:m0) Allocating data for reducer vm10:r0
(vm4:m0) Allocating data for reducer vm11:r0
(vm4:m0) Allocating data for reducer vm12:r0
(vm4:m0) Allocating data for reducer vm13:r0
(vm4:m0) Allocating data for reducer vm14:r0
(vm4:m0) Allocating data for reducer vm15:r0
(vm4:m0) Allocating data for reducer vm16:r0
(vm4:m0) Allocating data for reducer vm17:r0
(vm4:m0) Allocating data for reducer vm18:r0
(vm4:m0) Allocating data for reducer vm19:r0
(vm4:m0) Allocating data for reducer vm20:r0
(vm4:m0) Allocating data for reducer vm21:r0
(vm4:m0) Allocating data for reducer vm22:r0
(vm4:m0) Allocating data for reducer vm23:r0
(vm4:m0) Allocating data for reducer vm24:r0
(vm4:m0) Allocating data for reducer vm25:r0
(vm4:m0) Allocating data for reducer vm26:r0
(vm4:m0) Allocating data for reducer vm27:r0
(vm4:m0) Allocating data for reducer vm28:r0
(vm4:m0) Allocating data for reducer vm29:r0
(vm4:m0) Allocating data for reducer vm30:r0
(vm4:m0) Allocating data for reducer vm31:r0
(vm4:m0) Allocating data for reducer vm32:r0
(vm4:m0) Allocating data for reducer vm33:r0
(vm4:m0) Allocating data for reducer vm34:r0
(vm4:m0) Allocating data for reducer vm35:r0
(vm4:m0) Allocating data for reducer vm36:r0
(vm4:m0) Allocating data for reducer vm37:r0
(vm4:m0) Binding to port 23330
(vm4:r0) New reducer
(vm4:r0) Reducer thread started
(vm4:r0) waiting for START message
(vm4:r0) got START message
(vm4:r0) Starting new connection thread
(vm4:r0) Starting new connection thread
(vm4:r0) Starting new connection thread
(vm4:r0) Starting new connection thread
(vm4:r0) Starting new connection thread
(vm4:r0) Maximum number of connections reached (5), waiting for a thread to finish
(vm4:m0) Got connection from reducer vm2:r0
(vm4:m0) Got connection from reducer vm1:r0
(vm4:r0:3) Connection established
(vm4:m0) Got connection from reducer vm3:r0
(vm4:m0) Got connection from reducer vm4:r0
(vm4:m0:0) thread started, have to send 803149472 bytes
(vm4:r0:4) Connection established
(vm4:m0:1) thread started, have to send 803149472 bytes
(vm4:m0) Got connection from reducer vm6:r0
(vm4:r0:2) Connection established
(vm4:m0:3) thread started, have to send 803149472 bytes
(vm4:m0) Got connection from reducer vm7:r0
(vm4:m0) Got connection from reducer vm5:r0
(vm4:m0:2) thread started, have to send 803149472 bytes
(vm4:m0) Got connection from reducer vm12:r0
(vm4:m0) Got connection from reducer vm9:r0
(vm4:m0) Got connection from reducer vm8:r0
(vm4:m0:4) thread started, have to send 803149472 bytes
(vm4:m0:6) thread started, have to send 803149472 bytes
(vm4:m0:5) thread started, have to send 803149472 bytes
(vm4:m0:8) thread started, have to send 803149472 bytes
(vm4:m0:7) thread started, have to send 803149472 bytes
(vm4:m0:11) thread started, have to send 803149472 bytes
(vm4:m0) Got connection from reducer vm11:r0
(vm4:r0:1) Connection established
(vm4:m0) Got connection from reducer vm17:r0
(vm4:m0) Got connection from reducer vm14:r0
(vm4:m0) Got connection from reducer vm16:r0
(vm4:m0) Got connection from reducer vm36:r0
(vm4:m0) Got connection from reducer vm26:r0
(vm4:m0) Got connection from reducer vm21:r0
(vm4:m0) Got connection from reducer vm31:r0
(vm4:m0) Got connection from reducer vm19:r0
(vm4:m0) Got connection from reducer vm23:r0
(vm4:m0) Got connection from reducer vm29:r0
(vm4:m0) Got connection from reducer vm22:r0
(vm4:m0) Got connection from reducer vm27:r0
(vm4:m0) Got connection from reducer vm24:r0
(vm4:m0) Got connection from reducer vm25:r0
(vm4:m0) Got connection from reducer vm15:r0
(vm4:m0) Got connection from reducer vm10:r0
(vm4:m0) Got connection from reducer vm35:r0
(vm4:m0) Got connection from reducer vm20:r0
(vm4:m0) Got connection from reducer vm33:r0
(vm4:m0) Got connection from reducer vm32:r0
(vm4:m0) Got connection from reducer vm30:r0
(vm4:m0) Got connection from reducer vm28:r0
(vm4:m0) Got connection from reducer vm18:r0
(vm4:m0) Got connection from reducer vm13:r0
(vm4:m0) Got connection from reducer vm34:r0
(vm4:m0) Got connection from reducer vm37:r0
(vm4:m0) Waiting for a thread to finish
(vm4:r0:0) Connection established
(vm4:m0:10) thread started, have to send 803149472 bytes
(vm4:m0:22) thread started, have to send 803149472 bytes
(vm4:m0:19) thread started, have to send 803149472 bytes
(vm4:m0:12) thread started, have to send 803149472 bytes
(vm4:m0:21) thread started, have to send 803149472 bytes
(vm4:m0:23) thread started, have to send 803149472 bytes
(vm4:m0:31) thread started, have to send 803149472 bytes
(vm4:m0:29) thread started, have to send 803149472 bytes
(vm4:m0:13) thread started, have to send 803149472 bytes
(vm4:m0:25) thread started, have to send 803149472 bytes
(vm4:m0:32) thread started, have to send 803149472 bytes
(vm4:m0:27) thread started, have to send 803149472 bytes
(vm4:m0:17) thread started, have to send 803149472 bytes
(vm4:m0:36) thread started, have to send 803149472 bytes
(vm4:m0:15) thread started, have to send 803149472 bytes
(vm4:m0:30) thread started, have to send 803149472 bytes
(vm4:m0:18) thread started, have to send 803149472 bytes
(vm4:m0:28) thread started, have to send 803149472 bytes
(vm4:m0:26) thread started, have to send 803149472 bytes
(vm4:m0:20) thread started, have to send 803149472 bytes
(vm4:m0:24) thread started, have to send 803149472 bytes
(vm4:m0:14) thread started, have to send 803149472 bytes
(vm4:m0:9) thread started, have to send 803149472 bytes
(vm4:m0:34) thread started, have to send 803149472 bytes
(vm4:m0:33) thread started, have to send 803149472 bytes
(vm4:m0:16) thread started, have to send 803149472 bytes
(vm4:m0:35) thread started, have to send 803149472 bytes
(vm4:m0:3) all data sent, thread exiting
(vm4:r0:3) Connection finished, received 803149473 bytes
(vm4:m0:29) all data sent, thread exiting
(vm4:m0:30) all data sent, thread exiting
(vm4:m0:11) all data sent, thread exiting
(vm4:m0:5) all data sent, thread exiting
(vm4:m0:15) all data sent, thread exiting
(vm4:m0:32) all data sent, thread exiting
(vm4:m0:28) all data sent, thread exiting
(vm4:m0:33) all data sent, thread exiting
(vm4:m0:10) all data sent, thread exiting
(vm4:m0:24) all data sent, thread exiting
(vm4:m0:17) all data sent, thread exiting
(vm4:m0:7) all data sent, thread exiting
(vm4:m0:13) all data sent, thread exiting
(vm4:m0:34) all data sent, thread exiting
(vm4:m0:25) all data sent, thread exiting
(vm4:m0:20) all data sent, thread exiting
(vm4:m0:12) all data sent, thread exiting
(vm4:m0:36) all data sent, thread exiting
(vm4:m0:16) all data sent, thread exiting
(vm4:m0:19) all data sent, thread exiting
(vm4:m0:6) all data sent, thread exiting
(vm4:m0:8) all data sent, thread exiting
(vm4:m0:22) all data sent, thread exiting
(vm4:m0:35) all data sent, thread exiting
(vm4:m0:14) all data sent, thread exiting
(vm4:m0:31) all data sent, thread exiting
(vm4:m0:26) all data sent, thread exiting
(vm4:m0:27) all data sent, thread exiting
(vm4:m0:9) all data sent, thread exiting
(vm4:m0:23) all data sent, thread exiting
(vm4:m0:18) all data sent, thread exiting
(vm4:m0:21) all data sent, thread exiting
(vm4:m0:2) all data sent, thread exiting
(vm4:r0:4) Connection finished, received 803149473 bytes
(vm4:r0:2) Connection finished, received 803149473 bytes
(vm4:m0:4) all data sent, thread exiting
(vm4:m0:1) all data sent, thread exiting
(vm4:r0:1) Connection finished, received 803149473 bytes
(vm4:m0:0) all data sent, thread exiting
(vm4:m0) thread 0 joined, 36 connections remaining
(vm4:m0) Waiting for a thread to finish
(vm4:m0) thread 1 joined, 35 connections remaining
(vm4:m0) Waiting for a thread to finish
(vm4:m0) thread 2 joined, 34 connections remaining
(vm4:m0) Waiting for a thread to finish
(vm4:m0) thread 3 joined, 33 connections remaining
(vm4:m0) Waiting for a thread to finish
(vm4:m0) thread 4 joined, 32 connections remaining
(vm4:m0) Waiting for a thread to finish
(vm4:m0) thread 5 joined, 31 connections remaining
(vm4:m0) Waiting for a thread to finish
(vm4:m0) thread 6 joined, 30 connections remaining
(vm4:m0) Waiting for a thread to finish
(vm4:m0) thread 7 joined, 29 connections remaining
(vm4:m0) Waiting for a thread to finish
(vm4:m0) thread 8 joined, 28 connections remaining
(vm4:m0) Waiting for a thread to finish
(vm4:m0) thread 9 joined, 27 connections remaining
(vm4:m0) Waiting for a thread to finish
(vm4:m0) thread 10 joined, 26 connections remaining
(vm4:m0) Waiting for a thread to finish
(vm4:m0) thread 11 joined, 25 connections remaining
(vm4:m0) Waiting for a thread to finish
(vm4:m0) thread 12 joined, 24 connections remaining
(vm4:m0) Waiting for a thread to finish
(vm4:m0) thread 13 joined, 23 connections remaining
(vm4:m0) Waiting for a thread to finish
(vm4:m0) thread 14 joined, 22 connections remaining
(vm4:m0) Waiting for a thread to finish
(vm4:m0) thread 15 joined, 21 connections remaining
(vm4:m0) Waiting for a thread to finish
(vm4:m0) thread 16 joined, 20 connections remaining
(vm4:m0) Waiting for a thread to finish
(vm4:m0) thread 17 joined, 19 connections remaining
(vm4:m0) Waiting for a thread to finish
(vm4:m0) thread 18 joined, 18 connections remaining
(vm4:m0) Waiting for a thread to finish
(vm4:m0) thread 19 joined, 17 connections remaining
(vm4:m0) Waiting for a thread to finish
(vm4:m0) thread 20 joined, 16 connections remaining
(vm4:m0) Waiting for a thread to finish
(vm4:m0) thread 21 joined, 15 connections remaining
(vm4:m0) Waiting for a thread to finish
(vm4:m0) thread 22 joined, 14 connections remaining
(vm4:m0) Waiting for a thread to finish
(vm4:m0) thread 23 joined, 13 connections remaining
(vm4:m0) Waiting for a thread to finish
(vm4:m0) thread 24 joined, 12 connections remaining
(vm4:m0) Waiting for a thread to finish
(vm4:m0) thread 25 joined, 11 connections remaining
(vm4:m0) Waiting for a thread to finish
(vm4:m0) thread 26 joined, 10 connections remaining
(vm4:m0) Waiting for a thread to finish
(vm4:m0) thread 27 joined, 9 connections remaining
(vm4:m0) Waiting for a thread to finish
(vm4:m0) thread 28 joined, 8 connections remaining
(vm4:m0) Waiting for a thread to finish
(vm4:m0) thread 29 joined, 7 connections remaining
(vm4:m0) Waiting for a thread to finish
(vm4:m0) thread 30 joined, 6 connections remaining
(vm4:m0) Waiting for a thread to finish
(vm4:m0) thread 31 joined, 5 connections remaining
(vm4:m0) Waiting for a thread to finish
(vm4:m0) thread 32 joined, 4 connections remaining
(vm4:m0) Waiting for a thread to finish
(vm4:m0) thread 33 joined, 3 connections remaining
(vm4:m0) Waiting for a thread to finish
(vm4:m0) thread 34 joined, 2 connections remaining
(vm4:m0) Waiting for a thread to finish
(vm4:m0) thread 35 joined, 1 connections remaining
(vm4:m0) Waiting for a thread to finish
(vm4:m0) thread 36 joined, 0 connections remaining
(vm4:m0) all done, exiting
*RES* start node vm4:m0
*RES* vm4:m0:0,1405713176627,33225,628,803149473
*RES* vm4:m0:1,1405713176627,30158,608,803149473
*RES* vm4:m0:2,1405713176629,27895,634,803149473
*RES* vm4:m0:3,1405713176627,16153,232,803149473
*RES* vm4:m0:4,1405713176631,28549,633,803149473
*RES* vm4:m0:5,1405713176632,25585,638,803149473
*RES* vm4:m0:6,1405713176631,26647,652,803149473
*RES* vm4:m0:7,1405713176632,26151,639,803149473
*RES* vm4:m0:8,1405713176632,26733,637,803149473
*RES* vm4:m0:9,1405713176673,27043,712,803149473
*RES* vm4:m0:10,1405713176642,25956,638,803149473
*RES* vm4:m0:11,1405713176632,25516,626,803149473
*RES* vm4:m0:12,1405713176669,26473,639,803149473
*RES* vm4:m0:13,1405713176670,26221,634,803149473
*RES* vm4:m0:14,1405713176673,26854,635,803149473
*RES* vm4:m0:15,1405713176672,25756,646,803149473
*RES* vm4:m0:16,1405713176674,26529,642,803149473
*RES* vm4:m0:17,1405713176672,26124,640,803149473
*RES* vm4:m0:18,1405713176672,27133,688,803149473
*RES* vm4:m0:19,1405713176669,26529,638,803149473
*RES* vm4:m0:20,1405713176673,26414,618,803149473
*RES* vm4:m0:21,1405713176670,27165,699,803149473
*RES* vm4:m0:22,1405713176663,26728,640,803149473
*RES* vm4:m0:23,1405713176670,27097,686,803149473
*RES* vm4:m0:24,1405713176673,26031,627,803149473
*RES* vm4:m0:25,1405713176671,26331,632,803149473
*RES* vm4:m0:26,1405713176673,26936,663,803149473
*RES* vm4:m0:27,1405713176671,26939,674,803149473
*RES* vm4:m0:28,1405713176672,25841,628,803149473
*RES* vm4:m0:29,1405713176670,24748,613,803149473
*RES* vm4:m0:30,1405713176672,25469,626,803149473
*RES* vm4:m0:31,1405713176670,26877,684,803149473
*RES* vm4:m0:32,1405713176671,25779,628,803149473
*RES* vm4:m0:33,1405713176674,25853,635,803149473
*RES* vm4:m0:34,1405713176673,26277,642,803149473
*RES* vm4:m0:35,1405713176674,26842,643,803149473
*RES* vm4:m0:36,1405713176672,26527,616,803149473
*RES* end node vm4:m0
Node vm4:m0 joined
(vm4:r0:0) Connection finished, received 803149473 bytes
(vm4:r0) thread 0 joined, 36 connections remaining
(vm4:r0) Starting new connection thread
(vm4:r0) Maximum number of connections reached (5), waiting for a thread to finish
(vm4:r0:0) Connection established
(vm4:r0:0) Connection finished, received 803149473 bytes
(vm4:r0) thread 0 joined, 35 connections remaining
(vm4:r0) Starting new connection thread
(vm4:r0) Maximum number of connections reached (5), waiting for a thread to finish
(vm4:r0:0) Connection established
(vm4:r0:0) Connection finished, received 803149473 bytes
(vm4:r0) thread 0 joined, 34 connections remaining
(vm4:r0) Starting new connection thread
(vm4:r0) Maximum number of connections reached (5), waiting for a thread to finish
(vm4:r0:0) Connection established
(vm4:r0:0) Connection finished, received 803149473 bytes
(vm4:r0) thread 0 joined, 33 connections remaining
(vm4:r0) Starting new connection thread
(vm4:r0) Maximum number of connections reached (5), waiting for a thread to finish
(vm4:r0:0) Connection established
(vm4:r0:0) Connection finished, received 803149473 bytes
(vm4:r0) thread 0 joined, 32 connections remaining
(vm4:r0) Starting new connection thread
(vm4:r0) Maximum number of connections reached (5), waiting for a thread to finish
(vm4:r0:0) Connection established
(vm4:r0:0) Connection finished, received 803149473 bytes
(vm4:r0) thread 0 joined, 31 connections remaining
(vm4:r0) Starting new connection thread
(vm4:r0) Maximum number of connections reached (5), waiting for a thread to finish
(vm4:r0:0) Connection established
(vm4:r0:0) Connection finished, received 803149473 bytes
(vm4:r0) thread 0 joined, 30 connections remaining
(vm4:r0) Starting new connection thread
(vm4:r0) Maximum number of connections reached (5), waiting for a thread to finish
(vm4:r0:0) Connection established
(vm4:r0:0) Connection finished, received 803149473 bytes
(vm4:r0) thread 0 joined, 29 connections remaining
(vm4:r0) Starting new connection thread
(vm4:r0) Maximum number of connections reached (5), waiting for a thread to finish
(vm4:r0:0) Connection established
(vm4:r0:0) Connection finished, received 803149473 bytes
(vm4:r0) thread 0 joined, 28 connections remaining
(vm4:r0) Starting new connection thread
(vm4:r0) Maximum number of connections reached (5), waiting for a thread to finish
(vm4:r0:0) Connection established
(vm4:r0:0) Connection finished, received 803149473 bytes
(vm4:r0) thread 0 joined, 27 connections remaining
(vm4:r0) Starting new connection thread
(vm4:r0) Maximum number of connections reached (5), waiting for a thread to finish
(vm4:r0:0) Connection established
(vm4:r0:0) Connection finished, received 803149473 bytes
(vm4:r0) thread 0 joined, 26 connections remaining
(vm4:r0) Starting new connection thread
(vm4:r0) Maximum number of connections reached (5), waiting for a thread to finish
(vm4:r0:0) Connection established
(vm4:r0:0) Connection finished, received 803149473 bytes
(vm4:r0) thread 0 joined, 25 connections remaining
(vm4:r0) Starting new connection thread
(vm4:r0) Maximum number of connections reached (5), waiting for a thread to finish
(vm4:r0:0) Connection established
(vm4:r0:0) Connection finished, received 803149473 bytes
(vm4:r0) thread 0 joined, 24 connections remaining
(vm4:r0) Starting new connection thread
(vm4:r0) Maximum number of connections reached (5), waiting for a thread to finish
(vm4:r0:0) Connection established
(vm4:r0:0) Connection finished, received 803149473 bytes
(vm4:r0) thread 0 joined, 23 connections remaining
(vm4:r0) Starting new connection thread
(vm4:r0) Maximum number of connections reached (5), waiting for a thread to finish
(vm4:r0:0) Connection established
(vm4:r0:0) Connection finished, received 803149473 bytes
(vm4:r0) thread 0 joined, 22 connections remaining
(vm4:r0) Starting new connection thread
(vm4:r0) Maximum number of connections reached (5), waiting for a thread to finish
(vm4:r0:0) Connection established
(vm4:r0:0) Connection finished, received 803149473 bytes
(vm4:r0) thread 0 joined, 21 connections remaining
(vm4:r0) Starting new connection thread
(vm4:r0) Maximum number of connections reached (5), waiting for a thread to finish
(vm4:r0:0) Connection established
(vm4:r0:0) Connection finished, received 803149473 bytes
(vm4:r0) thread 0 joined, 20 connections remaining
(vm4:r0) Starting new connection thread
(vm4:r0) Maximum number of connections reached (5), waiting for a thread to finish
(vm4:r0:0) Connection established
(vm4:r0:0) Connection finished, received 803149473 bytes
(vm4:r0) thread 0 joined, 19 connections remaining
(vm4:r0) Starting new connection thread
(vm4:r0) Maximum number of connections reached (5), waiting for a thread to finish
(vm4:r0:0) Connection established
(vm4:r0:0) Connection finished, received 803149473 bytes
(vm4:r0) thread 0 joined, 18 connections remaining
(vm4:r0) Starting new connection thread
(vm4:r0) Maximum number of connections reached (5), waiting for a thread to finish
(vm4:r0:0) Connection established
(vm4:r0:0) Connection finished, received 803149473 bytes
(vm4:r0) thread 0 joined, 17 connections remaining
(vm4:r0) Starting new connection thread
(vm4:r0) Maximum number of connections reached (5), waiting for a thread to finish
(vm4:r0:0) Connection established
(vm4:r0:0) Connection finished, received 803149473 bytes
(vm4:r0) thread 0 joined, 16 connections remaining
(vm4:r0) Starting new connection thread
(vm4:r0) Maximum number of connections reached (5), waiting for a thread to finish
(vm4:r0:0) Connection established
(vm4:r0:0) Connection finished, received 803149473 bytes
(vm4:r0) thread 0 joined, 15 connections remaining
(vm4:r0) Starting new connection thread
(vm4:r0) Maximum number of connections reached (5), waiting for a thread to finish
(vm4:r0:0) Connection established
(vm4:r0:0) Connection finished, received 803149473 bytes
(vm4:r0) thread 0 joined, 14 connections remaining
(vm4:r0) Starting new connection thread
(vm4:r0) Maximum number of connections reached (5), waiting for a thread to finish
(vm4:r0:0) Connection established
(vm4:r0:0) Connection finished, received 803149473 bytes
(vm4:r0) thread 0 joined, 13 connections remaining
(vm4:r0) Starting new connection thread
(vm4:r0) Maximum number of connections reached (5), waiting for a thread to finish
(vm4:r0:0) Connection established
(vm4:r0:0) Connection finished, received 803149473 bytes
(vm4:r0) thread 0 joined, 12 connections remaining
(vm4:r0) Starting new connection thread
(vm4:r0) Maximum number of connections reached (5), waiting for a thread to finish
(vm4:r0:0) Connection established
(vm4:r0:0) Connection finished, received 803149473 bytes
(vm4:r0) thread 0 joined, 11 connections remaining
(vm4:r0) Starting new connection thread
(vm4:r0) Maximum number of connections reached (5), waiting for a thread to finish
(vm4:r0:0) Connection established
(vm4:r0:0) Connection finished, received 803149473 bytes
(vm4:r0) thread 0 joined, 10 connections remaining
(vm4:r0) Starting new connection thread
(vm4:r0) Maximum number of connections reached (5), waiting for a thread to finish
(vm4:r0:0) Connection established
(vm4:r0:0) Connection finished, received 803149473 bytes
(vm4:r0) thread 0 joined, 9 connections remaining
(vm4:r0) Starting new connection thread
(vm4:r0) Maximum number of connections reached (5), waiting for a thread to finish
(vm4:r0:0) Connection established
(vm4:r0:0) Connection finished, received 803149473 bytes
(vm4:r0) thread 0 joined, 8 connections remaining
(vm4:r0) Starting new connection thread
(vm4:r0) Maximum number of connections reached (5), waiting for a thread to finish
(vm4:r0:0) Connection established
(vm4:r0:0) Connection finished, received 803149473 bytes
(vm4:r0) thread 0 joined, 7 connections remaining
(vm4:r0) Starting new connection thread
(vm4:r0) Maximum number of connections reached (5), waiting for a thread to finish
(vm4:r0:0) Connection established
(vm4:r0:0) Connection finished, received 803149473 bytes
(vm4:r0) thread 0 joined, 6 connections remaining
(vm4:r0) Starting new connection thread
(vm4:r0) Maximum number of connections reached (5), waiting for a thread to finish
(vm4:r0:0) Connection established
(vm4:r0:0) Connection finished, received 803149473 bytes
(vm4:r0) thread 0 joined, 5 connections remaining
(vm4:r0) Starting new connection thread
(vm4:r0) Maximum number of connections reached (5), waiting for a thread to finish
(vm4:r0:0) Connection established
(vm4:r0:0) Connection finished, received 803149473 bytes
(vm4:r0) thread 0 joined, 4 connections remaining
(vm4:r0) Maximum number of connections reached (4), waiting for a thread to finish
(vm4:r0) thread 1 joined, 3 connections remaining
(vm4:r0) Maximum number of connections reached (3), waiting for a thread to finish
(vm4:r0) thread 2 joined, 2 connections remaining
(vm4:r0) Maximum number of connections reached (2), waiting for a thread to finish
(vm4:r0) thread 3 joined, 1 connections remaining
(vm4:r0) Maximum number of connections reached (1), waiting for a thread to finish
(vm4:r0) thread 4 joined, 0 connections remaining
(vm4:r0) all done, exiting
*RES* start node vm4:r0
*RES* vm4:r0:0,1405713176631,33527,778,803149473
*RES* vm4:r0:0,1405713210164,51026,949,803149473
*RES* vm4:r0:0,1405713261196,39950,979,803149473
*RES* vm4:r0:0,1405713301152,29301,912,803149473
*RES* vm4:r0:0,1405713330460,25416,947,803149473
*RES* vm4:r0:0,1405713355880,17264,864,803149473
*RES* vm4:r0:0,1405713373148,14475,812,803149473
*RES* vm4:r0:0,1405713387629,12415,824,803149473
*RES* vm4:r0:0,1405713400048,16764,1208,803149473
*RES* vm4:r0:0,1405713416822,12750,1466,803149473
*RES* vm4:r0:0,1405713429576,10162,1153,803149473
*RES* vm4:r0:0,1405713439744,8570,910,803149473
*RES* vm4:r0:0,1405713448320,6826,895,803149473
*RES* vm4:r0:0,1405713455152,7102,1024,803149473
*RES* vm4:r0:0,1405713462260,5507,985,803149473
*RES* vm4:r0:0,1405713467772,4258,1082,803149473
*RES* vm4:r0:0,1405713472036,3186,803,803149473
*RES* vm4:r0:0,1405713475228,4653,932,803149473
*RES* vm4:r0:0,1405713479888,3616,838,803149473
*RES* vm4:r0:0,1405713483508,3011,788,803149473
*RES* vm4:r0:0,1405713486524,2881,768,803149473
*RES* vm4:r0:0,1405713489413,2119,747,803149473
*RES* vm4:r0:0,1405713491536,2174,719,803149473
*RES* vm4:r0:0,1405713493716,2109,795,803149473
*RES* vm4:r0:0,1405713495832,2658,771,803149473
*RES* vm4:r0:0,1405713498496,2625,755,803149473
*RES* vm4:r0:0,1405713501128,1662,639,803149473
*RES* vm4:r0:0,1405713502796,4426,626,803149473
*RES* vm4:r0:0,1405713507228,1816,596,803149473
*RES* vm4:r0:0,1405713509048,1556,482,803149473
*RES* vm4:r0:0,1405713510608,1644,515,803149473
*RES* vm4:r0:0,1405713512260,2351,535,803149473
*RES* vm4:r0:0,1405713514616,2589,415,803149473
*RES* vm4:r0:1,1405713176627,31794,780,803149473
*RES* vm4:r0:2,1405713176627,28499,758,803149473
*RES* vm4:r0:3,1405713176626,16160,457,803149473
*RES* vm4:r0:4,1405713176626,27971,691,803149473
*RES* end node vm4:r0
Node vm4:r0 joined
Worker terminating correctly
