OSMeF worker starting
Enabling core dumping
Listening for command connection
(vm26:m0) New mapper on port 23330
(vm26:m0) -> reducer data size 761434645
(vm26:m0) -> reducer data size 761434645
(vm26:m0) -> reducer data size 761434645
(vm26:m0) -> reducer data size 761434645
(vm26:m0) -> reducer data size 761434645
(vm26:m0) -> reducer data size 761434645
(vm26:m0) -> reducer data size 761434645
(vm26:m0) -> reducer data size 761434645
(vm26:m0) -> reducer data size 761434645
(vm26:m0) -> reducer data size 761434645
(vm26:m0) -> reducer data size 761434645
(vm26:m0) -> reducer data size 761434645
(vm26:m0) -> reducer data size 761434645
(vm26:m0) -> reducer data size 761434645
(vm26:m0) -> reducer data size 761434645
(vm26:m0) -> reducer data size 761434645
(vm26:m0) -> reducer data size 761434645
(vm26:m0) -> reducer data size 761434645
(vm26:m0) -> reducer data size 761434645
(vm26:m0) -> reducer data size 761434645
(vm26:m0) -> reducer data size 761434645
(vm26:m0) -> reducer data size 761434645
(vm26:m0) -> reducer data size 761434645
(vm26:m0) -> reducer data size 761434645
(vm26:m0) -> reducer data size 761434645
(vm26:m0) -> reducer data size 761434645
(vm26:m0) -> reducer data size 761434645
(vm26:m0) -> reducer data size 761434645
(vm26:m0) -> reducer data size 761434645
(vm26:m0) -> reducer data size 761434645
(vm26:m0) -> reducer data size 761434645
(vm26:m0) -> reducer data size 761434645
(vm26:m0) -> reducer data size 761434645
(vm26:m0) -> reducer data size 761434645
(vm26:m0) -> reducer data size 761434645
(vm26:m0) -> reducer data size 761434645
(vm26:m0) -> reducer data size 761434645
(vm26:m0) -> reducer data size 761434645
(vm26:m0) Mapper thread started
(vm26:m0) Allocating data for reducer vm1:r0
(vm26:m0) Allocating data for reducer vm2:r0
(vm26:m0) Allocating data for reducer vm3:r0
(vm26:m0) Allocating data for reducer vm4:r0
(vm26:m0) Allocating data for reducer vm5:r0
(vm26:m0) Allocating data for reducer vm6:r0
(vm26:m0) Allocating data for reducer vm7:r0
(vm26:m0) Allocating data for reducer vm8:r0
(vm26:m0) Allocating data for reducer vm9:r0
(vm26:m0) Allocating data for reducer vm10:r0
(vm26:m0) Allocating data for reducer vm11:r0
(vm26:m0) Allocating data for reducer vm12:r0
(vm26:m0) Allocating data for reducer vm13:r0
(vm26:m0) Allocating data for reducer vm14:r0
(vm26:m0) Allocating data for reducer vm15:r0
(vm26:m0) Allocating data for reducer vm16:r0
(vm26:m0) Allocating data for reducer vm17:r0
(vm26:m0) Allocating data for reducer vm18:r0
(vm26:m0) Allocating data for reducer vm19:r0
(vm26:m0) Allocating data for reducer vm20:r0
(vm26:m0) Allocating data for reducer vm21:r0
(vm26:m0) Allocating data for reducer vm22:r0
(vm26:m0) Allocating data for reducer vm23:r0
(vm26:m0) Allocating data for reducer vm24:r0
(vm26:m0) Allocating data for reducer vm25:r0
(vm26:m0) Allocating data for reducer vm26:r0
(vm26:m0) Allocating data for reducer vm27:r0
(vm26:m0) Allocating data for reducer vm28:r0
(vm26:m0) Allocating data for reducer vm29:r0
(vm26:m0) Allocating data for reducer vm30:r0
(vm26:m0) Allocating data for reducer vm31:r0
(vm26:m0) Allocating data for reducer vm32:r0
(vm26:m0) Allocating data for reducer vm33:r0
(vm26:m0) Allocating data for reducer vm34:r0
(vm26:m0) Allocating data for reducer vm35:r0
(vm26:m0) Allocating data for reducer vm36:r0
(vm26:m0) Allocating data for reducer vm37:r0
(vm26:m0) Allocating data for reducer vm38:r0
(vm26:m0) Binding to port 23330
(vm26:r0) New reducer
(vm26:r0) Reducer thread started
(vm26:r0) waiting for START message
(vm26:r0) got START message
(vm26:r0) Starting new connection thread
(vm26:r0) Starting new connection thread
(vm26:r0) Starting new connection thread
(vm26:r0) Starting new connection thread
(vm26:r0) Starting new connection thread
(vm26:r0) Maximum number of connections reached (5), waiting for a thread to finish
(vm26:r0:3) Connection established
(vm26:r0:0) Connection established
(vm26:r0:1) Connection established
(vm26:r0:2) Connection established
(vm26:r0:4) Connection established
(vm26:r0:2) Connection finished, received 761434646 bytes
(vm26:r0:3) Connection finished, received 761434646 bytes
(vm26:r0:4) Connection finished, received 761434646 bytes
(vm26:r0:1) Connection finished, received 761434646 bytes
(vm26:r0:0) Connection finished, received 761434646 bytes
(vm26:r0) thread 0 joined, 37 connections remaining
(vm26:r0) Starting new connection thread
(vm26:r0) Maximum number of connections reached (5), waiting for a thread to finish
(vm26:r0:0) Connection established
(vm26:r0:0) Connection finished, received 761434646 bytes
(vm26:r0) thread 0 joined, 36 connections remaining
(vm26:r0) Starting new connection thread
(vm26:r0) Maximum number of connections reached (5), waiting for a thread to finish
(vm26:r0:0) Connection established
(vm26:r0:0) Connection finished, received 761434646 bytes
(vm26:r0) thread 0 joined, 35 connections remaining
(vm26:r0) Starting new connection thread
(vm26:r0) Maximum number of connections reached (5), waiting for a thread to finish
(vm26:r0:0) Connection established
(vm26:m0) Got connection from reducer vm17:r0
(vm26:m0:16) thread started, have to send 761434645 bytes
(vm26:m0:16) all data sent, thread exiting
(vm26:r0:0) Connection finished, received 761434646 bytes
(vm26:r0) thread 0 joined, 34 connections remaining
(vm26:r0) Starting new connection thread
(vm26:r0) Maximum number of connections reached (5), waiting for a thread to finish
(vm26:r0:0) Connection established
(vm26:r0:0) Connection finished, received 761434646 bytes
(vm26:r0) thread 0 joined, 33 connections remaining
(vm26:r0) Starting new connection thread
(vm26:r0) Maximum number of connections reached (5), waiting for a thread to finish
(vm26:r0:0) Connection established
(vm26:r0:0) Connection finished, received 761434646 bytes
(vm26:r0) thread 0 joined, 32 connections remaining
(vm26:r0) Starting new connection thread
(vm26:r0) Maximum number of connections reached (5), waiting for a thread to finish
(vm26:r0:0) Connection established
(vm26:m0) Got connection from reducer vm14:r0
(vm26:m0:13) thread started, have to send 761434645 bytes
(vm26:r0:0) Connection finished, received 761434646 bytes
(vm26:r0) thread 0 joined, 31 connections remaining
(vm26:r0) Starting new connection thread
(vm26:r0) Maximum number of connections reached (5), waiting for a thread to finish
(vm26:r0:0) Connection established
(vm26:m0:13) all data sent, thread exiting
(vm26:r0:0) Connection finished, received 761434646 bytes
(vm26:r0) thread 0 joined, 30 connections remaining
(vm26:r0) Starting new connection thread
(vm26:r0) Maximum number of connections reached (5), waiting for a thread to finish
(vm26:r0:0) Connection established
(vm26:m0) Got connection from reducer vm19:r0
(vm26:m0:18) thread started, have to send 761434645 bytes
(vm26:r0:0) Connection finished, received 761434646 bytes
(vm26:r0) thread 0 joined, 29 connections remaining
(vm26:r0) Starting new connection thread
(vm26:r0) Maximum number of connections reached (5), waiting for a thread to finish
(vm26:r0:0) Connection established
(vm26:m0:18) all data sent, thread exiting
(vm26:r0:0) Connection finished, received 761434646 bytes
(vm26:r0) thread 0 joined, 28 connections remaining
(vm26:r0) Starting new connection thread
(vm26:r0) Maximum number of connections reached (5), waiting for a thread to finish
(vm26:r0:0) Connection established
(vm26:m0) Got connection from reducer vm12:r0
(vm26:m0:11) thread started, have to send 761434645 bytes
(vm26:m0) Got connection from reducer vm35:r0
(vm26:m0:34) thread started, have to send 761434645 bytes
(vm26:m0) Got connection from reducer vm1:r0
(vm26:m0:0) thread started, have to send 761434645 bytes
(vm26:r0:0) Connection finished, received 761434646 bytes
(vm26:r0) thread 0 joined, 27 connections remaining
(vm26:r0) Starting new connection thread
(vm26:r0) Maximum number of connections reached (5), waiting for a thread to finish
(vm26:r0:0) Connection established
(vm26:m0:34) all data sent, thread exiting
(vm26:m0) Got connection from reducer vm38:r0
(vm26:m0:37) thread started, have to send 761434645 bytes
(vm26:m0:11) all data sent, thread exiting
(vm26:m0:0) all data sent, thread exiting
(vm26:m0) Got connection from reducer vm6:r0
(vm26:m0:5) thread started, have to send 761434645 bytes
(vm26:r0:0) Connection finished, received 761434646 bytes
(vm26:r0) thread 0 joined, 26 connections remaining
(vm26:r0) Starting new connection thread
(vm26:r0) Maximum number of connections reached (5), waiting for a thread to finish
(vm26:r0:0) Connection established
(vm26:m0:37) all data sent, thread exiting
(vm26:m0) Got connection from reducer vm28:r0
(vm26:m0:27) thread started, have to send 761434645 bytes
(vm26:m0:5) all data sent, thread exiting
(vm26:r0:0) Connection finished, received 761434646 bytes
(vm26:r0) thread 0 joined, 25 connections remaining
(vm26:r0) Starting new connection thread
(vm26:r0) Maximum number of connections reached (5), waiting for a thread to finish
(vm26:r0:0) Connection established
(vm26:m0:27) all data sent, thread exiting
(vm26:r0:0) Connection finished, received 761434646 bytes
(vm26:r0) thread 0 joined, 24 connections remaining
(vm26:r0) Starting new connection thread
(vm26:r0) Maximum number of connections reached (5), waiting for a thread to finish
(vm26:r0:0) Connection established
(vm26:m0) Got connection from reducer vm33:r0
(vm26:m0:32) thread started, have to send 761434645 bytes
(vm26:m0:32) all data sent, thread exiting
(vm26:r0:0) Connection finished, received 761434646 bytes
(vm26:r0) thread 0 joined, 23 connections remaining
(vm26:r0) Starting new connection thread
(vm26:r0) Maximum number of connections reached (5), waiting for a thread to finish
(vm26:r0:0) Connection established
(vm26:m0) Got connection from reducer vm21:r0
(vm26:m0:20) thread started, have to send 761434645 bytes
(vm26:r0:0) Connection finished, received 761434646 bytes
(vm26:r0) thread 0 joined, 22 connections remaining
(vm26:r0) Starting new connection thread
(vm26:r0) Maximum number of connections reached (5), waiting for a thread to finish
(vm26:r0:0) Connection established
(vm26:m0) Got connection from reducer vm34:r0
(vm26:m0:33) thread started, have to send 761434645 bytes
(vm26:m0:20) all data sent, thread exiting
(vm26:r0:0) Connection finished, received 761434646 bytes
(vm26:r0) thread 0 joined, 21 connections remaining
(vm26:r0) Starting new connection thread
(vm26:r0) Maximum number of connections reached (5), waiting for a thread to finish
(vm26:r0:0) Connection established
(vm26:m0) Got connection from reducer vm9:r0
(vm26:m0:8) thread started, have to send 761434645 bytes
(vm26:m0:33) all data sent, thread exiting
(vm26:m0:8) all data sent, thread exiting
(vm26:m0) Got connection from reducer vm7:r0
(vm26:m0:6) thread started, have to send 761434645 bytes
(vm26:r0:0) Connection finished, received 761434646 bytes
(vm26:r0) thread 0 joined, 20 connections remaining
(vm26:r0) Starting new connection thread
(vm26:r0) Maximum number of connections reached (5), waiting for a thread to finish
(vm26:r0:0) Connection established
(vm26:m0:6) all data sent, thread exiting
(vm26:m0) Got connection from reducer vm10:r0
(vm26:m0:9) thread started, have to send 761434645 bytes
(vm26:r0:0) Connection finished, received 761434646 bytes
(vm26:r0) thread 0 joined, 19 connections remaining
(vm26:r0) Starting new connection thread
(vm26:r0) Maximum number of connections reached (5), waiting for a thread to finish
(vm26:r0:0) Connection established
(vm26:m0) Got connection from reducer vm23:r0
(vm26:m0:22) thread started, have to send 761434645 bytes
(vm26:m0:9) all data sent, thread exiting
(vm26:m0) Got connection from reducer vm24:r0
(vm26:m0:23) thread started, have to send 761434645 bytes
(vm26:r0:0) Connection finished, received 761434646 bytes
(vm26:r0) thread 0 joined, 18 connections remaining
(vm26:r0) Starting new connection thread
(vm26:r0) Maximum number of connections reached (5), waiting for a thread to finish
(vm26:r0:0) Connection established
(vm26:m0:23) all data sent, thread exiting
(vm26:m0:22) all data sent, thread exiting
(vm26:m0) Got connection from reducer vm16:r0
(vm26:m0:15) thread started, have to send 761434645 bytes
(vm26:r0:0) Connection finished, received 761434646 bytes
(vm26:r0) thread 0 joined, 17 connections remaining
(vm26:r0) Starting new connection thread
(vm26:r0) Maximum number of connections reached (5), waiting for a thread to finish
(vm26:r0:0) Connection established
(vm26:m0) Got connection from reducer vm26:r0
(vm26:m0:25) thread started, have to send 761434645 bytes
(vm26:m0:25) all data sent, thread exiting
(vm26:r0:0) Connection finished, received 761434646 bytes
(vm26:r0) thread 0 joined, 16 connections remaining
(vm26:r0) Starting new connection thread
(vm26:r0) Maximum number of connections reached (5), waiting for a thread to finish
(vm26:r0:0) Connection established
(vm26:m0:15) all data sent, thread exiting
(vm26:m0) Got connection from reducer vm18:r0
(vm26:m0:17) thread started, have to send 761434645 bytes
(vm26:m0) Got connection from reducer vm3:r0
(vm26:m0:2) thread started, have to send 761434645 bytes
(vm26:r0:0) Connection finished, received 761434646 bytes
(vm26:r0) thread 0 joined, 15 connections remaining
(vm26:r0) Starting new connection thread
(vm26:r0) Maximum number of connections reached (5), waiting for a thread to finish
(vm26:r0:0) Connection established
(vm26:m0) Got connection from reducer vm20:r0
(vm26:m0:19) thread started, have to send 761434645 bytes
(vm26:m0:17) all data sent, thread exiting
(vm26:m0) Got connection from reducer vm36:r0
(vm26:m0:35) thread started, have to send 761434645 bytes
(vm26:m0:2) all data sent, thread exiting
(vm26:m0) Got connection from reducer vm8:r0
(vm26:m0:7) thread started, have to send 761434645 bytes
(vm26:m0) Got connection from reducer vm32:r0
(vm26:m0:31) thread started, have to send 761434645 bytes
(vm26:m0:19) all data sent, thread exiting
(vm26:r0:0) Connection finished, received 761434646 bytes
(vm26:r0) thread 0 joined, 14 connections remaining
(vm26:r0) Starting new connection thread
(vm26:r0) Maximum number of connections reached (5), waiting for a thread to finish
(vm26:r0:0) Connection established
(vm26:m0:35) all data sent, thread exiting
(vm26:m0:7) all data sent, thread exiting
(vm26:m0:31) all data sent, thread exiting
(vm26:r0:0) Connection finished, received 761434646 bytes
(vm26:r0) thread 0 joined, 13 connections remaining
(vm26:r0) Starting new connection thread
(vm26:r0) Maximum number of connections reached (5), waiting for a thread to finish
(vm26:r0:0) Connection established
(vm26:m0) Got connection from reducer vm27:r0
(vm26:m0:26) thread started, have to send 761434645 bytes
(vm26:m0) Got connection from reducer vm37:r0
(vm26:m0:36) thread started, have to send 761434645 bytes
(vm26:m0) Got connection from reducer vm22:r0
(vm26:m0:21) thread started, have to send 761434645 bytes
(vm26:r0:0) Connection finished, received 761434646 bytes
(vm26:r0) thread 0 joined, 12 connections remaining
(vm26:r0) Starting new connection thread
(vm26:r0) Maximum number of connections reached (5), waiting for a thread to finish
(vm26:r0:0) Connection established
(vm26:m0:26) all data sent, thread exiting
(vm26:m0) Got connection from reducer vm30:r0
(vm26:m0:29) thread started, have to send 761434645 bytes
(vm26:m0:36) all data sent, thread exiting
(vm26:m0) Got connection from reducer vm25:r0
(vm26:m0:24) thread started, have to send 761434645 bytes
(vm26:m0:21) all data sent, thread exiting
(vm26:r0:0) Connection finished, received 761434646 bytes
(vm26:r0) thread 0 joined, 11 connections remaining
(vm26:r0) Starting new connection thread
(vm26:r0) Maximum number of connections reached (5), waiting for a thread to finish
(vm26:r0:0) Connection established
(vm26:m0:29) all data sent, thread exiting
(vm26:m0) Got connection from reducer vm4:r0
(vm26:m0:3) thread started, have to send 761434645 bytes
(vm26:m0) Got connection from reducer vm2:r0
(vm26:m0:1) thread started, have to send 761434645 bytes
(vm26:m0:24) all data sent, thread exiting
(vm26:r0:0) Connection finished, received 761434646 bytes
(vm26:r0) thread 0 joined, 10 connections remaining
(vm26:r0) Starting new connection thread
(vm26:r0) Maximum number of connections reached (5), waiting for a thread to finish
(vm26:r0:0) Connection established
(vm26:m0:3) all data sent, thread exiting
(vm26:m0:1) all data sent, thread exiting
(vm26:m0) Got connection from reducer vm5:r0
(vm26:m0:4) thread started, have to send 761434645 bytes
(vm26:m0) Got connection from reducer vm15:r0
(vm26:m0:14) thread started, have to send 761434645 bytes
(vm26:m0) Got connection from reducer vm31:r0
(vm26:m0:30) thread started, have to send 761434645 bytes
(vm26:r0:0) Connection finished, received 761434646 bytes
(vm26:r0) thread 0 joined, 9 connections remaining
(vm26:r0) Starting new connection thread
(vm26:r0) Maximum number of connections reached (5), waiting for a thread to finish
(vm26:r0:0) Connection established
(vm26:m0:4) all data sent, thread exiting
(vm26:m0:14) all data sent, thread exiting
(vm26:m0:30) all data sent, thread exiting
(vm26:m0) Got connection from reducer vm29:r0
(vm26:m0:28) thread started, have to send 761434645 bytes
(vm26:m0) Got connection from reducer vm13:r0
(vm26:m0:12) thread started, have to send 761434645 bytes
(vm26:r0:0) Connection finished, received 761434646 bytes
(vm26:r0) thread 0 joined, 8 connections remaining
(vm26:r0) Starting new connection thread
(vm26:r0) Maximum number of connections reached (5), waiting for a thread to finish
(vm26:r0:0) Connection established
(vm26:m0) Got connection from reducer vm11:r0
(vm26:m0) Waiting for a thread to finish
(vm26:m0) thread 0 joined, 37 connections remaining
(vm26:m0) Waiting for a thread to finish
(vm26:m0) thread 1 joined, 36 connections remaining
(vm26:m0) Waiting for a thread to finish
(vm26:m0) thread 2 joined, 35 connections remaining
(vm26:m0) Waiting for a thread to finish
(vm26:m0) thread 3 joined, 34 connections remaining
(vm26:m0) Waiting for a thread to finish
(vm26:m0) thread 4 joined, 33 connections remaining
(vm26:m0) Waiting for a thread to finish
(vm26:m0) thread 5 joined, 32 connections remaining
(vm26:m0) Waiting for a thread to finish
(vm26:m0) thread 6 joined, 31 connections remaining
(vm26:m0) Waiting for a thread to finish
(vm26:m0) thread 7 joined, 30 connections remaining
(vm26:m0) Waiting for a thread to finish
(vm26:m0) thread 8 joined, 29 connections remaining
(vm26:m0) Waiting for a thread to finish
(vm26:m0) thread 9 joined, 28 connections remaining
(vm26:m0) Waiting for a thread to finish
(vm26:m0:10) thread started, have to send 761434645 bytes
(vm26:m0:12) all data sent, thread exiting
(vm26:m0:28) all data sent, thread exiting
(vm26:r0:0) Connection finished, received 761434646 bytes
(vm26:r0) thread 0 joined, 7 connections remaining
(vm26:r0) Starting new connection thread
(vm26:r0) Maximum number of connections reached (5), waiting for a thread to finish
(vm26:r0:0) Connection established
(vm26:m0:10) all data sent, thread exiting
(vm26:m0) thread 10 joined, 27 connections remaining
(vm26:m0) Waiting for a thread to finish
(vm26:m0) thread 11 joined, 26 connections remaining
(vm26:m0) Waiting for a thread to finish
(vm26:m0) thread 12 joined, 25 connections remaining
(vm26:m0) Waiting for a thread to finish
(vm26:m0) thread 13 joined, 24 connections remaining
(vm26:m0) Waiting for a thread to finish
(vm26:m0) thread 14 joined, 23 connections remaining
(vm26:m0) Waiting for a thread to finish
(vm26:m0) thread 15 joined, 22 connections remaining
(vm26:m0) Waiting for a thread to finish
(vm26:m0) thread 16 joined, 21 connections remaining
(vm26:m0) Waiting for a thread to finish
(vm26:m0) thread 17 joined, 20 connections remaining
(vm26:m0) Waiting for a thread to finish
(vm26:m0) thread 18 joined, 19 connections remaining
(vm26:m0) Waiting for a thread to finish
(vm26:m0) thread 19 joined, 18 connections remaining
(vm26:m0) Waiting for a thread to finish
(vm26:m0) thread 20 joined, 17 connections remaining
(vm26:m0) Waiting for a thread to finish
(vm26:m0) thread 21 joined, 16 connections remaining
(vm26:m0) Waiting for a thread to finish
(vm26:m0) thread 22 joined, 15 connections remaining
(vm26:m0) Waiting for a thread to finish
(vm26:m0) thread 23 joined, 14 connections remaining
(vm26:m0) Waiting for a thread to finish
(vm26:m0) thread 24 joined, 13 connections remaining
(vm26:m0) Waiting for a thread to finish
(vm26:m0) thread 25 joined, 12 connections remaining
(vm26:m0) Waiting for a thread to finish
(vm26:m0) thread 26 joined, 11 connections remaining
(vm26:m0) Waiting for a thread to finish
(vm26:m0) thread 27 joined, 10 connections remaining
(vm26:m0) Waiting for a thread to finish
(vm26:m0) thread 28 joined, 9 connections remaining
(vm26:m0) Waiting for a thread to finish
(vm26:m0) thread 29 joined, 8 connections remaining
(vm26:m0) Waiting for a thread to finish
(vm26:m0) thread 30 joined, 7 connections remaining
(vm26:m0) Waiting for a thread to finish
(vm26:m0) thread 31 joined, 6 connections remaining
(vm26:m0) Waiting for a thread to finish
(vm26:m0) thread 32 joined, 5 connections remaining
(vm26:m0) Waiting for a thread to finish
(vm26:m0) thread 33 joined, 4 connections remaining
(vm26:m0) Waiting for a thread to finish
(vm26:m0) thread 34 joined, 3 connections remaining
(vm26:m0) Waiting for a thread to finish
(vm26:m0) thread 35 joined, 2 connections remaining
(vm26:m0) Waiting for a thread to finish
(vm26:m0) thread 36 joined, 1 connections remaining
(vm26:m0) Waiting for a thread to finish
(vm26:m0) thread 37 joined, 0 connections remaining
(vm26:m0) all done, exiting
*RES* start node vm26:m0
*RES* vm26:m0:0,1405718426259,7351,1277,761434646
*RES* vm26:m0:1,1405718539188,4285,888,761434646
*RES* vm26:m0:2,1405718509268,5901,1427,761434646
*RES* vm26:m0:3,1405718539086,4331,923,761434646
*RES* vm26:m0:4,1405718545360,4283,748,761434646
*RES* vm26:m0:5,1405718434167,7340,1631,761434646
*RES* vm26:m0:6,1405718478679,5528,1624,761434646
*RES* vm26:m0:7,1405718516247,6254,1000,761434646
*RES* vm26:m0:8,1405718471806,4774,1282,761434646
*RES* vm26:m0:9,1405718484686,4709,1588,761434646
*RES* vm26:m0:10,1405718553693,3409,749,761434646
*RES* vm26:m0:11,1405718420987,10771,1133,761434646
*RES* vm26:m0:12,1405718551252,2948,686,761434646
*RES* vm26:m0:13,1405718393728,5324,1457,761434646
*RES* vm26:m0:14,1405718545441,4271,742,761434646
*RES* vm26:m0:15,1405718500032,4917,1366,761434646
*RES* vm26:m0:16,1405718365555,4806,1135,761434646
*RES* vm26:m0:17,1405718505712,8992,895,761434646
*RES* vm26:m0:18,1405718408747,4723,1501,761434646
*RES* vm26:m0:19,1405718510651,8452,877,761434646
*RES* vm26:m0:20,1405718460775,7617,1015,761434646
*RES* vm26:m0:21,1405718531099,6291,746,761434646
*RES* vm26:m0:22,1405718488883,9053,1216,761434646
*RES* vm26:m0:23,1405718489781,7117,1110,761434646
*RES* vm26:m0:24,1405718535031,5099,867,761434646
*RES* vm26:m0:25,1405718501675,1809,182,761434646
*RES* vm26:m0:26,1405718527398,5153,885,761434646
*RES* vm26:m0:27,1405718441208,6478,1104,761434646
*RES* vm26:m0:28,1405718550344,4686,714,761434646
*RES* vm26:m0:29,1405718532892,5292,801,761434646
*RES* vm26:m0:30,1405718545501,4697,714,761434646
*RES* vm26:m0:31,1405718518927,5675,1103,761434646
*RES* vm26:m0:32,1405718452156,5091,1447,761434646
*RES* vm26:m0:33,1405718466435,6538,1133,761434646
*RES* vm26:m0:34,1405718421561,6177,1313,761434646
*RES* vm26:m0:35,1405718514723,5544,917,761434646
*RES* vm26:m0:36,1405718529255,4010,927,761434646
*RES* vm26:m0:37,1405718430023,7118,1427,761434646
*RES* end node vm26:m0
Node vm26:m0 joined
(vm26:r0:0) Connection finished, received 761434646 bytes
(vm26:r0) thread 0 joined, 6 connections remaining
(vm26:r0) Starting new connection thread
(vm26:r0) Maximum number of connections reached (5), waiting for a thread to finish
(vm26:r0:0) Connection established
(vm26:r0:0) Connection finished, received 761434646 bytes
(vm26:r0) thread 0 joined, 5 connections remaining
(vm26:r0) Starting new connection thread
(vm26:r0) Maximum number of connections reached (5), waiting for a thread to finish
(vm26:r0:0) Connection established
(vm26:r0:0) Connection finished, received 761434646 bytes
(vm26:r0) thread 0 joined, 4 connections remaining
(vm26:r0) Maximum number of connections reached (4), waiting for a thread to finish
(vm26:r0) thread 1 joined, 3 connections remaining
(vm26:r0) Maximum number of connections reached (3), waiting for a thread to finish
(vm26:r0) thread 2 joined, 2 connections remaining
(vm26:r0) Maximum number of connections reached (2), waiting for a thread to finish
(vm26:r0) thread 3 joined, 1 connections remaining
(vm26:r0) Maximum number of connections reached (1), waiting for a thread to finish
(vm26:r0) thread 4 joined, 0 connections remaining
(vm26:r0) all done, exiting
*RES* start node vm26:r0
*RES* vm26:r0:0,1405718236074,31361,752,761434646
*RES* vm26:r0:0,1405718267452,50214,743,761434646
*RES* vm26:r0:0,1405718317671,32392,699,761434646
*RES* vm26:r0:0,1405718350067,24133,778,761434646
*RES* vm26:r0:0,1405718374207,9877,746,761434646
*RES* vm26:r0:0,1405718384091,7746,1272,761434646
*RES* vm26:r0:0,1405718391856,6248,1393,761434646
*RES* vm26:r0:0,1405718398115,7308,1351,761434646
*RES* vm26:r0:0,1405718405427,6618,1462,761434646
*RES* vm26:r0:0,1405718412051,6936,1402,761434646
*RES* vm26:r0:0,1405718418991,7643,1330,761434646
*RES* vm26:r0:0,1405718426655,8881,1119,761434646
*RES* vm26:r0:0,1405718435550,8962,1149,761434646
*RES* vm26:r0:0,1405718444519,6801,1301,761434646
*RES* vm26:r0:0,1405718451327,7470,1482,761434646
*RES* vm26:r0:0,1405718458803,5511,1548,761434646
*RES* vm26:r0:0,1405718464324,7188,1106,761434646
*RES* vm26:r0:0,1405718471519,7888,1203,761434646
*RES* vm26:r0:0,1405718479413,8106,1182,761434646
*RES* vm26:r0:0,1405718487531,7397,1523,761434646
*RES* vm26:r0:0,1405718494935,6734,1224,761434646
*RES* vm26:r0:0,1405718501675,1823,570,761434646
*RES* vm26:r0:0,1405718503507,7036,1451,761434646
*RES* vm26:r0:0,1405718510552,9315,1350,761434646
*RES* vm26:r0:0,1405718519874,6076,1492,761434646
*RES* vm26:r0:0,1405718525955,6191,1256,761434646
*RES* vm26:r0:0,1405718532164,5604,928,761434646
*RES* vm26:r0:0,1405718537771,5544,865,761434646
*RES* vm26:r0:0,1405718543323,3287,788,761434646
*RES* vm26:r0:0,1405718546628,4724,756,761434646
*RES* vm26:r0:0,1405718551357,3927,701,761434646
*RES* vm26:r0:0,1405718555295,3883,762,761434646
*RES* vm26:r0:0,1405718559183,3070,700,761434646
*RES* vm26:r0:0,1405718562259,1654,676,761434646
*RES* vm26:r0:1,1405718236074,27624,784,761434646
*RES* vm26:r0:2,1405718236074,24723,771,761434646
*RES* vm26:r0:3,1405718236074,25229,746,761434646
*RES* vm26:r0:4,1405718236073,25749,765,761434646
*RES* end node vm26:r0
Node vm26:r0 joined
Worker terminating correctly
