OSMeF worker starting
Enabling core dumping
Listening for command connection
(vm31:m0) New mapper on port 23330
(vm31:m0) -> reducer data size 761434645
(vm31:m0) -> reducer data size 761434645
(vm31:m0) -> reducer data size 761434645
(vm31:m0) -> reducer data size 761434645
(vm31:m0) -> reducer data size 761434645
(vm31:m0) -> reducer data size 761434645
(vm31:m0) -> reducer data size 761434645
(vm31:m0) -> reducer data size 761434645
(vm31:m0) -> reducer data size 761434645
(vm31:m0) -> reducer data size 761434645
(vm31:m0) -> reducer data size 761434645
(vm31:m0) -> reducer data size 761434645
(vm31:m0) -> reducer data size 761434645
(vm31:m0) -> reducer data size 761434645
(vm31:m0) -> reducer data size 761434645
(vm31:m0) -> reducer data size 761434645
(vm31:m0) -> reducer data size 761434645
(vm31:m0) -> reducer data size 761434645
(vm31:m0) -> reducer data size 761434645
(vm31:m0) -> reducer data size 761434645
(vm31:m0) -> reducer data size 761434645
(vm31:m0) -> reducer data size 761434645
(vm31:m0) -> reducer data size 761434645
(vm31:m0) -> reducer data size 761434645
(vm31:m0) -> reducer data size 761434645
(vm31:m0) -> reducer data size 761434645
(vm31:m0) -> reducer data size 761434645
(vm31:m0) -> reducer data size 761434645
(vm31:m0) -> reducer data size 761434645
(vm31:m0) -> reducer data size 761434645
(vm31:m0) -> reducer data size 761434645
(vm31:m0) -> reducer data size 761434645
(vm31:m0) -> reducer data size 761434645
(vm31:m0) -> reducer data size 761434645
(vm31:m0) -> reducer data size 761434645
(vm31:m0) -> reducer data size 761434645
(vm31:m0) -> reducer data size 761434645
(vm31:m0) -> reducer data size 761434645
(vm31:m0) Mapper thread started
(vm31:m0) Allocating data for reducer vm1:r0
(vm31:m0) Allocating data for reducer vm2:r0
(vm31:m0) Allocating data for reducer vm3:r0
(vm31:m0) Allocating data for reducer vm4:r0
(vm31:m0) Allocating data for reducer vm5:r0
(vm31:m0) Allocating data for reducer vm6:r0
(vm31:m0) Allocating data for reducer vm7:r0
(vm31:m0) Allocating data for reducer vm8:r0
(vm31:m0) Allocating data for reducer vm9:r0
(vm31:m0) Allocating data for reducer vm10:r0
(vm31:m0) Allocating data for reducer vm11:r0
(vm31:m0) Allocating data for reducer vm12:r0
(vm31:m0) Allocating data for reducer vm13:r0
(vm31:m0) Allocating data for reducer vm14:r0
(vm31:m0) Allocating data for reducer vm15:r0
(vm31:m0) Allocating data for reducer vm16:r0
(vm31:m0) Allocating data for reducer vm17:r0
(vm31:m0) Allocating data for reducer vm18:r0
(vm31:m0) Allocating data for reducer vm19:r0
(vm31:m0) Allocating data for reducer vm20:r0
(vm31:m0) Allocating data for reducer vm21:r0
(vm31:m0) Allocating data for reducer vm22:r0
(vm31:m0) Allocating data for reducer vm23:r0
(vm31:m0) Allocating data for reducer vm24:r0
(vm31:m0) Allocating data for reducer vm25:r0
(vm31:m0) Allocating data for reducer vm26:r0
(vm31:m0) Allocating data for reducer vm27:r0
(vm31:m0) Allocating data for reducer vm28:r0
(vm31:m0) Allocating data for reducer vm29:r0
(vm31:m0) Allocating data for reducer vm30:r0
(vm31:m0) Allocating data for reducer vm31:r0
(vm31:m0) Allocating data for reducer vm32:r0
(vm31:m0) Allocating data for reducer vm33:r0
(vm31:m0) Allocating data for reducer vm34:r0
(vm31:m0) Allocating data for reducer vm35:r0
(vm31:m0) Allocating data for reducer vm36:r0
(vm31:m0) Allocating data for reducer vm37:r0
(vm31:m0) Allocating data for reducer vm38:r0
(vm31:m0) Binding to port 23330
(vm31:r0) New reducer
(vm31:r0) Reducer thread started
(vm31:r0) waiting for START message
(vm31:r0) got START message
(vm31:r0) Starting new connection thread
(vm31:r0) Starting new connection thread
(vm31:r0) Starting new connection thread
(vm31:r0) Starting new connection thread
(vm31:r0) Starting new connection thread
(vm31:r0) Maximum number of connections reached (5), waiting for a thread to finish
(vm31:r0:3) Connection established
(vm31:r0:1) Connection established
(vm31:r0:0) Connection established
(vm31:r0:2) Connection established
(vm31:r0:4) Connection established
(vm31:r0:2) Connection finished, received 761434646 bytes
(vm31:r0:4) Connection finished, received 761434646 bytes
(vm31:r0:3) Connection finished, received 761434646 bytes
(vm31:r0:1) Connection finished, received 761434646 bytes
(vm31:r0:0) Connection finished, received 761434646 bytes
(vm31:r0) thread 0 joined, 37 connections remaining
(vm31:r0) Starting new connection thread
(vm31:r0) Maximum number of connections reached (5), waiting for a thread to finish
(vm31:r0:0) Connection established
(vm31:r0:0) Connection finished, received 761434646 bytes
(vm31:r0) thread 0 joined, 36 connections remaining
(vm31:r0) Starting new connection thread
(vm31:r0) Maximum number of connections reached (5), waiting for a thread to finish
(vm31:r0:0) Connection established
(vm31:r0:0) Connection finished, received 761434646 bytes
(vm31:r0) thread 0 joined, 35 connections remaining
(vm31:r0) Starting new connection thread
(vm31:r0) Maximum number of connections reached (5), waiting for a thread to finish
(vm31:r0:0) Connection established
(vm31:r0:0) Connection finished, received 761434646 bytes
(vm31:r0) thread 0 joined, 34 connections remaining
(vm31:r0) Starting new connection thread
(vm31:r0) Maximum number of connections reached (5), waiting for a thread to finish
(vm31:r0:0) Connection established
(vm31:m0) Got connection from reducer vm17:r0
(vm31:m0:16) thread started, have to send 761434645 bytes
(vm31:m0:16) all data sent, thread exiting
(vm31:r0:0) Connection finished, received 761434646 bytes
(vm31:r0) thread 0 joined, 33 connections remaining
(vm31:r0) Starting new connection thread
(vm31:r0) Maximum number of connections reached (5), waiting for a thread to finish
(vm31:r0:0) Connection established
(vm31:m0) Got connection from reducer vm14:r0
(vm31:m0:13) thread started, have to send 761434645 bytes
(vm31:r0:0) Connection finished, received 761434646 bytes
(vm31:r0) thread 0 joined, 32 connections remaining
(vm31:r0) Starting new connection thread
(vm31:r0) Maximum number of connections reached (5), waiting for a thread to finish
(vm31:r0:0) Connection established
(vm31:m0:13) all data sent, thread exiting
(vm31:m0) Got connection from reducer vm19:r0
(vm31:m0:18) thread started, have to send 761434645 bytes
(vm31:r0:0) Connection finished, received 761434646 bytes
(vm31:r0) thread 0 joined, 31 connections remaining
(vm31:r0) Starting new connection thread
(vm31:r0) Maximum number of connections reached (5), waiting for a thread to finish
(vm31:r0:0) Connection established
(vm31:m0) Got connection from reducer vm35:r0
(vm31:m0:34) thread started, have to send 761434645 bytes
(vm31:m0:18) all data sent, thread exiting
(vm31:m0:34) all data sent, thread exiting
(vm31:r0:0) Connection finished, received 761434646 bytes
(vm31:r0) thread 0 joined, 30 connections remaining
(vm31:r0) Starting new connection thread
(vm31:r0) Maximum number of connections reached (5), waiting for a thread to finish
(vm31:r0:0) Connection established
(vm31:m0) Got connection from reducer vm1:r0
(vm31:m0:0) thread started, have to send 761434645 bytes
(vm31:m0:0) all data sent, thread exiting
(vm31:m0) Got connection from reducer vm38:r0
(vm31:m0:37) thread started, have to send 761434645 bytes
(vm31:r0:0) Connection finished, received 761434646 bytes
(vm31:r0) thread 0 joined, 29 connections remaining
(vm31:r0) Starting new connection thread
(vm31:r0) Maximum number of connections reached (5), waiting for a thread to finish
(vm31:r0:0) Connection established
(vm31:m0:37) all data sent, thread exiting
(vm31:r0:0) Connection finished, received 761434646 bytes
(vm31:r0) thread 0 joined, 28 connections remaining
(vm31:r0) Starting new connection thread
(vm31:r0) Maximum number of connections reached (5), waiting for a thread to finish
(vm31:r0:0) Connection established
(vm31:m0) Got connection from reducer vm6:r0
(vm31:m0:5) thread started, have to send 761434645 bytes
(vm31:m0) Got connection from reducer vm28:r0
(vm31:m0:27) thread started, have to send 761434645 bytes
(vm31:m0) Got connection from reducer vm12:r0
(vm31:m0:11) thread started, have to send 761434645 bytes
(vm31:r0:0) Connection finished, received 761434646 bytes
(vm31:r0) thread 0 joined, 27 connections remaining
(vm31:r0) Starting new connection thread
(vm31:r0) Maximum number of connections reached (5), waiting for a thread to finish
(vm31:r0:0) Connection established
(vm31:m0:5) all data sent, thread exiting
(vm31:m0) Got connection from reducer vm33:r0
(vm31:m0:32) thread started, have to send 761434645 bytes
(vm31:m0:27) all data sent, thread exiting
(vm31:m0:11) all data sent, thread exiting
(vm31:m0:32) all data sent, thread exiting
(vm31:r0:0) Connection finished, received 761434646 bytes
(vm31:r0) thread 0 joined, 26 connections remaining
(vm31:r0) Starting new connection thread
(vm31:r0) Maximum number of connections reached (5), waiting for a thread to finish
(vm31:r0:0) Connection established
(vm31:r0:0) Connection finished, received 761434646 bytes
(vm31:r0) thread 0 joined, 25 connections remaining
(vm31:r0) Starting new connection thread
(vm31:r0) Maximum number of connections reached (5), waiting for a thread to finish
(vm31:r0:0) Connection established
(vm31:m0) Got connection from reducer vm21:r0
(vm31:m0:20) thread started, have to send 761434645 bytes
(vm31:r0:0) Connection finished, received 761434646 bytes
(vm31:r0) thread 0 joined, 24 connections remaining
(vm31:r0) Starting new connection thread
(vm31:r0) Maximum number of connections reached (5), waiting for a thread to finish
(vm31:r0:0) Connection established
(vm31:m0:20) all data sent, thread exiting
(vm31:m0) Got connection from reducer vm34:r0
(vm31:m0:33) thread started, have to send 761434645 bytes
(vm31:r0:0) Connection finished, received 761434646 bytes
(vm31:r0) thread 0 joined, 23 connections remaining
(vm31:r0) Starting new connection thread
(vm31:r0) Maximum number of connections reached (5), waiting for a thread to finish
(vm31:r0:0) Connection established
(vm31:m0) Got connection from reducer vm9:r0
(vm31:m0:8) thread started, have to send 761434645 bytes
(vm31:m0) Got connection from reducer vm7:r0
(vm31:m0:6) thread started, have to send 761434645 bytes
(vm31:m0:33) all data sent, thread exiting
(vm31:m0) Got connection from reducer vm10:r0
(vm31:m0:9) thread started, have to send 761434645 bytes
(vm31:m0:8) all data sent, thread exiting
(vm31:r0:0) Connection finished, received 761434646 bytes
(vm31:r0) thread 0 joined, 22 connections remaining
(vm31:r0) Starting new connection thread
(vm31:r0) Maximum number of connections reached (5), waiting for a thread to finish
(vm31:r0:0) Connection established
(vm31:m0:6) all data sent, thread exiting
(vm31:m0:9) all data sent, thread exiting
(vm31:r0:0) Connection finished, received 761434646 bytes
(vm31:r0) thread 0 joined, 21 connections remaining
(vm31:r0) Starting new connection thread
(vm31:r0) Maximum number of connections reached (5), waiting for a thread to finish
(vm31:r0:0) Connection established
(vm31:m0) Got connection from reducer vm24:r0
(vm31:m0:23) thread started, have to send 761434645 bytes
(vm31:m0) Got connection from reducer vm23:r0
(vm31:m0:22) thread started, have to send 761434645 bytes
(vm31:r0:0) Connection finished, received 761434646 bytes
(vm31:r0) thread 0 joined, 20 connections remaining
(vm31:r0) Starting new connection thread
(vm31:r0) Maximum number of connections reached (5), waiting for a thread to finish
(vm31:r0:0) Connection established
(vm31:m0:23) all data sent, thread exiting
(vm31:m0) Got connection from reducer vm16:r0
(vm31:m0:15) thread started, have to send 761434645 bytes
(vm31:m0) Got connection from reducer vm26:r0
(vm31:m0:25) thread started, have to send 761434645 bytes
(vm31:m0:22) all data sent, thread exiting
(vm31:r0:0) Connection finished, received 761434646 bytes
(vm31:r0) thread 0 joined, 19 connections remaining
(vm31:r0) Starting new connection thread
(vm31:r0) Maximum number of connections reached (5), waiting for a thread to finish
(vm31:r0:0) Connection established
(vm31:m0:15) all data sent, thread exiting
(vm31:m0) Got connection from reducer vm3:r0
(vm31:m0:2) thread started, have to send 761434645 bytes
(vm31:m0) Got connection from reducer vm18:r0
(vm31:m0:17) thread started, have to send 761434645 bytes
(vm31:m0:25) all data sent, thread exiting
(vm31:m0:2) all data sent, thread exiting
(vm31:m0) Got connection from reducer vm20:r0
(vm31:m0:19) thread started, have to send 761434645 bytes
(vm31:r0:0) Connection finished, received 761434646 bytes
(vm31:r0) thread 0 joined, 18 connections remaining
(vm31:r0) Starting new connection thread
(vm31:r0) Maximum number of connections reached (5), waiting for a thread to finish
(vm31:r0:0) Connection established
(vm31:m0) Got connection from reducer vm8:r0
(vm31:m0:7) thread started, have to send 761434645 bytes
(vm31:m0:17) all data sent, thread exiting
(vm31:m0) Got connection from reducer vm36:r0
(vm31:m0:35) thread started, have to send 761434645 bytes
(vm31:m0:19) all data sent, thread exiting
(vm31:m0:7) all data sent, thread exiting
(vm31:m0) Got connection from reducer vm32:r0
(vm31:m0:31) thread started, have to send 761434645 bytes
(vm31:r0:0) Connection finished, received 761434646 bytes
(vm31:r0) thread 0 joined, 17 connections remaining
(vm31:r0) Starting new connection thread
(vm31:r0) Maximum number of connections reached (5), waiting for a thread to finish
(vm31:r0:0) Connection established
(vm31:m0:35) all data sent, thread exiting
(vm31:m0) Got connection from reducer vm37:r0
(vm31:m0:36) thread started, have to send 761434645 bytes
(vm31:m0) Got connection from reducer vm27:r0
(vm31:m0:31) all data sent, thread exiting
(vm31:m0:26) thread started, have to send 761434645 bytes
(vm31:r0:0) Connection finished, received 761434646 bytes
(vm31:r0) thread 0 joined, 16 connections remaining
(vm31:r0) Starting new connection thread
(vm31:r0) Maximum number of connections reached (5), waiting for a thread to finish
(vm31:r0:0) Connection established
(vm31:m0) Got connection from reducer vm22:r0
(vm31:m0:21) thread started, have to send 761434645 bytes
(vm31:m0:36) all data sent, thread exiting
(vm31:m0) Got connection from reducer vm30:r0
(vm31:m0:29) thread started, have to send 761434645 bytes
(vm31:r0:0) Connection finished, received 761434646 bytes
(vm31:r0) thread 0 joined, 15 connections remaining
(vm31:r0) Starting new connection thread
(vm31:r0) Maximum number of connections reached (5), waiting for a thread to finish
(vm31:r0:0) Connection established
(vm31:m0:26) all data sent, thread exiting
(vm31:m0:21) all data sent, thread exiting
(vm31:m0:29) all data sent, thread exiting
(vm31:r0:0) Connection finished, received 761434646 bytes
(vm31:r0) thread 0 joined, 14 connections remaining
(vm31:r0) Starting new connection thread
(vm31:r0) Maximum number of connections reached (5), waiting for a thread to finish
(vm31:r0:0) Connection established
(vm31:m0) Got connection from reducer vm4:r0
(vm31:m0:3) thread started, have to send 761434645 bytes
(vm31:m0) Got connection from reducer vm25:r0
(vm31:m0:24) thread started, have to send 761434645 bytes
(vm31:m0) Got connection from reducer vm2:r0
(vm31:m0:1) thread started, have to send 761434645 bytes
(vm31:r0:0) Connection finished, received 761434646 bytes
(vm31:r0) thread 0 joined, 13 connections remaining
(vm31:r0) Starting new connection thread
(vm31:r0) Maximum number of connections reached (5), waiting for a thread to finish
(vm31:r0:0) Connection established
(vm31:m0) Got connection from reducer vm5:r0
(vm31:m0:4) thread started, have to send 761434645 bytes
(vm31:m0:3) all data sent, thread exiting
(vm31:m0) Got connection from reducer vm15:r0
(vm31:m0:14) thread started, have to send 761434645 bytes
(vm31:m0:24) all data sent, thread exiting
(vm31:m0:1) all data sent, thread exiting
(vm31:m0:4) all data sent, thread exiting
(vm31:m0:14) all data sent, thread exiting
(vm31:r0:0) Connection finished, received 761434646 bytes
(vm31:r0) thread 0 joined, 12 connections remaining
(vm31:r0) Starting new connection thread
(vm31:r0) Maximum number of connections reached (5), waiting for a thread to finish
(vm31:r0:0) Connection established
(vm31:m0) Got connection from reducer vm31:r0
(vm31:m0:30) thread started, have to send 761434645 bytes
(vm31:m0) Got connection from reducer vm13:r0
(vm31:m0:12) thread started, have to send 761434645 bytes
(vm31:m0:30) all data sent, thread exiting
(vm31:r0:0) Connection finished, received 761434646 bytes
(vm31:r0) thread 0 joined, 11 connections remaining
(vm31:r0) Starting new connection thread
(vm31:r0) Maximum number of connections reached (5), waiting for a thread to finish
(vm31:r0:0) Connection established
(vm31:m0:12) all data sent, thread exiting
(vm31:m0) Got connection from reducer vm29:r0
(vm31:m0:28) thread started, have to send 761434645 bytes
(vm31:m0) Got connection from reducer vm11:r0
(vm31:m0) Waiting for a thread to finish
(vm31:m0) thread 0 joined, 37 connections remaining
(vm31:m0) Waiting for a thread to finish
(vm31:m0) thread 1 joined, 36 connections remaining
(vm31:m0) Waiting for a thread to finish
(vm31:m0) thread 2 joined, 35 connections remaining
(vm31:m0) Waiting for a thread to finish
(vm31:m0) thread 3 joined, 34 connections remaining
(vm31:m0) Waiting for a thread to finish
(vm31:m0) thread 4 joined, 33 connections remaining
(vm31:m0) Waiting for a thread to finish
(vm31:m0) thread 5 joined, 32 connections remaining
(vm31:m0) Waiting for a thread to finish
(vm31:m0) thread 6 joined, 31 connections remaining
(vm31:m0) Waiting for a thread to finish
(vm31:m0) thread 7 joined, 30 connections remaining
(vm31:m0) Waiting for a thread to finish
(vm31:m0) thread 8 joined, 29 connections remaining
(vm31:m0) Waiting for a thread to finish
(vm31:m0) thread 9 joined, 28 connections remaining
(vm31:m0) Waiting for a thread to finish
(vm31:m0:10) thread started, have to send 761434645 bytes
(vm31:m0:28) all data sent, thread exiting
(vm31:r0:0) Connection finished, received 761434646 bytes
(vm31:r0) thread 0 joined, 10 connections remaining
(vm31:r0) Starting new connection thread
(vm31:r0) Maximum number of connections reached (5), waiting for a thread to finish
(vm31:r0:0) Connection established
(vm31:m0:10) all data sent, thread exiting
(vm31:m0) thread 10 joined, 27 connections remaining
(vm31:m0) Waiting for a thread to finish
(vm31:m0) thread 11 joined, 26 connections remaining
(vm31:m0) Waiting for a thread to finish
(vm31:m0) thread 12 joined, 25 connections remaining
(vm31:m0) Waiting for a thread to finish
(vm31:m0) thread 13 joined, 24 connections remaining
(vm31:m0) Waiting for a thread to finish
(vm31:m0) thread 14 joined, 23 connections remaining
(vm31:m0) Waiting for a thread to finish
(vm31:m0) thread 15 joined, 22 connections remaining
(vm31:m0) Waiting for a thread to finish
(vm31:m0) thread 16 joined, 21 connections remaining
(vm31:m0) Waiting for a thread to finish
(vm31:m0) thread 17 joined, 20 connections remaining
(vm31:m0) Waiting for a thread to finish
(vm31:m0) thread 18 joined, 19 connections remaining
(vm31:m0) Waiting for a thread to finish
(vm31:m0) thread 19 joined, 18 connections remaining
(vm31:m0) Waiting for a thread to finish
(vm31:m0) thread 20 joined, 17 connections remaining
(vm31:m0) Waiting for a thread to finish
(vm31:m0) thread 21 joined, 16 connections remaining
(vm31:m0) Waiting for a thread to finish
(vm31:m0) thread 22 joined, 15 connections remaining
(vm31:m0) Waiting for a thread to finish
(vm31:m0) thread 23 joined, 14 connections remaining
(vm31:m0) Waiting for a thread to finish
(vm31:m0) thread 24 joined, 13 connections remaining
(vm31:m0) Waiting for a thread to finish
(vm31:m0) thread 25 joined, 12 connections remaining
(vm31:m0) Waiting for a thread to finish
(vm31:m0) thread 26 joined, 11 connections remaining
(vm31:m0) Waiting for a thread to finish
(vm31:m0) thread 27 joined, 10 connections remaining
(vm31:m0) Waiting for a thread to finish
(vm31:m0) thread 28 joined, 9 connections remaining
(vm31:m0) Waiting for a thread to finish
(vm31:m0) thread 29 joined, 8 connections remaining
(vm31:m0) Waiting for a thread to finish
(vm31:m0) thread 30 joined, 7 connections remaining
(vm31:m0) Waiting for a thread to finish
(vm31:m0) thread 31 joined, 6 connections remaining
(vm31:m0) Waiting for a thread to finish
(vm31:m0) thread 32 joined, 5 connections remaining
(vm31:m0) Waiting for a thread to finish
(vm31:m0) thread 33 joined, 4 connections remaining
(vm31:m0) Waiting for a thread to finish
(vm31:m0) thread 34 joined, 3 connections remaining
(vm31:m0) Waiting for a thread to finish
(vm31:m0) thread 35 joined, 2 connections remaining
(vm31:m0) Waiting for a thread to finish
(vm31:m0) thread 36 joined, 1 connections remaining
(vm31:m0) Waiting for a thread to finish
(vm31:m0) thread 37 joined, 0 connections remaining
(vm31:m0) all done, exiting
*RES* start node vm31:m0
*RES* vm31:m0:0,1405718456647,5008,1521,761434646
*RES* vm31:m0:1,1405718559164,3629,660,761434646
*RES* vm31:m0:2,1405718535925,3807,851,761434646
*RES* vm31:m0:3,1405718558875,3386,661,761434646
*RES* vm31:m0:4,1405718562011,2716,634,761434646
*RES* vm31:m0:5,1405718472283,7420,1347,761434646
*RES* vm31:m0:6,1405718509379,6067,1221,761434646
*RES* vm31:m0:7,1405718541559,3170,622,761434646
*RES* vm31:m0:8,1405718506224,5728,1429,761434646
*RES* vm31:m0:9,1405718511944,5313,1363,761434646
*RES* vm31:m0:10,1405718567935,2560,603,761434646
*RES* vm31:m0:11,1405718475692,7825,1308,761434646
*RES* vm31:m0:12,1405718565320,1673,546,761434646
*RES* vm31:m0:13,1405718425173,5770,1374,761434646
*RES* vm31:m0:14,1405718562318,2631,631,761434646
*RES* vm31:m0:15,1405718530669,4539,1120,761434646
*RES* vm31:m0:16,1405718392635,6124,984,761434646
*RES* vm31:m0:17,1405718536656,5322,1036,761434646
*RES* vm31:m0:18,1405718440331,8140,1057,761434646
*RES* vm31:m0:19,1405718540035,3936,818,761434646
*RES* vm31:m0:20,1405718496147,5376,1091,761434646
*RES* vm31:m0:21,1405718552306,3111,741,761434646
*RES* vm31:m0:22,1405718526107,6829,1179,761434646
*RES* vm31:m0:23,1405718525351,4937,1234,761434646
*RES* vm31:m0:24,1405718558966,3674,659,761434646
*RES* vm31:m0:25,1405718532167,5598,853,761434646
*RES* vm31:m0:26,1405718550154,4766,687,761434646
*RES* vm31:m0:27,1405718473583,8315,1283,761434646
*RES* vm31:m0:28,1405718567133,2138,570,761434646
*RES* vm31:m0:29,1405718554028,3793,703,761434646
*RES* vm31:m0:30,1405718565035,1144,143,761434646
*RES* vm31:m0:31,1405718545159,4990,647,761434646
*RES* vm31:m0:32,1405718480223,6527,1504,761434646
*RES* vm31:m0:33,1405718503435,6976,1233,761434646
*RES* vm31:m0:34,1405718448396,4607,1592,761434646
*RES* vm31:m0:35,1405718542807,3719,688,761434646
*RES* vm31:m0:36,1405718549920,2737,747,761434646
*RES* vm31:m0:37,1405718462743,6058,1463,761434646
*RES* end node vm31:m0
Node vm31:m0 joined
(vm31:r0:0) Connection finished, received 761434646 bytes
(vm31:r0) thread 0 joined, 9 connections remaining
(vm31:r0) Starting new connection thread
(vm31:r0) Maximum number of connections reached (5), waiting for a thread to finish
(vm31:r0:0) Connection established
(vm31:r0:0) Connection finished, received 761434646 bytes
(vm31:r0) thread 0 joined, 8 connections remaining
(vm31:r0) Starting new connection thread
(vm31:r0) Maximum number of connections reached (5), waiting for a thread to finish
(vm31:r0:0) Connection established
(vm31:r0:0) Connection finished, received 761434646 bytes
(vm31:r0) thread 0 joined, 7 connections remaining
(vm31:r0) Starting new connection thread
(vm31:r0) Maximum number of connections reached (5), waiting for a thread to finish
(vm31:r0:0) Connection established
(vm31:r0:0) Connection finished, received 761434646 bytes
(vm31:r0) thread 0 joined, 6 connections remaining
(vm31:r0) Starting new connection thread
(vm31:r0) Maximum number of connections reached (5), waiting for a thread to finish
(vm31:r0:0) Connection established
(vm31:r0:0) Connection finished, received 761434646 bytes
(vm31:r0) thread 0 joined, 5 connections remaining
(vm31:r0) Starting new connection thread
(vm31:r0) Maximum number of connections reached (5), waiting for a thread to finish
(vm31:r0:0) Connection established
(vm31:r0:0) Connection finished, received 761434646 bytes
(vm31:r0) thread 0 joined, 4 connections remaining
(vm31:r0) Maximum number of connections reached (4), waiting for a thread to finish
(vm31:r0) thread 1 joined, 3 connections remaining
(vm31:r0) Maximum number of connections reached (3), waiting for a thread to finish
(vm31:r0) thread 2 joined, 2 connections remaining
(vm31:r0) Maximum number of connections reached (2), waiting for a thread to finish
(vm31:r0) thread 3 joined, 1 connections remaining
(vm31:r0) Maximum number of connections reached (1), waiting for a thread to finish
(vm31:r0) thread 4 joined, 0 connections remaining
(vm31:r0) all done, exiting
*RES* start node vm31:r0
*RES* vm31:r0:0,1405718236071,31364,784,761434646
*RES* vm31:r0:0,1405718267439,51608,828,761434646
*RES* vm31:r0:0,1405718319051,38750,847,761434646
*RES* vm31:r0:0,1405718357807,26679,694,761434646
*RES* vm31:r0:0,1405718384491,26462,1031,761434646
*RES* vm31:r0:0,1405718410959,17956,822,761434646
*RES* vm31:r0:0,1405718428919,13094,807,761434646
*RES* vm31:r0:0,1405718442023,12226,937,761434646
*RES* vm31:r0:0,1405718454255,9020,900,761434646
*RES* vm31:r0:0,1405718463283,7784,977,761434646
*RES* vm31:r0:0,1405718471071,8274,1174,761434646
*RES* vm31:r0:0,1405718479371,8980,1202,761434646
*RES* vm31:r0:0,1405718488359,5618,2406,761434646
*RES* vm31:r0:0,1405718493983,5199,1462,761434646
*RES* vm31:r0:0,1405718499187,6860,1862,761434646
*RES* vm31:r0:0,1405718506055,7925,1067,761434646
*RES* vm31:r0:0,1405718513987,8060,936,761434646
*RES* vm31:r0:0,1405718522051,6204,1000,761434646
*RES* vm31:r0:0,1405718528263,4972,1027,761434646
*RES* vm31:r0:0,1405718533243,7094,975,761434646
*RES* vm31:r0:0,1405718540351,5133,818,761434646
*RES* vm31:r0:0,1405718545494,4723,786,761434646
*RES* vm31:r0:0,1405718550224,4448,697,761434646
*RES* vm31:r0:0,1405718554692,3399,724,761434646
*RES* vm31:r0:0,1405718558095,3776,633,761434646
*RES* vm31:r0:0,1405718561887,3141,626,761434646
*RES* vm31:r0:0,1405718565035,1147,377,761434646
*RES* vm31:r0:0,1405718566191,3436,562,761434646
*RES* vm31:r0:0,1405718569640,2183,633,761434646
*RES* vm31:r0:0,1405718571827,2076,576,761434646
*RES* vm31:r0:0,1405718573907,1574,598,761434646
*RES* vm31:r0:0,1405718575487,948,447,761434646
*RES* vm31:r0:0,1405718576443,1041,483,761434646
*RES* vm31:r0:0,1405718577491,881,418,761434646
*RES* vm31:r0:1,1405718236071,27927,749,761434646
*RES* vm31:r0:2,1405718236071,25826,768,761434646
*RES* vm31:r0:3,1405718236071,27461,756,761434646
*RES* vm31:r0:4,1405718236071,26086,777,761434646
*RES* end node vm31:r0
Node vm31:r0 joined
Worker terminating correctly
