OSMeF worker starting
Enabling core dumping
Listening for command connection
(vm5:m0) New mapper on port 23330
(vm5:m0) -> reducer data size 3393554406
(vm5:m0) -> reducer data size 3393554406
(vm5:m0) -> reducer data size 3393554406
(vm5:m0) -> reducer data size 3393554406
(vm5:m0) -> reducer data size 3393554406
(vm5:m0) -> reducer data size 3393554406
(vm5:m0) -> reducer data size 3393554406
(vm5:m0) -> reducer data size 3393554406
(vm5:m0) -> reducer data size 3393554406
(vm5:m0) -> reducer data size 3393554406
(vm5:m0) -> reducer data size 3393554406
(vm5:m0) -> reducer data size 3393554406
(vm5:m0) -> reducer data size 3393554406
(vm5:m0) -> reducer data size 3393554406
(vm5:m0) -> reducer data size 3393554406
(vm5:m0) -> reducer data size 3393554406
(vm5:m0) -> reducer data size 3393554406
(vm5:m0) -> reducer data size 3393554406
(vm5:m0) Mapper thread started
(vm5:m0) Allocating data for reducer vm1:r0
(vm5:m0) Allocating data for reducer vm2:r0
(vm5:m0) Allocating data for reducer vm3:r0
(vm5:m0) Allocating data for reducer vm4:r0
(vm5:m0) Allocating data for reducer vm5:r0
(vm5:m0) Allocating data for reducer vm6:r0
(vm5:m0) Allocating data for reducer vm7:r0
(vm5:m0) Allocating data for reducer vm8:r0
(vm5:m0) Allocating data for reducer vm9:r0
(vm5:m0) Allocating data for reducer vm10:r0
(vm5:m0) Allocating data for reducer vm11:r0
(vm5:m0) Allocating data for reducer vm12:r0
(vm5:m0) Allocating data for reducer vm13:r0
(vm5:m0) Allocating data for reducer vm14:r0
(vm5:m0) Allocating data for reducer vm15:r0
(vm5:m0) Allocating data for reducer vm16:r0
(vm5:m0) Allocating data for reducer vm17:r0
(vm5:m0) Allocating data for reducer vm18:r0
(vm5:m0) Binding to port 23330
(vm5:r0) New reducer
(vm5:r0) Reducer thread started
(vm5:r0) waiting for START message
(vm5:r0) got START message
(vm5:r0) Starting new connection thread
(vm5:r0) Starting new connection thread
(vm5:r0) Starting new connection thread
(vm5:r0) Starting new connection thread
(vm5:r0) Starting new connection thread
(vm5:r0) Maximum number of connections reached (5), waiting for a thread to finish
(vm5:m0) Got connection from reducer vm1:r0
(vm5:r0:4) Connection established
(vm5:m0:0) thread started, have to send 3393554406 bytes
(vm5:r0:2) Connection established
(vm5:m0) Got connection from reducer vm2:r0
(vm5:m0) Got connection from reducer vm5:r0
(vm5:m0) Got connection from reducer vm3:r0
(vm5:m0) Got connection from reducer vm4:r0
(vm5:m0) Got connection from reducer vm7:r0
(vm5:r0:1) Connection established
(vm5:m0:6) thread started, have to send 3393554406 bytes
(vm5:m0:3) thread started, have to send 3393554406 bytes
(vm5:m0:2) thread started, have to send 3393554406 bytes
(vm5:m0:4) thread started, have to send 3393554406 bytes
(vm5:m0:1) thread started, have to send 3393554406 bytes
(vm5:m0) Got connection from reducer vm8:r0
(vm5:m0) Got connection from reducer vm6:r0
(vm5:m0) Got connection from reducer vm10:r0
(vm5:m0) Got connection from reducer vm9:r0
(vm5:m0) Got connection from reducer vm11:r0
(vm5:m0) Got connection from reducer vm12:r0
(vm5:m0) Got connection from reducer vm13:r0
(vm5:m0) Got connection from reducer vm17:r0
(vm5:m0) Got connection from reducer vm15:r0
(vm5:m0) Got connection from reducer vm16:r0
(vm5:m0) Got connection from reducer vm14:r0
(vm5:m0) Got connection from reducer vm18:r0
(vm5:m0) Waiting for a thread to finish
(vm5:r0:0) Connection established
(vm5:r0:3) Connection established
(vm5:m0:17) thread started, have to send 3393554406 bytes
(vm5:m0:10) thread started, have to send 3393554406 bytes
(vm5:m0:16) thread started, have to send 3393554406 bytes
(vm5:m0:11) thread started, have to send 3393554406 bytes
(vm5:m0:15) thread started, have to send 3393554406 bytes
(vm5:m0:13) thread started, have to send 3393554406 bytes
(vm5:m0:7) thread started, have to send 3393554406 bytes
(vm5:m0:14) thread started, have to send 3393554406 bytes
(vm5:m0:5) thread started, have to send 3393554406 bytes
(vm5:m0:9) thread started, have to send 3393554406 bytes
(vm5:m0:8) thread started, have to send 3393554406 bytes
(vm5:m0:12) thread started, have to send 3393554406 bytes
(vm5:m0:4) all data sent, thread exiting
(vm5:r0:4) Connection finished, received 3393554407 bytes
(vm5:m0:14) all data sent, thread exiting
(vm5:m0:10) all data sent, thread exiting
(vm5:m0:17) all data sent, thread exiting
(vm5:m0:8) all data sent, thread exiting
(vm5:m0:16) all data sent, thread exiting
(vm5:m0:13) all data sent, thread exiting
(vm5:m0:9) all data sent, thread exiting
(vm5:m0:6) all data sent, thread exiting
(vm5:m0:11) all data sent, thread exiting
(vm5:m0:12) all data sent, thread exiting
(vm5:m0:15) all data sent, thread exiting
(vm5:m0:7) all data sent, thread exiting
(vm5:m0:5) all data sent, thread exiting
(vm5:m0:2) all data sent, thread exiting
(vm5:r0:2) Connection finished, received 3393554407 bytes
(vm5:m0:1) all data sent, thread exiting
(vm5:m0:3) all data sent, thread exiting
(vm5:r0:3) Connection finished, received 3393554407 bytes
(vm5:m0:0) all data sent, thread exiting
(vm5:m0) thread 0 joined, 17 connections remaining
(vm5:m0) Waiting for a thread to finish
(vm5:m0) thread 1 joined, 16 connections remaining
(vm5:m0) Waiting for a thread to finish
(vm5:m0) thread 2 joined, 15 connections remaining
(vm5:m0) Waiting for a thread to finish
(vm5:m0) thread 3 joined, 14 connections remaining
(vm5:m0) Waiting for a thread to finish
(vm5:m0) thread 4 joined, 13 connections remaining
(vm5:m0) Waiting for a thread to finish
(vm5:m0) thread 5 joined, 12 connections remaining
(vm5:m0) Waiting for a thread to finish
(vm5:m0) thread 6 joined, 11 connections remaining
(vm5:m0) Waiting for a thread to finish
(vm5:m0) thread 7 joined, 10 connections remaining
(vm5:m0) Waiting for a thread to finish
(vm5:m0) thread 8 joined, 9 connections remaining
(vm5:m0) Waiting for a thread to finish
(vm5:m0) thread 9 joined, 8 connections remaining
(vm5:m0) Waiting for a thread to finish
(vm5:m0) thread 10 joined, 7 connections remaining
(vm5:m0) Waiting for a thread to finish
(vm5:m0) thread 11 joined, 6 connections remaining
(vm5:m0) Waiting for a thread to finish
(vm5:m0) thread 12 joined, 5 connections remaining
(vm5:m0) Waiting for a thread to finish
(vm5:m0) thread 13 joined, 4 connections remaining
(vm5:m0) Waiting for a thread to finish
(vm5:m0) thread 14 joined, 3 connections remaining
(vm5:m0) Waiting for a thread to finish
(vm5:m0) thread 15 joined, 2 connections remaining
(vm5:m0) Waiting for a thread to finish
(vm5:m0) thread 16 joined, 1 connections remaining
(vm5:m0) Waiting for a thread to finish
(vm5:m0) thread 17 joined, 0 connections remaining
(vm5:m0) all done, exiting
*RES* start node vm5:m0
*RES* vm5:m0:0,1403754480704,57193,2248,3393554407
*RES* vm5:m0:1,1403754480707,54154,2216,3393554407
*RES* vm5:m0:2,1403754480705,51608,2202,3393554407
*RES* vm5:m0:3,1403754480705,55314,2235,3393554407
*RES* vm5:m0:4,1403754480706,28671,852,3393554407
*RES* vm5:m0:5,1403754480715,51388,2349,3393554407
*RES* vm5:m0:6,1403754480705,50669,2311,3393554407
*RES* vm5:m0:7,1403754480715,51220,2344,3393554407
*RES* vm5:m0:8,1403754480715,50262,2306,3393554407
*RES* vm5:m0:9,1403754480715,50480,2311,3393554407
*RES* vm5:m0:10,1403754480714,49491,2303,3393554407
*RES* vm5:m0:11,1403754480714,50727,2316,3393554407
*RES* vm5:m0:12,1403754480715,50736,2333,3393554407
*RES* vm5:m0:13,1403754480714,50354,2311,3393554407
*RES* vm5:m0:14,1403754480715,48903,2285,3393554407
*RES* vm5:m0:15,1403754480714,50823,2330,3393554407
*RES* vm5:m0:16,1403754480714,50216,2296,3393554407
*RES* vm5:m0:17,1403754480714,49678,2300,3393554407
*RES* end node vm5:m0
Node vm5:m0 joined
(vm5:r0:0) Connection finished, received 3393554407 bytes
(vm5:r0) thread 0 joined, 17 connections remaining
(vm5:r0) Starting new connection thread
(vm5:r0) Maximum number of connections reached (5), waiting for a thread to finish
(vm5:r0:0) Connection established
(vm5:r0:1) Connection finished, received 3393554407 bytes
(vm5:r0:0) Connection finished, received 3393554407 bytes
(vm5:r0) thread 0 joined, 16 connections remaining
(vm5:r0) Starting new connection thread
(vm5:r0) Maximum number of connections reached (5), waiting for a thread to finish
(vm5:r0:0) Connection established
(vm5:r0:0) Connection finished, received 3393554407 bytes
(vm5:r0) thread 0 joined, 15 connections remaining
(vm5:r0) Starting new connection thread
(vm5:r0) Maximum number of connections reached (5), waiting for a thread to finish
(vm5:r0:0) Connection established
(vm5:r0:0) Connection finished, received 3393554407 bytes
(vm5:r0) thread 0 joined, 14 connections remaining
(vm5:r0) Starting new connection thread
(vm5:r0) Maximum number of connections reached (5), waiting for a thread to finish
(vm5:r0:0) Connection established
(vm5:r0:0) Connection finished, received 3393554407 bytes
(vm5:r0) thread 0 joined, 13 connections remaining
(vm5:r0) Starting new connection thread
(vm5:r0) Maximum number of connections reached (5), waiting for a thread to finish
(vm5:r0:0) Connection established
(vm5:r0:0) Connection finished, received 3393554407 bytes
(vm5:r0) thread 0 joined, 12 connections remaining
(vm5:r0) Starting new connection thread
(vm5:r0) Maximum number of connections reached (5), waiting for a thread to finish
(vm5:r0:0) Connection established
(vm5:r0:0) Connection finished, received 3393554407 bytes
(vm5:r0) thread 0 joined, 11 connections remaining
(vm5:r0) Starting new connection thread
(vm5:r0) Maximum number of connections reached (5), waiting for a thread to finish
(vm5:r0:0) Connection established
(vm5:r0:0) Connection finished, received 3393554407 bytes
(vm5:r0) thread 0 joined, 10 connections remaining
(vm5:r0) Starting new connection thread
(vm5:r0) Maximum number of connections reached (5), waiting for a thread to finish
(vm5:r0:0) Connection established
(vm5:r0:0) Connection finished, received 3393554407 bytes
(vm5:r0) thread 0 joined, 9 connections remaining
(vm5:r0) Starting new connection thread
(vm5:r0) Maximum number of connections reached (5), waiting for a thread to finish
(vm5:r0:0) Connection established
(vm5:r0:0) Connection finished, received 3393554407 bytes
(vm5:r0) thread 0 joined, 8 connections remaining
(vm5:r0) Starting new connection thread
(vm5:r0) Maximum number of connections reached (5), waiting for a thread to finish
(vm5:r0:0) Connection established
(vm5:r0:0) Connection finished, received 3393554407 bytes
(vm5:r0) thread 0 joined, 7 connections remaining
(vm5:r0) Starting new connection thread
(vm5:r0) Maximum number of connections reached (5), waiting for a thread to finish
(vm5:r0:0) Connection established
(vm5:r0:0) Connection finished, received 3393554407 bytes
(vm5:r0) thread 0 joined, 6 connections remaining
(vm5:r0) Starting new connection thread
(vm5:r0) Maximum number of connections reached (5), waiting for a thread to finish
(vm5:r0:0) Connection established
(vm5:r0:0) Connection finished, received 3393554407 bytes
(vm5:r0) thread 0 joined, 5 connections remaining
(vm5:r0) Starting new connection thread
(vm5:r0) Maximum number of connections reached (5), waiting for a thread to finish
(vm5:r0:0) Connection established
(vm5:r0:0) Connection finished, received 3393554407 bytes
(vm5:r0) thread 0 joined, 4 connections remaining
(vm5:r0) Maximum number of connections reached (4), waiting for a thread to finish
(vm5:r0) thread 1 joined, 3 connections remaining
(vm5:r0) Maximum number of connections reached (3), waiting for a thread to finish
(vm5:r0) thread 2 joined, 2 connections remaining
(vm5:r0) Maximum number of connections reached (2), waiting for a thread to finish
(vm5:r0) thread 3 joined, 1 connections remaining
(vm5:r0) Maximum number of connections reached (1), waiting for a thread to finish
(vm5:r0) thread 4 joined, 0 connections remaining
(vm5:r0) all done, exiting
*RES* start node vm5:r0
*RES* vm5:r0:0,1403754480704,58257,2431,3393554407
*RES* vm5:r0:0,1403754538966,43210,2666,3393554407
*RES* vm5:r0:0,1403754582181,47240,2585,3393554407
*RES* vm5:r0:0,1403754629425,43835,2608,3393554407
*RES* vm5:r0:0,1403754673264,35845,2688,3393554407
*RES* vm5:r0:0,1403754709116,34032,2504,3393554407
*RES* vm5:r0:0,1403754743153,30745,2413,3393554407
*RES* vm5:r0:0,1403754773905,21612,1876,3393554407
*RES* vm5:r0:0,1403754795521,26066,2157,3393554407
*RES* vm5:r0:0,1403754821593,15042,2180,3393554407
*RES* vm5:r0:0,1403754836641,11552,1912,3393554407
*RES* vm5:r0:0,1403754848197,10766,1717,3393554407
*RES* vm5:r0:0,1403754858968,7616,1797,3393554407
*RES* vm5:r0:0,1403754866589,10728,1893,3393554407
*RES* vm5:r0:1,1403754480704,63094,2535,3393554407
*RES* vm5:r0:2,1403754480704,52970,2354,3393554407
*RES* vm5:r0:3,1403754480704,57069,2384,3393554407
*RES* vm5:r0:4,1403754480704,28767,1736,3393554407
*RES* end node vm5:r0
Node vm5:r0 joined
Worker terminating correctly
