OSMeF worker starting
Enabling core dumping
Listening for command connection
(vm11:m0) New mapper on port 23330
(vm11:m0) -> reducer data size 20297577
(vm11:m0) -> reducer data size 20297577
(vm11:m0) -> reducer data size 20297577
(vm11:m0) -> reducer data size 20297577
(vm11:m0) -> reducer data size 20297577
(vm11:m0) -> reducer data size 20297577
(vm11:m0) -> reducer data size 20297577
(vm11:m0) -> reducer data size 20297577
(vm11:m0) -> reducer data size 20297577
(vm11:m0) -> reducer data size 20297577
(vm11:m0) -> reducer data size 20297577
(vm11:m0) -> reducer data size 20297577
(vm11:m0) -> reducer data size 20297577
(vm11:m0) -> reducer data size 20297577
(vm11:m0) -> reducer data size 20297577
(vm11:m0) -> reducer data size 20297577
(vm11:m0) -> reducer data size 20297577
(vm11:m0) -> reducer data size 20297577
(vm11:m0) -> reducer data size 20297577
(vm11:m0) -> reducer data size 20297577
(vm11:m0) -> reducer data size 20297577
(vm11:m0) -> reducer data size 20297577
(vm11:m0) -> reducer data size 20297577
(vm11:m0) Mapper thread started
(vm11:m0) Allocating data for reducer vm1:r0
(vm11:m0) Allocating data for reducer vm2:r0
(vm11:m0) Allocating data for reducer vm3:r0
(vm11:m0) Allocating data for reducer vm4:r0
(vm11:m0) Allocating data for reducer vm5:r0
(vm11:m0) Allocating data for reducer vm6:r0
(vm11:m0) Allocating data for reducer vm7:r0
(vm11:m0) Allocating data for reducer vm8:r0
(vm11:m0) Allocating data for reducer vm9:r0
(vm11:m0) Allocating data for reducer vm10:r0
(vm11:m0) Allocating data for reducer vm11:r0
(vm11:m0) Allocating data for reducer vm12:r0
(vm11:m0) Allocating data for reducer vm13:r0
(vm11:m0) Allocating data for reducer vm14:r0
(vm11:m0) Allocating data for reducer vm15:r0
(vm11:m0) Allocating data for reducer vm16:r0
(vm11:m0) Allocating data for reducer vm17:r0
(vm11:m0) Allocating data for reducer vm18:r0
(vm11:m0) Allocating data for reducer vm19:r0
(vm11:m0) Allocating data for reducer vm20:r0
(vm11:m0) Allocating data for reducer vm21:r0
(vm11:m0) Allocating data for reducer vm22:r0
(vm11:m0) Allocating data for reducer vm23:r0
(vm11:m0) Binding to port 23330
(vm11:r0) New reducer
(vm11:r0) Reducer thread started
(vm11:r0) waiting for START message
(vm11:r0) got START message
(vm11:r0) Starting new connection thread
(vm11:r0) Starting new connection thread
(vm11:r0) Starting new connection thread
(vm11:r0) Starting new connection thread
(vm11:r0) Starting new connection thread
(vm11:r0) Maximum number of connections reached (5), waiting for a thread to finish
(vm11:r0:3) Connection established
(vm11:r0:2) Connection established
(vm11:r0:1) Connection established
(vm11:r0:0) Connection established
(vm11:r0:4) Connection established
(vm11:r0:2) Connection finished, received 20297578 bytes
(vm11:r0:4) Connection finished, received 20297578 bytes
(vm11:r0:3) Connection finished, received 20297578 bytes
(vm11:r0:0) Connection finished, received 20297578 bytes
(vm11:r0) thread 0 joined, 22 connections remaining
(vm11:r0) Starting new connection thread
(vm11:r0) Maximum number of connections reached (5), waiting for a thread to finish
(vm11:r0:0) Connection established
(vm11:r0:1) Connection finished, received 20297578 bytes
(vm11:r0:0) Connection finished, received 20297578 bytes
(vm11:r0) thread 0 joined, 21 connections remaining
(vm11:r0) Starting new connection thread
(vm11:r0) Maximum number of connections reached (5), waiting for a thread to finish
(vm11:r0:0) Connection established
(vm11:r0:0) Connection finished, received 20297578 bytes
(vm11:r0) thread 0 joined, 20 connections remaining
(vm11:r0) Starting new connection thread
(vm11:r0) Maximum number of connections reached (5), waiting for a thread to finish
(vm11:r0:0) Connection established
(vm11:m0) Got connection from reducer vm1:r0
(vm11:m0:0) thread started, have to send 20297577 bytes
(vm11:m0:0) all data sent, thread exiting
(vm11:r0:0) Connection finished, received 20297578 bytes
(vm11:r0) thread 0 joined, 19 connections remaining
(vm11:r0) Starting new connection thread
(vm11:r0) Maximum number of connections reached (5), waiting for a thread to finish
(vm11:r0:0) Connection established
(vm11:r0:0) Connection finished, received 20297578 bytes
(vm11:r0) thread 0 joined, 18 connections remaining
(vm11:r0) Starting new connection thread
(vm11:r0) Maximum number of connections reached (5), waiting for a thread to finish
(vm11:r0:0) Connection established
(vm11:m0) Got connection from reducer vm16:r0
(vm11:m0:15) thread started, have to send 20297577 bytes
(vm11:m0) Got connection from reducer vm23:r0
(vm11:m0:22) thread started, have to send 20297577 bytes
(vm11:m0:15) all data sent, thread exiting
(vm11:m0:22) all data sent, thread exiting
(vm11:r0:0) Connection finished, received 20297578 bytes
(vm11:r0) thread 0 joined, 17 connections remaining
(vm11:r0) Starting new connection thread
(vm11:r0) Maximum number of connections reached (5), waiting for a thread to finish
(vm11:r0:0) Connection established
(vm11:m0) Got connection from reducer vm11:r0
(vm11:m0:10) thread started, have to send 20297577 bytes
(vm11:m0:10) all data sent, thread exiting
(vm11:r0:0) Connection finished, received 20297578 bytes
(vm11:r0) thread 0 joined, 16 connections remaining
(vm11:r0) Starting new connection thread
(vm11:r0) Maximum number of connections reached (5), waiting for a thread to finish
(vm11:r0:0) Connection established
(vm11:r0:0) Connection finished, received 20297578 bytes
(vm11:r0) thread 0 joined, 15 connections remaining
(vm11:r0) Starting new connection thread
(vm11:r0) Maximum number of connections reached (5), waiting for a thread to finish
(vm11:r0:0) Connection established
(vm11:m0) Got connection from reducer vm22:r0
(vm11:m0:21) thread started, have to send 20297577 bytes
(vm11:m0:21) all data sent, thread exiting
(vm11:r0:0) Connection finished, received 20297578 bytes
(vm11:r0) thread 0 joined, 14 connections remaining
(vm11:r0) Starting new connection thread
(vm11:r0) Maximum number of connections reached (5), waiting for a thread to finish
(vm11:r0:0) Connection established
(vm11:m0) Got connection from reducer vm6:r0
(vm11:m0:5) thread started, have to send 20297577 bytes
(vm11:m0) Got connection from reducer vm9:r0
(vm11:m0:8) thread started, have to send 20297577 bytes
(vm11:r0:0) Connection finished, received 20297578 bytes
(vm11:r0) thread 0 joined, 13 connections remaining
(vm11:r0) Starting new connection thread
(vm11:r0) Maximum number of connections reached (5), waiting for a thread to finish
(vm11:r0:0) Connection established
(vm11:m0:5) all data sent, thread exiting
(vm11:m0:8) all data sent, thread exiting
(vm11:r0:0) Connection finished, received 20297578 bytes
(vm11:r0) thread 0 joined, 12 connections remaining
(vm11:r0) Starting new connection thread
(vm11:r0) Maximum number of connections reached (5), waiting for a thread to finish
(vm11:r0:0) Connection established
(vm11:r0:0) Connection finished, received 20297578 bytes
(vm11:r0) thread 0 joined, 11 connections remaining
(vm11:r0) Starting new connection thread
(vm11:r0) Maximum number of connections reached (5), waiting for a thread to finish
(vm11:r0:0) Connection established
(vm11:m0) Got connection from reducer vm7:r0
(vm11:m0:6) thread started, have to send 20297577 bytes
(vm11:r0:0) Connection finished, received 20297578 bytes
(vm11:r0) thread 0 joined, 10 connections remaining
(vm11:r0) Starting new connection thread
(vm11:r0) Maximum number of connections reached (5), waiting for a thread to finish
(vm11:r0:0) Connection established
(vm11:m0) Got connection from reducer vm12:r0
(vm11:m0:11) thread started, have to send 20297577 bytes
(vm11:m0:6) all data sent, thread exiting
(vm11:r0:0) Connection finished, received 20297578 bytes
(vm11:r0) thread 0 joined, 9 connections remaining
(vm11:r0) Starting new connection thread
(vm11:r0) Maximum number of connections reached (5), waiting for a thread to finish
(vm11:r0:0) Connection established
(vm11:m0:11) all data sent, thread exiting
(vm11:r0:0) Connection finished, received 20297578 bytes
(vm11:r0) thread 0 joined, 8 connections remaining
(vm11:r0) Starting new connection thread
(vm11:r0) Maximum number of connections reached (5), waiting for a thread to finish
(vm11:r0:0) Connection established
(vm11:m0) Got connection from reducer vm19:r0
(vm11:m0:18) thread started, have to send 20297577 bytes
(vm11:r0:0) Connection finished, received 20297578 bytes
(vm11:r0) thread 0 joined, 7 connections remaining
(vm11:r0) Starting new connection thread
(vm11:r0) Maximum number of connections reached (5), waiting for a thread to finish
(vm11:r0:0) Connection established
(vm11:m0:18) all data sent, thread exiting
(vm11:m0) Got connection from reducer vm8:r0
(vm11:r0:0) Connection finished, received 20297578 bytes
(vm11:r0) thread 0 joined, 6 connections remaining
(vm11:r0) Starting new connection thread
(vm11:r0) Maximum number of connections reached (5), waiting for a thread to finish
(vm11:m0:7) thread started, have to send 20297577 bytes
(vm11:r0:0) Connection established
(vm11:m0:7) all data sent, thread exiting
(vm11:r0:0) Connection finished, received 20297578 bytes
(vm11:r0) thread 0 joined, 5 connections remaining
(vm11:r0) Starting new connection thread
(vm11:r0) Maximum number of connections reached (5), waiting for a thread to finish
(vm11:r0:0) Connection established
(vm11:m0) Got connection from reducer vm20:r0
(vm11:m0:19) thread started, have to send 20297577 bytes
(vm11:r0:0) Connection finished, received 20297578 bytes
(vm11:r0) thread 0 joined, 4 connections remaining
(vm11:r0) Maximum number of connections reached (4), waiting for a thread to finish
(vm11:r0) thread 1 joined, 3 connections remaining
(vm11:r0) Maximum number of connections reached (3), waiting for a thread to finish
(vm11:r0) thread 2 joined, 2 connections remaining
(vm11:r0) Maximum number of connections reached (2), waiting for a thread to finish
(vm11:r0) thread 3 joined, 1 connections remaining
(vm11:r0) Maximum number of connections reached (1), waiting for a thread to finish
(vm11:r0) thread 4 joined, 0 connections remaining
(vm11:r0) all done, exiting
(vm11:m0:19) all data sent, thread exiting
(vm11:m0) Got connection from reducer vm13:r0
(vm11:m0:12) thread started, have to send 20297577 bytes
(vm11:m0) Got connection from reducer vm4:r0
(vm11:m0:3) thread started, have to send 20297577 bytes
(vm11:m0) Got connection from reducer vm10:r0
(vm11:m0:9) thread started, have to send 20297577 bytes
(vm11:m0) Got connection from reducer vm5:r0
(vm11:m0:4) thread started, have to send 20297577 bytes
(vm11:m0) Got connection from reducer vm17:r0
(vm11:m0) Got connection from reducer vm21:r0
(vm11:m0) Got connection from reducer vm15:r0
(vm11:m0) Got connection from reducer vm18:r0
(vm11:m0) Got connection from reducer vm3:r0
(vm11:m0) Got connection from reducer vm2:r0
(vm11:m0) Got connection from reducer vm14:r0
(vm11:m0) Waiting for a thread to finish
(vm11:m0) thread 0 joined, 22 connections remaining
(vm11:m0) Waiting for a thread to finish
(vm11:m0:20) thread started, have to send 20297577 bytes
(vm11:m0:16) thread started, have to send 20297577 bytes
(vm11:m0:1) thread started, have to send 20297577 bytes
(vm11:m0:2) thread started, have to send 20297577 bytes
(vm11:m0:13) thread started, have to send 20297577 bytes
(vm11:m0:14) thread started, have to send 20297577 bytes
(vm11:m0:17) thread started, have to send 20297577 bytes
(vm11:m0:12) all data sent, thread exiting
(vm11:m0:3) all data sent, thread exiting
(vm11:m0:9) all data sent, thread exiting
(vm11:m0:17) all data sent, thread exiting
(vm11:m0:4) all data sent, thread exiting
(vm11:m0:20) all data sent, thread exiting
(vm11:m0:16) all data sent, thread exiting
(vm11:m0:13) all data sent, thread exiting
(vm11:m0:2) all data sent, thread exiting
(vm11:m0:14) all data sent, thread exiting
(vm11:m0:1) all data sent, thread exiting
(vm11:m0) thread 1 joined, 21 connections remaining
(vm11:m0) Waiting for a thread to finish
(vm11:m0) thread 2 joined, 20 connections remaining
(vm11:m0) Waiting for a thread to finish
(vm11:m0) thread 3 joined, 19 connections remaining
(vm11:m0) Waiting for a thread to finish
(vm11:m0) thread 4 joined, 18 connections remaining
(vm11:m0) Waiting for a thread to finish
(vm11:m0) thread 5 joined, 17 connections remaining
(vm11:m0) Waiting for a thread to finish
(vm11:m0) thread 6 joined, 16 connections remaining
(vm11:m0) Waiting for a thread to finish
(vm11:m0) thread 7 joined, 15 connections remaining
(vm11:m0) Waiting for a thread to finish
(vm11:m0) thread 8 joined, 14 connections remaining
(vm11:m0) Waiting for a thread to finish
(vm11:m0) thread 9 joined, 13 connections remaining
(vm11:m0) Waiting for a thread to finish
(vm11:m0) thread 10 joined, 12 connections remaining
(vm11:m0) Waiting for a thread to finish
(vm11:m0) thread 11 joined, 11 connections remaining
(vm11:m0) Waiting for a thread to finish
(vm11:m0) thread 12 joined, 10 connections remaining
(vm11:m0) Waiting for a thread to finish
(vm11:m0) thread 13 joined, 9 connections remaining
(vm11:m0) Waiting for a thread to finish
(vm11:m0) thread 14 joined, 8 connections remaining
(vm11:m0) Waiting for a thread to finish
(vm11:m0) thread 15 joined, 7 connections remaining
(vm11:m0) Waiting for a thread to finish
(vm11:m0) thread 16 joined, 6 connections remaining
(vm11:m0) Waiting for a thread to finish
(vm11:m0) thread 17 joined, 5 connections remaining
(vm11:m0) Waiting for a thread to finish
(vm11:m0) thread 18 joined, 4 connections remaining
(vm11:m0) Waiting for a thread to finish
(vm11:m0) thread 19 joined, 3 connections remaining
(vm11:m0) Waiting for a thread to finish
(vm11:m0) thread 20 joined, 2 connections remaining
(vm11:m0) Waiting for a thread to finish
(vm11:m0) thread 21 joined, 1 connections remaining
(vm11:m0) Waiting for a thread to finish
(vm11:m0) thread 22 joined, 0 connections remaining
(vm11:m0) all done, exiting
*RES* start node vm11:m0
*RES* vm11:m0:0,1404118678186,56,17,20297578
*RES* vm11:m0:1,1404118679656,224,24,20297578
*RES* vm11:m0:2,1404118679656,236,22,20297578
*RES* vm11:m0:3,1404118679576,178,31,20297578
*RES* vm11:m0:4,1404118679631,253,23,20297578
*RES* vm11:m0:5,1404118678773,61,17,20297578
*RES* vm11:m0:6,1404118679005,66,14,20297578
*RES* vm11:m0:7,1404118679288,52,15,20297578
*RES* vm11:m0:8,1404118678791,78,17,20297578
*RES* vm11:m0:9,1404118679607,230,22,20297578
*RES* vm11:m0:10,1404118678576,24,6,20297578
*RES* vm11:m0:11,1404118679060,62,13,20297578
*RES* vm11:m0:12,1404118679572,149,36,20297578
*RES* vm11:m0:13,1404118679656,233,22,20297578
*RES* vm11:m0:14,1404118679658,234,23,20297578
*RES* vm11:m0:15,1404118678411,77,20,20297578
*RES* vm11:m0:16,1404118679649,220,21,20297578
*RES* vm11:m0:17,1404118679658,225,23,20297578
*RES* vm11:m0:18,1404118679215,52,17,20297578
*RES* vm11:m0:19,1404118679374,101,15,20297578
*RES* vm11:m0:20,1404118679649,239,22,20297578
*RES* vm11:m0:21,1404118678675,52,16,20297578
*RES* vm11:m0:22,1404118678453,73,15,20297578
*RES* end node vm11:m0
Node vm11:m0 joined
*RES* start node vm11:r0
*RES* vm11:r0:0,1404118677189,547,24,20297578
*RES* vm11:r0:0,1404118677741,318,34,20297578
*RES* vm11:r0:0,1404118678064,100,42,20297578
*RES* vm11:r0:0,1404118678168,97,30,20297578
*RES* vm11:r0:0,1404118678272,121,51,20297578
*RES* vm11:r0:0,1404118678400,167,27,20297578
*RES* vm11:r0:0,1404118678572,29,9,20297578
*RES* vm11:r0:0,1404118678608,57,20,20297578
*RES* vm11:r0:0,1404118678672,72,20,20297578
*RES* vm11:r0:0,1404118678748,65,20,20297578
*RES* vm11:r0:0,1404118678825,78,19,20297578
*RES* vm11:r0:0,1404118678908,54,19,20297578
*RES* vm11:r0:0,1404118678968,52,20,20297578
*RES* vm11:r0:0,1404118679025,87,18,20297578
*RES* vm11:r0:0,1404118679117,50,18,20297578
*RES* vm11:r0:0,1404118679172,48,19,20297578
*RES* vm11:r0:0,1404118679225,62,19,20297578
*RES* vm11:r0:0,1404118679292,67,19,20297578
*RES* vm11:r0:0,1404118679364,78,20,20297578
*RES* vm11:r0:1,1404118677189,640,30,20297578
*RES* vm11:r0:2,1404118677189,399,21,20297578
*RES* vm11:r0:3,1404118677188,511,24,20297578
*RES* vm11:r0:4,1404118677188,465,25,20297578
*RES* end node vm11:r0
Node vm11:r0 joined
Worker terminating correctly
