OSMeF worker starting
Enabling core dumping
Listening for command connection
(vm1:m0) New mapper on port 23330
(vm1:m0) -> reducer data size 1009652550
(vm1:m0) -> reducer data size 1009652550
(vm1:m0) -> reducer data size 1009652550
(vm1:m0) -> reducer data size 1009652550
(vm1:m0) -> reducer data size 1009652550
(vm1:m0) -> reducer data size 1009652550
(vm1:m0) -> reducer data size 1009652550
(vm1:m0) -> reducer data size 1009652550
(vm1:m0) -> reducer data size 1009652550
(vm1:m0) -> reducer data size 1009652550
(vm1:m0) -> reducer data size 1009652550
(vm1:m0) -> reducer data size 1009652550
(vm1:m0) -> reducer data size 1009652550
(vm1:m0) -> reducer data size 1009652550
(vm1:m0) -> reducer data size 1009652550
(vm1:m0) -> reducer data size 1009652550
(vm1:m0) -> reducer data size 1009652550
(vm1:m0) -> reducer data size 1009652550
(vm1:m0) -> reducer data size 1009652550
(vm1:m0) -> reducer data size 1009652550
(vm1:m0) -> reducer data size 1009652550
(vm1:m0) -> reducer data size 1009652550
(vm1:m0) -> reducer data size 1009652550
(vm1:m0) -> reducer data size 1009652550
(vm1:m0) -> reducer data size 1009652550
(vm1:m0) -> reducer data size 1009652550
(vm1:m0) -> reducer data size 1009652550
(vm1:m0) -> reducer data size 1009652550
(vm1:m0) -> reducer data size 1009652550
(vm1:m0) -> reducer data size 1009652550
(vm1:m0) -> reducer data size 1009652550
(vm1:m0) -> reducer data size 1009652550
(vm1:m0) -> reducer data size 1009652550
(vm1:m0) Mapper thread started
(vm1:m0) Allocating data for reducer vm1:r0
(vm1:m0) Allocating data for reducer vm2:r0
(vm1:m0) Allocating data for reducer vm3:r0
(vm1:m0) Allocating data for reducer vm4:r0
(vm1:m0) Allocating data for reducer vm5:r0
(vm1:m0) Allocating data for reducer vm6:r0
(vm1:m0) Allocating data for reducer vm7:r0
(vm1:m0) Allocating data for reducer vm8:r0
(vm1:m0) Allocating data for reducer vm9:r0
(vm1:m0) Allocating data for reducer vm10:r0
(vm1:m0) Allocating data for reducer vm11:r0
(vm1:m0) Allocating data for reducer vm12:r0
(vm1:m0) Allocating data for reducer vm13:r0
(vm1:m0) Allocating data for reducer vm14:r0
(vm1:m0) Allocating data for reducer vm15:r0
(vm1:m0) Allocating data for reducer vm16:r0
(vm1:m0) Allocating data for reducer vm17:r0
(vm1:m0) Allocating data for reducer vm18:r0
(vm1:m0) Allocating data for reducer vm19:r0
(vm1:m0) Allocating data for reducer vm20:r0
(vm1:m0) Allocating data for reducer vm21:r0
(vm1:m0) Allocating data for reducer vm22:r0
(vm1:m0) Allocating data for reducer vm23:r0
(vm1:m0) Allocating data for reducer vm24:r0
(vm1:m0) Allocating data for reducer vm25:r0
(vm1:m0) Allocating data for reducer vm26:r0
(vm1:m0) Allocating data for reducer vm27:r0
(vm1:m0) Allocating data for reducer vm28:r0
(vm1:m0) Allocating data for reducer vm29:r0
(vm1:m0) Allocating data for reducer vm30:r0
(vm1:m0) Allocating data for reducer vm31:r0
(vm1:m0) Allocating data for reducer vm32:r0
(vm1:m0) Allocating data for reducer vm33:r0
(vm1:m0) Binding to port 23330
(vm1:r0) New reducer
(vm1:r0) Reducer thread started
(vm1:r0) waiting for START message
(vm1:r0) got START message
(vm1:r0) Starting new connection thread
(vm1:r0) Starting new connection thread
(vm1:r0) Starting new connection thread
(vm1:r0) Starting new connection thread
(vm1:r0) Starting new connection thread
(vm1:r0) Maximum number of connections reached (5), waiting for a thread to finish
(vm1:r0:0) Connection established
(vm1:m0) Got connection from reducer vm1:r0
(vm1:m0:0) thread started, have to send 1009652550 bytes
(vm1:r0:2) Connection established
(vm1:r0:3) Connection established
(vm1:r0:4) Connection established
(vm1:r0:1) Connection established
(vm1:m0) Got connection from reducer vm3:r0
(vm1:m0) Got connection from reducer vm6:r0
(vm1:m0) Got connection from reducer vm7:r0
(vm1:m0) Got connection from reducer vm2:r0
(vm1:m0:1) thread started, have to send 1009652550 bytes
(vm1:m0:6) thread started, have to send 1009652550 bytes
(vm1:m0:5) thread started, have to send 1009652550 bytes
(vm1:m0:2) thread started, have to send 1009652550 bytes
(vm1:m0) Got connection from reducer vm9:r0
(vm1:m0) Got connection from reducer vm8:r0
(vm1:m0) Got connection from reducer vm11:r0
(vm1:m0) Got connection from reducer vm17:r0
(vm1:m0) Got connection from reducer vm15:r0
(vm1:m0) Got connection from reducer vm18:r0
(vm1:m0) Got connection from reducer vm14:r0
(vm1:m0) Got connection from reducer vm12:r0
(vm1:m0) Got connection from reducer vm30:r0
(vm1:m0) Got connection from reducer vm22:r0
(vm1:m0) Got connection from reducer vm21:r0
(vm1:m0) Got connection from reducer vm10:r0
(vm1:m0) Got connection from reducer vm24:r0
(vm1:m0) Got connection from reducer vm31:r0
(vm1:m0) Got connection from reducer vm29:r0
(vm1:m0) Got connection from reducer vm26:r0
(vm1:m0) Got connection from reducer vm28:r0
(vm1:m0) Got connection from reducer vm33:r0
(vm1:m0) Got connection from reducer vm23:r0
(vm1:m0) Got connection from reducer vm25:r0
(vm1:m0) Got connection from reducer vm16:r0
(vm1:m0) Got connection from reducer vm19:r0
(vm1:m0) Got connection from reducer vm27:r0
(vm1:m0) Got connection from reducer vm32:r0
(vm1:m0) Got connection from reducer vm4:r0
(vm1:m0) Got connection from reducer vm20:r0
(vm1:m0) Got connection from reducer vm13:r0
(vm1:m0) Got connection from reducer vm5:r0
(vm1:m0) Waiting for a thread to finish
(vm1:m0:10) thread started, have to send 1009652550 bytes
(vm1:m0:16) thread started, have to send 1009652550 bytes
(vm1:m0:14) thread started, have to send 1009652550 bytes
(vm1:m0:8) thread started, have to send 1009652550 bytes
(vm1:m0:7) thread started, have to send 1009652550 bytes
(vm1:m0:17) thread started, have to send 1009652550 bytes
(vm1:m0:30) thread started, have to send 1009652550 bytes
(vm1:m0:22) thread started, have to send 1009652550 bytes
(vm1:m0:18) thread started, have to send 1009652550 bytes
(vm1:m0:26) thread started, have to send 1009652550 bytes
(vm1:m0:21) thread started, have to send 1009652550 bytes
(vm1:m0:25) thread started, have to send 1009652550 bytes
(vm1:m0:13) thread started, have to send 1009652550 bytes
(vm1:m0:11) thread started, have to send 1009652550 bytes
(vm1:m0:9) thread started, have to send 1009652550 bytes
(vm1:m0:23) thread started, have to send 1009652550 bytes
(vm1:m0:28) thread started, have to send 1009652550 bytes
(vm1:m0:32) thread started, have to send 1009652550 bytes
(vm1:m0:15) thread started, have to send 1009652550 bytes
(vm1:m0:19) thread started, have to send 1009652550 bytes
(vm1:m0:20) thread started, have to send 1009652550 bytes
(vm1:m0:24) thread started, have to send 1009652550 bytes
(vm1:m0:31) thread started, have to send 1009652550 bytes
(vm1:m0:3) thread started, have to send 1009652550 bytes
(vm1:m0:12) thread started, have to send 1009652550 bytes
(vm1:m0:4) thread started, have to send 1009652550 bytes
(vm1:m0:27) thread started, have to send 1009652550 bytes
(vm1:m0:29) thread started, have to send 1009652550 bytes
(vm1:m0:0) all data sent, thread exiting
(vm1:m0) thread 0 joined, 32 connections remaining
(vm1:m0) Waiting for a thread to finish
(vm1:r0:0) Connection finished, received 1009652551 bytes
(vm1:r0) thread 0 joined, 32 connections remaining
(vm1:r0) Starting new connection thread
(vm1:r0) Maximum number of connections reached (5), waiting for a thread to finish
(vm1:r0:0) Connection established
(vm1:m0:11) all data sent, thread exiting
(vm1:m0:9) all data sent, thread exiting
(vm1:m0:16) all data sent, thread exiting
(vm1:m0:23) all data sent, thread exiting
(vm1:m0:31) all data sent, thread exiting
(vm1:m0:25) all data sent, thread exiting
(vm1:m0:10) all data sent, thread exiting
(vm1:m0:14) all data sent, thread exiting
(vm1:m0:26) all data sent, thread exiting
(vm1:m0:18) all data sent, thread exiting
(vm1:m0:20) all data sent, thread exiting
(vm1:m0:32) all data sent, thread exiting
(vm1:m0:27) all data sent, thread exiting
(vm1:m0:19) all data sent, thread exiting
(vm1:m0:24) all data sent, thread exiting
(vm1:m0:6) all data sent, thread exiting
(vm1:m0:8) all data sent, thread exiting
(vm1:m0:30) all data sent, thread exiting
(vm1:m0:22) all data sent, thread exiting
(vm1:m0:21) all data sent, thread exiting
(vm1:m0:12) all data sent, thread exiting
(vm1:m0:29) all data sent, thread exiting
(vm1:m0:17) all data sent, thread exiting
(vm1:m0:28) all data sent, thread exiting
(vm1:m0:15) all data sent, thread exiting
(vm1:m0:7) all data sent, thread exiting
(vm1:m0:13) all data sent, thread exiting
(vm1:m0:5) all data sent, thread exiting
(vm1:r0:1) Connection finished, received 1009652551 bytes
(vm1:m0:1) all data sent, thread exiting
(vm1:m0) thread 1 joined, 31 connections remaining
(vm1:m0) Waiting for a thread to finish
(vm1:m0:4) all data sent, thread exiting
(vm1:r0:4) Connection finished, received 1009652551 bytes
(vm1:m0:2) all data sent, thread exiting
(vm1:m0) thread 2 joined, 30 connections remaining
(vm1:m0) Waiting for a thread to finish
(vm1:r0:2) Connection finished, received 1009652551 bytes
(vm1:m0:3) all data sent, thread exiting
(vm1:m0) thread 3 joined, 29 connections remaining
(vm1:m0) Waiting for a thread to finish
(vm1:m0) thread 4 joined, 28 connections remaining
(vm1:m0) Waiting for a thread to finish
(vm1:m0) thread 5 joined, 27 connections remaining
(vm1:m0) Waiting for a thread to finish
(vm1:m0) thread 6 joined, 26 connections remaining
(vm1:m0) Waiting for a thread to finish
(vm1:m0) thread 7 joined, 25 connections remaining
(vm1:m0) Waiting for a thread to finish
(vm1:m0) thread 8 joined, 24 connections remaining
(vm1:m0) Waiting for a thread to finish
(vm1:m0) thread 9 joined, 23 connections remaining
(vm1:m0) Waiting for a thread to finish
(vm1:m0) thread 10 joined, 22 connections remaining
(vm1:m0) Waiting for a thread to finish
(vm1:m0) thread 11 joined, 21 connections remaining
(vm1:m0) Waiting for a thread to finish
(vm1:m0) thread 12 joined, 20 connections remaining
(vm1:m0) Waiting for a thread to finish
(vm1:m0) thread 13 joined, 19 connections remaining
(vm1:m0) Waiting for a thread to finish
(vm1:m0) thread 14 joined, 18 connections remaining
(vm1:m0) Waiting for a thread to finish
(vm1:m0) thread 15 joined, 17 connections remaining
(vm1:m0) Waiting for a thread to finish
(vm1:m0) thread 16 joined, 16 connections remaining
(vm1:m0) Waiting for a thread to finish
(vm1:m0) thread 17 joined, 15 connections remaining
(vm1:m0) Waiting for a thread to finish
(vm1:m0) thread 18 joined, 14 connections remaining
(vm1:m0) Waiting for a thread to finish
(vm1:m0) thread 19 joined, 13 connections remaining
(vm1:m0) Waiting for a thread to finish
(vm1:m0) thread 20 joined, 12 connections remaining
(vm1:m0) Waiting for a thread to finish
(vm1:m0) thread 21 joined, 11 connections remaining
(vm1:m0) Waiting for a thread to finish
(vm1:m0) thread 22 joined, 10 connections remaining
(vm1:m0) Waiting for a thread to finish
(vm1:m0) thread 23 joined, 9 connections remaining
(vm1:m0) Waiting for a thread to finish
(vm1:m0) thread 24 joined, 8 connections remaining
(vm1:m0) Waiting for a thread to finish
(vm1:m0) thread 25 joined, 7 connections remaining
(vm1:m0) Waiting for a thread to finish
(vm1:m0) thread 26 joined, 6 connections remaining
(vm1:m0) Waiting for a thread to finish
(vm1:m0) thread 27 joined, 5 connections remaining
(vm1:m0) Waiting for a thread to finish
(vm1:m0) thread 28 joined, 4 connections remaining
(vm1:m0) Waiting for a thread to finish
(vm1:m0) thread 29 joined, 3 connections remaining
(vm1:m0) Waiting for a thread to finish
(vm1:m0) thread 30 joined, 2 connections remaining
(vm1:m0) Waiting for a thread to finish
(vm1:m0) thread 31 joined, 1 connections remaining
(vm1:m0) Waiting for a thread to finish
(vm1:m0) thread 32 joined, 0 connections remaining
(vm1:m0) all done, exiting
*RES* start node vm1:m0
*RES* vm1:m0:0,1405497980958,20890,307,1009652551
*RES* vm1:m0:1,1405497980962,37835,918,1009652551
*RES* vm1:m0:2,1405497980964,38589,923,1009652551
*RES* vm1:m0:3,1405497980976,40139,915,1009652551
*RES* vm1:m0:4,1405497980976,38432,949,1009652551
*RES* vm1:m0:5,1405497980963,36982,940,1009652551
*RES* vm1:m0:6,1405497980963,36198,889,1009652551
*RES* vm1:m0:7,1405497980975,36573,910,1009652551
*RES* vm1:m0:8,1405497980975,36222,930,1009652551
*RES* vm1:m0:9,1405497980976,33797,909,1009652551
*RES* vm1:m0:10,1405497980975,35808,959,1009652551
*RES* vm1:m0:11,1405497980976,32916,895,1009652551
*RES* vm1:m0:12,1405497980976,36356,936,1009652551
*RES* vm1:m0:13,1405497980976,36727,941,1009652551
*RES* vm1:m0:14,1405497980975,35974,941,1009652551
*RES* vm1:m0:15,1405497980976,36528,940,1009652551
*RES* vm1:m0:16,1405497980975,34424,888,1009652551
*RES* vm1:m0:17,1405497980975,36461,960,1009652551
*RES* vm1:m0:18,1405497980975,35975,908,1009652551
*RES* vm1:m0:19,1405497980976,36099,964,1009652551
*RES* vm1:m0:20,1405497980976,35992,907,1009652551
*RES* vm1:m0:21,1405497980976,36213,948,1009652551
*RES* vm1:m0:22,1405497980975,36333,896,1009652551
*RES* vm1:m0:23,1405497980976,34469,919,1009652551
*RES* vm1:m0:24,1405497980976,36134,931,1009652551
*RES* vm1:m0:25,1405497980976,35746,909,1009652551
*RES* vm1:m0:26,1405497980976,35979,920,1009652551
*RES* vm1:m0:27,1405497980976,36090,889,1009652551
*RES* vm1:m0:28,1405497980976,36497,1008,1009652551
*RES* vm1:m0:29,1405497980976,36391,920,1009652551
*RES* vm1:m0:30,1405497980975,36330,891,1009652551
*RES* vm1:m0:31,1405497980976,35742,889,1009652551
*RES* vm1:m0:32,1405497980976,36066,957,1009652551
*RES* end node vm1:m0
Node vm1:m0 joined
(vm1:r0:3) Connection finished, received 1009652551 bytes
(vm1:r0:0) Connection finished, received 1009652551 bytes
(vm1:r0) thread 0 joined, 31 connections remaining
(vm1:r0) Starting new connection thread
(vm1:r0) Maximum number of connections reached (5), waiting for a thread to finish
(vm1:r0:0) Connection established
(vm1:r0:0) Connection finished, received 1009652551 bytes
(vm1:r0) thread 0 joined, 30 connections remaining
(vm1:r0) Starting new connection thread
(vm1:r0) Maximum number of connections reached (5), waiting for a thread to finish
(vm1:r0:0) Connection established
(vm1:r0:0) Connection finished, received 1009652551 bytes
(vm1:r0) thread 0 joined, 29 connections remaining
(vm1:r0) Starting new connection thread
(vm1:r0) Maximum number of connections reached (5), waiting for a thread to finish
(vm1:r0:0) Connection established
(vm1:r0:0) Connection finished, received 1009652551 bytes
(vm1:r0) thread 0 joined, 28 connections remaining
(vm1:r0) Starting new connection thread
(vm1:r0) Maximum number of connections reached (5), waiting for a thread to finish
(vm1:r0:0) Connection established
(vm1:r0:0) Connection finished, received 1009652551 bytes
(vm1:r0) thread 0 joined, 27 connections remaining
(vm1:r0) Starting new connection thread
(vm1:r0) Maximum number of connections reached (5), waiting for a thread to finish
(vm1:r0:0) Connection established
(vm1:r0:0) Connection finished, received 1009652551 bytes
(vm1:r0) thread 0 joined, 26 connections remaining
(vm1:r0) Starting new connection thread
(vm1:r0) Maximum number of connections reached (5), waiting for a thread to finish
(vm1:r0:0) Connection established
(vm1:r0:0) Connection finished, received 1009652551 bytes
(vm1:r0) thread 0 joined, 25 connections remaining
(vm1:r0) Starting new connection thread
(vm1:r0) Maximum number of connections reached (5), waiting for a thread to finish
(vm1:r0:0) Connection established
(vm1:r0:0) Connection finished, received 1009652551 bytes
(vm1:r0) thread 0 joined, 24 connections remaining
(vm1:r0) Starting new connection thread
(vm1:r0) Maximum number of connections reached (5), waiting for a thread to finish
(vm1:r0:0) Connection established
(vm1:r0:0) Connection finished, received 1009652551 bytes
(vm1:r0) thread 0 joined, 23 connections remaining
(vm1:r0) Starting new connection thread
(vm1:r0) Maximum number of connections reached (5), waiting for a thread to finish
(vm1:r0:0) Connection established
(vm1:r0:0) Connection finished, received 1009652551 bytes
(vm1:r0) thread 0 joined, 22 connections remaining
(vm1:r0) Starting new connection thread
(vm1:r0) Maximum number of connections reached (5), waiting for a thread to finish
(vm1:r0:0) Connection established
(vm1:r0:0) Connection finished, received 1009652551 bytes
(vm1:r0) thread 0 joined, 21 connections remaining
(vm1:r0) Starting new connection thread
(vm1:r0) Maximum number of connections reached (5), waiting for a thread to finish
(vm1:r0:0) Connection established
(vm1:r0:0) Connection finished, received 1009652551 bytes
(vm1:r0) thread 0 joined, 20 connections remaining
(vm1:r0) Starting new connection thread
(vm1:r0) Maximum number of connections reached (5), waiting for a thread to finish
(vm1:r0:0) Connection established
(vm1:r0:0) Connection finished, received 1009652551 bytes
(vm1:r0) thread 0 joined, 19 connections remaining
(vm1:r0) Starting new connection thread
(vm1:r0) Maximum number of connections reached (5), waiting for a thread to finish
(vm1:r0:0) Connection established
(vm1:r0:0) Connection finished, received 1009652551 bytes
(vm1:r0) thread 0 joined, 18 connections remaining
(vm1:r0) Starting new connection thread
(vm1:r0) Maximum number of connections reached (5), waiting for a thread to finish
(vm1:r0:0) Connection established
(vm1:r0:0) Connection finished, received 1009652551 bytes
(vm1:r0) thread 0 joined, 17 connections remaining
(vm1:r0) Starting new connection thread
(vm1:r0) Maximum number of connections reached (5), waiting for a thread to finish
(vm1:r0:0) Connection established
(vm1:r0:0) Connection finished, received 1009652551 bytes
(vm1:r0) thread 0 joined, 16 connections remaining
(vm1:r0) Starting new connection thread
(vm1:r0) Maximum number of connections reached (5), waiting for a thread to finish
(vm1:r0:0) Connection established
(vm1:r0:0) Connection finished, received 1009652551 bytes
(vm1:r0) thread 0 joined, 15 connections remaining
(vm1:r0) Starting new connection thread
(vm1:r0) Maximum number of connections reached (5), waiting for a thread to finish
(vm1:r0:0) Connection established
(vm1:r0:0) Connection finished, received 1009652551 bytes
(vm1:r0) thread 0 joined, 14 connections remaining
(vm1:r0) Starting new connection thread
(vm1:r0) Maximum number of connections reached (5), waiting for a thread to finish
(vm1:r0:0) Connection established
(vm1:r0:0) Connection finished, received 1009652551 bytes
(vm1:r0) thread 0 joined, 13 connections remaining
(vm1:r0) Starting new connection thread
(vm1:r0) Maximum number of connections reached (5), waiting for a thread to finish
(vm1:r0:0) Connection established
(vm1:r0:0) Connection finished, received 1009652551 bytes
(vm1:r0) thread 0 joined, 12 connections remaining
(vm1:r0) Starting new connection thread
(vm1:r0) Maximum number of connections reached (5), waiting for a thread to finish
(vm1:r0:0) Connection established
(vm1:r0:0) Connection finished, received 1009652551 bytes
(vm1:r0) thread 0 joined, 11 connections remaining
(vm1:r0) Starting new connection thread
(vm1:r0) Maximum number of connections reached (5), waiting for a thread to finish
(vm1:r0:0) Connection established
(vm1:r0:0) Connection finished, received 1009652551 bytes
(vm1:r0) thread 0 joined, 10 connections remaining
(vm1:r0) Starting new connection thread
(vm1:r0) Maximum number of connections reached (5), waiting for a thread to finish
(vm1:r0:0) Connection established
(vm1:r0:0) Connection finished, received 1009652551 bytes
(vm1:r0) thread 0 joined, 9 connections remaining
(vm1:r0) Starting new connection thread
(vm1:r0) Maximum number of connections reached (5), waiting for a thread to finish
(vm1:r0:0) Connection established
(vm1:r0:0) Connection finished, received 1009652551 bytes
(vm1:r0) thread 0 joined, 8 connections remaining
(vm1:r0) Starting new connection thread
(vm1:r0) Maximum number of connections reached (5), waiting for a thread to finish
(vm1:r0:0) Connection established
(vm1:r0:0) Connection finished, received 1009652551 bytes
(vm1:r0) thread 0 joined, 7 connections remaining
(vm1:r0) Starting new connection thread
(vm1:r0) Maximum number of connections reached (5), waiting for a thread to finish
(vm1:r0:0) Connection established
(vm1:r0:0) Connection finished, received 1009652551 bytes
(vm1:r0) thread 0 joined, 6 connections remaining
(vm1:r0) Starting new connection thread
(vm1:r0) Maximum number of connections reached (5), waiting for a thread to finish
(vm1:r0:0) Connection established
(vm1:r0:0) Connection finished, received 1009652551 bytes
(vm1:r0) thread 0 joined, 5 connections remaining
(vm1:r0) Starting new connection thread
(vm1:r0) Maximum number of connections reached (5), waiting for a thread to finish
(vm1:r0:0) Connection established
(vm1:r0:0) Connection finished, received 1009652551 bytes
(vm1:r0) thread 0 joined, 4 connections remaining
(vm1:r0) Maximum number of connections reached (4), waiting for a thread to finish
(vm1:r0) thread 1 joined, 3 connections remaining
(vm1:r0) Maximum number of connections reached (3), waiting for a thread to finish
(vm1:r0) thread 2 joined, 2 connections remaining
(vm1:r0) Maximum number of connections reached (2), waiting for a thread to finish
(vm1:r0) thread 3 joined, 1 connections remaining
(vm1:r0) Maximum number of connections reached (1), waiting for a thread to finish
(vm1:r0) thread 4 joined, 0 connections remaining
(vm1:r0) all done, exiting
*RES* start node vm1:r0
*RES* vm1:r0:0,1405497980958,20895,591,1009652551
*RES* vm1:r0:0,1405498001864,48641,973,1009652551
*RES* vm1:r0:0,1405498050510,4910,2021,1009652551
*RES* vm1:r0:0,1405498055426,4421,1680,1009652551
*RES* vm1:r0:0,1405498059854,5201,1960,1009652551
*RES* vm1:r0:0,1405498065062,8039,1878,1009652551
*RES* vm1:r0:0,1405498073106,5034,2084,1009652551
*RES* vm1:r0:0,1405498078150,6497,1900,1009652551
*RES* vm1:r0:0,1405498084654,5115,1950,1009652551
*RES* vm1:r0:0,1405498089778,5326,1970,1009652551
*RES* vm1:r0:0,1405498095114,4991,1828,1009652551
*RES* vm1:r0:0,1405498100110,5589,2005,1009652551
*RES* vm1:r0:0,1405498105706,6796,2067,1009652551
*RES* vm1:r0:0,1405498112506,5816,2006,1009652551
*RES* vm1:r0:0,1405498118326,8057,1733,1009652551
*RES* vm1:r0:0,1405498126390,5568,1978,1009652551
*RES* vm1:r0:0,1405498131966,6588,1912,1009652551
*RES* vm1:r0:0,1405498138558,6964,1756,1009652551
*RES* vm1:r0:0,1405498145526,9279,1800,1009652551
*RES* vm1:r0:0,1405498154814,9105,1926,1009652551
*RES* vm1:r0:0,1405498163926,9224,1711,1009652551
*RES* vm1:r0:0,1405498173154,8231,2032,1009652551
*RES* vm1:r0:0,1405498181394,8448,2003,1009652551
*RES* vm1:r0:0,1405498189850,6450,1931,1009652551
*RES* vm1:r0:0,1405498196306,6875,1812,1009652551
*RES* vm1:r0:0,1405498203186,6060,2208,1009652551
*RES* vm1:r0:0,1405498209254,8294,2313,1009652551
*RES* vm1:r0:0,1405498217554,8879,2053,1009652551
*RES* vm1:r0:0,1405498226438,6560,2252,1009652551
*RES* vm1:r0:1,1405497980958,37479,910,1009652551
*RES* vm1:r0:2,1405497980957,38605,982,1009652551
*RES* vm1:r0:3,1405497980957,40305,1030,1009652551
*RES* vm1:r0:4,1405497980957,38521,1010,1009652551
*RES* end node vm1:r0
Node vm1:r0 joined
Worker terminating correctly
