OSMeF worker starting
Enabling core dumping
Listening for command connection
(vm17:m0) New mapper on port 23330
(vm17:m0) -> reducer data size 1009652550
(vm17:m0) -> reducer data size 1009652550
(vm17:m0) -> reducer data size 1009652550
(vm17:m0) -> reducer data size 1009652550
(vm17:m0) -> reducer data size 1009652550
(vm17:m0) -> reducer data size 1009652550
(vm17:m0) -> reducer data size 1009652550
(vm17:m0) -> reducer data size 1009652550
(vm17:m0) -> reducer data size 1009652550
(vm17:m0) -> reducer data size 1009652550
(vm17:m0) -> reducer data size 1009652550
(vm17:m0) -> reducer data size 1009652550
(vm17:m0) -> reducer data size 1009652550
(vm17:m0) -> reducer data size 1009652550
(vm17:m0) -> reducer data size 1009652550
(vm17:m0) -> reducer data size 1009652550
(vm17:m0) -> reducer data size 1009652550
(vm17:m0) -> reducer data size 1009652550
(vm17:m0) -> reducer data size 1009652550
(vm17:m0) -> reducer data size 1009652550
(vm17:m0) -> reducer data size 1009652550
(vm17:m0) -> reducer data size 1009652550
(vm17:m0) -> reducer data size 1009652550
(vm17:m0) -> reducer data size 1009652550
(vm17:m0) -> reducer data size 1009652550
(vm17:m0) -> reducer data size 1009652550
(vm17:m0) -> reducer data size 1009652550
(vm17:m0) -> reducer data size 1009652550
(vm17:m0) -> reducer data size 1009652550
(vm17:m0) -> reducer data size 1009652550
(vm17:m0) -> reducer data size 1009652550
(vm17:m0) -> reducer data size 1009652550
(vm17:m0) -> reducer data size 1009652550
(vm17:m0) Mapper thread started
(vm17:m0) Allocating data for reducer vm1:r0
(vm17:m0) Allocating data for reducer vm2:r0
(vm17:m0) Allocating data for reducer vm3:r0
(vm17:m0) Allocating data for reducer vm4:r0
(vm17:m0) Allocating data for reducer vm5:r0
(vm17:m0) Allocating data for reducer vm6:r0
(vm17:m0) Allocating data for reducer vm7:r0
(vm17:m0) Allocating data for reducer vm8:r0
(vm17:m0) Allocating data for reducer vm9:r0
(vm17:m0) Allocating data for reducer vm10:r0
(vm17:m0) Allocating data for reducer vm11:r0
(vm17:m0) Allocating data for reducer vm12:r0
(vm17:m0) Allocating data for reducer vm13:r0
(vm17:m0) Allocating data for reducer vm14:r0
(vm17:m0) Allocating data for reducer vm15:r0
(vm17:m0) Allocating data for reducer vm16:r0
(vm17:m0) Allocating data for reducer vm17:r0
(vm17:m0) Allocating data for reducer vm18:r0
(vm17:m0) Allocating data for reducer vm19:r0
(vm17:m0) Allocating data for reducer vm20:r0
(vm17:m0) Allocating data for reducer vm21:r0
(vm17:m0) Allocating data for reducer vm22:r0
(vm17:m0) Allocating data for reducer vm23:r0
(vm17:m0) Allocating data for reducer vm24:r0
(vm17:m0) Allocating data for reducer vm25:r0
(vm17:m0) Allocating data for reducer vm26:r0
(vm17:m0) Allocating data for reducer vm27:r0
(vm17:m0) Allocating data for reducer vm28:r0
(vm17:m0) Allocating data for reducer vm29:r0
(vm17:m0) Allocating data for reducer vm30:r0
(vm17:m0) Allocating data for reducer vm31:r0
(vm17:m0) Allocating data for reducer vm32:r0
(vm17:m0) Allocating data for reducer vm33:r0
(vm17:m0) Binding to port 23330
(vm17:r0) New reducer
(vm17:r0) Reducer thread started
(vm17:r0) waiting for START message
(vm17:r0) got START message
(vm17:r0) Starting new connection thread
(vm17:r0) Starting new connection thread
(vm17:r0) Starting new connection thread
(vm17:r0) Starting new connection thread
(vm17:r0) Starting new connection thread
(vm17:r0) Maximum number of connections reached (5), waiting for a thread to finish
(vm17:r0:4) Connection established
(vm17:r0:1) Connection established
(vm17:r0:2) Connection established
(vm17:r0:3) Connection established
(vm17:r0:0) Connection established
(vm17:r0:4) Connection finished, received 1009652551 bytes
(vm17:r0:1) Connection finished, received 1009652551 bytes
(vm17:r0:2) Connection finished, received 1009652551 bytes
(vm17:r0:0) Connection finished, received 1009652551 bytes
(vm17:r0) thread 0 joined, 32 connections remaining
(vm17:r0) Starting new connection thread
(vm17:r0) Maximum number of connections reached (5), waiting for a thread to finish
(vm17:r0:0) Connection established
(vm17:r0:3) Connection finished, received 1009652551 bytes
(vm17:r0:0) Connection finished, received 1009652551 bytes
(vm17:r0) thread 0 joined, 31 connections remaining
(vm17:r0) Starting new connection thread
(vm17:r0) Maximum number of connections reached (5), waiting for a thread to finish
(vm17:r0:0) Connection established
(vm17:r0:0) Connection finished, received 1009652551 bytes
(vm17:r0) thread 0 joined, 30 connections remaining
(vm17:r0) Starting new connection thread
(vm17:r0) Maximum number of connections reached (5), waiting for a thread to finish
(vm17:r0:0) Connection established
(vm17:r0:0) Connection finished, received 1009652551 bytes
(vm17:r0) thread 0 joined, 29 connections remaining
(vm17:r0) Starting new connection thread
(vm17:r0) Maximum number of connections reached (5), waiting for a thread to finish
(vm17:r0:0) Connection established
(vm17:r0:0) Connection finished, received 1009652551 bytes
(vm17:r0) thread 0 joined, 28 connections remaining
(vm17:r0) Starting new connection thread
(vm17:r0) Maximum number of connections reached (5), waiting for a thread to finish
(vm17:r0:0) Connection established
(vm17:r0:0) Connection finished, received 1009652551 bytes
(vm17:r0) thread 0 joined, 27 connections remaining
(vm17:r0) Starting new connection thread
(vm17:r0) Maximum number of connections reached (5), waiting for a thread to finish
(vm17:r0:0) Connection established
(vm17:m0) Got connection from reducer vm12:r0
(vm17:m0:11) thread started, have to send 1009652550 bytes
(vm17:r0:0) Connection finished, received 1009652551 bytes
(vm17:r0) thread 0 joined, 26 connections remaining
(vm17:r0) Starting new connection thread
(vm17:r0) Maximum number of connections reached (5), waiting for a thread to finish
(vm17:r0:0) Connection established
(vm17:m0:11) all data sent, thread exiting
(vm17:m0) Got connection from reducer vm10:r0
(vm17:m0:9) thread started, have to send 1009652550 bytes
(vm17:r0:0) Connection finished, received 1009652551 bytes
(vm17:r0) thread 0 joined, 25 connections remaining
(vm17:r0) Starting new connection thread
(vm17:r0) Maximum number of connections reached (5), waiting for a thread to finish
(vm17:r0:0) Connection established
(vm17:r0:0) Connection finished, received 1009652551 bytes
(vm17:r0) thread 0 joined, 24 connections remaining
(vm17:r0) Starting new connection thread
(vm17:r0) Maximum number of connections reached (5), waiting for a thread to finish
(vm17:r0:0) Connection established
(vm17:m0:9) all data sent, thread exiting
(vm17:m0) Got connection from reducer vm1:r0
(vm17:m0:0) thread started, have to send 1009652550 bytes
(vm17:r0:0) Connection finished, received 1009652551 bytes
(vm17:r0) thread 0 joined, 23 connections remaining
(vm17:r0) Starting new connection thread
(vm17:r0) Maximum number of connections reached (5), waiting for a thread to finish
(vm17:r0:0) Connection established
(vm17:m0:0) all data sent, thread exiting
(vm17:m0) Got connection from reducer vm24:r0
(vm17:m0:23) thread started, have to send 1009652550 bytes
(vm17:r0:0) Connection finished, received 1009652551 bytes
(vm17:r0) thread 0 joined, 22 connections remaining
(vm17:r0) Starting new connection thread
(vm17:r0) Maximum number of connections reached (5), waiting for a thread to finish
(vm17:r0:0) Connection established
(vm17:m0:23) all data sent, thread exiting
(vm17:r0:0) Connection finished, received 1009652551 bytes
(vm17:r0) thread 0 joined, 21 connections remaining
(vm17:r0) Starting new connection thread
(vm17:r0) Maximum number of connections reached (5), waiting for a thread to finish
(vm17:r0:0) Connection established
(vm17:m0) Got connection from reducer vm17:r0
(vm17:m0:16) thread started, have to send 1009652550 bytes
(vm17:m0:16) all data sent, thread exiting
(vm17:r0:0) Connection finished, received 1009652551 bytes
(vm17:r0) thread 0 joined, 20 connections remaining
(vm17:r0) Starting new connection thread
(vm17:r0) Maximum number of connections reached (5), waiting for a thread to finish
(vm17:r0:0) Connection established
(vm17:r0:0) Connection finished, received 1009652551 bytes
(vm17:r0) thread 0 joined, 19 connections remaining
(vm17:r0) Starting new connection thread
(vm17:r0) Maximum number of connections reached (5), waiting for a thread to finish
(vm17:r0:0) Connection established
(vm17:r0:0) Connection finished, received 1009652551 bytes
(vm17:r0) thread 0 joined, 18 connections remaining
(vm17:r0) Starting new connection thread
(vm17:r0) Maximum number of connections reached (5), waiting for a thread to finish
(vm17:r0:0) Connection established
(vm17:m0) Got connection from reducer vm11:r0
(vm17:m0:10) thread started, have to send 1009652550 bytes
(vm17:r0:0) Connection finished, received 1009652551 bytes
(vm17:r0) thread 0 joined, 17 connections remaining
(vm17:r0) Starting new connection thread
(vm17:r0) Maximum number of connections reached (5), waiting for a thread to finish
(vm17:r0:0) Connection established
(vm17:m0:10) all data sent, thread exiting
(vm17:r0:0) Connection finished, received 1009652551 bytes
(vm17:r0) thread 0 joined, 16 connections remaining
(vm17:r0) Starting new connection thread
(vm17:r0) Maximum number of connections reached (5), waiting for a thread to finish
(vm17:r0:0) Connection established
(vm17:m0) Got connection from reducer vm19:r0
(vm17:m0:18) thread started, have to send 1009652550 bytes
(vm17:r0:0) Connection finished, received 1009652551 bytes
(vm17:r0) thread 0 joined, 15 connections remaining
(vm17:r0) Starting new connection thread
(vm17:r0) Maximum number of connections reached (5), waiting for a thread to finish
(vm17:r0:0) Connection established
(vm17:m0) Got connection from reducer vm27:r0
(vm17:m0:26) thread started, have to send 1009652550 bytes
(vm17:m0:18) all data sent, thread exiting
(vm17:m0) Got connection from reducer vm26:r0
(vm17:m0:25) thread started, have to send 1009652550 bytes
(vm17:r0:0) Connection finished, received 1009652551 bytes
(vm17:r0) thread 0 joined, 14 connections remaining
(vm17:r0) Starting new connection thread
(vm17:r0) Maximum number of connections reached (5), waiting for a thread to finish
(vm17:r0:0) Connection established
(vm17:m0:26) all data sent, thread exiting
(vm17:m0) Got connection from reducer vm6:r0
(vm17:m0:5) thread started, have to send 1009652550 bytes
(vm17:m0) Got connection from reducer vm32:r0
(vm17:m0:31) thread started, have to send 1009652550 bytes
(vm17:r0:0) Connection finished, received 1009652551 bytes
(vm17:r0) thread 0 joined, 13 connections remaining
(vm17:r0) Starting new connection thread
(vm17:r0) Maximum number of connections reached (5), waiting for a thread to finish
(vm17:r0:0) Connection established
(vm17:m0:25) all data sent, thread exiting
(vm17:m0:5) all data sent, thread exiting
(vm17:m0) Got connection from reducer vm7:r0
(vm17:m0:6) thread started, have to send 1009652550 bytes
(vm17:m0) Got connection from reducer vm30:r0
(vm17:m0:29) thread started, have to send 1009652550 bytes
(vm17:m0:31) all data sent, thread exiting
(vm17:r0:0) Connection finished, received 1009652551 bytes
(vm17:r0) thread 0 joined, 12 connections remaining
(vm17:r0) Starting new connection thread
(vm17:r0) Maximum number of connections reached (5), waiting for a thread to finish
(vm17:r0:0) Connection established
(vm17:m0) Got connection from reducer vm29:r0
(vm17:m0:28) thread started, have to send 1009652550 bytes
(vm17:m0:6) all data sent, thread exiting
(vm17:r0:0) Connection finished, received 1009652551 bytes
(vm17:r0) thread 0 joined, 11 connections remaining
(vm17:r0) Starting new connection thread
(vm17:r0) Maximum number of connections reached (5), waiting for a thread to finish
(vm17:r0:0) Connection established
(vm17:m0) Got connection from reducer vm18:r0
(vm17:m0:17) thread started, have to send 1009652550 bytes
(vm17:m0:29) all data sent, thread exiting
(vm17:m0:28) all data sent, thread exiting
(vm17:r0:0) Connection finished, received 1009652551 bytes
(vm17:r0) thread 0 joined, 10 connections remaining
(vm17:r0) Starting new connection thread
(vm17:r0) Maximum number of connections reached (5), waiting for a thread to finish
(vm17:r0:0) Connection established
(vm17:m0:17) all data sent, thread exiting
(vm17:m0) Got connection from reducer vm31:r0
(vm17:m0:30) thread started, have to send 1009652550 bytes
(vm17:r0:0) Connection finished, received 1009652551 bytes
(vm17:r0) thread 0 joined, 9 connections remaining
(vm17:r0) Starting new connection thread
(vm17:r0) Maximum number of connections reached (5), waiting for a thread to finish
(vm17:r0:0) Connection established
(vm17:m0) Got connection from reducer vm25:r0
(vm17:m0:24) thread started, have to send 1009652550 bytes
(vm17:m0:30) all data sent, thread exiting
(vm17:m0) Got connection from reducer vm8:r0
(vm17:m0:7) thread started, have to send 1009652550 bytes
(vm17:r0:0) Connection finished, received 1009652551 bytes
(vm17:r0) thread 0 joined, 8 connections remaining
(vm17:r0) Starting new connection thread
(vm17:r0) Maximum number of connections reached (5), waiting for a thread to finish
(vm17:r0:0) Connection established
(vm17:m0) Got connection from reducer vm15:r0
(vm17:m0:14) thread started, have to send 1009652550 bytes
(vm17:m0:24) all data sent, thread exiting
(vm17:m0:7) all data sent, thread exiting
(vm17:r0:0) Connection finished, received 1009652551 bytes
(vm17:r0) thread 0 joined, 7 connections remaining
(vm17:r0) Starting new connection thread
(vm17:r0) Maximum number of connections reached (5), waiting for a thread to finish
(vm17:r0:0) Connection established
(vm17:m0:14) all data sent, thread exiting
(vm17:m0) Got connection from reducer vm33:r0
(vm17:m0:32) thread started, have to send 1009652550 bytes
(vm17:m0) Got connection from reducer vm9:r0
(vm17:m0:8) thread started, have to send 1009652550 bytes
(vm17:r0:0) Connection finished, received 1009652551 bytes
(vm17:r0) thread 0 joined, 6 connections remaining
(vm17:r0) Starting new connection thread
(vm17:r0) Maximum number of connections reached (5), waiting for a thread to finish
(vm17:r0:0) Connection established
(vm17:m0:32) all data sent, thread exiting
(vm17:m0) Got connection from reducer vm3:r0
(vm17:m0:2) thread started, have to send 1009652550 bytes
(vm17:m0:8) all data sent, thread exiting
(vm17:r0:0) Connection finished, received 1009652551 bytes
(vm17:r0) thread 0 joined, 5 connections remaining
(vm17:r0) Starting new connection thread
(vm17:r0) Maximum number of connections reached (5), waiting for a thread to finish
(vm17:r0:0) Connection established
(vm17:m0:2) all data sent, thread exiting
(vm17:m0) Got connection from reducer vm16:r0
(vm17:m0:15) thread started, have to send 1009652550 bytes
(vm17:r0:0) Connection finished, received 1009652551 bytes
(vm17:r0) thread 0 joined, 4 connections remaining
(vm17:r0) Maximum number of connections reached (4), waiting for a thread to finish
(vm17:r0) thread 1 joined, 3 connections remaining
(vm17:r0) Maximum number of connections reached (3), waiting for a thread to finish
(vm17:r0) thread 2 joined, 2 connections remaining
(vm17:r0) Maximum number of connections reached (2), waiting for a thread to finish
(vm17:r0) thread 3 joined, 1 connections remaining
(vm17:r0) Maximum number of connections reached (1), waiting for a thread to finish
(vm17:r0) thread 4 joined, 0 connections remaining
(vm17:r0) all done, exiting
(vm17:m0) Got connection from reducer vm2:r0
(vm17:m0:1) thread started, have to send 1009652550 bytes
(vm17:m0:15) all data sent, thread exiting
(vm17:m0) Got connection from reducer vm22:r0
(vm17:m0:21) thread started, have to send 1009652550 bytes
(vm17:m0:1) all data sent, thread exiting
(vm17:m0:21) all data sent, thread exiting
(vm17:m0) Got connection from reducer vm28:r0
(vm17:m0:27) thread started, have to send 1009652550 bytes
(vm17:m0:27) all data sent, thread exiting
(vm17:m0) Got connection from reducer vm13:r0
(vm17:m0:12) thread started, have to send 1009652550 bytes
(vm17:m0) Got connection from reducer vm4:r0
(vm17:m0:3) thread started, have to send 1009652550 bytes
(vm17:m0) Got connection from reducer vm14:r0
(vm17:m0:13) thread started, have to send 1009652550 bytes
(vm17:m0) Got connection from reducer vm5:r0
(vm17:m0:4) thread started, have to send 1009652550 bytes
(vm17:m0) Got connection from reducer vm21:r0
(vm17:m0:20) thread started, have to send 1009652550 bytes
(vm17:m0:12) all data sent, thread exiting
(vm17:m0) Got connection from reducer vm20:r0
(vm17:m0:19) thread started, have to send 1009652550 bytes
(vm17:m0:3) all data sent, thread exiting
(vm17:m0:13) all data sent, thread exiting
(vm17:m0:4) all data sent, thread exiting
(vm17:m0:20) all data sent, thread exiting
(vm17:m0) Got connection from reducer vm23:r0
(vm17:m0) Waiting for a thread to finish
(vm17:m0) thread 0 joined, 32 connections remaining
(vm17:m0) Waiting for a thread to finish
(vm17:m0) thread 1 joined, 31 connections remaining
(vm17:m0) Waiting for a thread to finish
(vm17:m0) thread 2 joined, 30 connections remaining
(vm17:m0) Waiting for a thread to finish
(vm17:m0) thread 3 joined, 29 connections remaining
(vm17:m0) Waiting for a thread to finish
(vm17:m0) thread 4 joined, 28 connections remaining
(vm17:m0) Waiting for a thread to finish
(vm17:m0) thread 5 joined, 27 connections remaining
(vm17:m0) Waiting for a thread to finish
(vm17:m0) thread 6 joined, 26 connections remaining
(vm17:m0) Waiting for a thread to finish
(vm17:m0) thread 7 joined, 25 connections remaining
(vm17:m0) Waiting for a thread to finish
(vm17:m0) thread 8 joined, 24 connections remaining
(vm17:m0) Waiting for a thread to finish
(vm17:m0) thread 9 joined, 23 connections remaining
(vm17:m0) Waiting for a thread to finish
(vm17:m0) thread 10 joined, 22 connections remaining
(vm17:m0) Waiting for a thread to finish
(vm17:m0) thread 11 joined, 21 connections remaining
(vm17:m0) Waiting for a thread to finish
(vm17:m0) thread 12 joined, 20 connections remaining
(vm17:m0) Waiting for a thread to finish
(vm17:m0) thread 13 joined, 19 connections remaining
(vm17:m0) Waiting for a thread to finish
(vm17:m0) thread 14 joined, 18 connections remaining
(vm17:m0) Waiting for a thread to finish
(vm17:m0) thread 15 joined, 17 connections remaining
(vm17:m0) Waiting for a thread to finish
(vm17:m0) thread 16 joined, 16 connections remaining
(vm17:m0) Waiting for a thread to finish
(vm17:m0) thread 17 joined, 15 connections remaining
(vm17:m0) Waiting for a thread to finish
(vm17:m0) thread 18 joined, 14 connections remaining
(vm17:m0) Waiting for a thread to finish
(vm17:m0:22) thread started, have to send 1009652550 bytes
(vm17:m0:19) all data sent, thread exiting
(vm17:m0) thread 19 joined, 13 connections remaining
(vm17:m0) Waiting for a thread to finish
(vm17:m0) thread 20 joined, 12 connections remaining
(vm17:m0) Waiting for a thread to finish
(vm17:m0) thread 21 joined, 11 connections remaining
(vm17:m0) Waiting for a thread to finish
(vm17:m0:22) all data sent, thread exiting
(vm17:m0) thread 22 joined, 10 connections remaining
(vm17:m0) Waiting for a thread to finish
(vm17:m0) thread 23 joined, 9 connections remaining
(vm17:m0) Waiting for a thread to finish
(vm17:m0) thread 24 joined, 8 connections remaining
(vm17:m0) Waiting for a thread to finish
(vm17:m0) thread 25 joined, 7 connections remaining
(vm17:m0) Waiting for a thread to finish
(vm17:m0) thread 26 joined, 6 connections remaining
(vm17:m0) Waiting for a thread to finish
(vm17:m0) thread 27 joined, 5 connections remaining
(vm17:m0) Waiting for a thread to finish
(vm17:m0) thread 28 joined, 4 connections remaining
(vm17:m0) Waiting for a thread to finish
(vm17:m0) thread 29 joined, 3 connections remaining
(vm17:m0) Waiting for a thread to finish
(vm17:m0) thread 30 joined, 2 connections remaining
(vm17:m0) Waiting for a thread to finish
(vm17:m0) thread 31 joined, 1 connections remaining
(vm17:m0) Waiting for a thread to finish
(vm17:m0) thread 32 joined, 0 connections remaining
(vm17:m0) all done, exiting
*RES* start node vm17:m0
*RES* vm17:m0:0,1405498105714,6789,2021,1009652551
*RES* vm17:m0:1,1405498240965,4621,1252,1009652551
*RES* vm17:m0:2,1405498230229,6053,1522,1009652551
*RES* vm17:m0:3,1405498266270,5495,1094,1009652551
*RES* vm17:m0:4,1405498266673,5927,1118,1009652551
*RES* vm17:m0:5,1405498164545,11259,2402,1009652551
*RES* vm17:m0:6,1405498179088,10121,2064,1009652551
*RES* vm17:m0:7,1405498210423,9314,1871,1009652551
*RES* vm17:m0:8,1405498227503,7302,1739,1009652551
*RES* vm17:m0:9,1405498096337,8463,1256,1009652551
*RES* vm17:m0:10,1405498138511,7455,1391,1009652551
*RES* vm17:m0:11,1405498084490,7027,1284,1009652551
*RES* vm17:m0:12,1405498265402,4492,1096,1009652551
*RES* vm17:m0:13,1405498266497,5963,1154,1009652551
*RES* vm17:m0:14,1405498213314,9196,1282,1009652551
*RES* vm17:m0:15,1405498236605,5535,1342,1009652551
*RES* vm17:m0:16,1405498121653,1493,223,1009652551
*RES* vm17:m0:17,1405498189668,10128,1096,1009652551
*RES* vm17:m0:18,1405498153289,8070,1847,1009652551
*RES* vm17:m0:19,1405498271376,4879,1100,1009652551
*RES* vm17:m0:20,1405498268001,6110,1218,1009652551
*RES* vm17:m0:21,1405498245113,6361,891,1009652551
*RES* vm17:m0:22,1405498274213,5269,1167,1009652551
*RES* vm17:m0:23,1405498112584,7128,2279,1009652551
*RES* vm17:m0:24,1405498205849,8714,2059,1009652551
*RES* vm17:m0:25,1405498163132,8999,1784,1009652551
*RES* vm17:m0:26,1405498155325,8361,1912,1009652551
*RES* vm17:m0:27,1405498253194,7824,844,1009652551
*RES* vm17:m0:28,1405498185401,9228,1887,1009652551
*RES* vm17:m0:29,1405498179925,10408,2042,1009652551
*RES* vm17:m0:30,1405498199845,7324,1760,1009652551
*RES* vm17:m0:31,1405498170895,9757,2408,1009652551
*RES* vm17:m0:32,1405498223705,6466,1537,1009652551
*RES* end node vm17:m0
Node vm17:m0 joined
*RES* start node vm17:r0
*RES* vm17:r0:0,1405497980962,34578,1005,1009652551
*RES* vm17:r0:0,1405498015545,43361,991,1009652551
*RES* vm17:r0:0,1405498058913,6780,1837,1009652551
*RES* vm17:r0:0,1405498065697,3816,1751,1009652551
*RES* vm17:r0:0,1405498069521,4256,1902,1009652551
*RES* vm17:r0:0,1405498073781,8213,1448,1009652551
*RES* vm17:r0:0,1405498082001,7292,1647,1009652551
*RES* vm17:r0:0,1405498089297,8250,2070,1009652551
*RES* vm17:r0:0,1405498097553,6089,2252,1009652551
*RES* vm17:r0:0,1405498103649,6253,1776,1009652551
*RES* vm17:r0:0,1405498109913,6452,1988,1009652551
*RES* vm17:r0:0,1405498116373,5272,1969,1009652551
*RES* vm17:r0:0,1405498121653,1496,632,1009652551
*RES* vm17:r0:0,1405498123153,7213,1828,1009652551
*RES* vm17:r0:0,1405498130370,7074,2104,1009652551
*RES* vm17:r0:0,1405498137453,5943,1939,1009652551
*RES* vm17:r0:0,1405498143405,5634,2272,1009652551
*RES* vm17:r0:0,1405498149049,6163,2132,1009652551
*RES* vm17:r0:0,1405498155219,7942,1813,1009652551
*RES* vm17:r0:0,1405498163165,8866,1928,1009652551
*RES* vm17:r0:0,1405498172058,8956,1989,1009652551
*RES* vm17:r0:0,1405498181029,8465,1660,1009652551
*RES* vm17:r0:0,1405498189505,8711,1755,1009652551
*RES* vm17:r0:0,1405498198221,5768,2101,1009652551
*RES* vm17:r0:0,1405498203997,7257,1948,1009652551
*RES* vm17:r0:0,1405498211277,8962,1740,1009652551
*RES* vm17:r0:0,1405498220249,7581,2110,1009652551
*RES* vm17:r0:0,1405498227842,7382,1556,1009652551
*RES* vm17:r0:0,1405498235237,5672,1619,1009652551
*RES* vm17:r0:1,1405497980962,30374,1010,1009652551
*RES* vm17:r0:2,1405497980962,33553,973,1009652551
*RES* vm17:r0:3,1405497980962,37745,981,1009652551
*RES* vm17:r0:4,1405497980962,26579,1016,1009652551
*RES* end node vm17:r0
Node vm17:r0 joined
Worker terminating correctly
