OSMeF worker starting
Enabling core dumping
Listening for command connection
(vm12:m0) New mapper on port 23330
(vm12:m0) -> reducer data size 722887329
(vm12:m0) -> reducer data size 722887329
(vm12:m0) -> reducer data size 722887329
(vm12:m0) -> reducer data size 722887329
(vm12:m0) -> reducer data size 722887329
(vm12:m0) -> reducer data size 722887329
(vm12:m0) -> reducer data size 722887329
(vm12:m0) -> reducer data size 722887329
(vm12:m0) -> reducer data size 722887329
(vm12:m0) -> reducer data size 722887329
(vm12:m0) -> reducer data size 722887329
(vm12:m0) -> reducer data size 722887329
(vm12:m0) -> reducer data size 722887329
(vm12:m0) -> reducer data size 722887329
(vm12:m0) -> reducer data size 722887329
(vm12:m0) -> reducer data size 722887329
(vm12:m0) -> reducer data size 722887329
(vm12:m0) -> reducer data size 722887329
(vm12:m0) -> reducer data size 722887329
(vm12:m0) -> reducer data size 722887329
(vm12:m0) -> reducer data size 722887329
(vm12:m0) -> reducer data size 722887329
(vm12:m0) -> reducer data size 722887329
(vm12:m0) -> reducer data size 722887329
(vm12:m0) -> reducer data size 722887329
(vm12:m0) -> reducer data size 722887329
(vm12:m0) -> reducer data size 722887329
(vm12:m0) -> reducer data size 722887329
(vm12:m0) -> reducer data size 722887329
(vm12:m0) -> reducer data size 722887329
(vm12:m0) -> reducer data size 722887329
(vm12:m0) -> reducer data size 722887329
(vm12:m0) -> reducer data size 722887329
(vm12:m0) -> reducer data size 722887329
(vm12:m0) -> reducer data size 722887329
(vm12:m0) -> reducer data size 722887329
(vm12:m0) -> reducer data size 722887329
(vm12:m0) -> reducer data size 722887329
(vm12:m0) -> reducer data size 722887329
(vm12:m0) Mapper thread started
(vm12:m0) Allocating data for reducer vm1:r0
(vm12:m0) Allocating data for reducer vm2:r0
(vm12:m0) Allocating data for reducer vm3:r0
(vm12:m0) Allocating data for reducer vm4:r0
(vm12:m0) Allocating data for reducer vm5:r0
(vm12:m0) Allocating data for reducer vm6:r0
(vm12:m0) Allocating data for reducer vm7:r0
(vm12:m0) Allocating data for reducer vm8:r0
(vm12:m0) Allocating data for reducer vm9:r0
(vm12:m0) Allocating data for reducer vm10:r0
(vm12:m0) Allocating data for reducer vm11:r0
(vm12:m0) Allocating data for reducer vm12:r0
(vm12:m0) Allocating data for reducer vm13:r0
(vm12:m0) Allocating data for reducer vm14:r0
(vm12:m0) Allocating data for reducer vm15:r0
(vm12:m0) Allocating data for reducer vm16:r0
(vm12:m0) Allocating data for reducer vm17:r0
(vm12:m0) Allocating data for reducer vm18:r0
(vm12:m0) Allocating data for reducer vm19:r0
(vm12:m0) Allocating data for reducer vm20:r0
(vm12:m0) Allocating data for reducer vm21:r0
(vm12:m0) Allocating data for reducer vm22:r0
(vm12:m0) Allocating data for reducer vm23:r0
(vm12:m0) Allocating data for reducer vm24:r0
(vm12:m0) Allocating data for reducer vm25:r0
(vm12:m0) Allocating data for reducer vm26:r0
(vm12:m0) Allocating data for reducer vm27:r0
(vm12:m0) Allocating data for reducer vm28:r0
(vm12:m0) Allocating data for reducer vm29:r0
(vm12:m0) Allocating data for reducer vm30:r0
(vm12:m0) Allocating data for reducer vm31:r0
(vm12:m0) Allocating data for reducer vm32:r0
(vm12:m0) Allocating data for reducer vm33:r0
(vm12:m0) Allocating data for reducer vm34:r0
(vm12:m0) Allocating data for reducer vm35:r0
(vm12:m0) Allocating data for reducer vm36:r0
(vm12:m0) Allocating data for reducer vm37:r0
(vm12:m0) Allocating data for reducer vm38:r0
(vm12:m0) Allocating data for reducer vm39:r0
(vm12:m0) Binding to port 23330
(vm12:r0) New reducer
(vm12:r0) Reducer thread started
(vm12:r0) waiting for START message
(vm12:r0) got START message
(vm12:r0) Starting new connection thread
(vm12:r0) Starting new connection thread
(vm12:r0) Starting new connection thread
(vm12:r0) Starting new connection thread
(vm12:r0) Starting new connection thread
(vm12:r0) Maximum number of connections reached (5), waiting for a thread to finish
(vm12:r0:3) Connection established
(vm12:r0:1) Connection established
(vm12:r0:0) Connection established
(vm12:r0:4) Connection established
(vm12:r0:2) Connection established
(vm12:r0:3) Connection finished, received 722887330 bytes
(vm12:r0:1) Connection finished, received 722887330 bytes
(vm12:r0:0) Connection finished, received 722887330 bytes
(vm12:r0) thread 0 joined, 38 connections remaining
(vm12:r0) Starting new connection thread
(vm12:r0) Maximum number of connections reached (5), waiting for a thread to finish
(vm12:r0:0) Connection established
(vm12:r0:4) Connection finished, received 722887330 bytes
(vm12:r0:2) Connection finished, received 722887330 bytes
(vm12:m0) Got connection from reducer vm20:r0
(vm12:m0:19) thread started, have to send 722887329 bytes
(vm12:r0:0) Connection finished, received 722887330 bytes
(vm12:r0) thread 0 joined, 37 connections remaining
(vm12:r0) Starting new connection thread
(vm12:r0) Maximum number of connections reached (5), waiting for a thread to finish
(vm12:r0:0) Connection established
(vm12:m0:19) all data sent, thread exiting
(vm12:m0) Got connection from reducer vm25:r0
(vm12:m0:24) thread started, have to send 722887329 bytes
(vm12:m0:24) all data sent, thread exiting
(vm12:m0) Got connection from reducer vm1:r0
(vm12:m0:0) thread started, have to send 722887329 bytes
(vm12:m0:0) all data sent, thread exiting
(vm12:m0) Got connection from reducer vm26:r0
(vm12:m0:25) thread started, have to send 722887329 bytes
(vm12:m0) Got connection from reducer vm11:r0
(vm12:m0:10) thread started, have to send 722887329 bytes
(vm12:m0:10) all data sent, thread exiting
(vm12:m0) Got connection from reducer vm35:r0
(vm12:m0:34) thread started, have to send 722887329 bytes
(vm12:m0:25) all data sent, thread exiting
(vm12:m0:34) all data sent, thread exiting
(vm12:m0) Got connection from reducer vm38:r0
(vm12:m0:37) thread started, have to send 722887329 bytes
(vm12:m0) Got connection from reducer vm19:r0
(vm12:m0:18) thread started, have to send 722887329 bytes
(vm12:m0) Got connection from reducer vm9:r0
(vm12:m0:8) thread started, have to send 722887329 bytes
(vm12:m0:37) all data sent, thread exiting
(vm12:m0:18) all data sent, thread exiting
(vm12:m0:8) all data sent, thread exiting
(vm12:r0:0) Connection finished, received 722887330 bytes
(vm12:r0) thread 0 joined, 36 connections remaining
(vm12:r0) Starting new connection thread
(vm12:r0) Maximum number of connections reached (5), waiting for a thread to finish
(vm12:r0:0) Connection established
(vm12:m0) Got connection from reducer vm31:r0
(vm12:m0:30) thread started, have to send 722887329 bytes
(vm12:m0) Got connection from reducer vm6:r0
(vm12:m0:5) thread started, have to send 722887329 bytes
(vm12:m0:30) all data sent, thread exiting
(vm12:m0:5) all data sent, thread exiting
(vm12:m0) Got connection from reducer vm17:r0
(vm12:m0:16) thread started, have to send 722887329 bytes
(vm12:m0) Got connection from reducer vm28:r0
(vm12:m0:27) thread started, have to send 722887329 bytes
(vm12:m0) Got connection from reducer vm37:r0
(vm12:m0:36) thread started, have to send 722887329 bytes
(vm12:m0:16) all data sent, thread exiting
(vm12:m0) Got connection from reducer vm30:r0
(vm12:m0:29) thread started, have to send 722887329 bytes
(vm12:m0:36) all data sent, thread exiting
(vm12:m0:27) all data sent, thread exiting
(vm12:m0:29) all data sent, thread exiting
(vm12:r0:0) Connection finished, received 722887330 bytes
(vm12:r0) thread 0 joined, 35 connections remaining
(vm12:r0) Starting new connection thread
(vm12:r0) Maximum number of connections reached (5), waiting for a thread to finish
(vm12:r0:0) Connection established
(vm12:m0) Got connection from reducer vm7:r0
(vm12:m0:6) thread started, have to send 722887329 bytes
(vm12:m0) Got connection from reducer vm29:r0
(vm12:m0:28) thread started, have to send 722887329 bytes
(vm12:m0) Got connection from reducer vm18:r0
(vm12:m0:17) thread started, have to send 722887329 bytes
(vm12:m0:6) all data sent, thread exiting
(vm12:m0) Got connection from reducer vm23:r0
(vm12:m0:22) thread started, have to send 722887329 bytes
(vm12:m0:28) all data sent, thread exiting
(vm12:m0:17) all data sent, thread exiting
(vm12:m0:22) all data sent, thread exiting
(vm12:m0) Got connection from reducer vm36:r0
(vm12:m0:35) thread started, have to send 722887329 bytes
(vm12:m0) Got connection from reducer vm32:r0
(vm12:m0:31) thread started, have to send 722887329 bytes
(vm12:m0) Got connection from reducer vm10:r0
(vm12:m0:9) thread started, have to send 722887329 bytes
(vm12:m0) Got connection from reducer vm13:r0
(vm12:m0:12) thread started, have to send 722887329 bytes
(vm12:m0:35) all data sent, thread exiting
(vm12:m0:31) all data sent, thread exiting
(vm12:m0:9) all data sent, thread exiting
(vm12:r0:0) Connection finished, received 722887330 bytes
(vm12:r0) thread 0 joined, 34 connections remaining
(vm12:r0) Starting new connection thread
(vm12:r0) Maximum number of connections reached (5), waiting for a thread to finish
(vm12:r0:0) Connection established
(vm12:m0) Got connection from reducer vm8:r0
(vm12:m0:7) thread started, have to send 722887329 bytes
(vm12:m0:12) all data sent, thread exiting
(vm12:m0) Got connection from reducer vm16:r0
(vm12:m0:15) thread started, have to send 722887329 bytes
(vm12:m0:7) all data sent, thread exiting
(vm12:m0) Got connection from reducer vm39:r0
(vm12:m0:38) thread started, have to send 722887329 bytes
(vm12:m0) Got connection from reducer vm34:r0
(vm12:m0:33) thread started, have to send 722887329 bytes
(vm12:m0:15) all data sent, thread exiting
(vm12:m0:33) all data sent, thread exiting
(vm12:m0:38) all data sent, thread exiting
(vm12:m0) Got connection from reducer vm3:r0
(vm12:m0:2) thread started, have to send 722887329 bytes
(vm12:r0:0) Connection finished, received 722887330 bytes
(vm12:r0) thread 0 joined, 33 connections remaining
(vm12:r0) Starting new connection thread
(vm12:r0) Maximum number of connections reached (5), waiting for a thread to finish
(vm12:r0:0) Connection established
(vm12:m0:2) all data sent, thread exiting
(vm12:m0) Got connection from reducer vm27:r0
(vm12:m0:26) thread started, have to send 722887329 bytes
(vm12:m0) Got connection from reducer vm15:r0
(vm12:m0:14) thread started, have to send 722887329 bytes
(vm12:m0) Got connection from reducer vm33:r0
(vm12:m0:32) thread started, have to send 722887329 bytes
(vm12:m0) Got connection from reducer vm21:r0
(vm12:m0:20) thread started, have to send 722887329 bytes
(vm12:m0) Got connection from reducer vm2:r0
(vm12:m0:1) thread started, have to send 722887329 bytes
(vm12:m0) Got connection from reducer vm5:r0
(vm12:m0:4) thread started, have to send 722887329 bytes
(vm12:m0:26) all data sent, thread exiting
(vm12:m0) Got connection from reducer vm4:r0
(vm12:m0:3) thread started, have to send 722887329 bytes
(vm12:m0) Got connection from reducer vm24:r0
(vm12:m0:32) all data sent, thread exiting
(vm12:m0:23) thread started, have to send 722887329 bytes
(vm12:m0) Got connection from reducer vm14:r0
(vm12:m0:13) thread started, have to send 722887329 bytes
(vm12:r0:0) Connection finished, received 722887330 bytes
(vm12:r0) thread 0 joined, 32 connections remaining
(vm12:r0) Starting new connection thread
(vm12:r0) Maximum number of connections reached (5), waiting for a thread to finish
(vm12:r0:0) Connection established
(vm12:m0) Got connection from reducer vm12:r0
(vm12:m0:11) thread started, have to send 722887329 bytes
(vm12:m0) Got connection from reducer vm22:r0
(vm12:m0) Waiting for a thread to finish
(vm12:m0) thread 0 joined, 38 connections remaining
(vm12:m0) Waiting for a thread to finish
(vm12:m0:21) thread started, have to send 722887329 bytes
(vm12:m0:1) all data sent, thread exiting
(vm12:m0) thread 1 joined, 37 connections remaining
(vm12:m0) Waiting for a thread to finish
(vm12:m0) thread 2 joined, 36 connections remaining
(vm12:m0) Waiting for a thread to finish
(vm12:m0:11) all data sent, thread exiting
(vm12:r0:0) Connection finished, received 722887330 bytes
(vm12:r0) thread 0 joined, 31 connections remaining
(vm12:r0) Starting new connection thread
(vm12:r0) Maximum number of connections reached (5), waiting for a thread to finish
(vm12:r0:0) Connection established
(vm12:m0:20) all data sent, thread exiting
(vm12:m0:14) all data sent, thread exiting
(vm12:m0:23) all data sent, thread exiting
(vm12:m0:13) all data sent, thread exiting
(vm12:m0:4) all data sent, thread exiting
(vm12:m0:3) all data sent, thread exiting
(vm12:m0) thread 3 joined, 35 connections remaining
(vm12:m0) Waiting for a thread to finish
(vm12:m0) thread 4 joined, 34 connections remaining
(vm12:m0) Waiting for a thread to finish
(vm12:m0) thread 5 joined, 33 connections remaining
(vm12:m0) Waiting for a thread to finish
(vm12:m0) thread 6 joined, 32 connections remaining
(vm12:m0) Waiting for a thread to finish
(vm12:m0) thread 7 joined, 31 connections remaining
(vm12:m0) Waiting for a thread to finish
(vm12:m0) thread 8 joined, 30 connections remaining
(vm12:m0) Waiting for a thread to finish
(vm12:m0) thread 9 joined, 29 connections remaining
(vm12:m0) Waiting for a thread to finish
(vm12:m0) thread 10 joined, 28 connections remaining
(vm12:m0) Waiting for a thread to finish
(vm12:m0) thread 11 joined, 27 connections remaining
(vm12:m0) Waiting for a thread to finish
(vm12:m0) thread 12 joined, 26 connections remaining
(vm12:m0) Waiting for a thread to finish
(vm12:m0) thread 13 joined, 25 connections remaining
(vm12:m0) Waiting for a thread to finish
(vm12:m0) thread 14 joined, 24 connections remaining
(vm12:m0) Waiting for a thread to finish
(vm12:m0) thread 15 joined, 23 connections remaining
(vm12:m0) Waiting for a thread to finish
(vm12:m0) thread 16 joined, 22 connections remaining
(vm12:m0) Waiting for a thread to finish
(vm12:m0) thread 17 joined, 21 connections remaining
(vm12:m0) Waiting for a thread to finish
(vm12:m0) thread 18 joined, 20 connections remaining
(vm12:m0) Waiting for a thread to finish
(vm12:m0) thread 19 joined, 19 connections remaining
(vm12:m0) Waiting for a thread to finish
(vm12:m0) thread 20 joined, 18 connections remaining
(vm12:m0) Waiting for a thread to finish
(vm12:m0:21) all data sent, thread exiting
(vm12:m0) thread 21 joined, 17 connections remaining
(vm12:m0) Waiting for a thread to finish
(vm12:m0) thread 22 joined, 16 connections remaining
(vm12:m0) Waiting for a thread to finish
(vm12:m0) thread 23 joined, 15 connections remaining
(vm12:m0) Waiting for a thread to finish
(vm12:m0) thread 24 joined, 14 connections remaining
(vm12:m0) Waiting for a thread to finish
(vm12:m0) thread 25 joined, 13 connections remaining
(vm12:m0) Waiting for a thread to finish
(vm12:m0) thread 26 joined, 12 connections remaining
(vm12:m0) Waiting for a thread to finish
(vm12:m0) thread 27 joined, 11 connections remaining
(vm12:m0) Waiting for a thread to finish
(vm12:m0) thread 28 joined, 10 connections remaining
(vm12:m0) Waiting for a thread to finish
(vm12:m0) thread 29 joined, 9 connections remaining
(vm12:m0) Waiting for a thread to finish
(vm12:m0) thread 30 joined, 8 connections remaining
(vm12:m0) Waiting for a thread to finish
(vm12:m0) thread 31 joined, 7 connections remaining
(vm12:m0) Waiting for a thread to finish
(vm12:m0) thread 32 joined, 6 connections remaining
(vm12:m0) Waiting for a thread to finish
(vm12:m0) thread 33 joined, 5 connections remaining
(vm12:m0) Waiting for a thread to finish
(vm12:m0) thread 34 joined, 4 connections remaining
(vm12:m0) Waiting for a thread to finish
(vm12:m0) thread 35 joined, 3 connections remaining
(vm12:m0) Waiting for a thread to finish
(vm12:m0) thread 36 joined, 2 connections remaining
(vm12:m0) Waiting for a thread to finish
(vm12:m0) thread 37 joined, 1 connections remaining
(vm12:m0) Waiting for a thread to finish
(vm12:m0) thread 38 joined, 0 connections remaining
(vm12:m0) all done, exiting
*RES* start node vm12:m0
*RES* vm12:m0:0,1405723927766,3652,1164,722887330
*RES* vm12:m0:1,1405724047282,10208,957,722887330
*RES* vm12:m0:2,1405724033846,4732,1150,722887330
*RES* vm12:m0:3,1405724049772,16084,1156,722887330
*RES* vm12:m0:4,1405724048451,16921,1256,722887330
*RES* vm12:m0:5,1405723966585,5654,1157,722887330
*RES* vm12:m0:6,1405723988118,5376,1314,722887330
*RES* vm12:m0:7,1405724014648,3708,1128,722887330
*RES* vm12:m0:8,1405723948358,9556,903,722887330
*RES* vm12:m0:9,1405724003289,10448,785,722887330
*RES* vm12:m0:10,1405723933723,5373,1010,722887330
*RES* vm12:m0:11,1405724052819,5668,297,722887330
*RES* vm12:m0:12,1405724007326,7327,1009,722887330
*RES* vm12:m0:13,1405724051526,12147,1019,722887330
*RES* vm12:m0:14,1405724040900,21606,1083,722887330
*RES* vm12:m0:15,1405724017922,5497,1060,722887330
*RES* vm12:m0:16,1405723972334,7359,934,722887330
*RES* vm12:m0:17,1405723992886,6124,1332,722887330
*RES* vm12:m0:18,1405723946914,5822,1056,722887330
*RES* vm12:m0:19,1405723916078,4263,1150,722887330
*RES* vm12:m0:20,1405724046276,13991,965,722887330
*RES* vm12:m0:21,1405724054397,13557,1119,722887330
*RES* vm12:m0:22,1405723995214,5823,1241,722887330
*RES* vm12:m0:23,1405724049986,12767,1025,722887330
*RES* vm12:m0:24,1405723922380,4804,1067,722887330
*RES* vm12:m0:25,1405723933182,6639,1139,722887330
*RES* vm12:m0:26,1405724040366,8312,1064,722887330
*RES* vm12:m0:27,1405723973450,8599,1337,722887330
*RES* vm12:m0:28,1405723990180,6465,1123,722887330
*RES* vm12:m0:29,1405723981315,4777,1398,722887330
*RES* vm12:m0:30,1405723965930,4942,1266,722887330
*RES* vm12:m0:31,1405724001218,6432,1334,722887330
*RES* vm12:m0:32,1405724041960,8023,1192,722887330
*RES* vm12:m0:33,1405724023002,5910,1443,722887330
*RES* vm12:m0:34,1405723939530,3466,1163,722887330
*RES* vm12:m0:35,1405724001058,6395,1493,722887330
*RES* vm12:m0:36,1405723974140,7352,1294,722887330
*RES* vm12:m0:37,1405723946565,5272,1163,722887330
*RES* vm12:m0:38,1405724022107,6906,1650,722887330
*RES* end node vm12:m0
Node vm12:m0 joined
(vm12:r0:0) Connection finished, received 722887330 bytes
(vm12:r0) thread 0 joined, 30 connections remaining
(vm12:r0) Starting new connection thread
(vm12:r0) Maximum number of connections reached (5), waiting for a thread to finish
(vm12:r0:0) Connection established
(vm12:r0:0) Connection finished, received 722887330 bytes
(vm12:r0) thread 0 joined, 29 connections remaining
(vm12:r0) Starting new connection thread
(vm12:r0) Maximum number of connections reached (5), waiting for a thread to finish
(vm12:r0:0) Connection established
(vm12:r0:0) Connection finished, received 722887330 bytes
(vm12:r0) thread 0 joined, 28 connections remaining
(vm12:r0) Starting new connection thread
(vm12:r0) Maximum number of connections reached (5), waiting for a thread to finish
(vm12:r0:0) Connection established
(vm12:r0:0) Connection finished, received 722887330 bytes
(vm12:r0) thread 0 joined, 27 connections remaining
(vm12:r0) Starting new connection thread
(vm12:r0) Maximum number of connections reached (5), waiting for a thread to finish
(vm12:r0:0) Connection established
(vm12:r0:0) Connection finished, received 722887330 bytes
(vm12:r0) thread 0 joined, 26 connections remaining
(vm12:r0) Starting new connection thread
(vm12:r0) Maximum number of connections reached (5), waiting for a thread to finish
(vm12:r0:0) Connection established
(vm12:r0:0) Connection finished, received 722887330 bytes
(vm12:r0) thread 0 joined, 25 connections remaining
(vm12:r0) Starting new connection thread
(vm12:r0) Maximum number of connections reached (5), waiting for a thread to finish
(vm12:r0:0) Connection established
(vm12:r0:0) Connection finished, received 722887330 bytes
(vm12:r0) thread 0 joined, 24 connections remaining
(vm12:r0) Starting new connection thread
(vm12:r0) Maximum number of connections reached (5), waiting for a thread to finish
(vm12:r0:0) Connection established
(vm12:r0:0) Connection finished, received 722887330 bytes
(vm12:r0) thread 0 joined, 23 connections remaining
(vm12:r0) Starting new connection thread
(vm12:r0) Maximum number of connections reached (5), waiting for a thread to finish
(vm12:r0:0) Connection established
(vm12:r0:0) Connection finished, received 722887330 bytes
(vm12:r0) thread 0 joined, 22 connections remaining
(vm12:r0) Starting new connection thread
(vm12:r0) Maximum number of connections reached (5), waiting for a thread to finish
(vm12:r0:0) Connection established
(vm12:r0:0) Connection finished, received 722887330 bytes
(vm12:r0) thread 0 joined, 21 connections remaining
(vm12:r0) Starting new connection thread
(vm12:r0) Maximum number of connections reached (5), waiting for a thread to finish
(vm12:r0:0) Connection established
(vm12:r0:0) Connection finished, received 722887330 bytes
(vm12:r0) thread 0 joined, 20 connections remaining
(vm12:r0) Starting new connection thread
(vm12:r0) Maximum number of connections reached (5), waiting for a thread to finish
(vm12:r0:0) Connection established
(vm12:r0:0) Connection finished, received 722887330 bytes
(vm12:r0) thread 0 joined, 19 connections remaining
(vm12:r0) Starting new connection thread
(vm12:r0) Maximum number of connections reached (5), waiting for a thread to finish
(vm12:r0:0) Connection established
(vm12:r0:0) Connection finished, received 722887330 bytes
(vm12:r0) thread 0 joined, 18 connections remaining
(vm12:r0) Starting new connection thread
(vm12:r0) Maximum number of connections reached (5), waiting for a thread to finish
(vm12:r0:0) Connection established
(vm12:r0:0) Connection finished, received 722887330 bytes
(vm12:r0) thread 0 joined, 17 connections remaining
(vm12:r0) Starting new connection thread
(vm12:r0) Maximum number of connections reached (5), waiting for a thread to finish
(vm12:r0:0) Connection established
(vm12:r0:0) Connection finished, received 722887330 bytes
(vm12:r0) thread 0 joined, 16 connections remaining
(vm12:r0) Starting new connection thread
(vm12:r0) Maximum number of connections reached (5), waiting for a thread to finish
(vm12:r0:0) Connection established
(vm12:r0:0) Connection finished, received 722887330 bytes
(vm12:r0) thread 0 joined, 15 connections remaining
(vm12:r0) Starting new connection thread
(vm12:r0) Maximum number of connections reached (5), waiting for a thread to finish
(vm12:r0:0) Connection established
(vm12:r0:0) Connection finished, received 722887330 bytes
(vm12:r0) thread 0 joined, 14 connections remaining
(vm12:r0) Starting new connection thread
(vm12:r0) Maximum number of connections reached (5), waiting for a thread to finish
(vm12:r0:0) Connection established
(vm12:r0:0) Connection finished, received 722887330 bytes
(vm12:r0) thread 0 joined, 13 connections remaining
(vm12:r0) Starting new connection thread
(vm12:r0) Maximum number of connections reached (5), waiting for a thread to finish
(vm12:r0:0) Connection established
(vm12:r0:0) Connection finished, received 722887330 bytes
(vm12:r0) thread 0 joined, 12 connections remaining
(vm12:r0) Starting new connection thread
(vm12:r0) Maximum number of connections reached (5), waiting for a thread to finish
(vm12:r0:0) Connection established
(vm12:r0:0) Connection finished, received 722887330 bytes
(vm12:r0) thread 0 joined, 11 connections remaining
(vm12:r0) Starting new connection thread
(vm12:r0) Maximum number of connections reached (5), waiting for a thread to finish
(vm12:r0:0) Connection established
(vm12:r0:0) Connection finished, received 722887330 bytes
(vm12:r0) thread 0 joined, 10 connections remaining
(vm12:r0) Starting new connection thread
(vm12:r0) Maximum number of connections reached (5), waiting for a thread to finish
(vm12:r0:0) Connection established
(vm12:r0:0) Connection finished, received 722887330 bytes
(vm12:r0) thread 0 joined, 9 connections remaining
(vm12:r0) Starting new connection thread
(vm12:r0) Maximum number of connections reached (5), waiting for a thread to finish
(vm12:r0:0) Connection established
(vm12:r0:0) Connection finished, received 722887330 bytes
(vm12:r0) thread 0 joined, 8 connections remaining
(vm12:r0) Starting new connection thread
(vm12:r0) Maximum number of connections reached (5), waiting for a thread to finish
(vm12:r0:0) Connection established
(vm12:r0:0) Connection finished, received 722887330 bytes
(vm12:r0) thread 0 joined, 7 connections remaining
(vm12:r0) Starting new connection thread
(vm12:r0) Maximum number of connections reached (5), waiting for a thread to finish
(vm12:r0:0) Connection established
(vm12:r0:0) Connection finished, received 722887330 bytes
(vm12:r0) thread 0 joined, 6 connections remaining
(vm12:r0) Starting new connection thread
(vm12:r0) Maximum number of connections reached (5), waiting for a thread to finish
(vm12:r0:0) Connection established
(vm12:r0:0) Connection finished, received 722887330 bytes
(vm12:r0) thread 0 joined, 5 connections remaining
(vm12:r0) Starting new connection thread
(vm12:r0) Maximum number of connections reached (5), waiting for a thread to finish
(vm12:r0:0) Connection established
(vm12:r0:0) Connection finished, received 722887330 bytes
(vm12:r0) thread 0 joined, 4 connections remaining
(vm12:r0) Maximum number of connections reached (4), waiting for a thread to finish
(vm12:r0) thread 1 joined, 3 connections remaining
(vm12:r0) Maximum number of connections reached (3), waiting for a thread to finish
(vm12:r0) thread 2 joined, 2 connections remaining
(vm12:r0) Maximum number of connections reached (2), waiting for a thread to finish
(vm12:r0) thread 3 joined, 1 connections remaining
(vm12:r0) Maximum number of connections reached (1), waiting for a thread to finish
(vm12:r0) thread 4 joined, 0 connections remaining
(vm12:r0) all done, exiting
*RES* start node vm12:r0
*RES* vm12:r0:0,1405723844871,25586,743,722887330
*RES* vm12:r0:0,1405723870462,48855,836,722887330
*RES* vm12:r0:0,1405723919322,38985,921,722887330
*RES* vm12:r0:0,1405723958314,28405,693,722887330
*RES* vm12:r0:0,1405723986726,27679,997,722887330
*RES* vm12:r0:0,1405724014414,22062,1180,722887330
*RES* vm12:r0:0,1405724036482,16309,764,722887330
*RES* vm12:r0:0,1405724052819,5724,881,722887330
*RES* vm12:r0:0,1405724058578,12131,793,722887330
*RES* vm12:r0:0,1405724070714,7020,1175,722887330
*RES* vm12:r0:0,1405724077738,6675,1210,722887330
*RES* vm12:r0:0,1405724084422,6305,1249,722887330
*RES* vm12:r0:0,1405724090734,6633,1206,722887330
*RES* vm12:r0:0,1405724097374,6366,1357,722887330
*RES* vm12:r0:0,1405724103746,4932,1478,722887330
*RES* vm12:r0:0,1405724108686,7249,3485,722887330
*RES* vm12:r0:0,1405724115976,5831,1549,722887330
*RES* vm12:r0:0,1405724121828,5943,1535,722887330
*RES* vm12:r0:0,1405724127774,5453,1229,722887330
*RES* vm12:r0:0,1405724133234,6309,1553,722887330
*RES* vm12:r0:0,1405724139550,3704,1643,722887330
*RES* vm12:r0:0,1405724143262,4313,1822,722887330
*RES* vm12:r0:0,1405724147582,3517,966,722887330
*RES* vm12:r0:0,1405724151106,4255,843,722887330
*RES* vm12:r0:0,1405724155366,3448,766,722887330
*RES* vm12:r0:0,1405724158822,2456,780,722887330
*RES* vm12:r0:0,1405724161282,2508,827,722887330
*RES* vm12:r0:0,1405724163794,3908,724,722887330
*RES* vm12:r0:0,1405724167706,3016,706,722887330
*RES* vm12:r0:0,1405724170730,2264,637,722887330
*RES* vm12:r0:0,1405724173002,1661,624,722887330
*RES* vm12:r0:0,1405724174670,1601,620,722887330
*RES* vm12:r0:0,1405724176278,1357,528,722887330
*RES* vm12:r0:0,1405724177642,1372,502,722887330
*RES* vm12:r0:0,1405724179018,1105,510,722887330
*RES* vm12:r0:1,1405723844871,25496,730,722887330
*RES* vm12:r0:2,1405723844871,31162,722,722887330
*RES* vm12:r0:3,1405723844871,25284,721,722887330
*RES* vm12:r0:4,1405723844871,26758,739,722887330
*RES* end node vm12:r0
Node vm12:r0 joined
Worker terminating correctly
