OSMeF worker starting
Enabling core dumping
Listening for command connection
(vm32:m0) New mapper on port 23330
(vm32:m0) -> reducer data size 9288424
(vm32:m0) -> reducer data size 9288424
(vm32:m0) -> reducer data size 9288424
(vm32:m0) -> reducer data size 9288424
(vm32:m0) -> reducer data size 9288424
(vm32:m0) -> reducer data size 9288424
(vm32:m0) -> reducer data size 9288424
(vm32:m0) -> reducer data size 9288424
(vm32:m0) -> reducer data size 9288424
(vm32:m0) -> reducer data size 9288424
(vm32:m0) -> reducer data size 9288424
(vm32:m0) -> reducer data size 9288424
(vm32:m0) -> reducer data size 9288424
(vm32:m0) -> reducer data size 9288424
(vm32:m0) -> reducer data size 9288424
(vm32:m0) -> reducer data size 9288424
(vm32:m0) -> reducer data size 9288424
(vm32:m0) -> reducer data size 9288424
(vm32:m0) -> reducer data size 9288424
(vm32:m0) -> reducer data size 9288424
(vm32:m0) -> reducer data size 9288424
(vm32:m0) -> reducer data size 9288424
(vm32:m0) -> reducer data size 9288424
(vm32:m0) -> reducer data size 9288424
(vm32:m0) -> reducer data size 9288424
(vm32:m0) -> reducer data size 9288424
(vm32:m0) -> reducer data size 9288424
(vm32:m0) -> reducer data size 9288424
(vm32:m0) -> reducer data size 9288424
(vm32:m0) -> reducer data size 9288424
(vm32:m0) -> reducer data size 9288424
(vm32:m0) -> reducer data size 9288424
(vm32:m0) -> reducer data size 9288424
(vm32:m0) -> reducer data size 9288424
(vm32:m0) Mapper thread started
(vm32:m0) Allocating data for reducer vm1:r0
(vm32:m0) Allocating data for reducer vm2:r0
(vm32:m0) Allocating data for reducer vm3:r0
(vm32:m0) Allocating data for reducer vm4:r0
(vm32:m0) Allocating data for reducer vm5:r0
(vm32:m0) Allocating data for reducer vm6:r0
(vm32:m0) Allocating data for reducer vm7:r0
(vm32:m0) Allocating data for reducer vm8:r0
(vm32:m0) Allocating data for reducer vm9:r0
(vm32:m0) Allocating data for reducer vm10:r0
(vm32:m0) Allocating data for reducer vm11:r0
(vm32:m0) Allocating data for reducer vm12:r0
(vm32:m0) Allocating data for reducer vm13:r0
(vm32:m0) Allocating data for reducer vm14:r0
(vm32:m0) Allocating data for reducer vm15:r0
(vm32:m0) Allocating data for reducer vm16:r0
(vm32:m0) Allocating data for reducer vm17:r0
(vm32:m0) Allocating data for reducer vm18:r0
(vm32:m0) Allocating data for reducer vm19:r0
(vm32:m0) Allocating data for reducer vm20:r0
(vm32:m0) Allocating data for reducer vm21:r0
(vm32:m0) Allocating data for reducer vm22:r0
(vm32:m0) Allocating data for reducer vm23:r0
(vm32:m0) Allocating data for reducer vm24:r0
(vm32:m0) Allocating data for reducer vm25:r0
(vm32:m0) Allocating data for reducer vm26:r0
(vm32:m0) Allocating data for reducer vm27:r0
(vm32:m0) Allocating data for reducer vm28:r0
(vm32:m0) Allocating data for reducer vm29:r0
(vm32:m0) Allocating data for reducer vm30:r0
(vm32:m0) Allocating data for reducer vm31:r0
(vm32:m0) Allocating data for reducer vm32:r0
(vm32:m0) Allocating data for reducer vm33:r0
(vm32:m0) Allocating data for reducer vm34:r0
(vm32:m0) Binding to port 23330
(vm32:r0) New reducer
(vm32:r0) Reducer thread started
(vm32:r0) waiting for START message
(vm32:r0) got START message
(vm32:r0) Starting new connection thread
(vm32:r0) Starting new connection thread
(vm32:r0) Starting new connection thread
(vm32:r0) Starting new connection thread
(vm32:r0) Starting new connection thread
(vm32:r0) Maximum number of connections reached (5), waiting for a thread to finish
(vm32:r0:4) Connection established
(vm32:r0:3) Connection established
(vm32:r0:2) Connection established
(vm32:r0:1) Connection established
(vm32:r0:0) Connection established
(vm32:r0:4) Connection finished, received 9288425 bytes
(vm32:r0:2) Connection finished, received 9288425 bytes
(vm32:r0:1) Connection finished, received 9288425 bytes
(vm32:r0:3) Connection finished, received 9288425 bytes
(vm32:r0:0) Connection finished, received 9288425 bytes
(vm32:r0) thread 0 joined, 33 connections remaining
(vm32:r0) Starting new connection thread
(vm32:r0) Maximum number of connections reached (5), waiting for a thread to finish
(vm32:r0:0) Connection established
(vm32:r0:0) Connection finished, received 9288425 bytes
(vm32:r0) thread 0 joined, 32 connections remaining
(vm32:r0) Starting new connection thread
(vm32:r0) Maximum number of connections reached (5), waiting for a thread to finish
(vm32:r0:0) Connection established
(vm32:r0:0) Connection finished, received 9288425 bytes
(vm32:r0) thread 0 joined, 31 connections remaining
(vm32:r0) Starting new connection thread
(vm32:r0) Maximum number of connections reached (5), waiting for a thread to finish
(vm32:r0:0) Connection established
(vm32:m0) Got connection from reducer vm1:r0
(vm32:m0:0) thread started, have to send 9288424 bytes
(vm32:m0:0) all data sent, thread exiting
(vm32:m0) Got connection from reducer vm13:r0
(vm32:m0:12) thread started, have to send 9288424 bytes
(vm32:m0:12) all data sent, thread exiting
(vm32:m0) Got connection from reducer vm22:r0
(vm32:m0:21) thread started, have to send 9288424 bytes
(vm32:m0) Got connection from reducer vm10:r0
(vm32:m0:9) thread started, have to send 9288424 bytes
(vm32:r0:0) Connection finished, received 9288425 bytes
(vm32:r0) thread 0 joined, 30 connections remaining
(vm32:r0) Starting new connection thread
(vm32:r0) Maximum number of connections reached (5), waiting for a thread to finish
(vm32:r0:0) Connection established
(vm32:m0:21) all data sent, thread exiting
(vm32:m0) Got connection from reducer vm21:r0
(vm32:m0:9) all data sent, thread exiting
(vm32:m0:20) thread started, have to send 9288424 bytes
(vm32:m0:20) all data sent, thread exiting
(vm32:r0:0) Connection finished, received 9288425 bytes
(vm32:r0) thread 0 joined, 29 connections remaining
(vm32:r0) Starting new connection thread
(vm32:r0) Maximum number of connections reached (5), waiting for a thread to finish
(vm32:r0:0) Connection established
(vm32:r0:0) Connection finished, received 9288425 bytes
(vm32:r0) thread 0 joined, 28 connections remaining
(vm32:r0) Starting new connection thread
(vm32:r0) Maximum number of connections reached (5), waiting for a thread to finish
(vm32:r0:0) Connection established
(vm32:r0:0) Connection finished, received 9288425 bytes
(vm32:r0) thread 0 joined, 27 connections remaining
(vm32:r0) Starting new connection thread
(vm32:r0) Maximum number of connections reached (5), waiting for a thread to finish
(vm32:r0:0) Connection established
(vm32:m0) Got connection from reducer vm18:r0
(vm32:m0:17) thread started, have to send 9288424 bytes
(vm32:m0:17) all data sent, thread exiting
(vm32:m0) Got connection from reducer vm11:r0
(vm32:m0:10) thread started, have to send 9288424 bytes
(vm32:r0:0) Connection finished, received 9288425 bytes
(vm32:r0) thread 0 joined, 26 connections remaining
(vm32:r0) Starting new connection thread
(vm32:r0) Maximum number of connections reached (5), waiting for a thread to finish
(vm32:r0:0) Connection established
(vm32:m0:10) all data sent, thread exiting
(vm32:r0:0) Connection finished, received 9288425 bytes
(vm32:r0) thread 0 joined, 25 connections remaining
(vm32:r0) Starting new connection thread
(vm32:r0) Maximum number of connections reached (5), waiting for a thread to finish
(vm32:r0:0) Connection established
(vm32:m0) Got connection from reducer vm34:r0
(vm32:m0:33) thread started, have to send 9288424 bytes
(vm32:r0:0) Connection finished, received 9288425 bytes
(vm32:r0) thread 0 joined, 24 connections remaining
(vm32:r0) Starting new connection thread
(vm32:r0) Maximum number of connections reached (5), waiting for a thread to finish
(vm32:r0:0) Connection established
(vm32:m0:33) all data sent, thread exiting
(vm32:r0:0) Connection finished, received 9288425 bytes
(vm32:r0) thread 0 joined, 23 connections remaining
(vm32:r0) Starting new connection thread
(vm32:r0) Maximum number of connections reached (5), waiting for a thread to finish
(vm32:r0:0) Connection established
(vm32:r0:0) Connection finished, received 9288425 bytes
(vm32:r0) thread 0 joined, 22 connections remaining
(vm32:r0) Starting new connection thread
(vm32:r0) Maximum number of connections reached (5), waiting for a thread to finish
(vm32:r0:0) Connection established
(vm32:r0:0) Connection finished, received 9288425 bytes
(vm32:r0) thread 0 joined, 21 connections remaining
(vm32:r0) Starting new connection thread
(vm32:r0) Maximum number of connections reached (5), waiting for a thread to finish
(vm32:r0:0) Connection established
(vm32:m0) Got connection from reducer vm25:r0
(vm32:m0:24) thread started, have to send 9288424 bytes
(vm32:r0:0) Connection finished, received 9288425 bytes
(vm32:r0) thread 0 joined, 20 connections remaining
(vm32:r0) Starting new connection thread
(vm32:r0) Maximum number of connections reached (5), waiting for a thread to finish
(vm32:r0:0) Connection established
(vm32:m0) Got connection from reducer vm33:r0
(vm32:m0) Got connection from reducer vm31:r0
(vm32:m0:32) thread started, have to send 9288424 bytes
(vm32:m0:30) thread started, have to send 9288424 bytes
(vm32:m0:24) all data sent, thread exiting
(vm32:r0:0) Connection finished, received 9288425 bytes
(vm32:r0) thread 0 joined, 19 connections remaining
(vm32:r0) Starting new connection thread
(vm32:r0) Maximum number of connections reached (5), waiting for a thread to finish
(vm32:r0:0) Connection established
(vm32:m0:32) all data sent, thread exiting
(vm32:m0:30) all data sent, thread exiting
(vm32:r0:0) Connection finished, received 9288425 bytes
(vm32:r0) thread 0 joined, 18 connections remaining
(vm32:r0) Starting new connection thread
(vm32:r0) Maximum number of connections reached (5), waiting for a thread to finish
(vm32:r0:0) Connection established
(vm32:m0) Got connection from reducer vm4:r0
(vm32:m0:3) thread started, have to send 9288424 bytes
(vm32:m0) Got connection from reducer vm12:r0
(vm32:m0:11) thread started, have to send 9288424 bytes
(vm32:m0) Got connection from reducer vm28:r0
(vm32:m0:27) thread started, have to send 9288424 bytes
(vm32:r0:0) Connection finished, received 9288425 bytes
(vm32:r0) thread 0 joined, 17 connections remaining
(vm32:r0) Starting new connection thread
(vm32:r0) Maximum number of connections reached (5), waiting for a thread to finish
(vm32:m0:3) all data sent, thread exiting
(vm32:r0:0) Connection established
(vm32:m0:11) all data sent, thread exiting
(vm32:m0) Got connection from reducer vm5:r0
(vm32:m0:4) thread started, have to send 9288424 bytes
(vm32:r0:0) Connection finished, received 9288425 bytes
(vm32:m0:4) all data sent, thread exiting
(vm32:r0) thread 0 joined, 16 connections remaining
(vm32:r0) Starting new connection thread
(vm32:r0) Maximum number of connections reached (5), waiting for a thread to finish
(vm32:r0:0) Connection established
(vm32:m0:27) all data sent, thread exiting
(vm32:m0) Got connection from reducer vm8:r0
(vm32:m0:7) thread started, have to send 9288424 bytes
(vm32:m0) Got connection from reducer vm30:r0
(vm32:m0) Got connection from reducer vm6:r0
(vm32:m0:29) thread started, have to send 9288424 bytes
(vm32:m0:5) thread started, have to send 9288424 bytes
(vm32:m0:7) all data sent, thread exiting
(vm32:m0) Got connection from reducer vm16:r0
(vm32:m0:15) thread started, have to send 9288424 bytes
(vm32:m0:5) all data sent, thread exiting
(vm32:m0:29) all data sent, thread exiting
(vm32:r0:0) Connection finished, received 9288425 bytes
(vm32:r0) thread 0 joined, 15 connections remaining
(vm32:r0) Starting new connection thread
(vm32:r0) Maximum number of connections reached (5), waiting for a thread to finish
(vm32:m0) Got connection from reducer vm9:r0
(vm32:m0:8) thread started, have to send 9288424 bytes
(vm32:r0:0) Connection established
(vm32:m0) Got connection from reducer vm3:r0
(vm32:m0:15) all data sent, thread exiting
(vm32:m0:2) thread started, have to send 9288424 bytes
(vm32:m0:8) all data sent, thread exiting
(vm32:m0:2) all data sent, thread exiting
(vm32:m0) Got connection from reducer vm14:r0
(vm32:m0:13) thread started, have to send 9288424 bytes
(vm32:m0) Got connection from reducer vm29:r0
(vm32:r0:0) Connection finished, received 9288425 bytes
(vm32:r0) thread 0 joined, 14 connections remaining
(vm32:r0) Starting new connection thread
(vm32:r0) Maximum number of connections reached (5), waiting for a thread to finish
(vm32:m0:28) thread started, have to send 9288424 bytes
(vm32:r0:0) Connection established
(vm32:m0:13) all data sent, thread exiting
(vm32:m0) Got connection from reducer vm23:r0
(vm32:m0:22) thread started, have to send 9288424 bytes
(vm32:m0:28) all data sent, thread exiting
(vm32:r0:0) Connection finished, received 9288425 bytes
(vm32:r0) thread 0 joined, 13 connections remaining
(vm32:r0) Starting new connection thread
(vm32:r0) Maximum number of connections reached (5), waiting for a thread to finish
(vm32:r0:0) Connection established
(vm32:m0:22) all data sent, thread exiting
(vm32:m0) Got connection from reducer vm24:r0
(vm32:m0:23) thread started, have to send 9288424 bytes
(vm32:r0:0) Connection finished, received 9288425 bytes
(vm32:r0) thread 0 joined, 12 connections remaining
(vm32:r0) Starting new connection thread
(vm32:r0) Maximum number of connections reached (5), waiting for a thread to finish
(vm32:r0:0) Connection established
(vm32:m0:23) all data sent, thread exiting
(vm32:r0:0) Connection finished, received 9288425 bytes
(vm32:r0) thread 0 joined, 11 connections remaining
(vm32:r0) Starting new connection thread
(vm32:r0) Maximum number of connections reached (5), waiting for a thread to finish
(vm32:r0:0) Connection established
(vm32:m0) Got connection from reducer vm2:r0
(vm32:m0:1) thread started, have to send 9288424 bytes
(vm32:r0:0) Connection finished, received 9288425 bytes
(vm32:r0) thread 0 joined, 10 connections remaining
(vm32:r0) Starting new connection thread
(vm32:r0) Maximum number of connections reached (5), waiting for a thread to finish
(vm32:m0) Got connection from reducer vm7:r0
(vm32:m0:1) all data sent, thread exiting
(vm32:m0:6) thread started, have to send 9288424 bytes
(vm32:r0:0) Connection established
(vm32:m0) Got connection from reducer vm17:r0
(vm32:m0:16) thread started, have to send 9288424 bytes
(vm32:m0:6) all data sent, thread exiting
(vm32:m0) Got connection from reducer vm26:r0
(vm32:r0:0) Connection finished, received 9288425 bytes
(vm32:r0) thread 0 joined, 9 connections remaining
(vm32:r0) Starting new connection thread
(vm32:r0) Maximum number of connections reached (5), waiting for a thread to finish
(vm32:m0:25) thread started, have to send 9288424 bytes
(vm32:r0:0) Connection established
(vm32:m0:16) all data sent, thread exiting
(vm32:m0) Got connection from reducer vm19:r0
(vm32:m0:18) thread started, have to send 9288424 bytes
(vm32:m0:25) all data sent, thread exiting
(vm32:r0:0) Connection finished, received 9288425 bytes
(vm32:r0) thread 0 joined, 8 connections remaining
(vm32:r0) Starting new connection thread
(vm32:r0) Maximum number of connections reached (5), waiting for a thread to finish
(vm32:m0:18) all data sent, thread exiting
(vm32:r0:0) Connection established
(vm32:m0) Got connection from reducer vm15:r0
(vm32:m0:14) thread started, have to send 9288424 bytes
(vm32:r0:0) Connection finished, received 9288425 bytes
(vm32:r0) thread 0 joined, 7 connections remaining
(vm32:r0) Starting new connection thread
(vm32:r0) Maximum number of connections reached (5), waiting for a thread to finish
(vm32:m0:14) all data sent, thread exiting
(vm32:r0:0) Connection established
(vm32:m0) Got connection from reducer vm32:r0
(vm32:m0:31) thread started, have to send 9288424 bytes
(vm32:m0) Got connection from reducer vm20:r0
(vm32:r0:0) Connection finished, received 9288425 bytes
(vm32:m0:31) all data sent, thread exiting
(vm32:m0:19) thread started, have to send 9288424 bytes
(vm32:r0) thread 0 joined, 6 connections remaining
(vm32:r0) Starting new connection thread
(vm32:r0) Maximum number of connections reached (5), waiting for a thread to finish
(vm32:r0:0) Connection established
(vm32:m0) Got connection from reducer vm27:r0
(vm32:m0) Waiting for a thread to finish
(vm32:m0) thread 0 joined, 33 connections remaining
(vm32:m0) Waiting for a thread to finish
(vm32:m0) thread 1 joined, 32 connections remaining
(vm32:m0) Waiting for a thread to finish
(vm32:m0) thread 2 joined, 31 connections remaining
(vm32:m0) Waiting for a thread to finish
(vm32:m0) thread 3 joined, 30 connections remaining
(vm32:m0) Waiting for a thread to finish
(vm32:m0) thread 4 joined, 29 connections remaining
(vm32:m0) Waiting for a thread to finish
(vm32:m0) thread 5 joined, 28 connections remaining
(vm32:m0) Waiting for a thread to finish
(vm32:m0) thread 6 joined, 27 connections remaining
(vm32:m0) Waiting for a thread to finish
(vm32:m0) thread 7 joined, 26 connections remaining
(vm32:m0) Waiting for a thread to finish
(vm32:m0) thread 8 joined, 25 connections remaining
(vm32:m0) Waiting for a thread to finish
(vm32:m0) thread 9 joined, 24 connections remaining
(vm32:m0) Waiting for a thread to finish
(vm32:m0) thread 10 joined, 23 connections remaining
(vm32:m0) Waiting for a thread to finish
(vm32:m0) thread 11 joined, 22 connections remaining
(vm32:m0) Waiting for a thread to finish
(vm32:m0) thread 12 joined, 21 connections remaining
(vm32:m0) Waiting for a thread to finish
(vm32:m0) thread 13 joined, 20 connections remaining
(vm32:m0) Waiting for a thread to finish
(vm32:m0) thread 14 joined, 19 connections remaining
(vm32:m0) Waiting for a thread to finish
(vm32:m0) thread 15 joined, 18 connections remaining
(vm32:m0) Waiting for a thread to finish
(vm32:m0) thread 16 joined, 17 connections remaining
(vm32:m0) Waiting for a thread to finish
(vm32:m0) thread 17 joined, 16 connections remaining
(vm32:m0) Waiting for a thread to finish
(vm32:m0) thread 18 joined, 15 connections remaining
(vm32:m0) Waiting for a thread to finish
(vm32:m0:19) all data sent, thread exiting
(vm32:m0) thread 19 joined, 14 connections remaining
(vm32:m0) Waiting for a thread to finish
(vm32:m0) thread 20 joined, 13 connections remaining
(vm32:m0) Waiting for a thread to finish
(vm32:m0) thread 21 joined, 12 connections remaining
(vm32:m0) Waiting for a thread to finish
(vm32:m0) thread 22 joined, 11 connections remaining
(vm32:m0) Waiting for a thread to finish
(vm32:m0) thread 23 joined, 10 connections remaining
(vm32:m0) Waiting for a thread to finish
(vm32:m0) thread 24 joined, 9 connections remaining
(vm32:m0) Waiting for a thread to finish
(vm32:m0) thread 25 joined, 8 connections remaining
(vm32:m0) Waiting for a thread to finish
(vm32:m0:26) thread started, have to send 9288424 bytes
(vm32:r0:0) Connection finished, received 9288425 bytes
(vm32:r0) thread 0 joined, 5 connections remaining
(vm32:r0) Starting new connection thread
(vm32:r0) Maximum number of connections reached (5), waiting for a thread to finish
(vm32:r0:0) Connection established
(vm32:m0:26) all data sent, thread exiting
(vm32:m0) thread 26 joined, 7 connections remaining
(vm32:m0) Waiting for a thread to finish
(vm32:m0) thread 27 joined, 6 connections remaining
(vm32:m0) Waiting for a thread to finish
(vm32:m0) thread 28 joined, 5 connections remaining
(vm32:m0) Waiting for a thread to finish
(vm32:m0) thread 29 joined, 4 connections remaining
(vm32:m0) Waiting for a thread to finish
(vm32:m0) thread 30 joined, 3 connections remaining
(vm32:m0) Waiting for a thread to finish
(vm32:m0) thread 31 joined, 2 connections remaining
(vm32:m0) Waiting for a thread to finish
(vm32:m0) thread 32 joined, 1 connections remaining
(vm32:m0) Waiting for a thread to finish
(vm32:m0) thread 33 joined, 0 connections remaining
(vm32:m0) all done, exiting
*RES* start node vm32:m0
*RES* vm32:m0:0,1405437269956,105,6,9288425
*RES* vm32:m0:1,1405437272927,24,7,9288425
*RES* vm32:m0:2,1405437272670,35,5,9288425
*RES* vm32:m0:3,1405437272428,46,12,9288425
*RES* vm32:m0:4,1405437272512,32,8,9288425
*RES* vm32:m0:5,1405437272571,63,7,9288425
*RES* vm32:m0:6,1405437272954,31,8,9288425
*RES* vm32:m0:7,1405437272559,41,8,9288425
*RES* vm32:m0:8,1405437272644,39,6,9288425
*RES* vm32:m0:9,1405437270642,156,10,9288425
*RES* vm32:m0:10,1405437271454,55,21,9288425
*RES* vm32:m0:11,1405437272438,56,9,9288425
*RES* vm32:m0:12,1405437270362,88,7,9288425
*RES* vm32:m0:13,1405437272739,41,6,9288425
*RES* vm32:m0:14,1405437273047,22,6,9288425
*RES* vm32:m0:15,1405437272608,59,7,9288425
*RES* vm32:m0:16,1405437272962,35,8,9288425
*RES* vm32:m0:17,1405437271294,79,8,9288425
*RES* vm32:m0:18,1405437273004,35,10,9288425
*RES* vm32:m0:19,1405437273083,19,5,9288425
*RES* vm32:m0:20,1405437270802,54,10,9288425
*RES* vm32:m0:21,1405437270622,48,15,9288425
*RES* vm32:m0:22,1405437272798,32,7,9288425
*RES* vm32:m0:23,1405437272850,27,7,9288425
*RES* vm32:m0:24,1405437272204,62,18,9288425
*RES* vm32:m0:25,1405437272994,28,8,9288425
*RES* vm32:m0:26,1405437273103,25,5,9288425
*RES* vm32:m0:27,1405437272460,91,7,9288425
*RES* vm32:m0:28,1405437272746,54,7,9288425
*RES* vm32:m0:29,1405437272570,68,7,9288425
*RES* vm32:m0:30,1405437272250,73,19,9288425
*RES* vm32:m0:31,1405437273074,8,2,9288425
*RES* vm32:m0:32,1405437272241,79,19,9288425
*RES* vm32:m0:33,1405437271769,42,12,9288425
*RES* end node vm32:m0
Node vm32:m0 joined
(vm32:r0:0) Connection finished, received 9288425 bytes
(vm32:r0) thread 0 joined, 4 connections remaining
(vm32:r0) Maximum number of connections reached (4), waiting for a thread to finish
(vm32:r0) thread 1 joined, 3 connections remaining
(vm32:r0) Maximum number of connections reached (3), waiting for a thread to finish
(vm32:r0) thread 2 joined, 2 connections remaining
(vm32:r0) Maximum number of connections reached (2), waiting for a thread to finish
(vm32:r0) thread 3 joined, 1 connections remaining
(vm32:r0) Maximum number of connections reached (1), waiting for a thread to finish
(vm32:r0) thread 4 joined, 0 connections remaining
(vm32:r0) all done, exiting
*RES* start node vm32:r0
*RES* vm32:r0:0,1405437267763,571,12,9288425
*RES* vm32:r0:0,1405437268338,830,12,9288425
*RES* vm32:r0:0,1405437269174,724,18,9288425
*RES* vm32:r0:0,1405437269906,745,17,9288425
*RES* vm32:r0:0,1405437270660,219,15,9288425
*RES* vm32:r0:0,1405437270886,246,16,9288425
*RES* vm32:r0:0,1405437271138,142,16,9288425
*RES* vm32:r0:0,1405437271286,188,17,9288425
*RES* vm32:r0:0,1405437271481,138,15,9288425
*RES* vm32:r0:0,1405437271626,168,17,9288425
*RES* vm32:r0:0,1405437271800,55,14,9288425
*RES* vm32:r0:0,1405437271858,150,19,9288425
*RES* vm32:r0:0,1405437272014,112,15,9288425
*RES* vm32:r0:0,1405437272130,86,14,9288425
*RES* vm32:r0:0,1405437272219,88,20,9288425
*RES* vm32:r0:0,1405437272318,77,13,9288425
*RES* vm32:r0:0,1405437272402,67,16,9288425
*RES* vm32:r0:0,1405437272476,67,11,9288425
*RES* vm32:r0:0,1405437272548,91,11,9288425
*RES* vm32:r0:0,1405437272645,99,10,9288425
*RES* vm32:r0:0,1405437272749,61,8,9288425
*RES* vm32:r0:0,1405437272816,50,9,9288425
*RES* vm32:r0:0,1405437272871,40,7,9288425
*RES* vm32:r0:0,1405437272918,28,8,9288425
*RES* vm32:r0:0,1405437272954,37,9,9288425
*RES* vm32:r0:0,1405437272994,39,9,9288425
*RES* vm32:r0:0,1405437273040,26,8,9288425
*RES* vm32:r0:0,1405437273074,8,3,9288425
*RES* vm32:r0:0,1405437273087,27,6,9288425
*RES* vm32:r0:0,1405437273122,17,5,9288425
*RES* vm32:r0:1,1405437267763,421,12,9288425
*RES* vm32:r0:2,1405437267763,402,11,9288425
*RES* vm32:r0:3,1405437267763,437,13,9288425
*RES* vm32:r0:4,1405437267763,399,13,9288425
*RES* end node vm32:r0
Node vm32:r0 joined
Worker terminating correctly
