OSMeF worker starting
Enabling core dumping
Listening for command connection
(vm14:m0) New mapper on port 23330
(vm14:m0) -> reducer data size 29743540
(vm14:m0) -> reducer data size 29743540
(vm14:m0) -> reducer data size 29743540
(vm14:m0) -> reducer data size 29743540
(vm14:m0) -> reducer data size 29743540
(vm14:m0) -> reducer data size 29743540
(vm14:m0) -> reducer data size 29743540
(vm14:m0) -> reducer data size 29743540
(vm14:m0) -> reducer data size 29743540
(vm14:m0) -> reducer data size 29743540
(vm14:m0) -> reducer data size 29743540
(vm14:m0) -> reducer data size 29743540
(vm14:m0) -> reducer data size 29743540
(vm14:m0) -> reducer data size 29743540
(vm14:m0) -> reducer data size 29743540
(vm14:m0) -> reducer data size 29743540
(vm14:m0) -> reducer data size 29743540
(vm14:m0) -> reducer data size 29743540
(vm14:m0) -> reducer data size 29743540
(vm14:m0) Mapper thread started
(vm14:m0) Allocating data for reducer vm1:r0
(vm14:m0) Allocating data for reducer vm2:r0
(vm14:m0) Allocating data for reducer vm3:r0
(vm14:m0) Allocating data for reducer vm4:r0
(vm14:m0) Allocating data for reducer vm5:r0
(vm14:m0) Allocating data for reducer vm6:r0
(vm14:m0) Allocating data for reducer vm7:r0
(vm14:m0) Allocating data for reducer vm8:r0
(vm14:m0) Allocating data for reducer vm9:r0
(vm14:m0) Allocating data for reducer vm10:r0
(vm14:m0) Allocating data for reducer vm11:r0
(vm14:m0) Allocating data for reducer vm12:r0
(vm14:m0) Allocating data for reducer vm13:r0
(vm14:m0) Allocating data for reducer vm14:r0
(vm14:m0) Allocating data for reducer vm15:r0
(vm14:m0) Allocating data for reducer vm16:r0
(vm14:m0) Allocating data for reducer vm17:r0
(vm14:m0) Allocating data for reducer vm18:r0
(vm14:m0) Allocating data for reducer vm19:r0
(vm14:m0) Binding to port 23330
(vm14:r0) New reducer
(vm14:r0) Reducer thread started
(vm14:r0) waiting for START message
(vm14:r0) got START message
(vm14:r0) Starting new connection thread
(vm14:r0) Starting new connection thread
(vm14:r0) Starting new connection thread
(vm14:r0) Starting new connection thread
(vm14:r0) Starting new connection thread
(vm14:r0) Maximum number of connections reached (5), waiting for a thread to finish
(vm14:r0:4) Connection established
(vm14:r0:3) Connection established
(vm14:r0:0) Connection established
(vm14:r0:1) Connection established
(vm14:r0:2) Connection established
(vm14:r0:0) Connection finished, received 29743541 bytes
(vm14:r0) thread 0 joined, 18 connections remaining
(vm14:r0) Starting new connection thread
(vm14:r0) Maximum number of connections reached (5), waiting for a thread to finish
(vm14:r0:0) Connection established
(vm14:r0:3) Connection finished, received 29743541 bytes
(vm14:r0:1) Connection finished, received 29743541 bytes
(vm14:r0:4) Connection finished, received 29743541 bytes
(vm14:r0:2) Connection finished, received 29743541 bytes
(vm14:r0:0) Connection finished, received 29743541 bytes
(vm14:r0) thread 0 joined, 17 connections remaining
(vm14:r0) Starting new connection thread
(vm14:r0) Maximum number of connections reached (5), waiting for a thread to finish
(vm14:r0:0) Connection established
(vm14:m0) Got connection from reducer vm1:r0
(vm14:m0:0) thread started, have to send 29743540 bytes
(vm14:m0:0) all data sent, thread exiting
(vm14:r0:0) Connection finished, received 29743541 bytes
(vm14:r0) thread 0 joined, 16 connections remaining
(vm14:r0) Starting new connection thread
(vm14:r0) Maximum number of connections reached (5), waiting for a thread to finish
(vm14:r0:0) Connection established
(vm14:r0:0) Connection finished, received 29743541 bytes
(vm14:r0) thread 0 joined, 15 connections remaining
(vm14:r0) Starting new connection thread
(vm14:r0) Maximum number of connections reached (5), waiting for a thread to finish
(vm14:r0:0) Connection established
(vm14:m0) Got connection from reducer vm6:r0
(vm14:m0:5) thread started, have to send 29743540 bytes
(vm14:m0:5) all data sent, thread exiting
(vm14:m0) Got connection from reducer vm18:r0
(vm14:m0:17) thread started, have to send 29743540 bytes
(vm14:m0) Got connection from reducer vm7:r0
(vm14:m0:6) thread started, have to send 29743540 bytes
(vm14:m0:17) all data sent, thread exiting
(vm14:m0:6) all data sent, thread exiting
(vm14:r0:0) Connection finished, received 29743541 bytes
(vm14:r0) thread 0 joined, 14 connections remaining
(vm14:r0) Starting new connection thread
(vm14:r0) Maximum number of connections reached (5), waiting for a thread to finish
(vm14:r0:0) Connection established
(vm14:m0) Got connection from reducer vm12:r0
(vm14:m0:11) thread started, have to send 29743540 bytes
(vm14:r0:0) Connection finished, received 29743541 bytes
(vm14:r0) thread 0 joined, 13 connections remaining
(vm14:r0) Starting new connection thread
(vm14:r0) Maximum number of connections reached (5), waiting for a thread to finish
(vm14:r0:0) Connection established
(vm14:m0:11) all data sent, thread exiting
(vm14:m0) Got connection from reducer vm17:r0
(vm14:m0:16) thread started, have to send 29743540 bytes
(vm14:m0) Got connection from reducer vm16:r0
(vm14:m0:15) thread started, have to send 29743540 bytes
(vm14:r0:0) Connection finished, received 29743541 bytes
(vm14:r0) thread 0 joined, 12 connections remaining
(vm14:r0) Starting new connection thread
(vm14:r0) Maximum number of connections reached (5), waiting for a thread to finish
(vm14:r0:0) Connection established
(vm14:m0) Got connection from reducer vm10:r0
(vm14:m0:9) thread started, have to send 29743540 bytes
(vm14:m0) Got connection from reducer vm8:r0
(vm14:m0:16) all data sent, thread exiting
(vm14:m0:7) thread started, have to send 29743540 bytes
(vm14:m0) Got connection from reducer vm19:r0
(vm14:m0:18) thread started, have to send 29743540 bytes
(vm14:m0) Got connection from reducer vm9:r0
(vm14:m0:8) thread started, have to send 29743540 bytes
(vm14:m0:15) all data sent, thread exiting
(vm14:m0) Got connection from reducer vm15:r0
(vm14:m0:14) thread started, have to send 29743540 bytes
(vm14:m0) Got connection from reducer vm4:r0
(vm14:m0:3) thread started, have to send 29743540 bytes
(vm14:m0:9) all data sent, thread exiting
(vm14:m0:7) all data sent, thread exiting
(vm14:m0:18) all data sent, thread exiting
(vm14:r0:0) Connection finished, received 29743541 bytes
(vm14:r0) thread 0 joined, 11 connections remaining
(vm14:r0) Starting new connection thread
(vm14:r0) Maximum number of connections reached (5), waiting for a thread to finish
(vm14:r0:0) Connection established
(vm14:m0:8) all data sent, thread exiting
(vm14:m0:3) all data sent, thread exiting
(vm14:m0:14) all data sent, thread exiting
(vm14:m0) Got connection from reducer vm11:r0
(vm14:m0:10) thread started, have to send 29743540 bytes
(vm14:m0) Got connection from reducer vm13:r0
(vm14:r0:0) Connection finished, received 29743541 bytes
(vm14:r0) thread 0 joined, 10 connections remaining
(vm14:r0) Starting new connection thread
(vm14:r0) Maximum number of connections reached (5), waiting for a thread to finish
(vm14:m0:12) thread started, have to send 29743540 bytes
(vm14:m0) Got connection from reducer vm3:r0
(vm14:r0:0) Connection established
(vm14:m0) Got connection from reducer vm14:r0
(vm14:m0) Got connection from reducer vm5:r0
(vm14:m0:13) thread started, have to send 29743540 bytes
(vm14:m0:2) thread started, have to send 29743540 bytes
(vm14:m0:4) thread started, have to send 29743540 bytes
(vm14:m0) Got connection from reducer vm2:r0
(vm14:m0) Waiting for a thread to finish
(vm14:m0) thread 0 joined, 18 connections remaining
(vm14:m0) Waiting for a thread to finish
(vm14:m0:1) thread started, have to send 29743540 bytes
(vm14:m0:10) all data sent, thread exiting
(vm14:r0:0) Connection finished, received 29743541 bytes
(vm14:m0:13) all data sent, thread exiting
(vm14:r0) thread 0 joined, 9 connections remaining
(vm14:r0) Starting new connection thread
(vm14:r0) Maximum number of connections reached (5), waiting for a thread to finish
(vm14:r0:0) Connection established
(vm14:m0:12) all data sent, thread exiting
(vm14:m0:1) all data sent, thread exiting
(vm14:m0) thread 1 joined, 17 connections remaining
(vm14:m0) Waiting for a thread to finish
(vm14:m0:2) all data sent, thread exiting
(vm14:m0:4) all data sent, thread exiting
(vm14:m0) thread 2 joined, 16 connections remaining
(vm14:m0) Waiting for a thread to finish
(vm14:m0) thread 3 joined, 15 connections remaining
(vm14:m0) Waiting for a thread to finish
(vm14:m0) thread 4 joined, 14 connections remaining
(vm14:m0) Waiting for a thread to finish
(vm14:m0) thread 5 joined, 13 connections remaining
(vm14:m0) Waiting for a thread to finish
(vm14:m0) thread 6 joined, 12 connections remaining
(vm14:m0) Waiting for a thread to finish
(vm14:m0) thread 7 joined, 11 connections remaining
(vm14:m0) Waiting for a thread to finish
(vm14:m0) thread 8 joined, 10 connections remaining
(vm14:m0) Waiting for a thread to finish
(vm14:m0) thread 9 joined, 9 connections remaining
(vm14:m0) Waiting for a thread to finish
(vm14:m0) thread 10 joined, 8 connections remaining
(vm14:m0) Waiting for a thread to finish
(vm14:m0) thread 11 joined, 7 connections remaining
(vm14:m0) Waiting for a thread to finish
(vm14:m0) thread 12 joined, 6 connections remaining
(vm14:m0) Waiting for a thread to finish
(vm14:m0) thread 13 joined, 5 connections remaining
(vm14:m0) Waiting for a thread to finish
(vm14:m0) thread 14 joined, 4 connections remaining
(vm14:m0) Waiting for a thread to finish
(vm14:m0) thread 15 joined, 3 connections remaining
(vm14:m0) Waiting for a thread to finish
(vm14:m0) thread 16 joined, 2 connections remaining
(vm14:m0) Waiting for a thread to finish
(vm14:m0) thread 17 joined, 1 connections remaining
(vm14:m0) Waiting for a thread to finish
(vm14:m0) thread 18 joined, 0 connections remaining
(vm14:m0) all done, exiting
*RES* start node vm14:m0
*RES* vm14:m0:0,1403612863387,54,19,29743541
*RES* vm14:m0:1,1403612865127,163,21,29743541
*RES* vm14:m0:2,1403612865108,184,24,29743541
*RES* vm14:m0:3,1403612864799,133,19,29743541
*RES* vm14:m0:4,1403612865113,180,24,29743541
*RES* vm14:m0:5,1403612863927,64,18,29743541
*RES* vm14:m0:6,1403612864117,62,20,29743541
*RES* vm14:m0:7,1403612864711,130,19,29743541
*RES* vm14:m0:8,1403612864748,145,18,29743541
*RES* vm14:m0:9,1403612864685,131,21,29743541
*RES* vm14:m0:10,1403612865036,92,27,29743541
*RES* vm14:m0:11,1403612864471,107,25,29743541
*RES* vm14:m0:12,1403612865102,180,25,29743541
*RES* vm14:m0:13,1403612865108,86,10,29743541
*RES* vm14:m0:14,1403612864781,172,18,29743541
*RES* vm14:m0:15,1403612864645,125,24,29743541
*RES* vm14:m0:16,1403612864609,99,25,29743541
*RES* vm14:m0:17,1403612864055,78,20,29743541
*RES* vm14:m0:18,1403612864719,145,19,29743541
*RES* end node vm14:m0
Node vm14:m0 joined
(vm14:r0:0) Connection finished, received 29743541 bytes
(vm14:r0) thread 0 joined, 8 connections remaining
(vm14:r0) Starting new connection thread
(vm14:r0) Maximum number of connections reached (5), waiting for a thread to finish
(vm14:r0:0) Connection established
(vm14:r0:0) Connection finished, received 29743541 bytes
(vm14:r0) thread 0 joined, 7 connections remaining
(vm14:r0) Starting new connection thread
(vm14:r0) Maximum number of connections reached (5), waiting for a thread to finish
(vm14:r0:0) Connection established
(vm14:r0:0) Connection finished, received 29743541 bytes
(vm14:r0) thread 0 joined, 6 connections remaining
(vm14:r0) Starting new connection thread
(vm14:r0) Maximum number of connections reached (5), waiting for a thread to finish
(vm14:r0:0) Connection established
(vm14:r0:0) Connection finished, received 29743541 bytes
(vm14:r0) thread 0 joined, 5 connections remaining
(vm14:r0) Starting new connection thread
(vm14:r0) Maximum number of connections reached (5), waiting for a thread to finish
(vm14:r0:0) Connection established
(vm14:r0:0) Connection finished, received 29743541 bytes
(vm14:r0) thread 0 joined, 4 connections remaining
(vm14:r0) Maximum number of connections reached (4), waiting for a thread to finish
(vm14:r0) thread 1 joined, 3 connections remaining
(vm14:r0) Maximum number of connections reached (3), waiting for a thread to finish
(vm14:r0) thread 2 joined, 2 connections remaining
(vm14:r0) Maximum number of connections reached (2), waiting for a thread to finish
(vm14:r0) thread 3 joined, 1 connections remaining
(vm14:r0) Maximum number of connections reached (1), waiting for a thread to finish
(vm14:r0) thread 4 joined, 0 connections remaining
(vm14:r0) all done, exiting
*RES* start node vm14:r0
*RES* vm14:r0:0,1403612862127,531,28,29743541
*RES* vm14:r0:0,1403612862666,441,27,29743541
*RES* vm14:r0:0,1403612863113,468,32,29743541
*RES* vm14:r0:0,1403612863585,322,29,29743541
*RES* vm14:r0:0,1403612863913,380,35,29743541
*RES* vm14:r0:0,1403612864297,209,30,29743541
*RES* vm14:r0:0,1403612864510,157,26,29743541
*RES* vm14:r0:0,1403612864674,201,24,29743541
*RES* vm14:r0:0,1403612864885,215,23,29743541
*RES* vm14:r0:0,1403612865105,90,11,29743541
*RES* vm14:r0:0,1403612865221,164,20,29743541
*RES* vm14:r0:0,1403612865389,37,15,29743541
*RES* vm14:r0:0,1403612865433,37,15,29743541
*RES* vm14:r0:0,1403612865477,58,15,29743541
*RES* vm14:r0:0,1403612865541,44,15,29743541
*RES* vm14:r0:1,1403612862127,625,32,29743541
*RES* vm14:r0:2,1403612862127,665,30,29743541
*RES* vm14:r0:3,1403612862127,544,31,29743541
*RES* vm14:r0:4,1403612862127,652,32,29743541
*RES* end node vm14:r0
Node vm14:r0 joined
Worker terminating correctly
