OSMeF worker starting
Enabling core dumping
Listening for command connection
(vm17:m0) New mapper on port 23330
(vm17:m0) -> reducer data size 2493223645
(vm17:m0) -> reducer data size 2493223645
(vm17:m0) -> reducer data size 2493223645
(vm17:m0) -> reducer data size 2493223645
(vm17:m0) -> reducer data size 2493223645
(vm17:m0) -> reducer data size 2493223645
(vm17:m0) -> reducer data size 2493223645
(vm17:m0) -> reducer data size 2493223645
(vm17:m0) -> reducer data size 2493223645
(vm17:m0) -> reducer data size 2493223645
(vm17:m0) -> reducer data size 2493223645
(vm17:m0) -> reducer data size 2493223645
(vm17:m0) -> reducer data size 2493223645
(vm17:m0) -> reducer data size 2493223645
(vm17:m0) -> reducer data size 2493223645
(vm17:m0) -> reducer data size 2493223645
(vm17:m0) -> reducer data size 2493223645
(vm17:m0) -> reducer data size 2493223645
(vm17:m0) -> reducer data size 2493223645
(vm17:m0) -> reducer data size 2493223645
(vm17:m0) -> reducer data size 2493223645
(vm17:m0) Mapper thread started
(vm17:m0) Allocating data for reducer vm1:r0
(vm17:m0) Allocating data for reducer vm2:r0
(vm17:m0) Allocating data for reducer vm3:r0
(vm17:m0) Allocating data for reducer vm4:r0
(vm17:m0) Allocating data for reducer vm5:r0
(vm17:m0) Allocating data for reducer vm6:r0
(vm17:m0) Allocating data for reducer vm7:r0
(vm17:m0) Allocating data for reducer vm8:r0
(vm17:m0) Allocating data for reducer vm9:r0
(vm17:m0) Allocating data for reducer vm10:r0
(vm17:m0) Allocating data for reducer vm11:r0
(vm17:m0) Allocating data for reducer vm12:r0
(vm17:m0) Allocating data for reducer vm13:r0
(vm17:m0) Allocating data for reducer vm14:r0
(vm17:m0) Allocating data for reducer vm15:r0
(vm17:m0) Allocating data for reducer vm16:r0
(vm17:m0) Allocating data for reducer vm17:r0
(vm17:m0) Allocating data for reducer vm18:r0
(vm17:m0) Allocating data for reducer vm19:r0
(vm17:m0) Allocating data for reducer vm20:r0
(vm17:m0) Allocating data for reducer vm21:r0
(vm17:m0) Binding to port 23330
(vm17:r0) New reducer
(vm17:r0) Reducer thread started
(vm17:r0) waiting for START message
(vm17:r0) got START message
(vm17:r0) Starting new connection thread
(vm17:r0) Starting new connection thread
(vm17:r0) Starting new connection thread
(vm17:r0) Starting new connection thread
(vm17:r0) Starting new connection thread
(vm17:r0) Maximum number of connections reached (5), waiting for a thread to finish
(vm17:r0:4) Connection established
(vm17:r0:3) Connection established
(vm17:r0:2) Connection established
(vm17:r0:1) Connection established
(vm17:r0:0) Connection established
(vm17:r0:3) Connection finished, received 2493223646 bytes
(vm17:r0:2) Connection finished, received 2493223646 bytes
(vm17:r0:4) Connection finished, received 2493223646 bytes
(vm17:r0:0) Connection finished, received 2493223646 bytes
(vm17:r0) thread 0 joined, 20 connections remaining
(vm17:r0) Starting new connection thread
(vm17:r0) Maximum number of connections reached (5), waiting for a thread to finish
(vm17:r0:0) Connection established
(vm17:r0:1) Connection finished, received 2493223646 bytes
(vm17:r0:0) Connection finished, received 2493223646 bytes
(vm17:r0) thread 0 joined, 19 connections remaining
(vm17:r0) Starting new connection thread
(vm17:r0) Maximum number of connections reached (5), waiting for a thread to finish
(vm17:r0:0) Connection established
(vm17:m0) Got connection from reducer vm1:r0
(vm17:m0:0) thread started, have to send 2493223645 bytes
(vm17:m0:0) all data sent, thread exiting
(vm17:r0:0) Connection finished, received 2493223646 bytes
(vm17:r0) thread 0 joined, 18 connections remaining
(vm17:r0) Starting new connection thread
(vm17:r0) Maximum number of connections reached (5), waiting for a thread to finish
(vm17:r0:0) Connection established
(vm17:m0) Got connection from reducer vm9:r0
(vm17:m0:8) thread started, have to send 2493223645 bytes
(vm17:m0) Got connection from reducer vm6:r0
(vm17:m0:5) thread started, have to send 2493223645 bytes
(vm17:r0:0) Connection finished, received 2493223646 bytes
(vm17:r0) thread 0 joined, 17 connections remaining
(vm17:r0) Starting new connection thread
(vm17:r0) Maximum number of connections reached (5), waiting for a thread to finish
(vm17:r0:0) Connection established
(vm17:m0:5) all data sent, thread exiting
(vm17:m0:8) all data sent, thread exiting
(vm17:m0) Got connection from reducer vm7:r0
(vm17:m0:6) thread started, have to send 2493223645 bytes
(vm17:m0) Got connection from reducer vm11:r0
(vm17:m0:10) thread started, have to send 2493223645 bytes
(vm17:m0:6) all data sent, thread exiting
(vm17:m0:10) all data sent, thread exiting
(vm17:m0) Got connection from reducer vm20:r0
(vm17:m0:19) thread started, have to send 2493223645 bytes
(vm17:m0:19) all data sent, thread exiting
(vm17:r0:0) Connection finished, received 2493223646 bytes
(vm17:r0) thread 0 joined, 16 connections remaining
(vm17:r0) Starting new connection thread
(vm17:r0) Maximum number of connections reached (5), waiting for a thread to finish
(vm17:r0:0) Connection established
(vm17:m0) Got connection from reducer vm15:r0
(vm17:m0:14) thread started, have to send 2493223645 bytes
(vm17:m0:14) all data sent, thread exiting
(vm17:r0:0) Connection finished, received 2493223646 bytes
(vm17:r0) thread 0 joined, 15 connections remaining
(vm17:r0) Starting new connection thread
(vm17:r0) Maximum number of connections reached (5), waiting for a thread to finish
(vm17:r0:0) Connection established
(vm17:m0) Got connection from reducer vm8:r0
(vm17:m0:7) thread started, have to send 2493223645 bytes
(vm17:m0:7) all data sent, thread exiting
(vm17:m0) Got connection from reducer vm14:r0
(vm17:m0:13) thread started, have to send 2493223645 bytes
(vm17:r0:0) Connection finished, received 2493223646 bytes
(vm17:r0) thread 0 joined, 14 connections remaining
(vm17:r0) Starting new connection thread
(vm17:r0) Maximum number of connections reached (5), waiting for a thread to finish
(vm17:r0:0) Connection established
(vm17:m0:13) all data sent, thread exiting
(vm17:m0) Got connection from reducer vm18:r0
(vm17:m0:17) thread started, have to send 2493223645 bytes
(vm17:m0:17) all data sent, thread exiting
(vm17:m0) Got connection from reducer vm16:r0
(vm17:m0:15) thread started, have to send 2493223645 bytes
(vm17:r0:0) Connection finished, received 2493223646 bytes
(vm17:r0) thread 0 joined, 13 connections remaining
(vm17:r0) Starting new connection thread
(vm17:r0) Maximum number of connections reached (5), waiting for a thread to finish
(vm17:r0:0) Connection established
(vm17:m0:15) all data sent, thread exiting
(vm17:m0) Got connection from reducer vm10:r0
(vm17:m0:9) thread started, have to send 2493223645 bytes
(vm17:r0:0) Connection finished, received 2493223646 bytes
(vm17:r0) thread 0 joined, 12 connections remaining
(vm17:r0) Starting new connection thread
(vm17:r0) Maximum number of connections reached (5), waiting for a thread to finish
(vm17:r0:0) Connection established
(vm17:m0:9) all data sent, thread exiting
(vm17:r0:0) Connection finished, received 2493223646 bytes
(vm17:r0) thread 0 joined, 11 connections remaining
(vm17:r0) Starting new connection thread
(vm17:r0) Maximum number of connections reached (5), waiting for a thread to finish
(vm17:r0:0) Connection established
(vm17:m0) Got connection from reducer vm12:r0
(vm17:m0:11) thread started, have to send 2493223645 bytes
(vm17:r0:0) Connection finished, received 2493223646 bytes
(vm17:r0) thread 0 joined, 10 connections remaining
(vm17:r0) Starting new connection thread
(vm17:r0) Maximum number of connections reached (5), waiting for a thread to finish
(vm17:r0:0) Connection established
(vm17:m0:11) all data sent, thread exiting
(vm17:m0) Got connection from reducer vm13:r0
(vm17:m0:12) thread started, have to send 2493223645 bytes
(vm17:r0:0) Connection finished, received 2493223646 bytes
(vm17:r0) thread 0 joined, 9 connections remaining
(vm17:r0) Starting new connection thread
(vm17:r0) Maximum number of connections reached (5), waiting for a thread to finish
(vm17:r0:0) Connection established
(vm17:m0) Got connection from reducer vm17:r0
(vm17:m0:16) thread started, have to send 2493223645 bytes
(vm17:m0:16) all data sent, thread exiting
(vm17:r0:0) Connection finished, received 2493223646 bytes
(vm17:r0) thread 0 joined, 8 connections remaining
(vm17:r0) Starting new connection thread
(vm17:r0) Maximum number of connections reached (5), waiting for a thread to finish
(vm17:r0:0) Connection established
(vm17:m0:12) all data sent, thread exiting
(vm17:r0:0) Connection finished, received 2493223646 bytes
(vm17:r0) thread 0 joined, 7 connections remaining
(vm17:r0) Starting new connection thread
(vm17:r0) Maximum number of connections reached (5), waiting for a thread to finish
(vm17:r0:0) Connection established
(vm17:r0:0) Connection finished, received 2493223646 bytes
(vm17:r0) thread 0 joined, 6 connections remaining
(vm17:r0) Starting new connection thread
(vm17:r0) Maximum number of connections reached (5), waiting for a thread to finish
(vm17:r0:0) Connection established
(vm17:m0) Got connection from reducer vm21:r0
(vm17:m0:20) thread started, have to send 2493223645 bytes
(vm17:m0) Got connection from reducer vm19:r0
(vm17:m0:18) thread started, have to send 2493223645 bytes
(vm17:r0:0) Connection finished, received 2493223646 bytes
(vm17:r0) thread 0 joined, 5 connections remaining
(vm17:r0) Starting new connection thread
(vm17:r0) Maximum number of connections reached (5), waiting for a thread to finish
(vm17:r0:0) Connection established
(vm17:m0) Got connection from reducer vm4:r0
(vm17:m0:3) thread started, have to send 2493223645 bytes
(vm17:m0) Got connection from reducer vm5:r0
(vm17:m0:4) thread started, have to send 2493223645 bytes
(vm17:m0) Got connection from reducer vm3:r0
(vm17:m0:2) thread started, have to send 2493223645 bytes
(vm17:m0) Got connection from reducer vm2:r0
(vm17:m0) Waiting for a thread to finish
(vm17:m0) thread 0 joined, 20 connections remaining
(vm17:m0) Waiting for a thread to finish
(vm17:m0:1) thread started, have to send 2493223645 bytes
(vm17:m0:20) all data sent, thread exiting
(vm17:r0:0) Connection finished, received 2493223646 bytes
(vm17:r0) thread 0 joined, 4 connections remaining
(vm17:r0) Maximum number of connections reached (4), waiting for a thread to finish
(vm17:r0) thread 1 joined, 3 connections remaining
(vm17:r0) Maximum number of connections reached (3), waiting for a thread to finish
(vm17:r0) thread 2 joined, 2 connections remaining
(vm17:r0) Maximum number of connections reached (2), waiting for a thread to finish
(vm17:r0) thread 3 joined, 1 connections remaining
(vm17:r0) Maximum number of connections reached (1), waiting for a thread to finish
(vm17:r0) thread 4 joined, 0 connections remaining
(vm17:r0) all done, exiting
(vm17:m0:18) all data sent, thread exiting
(vm17:m0:2) all data sent, thread exiting
(vm17:m0:3) all data sent, thread exiting
(vm17:m0:1) all data sent, thread exiting
(vm17:m0) thread 1 joined, 19 connections remaining
(vm17:m0) Waiting for a thread to finish
(vm17:m0) thread 2 joined, 18 connections remaining
(vm17:m0) Waiting for a thread to finish
(vm17:m0) thread 3 joined, 17 connections remaining
(vm17:m0) Waiting for a thread to finish
(vm17:m0:4) all data sent, thread exiting
(vm17:m0) thread 4 joined, 16 connections remaining
(vm17:m0) Waiting for a thread to finish
(vm17:m0) thread 5 joined, 15 connections remaining
(vm17:m0) Waiting for a thread to finish
(vm17:m0) thread 6 joined, 14 connections remaining
(vm17:m0) Waiting for a thread to finish
(vm17:m0) thread 7 joined, 13 connections remaining
(vm17:m0) Waiting for a thread to finish
(vm17:m0) thread 8 joined, 12 connections remaining
(vm17:m0) Waiting for a thread to finish
(vm17:m0) thread 9 joined, 11 connections remaining
(vm17:m0) Waiting for a thread to finish
(vm17:m0) thread 10 joined, 10 connections remaining
(vm17:m0) Waiting for a thread to finish
(vm17:m0) thread 11 joined, 9 connections remaining
(vm17:m0) Waiting for a thread to finish
(vm17:m0) thread 12 joined, 8 connections remaining
(vm17:m0) Waiting for a thread to finish
(vm17:m0) thread 13 joined, 7 connections remaining
(vm17:m0) Waiting for a thread to finish
(vm17:m0) thread 14 joined, 6 connections remaining
(vm17:m0) Waiting for a thread to finish
(vm17:m0) thread 15 joined, 5 connections remaining
(vm17:m0) Waiting for a thread to finish
(vm17:m0) thread 16 joined, 4 connections remaining
(vm17:m0) Waiting for a thread to finish
(vm17:m0) thread 17 joined, 3 connections remaining
(vm17:m0) Waiting for a thread to finish
(vm17:m0) thread 18 joined, 2 connections remaining
(vm17:m0) Waiting for a thread to finish
(vm17:m0) thread 19 joined, 1 connections remaining
(vm17:m0) Waiting for a thread to finish
(vm17:m0) thread 20 joined, 0 connections remaining
(vm17:m0) all done, exiting
*RES* start node vm17:m0
*RES* vm17:m0:0,1404287342029,5101,1553,2493223646
*RES* vm17:m0:1,1404287534598,9682,1695,2493223646
*RES* vm17:m0:2,1404287534509,9635,1664,2493223646
*RES* vm17:m0:3,1404287533768,10398,1812,2493223646
*RES* vm17:m0:4,1404287534432,9979,1784,2493223646
*RES* vm17:m0:5,1404287382319,5255,1994,2493223646
*RES* vm17:m0:6,1404287392756,7106,2218,2493223646
*RES* vm17:m0:7,1404287440397,4490,1799,2493223646
*RES* vm17:m0:8,1404287378765,11189,2109,2493223646
*RES* vm17:m0:9,1404287493337,4758,1850,2493223646
*RES* vm17:m0:10,1404287393125,7093,2146,2493223646
*RES* vm17:m0:11,1404287502654,6225,2092,2493223646
*RES* vm17:m0:12,1404287510299,7116,2235,2493223646
*RES* vm17:m0:13,1404287457621,5008,1990,2493223646
*RES* vm17:m0:14,1404287425049,5168,2139,2493223646
*RES* vm17:m0:15,1404287475792,5274,2230,2493223646
*RES* vm17:m0:16,1404287511404,3609,386,2493223646
*RES* vm17:m0:17,1404287469141,4704,2073,2493223646
*RES* vm17:m0:18,1404287528469,9154,1854,2493223646
*RES* vm17:m0:19,1404287403900,5392,1687,2493223646
*RES* vm17:m0:20,1404287528024,8913,1916,2493223646
*RES* end node vm17:m0
Node vm17:m0 joined
*RES* start node vm17:r0
*RES* vm17:r0:0,1404287225040,48813,2373,2493223646
*RES* vm17:r0:0,1404287273857,35546,2198,2493223646
*RES* vm17:r0:0,1404287309409,38055,1971,2493223646
*RES* vm17:r0:0,1404287347469,35749,2274,2493223646
*RES* vm17:r0:0,1404287383229,30374,2245,2493223646
*RES* vm17:r0:0,1404287413609,25619,2195,2493223646
*RES* vm17:r0:0,1404287439233,19296,2119,2493223646
*RES* vm17:r0:0,1404287458533,22388,1897,2493223646
*RES* vm17:r0:0,1404287480929,15348,1777,2493223646
*RES* vm17:r0:0,1404287496285,5075,1789,2493223646
*RES* vm17:r0:0,1404287501365,4846,1678,2493223646
*RES* vm17:r0:0,1404287506221,5168,1799,2493223646
*RES* vm17:r0:0,1404287511402,3617,1073,2493223646
*RES* vm17:r0:0,1404287515025,4013,1493,2493223646
*RES* vm17:r0:0,1404287519045,6764,1791,2493223646
*RES* vm17:r0:0,1404287525817,3554,1408,2493223646
*RES* vm17:r0:0,1404287529385,8200,1490,2493223646
*RES* vm17:r0:1,1404287225040,50108,2355,2493223646
*RES* vm17:r0:2,1404287225040,46351,2325,2493223646
*RES* vm17:r0:3,1404287225040,44196,2264,2493223646
*RES* vm17:r0:4,1404287225040,46652,2328,2493223646
*RES* end node vm17:r0
Node vm17:r0 joined
Worker terminating correctly
