OSMeF worker starting
Enabling core dumping
Listening for command connection
CONF: mapper on port 23330
CONF: -> will serve 42 reducers
(main) new thread ID: vm18:m0
(vm18:m0) Mapper thread started
(vm18:m0) Binding to port 23330
(vm18:m0) Got START signal
(vm18:m0) new thread ID: vm18:m0:th0
(vm18:m0:th0) waiting for something to do...
CONF: reducer
(main) new thread ID: vm18:r0
(vm18:r0) Reducer thread started
(vm18:r0) waiting for START message
(main) Waiting for thread vm18:m0 to join...
(vm18:r0) got START message
(vm18:r0) new thread ID: th0
(vm18:r0) new thread ID: th1
(vm18:r0) new thread ID: th2
(vm18:r0) new thread ID: th3
(vm18:r0) new thread ID: th4
(vm18:r0:th3:0) Connection established with mapper vm4:m0
(vm18:r0:th1:0) Connection established with mapper vm2:m0
(vm18:r0:th4:0) Connection established with mapper vm5:m0
(vm18:r0:th2:0) Connection established with mapper vm3:m0
(vm18:r0:th0:0) Connection established with mapper vm1:m0
(vm18:m0) Got connection from reducer vm40:r0
(vm18:m0:th0) connection started, have to send 623305911 bytes to vm40:r0
(vm18:m0) new thread ID: vm18:m0:th1
(vm18:m0) Got connection from reducer vm41:r0
(vm18:m0) new thread ID: vm18:m0:th2
(vm18:m0:th2) waiting for something to do...
(vm18:m0:th1) waiting for something to do...
(vm18:m0:th1) connection started, have to send 623305911 bytes to vm41:r0
(vm18:m0:th0) all data sent, closing connection to vm40:r0
(vm18:m0:th0) waiting for something to do...
(vm18:m0:th1) all data sent, closing connection to vm41:r0
(vm18:m0:th1) waiting for something to do...
(vm18:r0:th0:0) Connection to vm1:m0 finished, received 623305912 bytes
(vm18:m0) Got connection from reducer vm17:r0
(vm18:m0:th2) connection started, have to send 623305911 bytes to vm17:r0
(vm18:r0:th0:1) Connection established with mapper vm6:m0
(vm18:m0) Got connection from reducer vm28:r0
(vm18:m0:th0) connection started, have to send 623305911 bytes to vm28:r0
(vm18:m0:th0) all data sent, closing connection to vm28:r0
(vm18:m0:th0) waiting for something to do...
(vm18:r0:th4:0) Connection to vm5:m0 finished, received 623305912 bytes
(vm18:r0:th4:1) Connection established with mapper vm10:m0
(vm18:r0:th4:1) Connection to vm10:m0 finished, received 623305913 bytes
(vm18:r0:th4:2) Connection established with mapper vm15:m0
(vm18:m0) Got connection from reducer vm22:r0
(vm18:m0:th1) connection started, have to send 623305911 bytes to vm22:r0
(vm18:m0:th1) all data sent, closing connection to vm22:r0
(vm18:m0:th1) waiting for something to do...
(vm18:m0) Got connection from reducer vm25:r0
(vm18:m0:th0) connection started, have to send 623305911 bytes to vm25:r0
(vm18:m0:th0) all data sent, closing connection to vm25:r0
(vm18:m0:th0) waiting for something to do...
(vm18:m0) Got connection from reducer vm19:r0
(vm18:m0:th1) connection started, have to send 623305911 bytes to vm19:r0
(vm18:m0:th1) all data sent, closing connection to vm19:r0
(vm18:m0:th1) waiting for something to do...
(vm18:m0) Got connection from reducer vm11:r0
(vm18:m0:th0) connection started, have to send 623305911 bytes to vm11:r0
(vm18:m0:th0) all data sent, closing connection to vm11:r0
(vm18:m0:th0) waiting for something to do...
(vm18:m0) Got connection from reducer vm7:r0
(vm18:m0:th1) connection started, have to send 623305911 bytes to vm7:r0
(vm18:m0:th1) all data sent, closing connection to vm7:r0
(vm18:m0:th1) waiting for something to do...
(vm18:m0) Got connection from reducer vm13:r0
(vm18:m0:th0) connection started, have to send 623305911 bytes to vm13:r0
(vm18:m0:th0) all data sent, closing connection to vm13:r0
(vm18:m0:th0) waiting for something to do...
(vm18:m0) Got connection from reducer vm35:r0
(vm18:m0:th1) connection started, have to send 623305911 bytes to vm35:r0
(vm18:m0:th1) all data sent, closing connection to vm35:r0
(vm18:m0:th1) waiting for something to do...
(vm18:m0) Got connection from reducer vm32:r0
(vm18:m0:th0) connection started, have to send 623305911 bytes to vm32:r0
(vm18:m0:th0) all data sent, closing connection to vm32:r0
(vm18:m0:th0) waiting for something to do...
(vm18:m0) Got connection from reducer vm23:r0
(vm18:m0:th1) connection started, have to send 623305911 bytes to vm23:r0
(vm18:m0:th1) all data sent, closing connection to vm23:r0
(vm18:m0:th1) waiting for something to do...
(vm18:m0) Got connection from reducer vm26:r0
(vm18:m0:th0) connection started, have to send 623305911 bytes to vm26:r0
(vm18:m0:th0) all data sent, closing connection to vm26:r0
(vm18:m0:th0) waiting for something to do...
(vm18:m0) Got connection from reducer vm34:r0
(vm18:m0:th1) connection started, have to send 623305911 bytes to vm34:r0
(vm18:m0:th1) all data sent, closing connection to vm34:r0
(vm18:m0:th1) waiting for something to do...
(vm18:m0) Got connection from reducer vm36:r0
(vm18:m0:th0) connection started, have to send 623305911 bytes to vm36:r0
(vm18:m0:th0) all data sent, closing connection to vm36:r0
(vm18:m0:th0) waiting for something to do...
(vm18:m0) Got connection from reducer vm10:r0
(vm18:m0:th1) connection started, have to send 623305911 bytes to vm10:r0
(vm18:m0:th1) all data sent, closing connection to vm10:r0
(vm18:m0:th1) waiting for something to do...
(vm18:m0) Got connection from reducer vm30:r0
(vm18:m0:th0) connection started, have to send 623305911 bytes to vm30:r0
(vm18:m0:th0) all data sent, closing connection to vm30:r0
(vm18:m0:th0) waiting for something to do...
(vm18:r0:th2:0) Connection to vm3:m0 finished, received 623305912 bytes
(vm18:r0:th2:1) Connection established with mapper vm8:m0
(vm18:r0:th2:1) Connection to vm8:m0 finished, received 623305913 bytes
(vm18:r0:th2:2) Connection established with mapper vm13:m0
(vm18:r0:th2:2) Connection to vm13:m0 finished, received 623305914 bytes
(vm18:r0:th2:3) Connection established with mapper vm18:m0
(vm18:m0) Got connection from reducer vm18:r0
(vm18:m0:th1) connection started, have to send 623305911 bytes to vm18:r0
(vm18:m0:th1) all data sent, closing connection to vm18:r0
(vm18:m0:th1) waiting for something to do...
(vm18:r0:th2:3) Connection to vm18:m0 finished, received 623305915 bytes
(vm18:r0:th2:4) Connection established with mapper vm23:m0
(vm18:r0:th2:4) Connection to vm23:m0 finished, received 623305916 bytes
(vm18:r0:th2:5) Connection established with mapper vm28:m0
(vm18:r0:th2:5) Connection to vm28:m0 finished, received 623305917 bytes
(vm18:r0:th2:6) Connection established with mapper vm33:m0
(vm18:m0) Got connection from reducer vm20:r0
(vm18:m0:th0) connection started, have to send 623305911 bytes to vm20:r0
(vm18:m0:th0) all data sent, closing connection to vm20:r0
(vm18:m0:th0) waiting for something to do...
(vm18:r0:th2:6) Connection to vm33:m0 finished, received 623305918 bytes
(vm18:r0:th2:7) Connection established with mapper vm38:m0
(vm18:r0:th2:7) Connection to vm38:m0 finished, received 623305919 bytes
(vm18:r0:th2) Got data from all mappers, this reducer connection has finished.
(vm18:m0) Got connection from reducer vm21:r0
(vm18:m0:th1) connection started, have to send 623305911 bytes to vm21:r0
(vm18:m0:th1) all data sent, closing connection to vm21:r0
(vm18:m0:th1) waiting for something to do...
(vm18:m0) Got connection from reducer vm16:r0
(vm18:m0:th0) connection started, have to send 623305911 bytes to vm16:r0
(vm18:m0:th0) all data sent, closing connection to vm16:r0
(vm18:m0:th0) waiting for something to do...
(vm18:m0) Got connection from reducer vm27:r0
(vm18:m0:th1) connection started, have to send 623305911 bytes to vm27:r0
(vm18:m0:th1) all data sent, closing connection to vm27:r0
(vm18:m0:th1) waiting for something to do...
(vm18:m0) Got connection from reducer vm29:r0
(vm18:m0:th0) connection started, have to send 623305911 bytes to vm29:r0
(vm18:m0:th0) all data sent, closing connection to vm29:r0
(vm18:m0:th0) waiting for something to do...
(vm18:m0) Got connection from reducer vm39:r0
(vm18:m0:th1) connection started, have to send 623305911 bytes to vm39:r0
(vm18:m0:th1) all data sent, closing connection to vm39:r0
(vm18:m0:th1) waiting for something to do...
(vm18:m0) Got connection from reducer vm8:r0
(vm18:m0) Got connection from reducer vm14:r0
(vm18:m0) new thread ID: vm18:m0:th3
(vm18:m0:th0) connection started, have to send 623305911 bytes to vm8:r0
(vm18:m0:th1) connection started, have to send 623305911 bytes to vm14:r0
(vm18:m0:th1) all data sent, closing connection to vm14:r0
(vm18:m0:th1) waiting for something to do...
(vm18:m0:th0) all data sent, closing connection to vm8:r0
(vm18:m0:th0) waiting for something to do...
(vm18:m0:th3) waiting for something to do...
(vm18:m0) Got connection from reducer vm24:r0
(vm18:m0:th3) connection started, have to send 623305911 bytes to vm24:r0
(vm18:m0) Got connection from reducer vm42:r0
(vm18:m0:th0) connection started, have to send 623305911 bytes to vm42:r0
(vm18:m0:th0) all data sent, closing connection to vm42:r0
(vm18:m0:th0) waiting for something to do...
(vm18:m0) Got connection from reducer vm5:r0
(vm18:m0:th1) connection started, have to send 623305911 bytes to vm5:r0
(vm18:m0:th1) all data sent, closing connection to vm5:r0
(vm18:m0:th1) waiting for something to do...
(vm18:m0) Got connection from reducer vm33:r0
(vm18:m0:th0) connection started, have to send 623305911 bytes to vm33:r0
(vm18:m0:th0) all data sent, closing connection to vm33:r0
(vm18:m0:th0) waiting for something to do...
(vm18:r0:th3:0) Connection to vm4:m0 finished, received 623305912 bytes
(vm18:r0:th3:1) Connection established with mapper vm9:m0
(vm18:r0:th3:1) Connection to vm9:m0 finished, received 623305913 bytes
(vm18:r0:th3:2) Connection established with mapper vm14:m0
(vm18:r0:th3:2) Connection to vm14:m0 finished, received 623305914 bytes
(vm18:r0:th3:3) Connection established with mapper vm19:m0
(vm18:r0:th3:3) Connection to vm19:m0 finished, received 623305915 bytes
(vm18:r0:th3:4) Connection established with mapper vm24:m0
(vm18:r0:th3:4) Connection to vm24:m0 finished, received 623305916 bytes
(vm18:r0:th3:5) Connection established with mapper vm29:m0
(vm18:r0:th3:5) Connection to vm29:m0 finished, received 623305917 bytes
(vm18:r0:th3:6) Connection established with mapper vm34:m0
(vm18:m0) Got connection from reducer vm1:r0
(vm18:m0:th1) connection started, have to send 623305911 bytes to vm1:r0
(vm18:m0:th1) all data sent, closing connection to vm1:r0
(vm18:m0:th1) waiting for something to do...
(vm18:m0) Got connection from reducer vm3:r0
(vm18:m0:th0) connection started, have to send 623305911 bytes to vm3:r0
(vm18:m0:th0) all data sent, closing connection to vm3:r0
(vm18:m0:th0) waiting for something to do...
(vm18:m0) Got connection from reducer vm4:r0
(vm18:m0:th1) connection started, have to send 623305911 bytes to vm4:r0
(vm18:m0:th1) all data sent, closing connection to vm4:r0
(vm18:m0:th1) waiting for something to do...
(vm18:r0:th1:0) Connection to vm2:m0 finished, received 623305912 bytes
(vm18:r0:th1:1) Connection established with mapper vm7:m0
(vm18:r0:th1:1) Connection to vm7:m0 finished, received 623305913 bytes
(vm18:r0:th1:2) Connection established with mapper vm12:m0
(vm18:r0:th1:2) Connection to vm12:m0 finished, received 623305914 bytes
(vm18:r0:th1:3) Connection established with mapper vm17:m0
(vm18:r0:th1:3) Connection to vm17:m0 finished, received 623305915 bytes
(vm18:r0:th1:4) Connection established with mapper vm22:m0
(vm18:r0:th1:4) Connection to vm22:m0 finished, received 623305916 bytes
(vm18:r0:th1:5) Connection established with mapper vm27:m0
(vm18:m0) Got connection from reducer vm12:r0
(vm18:m0:th0) connection started, have to send 623305911 bytes to vm12:r0
(vm18:m0:th0) all data sent, closing connection to vm12:r0
(vm18:m0:th0) waiting for something to do...
(vm18:m0:th2) all data sent, closing connection to vm17:r0
(vm18:m0:th2) waiting for something to do...
(vm18:r0:th4:2) Connection to vm15:m0 finished, received 1246611825 bytes
(vm18:r0:th4:3) Connection established with mapper vm20:m0
(vm18:r0:th4:3) Connection to vm20:m0 finished, received 1246611826 bytes
(vm18:r0:th4:4) Connection established with mapper vm25:m0
(vm18:r0:th4:4) Connection to vm25:m0 finished, received 1246611827 bytes
(vm18:r0:th4:5) Connection established with mapper vm30:m0
(vm18:r0:th4:5) Connection to vm30:m0 finished, received 1246611828 bytes
(vm18:r0:th4:6) Connection established with mapper vm35:m0
(vm18:r0:th4:6) Connection to vm35:m0 finished, received 1246611829 bytes
(vm18:r0:th4:7) Connection established with mapper vm40:m0
(vm18:r0:th4:7) Connection to vm40:m0 finished, received 1246611830 bytes
(vm18:r0:th4) Got data from all mappers, this reducer connection has finished.
(vm18:m0) Got connection from reducer vm9:r0
(vm18:m0:th1) connection started, have to send 623305911 bytes to vm9:r0
(vm18:m0:th1) all data sent, closing connection to vm9:r0
(vm18:m0:th1) waiting for something to do...
(vm18:m0) Got connection from reducer vm2:r0
(vm18:m0:th0) connection started, have to send 623305911 bytes to vm2:r0
(vm18:m0:th0) all data sent, closing connection to vm2:r0
(vm18:m0:th0) waiting for something to do...
(vm18:m0) Got connection from reducer vm15:r0
(vm18:m0:th1) connection started, have to send 623305911 bytes to vm15:r0
(vm18:m0:th1) all data sent, closing connection to vm15:r0
(vm18:m0:th1) waiting for something to do...
(vm18:m0) Got connection from reducer vm31:r0
(vm18:m0:th0) connection started, have to send 623305911 bytes to vm31:r0
(vm18:m0:th0) all data sent, closing connection to vm31:r0
(vm18:m0:th0) waiting for something to do...
(vm18:m0) Got connection from reducer vm37:r0
(vm18:m0:th1) connection started, have to send 623305911 bytes to vm37:r0
(vm18:m0:th1) all data sent, closing connection to vm37:r0
(vm18:m0:th1) waiting for something to do...
(vm18:m0) Got connection from reducer vm38:r0
(vm18:m0:th0) connection started, have to send 623305911 bytes to vm38:r0
(vm18:m0:th0) all data sent, closing connection to vm38:r0
(vm18:m0:th0) waiting for something to do...
(vm18:r0:th3:6) Connection to vm34:m0 finished, received 1246611829 bytes
(vm18:r0:th3:7) Connection established with mapper vm39:m0
(vm18:r0:th3:7) Connection to vm39:m0 finished, received 1869917741 bytes
(vm18:r0:th3) Got data from all mappers, this reducer connection has finished.
(vm18:r0:th1:5) Connection to vm27:m0 finished, received 1246611828 bytes
(vm18:r0:th1:6) Connection established with mapper vm32:m0
(vm18:r0:th1:6) Connection to vm32:m0 finished, received 1246611829 bytes
(vm18:r0:th1:7) Connection established with mapper vm37:m0
(vm18:r0:th1:7) Connection to vm37:m0 finished, received 1246611830 bytes
(vm18:r0:th1:8) Connection established with mapper vm42:m0
(vm18:r0:th1:8) Connection to vm42:m0 finished, received 1246611831 bytes
(vm18:r0:th1) Got data from all mappers, this reducer connection has finished.
(vm18:m0:th3) all data sent, closing connection to vm24:r0
(vm18:m0:th3) waiting for something to do...
(vm18:m0) Got connection from reducer vm6:r0
(vm18:m0) All reducers connected, waiting for threads to terminate
(vm18:m0) waiting on semaphore
(vm18:m0) -> 1 threads still running
(vm18:m0) waiting on semaphore
(vm18:m0) -> 1 threads still running
(vm18:m0) waiting on semaphore
(vm18:m0) -> 1 threads still running
(vm18:m0) waiting on semaphore
(vm18:m0) -> 1 threads still running
(vm18:m0) waiting on semaphore
(vm18:m0) -> 1 threads still running
(vm18:m0) waiting on semaphore
(vm18:m0) -> 1 threads still running
(vm18:m0) waiting on semaphore
(vm18:m0) -> 1 threads still running
(vm18:m0) waiting on semaphore
(vm18:m0) -> 1 threads still running
(vm18:m0) waiting on semaphore
(vm18:m0) -> 1 threads still running
(vm18:m0) waiting on semaphore
(vm18:m0) -> 1 threads still running
(vm18:m0) waiting on semaphore
(vm18:m0) -> 1 threads still running
(vm18:m0) waiting on semaphore
(vm18:m0) -> 1 threads still running
(vm18:m0) waiting on semaphore
(vm18:m0) -> 1 threads still running
(vm18:m0) waiting on semaphore
(vm18:m0) -> 1 threads still running
(vm18:m0) waiting on semaphore
(vm18:m0) -> 1 threads still running
(vm18:m0) waiting on semaphore
(vm18:m0) -> 1 threads still running
(vm18:m0) waiting on semaphore
(vm18:m0) -> 1 threads still running
(vm18:m0) waiting on semaphore
(vm18:m0) -> 1 threads still running
(vm18:m0) waiting on semaphore
(vm18:m0) -> 1 threads still running
(vm18:m0) waiting on semaphore
(vm18:m0) -> 1 threads still running
(vm18:m0) waiting on semaphore
(vm18:m0) -> 1 threads still running
(vm18:m0) waiting on semaphore
(vm18:m0) -> 1 threads still running
(vm18:m0) waiting on semaphore
(vm18:m0) -> 1 threads still running
(vm18:m0) waiting on semaphore
(vm18:m0) -> 1 threads still running
(vm18:m0) waiting on semaphore
(vm18:m0) -> 1 threads still running
(vm18:m0) waiting on semaphore
(vm18:m0) -> 1 threads still running
(vm18:m0) waiting on semaphore
(vm18:m0) -> 1 threads still running
(vm18:m0) waiting on semaphore
(vm18:m0) -> 1 threads still running
(vm18:m0) waiting on semaphore
(vm18:m0) -> 1 threads still running
(vm18:m0) waiting on semaphore
(vm18:m0) -> 1 threads still running
(vm18:m0) waiting on semaphore
(vm18:m0) -> 1 threads still running
(vm18:m0) waiting on semaphore
(vm18:m0) -> 1 threads still running
(vm18:m0) waiting on semaphore
(vm18:m0) -> 1 threads still running
(vm18:m0) waiting on semaphore
(vm18:m0) -> 1 threads still running
(vm18:m0) waiting on semaphore
(vm18:m0) -> 1 threads still running
(vm18:m0) waiting on semaphore
(vm18:m0) -> 1 threads still running
(vm18:m0) waiting on semaphore
(vm18:m0) -> 1 threads still running
(vm18:m0) waiting on semaphore
(vm18:m0) -> 1 threads still running
(vm18:m0) waiting on semaphore
(vm18:m0) -> 1 threads still running
(vm18:m0) waiting on semaphore
(vm18:m0:th1) connection started, have to send 623305911 bytes to vm6:r0
(vm18:m0:th1) all data sent, closing connection to vm6:r0
(vm18:m0:th1) waiting for something to do...
(vm18:m0) Sending exit signal to all threads
(vm18:m0:th0) got exit signal
(vm18:m0:th2) got exit signal
(vm18:m0:th3) got exit signal
(vm18:m0:th1) got exit signal
(vm18:m0) thread vm18:m0:th0 joined
(vm18:m0) thread vm18:m0:th1 joined
(vm18:m0) thread vm18:m0:th2 joined
(vm18:m0) thread vm18:m0:th3 joined
(vm18:m0) all done, exiting
*RES* start node vm18:m0
*RES* vm18:m0:th0,1406627128303,1670,623,623305912
*RES* vm18:m0:th1,1406627128305,1785,610,623305912
*RES* vm18:m0:th0,1406627143769,0,624,623305912
*RES* vm18:m0:th1,1406627144055,0,610,623305912
*RES* vm18:m0:th0,1406627144208,0,624,623305912
*RES* vm18:m0:th1,1406627144209,0,611,623305912
*RES* vm18:m0:th0,1406627144308,0,624,623305912
*RES* vm18:m0:th1,1406627144338,0,611,623305912
*RES* vm18:m0:th0,1406627144348,0,624,623305912
*RES* vm18:m0:th1,1406627144362,0,611,623305912
*RES* vm18:m0:th0,1406627144432,0,624,623305912
*RES* vm18:m0:th1,1406627144519,0,611,623305912
*RES* vm18:m0:th0,1406627144570,0,624,623305912
*RES* vm18:m0:th1,1406627144648,0,611,623305912
*RES* vm18:m0:th0,1406627144668,0,624,623305912
*RES* vm18:m0:th1,1406627144671,0,611,623305912
*RES* vm18:m0:th0,1406627144684,0,625,623305912
*RES* vm18:m0:th1,1406627144734,0,611,623305912
*RES* vm18:m0:th0,1406627144767,0,625,623305912
*RES* vm18:m0:th1,1406627144783,0,612,623305912
*RES* vm18:m0:th0,1406627144807,0,625,623305912
*RES* vm18:m0:th1,1406627144810,0,612,623305912
*RES* vm18:m0:th0,1406627144840,0,625,623305912
*RES* vm18:m0:th1,1406627144841,0,612,623305912
*RES* vm18:m0:th0,1406627144937,0,625,623305912
*RES* vm18:m0:th1,1406627144937,0,612,623305912
*RES* vm18:m0:th0,1406627145032,0,625,623305912
*RES* vm18:m0:th1,1406627145161,0,612,623305912
*RES* vm18:m0:th0,1406627145320,0,625,623305912
*RES* vm18:m0:th1,1406627145805,0,612,623305912
*RES* vm18:m0:th0,1406627146140,0,626,623305912
*RES* vm18:m0:th1,1406627147245,0,612,623305912
*RES* vm18:m0:th0,1406627147659,0,626,623305912
*RES* vm18:m0:th1,1406627148989,0,612,623305912
*RES* vm18:m0:th0,1406627149207,0,626,623305912
*RES* vm18:m0:th1,1406627150459,0,613,623305912
*RES* vm18:m0:th0,1406627150472,0,626,623305912
*RES* vm18:m0:th1,1406627150889,0,613,623305912
*RES* vm18:m0:th0,1406627151097,0,626,623305912
*RES* vm18:m0:th1,1406627170817,0,613,623305912
*RES* vm18:m0:th2,1406627143749,4205,878,623305912
*RES* vm18:m0:th3,1406627145005,16002,640,623305912
*RES* end node vm18:m0
(main) Thread vm18:m0 joined
(main) Waiting for thread vm18:r0 to join...
(vm18:r0:th0:1) Connection to vm6:m0 finished, received 1246611824 bytes
(vm18:r0:th0:2) Connection established with mapper vm11:m0
(vm18:r0:th0:2) Connection to vm11:m0 finished, received 1246611825 bytes
(vm18:r0:th0:3) Connection established with mapper vm16:m0
(vm18:r0:th0:3) Connection to vm16:m0 finished, received 1246611826 bytes
(vm18:r0:th0:4) Connection established with mapper vm21:m0
(vm18:r0:th0:4) Connection to vm21:m0 finished, received 1246611827 bytes
(vm18:r0:th0:5) Connection established with mapper vm26:m0
(vm18:r0:th0:5) Connection to vm26:m0 finished, received 1246611828 bytes
(vm18:r0:th0:6) Connection established with mapper vm31:m0
(vm18:r0:th0:6) Connection to vm31:m0 finished, received 1246611829 bytes
(vm18:r0:th0:7) Connection established with mapper vm36:m0
(vm18:r0:th0:7) Connection to vm36:m0 finished, received 1246611830 bytes
(vm18:r0:th0:8) Connection established with mapper vm41:m0
(vm18:r0:th0:8) Connection to vm41:m0 finished, received 1246611831 bytes
(vm18:r0:th0) Got data from all mappers, this reducer connection has finished.
(vm18:r0) thread th0 joined, 4 connection threads remaining
(vm18:r0) thread th1 joined, 3 connection threads remaining
(vm18:r0) thread th2 joined, 2 connection threads remaining
(vm18:r0) thread th3 joined, 1 connection threads remaining
(vm18:r0) thread th4 joined, 0 connection threads remaining
(vm18:r0) all done, exiting
*RES* start node vm18:r0
*RES* vm18:r0:th0:0,1406627117772,25974,750,623305912
*RES* vm18:r0:th0:1,1406627143746,27150,1432,1246611824
*RES* vm18:r0:th0:2,1406627170897,1,1432,1246611825
*RES* vm18:r0:th0:3,1406627170898,1,1432,1246611826
*RES* vm18:r0:th0:4,1406627170900,0,1432,1246611827
*RES* vm18:r0:th0:5,1406627170900,1,1432,1246611828
*RES* vm18:r0:th0:6,1406627170901,1,1433,1246611829
*RES* vm18:r0:th0:7,1406627170902,0,1433,1246611830
*RES* vm18:r0:th0:8,1406627170902,0,1433,1246611831
*RES* vm18:r0:th1:0,1406627117772,29508,763,623305912
*RES* vm18:r0:th1:1,1406627147280,7,763,623305913
*RES* vm18:r0:th1:2,1406627147287,8,764,623305914
*RES* vm18:r0:th1:3,1406627147295,9,765,623305915
*RES* vm18:r0:th1:4,1406627147304,15,765,623305916
*RES* vm18:r0:th1:5,1406627147319,12918,1558,1246611828
*RES* vm18:r0:th1:6,1406627160237,6,1559,1246611829
*RES* vm18:r0:th1:7,1406627160243,3,1559,1246611830
*RES* vm18:r0:th1:8,1406627160246,2,1560,1246611831
*RES* vm18:r0:th2:0,1406627117772,26942,732,623305912
*RES* vm18:r0:th2:1,1406627144714,14,733,623305913
*RES* vm18:r0:th2:2,1406627144728,5,733,623305914
*RES* vm18:r0:th2:3,1406627144733,1,734,623305915
*RES* vm18:r0:th2:4,1406627144734,5,734,623305916
*RES* vm18:r0:th2:5,1406627144739,10,735,623305917
*RES* vm18:r0:th2:6,1406627144749,18,735,623305918
*RES* vm18:r0:th2:7,1406627144767,11,735,623305919
*RES* vm18:r0:th3:0,1406627117772,27883,746,623305912
*RES* vm18:r0:th3:1,1406627145655,16,746,623305913
*RES* vm18:r0:th3:2,1406627145671,13,747,623305914
*RES* vm18:r0:th3:3,1406627145684,19,747,623305915
*RES* vm18:r0:th3:4,1406627145703,19,748,623305916
*RES* vm18:r0:th3:5,1406627145722,25,748,623305917
*RES* vm18:r0:th3:6,1406627145747,7755,1539,1246611829
*RES* vm18:r0:th3:7,1406627153502,5792,2237,1869917741
*RES* vm18:r0:th4:0,1406627117771,26180,737,623305912
*RES* vm18:r0:th4:1,1406627143952,9,738,623305913
*RES* vm18:r0:th4:2,1406627143961,4883,1559,1246611825
*RES* vm18:r0:th4:3,1406627148849,17,1559,1246611826
*RES* vm18:r0:th4:4,1406627148866,21,1560,1246611827
*RES* vm18:r0:th4:5,1406627148887,14,1561,1246611828
*RES* vm18:r0:th4:6,1406627148901,12,1561,1246611829
*RES* vm18:r0:th4:7,1406627148913,14,1561,1246611830
*RES* end node vm18:r0
(main) Thread vm18:r0 joined
Worker terminating correctly
