OSMeF worker starting
Enabling core dumping
Listening for command connection
CONF: mapper on port 23330
CONF: -> will serve 42 reducers
(main) new thread ID: vm12:m0
(vm12:m0) Mapper thread started
(vm12:m0) Binding to port 23330
(vm12:m0) Got START signal
(vm12:m0) new thread ID: vm12:m0:th0
(vm12:m0:th0) waiting for something to do...
CONF: reducer
(main) new thread ID: vm12:r0
(vm12:r0) Reducer thread started
(vm12:r0) waiting for START message
(main) Waiting for thread vm12:m0 to join...
(vm12:r0) got START message
(vm12:r0) new thread ID: th0
(vm12:r0) new thread ID: th1
(vm12:r0) new thread ID: th2
(vm12:r0) new thread ID: th3
(vm12:r0) new thread ID: th4
(vm12:r0:th3:0) Connection established with mapper vm4:m0
(vm12:r0:th1:0) Connection established with mapper vm2:m0
(vm12:r0:th2:0) Connection established with mapper vm3:m0
(vm12:r0:th0:0) Connection established with mapper vm1:m0
(vm12:r0:th4:0) Connection established with mapper vm5:m0
(vm12:m0) Got connection from reducer vm41:r0
(vm12:m0) new thread ID: vm12:m0:th1
(vm12:m0:th0) connection started, have to send 623305911 bytes to vm41:r0
(vm12:m0:th1) waiting for something to do...
(vm12:m0) Got connection from reducer vm42:r0
(vm12:m0) new thread ID: vm12:m0:th2
(vm12:m0:th1) connection started, have to send 623305911 bytes to vm42:r0
(vm12:m0:th2) waiting for something to do...
(vm12:m0:th0) all data sent, closing connection to vm41:r0
(vm12:m0:th0) waiting for something to do...
(vm12:m0:th1) all data sent, closing connection to vm42:r0
(vm12:m0:th1) waiting for something to do...
(vm12:r0:th2:0) Connection to vm3:m0 finished, received 623305912 bytes
(vm12:r0:th2:1) Connection established with mapper vm8:m0
(vm12:m0) Got connection from reducer vm26:r0
(vm12:m0:th2) connection started, have to send 623305911 bytes to vm26:r0
(vm12:m0) Got connection from reducer vm24:r0
(vm12:m0:th0) connection started, have to send 623305911 bytes to vm24:r0
(vm12:m0:th0) all data sent, closing connection to vm24:r0
(vm12:m0:th0) waiting for something to do...
(vm12:m0) Got connection from reducer vm27:r0
(vm12:m0:th1) connection started, have to send 623305911 bytes to vm27:r0
(vm12:m0:th1) all data sent, closing connection to vm27:r0
(vm12:m0:th1) waiting for something to do...
(vm12:m0) Got connection from reducer vm13:r0
(vm12:m0:th0) connection started, have to send 623305911 bytes to vm13:r0
(vm12:m0:th0) all data sent, closing connection to vm13:r0
(vm12:m0:th0) waiting for something to do...
(vm12:m0) Got connection from reducer vm8:r0
(vm12:m0:th1) connection started, have to send 623305911 bytes to vm8:r0
(vm12:m0:th1) all data sent, closing connection to vm8:r0
(vm12:m0:th1) waiting for something to do...
(vm12:m0) Got connection from reducer vm39:r0
(vm12:m0:th0) connection started, have to send 623305911 bytes to vm39:r0
(vm12:m0:th0) all data sent, closing connection to vm39:r0
(vm12:m0:th0) waiting for something to do...
(vm12:m0) Got connection from reducer vm7:r0
(vm12:m0:th1) connection started, have to send 623305911 bytes to vm7:r0
(vm12:m0:th1) all data sent, closing connection to vm7:r0
(vm12:m0:th1) waiting for something to do...
(vm12:m0) Got connection from reducer vm6:r0
(vm12:m0:th0) connection started, have to send 623305911 bytes to vm6:r0
(vm12:m0:th0) all data sent, closing connection to vm6:r0
(vm12:m0:th0) waiting for something to do...
(vm12:m0) Got connection from reducer vm38:r0
(vm12:m0:th1) connection started, have to send 623305911 bytes to vm38:r0
(vm12:m0:th1) all data sent, closing connection to vm38:r0
(vm12:m0:th1) waiting for something to do...
(vm12:m0) Got connection from reducer vm40:r0
(vm12:m0:th0) connection started, have to send 623305911 bytes to vm40:r0
(vm12:m0:th0) all data sent, closing connection to vm40:r0
(vm12:m0:th0) waiting for something to do...
(vm12:m0) Got connection from reducer vm16:r0
(vm12:m0:th1) connection started, have to send 623305911 bytes to vm16:r0
(vm12:m0:th1) all data sent, closing connection to vm16:r0
(vm12:m0:th1) waiting for something to do...
(vm12:m0) Got connection from reducer vm17:r0
(vm12:m0:th0) connection started, have to send 623305911 bytes to vm17:r0
(vm12:m0:th0) all data sent, closing connection to vm17:r0
(vm12:m0:th0) waiting for something to do...
(vm12:m0) Got connection from reducer vm36:r0
(vm12:m0:th1) connection started, have to send 623305911 bytes to vm36:r0
(vm12:m0:th1) all data sent, closing connection to vm36:r0
(vm12:m0:th1) waiting for something to do...
(vm12:m0) Got connection from reducer vm22:r0
(vm12:m0:th0) connection started, have to send 623305911 bytes to vm22:r0
(vm12:m0:th0) all data sent, closing connection to vm22:r0
(vm12:m0:th0) waiting for something to do...
(vm12:m0) Got connection from reducer vm37:r0
(vm12:m0:th1) connection started, have to send 623305911 bytes to vm37:r0
(vm12:m0:th1) all data sent, closing connection to vm37:r0
(vm12:m0:th1) waiting for something to do...
(vm12:r0:th4:0) Connection to vm5:m0 finished, received 623305912 bytes
(vm12:r0:th4:1) Connection established with mapper vm10:m0
(vm12:r0:th4:1) Connection to vm10:m0 finished, received 623305913 bytes
(vm12:r0:th4:2) Connection established with mapper vm15:m0
(vm12:r0:th4:2) Connection to vm15:m0 finished, received 623305914 bytes
(vm12:r0:th4:3) Connection established with mapper vm20:m0
(vm12:r0:th4:3) Connection to vm20:m0 finished, received 623305915 bytes
(vm12:m0) Got connection from reducer vm35:r0
(vm12:m0:th0) connection started, have to send 623305911 bytes to vm35:r0
(vm12:m0:th0) all data sent, closing connection to vm35:r0
(vm12:m0:th0) waiting for something to do...
(vm12:r0:th4:4) Connection established with mapper vm25:m0
(vm12:r0:th3:0) Connection to vm4:m0 finished, received 623305912 bytes
(vm12:r0:th3:1) Connection established with mapper vm9:m0
(vm12:r0:th3:1) Connection to vm9:m0 finished, received 623305913 bytes
(vm12:r0:th3:2) Connection established with mapper vm14:m0
(vm12:r0:th3:2) Connection to vm14:m0 finished, received 623305914 bytes
(vm12:r0:th3:3) Connection established with mapper vm19:m0
(vm12:r0:th3:3) Connection to vm19:m0 finished, received 623305915 bytes
(vm12:r0:th3:4) Connection established with mapper vm24:m0
(vm12:r0:th3:4) Connection to vm24:m0 finished, received 623305916 bytes
(vm12:r0:th3:5) Connection established with mapper vm29:m0
(vm12:m0) Got connection from reducer vm10:r0
(vm12:m0:th1) connection started, have to send 623305911 bytes to vm10:r0
(vm12:m0:th1) all data sent, closing connection to vm10:r0
(vm12:m0:th1) waiting for something to do...
(vm12:m0) Got connection from reducer vm14:r0
(vm12:m0:th0) connection started, have to send 623305911 bytes to vm14:r0
(vm12:m0:th0) all data sent, closing connection to vm14:r0
(vm12:m0:th0) waiting for something to do...
(vm12:r0:th2:1) Connection to vm8:m0 finished, received 1246611824 bytes
(vm12:r0:th2:2) Connection established with mapper vm13:m0
(vm12:r0:th2:2) Connection to vm13:m0 finished, received 1246611825 bytes
(vm12:r0:th2:3) Connection established with mapper vm18:m0
(vm12:r0:th2:3) Connection to vm18:m0 finished, received 1246611826 bytes
(vm12:r0:th2:4) Connection established with mapper vm23:m0
(vm12:r0:th2:4) Connection to vm23:m0 finished, received 1246611827 bytes
(vm12:r0:th2:5) Connection established with mapper vm28:m0
(vm12:m0) Got connection from reducer vm11:r0
(vm12:m0:th1) connection started, have to send 623305911 bytes to vm11:r0
(vm12:m0:th1) all data sent, closing connection to vm11:r0
(vm12:m0:th1) waiting for something to do...
(vm12:m0) Got connection from reducer vm29:r0
(vm12:m0:th0) connection started, have to send 623305911 bytes to vm29:r0
(vm12:m0:th0) all data sent, closing connection to vm29:r0
(vm12:m0:th0) waiting for something to do...
(vm12:r0:th1:0) Connection to vm2:m0 finished, received 623305912 bytes
(vm12:r0:th1:1) Connection established with mapper vm7:m0
(vm12:r0:th1:1) Connection to vm7:m0 finished, received 623305913 bytes
(vm12:r0:th1:2) Connection established with mapper vm12:m0
(vm12:m0) Got connection from reducer vm12:r0
(vm12:m0:th1) connection started, have to send 623305911 bytes to vm12:r0
(vm12:m0:th1) all data sent, closing connection to vm12:r0
(vm12:m0:th1) waiting for something to do...
(vm12:r0:th1:2) Connection to vm12:m0 finished, received 623305914 bytes
(vm12:r0:th1:3) Connection established with mapper vm17:m0
(vm12:r0:th1:3) Connection to vm17:m0 finished, received 623305915 bytes
(vm12:r0:th1:4) Connection established with mapper vm22:m0
(vm12:r0:th1:4) Connection to vm22:m0 finished, received 623305916 bytes
(vm12:r0:th1:5) Connection established with mapper vm27:m0
(vm12:r0:th1:5) Connection to vm27:m0 finished, received 623305917 bytes
(vm12:r0:th1:6) Connection established with mapper vm32:m0
(vm12:m0) Got connection from reducer vm34:r0
(vm12:m0:th0) connection started, have to send 623305911 bytes to vm34:r0
(vm12:m0:th0) all data sent, closing connection to vm34:r0
(vm12:m0:th0) waiting for something to do...
(vm12:m0) Got connection from reducer vm15:r0
(vm12:m0:th1) connection started, have to send 623305911 bytes to vm15:r0
(vm12:m0:th1) all data sent, closing connection to vm15:r0
(vm12:m0:th1) waiting for something to do...
(vm12:m0) Got connection from reducer vm21:r0
(vm12:m0:th0) connection started, have to send 623305911 bytes to vm21:r0
(vm12:m0:th0) all data sent, closing connection to vm21:r0
(vm12:m0:th0) waiting for something to do...
(vm12:m0) Got connection from reducer vm30:r0
(vm12:m0:th1) connection started, have to send 623305911 bytes to vm30:r0
(vm12:m0:th1) all data sent, closing connection to vm30:r0
(vm12:m0:th1) waiting for something to do...
(vm12:m0) Got connection from reducer vm28:r0
(vm12:m0) Got connection from reducer vm9:r0
(vm12:m0) new thread ID: vm12:m0:th3
(vm12:m0) Got connection from reducer vm23:r0
(vm12:m0) new thread ID: vm12:m0:th4
(vm12:m0:th0) connection started, have to send 623305911 bytes to vm28:r0
(vm12:m0:th1) connection started, have to send 623305911 bytes to vm9:r0
(vm12:m0:th1) all data sent, closing connection to vm9:r0
(vm12:m0:th1) waiting for something to do...
(vm12:m0:th0) all data sent, closing connection to vm28:r0
(vm12:m0:th0) waiting for something to do...
(vm12:m0:th4) waiting for something to do...
(vm12:m0:th3) waiting for something to do...
(vm12:m0:th3) connection started, have to send 623305911 bytes to vm23:r0
(vm12:m0) Got connection from reducer vm20:r0
(vm12:m0:th4) connection started, have to send 623305911 bytes to vm20:r0
(vm12:m0) Got connection from reducer vm19:r0
(vm12:m0:th0) connection started, have to send 623305911 bytes to vm19:r0
(vm12:m0:th0) all data sent, closing connection to vm19:r0
(vm12:m0:th0) waiting for something to do...
(vm12:m0) Got connection from reducer vm32:r0
(vm12:m0:th1) connection started, have to send 623305911 bytes to vm32:r0
(vm12:m0:th1) all data sent, closing connection to vm32:r0
(vm12:m0:th1) waiting for something to do...
(vm12:m0) Got connection from reducer vm31:r0
(vm12:m0:th0) connection started, have to send 623305911 bytes to vm31:r0
(vm12:m0:th0) all data sent, closing connection to vm31:r0
(vm12:m0:th0) waiting for something to do...
(vm12:m0) Got connection from reducer vm25:r0
(vm12:m0:th1) connection started, have to send 623305911 bytes to vm25:r0
(vm12:m0:th1) all data sent, closing connection to vm25:r0
(vm12:m0:th1) waiting for something to do...
(vm12:m0) Got connection from reducer vm18:r0
(vm12:m0:th0) connection started, have to send 623305911 bytes to vm18:r0
(vm12:m0:th0) all data sent, closing connection to vm18:r0
(vm12:m0:th0) waiting for something to do...
(vm12:m0) Got connection from reducer vm33:r0
(vm12:m0:th1) connection started, have to send 623305911 bytes to vm33:r0
(vm12:m0:th1) all data sent, closing connection to vm33:r0
(vm12:m0:th1) waiting for something to do...
(vm12:m0) Got connection from reducer vm2:r0
(vm12:m0:th0) connection started, have to send 623305911 bytes to vm2:r0
(vm12:m0:th0) all data sent, closing connection to vm2:r0
(vm12:m0:th0) waiting for something to do...
(vm12:m0) Got connection from reducer vm4:r0
(vm12:m0:th1) connection started, have to send 623305911 bytes to vm4:r0
(vm12:m0:th1) all data sent, closing connection to vm4:r0
(vm12:m0:th1) waiting for something to do...
(vm12:m0:th2) all data sent, closing connection to vm26:r0
(vm12:m0:th2) waiting for something to do...
(vm12:r0:th0:0) Connection to vm1:m0 finished, received 623305912 bytes
(vm12:r0:th0:1) Connection established with mapper vm6:m0
(vm12:r0:th0:1) Connection to vm6:m0 finished, received 623305913 bytes
(vm12:r0:th0:2) Connection established with mapper vm11:m0
(vm12:r0:th0:2) Connection to vm11:m0 finished, received 623305914 bytes
(vm12:r0:th0:3) Connection established with mapper vm16:m0
(vm12:r0:th0:3) Connection to vm16:m0 finished, received 623305915 bytes
(vm12:r0:th0:4) Connection established with mapper vm21:m0
(vm12:r0:th0:4) Connection to vm21:m0 finished, received 623305916 bytes
(vm12:r0:th0:5) Connection established with mapper vm26:m0
(vm12:m0) Got connection from reducer vm1:r0
(vm12:m0:th0) connection started, have to send 623305911 bytes to vm1:r0
(vm12:m0:th0) all data sent, closing connection to vm1:r0
(vm12:m0:th0) waiting for something to do...
(vm12:m0) Got connection from reducer vm3:r0
(vm12:m0:th1) connection started, have to send 623305911 bytes to vm3:r0
(vm12:m0:th1) all data sent, closing connection to vm3:r0
(vm12:m0:th1) waiting for something to do...
(vm12:m0) Got connection from reducer vm5:r0
(vm12:m0) All reducers connected, waiting for threads to terminate
(vm12:m0) waiting on semaphore
(vm12:m0) -> 3 threads still running
(vm12:m0) waiting on semaphore
(vm12:m0) -> 3 threads still running
(vm12:m0) waiting on semaphore
(vm12:m0) -> 3 threads still running
(vm12:m0) waiting on semaphore
(vm12:m0) -> 3 threads still running
(vm12:m0) waiting on semaphore
(vm12:m0) -> 3 threads still running
(vm12:m0) waiting on semaphore
(vm12:m0) -> 3 threads still running
(vm12:m0) waiting on semaphore
(vm12:m0) -> 3 threads still running
(vm12:m0) waiting on semaphore
(vm12:m0) -> 3 threads still running
(vm12:m0) waiting on semaphore
(vm12:m0) -> 3 threads still running
(vm12:m0) waiting on semaphore
(vm12:m0) -> 3 threads still running
(vm12:m0) waiting on semaphore
(vm12:m0) -> 3 threads still running
(vm12:m0) waiting on semaphore
(vm12:m0) -> 3 threads still running
(vm12:m0) waiting on semaphore
(vm12:m0) -> 3 threads still running
(vm12:m0) waiting on semaphore
(vm12:m0) -> 3 threads still running
(vm12:m0) waiting on semaphore
(vm12:m0) -> 3 threads still running
(vm12:m0) waiting on semaphore
(vm12:m0) -> 3 threads still running
(vm12:m0) waiting on semaphore
(vm12:m0) -> 3 threads still running
(vm12:m0) waiting on semaphore
(vm12:m0) -> 3 threads still running
(vm12:m0) waiting on semaphore
(vm12:m0) -> 3 threads still running
(vm12:m0) waiting on semaphore
(vm12:m0) -> 3 threads still running
(vm12:m0) waiting on semaphore
(vm12:m0) -> 3 threads still running
(vm12:m0) waiting on semaphore
(vm12:m0) -> 3 threads still running
(vm12:m0) waiting on semaphore
(vm12:m0) -> 3 threads still running
(vm12:m0) waiting on semaphore
(vm12:m0) -> 3 threads still running
(vm12:m0) waiting on semaphore
(vm12:m0) -> 3 threads still running
(vm12:m0) waiting on semaphore
(vm12:m0) -> 3 threads still running
(vm12:m0) waiting on semaphore
(vm12:m0) -> 3 threads still running
(vm12:m0) waiting on semaphore
(vm12:m0) -> 3 threads still running
(vm12:m0) waiting on semaphore
(vm12:m0) -> 3 threads still running
(vm12:m0) waiting on semaphore
(vm12:m0) -> 3 threads still running
(vm12:m0) waiting on semaphore
(vm12:m0) -> 3 threads still running
(vm12:m0) waiting on semaphore
(vm12:m0) -> 3 threads still running
(vm12:m0) waiting on semaphore
(vm12:m0) -> 3 threads still running
(vm12:m0) waiting on semaphore
(vm12:m0) -> 3 threads still running
(vm12:m0) waiting on semaphore
(vm12:m0) -> 3 threads still running
(vm12:m0) waiting on semaphore
(vm12:m0) -> 3 threads still running
(vm12:m0) waiting on semaphore
(vm12:m0) -> 3 threads still running
(vm12:m0) waiting on semaphore
(vm12:m0:th0) connection started, have to send 623305911 bytes to vm5:r0
(vm12:m0:th0) all data sent, closing connection to vm5:r0
(vm12:m0:th0) waiting for something to do...
(vm12:m0) -> 2 threads still running
(vm12:m0) waiting on semaphore
(vm12:m0:th3) all data sent, closing connection to vm23:r0
(vm12:m0) -> 1 threads still running
(vm12:m0) waiting on semaphore
(vm12:m0:th3) waiting for something to do...
(vm12:m0:th4) all data sent, closing connection to vm20:r0
(vm12:m0) Sending exit signal to all threads
(vm12:m0:th0) got exit signal
(vm12:m0:th1) got exit signal
(vm12:m0:th2) got exit signal
(vm12:m0:th3) got exit signal
(vm12:m0) thread vm12:m0:th0 joined
(vm12:m0) thread vm12:m0:th1 joined
(vm12:m0) thread vm12:m0:th2 joined
(vm12:m0) thread vm12:m0:th3 joined
(vm12:m0:th4) waiting for something to do...
(vm12:m0:th4) got exit signal
(vm12:m0) thread vm12:m0:th4 joined
(vm12:m0) all done, exiting
*RES* start node vm12:m0
*RES* vm12:m0:th0,1406628053619,2826,636,623305912
*RES* vm12:m0:th1,1406628053668,3171,634,623305912
*RES* vm12:m0:th0,1406628068878,0,636,623305912
*RES* vm12:m0:th1,1406628069311,0,635,623305912
*RES* vm12:m0:th0,1406628069473,0,636,623305912
*RES* vm12:m0:th1,1406628069668,0,635,623305912
*RES* vm12:m0:th0,1406628069674,1,637,623305912
*RES* vm12:m0:th1,1406628069961,0,635,623305912
*RES* vm12:m0:th0,1406628070076,0,637,623305912
*RES* vm12:m0:th1,1406628070479,0,639,623305912
*RES* vm12:m0:th0,1406628070499,0,637,623305912
*RES* vm12:m0:th1,1406628070739,0,639,623305912
*RES* vm12:m0:th0,1406628070894,1,638,623305912
*RES* vm12:m0:th1,1406628071142,0,640,623305912
*RES* vm12:m0:th0,1406628071253,0,638,623305912
*RES* vm12:m0:th1,1406628071269,1,640,623305912
*RES* vm12:m0:th0,1406628071491,0,638,623305912
*RES* vm12:m0:th1,1406628071668,0,640,623305912
*RES* vm12:m0:th0,1406628071705,0,638,623305912
*RES* vm12:m0:th1,1406628071856,1,640,623305912
*RES* vm12:m0:th0,1406628071944,0,638,623305912
*RES* vm12:m0:th1,1406628071971,0,640,623305912
*RES* vm12:m0:th0,1406628072019,0,638,623305912
*RES* vm12:m0:th1,1406628072022,0,640,623305912
*RES* vm12:m0:th0,1406628072120,0,638,623305912
*RES* vm12:m0:th1,1406628072132,0,641,623305912
*RES* vm12:m0:th0,1406628072533,0,639,623305912
*RES* vm12:m0:th1,1406628072533,0,641,623305912
*RES* vm12:m0:th0,1406628073012,0,639,623305912
*RES* vm12:m0:th1,1406628073063,0,641,623305912
*RES* vm12:m0:th0,1406628073891,0,639,623305912
*RES* vm12:m0:th1,1406628073944,0,641,623305912
*RES* vm12:m0:th0,1406628074009,0,639,623305912
*RES* vm12:m0:th1,1406628074096,0,641,623305912
*RES* vm12:m0:th0,1406628074265,0,639,623305912
*RES* vm12:m0:th1,1406628074310,0,641,623305912
*RES* vm12:m0:th0,1406628077050,0,639,623305912
*RES* vm12:m0:th0,1406628077387,0,639,623305912
*RES* vm12:m0:th1,1406628077244,0,641,623305912
*RES* vm12:m0:th2,1406628067914,6490,715,623305912
*RES* vm12:m0:th3,1406628072533,8647,855,623305912
*RES* vm12:m0:th4,1406628072540,10112,793,623305912
*RES* end node vm12:m0
(main) Thread vm12:m0 joined
(main) Waiting for thread vm12:r0 to join...
(vm12:r0:th4:4) Connection to vm25:m0 finished, received 1246611827 bytes
(vm12:r0:th4:5) Connection established with mapper vm30:m0
(vm12:r0:th4:5) Connection to vm30:m0 finished, received 1246611828 bytes
(vm12:r0:th4:6) Connection established with mapper vm35:m0
(vm12:r0:th2:5) Connection to vm28:m0 finished, received 1869917739 bytes
(vm12:r0:th2:6) Connection established with mapper vm33:m0
(vm12:r0:th2:6) Connection to vm33:m0 finished, received 1869917740 bytes
(vm12:r0:th2:7) Connection established with mapper vm38:m0
(vm12:r0:th2:7) Connection to vm38:m0 finished, received 1869917741 bytes
(vm12:r0:th2) Got data from all mappers, this reducer connection has finished.
(vm12:r0:th0:5) Connection to vm26:m0 finished, received 1246611828 bytes
(vm12:r0:th0:6) Connection established with mapper vm31:m0
(vm12:r0:th0:6) Connection to vm31:m0 finished, received 1246611829 bytes
(vm12:r0:th0:7) Connection established with mapper vm36:m0
(vm12:r0:th0:7) Connection to vm36:m0 finished, received 1246611830 bytes
(vm12:r0:th0:8) Connection established with mapper vm41:m0
(vm12:r0:th4:6) Connection to vm35:m0 finished, received 1869917740 bytes
(vm12:r0:th4:7) Connection established with mapper vm40:m0
(vm12:r0:th4:7) Connection to vm40:m0 finished, received 1869917741 bytes
(vm12:r0:th4) Got data from all mappers, this reducer connection has finished.
(vm12:r0:th1:6) Connection to vm32:m0 finished, received 1246611829 bytes
(vm12:r0:th1:7) Connection established with mapper vm37:m0
(vm12:r0:th1:7) Connection to vm37:m0 finished, received 1246611830 bytes
(vm12:r0:th1:8) Connection established with mapper vm42:m0
(vm12:r0:th0:8) Connection to vm41:m0 finished, received 1869917742 bytes
(vm12:r0:th0) Got data from all mappers, this reducer connection has finished.
(vm12:r0) thread th0 joined, 4 connection threads remaining
(vm12:r0:th3:5) Connection to vm29:m0 finished, received 1246611828 bytes
(vm12:r0:th3:6) Connection established with mapper vm34:m0
(vm12:r0:th3:6) Connection to vm34:m0 finished, received 1246611829 bytes
(vm12:r0:th3:7) Connection established with mapper vm39:m0
(vm12:r0:th1:8) Connection to vm42:m0 finished, received 1869917742 bytes
(vm12:r0:th1) Got data from all mappers, this reducer connection has finished.
(vm12:r0) thread th1 joined, 3 connection threads remaining
(vm12:r0) thread th2 joined, 2 connection threads remaining
(vm12:r0:th3:7) Connection to vm39:m0 finished, received 1869917741 bytes
(vm12:r0:th3) Got data from all mappers, this reducer connection has finished.
(vm12:r0) thread th3 joined, 1 connection threads remaining
(vm12:r0) thread th4 joined, 0 connection threads remaining
(vm12:r0) all done, exiting
*RES* start node vm12:r0
*RES* vm12:r0:th0:0,1406628042053,33181,897,623305912
*RES* vm12:r0:th0:1,1406628075234,28,898,623305913
*RES* vm12:r0:th0:2,1406628075262,64,898,623305914
*RES* vm12:r0:th0:3,1406628075325,61,898,623305915
*RES* vm12:r0:th0:4,1406628075387,33,899,623305916
*RES* vm12:r0:th0:5,1406628075420,14051,1799,1246611828
*RES* vm12:r0:th0:6,1406628089471,71,1799,1246611829
*RES* vm12:r0:th0:7,1406628089542,23,1801,1246611830
*RES* vm12:r0:th0:8,1406628089565,9591,2622,1869917742
*RES* vm12:r0:th1:0,1406628042053,29905,817,623305912
*RES* vm12:r0:th1:1,1406628071958,13,817,623305913
*RES* vm12:r0:th1:2,1406628071971,0,817,623305914
*RES* vm12:r0:th1:3,1406628071971,9,818,623305915
*RES* vm12:r0:th1:4,1406628071980,5,818,623305916
*RES* vm12:r0:th1:5,1406628071984,8,818,623305917
*RES* vm12:r0:th1:6,1406628071993,26678,1755,1246611829
*RES* vm12:r0:th1:7,1406628098671,31,1756,1246611830
*RES* vm12:r0:th1:8,1406628098702,13388,2296,1869917742
*RES* vm12:r0:th2:0,1406628042053,25337,725,623305912
*RES* vm12:r0:th2:1,1406628067390,4326,1456,1246611824
*RES* vm12:r0:th2:2,1406628071716,4,1456,1246611825
*RES* vm12:r0:th2:3,1406628071720,5,1456,1246611826
*RES* vm12:r0:th2:4,1406628071726,2,1457,1246611827
*RES* vm12:r0:th2:5,1406628071728,17214,2335,1869917739
*RES* vm12:r0:th2:6,1406628088942,97,2335,1869917740
*RES* vm12:r0:th2:7,1406628089039,23,2336,1869917741
*RES* vm12:r0:th3:0,1406628042053,29461,773,623305912
*RES* vm12:r0:th3:1,1406628071514,5,773,623305913
*RES* vm12:r0:th3:2,1406628071519,15,774,623305914
*RES* vm12:r0:th3:3,1406628071534,22,774,623305915
*RES* vm12:r0:th3:4,1406628071555,85,775,623305916
*RES* vm12:r0:th3:5,1406628071641,29100,1691,1246611828
*RES* vm12:r0:th3:6,1406628100743,7,1692,1246611829
*RES* vm12:r0:th3:7,1406628100751,15486,2175,1869917741
*RES* vm12:r0:th4:0,1406628042053,29361,774,623305912
*RES* vm12:r0:th4:1,1406628071414,36,774,623305913
*RES* vm12:r0:th4:2,1406628071451,13,775,623305914
*RES* vm12:r0:th4:3,1406628071465,17,776,623305915
*RES* vm12:r0:th4:4,1406628071483,15124,1641,1246611827
*RES* vm12:r0:th4:5,1406628086609,68,1642,1246611828
*RES* vm12:r0:th4:6,1406628086677,8862,2393,1869917740
*RES* vm12:r0:th4:7,1406628095539,53,2394,1869917741
*RES* end node vm12:r0
(main) Thread vm12:r0 joined
Worker terminating correctly
