OSMeF worker starting
Enabling core dumping
Listening for command connection
CONF: mapper on port 23330
CONF: -> will serve 42 reducers
(main) new thread ID: vm17:m0
(vm17:m0) Mapper thread started
(vm17:m0) Binding to port 23330
(vm17:m0) Got START signal
(vm17:m0) new thread ID: vm17:m0:th0
(vm17:m0:th0) waiting for something to do...
CONF: reducer
(main) new thread ID: vm17:r0
(vm17:r0) Reducer thread started
(vm17:r0) waiting for START message
(main) Waiting for thread vm17:m0 to join...
(vm17:r0) got START message
(vm17:r0) new thread ID: th0
(vm17:r0) new thread ID: th1
(vm17:r0) new thread ID: th2
(vm17:r0) new thread ID: th3
(vm17:r0) new thread ID: th4
(vm17:r0:th3:0) Connection established with mapper vm4:m0
(vm17:r0:th2:0) Connection established with mapper vm3:m0
(vm17:r0:th1:0) Connection established with mapper vm2:m0
(vm17:r0:th4:0) Connection established with mapper vm5:m0
(vm17:r0:th0:0) Connection established with mapper vm1:m0
(vm17:m0) Got connection from reducer vm41:r0
(vm17:m0) new thread ID: vm17:m0:th1
(vm17:m0:th0) connection started, have to send 623305911 bytes to vm41:r0
(vm17:m0:th1) waiting for something to do...
(vm17:m0) Got connection from reducer vm42:r0
(vm17:m0) new thread ID: vm17:m0:th2
(vm17:m0:th1) connection started, have to send 623305911 bytes to vm42:r0
(vm17:m0:th2) waiting for something to do...
(vm17:m0:th1) all data sent, closing connection to vm42:r0
(vm17:m0:th1) waiting for something to do...
(vm17:m0:th0) all data sent, closing connection to vm41:r0
(vm17:m0:th0) waiting for something to do...
(vm17:m0) Got connection from reducer vm24:r0
(vm17:m0:th2) connection started, have to send 623305911 bytes to vm24:r0
(vm17:m0) Got connection from reducer vm27:r0
(vm17:m0:th0) connection started, have to send 623305911 bytes to vm27:r0
(vm17:m0:th0) all data sent, closing connection to vm27:r0
(vm17:m0:th0) waiting for something to do...
(vm17:m0) Got connection from reducer vm13:r0
(vm17:m0:th1) connection started, have to send 623305911 bytes to vm13:r0
(vm17:m0:th1) all data sent, closing connection to vm13:r0
(vm17:m0:th1) waiting for something to do...
(vm17:m0) Got connection from reducer vm39:r0
(vm17:m0) Got connection from reducer vm8:r0
(vm17:m0) new thread ID: vm17:m0:th3
(vm17:m0:th0) connection started, have to send 623305911 bytes to vm39:r0
(vm17:m0:th1) connection started, have to send 623305911 bytes to vm8:r0
(vm17:m0:th1) all data sent, closing connection to vm8:r0
(vm17:m0:th1) waiting for something to do...
(vm17:m0:th0) all data sent, closing connection to vm39:r0
(vm17:m0:th0) waiting for something to do...
(vm17:m0:th3) waiting for something to do...
(vm17:m0) Got connection from reducer vm7:r0
(vm17:m0:th3) connection started, have to send 623305911 bytes to vm7:r0
(vm17:m0) Got connection from reducer vm6:r0
(vm17:m0:th0) connection started, have to send 623305911 bytes to vm6:r0
(vm17:m0:th0) all data sent, closing connection to vm6:r0
(vm17:m0:th0) waiting for something to do...
(vm17:m0) Got connection from reducer vm38:r0
(vm17:m0:th1) connection started, have to send 623305911 bytes to vm38:r0
(vm17:m0:th1) all data sent, closing connection to vm38:r0
(vm17:m0:th1) waiting for something to do...
(vm17:m0) Got connection from reducer vm40:r0
(vm17:m0:th0) connection started, have to send 623305911 bytes to vm40:r0
(vm17:m0:th0) all data sent, closing connection to vm40:r0
(vm17:m0:th0) waiting for something to do...
(vm17:m0) Got connection from reducer vm16:r0
(vm17:m0:th1) connection started, have to send 623305911 bytes to vm16:r0
(vm17:m0:th1) all data sent, closing connection to vm16:r0
(vm17:m0:th1) waiting for something to do...
(vm17:r0:th1:0) Connection to vm2:m0 finished, received 623305912 bytes
(vm17:r0:th1:1) Connection established with mapper vm7:m0
(vm17:r0:th1:1) Connection to vm7:m0 finished, received 623305913 bytes
(vm17:r0:th1:2) Connection established with mapper vm12:m0
(vm17:r0:th1:2) Connection to vm12:m0 finished, received 623305914 bytes
(vm17:r0:th1:3) Connection established with mapper vm17:m0
(vm17:m0) Got connection from reducer vm17:r0
(vm17:m0:th0) connection started, have to send 623305911 bytes to vm17:r0
(vm17:m0:th0) all data sent, closing connection to vm17:r0
(vm17:m0:th0) waiting for something to do...
(vm17:r0:th1:3) Connection to vm17:m0 finished, received 623305915 bytes
(vm17:r0:th1:4) Connection established with mapper vm22:m0
(vm17:r0:th1:4) Connection to vm22:m0 finished, received 623305916 bytes
(vm17:r0:th1:5) Connection established with mapper vm27:m0
(vm17:r0:th1:5) Connection to vm27:m0 finished, received 623305917 bytes
(vm17:r0:th1:6) Connection established with mapper vm32:m0
(vm17:r0:th2:0) Connection to vm3:m0 finished, received 623305912 bytes
(vm17:r0:th2:1) Connection established with mapper vm8:m0
(vm17:m0) Got connection from reducer vm36:r0
(vm17:m0:th1) connection started, have to send 623305911 bytes to vm36:r0
(vm17:m0:th1) all data sent, closing connection to vm36:r0
(vm17:m0:th1) waiting for something to do...
(vm17:m0) Got connection from reducer vm22:r0
(vm17:m0:th0) connection started, have to send 623305911 bytes to vm22:r0
(vm17:m0:th0) all data sent, closing connection to vm22:r0
(vm17:m0:th0) waiting for something to do...
(vm17:m0) Got connection from reducer vm37:r0
(vm17:m0:th1) connection started, have to send 623305911 bytes to vm37:r0
(vm17:m0:th1) all data sent, closing connection to vm37:r0
(vm17:m0:th1) waiting for something to do...
(vm17:r0:th3:0) Connection to vm4:m0 finished, received 623305912 bytes
(vm17:r0:th3:1) Connection established with mapper vm9:m0
(vm17:r0:th3:1) Connection to vm9:m0 finished, received 623305913 bytes
(vm17:r0:th3:2) Connection established with mapper vm14:m0
(vm17:r0:th3:2) Connection to vm14:m0 finished, received 623305914 bytes
(vm17:r0:th3:3) Connection established with mapper vm19:m0
(vm17:r0:th3:3) Connection to vm19:m0 finished, received 623305915 bytes
(vm17:r0:th3:4) Connection established with mapper vm24:m0
(vm17:r0:th3:4) Connection to vm24:m0 finished, received 623305916 bytes
(vm17:r0:th3:5) Connection established with mapper vm29:m0
(vm17:m0) Got connection from reducer vm35:r0
(vm17:m0:th0) connection started, have to send 623305911 bytes to vm35:r0
(vm17:m0:th0) all data sent, closing connection to vm35:r0
(vm17:m0:th0) waiting for something to do...
(vm17:m0) Got connection from reducer vm10:r0
(vm17:m0:th1) connection started, have to send 623305911 bytes to vm10:r0
(vm17:m0:th1) all data sent, closing connection to vm10:r0
(vm17:m0:th1) waiting for something to do...
(vm17:m0) Got connection from reducer vm14:r0
(vm17:m0:th0) connection started, have to send 623305911 bytes to vm14:r0
(vm17:m0:th0) all data sent, closing connection to vm14:r0
(vm17:m0:th0) waiting for something to do...
(vm17:m0) Got connection from reducer vm11:r0
(vm17:m0:th1) connection started, have to send 623305911 bytes to vm11:r0
(vm17:m0:th1) all data sent, closing connection to vm11:r0
(vm17:m0:th1) waiting for something to do...
(vm17:m0) Got connection from reducer vm29:r0
(vm17:m0:th0) connection started, have to send 623305911 bytes to vm29:r0
(vm17:m0:th0) all data sent, closing connection to vm29:r0
(vm17:m0:th0) waiting for something to do...
(vm17:m0) Got connection from reducer vm12:r0
(vm17:m0:th1) connection started, have to send 623305911 bytes to vm12:r0
(vm17:m0:th1) all data sent, closing connection to vm12:r0
(vm17:m0:th1) waiting for something to do...
(vm17:m0) Got connection from reducer vm34:r0
(vm17:m0:th0) connection started, have to send 623305911 bytes to vm34:r0
(vm17:m0:th0) all data sent, closing connection to vm34:r0
(vm17:m0) Got connection from reducer vm15:r0
(vm17:m0) new thread ID: vm17:m0:th4
(vm17:m0:th1) connection started, have to send 623305911 bytes to vm15:r0
(vm17:m0:th1) all data sent, closing connection to vm15:r0
(vm17:m0:th1) waiting for something to do...
(vm17:m0:th0) waiting for something to do...
(vm17:m0:th4) waiting for something to do...
(vm17:m0) Got connection from reducer vm21:r0
(vm17:m0:th4) connection started, have to send 623305911 bytes to vm21:r0
(vm17:m0) Got connection from reducer vm30:r0
(vm17:m0:th0) connection started, have to send 623305911 bytes to vm30:r0
(vm17:m0:th0) all data sent, closing connection to vm30:r0
(vm17:m0:th0) waiting for something to do...
(vm17:r0:th4:0) Connection to vm5:m0 finished, received 623305912 bytes
(vm17:r0:th4:1) Connection established with mapper vm10:m0
(vm17:r0:th4:1) Connection to vm10:m0 finished, received 623305913 bytes
(vm17:r0:th4:2) Connection established with mapper vm15:m0
(vm17:r0:th4:2) Connection to vm15:m0 finished, received 623305914 bytes
(vm17:r0:th4:3) Connection established with mapper vm20:m0
(vm17:m0) Got connection from reducer vm9:r0
(vm17:m0:th1) connection started, have to send 623305911 bytes to vm9:r0
(vm17:m0:th1) all data sent, closing connection to vm9:r0
(vm17:m0:th1) waiting for something to do...
(vm17:r0:th4:3) Connection to vm20:m0 finished, received 623305915 bytes
(vm17:r0:th4:4) Connection established with mapper vm25:m0
(vm17:m0) Got connection from reducer vm28:r0
(vm17:m0:th0) connection started, have to send 623305911 bytes to vm28:r0
(vm17:m0:th0) all data sent, closing connection to vm28:r0
(vm17:m0:th0) waiting for something to do...
(vm17:m0) Got connection from reducer vm19:r0
(vm17:m0:th1) connection started, have to send 623305911 bytes to vm19:r0
(vm17:m0:th1) all data sent, closing connection to vm19:r0
(vm17:m0:th1) waiting for something to do...
(vm17:m0) Got connection from reducer vm32:r0
(vm17:m0:th0) connection started, have to send 623305911 bytes to vm32:r0
(vm17:m0:th0) all data sent, closing connection to vm32:r0
(vm17:m0:th0) waiting for something to do...
(vm17:m0) Got connection from reducer vm31:r0
(vm17:m0:th1) connection started, have to send 623305911 bytes to vm31:r0
(vm17:m0:th1) all data sent, closing connection to vm31:r0
(vm17:m0:th1) waiting for something to do...
(vm17:m0) Got connection from reducer vm25:r0
(vm17:m0:th0) connection started, have to send 623305911 bytes to vm25:r0
(vm17:m0:th0) all data sent, closing connection to vm25:r0
(vm17:m0:th0) waiting for something to do...
(vm17:m0) Got connection from reducer vm18:r0
(vm17:m0:th1) connection started, have to send 623305911 bytes to vm18:r0
(vm17:m0:th1) all data sent, closing connection to vm18:r0
(vm17:m0:th1) waiting for something to do...
(vm17:m0) Got connection from reducer vm33:r0
(vm17:m0:th0) connection started, have to send 623305911 bytes to vm33:r0
(vm17:m0:th0) all data sent, closing connection to vm33:r0
(vm17:m0:th0) waiting for something to do...
(vm17:m0) Got connection from reducer vm2:r0
(vm17:m0:th1) connection started, have to send 623305911 bytes to vm2:r0
(vm17:m0:th1) all data sent, closing connection to vm2:r0
(vm17:m0:th1) waiting for something to do...
(vm17:m0) Got connection from reducer vm4:r0
(vm17:m0:th0) connection started, have to send 623305911 bytes to vm4:r0
(vm17:m0:th0) all data sent, closing connection to vm4:r0
(vm17:m0:th0) waiting for something to do...
(vm17:r0:th0:0) Connection to vm1:m0 finished, received 623305912 bytes
(vm17:r0:th0:1) Connection established with mapper vm6:m0
(vm17:r0:th0:1) Connection to vm6:m0 finished, received 623305913 bytes
(vm17:r0:th0:2) Connection established with mapper vm11:m0
(vm17:r0:th0:2) Connection to vm11:m0 finished, received 623305914 bytes
(vm17:r0:th0:3) Connection established with mapper vm16:m0
(vm17:m0) Got connection from reducer vm26:r0
(vm17:m0:th1) connection started, have to send 623305911 bytes to vm26:r0
(vm17:m0:th1) all data sent, closing connection to vm26:r0
(vm17:m0:th1) waiting for something to do...
(vm17:r0:th0:3) Connection to vm16:m0 finished, received 623305915 bytes
(vm17:r0:th0:4) Connection established with mapper vm21:m0
(vm17:r0:th0:4) Connection to vm21:m0 finished, received 623305916 bytes
(vm17:r0:th0:5) Connection established with mapper vm26:m0
(vm17:r0:th0:5) Connection to vm26:m0 finished, received 623305917 bytes
(vm17:r0:th0:6) Connection established with mapper vm31:m0
(vm17:m0) Got connection from reducer vm1:r0
(vm17:m0:th0) connection started, have to send 623305911 bytes to vm1:r0
(vm17:m0:th0) all data sent, closing connection to vm1:r0
(vm17:m0:th0) waiting for something to do...
(vm17:m0) Got connection from reducer vm3:r0
(vm17:m0:th1) connection started, have to send 623305911 bytes to vm3:r0
(vm17:m0:th1) all data sent, closing connection to vm3:r0
(vm17:m0:th1) waiting for something to do...
(vm17:m0) Got connection from reducer vm5:r0
(vm17:m0:th0) connection started, have to send 623305911 bytes to vm5:r0
(vm17:m0:th0) all data sent, closing connection to vm5:r0
(vm17:m0:th0) waiting for something to do...
(vm17:m0:th3) all data sent, closing connection to vm7:r0
(vm17:m0:th3) waiting for something to do...
(vm17:r0:th2:1) Connection to vm8:m0 finished, received 1246611824 bytes
(vm17:r0:th2:2) Connection established with mapper vm13:m0
(vm17:r0:th2:2) Connection to vm13:m0 finished, received 1246611825 bytes
(vm17:r0:th2:3) Connection established with mapper vm18:m0
(vm17:r0:th2:3) Connection to vm18:m0 finished, received 1246611826 bytes
(vm17:r0:th2:4) Connection established with mapper vm23:m0
(vm17:r0:th2:4) Connection to vm23:m0 finished, received 1246611827 bytes
(vm17:r0:th2:5) Connection established with mapper vm28:m0
(vm17:r0:th2:5) Connection to vm28:m0 finished, received 1246611828 bytes
(vm17:r0:th2:6) Connection established with mapper vm33:m0
(vm17:m0) Got connection from reducer vm23:r0
(vm17:m0:th1) connection started, have to send 623305911 bytes to vm23:r0
(vm17:m0:th1) all data sent, closing connection to vm23:r0
(vm17:m0:th1) waiting for something to do...
(vm17:m0) Got connection from reducer vm20:r0
(vm17:m0) All reducers connected, waiting for threads to terminate
(vm17:m0) waiting on semaphore
(vm17:m0) -> 3 threads still running
(vm17:m0) waiting on semaphore
(vm17:m0) -> 3 threads still running
(vm17:m0) waiting on semaphore
(vm17:m0) -> 3 threads still running
(vm17:m0) waiting on semaphore
(vm17:m0) -> 3 threads still running
(vm17:m0) waiting on semaphore
(vm17:m0) -> 3 threads still running
(vm17:m0) waiting on semaphore
(vm17:m0) -> 3 threads still running
(vm17:m0) waiting on semaphore
(vm17:m0) -> 3 threads still running
(vm17:m0) waiting on semaphore
(vm17:m0) -> 3 threads still running
(vm17:m0) waiting on semaphore
(vm17:m0) -> 3 threads still running
(vm17:m0) waiting on semaphore
(vm17:m0) -> 3 threads still running
(vm17:m0) waiting on semaphore
(vm17:m0) -> 3 threads still running
(vm17:m0) waiting on semaphore
(vm17:m0) -> 3 threads still running
(vm17:m0) waiting on semaphore
(vm17:m0) -> 3 threads still running
(vm17:m0) waiting on semaphore
(vm17:m0) -> 3 threads still running
(vm17:m0) waiting on semaphore
(vm17:m0) -> 3 threads still running
(vm17:m0) waiting on semaphore
(vm17:m0) -> 3 threads still running
(vm17:m0) waiting on semaphore
(vm17:m0) -> 3 threads still running
(vm17:m0) waiting on semaphore
(vm17:m0) -> 3 threads still running
(vm17:m0) waiting on semaphore
(vm17:m0) -> 3 threads still running
(vm17:m0) waiting on semaphore
(vm17:m0) -> 3 threads still running
(vm17:m0) waiting on semaphore
(vm17:m0) -> 3 threads still running
(vm17:m0) waiting on semaphore
(vm17:m0) -> 3 threads still running
(vm17:m0) waiting on semaphore
(vm17:m0) -> 3 threads still running
(vm17:m0) waiting on semaphore
(vm17:m0) -> 3 threads still running
(vm17:m0) waiting on semaphore
(vm17:m0) -> 3 threads still running
(vm17:m0) waiting on semaphore
(vm17:m0) -> 3 threads still running
(vm17:m0) waiting on semaphore
(vm17:m0) -> 3 threads still running
(vm17:m0) waiting on semaphore
(vm17:m0) -> 3 threads still running
(vm17:m0) waiting on semaphore
(vm17:m0) -> 3 threads still running
(vm17:m0) waiting on semaphore
(vm17:m0) -> 3 threads still running
(vm17:m0) waiting on semaphore
(vm17:m0) -> 3 threads still running
(vm17:m0) waiting on semaphore
(vm17:m0) -> 3 threads still running
(vm17:m0) waiting on semaphore
(vm17:m0) -> 3 threads still running
(vm17:m0) waiting on semaphore
(vm17:m0) -> 3 threads still running
(vm17:m0) waiting on semaphore
(vm17:m0) -> 3 threads still running
(vm17:m0) waiting on semaphore
(vm17:m0) -> 3 threads still running
(vm17:m0) waiting on semaphore
(vm17:m0) -> 3 threads still running
(vm17:m0) waiting on semaphore
(vm17:m0:th0) connection started, have to send 623305911 bytes to vm20:r0
(vm17:m0:th0) all data sent, closing connection to vm20:r0
(vm17:m0:th0) waiting for something to do...
(vm17:m0) -> 2 threads still running
(vm17:m0) waiting on semaphore
(vm17:m0:th4) all data sent, closing connection to vm21:r0
(vm17:m0) -> 1 threads still running
(vm17:m0) waiting on semaphore
(vm17:m0:th4) waiting for something to do...
(vm17:m0:th2) all data sent, closing connection to vm24:r0
(vm17:m0) Sending exit signal to all threads
(vm17:m0:th0) got exit signal
(vm17:m0:th1) got exit signal
(vm17:m0:th3) got exit signal
(vm17:m0:th4) got exit signal
(vm17:m0) thread vm17:m0:th0 joined
(vm17:m0) thread vm17:m0:th1 joined
(vm17:m0:th2) waiting for something to do...
(vm17:m0:th2) got exit signal
(vm17:m0) thread vm17:m0:th2 joined
(vm17:m0) thread vm17:m0:th3 joined
(vm17:m0) thread vm17:m0:th4 joined
(vm17:m0) all done, exiting
*RES* start node vm17:m0
*RES* vm17:m0:th0,1406628056426,4542,626,623305912
*RES* vm17:m0:th1,1406628056817,3985,612,623305912
*RES* vm17:m0:th0,1406628069262,1,626,623305912
*RES* vm17:m0:th1,1406628069416,0,612,623305912
*RES* vm17:m0:th0,1406628069630,0,626,623305912
*RES* vm17:m0:th1,1406628069630,0,613,623305912
*RES* vm17:m0:th0,1406628070034,0,626,623305912
*RES* vm17:m0:th1,1406628070420,1,613,623305912
*RES* vm17:m0:th0,1406628070439,1,627,623305912
*RES* vm17:m0:th1,1406628070732,0,613,623305912
*RES* vm17:m0:th0,1406628070831,0,627,623305912
*RES* vm17:m0:th1,1406628071084,0,613,623305912
*RES* vm17:m0:th0,1406628071190,0,627,623305912
*RES* vm17:m0:th1,1406628071208,0,613,623305912
*RES* vm17:m0:th0,1406628071438,0,627,623305912
*RES* vm17:m0:th1,1406628071610,0,613,623305912
*RES* vm17:m0:th0,1406628071652,1,627,623305912
*RES* vm17:m0:th1,1406628071793,0,614,623305912
*RES* vm17:m0:th0,1406628071899,0,627,623305912
*RES* vm17:m0:th1,1406628071913,0,614,623305912
*RES* vm17:m0:th0,1406628071961,1,628,623305912
*RES* vm17:m0:th1,1406628071968,0,614,623305912
*RES* vm17:m0:th0,1406628072079,0,630,623305912
*RES* vm17:m0:th1,1406628072481,0,614,623305912
*RES* vm17:m0:th0,1406628072497,0,630,623305912
*RES* vm17:m0:th1,1406628072971,0,614,623305912
*RES* vm17:m0:th0,1406628073041,0,630,623305912
*RES* vm17:m0:th1,1406628073892,0,614,623305912
*RES* vm17:m0:th0,1406628073915,0,630,623305912
*RES* vm17:m0:th1,1406628073960,0,615,623305912
*RES* vm17:m0:th0,1406628074055,0,630,623305912
*RES* vm17:m0:th1,1406628074228,0,615,623305912
*RES* vm17:m0:th0,1406628074268,0,631,623305912
*RES* vm17:m0:th1,1406628074413,0,615,623305912
*RES* vm17:m0:th0,1406628076996,0,631,623305912
*RES* vm17:m0:th1,1406628077211,0,615,623305912
*RES* vm17:m0:th0,1406628077340,0,631,623305912
*RES* vm17:m0:th0,1406628082630,0,631,623305912
*RES* vm17:m0:th1,1406628081153,0,615,623305912
*RES* vm17:m0:th2,1406628068821,16260,758,623305912
*RES* vm17:m0:th3,1406628069902,8289,809,623305912
*RES* vm17:m0:th4,1406628072064,12716,846,623305912
*RES* end node vm17:m0
(main) Thread vm17:m0 joined
(main) Waiting for thread vm17:r0 to join...
(vm17:r0:th4:4) Connection to vm25:m0 finished, received 1246611827 bytes
(vm17:r0:th4:5) Connection established with mapper vm30:m0
(vm17:r0:th4:5) Connection to vm30:m0 finished, received 1246611828 bytes
(vm17:r0:th4:6) Connection established with mapper vm35:m0
(vm17:r0:th4:6) Connection to vm35:m0 finished, received 1246611829 bytes
(vm17:r0:th4:7) Connection established with mapper vm40:m0
(vm17:r0:th0:6) Connection to vm31:m0 finished, received 1246611829 bytes
(vm17:r0:th0:7) Connection established with mapper vm36:m0
(vm17:r0:th0:7) Connection to vm36:m0 finished, received 1246611830 bytes
(vm17:r0:th0:8) Connection established with mapper vm41:m0
(vm17:r0:th0:8) Connection to vm41:m0 finished, received 1246611831 bytes
(vm17:r0:th0) Got data from all mappers, this reducer connection has finished.
(vm17:r0) thread th0 joined, 4 connection threads remaining
(vm17:r0:th1:6) Connection to vm32:m0 finished, received 1246611829 bytes
(vm17:r0:th1:7) Connection established with mapper vm37:m0
(vm17:r0:th1:7) Connection to vm37:m0 finished, received 1246611830 bytes
(vm17:r0:th1:8) Connection established with mapper vm42:m0
(vm17:r0:th2:6) Connection to vm33:m0 finished, received 1869917740 bytes
(vm17:r0:th2:7) Connection established with mapper vm38:m0
(vm17:r0:th2:7) Connection to vm38:m0 finished, received 1869917741 bytes
(vm17:r0:th2) Got data from all mappers, this reducer connection has finished.
(vm17:r0:th3:5) Connection to vm29:m0 finished, received 1246611828 bytes
(vm17:r0:th3:6) Connection established with mapper vm34:m0
(vm17:r0:th3:6) Connection to vm34:m0 finished, received 1246611829 bytes
(vm17:r0:th3:7) Connection established with mapper vm39:m0
(vm17:r0:th4:7) Connection to vm40:m0 finished, received 1869917741 bytes
(vm17:r0:th4) Got data from all mappers, this reducer connection has finished.
(vm17:r0:th1:8) Connection to vm42:m0 finished, received 1869917742 bytes
(vm17:r0:th1) Got data from all mappers, this reducer connection has finished.
(vm17:r0) thread th1 joined, 3 connection threads remaining
(vm17:r0) thread th2 joined, 2 connection threads remaining
(vm17:r0:th3:7) Connection to vm39:m0 finished, received 1869917741 bytes
(vm17:r0:th3) Got data from all mappers, this reducer connection has finished.
(vm17:r0) thread th3 joined, 1 connection threads remaining
(vm17:r0) thread th4 joined, 0 connection threads remaining
(vm17:r0) all done, exiting
*RES* start node vm17:r0
*RES* vm17:r0:th0:0,1406628041989,32329,837,623305912
*RES* vm17:r0:th0:1,1406628074318,12,838,623305913
*RES* vm17:r0:th0:2,1406628074330,28,839,623305914
*RES* vm17:r0:th0:3,1406628074358,55,839,623305915
*RES* vm17:r0:th0:4,1406628074413,50,840,623305916
*RES* vm17:r0:th0:5,1406628074463,72,840,623305917
*RES* vm17:r0:th0:6,1406628074536,17900,1736,1246611829
*RES* vm17:r0:th0:7,1406628092436,14,1737,1246611830
*RES* vm17:r0:th0:8,1406628092450,9,1737,1246611831
*RES* vm17:r0:th1:0,1406628041989,28827,750,623305912
*RES* vm17:r0:th1:1,1406628070816,2,750,623305913
*RES* vm17:r0:th1:2,1406628070818,13,751,623305914
*RES* vm17:r0:th1:3,1406628070831,0,751,623305915
*RES* vm17:r0:th1:4,1406628070831,5,751,623305916
*RES* vm17:r0:th1:5,1406628070836,10,752,623305917
*RES* vm17:r0:th1:6,1406628070846,22211,1658,1246611829
*RES* vm17:r0:th1:7,1406628093057,25,1658,1246611830
*RES* vm17:r0:th1:8,1406628093082,17024,2304,1869917742
*RES* vm17:r0:th2:0,1406628041989,28987,772,623305912
*RES* vm17:r0:th2:1,1406628070977,9843,1621,1246611824
*RES* vm17:r0:th2:2,1406628080820,35,1621,1246611825
*RES* vm17:r0:th2:3,1406628080855,50,1621,1246611826
*RES* vm17:r0:th2:4,1406628080905,13,1622,1246611827
*RES* vm17:r0:th2:5,1406628080918,61,1622,1246611828
*RES* vm17:r0:th2:6,1406628080979,20451,2466,1869917740
*RES* vm17:r0:th2:7,1406628101431,5,2467,1869917741
*RES* vm17:r0:th3:0,1406628041989,29254,769,623305912
*RES* vm17:r0:th3:1,1406628071243,9,770,623305913
*RES* vm17:r0:th3:2,1406628071252,12,770,623305914
*RES* vm17:r0:th3:3,1406628071264,1,770,623305915
*RES* vm17:r0:th3:4,1406628071265,7,771,623305916
*RES* vm17:r0:th3:5,1406628071272,30863,1722,1246611828
*RES* vm17:r0:th3:6,1406628102135,3,1722,1246611829
*RES* vm17:r0:th3:7,1406628102138,14990,2214,1869917741
*RES* vm17:r0:th4:0,1406628041989,30468,806,623305912
*RES* vm17:r0:th4:1,1406628072457,15,806,623305913
*RES* vm17:r0:th4:2,1406628072472,7,807,623305914
*RES* vm17:r0:th4:3,1406628072479,2,807,623305915
*RES* vm17:r0:th4:4,1406628072481,17442,1687,1246611827
*RES* vm17:r0:th4:5,1406628089923,61,1688,1246611828
*RES* vm17:r0:th4:6,1406628089984,20,1688,1246611829
*RES* vm17:r0:th4:7,1406628090004,12640,2457,1869917741
*RES* end node vm17:r0
(main) Thread vm17:r0 joined
Worker terminating correctly
