OSMeF worker starting
Enabling core dumping
Listening for command connection
(vm20:m0) New mapper on port 23330
(vm20:m0) -> reducer data size 1508246402
(vm20:m0) -> reducer data size 1508246402
(vm20:m0) -> reducer data size 1508246402
(vm20:m0) -> reducer data size 1508246402
(vm20:m0) -> reducer data size 1508246402
(vm20:m0) -> reducer data size 1508246402
(vm20:m0) -> reducer data size 1508246402
(vm20:m0) -> reducer data size 1508246402
(vm20:m0) -> reducer data size 1508246402
(vm20:m0) -> reducer data size 1508246402
(vm20:m0) -> reducer data size 1508246402
(vm20:m0) -> reducer data size 1508246402
(vm20:m0) -> reducer data size 1508246402
(vm20:m0) -> reducer data size 1508246402
(vm20:m0) -> reducer data size 1508246402
(vm20:m0) -> reducer data size 1508246402
(vm20:m0) -> reducer data size 1508246402
(vm20:m0) -> reducer data size 1508246402
(vm20:m0) -> reducer data size 1508246402
(vm20:m0) -> reducer data size 1508246402
(vm20:m0) -> reducer data size 1508246402
(vm20:m0) -> reducer data size 1508246402
(vm20:m0) -> reducer data size 1508246402
(vm20:m0) -> reducer data size 1508246402
(vm20:m0) -> reducer data size 1508246402
(vm20:m0) -> reducer data size 1508246402
(vm20:m0) -> reducer data size 1508246402
(vm20:m0) Mapper thread started
(vm20:m0) Allocating data for reducer vm1:r0
(vm20:m0) Allocating data for reducer vm2:r0
(vm20:m0) Allocating data for reducer vm3:r0
(vm20:m0) Allocating data for reducer vm4:r0
(vm20:m0) Allocating data for reducer vm5:r0
(vm20:m0) Allocating data for reducer vm6:r0
(vm20:m0) Allocating data for reducer vm7:r0
(vm20:m0) Allocating data for reducer vm8:r0
(vm20:m0) Allocating data for reducer vm9:r0
(vm20:m0) Allocating data for reducer vm10:r0
(vm20:m0) Allocating data for reducer vm11:r0
(vm20:m0) Allocating data for reducer vm12:r0
(vm20:m0) Allocating data for reducer vm13:r0
(vm20:m0) Allocating data for reducer vm14:r0
(vm20:m0) Allocating data for reducer vm15:r0
(vm20:m0) Allocating data for reducer vm16:r0
(vm20:m0) Allocating data for reducer vm17:r0
(vm20:m0) Allocating data for reducer vm18:r0
(vm20:m0) Allocating data for reducer vm19:r0
(vm20:m0) Allocating data for reducer vm20:r0
(vm20:m0) Allocating data for reducer vm21:r0
(vm20:m0) Allocating data for reducer vm22:r0
(vm20:m0) Allocating data for reducer vm23:r0
(vm20:m0) Allocating data for reducer vm24:r0
(vm20:m0) Allocating data for reducer vm25:r0
(vm20:m0) Allocating data for reducer vm26:r0
(vm20:m0) Allocating data for reducer vm27:r0
(vm20:m0) Binding to port 23330
(vm20:r0) New reducer
(vm20:r0) Reducer thread started
(vm20:r0) waiting for START message
(vm20:r0) got START message
(vm20:r0) Starting new connection thread
(vm20:r0) Starting new connection thread
(vm20:r0) Starting new connection thread
(vm20:r0) Starting new connection thread
(vm20:r0) Starting new connection thread
(vm20:r0) Maximum number of connections reached (5), waiting for a thread to finish
(vm20:r0:4) Connection established
(vm20:r0:3) Connection established
(vm20:r0:0) Connection established
(vm20:r0:2) Connection established
(vm20:r0:1) Connection established
(vm20:r0:2) Connection finished, received 1508246403 bytes
(vm20:r0:4) Connection finished, received 1508246403 bytes
(vm20:r0:3) Connection finished, received 1508246403 bytes
(vm20:r0:1) Connection finished, received 1508246403 bytes
(vm20:r0:0) Connection finished, received 1508246403 bytes
(vm20:r0) thread 0 joined, 26 connections remaining
(vm20:r0) Starting new connection thread
(vm20:r0) Maximum number of connections reached (5), waiting for a thread to finish
(vm20:r0:0) Connection established
(vm20:r0:0) Connection finished, received 1508246403 bytes
(vm20:r0) thread 0 joined, 25 connections remaining
(vm20:r0) Starting new connection thread
(vm20:r0) Maximum number of connections reached (5), waiting for a thread to finish
(vm20:r0:0) Connection established
(vm20:r0:0) Connection finished, received 1508246403 bytes
(vm20:r0) thread 0 joined, 24 connections remaining
(vm20:r0) Starting new connection thread
(vm20:r0) Maximum number of connections reached (5), waiting for a thread to finish
(vm20:r0:0) Connection established
(vm20:m0) Got connection from reducer vm19:r0
(vm20:m0:18) thread started, have to send 1508246402 bytes
(vm20:m0) Got connection from reducer vm1:r0
(vm20:m0:0) thread started, have to send 1508246402 bytes
(vm20:m0) Got connection from reducer vm27:r0
(vm20:m0:26) thread started, have to send 1508246402 bytes
(vm20:m0:18) all data sent, thread exiting
(vm20:m0:0) all data sent, thread exiting
(vm20:m0:26) all data sent, thread exiting
(vm20:r0:0) Connection finished, received 1508246403 bytes
(vm20:r0) thread 0 joined, 23 connections remaining
(vm20:r0) Starting new connection thread
(vm20:r0) Maximum number of connections reached (5), waiting for a thread to finish
(vm20:r0:0) Connection established
(vm20:m0) Got connection from reducer vm22:r0
(vm20:m0:21) thread started, have to send 1508246402 bytes
(vm20:m0:21) all data sent, thread exiting
(vm20:m0) Got connection from reducer vm10:r0
(vm20:m0:9) thread started, have to send 1508246402 bytes
(vm20:m0) Got connection from reducer vm6:r0
(vm20:m0:5) thread started, have to send 1508246402 bytes
(vm20:m0:9) all data sent, thread exiting
(vm20:m0:5) all data sent, thread exiting
(vm20:r0:0) Connection finished, received 1508246403 bytes
(vm20:r0) thread 0 joined, 22 connections remaining
(vm20:r0) Starting new connection thread
(vm20:r0) Maximum number of connections reached (5), waiting for a thread to finish
(vm20:r0:0) Connection established
(vm20:m0) Got connection from reducer vm11:r0
(vm20:m0:10) thread started, have to send 1508246402 bytes
(vm20:m0:10) all data sent, thread exiting
(vm20:m0) Got connection from reducer vm17:r0
(vm20:m0:16) thread started, have to send 1508246402 bytes
(vm20:m0:16) all data sent, thread exiting
(vm20:r0:0) Connection finished, received 1508246403 bytes
(vm20:r0) thread 0 joined, 21 connections remaining
(vm20:r0) Starting new connection thread
(vm20:r0) Maximum number of connections reached (5), waiting for a thread to finish
(vm20:r0:0) Connection established
(vm20:m0) Got connection from reducer vm23:r0
(vm20:m0:22) thread started, have to send 1508246402 bytes
(vm20:m0) Got connection from reducer vm21:r0
(vm20:m0:20) thread started, have to send 1508246402 bytes
(vm20:m0) Got connection from reducer vm18:r0
(vm20:m0:17) thread started, have to send 1508246402 bytes
(vm20:m0:22) all data sent, thread exiting
(vm20:m0:20) all data sent, thread exiting
(vm20:r0:0) Connection finished, received 1508246403 bytes
(vm20:r0) thread 0 joined, 20 connections remaining
(vm20:r0) Starting new connection thread
(vm20:r0) Maximum number of connections reached (5), waiting for a thread to finish
(vm20:r0:0) Connection established
(vm20:m0:17) all data sent, thread exiting
(vm20:m0) Got connection from reducer vm9:r0
(vm20:m0:8) thread started, have to send 1508246402 bytes
(vm20:m0:8) all data sent, thread exiting
(vm20:m0) Got connection from reducer vm8:r0
(vm20:m0:7) thread started, have to send 1508246402 bytes
(vm20:m0:7) all data sent, thread exiting
(vm20:r0:0) Connection finished, received 1508246403 bytes
(vm20:r0) thread 0 joined, 19 connections remaining
(vm20:r0) Starting new connection thread
(vm20:r0) Maximum number of connections reached (5), waiting for a thread to finish
(vm20:r0:0) Connection established
(vm20:r0:0) Connection finished, received 1508246403 bytes
(vm20:r0) thread 0 joined, 18 connections remaining
(vm20:r0) Starting new connection thread
(vm20:r0) Maximum number of connections reached (5), waiting for a thread to finish
(vm20:r0:0) Connection established
(vm20:m0) Got connection from reducer vm25:r0
(vm20:m0:24) thread started, have to send 1508246402 bytes
(vm20:m0:24) all data sent, thread exiting
(vm20:m0) Got connection from reducer vm12:r0
(vm20:m0:11) thread started, have to send 1508246402 bytes
(vm20:m0) Got connection from reducer vm13:r0
(vm20:m0:12) thread started, have to send 1508246402 bytes
(vm20:r0:0) Connection finished, received 1508246403 bytes
(vm20:r0) thread 0 joined, 17 connections remaining
(vm20:r0) Starting new connection thread
(vm20:r0) Maximum number of connections reached (5), waiting for a thread to finish
(vm20:r0:0) Connection established
(vm20:m0:11) all data sent, thread exiting
(vm20:m0:12) all data sent, thread exiting
(vm20:m0) Got connection from reducer vm16:r0
(vm20:m0:15) thread started, have to send 1508246402 bytes
(vm20:m0:15) all data sent, thread exiting
(vm20:r0:0) Connection finished, received 1508246403 bytes
(vm20:r0) thread 0 joined, 16 connections remaining
(vm20:r0) Starting new connection thread
(vm20:r0) Maximum number of connections reached (5), waiting for a thread to finish
(vm20:r0:0) Connection established
(vm20:m0) Got connection from reducer vm14:r0
(vm20:m0:13) thread started, have to send 1508246402 bytes
(vm20:m0:13) all data sent, thread exiting
(vm20:m0) Got connection from reducer vm15:r0
(vm20:m0:14) thread started, have to send 1508246402 bytes
(vm20:r0:0) Connection finished, received 1508246403 bytes
(vm20:r0) thread 0 joined, 15 connections remaining
(vm20:r0) Starting new connection thread
(vm20:r0) Maximum number of connections reached (5), waiting for a thread to finish
(vm20:r0:0) Connection established
(vm20:m0:14) all data sent, thread exiting
(vm20:m0) Got connection from reducer vm26:r0
(vm20:m0:25) thread started, have to send 1508246402 bytes
(vm20:m0:25) all data sent, thread exiting
(vm20:r0:0) Connection finished, received 1508246403 bytes
(vm20:r0) thread 0 joined, 14 connections remaining
(vm20:r0) Starting new connection thread
(vm20:r0) Maximum number of connections reached (5), waiting for a thread to finish
(vm20:r0:0) Connection established
(vm20:m0) Got connection from reducer vm3:r0
(vm20:m0:2) thread started, have to send 1508246402 bytes
(vm20:m0:2) all data sent, thread exiting
(vm20:r0:0) Connection finished, received 1508246403 bytes
(vm20:r0) thread 0 joined, 13 connections remaining
(vm20:r0) Starting new connection thread
(vm20:r0) Maximum number of connections reached (5), waiting for a thread to finish
(vm20:r0:0) Connection established
(vm20:m0) Got connection from reducer vm4:r0
(vm20:m0:3) thread started, have to send 1508246402 bytes
(vm20:m0) Got connection from reducer vm24:r0
(vm20:m0:23) thread started, have to send 1508246402 bytes
(vm20:r0:0) Connection finished, received 1508246403 bytes
(vm20:r0) thread 0 joined, 12 connections remaining
(vm20:r0) Starting new connection thread
(vm20:r0) Maximum number of connections reached (5), waiting for a thread to finish
(vm20:r0:0) Connection established
(vm20:m0) Got connection from reducer vm20:r0
(vm20:m0:19) thread started, have to send 1508246402 bytes
(vm20:m0) Got connection from reducer vm5:r0
(vm20:m0:4) thread started, have to send 1508246402 bytes
(vm20:m0) Got connection from reducer vm7:r0
(vm20:m0:6) thread started, have to send 1508246402 bytes
(vm20:m0) Got connection from reducer vm2:r0
(vm20:m0) Waiting for a thread to finish
(vm20:m0) thread 0 joined, 26 connections remaining
(vm20:m0) Waiting for a thread to finish
(vm20:m0:1) thread started, have to send 1508246402 bytes
(vm20:m0:19) all data sent, thread exiting
(vm20:r0:0) Connection finished, received 1508246403 bytes
(vm20:r0) thread 0 joined, 11 connections remaining
(vm20:r0) Starting new connection thread
(vm20:r0) Maximum number of connections reached (5), waiting for a thread to finish
(vm20:r0:0) Connection established
(vm20:m0:3) all data sent, thread exiting
(vm20:m0:23) all data sent, thread exiting
(vm20:m0:6) all data sent, thread exiting
(vm20:m0:1) all data sent, thread exiting
(vm20:m0) thread 1 joined, 25 connections remaining
(vm20:m0) Waiting for a thread to finish
(vm20:m0) thread 2 joined, 24 connections remaining
(vm20:m0) Waiting for a thread to finish
(vm20:m0) thread 3 joined, 23 connections remaining
(vm20:m0) Waiting for a thread to finish
(vm20:m0:4) all data sent, thread exiting
(vm20:m0) thread 4 joined, 22 connections remaining
(vm20:m0) Waiting for a thread to finish
(vm20:m0) thread 5 joined, 21 connections remaining
(vm20:m0) Waiting for a thread to finish
(vm20:m0) thread 6 joined, 20 connections remaining
(vm20:m0) Waiting for a thread to finish
(vm20:m0) thread 7 joined, 19 connections remaining
(vm20:m0) Waiting for a thread to finish
(vm20:m0) thread 8 joined, 18 connections remaining
(vm20:m0) Waiting for a thread to finish
(vm20:m0) thread 9 joined, 17 connections remaining
(vm20:m0) Waiting for a thread to finish
(vm20:m0) thread 10 joined, 16 connections remaining
(vm20:m0) Waiting for a thread to finish
(vm20:m0) thread 11 joined, 15 connections remaining
(vm20:m0) Waiting for a thread to finish
(vm20:m0) thread 12 joined, 14 connections remaining
(vm20:m0) Waiting for a thread to finish
(vm20:m0) thread 13 joined, 13 connections remaining
(vm20:m0) Waiting for a thread to finish
(vm20:m0) thread 14 joined, 12 connections remaining
(vm20:m0) Waiting for a thread to finish
(vm20:m0) thread 15 joined, 11 connections remaining
(vm20:m0) Waiting for a thread to finish
(vm20:m0) thread 16 joined, 10 connections remaining
(vm20:m0) Waiting for a thread to finish
(vm20:m0) thread 17 joined, 9 connections remaining
(vm20:m0) Waiting for a thread to finish
(vm20:m0) thread 18 joined, 8 connections remaining
(vm20:m0) Waiting for a thread to finish
(vm20:m0) thread 19 joined, 7 connections remaining
(vm20:m0) Waiting for a thread to finish
(vm20:m0) thread 20 joined, 6 connections remaining
(vm20:m0) Waiting for a thread to finish
(vm20:m0) thread 21 joined, 5 connections remaining
(vm20:m0) Waiting for a thread to finish
(vm20:m0) thread 22 joined, 4 connections remaining
(vm20:m0) Waiting for a thread to finish
(vm20:m0) thread 23 joined, 3 connections remaining
(vm20:m0) Waiting for a thread to finish
(vm20:m0) thread 24 joined, 2 connections remaining
(vm20:m0) Waiting for a thread to finish
(vm20:m0) thread 25 joined, 1 connections remaining
(vm20:m0) Waiting for a thread to finish
(vm20:m0) thread 26 joined, 0 connections remaining
(vm20:m0) all done, exiting
*RES* start node vm20:m0
*RES* vm20:m0:0,1404832851475,4861,1414,1508246403
*RES* vm20:m0:1,1404833031140,6498,823,1508246403
*RES* vm20:m0:2,1404833020135,2843,1074,1508246403
*RES* vm20:m0:3,1404833030039,6138,940,1508246403
*RES* vm20:m0:4,1404833031016,6669,851,1508246403
*RES* vm20:m0:5,1404832881455,3724,1090,1508246403
*RES* vm20:m0:6,1404833031116,6425,806,1508246403
*RES* vm20:m0:7,1404832944515,2757,949,1508246403
*RES* vm20:m0:8,1404832937629,2717,995,1508246403
*RES* vm20:m0:9,1404832879635,4006,1138,1508246403
*RES* vm20:m0:10,1404832899731,3484,1115,1508246403
*RES* vm20:m0:11,1404832979491,4724,1461,1508246403
*RES* vm20:m0:12,1404832979591,4915,1554,1508246403
*RES* vm20:m0:13,1404833000779,2421,917,1508246403
*RES* vm20:m0:14,1404833006831,2726,1113,1508246403
*RES* vm20:m0:15,1404832989347,3129,1027,1508246403
*RES* vm20:m0:16,1404832909191,2771,1083,1508246403
*RES* vm20:m0:17,1404832930115,3929,1117,1508246403
*RES* vm20:m0:18,1404832846335,5431,1320,1508246403
*RES* vm20:m0:19,1404833030741,4118,256,1508246403
*RES* vm20:m0:20,1404832928097,4181,1056,1508246403
*RES* vm20:m0:21,1404832866160,4382,1586,1508246403
*RES* vm20:m0:22,1404832928079,3983,1050,1508246403
*RES* vm20:m0:23,1404833030721,6752,867,1508246403
*RES* vm20:m0:24,1404832969975,2409,1039,1508246403
*RES* vm20:m0:25,1404833011499,2629,1025,1508246403
*RES* vm20:m0:26,1404832851723,4806,1443,1508246403
*RES* end node vm20:m0
Node vm20:m0 joined
(vm20:r0:0) Connection finished, received 1508246403 bytes
(vm20:r0) thread 0 joined, 10 connections remaining
(vm20:r0) Starting new connection thread
(vm20:r0) Maximum number of connections reached (5), waiting for a thread to finish
(vm20:r0:0) Connection established
(vm20:r0:0) Connection finished, received 1508246403 bytes
(vm20:r0) thread 0 joined, 9 connections remaining
(vm20:r0) Starting new connection thread
(vm20:r0) Maximum number of connections reached (5), waiting for a thread to finish
(vm20:r0:0) Connection established
(vm20:r0:0) Connection finished, received 1508246403 bytes
(vm20:r0) thread 0 joined, 8 connections remaining
(vm20:r0) Starting new connection thread
(vm20:r0) Maximum number of connections reached (5), waiting for a thread to finish
(vm20:r0:0) Connection established
(vm20:r0:0) Connection finished, received 1508246403 bytes
(vm20:r0) thread 0 joined, 7 connections remaining
(vm20:r0) Starting new connection thread
(vm20:r0) Maximum number of connections reached (5), waiting for a thread to finish
(vm20:r0:0) Connection established
(vm20:r0:0) Connection finished, received 1508246403 bytes
(vm20:r0) thread 0 joined, 6 connections remaining
(vm20:r0) Starting new connection thread
(vm20:r0) Maximum number of connections reached (5), waiting for a thread to finish
(vm20:r0:0) Connection established
(vm20:r0:0) Connection finished, received 1508246403 bytes
(vm20:r0) thread 0 joined, 5 connections remaining
(vm20:r0) Starting new connection thread
(vm20:r0) Maximum number of connections reached (5), waiting for a thread to finish
(vm20:r0:0) Connection established
(vm20:r0:0) Connection finished, received 1508246403 bytes
(vm20:r0) thread 0 joined, 4 connections remaining
(vm20:r0) Maximum number of connections reached (4), waiting for a thread to finish
(vm20:r0) thread 1 joined, 3 connections remaining
(vm20:r0) Maximum number of connections reached (3), waiting for a thread to finish
(vm20:r0) thread 2 joined, 2 connections remaining
(vm20:r0) Maximum number of connections reached (2), waiting for a thread to finish
(vm20:r0) thread 3 joined, 1 connections remaining
(vm20:r0) Maximum number of connections reached (1), waiting for a thread to finish
(vm20:r0) thread 4 joined, 0 connections remaining
(vm20:r0) all done, exiting
*RES* start node vm20:r0
*RES* vm20:r0:0,1404832739092,39337,1416,1508246403
*RES* vm20:r0:0,1404832778435,30164,1256,1508246403
*RES* vm20:r0:0,1404832808603,30096,1365,1508246403
*RES* vm20:r0:0,1404832838703,25837,1403,1508246403
*RES* vm20:r0:0,1404832864547,25900,1438,1508246403
*RES* vm20:r0:0,1404832890455,22520,1323,1508246403
*RES* vm20:r0:0,1404832912979,19844,1327,1508246403
*RES* vm20:r0:0,1404832932829,18600,1341,1508246403
*RES* vm20:r0:0,1404832951435,15232,1258,1508246403
*RES* vm20:r0:0,1404832966671,14532,1094,1508246403
*RES* vm20:r0:0,1404832981215,14718,1101,1508246403
*RES* vm20:r0:0,1404832995938,12624,1010,1508246403
*RES* vm20:r0:0,1404833008571,8892,1075,1508246403
*RES* vm20:r0:0,1404833017467,6881,1052,1508246403
*RES* vm20:r0:0,1404833024355,6375,974,1508246403
*RES* vm20:r0:0,1404833030736,4125,516,1508246403
*RES* vm20:r0:0,1404833034891,5968,813,1508246403
*RES* vm20:r0:0,1404833040863,1723,850,1508246403
*RES* vm20:r0:0,1404833042595,1963,966,1508246403
*RES* vm20:r0:0,1404833044567,2903,886,1508246403
*RES* vm20:r0:0,1404833047475,1733,835,1508246403
*RES* vm20:r0:0,1404833049215,1680,823,1508246403
*RES* vm20:r0:0,1404833050899,1715,836,1508246403
*RES* vm20:r0:1,1404832739092,38768,1390,1508246403
*RES* vm20:r0:2,1404832739092,32653,1378,1508246403
*RES* vm20:r0:3,1404832739092,38590,1393,1508246403
*RES* vm20:r0:4,1404832739091,33585,1388,1508246403
*RES* end node vm20:r0
Node vm20:r0 joined
Worker terminating correctly
