OSMeF worker starting
Enabling core dumping
Listening for command connection
(vm5:m0) New mapper on port 23330
(vm5:m0) -> reducer data size 1508246402
(vm5:m0) -> reducer data size 1508246402
(vm5:m0) -> reducer data size 1508246402
(vm5:m0) -> reducer data size 1508246402
(vm5:m0) -> reducer data size 1508246402
(vm5:m0) -> reducer data size 1508246402
(vm5:m0) -> reducer data size 1508246402
(vm5:m0) -> reducer data size 1508246402
(vm5:m0) -> reducer data size 1508246402
(vm5:m0) -> reducer data size 1508246402
(vm5:m0) -> reducer data size 1508246402
(vm5:m0) -> reducer data size 1508246402
(vm5:m0) -> reducer data size 1508246402
(vm5:m0) -> reducer data size 1508246402
(vm5:m0) -> reducer data size 1508246402
(vm5:m0) -> reducer data size 1508246402
(vm5:m0) -> reducer data size 1508246402
(vm5:m0) -> reducer data size 1508246402
(vm5:m0) -> reducer data size 1508246402
(vm5:m0) -> reducer data size 1508246402
(vm5:m0) -> reducer data size 1508246402
(vm5:m0) -> reducer data size 1508246402
(vm5:m0) -> reducer data size 1508246402
(vm5:m0) -> reducer data size 1508246402
(vm5:m0) -> reducer data size 1508246402
(vm5:m0) -> reducer data size 1508246402
(vm5:m0) -> reducer data size 1508246402
(vm5:m0) Mapper thread started
(vm5:m0) Allocating data for reducer vm1:r0
(vm5:m0) Allocating data for reducer vm2:r0
(vm5:m0) Allocating data for reducer vm3:r0
(vm5:m0) Allocating data for reducer vm4:r0
(vm5:m0) Allocating data for reducer vm5:r0
(vm5:m0) Allocating data for reducer vm6:r0
(vm5:m0) Allocating data for reducer vm7:r0
(vm5:m0) Allocating data for reducer vm8:r0
(vm5:m0) Allocating data for reducer vm9:r0
(vm5:m0) Allocating data for reducer vm10:r0
(vm5:m0) Allocating data for reducer vm11:r0
(vm5:m0) Allocating data for reducer vm12:r0
(vm5:m0) Allocating data for reducer vm13:r0
(vm5:m0) Allocating data for reducer vm14:r0
(vm5:m0) Allocating data for reducer vm15:r0
(vm5:m0) Allocating data for reducer vm16:r0
(vm5:m0) Allocating data for reducer vm17:r0
(vm5:m0) Allocating data for reducer vm18:r0
(vm5:m0) Allocating data for reducer vm19:r0
(vm5:m0) Allocating data for reducer vm20:r0
(vm5:m0) Allocating data for reducer vm21:r0
(vm5:m0) Allocating data for reducer vm22:r0
(vm5:m0) Allocating data for reducer vm23:r0
(vm5:m0) Allocating data for reducer vm24:r0
(vm5:m0) Allocating data for reducer vm25:r0
(vm5:m0) Allocating data for reducer vm26:r0
(vm5:m0) Allocating data for reducer vm27:r0
(vm5:m0) Binding to port 23330
(vm5:r0) New reducer
(vm5:r0) Reducer thread started
(vm5:r0) waiting for START message
(vm5:r0) got START message
(vm5:r0) Starting new connection thread
(vm5:r0) Starting new connection thread
(vm5:r0) Starting new connection thread
(vm5:r0) Starting new connection thread
(vm5:r0) Starting new connection thread
(vm5:r0) Maximum number of connections reached (5), waiting for a thread to finish
(vm5:m0) Got connection from reducer vm1:r0
(vm5:m0) Got connection from reducer vm2:r0
(vm5:m0:0) thread started, have to send 1508246402 bytes
(vm5:m0:1) thread started, have to send 1508246402 bytes
(vm5:m0) Got connection from reducer vm4:r0
(vm5:r0:4) Connection established
(vm5:m0) Got connection from reducer vm5:r0
(vm5:m0) Got connection from reducer vm8:r0
(vm5:m0:3) thread started, have to send 1508246402 bytes
(vm5:m0) Got connection from reducer vm7:r0
(vm5:r0:3) Connection established
(vm5:m0) Got connection from reducer vm12:r0
(vm5:m0) Got connection from reducer vm9:r0
(vm5:m0) Got connection from reducer vm6:r0
(vm5:m0) Got connection from reducer vm11:r0
(vm5:m0:4) thread started, have to send 1508246402 bytes
(vm5:m0) Got connection from reducer vm13:r0
(vm5:m0) Got connection from reducer vm15:r0
(vm5:m0) Got connection from reducer vm10:r0
(vm5:m0) Got connection from reducer vm14:r0
(vm5:m0) Got connection from reducer vm18:r0
(vm5:m0) Got connection from reducer vm19:r0
(vm5:m0) Got connection from reducer vm20:r0
(vm5:m0) Got connection from reducer vm17:r0
(vm5:m0) Got connection from reducer vm23:r0
(vm5:m0) Got connection from reducer vm22:r0
(vm5:m0) Got connection from reducer vm24:r0
(vm5:m0) Got connection from reducer vm21:r0
(vm5:m0) Got connection from reducer vm26:r0
(vm5:m0) Got connection from reducer vm25:r0
(vm5:m0) Got connection from reducer vm27:r0
(vm5:m0) Got connection from reducer vm16:r0
(vm5:m0:7) thread started, have to send 1508246402 bytes
(vm5:m0) Got connection from reducer vm3:r0
(vm5:m0) Waiting for a thread to finish
(vm5:r0:2) Connection established
(vm5:r0:1) Connection established
(vm5:m0:11) thread started, have to send 1508246402 bytes
(vm5:m0:8) thread started, have to send 1508246402 bytes
(vm5:m0:5) thread started, have to send 1508246402 bytes
(vm5:m0:10) thread started, have to send 1508246402 bytes
(vm5:m0:22) thread started, have to send 1508246402 bytes
(vm5:m0:24) thread started, have to send 1508246402 bytes
(vm5:m0:17) thread started, have to send 1508246402 bytes
(vm5:m0:23) thread started, have to send 1508246402 bytes
(vm5:m0:14) thread started, have to send 1508246402 bytes
(vm5:m0:9) thread started, have to send 1508246402 bytes
(vm5:m0:19) thread started, have to send 1508246402 bytes
(vm5:m0:16) thread started, have to send 1508246402 bytes
(vm5:m0:21) thread started, have to send 1508246402 bytes
(vm5:m0:25) thread started, have to send 1508246402 bytes
(vm5:m0:15) thread started, have to send 1508246402 bytes
(vm5:m0:18) thread started, have to send 1508246402 bytes
(vm5:m0:26) thread started, have to send 1508246402 bytes
(vm5:m0:20) thread started, have to send 1508246402 bytes
(vm5:m0:12) thread started, have to send 1508246402 bytes
(vm5:m0:13) thread started, have to send 1508246402 bytes
(vm5:m0:6) thread started, have to send 1508246402 bytes
(vm5:r0:0) Connection established
(vm5:m0:2) thread started, have to send 1508246402 bytes
(vm5:m0:4) all data sent, thread exiting
(vm5:r0:4) Connection finished, received 1508246403 bytes
(vm5:m0:11) all data sent, thread exiting
(vm5:m0:25) all data sent, thread exiting
(vm5:m0:9) all data sent, thread exiting
(vm5:m0:7) all data sent, thread exiting
(vm5:m0:22) all data sent, thread exiting
(vm5:m0:14) all data sent, thread exiting
(vm5:m0:10) all data sent, thread exiting
(vm5:m0:12) all data sent, thread exiting
(vm5:m0:17) all data sent, thread exiting
(vm5:m0:5) all data sent, thread exiting
(vm5:m0:13) all data sent, thread exiting
(vm5:m0:23) all data sent, thread exiting
(vm5:m0:19) all data sent, thread exiting
(vm5:m0:21) all data sent, thread exiting
(vm5:m0:18) all data sent, thread exiting
(vm5:m0:8) all data sent, thread exiting
(vm5:m0:26) all data sent, thread exiting
(vm5:m0:15) all data sent, thread exiting
(vm5:m0:20) all data sent, thread exiting
(vm5:m0:24) all data sent, thread exiting
(vm5:m0:6) all data sent, thread exiting
(vm5:m0:16) all data sent, thread exiting
(vm5:r0:2) Connection finished, received 1508246403 bytes
(vm5:m0:2) all data sent, thread exiting
(vm5:r0:1) Connection finished, received 1508246403 bytes
(vm5:r0:3) Connection finished, received 1508246403 bytes
(vm5:m0:1) all data sent, thread exiting
(vm5:m0:3) all data sent, thread exiting
(vm5:m0:0) all data sent, thread exiting
(vm5:m0) thread 0 joined, 26 connections remaining
(vm5:m0) Waiting for a thread to finish
(vm5:m0) thread 1 joined, 25 connections remaining
(vm5:m0) Waiting for a thread to finish
(vm5:m0) thread 2 joined, 24 connections remaining
(vm5:m0) Waiting for a thread to finish
(vm5:m0) thread 3 joined, 23 connections remaining
(vm5:m0) Waiting for a thread to finish
(vm5:m0) thread 4 joined, 22 connections remaining
(vm5:m0) Waiting for a thread to finish
(vm5:m0) thread 5 joined, 21 connections remaining
(vm5:m0) Waiting for a thread to finish
(vm5:m0) thread 6 joined, 20 connections remaining
(vm5:m0) Waiting for a thread to finish
(vm5:m0) thread 7 joined, 19 connections remaining
(vm5:m0) Waiting for a thread to finish
(vm5:m0) thread 8 joined, 18 connections remaining
(vm5:m0) Waiting for a thread to finish
(vm5:m0) thread 9 joined, 17 connections remaining
(vm5:m0) Waiting for a thread to finish
(vm5:m0) thread 10 joined, 16 connections remaining
(vm5:m0) Waiting for a thread to finish
(vm5:m0) thread 11 joined, 15 connections remaining
(vm5:m0) Waiting for a thread to finish
(vm5:m0) thread 12 joined, 14 connections remaining
(vm5:m0) Waiting for a thread to finish
(vm5:m0) thread 13 joined, 13 connections remaining
(vm5:m0) Waiting for a thread to finish
(vm5:m0) thread 14 joined, 12 connections remaining
(vm5:m0) Waiting for a thread to finish
(vm5:m0) thread 15 joined, 11 connections remaining
(vm5:m0) Waiting for a thread to finish
(vm5:m0) thread 16 joined, 10 connections remaining
(vm5:m0) Waiting for a thread to finish
(vm5:m0) thread 17 joined, 9 connections remaining
(vm5:m0) Waiting for a thread to finish
(vm5:m0) thread 18 joined, 8 connections remaining
(vm5:m0) Waiting for a thread to finish
(vm5:m0) thread 19 joined, 7 connections remaining
(vm5:m0) Waiting for a thread to finish
(vm5:m0) thread 20 joined, 6 connections remaining
(vm5:m0) Waiting for a thread to finish
(vm5:m0) thread 21 joined, 5 connections remaining
(vm5:m0) Waiting for a thread to finish
(vm5:m0) thread 22 joined, 4 connections remaining
(vm5:m0) Waiting for a thread to finish
(vm5:m0) thread 23 joined, 3 connections remaining
(vm5:m0) Waiting for a thread to finish
(vm5:m0) thread 24 joined, 2 connections remaining
(vm5:m0) Waiting for a thread to finish
(vm5:m0) thread 25 joined, 1 connections remaining
(vm5:m0) Waiting for a thread to finish
(vm5:m0) thread 26 joined, 0 connections remaining
(vm5:m0) all done, exiting
*RES* start node vm5:m0
*RES* vm5:m0:0,1404832739168,39736,1024,1508246403
*RES* vm5:m0:1,1404832739169,39260,1033,1508246403
*RES* vm5:m0:2,1404832739201,34750,982,1508246403
*RES* vm5:m0:3,1404832739170,39674,1032,1508246403
*RES* vm5:m0:4,1404832739171,18061,446,1508246403
*RES* vm5:m0:5,1404832739178,33353,1083,1508246403
*RES* vm5:m0:6,1404832739188,33755,1077,1508246403
*RES* vm5:m0:7,1404832739174,32430,1061,1508246403
*RES* vm5:m0:8,1404832739178,33648,1062,1508246403
*RES* vm5:m0:9,1404832739179,31993,1042,1508246403
*RES* vm5:m0:10,1404832739178,32869,1046,1508246403
*RES* vm5:m0:11,1404832739178,31281,1061,1508246403
*RES* vm5:m0:12,1404832739182,33150,1061,1508246403
*RES* vm5:m0:13,1404832739184,33351,1062,1508246403
*RES* vm5:m0:14,1404832739179,32617,1063,1508246403
*RES* vm5:m0:15,1404832739181,33700,1062,1508246403
*RES* vm5:m0:16,1404832739180,33780,1084,1508246403
*RES* vm5:m0:17,1404832739179,33244,1034,1508246403
*RES* vm5:m0:18,1404832739181,33579,1078,1508246403
*RES* vm5:m0:19,1404832739180,33496,1079,1508246403
*RES* vm5:m0:20,1404832739181,33750,1073,1508246403
*RES* vm5:m0:21,1404832739180,33511,1079,1508246403
*RES* vm5:m0:22,1404832739179,32473,1057,1508246403
*RES* vm5:m0:23,1404832739179,33480,1088,1508246403
*RES* vm5:m0:24,1404832739179,33753,1077,1508246403
*RES* vm5:m0:25,1404832739180,31461,1045,1508246403
*RES* vm5:m0:26,1404832739181,33681,1083,1508246403
*RES* end node vm5:m0
Node vm5:m0 joined
(vm5:r0:0) Connection finished, received 1508246403 bytes
(vm5:r0) thread 0 joined, 26 connections remaining
(vm5:r0) Starting new connection thread
(vm5:r0) Maximum number of connections reached (5), waiting for a thread to finish
(vm5:r0:0) Connection established
(vm5:r0:0) Connection finished, received 1508246403 bytes
(vm5:r0) thread 0 joined, 25 connections remaining
(vm5:r0) Starting new connection thread
(vm5:r0) Maximum number of connections reached (5), waiting for a thread to finish
(vm5:r0:0) Connection established
(vm5:r0:0) Connection finished, received 1508246403 bytes
(vm5:r0) thread 0 joined, 24 connections remaining
(vm5:r0) Starting new connection thread
(vm5:r0) Maximum number of connections reached (5), waiting for a thread to finish
(vm5:r0:0) Connection established
(vm5:r0:0) Connection finished, received 1508246403 bytes
(vm5:r0) thread 0 joined, 23 connections remaining
(vm5:r0) Starting new connection thread
(vm5:r0) Maximum number of connections reached (5), waiting for a thread to finish
(vm5:r0:0) Connection established
(vm5:r0:0) Connection finished, received 1508246403 bytes
(vm5:r0) thread 0 joined, 22 connections remaining
(vm5:r0) Starting new connection thread
(vm5:r0) Maximum number of connections reached (5), waiting for a thread to finish
(vm5:r0:0) Connection established
(vm5:r0:0) Connection finished, received 1508246403 bytes
(vm5:r0) thread 0 joined, 21 connections remaining
(vm5:r0) Starting new connection thread
(vm5:r0) Maximum number of connections reached (5), waiting for a thread to finish
(vm5:r0:0) Connection established
(vm5:r0:0) Connection finished, received 1508246403 bytes
(vm5:r0) thread 0 joined, 20 connections remaining
(vm5:r0) Starting new connection thread
(vm5:r0) Maximum number of connections reached (5), waiting for a thread to finish
(vm5:r0:0) Connection established
(vm5:r0:0) Connection finished, received 1508246403 bytes
(vm5:r0) thread 0 joined, 19 connections remaining
(vm5:r0) Starting new connection thread
(vm5:r0) Maximum number of connections reached (5), waiting for a thread to finish
(vm5:r0:0) Connection established
(vm5:r0:0) Connection finished, received 1508246403 bytes
(vm5:r0) thread 0 joined, 18 connections remaining
(vm5:r0) Starting new connection thread
(vm5:r0) Maximum number of connections reached (5), waiting for a thread to finish
(vm5:r0:0) Connection established
(vm5:r0:0) Connection finished, received 1508246403 bytes
(vm5:r0) thread 0 joined, 17 connections remaining
(vm5:r0) Starting new connection thread
(vm5:r0) Maximum number of connections reached (5), waiting for a thread to finish
(vm5:r0:0) Connection established
(vm5:r0:0) Connection finished, received 1508246403 bytes
(vm5:r0) thread 0 joined, 16 connections remaining
(vm5:r0) Starting new connection thread
(vm5:r0) Maximum number of connections reached (5), waiting for a thread to finish
(vm5:r0:0) Connection established
(vm5:r0:0) Connection finished, received 1508246403 bytes
(vm5:r0) thread 0 joined, 15 connections remaining
(vm5:r0) Starting new connection thread
(vm5:r0) Maximum number of connections reached (5), waiting for a thread to finish
(vm5:r0:0) Connection established
(vm5:r0:0) Connection finished, received 1508246403 bytes
(vm5:r0) thread 0 joined, 14 connections remaining
(vm5:r0) Starting new connection thread
(vm5:r0) Maximum number of connections reached (5), waiting for a thread to finish
(vm5:r0:0) Connection established
(vm5:r0:0) Connection finished, received 1508246403 bytes
(vm5:r0) thread 0 joined, 13 connections remaining
(vm5:r0) Starting new connection thread
(vm5:r0) Maximum number of connections reached (5), waiting for a thread to finish
(vm5:r0:0) Connection established
(vm5:r0:0) Connection finished, received 1508246403 bytes
(vm5:r0) thread 0 joined, 12 connections remaining
(vm5:r0) Starting new connection thread
(vm5:r0) Maximum number of connections reached (5), waiting for a thread to finish
(vm5:r0:0) Connection established
(vm5:r0:0) Connection finished, received 1508246403 bytes
(vm5:r0) thread 0 joined, 11 connections remaining
(vm5:r0) Starting new connection thread
(vm5:r0) Maximum number of connections reached (5), waiting for a thread to finish
(vm5:r0:0) Connection established
(vm5:r0:0) Connection finished, received 1508246403 bytes
(vm5:r0) thread 0 joined, 10 connections remaining
(vm5:r0) Starting new connection thread
(vm5:r0) Maximum number of connections reached (5), waiting for a thread to finish
(vm5:r0:0) Connection established
(vm5:r0:0) Connection finished, received 1508246403 bytes
(vm5:r0) thread 0 joined, 9 connections remaining
(vm5:r0) Starting new connection thread
(vm5:r0) Maximum number of connections reached (5), waiting for a thread to finish
(vm5:r0:0) Connection established
(vm5:r0:0) Connection finished, received 1508246403 bytes
(vm5:r0) thread 0 joined, 8 connections remaining
(vm5:r0) Starting new connection thread
(vm5:r0) Maximum number of connections reached (5), waiting for a thread to finish
(vm5:r0:0) Connection established
(vm5:r0:0) Connection finished, received 1508246403 bytes
(vm5:r0) thread 0 joined, 7 connections remaining
(vm5:r0) Starting new connection thread
(vm5:r0) Maximum number of connections reached (5), waiting for a thread to finish
(vm5:r0:0) Connection established
(vm5:r0:0) Connection finished, received 1508246403 bytes
(vm5:r0) thread 0 joined, 6 connections remaining
(vm5:r0) Starting new connection thread
(vm5:r0) Maximum number of connections reached (5), waiting for a thread to finish
(vm5:r0:0) Connection established
(vm5:r0:0) Connection finished, received 1508246403 bytes
(vm5:r0) thread 0 joined, 5 connections remaining
(vm5:r0) Starting new connection thread
(vm5:r0) Maximum number of connections reached (5), waiting for a thread to finish
(vm5:r0:0) Connection established
(vm5:r0:0) Connection finished, received 1508246403 bytes
(vm5:r0) thread 0 joined, 4 connections remaining
(vm5:r0) Maximum number of connections reached (4), waiting for a thread to finish
(vm5:r0) thread 1 joined, 3 connections remaining
(vm5:r0) Maximum number of connections reached (3), waiting for a thread to finish
(vm5:r0) thread 2 joined, 2 connections remaining
(vm5:r0) Maximum number of connections reached (2), waiting for a thread to finish
(vm5:r0) thread 3 joined, 1 connections remaining
(vm5:r0) Maximum number of connections reached (1), waiting for a thread to finish
(vm5:r0) thread 4 joined, 0 connections remaining
(vm5:r0) all done, exiting
*RES* start node vm5:r0
*RES* vm5:r0:0,1404832739188,40052,1198,1508246403
*RES* vm5:r0:0,1404832779245,29603,1368,1508246403
*RES* vm5:r0:0,1404832808853,29927,1339,1508246403
*RES* vm5:r0:0,1404832838785,25806,1305,1508246403
*RES* vm5:r0:0,1404832864597,25666,1374,1508246403
*RES* vm5:r0:0,1404832890269,22764,1388,1508246403
*RES* vm5:r0:0,1404832913037,19585,1395,1508246403
*RES* vm5:r0:0,1404832932629,19300,1337,1508246403
*RES* vm5:r0:0,1404832951933,15082,1219,1508246403
*RES* vm5:r0:0,1404832967021,14474,1117,1508246403
*RES* vm5:r0:0,1404832981500,14805,1078,1508246403
*RES* vm5:r0:0,1404832996313,12574,1066,1508246403
*RES* vm5:r0:0,1404833008893,9087,1082,1508246403
*RES* vm5:r0:0,1404833017985,6801,1071,1508246403
*RES* vm5:r0:0,1404833024793,6288,1016,1508246403
*RES* vm5:r0:0,1404833031088,6676,952,1508246403
*RES* vm5:r0:0,1404833037768,5101,873,1508246403
*RES* vm5:r0:0,1404833042884,3665,879,1508246403
*RES* vm5:r0:0,1404833046556,4761,902,1508246403
*RES* vm5:r0:0,1404833051324,5618,881,1508246403
*RES* vm5:r0:0,1404833056948,4096,905,1508246403
*RES* vm5:r0:0,1404833061048,2900,914,1508246403
*RES* vm5:r0:0,1404833063952,3780,839,1508246403
*RES* vm5:r0:1,1404832739171,38928,1137,1508246403
*RES* vm5:r0:2,1404832739170,34697,1076,1508246403
*RES* vm5:r0:3,1404832739170,39208,1129,1508246403
*RES* vm5:r0:4,1404832739169,18188,817,1508246403
*RES* end node vm5:r0
Node vm5:r0 joined
Worker terminating correctly
