OSMeF worker starting
Enabling core dumping
Listening for command connection
(vm9:m0) New mapper on port 23330
(vm9:m0) -> reducer data size 1508246402
(vm9:m0) -> reducer data size 1508246402
(vm9:m0) -> reducer data size 1508246402
(vm9:m0) -> reducer data size 1508246402
(vm9:m0) -> reducer data size 1508246402
(vm9:m0) -> reducer data size 1508246402
(vm9:m0) -> reducer data size 1508246402
(vm9:m0) -> reducer data size 1508246402
(vm9:m0) -> reducer data size 1508246402
(vm9:m0) -> reducer data size 1508246402
(vm9:m0) -> reducer data size 1508246402
(vm9:m0) -> reducer data size 1508246402
(vm9:m0) -> reducer data size 1508246402
(vm9:m0) -> reducer data size 1508246402
(vm9:m0) -> reducer data size 1508246402
(vm9:m0) -> reducer data size 1508246402
(vm9:m0) -> reducer data size 1508246402
(vm9:m0) -> reducer data size 1508246402
(vm9:m0) -> reducer data size 1508246402
(vm9:m0) -> reducer data size 1508246402
(vm9:m0) -> reducer data size 1508246402
(vm9:m0) -> reducer data size 1508246402
(vm9:m0) -> reducer data size 1508246402
(vm9:m0) -> reducer data size 1508246402
(vm9:m0) -> reducer data size 1508246402
(vm9:m0) -> reducer data size 1508246402
(vm9:m0) -> reducer data size 1508246402
(vm9:m0) Mapper thread started
(vm9:m0) Allocating data for reducer vm1:r0
(vm9:m0) Allocating data for reducer vm2:r0
(vm9:m0) Allocating data for reducer vm3:r0
(vm9:m0) Allocating data for reducer vm4:r0
(vm9:m0) Allocating data for reducer vm5:r0
(vm9:m0) Allocating data for reducer vm6:r0
(vm9:m0) Allocating data for reducer vm7:r0
(vm9:m0) Allocating data for reducer vm8:r0
(vm9:m0) Allocating data for reducer vm9:r0
(vm9:m0) Allocating data for reducer vm10:r0
(vm9:m0) Allocating data for reducer vm11:r0
(vm9:m0) Allocating data for reducer vm12:r0
(vm9:m0) Allocating data for reducer vm13:r0
(vm9:m0) Allocating data for reducer vm14:r0
(vm9:m0) Allocating data for reducer vm15:r0
(vm9:m0) Allocating data for reducer vm16:r0
(vm9:m0) Allocating data for reducer vm17:r0
(vm9:m0) Allocating data for reducer vm18:r0
(vm9:m0) Allocating data for reducer vm19:r0
(vm9:m0) Allocating data for reducer vm20:r0
(vm9:m0) Allocating data for reducer vm21:r0
(vm9:m0) Allocating data for reducer vm22:r0
(vm9:m0) Allocating data for reducer vm23:r0
(vm9:m0) Allocating data for reducer vm24:r0
(vm9:m0) Allocating data for reducer vm25:r0
(vm9:m0) Allocating data for reducer vm26:r0
(vm9:m0) Allocating data for reducer vm27:r0
(vm9:m0) Binding to port 23330
(vm9:r0) New reducer
(vm9:r0) Reducer thread started
(vm9:r0) waiting for START message
(vm9:r0) got START message
(vm9:r0) Starting new connection thread
(vm9:r0) Starting new connection thread
(vm9:r0) Starting new connection thread
(vm9:r0) Starting new connection thread
(vm9:r0) Starting new connection thread
(vm9:r0) Maximum number of connections reached (5), waiting for a thread to finish
(vm9:r0:4) Connection established
(vm9:r0:3) Connection established
(vm9:r0:1) Connection established
(vm9:r0:0) Connection established
(vm9:r0:2) Connection established
(vm9:r0:2) Connection finished, received 1508246403 bytes
(vm9:r0:4) Connection finished, received 1508246403 bytes
(vm9:r0:3) Connection finished, received 1508246403 bytes
(vm9:r0:1) Connection finished, received 1508246403 bytes
(vm9:r0:0) Connection finished, received 1508246403 bytes
(vm9:r0) thread 0 joined, 26 connections remaining
(vm9:r0) Starting new connection thread
(vm9:r0) Maximum number of connections reached (5), waiting for a thread to finish
(vm9:r0:0) Connection established
(vm9:m0) Got connection from reducer vm19:r0
(vm9:m0:18) thread started, have to send 1508246402 bytes
(vm9:m0) Got connection from reducer vm27:r0
(vm9:m0:26) thread started, have to send 1508246402 bytes
(vm9:m0) Got connection from reducer vm1:r0
(vm9:m0:0) thread started, have to send 1508246402 bytes
(vm9:m0:18) all data sent, thread exiting
(vm9:m0:26) all data sent, thread exiting
(vm9:m0:0) all data sent, thread exiting
(vm9:r0:0) Connection finished, received 1508246403 bytes
(vm9:r0) thread 0 joined, 25 connections remaining
(vm9:r0) Starting new connection thread
(vm9:r0) Maximum number of connections reached (5), waiting for a thread to finish
(vm9:r0:0) Connection established
(vm9:m0) Got connection from reducer vm22:r0
(vm9:m0:21) thread started, have to send 1508246402 bytes
(vm9:m0:21) all data sent, thread exiting
(vm9:m0) Got connection from reducer vm10:r0
(vm9:m0:9) thread started, have to send 1508246402 bytes
(vm9:m0) Got connection from reducer vm6:r0
(vm9:m0:5) thread started, have to send 1508246402 bytes
(vm9:m0:9) all data sent, thread exiting
(vm9:r0:0) Connection finished, received 1508246403 bytes
(vm9:r0) thread 0 joined, 24 connections remaining
(vm9:r0) Starting new connection thread
(vm9:r0) Maximum number of connections reached (5), waiting for a thread to finish
(vm9:r0:0) Connection established
(vm9:m0:5) all data sent, thread exiting
(vm9:m0) Got connection from reducer vm11:r0
(vm9:m0:10) thread started, have to send 1508246402 bytes
(vm9:m0) Got connection from reducer vm17:r0
(vm9:m0:16) thread started, have to send 1508246402 bytes
(vm9:m0:10) all data sent, thread exiting
(vm9:m0) Got connection from reducer vm8:r0
(vm9:m0:7) thread started, have to send 1508246402 bytes
(vm9:m0) Got connection from reducer vm23:r0
(vm9:m0:22) thread started, have to send 1508246402 bytes
(vm9:m0) Got connection from reducer vm21:r0
(vm9:m0:20) thread started, have to send 1508246402 bytes
(vm9:r0:0) Connection finished, received 1508246403 bytes
(vm9:r0) thread 0 joined, 23 connections remaining
(vm9:r0) Starting new connection thread
(vm9:r0) Maximum number of connections reached (5), waiting for a thread to finish
(vm9:r0:0) Connection established
(vm9:m0) Got connection from reducer vm9:r0
(vm9:m0:8) thread started, have to send 1508246402 bytes
(vm9:m0) Got connection from reducer vm18:r0
(vm9:m0:17) thread started, have to send 1508246402 bytes
(vm9:m0) Got connection from reducer vm25:r0
(vm9:m0:24) thread started, have to send 1508246402 bytes
(vm9:m0) Got connection from reducer vm26:r0
(vm9:m0:25) thread started, have to send 1508246402 bytes
(vm9:m0) Got connection from reducer vm5:r0
(vm9:m0:4) thread started, have to send 1508246402 bytes
(vm9:m0) Got connection from reducer vm7:r0
(vm9:m0:6) thread started, have to send 1508246402 bytes
(vm9:m0) Got connection from reducer vm20:r0
(vm9:m0:19) thread started, have to send 1508246402 bytes
(vm9:m0) Got connection from reducer vm3:r0
(vm9:m0:2) thread started, have to send 1508246402 bytes
(vm9:m0) Got connection from reducer vm13:r0
(vm9:m0) Got connection from reducer vm14:r0
(vm9:m0) Got connection from reducer vm12:r0
(vm9:m0) Got connection from reducer vm4:r0
(vm9:m0:12) thread started, have to send 1508246402 bytes
(vm9:m0:13) thread started, have to send 1508246402 bytes
(vm9:m0:11) thread started, have to send 1508246402 bytes
(vm9:m0:3) thread started, have to send 1508246402 bytes
(vm9:m0) Got connection from reducer vm16:r0
(vm9:m0) Got connection from reducer vm2:r0
(vm9:m0:15) thread started, have to send 1508246402 bytes
(vm9:m0:1) thread started, have to send 1508246402 bytes
(vm9:m0) Got connection from reducer vm24:r0
(vm9:m0:23) thread started, have to send 1508246402 bytes
(vm9:m0) Got connection from reducer vm15:r0
(vm9:m0) Waiting for a thread to finish
(vm9:m0) thread 0 joined, 26 connections remaining
(vm9:m0) Waiting for a thread to finish
(vm9:m0:14) thread started, have to send 1508246402 bytes
(vm9:m0:16) all data sent, thread exiting
(vm9:m0:8) all data sent, thread exiting
(vm9:r0:0) Connection finished, received 1508246403 bytes
(vm9:r0) thread 0 joined, 22 connections remaining
(vm9:r0) Starting new connection thread
(vm9:r0) Maximum number of connections reached (5), waiting for a thread to finish
(vm9:r0:0) Connection established
(vm9:m0:20) all data sent, thread exiting
(vm9:m0:22) all data sent, thread exiting
(vm9:m0:17) all data sent, thread exiting
(vm9:m0:7) all data sent, thread exiting
(vm9:m0:24) all data sent, thread exiting
(vm9:m0:4) all data sent, thread exiting
(vm9:m0:13) all data sent, thread exiting
(vm9:m0:6) all data sent, thread exiting
(vm9:m0:2) all data sent, thread exiting
(vm9:m0:15) all data sent, thread exiting
(vm9:m0:12) all data sent, thread exiting
(vm9:m0:11) all data sent, thread exiting
(vm9:m0:19) all data sent, thread exiting
(vm9:m0:3) all data sent, thread exiting
(vm9:m0:1) all data sent, thread exiting
(vm9:m0) thread 1 joined, 25 connections remaining
(vm9:m0) Waiting for a thread to finish
(vm9:m0) thread 2 joined, 24 connections remaining
(vm9:m0) Waiting for a thread to finish
(vm9:m0) thread 3 joined, 23 connections remaining
(vm9:m0) Waiting for a thread to finish
(vm9:m0) thread 4 joined, 22 connections remaining
(vm9:m0) Waiting for a thread to finish
(vm9:m0) thread 5 joined, 21 connections remaining
(vm9:m0) Waiting for a thread to finish
(vm9:m0) thread 6 joined, 20 connections remaining
(vm9:m0) Waiting for a thread to finish
(vm9:m0) thread 7 joined, 19 connections remaining
(vm9:m0) Waiting for a thread to finish
(vm9:m0) thread 8 joined, 18 connections remaining
(vm9:m0) Waiting for a thread to finish
(vm9:m0) thread 9 joined, 17 connections remaining
(vm9:m0) Waiting for a thread to finish
(vm9:m0) thread 10 joined, 16 connections remaining
(vm9:m0) Waiting for a thread to finish
(vm9:m0) thread 11 joined, 15 connections remaining
(vm9:m0) Waiting for a thread to finish
(vm9:m0) thread 12 joined, 14 connections remaining
(vm9:m0) Waiting for a thread to finish
(vm9:m0) thread 13 joined, 13 connections remaining
(vm9:m0) Waiting for a thread to finish
(vm9:m0:25) all data sent, thread exiting
(vm9:m0:23) all data sent, thread exiting
(vm9:m0:14) all data sent, thread exiting
(vm9:m0) thread 14 joined, 12 connections remaining
(vm9:m0) Waiting for a thread to finish
(vm9:m0) thread 15 joined, 11 connections remaining
(vm9:m0) Waiting for a thread to finish
(vm9:m0) thread 16 joined, 10 connections remaining
(vm9:m0) Waiting for a thread to finish
(vm9:m0) thread 17 joined, 9 connections remaining
(vm9:m0) Waiting for a thread to finish
(vm9:m0) thread 18 joined, 8 connections remaining
(vm9:m0) Waiting for a thread to finish
(vm9:m0) thread 19 joined, 7 connections remaining
(vm9:m0) Waiting for a thread to finish
(vm9:m0) thread 20 joined, 6 connections remaining
(vm9:m0) Waiting for a thread to finish
(vm9:m0) thread 21 joined, 5 connections remaining
(vm9:m0) Waiting for a thread to finish
(vm9:m0) thread 22 joined, 4 connections remaining
(vm9:m0) Waiting for a thread to finish
(vm9:m0) thread 23 joined, 3 connections remaining
(vm9:m0) Waiting for a thread to finish
(vm9:m0) thread 24 joined, 2 connections remaining
(vm9:m0) Waiting for a thread to finish
(vm9:m0) thread 25 joined, 1 connections remaining
(vm9:m0) Waiting for a thread to finish
(vm9:m0) thread 26 joined, 0 connections remaining
(vm9:m0) all done, exiting
*RES* start node vm9:m0
*RES* vm9:m0:0,1404832803473,5146,1395,1508246403
*RES* vm9:m0:1,1404832864767,25962,1259,1508246403
*RES* vm9:m0:2,1404832864609,25775,1229,1508246403
*RES* vm9:m0:3,1404832864687,25828,1232,1508246403
*RES* vm9:m0:4,1404832864541,25658,1240,1508246403
*RES* vm9:m0:5,1404832836357,3887,1402,1508246403
*RES* vm9:m0:6,1404832864557,25804,1242,1508246403
*RES* vm9:m0:7,1404832862701,26610,1232,1508246403
*RES* vm9:m0:8,1404832862857,21147,458,1508246403
*RES* vm9:m0:9,1404832831585,5775,2350,1508246403
*RES* vm9:m0:10,1404832858025,3861,1267,1508246403
*RES* vm9:m0:11,1404832864681,25723,1243,1508246403
*RES* vm9:m0:12,1404832864681,25741,1241,1508246403
*RES* vm9:m0:13,1404832864681,25683,1214,1508246403
*RES* vm9:m0:14,1404832865479,25365,1270,1508246403
*RES* vm9:m0:15,1404832864765,25659,1219,1508246403
*RES* vm9:m0:16,1404832860859,12987,1274,1508246403
*RES* vm9:m0:17,1404832863585,23710,1182,1508246403
*RES* vm9:m0:18,1404832799809,6093,2153,1508246403
*RES* vm9:m0:19,1404832864578,25885,1237,1508246403
*RES* vm9:m0:20,1404832862843,22131,1223,1508246403
*RES* vm9:m0:21,1404832821021,4746,1959,1508246403
*RES* vm9:m0:22,1404832862838,22302,1218,1508246403
*RES* vm9:m0:23,1404832865055,25707,1250,1508246403
*RES* vm9:m0:24,1404832864277,25419,1208,1508246403
*RES* vm9:m0:25,1404832864533,26220,1238,1508246403
*RES* vm9:m0:26,1404832802873,5303,1458,1508246403
*RES* end node vm9:m0
Node vm9:m0 joined
(vm9:r0:0) Connection finished, received 1508246403 bytes
(vm9:r0) thread 0 joined, 21 connections remaining
(vm9:r0) Starting new connection thread
(vm9:r0) Maximum number of connections reached (5), waiting for a thread to finish
(vm9:r0:0) Connection established
(vm9:r0:0) Connection finished, received 1508246403 bytes
(vm9:r0) thread 0 joined, 20 connections remaining
(vm9:r0) Starting new connection thread
(vm9:r0) Maximum number of connections reached (5), waiting for a thread to finish
(vm9:r0:0) Connection established
(vm9:r0:0) Connection finished, received 1508246403 bytes
(vm9:r0) thread 0 joined, 19 connections remaining
(vm9:r0) Starting new connection thread
(vm9:r0) Maximum number of connections reached (5), waiting for a thread to finish
(vm9:r0:0) Connection established
(vm9:r0:0) Connection finished, received 1508246403 bytes
(vm9:r0) thread 0 joined, 18 connections remaining
(vm9:r0) Starting new connection thread
(vm9:r0) Maximum number of connections reached (5), waiting for a thread to finish
(vm9:r0:0) Connection established
(vm9:r0:0) Connection finished, received 1508246403 bytes
(vm9:r0) thread 0 joined, 17 connections remaining
(vm9:r0) Starting new connection thread
(vm9:r0) Maximum number of connections reached (5), waiting for a thread to finish
(vm9:r0:0) Connection established
(vm9:r0:0) Connection finished, received 1508246403 bytes
(vm9:r0) thread 0 joined, 16 connections remaining
(vm9:r0) Starting new connection thread
(vm9:r0) Maximum number of connections reached (5), waiting for a thread to finish
(vm9:r0:0) Connection established
(vm9:r0:0) Connection finished, received 1508246403 bytes
(vm9:r0) thread 0 joined, 15 connections remaining
(vm9:r0) Starting new connection thread
(vm9:r0) Maximum number of connections reached (5), waiting for a thread to finish
(vm9:r0:0) Connection established
(vm9:r0:0) Connection finished, received 1508246403 bytes
(vm9:r0) thread 0 joined, 14 connections remaining
(vm9:r0) Starting new connection thread
(vm9:r0) Maximum number of connections reached (5), waiting for a thread to finish
(vm9:r0:0) Connection established
(vm9:r0:0) Connection finished, received 1508246403 bytes
(vm9:r0) thread 0 joined, 13 connections remaining
(vm9:r0) Starting new connection thread
(vm9:r0) Maximum number of connections reached (5), waiting for a thread to finish
(vm9:r0:0) Connection established
(vm9:r0:0) Connection finished, received 1508246403 bytes
(vm9:r0) thread 0 joined, 12 connections remaining
(vm9:r0) Starting new connection thread
(vm9:r0) Maximum number of connections reached (5), waiting for a thread to finish
(vm9:r0:0) Connection established
(vm9:r0:0) Connection finished, received 1508246403 bytes
(vm9:r0) thread 0 joined, 11 connections remaining
(vm9:r0) Starting new connection thread
(vm9:r0) Maximum number of connections reached (5), waiting for a thread to finish
(vm9:r0:0) Connection established
(vm9:r0:0) Connection finished, received 1508246403 bytes
(vm9:r0) thread 0 joined, 10 connections remaining
(vm9:r0) Starting new connection thread
(vm9:r0) Maximum number of connections reached (5), waiting for a thread to finish
(vm9:r0:0) Connection established
(vm9:r0:0) Connection finished, received 1508246403 bytes
(vm9:r0) thread 0 joined, 9 connections remaining
(vm9:r0) Starting new connection thread
(vm9:r0) Maximum number of connections reached (5), waiting for a thread to finish
(vm9:r0:0) Connection established
(vm9:r0:0) Connection finished, received 1508246403 bytes
(vm9:r0) thread 0 joined, 8 connections remaining
(vm9:r0) Starting new connection thread
(vm9:r0) Maximum number of connections reached (5), waiting for a thread to finish
(vm9:r0:0) Connection established
(vm9:r0:0) Connection finished, received 1508246403 bytes
(vm9:r0) thread 0 joined, 7 connections remaining
(vm9:r0) Starting new connection thread
(vm9:r0) Maximum number of connections reached (5), waiting for a thread to finish
(vm9:r0:0) Connection established
(vm9:r0:0) Connection finished, received 1508246403 bytes
(vm9:r0) thread 0 joined, 6 connections remaining
(vm9:r0) Starting new connection thread
(vm9:r0) Maximum number of connections reached (5), waiting for a thread to finish
(vm9:r0:0) Connection established
(vm9:r0:0) Connection finished, received 1508246403 bytes
(vm9:r0) thread 0 joined, 5 connections remaining
(vm9:r0) Starting new connection thread
(vm9:r0) Maximum number of connections reached (5), waiting for a thread to finish
(vm9:r0:0) Connection established
(vm9:r0:0) Connection finished, received 1508246403 bytes
(vm9:r0) thread 0 joined, 4 connections remaining
(vm9:r0) Maximum number of connections reached (4), waiting for a thread to finish
(vm9:r0) thread 1 joined, 3 connections remaining
(vm9:r0) Maximum number of connections reached (3), waiting for a thread to finish
(vm9:r0) thread 2 joined, 2 connections remaining
(vm9:r0) Maximum number of connections reached (2), waiting for a thread to finish
(vm9:r0) thread 3 joined, 1 connections remaining
(vm9:r0) Maximum number of connections reached (1), waiting for a thread to finish
(vm9:r0) thread 4 joined, 0 connections remaining
(vm9:r0) all done, exiting
*RES* start node vm9:r0
*RES* vm9:r0:0,1404832739106,38956,1432,1508246403
*RES* vm9:r0:0,1404832778065,30559,1467,1508246403
*RES* vm9:r0:0,1404832808629,29503,1488,1508246403
*RES* vm9:r0:0,1404832838140,24703,1374,1508246403
*RES* vm9:r0:0,1404832862851,21193,1197,1508246403
*RES* vm9:r0:0,1404832884160,22414,1256,1508246403
*RES* vm9:r0:0,1404832906581,4511,1403,1508246403
*RES* vm9:r0:0,1404832911097,3347,1480,1508246403
*RES* vm9:r0:0,1404832914449,2905,1275,1508246403
*RES* vm9:r0:0,1404832917361,3589,1541,1508246403
*RES* vm9:r0:0,1404832920957,3593,1490,1508246403
*RES* vm9:r0:0,1404832924557,3308,1391,1508246403
*RES* vm9:r0:0,1404832927869,3354,1256,1508246403
*RES* vm9:r0:0,1404832931229,3245,1204,1508246403
*RES* vm9:r0:0,1404832934481,3153,1397,1508246403
*RES* vm9:r0:0,1404832937641,2725,1199,1508246403
*RES* vm9:r0:0,1404832940373,3150,1125,1508246403
*RES* vm9:r0:0,1404832943529,2319,1042,1508246403
*RES* vm9:r0:0,1404832945853,3885,1318,1508246403
*RES* vm9:r0:0,1404832949745,3614,1294,1508246403
*RES* vm9:r0:0,1404832953365,4726,1229,1508246403
*RES* vm9:r0:0,1404832958097,3460,1246,1508246403
*RES* vm9:r0:0,1404832961561,2831,1213,1508246403
*RES* vm9:r0:1,1404832739106,38788,1433,1508246403
*RES* vm9:r0:2,1404832739105,33002,1341,1508246403
*RES* vm9:r0:3,1404832739105,38749,1389,1508246403
*RES* vm9:r0:4,1404832739105,33686,1393,1508246403
*RES* end node vm9:r0
Node vm9:r0 joined
Worker terminating correctly
