OSMeF worker starting
Enabling core dumping
Listening for command connection
(vm6:m0) New mapper on port 23330
(vm6:m0) -> reducer data size 1402438300
(vm6:m0) -> reducer data size 1402438300
(vm6:m0) -> reducer data size 1402438300
(vm6:m0) -> reducer data size 1402438300
(vm6:m0) -> reducer data size 1402438300
(vm6:m0) -> reducer data size 1402438300
(vm6:m0) -> reducer data size 1402438300
(vm6:m0) -> reducer data size 1402438300
(vm6:m0) -> reducer data size 1402438300
(vm6:m0) -> reducer data size 1402438300
(vm6:m0) -> reducer data size 1402438300
(vm6:m0) -> reducer data size 1402438300
(vm6:m0) -> reducer data size 1402438300
(vm6:m0) -> reducer data size 1402438300
(vm6:m0) -> reducer data size 1402438300
(vm6:m0) -> reducer data size 1402438300
(vm6:m0) -> reducer data size 1402438300
(vm6:m0) -> reducer data size 1402438300
(vm6:m0) -> reducer data size 1402438300
(vm6:m0) -> reducer data size 1402438300
(vm6:m0) -> reducer data size 1402438300
(vm6:m0) -> reducer data size 1402438300
(vm6:m0) -> reducer data size 1402438300
(vm6:m0) -> reducer data size 1402438300
(vm6:m0) -> reducer data size 1402438300
(vm6:m0) -> reducer data size 1402438300
(vm6:m0) -> reducer data size 1402438300
(vm6:m0) -> reducer data size 1402438300
(vm6:m0) Mapper thread started
(vm6:m0) Allocating data for reducer vm1:r0
(vm6:m0) Allocating data for reducer vm2:r0
(vm6:m0) Allocating data for reducer vm3:r0
(vm6:m0) Allocating data for reducer vm4:r0
(vm6:m0) Allocating data for reducer vm5:r0
(vm6:m0) Allocating data for reducer vm6:r0
(vm6:m0) Allocating data for reducer vm7:r0
(vm6:m0) Allocating data for reducer vm8:r0
(vm6:m0) Allocating data for reducer vm9:r0
(vm6:m0) Allocating data for reducer vm10:r0
(vm6:m0) Allocating data for reducer vm11:r0
(vm6:m0) Allocating data for reducer vm12:r0
(vm6:m0) Allocating data for reducer vm13:r0
(vm6:m0) Allocating data for reducer vm14:r0
(vm6:m0) Allocating data for reducer vm15:r0
(vm6:m0) Allocating data for reducer vm16:r0
(vm6:m0) Allocating data for reducer vm17:r0
(vm6:m0) Allocating data for reducer vm18:r0
(vm6:m0) Allocating data for reducer vm19:r0
(vm6:m0) Allocating data for reducer vm20:r0
(vm6:m0) Allocating data for reducer vm21:r0
(vm6:m0) Allocating data for reducer vm22:r0
(vm6:m0) Allocating data for reducer vm23:r0
(vm6:m0) Allocating data for reducer vm24:r0
(vm6:m0) Allocating data for reducer vm25:r0
(vm6:m0) Allocating data for reducer vm26:r0
(vm6:m0) Allocating data for reducer vm27:r0
(vm6:m0) Allocating data for reducer vm28:r0
(vm6:m0) Binding to port 23330
(vm6:r0) New reducer
(vm6:r0) Reducer thread started
(vm6:r0) waiting for START message
(vm6:r0) got START message
(vm6:r0) Starting new connection thread
(vm6:r0) Starting new connection thread
(vm6:r0) Starting new connection thread
(vm6:r0) Starting new connection thread
(vm6:r0) Starting new connection thread
(vm6:r0) Maximum number of connections reached (5), waiting for a thread to finish
(vm6:r0:4) Connection established
(vm6:r0:3) Connection established
(vm6:r0:2) Connection established
(vm6:r0:1) Connection established
(vm6:r0:0) Connection established
(vm6:m0) Got connection from reducer vm1:r0
(vm6:m0:0) thread started, have to send 1402438300 bytes
(vm6:r0:4) Connection finished, received 1402438301 bytes
(vm6:r0:1) Connection finished, received 1402438301 bytes
(vm6:r0:3) Connection finished, received 1402438301 bytes
(vm6:m0) Got connection from reducer vm25:r0
(vm6:m0:24) thread started, have to send 1402438300 bytes
(vm6:m0) Got connection from reducer vm7:r0
(vm6:m0:6) thread started, have to send 1402438300 bytes
(vm6:r0:0) Connection finished, received 1402438301 bytes
(vm6:r0) thread 0 joined, 27 connections remaining
(vm6:r0) Starting new connection thread
(vm6:r0) Maximum number of connections reached (5), waiting for a thread to finish
(vm6:r0:0) Connection established
(vm6:m0) Got connection from reducer vm6:r0
(vm6:m0:5) thread started, have to send 1402438300 bytes
(vm6:m0) Got connection from reducer vm20:r0
(vm6:m0:19) thread started, have to send 1402438300 bytes
(vm6:m0) Got connection from reducer vm26:r0
(vm6:m0:25) thread started, have to send 1402438300 bytes
(vm6:m0) Got connection from reducer vm9:r0
(vm6:m0:8) thread started, have to send 1402438300 bytes
(vm6:m0) Got connection from reducer vm18:r0
(vm6:m0) Got connection from reducer vm17:r0
(vm6:m0:17) thread started, have to send 1402438300 bytes
(vm6:m0:16) thread started, have to send 1402438300 bytes
(vm6:m0) Got connection from reducer vm23:r0
(vm6:m0:22) thread started, have to send 1402438300 bytes
(vm6:m0) Got connection from reducer vm24:r0
(vm6:m0:23) thread started, have to send 1402438300 bytes
(vm6:m0) Got connection from reducer vm19:r0
(vm6:m0:18) thread started, have to send 1402438300 bytes
(vm6:m0) Got connection from reducer vm16:r0
(vm6:m0:15) thread started, have to send 1402438300 bytes
(vm6:m0) Got connection from reducer vm22:r0
(vm6:m0:21) thread started, have to send 1402438300 bytes
(vm6:m0) Got connection from reducer vm11:r0
(vm6:m0) Got connection from reducer vm14:r0
(vm6:m0) Got connection from reducer vm28:r0
(vm6:m0) Got connection from reducer vm10:r0
(vm6:m0:13) thread started, have to send 1402438300 bytes
(vm6:m0:10) thread started, have to send 1402438300 bytes
(vm6:m0) Got connection from reducer vm15:r0
(vm6:m0) Got connection from reducer vm21:r0
(vm6:m0) Got connection from reducer vm12:r0
(vm6:m0:9) thread started, have to send 1402438300 bytes
(vm6:m0:27) thread started, have to send 1402438300 bytes
(vm6:m0) Got connection from reducer vm13:r0
(vm6:m0:14) thread started, have to send 1402438300 bytes
(vm6:m0:20) thread started, have to send 1402438300 bytes
(vm6:m0:11) thread started, have to send 1402438300 bytes
(vm6:m0) Got connection from reducer vm27:r0
(vm6:m0:12) thread started, have to send 1402438300 bytes
(vm6:m0:26) thread started, have to send 1402438300 bytes
(vm6:m0) Got connection from reducer vm8:r0
(vm6:m0) Got connection from reducer vm2:r0
(vm6:m0:7) thread started, have to send 1402438300 bytes
(vm6:m0) Got connection from reducer vm4:r0
(vm6:m0:1) thread started, have to send 1402438300 bytes
(vm6:m0:3) thread started, have to send 1402438300 bytes
(vm6:m0) Got connection from reducer vm5:r0
(vm6:m0:4) thread started, have to send 1402438300 bytes
(vm6:m0) Got connection from reducer vm3:r0
(vm6:m0) Waiting for a thread to finish
(vm6:m0:2) thread started, have to send 1402438300 bytes
(vm6:r0:2) Connection finished, received 1402438301 bytes
(vm6:m0:0) all data sent, thread exiting
(vm6:m0) thread 0 joined, 27 connections remaining
(vm6:m0) Waiting for a thread to finish
(vm6:m0:5) all data sent, thread exiting
(vm6:r0:0) Connection finished, received 1402438301 bytes
(vm6:r0) thread 0 joined, 26 connections remaining
(vm6:r0) Starting new connection thread
(vm6:r0) Maximum number of connections reached (5), waiting for a thread to finish
(vm6:r0:0) Connection established
(vm6:m0:24) all data sent, thread exiting
(vm6:m0:6) all data sent, thread exiting
(vm6:m0:19) all data sent, thread exiting
(vm6:m0:16) all data sent, thread exiting
(vm6:m0:23) all data sent, thread exiting
(vm6:m0:22) all data sent, thread exiting
(vm6:m0:25) all data sent, thread exiting
(vm6:m0:8) all data sent, thread exiting
(vm6:m0:17) all data sent, thread exiting
(vm6:m0:26) all data sent, thread exiting
(vm6:m0:11) all data sent, thread exiting
(vm6:m0:10) all data sent, thread exiting
(vm6:m0:20) all data sent, thread exiting
(vm6:m0:3) all data sent, thread exiting
(vm6:m0:12) all data sent, thread exiting
(vm6:m0:9) all data sent, thread exiting
(vm6:m0:14) all data sent, thread exiting
(vm6:m0:18) all data sent, thread exiting
(vm6:m0:27) all data sent, thread exiting
(vm6:m0:4) all data sent, thread exiting
(vm6:m0:21) all data sent, thread exiting
(vm6:m0:15) all data sent, thread exiting
(vm6:m0:13) all data sent, thread exiting
(vm6:m0:7) all data sent, thread exiting
(vm6:m0:1) all data sent, thread exiting
(vm6:m0) thread 1 joined, 26 connections remaining
(vm6:m0) Waiting for a thread to finish
(vm6:m0:2) all data sent, thread exiting
(vm6:m0) thread 2 joined, 25 connections remaining
(vm6:m0) Waiting for a thread to finish
(vm6:m0) thread 3 joined, 24 connections remaining
(vm6:m0) Waiting for a thread to finish
(vm6:m0) thread 4 joined, 23 connections remaining
(vm6:m0) Waiting for a thread to finish
(vm6:m0) thread 5 joined, 22 connections remaining
(vm6:m0) Waiting for a thread to finish
(vm6:m0) thread 6 joined, 21 connections remaining
(vm6:m0) Waiting for a thread to finish
(vm6:m0) thread 7 joined, 20 connections remaining
(vm6:m0) Waiting for a thread to finish
(vm6:m0) thread 8 joined, 19 connections remaining
(vm6:m0) Waiting for a thread to finish
(vm6:m0) thread 9 joined, 18 connections remaining
(vm6:m0) Waiting for a thread to finish
(vm6:m0) thread 10 joined, 17 connections remaining
(vm6:m0) Waiting for a thread to finish
(vm6:m0) thread 11 joined, 16 connections remaining
(vm6:m0) Waiting for a thread to finish
(vm6:m0) thread 12 joined, 15 connections remaining
(vm6:m0) Waiting for a thread to finish
(vm6:m0) thread 13 joined, 14 connections remaining
(vm6:m0) Waiting for a thread to finish
(vm6:m0) thread 14 joined, 13 connections remaining
(vm6:m0) Waiting for a thread to finish
(vm6:m0) thread 15 joined, 12 connections remaining
(vm6:m0) Waiting for a thread to finish
(vm6:m0) thread 16 joined, 11 connections remaining
(vm6:m0) Waiting for a thread to finish
(vm6:m0) thread 17 joined, 10 connections remaining
(vm6:m0) Waiting for a thread to finish
(vm6:m0) thread 18 joined, 9 connections remaining
(vm6:m0) Waiting for a thread to finish
(vm6:m0) thread 19 joined, 8 connections remaining
(vm6:m0) Waiting for a thread to finish
(vm6:m0) thread 20 joined, 7 connections remaining
(vm6:m0) Waiting for a thread to finish
(vm6:m0) thread 21 joined, 6 connections remaining
(vm6:m0) Waiting for a thread to finish
(vm6:m0) thread 22 joined, 5 connections remaining
(vm6:m0) Waiting for a thread to finish
(vm6:m0) thread 23 joined, 4 connections remaining
(vm6:m0) Waiting for a thread to finish
(vm6:m0) thread 24 joined, 3 connections remaining
(vm6:m0) Waiting for a thread to finish
(vm6:m0) thread 25 joined, 2 connections remaining
(vm6:m0) Waiting for a thread to finish
(vm6:m0) thread 26 joined, 1 connections remaining
(vm6:m0) Waiting for a thread to finish
(vm6:m0) thread 27 joined, 0 connections remaining
(vm6:m0) all done, exiting
*RES* start node vm6:m0
*RES* vm6:m0:0,1404894964330,29454,986,1402438301
*RES* vm6:m0:1,1404894981274,29046,1030,1402438301
*RES* vm6:m0:2,1404894982226,28483,1064,1402438301
*RES* vm6:m0:3,1404894981282,27916,985,1402438301
*RES* vm6:m0:4,1404894981316,28800,999,1402438301
*RES* vm6:m0:5,1404894980301,18384,418,1402438301
*RES* vm6:m0:6,1404894979741,22052,961,1402438301
*RES* vm6:m0:7,1404894981241,29045,1029,1402438301
*RES* vm6:m0:8,1404894980467,27123,948,1402438301
*RES* vm6:m0:9,1404894981176,28063,979,1402438301
*RES* vm6:m0:10,1404894981129,27825,987,1402438301
*RES* vm6:m0:11,1404894981192,27675,965,1402438301
*RES* vm6:m0:12,1404894981201,28020,982,1402438301
*RES* vm6:m0:13,1404894981129,29084,1031,1402438301
*RES* vm6:m0:14,1404894981192,28528,973,1402438301
*RES* vm6:m0:15,1404894980912,29234,1021,1402438301
*RES* vm6:m0:16,1404894980533,25158,950,1402438301
*RES* vm6:m0:17,1404894980531,27557,954,1402438301
*RES* vm6:m0:18,1404894980850,29093,1014,1402438301
*RES* vm6:m0:19,1404894980331,24950,930,1402438301
*RES* vm6:m0:20,1404894981192,27872,993,1402438301
*RES* vm6:m0:21,1404894980945,29198,1026,1402438301
*RES* vm6:m0:22,1404894980574,26249,960,1402438301
*RES* vm6:m0:23,1404894980596,25791,933,1402438301
*RES* vm6:m0:24,1404894979724,20903,948,1402438301
*RES* vm6:m0:25,1404894980344,27014,962,1402438301
*RES* vm6:m0:26,1404894981221,27382,990,1402438301
*RES* vm6:m0:27,1404894981176,28819,1015,1402438301
*RES* end node vm6:m0
Node vm6:m0 joined
(vm6:r0:0) Connection finished, received 1402438301 bytes
(vm6:r0) thread 0 joined, 25 connections remaining
(vm6:r0) Starting new connection thread
(vm6:r0) Maximum number of connections reached (5), waiting for a thread to finish
(vm6:r0:0) Connection established
(vm6:r0:0) Connection finished, received 1402438301 bytes
(vm6:r0) thread 0 joined, 24 connections remaining
(vm6:r0) Starting new connection thread
(vm6:r0) Maximum number of connections reached (5), waiting for a thread to finish
(vm6:r0:0) Connection established
(vm6:r0:0) Connection finished, received 1402438301 bytes
(vm6:r0) thread 0 joined, 23 connections remaining
(vm6:r0) Starting new connection thread
(vm6:r0) Maximum number of connections reached (5), waiting for a thread to finish
(vm6:r0:0) Connection established
(vm6:r0:0) Connection finished, received 1402438301 bytes
(vm6:r0) thread 0 joined, 22 connections remaining
(vm6:r0) Starting new connection thread
(vm6:r0) Maximum number of connections reached (5), waiting for a thread to finish
(vm6:r0:0) Connection established
(vm6:r0:0) Connection finished, received 1402438301 bytes
(vm6:r0) thread 0 joined, 21 connections remaining
(vm6:r0) Starting new connection thread
(vm6:r0) Maximum number of connections reached (5), waiting for a thread to finish
(vm6:r0:0) Connection established
(vm6:r0:0) Connection finished, received 1402438301 bytes
(vm6:r0) thread 0 joined, 20 connections remaining
(vm6:r0) Starting new connection thread
(vm6:r0) Maximum number of connections reached (5), waiting for a thread to finish
(vm6:r0:0) Connection established
(vm6:r0:0) Connection finished, received 1402438301 bytes
(vm6:r0) thread 0 joined, 19 connections remaining
(vm6:r0) Starting new connection thread
(vm6:r0) Maximum number of connections reached (5), waiting for a thread to finish
(vm6:r0:0) Connection established
(vm6:r0:0) Connection finished, received 1402438301 bytes
(vm6:r0) thread 0 joined, 18 connections remaining
(vm6:r0) Starting new connection thread
(vm6:r0) Maximum number of connections reached (5), waiting for a thread to finish
(vm6:r0:0) Connection established
(vm6:r0:0) Connection finished, received 1402438301 bytes
(vm6:r0) thread 0 joined, 17 connections remaining
(vm6:r0) Starting new connection thread
(vm6:r0) Maximum number of connections reached (5), waiting for a thread to finish
(vm6:r0:0) Connection established
(vm6:r0:0) Connection finished, received 1402438301 bytes
(vm6:r0) thread 0 joined, 16 connections remaining
(vm6:r0) Starting new connection thread
(vm6:r0) Maximum number of connections reached (5), waiting for a thread to finish
(vm6:r0:0) Connection established
(vm6:r0:0) Connection finished, received 1402438301 bytes
(vm6:r0) thread 0 joined, 15 connections remaining
(vm6:r0) Starting new connection thread
(vm6:r0) Maximum number of connections reached (5), waiting for a thread to finish
(vm6:r0:0) Connection established
(vm6:r0:0) Connection finished, received 1402438301 bytes
(vm6:r0) thread 0 joined, 14 connections remaining
(vm6:r0) Starting new connection thread
(vm6:r0) Maximum number of connections reached (5), waiting for a thread to finish
(vm6:r0:0) Connection established
(vm6:r0:0) Connection finished, received 1402438301 bytes
(vm6:r0) thread 0 joined, 13 connections remaining
(vm6:r0) Starting new connection thread
(vm6:r0) Maximum number of connections reached (5), waiting for a thread to finish
(vm6:r0:0) Connection established
(vm6:r0:0) Connection finished, received 1402438301 bytes
(vm6:r0) thread 0 joined, 12 connections remaining
(vm6:r0) Starting new connection thread
(vm6:r0) Maximum number of connections reached (5), waiting for a thread to finish
(vm6:r0:0) Connection established
(vm6:r0:0) Connection finished, received 1402438301 bytes
(vm6:r0) thread 0 joined, 11 connections remaining
(vm6:r0) Starting new connection thread
(vm6:r0) Maximum number of connections reached (5), waiting for a thread to finish
(vm6:r0:0) Connection established
(vm6:r0:0) Connection finished, received 1402438301 bytes
(vm6:r0) thread 0 joined, 10 connections remaining
(vm6:r0) Starting new connection thread
(vm6:r0) Maximum number of connections reached (5), waiting for a thread to finish
(vm6:r0:0) Connection established
(vm6:r0:0) Connection finished, received 1402438301 bytes
(vm6:r0) thread 0 joined, 9 connections remaining
(vm6:r0) Starting new connection thread
(vm6:r0) Maximum number of connections reached (5), waiting for a thread to finish
(vm6:r0:0) Connection established
(vm6:r0:0) Connection finished, received 1402438301 bytes
(vm6:r0) thread 0 joined, 8 connections remaining
(vm6:r0) Starting new connection thread
(vm6:r0) Maximum number of connections reached (5), waiting for a thread to finish
(vm6:r0:0) Connection established
(vm6:r0:0) Connection finished, received 1402438301 bytes
(vm6:r0) thread 0 joined, 7 connections remaining
(vm6:r0) Starting new connection thread
(vm6:r0) Maximum number of connections reached (5), waiting for a thread to finish
(vm6:r0:0) Connection established
(vm6:r0:0) Connection finished, received 1402438301 bytes
(vm6:r0) thread 0 joined, 6 connections remaining
(vm6:r0) Starting new connection thread
(vm6:r0) Maximum number of connections reached (5), waiting for a thread to finish
(vm6:r0:0) Connection established
(vm6:r0:0) Connection finished, received 1402438301 bytes
(vm6:r0) thread 0 joined, 5 connections remaining
(vm6:r0) Starting new connection thread
(vm6:r0) Maximum number of connections reached (5), waiting for a thread to finish
(vm6:r0:0) Connection established
(vm6:r0:0) Connection finished, received 1402438301 bytes
(vm6:r0) thread 0 joined, 4 connections remaining
(vm6:r0) Maximum number of connections reached (4), waiting for a thread to finish
(vm6:r0) thread 1 joined, 3 connections remaining
(vm6:r0) Maximum number of connections reached (3), waiting for a thread to finish
(vm6:r0) thread 2 joined, 2 connections remaining
(vm6:r0) Maximum number of connections reached (2), waiting for a thread to finish
(vm6:r0) thread 3 joined, 1 connections remaining
(vm6:r0) Maximum number of connections reached (1), waiting for a thread to finish
(vm6:r0) thread 4 joined, 0 connections remaining
(vm6:r0) all done, exiting
*RES* start node vm6:r0
*RES* vm6:r0:0,1404894942943,37339,1306,1402438301
*RES* vm6:r0:0,1404894980295,18490,905,1402438301
*RES* vm6:r0:0,1404894998848,26890,1096,1402438301
*RES* vm6:r0:0,1404895025746,4228,1300,1402438301
*RES* vm6:r0:0,1404895029982,4569,1437,1402438301
*RES* vm6:r0:0,1404895034558,5400,1305,1402438301
*RES* vm6:r0:0,1404895039966,5521,1208,1402438301
*RES* vm6:r0:0,1404895045494,4536,1430,1402438301
*RES* vm6:r0:0,1404895050034,5362,1448,1402438301
*RES* vm6:r0:0,1404895055402,4526,1393,1402438301
*RES* vm6:r0:0,1404895059934,5389,1471,1402438301
*RES* vm6:r0:0,1404895065330,4764,1336,1402438301
*RES* vm6:r0:0,1404895070098,6390,1683,1402438301
*RES* vm6:r0:0,1404895076494,6170,1322,1402438301
*RES* vm6:r0:0,1404895082670,4667,1420,1402438301
*RES* vm6:r0:0,1404895087342,6906,1870,1402438301
*RES* vm6:r0:0,1404895094254,6233,1699,1402438301
*RES* vm6:r0:0,1404895100494,4815,1423,1402438301
*RES* vm6:r0:0,1404895105314,4771,1405,1402438301
*RES* vm6:r0:0,1404895110090,4838,1492,1402438301
*RES* vm6:r0:0,1404895114934,4389,1571,1402438301
*RES* vm6:r0:0,1404895119330,6013,1369,1402438301
*RES* vm6:r0:0,1404895125350,5355,1364,1402438301
*RES* vm6:r0:0,1404895130710,5436,1651,1402438301
*RES* vm6:r0:1,1404894942942,30563,1297,1402438301
*RES* vm6:r0:2,1404894942942,39419,1302,1402438301
*RES* vm6:r0:3,1404894942942,34931,1297,1402438301
*RES* vm6:r0:4,1404894942942,29765,1303,1402438301
*RES* end node vm6:r0
Node vm6:r0 joined
Worker terminating correctly
