OSMeF worker starting
Enabling core dumping
Listening for command connection
(vm13:m0) New mapper on port 23330
(vm13:m0) -> reducer data size 63535019
(vm13:m0) -> reducer data size 63535019
(vm13:m0) -> reducer data size 63535019
(vm13:m0) -> reducer data size 63535019
(vm13:m0) -> reducer data size 63535019
(vm13:m0) -> reducer data size 63535019
(vm13:m0) -> reducer data size 63535019
(vm13:m0) -> reducer data size 63535019
(vm13:m0) -> reducer data size 63535019
(vm13:m0) -> reducer data size 63535019
(vm13:m0) -> reducer data size 63535019
(vm13:m0) -> reducer data size 63535019
(vm13:m0) -> reducer data size 63535019
(vm13:m0) Mapper thread started
(vm13:m0) Allocating data for reducer vm1:r0
(vm13:m0) Allocating data for reducer vm2:r0
(vm13:m0) Allocating data for reducer vm3:r0
(vm13:m0) Allocating data for reducer vm4:r0
(vm13:m0) Allocating data for reducer vm5:r0
(vm13:m0) Allocating data for reducer vm6:r0
(vm13:m0) Allocating data for reducer vm7:r0
(vm13:m0) Allocating data for reducer vm8:r0
(vm13:m0) Allocating data for reducer vm9:r0
(vm13:m0) Allocating data for reducer vm10:r0
(vm13:m0) Allocating data for reducer vm11:r0
(vm13:m0) Allocating data for reducer vm12:r0
(vm13:m0) Allocating data for reducer vm13:r0
(vm13:m0) Binding to port 23330
(vm13:r0) New reducer
(vm13:r0) Reducer thread started
(vm13:r0) waiting for START message
(vm13:r0) got START message
(vm13:r0) Starting new connection thread
(vm13:r0) Starting new connection thread
(vm13:r0) Starting new connection thread
(vm13:r0) Starting new connection thread
(vm13:r0) Starting new connection thread
(vm13:r0) Maximum number of connections reached (5), waiting for a thread to finish
(vm13:r0:0) Connection established
(vm13:r0:1) Connection established
(vm13:r0:3) Connection established
(vm13:r0:4) Connection established
(vm13:r0:2) Connection established
(vm13:r0:2) Connection finished, received 63535020 bytes
(vm13:r0:3) Connection finished, received 63535020 bytes
(vm13:r0:0) Connection finished, received 63535020 bytes
(vm13:r0) thread 0 joined, 12 connections remaining
(vm13:r0) Starting new connection thread
(vm13:r0) Maximum number of connections reached (5), waiting for a thread to finish
(vm13:r0:0) Connection established
(vm13:r0:1) Connection finished, received 63535020 bytes
(vm13:r0:4) Connection finished, received 63535020 bytes
(vm13:r0:0) Connection finished, received 63535020 bytes
(vm13:r0) thread 0 joined, 11 connections remaining
(vm13:r0) Starting new connection thread
(vm13:r0) Maximum number of connections reached (5), waiting for a thread to finish
(vm13:r0:0) Connection established
(vm13:m0) Got connection from reducer vm1:r0
(vm13:m0:0) thread started, have to send 63535019 bytes
(vm13:m0:0) all data sent, thread exiting
(vm13:r0:0) Connection finished, received 63535020 bytes
(vm13:r0) thread 0 joined, 10 connections remaining
(vm13:r0) Starting new connection thread
(vm13:r0) Maximum number of connections reached (5), waiting for a thread to finish
(vm13:r0:0) Connection established
(vm13:m0) Got connection from reducer vm6:r0
(vm13:m0:5) thread started, have to send 63535019 bytes
(vm13:m0) Got connection from reducer vm11:r0
(vm13:m0:10) thread started, have to send 63535019 bytes
(vm13:r0:0) Connection finished, received 63535020 bytes
(vm13:r0) thread 0 joined, 9 connections remaining
(vm13:r0) Starting new connection thread
(vm13:r0) Maximum number of connections reached (5), waiting for a thread to finish
(vm13:r0:0) Connection established
(vm13:m0:5) all data sent, thread exiting
(vm13:m0:10) all data sent, thread exiting
(vm13:m0) Got connection from reducer vm12:r0
(vm13:m0:11) thread started, have to send 63535019 bytes
(vm13:m0:11) all data sent, thread exiting
(vm13:m0) Got connection from reducer vm7:r0
(vm13:m0:6) thread started, have to send 63535019 bytes
(vm13:m0:6) all data sent, thread exiting
(vm13:r0:0) Connection finished, received 63535020 bytes
(vm13:r0) thread 0 joined, 8 connections remaining
(vm13:r0) Starting new connection thread
(vm13:r0) Maximum number of connections reached (5), waiting for a thread to finish
(vm13:r0:0) Connection established
(vm13:m0) Got connection from reducer vm9:r0
(vm13:m0:8) thread started, have to send 63535019 bytes
(vm13:m0:8) all data sent, thread exiting
(vm13:m0) Got connection from reducer vm3:r0
(vm13:m0:2) thread started, have to send 63535019 bytes
(vm13:m0:2) all data sent, thread exiting
(vm13:r0:0) Connection finished, received 63535020 bytes
(vm13:r0) thread 0 joined, 7 connections remaining
(vm13:r0) Starting new connection thread
(vm13:r0) Maximum number of connections reached (5), waiting for a thread to finish
(vm13:r0:0) Connection established
(vm13:m0) Got connection from reducer vm10:r0
(vm13:m0:9) thread started, have to send 63535019 bytes
(vm13:m0:9) all data sent, thread exiting
(vm13:r0:0) Connection finished, received 63535020 bytes
(vm13:r0) thread 0 joined, 6 connections remaining
(vm13:r0) Starting new connection thread
(vm13:r0) Maximum number of connections reached (5), waiting for a thread to finish
(vm13:r0:0) Connection established
(vm13:m0) Got connection from reducer vm8:r0
(vm13:m0:7) thread started, have to send 63535019 bytes
(vm13:m0:7) all data sent, thread exiting
(vm13:r0:0) Connection finished, received 63535020 bytes
(vm13:r0) thread 0 joined, 5 connections remaining
(vm13:r0) Starting new connection thread
(vm13:r0) Maximum number of connections reached (5), waiting for a thread to finish
(vm13:r0:0) Connection established
(vm13:m0) Got connection from reducer vm13:r0
(vm13:m0:12) thread started, have to send 63535019 bytes
(vm13:m0) Got connection from reducer vm5:r0
(vm13:m0:4) thread started, have to send 63535019 bytes
(vm13:m0) Got connection from reducer vm2:r0
(vm13:m0) Got connection from reducer vm4:r0
(vm13:m0) Waiting for a thread to finish
(vm13:m0) thread 0 joined, 12 connections remaining
(vm13:m0) Waiting for a thread to finish
(vm13:m0:1) thread started, have to send 63535019 bytes
(vm13:m0:3) thread started, have to send 63535019 bytes
(vm13:m0:12) all data sent, thread exiting
(vm13:r0:0) Connection finished, received 63535020 bytes
(vm13:r0) thread 0 joined, 4 connections remaining
(vm13:r0) Maximum number of connections reached (4), waiting for a thread to finish
(vm13:r0) thread 1 joined, 3 connections remaining
(vm13:r0) Maximum number of connections reached (3), waiting for a thread to finish
(vm13:r0) thread 2 joined, 2 connections remaining
(vm13:r0) Maximum number of connections reached (2), waiting for a thread to finish
(vm13:r0) thread 3 joined, 1 connections remaining
(vm13:r0) Maximum number of connections reached (1), waiting for a thread to finish
(vm13:r0) thread 4 joined, 0 connections remaining
(vm13:r0) all done, exiting
(vm13:m0:4) all data sent, thread exiting
(vm13:m0:3) all data sent, thread exiting
(vm13:m0:1) all data sent, thread exiting
(vm13:m0) thread 1 joined, 11 connections remaining
(vm13:m0) Waiting for a thread to finish
(vm13:m0) thread 2 joined, 10 connections remaining
(vm13:m0) Waiting for a thread to finish
(vm13:m0) thread 3 joined, 9 connections remaining
(vm13:m0) Waiting for a thread to finish
(vm13:m0) thread 4 joined, 8 connections remaining
(vm13:m0) Waiting for a thread to finish
(vm13:m0) thread 5 joined, 7 connections remaining
(vm13:m0) Waiting for a thread to finish
(vm13:m0) thread 6 joined, 6 connections remaining
(vm13:m0) Waiting for a thread to finish
(vm13:m0) thread 7 joined, 5 connections remaining
(vm13:m0) Waiting for a thread to finish
(vm13:m0) thread 8 joined, 4 connections remaining
(vm13:m0) Waiting for a thread to finish
(vm13:m0) thread 9 joined, 3 connections remaining
(vm13:m0) Waiting for a thread to finish
(vm13:m0) thread 10 joined, 2 connections remaining
(vm13:m0) Waiting for a thread to finish
(vm13:m0) thread 11 joined, 1 connections remaining
(vm13:m0) Waiting for a thread to finish
(vm13:m0) thread 12 joined, 0 connections remaining
(vm13:m0) all done, exiting
*RES* start node vm13:m0
*RES* vm13:m0:0,1403609728906,111,47,63535020
*RES* vm13:m0:1,1403609730909,136,29,63535020
*RES* vm13:m0:2,1403609730243,96,32,63535020
*RES* vm13:m0:3,1403609730912,126,29,63535020
*RES* vm13:m0:4,1403609730891,139,29,63535020
*RES* vm13:m0:5,1403609729452,125,43,63535020
*RES* vm13:m0:6,1403609729816,95,30,63535020
*RES* vm13:m0:7,1403609730704,79,32,63535020
*RES* vm13:m0:8,1403609730132,77,33,63535020
*RES* vm13:m0:9,1403609730574,70,29,63535020
*RES* vm13:m0:10,1403609729477,138,34,63535020
*RES* vm13:m0:11,1403609729641,83,30,63535020
*RES* vm13:m0:12,1403609730876,67,12,63535020
*RES* end node vm13:m0
Node vm13:m0 joined
*RES* start node vm13:r0
*RES* vm13:r0:0,1403609726902,943,51,63535020
*RES* vm13:r0:0,1403609727852,696,43,63535020
*RES* vm13:r0:0,1403609728552,585,47,63535020
*RES* vm13:r0:0,1403609729144,411,41,63535020
*RES* vm13:r0:0,1403609729562,402,35,63535020
*RES* vm13:r0:0,1403609729968,409,33,63535020
*RES* vm13:r0:0,1403609730380,295,32,63535020
*RES* vm13:r0:0,1403609730680,188,33,63535020
*RES* vm13:r0:0,1403609730872,81,16,63535020
*RES* vm13:r0:1,1403609726902,1014,49,63535020
*RES* vm13:r0:2,1403609726902,531,49,63535020
*RES* vm13:r0:3,1403609726902,880,50,63535020
*RES* vm13:r0:4,1403609726902,1071,48,63535020
*RES* end node vm13:r0
Node vm13:r0 joined
Worker terminating correctly
