OSMeF worker starting
Enabling core dumping
Listening for command connection
(vm17:m0) New mapper on port 23330
(vm17:m0) -> reducer data size 29743540
(vm17:m0) -> reducer data size 29743540
(vm17:m0) -> reducer data size 29743540
(vm17:m0) -> reducer data size 29743540
(vm17:m0) -> reducer data size 29743540
(vm17:m0) -> reducer data size 29743540
(vm17:m0) -> reducer data size 29743540
(vm17:m0) -> reducer data size 29743540
(vm17:m0) -> reducer data size 29743540
(vm17:m0) -> reducer data size 29743540
(vm17:m0) -> reducer data size 29743540
(vm17:m0) -> reducer data size 29743540
(vm17:m0) -> reducer data size 29743540
(vm17:m0) -> reducer data size 29743540
(vm17:m0) -> reducer data size 29743540
(vm17:m0) -> reducer data size 29743540
(vm17:m0) -> reducer data size 29743540
(vm17:m0) -> reducer data size 29743540
(vm17:m0) -> reducer data size 29743540
(vm17:m0) Mapper thread started
(vm17:m0) Allocating data for reducer vm1:r0
(vm17:m0) Allocating data for reducer vm2:r0
(vm17:m0) Allocating data for reducer vm3:r0
(vm17:m0) Allocating data for reducer vm4:r0
(vm17:m0) Allocating data for reducer vm5:r0
(vm17:m0) Allocating data for reducer vm6:r0
(vm17:m0) Allocating data for reducer vm7:r0
(vm17:m0) Allocating data for reducer vm8:r0
(vm17:m0) Allocating data for reducer vm9:r0
(vm17:m0) Allocating data for reducer vm10:r0
(vm17:m0) Allocating data for reducer vm11:r0
(vm17:m0) Allocating data for reducer vm12:r0
(vm17:m0) Allocating data for reducer vm13:r0
(vm17:m0) Allocating data for reducer vm14:r0
(vm17:m0) Allocating data for reducer vm15:r0
(vm17:m0) Allocating data for reducer vm16:r0
(vm17:m0) Allocating data for reducer vm17:r0
(vm17:m0) Allocating data for reducer vm18:r0
(vm17:m0) Allocating data for reducer vm19:r0
(vm17:m0) Binding to port 23330
(vm17:r0) New reducer
(vm17:r0) Reducer thread started
(vm17:r0) waiting for START message
(vm17:r0) got START message
(vm17:r0) Starting new connection thread
(vm17:r0) Starting new connection thread
(vm17:r0) Starting new connection thread
(vm17:r0) Starting new connection thread
(vm17:r0) Starting new connection thread
(vm17:r0) Maximum number of connections reached (5), waiting for a thread to finish
(vm17:r0:3) Connection established
(vm17:r0:2) Connection established
(vm17:r0:1) Connection established
(vm17:r0:0) Connection established
(vm17:r0:4) Connection established
(vm17:r0:2) Connection finished, received 29743541 bytes
(vm17:r0:3) Connection finished, received 29743541 bytes
(vm17:r0:1) Connection finished, received 29743541 bytes
(vm17:r0:4) Connection finished, received 29743541 bytes
(vm17:r0:0) Connection finished, received 29743541 bytes
(vm17:r0) thread 0 joined, 18 connections remaining
(vm17:r0) Starting new connection thread
(vm17:r0) Maximum number of connections reached (5), waiting for a thread to finish
(vm17:r0:0) Connection established
(vm17:r0:0) Connection finished, received 29743541 bytes
(vm17:r0) thread 0 joined, 17 connections remaining
(vm17:r0) Starting new connection thread
(vm17:r0) Maximum number of connections reached (5), waiting for a thread to finish
(vm17:r0:0) Connection established
(vm17:r0:0) Connection finished, received 29743541 bytes
(vm17:r0) thread 0 joined, 16 connections remaining
(vm17:r0) Starting new connection thread
(vm17:r0) Maximum number of connections reached (5), waiting for a thread to finish
(vm17:r0:0) Connection established
(vm17:m0) Got connection from reducer vm12:r0
(vm17:m0:11) thread started, have to send 29743540 bytes
(vm17:m0:11) all data sent, thread exiting
(vm17:m0) Got connection from reducer vm1:r0
(vm17:m0:0) thread started, have to send 29743540 bytes
(vm17:m0:0) all data sent, thread exiting
(vm17:r0:0) Connection finished, received 29743541 bytes
(vm17:r0) thread 0 joined, 15 connections remaining
(vm17:r0) Starting new connection thread
(vm17:r0) Maximum number of connections reached (5), waiting for a thread to finish
(vm17:r0:0) Connection established
(vm17:r0:0) Connection finished, received 29743541 bytes
(vm17:r0) thread 0 joined, 14 connections remaining
(vm17:r0) Starting new connection thread
(vm17:r0) Maximum number of connections reached (5), waiting for a thread to finish
(vm17:r0:0) Connection established
(vm17:m0) Got connection from reducer vm6:r0
(vm17:m0:5) thread started, have to send 29743540 bytes
(vm17:m0) Got connection from reducer vm7:r0
(vm17:m0:6) thread started, have to send 29743540 bytes
(vm17:m0:5) all data sent, thread exiting
(vm17:m0:6) all data sent, thread exiting
(vm17:m0) Got connection from reducer vm19:r0
(vm17:m0:18) thread started, have to send 29743540 bytes
(vm17:m0:18) all data sent, thread exiting
(vm17:m0) Got connection from reducer vm13:r0
(vm17:m0:12) thread started, have to send 29743540 bytes
(vm17:r0:0) Connection finished, received 29743541 bytes
(vm17:r0) thread 0 joined, 13 connections remaining
(vm17:r0) Starting new connection thread
(vm17:r0) Maximum number of connections reached (5), waiting for a thread to finish
(vm17:r0:0) Connection established
(vm17:m0:12) all data sent, thread exiting
(vm17:m0) Got connection from reducer vm16:r0
(vm17:m0:15) thread started, have to send 29743540 bytes
(vm17:m0:15) all data sent, thread exiting
(vm17:r0:0) Connection finished, received 29743541 bytes
(vm17:r0) thread 0 joined, 12 connections remaining
(vm17:r0) Starting new connection thread
(vm17:r0) Maximum number of connections reached (5), waiting for a thread to finish
(vm17:r0:0) Connection established
(vm17:m0) Got connection from reducer vm15:r0
(vm17:m0:14) thread started, have to send 29743540 bytes
(vm17:m0) Got connection from reducer vm10:r0
(vm17:m0:9) thread started, have to send 29743540 bytes
(vm17:m0:14) all data sent, thread exiting
(vm17:r0:0) Connection finished, received 29743541 bytes
(vm17:r0) thread 0 joined, 11 connections remaining
(vm17:r0) Starting new connection thread
(vm17:r0) Maximum number of connections reached (5), waiting for a thread to finish
(vm17:r0:0) Connection established
(vm17:m0) Got connection from reducer vm9:r0
(vm17:m0:8) thread started, have to send 29743540 bytes
(vm17:m0:9) all data sent, thread exiting
(vm17:m0:8) all data sent, thread exiting
(vm17:r0:0) Connection finished, received 29743541 bytes
(vm17:r0) thread 0 joined, 10 connections remaining
(vm17:r0) Starting new connection thread
(vm17:r0) Maximum number of connections reached (5), waiting for a thread to finish
(vm17:r0:0) Connection established
(vm17:m0) Got connection from reducer vm11:r0
(vm17:m0:10) thread started, have to send 29743540 bytes
(vm17:r0:0) Connection finished, received 29743541 bytes
(vm17:r0) thread 0 joined, 9 connections remaining
(vm17:r0) Starting new connection thread
(vm17:r0) Maximum number of connections reached (5), waiting for a thread to finish
(vm17:r0:0) Connection established
(vm17:m0:10) all data sent, thread exiting
(vm17:r0:0) Connection finished, received 29743541 bytes
(vm17:r0) thread 0 joined, 8 connections remaining
(vm17:r0) Starting new connection thread
(vm17:r0) Maximum number of connections reached (5), waiting for a thread to finish
(vm17:r0:0) Connection established
(vm17:r0:0) Connection finished, received 29743541 bytes
(vm17:r0) thread 0 joined, 7 connections remaining
(vm17:r0) Starting new connection thread
(vm17:r0) Maximum number of connections reached (5), waiting for a thread to finish
(vm17:r0:0) Connection established
(vm17:m0) Got connection from reducer vm17:r0
(vm17:m0:16) thread started, have to send 29743540 bytes
(vm17:r0:0) Connection finished, received 29743541 bytes
(vm17:m0:16) all data sent, thread exiting
(vm17:r0) thread 0 joined, 6 connections remaining
(vm17:r0) Starting new connection thread
(vm17:r0) Maximum number of connections reached (5), waiting for a thread to finish
(vm17:r0:0) Connection established
(vm17:r0:0) Connection finished, received 29743541 bytes
(vm17:r0) thread 0 joined, 5 connections remaining
(vm17:r0) Starting new connection thread
(vm17:r0) Maximum number of connections reached (5), waiting for a thread to finish
(vm17:m0) Got connection from reducer vm5:r0
(vm17:r0:0) Connection established
(vm17:m0:4) thread started, have to send 29743540 bytes
(vm17:r0:0) Connection finished, received 29743541 bytes
(vm17:r0) thread 0 joined, 4 connections remaining
(vm17:r0) Maximum number of connections reached (4), waiting for a thread to finish
(vm17:r0) thread 1 joined, 3 connections remaining
(vm17:r0) Maximum number of connections reached (3), waiting for a thread to finish
(vm17:r0) thread 2 joined, 2 connections remaining
(vm17:r0) Maximum number of connections reached (2), waiting for a thread to finish
(vm17:r0) thread 3 joined, 1 connections remaining
(vm17:r0) Maximum number of connections reached (1), waiting for a thread to finish
(vm17:r0) thread 4 joined, 0 connections remaining
(vm17:r0) all done, exiting
(vm17:m0:4) all data sent, thread exiting
(vm17:m0) Got connection from reducer vm2:r0
(vm17:m0:1) thread started, have to send 29743540 bytes
(vm17:m0) Got connection from reducer vm14:r0
(vm17:m0:13) thread started, have to send 29743540 bytes
(vm17:m0:1) all data sent, thread exiting
(vm17:m0) Got connection from reducer vm18:r0
(vm17:m0:17) thread started, have to send 29743540 bytes
(vm17:m0:13) all data sent, thread exiting
(vm17:m0) Got connection from reducer vm3:r0
(vm17:m0:2) thread started, have to send 29743540 bytes
(vm17:m0) Got connection from reducer vm8:r0
(vm17:m0:7) thread started, have to send 29743540 bytes
(vm17:m0) Got connection from reducer vm4:r0
(vm17:m0) Waiting for a thread to finish
(vm17:m0) thread 0 joined, 18 connections remaining
(vm17:m0) Waiting for a thread to finish
(vm17:m0) thread 1 joined, 17 connections remaining
(vm17:m0) Waiting for a thread to finish
(vm17:m0:3) thread started, have to send 29743540 bytes
(vm17:m0:2) all data sent, thread exiting
(vm17:m0) thread 2 joined, 16 connections remaining
(vm17:m0) Waiting for a thread to finish
(vm17:m0:17) all data sent, thread exiting
(vm17:m0:7) all data sent, thread exiting
(vm17:m0:3) all data sent, thread exiting
(vm17:m0) thread 3 joined, 15 connections remaining
(vm17:m0) Waiting for a thread to finish
(vm17:m0) thread 4 joined, 14 connections remaining
(vm17:m0) Waiting for a thread to finish
(vm17:m0) thread 5 joined, 13 connections remaining
(vm17:m0) Waiting for a thread to finish
(vm17:m0) thread 6 joined, 12 connections remaining
(vm17:m0) Waiting for a thread to finish
(vm17:m0) thread 7 joined, 11 connections remaining
(vm17:m0) Waiting for a thread to finish
(vm17:m0) thread 8 joined, 10 connections remaining
(vm17:m0) Waiting for a thread to finish
(vm17:m0) thread 9 joined, 9 connections remaining
(vm17:m0) Waiting for a thread to finish
(vm17:m0) thread 10 joined, 8 connections remaining
(vm17:m0) Waiting for a thread to finish
(vm17:m0) thread 11 joined, 7 connections remaining
(vm17:m0) Waiting for a thread to finish
(vm17:m0) thread 12 joined, 6 connections remaining
(vm17:m0) Waiting for a thread to finish
(vm17:m0) thread 13 joined, 5 connections remaining
(vm17:m0) Waiting for a thread to finish
(vm17:m0) thread 14 joined, 4 connections remaining
(vm17:m0) Waiting for a thread to finish
(vm17:m0) thread 15 joined, 3 connections remaining
(vm17:m0) Waiting for a thread to finish
(vm17:m0) thread 16 joined, 2 connections remaining
(vm17:m0) Waiting for a thread to finish
(vm17:m0) thread 17 joined, 1 connections remaining
(vm17:m0) Waiting for a thread to finish
(vm17:m0) thread 18 joined, 0 connections remaining
(vm17:m0) all done, exiting
*RES* start node vm17:m0
*RES* vm17:m0:0,1403612976474,61,17,29743541
*RES* vm17:m0:1,1403612978435,54,25,29743541
*RES* vm17:m0:2,1403612978505,65,19,29743541
*RES* vm17:m0:3,1403612978551,63,17,29743541
*RES* vm17:m0:4,1403612978351,79,26,29743541
*RES* vm17:m0:5,1403612976927,108,21,29743541
*RES* vm17:m0:6,1403612977014,61,23,29743541
*RES* vm17:m0:7,1403612978535,77,18,29743541
*RES* vm17:m0:8,1403612977853,64,21,29743541
*RES* vm17:m0:9,1403612977815,71,21,29743541
*RES* vm17:m0:10,1403612978080,55,25,29743541
*RES* vm17:m0:11,1403612976401,51,22,29743541
*RES* vm17:m0:12,1403612977269,52,20,29743541
*RES* vm17:m0:13,1403612978445,57,22,29743541
*RES* vm17:m0:14,1403612977745,75,24,29743541
*RES* vm17:m0:15,1403612977413,63,25,29743541
*RES* vm17:m0:16,1403612978257,17,5,29743541
*RES* vm17:m0:17,1403612978500,84,18,29743541
*RES* vm17:m0:18,1403612977109,66,20,29743541
*RES* end node vm17:m0
Node vm17:m0 joined
*RES* start node vm17:r0
*RES* vm17:r0:0,1403612974687,650,32,29743541
*RES* vm17:r0:0,1403612975341,415,37,29743541
*RES* vm17:r0:0,1403612975761,502,29,29743541
*RES* vm17:r0:0,1403612976269,331,27,29743541
*RES* vm17:r0:0,1403612976605,256,25,29743541
*RES* vm17:r0:0,1403612976865,416,30,29743541
*RES* vm17:r0:0,1403612977287,356,27,29743541
*RES* vm17:r0:0,1403612977649,176,21,29743541
*RES* vm17:r0:0,1403612977830,139,21,29743541
*RES* vm17:r0:0,1403612977973,143,21,29743541
*RES* vm17:r0:0,1403612978123,62,21,29743541
*RES* vm17:r0:0,1403612978189,60,21,29743541
*RES* vm17:r0:0,1403612978253,22,7,29743541
*RES* vm17:r0:0,1403612978281,65,21,29743541
*RES* vm17:r0:0,1403612978350,75,22,29743541
*RES* vm17:r0:1,1403612974687,606,33,29743541
*RES* vm17:r0:2,1403612974687,522,31,29743541
*RES* vm17:r0:3,1403612974687,571,33,29743541
*RES* vm17:r0:4,1403612974687,634,33,29743541
*RES* end node vm17:r0
Node vm17:r0 joined
Worker terminating correctly
