OSMeF worker starting
Enabling core dumping
Listening for command connection
CONF: mapper on port 23330
CONF: -> will serve 42 reducers
(main) new thread ID: vm24:m0
(vm24:m0) Mapper thread started
(vm24:m0) Binding to port 23330
(vm24:m0) Got START signal
(vm24:m0) new thread ID: vm24:m0:th0
(vm24:m0:th0) waiting for something to do...
CONF: reducer
(main) new thread ID: vm24:r0
(vm24:r0) Reducer thread started
(vm24:r0) waiting for START message
(main) Waiting for thread vm24:m0 to join...
(vm24:r0) got START message
(vm24:r0) new thread ID: th0
(vm24:r0) new thread ID: th1
(vm24:r0) new thread ID: th2
(vm24:r0) new thread ID: th3
(vm24:r0) new thread ID: th4
(vm24:r0:th3:0) Connection established with mapper vm4:m0
(vm24:r0:th4:0) Connection established with mapper vm5:m0
(vm24:r0:th0:0) Connection established with mapper vm1:m0
(vm24:r0:th1:0) Connection established with mapper vm2:m0
(vm24:r0:th2:0) Connection established with mapper vm3:m0
(vm24:m0) Got connection from reducer vm32:r0
(vm24:m0) new thread ID: vm24:m0:th1
(vm24:m0:th0) connection started, have to send 623305911 bytes to vm32:r0
(vm24:m0:th1) waiting for something to do...
(vm24:m0:th0) all data sent, closing connection to vm32:r0
(vm24:m0:th0) waiting for something to do...
(vm24:m0) Got connection from reducer vm18:r0
(vm24:m0:th1) connection started, have to send 623305911 bytes to vm18:r0
(vm24:m0:th1) all data sent, closing connection to vm18:r0
(vm24:m0:th1) waiting for something to do...
(vm24:m0) Got connection from reducer vm36:r0
(vm24:m0:th0) connection started, have to send 623305911 bytes to vm36:r0
(vm24:m0:th0) all data sent, closing connection to vm36:r0
(vm24:m0:th0) waiting for something to do...
(vm24:m0) Got connection from reducer vm20:r0
(vm24:m0:th1) connection started, have to send 623305911 bytes to vm20:r0
(vm24:m0:th1) all data sent, closing connection to vm20:r0
(vm24:m0:th1) waiting for something to do...
(vm24:m0) Got connection from reducer vm28:r0
(vm24:m0:th0) connection started, have to send 623305911 bytes to vm28:r0
(vm24:m0:th0) all data sent, closing connection to vm28:r0
(vm24:m0:th0) waiting for something to do...
(vm24:m0) Got connection from reducer vm6:r0
(vm24:m0:th1) connection started, have to send 623305911 bytes to vm6:r0
(vm24:m0:th1) all data sent, closing connection to vm6:r0
(vm24:m0:th1) waiting for something to do...
(vm24:m0) Got connection from reducer vm25:r0
(vm24:m0:th0) connection started, have to send 623305911 bytes to vm25:r0
(vm24:m0:th0) all data sent, closing connection to vm25:r0
(vm24:m0:th0) waiting for something to do...
(vm24:m0) Got connection from reducer vm9:r0
(vm24:m0:th1) connection started, have to send 623305911 bytes to vm9:r0
(vm24:m0:th1) all data sent, closing connection to vm9:r0
(vm24:m0:th1) waiting for something to do...
(vm24:m0) Got connection from reducer vm41:r0
(vm24:m0:th0) connection started, have to send 623305911 bytes to vm41:r0
(vm24:m0:th0) all data sent, closing connection to vm41:r0
(vm24:m0:th0) waiting for something to do...
(vm24:m0) Got connection from reducer vm12:r0
(vm24:m0:th1) connection started, have to send 623305911 bytes to vm12:r0
(vm24:m0:th1) all data sent, closing connection to vm12:r0
(vm24:m0:th1) waiting for something to do...
(vm24:m0) Got connection from reducer vm19:r0
(vm24:m0:th0) connection started, have to send 623305911 bytes to vm19:r0
(vm24:m0:th0) all data sent, closing connection to vm19:r0
(vm24:m0:th0) waiting for something to do...
(vm24:m0) Got connection from reducer vm30:r0
(vm24:m0:th1) connection started, have to send 623305911 bytes to vm30:r0
(vm24:m0:th1) all data sent, closing connection to vm30:r0
(vm24:m0:th1) waiting for something to do...
(vm24:m0) Got connection from reducer vm8:r0
(vm24:m0:th0) connection started, have to send 623305911 bytes to vm8:r0
(vm24:m0:th0) all data sent, closing connection to vm8:r0
(vm24:m0:th0) waiting for something to do...
(vm24:m0) Got connection from reducer vm34:r0
(vm24:m0:th1) connection started, have to send 623305911 bytes to vm34:r0
(vm24:m0:th1) all data sent, closing connection to vm34:r0
(vm24:m0:th1) waiting for something to do...
(vm24:m0) Got connection from reducer vm13:r0
(vm24:m0) Got connection from reducer vm40:r0
(vm24:m0) new thread ID: vm24:m0:th2
(vm24:m0:th0) connection started, have to send 623305911 bytes to vm13:r0
(vm24:m0:th1) connection started, have to send 623305911 bytes to vm40:r0
(vm24:m0:th1) all data sent, closing connection to vm40:r0
(vm24:m0:th1) waiting for something to do...
(vm24:m0:th0) all data sent, closing connection to vm13:r0
(vm24:m0:th0) waiting for something to do...
(vm24:m0:th2) waiting for something to do...
(vm24:m0) Got connection from reducer vm27:r0
(vm24:m0:th2) connection started, have to send 623305911 bytes to vm27:r0
(vm24:m0) Got connection from reducer vm39:r0
(vm24:m0:th0) connection started, have to send 623305911 bytes to vm39:r0
(vm24:m0:th0) all data sent, closing connection to vm39:r0
(vm24:m0:th0) waiting for something to do...
(vm24:m0) Got connection from reducer vm22:r0
(vm24:m0:th1) connection started, have to send 623305911 bytes to vm22:r0
(vm24:m0:th1) all data sent, closing connection to vm22:r0
(vm24:m0:th1) waiting for something to do...
(vm24:m0) Got connection from reducer vm16:r0
(vm24:m0:th0) connection started, have to send 623305911 bytes to vm16:r0
(vm24:m0:th0) all data sent, closing connection to vm16:r0
(vm24:m0:th0) waiting for something to do...
(vm24:m0) Got connection from reducer vm11:r0
(vm24:m0:th1) connection started, have to send 623305911 bytes to vm11:r0
(vm24:m0:th1) all data sent, closing connection to vm11:r0
(vm24:m0:th1) waiting for something to do...
(vm24:m0) Got connection from reducer vm17:r0
(vm24:m0:th0) connection started, have to send 623305911 bytes to vm17:r0
(vm24:m0:th0) all data sent, closing connection to vm17:r0
(vm24:m0:th0) waiting for something to do...
(vm24:m0) Got connection from reducer vm35:r0
(vm24:m0:th1) connection started, have to send 623305911 bytes to vm35:r0
(vm24:m0:th1) all data sent, closing connection to vm35:r0
(vm24:m0:th1) waiting for something to do...
(vm24:m0) Got connection from reducer vm42:r0
(vm24:m0:th0) connection started, have to send 623305911 bytes to vm42:r0
(vm24:m0:th0) all data sent, closing connection to vm42:r0
(vm24:m0:th0) waiting for something to do...
(vm24:m0) Got connection from reducer vm33:r0
(vm24:m0:th1) connection started, have to send 623305911 bytes to vm33:r0
(vm24:m0:th1) all data sent, closing connection to vm33:r0
(vm24:m0:th1) waiting for something to do...
(vm24:m0) Got connection from reducer vm26:r0
(vm24:m0:th0) connection started, have to send 623305911 bytes to vm26:r0
(vm24:m0:th0) all data sent, closing connection to vm26:r0
(vm24:m0:th0) waiting for something to do...
(vm24:m0) Got connection from reducer vm10:r0
(vm24:m0:th1) connection started, have to send 623305911 bytes to vm10:r0
(vm24:m0:th1) all data sent, closing connection to vm10:r0
(vm24:m0:th1) waiting for something to do...
(vm24:r0:th4:0) Connection to vm5:m0 finished, received 623305912 bytes
(vm24:r0:th4:1) Connection established with mapper vm10:m0
(vm24:r0:th4:1) Connection to vm10:m0 finished, received 623305913 bytes
(vm24:r0:th4:2) Connection established with mapper vm15:m0
(vm24:r0:th4:2) Connection to vm15:m0 finished, received 623305914 bytes
(vm24:r0:th4:3) Connection established with mapper vm20:m0
(vm24:r0:th4:3) Connection to vm20:m0 finished, received 623305915 bytes
(vm24:r0:th4:4) Connection established with mapper vm25:m0
(vm24:r0:th4:4) Connection to vm25:m0 finished, received 623305916 bytes
(vm24:r0:th4:5) Connection established with mapper vm30:m0
(vm24:r0:th4:5) Connection to vm30:m0 finished, received 623305917 bytes
(vm24:r0:th4:6) Connection established with mapper vm35:m0
(vm24:r0:th4:6) Connection to vm35:m0 finished, received 623305918 bytes
(vm24:r0:th4:7) Connection established with mapper vm40:m0
(vm24:r0:th4:7) Connection to vm40:m0 finished, received 623305919 bytes
(vm24:r0:th4) Got data from all mappers, this reducer connection has finished.
(vm24:r0:th3:0) Connection to vm4:m0 finished, received 623305912 bytes
(vm24:r0:th3:1) Connection established with mapper vm9:m0
(vm24:r0:th3:1) Connection to vm9:m0 finished, received 623305913 bytes
(vm24:r0:th3:2) Connection established with mapper vm14:m0
(vm24:r0:th3:2) Connection to vm14:m0 finished, received 623305914 bytes
(vm24:r0:th3:3) Connection established with mapper vm19:m0
(vm24:r0:th3:3) Connection to vm19:m0 finished, received 623305915 bytes
(vm24:r0:th3:4) Connection established with mapper vm24:m0
(vm24:m0) Got connection from reducer vm24:r0
(vm24:m0:th0) connection started, have to send 623305911 bytes to vm24:r0
(vm24:m0:th0) all data sent, closing connection to vm24:r0
(vm24:m0:th0) waiting for something to do...
(vm24:r0:th3:4) Connection to vm24:m0 finished, received 623305916 bytes
(vm24:r0:th3:5) Connection established with mapper vm29:m0
(vm24:r0:th3:5) Connection to vm29:m0 finished, received 623305917 bytes
(vm24:r0:th3:6) Connection established with mapper vm34:m0
(vm24:r0:th3:6) Connection to vm34:m0 finished, received 623305918 bytes
(vm24:r0:th3:7) Connection established with mapper vm39:m0
(vm24:r0:th3:7) Connection to vm39:m0 finished, received 623305919 bytes
(vm24:r0:th3) Got data from all mappers, this reducer connection has finished.
(vm24:m0) Got connection from reducer vm15:r0
(vm24:m0:th1) connection started, have to send 623305911 bytes to vm15:r0
(vm24:m0:th1) all data sent, closing connection to vm15:r0
(vm24:m0:th1) waiting for something to do...
(vm24:m0) Got connection from reducer vm7:r0
(vm24:m0:th0) connection started, have to send 623305911 bytes to vm7:r0
(vm24:m0:th0) all data sent, closing connection to vm7:r0
(vm24:m0:th0) waiting for something to do...
(vm24:r0:th0:0) Connection to vm1:m0 finished, received 623305912 bytes
(vm24:r0:th0:1) Connection established with mapper vm6:m0
(vm24:m0) Got connection from reducer vm29:r0
(vm24:m0:th1) connection started, have to send 623305911 bytes to vm29:r0
(vm24:m0:th1) all data sent, closing connection to vm29:r0
(vm24:m0:th1) waiting for something to do...
(vm24:m0:th2) all data sent, closing connection to vm27:r0
(vm24:m0:th2) waiting for something to do...
(vm24:m0) Got connection from reducer vm5:r0
(vm24:m0:th0) connection started, have to send 623305911 bytes to vm5:r0
(vm24:m0:th0) all data sent, closing connection to vm5:r0
(vm24:m0:th0) waiting for something to do...
(vm24:r0:th2:0) Connection to vm3:m0 finished, received 623305912 bytes
(vm24:r0:th2:1) Connection established with mapper vm8:m0
(vm24:r0:th2:1) Connection to vm8:m0 finished, received 623305913 bytes
(vm24:r0:th2:2) Connection established with mapper vm13:m0
(vm24:r0:th2:2) Connection to vm13:m0 finished, received 623305914 bytes
(vm24:r0:th2:3) Connection established with mapper vm18:m0
(vm24:r0:th2:3) Connection to vm18:m0 finished, received 623305915 bytes
(vm24:r0:th2:4) Connection established with mapper vm23:m0
(vm24:r0:th2:4) Connection to vm23:m0 finished, received 623305916 bytes
(vm24:r0:th2:5) Connection established with mapper vm28:m0
(vm24:m0) Got connection from reducer vm4:r0
(vm24:m0:th1) connection started, have to send 623305911 bytes to vm4:r0
(vm24:m0:th1) all data sent, closing connection to vm4:r0
(vm24:m0:th1) waiting for something to do...
(vm24:m0) Got connection from reducer vm1:r0
(vm24:m0:th0) connection started, have to send 623305911 bytes to vm1:r0
(vm24:m0:th0) all data sent, closing connection to vm1:r0
(vm24:m0:th0) waiting for something to do...
(vm24:m0) Got connection from reducer vm3:r0
(vm24:m0:th1) connection started, have to send 623305911 bytes to vm3:r0
(vm24:m0:th1) all data sent, closing connection to vm3:r0
(vm24:m0:th1) waiting for something to do...
(vm24:m0) Got connection from reducer vm37:r0
(vm24:m0:th0) connection started, have to send 623305911 bytes to vm37:r0
(vm24:m0:th0) all data sent, closing connection to vm37:r0
(vm24:m0:th0) waiting for something to do...
(vm24:m0) Got connection from reducer vm38:r0
(vm24:m0:th1) connection started, have to send 623305911 bytes to vm38:r0
(vm24:m0:th1) all data sent, closing connection to vm38:r0
(vm24:m0:th1) waiting for something to do...
(vm24:m0) Got connection from reducer vm21:r0
(vm24:m0:th0) connection started, have to send 623305911 bytes to vm21:r0
(vm24:m0:th0) all data sent, closing connection to vm21:r0
(vm24:m0:th0) waiting for something to do...
(vm24:m0) Got connection from reducer vm31:r0
(vm24:m0:th1) connection started, have to send 623305911 bytes to vm31:r0
(vm24:m0:th1) all data sent, closing connection to vm31:r0
(vm24:m0:th1) waiting for something to do...
(vm24:m0) Got connection from reducer vm23:r0
(vm24:m0:th0) connection started, have to send 623305911 bytes to vm23:r0
(vm24:m0:th0) all data sent, closing connection to vm23:r0
(vm24:m0:th0) waiting for something to do...
(vm24:r0:th1:0) Connection to vm2:m0 finished, received 623305912 bytes
(vm24:r0:th1:1) Connection established with mapper vm7:m0
(vm24:r0:th1:1) Connection to vm7:m0 finished, received 623305913 bytes
(vm24:r0:th1:2) Connection established with mapper vm12:m0
(vm24:r0:th1:2) Connection to vm12:m0 finished, received 623305914 bytes
(vm24:r0:th1:3) Connection established with mapper vm17:m0
(vm24:r0:th1:3) Connection to vm17:m0 finished, received 623305915 bytes
(vm24:r0:th1:4) Connection established with mapper vm22:m0
(vm24:r0:th1:4) Connection to vm22:m0 finished, received 623305916 bytes
(vm24:r0:th1:5) Connection established with mapper vm27:m0
(vm24:m0) Got connection from reducer vm14:r0
(vm24:m0:th1) connection started, have to send 623305911 bytes to vm14:r0
(vm24:m0:th1) all data sent, closing connection to vm14:r0
(vm24:m0:th1) waiting for something to do...
(vm24:m0) Got connection from reducer vm2:r0
(vm24:m0) All reducers connected, waiting for threads to terminate
(vm24:m0) waiting on semaphore
(vm24:m0) -> 1 threads still running
(vm24:m0) waiting on semaphore
(vm24:m0) -> 1 threads still running
(vm24:m0) waiting on semaphore
(vm24:m0) -> 1 threads still running
(vm24:m0) waiting on semaphore
(vm24:m0) -> 1 threads still running
(vm24:m0) waiting on semaphore
(vm24:m0) -> 1 threads still running
(vm24:m0) waiting on semaphore
(vm24:m0) -> 1 threads still running
(vm24:m0) waiting on semaphore
(vm24:m0) -> 1 threads still running
(vm24:m0) waiting on semaphore
(vm24:m0) -> 1 threads still running
(vm24:m0) waiting on semaphore
(vm24:m0) -> 1 threads still running
(vm24:m0) waiting on semaphore
(vm24:m0) -> 1 threads still running
(vm24:m0) waiting on semaphore
(vm24:m0) -> 1 threads still running
(vm24:m0) waiting on semaphore
(vm24:m0) -> 1 threads still running
(vm24:m0) waiting on semaphore
(vm24:m0) -> 1 threads still running
(vm24:m0) waiting on semaphore
(vm24:m0) -> 1 threads still running
(vm24:m0) waiting on semaphore
(vm24:m0) -> 1 threads still running
(vm24:m0) waiting on semaphore
(vm24:m0) -> 1 threads still running
(vm24:m0) waiting on semaphore
(vm24:m0) -> 1 threads still running
(vm24:m0) waiting on semaphore
(vm24:m0) -> 1 threads still running
(vm24:m0) waiting on semaphore
(vm24:m0) -> 1 threads still running
(vm24:m0) waiting on semaphore
(vm24:m0) -> 1 threads still running
(vm24:m0) waiting on semaphore
(vm24:m0) -> 1 threads still running
(vm24:m0) waiting on semaphore
(vm24:m0) -> 1 threads still running
(vm24:m0) waiting on semaphore
(vm24:m0) -> 1 threads still running
(vm24:m0) waiting on semaphore
(vm24:m0) -> 1 threads still running
(vm24:m0) waiting on semaphore
(vm24:m0) -> 1 threads still running
(vm24:m0) waiting on semaphore
(vm24:m0) -> 1 threads still running
(vm24:m0) waiting on semaphore
(vm24:m0) -> 1 threads still running
(vm24:m0) waiting on semaphore
(vm24:m0) -> 1 threads still running
(vm24:m0) waiting on semaphore
(vm24:m0) -> 1 threads still running
(vm24:m0) waiting on semaphore
(vm24:m0) -> 1 threads still running
(vm24:m0) waiting on semaphore
(vm24:m0) -> 1 threads still running
(vm24:m0) waiting on semaphore
(vm24:m0) -> 1 threads still running
(vm24:m0) waiting on semaphore
(vm24:m0) -> 1 threads still running
(vm24:m0) waiting on semaphore
(vm24:m0) -> 1 threads still running
(vm24:m0) waiting on semaphore
(vm24:m0) -> 1 threads still running
(vm24:m0) waiting on semaphore
(vm24:m0) -> 1 threads still running
(vm24:m0) waiting on semaphore
(vm24:m0) -> 1 threads still running
(vm24:m0) waiting on semaphore
(vm24:m0) -> 1 threads still running
(vm24:m0) waiting on semaphore
(vm24:m0) -> 1 threads still running
(vm24:m0) waiting on semaphore
(vm24:m0:th0) connection started, have to send 623305911 bytes to vm2:r0
(vm24:m0:th0) all data sent, closing connection to vm2:r0
(vm24:m0:th0) waiting for something to do...
(vm24:m0) Sending exit signal to all threads
(vm24:m0:th0) got exit signal
(vm24:m0:th1) got exit signal
(vm24:m0:th2) got exit signal
(vm24:m0) thread vm24:m0:th0 joined
(vm24:m0) thread vm24:m0:th1 joined
(vm24:m0) thread vm24:m0:th2 joined
(vm24:m0) all done, exiting
*RES* start node vm24:m0
*RES* vm24:m0:th0,1406626958505,1253,643,623305912
*RES* vm24:m0:th1,1406626961959,2342,581,623305912
*RES* vm24:m0:th0,1406626967940,0,643,623305912
*RES* vm24:m0:th1,1406626968005,0,582,623305912
*RES* vm24:m0:th0,1406626968051,0,643,623305912
*RES* vm24:m0:th1,1406626968066,0,582,623305912
*RES* vm24:m0:th0,1406626968152,0,643,623305912
*RES* vm24:m0:th1,1406626968251,0,582,623305912
*RES* vm24:m0:th0,1406626968276,0,643,623305912
*RES* vm24:m0:th1,1406626968284,0,582,623305912
*RES* vm24:m0:th0,1406626968378,0,643,623305912
*RES* vm24:m0:th1,1406626968415,0,582,623305912
*RES* vm24:m0:th0,1406626968511,0,643,623305912
*RES* vm24:m0:th1,1406626968540,0,582,623305912
*RES* vm24:m0:th0,1406626968567,0,644,623305912
*RES* vm24:m0:th1,1406626968567,0,582,623305912
*RES* vm24:m0:th0,1406626968598,0,644,623305912
*RES* vm24:m0:th1,1406626968658,0,583,623305912
*RES* vm24:m0:th0,1406626968672,0,644,623305912
*RES* vm24:m0:th1,1406626968722,0,583,623305912
*RES* vm24:m0:th0,1406626968724,0,644,623305912
*RES* vm24:m0:th1,1406626968736,0,583,623305912
*RES* vm24:m0:th0,1406626968761,0,644,623305912
*RES* vm24:m0:th1,1406626968775,0,583,623305912
*RES* vm24:m0:th0,1406626968834,0,644,623305912
*RES* vm24:m0:th1,1406626968844,0,583,623305912
*RES* vm24:m0:th0,1406626969157,0,644,623305912
*RES* vm24:m0:th1,1406626969221,0,584,623305912
*RES* vm24:m0:th0,1406626971128,0,645,623305912
*RES* vm24:m0:th1,1406626971583,0,584,623305912
*RES* vm24:m0:th0,1406626972042,0,645,623305912
*RES* vm24:m0:th1,1406626972944,0,584,623305912
*RES* vm24:m0:th0,1406626973588,0,645,623305912
*RES* vm24:m0:th1,1406626973740,0,584,623305912
*RES* vm24:m0:th0,1406626973779,0,645,623305912
*RES* vm24:m0:th1,1406626973883,0,584,623305912
*RES* vm24:m0:th0,1406626974329,0,645,623305912
*RES* vm24:m0:th1,1406626974867,0,584,623305912
*RES* vm24:m0:th0,1406626974930,0,645,623305912
*RES* vm24:m0:th0,1406626976827,0,645,623305912
*RES* vm24:m0:th1,1406626975588,0,584,623305912
*RES* vm24:m0:th2,1406626968590,3383,799,623305912
*RES* end node vm24:m0
(main) Thread vm24:m0 joined
(main) Waiting for thread vm24:r0 to join...
(vm24:r0:th2:5) Connection to vm28:m0 finished, received 1246611828 bytes
(vm24:r0:th2:6) Connection established with mapper vm33:m0
(vm24:r0:th2:6) Connection to vm33:m0 finished, received 1246611829 bytes
(vm24:r0:th2:7) Connection established with mapper vm38:m0
(vm24:r0:th2:7) Connection to vm38:m0 finished, received 1246611830 bytes
(vm24:r0:th2) Got data from all mappers, this reducer connection has finished.
(vm24:r0:th1:5) Connection to vm27:m0 finished, received 1246611828 bytes
(vm24:r0:th1:6) Connection established with mapper vm32:m0
(vm24:r0:th1:6) Connection to vm32:m0 finished, received 1246611829 bytes
(vm24:r0:th1:7) Connection established with mapper vm37:m0
(vm24:r0:th0:1) Connection to vm6:m0 finished, received 1246611824 bytes
(vm24:r0:th0:2) Connection established with mapper vm11:m0
(vm24:r0:th0:2) Connection to vm11:m0 finished, received 1246611825 bytes
(vm24:r0:th0:3) Connection established with mapper vm16:m0
(vm24:r0:th0:3) Connection to vm16:m0 finished, received 1246611826 bytes
(vm24:r0:th0:4) Connection established with mapper vm21:m0
(vm24:r0:th0:4) Connection to vm21:m0 finished, received 1246611827 bytes
(vm24:r0:th0:5) Connection established with mapper vm26:m0
(vm24:r0:th0:5) Connection to vm26:m0 finished, received 1246611828 bytes
(vm24:r0:th0:6) Connection established with mapper vm31:m0
(vm24:r0:th0:6) Connection to vm31:m0 finished, received 1246611829 bytes
(vm24:r0:th0:7) Connection established with mapper vm36:m0
(vm24:r0:th0:7) Connection to vm36:m0 finished, received 1246611830 bytes
(vm24:r0:th0:8) Connection established with mapper vm41:m0
(vm24:r0:th0:8) Connection to vm41:m0 finished, received 1246611831 bytes
(vm24:r0:th0) Got data from all mappers, this reducer connection has finished.
(vm24:r0) thread th0 joined, 4 connection threads remaining
(vm24:r0:th1:7) Connection to vm37:m0 finished, received 1869917741 bytes
(vm24:r0:th1:8) Connection established with mapper vm42:m0
(vm24:r0:th1:8) Connection to vm42:m0 finished, received 1869917742 bytes
(vm24:r0:th1) Got data from all mappers, this reducer connection has finished.
(vm24:r0) thread th1 joined, 3 connection threads remaining
(vm24:r0) thread th2 joined, 2 connection threads remaining
(vm24:r0) thread th3 joined, 1 connection threads remaining
(vm24:r0) thread th4 joined, 0 connection threads remaining
(vm24:r0) all done, exiting
*RES* start node vm24:r0
*RES* vm24:r0:th0:0,1406626943568,27640,751,623305912
*RES* vm24:r0:th0:1,1406626971207,22868,1442,1246611824
*RES* vm24:r0:th0:2,1406626994076,1,1442,1246611825
*RES* vm24:r0:th0:3,1406626994077,1,1442,1246611826
*RES* vm24:r0:th0:4,1406626994078,1,1443,1246611827
*RES* vm24:r0:th0:5,1406626994079,1,1443,1246611828
*RES* vm24:r0:th0:6,1406626994080,4,1443,1246611829
*RES* vm24:r0:th0:7,1406626994084,1,1443,1246611830
*RES* vm24:r0:th0:8,1406626994085,1,1443,1246611831
*RES* vm24:r0:th1:0,1406626943567,31582,789,623305912
*RES* vm24:r0:th1:1,1406626975150,22,789,623305913
*RES* vm24:r0:th1:2,1406626975171,19,790,623305914
*RES* vm24:r0:th1:3,1406626975191,16,791,623305915
*RES* vm24:r0:th1:4,1406626975208,12,791,623305916
*RES* vm24:r0:th1:5,1406626975219,13758,1482,1246611828
*RES* vm24:r0:th1:6,1406626988978,3,1482,1246611829
*RES* vm24:r0:th1:7,1406626988982,8466,1926,1869917741
*RES* vm24:r0:th1:8,1406626997448,1,1926,1869917742
*RES* vm24:r0:th2:0,1406626943567,28896,799,623305912
*RES* vm24:r0:th2:1,1406626972463,12,800,623305913
*RES* vm24:r0:th2:2,1406626972475,3,800,623305914
*RES* vm24:r0:th2:3,1406626972478,6,801,623305915
*RES* vm24:r0:th2:4,1406626972485,5,802,623305916
*RES* vm24:r0:th2:5,1406626972490,4951,1585,1246611828
*RES* vm24:r0:th2:6,1406626977441,4,1585,1246611829
*RES* vm24:r0:th2:7,1406626977445,11,1586,1246611830
*RES* vm24:r0:th3:0,1406626943567,25543,801,623305912
*RES* vm24:r0:th3:1,1406626969111,25,802,623305913
*RES* vm24:r0:th3:2,1406626969135,11,803,623305914
*RES* vm24:r0:th3:3,1406626969147,9,803,623305915
*RES* vm24:r0:th3:4,1406626969156,0,804,623305916
*RES* vm24:r0:th3:5,1406626969157,9,804,623305917
*RES* vm24:r0:th3:6,1406626969167,8,804,623305918
*RES* vm24:r0:th3:7,1406626969174,10,805,623305919
*RES* vm24:r0:th4:0,1406626943567,25328,750,623305912
*RES* vm24:r0:th4:1,1406626968896,8,751,623305913
*RES* vm24:r0:th4:2,1406626968905,12,751,623305914
*RES* vm24:r0:th4:3,1406626968917,7,752,623305915
*RES* vm24:r0:th4:4,1406626968925,9,753,623305916
*RES* vm24:r0:th4:5,1406626968933,14,753,623305917
*RES* vm24:r0:th4:6,1406626968948,12,754,623305918
*RES* vm24:r0:th4:7,1406626968959,17,754,623305919
*RES* end node vm24:r0
(main) Thread vm24:r0 joined
Worker terminating correctly
