OSMeF worker starting
Enabling core dumping
Listening for command connection
CONF: mapper on port 23330
CONF: -> will serve 45 reducers
(main) new thread ID: vm31:m0
(vm31:m0) Mapper thread started
(vm31:m0) Binding to port 23330
(vm31:m0) Got START signal
(vm31:m0) new thread ID: vm31:m0:th0
(vm31:m0:th0) waiting for something to do...
CONF: reducer
(main) new thread ID: vm31:r0
(vm31:r0) Reducer thread started
(vm31:r0) waiting for START message
(main) Waiting for thread vm31:m0 to join...
(vm31:r0) got START message
(vm31:r0) new thread ID: th0
(vm31:r0) new thread ID: th1
(vm31:r0) new thread ID: th2
(vm31:r0) new thread ID: th3
(vm31:r0) new thread ID: th4
(vm31:r0:th4:0) Connection established with mapper vm5:m0
(vm31:r0:th2:0) Connection established with mapper vm3:m0
(vm31:r0:th3:0) Connection established with mapper vm4:m0
(vm31:r0:th1:0) Connection established with mapper vm2:m0
(vm31:r0:th0:0) Connection established with mapper vm1:m0
(vm31:r0:th0:0) Connection to vm1:m0 finished, received 1 bytes
(vm31:r0:th0:1) Connection established with mapper vm6:m0
(vm31:r0:th0:1) Connection to vm6:m0 finished, received 5302430 bytes
(vm31:r0:th0:2) Connection established with mapper vm11:m0
(vm31:r0:th0:2) Connection to vm11:m0 finished, received 10604859 bytes
(vm31:r0:th0:3) Connection established with mapper vm16:m0
(vm31:r0:th4:0) Connection to vm5:m0 finished, received 5302429 bytes
(vm31:r0:th4:1) Connection established with mapper vm10:m0
(vm31:r0:th4:1) Connection to vm10:m0 finished, received 5302430 bytes
(vm31:r0:th4:2) Connection established with mapper vm15:m0
(vm31:r0:th4:2) Connection to vm15:m0 finished, received 5302431 bytes
(vm31:r0:th4:3) Connection established with mapper vm20:m0
(vm31:r0:th4:3) Connection to vm20:m0 finished, received 5302432 bytes
(vm31:r0:th4:4) Connection established with mapper vm25:m0
(vm31:r0:th1:0) Connection to vm2:m0 finished, received 5302429 bytes
(vm31:r0:th1:1) Connection established with mapper vm7:m0
(vm31:r0:th1:1) Connection to vm7:m0 finished, received 5302430 bytes
(vm31:r0:th4:4) Connection to vm25:m0 finished, received 5302433 bytes
(vm31:r0:th4:5) Connection established with mapper vm30:m0
(vm31:r0:th2:0) Connection to vm3:m0 finished, received 5302429 bytes
(vm31:r0:th2:1) Connection established with mapper vm8:m0
(vm31:r0:th1:2) Connection established with mapper vm12:m0
(vm31:r0:th2:1) Connection to vm8:m0 finished, received 5302430 bytes
(vm31:r0:th1:2) Connection to vm12:m0 finished, received 5302431 bytes
(vm31:r0:th2:2) Connection established with mapper vm13:m0
(vm31:r0:th1:3) Connection established with mapper vm17:m0
(vm31:r0:th2:2) Connection to vm13:m0 finished, received 5302431 bytes
(vm31:r0:th1:3) Connection to vm17:m0 finished, received 5302432 bytes
(vm31:r0:th2:3) Connection established with mapper vm18:m0
(vm31:r0:th1:4) Connection established with mapper vm22:m0
(vm31:r0:th2:3) Connection to vm18:m0 finished, received 5302432 bytes
(vm31:r0:th2:4) Connection established with mapper vm23:m0
(vm31:r0:th3:0) Connection to vm4:m0 finished, received 5302429 bytes
(vm31:r0:th2:4) Connection to vm23:m0 finished, received 5302433 bytes
(vm31:r0:th2:5) Connection established with mapper vm28:m0
(vm31:r0:th3:1) Connection established with mapper vm9:m0
(vm31:r0:th3:1) Connection to vm9:m0 finished, received 5302430 bytes
(vm31:r0:th3:2) Connection established with mapper vm14:m0
(vm31:r0:th3:2) Connection to vm14:m0 finished, received 5302431 bytes
(vm31:r0:th3:3) Connection established with mapper vm19:m0
(vm31:r0:th3:3) Connection to vm19:m0 finished, received 5302432 bytes
(vm31:r0:th3:4) Connection established with mapper vm24:m0
(vm31:r0:th3:4) Connection to vm24:m0 finished, received 5302433 bytes
(vm31:r0:th3:5) Connection established with mapper vm29:m0
(vm31:r0:th1:4) Connection to vm22:m0 finished, received 10604861 bytes
(vm31:r0:th1:5) Connection established with mapper vm27:m0
(vm31:r0:th1:5) Connection to vm27:m0 finished, received 10604862 bytes
(vm31:r0:th1:6) Connection established with mapper vm32:m0
(vm31:r0:th0:3) Connection to vm16:m0 finished, received 15907288 bytes
(vm31:r0:th0:4) Connection established with mapper vm21:m0
(vm31:r0:th0:4) Connection to vm21:m0 finished, received 15907289 bytes
(vm31:r0:th0:5) Connection established with mapper vm26:m0
(vm31:m0) Got connection from reducer vm37:r0
(vm31:m0) new thread ID: vm31:m0:th1
(vm31:m0:th0) connection started, have to send 5302428 bytes to vm37:r0
(vm31:m0:th1) waiting for something to do...
(vm31:m0) Got connection from reducer vm19:r0
(vm31:m0) new thread ID: vm31:m0:th2
(vm31:m0:th1) connection started, have to send 5302428 bytes to vm19:r0
(vm31:m0:th2) waiting for something to do...
(vm31:m0) Got connection from reducer vm45:r0
(vm31:m0) new thread ID: vm31:m0:th3
(vm31:m0:th2) connection started, have to send 5302428 bytes to vm45:r0
(vm31:m0:th3) waiting for something to do...
(vm31:m0) Got connection from reducer vm25:r0
(vm31:m0) new thread ID: vm31:m0:th4
(vm31:m0:th3) connection started, have to send 5302428 bytes to vm25:r0
(vm31:m0:th4) waiting for something to do...
(vm31:m0) Got connection from reducer vm24:r0
(vm31:m0) new thread ID: vm31:m0:th5
(vm31:m0:th4) connection started, have to send 5302428 bytes to vm24:r0
(vm31:m0:th5) waiting for something to do...
(vm31:m0) Got connection from reducer vm21:r0
(vm31:m0) new thread ID: vm31:m0:th6
(vm31:m0:th5) connection started, have to send 5302428 bytes to vm21:r0
(vm31:m0:th6) waiting for something to do...
(vm31:m0) Got connection from reducer vm43:r0
(vm31:m0) new thread ID: vm31:m0:th7
(vm31:m0:th6) connection started, have to send 5302428 bytes to vm43:r0
(vm31:m0:th7) waiting for something to do...
(vm31:m0) Got connection from reducer vm5:r0
(vm31:m0) new thread ID: vm31:m0:th8
(vm31:m0:th7) connection started, have to send 5302428 bytes to vm5:r0
(vm31:m0:th8) waiting for something to do...
(vm31:r0:th2:5) Connection to vm28:m0 finished, received 10604862 bytes
(vm31:r0:th2:6) Connection established with mapper vm33:m0
(vm31:m0) Got connection from reducer vm12:r0
(vm31:m0) new thread ID: vm31:m0:th9
(vm31:m0:th8) connection started, have to send 5302428 bytes to vm12:r0
(vm31:m0:th9) waiting for something to do...
(vm31:r0:th2:6) Connection to vm33:m0 finished, received 10604863 bytes
(vm31:m0) Got connection from reducer vm15:r0
(vm31:m0) new thread ID: vm31:m0:th10
(vm31:m0:th9) connection started, have to send 5302428 bytes to vm15:r0
(vm31:m0:th10) waiting for something to do...
(vm31:m0) Got connection from reducer vm2:r0
(vm31:m0) new thread ID: vm31:m0:th11
(vm31:m0:th10) connection started, have to send 5302428 bytes to vm2:r0
(vm31:m0:th11) waiting for something to do...
(vm31:r0:th2:7) Connection established with mapper vm38:m0
(vm31:m0) Got connection from reducer vm39:r0
(vm31:m0) new thread ID: vm31:m0:th12
(vm31:m0) Got connection from reducer vm13:r0
(vm31:m0) new thread ID: vm31:m0:th13
(vm31:m0:th11) connection started, have to send 5302428 bytes to vm39:r0
(vm31:m0:th13) waiting for something to do...
(vm31:m0:th12) waiting for something to do...
(vm31:m0:th12) connection started, have to send 5302428 bytes to vm13:r0
(vm31:m0) Got connection from reducer vm16:r0
(vm31:m0) new thread ID: vm31:m0:th14
(vm31:m0) Got connection from reducer vm9:r0
(vm31:m0) new thread ID: vm31:m0:th15
(vm31:m0:th13) connection started, have to send 5302428 bytes to vm16:r0
(vm31:m0:th15) waiting for something to do...
(vm31:m0:th14) waiting for something to do...
(vm31:m0:th14) connection started, have to send 5302428 bytes to vm9:r0
(vm31:r0:th3:5) Connection to vm29:m0 finished, received 10604862 bytes
(vm31:m0) Got connection from reducer vm26:r0
(vm31:m0) new thread ID: vm31:m0:th16
(vm31:r0:th3:6) Connection established with mapper vm34:m0
(vm31:m0:th15) connection started, have to send 5302428 bytes to vm26:r0
(vm31:m0:th16) waiting for something to do...
(vm31:m0) Got connection from reducer vm1:r0
(vm31:m0) new thread ID: vm31:m0:th17
(vm31:r0:th3:6) Connection to vm34:m0 finished, received 10604863 bytes
(vm31:m0:th16) connection started, have to send 5302428 bytes to vm1:r0
(vm31:m0:th17) waiting for something to do...
(vm31:m0) Got connection from reducer vm18:r0
(vm31:m0) new thread ID: vm31:m0:th18
(vm31:r0:th3:7) Connection established with mapper vm39:m0
(vm31:m0:th17) connection started, have to send 5302428 bytes to vm18:r0
(vm31:m0:th18) waiting for something to do...
(vm31:r0:th3:7) Connection to vm39:m0 finished, received 10604864 bytes
(vm31:m0) Got connection from reducer vm28:r0
(vm31:m0) new thread ID: vm31:m0:th19
(vm31:r0:th3:8) Connection established with mapper vm44:m0
(vm31:m0) Got connection from reducer vm7:r0
(vm31:m0) new thread ID: vm31:m0:th20
(vm31:m0:th18) connection started, have to send 5302428 bytes to vm28:r0
(vm31:m0:th19) waiting for something to do...
(vm31:m0:th19) connection started, have to send 5302428 bytes to vm7:r0
(vm31:m0:th20) waiting for something to do...
(vm31:m0) Got connection from reducer vm14:r0
(vm31:m0) new thread ID: vm31:m0:th21
(vm31:m0:th20) connection started, have to send 5302428 bytes to vm14:r0
(vm31:m0:th21) waiting for something to do...
(vm31:r0:th4:5) Connection to vm30:m0 finished, received 10604862 bytes
(vm31:m0) Got connection from reducer vm10:r0
(vm31:m0) new thread ID: vm31:m0:th22
(vm31:m0) Got connection from reducer vm23:r0
(vm31:m0) new thread ID: vm31:m0:th23
(vm31:m0) Got connection from reducer vm4:r0
(vm31:m0) new thread ID: vm31:m0:th24
(vm31:r0:th4:6) Connection established with mapper vm35:m0
(vm31:m0:th21) connection started, have to send 5302428 bytes to vm10:r0
(vm31:m0:th22) waiting for something to do...
(vm31:m0:th22) connection started, have to send 5302428 bytes to vm23:r0
(vm31:m0:th24) waiting for something to do...
(vm31:m0:th23) waiting for something to do...
(vm31:m0:th23) connection started, have to send 5302428 bytes to vm4:r0
(vm31:r0:th4:6) Connection to vm35:m0 finished, received 10604863 bytes
(vm31:m0:th1) all data sent, closing connection to vm19:r0
(vm31:m0:th1) waiting for something to do...
(vm31:r0:th4:7) Connection established with mapper vm40:m0
(vm31:m0) Got connection from reducer vm22:r0
(vm31:m0:th24) connection started, have to send 5302428 bytes to vm22:r0
(vm31:m0) Got connection from reducer vm44:r0
(vm31:m0) new thread ID: vm31:m0:th25
(vm31:m0) Got connection from reducer vm30:r0
(vm31:m0) new thread ID: vm31:m0:th26
(vm31:m0:th1) connection started, have to send 5302428 bytes to vm44:r0
(vm31:m0:th1) all data sent, closing connection to vm44:r0
(vm31:m0:th1) waiting for something to do...
(vm31:m0) Got connection from reducer vm6:r0
(vm31:r0:th4:7) Connection to vm40:m0 finished, received 10604864 bytes
(vm31:m0) Got connection from reducer vm27:r0
(vm31:m0) new thread ID: vm31:m0:th27
(vm31:m0:th1) connection started, have to send 5302428 bytes to vm27:r0
(vm31:m0:th1) all data sent, closing connection to vm27:r0
(vm31:m0:th1) waiting for something to do...
(vm31:m0:th25) waiting for something to do...
(vm31:m0:th25) connection started, have to send 5302428 bytes to vm30:r0
(vm31:m0:th26) waiting for something to do...
(vm31:m0:th26) connection started, have to send 5302428 bytes to vm6:r0
(vm31:m0:th27) waiting for something to do...
(vm31:m0) Got connection from reducer vm41:r0
(vm31:r0:th4:8) Connection established with mapper vm45:m0
(vm31:m0:th27) connection started, have to send 5302428 bytes to vm41:r0
(vm31:m0) Got connection from reducer vm36:r0
(vm31:m0) new thread ID: vm31:m0:th28
(vm31:m0:th1) connection started, have to send 5302428 bytes to vm36:r0
(vm31:m0:th1) all data sent, closing connection to vm36:r0
(vm31:m0:th1) waiting for something to do...
(vm31:m0:th0) all data sent, closing connection to vm37:r0
(vm31:m0:th0) waiting for something to do...
(vm31:m0) Got connection from reducer vm33:r0
(vm31:m0) Got connection from reducer vm40:r0
(vm31:m0) Got connection from reducer vm3:r0
(vm31:m0) new thread ID: vm31:m0:th29
(vm31:m0) Got connection from reducer vm32:r0
(vm31:m0) new thread ID: vm31:m0:th30
(vm31:m0:th1) connection started, have to send 5302428 bytes to vm3:r0
(vm31:m0:th1) all data sent, closing connection to vm3:r0
(vm31:m0:th1) waiting for something to do...
(vm31:m0:th0) connection started, have to send 5302428 bytes to vm40:r0
(vm31:m0:th0) all data sent, closing connection to vm40:r0
(vm31:m0:th0) waiting for something to do...
(vm31:m0:th29) waiting for something to do...
(vm31:m0:th29) connection started, have to send 5302428 bytes to vm32:r0
(vm31:m0:th30) waiting for something to do...
(vm31:m0:th28) waiting for something to do...
(vm31:m0:th28) connection started, have to send 5302428 bytes to vm33:r0
(vm31:m0:th3) all data sent, closing connection to vm25:r0
(vm31:m0:th3) waiting for something to do...
(vm31:m0) Got connection from reducer vm8:r0
(vm31:m0) Got connection from reducer vm17:r0
(vm31:m0:th0) connection started, have to send 5302428 bytes to vm17:r0
(vm31:m0:th0) all data sent, closing connection to vm17:r0
(vm31:m0:th0) waiting for something to do...
(vm31:m0:th30) connection started, have to send 5302428 bytes to vm8:r0
(vm31:r0:th1:6) Connection to vm32:m0 finished, received 15907291 bytes
(vm31:r0:th1:7) Connection established with mapper vm37:m0
(vm31:r0:th1:7) Connection to vm37:m0 finished, received 15907292 bytes
(vm31:m0) Got connection from reducer vm11:r0
(vm31:m0:th1) connection started, have to send 5302428 bytes to vm11:r0
(vm31:m0:th1) all data sent, closing connection to vm11:r0
(vm31:m0:th1) waiting for something to do...
(vm31:r0:th1:8) Connection established with mapper vm42:m0
(vm31:m0) Got connection from reducer vm29:r0
(vm31:m0) Got connection from reducer vm20:r0
(vm31:m0:th0) connection started, have to send 5302428 bytes to vm29:r0
(vm31:m0:th0) all data sent, closing connection to vm29:r0
(vm31:m0:th0) waiting for something to do...
(vm31:m0:th1) connection started, have to send 5302428 bytes to vm20:r0
(vm31:m0:th1) all data sent, closing connection to vm20:r0
(vm31:m0:th1) waiting for something to do...
(vm31:r0:th1:8) Connection to vm42:m0 finished, received 15907293 bytes
(vm31:r0:th1) Got data from all mappers, this reducer connection has finished.
(vm31:m0) Got connection from reducer vm35:r0
(vm31:m0:th3) connection started, have to send 5302428 bytes to vm35:r0
(vm31:m0:th3) all data sent, closing connection to vm35:r0
(vm31:m0:th3) waiting for something to do...
(vm31:m0) Got connection from reducer vm34:r0
(vm31:m0:th0) connection started, have to send 5302428 bytes to vm34:r0
(vm31:m0:th0) all data sent, closing connection to vm34:r0
(vm31:m0:th0) waiting for something to do...
(vm31:m0) Got connection from reducer vm42:r0
(vm31:m0:th1) connection started, have to send 5302428 bytes to vm42:r0
(vm31:m0:th1) all data sent, closing connection to vm42:r0
(vm31:m0:th1) waiting for something to do...
(vm31:m0:th12) all data sent, closing connection to vm13:r0
(vm31:m0:th12) waiting for something to do...
(vm31:m0:th4) all data sent, closing connection to vm24:r0
(vm31:m0:th4) waiting for something to do...
(vm31:m0:th7) all data sent, closing connection to vm5:r0
(vm31:m0:th7) waiting for something to do...
(vm31:m0:th2) all data sent, closing connection to vm45:r0
(vm31:m0:th2) waiting for something to do...
(vm31:m0:th6) all data sent, closing connection to vm43:r0
(vm31:m0:th6) waiting for something to do...
(vm31:m0:th9) all data sent, closing connection to vm15:r0
(vm31:m0:th9) waiting for something to do...
(vm31:m0:th8) all data sent, closing connection to vm12:r0
(vm31:m0:th8) waiting for something to do...
(vm31:m0:th13) all data sent, closing connection to vm16:r0
(vm31:m0:th13) waiting for something to do...
(vm31:m0:th11) all data sent, closing connection to vm39:r0
(vm31:m0:th11) waiting for something to do...
(vm31:m0:th10) all data sent, closing connection to vm2:r0
(vm31:m0:th10) waiting for something to do...
(vm31:m0:th5) all data sent, closing connection to vm21:r0
(vm31:m0:th5) waiting for something to do...
(vm31:m0:th18) all data sent, closing connection to vm28:r0
(vm31:m0:th18) waiting for something to do...
(vm31:r0:th0:5) Connection to vm26:m0 finished, received 21209718 bytes
(vm31:r0:th0:6) Connection established with mapper vm31:m0
(vm31:m0) Got connection from reducer vm31:r0
(vm31:m0:th0) connection started, have to send 5302428 bytes to vm31:r0
(vm31:m0:th0) all data sent, closing connection to vm31:r0
(vm31:m0:th0) waiting for something to do...
(vm31:r0:th0:6) Connection to vm31:m0 finished, received 21209719 bytes
(vm31:m0:th14) all data sent, closing connection to vm9:r0
(vm31:m0:th14) waiting for something to do...
(vm31:m0:th19) all data sent, closing connection to vm7:r0
(vm31:m0:th19) waiting for something to do...
(vm31:m0:th16) all data sent, closing connection to vm1:r0
(vm31:m0:th16) waiting for something to do...
(vm31:r0:th0:7) Connection established with mapper vm36:m0
(vm31:r0:th0:7) Connection to vm36:m0 finished, received 21209720 bytes
(vm31:m0:th15) all data sent, closing connection to vm26:r0
(vm31:m0:th15) waiting for something to do...
(vm31:m0) Got connection from reducer vm38:r0
(vm31:m0) All reducers connected, waiting for threads to terminate
(vm31:m0) waiting on semaphore
(vm31:m0) -> 13 threads still running
(vm31:m0) waiting on semaphore
(vm31:m0) -> 13 threads still running
(vm31:m0) waiting on semaphore
(vm31:m0) -> 13 threads still running
(vm31:m0) waiting on semaphore
(vm31:m0) -> 13 threads still running
(vm31:m0) waiting on semaphore
(vm31:m0) -> 13 threads still running
(vm31:m0) waiting on semaphore
(vm31:m0) -> 13 threads still running
(vm31:m0) waiting on semaphore
(vm31:m0) -> 13 threads still running
(vm31:m0) waiting on semaphore
(vm31:m0) -> 13 threads still running
(vm31:m0) waiting on semaphore
(vm31:m0) -> 13 threads still running
(vm31:m0) waiting on semaphore
(vm31:m0) -> 13 threads still running
(vm31:m0) waiting on semaphore
(vm31:m0) -> 13 threads still running
(vm31:m0) waiting on semaphore
(vm31:m0) -> 13 threads still running
(vm31:m0) waiting on semaphore
(vm31:m0) -> 13 threads still running
(vm31:m0) waiting on semaphore
(vm31:m0) -> 13 threads still running
(vm31:m0) waiting on semaphore
(vm31:m0) -> 13 threads still running
(vm31:m0) waiting on semaphore
(vm31:m0) -> 13 threads still running
(vm31:m0) waiting on semaphore
(vm31:m0) -> 13 threads still running
(vm31:m0) waiting on semaphore
(vm31:m0) -> 13 threads still running
(vm31:m0) waiting on semaphore
(vm31:m0) -> 13 threads still running
(vm31:m0) waiting on semaphore
(vm31:m0) -> 13 threads still running
(vm31:m0) waiting on semaphore
(vm31:m0) -> 13 threads still running
(vm31:m0) waiting on semaphore
(vm31:m0) -> 13 threads still running
(vm31:m0) waiting on semaphore
(vm31:m0) -> 13 threads still running
(vm31:m0) waiting on semaphore
(vm31:m0) -> 13 threads still running
(vm31:m0) waiting on semaphore
(vm31:m0) -> 13 threads still running
(vm31:m0) waiting on semaphore
(vm31:m0) -> 13 threads still running
(vm31:m0) waiting on semaphore
(vm31:m0) -> 13 threads still running
(vm31:m0) waiting on semaphore
(vm31:m0:th1) connection started, have to send 5302428 bytes to vm38:r0
(vm31:m0:th1) all data sent, closing connection to vm38:r0
(vm31:m0:th1) waiting for something to do...
(vm31:m0) -> 12 threads still running
(vm31:m0) waiting on semaphore
(vm31:m0:th17) all data sent, closing connection to vm18:r0
(vm31:m0) -> 11 threads still running
(vm31:m0) waiting on semaphore
(vm31:m0:th17) waiting for something to do...
(vm31:r0:th0:8) Connection established with mapper vm41:m0
(vm31:r0:th0:8) Connection to vm41:m0 finished, received 21209721 bytes
(vm31:r0:th0) Got data from all mappers, this reducer connection has finished.
(vm31:r0) thread th0 joined, 4 connection threads remaining
(vm31:r0) thread th1 joined, 3 connection threads remaining
(vm31:m0:th20) all data sent, closing connection to vm14:r0
(vm31:m0) -> 10 threads still running
(vm31:m0) waiting on semaphore
(vm31:m0:th20) waiting for something to do...
(vm31:m0:th22) all data sent, closing connection to vm23:r0
(vm31:m0) -> 9 threads still running
(vm31:m0) waiting on semaphore
(vm31:m0:th22) waiting for something to do...
(vm31:m0:th23) all data sent, closing connection to vm4:r0
(vm31:m0) -> 8 threads still running
(vm31:m0) waiting on semaphore
(vm31:m0:th23) waiting for something to do...
(vm31:m0:th21) all data sent, closing connection to vm10:r0
(vm31:m0) -> 7 threads still running
(vm31:m0) waiting on semaphore
(vm31:m0:th21) waiting for something to do...
(vm31:m0:th24) all data sent, closing connection to vm22:r0
(vm31:m0) -> 6 threads still running
(vm31:m0) waiting on semaphore
(vm31:m0:th24) waiting for something to do...
(vm31:r0:th2:7) Connection to vm38:m0 finished, received 15907292 bytes
(vm31:r0:th2:8) Connection established with mapper vm43:m0
(vm31:m0:th25) all data sent, closing connection to vm30:r0
(vm31:m0) -> 5 threads still running
(vm31:m0) waiting on semaphore
(vm31:m0:th25) waiting for something to do...
(vm31:m0:th27) all data sent, closing connection to vm41:r0
(vm31:m0) -> 4 threads still running
(vm31:m0) waiting on semaphore
(vm31:r0:th2:8) Connection to vm43:m0 finished, received 15907293 bytes
(vm31:r0:th2) Got data from all mappers, this reducer connection has finished.
(vm31:r0) thread th2 joined, 2 connection threads remaining
(vm31:m0:th27) waiting for something to do...
(vm31:m0:th26) all data sent, closing connection to vm6:r0
(vm31:m0) -> 3 threads still running
(vm31:m0) waiting on semaphore
(vm31:m0:th28) all data sent, closing connection to vm33:r0
(vm31:m0) -> 2 threads still running
(vm31:m0) waiting on semaphore
(vm31:r0:th3:8) Connection to vm44:m0 finished, received 15907293 bytes
(vm31:r0:th3) Got data from all mappers, this reducer connection has finished.
(vm31:r0) thread th3 joined, 1 connection threads remaining
(vm31:m0:th26) waiting for something to do...
(vm31:m0:th28) waiting for something to do...
(vm31:r0:th4:8) Connection to vm45:m0 finished, received 15907293 bytes
(vm31:r0:th4) Got data from all mappers, this reducer connection has finished.
(vm31:r0) thread th4 joined, 0 connection threads remaining
(vm31:r0) all done, exiting
(vm31:m0:th30) all data sent, closing connection to vm8:r0
(vm31:m0) -> 1 threads still running
(vm31:m0) waiting on semaphore
(vm31:m0:th29) all data sent, closing connection to vm32:r0
(vm31:m0) Sending exit signal to all threads
(vm31:m0:th0) got exit signal
(vm31:m0:th1) got exit signal
(vm31:m0:th2) got exit signal
(vm31:m0:th3) got exit signal
(vm31:m0:th4) got exit signal
(vm31:m0:th5) got exit signal
(vm31:m0:th6) got exit signal
(vm31:m0:th7) got exit signal
(vm31:m0:th8) got exit signal
(vm31:m0:th9) got exit signal
(vm31:m0:th10) got exit signal
(vm31:m0:th11) got exit signal
(vm31:m0:th12) got exit signal
(vm31:m0:th13) got exit signal
(vm31:m0:th14) got exit signal
(vm31:m0:th15) got exit signal
(vm31:m0:th16) got exit signal
(vm31:m0:th17) got exit signal
(vm31:m0:th18) got exit signal
(vm31:m0:th19) got exit signal
(vm31:m0:th20) got exit signal
(vm31:m0) thread vm31:m0:th0 joined
(vm31:m0) thread vm31:m0:th1 joined
(vm31:m0) thread vm31:m0:th2 joined
(vm31:m0) thread vm31:m0:th3 joined
(vm31:m0) thread vm31:m0:th4 joined
(vm31:m0) thread vm31:m0:th5 joined
(vm31:m0) thread vm31:m0:th6 joined
(vm31:m0) thread vm31:m0:th7 joined
(vm31:m0) thread vm31:m0:th8 joined
(vm31:m0) thread vm31:m0:th9 joined
(vm31:m0) thread vm31:m0:th10 joined
(vm31:m0) thread vm31:m0:th11 joined
(vm31:m0) thread vm31:m0:th12 joined
(vm31:m0) thread vm31:m0:th13 joined
(vm31:m0) thread vm31:m0:th14 joined
(vm31:m0) thread vm31:m0:th15 joined
(vm31:m0) thread vm31:m0:th16 joined
(vm31:m0) thread vm31:m0:th17 joined
(vm31:m0) thread vm31:m0:th18 joined
(vm31:m0) thread vm31:m0:th19 joined
(vm31:m0) thread vm31:m0:th20 joined
(vm31:m0:th23) got exit signal
(vm31:m0:th22) got exit signal
(vm31:m0:th21) got exit signal
(vm31:m0) thread vm31:m0:th21 joined
(vm31:m0) thread vm31:m0:th22 joined
(vm31:m0) thread vm31:m0:th23 joined
(vm31:m0:th24) got exit signal
(vm31:m0) thread vm31:m0:th24 joined
(vm31:m0:th25) got exit signal
(vm31:m0) thread vm31:m0:th25 joined
(vm31:m0:th27) got exit signal
(vm31:m0:th26) got exit signal
(vm31:m0) thread vm31:m0:th26 joined
(vm31:m0) thread vm31:m0:th27 joined
(vm31:m0:th28) got exit signal
(vm31:m0) thread vm31:m0:th28 joined
(vm31:m0:th30) waiting for something to do...
(vm31:m0:th30) got exit signal
(vm31:m0:th29) waiting for something to do...
(vm31:m0:th29) got exit signal
(vm31:m0) thread vm31:m0:th29 joined
(vm31:m0) thread vm31:m0:th30 joined
(vm31:m0) all done, exiting
*RES* start node vm31:m0
*RES* vm31:m0:th1,1406560112042,148,8,5302429
*RES* vm31:m0:th1,1406560112208,0,8,5302429
*RES* vm31:m0:th1,1406560112214,0,8,5302429
*RES* vm31:m0:th0,1406560112030,220,6,5302429
*RES* vm31:m0:th1,1406560112241,0,8,5302429
*RES* vm31:m0:th0,1406560112254,0,7,5302429
*RES* vm31:m0:th1,1406560112254,0,8,5302429
*RES* vm31:m0:th0,1406560112278,0,7,5302429
*RES* vm31:m0:th1,1406560112290,0,9,5302429
*RES* vm31:m0:th3,1406560112058,214,5,5302429
*RES* vm31:m0:th0,1406560112298,0,7,5302429
*RES* vm31:m0:th1,1406560112299,0,9,5302429
*RES* vm31:m0:th0,1406560112322,0,7,5302429
*RES* vm31:m0:th1,1406560112334,0,9,5302429
*RES* vm31:m0:th0,1406560112417,0,7,5302429
*RES* vm31:m0:th1,1406560112424,0,9,5302429
*RES* vm31:m0:th2,1406560112048,308,7,5302429
*RES* vm31:m0:th3,1406560112315,0,5,5302429
*RES* vm31:m0:th4,1406560112076,267,7,5302429
*RES* vm31:m0:th5,1406560112080,308,8,5302429
*RES* vm31:m0:th6,1406560112086,292,7,5302429
*RES* vm31:m0:th7,1406560112087,268,5,5302429
*RES* vm31:m0:th8,1406560112092,293,9,5302429
*RES* vm31:m0:th9,1406560112094,289,7,5302429
*RES* vm31:m0:th10,1406560112097,283,7,5302429
*RES* vm31:m0:th11,1406560112101,286,6,5302429
*RES* vm31:m0:th12,1406560112101,238,5,5302429
*RES* vm31:m0:th13,1406560112109,277,6,5302429
*RES* vm31:m0:th14,1406560112109,298,7,5302429
*RES* vm31:m0:th15,1406560112113,308,6,5302429
*RES* vm31:m0:th16,1406560112117,296,7,5302429
*RES* vm31:m0:th17,1406560112121,295,7,5302429
*RES* vm31:m0:th18,1406560112137,259,6,5302429
*RES* vm31:m0:th19,1406560112137,270,5,5302429
*RES* vm31:m0:th20,1406560112155,279,7,5302429
*RES* vm31:m0:th21,1406560112174,283,8,5302429
*RES* vm31:m0:th22,1406560112177,269,6,5302429
*RES* vm31:m0:th23,1406560112177,273,6,5302429
*RES* vm31:m0:th24,1406560112201,265,7,5302429
*RES* vm31:m0:th25,1406560112215,254,7,5302429
*RES* vm31:m0:th26,1406560112215,256,7,5302429
*RES* vm31:m0:th27,1406560112221,247,6,5302429
*RES* vm31:m0:th28,1406560112258,213,6,5302429
*RES* vm31:m0:th29,1406560112258,216,6,5302429
*RES* vm31:m0:th30,1406560112281,193,6,5302429
*RES* end node vm31:m0
(main) Thread vm31:m0 joined
(main) Waiting for thread vm31:m0 to join...
*RES* start node vm31:r0
*RES* vm31:r0:th0:0,1406560111368,8,0,1
*RES* vm31:r0:th0:1,1406560111375,147,9,5302430
*RES* vm31:r0:th0:2,1406560111522,201,20,10604859
*RES* vm31:r0:th0:3,1406560111724,276,30,15907288
*RES* vm31:r0:th0:4,1406560111999,5,30,15907289
*RES* vm31:r0:th0:5,1406560112005,402,41,21209718
*RES* vm31:r0:th0:6,1406560112416,0,41,21209719
*RES* vm31:r0:th0:7,1406560112417,4,41,21209720
*RES* vm31:r0:th0:8,1406560112421,8,41,21209721
*RES* vm31:r0:th1:0,1406560111367,410,13,5302429
*RES* vm31:r0:th1:1,1406560111777,3,13,5302430
*RES* vm31:r0:th1:2,1406560111781,12,13,5302431
*RES* vm31:r0:th1:3,1406560111793,8,13,5302432
*RES* vm31:r0:th1:4,1406560111800,177,22,10604861
*RES* vm31:r0:th1:5,1406560111978,7,23,10604862
*RES* vm31:r0:th1:6,1406560111985,297,34,15907291
*RES* vm31:r0:th1:7,1406560112282,4,34,15907292
*RES* vm31:r0:th1:8,1406560112286,16,34,15907293
*RES* vm31:r0:th2:0,1406560111367,417,11,5302429
*RES* vm31:r0:th2:1,1406560111784,8,12,5302430
*RES* vm31:r0:th2:2,1406560111792,8,12,5302431
*RES* vm31:r0:th2:3,1406560111800,5,12,5302432
*RES* vm31:r0:th2:4,1406560111805,17,12,5302433
*RES* vm31:r0:th2:5,1406560111822,268,24,10604862
*RES* vm31:r0:th2:6,1406560112090,3,24,10604863
*RES* vm31:r0:th2:7,1406560112093,374,36,15907292
*RES* vm31:r0:th2:8,1406560112467,2,36,15907293
*RES* vm31:r0:th3:0,1406560111367,453,10,5302429
*RES* vm31:r0:th3:1,1406560111820,8,10,5302430
*RES* vm31:r0:th3:2,1406560111828,15,11,5302431
*RES* vm31:r0:th3:3,1406560111843,3,11,5302432
*RES* vm31:r0:th3:4,1406560111847,2,11,5302433
*RES* vm31:r0:th3:5,1406560111849,261,23,10604862
*RES* vm31:r0:th3:6,1406560112111,6,24,10604863
*RES* vm31:r0:th3:7,1406560112117,8,24,10604864
*RES* vm31:r0:th3:8,1406560112125,347,35,15907293
*RES* vm31:r0:th4:0,1406560111367,392,12,5302429
*RES* vm31:r0:th4:1,1406560111759,10,12,5302430
*RES* vm31:r0:th4:2,1406560111769,3,13,5302431
*RES* vm31:r0:th4:3,1406560111772,3,13,5302432
*RES* vm31:r0:th4:4,1406560111775,7,13,5302433
*RES* vm31:r0:th4:5,1406560111783,380,25,10604862
*RES* vm31:r0:th4:6,1406560112162,23,25,10604863
*RES* vm31:r0:th4:7,1406560112186,26,25,10604864
*RES* vm31:r0:th4:8,1406560112211,261,35,15907293
*RES* end node vm31:r0
(main) Thread vm31:r0 joined
Worker terminating correctly
