OSMeF worker starting
Enabling core dumping
Listening for command connection
CONF: mapper on port 23330
CONF: -> will serve 42 reducers
(main) new thread ID: vm8:m0
(vm8:m0) Mapper thread started
(vm8:m0) Binding to port 23330
(vm8:m0) Got START signal
(vm8:m0) new thread ID: vm8:m0:th0
(vm8:m0:th0) waiting for something to do...
CONF: reducer
(main) new thread ID: vm8:r0
(vm8:r0) Reducer thread started
(vm8:r0) waiting for START message
(main) Waiting for thread vm8:m0 to join...
(vm8:r0) got START message
(vm8:r0) new thread ID: th0
(vm8:r0) new thread ID: th1
(vm8:r0) new thread ID: th2
(vm8:r0) new thread ID: th3
(vm8:r0) new thread ID: th4
(vm8:r0:th4:0) Connection established with mapper vm5:m0
(vm8:r0:th1:0) Connection established with mapper vm2:m0
(vm8:r0:th3:0) Connection established with mapper vm4:m0
(vm8:r0:th0:0) Connection established with mapper vm1:m0
(vm8:r0:th2:0) Connection established with mapper vm3:m0
(vm8:m0) Got connection from reducer vm3:r0
(vm8:m0) new thread ID: vm8:m0:th1
(vm8:m0) Got connection from reducer vm9:r0
(vm8:m0) new thread ID: vm8:m0:th2
(vm8:m0:th0) connection started, have to send 6086971 bytes to vm3:r0
(vm8:m0:th2) waiting for something to do...
(vm8:m0:th1) waiting for something to do...
(vm8:m0:th1) connection started, have to send 6086971 bytes to vm9:r0
(vm8:m0) Got connection from reducer vm16:r0
(vm8:m0) new thread ID: vm8:m0:th3
(vm8:m0:th2) connection started, have to send 6086971 bytes to vm16:r0
(vm8:m0:th3) waiting for something to do...
(vm8:m0:th1) all data sent, closing connection to vm9:r0
(vm8:m0:th1) waiting for something to do...
(vm8:m0:th2) all data sent, closing connection to vm16:r0
(vm8:m0:th2) waiting for something to do...
(vm8:r0:th1:0) Connection to vm2:m0 finished, received 6086972 bytes
(vm8:r0:th1:1) Connection established with mapper vm7:m0
(vm8:m0) Got connection from reducer vm7:r0
(vm8:m0:th3) connection started, have to send 6086971 bytes to vm7:r0
(vm8:r0:th0:0) Connection to vm1:m0 finished, received 6086972 bytes
(vm8:r0:th0:1) Connection established with mapper vm6:m0
(vm8:r0:th0:1) Connection to vm6:m0 finished, received 6086973 bytes
(vm8:r0:th0:2) Connection established with mapper vm11:m0
(vm8:r0:th3:0) Connection to vm4:m0 finished, received 6086972 bytes
(vm8:r0:th3:1) Connection established with mapper vm9:m0
(vm8:r0:th3:1) Connection to vm9:m0 finished, received 6086973 bytes
(vm8:r0:th3:2) Connection established with mapper vm14:m0
(vm8:r0:th1:1) Connection to vm7:m0 finished, received 12173944 bytes
(vm8:r0:th1:2) Connection established with mapper vm12:m0
(vm8:r0:th1:2) Connection to vm12:m0 finished, received 12173945 bytes
(vm8:r0:th1:3) Connection established with mapper vm17:m0
(vm8:r0:th1:3) Connection to vm17:m0 finished, received 12173946 bytes
(vm8:r0:th1:4) Connection established with mapper vm22:m0
(vm8:r0:th1:4) Connection to vm22:m0 finished, received 12173947 bytes
(vm8:r0:th1:5) Connection established with mapper vm27:m0
(vm8:r0:th4:0) Connection to vm5:m0 finished, received 6086972 bytes
(vm8:r0:th4:1) Connection established with mapper vm10:m0
(vm8:r0:th4:1) Connection to vm10:m0 finished, received 6086973 bytes
(vm8:r0:th4:2) Connection established with mapper vm15:m0
(vm8:r0:th2:0) Connection to vm3:m0 finished, received 6086972 bytes
(vm8:r0:th2:1) Connection established with mapper vm8:m0
(vm8:m0) Got connection from reducer vm8:r0
(vm8:m0:th1) connection started, have to send 6086971 bytes to vm8:r0
(vm8:m0:th1) all data sent, closing connection to vm8:r0
(vm8:m0:th1) waiting for something to do...
(vm8:r0:th2:1) Connection to vm8:m0 finished, received 6086973 bytes
(vm8:r0:th2:2) Connection established with mapper vm13:m0
(vm8:m0) Got connection from reducer vm6:r0
(vm8:m0:th2) connection started, have to send 6086971 bytes to vm6:r0
(vm8:m0:th2) all data sent, closing connection to vm6:r0
(vm8:m0:th2) waiting for something to do...
(vm8:m0) Got connection from reducer vm28:r0
(vm8:m0:th1) connection started, have to send 6086971 bytes to vm28:r0
(vm8:m0:th1) all data sent, closing connection to vm28:r0
(vm8:m0:th1) waiting for something to do...
(vm8:m0) Got connection from reducer vm14:r0
(vm8:m0:th2) connection started, have to send 6086971 bytes to vm14:r0
(vm8:m0:th2) all data sent, closing connection to vm14:r0
(vm8:m0:th2) waiting for something to do...
(vm8:m0) Got connection from reducer vm30:r0
(vm8:m0:th1) connection started, have to send 6086971 bytes to vm30:r0
(vm8:m0:th1) all data sent, closing connection to vm30:r0
(vm8:m0:th1) waiting for something to do...
(vm8:m0) Got connection from reducer vm38:r0
(vm8:m0:th1) connection started, have to send 6086971 bytes to vm38:r0
(vm8:m0:th1) all data sent, closing connection to vm38:r0
(vm8:m0:th1) waiting for something to do...
(vm8:m0:th3) all data sent, closing connection to vm7:r0
(vm8:m0:th3) waiting for something to do...
(vm8:m0) Got connection from reducer vm41:r0
(vm8:m0:th2) connection started, have to send 6086971 bytes to vm41:r0
(vm8:m0:th2) all data sent, closing connection to vm41:r0
(vm8:m0:th2) waiting for something to do...
(vm8:m0) Got connection from reducer vm36:r0
(vm8:m0:th1) connection started, have to send 6086971 bytes to vm36:r0
(vm8:m0:th1) all data sent, closing connection to vm36:r0
(vm8:m0:th1) waiting for something to do...
(vm8:m0) Got connection from reducer vm34:r0
(vm8:m0:th2) connection started, have to send 6086971 bytes to vm34:r0
(vm8:m0:th2) all data sent, closing connection to vm34:r0
(vm8:m0:th2) waiting for something to do...
(vm8:m0) Got connection from reducer vm22:r0
(vm8:m0:th1) connection started, have to send 6086971 bytes to vm22:r0
(vm8:m0:th1) all data sent, closing connection to vm22:r0
(vm8:m0:th1) waiting for something to do...
(vm8:m0) Got connection from reducer vm37:r0
(vm8:m0) Got connection from reducer vm18:r0
(vm8:m0:th1) connection started, have to send 6086971 bytes to vm37:r0
(vm8:m0:th1) all data sent, closing connection to vm37:r0
(vm8:m0:th1) waiting for something to do...
(vm8:m0:th2) connection started, have to send 6086971 bytes to vm18:r0
(vm8:m0:th2) all data sent, closing connection to vm18:r0
(vm8:m0:th2) waiting for something to do...
(vm8:m0) Got connection from reducer vm11:r0
(vm8:m0) Got connection from reducer vm29:r0
(vm8:m0:th1) connection started, have to send 6086971 bytes to vm29:r0
(vm8:m0:th1) all data sent, closing connection to vm29:r0
(vm8:m0:th1) waiting for something to do...
(vm8:m0:th3) connection started, have to send 6086971 bytes to vm11:r0
(vm8:m0:th3) all data sent, closing connection to vm11:r0
(vm8:m0:th3) waiting for something to do...
(vm8:m0) Got connection from reducer vm42:r0
(vm8:m0) Got connection from reducer vm35:r0
(vm8:m0) Got connection from reducer vm25:r0
(vm8:m0) new thread ID: vm8:m0:th4
(vm8:m0:th1) connection started, have to send 6086971 bytes to vm42:r0
(vm8:m0:th1) all data sent, closing connection to vm42:r0
(vm8:m0:th1) waiting for something to do...
(vm8:m0:th2) connection started, have to send 6086971 bytes to vm35:r0
(vm8:m0:th2) all data sent, closing connection to vm35:r0
(vm8:m0:th2) waiting for something to do...
(vm8:m0:th3) connection started, have to send 6086971 bytes to vm25:r0
(vm8:m0:th3) all data sent, closing connection to vm25:r0
(vm8:m0:th3) waiting for something to do...
(vm8:m0:th4) waiting for something to do...
(vm8:m0) Got connection from reducer vm24:r0
(vm8:m0:th4) connection started, have to send 6086971 bytes to vm24:r0
(vm8:r0:th0:2) Connection to vm11:m0 finished, received 12173945 bytes
(vm8:m0) Got connection from reducer vm19:r0
(vm8:m0:th1) connection started, have to send 6086971 bytes to vm19:r0
(vm8:m0:th1) all data sent, closing connection to vm19:r0
(vm8:m0:th1) waiting for something to do...
(vm8:r0:th0:3) Connection established with mapper vm16:m0
(vm8:m0) Got connection from reducer vm20:r0
(vm8:m0:th2) connection started, have to send 6086971 bytes to vm20:r0
(vm8:m0:th2) all data sent, closing connection to vm20:r0
(vm8:m0:th2) waiting for something to do...
(vm8:m0) Got connection from reducer vm31:r0
(vm8:m0:th1) connection started, have to send 6086971 bytes to vm31:r0
(vm8:m0:th1) all data sent, closing connection to vm31:r0
(vm8:m0:th1) waiting for something to do...
(vm8:m0) Got connection from reducer vm27:r0
(vm8:m0:th2) connection started, have to send 6086971 bytes to vm27:r0
(vm8:m0:th2) all data sent, closing connection to vm27:r0
(vm8:m0:th2) waiting for something to do...
(vm8:r0:th0:3) Connection to vm16:m0 finished, received 12173946 bytes
(vm8:r0:th0:4) Connection established with mapper vm21:m0
(vm8:m0) Got connection from reducer vm10:r0
(vm8:m0:th1) connection started, have to send 6086971 bytes to vm10:r0
(vm8:m0:th1) all data sent, closing connection to vm10:r0
(vm8:m0:th1) waiting for something to do...
(vm8:m0) Got connection from reducer vm39:r0
(vm8:m0) Got connection from reducer vm40:r0
(vm8:m0:th1) connection started, have to send 6086971 bytes to vm40:r0
(vm8:m0:th1) all data sent, closing connection to vm40:r0
(vm8:m0:th1) waiting for something to do...
(vm8:m0:th2) connection started, have to send 6086971 bytes to vm39:r0
(vm8:m0:th2) all data sent, closing connection to vm39:r0
(vm8:m0:th2) waiting for something to do...
(vm8:m0) Got connection from reducer vm32:r0
(vm8:m0:th3) connection started, have to send 6086971 bytes to vm32:r0
(vm8:m0:th3) all data sent, closing connection to vm32:r0
(vm8:m0:th3) waiting for something to do...
(vm8:m0) Got connection from reducer vm33:r0
(vm8:m0:th1) connection started, have to send 6086971 bytes to vm33:r0
(vm8:m0:th1) all data sent, closing connection to vm33:r0
(vm8:m0:th1) waiting for something to do...
(vm8:m0) Got connection from reducer vm13:r0
(vm8:m0:th2) connection started, have to send 6086971 bytes to vm13:r0
(vm8:m0:th2) all data sent, closing connection to vm13:r0
(vm8:m0:th2) waiting for something to do...
(vm8:m0) Got connection from reducer vm26:r0
(vm8:m0:th1) connection started, have to send 6086971 bytes to vm26:r0
(vm8:m0:th1) all data sent, closing connection to vm26:r0
(vm8:m0:th1) waiting for something to do...
(vm8:r0:th3:2) Connection to vm14:m0 finished, received 12173945 bytes
(vm8:m0) Got connection from reducer vm15:r0
(vm8:m0:th2) connection started, have to send 6086971 bytes to vm15:r0
(vm8:m0:th2) all data sent, closing connection to vm15:r0
(vm8:m0:th2) waiting for something to do...
(vm8:r0:th3:3) Connection established with mapper vm19:m0
(vm8:m0:th0) all data sent, closing connection to vm3:r0
(vm8:m0:th0) waiting for something to do...
(vm8:m0) Got connection from reducer vm23:r0
(vm8:m0) Got connection from reducer vm21:r0
(vm8:m0:th1) connection started, have to send 6086971 bytes to vm23:r0
(vm8:m0:th1) all data sent, closing connection to vm23:r0
(vm8:m0:th1) waiting for something to do...
(vm8:m0:th0) connection started, have to send 6086971 bytes to vm21:r0
(vm8:m0:th0) all data sent, closing connection to vm21:r0
(vm8:m0:th0) waiting for something to do...
(vm8:r0:th3:3) Connection to vm19:m0 finished, received 12173946 bytes
(vm8:m0) Got connection from reducer vm17:r0
(vm8:m0:th2) connection started, have to send 6086971 bytes to vm17:r0
(vm8:m0:th2) all data sent, closing connection to vm17:r0
(vm8:m0:th2) waiting for something to do...
(vm8:r0:th3:4) Connection established with mapper vm24:m0
(vm8:r0:th3:4) Connection to vm24:m0 finished, received 12173947 bytes
(vm8:r0:th3:5) Connection established with mapper vm29:m0
(vm8:m0) Got connection from reducer vm2:r0
(vm8:m0:th0) connection started, have to send 6086971 bytes to vm2:r0
(vm8:m0:th0) all data sent, closing connection to vm2:r0
(vm8:m0:th0) waiting for something to do...
(vm8:r0:th3:5) Connection to vm29:m0 finished, received 12173948 bytes
(vm8:r0:th3:6) Connection established with mapper vm34:m0
(vm8:r0:th3:6) Connection to vm34:m0 finished, received 12173949 bytes
(vm8:r0:th3:7) Connection established with mapper vm39:m0
(vm8:m0) Got connection from reducer vm12:r0
(vm8:m0:th1) connection started, have to send 6086971 bytes to vm12:r0
(vm8:m0:th1) all data sent, closing connection to vm12:r0
(vm8:m0:th1) waiting for something to do...
(vm8:r0:th4:2) Connection to vm15:m0 finished, received 12173945 bytes
(vm8:r0:th4:3) Connection established with mapper vm20:m0
(vm8:r0:th1:5) Connection to vm27:m0 finished, received 18260919 bytes
(vm8:r0:th1:6) Connection established with mapper vm32:m0
(vm8:m0) Got connection from reducer vm4:r0
(vm8:m0:th0) connection started, have to send 6086971 bytes to vm4:r0
(vm8:m0:th0) all data sent, closing connection to vm4:r0
(vm8:m0:th0) waiting for something to do...
(vm8:m0) Got connection from reducer vm5:r0
(vm8:m0:th1) connection started, have to send 6086971 bytes to vm5:r0
(vm8:m0:th1) all data sent, closing connection to vm5:r0
(vm8:m0:th1) waiting for something to do...
(vm8:m0) Got connection from reducer vm1:r0
(vm8:m0) All reducers connected, waiting for threads to terminate
(vm8:m0) waiting on semaphore
(vm8:m0) -> 2 threads still running
(vm8:m0) waiting on semaphore
(vm8:m0) -> 2 threads still running
(vm8:m0) waiting on semaphore
(vm8:m0) -> 2 threads still running
(vm8:m0) waiting on semaphore
(vm8:m0) -> 2 threads still running
(vm8:m0) waiting on semaphore
(vm8:m0) -> 2 threads still running
(vm8:m0) waiting on semaphore
(vm8:m0) -> 2 threads still running
(vm8:m0) waiting on semaphore
(vm8:m0) -> 2 threads still running
(vm8:m0) waiting on semaphore
(vm8:m0) -> 2 threads still running
(vm8:m0) waiting on semaphore
(vm8:m0) -> 2 threads still running
(vm8:m0) waiting on semaphore
(vm8:m0) -> 2 threads still running
(vm8:m0) waiting on semaphore
(vm8:m0) -> 2 threads still running
(vm8:m0) waiting on semaphore
(vm8:m0) -> 2 threads still running
(vm8:m0) waiting on semaphore
(vm8:m0) -> 2 threads still running
(vm8:m0) waiting on semaphore
(vm8:m0) -> 2 threads still running
(vm8:m0) waiting on semaphore
(vm8:m0) -> 2 threads still running
(vm8:m0) waiting on semaphore
(vm8:m0) -> 2 threads still running
(vm8:m0) waiting on semaphore
(vm8:m0) -> 2 threads still running
(vm8:m0) waiting on semaphore
(vm8:m0) -> 2 threads still running
(vm8:m0) waiting on semaphore
(vm8:m0) -> 2 threads still running
(vm8:m0) waiting on semaphore
(vm8:m0) -> 2 threads still running
(vm8:m0) waiting on semaphore
(vm8:m0) -> 2 threads still running
(vm8:m0) waiting on semaphore
(vm8:m0) -> 2 threads still running
(vm8:m0) waiting on semaphore
(vm8:m0) -> 2 threads still running
(vm8:m0) waiting on semaphore
(vm8:m0) -> 2 threads still running
(vm8:m0) waiting on semaphore
(vm8:m0) -> 2 threads still running
(vm8:m0) waiting on semaphore
(vm8:m0) -> 2 threads still running
(vm8:m0) waiting on semaphore
(vm8:m0) -> 2 threads still running
(vm8:m0) waiting on semaphore
(vm8:m0) -> 2 threads still running
(vm8:m0) waiting on semaphore
(vm8:m0) -> 2 threads still running
(vm8:m0) waiting on semaphore
(vm8:m0) -> 2 threads still running
(vm8:m0) waiting on semaphore
(vm8:m0) -> 2 threads still running
(vm8:m0) waiting on semaphore
(vm8:m0) -> 2 threads still running
(vm8:m0) waiting on semaphore
(vm8:m0) -> 2 threads still running
(vm8:m0) waiting on semaphore
(vm8:m0) -> 2 threads still running
(vm8:m0) waiting on semaphore
(vm8:m0) -> 2 threads still running
(vm8:m0) waiting on semaphore
(vm8:m0) -> 2 threads still running
(vm8:m0) waiting on semaphore
(vm8:m0) -> 2 threads still running
(vm8:m0) waiting on semaphore
(vm8:m0) -> 2 threads still running
(vm8:m0) waiting on semaphore
(vm8:m0:th0) connection started, have to send 6086971 bytes to vm1:r0
(vm8:m0:th0) all data sent, closing connection to vm1:r0
(vm8:m0:th0) waiting for something to do...
(vm8:m0) -> 1 threads still running
(vm8:m0) waiting on semaphore
(vm8:r0:th2:2) Connection to vm13:m0 finished, received 12173945 bytes
(vm8:r0:th2:3) Connection established with mapper vm18:m0
(vm8:r0:th2:3) Connection to vm18:m0 finished, received 12173946 bytes
(vm8:r0:th2:4) Connection established with mapper vm23:m0
(vm8:r0:th2:4) Connection to vm23:m0 finished, received 12173947 bytes
(vm8:r0:th2:5) Connection established with mapper vm28:m0
(vm8:r0:th2:5) Connection to vm28:m0 finished, received 12173948 bytes
(vm8:r0:th2:6) Connection established with mapper vm33:m0
(vm8:m0:th4) all data sent, closing connection to vm24:r0
(vm8:m0) Sending exit signal to all threads
(vm8:m0:th0) got exit signal
(vm8:m0:th1) got exit signal
(vm8:m0:th2) got exit signal
(vm8:m0:th3) got exit signal
(vm8:m0) thread vm8:m0:th0 joined
(vm8:m0) thread vm8:m0:th1 joined
(vm8:m0) thread vm8:m0:th2 joined
(vm8:m0) thread vm8:m0:th3 joined
(vm8:m0:th4) waiting for something to do...
(vm8:m0:th4) got exit signal
(vm8:m0) thread vm8:m0:th4 joined
(vm8:m0) all done, exiting
*RES* start node vm8:m0
*RES* vm8:m0:th1,1406556370665,46,5,6086972
*RES* vm8:m0:th2,1406556370666,50,5,6086972
*RES* vm8:m0:th1,1406556370965,0,6,6086972
*RES* vm8:m0:th2,1406556370970,0,5,6086972
*RES* vm8:m0:th1,1406556370973,0,6,6086972
*RES* vm8:m0:th1,1406556370986,0,6,6086972
*RES* vm8:m0:th2,1406556370982,0,6,6086972
*RES* vm8:m0:th1,1406556370988,1,6,6086972
*RES* vm8:m0:th2,1406556370994,0,6,6086972
*RES* vm8:m0:th1,1406556371000,0,6,6086972
*RES* vm8:m0:th1,1406556371016,0,6,6086972
*RES* vm8:m0:th2,1406556371014,0,6,6086972
*RES* vm8:m0:th3,1406556370904,86,7,6086972
*RES* vm8:m0:th1,1406556371026,0,7,6086972
*RES* vm8:m0:th1,1406556371028,0,7,6086972
*RES* vm8:m0:th2,1406556371026,0,6,6086972
*RES* vm8:m0:th3,1406556371028,0,8,6086972
*RES* vm8:m0:th1,1406556371028,0,7,6086972
*RES* vm8:m0:th2,1406556371028,0,7,6086972
*RES* vm8:m0:th1,1406556371036,0,7,6086972
*RES* vm8:m0:th2,1406556371038,0,7,6086972
*RES* vm8:m0:th1,1406556371038,0,7,6086972
*RES* vm8:m0:th2,1406556371040,0,8,6086972
*RES* vm8:m0:th1,1406556371045,0,7,6086972
*RES* vm8:m0:th3,1406556371028,0,8,6086972
*RES* vm8:m0:th1,1406556371055,0,7,6086972
*RES* vm8:m0:th2,1406556371055,0,8,6086972
*RES* vm8:m0:th1,1406556371057,0,7,6086972
*RES* vm8:m0:th2,1406556371059,0,8,6086972
*RES* vm8:m0:th1,1406556371062,0,7,6086972
*RES* vm8:m0:th0,1406556370665,405,7,6086972
*RES* vm8:m0:th2,1406556371065,0,8,6086972
*RES* vm8:m0:th0,1406556371070,0,7,6086972
*RES* vm8:m0:th1,1406556371070,0,8,6086972
*RES* vm8:m0:th0,1406556371085,0,7,6086972
*RES* vm8:m0:th1,1406556371094,1,8,6086972
*RES* vm8:m0:th0,1406556371149,0,7,6086972
*RES* vm8:m0:th0,1406556371172,0,8,6086972
*RES* vm8:m0:th1,1406556371163,0,8,6086972
*RES* vm8:m0:th2,1406556371076,0,8,6086972
*RES* vm8:m0:th3,1406556371056,0,8,6086972
*RES* vm8:m0:th4,1406556371029,208,7,6086972
*RES* end node vm8:m0
(main) Thread vm8:m0 joined
(main) Waiting for thread vm8:r0 to join...
(vm8:r0:th2:6) Connection to vm33:m0 finished, received 12173949 bytes
(vm8:r0:th0:4) Connection to vm21:m0 finished, received 18260918 bytes
(vm8:r0:th0:5) Connection established with mapper vm26:m0
(vm8:r0:th2:7) Connection established with mapper vm38:m0
(vm8:r0:th0:5) Connection to vm26:m0 finished, received 18260919 bytes
(vm8:r0:th0:6) Connection established with mapper vm31:m0
(vm8:r0:th0:6) Connection to vm31:m0 finished, received 18260920 bytes
(vm8:r0:th2:7) Connection to vm38:m0 finished, received 12173950 bytes
(vm8:r0:th2) Got data from all mappers, this reducer connection has finished.
(vm8:r0:th0:7) Connection established with mapper vm36:m0
(vm8:r0:th0:7) Connection to vm36:m0 finished, received 18260921 bytes
(vm8:r0:th0:8) Connection established with mapper vm41:m0
(vm8:r0:th4:3) Connection to vm20:m0 finished, received 18260917 bytes
(vm8:r0:th4:4) Connection established with mapper vm25:m0
(vm8:r0:th4:4) Connection to vm25:m0 finished, received 18260918 bytes
(vm8:r0:th4:5) Connection established with mapper vm30:m0
(vm8:r0:th4:5) Connection to vm30:m0 finished, received 18260919 bytes
(vm8:r0:th4:6) Connection established with mapper vm35:m0
(vm8:r0:th4:6) Connection to vm35:m0 finished, received 18260920 bytes
(vm8:r0:th4:7) Connection established with mapper vm40:m0
(vm8:r0:th4:7) Connection to vm40:m0 finished, received 18260921 bytes
(vm8:r0:th4) Got data from all mappers, this reducer connection has finished.
(vm8:r0:th3:7) Connection to vm39:m0 finished, received 18260921 bytes
(vm8:r0:th3) Got data from all mappers, this reducer connection has finished.
(vm8:r0:th0:8) Connection to vm41:m0 finished, received 24347893 bytes
(vm8:r0:th0) Got data from all mappers, this reducer connection has finished.
(vm8:r0) thread th0 joined, 4 connection threads remaining
(vm8:r0:th1:6) Connection to vm32:m0 finished, received 24347891 bytes
(vm8:r0:th1:7) Connection established with mapper vm37:m0
(vm8:r0:th1:7) Connection to vm37:m0 finished, received 30434863 bytes
(vm8:r0:th1:8) Connection established with mapper vm42:m0
(vm8:r0:th1:8) Connection to vm42:m0 finished, received 30434864 bytes
(vm8:r0:th1) Got data from all mappers, this reducer connection has finished.
(vm8:r0) thread th1 joined, 3 connection threads remaining
(vm8:r0) thread th2 joined, 2 connection threads remaining
(vm8:r0) thread th3 joined, 1 connection threads remaining
(vm8:r0) thread th4 joined, 0 connection threads remaining
(vm8:r0) all done, exiting
*RES* start node vm8:r0
*RES* vm8:r0:th0:0,1406556370651,272,11,6086972
*RES* vm8:r0:th0:1,1406556370924,2,11,6086973
*RES* vm8:r0:th0:2,1406556370926,108,20,12173945
*RES* vm8:r0:th0:3,1406556371034,8,20,12173946
*RES* vm8:r0:th0:4,1406556371042,199,30,18260918
*RES* vm8:r0:th0:5,1406556371240,4,30,18260919
*RES* vm8:r0:th0:6,1406556371244,3,30,18260920
*RES* vm8:r0:th0:7,1406556371247,3,31,18260921
*RES* vm8:r0:th0:8,1406556371250,114,40,24347893
*RES* vm8:r0:th1:0,1406556370651,229,13,6086972
*RES* vm8:r0:th1:1,1406556370881,57,22,12173944
*RES* vm8:r0:th1:2,1406556370939,3,22,12173945
*RES* vm8:r0:th1:3,1406556370942,6,22,12173946
*RES* vm8:r0:th1:4,1406556370948,3,22,12173947
*RES* vm8:r0:th1:5,1406556370951,191,31,18260919
*RES* vm8:r0:th1:6,1406556371142,225,42,24347891
*RES* vm8:r0:th1:7,1406556371367,201,49,30434863
*RES* vm8:r0:th1:8,1406556371569,1,49,30434864
*RES* vm8:r0:th2:0,1406556370651,313,13,6086972
*RES* vm8:r0:th2:1,1406556370964,0,13,6086973
*RES* vm8:r0:th2:2,1406556370965,254,26,12173945
*RES* vm8:r0:th2:3,1406556371219,3,26,12173946
*RES* vm8:r0:th2:4,1406556371222,2,26,12173947
*RES* vm8:r0:th2:5,1406556371224,9,26,12173948
*RES* vm8:r0:th2:6,1406556371234,5,26,12173949
*RES* vm8:r0:th2:7,1406556371239,10,27,12173950
*RES* vm8:r0:th3:0,1406556370651,276,13,6086972
*RES* vm8:r0:th3:1,1406556370927,2,13,6086973
*RES* vm8:r0:th3:2,1406556370929,135,23,12173945
*RES* vm8:r0:th3:3,1406556371063,11,23,12173946
*RES* vm8:r0:th3:4,1406556371074,5,24,12173947
*RES* vm8:r0:th3:5,1406556371079,6,24,12173948
*RES* vm8:r0:th3:6,1406556371085,5,24,12173949
*RES* vm8:r0:th3:7,1406556371091,258,35,18260921
*RES* vm8:r0:th4:0,1406556370651,310,13,6086972
*RES* vm8:r0:th4:1,1406556370960,2,14,6086973
*RES* vm8:r0:th4:2,1406556370962,171,24,12173945
*RES* vm8:r0:th4:3,1406556371134,182,34,18260917
*RES* vm8:r0:th4:4,1406556371316,4,34,18260918
*RES* vm8:r0:th4:5,1406556371319,3,34,18260919
*RES* vm8:r0:th4:6,1406556371322,3,34,18260920
*RES* vm8:r0:th4:7,1406556371325,2,34,18260921
*RES* end node vm8:r0
(main) Thread vm8:r0 joined
Worker terminating correctly
