OSMeF worker starting
Enabling core dumping
Listening for command connection
CONF: mapper on port 23330
CONF: -> will serve 47 reducers
(main) new thread ID: vm41:m0
(vm41:m0) Mapper thread started
(vm41:m0) Binding to port 23330
(vm41:m0) Got START signal
(vm41:m0) new thread ID: vm41:m0:th0
(vm41:m0:th0) waiting for something to do...
CONF: reducer
(main) new thread ID: vm41:r0
(vm41:r0) Reducer thread started
(vm41:r0) waiting for START message
(main) Waiting for thread vm41:m0 to join...
(vm41:r0) got START message
(vm41:r0) new thread ID: th0
(vm41:r0) new thread ID: th1
(vm41:r0) new thread ID: th2
(vm41:r0) new thread ID: th3
(vm41:r0) new thread ID: th4
(vm41:r0:th4:0) Connection established with mapper vm5:m0
(vm41:r0:th3:0) Connection established with mapper vm4:m0
(vm41:r0:th1:0) Connection established with mapper vm2:m0
(vm41:r0:th0:0) Connection established with mapper vm1:m0
(vm41:r0:th2:0) Connection established with mapper vm3:m0
(vm41:r0:th1:0) Connection to vm2:m0 finished, received 1 bytes
(vm41:r0:th2:0) Connection to vm3:m0 finished, received 1 bytes
(vm41:r0:th1:1) Connection established with mapper vm7:m0
(vm41:r0:th2:1) Connection established with mapper vm8:m0
(vm41:r0:th2:1) Connection to vm8:m0 finished, received 4860761 bytes
(vm41:r0:th2:2) Connection established with mapper vm13:m0
(vm41:r0:th0:0) Connection to vm1:m0 finished, received 4860760 bytes
(vm41:r0:th1:1) Connection to vm7:m0 finished, received 4860761 bytes
(vm41:r0:th0:1) Connection established with mapper vm6:m0
(vm41:r0:th2:2) Connection to vm13:m0 finished, received 9721521 bytes
(vm41:r0:th0:1) Connection to vm6:m0 finished, received 4860761 bytes
(vm41:r0:th2:3) Connection established with mapper vm18:m0
(vm41:r0:th1:2) Connection established with mapper vm12:m0
(vm41:r0:th0:2) Connection established with mapper vm11:m0
(vm41:r0:th1:2) Connection to vm12:m0 finished, received 4860762 bytes
(vm41:r0:th1:3) Connection established with mapper vm17:m0
(vm41:r0:th2:3) Connection to vm18:m0 finished, received 14582281 bytes
(vm41:r0:th2:4) Connection established with mapper vm23:m0
(vm41:r0:th4:0) Connection to vm5:m0 finished, received 4860760 bytes
(vm41:r0:th3:0) Connection to vm4:m0 finished, received 4860760 bytes
(vm41:r0:th3:1) Connection established with mapper vm9:m0
(vm41:r0:th4:1) Connection established with mapper vm10:m0
(vm41:r0:th3:1) Connection to vm9:m0 finished, received 4860761 bytes
(vm41:r0:th4:1) Connection to vm10:m0 finished, received 4860761 bytes
(vm41:r0:th3:2) Connection established with mapper vm14:m0
(vm41:r0:th4:2) Connection established with mapper vm15:m0
(vm41:r0:th4:2) Connection to vm15:m0 finished, received 4860762 bytes
(vm41:r0:th3:2) Connection to vm14:m0 finished, received 4860762 bytes
(vm41:r0:th4:3) Connection established with mapper vm20:m0
(vm41:r0:th3:3) Connection established with mapper vm19:m0
(vm41:r0:th3:3) Connection to vm19:m0 finished, received 4860763 bytes
(vm41:r0:th3:4) Connection established with mapper vm24:m0
(vm41:r0:th3:4) Connection to vm24:m0 finished, received 4860764 bytes
(vm41:r0:th3:5) Connection established with mapper vm29:m0
(vm41:r0:th1:3) Connection to vm17:m0 finished, received 9721522 bytes
(vm41:r0:th1:4) Connection established with mapper vm22:m0
(vm41:r0:th4:3) Connection to vm20:m0 finished, received 9721522 bytes
(vm41:r0:th4:4) Connection established with mapper vm25:m0
(vm41:r0:th4:4) Connection to vm25:m0 finished, received 9721523 bytes
(vm41:r0:th4:5) Connection established with mapper vm30:m0
(vm41:r0:th0:2) Connection to vm11:m0 finished, received 9721521 bytes
(vm41:r0:th0:3) Connection established with mapper vm16:m0
(vm41:r0:th0:3) Connection to vm16:m0 finished, received 9721522 bytes
(vm41:r0:th0:4) Connection established with mapper vm21:m0
(vm41:r0:th0:4) Connection to vm21:m0 finished, received 9721523 bytes
(vm41:r0:th0:5) Connection established with mapper vm26:m0
(vm41:r0:th0:5) Connection to vm26:m0 finished, received 9721524 bytes
(vm41:r0:th0:6) Connection established with mapper vm31:m0
(vm41:m0) Got connection from reducer vm6:r0
(vm41:m0) new thread ID: vm41:m0:th1
(vm41:m0:th0) connection started, have to send 4860759 bytes to vm6:r0
(vm41:m0:th1) waiting for something to do...
(vm41:r0:th4:5) Connection to vm30:m0 finished, received 14582283 bytes
(vm41:r0:th4:6) Connection established with mapper vm35:m0
(vm41:r0:th4:6) Connection to vm35:m0 finished, received 14582284 bytes
(vm41:r0:th1:4) Connection to vm22:m0 finished, received 14582282 bytes
(vm41:r0:th4:7) Connection established with mapper vm40:m0
(vm41:r0:th1:5) Connection established with mapper vm27:m0
(vm41:r0:th1:5) Connection to vm27:m0 finished, received 14582283 bytes
(vm41:m0) Got connection from reducer vm1:r0
(vm41:m0) new thread ID: vm41:m0:th2
(vm41:m0:th1) connection started, have to send 4860759 bytes to vm1:r0
(vm41:m0:th2) waiting for something to do...
(vm41:r0:th1:6) Connection established with mapper vm32:m0
(vm41:m0) Got connection from reducer vm23:r0
(vm41:m0) new thread ID: vm41:m0:th3
(vm41:m0:th2) connection started, have to send 4860759 bytes to vm23:r0
(vm41:m0:th3) waiting for something to do...
(vm41:m0) Got connection from reducer vm4:r0
(vm41:m0) new thread ID: vm41:m0:th4
(vm41:m0:th3) connection started, have to send 4860759 bytes to vm4:r0
(vm41:m0:th4) waiting for something to do...
(vm41:m0) Got connection from reducer vm2:r0
(vm41:m0) new thread ID: vm41:m0:th5
(vm41:m0:th4) connection started, have to send 4860759 bytes to vm2:r0
(vm41:m0:th5) waiting for something to do...
(vm41:r0:th2:4) Connection to vm23:m0 finished, received 19443041 bytes
(vm41:r0:th2:5) Connection established with mapper vm28:m0
(vm41:m0) Got connection from reducer vm17:r0
(vm41:m0) new thread ID: vm41:m0:th6
(vm41:m0:th5) connection started, have to send 4860759 bytes to vm17:r0
(vm41:m0:th6) waiting for something to do...
(vm41:m0) Got connection from reducer vm16:r0
(vm41:m0) new thread ID: vm41:m0:th7
(vm41:r0:th2:5) Connection to vm28:m0 finished, received 19443042 bytes
(vm41:m0) Got connection from reducer vm24:r0
(vm41:m0) new thread ID: vm41:m0:th8
(vm41:r0:th2:6) Connection established with mapper vm33:m0
(vm41:m0:th6) connection started, have to send 4860759 bytes to vm16:r0
(vm41:m0:th7) waiting for something to do...
(vm41:m0:th7) connection started, have to send 4860759 bytes to vm24:r0
(vm41:r0:th2:6) Connection to vm33:m0 finished, received 19443043 bytes
(vm41:m0:th8) waiting for something to do...
(vm41:r0:th2:7) Connection established with mapper vm38:m0
(vm41:m0) Got connection from reducer vm45:r0
(vm41:m0) new thread ID: vm41:m0:th9
(vm41:m0:th8) connection started, have to send 4860759 bytes to vm45:r0
(vm41:m0:th9) waiting for something to do...
(vm41:m0) Got connection from reducer vm5:r0
(vm41:m0) new thread ID: vm41:m0:th10
(vm41:m0) Got connection from reducer vm33:r0
(vm41:m0) new thread ID: vm41:m0:th11
(vm41:m0:th9) connection started, have to send 4860759 bytes to vm5:r0
(vm41:m0:th10) waiting for something to do...
(vm41:m0:th10) connection started, have to send 4860759 bytes to vm33:r0
(vm41:m0:th11) waiting for something to do...
(vm41:m0) Got connection from reducer vm7:r0
(vm41:m0) new thread ID: vm41:m0:th12
(vm41:m0) Got connection from reducer vm37:r0
(vm41:m0) new thread ID: vm41:m0:th13
(vm41:m0:th11) connection started, have to send 4860759 bytes to vm7:r0
(vm41:m0:th12) waiting for something to do...
(vm41:m0:th12) connection started, have to send 4860759 bytes to vm37:r0
(vm41:m0:th13) waiting for something to do...
(vm41:m0) Got connection from reducer vm11:r0
(vm41:m0) new thread ID: vm41:m0:th14
(vm41:m0:th0) all data sent, closing connection to vm6:r0
(vm41:m0:th0) waiting for something to do...
(vm41:m0:th13) connection started, have to send 4860759 bytes to vm11:r0
(vm41:m0) Got connection from reducer vm13:r0
(vm41:m0) Got connection from reducer vm25:r0
(vm41:m0:th0) connection started, have to send 4860759 bytes to vm25:r0
(vm41:m0:th0) all data sent, closing connection to vm25:r0
(vm41:m0:th0) waiting for something to do...
(vm41:m0) Got connection from reducer vm26:r0
(vm41:m0) new thread ID: vm41:m0:th15
(vm41:m0:th0) connection started, have to send 4860759 bytes to vm26:r0
(vm41:m0:th0) all data sent, closing connection to vm26:r0
(vm41:m0:th0) waiting for something to do...
(vm41:m0:th14) waiting for something to do...
(vm41:m0:th14) connection started, have to send 4860759 bytes to vm13:r0
(vm41:m0:th15) waiting for something to do...
(vm41:m0) Got connection from reducer vm27:r0
(vm41:m0:th15) connection started, have to send 4860759 bytes to vm27:r0
(vm41:m0) Got connection from reducer vm20:r0
(vm41:m0:th0) connection started, have to send 4860759 bytes to vm20:r0
(vm41:m0:th0) all data sent, closing connection to vm20:r0
(vm41:m0:th0) waiting for something to do...
(vm41:m0) Got connection from reducer vm47:r0
(vm41:m0:th0) connection started, have to send 4860759 bytes to vm47:r0
(vm41:m0:th0) all data sent, closing connection to vm47:r0
(vm41:m0:th0) waiting for something to do...
(vm41:m0) Got connection from reducer vm3:r0
(vm41:m0:th0) connection started, have to send 4860759 bytes to vm3:r0
(vm41:m0:th0) all data sent, closing connection to vm3:r0
(vm41:m0:th0) waiting for something to do...
(vm41:m0) Got connection from reducer vm15:r0
(vm41:m0:th0) connection started, have to send 4860759 bytes to vm15:r0
(vm41:m0:th0) all data sent, closing connection to vm15:r0
(vm41:m0:th0) waiting for something to do...
(vm41:m0:th1) all data sent, closing connection to vm1:r0
(vm41:m0:th1) waiting for something to do...
(vm41:m0) Got connection from reducer vm34:r0
(vm41:m0:th0) connection started, have to send 4860759 bytes to vm34:r0
(vm41:m0:th0) all data sent, closing connection to vm34:r0
(vm41:m0:th0) waiting for something to do...
(vm41:m0) Got connection from reducer vm10:r0
(vm41:m0) Got connection from reducer vm30:r0
(vm41:m0) new thread ID: vm41:m0:th16
(vm41:m0:th0) connection started, have to send 4860759 bytes to vm10:r0
(vm41:m0:th0) all data sent, closing connection to vm10:r0
(vm41:m0:th0) waiting for something to do...
(vm41:m0:th1) connection started, have to send 4860759 bytes to vm30:r0
(vm41:m0:th1) all data sent, closing connection to vm30:r0
(vm41:m0:th1) waiting for something to do...
(vm41:m0:th16) waiting for something to do...
(vm41:m0) Got connection from reducer vm21:r0
(vm41:m0) Got connection from reducer vm36:r0
(vm41:m0:th0) connection started, have to send 4860759 bytes to vm36:r0
(vm41:m0:th0) all data sent, closing connection to vm36:r0
(vm41:m0:th0) waiting for something to do...
(vm41:m0) Got connection from reducer vm42:r0
(vm41:m0:th0) connection started, have to send 4860759 bytes to vm42:r0
(vm41:m0:th0) all data sent, closing connection to vm42:r0
(vm41:m0:th0) waiting for something to do...
(vm41:m0:th16) connection started, have to send 4860759 bytes to vm21:r0
(vm41:m0:th4) all data sent, closing connection to vm2:r0
(vm41:m0:th4) waiting for something to do...
(vm41:m0) Got connection from reducer vm8:r0
(vm41:m0) Got connection from reducer vm39:r0
(vm41:m0) Got connection from reducer vm22:r0
(vm41:m0) new thread ID: vm41:m0:th17
(vm41:m0:th0) connection started, have to send 4860759 bytes to vm39:r0
(vm41:m0:th1) connection started, have to send 4860759 bytes to vm8:r0
(vm41:m0:th1) all data sent, closing connection to vm8:r0
(vm41:m0:th1) waiting for something to do...
(vm41:m0:th0) all data sent, closing connection to vm39:r0
(vm41:m0:th0) waiting for something to do...
(vm41:m0:th4) connection started, have to send 4860759 bytes to vm22:r0
(vm41:m0:th4) all data sent, closing connection to vm22:r0
(vm41:m0:th4) waiting for something to do...
(vm41:m0:th17) waiting for something to do...
(vm41:m0:th3) all data sent, closing connection to vm4:r0
(vm41:m0:th3) waiting for something to do...
(vm41:m0) Got connection from reducer vm28:r0
(vm41:m0) Got connection from reducer vm35:r0
(vm41:m0) Got connection from reducer vm12:r0
(vm41:m0:th0) connection started, have to send 4860759 bytes to vm35:r0
(vm41:m0:th0) all data sent, closing connection to vm35:r0
(vm41:m0:th0) waiting for something to do...
(vm41:m0:th1) connection started, have to send 4860759 bytes to vm12:r0
(vm41:m0:th1) all data sent, closing connection to vm12:r0
(vm41:m0:th1) waiting for something to do...
(vm41:m0:th17) connection started, have to send 4860759 bytes to vm28:r0
(vm41:m0) Got connection from reducer vm44:r0
(vm41:m0) Got connection from reducer vm19:r0
(vm41:m0:th3) connection started, have to send 4860759 bytes to vm44:r0
(vm41:m0:th3) all data sent, closing connection to vm44:r0
(vm41:m0:th3) waiting for something to do...
(vm41:m0:th0) connection started, have to send 4860759 bytes to vm19:r0
(vm41:m0:th0) all data sent, closing connection to vm19:r0
(vm41:m0:th0) waiting for something to do...
(vm41:m0) Got connection from reducer vm29:r0
(vm41:m0:th1) connection started, have to send 4860759 bytes to vm29:r0
(vm41:m0:th1) all data sent, closing connection to vm29:r0
(vm41:m0:th1) waiting for something to do...
(vm41:m0) Got connection from reducer vm43:r0
(vm41:m0) Got connection from reducer vm14:r0
(vm41:m0:th0) connection started, have to send 4860759 bytes to vm43:r0
(vm41:m0:th0) all data sent, closing connection to vm43:r0
(vm41:m0:th0) waiting for something to do...
(vm41:m0:th1) connection started, have to send 4860759 bytes to vm14:r0
(vm41:m0:th1) all data sent, closing connection to vm14:r0
(vm41:m0:th1) waiting for something to do...
(vm41:m0) Got connection from reducer vm9:r0
(vm41:m0) Got connection from reducer vm18:r0
(vm41:m0:th0) connection started, have to send 4860759 bytes to vm18:r0
(vm41:m0:th3) connection started, have to send 4860759 bytes to vm9:r0
(vm41:m0:th3) all data sent, closing connection to vm9:r0
(vm41:m0:th3) waiting for something to do...
(vm41:m0:th0) all data sent, closing connection to vm18:r0
(vm41:m0:th0) waiting for something to do...
(vm41:r0:th3:5) Connection to vm29:m0 finished, received 9721524 bytes
(vm41:m0) Got connection from reducer vm31:r0
(vm41:m0:th1) connection started, have to send 4860759 bytes to vm31:r0
(vm41:m0:th1) all data sent, closing connection to vm31:r0
(vm41:m0:th1) waiting for something to do...
(vm41:r0:th3:6) Connection established with mapper vm34:m0
(vm41:m0:th7) all data sent, closing connection to vm24:r0
(vm41:m0:th7) waiting for something to do...
(vm41:r0:th3:6) Connection to vm34:m0 finished, received 9721525 bytes
(vm41:r0:th3:7) Connection established with mapper vm39:m0
(vm41:r0:th3:7) Connection to vm39:m0 finished, received 9721526 bytes
(vm41:r0:th3:8) Connection established with mapper vm44:m0
(vm41:r0:th3:8) Connection to vm44:m0 finished, received 9721527 bytes
(vm41:r0:th3) Got data from all mappers, this reducer connection has finished.
(vm41:m0) Got connection from reducer vm32:r0
(vm41:m0:th0) connection started, have to send 4860759 bytes to vm32:r0
(vm41:m0:th0) all data sent, closing connection to vm32:r0
(vm41:m0:th0) waiting for something to do...
(vm41:m0:th6) all data sent, closing connection to vm16:r0
(vm41:m0:th6) waiting for something to do...
(vm41:m0:th8) all data sent, closing connection to vm45:r0
(vm41:m0:th8) waiting for something to do...
(vm41:m0:th2) all data sent, closing connection to vm23:r0
(vm41:m0:th2) waiting for something to do...
(vm41:m0:th11) all data sent, closing connection to vm7:r0
(vm41:m0:th11) waiting for something to do...
(vm41:m0) Got connection from reducer vm40:r0
(vm41:m0) Got connection from reducer vm46:r0
(vm41:m0:th1) connection started, have to send 4860759 bytes to vm40:r0
(vm41:m0:th1) all data sent, closing connection to vm40:r0
(vm41:m0:th1) waiting for something to do...
(vm41:m0:th0) connection started, have to send 4860759 bytes to vm46:r0
(vm41:m0:th0) all data sent, closing connection to vm46:r0
(vm41:m0:th0) waiting for something to do...
(vm41:m0:th9) all data sent, closing connection to vm5:r0
(vm41:m0:th9) waiting for something to do...
(vm41:m0:th10) all data sent, closing connection to vm33:r0
(vm41:m0:th10) waiting for something to do...
(vm41:m0:th13) all data sent, closing connection to vm11:r0
(vm41:m0:th13) waiting for something to do...
(vm41:m0:th5) all data sent, closing connection to vm17:r0
(vm41:m0:th5) waiting for something to do...
(vm41:m0:th14) all data sent, closing connection to vm13:r0
(vm41:m0:th14) waiting for something to do...
(vm41:r0:th0:6) Connection to vm31:m0 finished, received 14582284 bytes
(vm41:m0:th12) all data sent, closing connection to vm37:r0
(vm41:m0:th12) waiting for something to do...
(vm41:r0:th0:7) Connection established with mapper vm36:m0
(vm41:r0:th0:7) Connection to vm36:m0 finished, received 14582285 bytes
(vm41:r0:th0:8) Connection established with mapper vm41:m0
(vm41:m0) Got connection from reducer vm41:r0
(vm41:m0:th2) connection started, have to send 4860759 bytes to vm41:r0
(vm41:m0:th2) all data sent, closing connection to vm41:r0
(vm41:m0:th2) waiting for something to do...
(vm41:r0:th0:8) Connection to vm41:m0 finished, received 14582286 bytes
(vm41:r0:th0:9) Connection established with mapper vm46:m0
(vm41:m0:th15) all data sent, closing connection to vm27:r0
(vm41:m0:th15) waiting for something to do...
(vm41:r0:th0:9) Connection to vm46:m0 finished, received 14582287 bytes
(vm41:r0:th0) Got data from all mappers, this reducer connection has finished.
(vm41:r0) thread th0 joined, 4 connection threads remaining
(vm41:m0:th16) all data sent, closing connection to vm21:r0
(vm41:m0:th16) waiting for something to do...
(vm41:m0:th17) all data sent, closing connection to vm28:r0
(vm41:m0:th17) waiting for something to do...
(vm41:r0:th4:7) Connection to vm40:m0 finished, received 19443044 bytes
(vm41:r0:th4:8) Connection established with mapper vm45:m0
(vm41:r0:th4:8) Connection to vm45:m0 finished, received 19443045 bytes
(vm41:r0:th4) Got data from all mappers, this reducer connection has finished.
(vm41:r0:th2:7) Connection to vm38:m0 finished, received 24303803 bytes
(vm41:m0) Got connection from reducer vm38:r0
(vm41:m0) All reducers connected, waiting for threads to terminate
(vm41:m0) waiting on semaphore
(vm41:m0) -> 1 threads still running
(vm41:m0) waiting on semaphore
(vm41:m0) -> 1 threads still running
(vm41:m0) waiting on semaphore
(vm41:m0) -> 1 threads still running
(vm41:m0) waiting on semaphore
(vm41:m0) -> 1 threads still running
(vm41:m0) waiting on semaphore
(vm41:m0) -> 1 threads still running
(vm41:m0) waiting on semaphore
(vm41:m0) -> 1 threads still running
(vm41:m0) waiting on semaphore
(vm41:m0) -> 1 threads still running
(vm41:m0) waiting on semaphore
(vm41:m0) -> 1 threads still running
(vm41:m0) waiting on semaphore
(vm41:m0) -> 1 threads still running
(vm41:m0) waiting on semaphore
(vm41:m0) -> 1 threads still running
(vm41:m0) waiting on semaphore
(vm41:m0) -> 1 threads still running
(vm41:m0) waiting on semaphore
(vm41:m0) -> 1 threads still running
(vm41:m0) waiting on semaphore
(vm41:m0) -> 1 threads still running
(vm41:m0) waiting on semaphore
(vm41:m0) -> 1 threads still running
(vm41:m0) waiting on semaphore
(vm41:m0) -> 1 threads still running
(vm41:m0) waiting on semaphore
(vm41:m0) -> 1 threads still running
(vm41:m0) waiting on semaphore
(vm41:m0) -> 1 threads still running
(vm41:m0) waiting on semaphore
(vm41:m0) -> 1 threads still running
(vm41:m0) waiting on semaphore
(vm41:m0) -> 1 threads still running
(vm41:m0) waiting on semaphore
(vm41:m0) -> 1 threads still running
(vm41:m0) waiting on semaphore
(vm41:m0) -> 1 threads still running
(vm41:m0) waiting on semaphore
(vm41:m0) -> 1 threads still running
(vm41:m0) waiting on semaphore
(vm41:m0) -> 1 threads still running
(vm41:m0) waiting on semaphore
(vm41:m0) -> 1 threads still running
(vm41:m0) waiting on semaphore
(vm41:m0) -> 1 threads still running
(vm41:m0) waiting on semaphore
(vm41:m0) -> 1 threads still running
(vm41:m0) waiting on semaphore
(vm41:m0) -> 1 threads still running
(vm41:m0) waiting on semaphore
(vm41:m0) -> 1 threads still running
(vm41:m0) waiting on semaphore
(vm41:m0) -> 1 threads still running
(vm41:m0) waiting on semaphore
(vm41:m0) -> 1 threads still running
(vm41:m0) waiting on semaphore
(vm41:m0) -> 1 threads still running
(vm41:m0) waiting on semaphore
(vm41:m0) -> 1 threads still running
(vm41:m0) waiting on semaphore
(vm41:m0:th0) connection started, have to send 4860759 bytes to vm38:r0
(vm41:m0:th0) all data sent, closing connection to vm38:r0
(vm41:m0:th0) waiting for something to do...
(vm41:m0) -> 1 threads still running
(vm41:m0) waiting on semaphore
(vm41:m0) Sending exit signal to all threads
(vm41:m0:th1) got exit signal
(vm41:m0:th2) got exit signal
(vm41:m0:th3) got exit signal
(vm41:m0:th4) got exit signal
(vm41:m0:th5) got exit signal
(vm41:m0:th6) got exit signal
(vm41:m0:th7) got exit signal
(vm41:m0:th8) got exit signal
(vm41:m0:th9) got exit signal
(vm41:m0:th10) got exit signal
(vm41:m0:th11) got exit signal
(vm41:m0:th12) got exit signal
(vm41:m0:th13) got exit signal
(vm41:m0:th14) got exit signal
(vm41:m0:th15) got exit signal
(vm41:m0:th17) got exit signal
(vm41:m0:th0) got exit signal
(vm41:m0:th16) got exit signal
(vm41:m0) thread vm41:m0:th0 joined
(vm41:m0) thread vm41:m0:th1 joined
(vm41:m0) thread vm41:m0:th2 joined
(vm41:m0) thread vm41:m0:th3 joined
(vm41:m0) thread vm41:m0:th4 joined
(vm41:m0) thread vm41:m0:th5 joined
(vm41:m0) thread vm41:m0:th6 joined
(vm41:m0) thread vm41:m0:th7 joined
(vm41:m0) thread vm41:m0:th8 joined
(vm41:m0) thread vm41:m0:th9 joined
(vm41:m0) thread vm41:m0:th10 joined
(vm41:m0) thread vm41:m0:th11 joined
(vm41:m0) thread vm41:m0:th12 joined
(vm41:m0) thread vm41:m0:th13 joined
(vm41:m0) thread vm41:m0:th14 joined
(vm41:m0) thread vm41:m0:th15 joined
(vm41:m0) thread vm41:m0:th16 joined
(vm41:m0) thread vm41:m0:th17 joined
(vm41:m0) all done, exiting
*RES* start node vm41:m0
*RES* vm41:m0:th0,1406563949309,107,5,4860760
*RES* vm41:m0:th0,1406563949421,0,6,4860760
*RES* vm41:m0:th0,1406563949422,0,6,4860760
*RES* vm41:m0:th0,1406563949433,0,6,4860760
*RES* vm41:m0:th0,1406563949433,0,6,4860760
*RES* vm41:m0:th0,1406563949433,0,6,4860760
*RES* vm41:m0:th0,1406563949433,0,6,4860760
*RES* vm41:m0:th0,1406563949442,0,6,4860760
*RES* vm41:m0:th1,1406563949331,106,6,4860760
*RES* vm41:m0:th0,1406563949442,0,6,4860760
*RES* vm41:m0:th0,1406563949448,0,7,4860760
*RES* vm41:m0:th1,1406563949442,0,6,4860760
*RES* vm41:m0:th0,1406563949449,0,7,4860760
*RES* vm41:m0:th4,1406563949348,112,6,4860760
*RES* vm41:m0:th0,1406563949474,1,7,4860760
*RES* vm41:m0:th1,1406563949474,0,6,4860760
*RES* vm41:m0:th3,1406563949342,150,6,4860760
*RES* vm41:m0:th0,1406563949501,0,7,4860760
*RES* vm41:m0:th1,1406563949501,0,6,4860760
*RES* vm41:m0:th0,1406563949505,0,7,4860760
*RES* vm41:m0:th1,1406563949508,0,7,4860760
*RES* vm41:m0:th3,1406563949505,0,6,4860760
*RES* vm41:m0:th0,1406563949514,0,7,4860760
*RES* vm41:m0:th1,1406563949514,0,7,4860760
*RES* vm41:m0:th0,1406563949526,0,8,4860760
*RES* vm41:m0:th1,1406563949530,0,7,4860760
*RES* vm41:m0:th0,1406563949559,0,8,4860760
*RES* vm41:m0:th2,1406563949335,252,7,4860760
*RES* vm41:m0:th0,1406563949595,0,8,4860760
*RES* vm41:m0:th0,1406563949686,0,8,4860760
*RES* vm41:m0:th1,1406563949595,0,7,4860760
*RES* vm41:m0:th2,1406563949612,0,7,4860760
*RES* vm41:m0:th3,1406563949526,0,6,4860760
*RES* vm41:m0:th4,1406563949474,0,6,4860760
*RES* vm41:m0:th5,1406563949364,235,10,4860760
*RES* vm41:m0:th6,1406563949367,217,6,4860760
*RES* vm41:m0:th7,1406563949367,173,7,4860760
*RES* vm41:m0:th8,1406563949373,213,7,4860760
*RES* vm41:m0:th9,1406563949388,206,7,4860760
*RES* vm41:m0:th10,1406563949388,210,6,4860760
*RES* vm41:m0:th11,1406563949396,198,6,4860760
*RES* vm41:m0:th12,1406563949396,214,8,4860760
*RES* vm41:m0:th13,1406563949418,181,7,4860760
*RES* vm41:m0:th14,1406563949422,182,6,4860760
*RES* vm41:m0:th15,1406563949428,186,7,4860760
*RES* vm41:m0:th16,1406563949449,168,7,4860760
*RES* vm41:m0:th17,1406563949503,126,6,4860760
*RES* end node vm41:m0
(main) Thread vm41:m0 joined
(main) Waiting for thread vm41:r0 to join...
(vm41:r0:th2:8) Connection established with mapper vm43:m0
(vm41:r0:th2:8) Connection to vm43:m0 finished, received 24303804 bytes
(vm41:r0:th2) Got data from all mappers, this reducer connection has finished.
(vm41:r0:th1:6) Connection to vm32:m0 finished, received 19443043 bytes
(vm41:r0:th1:7) Connection established with mapper vm37:m0
(vm41:r0:th1:7) Connection to vm37:m0 finished, received 19443044 bytes
(vm41:r0:th1:8) Connection established with mapper vm42:m0
(vm41:r0:th1:8) Connection to vm42:m0 finished, received 19443045 bytes
(vm41:r0:th1:9) Connection established with mapper vm47:m0
(vm41:r0:th1:9) Connection to vm47:m0 finished, received 19443046 bytes
(vm41:r0:th1) Got data from all mappers, this reducer connection has finished.
(vm41:r0) thread th1 joined, 3 connection threads remaining
(vm41:r0) thread th2 joined, 2 connection threads remaining
(vm41:r0) thread th3 joined, 1 connection threads remaining
(vm41:r0) thread th4 joined, 0 connection threads remaining
(vm41:r0) all done, exiting
*RES* start node vm41:r0
*RES* vm41:r0:th0:0,1406563948598,233,8,4860760
*RES* vm41:r0:th0:1,1406563948831,2,9,4860761
*RES* vm41:r0:th0:2,1406563948833,384,19,9721521
*RES* vm41:r0:th0:3,1406563949217,1,19,9721522
*RES* vm41:r0:th0:4,1406563949219,14,19,9721523
*RES* vm41:r0:th0:5,1406563949233,4,20,9721524
*RES* vm41:r0:th0:6,1406563949237,373,31,14582284
*RES* vm41:r0:th0:7,1406563949610,2,31,14582285
*RES* vm41:r0:th0:8,1406563949612,1,31,14582286
*RES* vm41:r0:th0:9,1406563949612,4,31,14582287
*RES* vm41:r0:th1:0,1406563948598,9,0,1
*RES* vm41:r0:th1:1,1406563948608,224,9,4860761
*RES* vm41:r0:th1:2,1406563948832,19,10,4860762
*RES* vm41:r0:th1:3,1406563948852,216,18,9721522
*RES* vm41:r0:th1:4,1406563949069,257,28,14582282
*RES* vm41:r0:th1:5,1406563949326,4,28,14582283
*RES* vm41:r0:th1:6,1406563949330,361,39,19443043
*RES* vm41:r0:th1:7,1406563949690,1,40,19443044
*RES* vm41:r0:th1:8,1406563949692,2,40,19443045
*RES* vm41:r0:th1:9,1406563949693,1,40,19443046
*RES* vm41:r0:th2:0,1406563948598,10,0,1
*RES* vm41:r0:th2:1,1406563948608,113,7,4860761
*RES* vm41:r0:th2:2,1406563948721,111,15,9721521
*RES* vm41:r0:th2:3,1406563948832,106,23,14582281
*RES* vm41:r0:th2:4,1406563948938,422,41,19443041
*RES* vm41:r0:th2:5,1406563949360,5,41,19443042
*RES* vm41:r0:th2:6,1406563949365,2,42,19443043
*RES* vm41:r0:th2:7,1406563949367,317,54,24303803
*RES* vm41:r0:th2:8,1406563949685,4,54,24303804
*RES* vm41:r0:th3:0,1406563948598,411,9,4860760
*RES* vm41:r0:th3:1,1406563949009,3,10,4860761
*RES* vm41:r0:th3:2,1406563949012,11,10,4860762
*RES* vm41:r0:th3:3,1406563949023,2,10,4860763
*RES* vm41:r0:th3:4,1406563949026,15,10,4860764
*RES* vm41:r0:th3:5,1406563949040,489,25,9721524
*RES* vm41:r0:th3:6,1406563949530,12,25,9721525
*RES* vm41:r0:th3:7,1406563949541,10,26,9721526
*RES* vm41:r0:th3:8,1406563949551,5,26,9721527
*RES* vm41:r0:th4:0,1406563948598,403,10,4860760
*RES* vm41:r0:th4:1,1406563949001,11,10,4860761
*RES* vm41:r0:th4:2,1406563949013,9,10,4860762
*RES* vm41:r0:th4:3,1406563949023,86,18,9721522
*RES* vm41:r0:th4:4,1406563949108,3,18,9721523
*RES* vm41:r0:th4:5,1406563949111,200,27,14582283
*RES* vm41:r0:th4:6,1406563949311,12,27,14582284
*RES* vm41:r0:th4:7,1406563949324,329,40,19443044
*RES* vm41:r0:th4:8,1406563949652,2,40,19443045
*RES* end node vm41:r0
(main) Thread vm41:r0 joined
Worker terminating correctly
