OSMeF worker starting
Enabling core dumping
Listening for command connection
(vm32:m0) New mapper on port 23330
(vm32:m0) -> reducer data size 897560512
(vm32:m0) -> reducer data size 897560512
(vm32:m0) -> reducer data size 897560512
(vm32:m0) -> reducer data size 897560512
(vm32:m0) -> reducer data size 897560512
(vm32:m0) -> reducer data size 897560512
(vm32:m0) -> reducer data size 897560512
(vm32:m0) -> reducer data size 897560512
(vm32:m0) -> reducer data size 897560512
(vm32:m0) -> reducer data size 897560512
(vm32:m0) -> reducer data size 897560512
(vm32:m0) -> reducer data size 897560512
(vm32:m0) -> reducer data size 897560512
(vm32:m0) -> reducer data size 897560512
(vm32:m0) -> reducer data size 897560512
(vm32:m0) -> reducer data size 897560512
(vm32:m0) -> reducer data size 897560512
(vm32:m0) -> reducer data size 897560512
(vm32:m0) -> reducer data size 897560512
(vm32:m0) -> reducer data size 897560512
(vm32:m0) -> reducer data size 897560512
(vm32:m0) -> reducer data size 897560512
(vm32:m0) -> reducer data size 897560512
(vm32:m0) -> reducer data size 897560512
(vm32:m0) -> reducer data size 897560512
(vm32:m0) -> reducer data size 897560512
(vm32:m0) -> reducer data size 897560512
(vm32:m0) -> reducer data size 897560512
(vm32:m0) -> reducer data size 897560512
(vm32:m0) -> reducer data size 897560512
(vm32:m0) -> reducer data size 897560512
(vm32:m0) -> reducer data size 897560512
(vm32:m0) -> reducer data size 897560512
(vm32:m0) -> reducer data size 897560512
(vm32:m0) -> reducer data size 897560512
(vm32:m0) Mapper thread started
(vm32:m0) Allocating data for reducer vm1:r0
(vm32:m0) Allocating data for reducer vm2:r0
(vm32:m0) Allocating data for reducer vm3:r0
(vm32:m0) Allocating data for reducer vm4:r0
(vm32:m0) Allocating data for reducer vm5:r0
(vm32:m0) Allocating data for reducer vm6:r0
(vm32:m0) Allocating data for reducer vm7:r0
(vm32:m0) Allocating data for reducer vm8:r0
(vm32:m0) Allocating data for reducer vm9:r0
(vm32:m0) Allocating data for reducer vm10:r0
(vm32:m0) Allocating data for reducer vm11:r0
(vm32:m0) Allocating data for reducer vm12:r0
(vm32:m0) Allocating data for reducer vm13:r0
(vm32:m0) Allocating data for reducer vm14:r0
(vm32:m0) Allocating data for reducer vm15:r0
(vm32:m0) Allocating data for reducer vm16:r0
(vm32:m0) Allocating data for reducer vm17:r0
(vm32:m0) Allocating data for reducer vm18:r0
(vm32:m0) Allocating data for reducer vm19:r0
(vm32:m0) Allocating data for reducer vm20:r0
(vm32:m0) Allocating data for reducer vm21:r0
(vm32:m0) Allocating data for reducer vm22:r0
(vm32:m0) Allocating data for reducer vm23:r0
(vm32:m0) Allocating data for reducer vm24:r0
(vm32:m0) Allocating data for reducer vm25:r0
(vm32:m0) Allocating data for reducer vm26:r0
(vm32:m0) Allocating data for reducer vm27:r0
(vm32:m0) Allocating data for reducer vm28:r0
(vm32:m0) Allocating data for reducer vm29:r0
(vm32:m0) Allocating data for reducer vm30:r0
(vm32:m0) Allocating data for reducer vm31:r0
(vm32:m0) Allocating data for reducer vm32:r0
(vm32:m0) Allocating data for reducer vm33:r0
(vm32:m0) Allocating data for reducer vm34:r0
(vm32:m0) Allocating data for reducer vm35:r0
(vm32:m0) Binding to port 23330
(vm32:r0) New reducer
(vm32:r0) Reducer thread started
(vm32:r0) waiting for START message
(vm32:r0) got START message
(vm32:r0) Starting new connection thread
(vm32:r0) Starting new connection thread
(vm32:r0) Starting new connection thread
(vm32:r0) Starting new connection thread
(vm32:r0) Starting new connection thread
(vm32:r0) Maximum number of connections reached (5), waiting for a thread to finish
(vm32:r0:4) Connection established
(vm32:r0:0) Connection established
(vm32:r0:2) Connection established
(vm32:r0:3) Connection established
(vm32:r0:1) Connection established
(vm32:r0:3) Connection finished, received 897560513 bytes
(vm32:r0:2) Connection finished, received 897560513 bytes
(vm32:r0:0) Connection finished, received 897560513 bytes
(vm32:r0) thread 0 joined, 34 connections remaining
(vm32:r0) Starting new connection thread
(vm32:r0) Maximum number of connections reached (5), waiting for a thread to finish
(vm32:r0:0) Connection established
(vm32:r0:1) Connection finished, received 897560513 bytes
(vm32:r0:4) Connection finished, received 897560513 bytes
(vm32:r0:0) Connection finished, received 897560513 bytes
(vm32:r0) thread 0 joined, 33 connections remaining
(vm32:r0) Starting new connection thread
(vm32:r0) Maximum number of connections reached (5), waiting for a thread to finish
(vm32:r0:0) Connection established
(vm32:r0:0) Connection finished, received 897560513 bytes
(vm32:r0) thread 0 joined, 32 connections remaining
(vm32:r0) Starting new connection thread
(vm32:r0) Maximum number of connections reached (5), waiting for a thread to finish
(vm32:r0:0) Connection established
(vm32:r0:0) Connection finished, received 897560513 bytes
(vm32:r0) thread 0 joined, 31 connections remaining
(vm32:r0) Starting new connection thread
(vm32:r0) Maximum number of connections reached (5), waiting for a thread to finish
(vm32:r0:0) Connection established
(vm32:r0:0) Connection finished, received 897560513 bytes
(vm32:r0) thread 0 joined, 30 connections remaining
(vm32:r0) Starting new connection thread
(vm32:r0) Maximum number of connections reached (5), waiting for a thread to finish
(vm32:r0:0) Connection established
(vm32:r0:0) Connection finished, received 897560513 bytes
(vm32:r0) thread 0 joined, 29 connections remaining
(vm32:r0) Starting new connection thread
(vm32:r0) Maximum number of connections reached (5), waiting for a thread to finish
(vm32:r0:0) Connection established
(vm32:r0:0) Connection finished, received 897560513 bytes
(vm32:r0) thread 0 joined, 28 connections remaining
(vm32:r0) Starting new connection thread
(vm32:r0) Maximum number of connections reached (5), waiting for a thread to finish
(vm32:r0:0) Connection established
(vm32:r0:0) Connection finished, received 897560513 bytes
(vm32:r0) thread 0 joined, 27 connections remaining
(vm32:r0) Starting new connection thread
(vm32:r0) Maximum number of connections reached (5), waiting for a thread to finish
(vm32:r0:0) Connection established
(vm32:r0:0) Connection finished, received 897560513 bytes
(vm32:r0) thread 0 joined, 26 connections remaining
(vm32:r0) Starting new connection thread
(vm32:r0) Maximum number of connections reached (5), waiting for a thread to finish
(vm32:r0:0) Connection established
(vm32:r0:0) Connection finished, received 897560513 bytes
(vm32:r0) thread 0 joined, 25 connections remaining
(vm32:r0) Starting new connection thread
(vm32:r0) Maximum number of connections reached (5), waiting for a thread to finish
(vm32:r0:0) Connection established
(vm32:m0) Got connection from reducer vm1:r0
(vm32:m0:0) thread started, have to send 897560512 bytes
(vm32:m0:0) all data sent, thread exiting
(vm32:r0:0) Connection finished, received 897560513 bytes
(vm32:r0) thread 0 joined, 24 connections remaining
(vm32:r0) Starting new connection thread
(vm32:r0) Maximum number of connections reached (5), waiting for a thread to finish
(vm32:r0:0) Connection established
(vm32:m0) Got connection from reducer vm25:r0
(vm32:m0:24) thread started, have to send 897560512 bytes
(vm32:r0:0) Connection finished, received 897560513 bytes
(vm32:r0) thread 0 joined, 23 connections remaining
(vm32:r0) Starting new connection thread
(vm32:r0) Maximum number of connections reached (5), waiting for a thread to finish
(vm32:r0:0) Connection established
(vm32:m0:24) all data sent, thread exiting
(vm32:r0:0) Connection finished, received 897560513 bytes
(vm32:r0) thread 0 joined, 22 connections remaining
(vm32:r0) Starting new connection thread
(vm32:r0) Maximum number of connections reached (5), waiting for a thread to finish
(vm32:r0:0) Connection established
(vm32:m0) Got connection from reducer vm19:r0
(vm32:m0:18) thread started, have to send 897560512 bytes
(vm32:r0:0) Connection finished, received 897560513 bytes
(vm32:r0) thread 0 joined, 21 connections remaining
(vm32:r0) Starting new connection thread
(vm32:r0) Maximum number of connections reached (5), waiting for a thread to finish
(vm32:r0:0) Connection established
(vm32:m0:18) all data sent, thread exiting
(vm32:r0:0) Connection finished, received 897560513 bytes
(vm32:r0) thread 0 joined, 20 connections remaining
(vm32:r0) Starting new connection thread
(vm32:r0) Maximum number of connections reached (5), waiting for a thread to finish
(vm32:r0:0) Connection established
(vm32:r0:0) Connection finished, received 897560513 bytes
(vm32:r0) thread 0 joined, 19 connections remaining
(vm32:r0) Starting new connection thread
(vm32:r0) Maximum number of connections reached (5), waiting for a thread to finish
(vm32:r0:0) Connection established
(vm32:m0) Got connection from reducer vm6:r0
(vm32:m0:5) thread started, have to send 897560512 bytes
(vm32:r0:0) Connection finished, received 897560513 bytes
(vm32:r0) thread 0 joined, 18 connections remaining
(vm32:r0) Starting new connection thread
(vm32:r0) Maximum number of connections reached (5), waiting for a thread to finish
(vm32:r0:0) Connection established
(vm32:m0:5) all data sent, thread exiting
(vm32:m0) Got connection from reducer vm12:r0
(vm32:m0:11) thread started, have to send 897560512 bytes
(vm32:r0:0) Connection finished, received 897560513 bytes
(vm32:r0) thread 0 joined, 17 connections remaining
(vm32:r0) Starting new connection thread
(vm32:r0) Maximum number of connections reached (5), waiting for a thread to finish
(vm32:r0:0) Connection established
(vm32:m0:11) all data sent, thread exiting
(vm32:r0:0) Connection finished, received 897560513 bytes
(vm32:r0) thread 0 joined, 16 connections remaining
(vm32:r0) Starting new connection thread
(vm32:r0) Maximum number of connections reached (5), waiting for a thread to finish
(vm32:r0:0) Connection established
(vm32:r0:0) Connection finished, received 897560513 bytes
(vm32:r0) thread 0 joined, 15 connections remaining
(vm32:r0) Starting new connection thread
(vm32:r0) Maximum number of connections reached (5), waiting for a thread to finish
(vm32:r0:0) Connection established
(vm32:r0:0) Connection finished, received 897560513 bytes
(vm32:r0) thread 0 joined, 14 connections remaining
(vm32:r0) Starting new connection thread
(vm32:r0) Maximum number of connections reached (5), waiting for a thread to finish
(vm32:r0:0) Connection established
(vm32:r0:0) Connection finished, received 897560513 bytes
(vm32:r0) thread 0 joined, 13 connections remaining
(vm32:r0) Starting new connection thread
(vm32:r0) Maximum number of connections reached (5), waiting for a thread to finish
(vm32:r0:0) Connection established
(vm32:m0) Got connection from reducer vm30:r0
(vm32:m0:29) thread started, have to send 897560512 bytes
(vm32:r0:0) Connection finished, received 897560513 bytes
(vm32:r0) thread 0 joined, 12 connections remaining
(vm32:r0) Starting new connection thread
(vm32:r0) Maximum number of connections reached (5), waiting for a thread to finish
(vm32:r0:0) Connection established
(vm32:m0) Got connection from reducer vm21:r0
(vm32:m0:20) thread started, have to send 897560512 bytes
(vm32:m0:29) all data sent, thread exiting
(vm32:m0) Got connection from reducer vm11:r0
(vm32:m0:10) thread started, have to send 897560512 bytes
(vm32:r0:0) Connection finished, received 897560513 bytes
(vm32:r0) thread 0 joined, 11 connections remaining
(vm32:r0) Starting new connection thread
(vm32:r0) Maximum number of connections reached (5), waiting for a thread to finish
(vm32:r0:0) Connection established
(vm32:m0:20) all data sent, thread exiting
(vm32:m0:10) all data sent, thread exiting
(vm32:m0) Got connection from reducer vm9:r0
(vm32:m0:8) thread started, have to send 897560512 bytes
(vm32:m0) Got connection from reducer vm27:r0
(vm32:m0:26) thread started, have to send 897560512 bytes
(vm32:r0:0) Connection finished, received 897560513 bytes
(vm32:r0) thread 0 joined, 10 connections remaining
(vm32:r0) Starting new connection thread
(vm32:r0) Maximum number of connections reached (5), waiting for a thread to finish
(vm32:r0:0) Connection established
(vm32:r0:0) Connection finished, received 897560513 bytes
(vm32:r0) thread 0 joined, 9 connections remaining
(vm32:r0) Starting new connection thread
(vm32:r0) Maximum number of connections reached (5), waiting for a thread to finish
(vm32:r0:0) Connection established
(vm32:m0:26) all data sent, thread exiting
(vm32:m0:8) all data sent, thread exiting
(vm32:m0) Got connection from reducer vm31:r0
(vm32:m0:30) thread started, have to send 897560512 bytes
(vm32:r0:0) Connection finished, received 897560513 bytes
(vm32:r0) thread 0 joined, 8 connections remaining
(vm32:r0) Starting new connection thread
(vm32:r0) Maximum number of connections reached (5), waiting for a thread to finish
(vm32:r0:0) Connection established
(vm32:m0) Got connection from reducer vm32:r0
(vm32:m0:31) thread started, have to send 897560512 bytes
(vm32:m0) Got connection from reducer vm35:r0
(vm32:m0:34) thread started, have to send 897560512 bytes
(vm32:m0:31) all data sent, thread exiting
(vm32:r0:0) Connection finished, received 897560513 bytes
(vm32:r0) thread 0 joined, 7 connections remaining
(vm32:r0) Starting new connection thread
(vm32:r0) Maximum number of connections reached (5), waiting for a thread to finish
(vm32:r0:0) Connection established
(vm32:m0:30) all data sent, thread exiting
(vm32:m0) Got connection from reducer vm33:r0
(vm32:m0:32) thread started, have to send 897560512 bytes
(vm32:m0:34) all data sent, thread exiting
(vm32:r0:0) Connection finished, received 897560513 bytes
(vm32:r0) thread 0 joined, 6 connections remaining
(vm32:r0) Starting new connection thread
(vm32:r0) Maximum number of connections reached (5), waiting for a thread to finish
(vm32:r0:0) Connection established
(vm32:m0) Got connection from reducer vm15:r0
(vm32:m0:14) thread started, have to send 897560512 bytes
(vm32:m0) Got connection from reducer vm7:r0
(vm32:m0:6) thread started, have to send 897560512 bytes
(vm32:m0) Got connection from reducer vm10:r0
(vm32:m0:9) thread started, have to send 897560512 bytes
(vm32:m0:32) all data sent, thread exiting
(vm32:r0:0) Connection finished, received 897560513 bytes
(vm32:r0) thread 0 joined, 5 connections remaining
(vm32:r0) Starting new connection thread
(vm32:r0) Maximum number of connections reached (5), waiting for a thread to finish
(vm32:r0:0) Connection established
(vm32:m0:14) all data sent, thread exiting
(vm32:m0) Got connection from reducer vm4:r0
(vm32:m0:3) thread started, have to send 897560512 bytes
(vm32:m0:6) all data sent, thread exiting
(vm32:m0:9) all data sent, thread exiting
(vm32:r0:0) Connection finished, received 897560513 bytes
(vm32:r0) thread 0 joined, 4 connections remaining
(vm32:r0) Maximum number of connections reached (4), waiting for a thread to finish
(vm32:r0) thread 1 joined, 3 connections remaining
(vm32:r0) Maximum number of connections reached (3), waiting for a thread to finish
(vm32:r0) thread 2 joined, 2 connections remaining
(vm32:r0) Maximum number of connections reached (2), waiting for a thread to finish
(vm32:r0) thread 3 joined, 1 connections remaining
(vm32:r0) Maximum number of connections reached (1), waiting for a thread to finish
(vm32:r0) thread 4 joined, 0 connections remaining
(vm32:r0) all done, exiting
(vm32:m0:3) all data sent, thread exiting
(vm32:m0) Got connection from reducer vm22:r0
(vm32:m0:21) thread started, have to send 897560512 bytes
(vm32:m0) Got connection from reducer vm26:r0
(vm32:m0:25) thread started, have to send 897560512 bytes
(vm32:m0) Got connection from reducer vm8:r0
(vm32:m0:7) thread started, have to send 897560512 bytes
(vm32:m0) Got connection from reducer vm17:r0
(vm32:m0:21) all data sent, thread exiting
(vm32:m0:16) thread started, have to send 897560512 bytes
(vm32:m0) Got connection from reducer vm34:r0
(vm32:m0:33) thread started, have to send 897560512 bytes
(vm32:m0:25) all data sent, thread exiting
(vm32:m0) Got connection from reducer vm16:r0
(vm32:m0:15) thread started, have to send 897560512 bytes
(vm32:m0:7) all data sent, thread exiting
(vm32:m0:16) all data sent, thread exiting
(vm32:m0:33) all data sent, thread exiting
(vm32:m0) Got connection from reducer vm2:r0
(vm32:m0:1) thread started, have to send 897560512 bytes
(vm32:m0:15) all data sent, thread exiting
(vm32:m0:1) all data sent, thread exiting
(vm32:m0) Got connection from reducer vm29:r0
(vm32:m0:28) thread started, have to send 897560512 bytes
(vm32:m0) Got connection from reducer vm28:r0
(vm32:m0:27) thread started, have to send 897560512 bytes
(vm32:m0:28) all data sent, thread exiting
(vm32:m0:27) all data sent, thread exiting
(vm32:m0) Got connection from reducer vm14:r0
(vm32:m0:13) thread started, have to send 897560512 bytes
(vm32:m0) Got connection from reducer vm13:r0
(vm32:m0:12) thread started, have to send 897560512 bytes
(vm32:m0) Got connection from reducer vm24:r0
(vm32:m0:23) thread started, have to send 897560512 bytes
(vm32:m0) Got connection from reducer vm20:r0
(vm32:m0:19) thread started, have to send 897560512 bytes
(vm32:m0) Got connection from reducer vm23:r0
(vm32:m0:22) thread started, have to send 897560512 bytes
(vm32:m0:13) all data sent, thread exiting
(vm32:m0:12) all data sent, thread exiting
(vm32:m0:23) all data sent, thread exiting
(vm32:m0:19) all data sent, thread exiting
(vm32:m0:22) all data sent, thread exiting
(vm32:m0) Got connection from reducer vm5:r0
(vm32:m0:4) thread started, have to send 897560512 bytes
(vm32:m0) Got connection from reducer vm18:r0
(vm32:m0:17) thread started, have to send 897560512 bytes
(vm32:m0:4) all data sent, thread exiting
(vm32:m0) Got connection from reducer vm3:r0
(vm32:m0) Waiting for a thread to finish
(vm32:m0) thread 0 joined, 34 connections remaining
(vm32:m0) Waiting for a thread to finish
(vm32:m0) thread 1 joined, 33 connections remaining
(vm32:m0) Waiting for a thread to finish
(vm32:m0:2) thread started, have to send 897560512 bytes
(vm32:m0:17) all data sent, thread exiting
(vm32:m0:2) all data sent, thread exiting
(vm32:m0) thread 2 joined, 32 connections remaining
(vm32:m0) Waiting for a thread to finish
(vm32:m0) thread 3 joined, 31 connections remaining
(vm32:m0) Waiting for a thread to finish
(vm32:m0) thread 4 joined, 30 connections remaining
(vm32:m0) Waiting for a thread to finish
(vm32:m0) thread 5 joined, 29 connections remaining
(vm32:m0) Waiting for a thread to finish
(vm32:m0) thread 6 joined, 28 connections remaining
(vm32:m0) Waiting for a thread to finish
(vm32:m0) thread 7 joined, 27 connections remaining
(vm32:m0) Waiting for a thread to finish
(vm32:m0) thread 8 joined, 26 connections remaining
(vm32:m0) Waiting for a thread to finish
(vm32:m0) thread 9 joined, 25 connections remaining
(vm32:m0) Waiting for a thread to finish
(vm32:m0) thread 10 joined, 24 connections remaining
(vm32:m0) Waiting for a thread to finish
(vm32:m0) thread 11 joined, 23 connections remaining
(vm32:m0) Waiting for a thread to finish
(vm32:m0) thread 12 joined, 22 connections remaining
(vm32:m0) Waiting for a thread to finish
(vm32:m0) thread 13 joined, 21 connections remaining
(vm32:m0) Waiting for a thread to finish
(vm32:m0) thread 14 joined, 20 connections remaining
(vm32:m0) Waiting for a thread to finish
(vm32:m0) thread 15 joined, 19 connections remaining
(vm32:m0) Waiting for a thread to finish
(vm32:m0) thread 16 joined, 18 connections remaining
(vm32:m0) Waiting for a thread to finish
(vm32:m0) thread 17 joined, 17 connections remaining
(vm32:m0) Waiting for a thread to finish
(vm32:m0) thread 18 joined, 16 connections remaining
(vm32:m0) Waiting for a thread to finish
(vm32:m0) thread 19 joined, 15 connections remaining
(vm32:m0) Waiting for a thread to finish
(vm32:m0) thread 20 joined, 14 connections remaining
(vm32:m0) Waiting for a thread to finish
(vm32:m0) thread 21 joined, 13 connections remaining
(vm32:m0) Waiting for a thread to finish
(vm32:m0) thread 22 joined, 12 connections remaining
(vm32:m0) Waiting for a thread to finish
(vm32:m0) thread 23 joined, 11 connections remaining
(vm32:m0) Waiting for a thread to finish
(vm32:m0) thread 24 joined, 10 connections remaining
(vm32:m0) Waiting for a thread to finish
(vm32:m0) thread 25 joined, 9 connections remaining
(vm32:m0) Waiting for a thread to finish
(vm32:m0) thread 26 joined, 8 connections remaining
(vm32:m0) Waiting for a thread to finish
(vm32:m0) thread 27 joined, 7 connections remaining
(vm32:m0) Waiting for a thread to finish
(vm32:m0) thread 28 joined, 6 connections remaining
(vm32:m0) Waiting for a thread to finish
(vm32:m0) thread 29 joined, 5 connections remaining
(vm32:m0) Waiting for a thread to finish
(vm32:m0) thread 30 joined, 4 connections remaining
(vm32:m0) Waiting for a thread to finish
(vm32:m0) thread 31 joined, 3 connections remaining
(vm32:m0) Waiting for a thread to finish
(vm32:m0) thread 32 joined, 2 connections remaining
(vm32:m0) Waiting for a thread to finish
(vm32:m0) thread 33 joined, 1 connections remaining
(vm32:m0) Waiting for a thread to finish
(vm32:m0) thread 34 joined, 0 connections remaining
(vm32:m0) all done, exiting
*RES* start node vm32:m0
*RES* vm32:m0:0,1405706885614,6163,1878,897560513
*RES* vm32:m0:1,1405707043741,1745,751,897560513
*RES* vm32:m0:2,1405707060898,1815,596,897560513
*RES* vm32:m0:3,1405707029110,4657,971,897560513
*RES* vm32:m0:4,1405707059717,996,586,897560513
*RES* vm32:m0:5,1405706941543,6221,2288,897560513
*RES* vm32:m0:6,1405707026578,4806,850,897560513
*RES* vm32:m0:7,1405707039302,2949,784,897560513
*RES* vm32:m0:8,1405707002476,7667,1798,897560513
*RES* vm32:m0:9,1405707027681,4476,911,897560513
*RES* vm32:m0:10,1405706994911,7146,1952,897560513
*RES* vm32:m0:11,1405706954603,5851,2134,897560513
*RES* vm32:m0:12,1405707051737,3686,772,897560513
*RES* vm32:m0:13,1405707051368,3163,762,897560513
*RES* vm32:m0:14,1405707025034,3516,741,897560513
*RES* vm32:m0:15,1405707041802,2363,755,897560513
*RES* vm32:m0:16,1405707040074,2879,793,897560513
*RES* vm32:m0:17,1405707060695,1819,660,897560513
*RES* vm32:m0:18,1405706915818,7398,1148,897560513
*RES* vm32:m0:19,1405707051852,3717,822,897560513
*RES* vm32:m0:20,1405706989883,8979,1070,897560513
*RES* vm32:m0:21,1405707037164,2906,803,897560513
*RES* vm32:m0:22,1405707052108,3533,810,897560513
*RES* vm32:m0:23,1405707051829,3606,763,897560513
*RES* vm32:m0:24,1405706902401,5844,1652,897560513
*RES* vm32:m0:25,1405707037946,3055,842,897560513
*RES* vm32:m0:26,1405707002583,7554,1341,897560513
*RES* vm32:m0:27,1405707047827,2083,736,897560513
*RES* vm32:m0:28,1405707047304,1793,804,897560513
*RES* vm32:m0:29,1405706986646,6393,1026,897560513
*RES* vm32:m0:30,1405707015724,6503,1224,897560513
*RES* vm32:m0:31,1405707017326,2205,236,897560513
*RES* vm32:m0:32,1405707023230,4592,784,897560513
*RES* vm32:m0:33,1405707040594,3023,734,897560513
*RES* vm32:m0:34,1405707018799,5557,1153,897560513
*RES* end node vm32:m0
Node vm32:m0 joined
*RES* start node vm32:r0
*RES* vm32:r0:0,1405706707768,30628,861,897560513
*RES* vm32:r0:0,1405706738402,52564,853,897560513
*RES* vm32:r0:0,1405706790974,25448,786,897560513
*RES* vm32:r0:0,1405706816426,8166,1494,897560513
*RES* vm32:r0:0,1405706824598,10128,1184,897560513
*RES* vm32:r0:0,1405706834730,7174,1398,897560513
*RES* vm32:r0:0,1405706841910,8823,1538,897560513
*RES* vm32:r0:0,1405706850745,14642,1151,897560513
*RES* vm32:r0:0,1405706865394,8222,1561,897560513
*RES* vm32:r0:0,1405706873622,10991,1633,897560513
*RES* vm32:r0:0,1405706884618,8769,1285,897560513
*RES* vm32:r0:0,1405706893394,9009,1459,897560513
*RES* vm32:r0:0,1405706902408,10581,1323,897560513
*RES* vm32:r0:0,1405706912994,8680,1532,897560513
*RES* vm32:r0:0,1405706921678,9162,1870,897560513
*RES* vm32:r0:0,1405706930846,9064,1864,897560513
*RES* vm32:r0:0,1405706939914,7711,1693,897560513
*RES* vm32:r0:0,1405706947634,10194,1713,897560513
*RES* vm32:r0:0,1405706957838,7886,1437,897560513
*RES* vm32:r0:0,1405706965730,4699,1349,897560513
*RES* vm32:r0:0,1405706970434,6268,2407,897560513
*RES* vm32:r0:0,1405706976710,6893,1510,897560513
*RES* vm32:r0:0,1405706983610,6034,1494,897560513
*RES* vm32:r0:0,1405706989650,6221,1207,897560513
*RES* vm32:r0:0,1405706995881,6714,1641,897560513
*RES* vm32:r0:0,1405707002602,7513,1413,897560513
*RES* vm32:r0:0,1405707010126,7181,1704,897560513
*RES* vm32:r0:0,1405707017326,2215,679,897560513
*RES* vm32:r0:0,1405707019567,4995,1289,897560513
*RES* vm32:r0:0,1405707024570,3878,726,897560513
*RES* vm32:r0:0,1405707028469,5292,947,897560513
*RES* vm32:r0:1,1405706707768,33608,910,897560513
*RES* vm32:r0:2,1405706707768,27565,892,897560513
*RES* vm32:r0:3,1405706707768,26931,876,897560513
*RES* vm32:r0:4,1405706707768,33829,880,897560513
*RES* end node vm32:r0
Node vm32:r0 joined
Worker terminating correctly
