OSMeF worker starting
Enabling core dumping
Listening for command connection
(vm7:m0) New mapper on port 23330
(vm7:m0) -> reducer data size 9086872956
(vm7:m0) -> reducer data size 9086872956
(vm7:m0) -> reducer data size 9086872956
(vm7:m0) -> reducer data size 9086872956
(vm7:m0) -> reducer data size 9086872956
(vm7:m0) -> reducer data size 9086872956
(vm7:m0) -> reducer data size 9086872956
(vm7:m0) -> reducer data size 9086872956
(vm7:m0) -> reducer data size 9086872956
(vm7:m0) -> reducer data size 9086872956
(vm7:m0) -> reducer data size 9086872956
(vm7:m0) Mapper thread started
(vm7:m0) Allocating data for reducer vm1:r0
(vm7:m0) Allocating data for reducer vm2:r0
(vm7:m0) Allocating data for reducer vm3:r0
(vm7:m0) Allocating data for reducer vm4:r0
(vm7:m0) Allocating data for reducer vm5:r0
(vm7:m0) Allocating data for reducer vm6:r0
(vm7:m0) Allocating data for reducer vm7:r0
(vm7:m0) Allocating data for reducer vm8:r0
(vm7:m0) Allocating data for reducer vm9:r0
(vm7:m0) Allocating data for reducer vm10:r0
(vm7:m0) Allocating data for reducer vm11:r0
(vm7:m0) Binding to port 23330
(vm7:r0) New reducer
(vm7:r0) Reducer thread started
(vm7:r0) waiting for START message
(vm7:r0) got START message
(vm7:r0) Starting new connection thread
(vm7:r0) Starting new connection thread
(vm7:r0) Starting new connection thread
(vm7:r0) Starting new connection thread
(vm7:r0) Starting new connection thread
(vm7:r0) Maximum number of connections reached (5), waiting for a thread to finish
(vm7:r0:2) Connection established
(vm7:r0:4) Connection established
(vm7:r0:1) Connection established
(vm7:r0:0) Connection established
(vm7:r0:3) Connection established
(vm7:r0:3) Connection finished, received 9086872957 bytes
(vm7:r0:2) Connection finished, received 9086872957 bytes
(vm7:r0:0) Connection finished, received 9086872957 bytes
(vm7:r0) thread 0 joined, 10 connections remaining
(vm7:r0) Starting new connection thread
(vm7:r0) Maximum number of connections reached (5), waiting for a thread to finish
(vm7:r0:0) Connection established
(vm7:r0:1) Connection finished, received 9086872957 bytes
(vm7:r0:4) Connection finished, received 9086872957 bytes
(vm7:m0) Got connection from reducer vm6:r0
(vm7:m0:5) thread started, have to send 9086872956 bytes
(vm7:m0) Got connection from reducer vm1:r0
(vm7:m0:0) thread started, have to send 9086872956 bytes
(vm7:m0:0) all data sent, thread exiting
(vm7:m0) Got connection from reducer vm2:r0
(vm7:m0:1) thread started, have to send 9086872956 bytes
(vm7:m0) Got connection from reducer vm10:r0
(vm7:m0:9) thread started, have to send 9086872956 bytes
(vm7:r0:0) Connection finished, received 9086872957 bytes
(vm7:r0) thread 0 joined, 9 connections remaining
(vm7:r0) Starting new connection thread
(vm7:r0) Maximum number of connections reached (5), waiting for a thread to finish
(vm7:m0) Got connection from reducer vm11:r0
(vm7:m0:10) thread started, have to send 9086872956 bytes
(vm7:r0:0) Connection established
(vm7:m0) Got connection from reducer vm7:r0
(vm7:m0:6) thread started, have to send 9086872956 bytes
(vm7:m0) Got connection from reducer vm8:r0
(vm7:m0) Got connection from reducer vm5:r0
(vm7:m0:7) thread started, have to send 9086872956 bytes
(vm7:m0:4) thread started, have to send 9086872956 bytes
(vm7:m0) Got connection from reducer vm9:r0
(vm7:m0:8) thread started, have to send 9086872956 bytes
(vm7:m0) Got connection from reducer vm4:r0
(vm7:m0:3) thread started, have to send 9086872956 bytes
(vm7:m0) Got connection from reducer vm3:r0
(vm7:m0) Waiting for a thread to finish
(vm7:m0) thread 0 joined, 10 connections remaining
(vm7:m0) Waiting for a thread to finish
(vm7:m0:2) thread started, have to send 9086872956 bytes
(vm7:m0:5) all data sent, thread exiting
(vm7:r0:0) Connection finished, received 9086872957 bytes
(vm7:m0:6) all data sent, thread exiting
(vm7:r0) thread 0 joined, 8 connections remaining
(vm7:r0) Starting new connection thread
(vm7:r0) Maximum number of connections reached (5), waiting for a thread to finish
(vm7:r0:0) Connection established
(vm7:m0:1) all data sent, thread exiting
(vm7:m0) thread 1 joined, 9 connections remaining
(vm7:m0) Waiting for a thread to finish
(vm7:m0:9) all data sent, thread exiting
(vm7:m0:8) all data sent, thread exiting
(vm7:m0:10) all data sent, thread exiting
(vm7:m0:7) all data sent, thread exiting
(vm7:m0:4) all data sent, thread exiting
(vm7:m0:2) all data sent, thread exiting
(vm7:m0) thread 2 joined, 8 connections remaining
(vm7:m0) Waiting for a thread to finish
(vm7:m0:3) all data sent, thread exiting
(vm7:m0) thread 3 joined, 7 connections remaining
(vm7:m0) Waiting for a thread to finish
(vm7:m0) thread 4 joined, 6 connections remaining
(vm7:m0) Waiting for a thread to finish
(vm7:m0) thread 5 joined, 5 connections remaining
(vm7:m0) Waiting for a thread to finish
(vm7:m0) thread 6 joined, 4 connections remaining
(vm7:m0) Waiting for a thread to finish
(vm7:m0) thread 7 joined, 3 connections remaining
(vm7:m0) Waiting for a thread to finish
(vm7:m0) thread 8 joined, 2 connections remaining
(vm7:m0) Waiting for a thread to finish
(vm7:m0) thread 9 joined, 1 connections remaining
(vm7:m0) Waiting for a thread to finish
(vm7:m0) thread 10 joined, 0 connections remaining
(vm7:m0) all done, exiting
*RES* start node vm7:m0
*RES* vm7:m0:0,1403722922867,19703,7732,9086872957
*RES* vm7:m0:1,1403722954691,74188,6915,9086872957
*RES* vm7:m0:2,1403722957867,75213,6706,9086872957
*RES* vm7:m0:3,1403722957231,75894,6778,9086872957
*RES* vm7:m0:4,1403722956315,76753,6854,9086872957
*RES* vm7:m0:5,1403722916979,70202,6869,9086872957
*RES* vm7:m0:6,1403722956023,32388,2730,9086872957
*RES* vm7:m0:7,1403722956313,76029,6731,9086872957
*RES* vm7:m0:8,1403722956583,75317,6641,9086872957
*RES* vm7:m0:9,1403722955964,75600,6689,9086872957
*RES* vm7:m0:10,1403722956019,76188,6748,9086872957
*RES* end node vm7:m0
Node vm7:m0 joined
(vm7:r0:0) Connection finished, received 9086872957 bytes
(vm7:r0) thread 0 joined, 7 connections remaining
(vm7:r0) Starting new connection thread
(vm7:r0) Maximum number of connections reached (5), waiting for a thread to finish
(vm7:r0:0) Connection established
(vm7:r0:0) Connection finished, received 9086872957 bytes
(vm7:r0) thread 0 joined, 6 connections remaining
(vm7:r0) Starting new connection thread
(vm7:r0) Maximum number of connections reached (5), waiting for a thread to finish
(vm7:r0:0) Connection established
(vm7:r0:0) Connection finished, received 9086872957 bytes
(vm7:r0) thread 0 joined, 5 connections remaining
(vm7:r0) Starting new connection thread
(vm7:r0) Maximum number of connections reached (5), waiting for a thread to finish
(vm7:r0:0) Connection established
(vm7:r0:0) Connection finished, received 9086872957 bytes
(vm7:r0) thread 0 joined, 4 connections remaining
(vm7:r0) Maximum number of connections reached (4), waiting for a thread to finish
(vm7:r0) thread 1 joined, 3 connections remaining
(vm7:r0) Maximum number of connections reached (3), waiting for a thread to finish
(vm7:r0) thread 2 joined, 2 connections remaining
(vm7:r0) Maximum number of connections reached (2), waiting for a thread to finish
(vm7:r0) thread 3 joined, 1 connections remaining
(vm7:r0) Maximum number of connections reached (1), waiting for a thread to finish
(vm7:r0) thread 4 joined, 0 connections remaining
(vm7:r0) all done, exiting
*RES* start node vm7:r0
*RES* vm7:r0:0,1403722769496,100324,7602,9086872957
*RES* vm7:r0:0,1403722869827,86169,6359,9086872957
*RES* vm7:r0:0,1403722956019,32392,2730,9086872957
*RES* vm7:r0:0,1403722988427,61966,5577,9086872957
*RES* vm7:r0:0,1403723050403,17223,6043,9086872957
*RES* vm7:r0:0,1403723067631,15562,6270,9086872957
*RES* vm7:r0:0,1403723083199,16005,6288,9086872957
*RES* vm7:r0:1,1403722769496,103338,7734,9086872957
*RES* vm7:r0:2,1403722769496,80725,7369,9086872957
*RES* vm7:r0:3,1403722769496,78759,7281,9086872957
*RES* vm7:r0:4,1403722769496,108266,7652,9086872957
*RES* end node vm7:r0
Node vm7:r0 joined
Worker terminating correctly
