OSMeF worker starting
Enabling core dumping
Listening for command connection
(vm10:m0) New mapper on port 23330
(vm10:m0) -> reducer data size 4886718345
(vm10:m0) -> reducer data size 4886718345
(vm10:m0) -> reducer data size 4886718345
(vm10:m0) -> reducer data size 4886718345
(vm10:m0) -> reducer data size 4886718345
(vm10:m0) -> reducer data size 4886718345
(vm10:m0) -> reducer data size 4886718345
(vm10:m0) -> reducer data size 4886718345
(vm10:m0) -> reducer data size 4886718345
(vm10:m0) -> reducer data size 4886718345
(vm10:m0) -> reducer data size 4886718345
(vm10:m0) -> reducer data size 4886718345
(vm10:m0) -> reducer data size 4886718345
(vm10:m0) -> reducer data size 4886718345
(vm10:m0) -> reducer data size 4886718345
(vm10:m0) Mapper thread started
(vm10:m0) Allocating data for reducer vm1:r0
(vm10:m0) Allocating data for reducer vm2:r0
(vm10:m0) Allocating data for reducer vm3:r0
(vm10:m0) Allocating data for reducer vm4:r0
(vm10:m0) Allocating data for reducer vm5:r0
(vm10:m0) Allocating data for reducer vm6:r0
(vm10:m0) Allocating data for reducer vm7:r0
(vm10:m0) Allocating data for reducer vm8:r0
(vm10:m0) Allocating data for reducer vm9:r0
(vm10:m0) Allocating data for reducer vm10:r0
(vm10:m0) Allocating data for reducer vm11:r0
(vm10:m0) Allocating data for reducer vm12:r0
(vm10:m0) Allocating data for reducer vm13:r0
(vm10:m0) Allocating data for reducer vm14:r0
(vm10:m0) Allocating data for reducer vm15:r0
(vm10:m0) Binding to port 23330
(vm10:r0) New reducer
(vm10:r0) Reducer thread started
(vm10:r0) waiting for START message
(vm10:r0) got START message
(vm10:r0) Starting new connection thread
(vm10:r0) Starting new connection thread
(vm10:r0) Starting new connection thread
(vm10:r0) Starting new connection thread
(vm10:r0) Starting new connection thread
(vm10:r0) Maximum number of connections reached (5), waiting for a thread to finish
(vm10:r0:1) Connection established
(vm10:r0:0) Connection established
(vm10:r0:4) Connection established
(vm10:r0:3) Connection established
(vm10:r0:2) Connection established
(vm10:r0:0) Connection finished, received 4886718346 bytes
(vm10:r0) thread 0 joined, 14 connections remaining
(vm10:r0) Starting new connection thread
(vm10:r0) Maximum number of connections reached (5), waiting for a thread to finish
(vm10:r0:0) Connection established
(vm10:r0:3) Connection finished, received 4886718346 bytes
(vm10:r0:1) Connection finished, received 4886718346 bytes
(vm10:r0:2) Connection finished, received 4886718346 bytes
(vm10:r0:4) Connection finished, received 4886718346 bytes
(vm10:r0:0) Connection finished, received 4886718346 bytes
(vm10:r0) thread 0 joined, 13 connections remaining
(vm10:r0) Starting new connection thread
(vm10:r0) Maximum number of connections reached (5), waiting for a thread to finish
(vm10:r0:0) Connection established
(vm10:m0) Got connection from reducer vm1:r0
(vm10:m0:0) thread started, have to send 4886718345 bytes
(vm10:m0:0) all data sent, thread exiting
(vm10:r0:0) Connection finished, received 4886718346 bytes
(vm10:r0) thread 0 joined, 12 connections remaining
(vm10:r0) Starting new connection thread
(vm10:r0) Maximum number of connections reached (5), waiting for a thread to finish
(vm10:r0:0) Connection established
(vm10:m0) Got connection from reducer vm6:r0
(vm10:m0:5) thread started, have to send 4886718345 bytes
(vm10:m0:5) all data sent, thread exiting
(vm10:r0:0) Connection finished, received 4886718346 bytes
(vm10:r0) thread 0 joined, 11 connections remaining
(vm10:r0) Starting new connection thread
(vm10:r0) Maximum number of connections reached (5), waiting for a thread to finish
(vm10:r0:0) Connection established
(vm10:m0) Got connection from reducer vm7:r0
(vm10:m0:6) thread started, have to send 4886718345 bytes
(vm10:r0:0) Connection finished, received 4886718346 bytes
(vm10:r0) thread 0 joined, 10 connections remaining
(vm10:r0) Starting new connection thread
(vm10:r0) Maximum number of connections reached (5), waiting for a thread to finish
(vm10:r0:0) Connection established
(vm10:m0) Got connection from reducer vm10:r0
(vm10:m0:9) thread started, have to send 4886718345 bytes
(vm10:m0:6) all data sent, thread exiting
(vm10:m0:9) all data sent, thread exiting
(vm10:r0:0) Connection finished, received 4886718346 bytes
(vm10:r0) thread 0 joined, 9 connections remaining
(vm10:r0) Starting new connection thread
(vm10:r0) Maximum number of connections reached (5), waiting for a thread to finish
(vm10:r0:0) Connection established
(vm10:r0:0) Connection finished, received 4886718346 bytes
(vm10:r0) thread 0 joined, 8 connections remaining
(vm10:r0) Starting new connection thread
(vm10:r0) Maximum number of connections reached (5), waiting for a thread to finish
(vm10:r0:0) Connection established
(vm10:m0) Got connection from reducer vm9:r0
(vm10:m0:8) thread started, have to send 4886718345 bytes
(vm10:r0:0) Connection finished, received 4886718346 bytes
(vm10:r0) thread 0 joined, 7 connections remaining
(vm10:r0) Starting new connection thread
(vm10:r0) Maximum number of connections reached (5), waiting for a thread to finish
(vm10:r0:0) Connection established
(vm10:m0) Got connection from reducer vm8:r0
(vm10:m0:7) thread started, have to send 4886718345 bytes
(vm10:m0) Got connection from reducer vm14:r0
(vm10:m0:13) thread started, have to send 4886718345 bytes
(vm10:r0:0) Connection finished, received 4886718346 bytes
(vm10:r0) thread 0 joined, 6 connections remaining
(vm10:r0) Starting new connection thread
(vm10:r0) Maximum number of connections reached (5), waiting for a thread to finish
(vm10:r0:0) Connection established
(vm10:m0) Got connection from reducer vm15:r0
(vm10:m0:14) thread started, have to send 4886718345 bytes
(vm10:m0) Got connection from reducer vm12:r0
(vm10:m0:11) thread started, have to send 4886718345 bytes
(vm10:m0:7) all data sent, thread exiting
(vm10:m0) Got connection from reducer vm11:r0
(vm10:m0:10) thread started, have to send 4886718345 bytes
(vm10:m0) Got connection from reducer vm13:r0
(vm10:m0:12) thread started, have to send 4886718345 bytes
(vm10:m0) Got connection from reducer vm4:r0
(vm10:m0:3) thread started, have to send 4886718345 bytes
(vm10:m0) Got connection from reducer vm5:r0
(vm10:m0:4) thread started, have to send 4886718345 bytes
(vm10:m0) Got connection from reducer vm3:r0
(vm10:m0:2) thread started, have to send 4886718345 bytes
(vm10:m0) Got connection from reducer vm2:r0
(vm10:m0) Waiting for a thread to finish
(vm10:m0) thread 0 joined, 14 connections remaining
(vm10:m0) Waiting for a thread to finish
(vm10:m0:1) thread started, have to send 4886718345 bytes
(vm10:m0:8) all data sent, thread exiting
(vm10:m0:13) all data sent, thread exiting
(vm10:r0:0) Connection finished, received 4886718346 bytes
(vm10:r0) thread 0 joined, 5 connections remaining
(vm10:r0) Starting new connection thread
(vm10:r0) Maximum number of connections reached (5), waiting for a thread to finish
(vm10:r0:0) Connection established
(vm10:m0:14) all data sent, thread exiting
(vm10:m0:11) all data sent, thread exiting
(vm10:m0:10) all data sent, thread exiting
(vm10:m0:12) all data sent, thread exiting
(vm10:m0:3) all data sent, thread exiting
(vm10:m0:4) all data sent, thread exiting
(vm10:m0:2) all data sent, thread exiting
(vm10:m0:1) all data sent, thread exiting
(vm10:m0) thread 1 joined, 13 connections remaining
(vm10:m0) Waiting for a thread to finish
(vm10:m0) thread 2 joined, 12 connections remaining
(vm10:m0) Waiting for a thread to finish
(vm10:m0) thread 3 joined, 11 connections remaining
(vm10:m0) Waiting for a thread to finish
(vm10:m0) thread 4 joined, 10 connections remaining
(vm10:m0) Waiting for a thread to finish
(vm10:m0) thread 5 joined, 9 connections remaining
(vm10:m0) Waiting for a thread to finish
(vm10:m0) thread 6 joined, 8 connections remaining
(vm10:m0) Waiting for a thread to finish
(vm10:m0) thread 7 joined, 7 connections remaining
(vm10:m0) Waiting for a thread to finish
(vm10:m0) thread 8 joined, 6 connections remaining
(vm10:m0) Waiting for a thread to finish
(vm10:m0) thread 9 joined, 5 connections remaining
(vm10:m0) Waiting for a thread to finish
(vm10:m0) thread 10 joined, 4 connections remaining
(vm10:m0) Waiting for a thread to finish
(vm10:m0) thread 11 joined, 3 connections remaining
(vm10:m0) Waiting for a thread to finish
(vm10:m0) thread 12 joined, 2 connections remaining
(vm10:m0) Waiting for a thread to finish
(vm10:m0) thread 13 joined, 1 connections remaining
(vm10:m0) Waiting for a thread to finish
(vm10:m0) thread 14 joined, 0 connections remaining
(vm10:m0) all done, exiting
*RES* start node vm10:m0
*RES* vm10:m0:0,1403741410169,8452,3434,4886718346
*RES* vm10:m0:1,1403741559903,37830,3396,4886718346
*RES* vm10:m0:2,1403741559743,37698,3344,4886718346
*RES* vm10:m0:3,1403741559413,37714,3325,4886718346
*RES* vm10:m0:4,1403741559717,37618,3325,4886718346
*RES* vm10:m0:5,1403741470205,8743,3496,4886718346
*RES* vm10:m0:6,1403741501277,11040,3490,4886718346
*RES* vm10:m0:7,1403741544333,13301,3665,4886718346
*RES* vm10:m0:8,1403741530333,34323,3324,4886718346
*RES* vm10:m0:9,1403741507562,7111,819,4886718346
*RES* vm10:m0:10,1403741558303,37239,3255,4886718346
*RES* vm10:m0:11,1403741556868,37093,3312,4886718346
*RES* vm10:m0:12,1403741559377,37174,3242,4886718346
*RES* vm10:m0:13,1403741551669,30544,3333,4886718346
*RES* vm10:m0:14,1403741556845,37096,3313,4886718346
*RES* end node vm10:m0
Node vm10:m0 joined
(vm10:r0:0) Connection finished, received 4886718346 bytes
(vm10:r0) thread 0 joined, 4 connections remaining
(vm10:r0) Maximum number of connections reached (4), waiting for a thread to finish
(vm10:r0) thread 1 joined, 3 connections remaining
(vm10:r0) Maximum number of connections reached (3), waiting for a thread to finish
(vm10:r0) thread 2 joined, 2 connections remaining
(vm10:r0) Maximum number of connections reached (2), waiting for a thread to finish
(vm10:r0) thread 3 joined, 1 connections remaining
(vm10:r0) Maximum number of connections reached (1), waiting for a thread to finish
(vm10:r0) thread 4 joined, 0 connections remaining
(vm10:r0) all done, exiting
*RES* start node vm10:r0
*RES* vm10:r0:0,1403741275461,69460,4308,4886718346
*RES* vm10:r0:0,1403741344930,57662,4078,4886718346
*RES* vm10:r0:0,1403741402597,58251,3959,4886718346
*RES* vm10:r0:0,1403741460853,36019,3732,4886718346
*RES* vm10:r0:0,1403741496877,10672,3656,4886718346
*RES* vm10:r0:0,1403741507557,7119,2435,4886718346
*RES* vm10:r0:0,1403741514681,13432,3923,4886718346
*RES* vm10:r0:0,1403741528117,11851,3892,4886718346
*RES* vm10:r0:0,1403741539977,13495,3446,4886718346
*RES* vm10:r0:0,1403741553486,30444,3093,4886718346
*RES* vm10:r0:0,1403741583949,20414,3341,4886718346
*RES* vm10:r0:1,1403741275461,77835,4467,4886718346
*RES* vm10:r0:2,1403741275460,81612,4509,4886718346
*RES* vm10:r0:3,1403741275460,77110,4411,4886718346
*RES* vm10:r0:4,1403741275460,86123,4562,4886718346
*RES* end node vm10:r0
Node vm10:r0 joined
Worker terminating correctly
