OSMeF worker starting
Enabling core dumping
Listening for command connection
(vm14:m0) New mapper on port 23330
(vm14:m0) -> reducer data size 4886718345
(vm14:m0) -> reducer data size 4886718345
(vm14:m0) -> reducer data size 4886718345
(vm14:m0) -> reducer data size 4886718345
(vm14:m0) -> reducer data size 4886718345
(vm14:m0) -> reducer data size 4886718345
(vm14:m0) -> reducer data size 4886718345
(vm14:m0) -> reducer data size 4886718345
(vm14:m0) -> reducer data size 4886718345
(vm14:m0) -> reducer data size 4886718345
(vm14:m0) -> reducer data size 4886718345
(vm14:m0) -> reducer data size 4886718345
(vm14:m0) -> reducer data size 4886718345
(vm14:m0) -> reducer data size 4886718345
(vm14:m0) -> reducer data size 4886718345
(vm14:m0) Mapper thread started
(vm14:m0) Allocating data for reducer vm1:r0
(vm14:m0) Allocating data for reducer vm2:r0
(vm14:m0) Allocating data for reducer vm3:r0
(vm14:m0) Allocating data for reducer vm4:r0
(vm14:m0) Allocating data for reducer vm5:r0
(vm14:m0) Allocating data for reducer vm6:r0
(vm14:m0) Allocating data for reducer vm7:r0
(vm14:m0) Allocating data for reducer vm8:r0
(vm14:m0) Allocating data for reducer vm9:r0
(vm14:m0) Allocating data for reducer vm10:r0
(vm14:m0) Allocating data for reducer vm11:r0
(vm14:m0) Allocating data for reducer vm12:r0
(vm14:m0) Allocating data for reducer vm13:r0
(vm14:m0) Allocating data for reducer vm14:r0
(vm14:m0) Allocating data for reducer vm15:r0
(vm14:m0) Binding to port 23330
(vm14:r0) New reducer
(vm14:r0) Reducer thread started
(vm14:r0) waiting for START message
(vm14:r0) got START message
(vm14:r0) Starting new connection thread
(vm14:r0) Starting new connection thread
(vm14:r0) Starting new connection thread
(vm14:r0) Starting new connection thread
(vm14:r0) Starting new connection thread
(vm14:r0) Maximum number of connections reached (5), waiting for a thread to finish
(vm14:r0:4) Connection established
(vm14:r0:1) Connection established
(vm14:r0:0) Connection established
(vm14:r0:3) Connection established
(vm14:r0:2) Connection established
(vm14:r0:0) Connection finished, received 4886718346 bytes
(vm14:r0) thread 0 joined, 14 connections remaining
(vm14:r0) Starting new connection thread
(vm14:r0) Maximum number of connections reached (5), waiting for a thread to finish
(vm14:r0:0) Connection established
(vm14:r0:3) Connection finished, received 4886718346 bytes
(vm14:r0:1) Connection finished, received 4886718346 bytes
(vm14:r0:2) Connection finished, received 4886718346 bytes
(vm14:r0:4) Connection finished, received 4886718346 bytes
(vm14:r0:0) Connection finished, received 4886718346 bytes
(vm14:r0) thread 0 joined, 13 connections remaining
(vm14:r0) Starting new connection thread
(vm14:r0) Maximum number of connections reached (5), waiting for a thread to finish
(vm14:r0:0) Connection established
(vm14:m0) Got connection from reducer vm1:r0
(vm14:m0:0) thread started, have to send 4886718345 bytes
(vm14:m0:0) all data sent, thread exiting
(vm14:r0:0) Connection finished, received 4886718346 bytes
(vm14:r0) thread 0 joined, 12 connections remaining
(vm14:r0) Starting new connection thread
(vm14:r0) Maximum number of connections reached (5), waiting for a thread to finish
(vm14:r0:0) Connection established
(vm14:m0) Got connection from reducer vm6:r0
(vm14:m0:5) thread started, have to send 4886718345 bytes
(vm14:r0:0) Connection finished, received 4886718346 bytes
(vm14:r0) thread 0 joined, 11 connections remaining
(vm14:r0) Starting new connection thread
(vm14:r0) Maximum number of connections reached (5), waiting for a thread to finish
(vm14:r0:0) Connection established
(vm14:m0:5) all data sent, thread exiting
(vm14:m0) Got connection from reducer vm7:r0
(vm14:m0:6) thread started, have to send 4886718345 bytes
(vm14:r0:0) Connection finished, received 4886718346 bytes
(vm14:r0) thread 0 joined, 10 connections remaining
(vm14:r0) Starting new connection thread
(vm14:r0) Maximum number of connections reached (5), waiting for a thread to finish
(vm14:r0:0) Connection established
(vm14:m0) Got connection from reducer vm10:r0
(vm14:m0:9) thread started, have to send 4886718345 bytes
(vm14:m0:6) all data sent, thread exiting
(vm14:r0:0) Connection finished, received 4886718346 bytes
(vm14:r0) thread 0 joined, 9 connections remaining
(vm14:r0) Starting new connection thread
(vm14:r0) Maximum number of connections reached (5), waiting for a thread to finish
(vm14:r0:0) Connection established
(vm14:m0:9) all data sent, thread exiting
(vm14:m0) Got connection from reducer vm8:r0
(vm14:m0:7) thread started, have to send 4886718345 bytes
(vm14:r0:0) Connection finished, received 4886718346 bytes
(vm14:r0) thread 0 joined, 8 connections remaining
(vm14:r0) Starting new connection thread
(vm14:r0) Maximum number of connections reached (5), waiting for a thread to finish
(vm14:r0:0) Connection established
(vm14:m0) Got connection from reducer vm9:r0
(vm14:m0:8) thread started, have to send 4886718345 bytes
(vm14:m0:7) all data sent, thread exiting
(vm14:r0:0) Connection finished, received 4886718346 bytes
(vm14:r0) thread 0 joined, 7 connections remaining
(vm14:r0) Starting new connection thread
(vm14:r0) Maximum number of connections reached (5), waiting for a thread to finish
(vm14:r0:0) Connection established
(vm14:m0:8) all data sent, thread exiting
(vm14:r0:0) Connection finished, received 4886718346 bytes
(vm14:r0) thread 0 joined, 6 connections remaining
(vm14:r0) Starting new connection thread
(vm14:r0) Maximum number of connections reached (5), waiting for a thread to finish
(vm14:r0:0) Connection established
(vm14:m0) Got connection from reducer vm14:r0
(vm14:m0:13) thread started, have to send 4886718345 bytes
(vm14:m0:13) all data sent, thread exiting
(vm14:r0:0) Connection finished, received 4886718346 bytes
(vm14:r0) thread 0 joined, 5 connections remaining
(vm14:r0) Starting new connection thread
(vm14:r0) Maximum number of connections reached (5), waiting for a thread to finish
(vm14:r0:0) Connection established
(vm14:r0:0) Connection finished, received 4886718346 bytes
(vm14:r0) thread 0 joined, 4 connections remaining
(vm14:r0) Maximum number of connections reached (4), waiting for a thread to finish
(vm14:r0) thread 1 joined, 3 connections remaining
(vm14:r0) Maximum number of connections reached (3), waiting for a thread to finish
(vm14:r0) thread 2 joined, 2 connections remaining
(vm14:r0) Maximum number of connections reached (2), waiting for a thread to finish
(vm14:r0) thread 3 joined, 1 connections remaining
(vm14:r0) Maximum number of connections reached (1), waiting for a thread to finish
(vm14:r0) thread 4 joined, 0 connections remaining
(vm14:r0) all done, exiting
(vm14:m0) Got connection from reducer vm12:r0
(vm14:m0:11) thread started, have to send 4886718345 bytes
(vm14:m0:11) all data sent, thread exiting
(vm14:m0) Got connection from reducer vm15:r0
(vm14:m0:14) thread started, have to send 4886718345 bytes
(vm14:m0) Got connection from reducer vm11:r0
(vm14:m0:10) thread started, have to send 4886718345 bytes
(vm14:m0) Got connection from reducer vm13:r0
(vm14:m0:12) thread started, have to send 4886718345 bytes
(vm14:m0:14) all data sent, thread exiting
(vm14:m0:10) all data sent, thread exiting
(vm14:m0) Got connection from reducer vm4:r0
(vm14:m0:3) thread started, have to send 4886718345 bytes
(vm14:m0) Got connection from reducer vm2:r0
(vm14:m0:1) thread started, have to send 4886718345 bytes
(vm14:m0) Got connection from reducer vm3:r0
(vm14:m0:2) thread started, have to send 4886718345 bytes
(vm14:m0) Got connection from reducer vm5:r0
(vm14:m0) Waiting for a thread to finish
(vm14:m0) thread 0 joined, 14 connections remaining
(vm14:m0) Waiting for a thread to finish
(vm14:m0:4) thread started, have to send 4886718345 bytes
(vm14:m0:12) all data sent, thread exiting
(vm14:m0:3) all data sent, thread exiting
(vm14:m0:2) all data sent, thread exiting
(vm14:m0:4) all data sent, thread exiting
(vm14:m0:1) all data sent, thread exiting
(vm14:m0) thread 1 joined, 13 connections remaining
(vm14:m0) Waiting for a thread to finish
(vm14:m0) thread 2 joined, 12 connections remaining
(vm14:m0) Waiting for a thread to finish
(vm14:m0) thread 3 joined, 11 connections remaining
(vm14:m0) Waiting for a thread to finish
(vm14:m0) thread 4 joined, 10 connections remaining
(vm14:m0) Waiting for a thread to finish
(vm14:m0) thread 5 joined, 9 connections remaining
(vm14:m0) Waiting for a thread to finish
(vm14:m0) thread 6 joined, 8 connections remaining
(vm14:m0) Waiting for a thread to finish
(vm14:m0) thread 7 joined, 7 connections remaining
(vm14:m0) Waiting for a thread to finish
(vm14:m0) thread 8 joined, 6 connections remaining
(vm14:m0) Waiting for a thread to finish
(vm14:m0) thread 9 joined, 5 connections remaining
(vm14:m0) Waiting for a thread to finish
(vm14:m0) thread 10 joined, 4 connections remaining
(vm14:m0) Waiting for a thread to finish
(vm14:m0) thread 11 joined, 3 connections remaining
(vm14:m0) Waiting for a thread to finish
(vm14:m0) thread 12 joined, 2 connections remaining
(vm14:m0) Waiting for a thread to finish
(vm14:m0) thread 13 joined, 1 connections remaining
(vm14:m0) Waiting for a thread to finish
(vm14:m0) thread 14 joined, 0 connections remaining
(vm14:m0) all done, exiting
*RES* start node vm14:m0
*RES* vm14:m0:0,1403741444849,9206,4017,4886718346
*RES* vm14:m0:1,1403741689747,17287,3412,4886718346
*RES* vm14:m0:2,1403741689942,16999,3303,4886718346
*RES* vm14:m0:3,1403741688241,16092,3551,4886718346
*RES* vm14:m0:4,1403741690022,16965,3311,4886718346
*RES* vm14:m0:5,1403741506717,9891,3992,4886718346
*RES* vm14:m0:6,1403741550049,11451,3829,4886718346
*RES* vm14:m0:7,1403741584641,11683,3566,4886718346
*RES* vm14:m0:8,1403741593076,11984,3786,4886718346
*RES* vm14:m0:9,1403741553520,30361,3213,4886718346
*RES* vm14:m0:10,1403741671758,7290,3323,4886718346
*RES* vm14:m0:11,1403741659459,7071,3584,4886718346
*RES* vm14:m0:12,1403741676445,19886,3320,4886718346
*RES* vm14:m0:13,1403741612329,4183,675,4886718346
*RES* vm14:m0:14,1403741669632,7679,3104,4886718346
*RES* end node vm14:m0
Node vm14:m0 joined
*RES* start node vm14:r0
*RES* vm14:r0:0,1403741275482,70123,4346,4886718346
*RES* vm14:r0:0,1403741345613,59011,3857,4886718346
*RES* vm14:r0:0,1403741404629,59777,4078,4886718346
*RES* vm14:r0:0,1403741464413,46695,4039,4886718346
*RES* vm14:r0:0,1403741511117,40558,3947,4886718346
*RES* vm14:r0:0,1403741551684,30551,3600,4886718346
*RES* vm14:r0:0,1403741582241,9136,3246,4886718346
*RES* vm14:r0:0,1403741591389,11257,3272,4886718346
*RES* vm14:r0:0,1403741602653,9670,3611,4886718346
*RES* vm14:r0:0,1403741612329,4185,1742,4886718346
*RES* vm14:r0:0,1403741616521,8091,3181,4886718346
*RES* vm14:r0:1,1403741275482,77503,4468,4886718346
*RES* vm14:r0:2,1403741275482,81834,4473,4886718346
*RES* vm14:r0:3,1403741275482,76892,4446,4886718346
*RES* vm14:r0:4,1403741275482,86170,4516,4886718346
*RES* end node vm14:r0
Node vm14:r0 joined
Worker terminating correctly
