OSMeF worker starting
Enabling core dumping
Listening for command connection
(vm8:m0) New mapper on port 23330
(vm8:m0) -> reducer data size 26843545
(vm8:m0) -> reducer data size 26843545
(vm8:m0) -> reducer data size 26843545
(vm8:m0) -> reducer data size 26843545
(vm8:m0) -> reducer data size 26843545
(vm8:m0) -> reducer data size 26843545
(vm8:m0) -> reducer data size 26843545
(vm8:m0) -> reducer data size 26843545
(vm8:m0) -> reducer data size 26843545
(vm8:m0) -> reducer data size 26843545
(vm8:m0) -> reducer data size 26843545
(vm8:m0) -> reducer data size 26843545
(vm8:m0) -> reducer data size 26843545
(vm8:m0) -> reducer data size 26843545
(vm8:m0) -> reducer data size 26843545
(vm8:m0) -> reducer data size 26843545
(vm8:m0) -> reducer data size 26843545
(vm8:m0) -> reducer data size 26843545
(vm8:m0) -> reducer data size 26843545
(vm8:m0) -> reducer data size 26843545
(vm8:m0) Mapper thread started
(vm8:m0) Allocating data for reducer vm1:r0
(vm8:m0) Allocating data for reducer vm2:r0
(vm8:m0) Allocating data for reducer vm3:r0
(vm8:m0) Allocating data for reducer vm4:r0
(vm8:m0) Allocating data for reducer vm5:r0
(vm8:m0) Allocating data for reducer vm6:r0
(vm8:m0) Allocating data for reducer vm7:r0
(vm8:m0) Allocating data for reducer vm8:r0
(vm8:m0) Allocating data for reducer vm9:r0
(vm8:m0) Allocating data for reducer vm10:r0
(vm8:m0) Allocating data for reducer vm11:r0
(vm8:m0) Allocating data for reducer vm12:r0
(vm8:m0) Allocating data for reducer vm13:r0
(vm8:m0) Allocating data for reducer vm14:r0
(vm8:m0) Allocating data for reducer vm15:r0
(vm8:m0) Allocating data for reducer vm16:r0
(vm8:m0) Allocating data for reducer vm17:r0
(vm8:m0) Allocating data for reducer vm18:r0
(vm8:m0) Allocating data for reducer vm19:r0
(vm8:m0) Allocating data for reducer vm20:r0
(vm8:m0) Binding to port 23330
(vm8:r0) New reducer
(vm8:r0) Reducer thread started
(vm8:r0) waiting for START message
(vm8:r0) got START message
(vm8:r0) Starting new connection thread
(vm8:r0) Starting new connection thread
(vm8:r0) Starting new connection thread
(vm8:r0) Starting new connection thread
(vm8:r0) Starting new connection thread
(vm8:r0) Maximum number of connections reached (5), waiting for a thread to finish
(vm8:r0:4) Connection established
(vm8:r0:3) Connection established
(vm8:r0:2) Connection established
(vm8:r0:1) Connection established
(vm8:r0:0) Connection established
(vm8:r0:2) Connection finished, received 26843546 bytes
(vm8:r0:4) Connection finished, received 26843546 bytes
(vm8:r0:0) Connection finished, received 26843546 bytes
(vm8:r0) thread 0 joined, 19 connections remaining
(vm8:r0) Starting new connection thread
(vm8:r0) Maximum number of connections reached (5), waiting for a thread to finish
(vm8:r0:0) Connection established
(vm8:r0:1) Connection finished, received 26843546 bytes
(vm8:r0:3) Connection finished, received 26843546 bytes
(vm8:m0) Got connection from reducer vm1:r0
(vm8:m0:0) thread started, have to send 26843545 bytes
(vm8:m0:0) all data sent, thread exiting
(vm8:r0:0) Connection finished, received 26843546 bytes
(vm8:r0) thread 0 joined, 18 connections remaining
(vm8:r0) Starting new connection thread
(vm8:r0) Maximum number of connections reached (5), waiting for a thread to finish
(vm8:r0:0) Connection established
(vm8:m0) Got connection from reducer vm6:r0
(vm8:m0:5) thread started, have to send 26843545 bytes
(vm8:m0) Got connection from reducer vm7:r0
(vm8:m0:6) thread started, have to send 26843545 bytes
(vm8:m0:5) all data sent, thread exiting
(vm8:m0) Got connection from reducer vm16:r0
(vm8:m0:15) thread started, have to send 26843545 bytes
(vm8:m0) Got connection from reducer vm14:r0
(vm8:m0) Got connection from reducer vm10:r0
(vm8:m0:9) thread started, have to send 26843545 bytes
(vm8:m0:13) thread started, have to send 26843545 bytes
(vm8:m0) Got connection from reducer vm18:r0
(vm8:m0) Got connection from reducer vm11:r0
(vm8:m0) Got connection from reducer vm17:r0
(vm8:m0) Got connection from reducer vm15:r0
(vm8:m0) Got connection from reducer vm12:r0
(vm8:r0:0) Connection finished, received 26843546 bytes
(vm8:m0) Got connection from reducer vm13:r0
(vm8:m0) Got connection from reducer vm20:r0
(vm8:m0) Got connection from reducer vm3:r0
(vm8:m0) Got connection from reducer vm5:r0
(vm8:m0) Got connection from reducer vm2:r0
(vm8:m0) Got connection from reducer vm19:r0
(vm8:m0) Got connection from reducer vm9:r0
(vm8:m0) Got connection from reducer vm4:r0
(vm8:r0) thread 0 joined, 17 connections remaining
(vm8:r0) Starting new connection thread
(vm8:r0) Maximum number of connections reached (5), waiting for a thread to finish
(vm8:m0:17) thread started, have to send 26843545 bytes
(vm8:m0:10) thread started, have to send 26843545 bytes
(vm8:m0:14) thread started, have to send 26843545 bytes
(vm8:m0:11) thread started, have to send 26843545 bytes
(vm8:m0:16) thread started, have to send 26843545 bytes
(vm8:m0:8) thread started, have to send 26843545 bytes
(vm8:m0:12) thread started, have to send 26843545 bytes
(vm8:m0:19) thread started, have to send 26843545 bytes
(vm8:m0:18) thread started, have to send 26843545 bytes
(vm8:m0:4) thread started, have to send 26843545 bytes
(vm8:m0:2) thread started, have to send 26843545 bytes
(vm8:m0:3) thread started, have to send 26843545 bytes
(vm8:r0:0) Connection established
(vm8:m0) Got connection from reducer vm8:r0
(vm8:m0) Waiting for a thread to finish
(vm8:m0) thread 0 joined, 19 connections remaining
(vm8:m0) Waiting for a thread to finish
(vm8:m0:1) thread started, have to send 26843545 bytes
(vm8:m0:7) thread started, have to send 26843545 bytes
(vm8:m0:15) all data sent, thread exiting
(vm8:m0:6) all data sent, thread exiting
(vm8:m0:13) all data sent, thread exiting
(vm8:m0:9) all data sent, thread exiting
(vm8:m0:12) all data sent, thread exiting
(vm8:m0:2) all data sent, thread exiting
(vm8:r0:0) Connection finished, received 26843546 bytes
(vm8:m0:7) all data sent, thread exiting
(vm8:m0:19) all data sent, thread exiting
(vm8:r0) thread 0 joined, 16 connections remaining
(vm8:r0) Starting new connection thread
(vm8:r0) Maximum number of connections reached (5), waiting for a thread to finish
(vm8:m0:8) all data sent, thread exiting
(vm8:m0:11) all data sent, thread exiting
(vm8:m0:17) all data sent, thread exiting
(vm8:m0:14) all data sent, thread exiting
(vm8:r0:0) Connection established
(vm8:m0:10) all data sent, thread exiting
(vm8:m0:4) all data sent, thread exiting
(vm8:m0:18) all data sent, thread exiting
(vm8:m0:1) all data sent, thread exiting
(vm8:m0:16) all data sent, thread exiting
(vm8:m0) thread 1 joined, 18 connections remaining
(vm8:m0) Waiting for a thread to finish
(vm8:m0) thread 2 joined, 17 connections remaining
(vm8:m0) Waiting for a thread to finish
(vm8:m0:3) all data sent, thread exiting
(vm8:m0) thread 3 joined, 16 connections remaining
(vm8:m0) Waiting for a thread to finish
(vm8:m0) thread 4 joined, 15 connections remaining
(vm8:m0) Waiting for a thread to finish
(vm8:m0) thread 5 joined, 14 connections remaining
(vm8:m0) Waiting for a thread to finish
(vm8:m0) thread 6 joined, 13 connections remaining
(vm8:m0) Waiting for a thread to finish
(vm8:m0) thread 7 joined, 12 connections remaining
(vm8:m0) Waiting for a thread to finish
(vm8:m0) thread 8 joined, 11 connections remaining
(vm8:m0) Waiting for a thread to finish
(vm8:m0) thread 9 joined, 10 connections remaining
(vm8:m0) Waiting for a thread to finish
(vm8:m0) thread 10 joined, 9 connections remaining
(vm8:m0) Waiting for a thread to finish
(vm8:m0) thread 11 joined, 8 connections remaining
(vm8:m0) Waiting for a thread to finish
(vm8:m0) thread 12 joined, 7 connections remaining
(vm8:m0) Waiting for a thread to finish
(vm8:m0) thread 13 joined, 6 connections remaining
(vm8:m0) Waiting for a thread to finish
(vm8:m0) thread 14 joined, 5 connections remaining
(vm8:m0) Waiting for a thread to finish
(vm8:m0) thread 15 joined, 4 connections remaining
(vm8:m0) Waiting for a thread to finish
(vm8:m0) thread 16 joined, 3 connections remaining
(vm8:m0) Waiting for a thread to finish
(vm8:m0) thread 17 joined, 2 connections remaining
(vm8:m0) Waiting for a thread to finish
(vm8:m0) thread 18 joined, 1 connections remaining
(vm8:m0) Waiting for a thread to finish
(vm8:m0) thread 19 joined, 0 connections remaining
(vm8:m0) all done, exiting
*RES* start node vm8:m0
*RES* vm8:m0:0,1403613614126,74,31,26843546
*RES* vm8:m0:1,1403613614883,572,32,26843546
*RES* vm8:m0:2,1403613614875,547,28,26843546
*RES* vm8:m0:3,1403613614878,585,32,26843546
*RES* vm8:m0:4,1403613614874,578,31,26843546
*RES* vm8:m0:5,1403613614546,119,54,26843546
*RES* vm8:m0:6,1403613614636,577,30,26843546
*RES* vm8:m0:7,1403613614896,530,27,26843546
*RES* vm8:m0:8,1403613614874,564,29,26843546
*RES* vm8:m0:9,1403613614809,511,32,26843546
*RES* vm8:m0:10,1403613614872,563,30,26843546
*RES* vm8:m0:11,1403613614873,566,29,26843546
*RES* vm8:m0:12,1403613614874,527,27,26843546
*RES* vm8:m0:13,1403613614809,456,30,26843546
*RES* vm8:m0:14,1403613614873,571,31,26843546
*RES* vm8:m0:15,1403613614772,266,33,26843546
*RES* vm8:m0:16,1403613614873,582,32,26843546
*RES* vm8:m0:17,1403613614872,568,29,26843546
*RES* vm8:m0:18,1403613614874,579,31,26843546
*RES* vm8:m0:19,1403613614874,555,29,26843546
*RES* end node vm8:m0
Node vm8:m0 joined
(vm8:r0:0) Connection finished, received 26843546 bytes
(vm8:r0) thread 0 joined, 15 connections remaining
(vm8:r0) Starting new connection thread
(vm8:r0) Maximum number of connections reached (5), waiting for a thread to finish
(vm8:r0:0) Connection established
(vm8:r0:0) Connection finished, received 26843546 bytes
(vm8:r0) thread 0 joined, 14 connections remaining
(vm8:r0) Starting new connection thread
(vm8:r0) Maximum number of connections reached (5), waiting for a thread to finish
(vm8:r0:0) Connection established
(vm8:r0:0) Connection finished, received 26843546 bytes
(vm8:r0) thread 0 joined, 13 connections remaining
(vm8:r0) Starting new connection thread
(vm8:r0) Maximum number of connections reached (5), waiting for a thread to finish
(vm8:r0:0) Connection established
(vm8:r0:0) Connection finished, received 26843546 bytes
(vm8:r0) thread 0 joined, 12 connections remaining
(vm8:r0) Starting new connection thread
(vm8:r0) Maximum number of connections reached (5), waiting for a thread to finish
(vm8:r0:0) Connection established
(vm8:r0:0) Connection finished, received 26843546 bytes
(vm8:r0) thread 0 joined, 11 connections remaining
(vm8:r0) Starting new connection thread
(vm8:r0) Maximum number of connections reached (5), waiting for a thread to finish
(vm8:r0:0) Connection established
(vm8:r0:0) Connection finished, received 26843546 bytes
(vm8:r0) thread 0 joined, 10 connections remaining
(vm8:r0) Starting new connection thread
(vm8:r0) Maximum number of connections reached (5), waiting for a thread to finish
(vm8:r0:0) Connection established
(vm8:r0:0) Connection finished, received 26843546 bytes
(vm8:r0) thread 0 joined, 9 connections remaining
(vm8:r0) Starting new connection thread
(vm8:r0) Maximum number of connections reached (5), waiting for a thread to finish
(vm8:r0:0) Connection established
(vm8:r0:0) Connection finished, received 26843546 bytes
(vm8:r0) thread 0 joined, 8 connections remaining
(vm8:r0) Starting new connection thread
(vm8:r0) Maximum number of connections reached (5), waiting for a thread to finish
(vm8:r0:0) Connection established
(vm8:r0:0) Connection finished, received 26843546 bytes
(vm8:r0) thread 0 joined, 7 connections remaining
(vm8:r0) Starting new connection thread
(vm8:r0) Maximum number of connections reached (5), waiting for a thread to finish
(vm8:r0:0) Connection established
(vm8:r0:0) Connection finished, received 26843546 bytes
(vm8:r0) thread 0 joined, 6 connections remaining
(vm8:r0) Starting new connection thread
(vm8:r0) Maximum number of connections reached (5), waiting for a thread to finish
(vm8:r0:0) Connection established
(vm8:r0:0) Connection finished, received 26843546 bytes
(vm8:r0) thread 0 joined, 5 connections remaining
(vm8:r0) Starting new connection thread
(vm8:r0) Maximum number of connections reached (5), waiting for a thread to finish
(vm8:r0:0) Connection established
(vm8:r0:0) Connection finished, received 26843546 bytes
(vm8:r0) thread 0 joined, 4 connections remaining
(vm8:r0) Maximum number of connections reached (4), waiting for a thread to finish
(vm8:r0) thread 1 joined, 3 connections remaining
(vm8:r0) Maximum number of connections reached (3), waiting for a thread to finish
(vm8:r0) thread 2 joined, 2 connections remaining
(vm8:r0) Maximum number of connections reached (2), waiting for a thread to finish
(vm8:r0) thread 3 joined, 1 connections remaining
(vm8:r0) Maximum number of connections reached (1), waiting for a thread to finish
(vm8:r0) thread 4 joined, 0 connections remaining
(vm8:r0) all done, exiting
*RES* start node vm8:r0
*RES* vm8:r0:0,1403613613255,618,26,26843546
*RES* vm8:r0:0,1403613613878,454,40,26843546
*RES* vm8:r0:0,1403613614338,523,48,26843546
*RES* vm8:r0:0,1403613614879,548,25,26843546
*RES* vm8:r0:0,1403613615444,453,24,26843546
*RES* vm8:r0:0,1403613615902,340,22,26843546
*RES* vm8:r0:0,1403613616250,251,22,26843546
*RES* vm8:r0:0,1403613616506,285,18,26843546
*RES* vm8:r0:0,1403613616798,169,18,26843546
*RES* vm8:r0:0,1403613616974,171,19,26843546
*RES* vm8:r0:0,1403613617150,178,15,26843546
*RES* vm8:r0:0,1403613617334,171,15,26843546
*RES* vm8:r0:0,1403613617510,113,14,26843546
*RES* vm8:r0:0,1403613617630,224,17,26843546
*RES* vm8:r0:0,1403613617858,112,15,26843546
*RES* vm8:r0:0,1403613617974,79,14,26843546
*RES* vm8:r0:1,1403613613255,675,27,26843546
*RES* vm8:r0:2,1403613613255,486,26,26843546
*RES* vm8:r0:3,1403613613255,727,30,26843546
*RES* vm8:r0:4,1403613613255,580,27,26843546
*RES* end node vm8:r0
Node vm8:r0 joined
Worker terminating correctly
