OSMeF worker starting
Enabling core dumping
Listening for command connection
(vm27:m0) New mapper on port 23330
(vm27:m0) -> reducer data size 1144132807
(vm27:m0) -> reducer data size 1144132807
(vm27:m0) -> reducer data size 1144132807
(vm27:m0) -> reducer data size 1144132807
(vm27:m0) -> reducer data size 1144132807
(vm27:m0) -> reducer data size 1144132807
(vm27:m0) -> reducer data size 1144132807
(vm27:m0) -> reducer data size 1144132807
(vm27:m0) -> reducer data size 1144132807
(vm27:m0) -> reducer data size 1144132807
(vm27:m0) -> reducer data size 1144132807
(vm27:m0) -> reducer data size 1144132807
(vm27:m0) -> reducer data size 1144132807
(vm27:m0) -> reducer data size 1144132807
(vm27:m0) -> reducer data size 1144132807
(vm27:m0) -> reducer data size 1144132807
(vm27:m0) -> reducer data size 1144132807
(vm27:m0) -> reducer data size 1144132807
(vm27:m0) -> reducer data size 1144132807
(vm27:m0) -> reducer data size 1144132807
(vm27:m0) -> reducer data size 1144132807
(vm27:m0) -> reducer data size 1144132807
(vm27:m0) -> reducer data size 1144132807
(vm27:m0) -> reducer data size 1144132807
(vm27:m0) -> reducer data size 1144132807
(vm27:m0) -> reducer data size 1144132807
(vm27:m0) -> reducer data size 1144132807
(vm27:m0) -> reducer data size 1144132807
(vm27:m0) -> reducer data size 1144132807
(vm27:m0) -> reducer data size 1144132807
(vm27:m0) -> reducer data size 1144132807
(vm27:m0) Mapper thread started
(vm27:m0) Allocating data for reducer vm1:r0
(vm27:m0) Allocating data for reducer vm2:r0
(vm27:m0) Allocating data for reducer vm3:r0
(vm27:m0) Allocating data for reducer vm4:r0
(vm27:m0) Allocating data for reducer vm5:r0
(vm27:m0) Allocating data for reducer vm6:r0
(vm27:m0) Allocating data for reducer vm7:r0
(vm27:m0) Allocating data for reducer vm8:r0
(vm27:m0) Allocating data for reducer vm9:r0
(vm27:m0) Allocating data for reducer vm10:r0
(vm27:m0) Allocating data for reducer vm11:r0
(vm27:m0) Allocating data for reducer vm12:r0
(vm27:m0) Allocating data for reducer vm13:r0
(vm27:m0) Allocating data for reducer vm14:r0
(vm27:m0) Allocating data for reducer vm15:r0
(vm27:m0) Allocating data for reducer vm16:r0
(vm27:m0) Allocating data for reducer vm17:r0
(vm27:m0) Allocating data for reducer vm18:r0
(vm27:m0) Allocating data for reducer vm19:r0
(vm27:m0) Allocating data for reducer vm20:r0
(vm27:m0) Allocating data for reducer vm21:r0
(vm27:m0) Allocating data for reducer vm22:r0
(vm27:m0) Allocating data for reducer vm23:r0
(vm27:m0) Allocating data for reducer vm24:r0
(vm27:m0) Allocating data for reducer vm25:r0
(vm27:m0) Allocating data for reducer vm26:r0
(vm27:m0) Allocating data for reducer vm27:r0
(vm27:m0) Allocating data for reducer vm28:r0
(vm27:m0) Allocating data for reducer vm29:r0
(vm27:m0) Allocating data for reducer vm30:r0
(vm27:m0) Allocating data for reducer vm31:r0
(vm27:m0) Binding to port 23330
(vm27:r0) New reducer
(vm27:r0) Reducer thread started
(vm27:r0) waiting for START message
(vm27:r0) got START message
(vm27:r0) Starting new connection thread
(vm27:r0) Starting new connection thread
(vm27:r0) Starting new connection thread
(vm27:r0) Starting new connection thread
(vm27:r0) Starting new connection thread
(vm27:r0) Maximum number of connections reached (5), waiting for a thread to finish
(vm27:r0:2) Connection established
(vm27:r0:1) Connection established
(vm27:r0:0) Connection established
(vm27:r0:4) Connection established
(vm27:r0:3) Connection established
(vm27:r0:4) Connection finished, received 1144132808 bytes
(vm27:r0:3) Connection finished, received 1144132808 bytes
(vm27:r0:2) Connection finished, received 1144132808 bytes
(vm27:r0:0) Connection finished, received 1144132808 bytes
(vm27:r0) thread 0 joined, 30 connections remaining
(vm27:r0) Starting new connection thread
(vm27:r0) Maximum number of connections reached (5), waiting for a thread to finish
(vm27:r0:0) Connection established
(vm27:r0:1) Connection finished, received 1144132808 bytes
(vm27:r0:0) Connection finished, received 1144132808 bytes
(vm27:r0) thread 0 joined, 29 connections remaining
(vm27:r0) Starting new connection thread
(vm27:r0) Maximum number of connections reached (5), waiting for a thread to finish
(vm27:r0:0) Connection established
(vm27:r0:0) Connection finished, received 1144132808 bytes
(vm27:r0) thread 0 joined, 28 connections remaining
(vm27:r0) Starting new connection thread
(vm27:r0) Maximum number of connections reached (5), waiting for a thread to finish
(vm27:r0:0) Connection established
(vm27:r0:0) Connection finished, received 1144132808 bytes
(vm27:r0) thread 0 joined, 27 connections remaining
(vm27:r0) Starting new connection thread
(vm27:r0) Maximum number of connections reached (5), waiting for a thread to finish
(vm27:r0:0) Connection established
(vm27:r0:0) Connection finished, received 1144132808 bytes
(vm27:r0) thread 0 joined, 26 connections remaining
(vm27:r0) Starting new connection thread
(vm27:r0) Maximum number of connections reached (5), waiting for a thread to finish
(vm27:r0:0) Connection established
(vm27:m0) Got connection from reducer vm29:r0
(vm27:m0:28) thread started, have to send 1144132807 bytes
(vm27:m0:28) all data sent, thread exiting
(vm27:r0:0) Connection finished, received 1144132808 bytes
(vm27:r0) thread 0 joined, 25 connections remaining
(vm27:r0) Starting new connection thread
(vm27:r0) Maximum number of connections reached (5), waiting for a thread to finish
(vm27:r0:0) Connection established
(vm27:r0:0) Connection finished, received 1144132808 bytes
(vm27:r0) thread 0 joined, 24 connections remaining
(vm27:r0) Starting new connection thread
(vm27:r0) Maximum number of connections reached (5), waiting for a thread to finish
(vm27:r0:0) Connection established
(vm27:r0:0) Connection finished, received 1144132808 bytes
(vm27:r0) thread 0 joined, 23 connections remaining
(vm27:r0) Starting new connection thread
(vm27:r0) Maximum number of connections reached (5), waiting for a thread to finish
(vm27:r0:0) Connection established
(vm27:m0) Got connection from reducer vm24:r0
(vm27:m0:23) thread started, have to send 1144132807 bytes
(vm27:m0) Got connection from reducer vm1:r0
(vm27:m0:0) thread started, have to send 1144132807 bytes
(vm27:m0) Got connection from reducer vm15:r0
(vm27:m0:14) thread started, have to send 1144132807 bytes
(vm27:r0:0) Connection finished, received 1144132808 bytes
(vm27:r0) thread 0 joined, 22 connections remaining
(vm27:r0) Starting new connection thread
(vm27:r0) Maximum number of connections reached (5), waiting for a thread to finish
(vm27:r0:0) Connection established
(vm27:m0) Got connection from reducer vm28:r0
(vm27:m0:27) thread started, have to send 1144132807 bytes
(vm27:m0:23) all data sent, thread exiting
(vm27:m0:0) all data sent, thread exiting
(vm27:r0:0) Connection finished, received 1144132808 bytes
(vm27:r0) thread 0 joined, 21 connections remaining
(vm27:r0) Starting new connection thread
(vm27:r0) Maximum number of connections reached (5), waiting for a thread to finish
(vm27:r0:0) Connection established
(vm27:m0:14) all data sent, thread exiting
(vm27:m0:27) all data sent, thread exiting
(vm27:r0:0) Connection finished, received 1144132808 bytes
(vm27:r0) thread 0 joined, 20 connections remaining
(vm27:r0) Starting new connection thread
(vm27:r0) Maximum number of connections reached (5), waiting for a thread to finish
(vm27:r0:0) Connection established
(vm27:m0) Got connection from reducer vm17:r0
(vm27:m0:16) thread started, have to send 1144132807 bytes
(vm27:r0:0) Connection finished, received 1144132808 bytes
(vm27:r0) thread 0 joined, 19 connections remaining
(vm27:r0) Starting new connection thread
(vm27:r0) Maximum number of connections reached (5), waiting for a thread to finish
(vm27:r0:0) Connection established
(vm27:m0:16) all data sent, thread exiting
(vm27:m0) Got connection from reducer vm21:r0
(vm27:m0:20) thread started, have to send 1144132807 bytes
(vm27:r0:0) Connection finished, received 1144132808 bytes
(vm27:r0) thread 0 joined, 18 connections remaining
(vm27:r0) Starting new connection thread
(vm27:r0) Maximum number of connections reached (5), waiting for a thread to finish
(vm27:r0:0) Connection established
(vm27:m0) Got connection from reducer vm6:r0
(vm27:m0:5) thread started, have to send 1144132807 bytes
(vm27:r0:0) Connection finished, received 1144132808 bytes
(vm27:r0) thread 0 joined, 17 connections remaining
(vm27:r0) Starting new connection thread
(vm27:r0) Maximum number of connections reached (5), waiting for a thread to finish
(vm27:r0:0) Connection established
(vm27:m0:20) all data sent, thread exiting
(vm27:m0:5) all data sent, thread exiting
(vm27:m0) Got connection from reducer vm18:r0
(vm27:m0:17) thread started, have to send 1144132807 bytes
(vm27:m0) Got connection from reducer vm26:r0
(vm27:m0:25) thread started, have to send 1144132807 bytes
(vm27:m0) Got connection from reducer vm7:r0
(vm27:m0:6) thread started, have to send 1144132807 bytes
(vm27:r0:0) Connection finished, received 1144132808 bytes
(vm27:r0) thread 0 joined, 16 connections remaining
(vm27:r0) Starting new connection thread
(vm27:r0) Maximum number of connections reached (5), waiting for a thread to finish
(vm27:r0:0) Connection established
(vm27:m0) Got connection from reducer vm8:r0
(vm27:m0:7) thread started, have to send 1144132807 bytes
(vm27:m0:17) all data sent, thread exiting
(vm27:m0:6) all data sent, thread exiting
(vm27:m0:25) all data sent, thread exiting
(vm27:m0:7) all data sent, thread exiting
(vm27:r0:0) Connection finished, received 1144132808 bytes
(vm27:r0) thread 0 joined, 15 connections remaining
(vm27:r0) Starting new connection thread
(vm27:r0) Maximum number of connections reached (5), waiting for a thread to finish
(vm27:r0:0) Connection established
(vm27:r0:0) Connection finished, received 1144132808 bytes
(vm27:r0) thread 0 joined, 14 connections remaining
(vm27:r0) Starting new connection thread
(vm27:r0) Maximum number of connections reached (5), waiting for a thread to finish
(vm27:r0:0) Connection established
(vm27:m0) Got connection from reducer vm23:r0
(vm27:m0:22) thread started, have to send 1144132807 bytes
(vm27:m0) Got connection from reducer vm25:r0
(vm27:m0:24) thread started, have to send 1144132807 bytes
(vm27:m0) Got connection from reducer vm11:r0
(vm27:m0:10) thread started, have to send 1144132807 bytes
(vm27:r0:0) Connection finished, received 1144132808 bytes
(vm27:r0) thread 0 joined, 13 connections remaining
(vm27:r0) Starting new connection thread
(vm27:r0) Maximum number of connections reached (5), waiting for a thread to finish
(vm27:r0:0) Connection established
(vm27:m0:22) all data sent, thread exiting
(vm27:m0:10) all data sent, thread exiting
(vm27:m0:24) all data sent, thread exiting
(vm27:m0) Got connection from reducer vm4:r0
(vm27:m0:3) thread started, have to send 1144132807 bytes
(vm27:m0) Got connection from reducer vm30:r0
(vm27:m0:29) thread started, have to send 1144132807 bytes
(vm27:r0:0) Connection finished, received 1144132808 bytes
(vm27:r0) thread 0 joined, 12 connections remaining
(vm27:r0) Starting new connection thread
(vm27:r0) Maximum number of connections reached (5), waiting for a thread to finish
(vm27:r0:0) Connection established
(vm27:m0) Got connection from reducer vm9:r0
(vm27:m0:8) thread started, have to send 1144132807 bytes
(vm27:m0) Got connection from reducer vm20:r0
(vm27:m0:19) thread started, have to send 1144132807 bytes
(vm27:m0) Got connection from reducer vm3:r0
(vm27:m0:2) thread started, have to send 1144132807 bytes
(vm27:m0:3) all data sent, thread exiting
(vm27:m0:29) all data sent, thread exiting
(vm27:m0) Got connection from reducer vm31:r0
(vm27:m0:30) thread started, have to send 1144132807 bytes
(vm27:r0:0) Connection finished, received 1144132808 bytes
(vm27:r0) thread 0 joined, 11 connections remaining
(vm27:r0) Starting new connection thread
(vm27:r0) Maximum number of connections reached (5), waiting for a thread to finish
(vm27:r0:0) Connection established
(vm27:m0) Got connection from reducer vm19:r0
(vm27:m0:18) thread started, have to send 1144132807 bytes
(vm27:m0:8) all data sent, thread exiting
(vm27:m0:19) all data sent, thread exiting
(vm27:m0:2) all data sent, thread exiting
(vm27:m0) Got connection from reducer vm5:r0
(vm27:m0:4) thread started, have to send 1144132807 bytes
(vm27:m0) Got connection from reducer vm10:r0
(vm27:m0:9) thread started, have to send 1144132807 bytes
(vm27:m0:30) all data sent, thread exiting
(vm27:m0:18) all data sent, thread exiting
(vm27:r0:0) Connection finished, received 1144132808 bytes
(vm27:r0) thread 0 joined, 10 connections remaining
(vm27:r0) Starting new connection thread
(vm27:r0) Maximum number of connections reached (5), waiting for a thread to finish
(vm27:r0:0) Connection established
(vm27:m0) Got connection from reducer vm12:r0
(vm27:m0:11) thread started, have to send 1144132807 bytes
(vm27:m0) Got connection from reducer vm2:r0
(vm27:m0:1) thread started, have to send 1144132807 bytes
(vm27:m0:4) all data sent, thread exiting
(vm27:m0:9) all data sent, thread exiting
(vm27:r0:0) Connection finished, received 1144132808 bytes
(vm27:r0) thread 0 joined, 9 connections remaining
(vm27:r0) Starting new connection thread
(vm27:r0) Maximum number of connections reached (5), waiting for a thread to finish
(vm27:r0:0) Connection established
(vm27:m0) Got connection from reducer vm27:r0
(vm27:m0:26) thread started, have to send 1144132807 bytes
(vm27:m0) Got connection from reducer vm16:r0
(vm27:m0:15) thread started, have to send 1144132807 bytes
(vm27:m0:1) all data sent, thread exiting
(vm27:m0:11) all data sent, thread exiting
(vm27:m0:26) all data sent, thread exiting
(vm27:r0:0) Connection finished, received 1144132808 bytes
(vm27:r0) thread 0 joined, 8 connections remaining
(vm27:r0) Starting new connection thread
(vm27:r0) Maximum number of connections reached (5), waiting for a thread to finish
(vm27:r0:0) Connection established
(vm27:m0) Got connection from reducer vm13:r0
(vm27:m0:12) thread started, have to send 1144132807 bytes
(vm27:m0:15) all data sent, thread exiting
(vm27:m0) Got connection from reducer vm14:r0
(vm27:m0:13) thread started, have to send 1144132807 bytes
(vm27:m0) Got connection from reducer vm22:r0
(vm27:m0) Waiting for a thread to finish
(vm27:m0) thread 0 joined, 30 connections remaining
(vm27:m0) Waiting for a thread to finish
(vm27:m0) thread 1 joined, 29 connections remaining
(vm27:m0) Waiting for a thread to finish
(vm27:m0) thread 2 joined, 28 connections remaining
(vm27:m0) Waiting for a thread to finish
(vm27:m0) thread 3 joined, 27 connections remaining
(vm27:m0) Waiting for a thread to finish
(vm27:m0) thread 4 joined, 26 connections remaining
(vm27:m0) Waiting for a thread to finish
(vm27:m0) thread 5 joined, 25 connections remaining
(vm27:m0) Waiting for a thread to finish
(vm27:m0) thread 6 joined, 24 connections remaining
(vm27:m0) Waiting for a thread to finish
(vm27:m0) thread 7 joined, 23 connections remaining
(vm27:m0) Waiting for a thread to finish
(vm27:m0) thread 8 joined, 22 connections remaining
(vm27:m0) Waiting for a thread to finish
(vm27:m0) thread 9 joined, 21 connections remaining
(vm27:m0) Waiting for a thread to finish
(vm27:m0) thread 10 joined, 20 connections remaining
(vm27:m0) Waiting for a thread to finish
(vm27:m0) thread 11 joined, 19 connections remaining
(vm27:m0) Waiting for a thread to finish
(vm27:m0:21) thread started, have to send 1144132807 bytes
(vm27:r0:0) Connection finished, received 1144132808 bytes
(vm27:r0) thread 0 joined, 7 connections remaining
(vm27:r0) Starting new connection thread
(vm27:r0) Maximum number of connections reached (5), waiting for a thread to finish
(vm27:r0:0) Connection established
(vm27:m0:12) all data sent, thread exiting
(vm27:m0) thread 12 joined, 18 connections remaining
(vm27:m0) Waiting for a thread to finish
(vm27:m0:13) all data sent, thread exiting
(vm27:m0) thread 13 joined, 17 connections remaining
(vm27:m0) Waiting for a thread to finish
(vm27:m0) thread 14 joined, 16 connections remaining
(vm27:m0) Waiting for a thread to finish
(vm27:m0) thread 15 joined, 15 connections remaining
(vm27:m0) Waiting for a thread to finish
(vm27:m0) thread 16 joined, 14 connections remaining
(vm27:m0) Waiting for a thread to finish
(vm27:m0) thread 17 joined, 13 connections remaining
(vm27:m0) Waiting for a thread to finish
(vm27:m0) thread 18 joined, 12 connections remaining
(vm27:m0) Waiting for a thread to finish
(vm27:m0) thread 19 joined, 11 connections remaining
(vm27:m0) Waiting for a thread to finish
(vm27:m0) thread 20 joined, 10 connections remaining
(vm27:m0) Waiting for a thread to finish
(vm27:r0:0) Connection finished, received 1144132808 bytes
(vm27:r0) thread 0 joined, 6 connections remaining
(vm27:r0) Starting new connection thread
(vm27:r0) Maximum number of connections reached (5), waiting for a thread to finish
(vm27:r0:0) Connection established
(vm27:m0:21) all data sent, thread exiting
(vm27:m0) thread 21 joined, 9 connections remaining
(vm27:m0) Waiting for a thread to finish
(vm27:m0) thread 22 joined, 8 connections remaining
(vm27:m0) Waiting for a thread to finish
(vm27:m0) thread 23 joined, 7 connections remaining
(vm27:m0) Waiting for a thread to finish
(vm27:m0) thread 24 joined, 6 connections remaining
(vm27:m0) Waiting for a thread to finish
(vm27:m0) thread 25 joined, 5 connections remaining
(vm27:m0) Waiting for a thread to finish
(vm27:m0) thread 26 joined, 4 connections remaining
(vm27:m0) Waiting for a thread to finish
(vm27:m0) thread 27 joined, 3 connections remaining
(vm27:m0) Waiting for a thread to finish
(vm27:m0) thread 28 joined, 2 connections remaining
(vm27:m0) Waiting for a thread to finish
(vm27:m0) thread 29 joined, 1 connections remaining
(vm27:m0) Waiting for a thread to finish
(vm27:m0) thread 30 joined, 0 connections remaining
(vm27:m0) all done, exiting
*RES* start node vm27:m0
*RES* vm27:m0:0,1405431646834,9384,1809,1144132808
*RES* vm27:m0:1,1405431735352,4809,1030,1144132808
*RES* vm27:m0:2,1405431722187,7208,1183,1144132808
*RES* vm27:m0:3,1405431717658,4597,1206,1144132808
*RES* vm27:m0:4,1405431729712,5724,1196,1144132808
*RES* vm27:m0:5,1405431682269,5738,1318,1144132808
*RES* vm27:m0:6,1405431690130,6167,1083,1144132808
*RES* vm27:m0:7,1405431693376,6227,1345,1144132808
*RES* vm27:m0:8,1405431721490,7146,1203,1144132808
*RES* vm27:m0:9,1405431730413,5816,1228,1144132808
*RES* vm27:m0:10,1405431712085,5179,1157,1144132808
*RES* vm27:m0:11,1405431735233,4995,1048,1144132808
*RES* vm27:m0:12,1405431742093,5325,1010,1144132808
*RES* vm27:m0:13,1405431742616,5440,1021,1144132808
*RES* vm27:m0:14,1405431649170,10019,1426,1144132808
*RES* vm27:m0:15,1405431738567,3985,1057,1144132808
*RES* vm27:m0:16,1405431667295,7264,1254,1144132808
*RES* vm27:m0:17,1405431688019,7376,1140,1144132808
*RES* vm27:m0:18,1405431726579,6437,1136,1144132808
*RES* vm27:m0:19,1405431722159,7168,1177,1144132808
*RES* vm27:m0:20,1405431677749,10067,1085,1144132808
*RES* vm27:m0:21,1405431743767,5613,1069,1144132808
*RES* vm27:m0:22,1405431710866,6183,1085,1144132808
*RES* vm27:m0:23,1405431645288,8975,1920,1144132808
*RES* vm27:m0:24,1405431710907,6715,1118,1144132808
*RES* vm27:m0:25,1405431689721,7058,1131,1144132808
*RES* vm27:m0:26,1405431737706,3324,250,1144132808
*RES* vm27:m0:27,1405431650746,8899,1277,1144132808
*RES* vm27:m0:28,1405431610581,5949,2252,1144132808
*RES* vm27:m0:29,1405431718563,5456,1205,1144132808
*RES* vm27:m0:30,1405431725497,6629,1124,1144132808
*RES* end node vm27:m0
Node vm27:m0 joined
(vm27:r0:0) Connection finished, received 1144132808 bytes
(vm27:r0) thread 0 joined, 5 connections remaining
(vm27:r0) Starting new connection thread
(vm27:r0) Maximum number of connections reached (5), waiting for a thread to finish
(vm27:r0:0) Connection established
(vm27:r0:0) Connection finished, received 1144132808 bytes
(vm27:r0) thread 0 joined, 4 connections remaining
(vm27:r0) Maximum number of connections reached (4), waiting for a thread to finish
(vm27:r0) thread 1 joined, 3 connections remaining
(vm27:r0) Maximum number of connections reached (3), waiting for a thread to finish
(vm27:r0) thread 2 joined, 2 connections remaining
(vm27:r0) Maximum number of connections reached (2), waiting for a thread to finish
(vm27:r0) thread 3 joined, 1 connections remaining
(vm27:r0) Maximum number of connections reached (1), waiting for a thread to finish
(vm27:r0) thread 4 joined, 0 connections remaining
(vm27:r0) all done, exiting
*RES* start node vm27:r0
*RES* vm27:r0:0,1405431456682,33833,1084,1144132808
*RES* vm27:r0:0,1405431490521,31533,1144,1144132808
*RES* vm27:r0:0,1405431522061,30397,1011,1144132808
*RES* vm27:r0:0,1405431552465,27159,1030,1144132808
*RES* vm27:r0:0,1405431579629,21079,1046,1144132808
*RES* vm27:r0:0,1405431600713,17044,1107,1144132808
*RES* vm27:r0:0,1405431617765,14615,1024,1144132808
*RES* vm27:r0:0,1405431632385,9187,1389,1144132808
*RES* vm27:r0:0,1405431641577,8602,1814,1144132808
*RES* vm27:r0:0,1405431650197,8520,1184,1144132808
*RES* vm27:r0:0,1405431658729,7795,1584,1144132808
*RES* vm27:r0:0,1405431666529,5853,2073,1144132808
*RES* vm27:r0:0,1405431672392,9205,2149,1144132808
*RES* vm27:r0:0,1405431681606,6023,1408,1144132808
*RES* vm27:r0:0,1405431687643,5506,1137,1144132808
*RES* vm27:r0:0,1405431693159,7335,1180,1144132808
*RES* vm27:r0:0,1405431700497,6215,1235,1144132808
*RES* vm27:r0:0,1405431706717,6830,1130,1144132808
*RES* vm27:r0:0,1405431713561,7161,1139,1144132808
*RES* vm27:r0:0,1405431720745,5648,990,1144132808
*RES* vm27:r0:0,1405431726411,6615,966,1144132808
*RES* vm27:r0:0,1405431733037,4649,987,1144132808
*RES* vm27:r0:0,1405431737705,3340,756,1144132808
*RES* vm27:r0:0,1405431741053,3258,756,1144132808
*RES* vm27:r0:0,1405431744333,4261,769,1144132808
*RES* vm27:r0:0,1405431748609,1825,713,1144132808
*RES* vm27:r0:0,1405431750441,1660,653,1144132808
*RES* vm27:r0:1,1405431456682,36115,1067,1144132808
*RES* vm27:r0:2,1405431456682,31567,1065,1144132808
*RES* vm27:r0:3,1405431456682,30012,1054,1144132808
*RES* vm27:r0:4,1405431456682,29976,1038,1144132808
*RES* end node vm27:r0
Node vm27:r0 joined
Worker terminating correctly
