OSMeF worker starting
Enabling core dumping
Listening for command connection
(vm17:m0) New mapper on port 23330
(vm17:m0) -> reducer data size 37153696
(vm17:m0) -> reducer data size 37153696
(vm17:m0) -> reducer data size 37153696
(vm17:m0) -> reducer data size 37153696
(vm17:m0) -> reducer data size 37153696
(vm17:m0) -> reducer data size 37153696
(vm17:m0) -> reducer data size 37153696
(vm17:m0) -> reducer data size 37153696
(vm17:m0) -> reducer data size 37153696
(vm17:m0) -> reducer data size 37153696
(vm17:m0) -> reducer data size 37153696
(vm17:m0) -> reducer data size 37153696
(vm17:m0) -> reducer data size 37153696
(vm17:m0) -> reducer data size 37153696
(vm17:m0) -> reducer data size 37153696
(vm17:m0) -> reducer data size 37153696
(vm17:m0) -> reducer data size 37153696
(vm17:m0) Mapper thread started
(vm17:m0) Allocating data for reducer vm1:r0
(vm17:m0) Allocating data for reducer vm2:r0
(vm17:m0) Allocating data for reducer vm3:r0
(vm17:m0) Allocating data for reducer vm4:r0
(vm17:m0) Allocating data for reducer vm5:r0
(vm17:m0) Allocating data for reducer vm6:r0
(vm17:m0) Allocating data for reducer vm7:r0
(vm17:m0) Allocating data for reducer vm8:r0
(vm17:m0) Allocating data for reducer vm9:r0
(vm17:m0) Allocating data for reducer vm10:r0
(vm17:m0) Allocating data for reducer vm11:r0
(vm17:m0) Allocating data for reducer vm12:r0
(vm17:m0) Allocating data for reducer vm13:r0
(vm17:m0) Allocating data for reducer vm14:r0
(vm17:m0) Allocating data for reducer vm15:r0
(vm17:m0) Allocating data for reducer vm16:r0
(vm17:m0) Allocating data for reducer vm17:r0
(vm17:m0) Binding to port 23330
(vm17:r0) New reducer
(vm17:r0) Reducer thread started
(vm17:r0) waiting for START message
(vm17:r0) got START message
(vm17:r0) Starting new connection thread
(vm17:r0) Starting new connection thread
(vm17:r0) Starting new connection thread
(vm17:r0) Starting new connection thread
(vm17:r0) Starting new connection thread
(vm17:r0) Maximum number of connections reached (5), waiting for a thread to finish
(vm17:r0:3) Connection established
(vm17:r0:2) Connection established
(vm17:r0:1) Connection established
(vm17:r0:0) Connection established
(vm17:r0:4) Connection established
(vm17:r0:3) Connection finished, received 37153697 bytes
(vm17:r0:2) Connection finished, received 37153697 bytes
(vm17:r0:0) Connection finished, received 37153697 bytes
(vm17:r0) thread 0 joined, 16 connections remaining
(vm17:r0) Starting new connection thread
(vm17:r0) Maximum number of connections reached (5), waiting for a thread to finish
(vm17:r0:0) Connection established
(vm17:r0:4) Connection finished, received 37153697 bytes
(vm17:r0:1) Connection finished, received 37153697 bytes
(vm17:r0:0) Connection finished, received 37153697 bytes
(vm17:r0) thread 0 joined, 15 connections remaining
(vm17:r0) Starting new connection thread
(vm17:r0) Maximum number of connections reached (5), waiting for a thread to finish
(vm17:r0:0) Connection established
(vm17:r0:0) Connection finished, received 37153697 bytes
(vm17:r0) thread 0 joined, 14 connections remaining
(vm17:r0) Starting new connection thread
(vm17:r0) Maximum number of connections reached (5), waiting for a thread to finish
(vm17:r0:0) Connection established
(vm17:r0:0) Connection finished, received 37153697 bytes
(vm17:r0) thread 0 joined, 13 connections remaining
(vm17:r0) Starting new connection thread
(vm17:r0) Maximum number of connections reached (5), waiting for a thread to finish
(vm17:r0:0) Connection established
(vm17:r0:0) Connection finished, received 37153697 bytes
(vm17:r0) thread 0 joined, 12 connections remaining
(vm17:r0) Starting new connection thread
(vm17:r0) Maximum number of connections reached (5), waiting for a thread to finish
(vm17:r0:0) Connection established
(vm17:r0:0) Connection finished, received 37153697 bytes
(vm17:r0) thread 0 joined, 11 connections remaining
(vm17:r0) Starting new connection thread
(vm17:r0) Maximum number of connections reached (5), waiting for a thread to finish
(vm17:r0:0) Connection established
(vm17:r0:0) Connection finished, received 37153697 bytes
(vm17:r0) thread 0 joined, 10 connections remaining
(vm17:r0) Starting new connection thread
(vm17:r0) Maximum number of connections reached (5), waiting for a thread to finish
(vm17:r0:0) Connection established
(vm17:r0:0) Connection finished, received 37153697 bytes
(vm17:r0) thread 0 joined, 9 connections remaining
(vm17:r0) Starting new connection thread
(vm17:r0) Maximum number of connections reached (5), waiting for a thread to finish
(vm17:r0:0) Connection established
(vm17:r0:0) Connection finished, received 37153697 bytes
(vm17:r0) thread 0 joined, 8 connections remaining
(vm17:r0) Starting new connection thread
(vm17:r0) Maximum number of connections reached (5), waiting for a thread to finish
(vm17:r0:0) Connection established
(vm17:m0) Got connection from reducer vm1:r0
(vm17:m0:0) thread started, have to send 37153696 bytes
(vm17:r0:0) Connection finished, received 37153697 bytes
(vm17:r0) thread 0 joined, 7 connections remaining
(vm17:r0) Starting new connection thread
(vm17:r0) Maximum number of connections reached (5), waiting for a thread to finish
(vm17:r0:0) Connection established
(vm17:m0:0) all data sent, thread exiting
(vm17:r0:0) Connection finished, received 37153697 bytes
(vm17:r0) thread 0 joined, 6 connections remaining
(vm17:r0) Starting new connection thread
(vm17:r0) Maximum number of connections reached (5), waiting for a thread to finish
(vm17:r0:0) Connection established
(vm17:r0:0) Connection finished, received 37153697 bytes
(vm17:r0) thread 0 joined, 5 connections remaining
(vm17:r0) Starting new connection thread
(vm17:r0) Maximum number of connections reached (5), waiting for a thread to finish
(vm17:r0:0) Connection established
(vm17:m0) Got connection from reducer vm17:r0
(vm17:m0:16) thread started, have to send 37153696 bytes
(vm17:m0:16) all data sent, thread exiting
(vm17:r0:0) Connection finished, received 37153697 bytes
(vm17:r0) thread 0 joined, 4 connections remaining
(vm17:r0) Maximum number of connections reached (4), waiting for a thread to finish
(vm17:r0) thread 1 joined, 3 connections remaining
(vm17:r0) Maximum number of connections reached (3), waiting for a thread to finish
(vm17:r0) thread 2 joined, 2 connections remaining
(vm17:r0) Maximum number of connections reached (2), waiting for a thread to finish
(vm17:r0) thread 3 joined, 1 connections remaining
(vm17:r0) Maximum number of connections reached (1), waiting for a thread to finish
(vm17:r0) thread 4 joined, 0 connections remaining
(vm17:r0) all done, exiting
(vm17:m0) Got connection from reducer vm16:r0
(vm17:m0:15) thread started, have to send 37153696 bytes
(vm17:m0:15) all data sent, thread exiting
(vm17:m0) Got connection from reducer vm6:r0
(vm17:m0:5) thread started, have to send 37153696 bytes
(vm17:m0:5) all data sent, thread exiting
(vm17:m0) Got connection from reducer vm15:r0
(vm17:m0:14) thread started, have to send 37153696 bytes
(vm17:m0:14) all data sent, thread exiting
(vm17:m0) Got connection from reducer vm8:r0
(vm17:m0:7) thread started, have to send 37153696 bytes
(vm17:m0:7) all data sent, thread exiting
(vm17:m0) Got connection from reducer vm7:r0
(vm17:m0:6) thread started, have to send 37153696 bytes
(vm17:m0) Got connection from reducer vm10:r0
(vm17:m0:9) thread started, have to send 37153696 bytes
(vm17:m0:6) all data sent, thread exiting
(vm17:m0) Got connection from reducer vm9:r0
(vm17:m0:8) thread started, have to send 37153696 bytes
(vm17:m0:9) all data sent, thread exiting
(vm17:m0:8) all data sent, thread exiting
(vm17:m0) Got connection from reducer vm13:r0
(vm17:m0:12) thread started, have to send 37153696 bytes
(vm17:m0:12) all data sent, thread exiting
(vm17:m0) Got connection from reducer vm11:r0
(vm17:m0:10) thread started, have to send 37153696 bytes
(vm17:m0:10) all data sent, thread exiting
(vm17:m0) Got connection from reducer vm12:r0
(vm17:m0:11) thread started, have to send 37153696 bytes
(vm17:m0:11) all data sent, thread exiting
(vm17:m0) Got connection from reducer vm14:r0
(vm17:m0:13) thread started, have to send 37153696 bytes
(vm17:m0:13) all data sent, thread exiting
(vm17:m0) Got connection from reducer vm4:r0
(vm17:m0:3) thread started, have to send 37153696 bytes
(vm17:m0) Got connection from reducer vm2:r0
(vm17:m0:1) thread started, have to send 37153696 bytes
(vm17:m0) Got connection from reducer vm3:r0
(vm17:m0:2) thread started, have to send 37153696 bytes
(vm17:m0) Got connection from reducer vm5:r0
(vm17:m0) Waiting for a thread to finish
(vm17:m0) thread 0 joined, 16 connections remaining
(vm17:m0) Waiting for a thread to finish
(vm17:m0:4) thread started, have to send 37153696 bytes
(vm17:m0:3) all data sent, thread exiting
(vm17:m0:1) all data sent, thread exiting
(vm17:m0) thread 1 joined, 15 connections remaining
(vm17:m0) Waiting for a thread to finish
(vm17:m0:2) all data sent, thread exiting
(vm17:m0) thread 2 joined, 14 connections remaining
(vm17:m0) Waiting for a thread to finish
(vm17:m0) thread 3 joined, 13 connections remaining
(vm17:m0) Waiting for a thread to finish
(vm17:m0:4) all data sent, thread exiting
(vm17:m0) thread 4 joined, 12 connections remaining
(vm17:m0) Waiting for a thread to finish
(vm17:m0) thread 5 joined, 11 connections remaining
(vm17:m0) Waiting for a thread to finish
(vm17:m0) thread 6 joined, 10 connections remaining
(vm17:m0) Waiting for a thread to finish
(vm17:m0) thread 7 joined, 9 connections remaining
(vm17:m0) Waiting for a thread to finish
(vm17:m0) thread 8 joined, 8 connections remaining
(vm17:m0) Waiting for a thread to finish
(vm17:m0) thread 9 joined, 7 connections remaining
(vm17:m0) Waiting for a thread to finish
(vm17:m0) thread 10 joined, 6 connections remaining
(vm17:m0) Waiting for a thread to finish
(vm17:m0) thread 11 joined, 5 connections remaining
(vm17:m0) Waiting for a thread to finish
(vm17:m0) thread 12 joined, 4 connections remaining
(vm17:m0) Waiting for a thread to finish
(vm17:m0) thread 13 joined, 3 connections remaining
(vm17:m0) Waiting for a thread to finish
(vm17:m0) thread 14 joined, 2 connections remaining
(vm17:m0) Waiting for a thread to finish
(vm17:m0) thread 15 joined, 1 connections remaining
(vm17:m0) Waiting for a thread to finish
(vm17:m0) thread 16 joined, 0 connections remaining
(vm17:m0) all done, exiting
*RES* start node vm17:m0
*RES* vm17:m0:0,1403612025227,98,28,37153697
*RES* vm17:m0:1,1403612027583,96,20,37153697
*RES* vm17:m0:2,1403612027586,100,19,37153697
*RES* vm17:m0:3,1403612027576,91,20,37153697
*RES* vm17:m0:4,1403612027603,86,19,37153697
*RES* vm17:m0:5,1403612026217,61,27,37153697
*RES* vm17:m0:6,1403612026690,70,31,37153697
*RES* vm17:m0:7,1403612026578,71,29,37153697
*RES* vm17:m0:8,1403612026803,61,22,37153697
*RES* vm17:m0:9,1403612026739,71,29,37153697
*RES* vm17:m0:10,1403612027281,56,25,37153697
*RES* vm17:m0:11,1403612027362,56,27,37153697
*RES* vm17:m0:12,1403612027173,51,31,37153697
*RES* vm17:m0:13,1403612027438,44,19,37153697
*RES* vm17:m0:14,1403612026391,102,29,37153697
*RES* vm17:m0:15,1403612025841,101,41,37153697
*RES* vm17:m0:16,1403612025501,27,8,37153697
*RES* end node vm17:m0
Node vm17:m0 joined
*RES* start node vm17:r0
*RES* vm17:r0:0,1403612023452,709,38,37153697
*RES* vm17:r0:0,1403612024169,390,36,37153697
*RES* vm17:r0:0,1403612024565,69,25,37153697
*RES* vm17:r0:0,1403612024641,84,25,37153697
*RES* vm17:r0:0,1403612024729,105,30,37153697
*RES* vm17:r0:0,1403612024841,68,25,37153697
*RES* vm17:r0:0,1403612024913,76,30,37153697
*RES* vm17:r0:0,1403612024993,77,20,37153697
*RES* vm17:r0:0,1403612025077,87,21,37153697
*RES* vm17:r0:0,1403612025169,77,22,37153697
*RES* vm17:r0:0,1403612025253,111,27,37153697
*RES* vm17:r0:0,1403612025369,123,22,37153697
*RES* vm17:r0:0,1403612025497,32,12,37153697
*RES* vm17:r0:1,1403612023452,773,40,37153697
*RES* vm17:r0:2,1403612023452,652,38,37153697
*RES* vm17:r0:3,1403612023452,630,38,37153697
*RES* vm17:r0:4,1403612023452,772,38,37153697
*RES* end node vm17:r0
Node vm17:r0 joined
Worker terminating correctly
