OSMeF worker starting
Enabling core dumping
Listening for command connection
(vm6:m0) New mapper on port 23330
(vm6:m0) -> reducer data size 74565404
(vm6:m0) -> reducer data size 74565404
(vm6:m0) -> reducer data size 74565404
(vm6:m0) -> reducer data size 74565404
(vm6:m0) -> reducer data size 74565404
(vm6:m0) -> reducer data size 74565404
(vm6:m0) -> reducer data size 74565404
(vm6:m0) -> reducer data size 74565404
(vm6:m0) -> reducer data size 74565404
(vm6:m0) -> reducer data size 74565404
(vm6:m0) -> reducer data size 74565404
(vm6:m0) -> reducer data size 74565404
(vm6:m0) Mapper thread started
(vm6:m0) Allocating data for reducer vm1:r0
(vm6:m0) Allocating data for reducer vm2:r0
(vm6:m0) Allocating data for reducer vm3:r0
(vm6:m0) Allocating data for reducer vm4:r0
(vm6:m0) Allocating data for reducer vm5:r0
(vm6:m0) Allocating data for reducer vm6:r0
(vm6:m0) Allocating data for reducer vm7:r0
(vm6:m0) Allocating data for reducer vm8:r0
(vm6:m0) Allocating data for reducer vm9:r0
(vm6:m0) Allocating data for reducer vm10:r0
(vm6:m0) Allocating data for reducer vm11:r0
(vm6:m0) Allocating data for reducer vm12:r0
(vm6:m0) Binding to port 23330
(vm6:r0) New reducer
(vm6:r0) Reducer thread started
(vm6:r0) waiting for START message
(vm6:r0) got START message
(vm6:r0) Starting new connection thread
(vm6:r0) Starting new connection thread
(vm6:r0) Starting new connection thread
(vm6:r0) Starting new connection thread
(vm6:r0) Starting new connection thread
(vm6:r0) Maximum number of connections reached (5), waiting for a thread to finish
(vm6:r0:4) Connection established
(vm6:r0:3) Connection established
(vm6:r0:2) Connection established
(vm6:r0:0) Connection established
(vm6:r0:1) Connection established
(vm6:m0) Got connection from reducer vm1:r0
(vm6:m0:0) thread started, have to send 74565404 bytes
(vm6:r0:4) Connection finished, received 74565405 bytes
(vm6:r0:2) Connection finished, received 74565405 bytes
(vm6:m0) Got connection from reducer vm10:r0
(vm6:r0:3) Connection finished, received 74565405 bytes
(vm6:m0:9) thread started, have to send 74565404 bytes
(vm6:m0) Got connection from reducer vm11:r0
(vm6:m0:10) thread started, have to send 74565404 bytes
(vm6:m0) Got connection from reducer vm8:r0
(vm6:m0:7) thread started, have to send 74565404 bytes
(vm6:m0) Got connection from reducer vm12:r0
(vm6:m0) Got connection from reducer vm7:r0
(vm6:r0:0) Connection finished, received 74565405 bytes
(vm6:r0) thread 0 joined, 11 connections remaining
(vm6:r0) Starting new connection thread
(vm6:r0) Maximum number of connections reached (5), waiting for a thread to finish
(vm6:m0:6) thread started, have to send 74565404 bytes
(vm6:m0:11) thread started, have to send 74565404 bytes
(vm6:r0:0) Connection established
(vm6:m0) Got connection from reducer vm6:r0
(vm6:m0:5) thread started, have to send 74565404 bytes
(vm6:m0) Got connection from reducer vm9:r0
(vm6:m0) Got connection from reducer vm4:r0
(vm6:m0) Got connection from reducer vm3:r0
(vm6:m0:8) thread started, have to send 74565404 bytes
(vm6:m0:3) thread started, have to send 74565404 bytes
(vm6:m0:2) thread started, have to send 74565404 bytes
(vm6:m0) Got connection from reducer vm5:r0
(vm6:m0) Got connection from reducer vm2:r0
(vm6:m0) Waiting for a thread to finish
(vm6:m0:4) thread started, have to send 74565404 bytes
(vm6:m0:1) thread started, have to send 74565404 bytes
(vm6:r0:1) Connection finished, received 74565405 bytes
(vm6:r0:0) Connection finished, received 74565405 bytes
(vm6:m0:5) all data sent, thread exiting
(vm6:r0) thread 0 joined, 10 connections remaining
(vm6:r0) Starting new connection thread
(vm6:r0) Maximum number of connections reached (5), waiting for a thread to finish
(vm6:r0:0) Connection established
(vm6:m0:0) all data sent, thread exiting
(vm6:m0) thread 0 joined, 11 connections remaining
(vm6:m0) Waiting for a thread to finish
(vm6:m0:10) all data sent, thread exiting
(vm6:m0:9) all data sent, thread exiting
(vm6:m0:7) all data sent, thread exiting
(vm6:m0:6) all data sent, thread exiting
(vm6:m0:11) all data sent, thread exiting
(vm6:m0:2) all data sent, thread exiting
(vm6:m0:3) all data sent, thread exiting
(vm6:m0:8) all data sent, thread exiting
(vm6:m0:4) all data sent, thread exiting
(vm6:m0:1) all data sent, thread exiting
(vm6:m0) thread 1 joined, 10 connections remaining
(vm6:m0) Waiting for a thread to finish
(vm6:m0) thread 2 joined, 9 connections remaining
(vm6:m0) Waiting for a thread to finish
(vm6:m0) thread 3 joined, 8 connections remaining
(vm6:m0) Waiting for a thread to finish
(vm6:m0) thread 4 joined, 7 connections remaining
(vm6:m0) Waiting for a thread to finish
(vm6:m0) thread 5 joined, 6 connections remaining
(vm6:m0) Waiting for a thread to finish
(vm6:m0) thread 6 joined, 5 connections remaining
(vm6:m0) Waiting for a thread to finish
(vm6:m0) thread 7 joined, 4 connections remaining
(vm6:m0) Waiting for a thread to finish
(vm6:m0) thread 8 joined, 3 connections remaining
(vm6:m0) Waiting for a thread to finish
(vm6:m0) thread 9 joined, 2 connections remaining
(vm6:m0) Waiting for a thread to finish
(vm6:m0) thread 10 joined, 1 connections remaining
(vm6:m0) Waiting for a thread to finish
(vm6:m0) thread 11 joined, 0 connections remaining
(vm6:m0) all done, exiting
*RES* start node vm6:m0
*RES* vm6:m0:0,1403609235610,803,45,74565405
*RES* vm6:m0:1,1403609236082,484,39,74565405
*RES* vm6:m0:2,1403609236026,518,40,74565405
*RES* vm6:m0:3,1403609236026,519,41,74565405
*RES* vm6:m0:4,1403609236077,488,40,74565405
*RES* vm6:m0:5,1403609235992,345,24,74565405
*RES* vm6:m0:6,1403609235985,534,41,74565405
*RES* vm6:m0:7,1403609235966,539,43,74565405
*RES* vm6:m0:8,1403609236017,540,43,74565405
*RES* vm6:m0:9,1403609235951,481,41,74565405
*RES* vm6:m0:10,1403609235954,484,41,74565405
*RES* vm6:m0:11,1403609235986,537,42,74565405
*RES* end node vm6:m0
Node vm6:m0 joined
(vm6:r0:0) Connection finished, received 74565405 bytes
(vm6:r0) thread 0 joined, 9 connections remaining
(vm6:r0) Starting new connection thread
(vm6:r0) Maximum number of connections reached (5), waiting for a thread to finish
(vm6:r0:0) Connection established
(vm6:r0:0) Connection finished, received 74565405 bytes
(vm6:r0) thread 0 joined, 8 connections remaining
(vm6:r0) Starting new connection thread
(vm6:r0) Maximum number of connections reached (5), waiting for a thread to finish
(vm6:r0:0) Connection established
(vm6:r0:0) Connection finished, received 74565405 bytes
(vm6:r0) thread 0 joined, 7 connections remaining
(vm6:r0) Starting new connection thread
(vm6:r0) Maximum number of connections reached (5), waiting for a thread to finish
(vm6:r0:0) Connection established
(vm6:r0:0) Connection finished, received 74565405 bytes
(vm6:r0) thread 0 joined, 6 connections remaining
(vm6:r0) Starting new connection thread
(vm6:r0) Maximum number of connections reached (5), waiting for a thread to finish
(vm6:r0:0) Connection established
(vm6:r0:0) Connection finished, received 74565405 bytes
(vm6:r0) thread 0 joined, 5 connections remaining
(vm6:r0) Starting new connection thread
(vm6:r0) Maximum number of connections reached (5), waiting for a thread to finish
(vm6:r0:0) Connection established
(vm6:r0:0) Connection finished, received 74565405 bytes
(vm6:r0) thread 0 joined, 4 connections remaining
(vm6:r0) Maximum number of connections reached (4), waiting for a thread to finish
(vm6:r0) thread 1 joined, 3 connections remaining
(vm6:r0) Maximum number of connections reached (3), waiting for a thread to finish
(vm6:r0) thread 2 joined, 2 connections remaining
(vm6:r0) Maximum number of connections reached (2), waiting for a thread to finish
(vm6:r0) thread 3 joined, 1 connections remaining
(vm6:r0) Maximum number of connections reached (1), waiting for a thread to finish
(vm6:r0) thread 4 joined, 0 connections remaining
(vm6:r0) all done, exiting
*RES* start node vm6:r0
*RES* vm6:r0:0,1403609235106,870,56,74565405
*RES* vm6:r0:0,1403609235987,349,24,74565405
*RES* vm6:r0:0,1403609236392,609,41,74565405
*RES* vm6:r0:0,1403609237006,352,62,74565405
*RES* vm6:r0:0,1403609237362,353,61,74565405
*RES* vm6:r0:0,1403609237722,110,43,74565405
*RES* vm6:r0:0,1403609237838,127,36,74565405
*RES* vm6:r0:0,1403609237970,128,37,74565405
*RES* vm6:r0:1,1403609235106,1006,59,74565405
*RES* vm6:r0:2,1403609235106,725,58,74565405
*RES* vm6:r0:3,1403609235106,845,60,74565405
*RES* vm6:r0:4,1403609235105,718,57,74565405
*RES* end node vm6:r0
Node vm6:r0 joined
Worker terminating correctly
