OSMeF worker starting
Enabling core dumping
Listening for command connection
CONF: mapper on port 23330
CONF: -> will serve 43 reducers
(main) new thread ID: vm42:m0
(vm42:m0) Mapper thread started
(vm42:m0) Binding to port 23330
(vm42:m0) Got START signal
(vm42:m0) new thread ID: vm42:m0:th0
(vm42:m0:th0) waiting for something to do...
CONF: reducer
(main) new thread ID: vm42:r0
(vm42:r0) Reducer thread started
(vm42:r0) waiting for START message
(main) Waiting for thread vm42:m0 to join...
(vm42:r0) got START message
(vm42:r0) new thread ID: th0
(vm42:r0) new thread ID: th1
(vm42:r0) new thread ID: th2
(vm42:r0) new thread ID: th3
(vm42:r0) new thread ID: th4
(vm42:r0:th1:0) Connection established with mapper vm2:m0
(vm42:r0:th3:0) Connection established with mapper vm4:m0
(vm42:r0:th0:0) Connection established with mapper vm1:m0
(vm42:r0:th2:0) Connection established with mapper vm3:m0
(vm42:r0:th4:0) Connection established with mapper vm5:m0
(vm42:r0:th0:0) Connection to vm1:m0 finished, received 5807149 bytes
(vm42:r0:th0:1) Connection established with mapper vm6:m0
(vm42:r0:th0:1) Connection to vm6:m0 finished, received 11614298 bytes
(vm42:r0:th0:2) Connection established with mapper vm11:m0
(vm42:r0:th0:2) Connection to vm11:m0 finished, received 11614299 bytes
(vm42:r0:th0:3) Connection established with mapper vm16:m0
(vm42:r0:th1:0) Connection to vm2:m0 finished, received 5807149 bytes
(vm42:r0:th1:1) Connection established with mapper vm7:m0
(vm42:r0:th1:1) Connection to vm7:m0 finished, received 5807150 bytes
(vm42:r0:th1:2) Connection established with mapper vm12:m0
(vm42:r0:th1:2) Connection to vm12:m0 finished, received 5807151 bytes
(vm42:r0:th1:3) Connection established with mapper vm17:m0
(vm42:r0:th4:0) Connection to vm5:m0 finished, received 5807149 bytes
(vm42:r0:th2:0) Connection to vm3:m0 finished, received 5807149 bytes
(vm42:r0:th4:1) Connection established with mapper vm10:m0
(vm42:r0:th4:1) Connection to vm10:m0 finished, received 5807150 bytes
(vm42:r0:th2:1) Connection established with mapper vm8:m0
(vm42:r0:th4:2) Connection established with mapper vm15:m0
(vm42:r0:th2:1) Connection to vm8:m0 finished, received 5807150 bytes
(vm42:r0:th4:2) Connection to vm15:m0 finished, received 5807151 bytes
(vm42:r0:th4:3) Connection established with mapper vm20:m0
(vm42:r0:th4:3) Connection to vm20:m0 finished, received 5807152 bytes
(vm42:r0:th2:2) Connection established with mapper vm13:m0
(vm42:r0:th4:4) Connection established with mapper vm25:m0
(vm42:r0:th4:4) Connection to vm25:m0 finished, received 5807153 bytes
(vm42:r0:th4:5) Connection established with mapper vm30:m0
(vm42:r0:th4:5) Connection to vm30:m0 finished, received 5807154 bytes
(vm42:r0:th2:2) Connection to vm13:m0 finished, received 5807151 bytes
(vm42:r0:th4:6) Connection established with mapper vm35:m0
(vm42:r0:th2:3) Connection established with mapper vm18:m0
(vm42:r0:th2:3) Connection to vm18:m0 finished, received 5807152 bytes
(vm42:r0:th2:4) Connection established with mapper vm23:m0
(vm42:r0:th2:4) Connection to vm23:m0 finished, received 5807153 bytes
(vm42:r0:th2:5) Connection established with mapper vm28:m0
(vm42:r0:th1:3) Connection to vm17:m0 finished, received 11614300 bytes
(vm42:r0:th1:4) Connection established with mapper vm22:m0
(vm42:r0:th0:3) Connection to vm16:m0 finished, received 17421448 bytes
(vm42:r0:th1:4) Connection to vm22:m0 finished, received 11614301 bytes
(vm42:r0:th0:4) Connection established with mapper vm21:m0
(vm42:r0:th1:5) Connection established with mapper vm27:m0
(vm42:r0:th1:5) Connection to vm27:m0 finished, received 11614302 bytes
(vm42:r0:th1:6) Connection established with mapper vm32:m0
(vm42:r0:th3:0) Connection to vm4:m0 finished, received 5807149 bytes
(vm42:r0:th3:1) Connection established with mapper vm9:m0
(vm42:r0:th3:1) Connection to vm9:m0 finished, received 5807150 bytes
(vm42:r0:th3:2) Connection established with mapper vm14:m0
(vm42:r0:th3:2) Connection to vm14:m0 finished, received 5807151 bytes
(vm42:r0:th3:3) Connection established with mapper vm19:m0
(vm42:r0:th3:3) Connection to vm19:m0 finished, received 5807152 bytes
(vm42:r0:th3:4) Connection established with mapper vm24:m0
(vm42:r0:th3:4) Connection to vm24:m0 finished, received 5807153 bytes
(vm42:r0:th3:5) Connection established with mapper vm29:m0
(vm42:r0:th4:6) Connection to vm35:m0 finished, received 11614303 bytes
(vm42:r0:th4:7) Connection established with mapper vm40:m0
(vm42:r0:th4:7) Connection to vm40:m0 finished, received 11614304 bytes
(vm42:r0:th4) Got data from all mappers, this reducer connection has finished.
(vm42:r0:th3:5) Connection to vm29:m0 finished, received 5807154 bytes
(vm42:r0:th3:6) Connection established with mapper vm34:m0
(vm42:r0:th3:6) Connection to vm34:m0 finished, received 5807155 bytes
(vm42:r0:th3:7) Connection established with mapper vm39:m0
(vm42:r0:th3:7) Connection to vm39:m0 finished, received 5807156 bytes
(vm42:r0:th3) Got data from all mappers, this reducer connection has finished.
(vm42:m0) Got connection from reducer vm43:r0
(vm42:m0) new thread ID: vm42:m0:th1
(vm42:m0:th0) connection started, have to send 5807148 bytes to vm43:r0
(vm42:m0:th1) waiting for something to do...
(vm42:m0) Got connection from reducer vm35:r0
(vm42:m0) new thread ID: vm42:m0:th2
(vm42:m0:th1) connection started, have to send 5807148 bytes to vm35:r0
(vm42:m0:th2) waiting for something to do...
(vm42:m0) Got connection from reducer vm7:r0
(vm42:m0) new thread ID: vm42:m0:th3
(vm42:m0:th2) connection started, have to send 5807148 bytes to vm7:r0
(vm42:m0:th3) waiting for something to do...
(vm42:m0) Got connection from reducer vm5:r0
(vm42:m0) new thread ID: vm42:m0:th4
(vm42:m0:th3) connection started, have to send 5807148 bytes to vm5:r0
(vm42:m0:th4) waiting for something to do...
(vm42:m0) Got connection from reducer vm11:r0
(vm42:m0) new thread ID: vm42:m0:th5
(vm42:m0:th4) connection started, have to send 5807148 bytes to vm11:r0
(vm42:m0:th5) waiting for something to do...
(vm42:r0:th1:6) Connection to vm32:m0 finished, received 17421451 bytes
(vm42:m0) Got connection from reducer vm2:r0
(vm42:m0) new thread ID: vm42:m0:th6
(vm42:m0:th5) connection started, have to send 5807148 bytes to vm2:r0
(vm42:m0:th6) waiting for something to do...
(vm42:m0) Got connection from reducer vm38:r0
(vm42:m0) new thread ID: vm42:m0:th7
(vm42:m0:th6) connection started, have to send 5807148 bytes to vm38:r0
(vm42:m0:th7) waiting for something to do...
(vm42:m0) Got connection from reducer vm6:r0
(vm42:m0) new thread ID: vm42:m0:th8
(vm42:m0:th7) connection started, have to send 5807148 bytes to vm6:r0
(vm42:m0:th8) waiting for something to do...
(vm42:r0:th1:7) Connection established with mapper vm37:m0
(vm42:m0) Got connection from reducer vm31:r0
(vm42:m0) new thread ID: vm42:m0:th9
(vm42:m0:th8) connection started, have to send 5807148 bytes to vm31:r0
(vm42:m0:th9) waiting for something to do...
(vm42:m0) Got connection from reducer vm22:r0
(vm42:m0) new thread ID: vm42:m0:th10
(vm42:m0:th9) connection started, have to send 5807148 bytes to vm22:r0
(vm42:m0:th10) waiting for something to do...
(vm42:m0) Got connection from reducer vm8:r0
(vm42:m0) new thread ID: vm42:m0:th11
(vm42:m0:th10) connection started, have to send 5807148 bytes to vm8:r0
(vm42:m0:th11) waiting for something to do...
(vm42:m0) Got connection from reducer vm9:r0
(vm42:m0) new thread ID: vm42:m0:th12
(vm42:m0:th11) connection started, have to send 5807148 bytes to vm9:r0
(vm42:m0:th12) waiting for something to do...
(vm42:m0) Got connection from reducer vm14:r0
(vm42:m0) new thread ID: vm42:m0:th13
(vm42:m0:th12) connection started, have to send 5807148 bytes to vm14:r0
(vm42:m0:th13) waiting for something to do...
(vm42:m0) Got connection from reducer vm36:r0
(vm42:m0) new thread ID: vm42:m0:th14
(vm42:m0:th0) all data sent, closing connection to vm43:r0
(vm42:m0:th0) waiting for something to do...
(vm42:m0) Got connection from reducer vm33:r0
(vm42:m0:th13) connection started, have to send 5807148 bytes to vm36:r0
(vm42:m0:th14) waiting for something to do...
(vm42:m0:th14) connection started, have to send 5807148 bytes to vm33:r0
(vm42:m0) Got connection from reducer vm34:r0
(vm42:m0) new thread ID: vm42:m0:th15
(vm42:m0:th0) connection started, have to send 5807148 bytes to vm34:r0
(vm42:m0:th0) all data sent, closing connection to vm34:r0
(vm42:m0:th0) waiting for something to do...
(vm42:m0:th15) waiting for something to do...
(vm42:m0:th2) all data sent, closing connection to vm7:r0
(vm42:m0:th2) waiting for something to do...
(vm42:m0) Got connection from reducer vm18:r0
(vm42:m0:th15) connection started, have to send 5807148 bytes to vm18:r0
(vm42:m0:th1) all data sent, closing connection to vm35:r0
(vm42:m0:th1) waiting for something to do...
(vm42:m0) Got connection from reducer vm23:r0
(vm42:m0:th0) connection started, have to send 5807148 bytes to vm23:r0
(vm42:m0:th0) all data sent, closing connection to vm23:r0
(vm42:m0:th0) waiting for something to do...
(vm42:m0:th5) all data sent, closing connection to vm2:r0
(vm42:m0:th5) waiting for something to do...
(vm42:m0) Got connection from reducer vm17:r0
(vm42:m0:th1) connection started, have to send 5807148 bytes to vm17:r0
(vm42:m0:th1) all data sent, closing connection to vm17:r0
(vm42:m0:th1) waiting for something to do...
(vm42:m0:th7) all data sent, closing connection to vm6:r0
(vm42:m0:th7) waiting for something to do...
(vm42:m0:th3) all data sent, closing connection to vm5:r0
(vm42:m0:th3) waiting for something to do...
(vm42:m0:th4) all data sent, closing connection to vm11:r0
(vm42:m0:th4) waiting for something to do...
(vm42:r0:th2:5) Connection to vm28:m0 finished, received 11614302 bytes
(vm42:r0:th2:6) Connection established with mapper vm33:m0
(vm42:r0:th2:6) Connection to vm33:m0 finished, received 11614303 bytes
(vm42:m0:th10) all data sent, closing connection to vm8:r0
(vm42:m0:th10) waiting for something to do...
(vm42:r0:th2:7) Connection established with mapper vm38:m0
(vm42:m0) Got connection from reducer vm41:r0
(vm42:m0:th0) connection started, have to send 5807148 bytes to vm41:r0
(vm42:m0:th0) all data sent, closing connection to vm41:r0
(vm42:m0:th0) waiting for something to do...
(vm42:m0:th9) all data sent, closing connection to vm22:r0
(vm42:m0:th9) waiting for something to do...
(vm42:m0) Got connection from reducer vm40:r0
(vm42:m0:th1) connection started, have to send 5807148 bytes to vm40:r0
(vm42:m0:th1) all data sent, closing connection to vm40:r0
(vm42:m0:th1) waiting for something to do...
(vm42:m0:th6) all data sent, closing connection to vm38:r0
(vm42:m0:th6) waiting for something to do...
(vm42:m0) Got connection from reducer vm25:r0
(vm42:m0:th0) connection started, have to send 5807148 bytes to vm25:r0
(vm42:m0:th0) all data sent, closing connection to vm25:r0
(vm42:m0:th0) waiting for something to do...
(vm42:m0:th11) all data sent, closing connection to vm9:r0
(vm42:m0:th11) waiting for something to do...
(vm42:m0:th8) all data sent, closing connection to vm31:r0
(vm42:m0:th8) waiting for something to do...
(vm42:m0:th12) all data sent, closing connection to vm14:r0
(vm42:m0:th12) waiting for something to do...
(vm42:r0:th0:4) Connection to vm21:m0 finished, received 23228597 bytes
(vm42:r0:th0:5) Connection established with mapper vm26:m0
(vm42:m0:th13) all data sent, closing connection to vm36:r0
(vm42:m0:th13) waiting for something to do...
(vm42:m0) Got connection from reducer vm12:r0
(vm42:m0:th1) connection started, have to send 5807148 bytes to vm12:r0
(vm42:m0:th1) all data sent, closing connection to vm12:r0
(vm42:m0:th1) waiting for something to do...
(vm42:m0) Got connection from reducer vm30:r0
(vm42:m0:th0) connection started, have to send 5807148 bytes to vm30:r0
(vm42:m0:th0) all data sent, closing connection to vm30:r0
(vm42:m0:th0) waiting for something to do...
(vm42:r0:th0:5) Connection to vm26:m0 finished, received 23228598 bytes
(vm42:r0:th0:6) Connection established with mapper vm31:m0
(vm42:r0:th0:6) Connection to vm31:m0 finished, received 23228599 bytes
(vm42:r0:th0:7) Connection established with mapper vm36:m0
(vm42:r0:th0:7) Connection to vm36:m0 finished, received 23228600 bytes
(vm42:r0:th0:8) Connection established with mapper vm41:m0
(vm42:m0:th15) all data sent, closing connection to vm18:r0
(vm42:m0:th15) waiting for something to do...
(vm42:m0) Got connection from reducer vm26:r0
(vm42:m0:th1) connection started, have to send 5807148 bytes to vm26:r0
(vm42:m0:th1) all data sent, closing connection to vm26:r0
(vm42:m0:th1) waiting for something to do...
(vm42:m0) Got connection from reducer vm13:r0
(vm42:m0:th0) connection started, have to send 5807148 bytes to vm13:r0
(vm42:m0:th0) all data sent, closing connection to vm13:r0
(vm42:m0:th0) waiting for something to do...
(vm42:m0:th14) all data sent, closing connection to vm33:r0
(vm42:m0:th14) waiting for something to do...
(vm42:m0) Got connection from reducer vm16:r0
(vm42:m0:th1) connection started, have to send 5807148 bytes to vm16:r0
(vm42:m0:th1) all data sent, closing connection to vm16:r0
(vm42:m0:th1) waiting for something to do...
(vm42:m0) Got connection from reducer vm28:r0
(vm42:m0:th0) connection started, have to send 5807148 bytes to vm28:r0
(vm42:m0:th0) all data sent, closing connection to vm28:r0
(vm42:m0:th0) waiting for something to do...
(vm42:m0) Got connection from reducer vm39:r0
(vm42:m0:th1) connection started, have to send 5807148 bytes to vm39:r0
(vm42:m0:th1) all data sent, closing connection to vm39:r0
(vm42:m0:th1) waiting for something to do...
(vm42:m0) Got connection from reducer vm1:r0
(vm42:m0:th0) connection started, have to send 5807148 bytes to vm1:r0
(vm42:m0:th0) all data sent, closing connection to vm1:r0
(vm42:m0:th0) waiting for something to do...
(vm42:m0) Got connection from reducer vm19:r0
(vm42:m0:th1) connection started, have to send 5807148 bytes to vm19:r0
(vm42:m0:th1) all data sent, closing connection to vm19:r0
(vm42:m0:th1) waiting for something to do...
(vm42:m0) Got connection from reducer vm32:r0
(vm42:m0) Got connection from reducer vm24:r0
(vm42:m0:th0) connection started, have to send 5807148 bytes to vm32:r0
(vm42:m0:th0) all data sent, closing connection to vm32:r0
(vm42:m0:th0) waiting for something to do...
(vm42:m0:th1) connection started, have to send 5807148 bytes to vm24:r0
(vm42:m0:th1) all data sent, closing connection to vm24:r0
(vm42:m0:th1) waiting for something to do...
(vm42:m0) Got connection from reducer vm37:r0
(vm42:m0:th2) connection started, have to send 5807148 bytes to vm37:r0
(vm42:m0:th2) all data sent, closing connection to vm37:r0
(vm42:m0:th2) waiting for something to do...
(vm42:m0) Got connection from reducer vm15:r0
(vm42:m0:th0) connection started, have to send 5807148 bytes to vm15:r0
(vm42:m0:th0) all data sent, closing connection to vm15:r0
(vm42:m0:th0) waiting for something to do...
(vm42:m0) Got connection from reducer vm20:r0
(vm42:m0:th1) connection started, have to send 5807148 bytes to vm20:r0
(vm42:m0:th1) all data sent, closing connection to vm20:r0
(vm42:m0:th1) waiting for something to do...
(vm42:m0) Got connection from reducer vm10:r0
(vm42:m0:th0) connection started, have to send 5807148 bytes to vm10:r0
(vm42:m0:th0) all data sent, closing connection to vm10:r0
(vm42:m0:th0) waiting for something to do...
(vm42:m0) Got connection from reducer vm3:r0
(vm42:m0:th1) connection started, have to send 5807148 bytes to vm3:r0
(vm42:m0:th1) all data sent, closing connection to vm3:r0
(vm42:m0:th1) waiting for something to do...
(vm42:m0) Got connection from reducer vm21:r0
(vm42:m0:th0) connection started, have to send 5807148 bytes to vm21:r0
(vm42:m0:th0) all data sent, closing connection to vm21:r0
(vm42:m0:th0) waiting for something to do...
(vm42:r0:th1:7) Connection to vm37:m0 finished, received 23228600 bytes
(vm42:r0:th1:8) Connection established with mapper vm42:m0
(vm42:m0) Got connection from reducer vm42:r0
(vm42:m0:th1) connection started, have to send 5807148 bytes to vm42:r0
(vm42:m0:th1) all data sent, closing connection to vm42:r0
(vm42:m0:th1) waiting for something to do...
(vm42:r0:th1:8) Connection to vm42:m0 finished, received 23228601 bytes
(vm42:r0:th1) Got data from all mappers, this reducer connection has finished.
(vm42:m0) Got connection from reducer vm4:r0
(vm42:m0:th0) connection started, have to send 5807148 bytes to vm4:r0
(vm42:m0:th0) all data sent, closing connection to vm4:r0
(vm42:m0:th0) waiting for something to do...
(vm42:m0) Got connection from reducer vm29:r0
(vm42:m0:th1) connection started, have to send 5807148 bytes to vm29:r0
(vm42:m0:th1) all data sent, closing connection to vm29:r0
(vm42:m0:th1) waiting for something to do...
(vm42:m0) Got connection from reducer vm27:r0
(vm42:m0) All reducers connected, waiting for threads to terminate
(vm42:m0) waiting on semaphore
(vm42:m0) -> 1 threads still running
(vm42:m0) waiting on semaphore
(vm42:m0) -> 1 threads still running
(vm42:m0) waiting on semaphore
(vm42:m0) -> 1 threads still running
(vm42:m0) waiting on semaphore
(vm42:m0) -> 1 threads still running
(vm42:m0) waiting on semaphore
(vm42:m0) -> 1 threads still running
(vm42:m0) waiting on semaphore
(vm42:m0) -> 1 threads still running
(vm42:m0) waiting on semaphore
(vm42:m0) -> 1 threads still running
(vm42:m0) waiting on semaphore
(vm42:m0) -> 1 threads still running
(vm42:m0) waiting on semaphore
(vm42:m0) -> 1 threads still running
(vm42:m0) waiting on semaphore
(vm42:m0) -> 1 threads still running
(vm42:m0) waiting on semaphore
(vm42:m0) -> 1 threads still running
(vm42:m0) waiting on semaphore
(vm42:m0) -> 1 threads still running
(vm42:m0) waiting on semaphore
(vm42:m0) -> 1 threads still running
(vm42:m0) waiting on semaphore
(vm42:m0) -> 1 threads still running
(vm42:m0) waiting on semaphore
(vm42:m0) -> 1 threads still running
(vm42:m0) waiting on semaphore
(vm42:m0) -> 1 threads still running
(vm42:m0) waiting on semaphore
(vm42:m0) -> 1 threads still running
(vm42:m0) waiting on semaphore
(vm42:m0) -> 1 threads still running
(vm42:m0) waiting on semaphore
(vm42:m0) -> 1 threads still running
(vm42:m0) waiting on semaphore
(vm42:m0) -> 1 threads still running
(vm42:m0) waiting on semaphore
(vm42:m0) -> 1 threads still running
(vm42:m0) waiting on semaphore
(vm42:m0) -> 1 threads still running
(vm42:m0) waiting on semaphore
(vm42:m0) -> 1 threads still running
(vm42:m0) waiting on semaphore
(vm42:m0) -> 1 threads still running
(vm42:m0) waiting on semaphore
(vm42:m0) -> 1 threads still running
(vm42:m0) waiting on semaphore
(vm42:m0) -> 1 threads still running
(vm42:m0) waiting on semaphore
(vm42:m0) -> 1 threads still running
(vm42:m0) waiting on semaphore
(vm42:m0) -> 1 threads still running
(vm42:m0) waiting on semaphore
(vm42:m0) -> 1 threads still running
(vm42:m0) waiting on semaphore
(vm42:m0) -> 1 threads still running
(vm42:m0) waiting on semaphore
(vm42:m0) -> 1 threads still running
(vm42:m0) waiting on semaphore
(vm42:m0) -> 1 threads still running
(vm42:m0) waiting on semaphore
(vm42:m0) -> 1 threads still running
(vm42:m0) waiting on semaphore
(vm42:m0) -> 1 threads still running
(vm42:m0) waiting on semaphore
(vm42:m0) -> 1 threads still running
(vm42:m0) waiting on semaphore
(vm42:m0) -> 1 threads still running
(vm42:m0) waiting on semaphore
(vm42:m0) -> 1 threads still running
(vm42:m0) waiting on semaphore
(vm42:m0) -> 1 threads still running
(vm42:m0) waiting on semaphore
(vm42:m0) -> 1 threads still running
(vm42:m0) waiting on semaphore
(vm42:m0:th0) connection started, have to send 5807148 bytes to vm27:r0
(vm42:m0:th0) all data sent, closing connection to vm27:r0
(vm42:m0:th0) waiting for something to do...
(vm42:m0) Sending exit signal to all threads
(vm42:m0:th1) got exit signal
(vm42:m0:th2) got exit signal
(vm42:m0:th3) got exit signal
(vm42:m0:th4) got exit signal
(vm42:m0:th5) got exit signal
(vm42:m0:th6) got exit signal
(vm42:m0:th7) got exit signal
(vm42:m0:th8) got exit signal
(vm42:m0:th9) got exit signal
(vm42:m0:th10) got exit signal
(vm42:m0:th11) got exit signal
(vm42:m0:th12) got exit signal
(vm42:m0:th13) got exit signal
(vm42:m0:th0) got exit signal
(vm42:m0:th14) got exit signal
(vm42:m0:th15) got exit signal
(vm42:m0) thread vm42:m0:th0 joined
(vm42:m0) thread vm42:m0:th1 joined
(vm42:m0) thread vm42:m0:th2 joined
(vm42:m0) thread vm42:m0:th3 joined
(vm42:m0) thread vm42:m0:th4 joined
(vm42:m0) thread vm42:m0:th5 joined
(vm42:m0) thread vm42:m0:th6 joined
(vm42:m0) thread vm42:m0:th7 joined
(vm42:m0) thread vm42:m0:th8 joined
(vm42:m0) thread vm42:m0:th9 joined
(vm42:m0) thread vm42:m0:th10 joined
(vm42:m0) thread vm42:m0:th11 joined
(vm42:m0) thread vm42:m0:th12 joined
(vm42:m0) thread vm42:m0:th13 joined
(vm42:m0) thread vm42:m0:th14 joined
(vm42:m0) thread vm42:m0:th15 joined
(vm42:m0) all done, exiting
*RES* start node vm42:m0
*RES* vm42:m0:th0,1406558374575,104,5,5807149
*RES* vm42:m0:th0,1406558374692,0,5,5807149
*RES* vm42:m0:th1,1406558374585,124,5,5807149
*RES* vm42:m0:th0,1406558374714,0,5,5807149
*RES* vm42:m0:th1,1406558374719,0,6,5807149
*RES* vm42:m0:th0,1406558374744,0,5,5807149
*RES* vm42:m0:th1,1406558374745,0,6,5807149
*RES* vm42:m0:th0,1406558374753,0,5,5807149
*RES* vm42:m0:th1,1406558374772,0,6,5807149
*RES* vm42:m0:th0,1406558374773,0,5,5807149
*RES* vm42:m0:th1,1406558374795,0,6,5807149
*RES* vm42:m0:th0,1406558374797,0,6,5807149
*RES* vm42:m0:th1,1406558374819,0,6,5807149
*RES* vm42:m0:th0,1406558374827,0,6,5807149
*RES* vm42:m0:th1,1406558374828,0,6,5807149
*RES* vm42:m0:th0,1406558374828,0,6,5807149
*RES* vm42:m0:th1,1406558374831,0,6,5807149
*RES* vm42:m0:th2,1406558374594,99,4,5807149
*RES* vm42:m0:th0,1406558374833,0,6,5807149
*RES* vm42:m0:th1,1406558374833,0,6,5807149
*RES* vm42:m0:th0,1406558374834,0,6,5807149
*RES* vm42:m0:th1,1406558374836,0,6,5807149
*RES* vm42:m0:th0,1406558374838,0,6,5807149
*RES* vm42:m0:th1,1406558374844,0,6,5807149
*RES* vm42:m0:th0,1406558374847,0,6,5807149
*RES* vm42:m0:th1,1406558374849,0,6,5807149
*RES* vm42:m0:th0,1406558374854,0,6,5807149
*RES* vm42:m0:th0,1406558374860,0,7,5807149
*RES* vm42:m0:th1,1406558374854,0,7,5807149
*RES* vm42:m0:th2,1406558374834,0,5,5807149
*RES* vm42:m0:th3,1406558374604,125,5,5807149
*RES* vm42:m0:th4,1406558374616,114,4,5807149
*RES* vm42:m0:th5,1406558374619,99,5,5807149
*RES* vm42:m0:th6,1406558374619,131,5,5807149
*RES* vm42:m0:th7,1406558374621,100,5,5807149
*RES* vm42:m0:th8,1406558374627,137,5,5807149
*RES* vm42:m0:th9,1406558374638,106,5,5807149
*RES* vm42:m0:th10,1406558374644,99,5,5807149
*RES* vm42:m0:th11,1406558374664,92,4,5807149
*RES* vm42:m0:th12,1406558374668,97,5,5807149
*RES* vm42:m0:th13,1406558374681,90,5,5807149
*RES* vm42:m0:th14,1406558374681,135,5,5807149
*RES* vm42:m0:th15,1406558374701,82,4,5807149
*RES* end node vm42:m0
(main) Thread vm42:m0 joined
(main) Waiting for thread vm42:r0 to join...
(vm42:r0:th2:7) Connection to vm38:m0 finished, received 17421452 bytes
(vm42:r0:th2:8) Connection established with mapper vm43:m0
(vm42:r0:th2:8) Connection to vm43:m0 finished, received 17421453 bytes
(vm42:r0:th2) Got data from all mappers, this reducer connection has finished.
(vm42:r0:th0:8) Connection to vm41:m0 finished, received 29035749 bytes
(vm42:r0:th0) Got data from all mappers, this reducer connection has finished.
(vm42:r0) thread th0 joined, 4 connection threads remaining
(vm42:r0) thread th1 joined, 3 connection threads remaining
(vm42:r0) thread th2 joined, 2 connection threads remaining
(vm42:r0) thread th3 joined, 1 connection threads remaining
(vm42:r0) thread th4 joined, 0 connection threads remaining
(vm42:r0) all done, exiting
*RES* start node vm42:r0
*RES* vm42:r0:th0:0,1406558373972,170,7,5807149
*RES* vm42:r0:th0:1,1406558374143,143,17,11614298
*RES* vm42:r0:th0:2,1406558374285,5,17,11614299
*RES* vm42:r0:th0:3,1406558374290,136,25,17421448
*RES* vm42:r0:th0:4,1406558374427,343,33,23228597
*RES* vm42:r0:th0:5,1406558374770,3,34,23228598
*RES* vm42:r0:th0:6,1406558374773,5,34,23228599
*RES* vm42:r0:th0:7,1406558374778,3,34,23228600
*RES* vm42:r0:th0:8,1406558374780,103,42,29035749
*RES* vm42:r0:th1:0,1406558373972,361,10,5807149
*RES* vm42:r0:th1:1,1406558374334,3,10,5807150
*RES* vm42:r0:th1:2,1406558374337,1,10,5807151
*RES* vm42:r0:th1:3,1406558374338,87,19,11614300
*RES* vm42:r0:th1:4,1406558374426,5,19,11614301
*RES* vm42:r0:th1:5,1406558374430,15,19,11614302
*RES* vm42:r0:th1:6,1406558374446,172,27,17421451
*RES* vm42:r0:th1:7,1406558374618,231,37,23228600
*RES* vm42:r0:th1:8,1406558374849,0,37,23228601
*RES* vm42:r0:th2:0,1406558373972,376,11,5807149
*RES* vm42:r0:th2:1,1406558374348,1,11,5807150
*RES* vm42:r0:th2:2,1406558374350,5,11,5807151
*RES* vm42:r0:th2:3,1406558374355,3,12,5807152
*RES* vm42:r0:th2:4,1406558374359,1,12,5807153
*RES* vm42:r0:th2:5,1406558374361,375,23,11614302
*RES* vm42:r0:th2:6,1406558374736,6,23,11614303
*RES* vm42:r0:th2:7,1406558374742,133,32,17421452
*RES* vm42:r0:th2:8,1406558374874,1,32,17421453
*RES* vm42:r0:th3:0,1406558373972,502,10,5807149
*RES* vm42:r0:th3:1,1406558374474,4,10,5807150
*RES* vm42:r0:th3:2,1406558374479,8,10,5807151
*RES* vm42:r0:th3:3,1406558374487,13,11,5807152
*RES* vm42:r0:th3:4,1406558374500,2,11,5807153
*RES* vm42:r0:th3:5,1406558374501,28,11,5807154
*RES* vm42:r0:th3:6,1406558374530,30,11,5807155
*RES* vm42:r0:th3:7,1406558374560,6,12,5807156
*RES* vm42:r0:th4:0,1406558373972,376,10,5807149
*RES* vm42:r0:th4:1,1406558374348,1,10,5807150
*RES* vm42:r0:th4:2,1406558374349,1,11,5807151
*RES* vm42:r0:th4:3,1406558374350,2,11,5807152
*RES* vm42:r0:th4:4,1406558374352,1,11,5807153
*RES* vm42:r0:th4:5,1406558374353,2,11,5807154
*RES* vm42:r0:th4:6,1406558374355,162,20,11614303
*RES* vm42:r0:th4:7,1406558374517,7,21,11614304
*RES* end node vm42:r0
(main) Thread vm42:r0 joined
Worker terminating correctly
