OSMeF worker starting
Enabling core dumping
Listening for command connection
(vm25:m0) New mapper on port 23330
(vm25:m0) -> reducer data size 7843256
(vm25:m0) -> reducer data size 7843256
(vm25:m0) -> reducer data size 7843256
(vm25:m0) -> reducer data size 7843256
(vm25:m0) -> reducer data size 7843256
(vm25:m0) -> reducer data size 7843256
(vm25:m0) -> reducer data size 7843256
(vm25:m0) -> reducer data size 7843256
(vm25:m0) -> reducer data size 7843256
(vm25:m0) -> reducer data size 7843256
(vm25:m0) -> reducer data size 7843256
(vm25:m0) -> reducer data size 7843256
(vm25:m0) -> reducer data size 7843256
(vm25:m0) -> reducer data size 7843256
(vm25:m0) -> reducer data size 7843256
(vm25:m0) -> reducer data size 7843256
(vm25:m0) -> reducer data size 7843256
(vm25:m0) -> reducer data size 7843256
(vm25:m0) -> reducer data size 7843256
(vm25:m0) -> reducer data size 7843256
(vm25:m0) -> reducer data size 7843256
(vm25:m0) -> reducer data size 7843256
(vm25:m0) -> reducer data size 7843256
(vm25:m0) -> reducer data size 7843256
(vm25:m0) -> reducer data size 7843256
(vm25:m0) -> reducer data size 7843256
(vm25:m0) -> reducer data size 7843256
(vm25:m0) -> reducer data size 7843256
(vm25:m0) -> reducer data size 7843256
(vm25:m0) -> reducer data size 7843256
(vm25:m0) -> reducer data size 7843256
(vm25:m0) -> reducer data size 7843256
(vm25:m0) -> reducer data size 7843256
(vm25:m0) -> reducer data size 7843256
(vm25:m0) -> reducer data size 7843256
(vm25:m0) -> reducer data size 7843256
(vm25:m0) -> reducer data size 7843256
(vm25:m0) Mapper thread started
(vm25:m0) Allocating data for reducer vm1:r0
(vm25:m0) Allocating data for reducer vm2:r0
(vm25:m0) Allocating data for reducer vm3:r0
(vm25:m0) Allocating data for reducer vm4:r0
(vm25:m0) Allocating data for reducer vm5:r0
(vm25:m0) Allocating data for reducer vm6:r0
(vm25:m0) Allocating data for reducer vm7:r0
(vm25:m0) Allocating data for reducer vm8:r0
(vm25:m0) Allocating data for reducer vm9:r0
(vm25:m0) Allocating data for reducer vm10:r0
(vm25:m0) Allocating data for reducer vm11:r0
(vm25:m0) Allocating data for reducer vm12:r0
(vm25:m0) Allocating data for reducer vm13:r0
(vm25:m0) Allocating data for reducer vm14:r0
(vm25:m0) Allocating data for reducer vm15:r0
(vm25:m0) Allocating data for reducer vm16:r0
(vm25:m0) Allocating data for reducer vm17:r0
(vm25:m0) Allocating data for reducer vm18:r0
(vm25:m0) Allocating data for reducer vm19:r0
(vm25:m0) Allocating data for reducer vm20:r0
(vm25:m0) Allocating data for reducer vm21:r0
(vm25:m0) Allocating data for reducer vm22:r0
(vm25:m0) Allocating data for reducer vm23:r0
(vm25:m0) Allocating data for reducer vm24:r0
(vm25:m0) Allocating data for reducer vm25:r0
(vm25:m0) Allocating data for reducer vm26:r0
(vm25:m0) Allocating data for reducer vm27:r0
(vm25:m0) Allocating data for reducer vm28:r0
(vm25:m0) Allocating data for reducer vm29:r0
(vm25:m0) Allocating data for reducer vm30:r0
(vm25:m0) Allocating data for reducer vm31:r0
(vm25:m0) Allocating data for reducer vm32:r0
(vm25:m0) Allocating data for reducer vm33:r0
(vm25:m0) Allocating data for reducer vm34:r0
(vm25:m0) Allocating data for reducer vm35:r0
(vm25:m0) Allocating data for reducer vm36:r0
(vm25:m0) Allocating data for reducer vm37:r0
(vm25:m0) Binding to port 23330
(vm25:r0) New reducer
(vm25:r0) Reducer thread started
(vm25:r0) waiting for START message
(vm25:r0) got START message
(vm25:r0) Starting new connection thread
(vm25:r0) Starting new connection thread
(vm25:r0) Starting new connection thread
(vm25:r0) Starting new connection thread
(vm25:r0) Starting new connection thread
(vm25:r0) Maximum number of connections reached (5), waiting for a thread to finish
(vm25:r0:4) Connection established
(vm25:r0:3) Connection established
(vm25:r0:2) Connection established
(vm25:r0:1) Connection established
(vm25:r0:0) Connection established
(vm25:r0:2) Connection finished, received 7843257 bytes
(vm25:r0:3) Connection finished, received 7843257 bytes
(vm25:r0:4) Connection finished, received 7843257 bytes
(vm25:r0:0) Connection finished, received 7843257 bytes
(vm25:r0) thread 0 joined, 36 connections remaining
(vm25:r0) Starting new connection thread
(vm25:r0) Maximum number of connections reached (5), waiting for a thread to finish
(vm25:r0:0) Connection established
(vm25:r0:1) Connection finished, received 7843257 bytes
(vm25:r0:0) Connection finished, received 7843257 bytes
(vm25:r0) thread 0 joined, 35 connections remaining
(vm25:r0) Starting new connection thread
(vm25:r0) Maximum number of connections reached (5), waiting for a thread to finish
(vm25:r0:0) Connection established
(vm25:r0:0) Connection finished, received 7843257 bytes
(vm25:r0) thread 0 joined, 34 connections remaining
(vm25:r0) Starting new connection thread
(vm25:r0) Maximum number of connections reached (5), waiting for a thread to finish
(vm25:r0:0) Connection established
(vm25:m0) Got connection from reducer vm22:r0
(vm25:m0:21) thread started, have to send 7843256 bytes
(vm25:m0:21) all data sent, thread exiting
(vm25:r0:0) Connection finished, received 7843257 bytes
(vm25:r0) thread 0 joined, 33 connections remaining
(vm25:r0) Starting new connection thread
(vm25:r0) Maximum number of connections reached (5), waiting for a thread to finish
(vm25:r0:0) Connection established
(vm25:r0:0) Connection finished, received 7843257 bytes
(vm25:r0) thread 0 joined, 32 connections remaining
(vm25:r0) Starting new connection thread
(vm25:r0) Maximum number of connections reached (5), waiting for a thread to finish
(vm25:r0:0) Connection established
(vm25:m0) Got connection from reducer vm34:r0
(vm25:m0:33) thread started, have to send 7843256 bytes
(vm25:r0:0) Connection finished, received 7843257 bytes
(vm25:r0) thread 0 joined, 31 connections remaining
(vm25:r0) Starting new connection thread
(vm25:r0) Maximum number of connections reached (5), waiting for a thread to finish
(vm25:m0:33) all data sent, thread exiting
(vm25:r0:0) Connection established
(vm25:r0:0) Connection finished, received 7843257 bytes
(vm25:r0) thread 0 joined, 30 connections remaining
(vm25:r0) Starting new connection thread
(vm25:r0) Maximum number of connections reached (5), waiting for a thread to finish
(vm25:r0:0) Connection established
(vm25:r0:0) Connection finished, received 7843257 bytes
(vm25:r0) thread 0 joined, 29 connections remaining
(vm25:r0) Starting new connection thread
(vm25:r0) Maximum number of connections reached (5), waiting for a thread to finish
(vm25:r0:0) Connection established
(vm25:r0:0) Connection finished, received 7843257 bytes
(vm25:r0) thread 0 joined, 28 connections remaining
(vm25:r0) Starting new connection thread
(vm25:r0) Maximum number of connections reached (5), waiting for a thread to finish
(vm25:r0:0) Connection established
(vm25:m0) Got connection from reducer vm33:r0
(vm25:m0:32) thread started, have to send 7843256 bytes
(vm25:r0:0) Connection finished, received 7843257 bytes
(vm25:r0) thread 0 joined, 27 connections remaining
(vm25:r0) Starting new connection thread
(vm25:r0) Maximum number of connections reached (5), waiting for a thread to finish
(vm25:r0:0) Connection established
(vm25:m0:32) all data sent, thread exiting
(vm25:m0) Got connection from reducer vm23:r0
(vm25:m0:22) thread started, have to send 7843256 bytes
(vm25:r0:0) Connection finished, received 7843257 bytes
(vm25:r0) thread 0 joined, 26 connections remaining
(vm25:r0) Starting new connection thread
(vm25:r0) Maximum number of connections reached (5), waiting for a thread to finish
(vm25:r0:0) Connection established
(vm25:m0:22) all data sent, thread exiting
(vm25:m0) Got connection from reducer vm20:r0
(vm25:m0:19) thread started, have to send 7843256 bytes
(vm25:m0) Got connection from reducer vm15:r0
(vm25:m0:14) thread started, have to send 7843256 bytes
(vm25:r0:0) Connection finished, received 7843257 bytes
(vm25:r0) thread 0 joined, 25 connections remaining
(vm25:r0) Starting new connection thread
(vm25:r0) Maximum number of connections reached (5), waiting for a thread to finish
(vm25:r0:0) Connection established
(vm25:m0) Got connection from reducer vm1:r0
(vm25:m0:0) thread started, have to send 7843256 bytes
(vm25:m0) Got connection from reducer vm37:r0
(vm25:m0:36) thread started, have to send 7843256 bytes
(vm25:m0:14) all data sent, thread exiting
(vm25:m0:19) all data sent, thread exiting
(vm25:m0:36) all data sent, thread exiting
(vm25:m0) Got connection from reducer vm14:r0
(vm25:m0:13) thread started, have to send 7843256 bytes
(vm25:m0) Got connection from reducer vm30:r0
(vm25:m0) Got connection from reducer vm6:r0
(vm25:m0:29) thread started, have to send 7843256 bytes
(vm25:m0:5) thread started, have to send 7843256 bytes
(vm25:r0:0) Connection finished, received 7843257 bytes
(vm25:r0) thread 0 joined, 24 connections remaining
(vm25:r0) Starting new connection thread
(vm25:r0) Maximum number of connections reached (5), waiting for a thread to finish
(vm25:r0:0) Connection established
(vm25:m0:0) all data sent, thread exiting
(vm25:m0:13) all data sent, thread exiting
(vm25:m0:29) all data sent, thread exiting
(vm25:m0:5) all data sent, thread exiting
(vm25:m0) Got connection from reducer vm21:r0
(vm25:m0:20) thread started, have to send 7843256 bytes
(vm25:r0:0) Connection finished, received 7843257 bytes
(vm25:r0) thread 0 joined, 23 connections remaining
(vm25:r0) Starting new connection thread
(vm25:r0) Maximum number of connections reached (5), waiting for a thread to finish
(vm25:r0:0) Connection established
(vm25:m0:20) all data sent, thread exiting
(vm25:r0:0) Connection finished, received 7843257 bytes
(vm25:r0) thread 0 joined, 22 connections remaining
(vm25:r0) Starting new connection thread
(vm25:r0) Maximum number of connections reached (5), waiting for a thread to finish
(vm25:r0:0) Connection established
(vm25:r0:0) Connection finished, received 7843257 bytes
(vm25:r0) thread 0 joined, 21 connections remaining
(vm25:r0) Starting new connection thread
(vm25:r0) Maximum number of connections reached (5), waiting for a thread to finish
(vm25:r0:0) Connection established
(vm25:r0:0) Connection finished, received 7843257 bytes
(vm25:r0) thread 0 joined, 20 connections remaining
(vm25:r0) Starting new connection thread
(vm25:r0) Maximum number of connections reached (5), waiting for a thread to finish
(vm25:r0:0) Connection established
(vm25:r0:0) Connection finished, received 7843257 bytes
(vm25:r0) thread 0 joined, 19 connections remaining
(vm25:r0) Starting new connection thread
(vm25:r0) Maximum number of connections reached (5), waiting for a thread to finish
(vm25:r0:0) Connection established
(vm25:r0:0) Connection finished, received 7843257 bytes
(vm25:r0) thread 0 joined, 18 connections remaining
(vm25:r0) Starting new connection thread
(vm25:r0) Maximum number of connections reached (5), waiting for a thread to finish
(vm25:r0:0) Connection established
(vm25:m0) Got connection from reducer vm10:r0
(vm25:m0:9) thread started, have to send 7843256 bytes
(vm25:m0) Got connection from reducer vm7:r0
(vm25:m0:6) thread started, have to send 7843256 bytes
(vm25:m0:9) all data sent, thread exiting
(vm25:m0:6) all data sent, thread exiting
(vm25:r0:0) Connection finished, received 7843257 bytes
(vm25:r0) thread 0 joined, 17 connections remaining
(vm25:r0) Starting new connection thread
(vm25:r0) Maximum number of connections reached (5), waiting for a thread to finish
(vm25:r0:0) Connection established
(vm25:m0) Got connection from reducer vm25:r0
(vm25:m0:24) thread started, have to send 7843256 bytes
(vm25:r0:0) Connection finished, received 7843257 bytes
(vm25:m0:24) all data sent, thread exiting
(vm25:r0) thread 0 joined, 16 connections remaining
(vm25:r0) Starting new connection thread
(vm25:r0) Maximum number of connections reached (5), waiting for a thread to finish
(vm25:r0:0) Connection established
(vm25:m0) Got connection from reducer vm35:r0
(vm25:m0:34) thread started, have to send 7843256 bytes
(vm25:m0) Got connection from reducer vm24:r0
(vm25:m0:23) thread started, have to send 7843256 bytes
(vm25:m0:34) all data sent, thread exiting
(vm25:m0:23) all data sent, thread exiting
(vm25:m0) Got connection from reducer vm8:r0
(vm25:m0:7) thread started, have to send 7843256 bytes
(vm25:r0:0) Connection finished, received 7843257 bytes
(vm25:r0) thread 0 joined, 15 connections remaining
(vm25:r0) Starting new connection thread
(vm25:r0) Maximum number of connections reached (5), waiting for a thread to finish
(vm25:r0:0) Connection established
(vm25:m0:7) all data sent, thread exiting
(vm25:r0:0) Connection finished, received 7843257 bytes
(vm25:r0) thread 0 joined, 14 connections remaining
(vm25:r0) Starting new connection thread
(vm25:r0) Maximum number of connections reached (5), waiting for a thread to finish
(vm25:r0:0) Connection established
(vm25:r0:0) Connection finished, received 7843257 bytes
(vm25:r0) thread 0 joined, 13 connections remaining
(vm25:r0) Starting new connection thread
(vm25:r0) Maximum number of connections reached (5), waiting for a thread to finish
(vm25:r0:0) Connection established
(vm25:m0) Got connection from reducer vm26:r0
(vm25:m0:25) thread started, have to send 7843256 bytes
(vm25:m0:25) all data sent, thread exiting
(vm25:m0) Got connection from reducer vm27:r0
(vm25:m0:26) thread started, have to send 7843256 bytes
(vm25:m0) Got connection from reducer vm11:r0
(vm25:m0:10) thread started, have to send 7843256 bytes
(vm25:m0:26) all data sent, thread exiting
(vm25:m0:10) all data sent, thread exiting
(vm25:r0:0) Connection finished, received 7843257 bytes
(vm25:r0) thread 0 joined, 12 connections remaining
(vm25:r0) Starting new connection thread
(vm25:r0) Maximum number of connections reached (5), waiting for a thread to finish
(vm25:r0:0) Connection established
(vm25:r0:0) Connection finished, received 7843257 bytes
(vm25:r0) thread 0 joined, 11 connections remaining
(vm25:r0) Starting new connection thread
(vm25:r0) Maximum number of connections reached (5), waiting for a thread to finish
(vm25:r0:0) Connection established
(vm25:m0) Got connection from reducer vm5:r0
(vm25:m0:4) thread started, have to send 7843256 bytes
(vm25:m0) Got connection from reducer vm9:r0
(vm25:m0:8) thread started, have to send 7843256 bytes
(vm25:m0) Got connection from reducer vm4:r0
(vm25:m0:3) thread started, have to send 7843256 bytes
(vm25:m0:4) all data sent, thread exiting
(vm25:r0:0) Connection finished, received 7843257 bytes
(vm25:r0) thread 0 joined, 10 connections remaining
(vm25:r0) Starting new connection thread
(vm25:r0) Maximum number of connections reached (5), waiting for a thread to finish
(vm25:r0:0) Connection established
(vm25:m0:8) all data sent, thread exiting
(vm25:m0:3) all data sent, thread exiting
(vm25:m0) Got connection from reducer vm13:r0
(vm25:m0:12) thread started, have to send 7843256 bytes
(vm25:m0) Got connection from reducer vm2:r0
(vm25:m0:1) thread started, have to send 7843256 bytes
(vm25:m0) Got connection from reducer vm16:r0
(vm25:m0:15) thread started, have to send 7843256 bytes
(vm25:m0:12) all data sent, thread exiting
(vm25:m0:1) all data sent, thread exiting
(vm25:m0:15) all data sent, thread exiting
(vm25:m0) Got connection from reducer vm3:r0
(vm25:m0:2) thread started, have to send 7843256 bytes
(vm25:r0:0) Connection finished, received 7843257 bytes
(vm25:r0) thread 0 joined, 9 connections remaining
(vm25:r0) Starting new connection thread
(vm25:r0) Maximum number of connections reached (5), waiting for a thread to finish
(vm25:r0:0) Connection established
(vm25:m0:2) all data sent, thread exiting
(vm25:r0:0) Connection finished, received 7843257 bytes
(vm25:r0) thread 0 joined, 8 connections remaining
(vm25:r0) Starting new connection thread
(vm25:r0) Maximum number of connections reached (5), waiting for a thread to finish
(vm25:r0:0) Connection established
(vm25:m0) Got connection from reducer vm18:r0
(vm25:m0) Got connection from reducer vm36:r0
(vm25:m0:17) thread started, have to send 7843256 bytes
(vm25:m0:35) thread started, have to send 7843256 bytes
(vm25:m0) Got connection from reducer vm17:r0
(vm25:m0:16) thread started, have to send 7843256 bytes
(vm25:m0) Got connection from reducer vm12:r0
(vm25:m0:11) thread started, have to send 7843256 bytes
(vm25:m0) Got connection from reducer vm19:r0
(vm25:m0:18) thread started, have to send 7843256 bytes
(vm25:r0:0) Connection finished, received 7843257 bytes
(vm25:r0) thread 0 joined, 7 connections remaining
(vm25:r0) Starting new connection thread
(vm25:r0) Maximum number of connections reached (5), waiting for a thread to finish
(vm25:m0:35) all data sent, thread exiting
(vm25:r0:0) Connection established
(vm25:m0:11) all data sent, thread exiting
(vm25:m0:16) all data sent, thread exiting
(vm25:m0:17) all data sent, thread exiting
(vm25:m0) Got connection from reducer vm31:r0
(vm25:m0:30) thread started, have to send 7843256 bytes
(vm25:m0:18) all data sent, thread exiting
(vm25:m0) Got connection from reducer vm32:r0
(vm25:m0:31) thread started, have to send 7843256 bytes
(vm25:m0) Got connection from reducer vm29:r0
(vm25:m0:28) thread started, have to send 7843256 bytes
(vm25:m0) Got connection from reducer vm28:r0
(vm25:m0) Waiting for a thread to finish
(vm25:m0) thread 0 joined, 36 connections remaining
(vm25:m0) Waiting for a thread to finish
(vm25:m0) thread 1 joined, 35 connections remaining
(vm25:m0) Waiting for a thread to finish
(vm25:m0) thread 2 joined, 34 connections remaining
(vm25:m0) Waiting for a thread to finish
(vm25:m0) thread 3 joined, 33 connections remaining
(vm25:m0) Waiting for a thread to finish
(vm25:m0) thread 4 joined, 32 connections remaining
(vm25:m0) Waiting for a thread to finish
(vm25:m0) thread 5 joined, 31 connections remaining
(vm25:m0) Waiting for a thread to finish
(vm25:m0) thread 6 joined, 30 connections remaining
(vm25:m0) Waiting for a thread to finish
(vm25:m0) thread 7 joined, 29 connections remaining
(vm25:m0) Waiting for a thread to finish
(vm25:m0) thread 8 joined, 28 connections remaining
(vm25:m0) Waiting for a thread to finish
(vm25:m0) thread 9 joined, 27 connections remaining
(vm25:m0) Waiting for a thread to finish
(vm25:m0) thread 10 joined, 26 connections remaining
(vm25:m0) Waiting for a thread to finish
(vm25:m0) thread 11 joined, 25 connections remaining
(vm25:m0) Waiting for a thread to finish
(vm25:m0) thread 12 joined, 24 connections remaining
(vm25:m0) Waiting for a thread to finish
(vm25:m0) thread 13 joined, 23 connections remaining
(vm25:m0) Waiting for a thread to finish
(vm25:m0) thread 14 joined, 22 connections remaining
(vm25:m0) Waiting for a thread to finish
(vm25:m0) thread 15 joined, 21 connections remaining
(vm25:m0) Waiting for a thread to finish
(vm25:m0) thread 16 joined, 20 connections remaining
(vm25:m0) Waiting for a thread to finish
(vm25:m0) thread 17 joined, 19 connections remaining
(vm25:m0) Waiting for a thread to finish
(vm25:m0) thread 18 joined, 18 connections remaining
(vm25:m0) Waiting for a thread to finish
(vm25:m0) thread 19 joined, 17 connections remaining
(vm25:m0) Waiting for a thread to finish
(vm25:m0) thread 20 joined, 16 connections remaining
(vm25:m0) Waiting for a thread to finish
(vm25:m0) thread 21 joined, 15 connections remaining
(vm25:m0) Waiting for a thread to finish
(vm25:m0) thread 22 joined, 14 connections remaining
(vm25:m0) Waiting for a thread to finish
(vm25:m0) thread 23 joined, 13 connections remaining
(vm25:m0) Waiting for a thread to finish
(vm25:m0) thread 24 joined, 12 connections remaining
(vm25:m0) Waiting for a thread to finish
(vm25:m0) thread 25 joined, 11 connections remaining
(vm25:m0) Waiting for a thread to finish
(vm25:m0) thread 26 joined, 10 connections remaining
(vm25:m0) Waiting for a thread to finish
(vm25:r0:0) Connection finished, received 7843257 bytes
(vm25:m0:27) thread started, have to send 7843256 bytes
(vm25:r0) thread 0 joined, 6 connections remaining
(vm25:r0) Starting new connection thread
(vm25:r0) Maximum number of connections reached (5), waiting for a thread to finish
(vm25:m0:30) all data sent, thread exiting
(vm25:m0:28) all data sent, thread exiting
(vm25:m0:31) all data sent, thread exiting
(vm25:r0:0) Connection established
(vm25:m0:27) all data sent, thread exiting
(vm25:m0) thread 27 joined, 9 connections remaining
(vm25:m0) Waiting for a thread to finish
(vm25:m0) thread 28 joined, 8 connections remaining
(vm25:m0) Waiting for a thread to finish
(vm25:m0) thread 29 joined, 7 connections remaining
(vm25:m0) Waiting for a thread to finish
(vm25:m0) thread 30 joined, 6 connections remaining
(vm25:m0) Waiting for a thread to finish
(vm25:m0) thread 31 joined, 5 connections remaining
(vm25:m0) Waiting for a thread to finish
(vm25:m0) thread 32 joined, 4 connections remaining
(vm25:m0) Waiting for a thread to finish
(vm25:m0) thread 33 joined, 3 connections remaining
(vm25:m0) Waiting for a thread to finish
(vm25:m0) thread 34 joined, 2 connections remaining
(vm25:m0) Waiting for a thread to finish
(vm25:m0) thread 35 joined, 1 connections remaining
(vm25:m0) Waiting for a thread to finish
(vm25:m0) thread 36 joined, 0 connections remaining
(vm25:m0) all done, exiting
*RES* start node vm25:m0
*RES* vm25:m0:0,1405928590558,232,27,7843257
*RES* vm25:m0:1,1405928592403,83,13,7843257
*RES* vm25:m0:2,1405928592639,30,6,7843257
*RES* vm25:m0:3,1405928592352,32,9,7843257
*RES* vm25:m0:4,1405928592318,37,11,7843257
*RES* vm25:m0:5,1405928590722,111,21,7843257
*RES* vm25:m0:6,1405928591318,44,11,7843257
*RES* vm25:m0:7,1405928591642,43,16,7843257
*RES* vm25:m0:8,1405928592338,48,10,7843257
*RES* vm25:m0:9,1405928591282,51,14,7843257
*RES* vm25:m0:10,1405928591958,37,11,7843257
*RES* vm25:m0:11,1405928592811,49,7,7843257
*RES* vm25:m0:12,1405928592394,74,12,7843257
*RES* vm25:m0:13,1405928590718,100,18,7843257
*RES* vm25:m0:14,1405928590405,198,14,7843257
*RES* vm25:m0:15,1405928592430,80,8,7843257
*RES* vm25:m0:16,1405928592802,58,7,7843257
*RES* vm25:m0:17,1405928592768,94,8,7843257
*RES* vm25:m0:18,1405928592824,47,6,7843257
*RES* vm25:m0:19,1405928590395,207,18,7843257
*RES* vm25:m0:20,1405928590851,60,10,7843257
*RES* vm25:m0:21,1405928589122,35,14,7843257
*RES* vm25:m0:22,1405928590335,48,12,7843257
*RES* vm25:m0:23,1405928591491,46,17,7843257
*RES* vm25:m0:24,1405928591402,6,2,7843257
*RES* vm25:m0:25,1405928591842,39,13,7843257
*RES* vm25:m0:26,1405928591900,70,10,7843257
*RES* vm25:m0:27,1405928592944,42,6,7843257
*RES* vm25:m0:28,1405928592894,67,7,7843257
*RES* vm25:m0:29,1405928590722,95,18,7843257
*RES* vm25:m0:30,1405928592870,91,6,7843257
*RES* vm25:m0:31,1405928592887,81,8,7843257
*RES* vm25:m0:32,1405928590270,36,11,7843257
*RES* vm25:m0:33,1405928589678,33,10,7843257
*RES* vm25:m0:34,1405928591470,37,14,7843257
*RES* vm25:m0:35,1405928592770,76,8,7843257
*RES* vm25:m0:36,1405928590578,128,8,7843257
*RES* end node vm25:m0
Node vm25:m0 joined
(vm25:r0:0) Connection finished, received 7843257 bytes
(vm25:r0) thread 0 joined, 5 connections remaining
(vm25:r0) Starting new connection thread
(vm25:r0) Maximum number of connections reached (5), waiting for a thread to finish
(vm25:r0:0) Connection established
(vm25:r0:0) Connection finished, received 7843257 bytes
(vm25:r0) thread 0 joined, 4 connections remaining
(vm25:r0) Maximum number of connections reached (4), waiting for a thread to finish
(vm25:r0) thread 1 joined, 3 connections remaining
(vm25:r0) Maximum number of connections reached (3), waiting for a thread to finish
(vm25:r0) thread 2 joined, 2 connections remaining
(vm25:r0) Maximum number of connections reached (2), waiting for a thread to finish
(vm25:r0) thread 3 joined, 1 connections remaining
(vm25:r0) Maximum number of connections reached (1), waiting for a thread to finish
(vm25:r0) thread 4 joined, 0 connections remaining
(vm25:r0) all done, exiting
*RES* start node vm25:r0
*RES* vm25:r0:0,1405928587234,504,17,7843257
*RES* vm25:r0:0,1405928587742,805,13,7843257
*RES* vm25:r0:0,1405928588554,438,16,7843257
*RES* vm25:r0:0,1405928588998,501,17,7843257
*RES* vm25:r0:0,1405928589506,104,16,7843257
*RES* vm25:r0:0,1405928589618,87,18,7843257
*RES* vm25:r0:0,1405928589714,171,25,7843257
*RES* vm25:r0:0,1405928589890,248,17,7843257
*RES* vm25:r0:0,1405928590142,62,17,7843257
*RES* vm25:r0:0,1405928590210,75,18,7843257
*RES* vm25:r0:0,1405928590294,59,19,7843257
*RES* vm25:r0:0,1405928590357,60,18,7843257
*RES* vm25:r0:0,1405928590430,337,24,7843257
*RES* vm25:r0:0,1405928590790,74,19,7843257
*RES* vm25:r0:0,1405928590867,59,18,7843257
*RES* vm25:r0:0,1405928590930,74,18,7843257
*RES* vm25:r0:0,1405928591010,67,17,7843257
*RES* vm25:r0:0,1405928591082,56,16,7843257
*RES* vm25:r0:0,1405928591146,70,19,7843257
*RES* vm25:r0:0,1405928591222,171,19,7843257
*RES* vm25:r0:0,1405928591398,10,3,7843257
*RES* vm25:r0:0,1405928591414,244,21,7843257
*RES* vm25:r0:0,1405928591676,74,13,7843257
*RES* vm25:r0:0,1405928591754,48,16,7843257
*RES* vm25:r0:0,1405928591806,233,19,7843257
*RES* vm25:r0:0,1405928592046,128,15,7843257
*RES* vm25:r0:0,1405928592178,194,14,7843257
*RES* vm25:r0:0,1405928592377,281,16,7843257
*RES* vm25:r0:0,1405928592663,62,10,7843257
*RES* vm25:r0:0,1405928592730,95,12,7843257
*RES* vm25:r0:0,1405928592855,88,10,7843257
*RES* vm25:r0:0,1405928592970,65,8,7843257
*RES* vm25:r0:0,1405928593042,26,8,7843257
*RES* vm25:r0:1,1405928587234,533,12,7843257
*RES* vm25:r0:2,1405928587234,367,12,7843257
*RES* vm25:r0:3,1405928587234,400,12,7843257
*RES* vm25:r0:4,1405928587234,490,12,7843257
*RES* end node vm25:r0
Node vm25:r0 joined
Worker terminating correctly
