OSMeF worker starting
Enabling core dumping
Listening for command connection
(vm17:m0) New mapper on port 23330
(vm17:m0) -> reducer data size 1307386002
(vm17:m0) -> reducer data size 1307386002
(vm17:m0) -> reducer data size 1307386002
(vm17:m0) -> reducer data size 1307386002
(vm17:m0) -> reducer data size 1307386002
(vm17:m0) -> reducer data size 1307386002
(vm17:m0) -> reducer data size 1307386002
(vm17:m0) -> reducer data size 1307386002
(vm17:m0) -> reducer data size 1307386002
(vm17:m0) -> reducer data size 1307386002
(vm17:m0) -> reducer data size 1307386002
(vm17:m0) -> reducer data size 1307386002
(vm17:m0) -> reducer data size 1307386002
(vm17:m0) -> reducer data size 1307386002
(vm17:m0) -> reducer data size 1307386002
(vm17:m0) -> reducer data size 1307386002
(vm17:m0) -> reducer data size 1307386002
(vm17:m0) -> reducer data size 1307386002
(vm17:m0) -> reducer data size 1307386002
(vm17:m0) -> reducer data size 1307386002
(vm17:m0) -> reducer data size 1307386002
(vm17:m0) -> reducer data size 1307386002
(vm17:m0) -> reducer data size 1307386002
(vm17:m0) -> reducer data size 1307386002
(vm17:m0) -> reducer data size 1307386002
(vm17:m0) -> reducer data size 1307386002
(vm17:m0) -> reducer data size 1307386002
(vm17:m0) -> reducer data size 1307386002
(vm17:m0) -> reducer data size 1307386002
(vm17:m0) Mapper thread started
(vm17:m0) Allocating data for reducer vm1:r0
(vm17:m0) Allocating data for reducer vm2:r0
(vm17:m0) Allocating data for reducer vm3:r0
(vm17:m0) Allocating data for reducer vm4:r0
(vm17:m0) Allocating data for reducer vm5:r0
(vm17:m0) Allocating data for reducer vm6:r0
(vm17:m0) Allocating data for reducer vm7:r0
(vm17:m0) Allocating data for reducer vm8:r0
(vm17:m0) Allocating data for reducer vm9:r0
(vm17:m0) Allocating data for reducer vm10:r0
(vm17:m0) Allocating data for reducer vm11:r0
(vm17:m0) Allocating data for reducer vm12:r0
(vm17:m0) Allocating data for reducer vm13:r0
(vm17:m0) Allocating data for reducer vm14:r0
(vm17:m0) Allocating data for reducer vm15:r0
(vm17:m0) Allocating data for reducer vm16:r0
(vm17:m0) Allocating data for reducer vm17:r0
(vm17:m0) Allocating data for reducer vm18:r0
(vm17:m0) Allocating data for reducer vm19:r0
(vm17:m0) Allocating data for reducer vm20:r0
(vm17:m0) Allocating data for reducer vm21:r0
(vm17:m0) Allocating data for reducer vm22:r0
(vm17:m0) Allocating data for reducer vm23:r0
(vm17:m0) Allocating data for reducer vm24:r0
(vm17:m0) Allocating data for reducer vm25:r0
(vm17:m0) Allocating data for reducer vm26:r0
(vm17:m0) Allocating data for reducer vm27:r0
(vm17:m0) Allocating data for reducer vm28:r0
(vm17:m0) Allocating data for reducer vm29:r0
(vm17:m0) Binding to port 23330
(vm17:r0) New reducer
(vm17:r0) Reducer thread started
(vm17:r0) waiting for START message
(vm17:r0) got START message
(vm17:r0) Starting new connection thread
(vm17:r0) Starting new connection thread
(vm17:r0) Starting new connection thread
(vm17:r0) Starting new connection thread
(vm17:r0) Starting new connection thread
(vm17:r0) Maximum number of connections reached (5), waiting for a thread to finish
(vm17:r0:3) Connection established
(vm17:r0:0) Connection established
(vm17:r0:4) Connection established
(vm17:r0:2) Connection established
(vm17:r0:1) Connection established
(vm17:r0:3) Connection finished, received 1307386003 bytes
(vm17:r0:4) Connection finished, received 1307386003 bytes
(vm17:r0:0) Connection finished, received 1307386003 bytes
(vm17:r0) thread 0 joined, 28 connections remaining
(vm17:r0) Starting new connection thread
(vm17:r0) Maximum number of connections reached (5), waiting for a thread to finish
(vm17:r0:0) Connection established
(vm17:r0:2) Connection finished, received 1307386003 bytes
(vm17:r0:1) Connection finished, received 1307386003 bytes
(vm17:r0:0) Connection finished, received 1307386003 bytes
(vm17:r0) thread 0 joined, 27 connections remaining
(vm17:r0) Starting new connection thread
(vm17:r0) Maximum number of connections reached (5), waiting for a thread to finish
(vm17:r0:0) Connection established
(vm17:r0:0) Connection finished, received 1307386003 bytes
(vm17:r0) thread 0 joined, 26 connections remaining
(vm17:r0) Starting new connection thread
(vm17:r0) Maximum number of connections reached (5), waiting for a thread to finish
(vm17:r0:0) Connection established
(vm17:m0) Got connection from reducer vm1:r0
(vm17:m0:0) thread started, have to send 1307386002 bytes
(vm17:m0:0) all data sent, thread exiting
(vm17:m0) Got connection from reducer vm15:r0
(vm17:m0:14) thread started, have to send 1307386002 bytes
(vm17:r0:0) Connection finished, received 1307386003 bytes
(vm17:r0) thread 0 joined, 25 connections remaining
(vm17:r0) Starting new connection thread
(vm17:r0) Maximum number of connections reached (5), waiting for a thread to finish
(vm17:r0:0) Connection established
(vm17:m0:14) all data sent, thread exiting
(vm17:m0) Got connection from reducer vm16:r0
(vm17:m0:15) thread started, have to send 1307386002 bytes
(vm17:m0) Got connection from reducer vm26:r0
(vm17:m0:25) thread started, have to send 1307386002 bytes
(vm17:m0) Got connection from reducer vm27:r0
(vm17:m0:26) thread started, have to send 1307386002 bytes
(vm17:m0:15) all data sent, thread exiting
(vm17:m0:25) all data sent, thread exiting
(vm17:m0:26) all data sent, thread exiting
(vm17:m0) Got connection from reducer vm4:r0
(vm17:m0:3) thread started, have to send 1307386002 bytes
(vm17:r0:0) Connection finished, received 1307386003 bytes
(vm17:r0) thread 0 joined, 24 connections remaining
(vm17:r0) Starting new connection thread
(vm17:r0) Maximum number of connections reached (5), waiting for a thread to finish
(vm17:r0:0) Connection established
(vm17:m0) Got connection from reducer vm19:r0
(vm17:m0:18) thread started, have to send 1307386002 bytes
(vm17:m0:3) all data sent, thread exiting
(vm17:m0) Got connection from reducer vm7:r0
(vm17:m0:6) thread started, have to send 1307386002 bytes
(vm17:m0) Got connection from reducer vm6:r0
(vm17:m0:5) thread started, have to send 1307386002 bytes
(vm17:m0:18) all data sent, thread exiting
(vm17:m0) Got connection from reducer vm25:r0
(vm17:m0:24) thread started, have to send 1307386002 bytes
(vm17:m0:6) all data sent, thread exiting
(vm17:m0:5) all data sent, thread exiting
(vm17:m0:24) all data sent, thread exiting
(vm17:r0:0) Connection finished, received 1307386003 bytes
(vm17:r0) thread 0 joined, 23 connections remaining
(vm17:r0) Starting new connection thread
(vm17:r0) Maximum number of connections reached (5), waiting for a thread to finish
(vm17:r0:0) Connection established
(vm17:m0) Got connection from reducer vm18:r0
(vm17:m0:17) thread started, have to send 1307386002 bytes
(vm17:m0) Got connection from reducer vm8:r0
(vm17:m0:7) thread started, have to send 1307386002 bytes
(vm17:m0:17) all data sent, thread exiting
(vm17:m0:7) all data sent, thread exiting
(vm17:r0:0) Connection finished, received 1307386003 bytes
(vm17:r0) thread 0 joined, 22 connections remaining
(vm17:r0) Starting new connection thread
(vm17:r0) Maximum number of connections reached (5), waiting for a thread to finish
(vm17:r0:0) Connection established
(vm17:m0) Got connection from reducer vm9:r0
(vm17:m0:8) thread started, have to send 1307386002 bytes
(vm17:m0) Got connection from reducer vm11:r0
(vm17:m0:10) thread started, have to send 1307386002 bytes
(vm17:m0:8) all data sent, thread exiting
(vm17:m0) Got connection from reducer vm23:r0
(vm17:m0:22) thread started, have to send 1307386002 bytes
(vm17:m0) Got connection from reducer vm29:r0
(vm17:m0:28) thread started, have to send 1307386002 bytes
(vm17:m0) Got connection from reducer vm28:r0
(vm17:m0:27) thread started, have to send 1307386002 bytes
(vm17:m0:10) all data sent, thread exiting
(vm17:r0:0) Connection finished, received 1307386003 bytes
(vm17:r0) thread 0 joined, 21 connections remaining
(vm17:r0) Starting new connection thread
(vm17:r0) Maximum number of connections reached (5), waiting for a thread to finish
(vm17:r0:0) Connection established
(vm17:m0) Got connection from reducer vm2:r0
(vm17:m0:1) thread started, have to send 1307386002 bytes
(vm17:m0:28) all data sent, thread exiting
(vm17:m0:27) all data sent, thread exiting
(vm17:m0:22) all data sent, thread exiting
(vm17:m0:1) all data sent, thread exiting
(vm17:r0:0) Connection finished, received 1307386003 bytes
(vm17:r0) thread 0 joined, 20 connections remaining
(vm17:r0) Starting new connection thread
(vm17:r0) Maximum number of connections reached (5), waiting for a thread to finish
(vm17:r0:0) Connection established
(vm17:m0) Got connection from reducer vm5:r0
(vm17:m0:4) thread started, have to send 1307386002 bytes
(vm17:m0) Got connection from reducer vm22:r0
(vm17:m0:21) thread started, have to send 1307386002 bytes
(vm17:m0) Got connection from reducer vm21:r0
(vm17:m0:20) thread started, have to send 1307386002 bytes
(vm17:m0:4) all data sent, thread exiting
(vm17:m0:21) all data sent, thread exiting
(vm17:m0) Got connection from reducer vm3:r0
(vm17:m0:2) thread started, have to send 1307386002 bytes
(vm17:m0:20) all data sent, thread exiting
(vm17:r0:0) Connection finished, received 1307386003 bytes
(vm17:r0) thread 0 joined, 19 connections remaining
(vm17:r0) Starting new connection thread
(vm17:r0) Maximum number of connections reached (5), waiting for a thread to finish
(vm17:r0:0) Connection established
(vm17:m0:2) all data sent, thread exiting
(vm17:m0) Got connection from reducer vm10:r0
(vm17:m0:9) thread started, have to send 1307386002 bytes
(vm17:r0:0) Connection finished, received 1307386003 bytes
(vm17:r0) thread 0 joined, 18 connections remaining
(vm17:r0) Starting new connection thread
(vm17:r0) Maximum number of connections reached (5), waiting for a thread to finish
(vm17:r0:0) Connection established
(vm17:m0:9) all data sent, thread exiting
(vm17:m0) Got connection from reducer vm12:r0
(vm17:m0:11) thread started, have to send 1307386002 bytes
(vm17:m0) Got connection from reducer vm13:r0
(vm17:m0:12) thread started, have to send 1307386002 bytes
(vm17:m0:11) all data sent, thread exiting
(vm17:m0) Got connection from reducer vm24:r0
(vm17:m0:23) thread started, have to send 1307386002 bytes
(vm17:m0) Got connection from reducer vm14:r0
(vm17:m0:13) thread started, have to send 1307386002 bytes
(vm17:r0:0) Connection finished, received 1307386003 bytes
(vm17:r0) thread 0 joined, 17 connections remaining
(vm17:r0) Starting new connection thread
(vm17:r0) Maximum number of connections reached (5), waiting for a thread to finish
(vm17:r0:0) Connection established
(vm17:m0) Got connection from reducer vm17:r0
(vm17:m0:16) thread started, have to send 1307386002 bytes
(vm17:m0) Got connection from reducer vm20:r0
(vm17:m0) Waiting for a thread to finish
(vm17:m0) thread 0 joined, 28 connections remaining
(vm17:m0) Waiting for a thread to finish
(vm17:m0) thread 1 joined, 27 connections remaining
(vm17:m0) Waiting for a thread to finish
(vm17:m0) thread 2 joined, 26 connections remaining
(vm17:m0) Waiting for a thread to finish
(vm17:m0) thread 3 joined, 25 connections remaining
(vm17:m0) Waiting for a thread to finish
(vm17:m0) thread 4 joined, 24 connections remaining
(vm17:m0) Waiting for a thread to finish
(vm17:m0) thread 5 joined, 23 connections remaining
(vm17:m0) Waiting for a thread to finish
(vm17:m0) thread 6 joined, 22 connections remaining
(vm17:m0) Waiting for a thread to finish
(vm17:m0) thread 7 joined, 21 connections remaining
(vm17:m0) Waiting for a thread to finish
(vm17:m0) thread 8 joined, 20 connections remaining
(vm17:m0) Waiting for a thread to finish
(vm17:m0) thread 9 joined, 19 connections remaining
(vm17:m0) Waiting for a thread to finish
(vm17:m0) thread 10 joined, 18 connections remaining
(vm17:m0) Waiting for a thread to finish
(vm17:m0) thread 11 joined, 17 connections remaining
(vm17:m0) Waiting for a thread to finish
(vm17:m0:19) thread started, have to send 1307386002 bytes
(vm17:m0:12) all data sent, thread exiting
(vm17:m0) thread 12 joined, 16 connections remaining
(vm17:m0) Waiting for a thread to finish
(vm17:m0:16) all data sent, thread exiting
(vm17:r0:0) Connection finished, received 1307386003 bytes
(vm17:r0) thread 0 joined, 16 connections remaining
(vm17:r0) Starting new connection thread
(vm17:r0) Maximum number of connections reached (5), waiting for a thread to finish
(vm17:r0:0) Connection established
(vm17:m0:23) all data sent, thread exiting
(vm17:m0:13) all data sent, thread exiting
(vm17:m0) thread 13 joined, 15 connections remaining
(vm17:m0) Waiting for a thread to finish
(vm17:m0) thread 14 joined, 14 connections remaining
(vm17:m0) Waiting for a thread to finish
(vm17:m0) thread 15 joined, 13 connections remaining
(vm17:m0) Waiting for a thread to finish
(vm17:m0) thread 16 joined, 12 connections remaining
(vm17:m0) Waiting for a thread to finish
(vm17:m0) thread 17 joined, 11 connections remaining
(vm17:m0) Waiting for a thread to finish
(vm17:m0) thread 18 joined, 10 connections remaining
(vm17:m0) Waiting for a thread to finish
(vm17:m0:19) all data sent, thread exiting
(vm17:m0) thread 19 joined, 9 connections remaining
(vm17:m0) Waiting for a thread to finish
(vm17:m0) thread 20 joined, 8 connections remaining
(vm17:m0) Waiting for a thread to finish
(vm17:m0) thread 21 joined, 7 connections remaining
(vm17:m0) Waiting for a thread to finish
(vm17:m0) thread 22 joined, 6 connections remaining
(vm17:m0) Waiting for a thread to finish
(vm17:m0) thread 23 joined, 5 connections remaining
(vm17:m0) Waiting for a thread to finish
(vm17:m0) thread 24 joined, 4 connections remaining
(vm17:m0) Waiting for a thread to finish
(vm17:m0) thread 25 joined, 3 connections remaining
(vm17:m0) Waiting for a thread to finish
(vm17:m0) thread 26 joined, 2 connections remaining
(vm17:m0) Waiting for a thread to finish
(vm17:m0) thread 27 joined, 1 connections remaining
(vm17:m0) Waiting for a thread to finish
(vm17:m0) thread 28 joined, 0 connections remaining
(vm17:m0) all done, exiting
*RES* start node vm17:m0
*RES* vm17:m0:0,1405495441537,5007,1625,1307386003
*RES* vm17:m0:1,1405495538089,6687,1504,1307386003
*RES* vm17:m0:2,1405495554896,4677,1318,1307386003
*RES* vm17:m0:3,1405495478397,6212,2535,1307386003
*RES* vm17:m0:4,1405495546405,6108,1523,1307386003
*RES* vm17:m0:5,1405495491326,8140,1790,1307386003
*RES* vm17:m0:6,1405495489765,6809,1503,1307386003
*RES* vm17:m0:7,1405495513045,4719,1462,1307386003
*RES* vm17:m0:8,1405495523932,5362,1446,1307386003
*RES* vm17:m0:9,1405495561655,5236,1497,1307386003
*RES* vm17:m0:10,1405495529251,5312,1370,1307386003
*RES* vm17:m0:11,1405495567577,4225,1249,1307386003
*RES* vm17:m0:12,1405495570452,5226,1116,1307386003
*RES* vm17:m0:13,1405495573206,6644,1014,1307386003
*RES* vm17:m0:14,1405495453475,7314,2774,1307386003
*RES* vm17:m0:15,1405495470945,5732,1204,1307386003
*RES* vm17:m0:16,1405495573369,5805,337,1307386003
*RES* vm17:m0:17,1405495508505,5251,1708,1307386003
*RES* vm17:m0:18,1405495484529,7056,1388,1307386003
*RES* vm17:m0:19,1405495573717,6207,938,1307386003
*RES* vm17:m0:20,1405495550411,6370,1212,1307386003
*RES* vm17:m0:21,1405495546785,7067,1493,1307386003
*RES* vm17:m0:22,1405495531920,9516,1285,1307386003
*RES* vm17:m0:23,1405495573077,6573,995,1307386003
*RES* vm17:m0:24,1405495491743,8006,1902,1307386003
*RES* vm17:m0:25,1405495471522,5967,1304,1307386003
*RES* vm17:m0:26,1405495471553,6295,1395,1307386003
*RES* vm17:m0:27,1405495533188,7977,1284,1307386003
*RES* vm17:m0:28,1405495532844,7997,1296,1307386003
*RES* end node vm17:m0
Node vm17:m0 joined
(vm17:r0:0) Connection finished, received 1307386003 bytes
(vm17:r0) thread 0 joined, 15 connections remaining
(vm17:r0) Starting new connection thread
(vm17:r0) Maximum number of connections reached (5), waiting for a thread to finish
(vm17:r0:0) Connection established
(vm17:r0:0) Connection finished, received 1307386003 bytes
(vm17:r0) thread 0 joined, 14 connections remaining
(vm17:r0) Starting new connection thread
(vm17:r0) Maximum number of connections reached (5), waiting for a thread to finish
(vm17:r0:0) Connection established
(vm17:r0:0) Connection finished, received 1307386003 bytes
(vm17:r0) thread 0 joined, 13 connections remaining
(vm17:r0) Starting new connection thread
(vm17:r0) Maximum number of connections reached (5), waiting for a thread to finish
(vm17:r0:0) Connection established
(vm17:r0:0) Connection finished, received 1307386003 bytes
(vm17:r0) thread 0 joined, 12 connections remaining
(vm17:r0) Starting new connection thread
(vm17:r0) Maximum number of connections reached (5), waiting for a thread to finish
(vm17:r0:0) Connection established
(vm17:r0:0) Connection finished, received 1307386003 bytes
(vm17:r0) thread 0 joined, 11 connections remaining
(vm17:r0) Starting new connection thread
(vm17:r0) Maximum number of connections reached (5), waiting for a thread to finish
(vm17:r0:0) Connection established
(vm17:r0:0) Connection finished, received 1307386003 bytes
(vm17:r0) thread 0 joined, 10 connections remaining
(vm17:r0) Starting new connection thread
(vm17:r0) Maximum number of connections reached (5), waiting for a thread to finish
(vm17:r0:0) Connection established
(vm17:r0:0) Connection finished, received 1307386003 bytes
(vm17:r0) thread 0 joined, 9 connections remaining
(vm17:r0) Starting new connection thread
(vm17:r0) Maximum number of connections reached (5), waiting for a thread to finish
(vm17:r0:0) Connection established
(vm17:r0:0) Connection finished, received 1307386003 bytes
(vm17:r0) thread 0 joined, 8 connections remaining
(vm17:r0) Starting new connection thread
(vm17:r0) Maximum number of connections reached (5), waiting for a thread to finish
(vm17:r0:0) Connection established
(vm17:r0:0) Connection finished, received 1307386003 bytes
(vm17:r0) thread 0 joined, 7 connections remaining
(vm17:r0) Starting new connection thread
(vm17:r0) Maximum number of connections reached (5), waiting for a thread to finish
(vm17:r0:0) Connection established
(vm17:r0:0) Connection finished, received 1307386003 bytes
(vm17:r0) thread 0 joined, 6 connections remaining
(vm17:r0) Starting new connection thread
(vm17:r0) Maximum number of connections reached (5), waiting for a thread to finish
(vm17:r0:0) Connection established
(vm17:r0:0) Connection finished, received 1307386003 bytes
(vm17:r0) thread 0 joined, 5 connections remaining
(vm17:r0) Starting new connection thread
(vm17:r0) Maximum number of connections reached (5), waiting for a thread to finish
(vm17:r0:0) Connection established
(vm17:r0:0) Connection finished, received 1307386003 bytes
(vm17:r0) thread 0 joined, 4 connections remaining
(vm17:r0) Maximum number of connections reached (4), waiting for a thread to finish
(vm17:r0) thread 1 joined, 3 connections remaining
(vm17:r0) Maximum number of connections reached (3), waiting for a thread to finish
(vm17:r0) thread 2 joined, 2 connections remaining
(vm17:r0) Maximum number of connections reached (2), waiting for a thread to finish
(vm17:r0) thread 3 joined, 1 connections remaining
(vm17:r0) Maximum number of connections reached (1), waiting for a thread to finish
(vm17:r0) thread 4 joined, 0 connections remaining
(vm17:r0) all done, exiting
*RES* start node vm17:r0
*RES* vm17:r0:0,1405495341761,35978,1233,1307386003
*RES* vm17:r0:0,1405495377745,28829,1107,1307386003
*RES* vm17:r0:0,1405495406581,29108,1321,1307386003
*RES* vm17:r0:0,1405495435693,23462,1456,1307386003
*RES* vm17:r0:0,1405495459165,24950,1474,1307386003
*RES* vm17:r0:0,1405495484125,21559,1977,1307386003
*RES* vm17:r0:0,1405495505689,15966,1368,1307386003
*RES* vm17:r0:0,1405495521661,13747,1324,1307386003
*RES* vm17:r0:0,1405495535417,10957,1459,1307386003
*RES* vm17:r0:0,1405495546381,10577,1355,1307386003
*RES* vm17:r0:0,1405495556965,8684,1337,1307386003
*RES* vm17:r0:0,1405495565657,7694,1283,1307386003
*RES* vm17:r0:0,1405495573363,5821,878,1307386003
*RES* vm17:r0:0,1405495579223,5784,1053,1307386003
*RES* vm17:r0:0,1405495585013,5183,1037,1307386003
*RES* vm17:r0:0,1405495590201,6748,1040,1307386003
*RES* vm17:r0:0,1405495596953,7707,1104,1307386003
*RES* vm17:r0:0,1405495604665,5713,1047,1307386003
*RES* vm17:r0:0,1405495610385,2104,899,1307386003
*RES* vm17:r0:0,1405495612493,2884,792,1307386003
*RES* vm17:r0:0,1405495615385,1605,781,1307386003
*RES* vm17:r0:0,1405495616997,1355,657,1307386003
*RES* vm17:r0:0,1405495618361,1389,680,1307386003
*RES* vm17:r0:0,1405495619757,1383,669,1307386003
*RES* vm17:r0:0,1405495621145,1373,662,1307386003
*RES* vm17:r0:1,1405495341761,37644,1263,1307386003
*RES* vm17:r0:2,1405495341761,37121,1242,1307386003
*RES* vm17:r0:3,1405495341761,29983,1223,1307386003
*RES* vm17:r0:4,1405495341761,34332,1251,1307386003
*RES* end node vm17:r0
Node vm17:r0 joined
Worker terminating correctly
