OSMeF worker starting
Enabling core dumping
Listening for command connection
(vm8:m0) New mapper on port 23330
(vm8:m0) -> reducer data size 1307386002
(vm8:m0) -> reducer data size 1307386002
(vm8:m0) -> reducer data size 1307386002
(vm8:m0) -> reducer data size 1307386002
(vm8:m0) -> reducer data size 1307386002
(vm8:m0) -> reducer data size 1307386002
(vm8:m0) -> reducer data size 1307386002
(vm8:m0) -> reducer data size 1307386002
(vm8:m0) -> reducer data size 1307386002
(vm8:m0) -> reducer data size 1307386002
(vm8:m0) -> reducer data size 1307386002
(vm8:m0) -> reducer data size 1307386002
(vm8:m0) -> reducer data size 1307386002
(vm8:m0) -> reducer data size 1307386002
(vm8:m0) -> reducer data size 1307386002
(vm8:m0) -> reducer data size 1307386002
(vm8:m0) -> reducer data size 1307386002
(vm8:m0) -> reducer data size 1307386002
(vm8:m0) -> reducer data size 1307386002
(vm8:m0) -> reducer data size 1307386002
(vm8:m0) -> reducer data size 1307386002
(vm8:m0) -> reducer data size 1307386002
(vm8:m0) -> reducer data size 1307386002
(vm8:m0) -> reducer data size 1307386002
(vm8:m0) -> reducer data size 1307386002
(vm8:m0) -> reducer data size 1307386002
(vm8:m0) -> reducer data size 1307386002
(vm8:m0) -> reducer data size 1307386002
(vm8:m0) -> reducer data size 1307386002
(vm8:m0) Mapper thread started
(vm8:m0) Allocating data for reducer vm1:r0
(vm8:m0) Allocating data for reducer vm2:r0
(vm8:m0) Allocating data for reducer vm3:r0
(vm8:m0) Allocating data for reducer vm4:r0
(vm8:m0) Allocating data for reducer vm5:r0
(vm8:m0) Allocating data for reducer vm6:r0
(vm8:m0) Allocating data for reducer vm7:r0
(vm8:m0) Allocating data for reducer vm8:r0
(vm8:m0) Allocating data for reducer vm9:r0
(vm8:m0) Allocating data for reducer vm10:r0
(vm8:m0) Allocating data for reducer vm11:r0
(vm8:m0) Allocating data for reducer vm12:r0
(vm8:m0) Allocating data for reducer vm13:r0
(vm8:m0) Allocating data for reducer vm14:r0
(vm8:m0) Allocating data for reducer vm15:r0
(vm8:m0) Allocating data for reducer vm16:r0
(vm8:m0) Allocating data for reducer vm17:r0
(vm8:m0) Allocating data for reducer vm18:r0
(vm8:m0) Allocating data for reducer vm19:r0
(vm8:m0) Allocating data for reducer vm20:r0
(vm8:m0) Allocating data for reducer vm21:r0
(vm8:m0) Allocating data for reducer vm22:r0
(vm8:m0) Allocating data for reducer vm23:r0
(vm8:m0) Allocating data for reducer vm24:r0
(vm8:m0) Allocating data for reducer vm25:r0
(vm8:m0) Allocating data for reducer vm26:r0
(vm8:m0) Allocating data for reducer vm27:r0
(vm8:m0) Allocating data for reducer vm28:r0
(vm8:m0) Allocating data for reducer vm29:r0
(vm8:m0) Binding to port 23330
(vm8:r0) New reducer
(vm8:r0) Reducer thread started
(vm8:r0) waiting for START message
(vm8:r0) got START message
(vm8:r0) Starting new connection thread
(vm8:r0) Starting new connection thread
(vm8:r0) Starting new connection thread
(vm8:r0) Starting new connection thread
(vm8:r0) Starting new connection thread
(vm8:r0) Maximum number of connections reached (5), waiting for a thread to finish
(vm8:r0:4) Connection established
(vm8:r0:1) Connection established
(vm8:r0:3) Connection established
(vm8:r0:0) Connection established
(vm8:r0:2) Connection established
(vm8:r0:3) Connection finished, received 1307386003 bytes
(vm8:r0:4) Connection finished, received 1307386003 bytes
(vm8:r0:0) Connection finished, received 1307386003 bytes
(vm8:r0) thread 0 joined, 28 connections remaining
(vm8:r0) Starting new connection thread
(vm8:r0) Maximum number of connections reached (5), waiting for a thread to finish
(vm8:r0:0) Connection established
(vm8:r0:1) Connection finished, received 1307386003 bytes
(vm8:r0:2) Connection finished, received 1307386003 bytes
(vm8:m0) Got connection from reducer vm1:r0
(vm8:m0:0) thread started, have to send 1307386002 bytes
(vm8:r0:0) Connection finished, received 1307386003 bytes
(vm8:r0) thread 0 joined, 27 connections remaining
(vm8:r0) Starting new connection thread
(vm8:r0) Maximum number of connections reached (5), waiting for a thread to finish
(vm8:r0:0) Connection established
(vm8:m0:0) all data sent, thread exiting
(vm8:m0) Got connection from reducer vm15:r0
(vm8:m0:14) thread started, have to send 1307386002 bytes
(vm8:m0) Got connection from reducer vm7:r0
(vm8:m0:6) thread started, have to send 1307386002 bytes
(vm8:m0:14) all data sent, thread exiting
(vm8:m0) Got connection from reducer vm16:r0
(vm8:m0:15) thread started, have to send 1307386002 bytes
(vm8:m0) Got connection from reducer vm26:r0
(vm8:m0:25) thread started, have to send 1307386002 bytes
(vm8:m0) Got connection from reducer vm27:r0
(vm8:m0:26) thread started, have to send 1307386002 bytes
(vm8:m0) Got connection from reducer vm4:r0
(vm8:m0:3) thread started, have to send 1307386002 bytes
(vm8:m0) Got connection from reducer vm19:r0
(vm8:m0:18) thread started, have to send 1307386002 bytes
(vm8:m0:15) all data sent, thread exiting
(vm8:m0) Got connection from reducer vm25:r0
(vm8:m0) Got connection from reducer vm6:r0
(vm8:m0:24) thread started, have to send 1307386002 bytes
(vm8:m0:5) thread started, have to send 1307386002 bytes
(vm8:m0:25) all data sent, thread exiting
(vm8:m0:26) all data sent, thread exiting
(vm8:m0) Got connection from reducer vm18:r0
(vm8:m0:17) thread started, have to send 1307386002 bytes
(vm8:m0) Got connection from reducer vm11:r0
(vm8:m0:10) thread started, have to send 1307386002 bytes
(vm8:r0:0) Connection finished, received 1307386003 bytes
(vm8:m0) Got connection from reducer vm9:r0
(vm8:m0:8) thread started, have to send 1307386002 bytes
(vm8:r0) thread 0 joined, 26 connections remaining
(vm8:r0) Starting new connection thread
(vm8:r0) Maximum number of connections reached (5), waiting for a thread to finish
(vm8:r0:0) Connection established
(vm8:m0) Got connection from reducer vm8:r0
(vm8:m0:7) thread started, have to send 1307386002 bytes
(vm8:m0) Got connection from reducer vm23:r0
(vm8:m0:22) thread started, have to send 1307386002 bytes
(vm8:m0) Got connection from reducer vm21:r0
(vm8:m0:20) thread started, have to send 1307386002 bytes
(vm8:m0) Got connection from reducer vm13:r0
(vm8:m0) Got connection from reducer vm2:r0
(vm8:m0:12) thread started, have to send 1307386002 bytes
(vm8:m0:1) thread started, have to send 1307386002 bytes
(vm8:m0) Got connection from reducer vm12:r0
(vm8:m0:11) thread started, have to send 1307386002 bytes
(vm8:m0) Got connection from reducer vm29:r0
(vm8:m0:28) thread started, have to send 1307386002 bytes
(vm8:m0) Got connection from reducer vm14:r0
(vm8:m0:13) thread started, have to send 1307386002 bytes
(vm8:m0) Got connection from reducer vm5:r0
(vm8:m0:4) thread started, have to send 1307386002 bytes
(vm8:m0) Got connection from reducer vm22:r0
(vm8:m0:21) thread started, have to send 1307386002 bytes
(vm8:m0) Got connection from reducer vm20:r0
(vm8:m0) Got connection from reducer vm28:r0
(vm8:m0:19) thread started, have to send 1307386002 bytes
(vm8:m0:27) thread started, have to send 1307386002 bytes
(vm8:m0) Got connection from reducer vm24:r0
(vm8:m0:23) thread started, have to send 1307386002 bytes
(vm8:m0) Got connection from reducer vm17:r0
(vm8:m0:16) thread started, have to send 1307386002 bytes
(vm8:m0) Got connection from reducer vm3:r0
(vm8:m0:2) thread started, have to send 1307386002 bytes
(vm8:m0) Got connection from reducer vm10:r0
(vm8:m0) Waiting for a thread to finish
(vm8:m0) thread 0 joined, 28 connections remaining
(vm8:m0) Waiting for a thread to finish
(vm8:m0:9) thread started, have to send 1307386002 bytes
(vm8:m0:3) all data sent, thread exiting
(vm8:m0:18) all data sent, thread exiting
(vm8:m0:6) all data sent, thread exiting
(vm8:m0:5) all data sent, thread exiting
(vm8:m0:24) all data sent, thread exiting
(vm8:m0:7) all data sent, thread exiting
(vm8:r0:0) Connection finished, received 1307386003 bytes
(vm8:r0) thread 0 joined, 25 connections remaining
(vm8:r0) Starting new connection thread
(vm8:r0) Maximum number of connections reached (5), waiting for a thread to finish
(vm8:r0:0) Connection established
(vm8:m0:17) all data sent, thread exiting
(vm8:m0:10) all data sent, thread exiting
(vm8:m0:8) all data sent, thread exiting
(vm8:m0:22) all data sent, thread exiting
(vm8:m0:28) all data sent, thread exiting
(vm8:m0:11) all data sent, thread exiting
(vm8:m0:12) all data sent, thread exiting
(vm8:m0:27) all data sent, thread exiting
(vm8:m0:19) all data sent, thread exiting
(vm8:m0:21) all data sent, thread exiting
(vm8:m0:13) all data sent, thread exiting
(vm8:m0:20) all data sent, thread exiting
(vm8:m0:1) all data sent, thread exiting
(vm8:m0) thread 1 joined, 27 connections remaining
(vm8:m0) Waiting for a thread to finish
(vm8:m0:23) all data sent, thread exiting
(vm8:m0:4) all data sent, thread exiting
(vm8:m0:16) all data sent, thread exiting
(vm8:m0:2) all data sent, thread exiting
(vm8:m0) thread 2 joined, 26 connections remaining
(vm8:m0) Waiting for a thread to finish
(vm8:m0) thread 3 joined, 25 connections remaining
(vm8:m0) Waiting for a thread to finish
(vm8:m0) thread 4 joined, 24 connections remaining
(vm8:m0) Waiting for a thread to finish
(vm8:m0) thread 5 joined, 23 connections remaining
(vm8:m0) Waiting for a thread to finish
(vm8:m0) thread 6 joined, 22 connections remaining
(vm8:m0) Waiting for a thread to finish
(vm8:m0) thread 7 joined, 21 connections remaining
(vm8:m0) Waiting for a thread to finish
(vm8:m0) thread 8 joined, 20 connections remaining
(vm8:m0) Waiting for a thread to finish
(vm8:m0:9) all data sent, thread exiting
(vm8:m0) thread 9 joined, 19 connections remaining
(vm8:m0) Waiting for a thread to finish
(vm8:m0) thread 10 joined, 18 connections remaining
(vm8:m0) Waiting for a thread to finish
(vm8:m0) thread 11 joined, 17 connections remaining
(vm8:m0) Waiting for a thread to finish
(vm8:m0) thread 12 joined, 16 connections remaining
(vm8:m0) Waiting for a thread to finish
(vm8:m0) thread 13 joined, 15 connections remaining
(vm8:m0) Waiting for a thread to finish
(vm8:m0) thread 14 joined, 14 connections remaining
(vm8:m0) Waiting for a thread to finish
(vm8:m0) thread 15 joined, 13 connections remaining
(vm8:m0) Waiting for a thread to finish
(vm8:m0) thread 16 joined, 12 connections remaining
(vm8:m0) Waiting for a thread to finish
(vm8:m0) thread 17 joined, 11 connections remaining
(vm8:m0) Waiting for a thread to finish
(vm8:m0) thread 18 joined, 10 connections remaining
(vm8:m0) Waiting for a thread to finish
(vm8:m0) thread 19 joined, 9 connections remaining
(vm8:m0) Waiting for a thread to finish
(vm8:m0) thread 20 joined, 8 connections remaining
(vm8:m0) Waiting for a thread to finish
(vm8:m0) thread 21 joined, 7 connections remaining
(vm8:m0) Waiting for a thread to finish
(vm8:m0) thread 22 joined, 6 connections remaining
(vm8:m0) Waiting for a thread to finish
(vm8:m0) thread 23 joined, 5 connections remaining
(vm8:m0) Waiting for a thread to finish
(vm8:m0) thread 24 joined, 4 connections remaining
(vm8:m0) Waiting for a thread to finish
(vm8:m0) thread 25 joined, 3 connections remaining
(vm8:m0) Waiting for a thread to finish
(vm8:m0) thread 26 joined, 2 connections remaining
(vm8:m0) Waiting for a thread to finish
(vm8:m0) thread 27 joined, 1 connections remaining
(vm8:m0) Waiting for a thread to finish
(vm8:m0) thread 28 joined, 0 connections remaining
(vm8:m0) all done, exiting
*RES* start node vm8:m0
*RES* vm8:m0:0,1405495400673,4578,1888,1307386003
*RES* vm8:m0:1,1405495434668,23848,1016,1307386003
*RES* vm8:m0:2,1405495435783,23522,1058,1307386003
*RES* vm8:m0:3,1405495427586,10194,1063,1307386003
*RES* vm8:m0:4,1405495435377,23205,1047,1307386003
*RES* vm8:m0:5,1405495429146,16587,1067,1307386003
*RES* vm8:m0:6,1405495418000,25855,1038,1307386003
*RES* vm8:m0:7,1405495432771,17444,552,1307386003
*RES* vm8:m0:8,1405495432754,23172,1018,1307386003
*RES* vm8:m0:9,1405495435984,25154,1376,1307386003
*RES* vm8:m0:10,1405495432572,22406,1024,1307386003
*RES* vm8:m0:11,1405495434771,22862,1014,1307386003
*RES* vm8:m0:12,1405495434659,22977,1045,1307386003
*RES* vm8:m0:13,1405495435237,23038,1060,1307386003
*RES* vm8:m0:14,1405495416126,5155,1797,1307386003
*RES* vm8:m0:15,1405495423519,5240,1193,1307386003
*RES* vm8:m0:16,1405495435714,23438,1029,1307386003
*RES* vm8:m0:17,1405495432134,21979,1053,1307386003
*RES* vm8:m0:18,1405495428114,12003,1050,1307386003
*RES* vm8:m0:19,1405495435439,22444,1015,1307386003
*RES* vm8:m0:20,1405495434417,23947,1039,1307386003
*RES* vm8:m0:21,1405495435410,22666,1013,1307386003
*RES* vm8:m0:22,1405495433398,23737,1027,1307386003
*RES* vm8:m0:23,1405495435560,23010,1052,1307386003
*RES* vm8:m0:24,1405495429146,16967,1072,1307386003
*RES* vm8:m0:25,1405495424230,5742,1113,1307386003
*RES* vm8:m0:26,1405495424273,5859,1136,1307386003
*RES* vm8:m0:27,1405495435453,22213,1031,1307386003
*RES* vm8:m0:28,1405495435149,22300,1027,1307386003
*RES* end node vm8:m0
Node vm8:m0 joined
(vm8:r0:0) Connection finished, received 1307386003 bytes
(vm8:r0) thread 0 joined, 24 connections remaining
(vm8:r0) Starting new connection thread
(vm8:r0) Maximum number of connections reached (5), waiting for a thread to finish
(vm8:r0:0) Connection established
(vm8:r0:0) Connection finished, received 1307386003 bytes
(vm8:r0) thread 0 joined, 23 connections remaining
(vm8:r0) Starting new connection thread
(vm8:r0) Maximum number of connections reached (5), waiting for a thread to finish
(vm8:r0:0) Connection established
(vm8:r0:0) Connection finished, received 1307386003 bytes
(vm8:r0) thread 0 joined, 22 connections remaining
(vm8:r0) Starting new connection thread
(vm8:r0) Maximum number of connections reached (5), waiting for a thread to finish
(vm8:r0:0) Connection established
(vm8:r0:0) Connection finished, received 1307386003 bytes
(vm8:r0) thread 0 joined, 21 connections remaining
(vm8:r0) Starting new connection thread
(vm8:r0) Maximum number of connections reached (5), waiting for a thread to finish
(vm8:r0:0) Connection established
(vm8:r0:0) Connection finished, received 1307386003 bytes
(vm8:r0) thread 0 joined, 20 connections remaining
(vm8:r0) Starting new connection thread
(vm8:r0) Maximum number of connections reached (5), waiting for a thread to finish
(vm8:r0:0) Connection established
(vm8:r0:0) Connection finished, received 1307386003 bytes
(vm8:r0) thread 0 joined, 19 connections remaining
(vm8:r0) Starting new connection thread
(vm8:r0) Maximum number of connections reached (5), waiting for a thread to finish
(vm8:r0:0) Connection established
(vm8:r0:0) Connection finished, received 1307386003 bytes
(vm8:r0) thread 0 joined, 18 connections remaining
(vm8:r0) Starting new connection thread
(vm8:r0) Maximum number of connections reached (5), waiting for a thread to finish
(vm8:r0:0) Connection established
(vm8:r0:0) Connection finished, received 1307386003 bytes
(vm8:r0) thread 0 joined, 17 connections remaining
(vm8:r0) Starting new connection thread
(vm8:r0) Maximum number of connections reached (5), waiting for a thread to finish
(vm8:r0:0) Connection established
(vm8:r0:0) Connection finished, received 1307386003 bytes
(vm8:r0) thread 0 joined, 16 connections remaining
(vm8:r0) Starting new connection thread
(vm8:r0) Maximum number of connections reached (5), waiting for a thread to finish
(vm8:r0:0) Connection established
(vm8:r0:0) Connection finished, received 1307386003 bytes
(vm8:r0) thread 0 joined, 15 connections remaining
(vm8:r0) Starting new connection thread
(vm8:r0) Maximum number of connections reached (5), waiting for a thread to finish
(vm8:r0:0) Connection established
(vm8:r0:0) Connection finished, received 1307386003 bytes
(vm8:r0) thread 0 joined, 14 connections remaining
(vm8:r0) Starting new connection thread
(vm8:r0) Maximum number of connections reached (5), waiting for a thread to finish
(vm8:r0:0) Connection established
(vm8:r0:0) Connection finished, received 1307386003 bytes
(vm8:r0) thread 0 joined, 13 connections remaining
(vm8:r0) Starting new connection thread
(vm8:r0) Maximum number of connections reached (5), waiting for a thread to finish
(vm8:r0:0) Connection established
(vm8:r0:0) Connection finished, received 1307386003 bytes
(vm8:r0) thread 0 joined, 12 connections remaining
(vm8:r0) Starting new connection thread
(vm8:r0) Maximum number of connections reached (5), waiting for a thread to finish
(vm8:r0:0) Connection established
(vm8:r0:0) Connection finished, received 1307386003 bytes
(vm8:r0) thread 0 joined, 11 connections remaining
(vm8:r0) Starting new connection thread
(vm8:r0) Maximum number of connections reached (5), waiting for a thread to finish
(vm8:r0:0) Connection established
(vm8:r0:0) Connection finished, received 1307386003 bytes
(vm8:r0) thread 0 joined, 10 connections remaining
(vm8:r0) Starting new connection thread
(vm8:r0) Maximum number of connections reached (5), waiting for a thread to finish
(vm8:r0:0) Connection established
(vm8:r0:0) Connection finished, received 1307386003 bytes
(vm8:r0) thread 0 joined, 9 connections remaining
(vm8:r0) Starting new connection thread
(vm8:r0) Maximum number of connections reached (5), waiting for a thread to finish
(vm8:r0:0) Connection established
(vm8:r0:0) Connection finished, received 1307386003 bytes
(vm8:r0) thread 0 joined, 8 connections remaining
(vm8:r0) Starting new connection thread
(vm8:r0) Maximum number of connections reached (5), waiting for a thread to finish
(vm8:r0:0) Connection established
(vm8:r0:0) Connection finished, received 1307386003 bytes
(vm8:r0) thread 0 joined, 7 connections remaining
(vm8:r0) Starting new connection thread
(vm8:r0) Maximum number of connections reached (5), waiting for a thread to finish
(vm8:r0:0) Connection established
(vm8:r0:0) Connection finished, received 1307386003 bytes
(vm8:r0) thread 0 joined, 6 connections remaining
(vm8:r0) Starting new connection thread
(vm8:r0) Maximum number of connections reached (5), waiting for a thread to finish
(vm8:r0:0) Connection established
(vm8:r0:0) Connection finished, received 1307386003 bytes
(vm8:r0) thread 0 joined, 5 connections remaining
(vm8:r0) Starting new connection thread
(vm8:r0) Maximum number of connections reached (5), waiting for a thread to finish
(vm8:r0:0) Connection established
(vm8:r0:0) Connection finished, received 1307386003 bytes
(vm8:r0) thread 0 joined, 4 connections remaining
(vm8:r0) Maximum number of connections reached (4), waiting for a thread to finish
(vm8:r0) thread 1 joined, 3 connections remaining
(vm8:r0) Maximum number of connections reached (3), waiting for a thread to finish
(vm8:r0) thread 2 joined, 2 connections remaining
(vm8:r0) Maximum number of connections reached (2), waiting for a thread to finish
(vm8:r0) thread 3 joined, 1 connections remaining
(vm8:r0) Maximum number of connections reached (1), waiting for a thread to finish
(vm8:r0) thread 4 joined, 0 connections remaining
(vm8:r0) all done, exiting
*RES* start node vm8:r0
*RES* vm8:r0:0,1405495341765,35895,1228,1307386003
*RES* vm8:r0:0,1405495377666,27428,1143,1307386003
*RES* vm8:r0:0,1405495405102,27635,1155,1307386003
*RES* vm8:r0:0,1405495432770,17468,994,1307386003
*RES* vm8:r0:0,1405495450385,20435,1138,1307386003
*RES* vm8:r0:0,1405495470826,4619,1377,1307386003
*RES* vm8:r0:0,1405495475450,6277,2002,1307386003
*RES* vm8:r0:0,1405495481734,5273,1453,1307386003
*RES* vm8:r0:0,1405495487014,6677,1773,1307386003
*RES* vm8:r0:0,1405495493698,6306,1915,1307386003
*RES* vm8:r0:0,1405495500010,6778,2251,1307386003
*RES* vm8:r0:0,1405495506794,6233,1826,1307386003
*RES* vm8:r0:0,1405495513034,4740,1626,1307386003
*RES* vm8:r0:0,1405495517778,6016,1979,1307386003
*RES* vm8:r0:0,1405495523798,5601,1713,1307386003
*RES* vm8:r0:0,1405495529406,4754,1771,1307386003
*RES* vm8:r0:0,1405495534166,5556,1595,1307386003
*RES* vm8:r0:0,1405495539730,5220,1459,1307386003
*RES* vm8:r0:0,1405495544958,5148,1710,1307386003
*RES* vm8:r0:0,1405495550114,4836,1439,1307386003
*RES* vm8:r0:0,1405495554958,4174,1388,1307386003
*RES* vm8:r0:0,1405495559138,4217,1653,1307386003
*RES* vm8:r0:0,1405495563362,4116,1721,1307386003
*RES* vm8:r0:0,1405495567486,4016,1214,1307386003
*RES* vm8:r0:0,1405495571506,3376,1207,1307386003
*RES* vm8:r0:1,1405495341765,37663,1272,1307386003
*RES* vm8:r0:2,1405495341765,37838,1221,1307386003
*RES* vm8:r0:3,1405495341765,29856,1224,1307386003
*RES* vm8:r0:4,1405495341765,35169,1246,1307386003
*RES* end node vm8:r0
Node vm8:r0 joined
Worker terminating correctly
