OSMeF worker starting
Enabling core dumping
Listening for command connection
(vm21:m0) New mapper on port 23330
(vm21:m0) -> reducer data size 15883754
(vm21:m0) -> reducer data size 15883754
(vm21:m0) -> reducer data size 15883754
(vm21:m0) -> reducer data size 15883754
(vm21:m0) -> reducer data size 15883754
(vm21:m0) -> reducer data size 15883754
(vm21:m0) -> reducer data size 15883754
(vm21:m0) -> reducer data size 15883754
(vm21:m0) -> reducer data size 15883754
(vm21:m0) -> reducer data size 15883754
(vm21:m0) -> reducer data size 15883754
(vm21:m0) -> reducer data size 15883754
(vm21:m0) -> reducer data size 15883754
(vm21:m0) -> reducer data size 15883754
(vm21:m0) -> reducer data size 15883754
(vm21:m0) -> reducer data size 15883754
(vm21:m0) -> reducer data size 15883754
(vm21:m0) -> reducer data size 15883754
(vm21:m0) -> reducer data size 15883754
(vm21:m0) -> reducer data size 15883754
(vm21:m0) -> reducer data size 15883754
(vm21:m0) -> reducer data size 15883754
(vm21:m0) -> reducer data size 15883754
(vm21:m0) -> reducer data size 15883754
(vm21:m0) -> reducer data size 15883754
(vm21:m0) -> reducer data size 15883754
(vm21:m0) Mapper thread started
(vm21:m0) Allocating data for reducer vm1:r0
(vm21:m0) Allocating data for reducer vm2:r0
(vm21:m0) Allocating data for reducer vm3:r0
(vm21:m0) Allocating data for reducer vm4:r0
(vm21:m0) Allocating data for reducer vm5:r0
(vm21:m0) Allocating data for reducer vm6:r0
(vm21:m0) Allocating data for reducer vm7:r0
(vm21:m0) Allocating data for reducer vm8:r0
(vm21:m0) Allocating data for reducer vm9:r0
(vm21:m0) Allocating data for reducer vm10:r0
(vm21:m0) Allocating data for reducer vm11:r0
(vm21:m0) Allocating data for reducer vm12:r0
(vm21:m0) Allocating data for reducer vm13:r0
(vm21:m0) Allocating data for reducer vm14:r0
(vm21:m0) Allocating data for reducer vm15:r0
(vm21:m0) Allocating data for reducer vm16:r0
(vm21:m0) Allocating data for reducer vm17:r0
(vm21:m0) Allocating data for reducer vm18:r0
(vm21:m0) Allocating data for reducer vm19:r0
(vm21:m0) Allocating data for reducer vm20:r0
(vm21:m0) Allocating data for reducer vm21:r0
(vm21:m0) Allocating data for reducer vm22:r0
(vm21:m0) Allocating data for reducer vm23:r0
(vm21:m0) Allocating data for reducer vm24:r0
(vm21:m0) Allocating data for reducer vm25:r0
(vm21:m0) Allocating data for reducer vm26:r0
(vm21:m0) Binding to port 23330
(vm21:r0) New reducer
(vm21:r0) Reducer thread started
(vm21:r0) waiting for START message
(vm21:r0) got START message
(vm21:r0) Starting new connection thread
(vm21:r0) Starting new connection thread
(vm21:r0) Starting new connection thread
(vm21:r0) Starting new connection thread
(vm21:r0) Starting new connection thread
(vm21:r0) Maximum number of connections reached (5), waiting for a thread to finish
(vm21:r0:3) Connection established
(vm21:r0:4) Connection established
(vm21:r0:2) Connection established
(vm21:r0:0) Connection established
(vm21:r0:1) Connection established
(vm21:r0:0) Connection finished, received 15883755 bytes
(vm21:r0:4) Connection finished, received 15883755 bytes
(vm21:r0) thread 0 joined, 25 connections remaining
(vm21:r0) Starting new connection thread
(vm21:r0) Maximum number of connections reached (5), waiting for a thread to finish
(vm21:r0:0) Connection established
(vm21:r0:3) Connection finished, received 15883755 bytes
(vm21:r0:2) Connection finished, received 15883755 bytes
(vm21:r0:1) Connection finished, received 15883755 bytes
(vm21:r0:0) Connection finished, received 15883755 bytes
(vm21:r0) thread 0 joined, 24 connections remaining
(vm21:r0) Starting new connection thread
(vm21:r0) Maximum number of connections reached (5), waiting for a thread to finish
(vm21:r0:0) Connection established
(vm21:r0:0) Connection finished, received 15883755 bytes
(vm21:r0) thread 0 joined, 23 connections remaining
(vm21:r0) Starting new connection thread
(vm21:r0) Maximum number of connections reached (5), waiting for a thread to finish
(vm21:r0:0) Connection established
(vm21:r0:0) Connection finished, received 15883755 bytes
(vm21:r0) thread 0 joined, 22 connections remaining
(vm21:r0) Starting new connection thread
(vm21:r0) Maximum number of connections reached (5), waiting for a thread to finish
(vm21:r0:0) Connection established
(vm21:r0:0) Connection finished, received 15883755 bytes
(vm21:r0) thread 0 joined, 21 connections remaining
(vm21:r0) Starting new connection thread
(vm21:r0) Maximum number of connections reached (5), waiting for a thread to finish
(vm21:r0:0) Connection established
(vm21:r0:0) Connection finished, received 15883755 bytes
(vm21:r0) thread 0 joined, 20 connections remaining
(vm21:r0) Starting new connection thread
(vm21:r0) Maximum number of connections reached (5), waiting for a thread to finish
(vm21:r0:0) Connection established
(vm21:r0:0) Connection finished, received 15883755 bytes
(vm21:r0) thread 0 joined, 19 connections remaining
(vm21:r0) Starting new connection thread
(vm21:r0) Maximum number of connections reached (5), waiting for a thread to finish
(vm21:r0:0) Connection established
(vm21:m0) Got connection from reducer vm23:r0
(vm21:m0:22) thread started, have to send 15883754 bytes
(vm21:r0:0) Connection finished, received 15883755 bytes
(vm21:r0) thread 0 joined, 18 connections remaining
(vm21:r0) Starting new connection thread
(vm21:r0) Maximum number of connections reached (5), waiting for a thread to finish
(vm21:r0:0) Connection established
(vm21:m0:22) all data sent, thread exiting
(vm21:r0:0) Connection finished, received 15883755 bytes
(vm21:r0) thread 0 joined, 17 connections remaining
(vm21:r0) Starting new connection thread
(vm21:r0) Maximum number of connections reached (5), waiting for a thread to finish
(vm21:r0:0) Connection established
(vm21:m0) Got connection from reducer vm20:r0
(vm21:m0:19) thread started, have to send 15883754 bytes
(vm21:m0:19) all data sent, thread exiting
(vm21:r0:0) Connection finished, received 15883755 bytes
(vm21:r0) thread 0 joined, 16 connections remaining
(vm21:r0) Starting new connection thread
(vm21:r0) Maximum number of connections reached (5), waiting for a thread to finish
(vm21:r0:0) Connection established
(vm21:r0:0) Connection finished, received 15883755 bytes
(vm21:r0) thread 0 joined, 15 connections remaining
(vm21:r0) Starting new connection thread
(vm21:r0) Maximum number of connections reached (5), waiting for a thread to finish
(vm21:r0:0) Connection established
(vm21:m0) Got connection from reducer vm16:r0
(vm21:m0:15) thread started, have to send 15883754 bytes
(vm21:m0) Got connection from reducer vm17:r0
(vm21:m0) Got connection from reducer vm9:r0
(vm21:m0:16) thread started, have to send 15883754 bytes
(vm21:m0:8) thread started, have to send 15883754 bytes
(vm21:r0:0) Connection finished, received 15883755 bytes
(vm21:r0) thread 0 joined, 14 connections remaining
(vm21:r0) Starting new connection thread
(vm21:r0) Maximum number of connections reached (5), waiting for a thread to finish
(vm21:r0:0) Connection established
(vm21:m0) Got connection from reducer vm1:r0
(vm21:m0:15) all data sent, thread exiting
(vm21:m0) Got connection from reducer vm6:r0
(vm21:m0:0) thread started, have to send 15883754 bytes
(vm21:m0:5) thread started, have to send 15883754 bytes
(vm21:m0:16) all data sent, thread exiting
(vm21:m0:8) all data sent, thread exiting
(vm21:m0:5) all data sent, thread exiting
(vm21:m0:0) all data sent, thread exiting
(vm21:r0:0) Connection finished, received 15883755 bytes
(vm21:r0) thread 0 joined, 13 connections remaining
(vm21:r0) Starting new connection thread
(vm21:r0) Maximum number of connections reached (5), waiting for a thread to finish
(vm21:r0:0) Connection established
(vm21:r0:0) Connection finished, received 15883755 bytes
(vm21:r0) thread 0 joined, 12 connections remaining
(vm21:r0) Starting new connection thread
(vm21:r0) Maximum number of connections reached (5), waiting for a thread to finish
(vm21:r0:0) Connection established
(vm21:r0:0) Connection finished, received 15883755 bytes
(vm21:r0) thread 0 joined, 11 connections remaining
(vm21:r0) Starting new connection thread
(vm21:r0) Maximum number of connections reached (5), waiting for a thread to finish
(vm21:r0:0) Connection established
(vm21:r0:0) Connection finished, received 15883755 bytes
(vm21:r0) thread 0 joined, 10 connections remaining
(vm21:r0) Starting new connection thread
(vm21:r0) Maximum number of connections reached (5), waiting for a thread to finish
(vm21:r0:0) Connection established
(vm21:m0) Got connection from reducer vm21:r0
(vm21:m0:20) thread started, have to send 15883754 bytes
(vm21:r0:0) Connection finished, received 15883755 bytes
(vm21:m0:20) all data sent, thread exiting
(vm21:r0) thread 0 joined, 9 connections remaining
(vm21:r0) Starting new connection thread
(vm21:r0) Maximum number of connections reached (5), waiting for a thread to finish
(vm21:r0:0) Connection established
(vm21:m0) Got connection from reducer vm15:r0
(vm21:m0:14) thread started, have to send 15883754 bytes
(vm21:m0) Got connection from reducer vm7:r0
(vm21:m0:6) thread started, have to send 15883754 bytes
(vm21:m0) Got connection from reducer vm19:r0
(vm21:m0:18) thread started, have to send 15883754 bytes
(vm21:r0:0) Connection finished, received 15883755 bytes
(vm21:r0) thread 0 joined, 8 connections remaining
(vm21:r0) Starting new connection thread
(vm21:m0) Got connection from reducer vm18:r0
(vm21:r0) Maximum number of connections reached (5), waiting for a thread to finish
(vm21:m0:17) thread started, have to send 15883754 bytes
(vm21:r0:0) Connection established
(vm21:m0:6) all data sent, thread exiting
(vm21:m0:14) all data sent, thread exiting
(vm21:m0:18) all data sent, thread exiting
(vm21:m0:17) all data sent, thread exiting
(vm21:r0:0) Connection finished, received 15883755 bytes
(vm21:r0) thread 0 joined, 7 connections remaining
(vm21:r0) Starting new connection thread
(vm21:r0) Maximum number of connections reached (5), waiting for a thread to finish
(vm21:r0:0) Connection established
(vm21:m0) Got connection from reducer vm12:r0
(vm21:m0:11) thread started, have to send 15883754 bytes
(vm21:m0) Got connection from reducer vm13:r0
(vm21:m0:12) thread started, have to send 15883754 bytes
(vm21:m0:11) all data sent, thread exiting
(vm21:r0:0) Connection finished, received 15883755 bytes
(vm21:r0) thread 0 joined, 6 connections remaining
(vm21:r0) Starting new connection thread
(vm21:r0) Maximum number of connections reached (5), waiting for a thread to finish
(vm21:m0:12) all data sent, thread exiting
(vm21:r0:0) Connection established
(vm21:m0) Got connection from reducer vm11:r0
(vm21:m0:10) thread started, have to send 15883754 bytes
(vm21:r0:0) Connection finished, received 15883755 bytes
(vm21:r0) thread 0 joined, 5 connections remaining
(vm21:r0) Starting new connection thread
(vm21:r0) Maximum number of connections reached (5), waiting for a thread to finish
(vm21:m0:10) all data sent, thread exiting
(vm21:r0:0) Connection established
(vm21:r0:0) Connection finished, received 15883755 bytes
(vm21:r0) thread 0 joined, 4 connections remaining
(vm21:r0) Maximum number of connections reached (4), waiting for a thread to finish
(vm21:r0) thread 1 joined, 3 connections remaining
(vm21:r0) Maximum number of connections reached (3), waiting for a thread to finish
(vm21:r0) thread 2 joined, 2 connections remaining
(vm21:r0) Maximum number of connections reached (2), waiting for a thread to finish
(vm21:r0) thread 3 joined, 1 connections remaining
(vm21:r0) Maximum number of connections reached (1), waiting for a thread to finish
(vm21:r0) thread 4 joined, 0 connections remaining
(vm21:r0) all done, exiting
(vm21:m0) Got connection from reducer vm10:r0
(vm21:m0:9) thread started, have to send 15883754 bytes
(vm21:m0) Got connection from reducer vm8:r0
(vm21:m0:7) thread started, have to send 15883754 bytes
(vm21:m0:9) all data sent, thread exiting
(vm21:m0) Got connection from reducer vm5:r0
(vm21:m0:4) thread started, have to send 15883754 bytes
(vm21:m0) Got connection from reducer vm2:r0
(vm21:m0:1) thread started, have to send 15883754 bytes
(vm21:m0) Got connection from reducer vm14:r0
(vm21:m0:7) all data sent, thread exiting
(vm21:m0:13) thread started, have to send 15883754 bytes
(vm21:m0:4) all data sent, thread exiting
(vm21:m0) Got connection from reducer vm4:r0
(vm21:m0:3) thread started, have to send 15883754 bytes
(vm21:m0:1) all data sent, thread exiting
(vm21:m0:13) all data sent, thread exiting
(vm21:m0:3) all data sent, thread exiting
(vm21:m0) Got connection from reducer vm22:r0
(vm21:m0:21) thread started, have to send 15883754 bytes
(vm21:m0) Got connection from reducer vm26:r0
(vm21:m0:25) thread started, have to send 15883754 bytes
(vm21:m0) Got connection from reducer vm3:r0
(vm21:m0:2) thread started, have to send 15883754 bytes
(vm21:m0) Got connection from reducer vm24:r0
(vm21:m0:23) thread started, have to send 15883754 bytes
(vm21:m0:25) all data sent, thread exiting
(vm21:m0:21) all data sent, thread exiting
(vm21:m0:2) all data sent, thread exiting
(vm21:m0) Got connection from reducer vm25:r0
(vm21:m0) Waiting for a thread to finish
(vm21:m0) thread 0 joined, 25 connections remaining
(vm21:m0) Waiting for a thread to finish
(vm21:m0) thread 1 joined, 24 connections remaining
(vm21:m0) Waiting for a thread to finish
(vm21:m0) thread 2 joined, 23 connections remaining
(vm21:m0) Waiting for a thread to finish
(vm21:m0) thread 3 joined, 22 connections remaining
(vm21:m0) Waiting for a thread to finish
(vm21:m0) thread 4 joined, 21 connections remaining
(vm21:m0) Waiting for a thread to finish
(vm21:m0) thread 5 joined, 20 connections remaining
(vm21:m0) Waiting for a thread to finish
(vm21:m0) thread 6 joined, 19 connections remaining
(vm21:m0) Waiting for a thread to finish
(vm21:m0) thread 7 joined, 18 connections remaining
(vm21:m0) Waiting for a thread to finish
(vm21:m0) thread 8 joined, 17 connections remaining
(vm21:m0) Waiting for a thread to finish
(vm21:m0) thread 9 joined, 16 connections remaining
(vm21:m0) Waiting for a thread to finish
(vm21:m0) thread 10 joined, 15 connections remaining
(vm21:m0) Waiting for a thread to finish
(vm21:m0) thread 11 joined, 14 connections remaining
(vm21:m0) Waiting for a thread to finish
(vm21:m0) thread 12 joined, 13 connections remaining
(vm21:m0) Waiting for a thread to finish
(vm21:m0) thread 13 joined, 12 connections remaining
(vm21:m0) Waiting for a thread to finish
(vm21:m0) thread 14 joined, 11 connections remaining
(vm21:m0) Waiting for a thread to finish
(vm21:m0) thread 15 joined, 10 connections remaining
(vm21:m0) Waiting for a thread to finish
(vm21:m0) thread 16 joined, 9 connections remaining
(vm21:m0) Waiting for a thread to finish
(vm21:m0) thread 17 joined, 8 connections remaining
(vm21:m0) Waiting for a thread to finish
(vm21:m0) thread 18 joined, 7 connections remaining
(vm21:m0) Waiting for a thread to finish
(vm21:m0) thread 19 joined, 6 connections remaining
(vm21:m0) Waiting for a thread to finish
(vm21:m0) thread 20 joined, 5 connections remaining
(vm21:m0) Waiting for a thread to finish
(vm21:m0) thread 21 joined, 4 connections remaining
(vm21:m0) Waiting for a thread to finish
(vm21:m0) thread 22 joined, 3 connections remaining
(vm21:m0) Waiting for a thread to finish
(vm21:m0:24) thread started, have to send 15883754 bytes
(vm21:m0:23) all data sent, thread exiting
(vm21:m0) thread 23 joined, 2 connections remaining
(vm21:m0) Waiting for a thread to finish
(vm21:m0:24) all data sent, thread exiting
(vm21:m0) thread 24 joined, 1 connections remaining
(vm21:m0) Waiting for a thread to finish
(vm21:m0) thread 25 joined, 0 connections remaining
(vm21:m0) all done, exiting
*RES* start node vm21:m0
*RES* vm21:m0:0,1404121116255,97,12,15883755
*RES* vm21:m0:1,1404121117314,56,16,15883755
*RES* vm21:m0:2,1404121117432,56,16,15883755
*RES* vm21:m0:3,1404121117343,44,15,15883755
*RES* vm21:m0:4,1404121117285,48,15,15883755
*RES* vm21:m0:5,1404121116256,74,13,15883755
*RES* vm21:m0:6,1404121116683,80,18,15883755
*RES* vm21:m0:7,1404121117257,70,14,15883755
*RES* vm21:m0:8,1404121116220,102,14,15883755
*RES* vm21:m0:9,1404121117189,70,12,15883755
*RES* vm21:m0:10,1404121117006,93,13,15883755
*RES* vm21:m0:11,1404121116875,61,17,15883755
*RES* vm21:m0:12,1404121116903,63,15,15883755
*RES* vm21:m0:13,1404121117328,50,15,15883755
*RES* vm21:m0:14,1404121116654,142,27,15883755
*RES* vm21:m0:15,1404121116179,72,18,15883755
*RES* vm21:m0:16,1404121116220,70,14,15883755
*RES* vm21:m0:17,1404121116744,95,16,15883755
*RES* vm21:m0:18,1404121116721,99,15,15883755
*RES* vm21:m0:19,1404121115995,46,11,15883755
*RES* vm21:m0:20,1404121116609,16,5,15883755
*RES* vm21:m0:21,1404121117411,68,16,15883755
*RES* vm21:m0:22,1404121115898,59,14,15883755
*RES* vm21:m0:23,1404121117449,63,12,15883755
*RES* vm21:m0:24,1404121117499,41,9,15883755
*RES* vm21:m0:25,1404121117419,56,17,15883755
*RES* end node vm21:m0
Node vm21:m0 joined
*RES* start node vm21:r0
*RES* vm21:r0:0,1404121114261,454,17,15883755
*RES* vm21:r0:0,1404121114726,265,18,15883755
*RES* vm21:r0:0,1404121114998,326,23,15883755
*RES* vm21:r0:0,1404121115330,209,20,15883755
*RES* vm21:r0:0,1404121115546,73,15,15883755
*RES* vm21:r0:0,1404121115625,107,14,15883755
*RES* vm21:r0:0,1404121115737,80,23,15883755
*RES* vm21:r0:0,1404121115826,74,21,15883755
*RES* vm21:r0:0,1404121115905,73,16,15883755
*RES* vm21:r0:0,1404121115985,73,16,15883755
*RES* vm21:r0:0,1404121116065,89,24,15883755
*RES* vm21:r0:0,1404121116162,67,19,15883755
*RES* vm21:r0:0,1404121116236,158,17,15883755
*RES* vm21:r0:0,1404121116402,63,21,15883755
*RES* vm21:r0:0,1404121116470,70,17,15883755
*RES* vm21:r0:0,1404121116546,55,22,15883755
*RES* vm21:r0:0,1404121116606,20,6,15883755
*RES* vm21:r0:0,1404121116630,110,29,15883755
*RES* vm21:r0:0,1404121116746,114,18,15883755
*RES* vm21:r0:0,1404121116866,95,17,15883755
*RES* vm21:r0:0,1404121116967,127,17,15883755
*RES* vm21:r0:0,1404121117102,38,14,15883755
*RES* vm21:r0:1,1404121114261,516,16,15883755
*RES* vm21:r0:2,1404121114261,488,17,15883755
*RES* vm21:r0:3,1404121114261,487,16,15883755
*RES* vm21:r0:4,1404121114261,461,17,15883755
*RES* end node vm21:r0
Node vm21:r0 joined
Worker terminating correctly
