OSMeF worker starting
Enabling core dumping
Listening for command connection
(vm10:m0) New mapper on port 23330
(vm10:m0) -> reducer data size 761434645
(vm10:m0) -> reducer data size 761434645
(vm10:m0) -> reducer data size 761434645
(vm10:m0) -> reducer data size 761434645
(vm10:m0) -> reducer data size 761434645
(vm10:m0) -> reducer data size 761434645
(vm10:m0) -> reducer data size 761434645
(vm10:m0) -> reducer data size 761434645
(vm10:m0) -> reducer data size 761434645
(vm10:m0) -> reducer data size 761434645
(vm10:m0) -> reducer data size 761434645
(vm10:m0) -> reducer data size 761434645
(vm10:m0) -> reducer data size 761434645
(vm10:m0) -> reducer data size 761434645
(vm10:m0) -> reducer data size 761434645
(vm10:m0) -> reducer data size 761434645
(vm10:m0) -> reducer data size 761434645
(vm10:m0) -> reducer data size 761434645
(vm10:m0) -> reducer data size 761434645
(vm10:m0) -> reducer data size 761434645
(vm10:m0) -> reducer data size 761434645
(vm10:m0) -> reducer data size 761434645
(vm10:m0) -> reducer data size 761434645
(vm10:m0) -> reducer data size 761434645
(vm10:m0) -> reducer data size 761434645
(vm10:m0) -> reducer data size 761434645
(vm10:m0) -> reducer data size 761434645
(vm10:m0) -> reducer data size 761434645
(vm10:m0) -> reducer data size 761434645
(vm10:m0) -> reducer data size 761434645
(vm10:m0) -> reducer data size 761434645
(vm10:m0) -> reducer data size 761434645
(vm10:m0) -> reducer data size 761434645
(vm10:m0) -> reducer data size 761434645
(vm10:m0) -> reducer data size 761434645
(vm10:m0) -> reducer data size 761434645
(vm10:m0) -> reducer data size 761434645
(vm10:m0) -> reducer data size 761434645
(vm10:m0) Mapper thread started
(vm10:m0) Allocating data for reducer vm1:r0
(vm10:m0) Allocating data for reducer vm2:r0
(vm10:m0) Allocating data for reducer vm3:r0
(vm10:m0) Allocating data for reducer vm4:r0
(vm10:m0) Allocating data for reducer vm5:r0
(vm10:m0) Allocating data for reducer vm6:r0
(vm10:m0) Allocating data for reducer vm7:r0
(vm10:m0) Allocating data for reducer vm8:r0
(vm10:m0) Allocating data for reducer vm9:r0
(vm10:m0) Allocating data for reducer vm10:r0
(vm10:m0) Allocating data for reducer vm11:r0
(vm10:m0) Allocating data for reducer vm12:r0
(vm10:m0) Allocating data for reducer vm13:r0
(vm10:m0) Allocating data for reducer vm14:r0
(vm10:m0) Allocating data for reducer vm15:r0
(vm10:m0) Allocating data for reducer vm16:r0
(vm10:m0) Allocating data for reducer vm17:r0
(vm10:m0) Allocating data for reducer vm18:r0
(vm10:m0) Allocating data for reducer vm19:r0
(vm10:m0) Allocating data for reducer vm20:r0
(vm10:m0) Allocating data for reducer vm21:r0
(vm10:m0) Allocating data for reducer vm22:r0
(vm10:m0) Allocating data for reducer vm23:r0
(vm10:m0) Allocating data for reducer vm24:r0
(vm10:m0) Allocating data for reducer vm25:r0
(vm10:m0) Allocating data for reducer vm26:r0
(vm10:m0) Allocating data for reducer vm27:r0
(vm10:m0) Allocating data for reducer vm28:r0
(vm10:m0) Allocating data for reducer vm29:r0
(vm10:m0) Allocating data for reducer vm30:r0
(vm10:m0) Allocating data for reducer vm31:r0
(vm10:m0) Allocating data for reducer vm32:r0
(vm10:m0) Allocating data for reducer vm33:r0
(vm10:m0) Allocating data for reducer vm34:r0
(vm10:m0) Allocating data for reducer vm35:r0
(vm10:m0) Allocating data for reducer vm36:r0
(vm10:m0) Allocating data for reducer vm37:r0
(vm10:m0) Allocating data for reducer vm38:r0
(vm10:m0) Binding to port 23330
(vm10:r0) New reducer
(vm10:r0) Reducer thread started
(vm10:r0) waiting for START message
(vm10:r0) got START message
(vm10:r0) Starting new connection thread
(vm10:r0) Starting new connection thread
(vm10:r0) Starting new connection thread
(vm10:r0) Starting new connection thread
(vm10:r0) Starting new connection thread
(vm10:r0) Maximum number of connections reached (5), waiting for a thread to finish
(vm10:r0:4) Connection established
(vm10:r0:2) Connection established
(vm10:r0:1) Connection established
(vm10:r0:3) Connection established
(vm10:r0:0) Connection established
(vm10:r0:3) Connection finished, received 761434646 bytes
(vm10:r0:4) Connection finished, received 761434646 bytes
(vm10:r0:1) Connection finished, received 761434646 bytes
(vm10:r0:0) Connection finished, received 761434646 bytes
(vm10:r0) thread 0 joined, 37 connections remaining
(vm10:r0) Starting new connection thread
(vm10:r0) Maximum number of connections reached (5), waiting for a thread to finish
(vm10:r0:0) Connection established
(vm10:r0:2) Connection finished, received 761434646 bytes
(vm10:m0) Got connection from reducer vm35:r0
(vm10:m0:34) thread started, have to send 761434645 bytes
(vm10:m0) Got connection from reducer vm36:r0
(vm10:m0:35) thread started, have to send 761434645 bytes
(vm10:m0:34) all data sent, thread exiting
(vm10:m0:35) all data sent, thread exiting
(vm10:r0:0) Connection finished, received 761434646 bytes
(vm10:r0) thread 0 joined, 36 connections remaining
(vm10:r0) Starting new connection thread
(vm10:r0) Maximum number of connections reached (5), waiting for a thread to finish
(vm10:r0:0) Connection established
(vm10:m0) Got connection from reducer vm1:r0
(vm10:m0:0) thread started, have to send 761434645 bytes
(vm10:m0:0) all data sent, thread exiting
(vm10:m0) Got connection from reducer vm6:r0
(vm10:m0:5) thread started, have to send 761434645 bytes
(vm10:m0) Got connection from reducer vm23:r0
(vm10:m0:22) thread started, have to send 761434645 bytes
(vm10:m0) Got connection from reducer vm14:r0
(vm10:m0:13) thread started, have to send 761434645 bytes
(vm10:m0) Got connection from reducer vm15:r0
(vm10:m0:14) thread started, have to send 761434645 bytes
(vm10:r0:0) Connection finished, received 761434646 bytes
(vm10:r0) thread 0 joined, 35 connections remaining
(vm10:r0) Starting new connection thread
(vm10:r0) Maximum number of connections reached (5), waiting for a thread to finish
(vm10:r0:0) Connection established
(vm10:m0) Got connection from reducer vm33:r0
(vm10:m0:32) thread started, have to send 761434645 bytes
(vm10:m0:5) all data sent, thread exiting
(vm10:m0:22) all data sent, thread exiting
(vm10:m0) Got connection from reducer vm32:r0
(vm10:m0:31) thread started, have to send 761434645 bytes
(vm10:m0:13) all data sent, thread exiting
(vm10:m0) Got connection from reducer vm34:r0
(vm10:m0:33) thread started, have to send 761434645 bytes
(vm10:m0:14) all data sent, thread exiting
(vm10:m0:32) all data sent, thread exiting
(vm10:m0) Got connection from reducer vm8:r0
(vm10:m0:7) thread started, have to send 761434645 bytes
(vm10:m0:31) all data sent, thread exiting
(vm10:r0:0) Connection finished, received 761434646 bytes
(vm10:r0) thread 0 joined, 34 connections remaining
(vm10:r0) Starting new connection thread
(vm10:r0) Maximum number of connections reached (5), waiting for a thread to finish
(vm10:r0:0) Connection established
(vm10:m0) Got connection from reducer vm5:r0
(vm10:m0:4) thread started, have to send 761434645 bytes
(vm10:m0:33) all data sent, thread exiting
(vm10:r0:0) Connection finished, received 761434646 bytes
(vm10:r0) thread 0 joined, 33 connections remaining
(vm10:r0) Starting new connection thread
(vm10:r0) Maximum number of connections reached (5), waiting for a thread to finish
(vm10:r0:0) Connection established
(vm10:m0) Got connection from reducer vm10:r0
(vm10:m0:9) thread started, have to send 761434645 bytes
(vm10:m0) Got connection from reducer vm25:r0
(vm10:m0:9) all data sent, thread exiting
(vm10:m0:24) thread started, have to send 761434645 bytes
(vm10:r0:0) Connection finished, received 761434646 bytes
(vm10:r0) thread 0 joined, 32 connections remaining
(vm10:r0) Starting new connection thread
(vm10:r0) Maximum number of connections reached (5), waiting for a thread to finish
(vm10:r0:0) Connection established
(vm10:m0) Got connection from reducer vm9:r0
(vm10:m0:8) thread started, have to send 761434645 bytes
(vm10:m0:4) all data sent, thread exiting
(vm10:m0) Got connection from reducer vm29:r0
(vm10:m0:28) thread started, have to send 761434645 bytes
(vm10:m0) Got connection from reducer vm7:r0
(vm10:m0:6) thread started, have to send 761434645 bytes
(vm10:m0:24) all data sent, thread exiting
(vm10:r0:0) Connection finished, received 761434646 bytes
(vm10:r0) thread 0 joined, 31 connections remaining
(vm10:r0) Starting new connection thread
(vm10:r0) Maximum number of connections reached (5), waiting for a thread to finish
(vm10:r0:0) Connection established
(vm10:m0:8) all data sent, thread exiting
(vm10:m0) Got connection from reducer vm22:r0
(vm10:m0:21) thread started, have to send 761434645 bytes
(vm10:m0:7) all data sent, thread exiting
(vm10:m0:28) all data sent, thread exiting
(vm10:m0:6) all data sent, thread exiting
(vm10:r0:0) Connection finished, received 761434646 bytes
(vm10:r0) thread 0 joined, 30 connections remaining
(vm10:r0) Starting new connection thread
(vm10:r0) Maximum number of connections reached (5), waiting for a thread to finish
(vm10:r0:0) Connection established
(vm10:m0:21) all data sent, thread exiting
(vm10:m0) Got connection from reducer vm12:r0
(vm10:m0:11) thread started, have to send 761434645 bytes
(vm10:r0:0) Connection finished, received 761434646 bytes
(vm10:r0) thread 0 joined, 29 connections remaining
(vm10:r0) Starting new connection thread
(vm10:r0) Maximum number of connections reached (5), waiting for a thread to finish
(vm10:r0:0) Connection established
(vm10:m0) Got connection from reducer vm27:r0
(vm10:m0:26) thread started, have to send 761434645 bytes
(vm10:m0) Got connection from reducer vm26:r0
(vm10:m0:25) thread started, have to send 761434645 bytes
(vm10:m0:11) all data sent, thread exiting
(vm10:m0) Got connection from reducer vm37:r0
(vm10:m0:36) thread started, have to send 761434645 bytes
(vm10:r0:0) Connection finished, received 761434646 bytes
(vm10:r0) thread 0 joined, 28 connections remaining
(vm10:r0) Starting new connection thread
(vm10:r0) Maximum number of connections reached (5), waiting for a thread to finish
(vm10:r0:0) Connection established
(vm10:m0:25) all data sent, thread exiting
(vm10:m0:26) all data sent, thread exiting
(vm10:m0) Got connection from reducer vm28:r0
(vm10:m0:27) thread started, have to send 761434645 bytes
(vm10:m0) Got connection from reducer vm20:r0
(vm10:m0:19) thread started, have to send 761434645 bytes
(vm10:m0:36) all data sent, thread exiting
(vm10:r0:0) Connection finished, received 761434646 bytes
(vm10:r0) thread 0 joined, 27 connections remaining
(vm10:r0) Starting new connection thread
(vm10:r0) Maximum number of connections reached (5), waiting for a thread to finish
(vm10:r0:0) Connection established
(vm10:m0:27) all data sent, thread exiting
(vm10:m0) Got connection from reducer vm13:r0
(vm10:m0:12) thread started, have to send 761434645 bytes
(vm10:m0:19) all data sent, thread exiting
(vm10:m0) Got connection from reducer vm30:r0
(vm10:m0:29) thread started, have to send 761434645 bytes
(vm10:m0) Got connection from reducer vm38:r0
(vm10:m0:37) thread started, have to send 761434645 bytes
(vm10:r0:0) Connection finished, received 761434646 bytes
(vm10:r0) thread 0 joined, 26 connections remaining
(vm10:r0) Starting new connection thread
(vm10:r0) Maximum number of connections reached (5), waiting for a thread to finish
(vm10:r0:0) Connection established
(vm10:m0) Got connection from reducer vm4:r0
(vm10:m0:3) thread started, have to send 761434645 bytes
(vm10:m0) Got connection from reducer vm18:r0
(vm10:m0:17) thread started, have to send 761434645 bytes
(vm10:m0) Got connection from reducer vm11:r0
(vm10:m0:10) thread started, have to send 761434645 bytes
(vm10:m0) Got connection from reducer vm24:r0
(vm10:m0:23) thread started, have to send 761434645 bytes
(vm10:m0) Got connection from reducer vm3:r0
(vm10:m0:2) thread started, have to send 761434645 bytes
(vm10:m0:29) all data sent, thread exiting
(vm10:m0) Got connection from reducer vm31:r0
(vm10:m0:30) thread started, have to send 761434645 bytes
(vm10:m0) Got connection from reducer vm2:r0
(vm10:m0:1) thread started, have to send 761434645 bytes
(vm10:m0) Got connection from reducer vm16:r0
(vm10:m0:15) thread started, have to send 761434645 bytes
(vm10:m0) Got connection from reducer vm19:r0
(vm10:m0:18) thread started, have to send 761434645 bytes
(vm10:m0) Got connection from reducer vm17:r0
(vm10:m0:16) thread started, have to send 761434645 bytes
(vm10:m0:12) all data sent, thread exiting
(vm10:m0:37) all data sent, thread exiting
(vm10:m0) Got connection from reducer vm21:r0
(vm10:m0) Waiting for a thread to finish
(vm10:m0) thread 0 joined, 37 connections remaining
(vm10:m0) Waiting for a thread to finish
(vm10:m0:20) thread started, have to send 761434645 bytes
(vm10:r0:0) Connection finished, received 761434646 bytes
(vm10:r0) thread 0 joined, 25 connections remaining
(vm10:r0) Starting new connection thread
(vm10:r0) Maximum number of connections reached (5), waiting for a thread to finish
(vm10:r0:0) Connection established
(vm10:m0:3) all data sent, thread exiting
(vm10:m0:23) all data sent, thread exiting
(vm10:m0:2) all data sent, thread exiting
(vm10:m0:30) all data sent, thread exiting
(vm10:m0:1) all data sent, thread exiting
(vm10:m0) thread 1 joined, 36 connections remaining
(vm10:m0) Waiting for a thread to finish
(vm10:m0) thread 2 joined, 35 connections remaining
(vm10:m0) Waiting for a thread to finish
(vm10:m0) thread 3 joined, 34 connections remaining
(vm10:m0) Waiting for a thread to finish
(vm10:m0) thread 4 joined, 33 connections remaining
(vm10:m0) Waiting for a thread to finish
(vm10:m0) thread 5 joined, 32 connections remaining
(vm10:m0) Waiting for a thread to finish
(vm10:m0) thread 6 joined, 31 connections remaining
(vm10:m0) Waiting for a thread to finish
(vm10:m0) thread 7 joined, 30 connections remaining
(vm10:m0) Waiting for a thread to finish
(vm10:m0) thread 8 joined, 29 connections remaining
(vm10:m0) Waiting for a thread to finish
(vm10:m0) thread 9 joined, 28 connections remaining
(vm10:m0) Waiting for a thread to finish
(vm10:m0:15) all data sent, thread exiting
(vm10:m0:10) all data sent, thread exiting
(vm10:m0) thread 10 joined, 27 connections remaining
(vm10:m0) Waiting for a thread to finish
(vm10:m0) thread 11 joined, 26 connections remaining
(vm10:m0) Waiting for a thread to finish
(vm10:m0) thread 12 joined, 25 connections remaining
(vm10:m0) Waiting for a thread to finish
(vm10:m0) thread 13 joined, 24 connections remaining
(vm10:m0) Waiting for a thread to finish
(vm10:m0) thread 14 joined, 23 connections remaining
(vm10:m0) Waiting for a thread to finish
(vm10:m0) thread 15 joined, 22 connections remaining
(vm10:m0) Waiting for a thread to finish
(vm10:m0:16) all data sent, thread exiting
(vm10:m0) thread 16 joined, 21 connections remaining
(vm10:m0) Waiting for a thread to finish
(vm10:m0:20) all data sent, thread exiting
(vm10:m0:18) all data sent, thread exiting
(vm10:m0:17) all data sent, thread exiting
(vm10:m0) thread 17 joined, 20 connections remaining
(vm10:m0) Waiting for a thread to finish
(vm10:m0) thread 18 joined, 19 connections remaining
(vm10:m0) Waiting for a thread to finish
(vm10:m0) thread 19 joined, 18 connections remaining
(vm10:m0) Waiting for a thread to finish
(vm10:m0) thread 20 joined, 17 connections remaining
(vm10:m0) Waiting for a thread to finish
(vm10:m0) thread 21 joined, 16 connections remaining
(vm10:m0) Waiting for a thread to finish
(vm10:m0) thread 22 joined, 15 connections remaining
(vm10:m0) Waiting for a thread to finish
(vm10:m0) thread 23 joined, 14 connections remaining
(vm10:m0) Waiting for a thread to finish
(vm10:m0) thread 24 joined, 13 connections remaining
(vm10:m0) Waiting for a thread to finish
(vm10:m0) thread 25 joined, 12 connections remaining
(vm10:m0) Waiting for a thread to finish
(vm10:m0) thread 26 joined, 11 connections remaining
(vm10:m0) Waiting for a thread to finish
(vm10:m0) thread 27 joined, 10 connections remaining
(vm10:m0) Waiting for a thread to finish
(vm10:m0) thread 28 joined, 9 connections remaining
(vm10:m0) Waiting for a thread to finish
(vm10:m0) thread 29 joined, 8 connections remaining
(vm10:m0) Waiting for a thread to finish
(vm10:m0) thread 30 joined, 7 connections remaining
(vm10:m0) Waiting for a thread to finish
(vm10:m0) thread 31 joined, 6 connections remaining
(vm10:m0) Waiting for a thread to finish
(vm10:m0) thread 32 joined, 5 connections remaining
(vm10:m0) Waiting for a thread to finish
(vm10:m0) thread 33 joined, 4 connections remaining
(vm10:m0) Waiting for a thread to finish
(vm10:m0) thread 34 joined, 3 connections remaining
(vm10:m0) Waiting for a thread to finish
(vm10:m0) thread 35 joined, 2 connections remaining
(vm10:m0) Waiting for a thread to finish
(vm10:m0) thread 36 joined, 1 connections remaining
(vm10:m0) Waiting for a thread to finish
(vm10:m0) thread 37 joined, 0 connections remaining
(vm10:m0) all done, exiting
*RES* start node vm10:m0
*RES* vm10:m0:0,1405719231817,4644,1337,761434646
*RES* vm10:m0:1,1405719325453,17662,1019,761434646
*RES* vm10:m0:2,1405719324459,15927,970,761434646
*RES* vm10:m0:3,1405719321161,13915,1004,761434646
*RES* vm10:m0:4,1405719265869,6732,1583,761434646
*RES* vm10:m0:5,1405719247256,6846,1669,761434646
*RES* vm10:m0:6,1405719279325,8141,1241,761434646
*RES* vm10:m0:7,1405719262960,22964,679,761434646
*RES* vm10:m0:8,1405719272557,8451,1024,761434646
*RES* vm10:m0:9,1405719270706,1635,176,761434646
*RES* vm10:m0:10,1405719322652,21701,1014,761434646
*RES* vm10:m0:11,1405719293480,8518,821,761434646
*RES* vm10:m0:12,1405719317025,10270,984,761434646
*RES* vm10:m0:13,1405719251177,7950,1191,761434646
*RES* vm10:m0:14,1405719251534,8438,1107,761434646
*RES* vm10:m0:15,1405719325680,18168,927,761434646
*RES* vm10:m0:16,1405719326977,17634,981,761434646
*RES* vm10:m0:17,1405719321473,26568,1002,761434646
*RES* vm10:m0:18,1405719326749,19682,1074,761434646
*RES* vm10:m0:19,1405719310405,6632,1295,761434646
*RES* vm10:m0:20,1405719329785,16608,1092,761434646
*RES* vm10:m0:21,1405719285658,7105,1053,761434646
*RES* vm10:m0:22,1405719247973,7395,1290,761434646
*RES* vm10:m0:23,1405719324217,15685,983,761434646
*RES* vm10:m0:24,1405719272341,7169,1441,761434646
*RES* vm10:m0:25,1405719299205,8566,1387,761434646
*RES* vm10:m0:26,1405719298609,9632,1546,761434646
*RES* vm10:m0:27,1405719309700,7293,1400,761434646
*RES* vm10:m0:28,1405719278937,8002,1235,761434646
*RES* vm10:m0:29,1405719317357,7249,940,761434646
*RES* vm10:m0:30,1405719324803,15739,1078,761434646
*RES* vm10:m0:31,1405719255761,7739,878,761434646
*RES* vm10:m0:32,1405719253557,9072,1125,761434646
*RES* vm10:m0:33,1405719259409,8020,1447,761434646
*RES* vm10:m0:34,1405719217201,4931,1241,761434646
*RES* vm10:m0:35,1405719218301,4912,1331,761434646
*RES* vm10:m0:36,1405719302994,8079,1405,761434646
*RES* vm10:m0:37,1405719319065,9843,965,761434646
*RES* end node vm10:m0
Node vm10:m0 joined
(vm10:r0:0) Connection finished, received 761434646 bytes
(vm10:r0) thread 0 joined, 24 connections remaining
(vm10:r0) Starting new connection thread
(vm10:r0) Maximum number of connections reached (5), waiting for a thread to finish
(vm10:r0:0) Connection established
(vm10:r0:0) Connection finished, received 761434646 bytes
(vm10:r0) thread 0 joined, 23 connections remaining
(vm10:r0) Starting new connection thread
(vm10:r0) Maximum number of connections reached (5), waiting for a thread to finish
(vm10:r0:0) Connection established
(vm10:r0:0) Connection finished, received 761434646 bytes
(vm10:r0) thread 0 joined, 22 connections remaining
(vm10:r0) Starting new connection thread
(vm10:r0) Maximum number of connections reached (5), waiting for a thread to finish
(vm10:r0:0) Connection established
(vm10:r0:0) Connection finished, received 761434646 bytes
(vm10:r0) thread 0 joined, 21 connections remaining
(vm10:r0) Starting new connection thread
(vm10:r0) Maximum number of connections reached (5), waiting for a thread to finish
(vm10:r0:0) Connection established
(vm10:r0:0) Connection finished, received 761434646 bytes
(vm10:r0) thread 0 joined, 20 connections remaining
(vm10:r0) Starting new connection thread
(vm10:r0) Maximum number of connections reached (5), waiting for a thread to finish
(vm10:r0:0) Connection established
(vm10:r0:0) Connection finished, received 761434646 bytes
(vm10:r0) thread 0 joined, 19 connections remaining
(vm10:r0) Starting new connection thread
(vm10:r0) Maximum number of connections reached (5), waiting for a thread to finish
(vm10:r0:0) Connection established
(vm10:r0:0) Connection finished, received 761434646 bytes
(vm10:r0) thread 0 joined, 18 connections remaining
(vm10:r0) Starting new connection thread
(vm10:r0) Maximum number of connections reached (5), waiting for a thread to finish
(vm10:r0:0) Connection established
(vm10:r0:0) Connection finished, received 761434646 bytes
(vm10:r0) thread 0 joined, 17 connections remaining
(vm10:r0) Starting new connection thread
(vm10:r0) Maximum number of connections reached (5), waiting for a thread to finish
(vm10:r0:0) Connection established
(vm10:r0:0) Connection finished, received 761434646 bytes
(vm10:r0) thread 0 joined, 16 connections remaining
(vm10:r0) Starting new connection thread
(vm10:r0) Maximum number of connections reached (5), waiting for a thread to finish
(vm10:r0:0) Connection established
(vm10:r0:0) Connection finished, received 761434646 bytes
(vm10:r0) thread 0 joined, 15 connections remaining
(vm10:r0) Starting new connection thread
(vm10:r0) Maximum number of connections reached (5), waiting for a thread to finish
(vm10:r0:0) Connection established
(vm10:r0:0) Connection finished, received 761434646 bytes
(vm10:r0) thread 0 joined, 14 connections remaining
(vm10:r0) Starting new connection thread
(vm10:r0) Maximum number of connections reached (5), waiting for a thread to finish
(vm10:r0:0) Connection established
(vm10:r0:0) Connection finished, received 761434646 bytes
(vm10:r0) thread 0 joined, 13 connections remaining
(vm10:r0) Starting new connection thread
(vm10:r0) Maximum number of connections reached (5), waiting for a thread to finish
(vm10:r0:0) Connection established
(vm10:r0:0) Connection finished, received 761434646 bytes
(vm10:r0) thread 0 joined, 12 connections remaining
(vm10:r0) Starting new connection thread
(vm10:r0) Maximum number of connections reached (5), waiting for a thread to finish
(vm10:r0:0) Connection established
(vm10:r0:0) Connection finished, received 761434646 bytes
(vm10:r0) thread 0 joined, 11 connections remaining
(vm10:r0) Starting new connection thread
(vm10:r0) Maximum number of connections reached (5), waiting for a thread to finish
(vm10:r0:0) Connection established
(vm10:r0:0) Connection finished, received 761434646 bytes
(vm10:r0) thread 0 joined, 10 connections remaining
(vm10:r0) Starting new connection thread
(vm10:r0) Maximum number of connections reached (5), waiting for a thread to finish
(vm10:r0:0) Connection established
(vm10:r0:0) Connection finished, received 761434646 bytes
(vm10:r0) thread 0 joined, 9 connections remaining
(vm10:r0) Starting new connection thread
(vm10:r0) Maximum number of connections reached (5), waiting for a thread to finish
(vm10:r0:0) Connection established
(vm10:r0:0) Connection finished, received 761434646 bytes
(vm10:r0) thread 0 joined, 8 connections remaining
(vm10:r0) Starting new connection thread
(vm10:r0) Maximum number of connections reached (5), waiting for a thread to finish
(vm10:r0:0) Connection established
(vm10:r0:0) Connection finished, received 761434646 bytes
(vm10:r0) thread 0 joined, 7 connections remaining
(vm10:r0) Starting new connection thread
(vm10:r0) Maximum number of connections reached (5), waiting for a thread to finish
(vm10:r0:0) Connection established
(vm10:r0:0) Connection finished, received 761434646 bytes
(vm10:r0) thread 0 joined, 6 connections remaining
(vm10:r0) Starting new connection thread
(vm10:r0) Maximum number of connections reached (5), waiting for a thread to finish
(vm10:r0:0) Connection established
(vm10:r0:0) Connection finished, received 761434646 bytes
(vm10:r0) thread 0 joined, 5 connections remaining
(vm10:r0) Starting new connection thread
(vm10:r0) Maximum number of connections reached (5), waiting for a thread to finish
(vm10:r0:0) Connection established
(vm10:r0:0) Connection finished, received 761434646 bytes
(vm10:r0) thread 0 joined, 4 connections remaining
(vm10:r0) Maximum number of connections reached (4), waiting for a thread to finish
(vm10:r0) thread 1 joined, 3 connections remaining
(vm10:r0) Maximum number of connections reached (3), waiting for a thread to finish
(vm10:r0) thread 2 joined, 2 connections remaining
(vm10:r0) Maximum number of connections reached (2), waiting for a thread to finish
(vm10:r0) thread 3 joined, 1 connections remaining
(vm10:r0) Maximum number of connections reached (1), waiting for a thread to finish
(vm10:r0) thread 4 joined, 0 connections remaining
(vm10:r0) all done, exiting
*RES* start node vm10:r0
*RES* vm10:r0:0,1405719145286,31645,762,761434646
*RES* vm10:r0:0,1405719176937,47734,736,761434646
*RES* vm10:r0:0,1405719224677,27856,646,761434646
*RES* vm10:r0:0,1405719252561,11219,811,761434646
*RES* vm10:r0:0,1405719263789,6900,1219,761434646
*RES* vm10:r0:0,1405719270701,1643,496,761434646
*RES* vm10:r0:0,1405719272364,7604,1130,761434646
*RES* vm10:r0:0,1405719279976,8932,1106,761434646
*RES* vm10:r0:0,1405719288913,7120,1404,761434646
*RES* vm10:r0:0,1405719296047,8796,1101,761434646
*RES* vm10:r0:0,1405719304864,7987,1368,761434646
*RES* vm10:r0:0,1405719312867,7479,1289,761434646
*RES* vm10:r0:0,1405719320357,13835,916,761434646
*RES* vm10:r0:0,1405719334212,15006,1010,761434646
*RES* vm10:r0:0,1405719349225,8020,1342,761434646
*RES* vm10:r0:0,1405719357253,7499,1250,761434646
*RES* vm10:r0:0,1405719364757,8332,1229,761434646
*RES* vm10:r0:0,1405719373093,7702,1349,761434646
*RES* vm10:r0:0,1405719380803,7694,1496,761434646
*RES* vm10:r0:0,1405719388501,7552,1408,761434646
*RES* vm10:r0:0,1405719396057,7203,1375,761434646
*RES* vm10:r0:0,1405719403265,4575,1476,761434646
*RES* vm10:r0:0,1405719407845,7677,1451,761434646
*RES* vm10:r0:0,1405719415529,6518,1416,761434646
*RES* vm10:r0:0,1405719422057,4521,1546,761434646
*RES* vm10:r0:0,1405719426585,5419,1346,761434646
*RES* vm10:r0:0,1405719432009,7252,1669,761434646
*RES* vm10:r0:0,1405719439265,6726,1278,761434646
*RES* vm10:r0:0,1405719445997,6696,1915,761434646
*RES* vm10:r0:0,1405719452702,5514,971,761434646
*RES* vm10:r0:0,1405719458225,4438,1117,761434646
*RES* vm10:r0:0,1405719462669,3599,1137,761434646
*RES* vm10:r0:0,1405719466281,4855,874,761434646
*RES* vm10:r0:0,1405719471141,3609,775,761434646
*RES* vm10:r0:1,1405719145286,28258,762,761434646
*RES* vm10:r0:2,1405719145286,34018,767,761434646
*RES* vm10:r0:3,1405719145286,24349,725,761434646
*RES* vm10:r0:4,1405719145286,27588,747,761434646
*RES* end node vm10:r0
Node vm10:r0 joined
Worker terminating correctly
