OSMeF worker starting
Enabling core dumping
Listening for command connection
(vm12:m0) New mapper on port 23330
(vm12:m0) -> reducer data size 5609753202
(vm12:m0) -> reducer data size 5609753202
(vm12:m0) -> reducer data size 5609753202
(vm12:m0) -> reducer data size 5609753202
(vm12:m0) -> reducer data size 5609753202
(vm12:m0) -> reducer data size 5609753202
(vm12:m0) -> reducer data size 5609753202
(vm12:m0) -> reducer data size 5609753202
(vm12:m0) -> reducer data size 5609753202
(vm12:m0) -> reducer data size 5609753202
(vm12:m0) -> reducer data size 5609753202
(vm12:m0) -> reducer data size 5609753202
(vm12:m0) -> reducer data size 5609753202
(vm12:m0) -> reducer data size 5609753202
(vm12:m0) Mapper thread started
(vm12:m0) Allocating data for reducer vm1:r0
(vm12:m0) Allocating data for reducer vm2:r0
(vm12:m0) Allocating data for reducer vm3:r0
(vm12:m0) Allocating data for reducer vm4:r0
(vm12:m0) Allocating data for reducer vm5:r0
(vm12:m0) Allocating data for reducer vm6:r0
(vm12:m0) Allocating data for reducer vm7:r0
(vm12:m0) Allocating data for reducer vm8:r0
(vm12:m0) Allocating data for reducer vm9:r0
(vm12:m0) Allocating data for reducer vm10:r0
(vm12:m0) Allocating data for reducer vm11:r0
(vm12:m0) Allocating data for reducer vm12:r0
(vm12:m0) Allocating data for reducer vm13:r0
(vm12:m0) Allocating data for reducer vm14:r0
(vm12:m0) Binding to port 23330
(vm12:r0) New reducer
(vm12:r0) Reducer thread started
(vm12:r0) waiting for START message
(vm12:r0) got START message
(vm12:r0) Starting new connection thread
(vm12:r0) Starting new connection thread
(vm12:r0) Starting new connection thread
(vm12:r0) Starting new connection thread
(vm12:r0) Starting new connection thread
(vm12:r0) Maximum number of connections reached (5), waiting for a thread to finish
(vm12:r0:3) Connection established
(vm12:r0:1) Connection established
(vm12:r0:0) Connection established
(vm12:r0:4) Connection established
(vm12:r0:2) Connection established
(vm12:r0:4) Connection finished, received 5609753203 bytes
(vm12:r0:2) Connection finished, received 5609753203 bytes
(vm12:r0:0) Connection finished, received 5609753203 bytes
(vm12:r0) thread 0 joined, 13 connections remaining
(vm12:r0) Starting new connection thread
(vm12:r0) Maximum number of connections reached (5), waiting for a thread to finish
(vm12:r0:0) Connection established
(vm12:r0:3) Connection finished, received 5609753203 bytes
(vm12:r0:1) Connection finished, received 5609753203 bytes
(vm12:r0:0) Connection finished, received 5609753203 bytes
(vm12:r0) thread 0 joined, 12 connections remaining
(vm12:r0) Starting new connection thread
(vm12:r0) Maximum number of connections reached (5), waiting for a thread to finish
(vm12:r0:0) Connection established
(vm12:m0) Got connection from reducer vm1:r0
(vm12:m0:0) thread started, have to send 5609753202 bytes
(vm12:m0:0) all data sent, thread exiting
(vm12:r0:0) Connection finished, received 5609753203 bytes
(vm12:r0) thread 0 joined, 11 connections remaining
(vm12:r0) Starting new connection thread
(vm12:r0) Maximum number of connections reached (5), waiting for a thread to finish
(vm12:r0:0) Connection established
(vm12:m0) Got connection from reducer vm6:r0
(vm12:m0:5) thread started, have to send 5609753202 bytes
(vm12:m0:5) all data sent, thread exiting
(vm12:r0:0) Connection finished, received 5609753203 bytes
(vm12:r0) thread 0 joined, 10 connections remaining
(vm12:r0) Starting new connection thread
(vm12:r0) Maximum number of connections reached (5), waiting for a thread to finish
(vm12:r0:0) Connection established
(vm12:r0:0) Connection finished, received 5609753203 bytes
(vm12:r0) thread 0 joined, 9 connections remaining
(vm12:r0) Starting new connection thread
(vm12:r0) Maximum number of connections reached (5), waiting for a thread to finish
(vm12:r0:0) Connection established
(vm12:m0) Got connection from reducer vm7:r0
(vm12:m0:6) thread started, have to send 5609753202 bytes
(vm12:r0:0) Connection finished, received 5609753203 bytes
(vm12:r0) thread 0 joined, 8 connections remaining
(vm12:r0) Starting new connection thread
(vm12:r0) Maximum number of connections reached (5), waiting for a thread to finish
(vm12:r0:0) Connection established
(vm12:m0) Got connection from reducer vm13:r0
(vm12:m0:12) thread started, have to send 5609753202 bytes
(vm12:m0:6) all data sent, thread exiting
(vm12:r0:0) Connection finished, received 5609753203 bytes
(vm12:r0) thread 0 joined, 7 connections remaining
(vm12:r0) Starting new connection thread
(vm12:r0) Maximum number of connections reached (5), waiting for a thread to finish
(vm12:r0:0) Connection established
(vm12:m0) Got connection from reducer vm12:r0
(vm12:m0:11) thread started, have to send 5609753202 bytes
(vm12:m0:11) all data sent, thread exiting
(vm12:r0:0) Connection finished, received 5609753203 bytes
(vm12:r0) thread 0 joined, 6 connections remaining
(vm12:r0) Starting new connection thread
(vm12:r0) Maximum number of connections reached (5), waiting for a thread to finish
(vm12:r0:0) Connection established
(vm12:m0:12) all data sent, thread exiting
(vm12:m0) Got connection from reducer vm8:r0
(vm12:m0:7) thread started, have to send 5609753202 bytes
(vm12:m0:7) all data sent, thread exiting
(vm12:r0:0) Connection finished, received 5609753203 bytes
(vm12:r0) thread 0 joined, 5 connections remaining
(vm12:r0) Starting new connection thread
(vm12:r0) Maximum number of connections reached (5), waiting for a thread to finish
(vm12:r0:0) Connection established
(vm12:m0) Got connection from reducer vm9:r0
(vm12:m0:8) thread started, have to send 5609753202 bytes
(vm12:r0:0) Connection finished, received 5609753203 bytes
(vm12:r0) thread 0 joined, 4 connections remaining
(vm12:r0) Maximum number of connections reached (4), waiting for a thread to finish
(vm12:r0) thread 1 joined, 3 connections remaining
(vm12:r0) Maximum number of connections reached (3), waiting for a thread to finish
(vm12:r0) thread 2 joined, 2 connections remaining
(vm12:r0) Maximum number of connections reached (2), waiting for a thread to finish
(vm12:r0) thread 3 joined, 1 connections remaining
(vm12:r0) Maximum number of connections reached (1), waiting for a thread to finish
(vm12:r0) thread 4 joined, 0 connections remaining
(vm12:r0) all done, exiting
(vm12:m0:8) all data sent, thread exiting
(vm12:m0) Got connection from reducer vm11:r0
(vm12:m0:10) thread started, have to send 5609753202 bytes
(vm12:m0) Got connection from reducer vm10:r0
(vm12:m0:9) thread started, have to send 5609753202 bytes
(vm12:m0:9) all data sent, thread exiting
(vm12:m0) Got connection from reducer vm14:r0
(vm12:m0:13) thread started, have to send 5609753202 bytes
(vm12:m0) Got connection from reducer vm3:r0
(vm12:m0:2) thread started, have to send 5609753202 bytes
(vm12:m0) Got connection from reducer vm2:r0
(vm12:m0:1) thread started, have to send 5609753202 bytes
(vm12:m0) Got connection from reducer vm5:r0
(vm12:m0:4) thread started, have to send 5609753202 bytes
(vm12:m0) Got connection from reducer vm4:r0
(vm12:m0) Waiting for a thread to finish
(vm12:m0) thread 0 joined, 13 connections remaining
(vm12:m0) Waiting for a thread to finish
(vm12:m0:3) thread started, have to send 5609753202 bytes
(vm12:m0:10) all data sent, thread exiting
(vm12:m0:13) all data sent, thread exiting
(vm12:m0:2) all data sent, thread exiting
(vm12:m0:1) all data sent, thread exiting
(vm12:m0) thread 1 joined, 12 connections remaining
(vm12:m0) Waiting for a thread to finish
(vm12:m0) thread 2 joined, 11 connections remaining
(vm12:m0) Waiting for a thread to finish
(vm12:m0:4) all data sent, thread exiting
(vm12:m0:3) all data sent, thread exiting
(vm12:m0) thread 3 joined, 10 connections remaining
(vm12:m0) Waiting for a thread to finish
(vm12:m0) thread 4 joined, 9 connections remaining
(vm12:m0) Waiting for a thread to finish
(vm12:m0) thread 5 joined, 8 connections remaining
(vm12:m0) Waiting for a thread to finish
(vm12:m0) thread 6 joined, 7 connections remaining
(vm12:m0) Waiting for a thread to finish
(vm12:m0) thread 7 joined, 6 connections remaining
(vm12:m0) Waiting for a thread to finish
(vm12:m0) thread 8 joined, 5 connections remaining
(vm12:m0) Waiting for a thread to finish
(vm12:m0) thread 9 joined, 4 connections remaining
(vm12:m0) Waiting for a thread to finish
(vm12:m0) thread 10 joined, 3 connections remaining
(vm12:m0) Waiting for a thread to finish
(vm12:m0) thread 11 joined, 2 connections remaining
(vm12:m0) Waiting for a thread to finish
(vm12:m0) thread 12 joined, 1 connections remaining
(vm12:m0) Waiting for a thread to finish
(vm12:m0) thread 13 joined, 0 connections remaining
(vm12:m0) all done, exiting
*RES* start node vm12:m0
*RES* vm12:m0:0,1403739010710,9653,3929,5609753203
*RES* vm12:m0:1,1403739209318,23398,3803,5609753203
*RES* vm12:m0:2,1403739208942,23622,3906,5609753203
*RES* vm12:m0:3,1403739209807,23078,3742,5609753203
*RES* vm12:m0:4,1403739209758,23107,3743,5609753203
*RES* vm12:m0:5,1403739043334,10930,4404,5609753203
*RES* vm12:m0:6,1403739128150,13836,4800,5609753203
*RES* vm12:m0:7,1403739154897,12389,4311,5609753203
*RES* vm12:m0:8,1403739170842,12063,4305,5609753203
*RES* vm12:m0:9,1403739197388,6959,3577,5609753203
*RES* vm12:m0:10,1403739196360,27852,3945,5609753203
*RES* vm12:m0:11,1403739145631,7789,901,5609753203
*RES* vm12:m0:12,1403739141170,13502,3672,5609753203
*RES* vm12:m0:13,1403739206419,19895,4371,5609753203
*RES* end node vm12:m0
Node vm12:m0 joined
*RES* start node vm12:r0
*RES* vm12:r0:0,1403738832965,82956,5046,5609753203
*RES* vm12:r0:0,1403738915926,66326,3865,5609753203
*RES* vm12:r0:0,1403738982258,56394,4262,5609753203
*RES* vm12:r0:0,1403739038658,41006,4138,5609753203
*RES* vm12:r0:0,1403739079670,35540,4079,5609753203
*RES* vm12:r0:0,1403739115214,17084,4093,5609753203
*RES* vm12:r0:0,1403739132306,13306,3899,5609753203
*RES* vm12:r0:0,1403739145630,7795,2424,5609753203
*RES* vm12:r0:0,1403739153437,15711,4165,5609753203
*RES* vm12:r0:0,1403739169154,13711,3783,5609753203
*RES* vm12:r0:1,1403738832965,93146,5012,5609753203
*RES* vm12:r0:2,1403738832965,81034,5028,5609753203
*RES* vm12:r0:3,1403738832965,84537,5052,5609753203
*RES* vm12:r0:4,1403738832965,70459,4872,5609753203
*RES* end node vm12:r0
Node vm12:r0 joined
Worker terminating correctly
