OSMeF worker starting
Enabling core dumping
Listening for command connection
CONF: mapper on port 23330
CONF: -> will serve 42 reducers
(main) new thread ID: vm19:m0
(vm19:m0) Mapper thread started
(vm19:m0) Binding to port 23330
(vm19:m0) Got START signal
(vm19:m0) new thread ID: vm19:m0:th0
(vm19:m0:th0) waiting for something to do...
CONF: reducer
(main) new thread ID: vm19:r0
(vm19:r0) Reducer thread started
(vm19:r0) waiting for START message
(main) Waiting for thread vm19:m0 to join...
(vm19:r0) got START message
(vm19:r0) new thread ID: th0
(vm19:r0) new thread ID: th1
(vm19:r0) new thread ID: th2
(vm19:r0) new thread ID: th3
(vm19:r0) new thread ID: th4
(vm19:r0:th4:0) Connection established with mapper vm5:m0
(vm19:r0:th1:0) Connection established with mapper vm2:m0
(vm19:r0:th2:0) Connection established with mapper vm3:m0
(vm19:r0:th0:0) Connection established with mapper vm1:m0
(vm19:r0:th3:0) Connection established with mapper vm4:m0
(vm19:m0) Got connection from reducer vm7:r0
(vm19:m0) new thread ID: vm19:m0:th1
(vm19:m0:th0) connection started, have to send 6086971 bytes to vm7:r0
(vm19:m0:th1) waiting for something to do...
(vm19:m0) Got connection from reducer vm27:r0
(vm19:m0) new thread ID: vm19:m0:th2
(vm19:m0:th1) connection started, have to send 6086971 bytes to vm27:r0
(vm19:m0:th2) waiting for something to do...
(vm19:m0) Got connection from reducer vm12:r0
(vm19:m0) new thread ID: vm19:m0:th3
(vm19:m0:th2) connection started, have to send 6086971 bytes to vm12:r0
(vm19:m0:th3) waiting for something to do...
(vm19:m0:th0) all data sent, closing connection to vm7:r0
(vm19:m0:th0) waiting for something to do...
(vm19:m0:th1) all data sent, closing connection to vm27:r0
(vm19:m0:th1) waiting for something to do...
(vm19:m0:th2) all data sent, closing connection to vm12:r0
(vm19:m0:th2) waiting for something to do...
(vm19:m0) Got connection from reducer vm15:r0
(vm19:m0:th3) connection started, have to send 6086971 bytes to vm15:r0
(vm19:m0) Got connection from reducer vm16:r0
(vm19:m0) Got connection from reducer vm24:r0
(vm19:m0:th0) connection started, have to send 6086971 bytes to vm16:r0
(vm19:m0:th0) all data sent, closing connection to vm16:r0
(vm19:m0:th0) waiting for something to do...
(vm19:m0:th1) connection started, have to send 6086971 bytes to vm24:r0
(vm19:m0:th1) all data sent, closing connection to vm24:r0
(vm19:m0:th1) waiting for something to do...
(vm19:m0) Got connection from reducer vm10:r0
(vm19:m0:th2) connection started, have to send 6086971 bytes to vm10:r0
(vm19:m0:th2) all data sent, closing connection to vm10:r0
(vm19:m0:th2) waiting for something to do...
(vm19:m0) Got connection from reducer vm13:r0
(vm19:m0:th0) connection started, have to send 6086971 bytes to vm13:r0
(vm19:m0:th0) all data sent, closing connection to vm13:r0
(vm19:m0:th0) waiting for something to do...
(vm19:r0:th0:0) Connection to vm1:m0 finished, received 6086972 bytes
(vm19:r0:th0:1) Connection established with mapper vm6:m0
(vm19:r0:th0:1) Connection to vm6:m0 finished, received 6086973 bytes
(vm19:r0:th0:2) Connection established with mapper vm11:m0
(vm19:m0) Got connection from reducer vm20:r0
(vm19:m0:th1) connection started, have to send 6086971 bytes to vm20:r0
(vm19:m0:th1) all data sent, closing connection to vm20:r0
(vm19:m0:th1) waiting for something to do...
(vm19:r0:th0:2) Connection to vm11:m0 finished, received 6086974 bytes
(vm19:m0) Got connection from reducer vm8:r0
(vm19:m0:th0) connection started, have to send 6086971 bytes to vm8:r0
(vm19:m0:th0) all data sent, closing connection to vm8:r0
(vm19:m0:th0) waiting for something to do...
(vm19:m0) Got connection from reducer vm14:r0
(vm19:m0) Got connection from reducer vm17:r0
(vm19:m0) Got connection from reducer vm9:r0
(vm19:m0) new thread ID: vm19:m0:th4
(vm19:m0:th0) connection started, have to send 6086971 bytes to vm17:r0
(vm19:m0:th0) all data sent, closing connection to vm17:r0
(vm19:m0:th0) waiting for something to do...
(vm19:m0:th1) connection started, have to send 6086971 bytes to vm14:r0
(vm19:m0:th1) all data sent, closing connection to vm14:r0
(vm19:m0:th1) waiting for something to do...
(vm19:m0:th2) connection started, have to send 6086971 bytes to vm9:r0
(vm19:m0:th2) all data sent, closing connection to vm9:r0
(vm19:m0:th2) waiting for something to do...
(vm19:r0:th0:3) Connection established with mapper vm16:m0
(vm19:m0:th4) waiting for something to do...
(vm19:m0) Got connection from reducer vm22:r0
(vm19:m0) Got connection from reducer vm21:r0
(vm19:m0:th0) connection started, have to send 6086971 bytes to vm21:r0
(vm19:m0:th0) all data sent, closing connection to vm21:r0
(vm19:m0:th0) waiting for something to do...
(vm19:r0:th0:3) Connection to vm16:m0 finished, received 6086975 bytes
(vm19:m0:th4) connection started, have to send 6086971 bytes to vm22:r0
(vm19:r0:th0:4) Connection established with mapper vm21:m0
(vm19:r0:th0:4) Connection to vm21:m0 finished, received 6086976 bytes
(vm19:r0:th0:5) Connection established with mapper vm26:m0
(vm19:r0:th0:5) Connection to vm26:m0 finished, received 6086977 bytes
(vm19:r0:th0:6) Connection established with mapper vm31:m0
(vm19:r0:th2:0) Connection to vm3:m0 finished, received 6086972 bytes
(vm19:r0:th2:1) Connection established with mapper vm8:m0
(vm19:m0) Got connection from reducer vm41:r0
(vm19:m0:th1) connection started, have to send 6086971 bytes to vm41:r0
(vm19:m0:th1) all data sent, closing connection to vm41:r0
(vm19:m0:th1) waiting for something to do...
(vm19:m0) Got connection from reducer vm11:r0
(vm19:m0:th0) connection started, have to send 6086971 bytes to vm11:r0
(vm19:m0:th0) all data sent, closing connection to vm11:r0
(vm19:m0:th0) waiting for something to do...
(vm19:r0:th1:0) Connection to vm2:m0 finished, received 6086972 bytes
(vm19:r0:th1:1) Connection established with mapper vm7:m0
(vm19:r0:th4:0) Connection to vm5:m0 finished, received 6086972 bytes
(vm19:r0:th4:1) Connection established with mapper vm10:m0
(vm19:r0:th4:1) Connection to vm10:m0 finished, received 6086973 bytes
(vm19:r0:th4:2) Connection established with mapper vm15:m0
(vm19:m0) Got connection from reducer vm6:r0
(vm19:m0:th1) connection started, have to send 6086971 bytes to vm6:r0
(vm19:m0:th1) all data sent, closing connection to vm6:r0
(vm19:m0:th1) waiting for something to do...
(vm19:r0:th4:2) Connection to vm15:m0 finished, received 6086974 bytes
(vm19:r0:th1:1) Connection to vm7:m0 finished, received 6086973 bytes
(vm19:m0) Got connection from reducer vm28:r0
(vm19:m0) Got connection from reducer vm23:r0
(vm19:m0:th1) connection started, have to send 6086971 bytes to vm23:r0
(vm19:m0:th1) all data sent, closing connection to vm23:r0
(vm19:m0:th1) waiting for something to do...
(vm19:m0:th0) connection started, have to send 6086971 bytes to vm28:r0
(vm19:m0:th0) all data sent, closing connection to vm28:r0
(vm19:m0:th0) waiting for something to do...
(vm19:r0:th1:2) Connection established with mapper vm12:m0
(vm19:r0:th1:2) Connection to vm12:m0 finished, received 6086974 bytes
(vm19:r0:th4:3) Connection established with mapper vm20:m0
(vm19:r0:th4:3) Connection to vm20:m0 finished, received 6086975 bytes
(vm19:m0) Got connection from reducer vm30:r0
(vm19:m0:th0) connection started, have to send 6086971 bytes to vm30:r0
(vm19:m0:th0) all data sent, closing connection to vm30:r0
(vm19:m0:th0) waiting for something to do...
(vm19:r0:th1:3) Connection established with mapper vm17:m0
(vm19:r0:th4:4) Connection established with mapper vm25:m0
(vm19:r0:th1:3) Connection to vm17:m0 finished, received 6086975 bytes
(vm19:r0:th4:4) Connection to vm25:m0 finished, received 6086976 bytes
(vm19:r0:th1:4) Connection established with mapper vm22:m0
(vm19:r0:th4:5) Connection established with mapper vm30:m0
(vm19:m0) Got connection from reducer vm33:r0
(vm19:m0:th1) connection started, have to send 6086971 bytes to vm33:r0
(vm19:m0:th1) all data sent, closing connection to vm33:r0
(vm19:m0:th1) waiting for something to do...
(vm19:r0:th1:4) Connection to vm22:m0 finished, received 6086976 bytes
(vm19:m0) Got connection from reducer vm38:r0
(vm19:m0:th0) connection started, have to send 6086971 bytes to vm38:r0
(vm19:m0:th0) all data sent, closing connection to vm38:r0
(vm19:m0:th0) waiting for something to do...
(vm19:r0:th4:5) Connection to vm30:m0 finished, received 6086977 bytes
(vm19:r0:th1:5) Connection established with mapper vm27:m0
(vm19:m0) Got connection from reducer vm40:r0
(vm19:m0:th1) connection started, have to send 6086971 bytes to vm40:r0
(vm19:m0:th1) all data sent, closing connection to vm40:r0
(vm19:m0:th1) waiting for something to do...
(vm19:m0) Got connection from reducer vm39:r0
(vm19:m0:th0) connection started, have to send 6086971 bytes to vm39:r0
(vm19:m0:th0) all data sent, closing connection to vm39:r0
(vm19:m0:th0) waiting for something to do...
(vm19:m0:th3) all data sent, closing connection to vm15:r0
(vm19:m0:th3) waiting for something to do...
(vm19:r0:th1:5) Connection to vm27:m0 finished, received 6086977 bytes
(vm19:r0:th4:6) Connection established with mapper vm35:m0
(vm19:r0:th1:6) Connection established with mapper vm32:m0
(vm19:m0) Got connection from reducer vm37:r0
(vm19:m0:th1) connection started, have to send 6086971 bytes to vm37:r0
(vm19:m0:th1) all data sent, closing connection to vm37:r0
(vm19:m0:th1) waiting for something to do...
(vm19:m0) Got connection from reducer vm42:r0
(vm19:m0) Got connection from reducer vm26:r0
(vm19:m0:th0) connection started, have to send 6086971 bytes to vm42:r0
(vm19:m0:th0) all data sent, closing connection to vm42:r0
(vm19:m0:th0) waiting for something to do...
(vm19:m0:th1) connection started, have to send 6086971 bytes to vm26:r0
(vm19:m0:th1) all data sent, closing connection to vm26:r0
(vm19:m0:th1) waiting for something to do...
(vm19:m0) Got connection from reducer vm35:r0
(vm19:m0:th2) connection started, have to send 6086971 bytes to vm35:r0
(vm19:m0:th2) all data sent, closing connection to vm35:r0
(vm19:m0:th2) waiting for something to do...
(vm19:r0:th3:0) Connection to vm4:m0 finished, received 6086972 bytes
(vm19:m0) Got connection from reducer vm25:r0
(vm19:m0:th0) connection started, have to send 6086971 bytes to vm25:r0
(vm19:m0:th0) all data sent, closing connection to vm25:r0
(vm19:m0:th0) waiting for something to do...
(vm19:r0:th3:1) Connection established with mapper vm9:m0
(vm19:r0:th3:1) Connection to vm9:m0 finished, received 6086973 bytes
(vm19:r0:th3:2) Connection established with mapper vm14:m0
(vm19:r0:th3:2) Connection to vm14:m0 finished, received 6086974 bytes
(vm19:r0:th3:3) Connection established with mapper vm19:m0
(vm19:m0) Got connection from reducer vm31:r0
(vm19:m0) Got connection from reducer vm19:r0
(vm19:m0) Got connection from reducer vm1:r0
(vm19:m0) Got connection from reducer vm34:r0
(vm19:m0) new thread ID: vm19:m0:th5
(vm19:m0:th1) connection started, have to send 6086971 bytes to vm31:r0
(vm19:m0:th1) all data sent, closing connection to vm31:r0
(vm19:m0:th1) waiting for something to do...
(vm19:m0:th0) connection started, have to send 6086971 bytes to vm19:r0
(vm19:m0:th0) all data sent, closing connection to vm19:r0
(vm19:m0:th0) waiting for something to do...
(vm19:m0:th2) connection started, have to send 6086971 bytes to vm1:r0
(vm19:m0:th2) all data sent, closing connection to vm1:r0
(vm19:m0:th2) waiting for something to do...
(vm19:m0:th3) connection started, have to send 6086971 bytes to vm34:r0
(vm19:m0:th3) all data sent, closing connection to vm34:r0
(vm19:m0:th3) waiting for something to do...
(vm19:r0:th3:3) Connection to vm19:m0 finished, received 6086975 bytes
(vm19:m0:th5) waiting for something to do...
(vm19:r0:th3:4) Connection established with mapper vm24:m0
(vm19:m0) Got connection from reducer vm29:r0
(vm19:m0:th5) connection started, have to send 6086971 bytes to vm29:r0
(vm19:r0:th3:4) Connection to vm24:m0 finished, received 6086976 bytes
(vm19:r0:th3:5) Connection established with mapper vm29:m0
(vm19:r0:th3:5) Connection to vm29:m0 finished, received 6086977 bytes
(vm19:r0:th3:6) Connection established with mapper vm34:m0
(vm19:m0) Got connection from reducer vm4:r0
(vm19:m0:th0) connection started, have to send 6086971 bytes to vm4:r0
(vm19:m0:th0) all data sent, closing connection to vm4:r0
(vm19:m0:th0) waiting for something to do...
(vm19:m0) Got connection from reducer vm36:r0
(vm19:m0:th1) connection started, have to send 6086971 bytes to vm36:r0
(vm19:m0:th1) all data sent, closing connection to vm36:r0
(vm19:m0:th1) waiting for something to do...
(vm19:m0) Got connection from reducer vm2:r0
(vm19:m0:th0) connection started, have to send 6086971 bytes to vm2:r0
(vm19:m0:th0) all data sent, closing connection to vm2:r0
(vm19:m0:th0) waiting for something to do...
(vm19:m0) Got connection from reducer vm18:r0
(vm19:m0:th1) connection started, have to send 6086971 bytes to vm18:r0
(vm19:m0:th1) all data sent, closing connection to vm18:r0
(vm19:m0:th1) waiting for something to do...
(vm19:m0) Got connection from reducer vm5:r0
(vm19:m0:th0) connection started, have to send 6086971 bytes to vm5:r0
(vm19:m0:th0) all data sent, closing connection to vm5:r0
(vm19:m0:th0) waiting for something to do...
(vm19:m0) Got connection from reducer vm3:r0
(vm19:m0:th0) connection started, have to send 6086971 bytes to vm3:r0
(vm19:m0:th0) all data sent, closing connection to vm3:r0
(vm19:m0:th0) waiting for something to do...
(vm19:r0:th2:1) Connection to vm8:m0 finished, received 12173944 bytes
(vm19:r0:th2:2) Connection established with mapper vm13:m0
(vm19:r0:th2:2) Connection to vm13:m0 finished, received 12173945 bytes
(vm19:r0:th2:3) Connection established with mapper vm18:m0
(vm19:r0:th2:3) Connection to vm18:m0 finished, received 12173946 bytes
(vm19:r0:th2:4) Connection established with mapper vm23:m0
(vm19:r0:th2:4) Connection to vm23:m0 finished, received 12173947 bytes
(vm19:r0:th2:5) Connection established with mapper vm28:m0
(vm19:r0:th2:5) Connection to vm28:m0 finished, received 12173948 bytes
(vm19:r0:th2:6) Connection established with mapper vm33:m0
(vm19:r0:th2:6) Connection to vm33:m0 finished, received 12173949 bytes
(vm19:r0:th2:7) Connection established with mapper vm38:m0
(vm19:r0:th4:6) Connection to vm35:m0 finished, received 12173949 bytes
(vm19:r0:th4:7) Connection established with mapper vm40:m0
(vm19:m0:th4) all data sent, closing connection to vm22:r0
(vm19:m0:th4) waiting for something to do...
(vm19:m0) Got connection from reducer vm32:r0
(vm19:m0:th1) connection started, have to send 6086971 bytes to vm32:r0
(vm19:m0:th1) all data sent, closing connection to vm32:r0
(vm19:m0:th1) waiting for something to do...
(vm19:m0) All reducers connected, waiting for threads to terminate
(vm19:m0) waiting on semaphore
(vm19:m0) -> 1 threads still running
(vm19:m0) waiting on semaphore
(vm19:m0) -> 1 threads still running
(vm19:m0) waiting on semaphore
(vm19:m0) -> 1 threads still running
(vm19:m0) waiting on semaphore
(vm19:m0) -> 1 threads still running
(vm19:m0) waiting on semaphore
(vm19:m0) -> 1 threads still running
(vm19:m0) waiting on semaphore
(vm19:m0) -> 1 threads still running
(vm19:m0) waiting on semaphore
(vm19:m0) -> 1 threads still running
(vm19:m0) waiting on semaphore
(vm19:m0) -> 1 threads still running
(vm19:m0) waiting on semaphore
(vm19:m0) -> 1 threads still running
(vm19:m0) waiting on semaphore
(vm19:m0) -> 1 threads still running
(vm19:m0) waiting on semaphore
(vm19:m0) -> 1 threads still running
(vm19:m0) waiting on semaphore
(vm19:m0) -> 1 threads still running
(vm19:m0) waiting on semaphore
(vm19:m0) -> 1 threads still running
(vm19:m0) waiting on semaphore
(vm19:m0) -> 1 threads still running
(vm19:m0) waiting on semaphore
(vm19:m0) -> 1 threads still running
(vm19:m0) waiting on semaphore
(vm19:m0) -> 1 threads still running
(vm19:m0) waiting on semaphore
(vm19:m0) -> 1 threads still running
(vm19:m0) waiting on semaphore
(vm19:m0) -> 1 threads still running
(vm19:m0) waiting on semaphore
(vm19:m0) -> 1 threads still running
(vm19:m0) waiting on semaphore
(vm19:m0) -> 1 threads still running
(vm19:m0) waiting on semaphore
(vm19:m0) -> 1 threads still running
(vm19:m0) waiting on semaphore
(vm19:m0) -> 1 threads still running
(vm19:m0) waiting on semaphore
(vm19:m0) -> 1 threads still running
(vm19:m0) waiting on semaphore
(vm19:m0) -> 1 threads still running
(vm19:m0) waiting on semaphore
(vm19:m0) -> 1 threads still running
(vm19:m0) waiting on semaphore
(vm19:m0) -> 1 threads still running
(vm19:m0) waiting on semaphore
(vm19:m0) -> 1 threads still running
(vm19:m0) waiting on semaphore
(vm19:m0) -> 1 threads still running
(vm19:m0) waiting on semaphore
(vm19:m0) -> 1 threads still running
(vm19:m0) waiting on semaphore
(vm19:m0) -> 1 threads still running
(vm19:m0) waiting on semaphore
(vm19:m0) -> 1 threads still running
(vm19:m0) waiting on semaphore
(vm19:m0) -> 1 threads still running
(vm19:m0) waiting on semaphore
(vm19:m0) -> 1 threads still running
(vm19:m0) waiting on semaphore
(vm19:m0) -> 1 threads still running
(vm19:m0) waiting on semaphore
(vm19:m0) -> 1 threads still running
(vm19:m0) waiting on semaphore
(vm19:m0) -> 1 threads still running
(vm19:m0) waiting on semaphore
(vm19:m0) -> 1 threads still running
(vm19:m0) waiting on semaphore
(vm19:m0) -> 1 threads still running
(vm19:m0) waiting on semaphore
(vm19:m0) -> 1 threads still running
(vm19:m0) waiting on semaphore
(vm19:r0:th0:6) Connection to vm31:m0 finished, received 12173949 bytes
(vm19:r0:th0:7) Connection established with mapper vm36:m0
(vm19:m0:th5) all data sent, closing connection to vm29:r0
(vm19:m0:th5) waiting for something to do...
(vm19:m0) Sending exit signal to all threads
(vm19:m0:th0) got exit signal
(vm19:m0:th1) got exit signal
(vm19:m0:th2) got exit signal
(vm19:m0:th3) got exit signal
(vm19:m0:th4) got exit signal
(vm19:m0) thread vm19:m0:th0 joined
(vm19:m0) thread vm19:m0:th1 joined
(vm19:m0) thread vm19:m0:th2 joined
(vm19:m0) thread vm19:m0:th3 joined
(vm19:m0) thread vm19:m0:th4 joined
(vm19:m0:th5) got exit signal
(vm19:m0) thread vm19:m0:th5 joined
(vm19:m0) all done, exiting
*RES* start node vm19:m0
*RES* vm19:m0:th0,1406556491356,70,7,6086972
*RES* vm19:m0:th1,1406556491364,68,7,6086972
*RES* vm19:m0:th2,1406556491379,65,7,6086972
*RES* vm19:m0:th0,1406556491513,0,7,6086972
*RES* vm19:m0:th1,1406556491513,0,8,6086972
*RES* vm19:m0:th0,1406556491520,0,7,6086972
*RES* vm19:m0:th1,1406556491570,1,8,6086972
*RES* vm19:m0:th0,1406556491571,0,7,6086972
*RES* vm19:m0:th2,1406556491518,0,7,6086972
*RES* vm19:m0:th0,1406556491577,0,7,6086972
*RES* vm19:m0:th1,1406556491577,0,8,6086972
*RES* vm19:m0:th0,1406556491581,0,7,6086972
*RES* vm19:m0:th1,1406556491595,0,8,6086972
*RES* vm19:m0:th0,1406556491595,0,7,6086972
*RES* vm19:m0:th1,1406556491615,0,8,6086972
*RES* vm19:m0:th0,1406556491621,1,8,6086972
*RES* vm19:m0:th1,1406556491621,0,8,6086972
*RES* vm19:m0:th0,1406556491629,0,8,6086972
*RES* vm19:m0:th1,1406556491636,0,9,6086972
*RES* vm19:m0:th0,1406556491638,0,8,6086972
*RES* vm19:m0:th1,1406556491641,0,9,6086972
*RES* vm19:m0:th0,1406556491647,0,8,6086972
*RES* vm19:m0:th1,1406556491660,0,9,6086972
*RES* vm19:m0:th2,1406556491577,0,7,6086972
*RES* vm19:m0:th0,1406556491664,0,9,6086972
*RES* vm19:m0:th1,1406556491664,0,9,6086972
*RES* vm19:m0:th0,1406556491674,0,9,6086972
*RES* vm19:m0:th2,1406556491671,0,7,6086972
*RES* vm19:m0:th3,1406556491511,136,7,6086972
*RES* vm19:m0:th0,1406556491684,0,9,6086972
*RES* vm19:m0:th1,1406556491684,0,9,6086972
*RES* vm19:m0:th0,1406556491700,0,9,6086972
*RES* vm19:m0:th1,1406556491705,0,9,6086972
*RES* vm19:m0:th0,1406556491707,0,9,6086972
*RES* vm19:m0:th0,1406556491733,1,9,6086972
*RES* vm19:m0:th1,1406556491725,0,9,6086972
*RES* vm19:m0:th0,1406556491741,0,10,6086972
*RES* vm19:m0:th1,1406556491845,0,9,6086972
*RES* vm19:m0:th2,1406556491684,0,7,6086972
*RES* vm19:m0:th3,1406556491684,0,7,6086972
*RES* vm19:m0:th4,1406556491583,216,9,6086972
*RES* vm19:m0:th5,1406556491687,193,7,6086972
*RES* end node vm19:m0
(main) Thread vm19:m0 joined
(main) Waiting for thread vm19:r0 to join...
(vm19:r0:th1:6) Connection to vm32:m0 finished, received 12173949 bytes
(vm19:r0:th1:7) Connection established with mapper vm37:m0
(vm19:r0:th1:7) Connection to vm37:m0 finished, received 12173950 bytes
(vm19:r0:th1:8) Connection established with mapper vm42:m0
(vm19:r0:th3:6) Connection to vm34:m0 finished, received 12173949 bytes
(vm19:r0:th3:7) Connection established with mapper vm39:m0
(vm19:r0:th3:7) Connection to vm39:m0 finished, received 12173950 bytes
(vm19:r0:th3) Got data from all mappers, this reducer connection has finished.
(vm19:r0:th2:7) Connection to vm38:m0 finished, received 18260921 bytes
(vm19:r0:th2) Got data from all mappers, this reducer connection has finished.
(vm19:r0:th4:7) Connection to vm40:m0 finished, received 18260921 bytes
(vm19:r0:th4) Got data from all mappers, this reducer connection has finished.
(vm19:r0:th1:8) Connection to vm42:m0 finished, received 18260922 bytes
(vm19:r0:th1) Got data from all mappers, this reducer connection has finished.
(vm19:r0:th0:7) Connection to vm36:m0 finished, received 18260921 bytes
(vm19:r0:th0:8) Connection established with mapper vm41:m0
(vm19:r0:th0:8) Connection to vm41:m0 finished, received 18260922 bytes
(vm19:r0:th0) Got data from all mappers, this reducer connection has finished.
(vm19:r0) thread th0 joined, 4 connection threads remaining
(vm19:r0) thread th1 joined, 3 connection threads remaining
(vm19:r0) thread th2 joined, 2 connection threads remaining
(vm19:r0) thread th3 joined, 1 connection threads remaining
(vm19:r0) thread th4 joined, 0 connection threads remaining
(vm19:r0) all done, exiting
*RES* start node vm19:r0
*RES* vm19:r0:th0:0,1406556491213,348,12,6086972
*RES* vm19:r0:th0:1,1406556491561,6,12,6086973
*RES* vm19:r0:th0:2,1406556491567,3,12,6086974
*RES* vm19:r0:th0:3,1406556491570,12,12,6086975
*RES* vm19:r0:th0:4,1406556491582,2,13,6086976
*RES* vm19:r0:th0:5,1406556491584,1,13,6086977
*RES* vm19:r0:th0:6,1406556491585,276,25,12173949
*RES* vm19:r0:th0:7,1406556491861,280,36,18260921
*RES* vm19:r0:th0:8,1406556492142,1,37,18260922
*RES* vm19:r0:th1:0,1406556491213,387,12,6086972
*RES* vm19:r0:th1:1,1406556491601,18,13,6086973
*RES* vm19:r0:th1:2,1406556491618,5,13,6086974
*RES* vm19:r0:th1:3,1406556491624,7,14,6086975
*RES* vm19:r0:th1:4,1406556491631,6,14,6086976
*RES* vm19:r0:th1:5,1406556491636,15,14,6086977
*RES* vm19:r0:th1:6,1406556491652,274,26,12173949
*RES* vm19:r0:th1:7,1406556491925,1,26,12173950
*RES* vm19:r0:th1:8,1406556491926,203,36,18260922
*RES* vm19:r0:th2:0,1406556491213,380,12,6086972
*RES* vm19:r0:th2:1,1406556491594,155,23,12173944
*RES* vm19:r0:th2:2,1406556491748,5,24,12173945
*RES* vm19:r0:th2:3,1406556491753,2,24,12173946
*RES* vm19:r0:th2:4,1406556491756,2,24,12173947
*RES* vm19:r0:th2:5,1406556491757,16,24,12173948
*RES* vm19:r0:th2:6,1406556491773,2,25,12173949
*RES* vm19:r0:th2:7,1406556491775,273,35,18260921
*RES* vm19:r0:th3:0,1406556491213,461,14,6086972
*RES* vm19:r0:th3:1,1406556491674,4,14,6086973
*RES* vm19:r0:th3:2,1406556491679,3,15,6086974
*RES* vm19:r0:th3:3,1406556491682,3,15,6086975
*RES* vm19:r0:th3:4,1406556491685,4,15,6086976
*RES* vm19:r0:th3:5,1406556491688,4,15,6086977
*RES* vm19:r0:th3:6,1406556491692,282,29,12173949
*RES* vm19:r0:th3:7,1406556491975,5,29,12173950
*RES* vm19:r0:th4:0,1406556491213,390,12,6086972
*RES* vm19:r0:th4:1,1406556491603,2,13,6086973
*RES* vm19:r0:th4:2,1406556491605,12,15,6086974
*RES* vm19:r0:th4:3,1406556491618,11,15,6086975
*RES* vm19:r0:th4:4,1406556491629,3,16,6086976
*RES* vm19:r0:th4:5,1406556491631,7,16,6086977
*RES* vm19:r0:th4:6,1406556491638,147,27,12173949
*RES* vm19:r0:th4:7,1406556491786,344,37,18260921
*RES* end node vm19:r0
(main) Thread vm19:r0 joined
Worker terminating correctly
