OSMeF worker starting
Enabling core dumping
Listening for command connection
(vm22:m0) New mapper on port 23330
(vm22:m0) -> reducer data size 22184748
(vm22:m0) -> reducer data size 22184748
(vm22:m0) -> reducer data size 22184748
(vm22:m0) -> reducer data size 22184748
(vm22:m0) -> reducer data size 22184748
(vm22:m0) -> reducer data size 22184748
(vm22:m0) -> reducer data size 22184748
(vm22:m0) -> reducer data size 22184748
(vm22:m0) -> reducer data size 22184748
(vm22:m0) -> reducer data size 22184748
(vm22:m0) -> reducer data size 22184748
(vm22:m0) -> reducer data size 22184748
(vm22:m0) -> reducer data size 22184748
(vm22:m0) -> reducer data size 22184748
(vm22:m0) -> reducer data size 22184748
(vm22:m0) -> reducer data size 22184748
(vm22:m0) -> reducer data size 22184748
(vm22:m0) -> reducer data size 22184748
(vm22:m0) -> reducer data size 22184748
(vm22:m0) -> reducer data size 22184748
(vm22:m0) -> reducer data size 22184748
(vm22:m0) -> reducer data size 22184748
(vm22:m0) Mapper thread started
(vm22:m0) Allocating data for reducer vm1:r0
(vm22:m0) Allocating data for reducer vm2:r0
(vm22:m0) Allocating data for reducer vm3:r0
(vm22:m0) Allocating data for reducer vm4:r0
(vm22:m0) Allocating data for reducer vm5:r0
(vm22:m0) Allocating data for reducer vm6:r0
(vm22:m0) Allocating data for reducer vm7:r0
(vm22:m0) Allocating data for reducer vm8:r0
(vm22:m0) Allocating data for reducer vm9:r0
(vm22:m0) Allocating data for reducer vm10:r0
(vm22:m0) Allocating data for reducer vm11:r0
(vm22:m0) Allocating data for reducer vm12:r0
(vm22:m0) Allocating data for reducer vm13:r0
(vm22:m0) Allocating data for reducer vm14:r0
(vm22:m0) Allocating data for reducer vm15:r0
(vm22:m0) Allocating data for reducer vm16:r0
(vm22:m0) Allocating data for reducer vm17:r0
(vm22:m0) Allocating data for reducer vm18:r0
(vm22:m0) Allocating data for reducer vm19:r0
(vm22:m0) Allocating data for reducer vm20:r0
(vm22:m0) Allocating data for reducer vm21:r0
(vm22:m0) Allocating data for reducer vm22:r0
(vm22:m0) Binding to port 23330
(vm22:r0) New reducer
(vm22:r0) Reducer thread started
(vm22:r0) waiting for START message
(vm22:r0) got START message
(vm22:r0) Starting new connection thread
(vm22:r0) Starting new connection thread
(vm22:r0) Starting new connection thread
(vm22:r0) Starting new connection thread
(vm22:r0) Starting new connection thread
(vm22:r0) Maximum number of connections reached (5), waiting for a thread to finish
(vm22:r0:2) Connection established
(vm22:r0:1) Connection established
(vm22:r0:0) Connection established
(vm22:r0:4) Connection established
(vm22:r0:3) Connection established
(vm22:r0:2) Connection finished, received 22184749 bytes
(vm22:r0:0) Connection finished, received 22184749 bytes
(vm22:r0) thread 0 joined, 21 connections remaining
(vm22:r0) Starting new connection thread
(vm22:r0) Maximum number of connections reached (5), waiting for a thread to finish
(vm22:r0:0) Connection established
(vm22:r0:3) Connection finished, received 22184749 bytes
(vm22:r0:1) Connection finished, received 22184749 bytes
(vm22:r0:4) Connection finished, received 22184749 bytes
(vm22:r0:0) Connection finished, received 22184749 bytes
(vm22:r0) thread 0 joined, 20 connections remaining
(vm22:r0) Starting new connection thread
(vm22:r0) Maximum number of connections reached (5), waiting for a thread to finish
(vm22:r0:0) Connection established
(vm22:r0:0) Connection finished, received 22184749 bytes
(vm22:r0) thread 0 joined, 19 connections remaining
(vm22:r0) Starting new connection thread
(vm22:r0) Maximum number of connections reached (5), waiting for a thread to finish
(vm22:r0:0) Connection established
(vm22:r0:0) Connection finished, received 22184749 bytes
(vm22:r0) thread 0 joined, 18 connections remaining
(vm22:r0) Starting new connection thread
(vm22:r0) Maximum number of connections reached (5), waiting for a thread to finish
(vm22:r0:0) Connection established
(vm22:r0:0) Connection finished, received 22184749 bytes
(vm22:r0) thread 0 joined, 17 connections remaining
(vm22:r0) Starting new connection thread
(vm22:r0) Maximum number of connections reached (5), waiting for a thread to finish
(vm22:r0:0) Connection established
(vm22:m0) Got connection from reducer vm1:r0
(vm22:m0:0) thread started, have to send 22184748 bytes
(vm22:m0:0) all data sent, thread exiting
(vm22:r0:0) Connection finished, received 22184749 bytes
(vm22:r0) thread 0 joined, 16 connections remaining
(vm22:r0) Starting new connection thread
(vm22:r0) Maximum number of connections reached (5), waiting for a thread to finish
(vm22:r0:0) Connection established
(vm22:m0) Got connection from reducer vm16:r0
(vm22:r0:0) Connection finished, received 22184749 bytes
(vm22:r0) thread 0 joined, 15 connections remaining
(vm22:r0) Starting new connection thread
(vm22:r0) Maximum number of connections reached (5), waiting for a thread to finish
(vm22:m0:15) thread started, have to send 22184748 bytes
(vm22:r0:0) Connection established
(vm22:r0:0) Connection finished, received 22184749 bytes
(vm22:r0) thread 0 joined, 14 connections remaining
(vm22:r0) Starting new connection thread
(vm22:r0) Maximum number of connections reached (5), waiting for a thread to finish
(vm22:r0:0) Connection established
(vm22:m0:15) all data sent, thread exiting
(vm22:r0:0) Connection finished, received 22184749 bytes
(vm22:r0) thread 0 joined, 13 connections remaining
(vm22:r0) Starting new connection thread
(vm22:r0) Maximum number of connections reached (5), waiting for a thread to finish
(vm22:r0:0) Connection established
(vm22:r0:0) Connection finished, received 22184749 bytes
(vm22:r0) thread 0 joined, 12 connections remaining
(vm22:r0) Starting new connection thread
(vm22:r0) Maximum number of connections reached (5), waiting for a thread to finish
(vm22:r0:0) Connection established
(vm22:m0) Got connection from reducer vm6:r0
(vm22:r0:0) Connection finished, received 22184749 bytes
(vm22:r0) thread 0 joined, 11 connections remaining
(vm22:r0) Starting new connection thread
(vm22:r0) Maximum number of connections reached (5), waiting for a thread to finish
(vm22:m0:5) thread started, have to send 22184748 bytes
(vm22:r0:0) Connection established
(vm22:m0:5) all data sent, thread exiting
(vm22:r0:0) Connection finished, received 22184749 bytes
(vm22:r0) thread 0 joined, 10 connections remaining
(vm22:r0) Starting new connection thread
(vm22:r0) Maximum number of connections reached (5), waiting for a thread to finish
(vm22:r0:0) Connection established
(vm22:r0:0) Connection finished, received 22184749 bytes
(vm22:r0) thread 0 joined, 9 connections remaining
(vm22:r0) Starting new connection thread
(vm22:r0) Maximum number of connections reached (5), waiting for a thread to finish
(vm22:r0:0) Connection established
(vm22:m0) Got connection from reducer vm21:r0
(vm22:m0:20) thread started, have to send 22184748 bytes
(vm22:r0:0) Connection finished, received 22184749 bytes
(vm22:r0) thread 0 joined, 8 connections remaining
(vm22:r0) Starting new connection thread
(vm22:r0) Maximum number of connections reached (5), waiting for a thread to finish
(vm22:r0:0) Connection established
(vm22:m0) Got connection from reducer vm7:r0
(vm22:m0:6) thread started, have to send 22184748 bytes
(vm22:m0) Got connection from reducer vm15:r0
(vm22:m0:14) thread started, have to send 22184748 bytes
(vm22:m0) Got connection from reducer vm11:r0
(vm22:m0:6) all data sent, thread exiting
(vm22:m0:10) thread started, have to send 22184748 bytes
(vm22:m0:20) all data sent, thread exiting
(vm22:r0:0) Connection finished, received 22184749 bytes
(vm22:r0) thread 0 joined, 7 connections remaining
(vm22:r0) Starting new connection thread
(vm22:r0) Maximum number of connections reached (5), waiting for a thread to finish
(vm22:r0:0) Connection established
(vm22:m0) Got connection from reducer vm8:r0
(vm22:m0) Got connection from reducer vm10:r0
(vm22:m0) Got connection from reducer vm4:r0
(vm22:m0:9) thread started, have to send 22184748 bytes
(vm22:m0:3) thread started, have to send 22184748 bytes
(vm22:m0:7) thread started, have to send 22184748 bytes
(vm22:m0:14) all data sent, thread exiting
(vm22:m0:10) all data sent, thread exiting
(vm22:r0:0) Connection finished, received 22184749 bytes
(vm22:r0) thread 0 joined, 6 connections remaining
(vm22:r0) Starting new connection thread
(vm22:r0) Maximum number of connections reached (5), waiting for a thread to finish
(vm22:m0) Got connection from reducer vm9:r0
(vm22:m0:8) thread started, have to send 22184748 bytes
(vm22:r0:0) Connection established
(vm22:m0:3) all data sent, thread exiting
(vm22:m0:9) all data sent, thread exiting
(vm22:m0:7) all data sent, thread exiting
(vm22:m0:8) all data sent, thread exiting
(vm22:r0:0) Connection finished, received 22184749 bytes
(vm22:r0) thread 0 joined, 5 connections remaining
(vm22:r0) Starting new connection thread
(vm22:r0) Maximum number of connections reached (5), waiting for a thread to finish
(vm22:r0:0) Connection established
(vm22:m0) Got connection from reducer vm22:r0
(vm22:m0:21) thread started, have to send 22184748 bytes
(vm22:r0:0) Connection finished, received 22184749 bytes
(vm22:m0:21) all data sent, thread exiting
(vm22:r0) thread 0 joined, 4 connections remaining
(vm22:r0) Maximum number of connections reached (4), waiting for a thread to finish
(vm22:r0) thread 1 joined, 3 connections remaining
(vm22:r0) Maximum number of connections reached (3), waiting for a thread to finish
(vm22:r0) thread 2 joined, 2 connections remaining
(vm22:r0) Maximum number of connections reached (2), waiting for a thread to finish
(vm22:r0) thread 3 joined, 1 connections remaining
(vm22:r0) Maximum number of connections reached (1), waiting for a thread to finish
(vm22:r0) thread 4 joined, 0 connections remaining
(vm22:r0) all done, exiting
(vm22:m0) Got connection from reducer vm2:r0
(vm22:m0:1) thread started, have to send 22184748 bytes
(vm22:m0:1) all data sent, thread exiting
(vm22:m0) Got connection from reducer vm17:r0
(vm22:m0:16) thread started, have to send 22184748 bytes
(vm22:m0) Got connection from reducer vm19:r0
(vm22:m0:18) thread started, have to send 22184748 bytes
(vm22:m0:18) all data sent, thread exiting
(vm22:m0:16) all data sent, thread exiting
(vm22:m0) Got connection from reducer vm12:r0
(vm22:m0:11) thread started, have to send 22184748 bytes
(vm22:m0:11) all data sent, thread exiting
(vm22:m0) Got connection from reducer vm20:r0
(vm22:m0:19) thread started, have to send 22184748 bytes
(vm22:m0:19) all data sent, thread exiting
(vm22:m0) Got connection from reducer vm13:r0
(vm22:m0:12) thread started, have to send 22184748 bytes
(vm22:m0) Got connection from reducer vm18:r0
(vm22:m0:17) thread started, have to send 22184748 bytes
(vm22:m0:12) all data sent, thread exiting
(vm22:m0) Got connection from reducer vm14:r0
(vm22:m0:13) thread started, have to send 22184748 bytes
(vm22:m0:17) all data sent, thread exiting
(vm22:m0:13) all data sent, thread exiting
(vm22:m0) Got connection from reducer vm5:r0
(vm22:m0:4) thread started, have to send 22184748 bytes
(vm22:m0) Got connection from reducer vm3:r0
(vm22:m0) Waiting for a thread to finish
(vm22:m0) thread 0 joined, 21 connections remaining
(vm22:m0) Waiting for a thread to finish
(vm22:m0) thread 1 joined, 20 connections remaining
(vm22:m0) Waiting for a thread to finish
(vm22:m0:2) thread started, have to send 22184748 bytes
(vm22:m0:4) all data sent, thread exiting
(vm22:m0:2) all data sent, thread exiting
(vm22:m0) thread 2 joined, 19 connections remaining
(vm22:m0) Waiting for a thread to finish
(vm22:m0) thread 3 joined, 18 connections remaining
(vm22:m0) Waiting for a thread to finish
(vm22:m0) thread 4 joined, 17 connections remaining
(vm22:m0) Waiting for a thread to finish
(vm22:m0) thread 5 joined, 16 connections remaining
(vm22:m0) Waiting for a thread to finish
(vm22:m0) thread 6 joined, 15 connections remaining
(vm22:m0) Waiting for a thread to finish
(vm22:m0) thread 7 joined, 14 connections remaining
(vm22:m0) Waiting for a thread to finish
(vm22:m0) thread 8 joined, 13 connections remaining
(vm22:m0) Waiting for a thread to finish
(vm22:m0) thread 9 joined, 12 connections remaining
(vm22:m0) Waiting for a thread to finish
(vm22:m0) thread 10 joined, 11 connections remaining
(vm22:m0) Waiting for a thread to finish
(vm22:m0) thread 11 joined, 10 connections remaining
(vm22:m0) Waiting for a thread to finish
(vm22:m0) thread 12 joined, 9 connections remaining
(vm22:m0) Waiting for a thread to finish
(vm22:m0) thread 13 joined, 8 connections remaining
(vm22:m0) Waiting for a thread to finish
(vm22:m0) thread 14 joined, 7 connections remaining
(vm22:m0) Waiting for a thread to finish
(vm22:m0) thread 15 joined, 6 connections remaining
(vm22:m0) Waiting for a thread to finish
(vm22:m0) thread 16 joined, 5 connections remaining
(vm22:m0) Waiting for a thread to finish
(vm22:m0) thread 17 joined, 4 connections remaining
(vm22:m0) Waiting for a thread to finish
(vm22:m0) thread 18 joined, 3 connections remaining
(vm22:m0) Waiting for a thread to finish
(vm22:m0) thread 19 joined, 2 connections remaining
(vm22:m0) Waiting for a thread to finish
(vm22:m0) thread 20 joined, 1 connections remaining
(vm22:m0) Waiting for a thread to finish
(vm22:m0) thread 21 joined, 0 connections remaining
(vm22:m0) all done, exiting
*RES* start node vm22:m0
*RES* vm22:m0:0,1404118284547,73,30,22184749
*RES* vm22:m0:1,1404118285773,48,19,22184749
*RES* vm22:m0:2,1404118286403,33,10,22184749
*RES* vm22:m0:3,1404118285517,106,18,22184749
*RES* vm22:m0:4,1404118286384,40,10,22184749
*RES* vm22:m0:5,1404118285142,50,18,22184749
*RES* vm22:m0:6,1404118285409,70,19,22184749
*RES* vm22:m0:7,1404118285519,106,19,22184749
*RES* vm22:m0:8,1404118285620,60,20,22184749
*RES* vm22:m0:9,1404118285517,106,18,22184749
*RES* vm22:m0:10,1404118285481,96,17,22184749
*RES* vm22:m0:11,1404118286052,40,9,22184749
*RES* vm22:m0:12,1404118286291,31,12,22184749
*RES* vm22:m0:13,1404118286331,31,12,22184749
*RES* vm22:m0:14,1404118285439,102,18,22184749
*RES* vm22:m0:15,1404118284850,86,18,22184749
*RES* vm22:m0:16,1404118285893,132,12,22184749
*RES* vm22:m0:17,1404118286306,35,11,22184749
*RES* vm22:m0:18,1404118285965,36,10,22184749
*RES* vm22:m0:19,1404118286158,30,12,22184749
*RES* vm22:m0:20,1404118285322,163,19,22184749
*RES* vm22:m0:21,1404118285690,15,4,22184749
*RES* end node vm22:m0
Node vm22:m0 joined
*RES* start node vm22:r0
*RES* vm22:r0:0,1404118282325,533,22,22184749
*RES* vm22:r0:0,1404118282863,474,21,22184749
*RES* vm22:r0:0,1404118283342,330,25,22184749
*RES* vm22:r0:0,1404118283678,479,31,22184749
*RES* vm22:r0:0,1404118284162,341,21,22184749
*RES* vm22:r0:0,1404118284510,263,22,22184749
*RES* vm22:r0:0,1404118284778,70,16,22184749
*RES* vm22:r0:0,1404118284855,54,16,22184749
*RES* vm22:r0:0,1404118284917,67,16,22184749
*RES* vm22:r0:0,1404118284990,74,17,22184749
*RES* vm22:r0:0,1404118285070,69,16,22184749
*RES* vm22:r0:0,1404118285143,67,17,22184749
*RES* vm22:r0:0,1404118285214,67,13,22184749
*RES* vm22:r0:0,1404118285286,78,17,22184749
*RES* vm22:r0:0,1404118285370,125,18,22184749
*RES* vm22:r0:0,1404118285504,97,15,22184749
*RES* vm22:r0:0,1404118285621,62,18,22184749
*RES* vm22:r0:0,1404118285686,19,5,22184749
*RES* vm22:r0:1,1404118282325,574,24,22184749
*RES* vm22:r0:2,1404118282325,488,23,22184749
*RES* vm22:r0:3,1404118282325,556,23,22184749
*RES* vm22:r0:4,1404118282325,630,24,22184749
*RES* end node vm22:r0
Node vm22:r0 joined
Worker terminating correctly
