OSMeF worker starting
Enabling core dumping
Listening for command connection
(vm25:m0) New mapper on port 23330
(vm25:m0) -> reducer data size 687194767
(vm25:m0) -> reducer data size 687194767
(vm25:m0) -> reducer data size 687194767
(vm25:m0) -> reducer data size 687194767
(vm25:m0) -> reducer data size 687194767
(vm25:m0) -> reducer data size 687194767
(vm25:m0) -> reducer data size 687194767
(vm25:m0) -> reducer data size 687194767
(vm25:m0) -> reducer data size 687194767
(vm25:m0) -> reducer data size 687194767
(vm25:m0) -> reducer data size 687194767
(vm25:m0) -> reducer data size 687194767
(vm25:m0) -> reducer data size 687194767
(vm25:m0) -> reducer data size 687194767
(vm25:m0) -> reducer data size 687194767
(vm25:m0) -> reducer data size 687194767
(vm25:m0) -> reducer data size 687194767
(vm25:m0) -> reducer data size 687194767
(vm25:m0) -> reducer data size 687194767
(vm25:m0) -> reducer data size 687194767
(vm25:m0) -> reducer data size 687194767
(vm25:m0) -> reducer data size 687194767
(vm25:m0) -> reducer data size 687194767
(vm25:m0) -> reducer data size 687194767
(vm25:m0) -> reducer data size 687194767
(vm25:m0) -> reducer data size 687194767
(vm25:m0) -> reducer data size 687194767
(vm25:m0) -> reducer data size 687194767
(vm25:m0) -> reducer data size 687194767
(vm25:m0) -> reducer data size 687194767
(vm25:m0) -> reducer data size 687194767
(vm25:m0) -> reducer data size 687194767
(vm25:m0) -> reducer data size 687194767
(vm25:m0) -> reducer data size 687194767
(vm25:m0) -> reducer data size 687194767
(vm25:m0) -> reducer data size 687194767
(vm25:m0) -> reducer data size 687194767
(vm25:m0) -> reducer data size 687194767
(vm25:m0) -> reducer data size 687194767
(vm25:m0) -> reducer data size 687194767
(vm25:m0) Mapper thread started
(vm25:m0) Allocating data for reducer vm1:r0
(vm25:m0) Allocating data for reducer vm2:r0
(vm25:m0) Allocating data for reducer vm3:r0
(vm25:m0) Allocating data for reducer vm4:r0
(vm25:m0) Allocating data for reducer vm5:r0
(vm25:m0) Allocating data for reducer vm6:r0
(vm25:m0) Allocating data for reducer vm7:r0
(vm25:m0) Allocating data for reducer vm8:r0
(vm25:m0) Allocating data for reducer vm9:r0
(vm25:m0) Allocating data for reducer vm10:r0
(vm25:m0) Allocating data for reducer vm11:r0
(vm25:m0) Allocating data for reducer vm12:r0
(vm25:m0) Allocating data for reducer vm13:r0
(vm25:m0) Allocating data for reducer vm14:r0
(vm25:m0) Allocating data for reducer vm15:r0
(vm25:m0) Allocating data for reducer vm16:r0
(vm25:m0) Allocating data for reducer vm17:r0
(vm25:m0) Allocating data for reducer vm18:r0
(vm25:m0) Allocating data for reducer vm19:r0
(vm25:m0) Allocating data for reducer vm20:r0
(vm25:m0) Allocating data for reducer vm21:r0
(vm25:m0) Allocating data for reducer vm22:r0
(vm25:m0) Allocating data for reducer vm23:r0
(vm25:m0) Allocating data for reducer vm24:r0
(vm25:m0) Allocating data for reducer vm25:r0
(vm25:m0) Allocating data for reducer vm26:r0
(vm25:m0) Allocating data for reducer vm27:r0
(vm25:m0) Allocating data for reducer vm28:r0
(vm25:m0) Allocating data for reducer vm29:r0
(vm25:m0) Allocating data for reducer vm30:r0
(vm25:m0) Allocating data for reducer vm31:r0
(vm25:m0) Allocating data for reducer vm32:r0
(vm25:m0) Allocating data for reducer vm33:r0
(vm25:m0) Allocating data for reducer vm34:r0
(vm25:m0) Allocating data for reducer vm35:r0
(vm25:m0) Allocating data for reducer vm36:r0
(vm25:m0) Allocating data for reducer vm37:r0
(vm25:m0) Allocating data for reducer vm38:r0
(vm25:m0) Allocating data for reducer vm39:r0
(vm25:m0) Allocating data for reducer vm40:r0
(vm25:m0) Binding to port 23330
(vm25:r0) New reducer
(vm25:r0) Reducer thread started
(vm25:r0) waiting for START message
(vm25:r0) got START message
(vm25:r0) Starting new connection thread
(vm25:r0) Starting new connection thread
(vm25:r0) Starting new connection thread
(vm25:r0) Starting new connection thread
(vm25:r0) Starting new connection thread
(vm25:r0) Maximum number of connections reached (5), waiting for a thread to finish
(vm25:r0:3) Connection established
(vm25:r0:1) Connection established
(vm25:r0:0) Connection established
(vm25:r0:4) Connection established
(vm25:r0:2) Connection established
(vm25:r0:1) Connection finished, received 687194768 bytes
(vm25:r0:2) Connection finished, received 687194768 bytes
(vm25:r0:0) Connection finished, received 687194768 bytes
(vm25:r0) thread 0 joined, 39 connections remaining
(vm25:r0) Starting new connection thread
(vm25:r0) Maximum number of connections reached (5), waiting for a thread to finish
(vm25:r0:0) Connection established
(vm25:r0:4) Connection finished, received 687194768 bytes
(vm25:r0:3) Connection finished, received 687194768 bytes
(vm25:r0:0) Connection finished, received 687194768 bytes
(vm25:r0) thread 0 joined, 38 connections remaining
(vm25:r0) Starting new connection thread
(vm25:r0) Maximum number of connections reached (5), waiting for a thread to finish
(vm25:r0:0) Connection established
(vm25:m0) Got connection from reducer vm15:r0
(vm25:m0:14) thread started, have to send 687194767 bytes
(vm25:r0:0) Connection finished, received 687194768 bytes
(vm25:r0) thread 0 joined, 37 connections remaining
(vm25:r0) Starting new connection thread
(vm25:r0) Maximum number of connections reached (5), waiting for a thread to finish
(vm25:r0:0) Connection established
(vm25:m0:14) all data sent, thread exiting
(vm25:m0) Got connection from reducer vm26:r0
(vm25:m0:25) thread started, have to send 687194767 bytes
(vm25:m0:25) all data sent, thread exiting
(vm25:m0) Got connection from reducer vm27:r0
(vm25:m0:26) thread started, have to send 687194767 bytes
(vm25:r0:0) Connection finished, received 687194768 bytes
(vm25:r0) thread 0 joined, 36 connections remaining
(vm25:r0) Starting new connection thread
(vm25:r0) Maximum number of connections reached (5), waiting for a thread to finish
(vm25:r0:0) Connection established
(vm25:m0:26) all data sent, thread exiting
(vm25:m0) Got connection from reducer vm1:r0
(vm25:m0:0) thread started, have to send 687194767 bytes
(vm25:m0:0) all data sent, thread exiting
(vm25:m0) Got connection from reducer vm39:r0
(vm25:m0:38) thread started, have to send 687194767 bytes
(vm25:m0:38) all data sent, thread exiting
(vm25:m0) Got connection from reducer vm40:r0
(vm25:m0:39) thread started, have to send 687194767 bytes
(vm25:r0:0) Connection finished, received 687194768 bytes
(vm25:r0) thread 0 joined, 35 connections remaining
(vm25:r0) Starting new connection thread
(vm25:r0) Maximum number of connections reached (5), waiting for a thread to finish
(vm25:r0:0) Connection established
(vm25:m0:39) all data sent, thread exiting
(vm25:r0:0) Connection finished, received 687194768 bytes
(vm25:r0) thread 0 joined, 34 connections remaining
(vm25:r0) Starting new connection thread
(vm25:r0) Maximum number of connections reached (5), waiting for a thread to finish
(vm25:r0:0) Connection established
(vm25:m0) Got connection from reducer vm33:r0
(vm25:m0:32) thread started, have to send 687194767 bytes
(vm25:m0) Got connection from reducer vm13:r0
(vm25:m0:12) thread started, have to send 687194767 bytes
(vm25:m0:32) all data sent, thread exiting
(vm25:m0:12) all data sent, thread exiting
(vm25:m0) Got connection from reducer vm9:r0
(vm25:m0:8) thread started, have to send 687194767 bytes
(vm25:m0) Got connection from reducer vm19:r0
(vm25:m0:18) thread started, have to send 687194767 bytes
(vm25:r0:0) Connection finished, received 687194768 bytes
(vm25:r0) thread 0 joined, 33 connections remaining
(vm25:r0) Starting new connection thread
(vm25:r0) Maximum number of connections reached (5), waiting for a thread to finish
(vm25:r0:0) Connection established
(vm25:m0:8) all data sent, thread exiting
(vm25:m0:18) all data sent, thread exiting
(vm25:r0:0) Connection finished, received 687194768 bytes
(vm25:r0) thread 0 joined, 32 connections remaining
(vm25:r0) Starting new connection thread
(vm25:r0) Maximum number of connections reached (5), waiting for a thread to finish
(vm25:r0:0) Connection established
(vm25:m0) Got connection from reducer vm6:r0
(vm25:m0:5) thread started, have to send 687194767 bytes
(vm25:m0) Got connection from reducer vm31:r0
(vm25:m0:30) thread started, have to send 687194767 bytes
(vm25:m0:5) all data sent, thread exiting
(vm25:r0:0) Connection finished, received 687194768 bytes
(vm25:r0) thread 0 joined, 31 connections remaining
(vm25:r0) Starting new connection thread
(vm25:r0) Maximum number of connections reached (5), waiting for a thread to finish
(vm25:r0:0) Connection established
(vm25:m0) Got connection from reducer vm22:r0
(vm25:m0:21) thread started, have to send 687194767 bytes
(vm25:m0) Got connection from reducer vm7:r0
(vm25:m0:6) thread started, have to send 687194767 bytes
(vm25:m0:30) all data sent, thread exiting
(vm25:r0:0) Connection finished, received 687194768 bytes
(vm25:r0) thread 0 joined, 30 connections remaining
(vm25:r0) Starting new connection thread
(vm25:r0) Maximum number of connections reached (5), waiting for a thread to finish
(vm25:r0:0) Connection established
(vm25:m0) Got connection from reducer vm34:r0
(vm25:m0:33) thread started, have to send 687194767 bytes
(vm25:m0:21) all data sent, thread exiting
(vm25:m0:6) all data sent, thread exiting
(vm25:m0:33) all data sent, thread exiting
(vm25:r0:0) Connection finished, received 687194768 bytes
(vm25:r0) thread 0 joined, 29 connections remaining
(vm25:r0) Starting new connection thread
(vm25:r0) Maximum number of connections reached (5), waiting for a thread to finish
(vm25:r0:0) Connection established
(vm25:m0) Got connection from reducer vm21:r0
(vm25:m0:20) thread started, have to send 687194767 bytes
(vm25:m0) Got connection from reducer vm16:r0
(vm25:m0:15) thread started, have to send 687194767 bytes
(vm25:m0) Got connection from reducer vm8:r0
(vm25:m0:7) thread started, have to send 687194767 bytes
(vm25:r0:0) Connection finished, received 687194768 bytes
(vm25:r0) thread 0 joined, 28 connections remaining
(vm25:r0) Starting new connection thread
(vm25:r0) Maximum number of connections reached (5), waiting for a thread to finish
(vm25:r0:0) Connection established
(vm25:m0:20) all data sent, thread exiting
(vm25:m0) Got connection from reducer vm32:r0
(vm25:m0:15) all data sent, thread exiting
(vm25:m0:31) thread started, have to send 687194767 bytes
(vm25:m0:7) all data sent, thread exiting
(vm25:r0:0) Connection finished, received 687194768 bytes
(vm25:r0) thread 0 joined, 27 connections remaining
(vm25:r0) Starting new connection thread
(vm25:r0) Maximum number of connections reached (5), waiting for a thread to finish
(vm25:r0:0) Connection established
(vm25:m0:31) all data sent, thread exiting
(vm25:m0) Got connection from reducer vm36:r0
(vm25:m0:35) thread started, have to send 687194767 bytes
(vm25:r0:0) Connection finished, received 687194768 bytes
(vm25:r0) thread 0 joined, 26 connections remaining
(vm25:r0) Starting new connection thread
(vm25:r0) Maximum number of connections reached (5), waiting for a thread to finish
(vm25:r0:0) Connection established
(vm25:m0) Got connection from reducer vm2:r0
(vm25:m0:1) thread started, have to send 687194767 bytes
(vm25:m0:35) all data sent, thread exiting
(vm25:r0:0) Connection finished, received 687194768 bytes
(vm25:r0) thread 0 joined, 25 connections remaining
(vm25:r0) Starting new connection thread
(vm25:r0) Maximum number of connections reached (5), waiting for a thread to finish
(vm25:r0:0) Connection established
(vm25:m0:1) all data sent, thread exiting
(vm25:r0:0) Connection finished, received 687194768 bytes
(vm25:r0) thread 0 joined, 24 connections remaining
(vm25:r0) Starting new connection thread
(vm25:r0) Maximum number of connections reached (5), waiting for a thread to finish
(vm25:r0:0) Connection established
(vm25:m0) Got connection from reducer vm20:r0
(vm25:m0:19) thread started, have to send 687194767 bytes
(vm25:r0:0) Connection finished, received 687194768 bytes
(vm25:r0) thread 0 joined, 23 connections remaining
(vm25:r0) Starting new connection thread
(vm25:r0) Maximum number of connections reached (5), waiting for a thread to finish
(vm25:r0:0) Connection established
(vm25:m0) Got connection from reducer vm14:r0
(vm25:m0:13) thread started, have to send 687194767 bytes
(vm25:m0) Got connection from reducer vm30:r0
(vm25:m0:29) thread started, have to send 687194767 bytes
(vm25:m0:19) all data sent, thread exiting
(vm25:r0:0) Connection finished, received 687194768 bytes
(vm25:r0) thread 0 joined, 22 connections remaining
(vm25:r0) Starting new connection thread
(vm25:r0) Maximum number of connections reached (5), waiting for a thread to finish
(vm25:r0:0) Connection established
(vm25:m0:13) all data sent, thread exiting
(vm25:m0) Got connection from reducer vm17:r0
(vm25:m0:16) thread started, have to send 687194767 bytes
(vm25:m0:29) all data sent, thread exiting
(vm25:m0) Got connection from reducer vm35:r0
(vm25:m0:34) thread started, have to send 687194767 bytes
(vm25:r0:0) Connection finished, received 687194768 bytes
(vm25:r0) thread 0 joined, 21 connections remaining
(vm25:r0) Starting new connection thread
(vm25:r0) Maximum number of connections reached (5), waiting for a thread to finish
(vm25:r0:0) Connection established
(vm25:m0) Got connection from reducer vm12:r0
(vm25:m0:11) thread started, have to send 687194767 bytes
(vm25:m0:16) all data sent, thread exiting
(vm25:m0) Got connection from reducer vm10:r0
(vm25:m0:9) thread started, have to send 687194767 bytes
(vm25:m0:34) all data sent, thread exiting
(vm25:r0:0) Connection finished, received 687194768 bytes
(vm25:r0) thread 0 joined, 20 connections remaining
(vm25:r0) Starting new connection thread
(vm25:r0) Maximum number of connections reached (5), waiting for a thread to finish
(vm25:r0:0) Connection established
(vm25:m0) Got connection from reducer vm25:r0
(vm25:m0:24) thread started, have to send 687194767 bytes
(vm25:m0:11) all data sent, thread exiting
(vm25:m0:24) all data sent, thread exiting
(vm25:r0:0) Connection finished, received 687194768 bytes
(vm25:r0) thread 0 joined, 19 connections remaining
(vm25:r0) Starting new connection thread
(vm25:r0) Maximum number of connections reached (5), waiting for a thread to finish
(vm25:r0:0) Connection established
(vm25:m0) Got connection from reducer vm5:r0
(vm25:m0:4) thread started, have to send 687194767 bytes
(vm25:m0:9) all data sent, thread exiting
(vm25:r0:0) Connection finished, received 687194768 bytes
(vm25:r0) thread 0 joined, 18 connections remaining
(vm25:r0) Starting new connection thread
(vm25:r0) Maximum number of connections reached (5), waiting for a thread to finish
(vm25:r0:0) Connection established
(vm25:m0:4) all data sent, thread exiting
(vm25:r0:0) Connection finished, received 687194768 bytes
(vm25:r0) thread 0 joined, 17 connections remaining
(vm25:r0) Starting new connection thread
(vm25:r0) Maximum number of connections reached (5), waiting for a thread to finish
(vm25:r0:0) Connection established
(vm25:m0) Got connection from reducer vm37:r0
(vm25:m0:36) thread started, have to send 687194767 bytes
(vm25:m0) Got connection from reducer vm11:r0
(vm25:m0:10) thread started, have to send 687194767 bytes
(vm25:m0) Got connection from reducer vm24:r0
(vm25:m0:23) thread started, have to send 687194767 bytes
(vm25:m0) Got connection from reducer vm38:r0
(vm25:m0:37) thread started, have to send 687194767 bytes
(vm25:r0:0) Connection finished, received 687194768 bytes
(vm25:r0) thread 0 joined, 16 connections remaining
(vm25:r0) Starting new connection thread
(vm25:r0) Maximum number of connections reached (5), waiting for a thread to finish
(vm25:m0:36) all data sent, thread exiting
(vm25:r0:0) Connection established
(vm25:m0:10) all data sent, thread exiting
(vm25:m0:23) all data sent, thread exiting
(vm25:m0:37) all data sent, thread exiting
(vm25:m0) Got connection from reducer vm18:r0
(vm25:m0:17) thread started, have to send 687194767 bytes
(vm25:m0) Got connection from reducer vm29:r0
(vm25:m0:28) thread started, have to send 687194767 bytes
(vm25:r0:0) Connection finished, received 687194768 bytes
(vm25:r0) thread 0 joined, 15 connections remaining
(vm25:r0) Starting new connection thread
(vm25:r0) Maximum number of connections reached (5), waiting for a thread to finish
(vm25:r0:0) Connection established
(vm25:m0:17) all data sent, thread exiting
(vm25:m0:28) all data sent, thread exiting
(vm25:r0:0) Connection finished, received 687194768 bytes
(vm25:r0) thread 0 joined, 14 connections remaining
(vm25:r0) Starting new connection thread
(vm25:r0) Maximum number of connections reached (5), waiting for a thread to finish
(vm25:r0:0) Connection established
(vm25:m0) Got connection from reducer vm28:r0
(vm25:m0:27) thread started, have to send 687194767 bytes
(vm25:r0:0) Connection finished, received 687194768 bytes
(vm25:r0) thread 0 joined, 13 connections remaining
(vm25:r0) Starting new connection thread
(vm25:r0) Maximum number of connections reached (5), waiting for a thread to finish
(vm25:r0:0) Connection established
(vm25:m0) Got connection from reducer vm23:r0
(vm25:m0:22) thread started, have to send 687194767 bytes
(vm25:m0:27) all data sent, thread exiting
(vm25:m0:22) all data sent, thread exiting
(vm25:m0) Got connection from reducer vm3:r0
(vm25:m0:2) thread started, have to send 687194767 bytes
(vm25:r0:0) Connection finished, received 687194768 bytes
(vm25:r0) thread 0 joined, 12 connections remaining
(vm25:r0) Starting new connection thread
(vm25:r0) Maximum number of connections reached (5), waiting for a thread to finish
(vm25:r0:0) Connection established
(vm25:m0) Got connection from reducer vm4:r0
(vm25:m0) Waiting for a thread to finish
(vm25:m0) thread 0 joined, 39 connections remaining
(vm25:m0) Waiting for a thread to finish
(vm25:m0) thread 1 joined, 38 connections remaining
(vm25:m0) Waiting for a thread to finish
(vm25:m0:3) thread started, have to send 687194767 bytes
(vm25:m0:2) all data sent, thread exiting
(vm25:m0) thread 2 joined, 37 connections remaining
(vm25:m0) Waiting for a thread to finish
(vm25:r0:0) Connection finished, received 687194768 bytes
(vm25:r0) thread 0 joined, 11 connections remaining
(vm25:r0) Starting new connection thread
(vm25:r0) Maximum number of connections reached (5), waiting for a thread to finish
(vm25:r0:0) Connection established
(vm25:m0:3) all data sent, thread exiting
(vm25:m0) thread 3 joined, 36 connections remaining
(vm25:m0) Waiting for a thread to finish
(vm25:m0) thread 4 joined, 35 connections remaining
(vm25:m0) Waiting for a thread to finish
(vm25:m0) thread 5 joined, 34 connections remaining
(vm25:m0) Waiting for a thread to finish
(vm25:m0) thread 6 joined, 33 connections remaining
(vm25:m0) Waiting for a thread to finish
(vm25:m0) thread 7 joined, 32 connections remaining
(vm25:m0) Waiting for a thread to finish
(vm25:m0) thread 8 joined, 31 connections remaining
(vm25:m0) Waiting for a thread to finish
(vm25:m0) thread 9 joined, 30 connections remaining
(vm25:m0) Waiting for a thread to finish
(vm25:m0) thread 10 joined, 29 connections remaining
(vm25:m0) Waiting for a thread to finish
(vm25:m0) thread 11 joined, 28 connections remaining
(vm25:m0) Waiting for a thread to finish
(vm25:m0) thread 12 joined, 27 connections remaining
(vm25:m0) Waiting for a thread to finish
(vm25:m0) thread 13 joined, 26 connections remaining
(vm25:m0) Waiting for a thread to finish
(vm25:m0) thread 14 joined, 25 connections remaining
(vm25:m0) Waiting for a thread to finish
(vm25:m0) thread 15 joined, 24 connections remaining
(vm25:m0) Waiting for a thread to finish
(vm25:m0) thread 16 joined, 23 connections remaining
(vm25:m0) Waiting for a thread to finish
(vm25:m0) thread 17 joined, 22 connections remaining
(vm25:m0) Waiting for a thread to finish
(vm25:m0) thread 18 joined, 21 connections remaining
(vm25:m0) Waiting for a thread to finish
(vm25:m0) thread 19 joined, 20 connections remaining
(vm25:m0) Waiting for a thread to finish
(vm25:m0) thread 20 joined, 19 connections remaining
(vm25:m0) Waiting for a thread to finish
(vm25:m0) thread 21 joined, 18 connections remaining
(vm25:m0) Waiting for a thread to finish
(vm25:m0) thread 22 joined, 17 connections remaining
(vm25:m0) Waiting for a thread to finish
(vm25:m0) thread 23 joined, 16 connections remaining
(vm25:m0) Waiting for a thread to finish
(vm25:m0) thread 24 joined, 15 connections remaining
(vm25:m0) Waiting for a thread to finish
(vm25:m0) thread 25 joined, 14 connections remaining
(vm25:m0) Waiting for a thread to finish
(vm25:m0) thread 26 joined, 13 connections remaining
(vm25:m0) Waiting for a thread to finish
(vm25:m0) thread 27 joined, 12 connections remaining
(vm25:m0) Waiting for a thread to finish
(vm25:m0) thread 28 joined, 11 connections remaining
(vm25:m0) Waiting for a thread to finish
(vm25:m0) thread 29 joined, 10 connections remaining
(vm25:m0) Waiting for a thread to finish
(vm25:m0) thread 30 joined, 9 connections remaining
(vm25:m0) Waiting for a thread to finish
(vm25:m0) thread 31 joined, 8 connections remaining
(vm25:m0) Waiting for a thread to finish
(vm25:m0) thread 32 joined, 7 connections remaining
(vm25:m0) Waiting for a thread to finish
(vm25:m0) thread 33 joined, 6 connections remaining
(vm25:m0) Waiting for a thread to finish
(vm25:m0) thread 34 joined, 5 connections remaining
(vm25:m0) Waiting for a thread to finish
(vm25:m0) thread 35 joined, 4 connections remaining
(vm25:m0) Waiting for a thread to finish
(vm25:m0) thread 36 joined, 3 connections remaining
(vm25:m0) Waiting for a thread to finish
(vm25:m0) thread 37 joined, 2 connections remaining
(vm25:m0) Waiting for a thread to finish
(vm25:m0) thread 38 joined, 1 connections remaining
(vm25:m0) Waiting for a thread to finish
(vm25:m0) thread 39 joined, 0 connections remaining
(vm25:m0) all done, exiting
*RES* start node vm25:m0
*RES* vm25:m0:0,1405941841818,4683,1011,687194768
*RES* vm25:m0:1,1405941943790,5776,1418,687194768
*RES* vm25:m0:2,1405942014959,3493,750,687194768
*RES* vm25:m0:3,1405942015567,3885,800,687194768
*RES* vm25:m0:4,1405941982366,5193,1589,687194768
*RES* vm25:m0:5,1405941902058,5496,1266,687194768
*RES* vm25:m0:6,1405941911374,7109,1346,687194768
*RES* vm25:m0:7,1405941929682,6924,1576,687194768
*RES* vm25:m0:8,1405941892134,5961,1277,687194768
*RES* vm25:m0:9,1405941977673,5858,1291,687194768
*RES* vm25:m0:10,1405941994255,4162,856,687194768
*RES* vm25:m0:11,1405941974118,6889,1264,687194768
*RES* vm25:m0:12,1405941881566,6459,1175,687194768
*RES* vm25:m0:13,1405941960738,6485,1387,687194768
*RES* vm25:m0:14,1405941799870,6260,917,687194768
*RES* vm25:m0:15,1405941926432,7726,985,687194768
*RES* vm25:m0:16,1405941969230,6405,1552,687194768
*RES* vm25:m0:17,1405942000694,4739,1311,687194768
*RES* vm25:m0:18,1405941892662,7280,989,687194768
*RES* vm25:m0:19,1405941957906,5844,1078,687194768
*RES* vm25:m0:20,1405941926326,6611,1261,687194768
*RES* vm25:m0:21,1405941910778,7253,1194,687194768
*RES* vm25:m0:22,1405942011559,3248,661,687194768
*RES* vm25:m0:23,1405941995226,4121,735,687194768
*RES* vm25:m0:24,1405941979922,1901,188,687194768
*RES* vm25:m0:25,1405941825302,4395,1343,687194768
*RES* vm25:m0:26,1405941830946,5472,1271,687194768
*RES* vm25:m0:27,1405942010152,3590,606,687194768
*RES* vm25:m0:28,1405942002430,4254,943,687194768
*RES* vm25:m0:29,1405941962778,6664,1217,687194768
*RES* vm25:m0:30,1405941906198,6606,1512,687194768
*RES* vm25:m0:31,1405941934166,4726,1013,687194768
*RES* vm25:m0:32,1405941881022,6712,1186,687194768
*RES* vm25:m0:33,1405941916150,6373,1635,687194768
*RES* vm25:m0:34,1405941970309,7865,906,687194768
*RES* vm25:m0:35,1405941940089,5425,1524,687194768
*RES* vm25:m0:36,1405941993058,4994,868,687194768
*RES* vm25:m0:37,1405941995433,5135,771,687194768
*RES* vm25:m0:38,1405941848586,3774,1224,687194768
*RES* vm25:m0:39,1405941859026,3871,1203,687194768
*RES* end node vm25:m0
Node vm25:m0 joined
(vm25:r0:0) Connection finished, received 687194768 bytes
(vm25:r0) thread 0 joined, 10 connections remaining
(vm25:r0) Starting new connection thread
(vm25:r0) Maximum number of connections reached (5), waiting for a thread to finish
(vm25:r0:0) Connection established
(vm25:r0:0) Connection finished, received 687194768 bytes
(vm25:r0) thread 0 joined, 9 connections remaining
(vm25:r0) Starting new connection thread
(vm25:r0) Maximum number of connections reached (5), waiting for a thread to finish
(vm25:r0:0) Connection established
(vm25:r0:0) Connection finished, received 687194768 bytes
(vm25:r0) thread 0 joined, 8 connections remaining
(vm25:r0) Starting new connection thread
(vm25:r0) Maximum number of connections reached (5), waiting for a thread to finish
(vm25:r0:0) Connection established
(vm25:r0:0) Connection finished, received 687194768 bytes
(vm25:r0) thread 0 joined, 7 connections remaining
(vm25:r0) Starting new connection thread
(vm25:r0) Maximum number of connections reached (5), waiting for a thread to finish
(vm25:r0:0) Connection established
(vm25:r0:0) Connection finished, received 687194768 bytes
(vm25:r0) thread 0 joined, 6 connections remaining
(vm25:r0) Starting new connection thread
(vm25:r0) Maximum number of connections reached (5), waiting for a thread to finish
(vm25:r0:0) Connection established
(vm25:r0:0) Connection finished, received 687194768 bytes
(vm25:r0) thread 0 joined, 5 connections remaining
(vm25:r0) Starting new connection thread
(vm25:r0) Maximum number of connections reached (5), waiting for a thread to finish
(vm25:r0:0) Connection established
(vm25:r0:0) Connection finished, received 687194768 bytes
(vm25:r0) thread 0 joined, 4 connections remaining
(vm25:r0) Maximum number of connections reached (4), waiting for a thread to finish
(vm25:r0) thread 1 joined, 3 connections remaining
(vm25:r0) Maximum number of connections reached (3), waiting for a thread to finish
(vm25:r0) thread 2 joined, 2 connections remaining
(vm25:r0) Maximum number of connections reached (2), waiting for a thread to finish
(vm25:r0) thread 3 joined, 1 connections remaining
(vm25:r0) Maximum number of connections reached (1), waiting for a thread to finish
(vm25:r0) thread 4 joined, 0 connections remaining
(vm25:r0) all done, exiting
*RES* start node vm25:r0
*RES* vm25:r0:0,1405941684500,28527,702,687194768
*RES* vm25:r0:0,1405941713034,47802,726,687194768
*RES* vm25:r0:0,1405941760842,43826,1093,687194768
*RES* vm25:r0:0,1405941804690,30851,708,687194768
*RES* vm25:r0:0,1405941835554,25254,772,687194768
*RES* vm25:r0:0,1405941860814,18782,702,687194768
*RES* vm25:r0:0,1405941879602,13187,858,687194768
*RES* vm25:r0:0,1405941892806,8666,922,687194768
*RES* vm25:r0:0,1405941901478,6585,1141,687194768
*RES* vm25:r0:0,1405941908079,7222,1381,687194768
*RES* vm25:r0:0,1405941915314,8234,2356,687194768
*RES* vm25:r0:0,1405941923554,6273,1288,687194768
*RES* vm25:r0:0,1405941929842,6918,1217,687194768
*RES* vm25:r0:0,1405941936770,5997,1355,687194768
*RES* vm25:r0:0,1405941942795,5752,1158,687194768
*RES* vm25:r0:0,1405941948554,4403,1280,687194768
*RES* vm25:r0:0,1405941952962,5614,1375,687194768
*RES* vm25:r0:0,1405941958586,7478,1092,687194768
*RES* vm25:r0:0,1405941966070,7046,1367,687194768
*RES* vm25:r0:0,1405941973122,6784,1008,687194768
*RES* vm25:r0:0,1405941979922,1910,503,687194768
*RES* vm25:r0:0,1405941981842,4686,1273,687194768
*RES* vm25:r0:0,1405941986538,5060,1475,687194768
*RES* vm25:r0:0,1405941991602,6432,948,687194768
*RES* vm25:r0:0,1405941998048,5674,1109,687194768
*RES* vm25:r0:0,1405942003730,4320,821,687194768
*RES* vm25:r0:0,1405942008058,2539,668,687194768
*RES* vm25:r0:0,1405942010605,4441,665,687194768
*RES* vm25:r0:0,1405942015054,3666,682,687194768
*RES* vm25:r0:0,1405942018746,2876,748,687194768
*RES* vm25:r0:0,1405942021630,2505,651,687194768
*RES* vm25:r0:0,1405942024142,1773,615,687194768
*RES* vm25:r0:0,1405942025922,3693,605,687194768
*RES* vm25:r0:0,1405942029622,3444,631,687194768
*RES* vm25:r0:0,1405942033070,1545,600,687194768
*RES* vm25:r0:0,1405942034622,1601,688,687194768
*RES* vm25:r0:1,1405941684500,22561,692,687194768
*RES* vm25:r0:2,1405941684500,27270,704,687194768
*RES* vm25:r0:3,1405941684500,29966,679,687194768
*RES* vm25:r0:4,1405941684500,29942,679,687194768
*RES* end node vm25:r0
Node vm25:r0 joined
Worker terminating correctly
