OSMeF worker starting
Enabling core dumping
Listening for command connection
CONF: mapper on port 23330
CONF: -> will serve 48 reducers
(main) new thread ID: vm29:m0
(vm29:m0) Mapper thread started
(vm29:m0) Binding to port 23330
(vm29:m0) Got START signal
(vm29:m0) new thread ID: vm29:m0:th0
(vm29:m0:th0) waiting for something to do...
CONF: reducer
(main) new thread ID: vm29:r0
(vm29:r0) Reducer thread started
(vm29:r0) waiting for START message
(main) Waiting for thread vm29:m0 to join...
(vm29:r0) got START message
(vm29:r0) new thread ID: th0
(vm29:r0) new thread ID: th1
(vm29:r0) new thread ID: th2
(vm29:r0) new thread ID: th3
(vm29:r0) new thread ID: th4
(vm29:r0:th4:0) Connection established with mapper vm5:m0
(vm29:r0:th0:0) Connection established with mapper vm1:m0
(vm29:r0:th2:0) Connection established with mapper vm3:m0
(vm29:r0:th1:0) Connection established with mapper vm2:m0
(vm29:r0:th3:0) Connection established with mapper vm4:m0
(vm29:r0:th1:0) Connection to vm2:m0 finished, received 1 bytes
(vm29:r0:th1:1) Connection established with mapper vm7:m0
(vm29:r0:th4:0) Connection to vm5:m0 finished, received 4660338 bytes
(vm29:r0:th4:1) Connection established with mapper vm10:m0
(vm29:r0:th4:1) Connection to vm10:m0 finished, received 4660339 bytes
(vm29:r0:th4:2) Connection established with mapper vm15:m0
(vm29:r0:th4:2) Connection to vm15:m0 finished, received 4660340 bytes
(vm29:r0:th4:3) Connection established with mapper vm20:m0
(vm29:r0:th4:3) Connection to vm20:m0 finished, received 4660341 bytes
(vm29:r0:th4:4) Connection established with mapper vm25:m0
(vm29:r0:th2:0) Connection to vm3:m0 finished, received 4660338 bytes
(vm29:r0:th2:1) Connection established with mapper vm8:m0
(vm29:r0:th2:1) Connection to vm8:m0 finished, received 4660339 bytes
(vm29:r0:th2:2) Connection established with mapper vm13:m0
(vm29:r0:th2:2) Connection to vm13:m0 finished, received 4660340 bytes
(vm29:r0:th2:3) Connection established with mapper vm18:m0
(vm29:r0:th0:0) Connection to vm1:m0 finished, received 4660338 bytes
(vm29:r0:th1:1) Connection to vm7:m0 finished, received 4660339 bytes
(vm29:r0:th0:1) Connection established with mapper vm6:m0
(vm29:r0:th2:3) Connection to vm18:m0 finished, received 4660341 bytes
(vm29:m0) Got connection from reducer vm47:r0
(vm29:m0) new thread ID: vm29:m0:th1
(vm29:m0:th0) connection started, have to send 4660337 bytes to vm47:r0
(vm29:m0:th1) waiting for something to do...
(vm29:r0:th1:2) Connection established with mapper vm12:m0
(vm29:r0:th0:1) Connection to vm6:m0 finished, received 4660339 bytes
(vm29:r0:th1:2) Connection to vm12:m0 finished, received 4660340 bytes
(vm29:r0:th2:4) Connection established with mapper vm23:m0
(vm29:r0:th0:2) Connection established with mapper vm11:m0
(vm29:r0:th1:3) Connection established with mapper vm17:m0
(vm29:r0:th0:2) Connection to vm11:m0 finished, received 4660340 bytes
(vm29:r0:th0:3) Connection established with mapper vm16:m0
(vm29:r0:th1:3) Connection to vm17:m0 finished, received 4660341 bytes
(vm29:r0:th1:4) Connection established with mapper vm22:m0
(vm29:r0:th0:3) Connection to vm16:m0 finished, received 4660341 bytes
(vm29:r0:th0:4) Connection established with mapper vm21:m0
(vm29:m0) Got connection from reducer vm40:r0
(vm29:m0) new thread ID: vm29:m0:th2
(vm29:m0:th1) connection started, have to send 4660337 bytes to vm40:r0
(vm29:m0:th2) waiting for something to do...
(vm29:m0) Got connection from reducer vm39:r0
(vm29:m0) new thread ID: vm29:m0:th3
(vm29:m0:th2) connection started, have to send 4660337 bytes to vm39:r0
(vm29:m0:th3) waiting for something to do...
(vm29:m0) Got connection from reducer vm44:r0
(vm29:m0) new thread ID: vm29:m0:th4
(vm29:m0:th3) connection started, have to send 4660337 bytes to vm44:r0
(vm29:m0:th4) waiting for something to do...
(vm29:m0) Got connection from reducer vm43:r0
(vm29:m0) new thread ID: vm29:m0:th5
(vm29:m0:th4) connection started, have to send 4660337 bytes to vm43:r0
(vm29:m0:th5) waiting for something to do...
(vm29:m0) Got connection from reducer vm46:r0
(vm29:m0) new thread ID: vm29:m0:th6
(vm29:m0:th5) connection started, have to send 4660337 bytes to vm46:r0
(vm29:m0:th6) waiting for something to do...
(vm29:m0:th0) all data sent, closing connection to vm47:r0
(vm29:m0:th0) waiting for something to do...
(vm29:m0) Got connection from reducer vm45:r0
(vm29:m0:th6) connection started, have to send 4660337 bytes to vm45:r0
(vm29:m0:th1) all data sent, closing connection to vm40:r0
(vm29:m0:th1) waiting for something to do...
(vm29:m0) Got connection from reducer vm48:r0
(vm29:m0:th0) connection started, have to send 4660337 bytes to vm48:r0
(vm29:m0:th0) all data sent, closing connection to vm48:r0
(vm29:m0:th0) waiting for something to do...
(vm29:m0:th2) all data sent, closing connection to vm39:r0
(vm29:m0:th2) waiting for something to do...
(vm29:r0:th0:4) Connection to vm21:m0 finished, received 9320679 bytes
(vm29:m0:th3) all data sent, closing connection to vm44:r0
(vm29:m0:th3) waiting for something to do...
(vm29:r0:th0:5) Connection established with mapper vm26:m0
(vm29:m0) Got connection from reducer vm9:r0
(vm29:m0:th1) connection started, have to send 4660337 bytes to vm9:r0
(vm29:m0:th1) all data sent, closing connection to vm9:r0
(vm29:m0:th1) waiting for something to do...
(vm29:m0:th4) all data sent, closing connection to vm43:r0
(vm29:m0:th4) waiting for something to do...
(vm29:m0) Got connection from reducer vm12:r0
(vm29:m0:th0) connection started, have to send 4660337 bytes to vm12:r0
(vm29:m0:th0) all data sent, closing connection to vm12:r0
(vm29:m0:th0) waiting for something to do...
(vm29:m0:th5) all data sent, closing connection to vm46:r0
(vm29:m0:th5) waiting for something to do...
(vm29:m0) Got connection from reducer vm20:r0
(vm29:m0:th1) connection started, have to send 4660337 bytes to vm20:r0
(vm29:m0:th1) all data sent, closing connection to vm20:r0
(vm29:m0:th1) waiting for something to do...
(vm29:m0) Got connection from reducer vm14:r0
(vm29:m0:th0) connection started, have to send 4660337 bytes to vm14:r0
(vm29:m0:th0) all data sent, closing connection to vm14:r0
(vm29:m0:th0) waiting for something to do...
(vm29:m0) Got connection from reducer vm19:r0
(vm29:m0) Got connection from reducer vm8:r0
(vm29:m0:th1) connection started, have to send 4660337 bytes to vm19:r0
(vm29:m0:th1) all data sent, closing connection to vm19:r0
(vm29:m0:th1) waiting for something to do...
(vm29:m0:th0) connection started, have to send 4660337 bytes to vm8:r0
(vm29:m0:th0) all data sent, closing connection to vm8:r0
(vm29:m0:th0) waiting for something to do...
(vm29:m0) Got connection from reducer vm24:r0
(vm29:m0:th2) connection started, have to send 4660337 bytes to vm24:r0
(vm29:m0:th2) all data sent, closing connection to vm24:r0
(vm29:m0:th2) waiting for something to do...
(vm29:m0) Got connection from reducer vm10:r0
(vm29:m0:th0) connection started, have to send 4660337 bytes to vm10:r0
(vm29:m0:th0) all data sent, closing connection to vm10:r0
(vm29:m0:th0) waiting for something to do...
(vm29:m0) Got connection from reducer vm35:r0
(vm29:m0:th1) connection started, have to send 4660337 bytes to vm35:r0
(vm29:m0:th1) all data sent, closing connection to vm35:r0
(vm29:m0:th1) waiting for something to do...
(vm29:r0:th1:4) Connection to vm22:m0 finished, received 9320679 bytes
(vm29:r0:th1:5) Connection established with mapper vm27:m0
(vm29:m0) Got connection from reducer vm21:r0
(vm29:m0:th0) connection started, have to send 4660337 bytes to vm21:r0
(vm29:m0:th0) all data sent, closing connection to vm21:r0
(vm29:m0:th0) waiting for something to do...
(vm29:r0:th3:0) Connection to vm4:m0 finished, received 4660338 bytes
(vm29:m0) Got connection from reducer vm38:r0
(vm29:m0) Got connection from reducer vm32:r0
(vm29:m0:th1) connection started, have to send 4660337 bytes to vm38:r0
(vm29:m0:th1) all data sent, closing connection to vm38:r0
(vm29:m0:th1) waiting for something to do...
(vm29:m0:th0) connection started, have to send 4660337 bytes to vm32:r0
(vm29:m0:th0) all data sent, closing connection to vm32:r0
(vm29:m0:th0) waiting for something to do...
(vm29:r0:th3:1) Connection established with mapper vm9:m0
(vm29:r0:th3:1) Connection to vm9:m0 finished, received 4660339 bytes
(vm29:r0:th3:2) Connection established with mapper vm14:m0
(vm29:m0) Got connection from reducer vm31:r0
(vm29:m0:th2) connection started, have to send 4660337 bytes to vm31:r0
(vm29:m0:th2) all data sent, closing connection to vm31:r0
(vm29:m0:th2) waiting for something to do...
(vm29:r0:th3:2) Connection to vm14:m0 finished, received 4660340 bytes
(vm29:m0) Got connection from reducer vm16:r0
(vm29:m0:th0) connection started, have to send 4660337 bytes to vm16:r0
(vm29:m0:th0) all data sent, closing connection to vm16:r0
(vm29:m0:th0) waiting for something to do...
(vm29:r0:th3:3) Connection established with mapper vm19:m0
(vm29:m0) Got connection from reducer vm15:r0
(vm29:m0:th0) connection started, have to send 4660337 bytes to vm15:r0
(vm29:m0:th0) all data sent, closing connection to vm15:r0
(vm29:m0:th0) waiting for something to do...
(vm29:m0) Got connection from reducer vm7:r0
(vm29:m0:th0) connection started, have to send 4660337 bytes to vm7:r0
(vm29:m0:th0) all data sent, closing connection to vm7:r0
(vm29:m0:th0) waiting for something to do...
(vm29:r0:th3:3) Connection to vm19:m0 finished, received 4660341 bytes
(vm29:r0:th3:4) Connection established with mapper vm24:m0
(vm29:m0) Got connection from reducer vm37:r0
(vm29:m0:th0) connection started, have to send 4660337 bytes to vm37:r0
(vm29:m0:th0) all data sent, closing connection to vm37:r0
(vm29:m0:th0) waiting for something to do...
(vm29:r0:th3:4) Connection to vm24:m0 finished, received 4660342 bytes
(vm29:r0:th3:5) Connection established with mapper vm29:m0
(vm29:m0) Got connection from reducer vm29:r0
(vm29:m0:th0) connection started, have to send 4660337 bytes to vm29:r0
(vm29:m0:th0) all data sent, closing connection to vm29:r0
(vm29:m0:th0) waiting for something to do...
(vm29:r0:th3:5) Connection to vm29:m0 finished, received 4660343 bytes
(vm29:m0) Got connection from reducer vm36:r0
(vm29:m0:th0) connection started, have to send 4660337 bytes to vm36:r0
(vm29:m0:th0) all data sent, closing connection to vm36:r0
(vm29:m0:th0) waiting for something to do...
(vm29:r0:th3:6) Connection established with mapper vm34:m0
(vm29:m0:th6) all data sent, closing connection to vm45:r0
(vm29:m0:th6) waiting for something to do...
(vm29:m0) Got connection from reducer vm5:r0
(vm29:m0:th0) connection started, have to send 4660337 bytes to vm5:r0
(vm29:m0:th0) all data sent, closing connection to vm5:r0
(vm29:m0:th0) waiting for something to do...
(vm29:m0) Got connection from reducer vm13:r0
(vm29:m0:th0) connection started, have to send 4660337 bytes to vm13:r0
(vm29:m0:th0) all data sent, closing connection to vm13:r0
(vm29:m0:th0) waiting for something to do...
(vm29:m0) Got connection from reducer vm42:r0
(vm29:m0:th0) connection started, have to send 4660337 bytes to vm42:r0
(vm29:m0:th0) all data sent, closing connection to vm42:r0
(vm29:m0:th0) waiting for something to do...
(vm29:m0) Got connection from reducer vm41:r0
(vm29:m0:th0) connection started, have to send 4660337 bytes to vm41:r0
(vm29:m0:th0) all data sent, closing connection to vm41:r0
(vm29:m0:th0) waiting for something to do...
(vm29:m0) Got connection from reducer vm11:r0
(vm29:m0:th0) connection started, have to send 4660337 bytes to vm11:r0
(vm29:m0:th0) all data sent, closing connection to vm11:r0
(vm29:m0:th0) waiting for something to do...
(vm29:m0) Got connection from reducer vm2:r0
(vm29:m0) Got connection from reducer vm6:r0
(vm29:m0:th1) connection started, have to send 4660337 bytes to vm6:r0
(vm29:m0:th1) all data sent, closing connection to vm6:r0
(vm29:m0:th1) waiting for something to do...
(vm29:m0:th0) connection started, have to send 4660337 bytes to vm2:r0
(vm29:m0:th0) all data sent, closing connection to vm2:r0
(vm29:m0:th0) waiting for something to do...
(vm29:m0) Got connection from reducer vm22:r0
(vm29:m0:th0) connection started, have to send 4660337 bytes to vm22:r0
(vm29:m0:th0) all data sent, closing connection to vm22:r0
(vm29:m0:th0) waiting for something to do...
(vm29:m0) Got connection from reducer vm17:r0
(vm29:m0:th1) connection started, have to send 4660337 bytes to vm17:r0
(vm29:m0:th1) all data sent, closing connection to vm17:r0
(vm29:m0:th1) waiting for something to do...
(vm29:m0) Got connection from reducer vm30:r0
(vm29:m0:th0) connection started, have to send 4660337 bytes to vm30:r0
(vm29:m0:th0) all data sent, closing connection to vm30:r0
(vm29:m0:th0) waiting for something to do...
(vm29:m0) Got connection from reducer vm27:r0
(vm29:m0:th1) connection started, have to send 4660337 bytes to vm27:r0
(vm29:m0:th1) all data sent, closing connection to vm27:r0
(vm29:m0:th1) waiting for something to do...
(vm29:m0) Got connection from reducer vm18:r0
(vm29:m0:th0) connection started, have to send 4660337 bytes to vm18:r0
(vm29:m0:th0) all data sent, closing connection to vm18:r0
(vm29:m0:th0) waiting for something to do...
(vm29:m0) Got connection from reducer vm33:r0
(vm29:m0:th0) connection started, have to send 4660337 bytes to vm33:r0
(vm29:m0:th0) all data sent, closing connection to vm33:r0
(vm29:m0:th0) waiting for something to do...
(vm29:m0) Got connection from reducer vm3:r0
(vm29:m0:th1) connection started, have to send 4660337 bytes to vm3:r0
(vm29:m0:th1) all data sent, closing connection to vm3:r0
(vm29:m0:th1) waiting for something to do...
(vm29:m0) Got connection from reducer vm23:r0
(vm29:m0:th0) connection started, have to send 4660337 bytes to vm23:r0
(vm29:m0:th0) all data sent, closing connection to vm23:r0
(vm29:m0:th0) waiting for something to do...
(vm29:m0) Got connection from reducer vm4:r0
(vm29:m0:th0) connection started, have to send 4660337 bytes to vm4:r0
(vm29:m0:th0) all data sent, closing connection to vm4:r0
(vm29:m0:th0) waiting for something to do...
(vm29:m0) Got connection from reducer vm1:r0
(vm29:m0:th0) connection started, have to send 4660337 bytes to vm1:r0
(vm29:m0:th0) all data sent, closing connection to vm1:r0
(vm29:m0:th0) waiting for something to do...
(vm29:m0) Got connection from reducer vm26:r0
(vm29:m0:th0) connection started, have to send 4660337 bytes to vm26:r0
(vm29:m0:th0) all data sent, closing connection to vm26:r0
(vm29:m0:th0) waiting for something to do...
(vm29:m0) Got connection from reducer vm28:r0
(vm29:m0:th0) connection started, have to send 4660337 bytes to vm28:r0
(vm29:m0:th0) all data sent, closing connection to vm28:r0
(vm29:m0:th0) waiting for something to do...
(vm29:r0:th2:4) Connection to vm23:m0 finished, received 9320679 bytes
(vm29:r0:th2:5) Connection established with mapper vm28:m0
(vm29:r0:th2:5) Connection to vm28:m0 finished, received 9320680 bytes
(vm29:r0:th2:6) Connection established with mapper vm33:m0
(vm29:m0) Got connection from reducer vm34:r0
(vm29:m0:th0) connection started, have to send 4660337 bytes to vm34:r0
(vm29:m0:th0) all data sent, closing connection to vm34:r0
(vm29:m0:th0) waiting for something to do...
(vm29:r0:th2:6) Connection to vm33:m0 finished, received 9320681 bytes
(vm29:r0:th2:7) Connection established with mapper vm38:m0
(vm29:m0) Got connection from reducer vm25:r0
(vm29:m0) All reducers connected, waiting for threads to terminate
(vm29:m0) waiting on semaphore
(vm29:m0) -> 1 threads still running
(vm29:m0) waiting on semaphore
(vm29:m0) -> 1 threads still running
(vm29:m0) waiting on semaphore
(vm29:m0) -> 1 threads still running
(vm29:m0) waiting on semaphore
(vm29:m0) -> 1 threads still running
(vm29:m0) waiting on semaphore
(vm29:m0) -> 1 threads still running
(vm29:m0) waiting on semaphore
(vm29:m0) -> 1 threads still running
(vm29:m0) waiting on semaphore
(vm29:m0) -> 1 threads still running
(vm29:m0) waiting on semaphore
(vm29:m0) -> 1 threads still running
(vm29:m0) waiting on semaphore
(vm29:m0) -> 1 threads still running
(vm29:m0) waiting on semaphore
(vm29:m0) -> 1 threads still running
(vm29:m0) waiting on semaphore
(vm29:m0) -> 1 threads still running
(vm29:m0) waiting on semaphore
(vm29:m0) -> 1 threads still running
(vm29:m0) waiting on semaphore
(vm29:m0) -> 1 threads still running
(vm29:m0) waiting on semaphore
(vm29:m0) -> 1 threads still running
(vm29:m0) waiting on semaphore
(vm29:m0) -> 1 threads still running
(vm29:m0) waiting on semaphore
(vm29:m0) -> 1 threads still running
(vm29:m0) waiting on semaphore
(vm29:m0) -> 1 threads still running
(vm29:m0) waiting on semaphore
(vm29:m0) -> 1 threads still running
(vm29:m0:th0) connection started, have to send 4660337 bytes to vm25:r0
(vm29:m0:th0) all data sent, closing connection to vm25:r0
(vm29:m0:th0) waiting for something to do...
(vm29:m0) waiting on semaphore
(vm29:m0) Sending exit signal to all threads
(vm29:m0:th1) got exit signal
(vm29:m0:th2) got exit signal
(vm29:m0:th3) got exit signal
(vm29:m0:th4) got exit signal
(vm29:m0:th5) got exit signal
(vm29:m0:th6) got exit signal
(vm29:m0:th0) got exit signal
(vm29:m0) thread vm29:m0:th0 joined
(vm29:m0) thread vm29:m0:th1 joined
(vm29:m0) thread vm29:m0:th2 joined
(vm29:m0) thread vm29:m0:th3 joined
(vm29:m0) thread vm29:m0:th4 joined
(vm29:m0) thread vm29:m0:th5 joined
(vm29:m0) thread vm29:m0:th6 joined
(vm29:m0) all done, exiting
*RES* start node vm29:m0
*RES* vm29:m0:th0,1406564573167,92,5,4660338
*RES* vm29:m0:th1,1406564573189,83,6,4660338
*RES* vm29:m0:th0,1406564573274,0,5,4660338
*RES* vm29:m0:th1,1406564573299,0,6,4660338
*RES* vm29:m0:th0,1406564573306,0,5,4660338
*RES* vm29:m0:th1,1406564573312,0,6,4660338
*RES* vm29:m0:th0,1406564573313,0,6,4660338
*RES* vm29:m0:th2,1406564573203,72,6,4660338
*RES* vm29:m0:th0,1406564573316,0,6,4660338
*RES* vm29:m0:th1,1406564573316,0,6,4660338
*RES* vm29:m0:th0,1406564573321,0,6,4660338
*RES* vm29:m0:th1,1406564573322,0,6,4660338
*RES* vm29:m0:th0,1406564573328,0,6,4660338
*RES* vm29:m0:th2,1406564573319,0,6,4660338
*RES* vm29:m0:th0,1406564573329,0,6,4660338
*RES* vm29:m0:th0,1406564573337,0,6,4660338
*RES* vm29:m0:th0,1406564573338,0,6,4660338
*RES* vm29:m0:th0,1406564573338,0,6,4660338
*RES* vm29:m0:th0,1406564573344,0,6,4660338
*RES* vm29:m0:th0,1406564573345,0,6,4660338
*RES* vm29:m0:th0,1406564573346,0,7,4660338
*RES* vm29:m0:th0,1406564573366,0,7,4660338
*RES* vm29:m0:th0,1406564573380,0,7,4660338
*RES* vm29:m0:th0,1406564573380,0,7,4660338
*RES* vm29:m0:th0,1406564573380,0,7,4660338
*RES* vm29:m0:th0,1406564573381,0,7,4660338
*RES* vm29:m0:th1,1406564573329,0,6,4660338
*RES* vm29:m0:th0,1406564573381,0,7,4660338
*RES* vm29:m0:th1,1406564573381,0,6,4660338
*RES* vm29:m0:th0,1406564573381,0,7,4660338
*RES* vm29:m0:th1,1406564573382,0,6,4660338
*RES* vm29:m0:th0,1406564573382,0,7,4660338
*RES* vm29:m0:th0,1406564573387,0,7,4660338
*RES* vm29:m0:th1,1406564573384,0,6,4660338
*RES* vm29:m0:th0,1406564573393,0,7,4660338
*RES* vm29:m0:th0,1406564573408,0,8,4660338
*RES* vm29:m0:th0,1406564573408,0,8,4660338
*RES* vm29:m0:th0,1406564573410,0,8,4660338
*RES* vm29:m0:th0,1406564573414,0,8,4660338
*RES* vm29:m0:th0,1406564573427,0,8,4660338
*RES* vm29:m0:th0,1406564573448,0,8,4660338
*RES* vm29:m0:th0,1406564573532,0,8,4660338
*RES* vm29:m0:th1,1406564573396,0,7,4660338
*RES* vm29:m0:th2,1406564573334,0,6,4660338
*RES* vm29:m0:th3,1406564573234,60,6,4660338
*RES* vm29:m0:th4,1406564573239,63,6,4660338
*RES* vm29:m0:th5,1406564573243,66,6,4660338
*RES* vm29:m0:th6,1406564573267,87,6,4660338
*RES* end node vm29:m0
(main) Thread vm29:m0 joined
(main) Waiting for thread vm29:r0 to join...
(vm29:r0:th4:4) Connection to vm25:m0 finished, received 9320679 bytes
(vm29:r0:th4:5) Connection established with mapper vm30:m0
(vm29:r0:th4:5) Connection to vm30:m0 finished, received 9320680 bytes
(vm29:r0:th4:6) Connection established with mapper vm35:m0
(vm29:r0:th4:6) Connection to vm35:m0 finished, received 9320681 bytes
(vm29:r0:th4:7) Connection established with mapper vm40:m0
(vm29:r0:th0:5) Connection to vm26:m0 finished, received 13981017 bytes
(vm29:r0:th0:6) Connection established with mapper vm31:m0
(vm29:r0:th0:6) Connection to vm31:m0 finished, received 13981018 bytes
(vm29:r0:th0:7) Connection established with mapper vm36:m0
(vm29:r0:th0:7) Connection to vm36:m0 finished, received 13981019 bytes
(vm29:r0:th0:8) Connection established with mapper vm41:m0
(vm29:r0:th0:8) Connection to vm41:m0 finished, received 13981020 bytes
(vm29:r0:th0:9) Connection established with mapper vm46:m0
(vm29:r0:th0:9) Connection to vm46:m0 finished, received 13981021 bytes
(vm29:r0:th0) Got data from all mappers, this reducer connection has finished.
(vm29:r0) thread th0 joined, 4 connection threads remaining
(vm29:r0:th2:7) Connection to vm38:m0 finished, received 13981019 bytes
(vm29:r0:th2:8) Connection established with mapper vm43:m0
(vm29:r0:th1:5) Connection to vm27:m0 finished, received 13981017 bytes
(vm29:r0:th1:6) Connection established with mapper vm32:m0
(vm29:r0:th2:8) Connection to vm43:m0 finished, received 18641357 bytes
(vm29:r0:th2:9) Connection established with mapper vm48:m0
(vm29:r0:th3:6) Connection to vm34:m0 finished, received 9320681 bytes
(vm29:r0:th3:7) Connection established with mapper vm39:m0
(vm29:r0:th3:7) Connection to vm39:m0 finished, received 9320682 bytes
(vm29:r0:th3:8) Connection established with mapper vm44:m0
(vm29:r0:th3:8) Connection to vm44:m0 finished, received 9320683 bytes
(vm29:r0:th3) Got data from all mappers, this reducer connection has finished.
(vm29:r0:th1:6) Connection to vm32:m0 finished, received 18641355 bytes
(vm29:r0:th1:7) Connection established with mapper vm37:m0
(vm29:r0:th1:7) Connection to vm37:m0 finished, received 18641356 bytes
(vm29:r0:th1:8) Connection established with mapper vm42:m0
(vm29:r0:th2:9) Connection to vm48:m0 finished, received 23301695 bytes
(vm29:r0:th2) Got data from all mappers, this reducer connection has finished.
(vm29:r0:th1:8) Connection to vm42:m0 finished, received 23301694 bytes
(vm29:r0:th1:9) Connection established with mapper vm47:m0
(vm29:r0:th1:9) Connection to vm47:m0 finished, received 27962032 bytes
(vm29:r0:th1) Got data from all mappers, this reducer connection has finished.
(vm29:r0) thread th1 joined, 3 connection threads remaining
(vm29:r0) thread th2 joined, 2 connection threads remaining
(vm29:r0) thread th3 joined, 1 connection threads remaining
(vm29:r0:th4:7) Connection to vm40:m0 finished, received 13981019 bytes
(vm29:r0:th4:8) Connection established with mapper vm45:m0
(vm29:r0:th4:8) Connection to vm45:m0 finished, received 13981020 bytes
(vm29:r0:th4) Got data from all mappers, this reducer connection has finished.
(vm29:r0) thread th4 joined, 0 connection threads remaining
(vm29:r0) all done, exiting
*RES* start node vm29:r0
*RES* vm29:r0:th0:0,1406564572824,339,9,4660338
*RES* vm29:r0:th0:1,1406564573162,7,9,4660339
*RES* vm29:r0:th0:2,1406564573169,6,9,4660340
*RES* vm29:r0:th0:3,1406564573175,2,10,4660341
*RES* vm29:r0:th0:4,1406564573178,113,18,9320679
*RES* vm29:r0:th0:5,1406564573292,276,27,13981017
*RES* vm29:r0:th0:6,1406564573567,5,28,13981018
*RES* vm29:r0:th0:7,1406564573572,2,28,13981019
*RES* vm29:r0:th0:8,1406564573574,7,28,13981020
*RES* vm29:r0:th0:9,1406564573581,4,28,13981021
*RES* vm29:r0:th1:0,1406564572824,13,0,1
*RES* vm29:r0:th1:1,1406564572836,328,10,4660339
*RES* vm29:r0:th1:2,1406564573164,5,10,4660340
*RES* vm29:r0:th1:3,1406564573169,7,10,4660341
*RES* vm29:r0:th1:4,1406564573176,147,20,9320679
*RES* vm29:r0:th1:5,1406564573323,312,30,13981017
*RES* vm29:r0:th1:6,1406564573635,117,39,18641355
*RES* vm29:r0:th1:7,1406564573752,105,39,18641356
*RES* vm29:r0:th1:8,1406564573858,29,46,23301694
*RES* vm29:r0:th1:9,1406564573886,33,53,27962032
*RES* vm29:r0:th2:0,1406564572823,330,10,4660338
*RES* vm29:r0:th2:1,1406564573153,3,10,4660339
*RES* vm29:r0:th2:2,1406564573156,2,11,4660340
*RES* vm29:r0:th2:3,1406564573158,6,11,4660341
*RES* vm29:r0:th2:4,1406564573165,274,22,9320679
*RES* vm29:r0:th2:5,1406564573438,8,22,9320680
*RES* vm29:r0:th2:6,1406564573446,6,22,9320681
*RES* vm29:r0:th2:7,1406564573453,149,31,13981019
*RES* vm29:r0:th2:8,1406564573603,82,40,18641357
*RES* vm29:r0:th2:9,1406564573684,191,49,23301695
*RES* vm29:r0:th3:0,1406564572823,505,12,4660338
*RES* vm29:r0:th3:1,1406564573328,3,12,4660339
*RES* vm29:r0:th3:2,1406564573332,4,13,4660340
*RES* vm29:r0:th3:3,1406564573335,4,13,4660341
*RES* vm29:r0:th3:4,1406564573340,5,14,4660342
*RES* vm29:r0:th3:5,1406564573345,0,14,4660343
*RES* vm29:r0:th3:6,1406564573345,356,23,9320681
*RES* vm29:r0:th3:7,1406564573701,2,23,9320682
*RES* vm29:r0:th3:8,1406564573704,7,24,9320683
*RES* vm29:r0:th4:0,1406564572823,308,10,4660338
*RES* vm29:r0:th4:1,1406564573132,3,10,4660339
*RES* vm29:r0:th4:2,1406564573134,4,10,4660340
*RES* vm29:r0:th4:3,1406564573138,1,11,4660341
*RES* vm29:r0:th4:4,1406564573139,394,24,9320679
*RES* vm29:r0:th4:5,1406564573533,3,25,9320680
*RES* vm29:r0:th4:6,1406564573536,3,25,9320681
*RES* vm29:r0:th4:7,1406564573539,383,34,13981019
*RES* vm29:r0:th4:8,1406564573922,1,34,13981020
*RES* end node vm29:r0
(main) Thread vm29:r0 joined
Worker terminating correctly
