OSMeF worker starting
Enabling core dumping
Listening for command connection
(vm25:m0) New mapper on port 23330
(vm25:m0) -> reducer data size 1508246402
(vm25:m0) -> reducer data size 1508246402
(vm25:m0) -> reducer data size 1508246402
(vm25:m0) -> reducer data size 1508246402
(vm25:m0) -> reducer data size 1508246402
(vm25:m0) -> reducer data size 1508246402
(vm25:m0) -> reducer data size 1508246402
(vm25:m0) -> reducer data size 1508246402
(vm25:m0) -> reducer data size 1508246402
(vm25:m0) -> reducer data size 1508246402
(vm25:m0) -> reducer data size 1508246402
(vm25:m0) -> reducer data size 1508246402
(vm25:m0) -> reducer data size 1508246402
(vm25:m0) -> reducer data size 1508246402
(vm25:m0) -> reducer data size 1508246402
(vm25:m0) -> reducer data size 1508246402
(vm25:m0) -> reducer data size 1508246402
(vm25:m0) -> reducer data size 1508246402
(vm25:m0) -> reducer data size 1508246402
(vm25:m0) -> reducer data size 1508246402
(vm25:m0) -> reducer data size 1508246402
(vm25:m0) -> reducer data size 1508246402
(vm25:m0) -> reducer data size 1508246402
(vm25:m0) -> reducer data size 1508246402
(vm25:m0) -> reducer data size 1508246402
(vm25:m0) -> reducer data size 1508246402
(vm25:m0) -> reducer data size 1508246402
(vm25:m0) Mapper thread started
(vm25:m0) Allocating data for reducer vm1:r0
(vm25:m0) Allocating data for reducer vm2:r0
(vm25:m0) Allocating data for reducer vm3:r0
(vm25:m0) Allocating data for reducer vm4:r0
(vm25:m0) Allocating data for reducer vm5:r0
(vm25:m0) Allocating data for reducer vm6:r0
(vm25:m0) Allocating data for reducer vm7:r0
(vm25:m0) Allocating data for reducer vm8:r0
(vm25:m0) Allocating data for reducer vm9:r0
(vm25:m0) Allocating data for reducer vm10:r0
(vm25:m0) Allocating data for reducer vm11:r0
(vm25:m0) Allocating data for reducer vm12:r0
(vm25:m0) Allocating data for reducer vm13:r0
(vm25:m0) Allocating data for reducer vm14:r0
(vm25:m0) Allocating data for reducer vm15:r0
(vm25:m0) Allocating data for reducer vm16:r0
(vm25:m0) Allocating data for reducer vm17:r0
(vm25:m0) Allocating data for reducer vm18:r0
(vm25:m0) Allocating data for reducer vm19:r0
(vm25:m0) Allocating data for reducer vm20:r0
(vm25:m0) Allocating data for reducer vm21:r0
(vm25:m0) Allocating data for reducer vm22:r0
(vm25:m0) Allocating data for reducer vm23:r0
(vm25:m0) Allocating data for reducer vm24:r0
(vm25:m0) Allocating data for reducer vm25:r0
(vm25:m0) Allocating data for reducer vm26:r0
(vm25:m0) Allocating data for reducer vm27:r0
(vm25:m0) Binding to port 23330
(vm25:r0) New reducer
(vm25:r0) Reducer thread started
(vm25:r0) waiting for START message
(vm25:r0) got START message
(vm25:r0) Starting new connection thread
(vm25:r0) Starting new connection thread
(vm25:r0) Starting new connection thread
(vm25:r0) Starting new connection thread
(vm25:r0) Starting new connection thread
(vm25:r0) Maximum number of connections reached (5), waiting for a thread to finish
(vm25:r0:2) Connection established
(vm25:r0:4) Connection established
(vm25:r0:3) Connection established
(vm25:r0:0) Connection established
(vm25:r0:1) Connection established
(vm25:r0:3) Connection finished, received 1508246403 bytes
(vm25:r0:2) Connection finished, received 1508246403 bytes
(vm25:r0:0) Connection finished, received 1508246403 bytes
(vm25:r0) thread 0 joined, 26 connections remaining
(vm25:r0) Starting new connection thread
(vm25:r0) Maximum number of connections reached (5), waiting for a thread to finish
(vm25:r0:0) Connection established
(vm25:r0:1) Connection finished, received 1508246403 bytes
(vm25:r0:4) Connection finished, received 1508246403 bytes
(vm25:r0:0) Connection finished, received 1508246403 bytes
(vm25:r0) thread 0 joined, 25 connections remaining
(vm25:r0) Starting new connection thread
(vm25:r0) Maximum number of connections reached (5), waiting for a thread to finish
(vm25:r0:0) Connection established
(vm25:r0:0) Connection finished, received 1508246403 bytes
(vm25:r0) thread 0 joined, 24 connections remaining
(vm25:r0) Starting new connection thread
(vm25:r0) Maximum number of connections reached (5), waiting for a thread to finish
(vm25:r0:0) Connection established
(vm25:m0) Got connection from reducer vm21:r0
(vm25:m0:20) thread started, have to send 1508246402 bytes
(vm25:m0:20) all data sent, thread exiting
(vm25:r0:0) Connection finished, received 1508246403 bytes
(vm25:r0) thread 0 joined, 23 connections remaining
(vm25:r0) Starting new connection thread
(vm25:r0) Maximum number of connections reached (5), waiting for a thread to finish
(vm25:r0:0) Connection established
(vm25:m0) Got connection from reducer vm1:r0
(vm25:m0:0) thread started, have to send 1508246402 bytes
(vm25:m0:0) all data sent, thread exiting
(vm25:m0) Got connection from reducer vm24:r0
(vm25:m0:23) thread started, have to send 1508246402 bytes
(vm25:m0:23) all data sent, thread exiting
(vm25:r0:0) Connection finished, received 1508246403 bytes
(vm25:r0) thread 0 joined, 22 connections remaining
(vm25:r0) Starting new connection thread
(vm25:r0) Maximum number of connections reached (5), waiting for a thread to finish
(vm25:r0:0) Connection established
(vm25:m0) Got connection from reducer vm7:r0
(vm25:m0:6) thread started, have to send 1508246402 bytes
(vm25:r0:0) Connection finished, received 1508246403 bytes
(vm25:r0) thread 0 joined, 21 connections remaining
(vm25:r0) Starting new connection thread
(vm25:r0) Maximum number of connections reached (5), waiting for a thread to finish
(vm25:r0:0) Connection established
(vm25:m0) Got connection from reducer vm6:r0
(vm25:m0:5) thread started, have to send 1508246402 bytes
(vm25:m0:6) all data sent, thread exiting
(vm25:m0) Got connection from reducer vm8:r0
(vm25:m0:7) thread started, have to send 1508246402 bytes
(vm25:m0:5) all data sent, thread exiting
(vm25:m0:7) all data sent, thread exiting
(vm25:m0) Got connection from reducer vm15:r0
(vm25:m0:14) thread started, have to send 1508246402 bytes
(vm25:r0:0) Connection finished, received 1508246403 bytes
(vm25:r0) thread 0 joined, 20 connections remaining
(vm25:r0) Starting new connection thread
(vm25:r0) Maximum number of connections reached (5), waiting for a thread to finish
(vm25:r0:0) Connection established
(vm25:m0:14) all data sent, thread exiting
(vm25:m0) Got connection from reducer vm26:r0
(vm25:m0:25) thread started, have to send 1508246402 bytes
(vm25:m0) Got connection from reducer vm14:r0
(vm25:m0:13) thread started, have to send 1508246402 bytes
(vm25:m0:25) all data sent, thread exiting
(vm25:m0:13) all data sent, thread exiting
(vm25:m0) Got connection from reducer vm19:r0
(vm25:m0:18) thread started, have to send 1508246402 bytes
(vm25:m0) Got connection from reducer vm9:r0
(vm25:m0:8) thread started, have to send 1508246402 bytes
(vm25:r0:0) Connection finished, received 1508246403 bytes
(vm25:r0) thread 0 joined, 19 connections remaining
(vm25:r0) Starting new connection thread
(vm25:r0) Maximum number of connections reached (5), waiting for a thread to finish
(vm25:r0:0) Connection established
(vm25:m0:18) all data sent, thread exiting
(vm25:m0:8) all data sent, thread exiting
(vm25:r0:0) Connection finished, received 1508246403 bytes
(vm25:r0) thread 0 joined, 18 connections remaining
(vm25:r0) Starting new connection thread
(vm25:r0) Maximum number of connections reached (5), waiting for a thread to finish
(vm25:r0:0) Connection established
(vm25:m0) Got connection from reducer vm20:r0
(vm25:m0:19) thread started, have to send 1508246402 bytes
(vm25:m0) Got connection from reducer vm22:r0
(vm25:m0:21) thread started, have to send 1508246402 bytes
(vm25:m0) Got connection from reducer vm17:r0
(vm25:m0:16) thread started, have to send 1508246402 bytes
(vm25:m0:19) all data sent, thread exiting
(vm25:r0:0) Connection finished, received 1508246403 bytes
(vm25:r0) thread 0 joined, 17 connections remaining
(vm25:r0) Starting new connection thread
(vm25:r0) Maximum number of connections reached (5), waiting for a thread to finish
(vm25:r0:0) Connection established
(vm25:m0:21) all data sent, thread exiting
(vm25:m0:16) all data sent, thread exiting
(vm25:m0) Got connection from reducer vm16:r0
(vm25:m0:15) thread started, have to send 1508246402 bytes
(vm25:r0:0) Connection finished, received 1508246403 bytes
(vm25:r0) thread 0 joined, 16 connections remaining
(vm25:r0) Starting new connection thread
(vm25:r0) Maximum number of connections reached (5), waiting for a thread to finish
(vm25:r0:0) Connection established
(vm25:m0) Got connection from reducer vm27:r0
(vm25:m0:26) thread started, have to send 1508246402 bytes
(vm25:m0) Got connection from reducer vm10:r0
(vm25:m0:9) thread started, have to send 1508246402 bytes
(vm25:m0:15) all data sent, thread exiting
(vm25:m0) Got connection from reducer vm11:r0
(vm25:m0:10) thread started, have to send 1508246402 bytes
(vm25:r0:0) Connection finished, received 1508246403 bytes
(vm25:r0) thread 0 joined, 15 connections remaining
(vm25:r0) Starting new connection thread
(vm25:r0) Maximum number of connections reached (5), waiting for a thread to finish
(vm25:r0:0) Connection established
(vm25:m0:26) all data sent, thread exiting
(vm25:m0:9) all data sent, thread exiting
(vm25:m0:10) all data sent, thread exiting
(vm25:m0) Got connection from reducer vm12:r0
(vm25:m0:11) thread started, have to send 1508246402 bytes
(vm25:r0:0) Connection finished, received 1508246403 bytes
(vm25:r0) thread 0 joined, 14 connections remaining
(vm25:r0) Starting new connection thread
(vm25:r0) Maximum number of connections reached (5), waiting for a thread to finish
(vm25:r0:0) Connection established
(vm25:m0:11) all data sent, thread exiting
(vm25:m0) Got connection from reducer vm23:r0
(vm25:m0:22) thread started, have to send 1508246402 bytes
(vm25:m0) Got connection from reducer vm13:r0
(vm25:m0:12) thread started, have to send 1508246402 bytes
(vm25:m0:22) all data sent, thread exiting
(vm25:r0:0) Connection finished, received 1508246403 bytes
(vm25:r0) thread 0 joined, 13 connections remaining
(vm25:r0) Starting new connection thread
(vm25:r0) Maximum number of connections reached (5), waiting for a thread to finish
(vm25:r0:0) Connection established
(vm25:m0:12) all data sent, thread exiting
(vm25:r0:0) Connection finished, received 1508246403 bytes
(vm25:r0) thread 0 joined, 12 connections remaining
(vm25:r0) Starting new connection thread
(vm25:r0) Maximum number of connections reached (5), waiting for a thread to finish
(vm25:r0:0) Connection established
(vm25:m0) Got connection from reducer vm2:r0
(vm25:m0:1) thread started, have to send 1508246402 bytes
(vm25:r0:0) Connection finished, received 1508246403 bytes
(vm25:r0) thread 0 joined, 11 connections remaining
(vm25:r0) Starting new connection thread
(vm25:r0) Maximum number of connections reached (5), waiting for a thread to finish
(vm25:r0:0) Connection established
(vm25:m0:1) all data sent, thread exiting
(vm25:r0:0) Connection finished, received 1508246403 bytes
(vm25:r0) thread 0 joined, 10 connections remaining
(vm25:r0) Starting new connection thread
(vm25:r0) Maximum number of connections reached (5), waiting for a thread to finish
(vm25:r0:0) Connection established
(vm25:m0) Got connection from reducer vm18:r0
(vm25:m0:17) thread started, have to send 1508246402 bytes
(vm25:r0:0) Connection finished, received 1508246403 bytes
(vm25:r0) thread 0 joined, 9 connections remaining
(vm25:r0) Starting new connection thread
(vm25:r0) Maximum number of connections reached (5), waiting for a thread to finish
(vm25:r0:0) Connection established
(vm25:m0:17) all data sent, thread exiting
(vm25:r0:0) Connection finished, received 1508246403 bytes
(vm25:r0) thread 0 joined, 8 connections remaining
(vm25:r0) Starting new connection thread
(vm25:r0) Maximum number of connections reached (5), waiting for a thread to finish
(vm25:r0:0) Connection established
(vm25:r0:0) Connection finished, received 1508246403 bytes
(vm25:r0) thread 0 joined, 7 connections remaining
(vm25:r0) Starting new connection thread
(vm25:r0) Maximum number of connections reached (5), waiting for a thread to finish
(vm25:r0:0) Connection established
(vm25:m0) Got connection from reducer vm25:r0
(vm25:m0:24) thread started, have to send 1508246402 bytes
(vm25:m0:24) all data sent, thread exiting
(vm25:r0:0) Connection finished, received 1508246403 bytes
(vm25:r0) thread 0 joined, 6 connections remaining
(vm25:r0) Starting new connection thread
(vm25:r0) Maximum number of connections reached (5), waiting for a thread to finish
(vm25:r0:0) Connection established
(vm25:m0) Got connection from reducer vm4:r0
(vm25:m0:3) thread started, have to send 1508246402 bytes
(vm25:r0:0) Connection finished, received 1508246403 bytes
(vm25:r0) thread 0 joined, 5 connections remaining
(vm25:r0) Starting new connection thread
(vm25:r0) Maximum number of connections reached (5), waiting for a thread to finish
(vm25:r0:0) Connection established
(vm25:m0) Got connection from reducer vm3:r0
(vm25:m0:2) thread started, have to send 1508246402 bytes
(vm25:m0) Got connection from reducer vm5:r0
(vm25:m0) Waiting for a thread to finish
(vm25:m0) thread 0 joined, 26 connections remaining
(vm25:m0) Waiting for a thread to finish
(vm25:m0) thread 1 joined, 25 connections remaining
(vm25:m0) Waiting for a thread to finish
(vm25:m0:4) thread started, have to send 1508246402 bytes
(vm25:m0:3) all data sent, thread exiting
(vm25:r0:0) Connection finished, received 1508246403 bytes
(vm25:r0) thread 0 joined, 4 connections remaining
(vm25:r0) Maximum number of connections reached (4), waiting for a thread to finish
(vm25:r0) thread 1 joined, 3 connections remaining
(vm25:r0) Maximum number of connections reached (3), waiting for a thread to finish
(vm25:r0) thread 2 joined, 2 connections remaining
(vm25:r0) Maximum number of connections reached (2), waiting for a thread to finish
(vm25:r0) thread 3 joined, 1 connections remaining
(vm25:r0) Maximum number of connections reached (1), waiting for a thread to finish
(vm25:r0) thread 4 joined, 0 connections remaining
(vm25:r0) all done, exiting
(vm25:m0:2) all data sent, thread exiting
(vm25:m0) thread 2 joined, 24 connections remaining
(vm25:m0) Waiting for a thread to finish
(vm25:m0) thread 3 joined, 23 connections remaining
(vm25:m0) Waiting for a thread to finish
(vm25:m0:4) all data sent, thread exiting
(vm25:m0) thread 4 joined, 22 connections remaining
(vm25:m0) Waiting for a thread to finish
(vm25:m0) thread 5 joined, 21 connections remaining
(vm25:m0) Waiting for a thread to finish
(vm25:m0) thread 6 joined, 20 connections remaining
(vm25:m0) Waiting for a thread to finish
(vm25:m0) thread 7 joined, 19 connections remaining
(vm25:m0) Waiting for a thread to finish
(vm25:m0) thread 8 joined, 18 connections remaining
(vm25:m0) Waiting for a thread to finish
(vm25:m0) thread 9 joined, 17 connections remaining
(vm25:m0) Waiting for a thread to finish
(vm25:m0) thread 10 joined, 16 connections remaining
(vm25:m0) Waiting for a thread to finish
(vm25:m0) thread 11 joined, 15 connections remaining
(vm25:m0) Waiting for a thread to finish
(vm25:m0) thread 12 joined, 14 connections remaining
(vm25:m0) Waiting for a thread to finish
(vm25:m0) thread 13 joined, 13 connections remaining
(vm25:m0) Waiting for a thread to finish
(vm25:m0) thread 14 joined, 12 connections remaining
(vm25:m0) Waiting for a thread to finish
(vm25:m0) thread 15 joined, 11 connections remaining
(vm25:m0) Waiting for a thread to finish
(vm25:m0) thread 16 joined, 10 connections remaining
(vm25:m0) Waiting for a thread to finish
(vm25:m0) thread 17 joined, 9 connections remaining
(vm25:m0) Waiting for a thread to finish
(vm25:m0) thread 18 joined, 8 connections remaining
(vm25:m0) Waiting for a thread to finish
(vm25:m0) thread 19 joined, 7 connections remaining
(vm25:m0) Waiting for a thread to finish
(vm25:m0) thread 20 joined, 6 connections remaining
(vm25:m0) Waiting for a thread to finish
(vm25:m0) thread 21 joined, 5 connections remaining
(vm25:m0) Waiting for a thread to finish
(vm25:m0) thread 22 joined, 4 connections remaining
(vm25:m0) Waiting for a thread to finish
(vm25:m0) thread 23 joined, 3 connections remaining
(vm25:m0) Waiting for a thread to finish
(vm25:m0) thread 24 joined, 2 connections remaining
(vm25:m0) Waiting for a thread to finish
(vm25:m0) thread 25 joined, 1 connections remaining
(vm25:m0) Waiting for a thread to finish
(vm25:m0) thread 26 joined, 0 connections remaining
(vm25:m0) all done, exiting
*RES* start node vm25:m0
*RES* vm25:m0:0,1404835195578,3173,1232,1508246403
*RES* vm25:m0:1,1404835334554,3453,1314,1508246403
*RES* vm25:m0:2,1404835351362,4706,1015,1508246403
*RES* vm25:m0:3,1404835348770,4853,1285,1508246403
*RES* vm25:m0:4,1404835351982,4470,1025,1508246403
*RES* vm25:m0:5,1404835237153,3712,870,1508246403
*RES* vm25:m0:6,1404835234874,4000,1038,1508246403
*RES* vm25:m0:7,1404835240207,3620,1063,1508246403
*RES* vm25:m0:8,1404835268376,4660,1386,1508246403
*RES* vm25:m0:9,1404835310954,4904,1257,1508246403
*RES* vm25:m0:10,1404835312846,4258,1225,1508246403
*RES* vm25:m0:11,1404835320461,3064,1256,1508246403
*RES* vm25:m0:12,1404835326534,3545,1112,1508246403
*RES* vm25:m0:13,1404835259818,3123,1068,1508246403
*RES* vm25:m0:14,1404835251998,3024,924,1508246403
*RES* vm25:m0:15,1404835303246,8110,1170,1508246403
*RES* vm25:m0:16,1404835291581,4316,1265,1508246403
*RES* vm25:m0:17,1404835341958,3028,1010,1508246403
*RES* vm25:m0:18,1404835268306,4522,1310,1508246403
*RES* vm25:m0:19,1404835288246,3677,1228,1508246403
*RES* vm25:m0:20,1404835168994,3126,1213,1508246403
*RES* vm25:m0:21,1404835290745,4533,1194,1508246403
*RES* vm25:m0:22,1404835325214,3616,1197,1508246403
*RES* vm25:m0:23,1404835198806,3717,1215,1508246403
*RES* vm25:m0:24,1404835346726,1190,202,1508246403
*RES* vm25:m0:25,1404835257042,3577,1090,1508246403
*RES* vm25:m0:26,1404835310068,4846,1348,1508246403
*RES* end node vm25:m0
Node vm25:m0 joined
*RES* start node vm25:r0
*RES* vm25:r0:0,1404835073696,36493,1441,1508246403
*RES* vm25:r0:0,1404835110194,29806,1352,1508246403
*RES* vm25:r0:0,1404835140006,28485,1353,1508246403
*RES* vm25:r0:0,1404835168498,26198,1351,1508246403
*RES* vm25:r0:0,1404835194702,21952,1372,1508246403
*RES* vm25:r0:0,1404835216658,20012,1369,1508246403
*RES* vm25:r0:0,1404835236677,18154,1392,1508246403
*RES* vm25:r0:0,1404835254837,15878,1285,1508246403
*RES* vm25:r0:0,1404835270726,12960,1194,1508246403
*RES* vm25:r0:0,1404835283694,10212,1196,1508246403
*RES* vm25:r0:0,1404835293919,9885,1311,1508246403
*RES* vm25:r0:0,1404835303810,11016,1201,1508246403
*RES* vm25:r0:0,1404835314838,7357,1128,1508246403
*RES* vm25:r0:0,1404835322206,6694,934,1508246403
*RES* vm25:r0:0,1404835328910,4553,908,1508246403
*RES* vm25:r0:0,1404835333470,4098,1002,1508246403
*RES* vm25:r0:0,1404835337574,2892,849,1508246403
*RES* vm25:r0:0,1404835340470,1956,860,1508246403
*RES* vm25:r0:0,1404835342438,2566,847,1508246403
*RES* vm25:r0:0,1404835345010,1708,840,1508246403
*RES* vm25:r0:0,1404835346722,1196,493,1508246403
*RES* vm25:r0:0,1404835347922,3222,1198,1508246403
*RES* vm25:r0:0,1404835351154,4167,831,1508246403
*RES* vm25:r0:1,1404835073696,37566,1411,1508246403
*RES* vm25:r0:2,1404835073695,33828,1403,1508246403
*RES* vm25:r0:3,1404835073695,33340,1390,1508246403
*RES* vm25:r0:4,1404835073695,38051,1403,1508246403
*RES* end node vm25:r0
Node vm25:r0 joined
Worker terminating correctly
