OSMeF worker starting
Enabling core dumping
Listening for command connection
(vm7:m0) New mapper on port 23330
(vm7:m0) -> reducer data size 1402438300
(vm7:m0) -> reducer data size 1402438300
(vm7:m0) -> reducer data size 1402438300
(vm7:m0) -> reducer data size 1402438300
(vm7:m0) -> reducer data size 1402438300
(vm7:m0) -> reducer data size 1402438300
(vm7:m0) -> reducer data size 1402438300
(vm7:m0) -> reducer data size 1402438300
(vm7:m0) -> reducer data size 1402438300
(vm7:m0) -> reducer data size 1402438300
(vm7:m0) -> reducer data size 1402438300
(vm7:m0) -> reducer data size 1402438300
(vm7:m0) -> reducer data size 1402438300
(vm7:m0) -> reducer data size 1402438300
(vm7:m0) -> reducer data size 1402438300
(vm7:m0) -> reducer data size 1402438300
(vm7:m0) -> reducer data size 1402438300
(vm7:m0) -> reducer data size 1402438300
(vm7:m0) -> reducer data size 1402438300
(vm7:m0) -> reducer data size 1402438300
(vm7:m0) -> reducer data size 1402438300
(vm7:m0) -> reducer data size 1402438300
(vm7:m0) -> reducer data size 1402438300
(vm7:m0) -> reducer data size 1402438300
(vm7:m0) -> reducer data size 1402438300
(vm7:m0) -> reducer data size 1402438300
(vm7:m0) -> reducer data size 1402438300
(vm7:m0) -> reducer data size 1402438300
(vm7:m0) Mapper thread started
(vm7:m0) Allocating data for reducer vm1:r0
(vm7:m0) Allocating data for reducer vm2:r0
(vm7:m0) Allocating data for reducer vm3:r0
(vm7:m0) Allocating data for reducer vm4:r0
(vm7:m0) Allocating data for reducer vm5:r0
(vm7:m0) Allocating data for reducer vm6:r0
(vm7:m0) Allocating data for reducer vm7:r0
(vm7:m0) Allocating data for reducer vm8:r0
(vm7:m0) Allocating data for reducer vm9:r0
(vm7:m0) Allocating data for reducer vm10:r0
(vm7:m0) Allocating data for reducer vm11:r0
(vm7:m0) Allocating data for reducer vm12:r0
(vm7:m0) Allocating data for reducer vm13:r0
(vm7:m0) Allocating data for reducer vm14:r0
(vm7:m0) Allocating data for reducer vm15:r0
(vm7:m0) Allocating data for reducer vm16:r0
(vm7:m0) Allocating data for reducer vm17:r0
(vm7:m0) Allocating data for reducer vm18:r0
(vm7:m0) Allocating data for reducer vm19:r0
(vm7:m0) Allocating data for reducer vm20:r0
(vm7:m0) Allocating data for reducer vm21:r0
(vm7:m0) Allocating data for reducer vm22:r0
(vm7:m0) Allocating data for reducer vm23:r0
(vm7:m0) Allocating data for reducer vm24:r0
(vm7:m0) Allocating data for reducer vm25:r0
(vm7:m0) Allocating data for reducer vm26:r0
(vm7:m0) Allocating data for reducer vm27:r0
(vm7:m0) Allocating data for reducer vm28:r0
(vm7:m0) Binding to port 23330
(vm7:r0) New reducer
(vm7:r0) Reducer thread started
(vm7:r0) waiting for START message
(vm7:r0) got START message
(vm7:r0) Starting new connection thread
(vm7:r0) Starting new connection thread
(vm7:r0) Starting new connection thread
(vm7:r0) Starting new connection thread
(vm7:r0) Starting new connection thread
(vm7:r0) Maximum number of connections reached (5), waiting for a thread to finish
(vm7:r0:1) Connection established
(vm7:r0:2) Connection established
(vm7:r0:4) Connection established
(vm7:r0:3) Connection established
(vm7:r0:0) Connection established
(vm7:r0:4) Connection finished, received 1402438301 bytes
(vm7:r0:1) Connection finished, received 1402438301 bytes
(vm7:r0:3) Connection finished, received 1402438301 bytes
(vm7:r0:0) Connection finished, received 1402438301 bytes
(vm7:r0) thread 0 joined, 27 connections remaining
(vm7:r0) Starting new connection thread
(vm7:r0) Maximum number of connections reached (5), waiting for a thread to finish
(vm7:r0:0) Connection established
(vm7:r0:2) Connection finished, received 1402438301 bytes
(vm7:m0) Got connection from reducer vm1:r0
(vm7:m0:0) thread started, have to send 1402438300 bytes
(vm7:m0:0) all data sent, thread exiting
(vm7:m0) Got connection from reducer vm6:r0
(vm7:m0:5) thread started, have to send 1402438300 bytes
(vm7:m0) Got connection from reducer vm20:r0
(vm7:m0:19) thread started, have to send 1402438300 bytes
(vm7:m0) Got connection from reducer vm11:r0
(vm7:m0:10) thread started, have to send 1402438300 bytes
(vm7:m0) Got connection from reducer vm23:r0
(vm7:m0:22) thread started, have to send 1402438300 bytes
(vm7:m0) Got connection from reducer vm10:r0
(vm7:m0:9) thread started, have to send 1402438300 bytes
(vm7:m0) Got connection from reducer vm8:r0
(vm7:m0:7) thread started, have to send 1402438300 bytes
(vm7:m0) Got connection from reducer vm24:r0
(vm7:m0:23) thread started, have to send 1402438300 bytes
(vm7:m0) Got connection from reducer vm21:r0
(vm7:m0:20) thread started, have to send 1402438300 bytes
(vm7:m0) Got connection from reducer vm15:r0
(vm7:m0:14) thread started, have to send 1402438300 bytes
(vm7:m0) Got connection from reducer vm19:r0
(vm7:m0:18) thread started, have to send 1402438300 bytes
(vm7:m0) Got connection from reducer vm25:r0
(vm7:m0:24) thread started, have to send 1402438300 bytes
(vm7:m0) Got connection from reducer vm17:r0
(vm7:m0:16) thread started, have to send 1402438300 bytes
(vm7:m0) Got connection from reducer vm27:r0
(vm7:m0:26) thread started, have to send 1402438300 bytes
(vm7:m0) Got connection from reducer vm18:r0
(vm7:m0:17) thread started, have to send 1402438300 bytes
(vm7:m0) Got connection from reducer vm12:r0
(vm7:m0:11) thread started, have to send 1402438300 bytes
(vm7:r0:0) Connection finished, received 1402438301 bytes
(vm7:r0) thread 0 joined, 26 connections remaining
(vm7:r0) Starting new connection thread
(vm7:r0) Maximum number of connections reached (5), waiting for a thread to finish
(vm7:r0:0) Connection established
(vm7:m0) Got connection from reducer vm7:r0
(vm7:m0:6) thread started, have to send 1402438300 bytes
(vm7:m0) Got connection from reducer vm14:r0
(vm7:m0:13) thread started, have to send 1402438300 bytes
(vm7:m0) Got connection from reducer vm22:r0
(vm7:m0:21) thread started, have to send 1402438300 bytes
(vm7:m0) Got connection from reducer vm16:r0
(vm7:m0:15) thread started, have to send 1402438300 bytes
(vm7:m0) Got connection from reducer vm9:r0
(vm7:m0:8) thread started, have to send 1402438300 bytes
(vm7:m0) Got connection from reducer vm28:r0
(vm7:m0) Got connection from reducer vm13:r0
(vm7:m0:27) thread started, have to send 1402438300 bytes
(vm7:m0:12) thread started, have to send 1402438300 bytes
(vm7:m0) Got connection from reducer vm26:r0
(vm7:m0:25) thread started, have to send 1402438300 bytes
(vm7:m0) Got connection from reducer vm4:r0
(vm7:m0:3) thread started, have to send 1402438300 bytes
(vm7:m0) Got connection from reducer vm2:r0
(vm7:m0:1) thread started, have to send 1402438300 bytes
(vm7:m0) Got connection from reducer vm5:r0
(vm7:m0:4) thread started, have to send 1402438300 bytes
(vm7:m0) Got connection from reducer vm3:r0
(vm7:m0) Waiting for a thread to finish
(vm7:m0) thread 0 joined, 27 connections remaining
(vm7:m0) Waiting for a thread to finish
(vm7:m0:2) thread started, have to send 1402438300 bytes
(vm7:m0:19) all data sent, thread exiting
(vm7:m0:10) all data sent, thread exiting
(vm7:m0:22) all data sent, thread exiting
(vm7:m0:5) all data sent, thread exiting
(vm7:m0:9) all data sent, thread exiting
(vm7:m0:7) all data sent, thread exiting
(vm7:m0:23) all data sent, thread exiting
(vm7:m0:6) all data sent, thread exiting
(vm7:r0:0) Connection finished, received 1402438301 bytes
(vm7:r0) thread 0 joined, 25 connections remaining
(vm7:r0) Starting new connection thread
(vm7:r0) Maximum number of connections reached (5), waiting for a thread to finish
(vm7:r0:0) Connection established
(vm7:m0:18) all data sent, thread exiting
(vm7:m0:20) all data sent, thread exiting
(vm7:m0:24) all data sent, thread exiting
(vm7:m0:14) all data sent, thread exiting
(vm7:m0:17) all data sent, thread exiting
(vm7:m0:26) all data sent, thread exiting
(vm7:m0:16) all data sent, thread exiting
(vm7:m0:13) all data sent, thread exiting
(vm7:m0:11) all data sent, thread exiting
(vm7:m0:15) all data sent, thread exiting
(vm7:m0:21) all data sent, thread exiting
(vm7:m0:27) all data sent, thread exiting
(vm7:m0:4) all data sent, thread exiting
(vm7:m0:12) all data sent, thread exiting
(vm7:m0:1) all data sent, thread exiting
(vm7:m0) thread 1 joined, 26 connections remaining
(vm7:m0) Waiting for a thread to finish
(vm7:m0:2) all data sent, thread exiting
(vm7:m0) thread 2 joined, 25 connections remaining
(vm7:m0) Waiting for a thread to finish
(vm7:m0:3) all data sent, thread exiting
(vm7:m0) thread 3 joined, 24 connections remaining
(vm7:m0) Waiting for a thread to finish
(vm7:m0) thread 4 joined, 23 connections remaining
(vm7:m0) Waiting for a thread to finish
(vm7:m0) thread 5 joined, 22 connections remaining
(vm7:m0) Waiting for a thread to finish
(vm7:m0) thread 6 joined, 21 connections remaining
(vm7:m0) Waiting for a thread to finish
(vm7:m0) thread 7 joined, 20 connections remaining
(vm7:m0) Waiting for a thread to finish
(vm7:m0:25) all data sent, thread exiting
(vm7:m0:8) all data sent, thread exiting
(vm7:m0) thread 8 joined, 19 connections remaining
(vm7:m0) Waiting for a thread to finish
(vm7:m0) thread 9 joined, 18 connections remaining
(vm7:m0) Waiting for a thread to finish
(vm7:m0) thread 10 joined, 17 connections remaining
(vm7:m0) Waiting for a thread to finish
(vm7:m0) thread 11 joined, 16 connections remaining
(vm7:m0) Waiting for a thread to finish
(vm7:m0) thread 12 joined, 15 connections remaining
(vm7:m0) Waiting for a thread to finish
(vm7:m0) thread 13 joined, 14 connections remaining
(vm7:m0) Waiting for a thread to finish
(vm7:m0) thread 14 joined, 13 connections remaining
(vm7:m0) Waiting for a thread to finish
(vm7:m0) thread 15 joined, 12 connections remaining
(vm7:m0) Waiting for a thread to finish
(vm7:m0) thread 16 joined, 11 connections remaining
(vm7:m0) Waiting for a thread to finish
(vm7:m0) thread 17 joined, 10 connections remaining
(vm7:m0) Waiting for a thread to finish
(vm7:m0) thread 18 joined, 9 connections remaining
(vm7:m0) Waiting for a thread to finish
(vm7:m0) thread 19 joined, 8 connections remaining
(vm7:m0) Waiting for a thread to finish
(vm7:m0) thread 20 joined, 7 connections remaining
(vm7:m0) Waiting for a thread to finish
(vm7:m0) thread 21 joined, 6 connections remaining
(vm7:m0) Waiting for a thread to finish
(vm7:m0) thread 22 joined, 5 connections remaining
(vm7:m0) Waiting for a thread to finish
(vm7:m0) thread 23 joined, 4 connections remaining
(vm7:m0) Waiting for a thread to finish
(vm7:m0) thread 24 joined, 3 connections remaining
(vm7:m0) Waiting for a thread to finish
(vm7:m0) thread 25 joined, 2 connections remaining
(vm7:m0) Waiting for a thread to finish
(vm7:m0) thread 26 joined, 1 connections remaining
(vm7:m0) Waiting for a thread to finish
(vm7:m0) thread 27 joined, 0 connections remaining
(vm7:m0) all done, exiting
*RES* start node vm7:m0
*RES* vm7:m0:0,1404896897683,2996,1033,1402438301
*RES* vm7:m0:1,1404896918834,26222,1052,1402438301
*RES* vm7:m0:2,1404896919474,25599,1090,1402438301
*RES* vm7:m0:3,1404896918733,26422,1060,1402438301
*RES* vm7:m0:4,1404896919316,25480,1051,1402438301
*RES* vm7:m0:5,1404896905540,27015,1020,1402438301
*RES* vm7:m0:6,1404896917228,24382,427,1402438301
*RES* vm7:m0:7,1404896914748,23655,1047,1402438301
*RES* vm7:m0:8,1404896917820,27917,1135,1402438301
*RES* vm7:m0:9,1404896913719,22054,1092,1402438301
*RES* vm7:m0:10,1404896912714,15435,1063,1402438301
*RES* vm7:m0:11,1404896917073,26541,1060,1402438301
*RES* vm7:m0:12,1404896918012,26811,1039,1402438301
*RES* vm7:m0:13,1404896917315,26106,1024,1402438301
*RES* vm7:m0:14,1404896916002,26895,1062,1402438301
*RES* vm7:m0:15,1404896917531,26446,1065,1402438301
*RES* vm7:m0:16,1404896916199,27097,1072,1402438301
*RES* vm7:m0:17,1404896916667,26466,1051,1402438301
*RES* vm7:m0:18,1404896916038,26076,1049,1402438301
*RES* vm7:m0:19,1404896912167,10466,1084,1402438301
*RES* vm7:m0:20,1404896915520,27201,1115,1402438301
*RES* vm7:m0:21,1404896917396,26979,1081,1402438301
*RES* vm7:m0:22,1404896913206,18783,1064,1402438301
*RES* vm7:m0:23,1404896914960,25535,1087,1402438301
*RES* vm7:m0:24,1404896916187,26676,1081,1402438301
*RES* vm7:m0:25,1404896918126,27329,1096,1402438301
*RES* vm7:m0:26,1404896916226,26891,1084,1402438301
*RES* vm7:m0:27,1404896917997,26399,1069,1402438301
*RES* end node vm7:m0
Node vm7:m0 joined
(vm7:r0:0) Connection finished, received 1402438301 bytes
(vm7:r0) thread 0 joined, 24 connections remaining
(vm7:r0) Starting new connection thread
(vm7:r0) Maximum number of connections reached (5), waiting for a thread to finish
(vm7:r0:0) Connection established
(vm7:r0:0) Connection finished, received 1402438301 bytes
(vm7:r0) thread 0 joined, 23 connections remaining
(vm7:r0) Starting new connection thread
(vm7:r0) Maximum number of connections reached (5), waiting for a thread to finish
(vm7:r0:0) Connection established
(vm7:r0:0) Connection finished, received 1402438301 bytes
(vm7:r0) thread 0 joined, 22 connections remaining
(vm7:r0) Starting new connection thread
(vm7:r0) Maximum number of connections reached (5), waiting for a thread to finish
(vm7:r0:0) Connection established
(vm7:r0:0) Connection finished, received 1402438301 bytes
(vm7:r0) thread 0 joined, 21 connections remaining
(vm7:r0) Starting new connection thread
(vm7:r0) Maximum number of connections reached (5), waiting for a thread to finish
(vm7:r0:0) Connection established
(vm7:r0:0) Connection finished, received 1402438301 bytes
(vm7:r0) thread 0 joined, 20 connections remaining
(vm7:r0) Starting new connection thread
(vm7:r0) Maximum number of connections reached (5), waiting for a thread to finish
(vm7:r0:0) Connection established
(vm7:r0:0) Connection finished, received 1402438301 bytes
(vm7:r0) thread 0 joined, 19 connections remaining
(vm7:r0) Starting new connection thread
(vm7:r0) Maximum number of connections reached (5), waiting for a thread to finish
(vm7:r0:0) Connection established
(vm7:r0:0) Connection finished, received 1402438301 bytes
(vm7:r0) thread 0 joined, 18 connections remaining
(vm7:r0) Starting new connection thread
(vm7:r0) Maximum number of connections reached (5), waiting for a thread to finish
(vm7:r0:0) Connection established
(vm7:r0:0) Connection finished, received 1402438301 bytes
(vm7:r0) thread 0 joined, 17 connections remaining
(vm7:r0) Starting new connection thread
(vm7:r0) Maximum number of connections reached (5), waiting for a thread to finish
(vm7:r0:0) Connection established
(vm7:r0:0) Connection finished, received 1402438301 bytes
(vm7:r0) thread 0 joined, 16 connections remaining
(vm7:r0) Starting new connection thread
(vm7:r0) Maximum number of connections reached (5), waiting for a thread to finish
(vm7:r0:0) Connection established
(vm7:r0:0) Connection finished, received 1402438301 bytes
(vm7:r0) thread 0 joined, 15 connections remaining
(vm7:r0) Starting new connection thread
(vm7:r0) Maximum number of connections reached (5), waiting for a thread to finish
(vm7:r0:0) Connection established
(vm7:r0:0) Connection finished, received 1402438301 bytes
(vm7:r0) thread 0 joined, 14 connections remaining
(vm7:r0) Starting new connection thread
(vm7:r0) Maximum number of connections reached (5), waiting for a thread to finish
(vm7:r0:0) Connection established
(vm7:r0:0) Connection finished, received 1402438301 bytes
(vm7:r0) thread 0 joined, 13 connections remaining
(vm7:r0) Starting new connection thread
(vm7:r0) Maximum number of connections reached (5), waiting for a thread to finish
(vm7:r0:0) Connection established
(vm7:r0:0) Connection finished, received 1402438301 bytes
(vm7:r0) thread 0 joined, 12 connections remaining
(vm7:r0) Starting new connection thread
(vm7:r0) Maximum number of connections reached (5), waiting for a thread to finish
(vm7:r0:0) Connection established
(vm7:r0:0) Connection finished, received 1402438301 bytes
(vm7:r0) thread 0 joined, 11 connections remaining
(vm7:r0) Starting new connection thread
(vm7:r0) Maximum number of connections reached (5), waiting for a thread to finish
(vm7:r0:0) Connection established
(vm7:r0:0) Connection finished, received 1402438301 bytes
(vm7:r0) thread 0 joined, 10 connections remaining
(vm7:r0) Starting new connection thread
(vm7:r0) Maximum number of connections reached (5), waiting for a thread to finish
(vm7:r0:0) Connection established
(vm7:r0:0) Connection finished, received 1402438301 bytes
(vm7:r0) thread 0 joined, 9 connections remaining
(vm7:r0) Starting new connection thread
(vm7:r0) Maximum number of connections reached (5), waiting for a thread to finish
(vm7:r0:0) Connection established
(vm7:r0:0) Connection finished, received 1402438301 bytes
(vm7:r0) thread 0 joined, 8 connections remaining
(vm7:r0) Starting new connection thread
(vm7:r0) Maximum number of connections reached (5), waiting for a thread to finish
(vm7:r0:0) Connection established
(vm7:r0:0) Connection finished, received 1402438301 bytes
(vm7:r0) thread 0 joined, 7 connections remaining
(vm7:r0) Starting new connection thread
(vm7:r0) Maximum number of connections reached (5), waiting for a thread to finish
(vm7:r0:0) Connection established
(vm7:r0:0) Connection finished, received 1402438301 bytes
(vm7:r0) thread 0 joined, 6 connections remaining
(vm7:r0) Starting new connection thread
(vm7:r0) Maximum number of connections reached (5), waiting for a thread to finish
(vm7:r0:0) Connection established
(vm7:r0:0) Connection finished, received 1402438301 bytes
(vm7:r0) thread 0 joined, 5 connections remaining
(vm7:r0) Starting new connection thread
(vm7:r0) Maximum number of connections reached (5), waiting for a thread to finish
(vm7:r0:0) Connection established
(vm7:r0:0) Connection finished, received 1402438301 bytes
(vm7:r0) thread 0 joined, 4 connections remaining
(vm7:r0) Maximum number of connections reached (4), waiting for a thread to finish
(vm7:r0) thread 1 joined, 3 connections remaining
(vm7:r0) Maximum number of connections reached (3), waiting for a thread to finish
(vm7:r0) thread 2 joined, 2 connections remaining
(vm7:r0) Maximum number of connections reached (2), waiting for a thread to finish
(vm7:r0) thread 3 joined, 1 connections remaining
(vm7:r0) Maximum number of connections reached (1), waiting for a thread to finish
(vm7:r0) thread 4 joined, 0 connections remaining
(vm7:r0) all done, exiting
*RES* start node vm7:r0
*RES* vm7:r0:0,1404896850309,38112,1350,1402438301
*RES* vm7:r0:0,1404896888427,28743,1197,1402438301
*RES* vm7:r0:0,1404896917216,24403,1007,1402438301
*RES* vm7:r0:0,1404896941759,24780,1174,1402438301
*RES* vm7:r0:0,1404896966543,16552,1336,1402438301
*RES* vm7:r0:0,1404896983103,4600,1680,1402438301
*RES* vm7:r0:0,1404896987707,3700,1324,1402438301
*RES* vm7:r0:0,1404896991411,4370,1617,1402438301
*RES* vm7:r0:0,1404896995787,3770,1526,1402438301
*RES* vm7:r0:0,1404896999563,4492,1775,1402438301
*RES* vm7:r0:0,1404897004063,4316,1745,1402438301
*RES* vm7:r0:0,1404897008383,3717,1336,1402438301
*RES* vm7:r0:0,1404897012107,4240,1393,1402438301
*RES* vm7:r0:0,1404897016351,4036,1603,1402438301
*RES* vm7:r0:0,1404897020391,4148,1280,1402438301
*RES* vm7:r0:0,1404897024543,4667,2109,1402438301
*RES* vm7:r0:0,1404897029221,4009,1415,1402438301
*RES* vm7:r0:0,1404897033235,3886,1382,1402438301
*RES* vm7:r0:0,1404897037127,3200,1315,1402438301
*RES* vm7:r0:0,1404897040331,3115,1316,1402438301
*RES* vm7:r0:0,1404897043451,2956,1272,1402438301
*RES* vm7:r0:0,1404897046411,3637,1229,1402438301
*RES* vm7:r0:0,1404897050055,5002,1237,1402438301
*RES* vm7:r0:0,1404897055063,3228,1160,1402438301
*RES* vm7:r0:1,1404896850309,35397,1342,1402438301
*RES* vm7:r0:2,1404896850309,39523,1349,1402438301
*RES* vm7:r0:3,1404896850309,35801,1353,1402438301
*RES* vm7:r0:4,1404896850309,30578,1314,1402438301
*RES* end node vm7:r0
Node vm7:r0 joined
Worker terminating correctly
