OSMeF worker starting
Enabling core dumping
Listening for command connection
(vm9:m0) New mapper on port 23330
(vm9:m0) -> reducer data size 1402438300
(vm9:m0) -> reducer data size 1402438300
(vm9:m0) -> reducer data size 1402438300
(vm9:m0) -> reducer data size 1402438300
(vm9:m0) -> reducer data size 1402438300
(vm9:m0) -> reducer data size 1402438300
(vm9:m0) -> reducer data size 1402438300
(vm9:m0) -> reducer data size 1402438300
(vm9:m0) -> reducer data size 1402438300
(vm9:m0) -> reducer data size 1402438300
(vm9:m0) -> reducer data size 1402438300
(vm9:m0) -> reducer data size 1402438300
(vm9:m0) -> reducer data size 1402438300
(vm9:m0) -> reducer data size 1402438300
(vm9:m0) -> reducer data size 1402438300
(vm9:m0) -> reducer data size 1402438300
(vm9:m0) -> reducer data size 1402438300
(vm9:m0) -> reducer data size 1402438300
(vm9:m0) -> reducer data size 1402438300
(vm9:m0) -> reducer data size 1402438300
(vm9:m0) -> reducer data size 1402438300
(vm9:m0) -> reducer data size 1402438300
(vm9:m0) -> reducer data size 1402438300
(vm9:m0) -> reducer data size 1402438300
(vm9:m0) -> reducer data size 1402438300
(vm9:m0) -> reducer data size 1402438300
(vm9:m0) -> reducer data size 1402438300
(vm9:m0) -> reducer data size 1402438300
(vm9:m0) Mapper thread started
(vm9:m0) Allocating data for reducer vm1:r0
(vm9:m0) Allocating data for reducer vm2:r0
(vm9:m0) Allocating data for reducer vm3:r0
(vm9:m0) Allocating data for reducer vm4:r0
(vm9:m0) Allocating data for reducer vm5:r0
(vm9:m0) Allocating data for reducer vm6:r0
(vm9:m0) Allocating data for reducer vm7:r0
(vm9:m0) Allocating data for reducer vm8:r0
(vm9:m0) Allocating data for reducer vm9:r0
(vm9:m0) Allocating data for reducer vm10:r0
(vm9:m0) Allocating data for reducer vm11:r0
(vm9:m0) Allocating data for reducer vm12:r0
(vm9:m0) Allocating data for reducer vm13:r0
(vm9:m0) Allocating data for reducer vm14:r0
(vm9:m0) Allocating data for reducer vm15:r0
(vm9:m0) Allocating data for reducer vm16:r0
(vm9:m0) Allocating data for reducer vm17:r0
(vm9:m0) Allocating data for reducer vm18:r0
(vm9:m0) Allocating data for reducer vm19:r0
(vm9:m0) Allocating data for reducer vm20:r0
(vm9:m0) Allocating data for reducer vm21:r0
(vm9:m0) Allocating data for reducer vm22:r0
(vm9:m0) Allocating data for reducer vm23:r0
(vm9:m0) Allocating data for reducer vm24:r0
(vm9:m0) Allocating data for reducer vm25:r0
(vm9:m0) Allocating data for reducer vm26:r0
(vm9:m0) Allocating data for reducer vm27:r0
(vm9:m0) Allocating data for reducer vm28:r0
(vm9:m0) Binding to port 23330
(vm9:r0) New reducer
(vm9:r0) Reducer thread started
(vm9:r0) waiting for START message
(vm9:r0) got START message
(vm9:r0) Starting new connection thread
(vm9:r0) Starting new connection thread
(vm9:r0) Starting new connection thread
(vm9:r0) Starting new connection thread
(vm9:r0) Starting new connection thread
(vm9:r0) Maximum number of connections reached (5), waiting for a thread to finish
(vm9:r0:2) Connection established
(vm9:r0:4) Connection established
(vm9:r0:3) Connection established
(vm9:r0:1) Connection established
(vm9:r0:0) Connection established
(vm9:r0:4) Connection finished, received 1402438301 bytes
(vm9:r0:1) Connection finished, received 1402438301 bytes
(vm9:r0:3) Connection finished, received 1402438301 bytes
(vm9:r0:0) Connection finished, received 1402438301 bytes
(vm9:r0) thread 0 joined, 27 connections remaining
(vm9:r0) Starting new connection thread
(vm9:r0) Maximum number of connections reached (5), waiting for a thread to finish
(vm9:r0:0) Connection established
(vm9:r0:2) Connection finished, received 1402438301 bytes
(vm9:m0) Got connection from reducer vm1:r0
(vm9:m0:0) thread started, have to send 1402438300 bytes
(vm9:m0:0) all data sent, thread exiting
(vm9:r0:0) Connection finished, received 1402438301 bytes
(vm9:r0) thread 0 joined, 26 connections remaining
(vm9:r0) Starting new connection thread
(vm9:r0) Maximum number of connections reached (5), waiting for a thread to finish
(vm9:r0:0) Connection established
(vm9:m0) Got connection from reducer vm20:r0
(vm9:m0:19) thread started, have to send 1402438300 bytes
(vm9:m0:19) all data sent, thread exiting
(vm9:m0) Got connection from reducer vm11:r0
(vm9:m0:10) thread started, have to send 1402438300 bytes
(vm9:m0) Got connection from reducer vm23:r0
(vm9:m0:22) thread started, have to send 1402438300 bytes
(vm9:m0:10) all data sent, thread exiting
(vm9:m0) Got connection from reducer vm6:r0
(vm9:m0:5) thread started, have to send 1402438300 bytes
(vm9:m0) Got connection from reducer vm10:r0
(vm9:m0:9) thread started, have to send 1402438300 bytes
(vm9:m0) Got connection from reducer vm8:r0
(vm9:m0:7) thread started, have to send 1402438300 bytes
(vm9:m0:22) all data sent, thread exiting
(vm9:m0:5) all data sent, thread exiting
(vm9:m0:9) all data sent, thread exiting
(vm9:r0:0) Connection finished, received 1402438301 bytes
(vm9:r0) thread 0 joined, 25 connections remaining
(vm9:r0) Starting new connection thread
(vm9:r0) Maximum number of connections reached (5), waiting for a thread to finish
(vm9:r0:0) Connection established
(vm9:m0) Got connection from reducer vm24:r0
(vm9:m0:23) thread started, have to send 1402438300 bytes
(vm9:m0:7) all data sent, thread exiting
(vm9:m0:23) all data sent, thread exiting
(vm9:m0) Got connection from reducer vm19:r0
(vm9:m0:18) thread started, have to send 1402438300 bytes
(vm9:m0) Got connection from reducer vm7:r0
(vm9:m0:6) thread started, have to send 1402438300 bytes
(vm9:m0) Got connection from reducer vm21:r0
(vm9:m0:20) thread started, have to send 1402438300 bytes
(vm9:m0) Got connection from reducer vm27:r0
(vm9:m0:26) thread started, have to send 1402438300 bytes
(vm9:m0) Got connection from reducer vm15:r0
(vm9:m0:14) thread started, have to send 1402438300 bytes
(vm9:m0) Got connection from reducer vm14:r0
(vm9:m0:13) thread started, have to send 1402438300 bytes
(vm9:m0) Got connection from reducer vm17:r0
(vm9:m0:16) thread started, have to send 1402438300 bytes
(vm9:m0) Got connection from reducer vm12:r0
(vm9:m0:11) thread started, have to send 1402438300 bytes
(vm9:m0) Got connection from reducer vm25:r0
(vm9:m0:24) thread started, have to send 1402438300 bytes
(vm9:m0) Got connection from reducer vm28:r0
(vm9:m0:27) thread started, have to send 1402438300 bytes
(vm9:m0) Got connection from reducer vm16:r0
(vm9:m0:15) thread started, have to send 1402438300 bytes
(vm9:m0) Got connection from reducer vm5:r0
(vm9:m0:4) thread started, have to send 1402438300 bytes
(vm9:m0) Got connection from reducer vm26:r0
(vm9:m0:25) thread started, have to send 1402438300 bytes
(vm9:m0) Got connection from reducer vm18:r0
(vm9:m0:17) thread started, have to send 1402438300 bytes
(vm9:m0) Got connection from reducer vm3:r0
(vm9:m0:2) thread started, have to send 1402438300 bytes
(vm9:m0) Got connection from reducer vm22:r0
(vm9:m0:21) thread started, have to send 1402438300 bytes
(vm9:m0) Got connection from reducer vm4:r0
(vm9:m0:3) thread started, have to send 1402438300 bytes
(vm9:m0) Got connection from reducer vm13:r0
(vm9:m0) Got connection from reducer vm2:r0
(vm9:m0:1) thread started, have to send 1402438300 bytes
(vm9:m0:12) thread started, have to send 1402438300 bytes
(vm9:r0:0) Connection finished, received 1402438301 bytes
(vm9:r0) thread 0 joined, 24 connections remaining
(vm9:r0) Starting new connection thread
(vm9:r0) Maximum number of connections reached (5), waiting for a thread to finish
(vm9:r0:0) Connection established
(vm9:m0) Got connection from reducer vm9:r0
(vm9:m0) Waiting for a thread to finish
(vm9:m0) thread 0 joined, 27 connections remaining
(vm9:m0) Waiting for a thread to finish
(vm9:m0:8) thread started, have to send 1402438300 bytes
(vm9:m0:18) all data sent, thread exiting
(vm9:m0:6) all data sent, thread exiting
(vm9:m0:26) all data sent, thread exiting
(vm9:m0:13) all data sent, thread exiting
(vm9:m0:20) all data sent, thread exiting
(vm9:m0:8) all data sent, thread exiting
(vm9:r0:0) Connection finished, received 1402438301 bytes
(vm9:r0) thread 0 joined, 23 connections remaining
(vm9:r0) Starting new connection thread
(vm9:r0) Maximum number of connections reached (5), waiting for a thread to finish
(vm9:r0:0) Connection established
(vm9:m0:14) all data sent, thread exiting
(vm9:m0:11) all data sent, thread exiting
(vm9:m0:24) all data sent, thread exiting
(vm9:m0:15) all data sent, thread exiting
(vm9:m0:3) all data sent, thread exiting
(vm9:m0:16) all data sent, thread exiting
(vm9:m0:25) all data sent, thread exiting
(vm9:m0:27) all data sent, thread exiting
(vm9:m0:12) all data sent, thread exiting
(vm9:m0:21) all data sent, thread exiting
(vm9:m0:4) all data sent, thread exiting
(vm9:m0:2) all data sent, thread exiting
(vm9:m0:1) all data sent, thread exiting
(vm9:m0) thread 1 joined, 26 connections remaining
(vm9:m0) Waiting for a thread to finish
(vm9:m0) thread 2 joined, 25 connections remaining
(vm9:m0) Waiting for a thread to finish
(vm9:m0) thread 3 joined, 24 connections remaining
(vm9:m0) Waiting for a thread to finish
(vm9:m0) thread 4 joined, 23 connections remaining
(vm9:m0) Waiting for a thread to finish
(vm9:m0) thread 5 joined, 22 connections remaining
(vm9:m0) Waiting for a thread to finish
(vm9:m0) thread 6 joined, 21 connections remaining
(vm9:m0) Waiting for a thread to finish
(vm9:m0) thread 7 joined, 20 connections remaining
(vm9:m0) Waiting for a thread to finish
(vm9:m0) thread 8 joined, 19 connections remaining
(vm9:m0) Waiting for a thread to finish
(vm9:m0) thread 9 joined, 18 connections remaining
(vm9:m0) Waiting for a thread to finish
(vm9:m0) thread 10 joined, 17 connections remaining
(vm9:m0) Waiting for a thread to finish
(vm9:m0) thread 11 joined, 16 connections remaining
(vm9:m0) Waiting for a thread to finish
(vm9:m0) thread 12 joined, 15 connections remaining
(vm9:m0) Waiting for a thread to finish
(vm9:m0) thread 13 joined, 14 connections remaining
(vm9:m0) Waiting for a thread to finish
(vm9:m0) thread 14 joined, 13 connections remaining
(vm9:m0) Waiting for a thread to finish
(vm9:m0) thread 15 joined, 12 connections remaining
(vm9:m0) Waiting for a thread to finish
(vm9:m0) thread 16 joined, 11 connections remaining
(vm9:m0) Waiting for a thread to finish
(vm9:m0:17) all data sent, thread exiting
(vm9:m0) thread 17 joined, 10 connections remaining
(vm9:m0) Waiting for a thread to finish
(vm9:m0) thread 18 joined, 9 connections remaining
(vm9:m0) Waiting for a thread to finish
(vm9:m0) thread 19 joined, 8 connections remaining
(vm9:m0) Waiting for a thread to finish
(vm9:m0) thread 20 joined, 7 connections remaining
(vm9:m0) Waiting for a thread to finish
(vm9:m0) thread 21 joined, 6 connections remaining
(vm9:m0) Waiting for a thread to finish
(vm9:m0) thread 22 joined, 5 connections remaining
(vm9:m0) Waiting for a thread to finish
(vm9:m0) thread 23 joined, 4 connections remaining
(vm9:m0) Waiting for a thread to finish
(vm9:m0) thread 24 joined, 3 connections remaining
(vm9:m0) Waiting for a thread to finish
(vm9:m0) thread 25 joined, 2 connections remaining
(vm9:m0) Waiting for a thread to finish
(vm9:m0) thread 26 joined, 1 connections remaining
(vm9:m0) Waiting for a thread to finish
(vm9:m0) thread 27 joined, 0 connections remaining
(vm9:m0) all done, exiting
*RES* start node vm9:m0
*RES* vm9:m0:0,1404896904811,4391,1289,1402438301
*RES* vm9:m0:1,1404896970355,24120,1209,1402438301
*RES* vm9:m0:2,1404896969696,24687,1227,1402438301
*RES* vm9:m0:3,1404896970244,23515,1152,1402438301
*RES* vm9:m0:4,1404896969461,24807,1183,1402438301
*RES* vm9:m0:5,1404896936643,4589,1266,1402438301
*RES* vm9:m0:6,1404896966503,16538,1243,1402438301
*RES* vm9:m0:7,1404896940965,14030,1124,1402438301
*RES* vm9:m0:8,1404896973289,18181,547,1402438301
*RES* vm9:m0:9,1404896939641,5434,1129,1402438301
*RES* vm9:m0:10,1404896932109,4349,1213,1402438301
*RES* vm9:m0:11,1404896968777,24189,1148,1402438301
*RES* vm9:m0:12,1404896970355,23846,1130,1402438301
*RES* vm9:m0:13,1404896968532,22769,1163,1402438301
*RES* vm9:m0:14,1404896967879,24792,1191,1402438301
*RES* vm9:m0:15,1404896969340,23718,1113,1402438301
*RES* vm9:m0:16,1404896968743,25176,1152,1402438301
*RES* vm9:m0:17,1404896969570,25131,1206,1402438301
*RES* vm9:m0:18,1404896965549,9255,1249,1402438301
*RES* vm9:m0:19,1404896927340,3137,892,1402438301
*RES* vm9:m0:20,1404896967771,23637,1247,1402438301
*RES* vm9:m0:21,1404896969933,24280,1185,1402438301
*RES* vm9:m0:22,1404896936077,4917,1383,1402438301
*RES* vm9:m0:23,1404896951801,4478,1472,1402438301
*RES* vm9:m0:24,1404896968883,24183,1168,1402438301
*RES* vm9:m0:25,1404896969547,24438,1141,1402438301
*RES* vm9:m0:26,1404896967827,21852,1182,1402438301
*RES* vm9:m0:27,1404896968965,25069,1193,1402438301
*RES* end node vm9:m0
Node vm9:m0 joined
(vm9:r0:0) Connection finished, received 1402438301 bytes
(vm9:r0) thread 0 joined, 22 connections remaining
(vm9:r0) Starting new connection thread
(vm9:r0) Maximum number of connections reached (5), waiting for a thread to finish
(vm9:r0:0) Connection established
(vm9:r0:0) Connection finished, received 1402438301 bytes
(vm9:r0) thread 0 joined, 21 connections remaining
(vm9:r0) Starting new connection thread
(vm9:r0) Maximum number of connections reached (5), waiting for a thread to finish
(vm9:r0:0) Connection established
(vm9:r0:0) Connection finished, received 1402438301 bytes
(vm9:r0) thread 0 joined, 20 connections remaining
(vm9:r0) Starting new connection thread
(vm9:r0) Maximum number of connections reached (5), waiting for a thread to finish
(vm9:r0:0) Connection established
(vm9:r0:0) Connection finished, received 1402438301 bytes
(vm9:r0) thread 0 joined, 19 connections remaining
(vm9:r0) Starting new connection thread
(vm9:r0) Maximum number of connections reached (5), waiting for a thread to finish
(vm9:r0:0) Connection established
(vm9:r0:0) Connection finished, received 1402438301 bytes
(vm9:r0) thread 0 joined, 18 connections remaining
(vm9:r0) Starting new connection thread
(vm9:r0) Maximum number of connections reached (5), waiting for a thread to finish
(vm9:r0:0) Connection established
(vm9:r0:0) Connection finished, received 1402438301 bytes
(vm9:r0) thread 0 joined, 17 connections remaining
(vm9:r0) Starting new connection thread
(vm9:r0) Maximum number of connections reached (5), waiting for a thread to finish
(vm9:r0:0) Connection established
(vm9:r0:0) Connection finished, received 1402438301 bytes
(vm9:r0) thread 0 joined, 16 connections remaining
(vm9:r0) Starting new connection thread
(vm9:r0) Maximum number of connections reached (5), waiting for a thread to finish
(vm9:r0:0) Connection established
(vm9:r0:0) Connection finished, received 1402438301 bytes
(vm9:r0) thread 0 joined, 15 connections remaining
(vm9:r0) Starting new connection thread
(vm9:r0) Maximum number of connections reached (5), waiting for a thread to finish
(vm9:r0:0) Connection established
(vm9:r0:0) Connection finished, received 1402438301 bytes
(vm9:r0) thread 0 joined, 14 connections remaining
(vm9:r0) Starting new connection thread
(vm9:r0) Maximum number of connections reached (5), waiting for a thread to finish
(vm9:r0:0) Connection established
(vm9:r0:0) Connection finished, received 1402438301 bytes
(vm9:r0) thread 0 joined, 13 connections remaining
(vm9:r0) Starting new connection thread
(vm9:r0) Maximum number of connections reached (5), waiting for a thread to finish
(vm9:r0:0) Connection established
(vm9:r0:0) Connection finished, received 1402438301 bytes
(vm9:r0) thread 0 joined, 12 connections remaining
(vm9:r0) Starting new connection thread
(vm9:r0) Maximum number of connections reached (5), waiting for a thread to finish
(vm9:r0:0) Connection established
(vm9:r0:0) Connection finished, received 1402438301 bytes
(vm9:r0) thread 0 joined, 11 connections remaining
(vm9:r0) Starting new connection thread
(vm9:r0) Maximum number of connections reached (5), waiting for a thread to finish
(vm9:r0:0) Connection established
(vm9:r0:0) Connection finished, received 1402438301 bytes
(vm9:r0) thread 0 joined, 10 connections remaining
(vm9:r0) Starting new connection thread
(vm9:r0) Maximum number of connections reached (5), waiting for a thread to finish
(vm9:r0:0) Connection established
(vm9:r0:0) Connection finished, received 1402438301 bytes
(vm9:r0) thread 0 joined, 9 connections remaining
(vm9:r0) Starting new connection thread
(vm9:r0) Maximum number of connections reached (5), waiting for a thread to finish
(vm9:r0:0) Connection established
(vm9:r0:0) Connection finished, received 1402438301 bytes
(vm9:r0) thread 0 joined, 8 connections remaining
(vm9:r0) Starting new connection thread
(vm9:r0) Maximum number of connections reached (5), waiting for a thread to finish
(vm9:r0:0) Connection established
(vm9:r0:0) Connection finished, received 1402438301 bytes
(vm9:r0) thread 0 joined, 7 connections remaining
(vm9:r0) Starting new connection thread
(vm9:r0) Maximum number of connections reached (5), waiting for a thread to finish
(vm9:r0:0) Connection established
(vm9:r0:0) Connection finished, received 1402438301 bytes
(vm9:r0) thread 0 joined, 6 connections remaining
(vm9:r0) Starting new connection thread
(vm9:r0) Maximum number of connections reached (5), waiting for a thread to finish
(vm9:r0:0) Connection established
(vm9:r0:0) Connection finished, received 1402438301 bytes
(vm9:r0) thread 0 joined, 5 connections remaining
(vm9:r0) Starting new connection thread
(vm9:r0) Maximum number of connections reached (5), waiting for a thread to finish
(vm9:r0:0) Connection established
(vm9:r0:0) Connection finished, received 1402438301 bytes
(vm9:r0) thread 0 joined, 4 connections remaining
(vm9:r0) Maximum number of connections reached (4), waiting for a thread to finish
(vm9:r0) thread 1 joined, 3 connections remaining
(vm9:r0) Maximum number of connections reached (3), waiting for a thread to finish
(vm9:r0) thread 2 joined, 2 connections remaining
(vm9:r0) Maximum number of connections reached (2), waiting for a thread to finish
(vm9:r0) thread 3 joined, 1 connections remaining
(vm9:r0) Maximum number of connections reached (1), waiting for a thread to finish
(vm9:r0) thread 4 joined, 0 connections remaining
(vm9:r0) all done, exiting
*RES* start node vm9:r0
*RES* vm9:r0:0,1404896850258,37489,1360,1402438301
*RES* vm9:r0:0,1404896887753,29984,1241,1402438301
*RES* vm9:r0:0,1404896917741,27948,1614,1402438301
*RES* vm9:r0:0,1404896945693,27434,1358,1402438301
*RES* vm9:r0:0,1404896973255,18222,932,1402438301
*RES* vm9:r0:0,1404896991499,23311,1179,1402438301
*RES* vm9:r0:0,1404897014817,17500,1256,1402438301
*RES* vm9:r0:0,1404897032321,6656,1259,1402438301
*RES* vm9:r0:0,1404897038985,3172,1239,1402438301
*RES* vm9:r0:0,1404897042161,3764,1367,1402438301
*RES* vm9:r0:0,1404897045929,3484,1185,1402438301
*RES* vm9:r0:0,1404897049417,3053,1198,1402438301
*RES* vm9:r0:0,1404897052477,2716,1142,1402438301
*RES* vm9:r0:0,1404897055197,3050,1193,1402438301
*RES* vm9:r0:0,1404897058253,2560,1146,1402438301
*RES* vm9:r0:0,1404897060817,2756,1292,1402438301
*RES* vm9:r0:0,1404897063581,3235,1082,1402438301
*RES* vm9:r0:0,1404897066821,2552,1137,1402438301
*RES* vm9:r0:0,1404897069377,2383,1076,1402438301
*RES* vm9:r0:0,1404897071765,2173,967,1402438301
*RES* vm9:r0:0,1404897073945,3809,1104,1402438301
*RES* vm9:r0:0,1404897077761,3193,1152,1402438301
*RES* vm9:r0:0,1404897080961,2309,1009,1402438301
*RES* vm9:r0:0,1404897083277,3440,1177,1402438301
*RES* vm9:r0:1,1404896850258,34957,1354,1402438301
*RES* vm9:r0:2,1404896850258,39456,1357,1402438301
*RES* vm9:r0:3,1404896850258,35251,1338,1402438301
*RES* vm9:r0:4,1404896850258,30283,1323,1402438301
*RES* end node vm9:r0
Node vm9:r0 joined
Worker terminating correctly
