OSMeF worker starting
Enabling core dumping
Listening for command connection
(vm2:m0) New mapper on port 23330
(vm2:m0) -> reducer data size 1221679586
(vm2:m0) -> reducer data size 1221679586
(vm2:m0) -> reducer data size 1221679586
(vm2:m0) -> reducer data size 1221679586
(vm2:m0) -> reducer data size 1221679586
(vm2:m0) -> reducer data size 1221679586
(vm2:m0) -> reducer data size 1221679586
(vm2:m0) -> reducer data size 1221679586
(vm2:m0) -> reducer data size 1221679586
(vm2:m0) -> reducer data size 1221679586
(vm2:m0) -> reducer data size 1221679586
(vm2:m0) -> reducer data size 1221679586
(vm2:m0) -> reducer data size 1221679586
(vm2:m0) -> reducer data size 1221679586
(vm2:m0) -> reducer data size 1221679586
(vm2:m0) -> reducer data size 1221679586
(vm2:m0) -> reducer data size 1221679586
(vm2:m0) -> reducer data size 1221679586
(vm2:m0) -> reducer data size 1221679586
(vm2:m0) -> reducer data size 1221679586
(vm2:m0) -> reducer data size 1221679586
(vm2:m0) -> reducer data size 1221679586
(vm2:m0) -> reducer data size 1221679586
(vm2:m0) -> reducer data size 1221679586
(vm2:m0) -> reducer data size 1221679586
(vm2:m0) -> reducer data size 1221679586
(vm2:m0) -> reducer data size 1221679586
(vm2:m0) -> reducer data size 1221679586
(vm2:m0) -> reducer data size 1221679586
(vm2:m0) -> reducer data size 1221679586
(vm2:m0) Mapper thread started
(vm2:m0) Allocating data for reducer vm1:r0
(vm2:m0) Allocating data for reducer vm2:r0
(vm2:m0) Allocating data for reducer vm3:r0
(vm2:m0) Allocating data for reducer vm4:r0
(vm2:m0) Allocating data for reducer vm5:r0
(vm2:m0) Allocating data for reducer vm6:r0
(vm2:m0) Allocating data for reducer vm7:r0
(vm2:m0) Allocating data for reducer vm8:r0
(vm2:m0) Allocating data for reducer vm9:r0
(vm2:m0) Allocating data for reducer vm10:r0
(vm2:m0) Allocating data for reducer vm11:r0
(vm2:m0) Allocating data for reducer vm12:r0
(vm2:m0) Allocating data for reducer vm13:r0
(vm2:m0) Allocating data for reducer vm14:r0
(vm2:m0) Allocating data for reducer vm15:r0
(vm2:m0) Allocating data for reducer vm16:r0
(vm2:m0) Allocating data for reducer vm17:r0
(vm2:m0) Allocating data for reducer vm18:r0
(vm2:m0) Allocating data for reducer vm19:r0
(vm2:m0) Allocating data for reducer vm20:r0
(vm2:m0) Allocating data for reducer vm21:r0
(vm2:m0) Allocating data for reducer vm22:r0
(vm2:m0) Allocating data for reducer vm23:r0
(vm2:m0) Allocating data for reducer vm24:r0
(vm2:m0) Allocating data for reducer vm25:r0
(vm2:m0) Allocating data for reducer vm26:r0
(vm2:m0) Allocating data for reducer vm27:r0
(vm2:m0) Allocating data for reducer vm28:r0
(vm2:m0) Allocating data for reducer vm29:r0
(vm2:m0) Allocating data for reducer vm30:r0
(vm2:m0) Binding to port 23330
(vm2:r0) New reducer
(vm2:r0) Reducer thread started
(vm2:r0) waiting for START message
(vm2:r0) got START message
(vm2:r0) Starting new connection thread
(vm2:r0) Starting new connection thread
(vm2:r0) Starting new connection thread
(vm2:r0) Starting new connection thread
(vm2:r0) Starting new connection thread
(vm2:r0) Maximum number of connections reached (5), waiting for a thread to finish
(vm2:r0:1) Connection established
(vm2:m0) Got connection from reducer vm1:r0
(vm2:m0) Got connection from reducer vm2:r0
(vm2:r0:4) Connection established
(vm2:r0:3) Connection established
(vm2:m0:1) thread started, have to send 1221679586 bytes
(vm2:m0:0) thread started, have to send 1221679586 bytes
(vm2:r0:2) Connection established
(vm2:m0) Got connection from reducer vm4:r0
(vm2:m0) Got connection from reducer vm3:r0
(vm2:m0) Got connection from reducer vm9:r0
(vm2:m0) Got connection from reducer vm7:r0
(vm2:m0) Got connection from reducer vm6:r0
(vm2:m0) Got connection from reducer vm8:r0
(vm2:m0) Got connection from reducer vm28:r0
(vm2:m0) Got connection from reducer vm16:r0
(vm2:m0) Got connection from reducer vm27:r0
(vm2:m0) Got connection from reducer vm20:r0
(vm2:m0) Got connection from reducer vm17:r0
(vm2:m0) Got connection from reducer vm14:r0
(vm2:m0) Got connection from reducer vm25:r0
(vm2:m0) Got connection from reducer vm29:r0
(vm2:m0) Got connection from reducer vm12:r0
(vm2:m0) Got connection from reducer vm30:r0
(vm2:m0) Got connection from reducer vm19:r0
(vm2:m0) Got connection from reducer vm18:r0
(vm2:m0) Got connection from reducer vm26:r0
(vm2:m0) Got connection from reducer vm22:r0
(vm2:m0) Got connection from reducer vm11:r0
(vm2:m0) Got connection from reducer vm10:r0
(vm2:m0) Got connection from reducer vm24:r0
(vm2:m0) Got connection from reducer vm21:r0
(vm2:m0) Got connection from reducer vm13:r0
(vm2:m0) Got connection from reducer vm23:r0
(vm2:m0) Got connection from reducer vm15:r0
(vm2:r0:0) Connection established
(vm2:m0:28) thread started, have to send 1221679586 bytes
(vm2:m0:25) thread started, have to send 1221679586 bytes
(vm2:m0:9) thread started, have to send 1221679586 bytes
(vm2:m0:23) thread started, have to send 1221679586 bytes
(vm2:m0:7) thread started, have to send 1221679586 bytes
(vm2:m0:19) thread started, have to send 1221679586 bytes
(vm2:m0:29) thread started, have to send 1221679586 bytes
(vm2:m0) Got connection from reducer vm5:r0
(vm2:m0) Waiting for a thread to finish
(vm2:m0:27) thread started, have to send 1221679586 bytes
(vm2:m0:15) thread started, have to send 1221679586 bytes
(vm2:m0:13) thread started, have to send 1221679586 bytes
(vm2:m0:24) thread started, have to send 1221679586 bytes
(vm2:m0:11) thread started, have to send 1221679586 bytes
(vm2:m0:17) thread started, have to send 1221679586 bytes
(vm2:m0:10) thread started, have to send 1221679586 bytes
(vm2:m0:22) thread started, have to send 1221679586 bytes
(vm2:m0:2) thread started, have to send 1221679586 bytes
(vm2:m0:8) thread started, have to send 1221679586 bytes
(vm2:m0:16) thread started, have to send 1221679586 bytes
(vm2:m0:21) thread started, have to send 1221679586 bytes
(vm2:m0:20) thread started, have to send 1221679586 bytes
(vm2:m0:12) thread started, have to send 1221679586 bytes
(vm2:m0:14) thread started, have to send 1221679586 bytes
(vm2:m0:6) thread started, have to send 1221679586 bytes
(vm2:m0:18) thread started, have to send 1221679586 bytes
(vm2:m0:5) thread started, have to send 1221679586 bytes
(vm2:m0:26) thread started, have to send 1221679586 bytes
(vm2:m0:3) thread started, have to send 1221679586 bytes
(vm2:m0:4) thread started, have to send 1221679586 bytes
(vm2:m0:1) all data sent, thread exiting
(vm2:r0:1) Connection finished, received 1221679587 bytes
(vm2:m0:26) all data sent, thread exiting
(vm2:m0:19) all data sent, thread exiting
(vm2:m0:14) all data sent, thread exiting
(vm2:m0:7) all data sent, thread exiting
(vm2:m0:16) all data sent, thread exiting
(vm2:m0:25) all data sent, thread exiting
(vm2:m0:27) all data sent, thread exiting
(vm2:m0:22) all data sent, thread exiting
(vm2:m0:18) all data sent, thread exiting
(vm2:m0:17) all data sent, thread exiting
(vm2:m0:28) all data sent, thread exiting
(vm2:m0:8) all data sent, thread exiting
(vm2:m0:20) all data sent, thread exiting
(vm2:m0:9) all data sent, thread exiting
(vm2:m0:12) all data sent, thread exiting
(vm2:m0:29) all data sent, thread exiting
(vm2:m0:24) all data sent, thread exiting
(vm2:m0:10) all data sent, thread exiting
(vm2:m0:5) all data sent, thread exiting
(vm2:m0:21) all data sent, thread exiting
(vm2:m0:15) all data sent, thread exiting
(vm2:m0:13) all data sent, thread exiting
(vm2:m0:11) all data sent, thread exiting
(vm2:m0:6) all data sent, thread exiting
(vm2:m0:23) all data sent, thread exiting
(vm2:m0:4) all data sent, thread exiting
(vm2:r0:4) Connection finished, received 1221679587 bytes
(vm2:m0:3) all data sent, thread exiting
(vm2:m0:0) all data sent, thread exiting
(vm2:m0) thread 0 joined, 29 connections remaining
(vm2:m0) Waiting for a thread to finish
(vm2:m0) thread 1 joined, 28 connections remaining
(vm2:m0) Waiting for a thread to finish
(vm2:m0:2) all data sent, thread exiting
(vm2:m0) thread 2 joined, 27 connections remaining
(vm2:m0) Waiting for a thread to finish
(vm2:m0) thread 3 joined, 26 connections remaining
(vm2:m0) Waiting for a thread to finish
(vm2:m0) thread 4 joined, 25 connections remaining
(vm2:m0) Waiting for a thread to finish
(vm2:m0) thread 5 joined, 24 connections remaining
(vm2:m0) Waiting for a thread to finish
(vm2:m0) thread 6 joined, 23 connections remaining
(vm2:m0) Waiting for a thread to finish
(vm2:m0) thread 7 joined, 22 connections remaining
(vm2:m0) Waiting for a thread to finish
(vm2:m0) thread 8 joined, 21 connections remaining
(vm2:m0) Waiting for a thread to finish
(vm2:m0) thread 9 joined, 20 connections remaining
(vm2:m0) Waiting for a thread to finish
(vm2:m0) thread 10 joined, 19 connections remaining
(vm2:m0) Waiting for a thread to finish
(vm2:m0) thread 11 joined, 18 connections remaining
(vm2:m0) Waiting for a thread to finish
(vm2:m0) thread 12 joined, 17 connections remaining
(vm2:m0) Waiting for a thread to finish
(vm2:m0) thread 13 joined, 16 connections remaining
(vm2:m0) Waiting for a thread to finish
(vm2:m0) thread 14 joined, 15 connections remaining
(vm2:m0) Waiting for a thread to finish
(vm2:m0) thread 15 joined, 14 connections remaining
(vm2:m0) Waiting for a thread to finish
(vm2:m0) thread 16 joined, 13 connections remaining
(vm2:m0) Waiting for a thread to finish
(vm2:m0) thread 17 joined, 12 connections remaining
(vm2:m0) Waiting for a thread to finish
(vm2:m0) thread 18 joined, 11 connections remaining
(vm2:m0) Waiting for a thread to finish
(vm2:m0) thread 19 joined, 10 connections remaining
(vm2:m0) Waiting for a thread to finish
(vm2:m0) thread 20 joined, 9 connections remaining
(vm2:m0) Waiting for a thread to finish
(vm2:m0) thread 21 joined, 8 connections remaining
(vm2:m0) Waiting for a thread to finish
(vm2:m0) thread 22 joined, 7 connections remaining
(vm2:m0) Waiting for a thread to finish
(vm2:m0) thread 23 joined, 6 connections remaining
(vm2:m0) Waiting for a thread to finish
(vm2:m0) thread 24 joined, 5 connections remaining
(vm2:m0) Waiting for a thread to finish
(vm2:m0) thread 25 joined, 4 connections remaining
(vm2:m0) Waiting for a thread to finish
(vm2:m0) thread 26 joined, 3 connections remaining
(vm2:m0) Waiting for a thread to finish
(vm2:m0) thread 27 joined, 2 connections remaining
(vm2:m0) Waiting for a thread to finish
(vm2:m0) thread 28 joined, 1 connections remaining
(vm2:m0) Waiting for a thread to finish
(vm2:m0) thread 29 joined, 0 connections remaining
(vm2:m0) all done, exiting
*RES* start node vm2:m0
*RES* vm2:m0:0,1404975089011,37688,849,1221679587
*RES* vm2:m0:1,1404975089010,9235,333,1221679587
*RES* vm2:m0:2,1404975089022,37755,848,1221679587
*RES* vm2:m0:3,1404975089027,37299,882,1221679587
*RES* vm2:m0:4,1404975089034,33159,977,1221679587
*RES* vm2:m0:5,1404975089023,30058,857,1221679587
*RES* vm2:m0:6,1404975089023,31044,906,1221679587
*RES* vm2:m0:7,1404975089020,28415,835,1221679587
*RES* vm2:m0:8,1404975089022,29529,848,1221679587
*RES* vm2:m0:9,1404975089020,29638,847,1221679587
*RES* vm2:m0:10,1404975089022,29968,862,1221679587
*RES* vm2:m0:11,1404975089021,30998,902,1221679587
*RES* vm2:m0:12,1404975089023,29814,845,1221679587
*RES* vm2:m0:13,1404975089021,30683,906,1221679587
*RES* vm2:m0:14,1404975089023,27802,837,1221679587
*RES* vm2:m0:15,1404975089021,30645,891,1221679587
*RES* vm2:m0:16,1404975089023,28759,837,1221679587
*RES* vm2:m0:17,1404975089021,29284,844,1221679587
*RES* vm2:m0:18,1404975089023,29257,853,1221679587
*RES* vm2:m0:19,1404975089020,27541,836,1221679587
*RES* vm2:m0:20,1404975089023,29533,853,1221679587
*RES* vm2:m0:21,1404975089023,30472,896,1221679587
*RES* vm2:m0:22,1404975089022,29229,848,1221679587
*RES* vm2:m0:23,1404975089020,31154,905,1221679587
*RES* vm2:m0:24,1404975089021,29919,868,1221679587
*RES* vm2:m0:25,1404975089020,28946,852,1221679587
*RES* vm2:m0:26,1404975089024,27380,833,1221679587
*RES* vm2:m0:27,1404975089021,29231,839,1221679587
*RES* vm2:m0:28,1404975089020,29451,843,1221679587
*RES* vm2:m0:29,1404975089020,29862,856,1221679587
*RES* end node vm2:m0
Node vm2:m0 joined
(vm2:r0:3) Connection finished, received 1221679587 bytes
(vm2:r0:2) Connection finished, received 1221679587 bytes
(vm2:r0:0) Connection finished, received 1221679587 bytes
(vm2:r0) thread 0 joined, 29 connections remaining
(vm2:r0) Starting new connection thread
(vm2:r0) Maximum number of connections reached (5), waiting for a thread to finish
(vm2:r0:0) Connection established
(vm2:r0:0) Connection finished, received 1221679587 bytes
(vm2:r0) thread 0 joined, 28 connections remaining
(vm2:r0) Starting new connection thread
(vm2:r0) Maximum number of connections reached (5), waiting for a thread to finish
(vm2:r0:0) Connection established
(vm2:r0:0) Connection finished, received 1221679587 bytes
(vm2:r0) thread 0 joined, 27 connections remaining
(vm2:r0) Starting new connection thread
(vm2:r0) Maximum number of connections reached (5), waiting for a thread to finish
(vm2:r0:0) Connection established
(vm2:r0:0) Connection finished, received 1221679587 bytes
(vm2:r0) thread 0 joined, 26 connections remaining
(vm2:r0) Starting new connection thread
(vm2:r0) Maximum number of connections reached (5), waiting for a thread to finish
(vm2:r0:0) Connection established
(vm2:r0:0) Connection finished, received 1221679587 bytes
(vm2:r0) thread 0 joined, 25 connections remaining
(vm2:r0) Starting new connection thread
(vm2:r0) Maximum number of connections reached (5), waiting for a thread to finish
(vm2:r0:0) Connection established
(vm2:r0:0) Connection finished, received 1221679587 bytes
(vm2:r0) thread 0 joined, 24 connections remaining
(vm2:r0) Starting new connection thread
(vm2:r0) Maximum number of connections reached (5), waiting for a thread to finish
(vm2:r0:0) Connection established
(vm2:r0:0) Connection finished, received 1221679587 bytes
(vm2:r0) thread 0 joined, 23 connections remaining
(vm2:r0) Starting new connection thread
(vm2:r0) Maximum number of connections reached (5), waiting for a thread to finish
(vm2:r0:0) Connection established
(vm2:r0:0) Connection finished, received 1221679587 bytes
(vm2:r0) thread 0 joined, 22 connections remaining
(vm2:r0) Starting new connection thread
(vm2:r0) Maximum number of connections reached (5), waiting for a thread to finish
(vm2:r0:0) Connection established
(vm2:r0:0) Connection finished, received 1221679587 bytes
(vm2:r0) thread 0 joined, 21 connections remaining
(vm2:r0) Starting new connection thread
(vm2:r0) Maximum number of connections reached (5), waiting for a thread to finish
(vm2:r0:0) Connection established
(vm2:r0:0) Connection finished, received 1221679587 bytes
(vm2:r0) thread 0 joined, 20 connections remaining
(vm2:r0) Starting new connection thread
(vm2:r0) Maximum number of connections reached (5), waiting for a thread to finish
(vm2:r0:0) Connection established
(vm2:r0:0) Connection finished, received 1221679587 bytes
(vm2:r0) thread 0 joined, 19 connections remaining
(vm2:r0) Starting new connection thread
(vm2:r0) Maximum number of connections reached (5), waiting for a thread to finish
(vm2:r0:0) Connection established
(vm2:r0:0) Connection finished, received 1221679587 bytes
(vm2:r0) thread 0 joined, 18 connections remaining
(vm2:r0) Starting new connection thread
(vm2:r0) Maximum number of connections reached (5), waiting for a thread to finish
(vm2:r0:0) Connection established
(vm2:r0:0) Connection finished, received 1221679587 bytes
(vm2:r0) thread 0 joined, 17 connections remaining
(vm2:r0) Starting new connection thread
(vm2:r0) Maximum number of connections reached (5), waiting for a thread to finish
(vm2:r0:0) Connection established
(vm2:r0:0) Connection finished, received 1221679587 bytes
(vm2:r0) thread 0 joined, 16 connections remaining
(vm2:r0) Starting new connection thread
(vm2:r0) Maximum number of connections reached (5), waiting for a thread to finish
(vm2:r0:0) Connection established
(vm2:r0:0) Connection finished, received 1221679587 bytes
(vm2:r0) thread 0 joined, 15 connections remaining
(vm2:r0) Starting new connection thread
(vm2:r0) Maximum number of connections reached (5), waiting for a thread to finish
(vm2:r0:0) Connection established
(vm2:r0:0) Connection finished, received 1221679587 bytes
(vm2:r0) thread 0 joined, 14 connections remaining
(vm2:r0) Starting new connection thread
(vm2:r0) Maximum number of connections reached (5), waiting for a thread to finish
(vm2:r0:0) Connection established
(vm2:r0:0) Connection finished, received 1221679587 bytes
(vm2:r0) thread 0 joined, 13 connections remaining
(vm2:r0) Starting new connection thread
(vm2:r0) Maximum number of connections reached (5), waiting for a thread to finish
(vm2:r0:0) Connection established
(vm2:r0:0) Connection finished, received 1221679587 bytes
(vm2:r0) thread 0 joined, 12 connections remaining
(vm2:r0) Starting new connection thread
(vm2:r0) Maximum number of connections reached (5), waiting for a thread to finish
(vm2:r0:0) Connection established
(vm2:r0:0) Connection finished, received 1221679587 bytes
(vm2:r0) thread 0 joined, 11 connections remaining
(vm2:r0) Starting new connection thread
(vm2:r0) Maximum number of connections reached (5), waiting for a thread to finish
(vm2:r0:0) Connection established
(vm2:r0:0) Connection finished, received 1221679587 bytes
(vm2:r0) thread 0 joined, 10 connections remaining
(vm2:r0) Starting new connection thread
(vm2:r0) Maximum number of connections reached (5), waiting for a thread to finish
(vm2:r0:0) Connection established
(vm2:r0:0) Connection finished, received 1221679587 bytes
(vm2:r0) thread 0 joined, 9 connections remaining
(vm2:r0) Starting new connection thread
(vm2:r0) Maximum number of connections reached (5), waiting for a thread to finish
(vm2:r0:0) Connection established
(vm2:r0:0) Connection finished, received 1221679587 bytes
(vm2:r0) thread 0 joined, 8 connections remaining
(vm2:r0) Starting new connection thread
(vm2:r0) Maximum number of connections reached (5), waiting for a thread to finish
(vm2:r0:0) Connection established
(vm2:r0:0) Connection finished, received 1221679587 bytes
(vm2:r0) thread 0 joined, 7 connections remaining
(vm2:r0) Starting new connection thread
(vm2:r0) Maximum number of connections reached (5), waiting for a thread to finish
(vm2:r0:0) Connection established
(vm2:r0:0) Connection finished, received 1221679587 bytes
(vm2:r0) thread 0 joined, 6 connections remaining
(vm2:r0) Starting new connection thread
(vm2:r0) Maximum number of connections reached (5), waiting for a thread to finish
(vm2:r0:0) Connection established
(vm2:r0:0) Connection finished, received 1221679587 bytes
(vm2:r0) thread 0 joined, 5 connections remaining
(vm2:r0) Starting new connection thread
(vm2:r0) Maximum number of connections reached (5), waiting for a thread to finish
(vm2:r0:0) Connection established
(vm2:r0:0) Connection finished, received 1221679587 bytes
(vm2:r0) thread 0 joined, 4 connections remaining
(vm2:r0) Maximum number of connections reached (4), waiting for a thread to finish
(vm2:r0) thread 1 joined, 3 connections remaining
(vm2:r0) Maximum number of connections reached (3), waiting for a thread to finish
(vm2:r0) thread 2 joined, 2 connections remaining
(vm2:r0) Maximum number of connections reached (2), waiting for a thread to finish
(vm2:r0) thread 3 joined, 1 connections remaining
(vm2:r0) Maximum number of connections reached (1), waiting for a thread to finish
(vm2:r0) thread 4 joined, 0 connections remaining
(vm2:r0) all done, exiting
*RES* start node vm2:r0
*RES* vm2:r0:0,1404975089010,39421,1036,1221679587
*RES* vm2:r0:0,1404975128437,29288,1184,1221679587
*RES* vm2:r0:0,1404975157734,26409,1319,1221679587
*RES* vm2:r0:0,1404975184150,23088,1286,1221679587
*RES* vm2:r0:0,1404975207242,17848,1137,1221679587
*RES* vm2:r0:0,1404975225094,16400,1237,1221679587
*RES* vm2:r0:0,1404975241498,12378,1169,1221679587
*RES* vm2:r0:0,1404975253882,11843,1294,1221679587
*RES* vm2:r0:0,1404975265730,6943,2157,1221679587
*RES* vm2:r0:0,1404975272678,6521,2027,1221679587
*RES* vm2:r0:0,1404975279206,20541,1402,1221679587
*RES* vm2:r0:0,1404975299754,12338,1259,1221679587
*RES* vm2:r0:0,1404975312098,7631,1162,1221679587
*RES* vm2:r0:0,1404975319734,4718,1218,1221679587
*RES* vm2:r0:0,1404975324458,4862,1140,1221679587
*RES* vm2:r0:0,1404975329326,4853,1114,1221679587
*RES* vm2:r0:0,1404975334186,2943,1082,1221679587
*RES* vm2:r0:0,1404975337134,4366,1138,1221679587
*RES* vm2:r0:0,1404975341506,6442,1162,1221679587
*RES* vm2:r0:0,1404975347954,3544,1066,1221679587
*RES* vm2:r0:0,1404975351502,3250,1092,1221679587
*RES* vm2:r0:0,1404975354758,3329,1160,1221679587
*RES* vm2:r0:0,1404975358094,2862,1111,1221679587
*RES* vm2:r0:0,1404975360962,2934,1085,1221679587
*RES* vm2:r0:0,1404975363902,2501,939,1221679587
*RES* vm2:r0:0,1404975366409,4012,832,1221679587
*RES* vm2:r0:1,1404975089009,9262,701,1221679587
*RES* vm2:r0:2,1404975089009,39411,1010,1221679587
*RES* vm2:r0:3,1404975089009,38231,1090,1221679587
*RES* vm2:r0:4,1404975089009,33862,1149,1221679587
*RES* end node vm2:r0
Node vm2:r0 joined
Worker terminating correctly
