OSMeF worker starting
Enabling core dumping
Listening for command connection
CONF: mapper on port 23330
CONF: -> will serve 47 reducers
(main) new thread ID: vm9:m0
(vm9:m0) Mapper thread started
(vm9:m0) Binding to port 23330
(vm9:m0) Got START signal
(vm9:m0) new thread ID: vm9:m0:th0
(vm9:m0:th0) waiting for something to do...
CONF: reducer
(main) new thread ID: vm9:r0
(vm9:r0) Reducer thread started
(vm9:r0) waiting for START message
(main) Waiting for thread vm9:m0 to join...
(vm9:r0) got START message
(vm9:r0) new thread ID: th0
(vm9:r0) new thread ID: th1
(vm9:r0) new thread ID: th2
(vm9:r0) new thread ID: th3
(vm9:r0) new thread ID: th4
(vm9:r0:th4:0) Connection established with mapper vm5:m0
(vm9:r0:th3:0) Connection established with mapper vm4:m0
(vm9:r0:th1:0) Connection established with mapper vm2:m0
(vm9:r0:th2:0) Connection established with mapper vm3:m0
(vm9:r0:th0:0) Connection established with mapper vm1:m0
(vm9:m0) Got connection from reducer vm39:r0
(vm9:m0) new thread ID: vm9:m0:th1
(vm9:m0) Got connection from reducer vm43:r0
(vm9:m0) new thread ID: vm9:m0:th2
(vm9:m0) Got connection from reducer vm47:r0
(vm9:m0) new thread ID: vm9:m0:th3
(vm9:m0:th0) connection started, have to send 4860759 bytes to vm39:r0
(vm9:m0:th2) waiting for something to do...
(vm9:m0) Got connection from reducer vm45:r0
(vm9:m0) new thread ID: vm9:m0:th4
(vm9:m0) Got connection from reducer vm42:r0
(vm9:m0) new thread ID: vm9:m0:th5
(vm9:m0) Got connection from reducer vm46:r0
(vm9:m0) new thread ID: vm9:m0:th6
(vm9:m0) Got connection from reducer vm44:r0
(vm9:m0) new thread ID: vm9:m0:th7
(vm9:m0) Got connection from reducer vm4:r0
(vm9:m0) new thread ID: vm9:m0:th8
(vm9:m0:th3) waiting for something to do...
(vm9:m0:th3) connection started, have to send 4860759 bytes to vm45:r0
(vm9:m0:th1) waiting for something to do...
(vm9:m0:th1) connection started, have to send 4860759 bytes to vm43:r0
(vm9:m0:th2) connection started, have to send 4860759 bytes to vm47:r0
(vm9:m0:th7) waiting for something to do...
(vm9:m0:th7) connection started, have to send 4860759 bytes to vm4:r0
(vm9:m0:th8) waiting for something to do...
(vm9:m0:th6) waiting for something to do...
(vm9:m0:th6) connection started, have to send 4860759 bytes to vm44:r0
(vm9:m0:th5) waiting for something to do...
(vm9:m0:th5) connection started, have to send 4860759 bytes to vm46:r0
(vm9:m0:th4) waiting for something to do...
(vm9:m0:th4) connection started, have to send 4860759 bytes to vm42:r0
(vm9:m0:th0) all data sent, closing connection to vm39:r0
(vm9:m0:th0) waiting for something to do...
(vm9:m0:th3) all data sent, closing connection to vm45:r0
(vm9:m0:th3) waiting for something to do...
(vm9:m0:th2) all data sent, closing connection to vm47:r0
(vm9:m0:th2) waiting for something to do...
(vm9:m0:th1) all data sent, closing connection to vm43:r0
(vm9:m0:th1) waiting for something to do...
(vm9:m0:th6) all data sent, closing connection to vm44:r0
(vm9:m0:th6) waiting for something to do...
(vm9:m0:th4) all data sent, closing connection to vm42:r0
(vm9:m0:th4) waiting for something to do...
(vm9:m0:th5) all data sent, closing connection to vm46:r0
(vm9:m0:th5) waiting for something to do...
(vm9:r0:th2:0) Connection to vm3:m0 finished, received 4860760 bytes
(vm9:r0:th2:1) Connection established with mapper vm8:m0
(vm9:r0:th4:0) Connection to vm5:m0 finished, received 4860760 bytes
(vm9:r0:th4:1) Connection established with mapper vm10:m0
(vm9:r0:th4:1) Connection to vm10:m0 finished, received 4860761 bytes
(vm9:r0:th4:2) Connection established with mapper vm15:m0
(vm9:r0:th4:2) Connection to vm15:m0 finished, received 4860762 bytes
(vm9:r0:th4:3) Connection established with mapper vm20:m0
(vm9:r0:th0:0) Connection to vm1:m0 finished, received 4860760 bytes
(vm9:r0:th0:1) Connection established with mapper vm6:m0
(vm9:r0:th0:1) Connection to vm6:m0 finished, received 4860761 bytes
(vm9:r0:th0:2) Connection established with mapper vm11:m0
(vm9:r0:th0:2) Connection to vm11:m0 finished, received 4860762 bytes
(vm9:r0:th0:3) Connection established with mapper vm16:m0
(vm9:r0:th0:3) Connection to vm16:m0 finished, received 4860763 bytes
(vm9:r0:th0:4) Connection established with mapper vm21:m0
(vm9:r0:th0:4) Connection to vm21:m0 finished, received 4860764 bytes
(vm9:r0:th0:5) Connection established with mapper vm26:m0
(vm9:m0) Got connection from reducer vm10:r0
(vm9:m0:th8) connection started, have to send 4860759 bytes to vm10:r0
(vm9:r0:th3:0) Connection to vm4:m0 finished, received 4860760 bytes
(vm9:r0:th3:1) Connection established with mapper vm9:m0
(vm9:m0) Got connection from reducer vm9:r0
(vm9:m0:th0) connection started, have to send 4860759 bytes to vm9:r0
(vm9:m0:th0) all data sent, closing connection to vm9:r0
(vm9:m0:th0) waiting for something to do...
(vm9:r0:th3:1) Connection to vm9:m0 finished, received 4860761 bytes
(vm9:r0:th3:2) Connection established with mapper vm14:m0
(vm9:r0:th1:0) Connection to vm2:m0 finished, received 4860760 bytes
(vm9:r0:th1:1) Connection established with mapper vm7:m0
(vm9:m0) Got connection from reducer vm19:r0
(vm9:m0:th1) connection started, have to send 4860759 bytes to vm19:r0
(vm9:m0:th1) all data sent, closing connection to vm19:r0
(vm9:m0:th1) waiting for something to do...
(vm9:m0) Got connection from reducer vm7:r0
(vm9:m0:th0) connection started, have to send 4860759 bytes to vm7:r0
(vm9:m0:th0) all data sent, closing connection to vm7:r0
(vm9:m0:th0) waiting for something to do...
(vm9:r0:th1:1) Connection to vm7:m0 finished, received 4860761 bytes
(vm9:r0:th1:2) Connection established with mapper vm12:m0
(vm9:r0:th1:2) Connection to vm12:m0 finished, received 4860762 bytes
(vm9:r0:th2:1) Connection to vm8:m0 finished, received 9721520 bytes
(vm9:m0) Got connection from reducer vm11:r0
(vm9:m0:th1) connection started, have to send 4860759 bytes to vm11:r0
(vm9:m0:th1) all data sent, closing connection to vm11:r0
(vm9:m0:th1) waiting for something to do...
(vm9:r0:th1:3) Connection established with mapper vm17:m0
(vm9:m0) Got connection from reducer vm17:r0
(vm9:m0:th0) connection started, have to send 4860759 bytes to vm17:r0
(vm9:m0:th0) all data sent, closing connection to vm17:r0
(vm9:m0:th0) waiting for something to do...
(vm9:r0:th2:2) Connection established with mapper vm13:m0
(vm9:r0:th1:3) Connection to vm17:m0 finished, received 4860763 bytes
(vm9:r0:th2:2) Connection to vm13:m0 finished, received 9721521 bytes
(vm9:r0:th1:4) Connection established with mapper vm22:m0
(vm9:r0:th2:3) Connection established with mapper vm18:m0
(vm9:r0:th2:3) Connection to vm18:m0 finished, received 9721522 bytes
(vm9:r0:th2:4) Connection established with mapper vm23:m0
(vm9:r0:th1:4) Connection to vm22:m0 finished, received 4860764 bytes
(vm9:r0:th1:5) Connection established with mapper vm27:m0
(vm9:m0) Got connection from reducer vm22:r0
(vm9:m0:th1) connection started, have to send 4860759 bytes to vm22:r0
(vm9:m0:th1) all data sent, closing connection to vm22:r0
(vm9:m0:th1) waiting for something to do...
(vm9:r0:th1:5) Connection to vm27:m0 finished, received 4860765 bytes
(vm9:m0) Got connection from reducer vm2:r0
(vm9:m0:th0) connection started, have to send 4860759 bytes to vm2:r0
(vm9:m0:th0) all data sent, closing connection to vm2:r0
(vm9:m0:th0) waiting for something to do...
(vm9:r0:th1:6) Connection established with mapper vm32:m0
(vm9:m0) Got connection from reducer vm15:r0
(vm9:m0:th1) connection started, have to send 4860759 bytes to vm15:r0
(vm9:m0:th1) all data sent, closing connection to vm15:r0
(vm9:m0:th1) waiting for something to do...
(vm9:m0) Got connection from reducer vm38:r0
(vm9:m0:th0) connection started, have to send 4860759 bytes to vm38:r0
(vm9:m0:th0) all data sent, closing connection to vm38:r0
(vm9:m0:th0) waiting for something to do...
(vm9:m0) Got connection from reducer vm8:r0
(vm9:m0:th1) connection started, have to send 4860759 bytes to vm8:r0
(vm9:m0:th1) all data sent, closing connection to vm8:r0
(vm9:m0:th1) waiting for something to do...
(vm9:m0) Got connection from reducer vm6:r0
(vm9:m0:th0) connection started, have to send 4860759 bytes to vm6:r0
(vm9:m0:th0) all data sent, closing connection to vm6:r0
(vm9:m0:th0) waiting for something to do...
(vm9:m0) Got connection from reducer vm13:r0
(vm9:m0:th1) connection started, have to send 4860759 bytes to vm13:r0
(vm9:m0:th1) all data sent, closing connection to vm13:r0
(vm9:m0:th1) waiting for something to do...
(vm9:m0:th8) all data sent, closing connection to vm10:r0
(vm9:m0:th8) waiting for something to do...
(vm9:m0) Got connection from reducer vm29:r0
(vm9:m0:th0) connection started, have to send 4860759 bytes to vm29:r0
(vm9:m0:th0) all data sent, closing connection to vm29:r0
(vm9:m0:th0) waiting for something to do...
(vm9:m0) Got connection from reducer vm26:r0
(vm9:m0:th1) connection started, have to send 4860759 bytes to vm26:r0
(vm9:m0:th1) all data sent, closing connection to vm26:r0
(vm9:m0:th1) waiting for something to do...
(vm9:r0:th4:3) Connection to vm20:m0 finished, received 9721522 bytes
(vm9:r0:th4:4) Connection established with mapper vm25:m0
(vm9:m0) Got connection from reducer vm30:r0
(vm9:m0) Got connection from reducer vm25:r0
(vm9:m0:th0) connection started, have to send 4860759 bytes to vm30:r0
(vm9:m0:th0) all data sent, closing connection to vm30:r0
(vm9:m0:th0) waiting for something to do...
(vm9:m0:th1) connection started, have to send 4860759 bytes to vm25:r0
(vm9:m0:th1) all data sent, closing connection to vm25:r0
(vm9:m0:th1) waiting for something to do...
(vm9:m0) Got connection from reducer vm18:r0
(vm9:m0:th2) connection started, have to send 4860759 bytes to vm18:r0
(vm9:m0:th2) all data sent, closing connection to vm18:r0
(vm9:m0:th2) waiting for something to do...
(vm9:m0) Got connection from reducer vm24:r0
(vm9:m0:th0) connection started, have to send 4860759 bytes to vm24:r0
(vm9:m0:th0) all data sent, closing connection to vm24:r0
(vm9:m0:th0) waiting for something to do...
(vm9:m0) Got connection from reducer vm20:r0
(vm9:m0:th1) connection started, have to send 4860759 bytes to vm20:r0
(vm9:m0:th1) all data sent, closing connection to vm20:r0
(vm9:m0:th1) waiting for something to do...
(vm9:r0:th3:2) Connection to vm14:m0 finished, received 9721521 bytes
(vm9:r0:th3:3) Connection established with mapper vm19:m0
(vm9:m0) Got connection from reducer vm21:r0
(vm9:m0:th0) connection started, have to send 4860759 bytes to vm21:r0
(vm9:m0:th0) all data sent, closing connection to vm21:r0
(vm9:m0:th0) waiting for something to do...
(vm9:r0:th3:3) Connection to vm19:m0 finished, received 9721522 bytes
(vm9:r0:th3:4) Connection established with mapper vm24:m0
(vm9:r0:th3:4) Connection to vm24:m0 finished, received 9721523 bytes
(vm9:m0) Got connection from reducer vm34:r0
(vm9:m0:th1) connection started, have to send 4860759 bytes to vm34:r0
(vm9:m0:th1) all data sent, closing connection to vm34:r0
(vm9:m0:th1) waiting for something to do...
(vm9:r0:th0:5) Connection to vm26:m0 finished, received 9721524 bytes
(vm9:m0) Got connection from reducer vm33:r0
(vm9:m0:th0) connection started, have to send 4860759 bytes to vm33:r0
(vm9:m0:th0) all data sent, closing connection to vm33:r0
(vm9:m0:th0) waiting for something to do...
(vm9:r0:th3:5) Connection established with mapper vm29:m0
(vm9:r0:th0:6) Connection established with mapper vm31:m0
(vm9:m0) Got connection from reducer vm36:r0
(vm9:m0:th1) connection started, have to send 4860759 bytes to vm36:r0
(vm9:m0:th1) all data sent, closing connection to vm36:r0
(vm9:m0:th1) waiting for something to do...
(vm9:r0:th0:6) Connection to vm31:m0 finished, received 9721525 bytes
(vm9:r0:th0:7) Connection established with mapper vm36:m0
(vm9:m0) Got connection from reducer vm40:r0
(vm9:m0:th0) connection started, have to send 4860759 bytes to vm40:r0
(vm9:m0:th0) all data sent, closing connection to vm40:r0
(vm9:m0:th0) waiting for something to do...
(vm9:m0) Got connection from reducer vm14:r0
(vm9:m0:th1) connection started, have to send 4860759 bytes to vm14:r0
(vm9:m0:th1) all data sent, closing connection to vm14:r0
(vm9:m0:th1) waiting for something to do...
(vm9:m0) Got connection from reducer vm28:r0
(vm9:m0) Got connection from reducer vm1:r0
(vm9:m0:th0) connection started, have to send 4860759 bytes to vm28:r0
(vm9:m0:th0) all data sent, closing connection to vm28:r0
(vm9:m0:th0) waiting for something to do...
(vm9:m0:th1) connection started, have to send 4860759 bytes to vm1:r0
(vm9:m0:th1) all data sent, closing connection to vm1:r0
(vm9:m0:th1) waiting for something to do...
(vm9:m0) Got connection from reducer vm32:r0
(vm9:m0:th2) connection started, have to send 4860759 bytes to vm32:r0
(vm9:m0:th2) all data sent, closing connection to vm32:r0
(vm9:m0:th2) waiting for something to do...
(vm9:m0) Got connection from reducer vm16:r0
(vm9:m0:th0) connection started, have to send 4860759 bytes to vm16:r0
(vm9:m0:th0) all data sent, closing connection to vm16:r0
(vm9:m0:th0) waiting for something to do...
(vm9:m0) Got connection from reducer vm12:r0
(vm9:m0) Got connection from reducer vm35:r0
(vm9:m0:th1) connection started, have to send 4860759 bytes to vm12:r0
(vm9:m0:th0) connection started, have to send 4860759 bytes to vm35:r0
(vm9:m0:th0) all data sent, closing connection to vm35:r0
(vm9:m0:th0) waiting for something to do...
(vm9:m0:th1) all data sent, closing connection to vm12:r0
(vm9:m0:th1) waiting for something to do...
(vm9:m0) Got connection from reducer vm37:r0
(vm9:m0:th2) connection started, have to send 4860759 bytes to vm37:r0
(vm9:m0:th2) all data sent, closing connection to vm37:r0
(vm9:m0:th2) waiting for something to do...
(vm9:m0) Got connection from reducer vm23:r0
(vm9:m0:th0) connection started, have to send 4860759 bytes to vm23:r0
(vm9:m0:th0) all data sent, closing connection to vm23:r0
(vm9:m0:th0) waiting for something to do...
(vm9:m0) Got connection from reducer vm5:r0
(vm9:m0:th0) connection started, have to send 4860759 bytes to vm5:r0
(vm9:m0:th0) all data sent, closing connection to vm5:r0
(vm9:m0:th0) waiting for something to do...
(vm9:m0) Got connection from reducer vm31:r0
(vm9:m0:th1) connection started, have to send 4860759 bytes to vm31:r0
(vm9:m0:th1) all data sent, closing connection to vm31:r0
(vm9:m0:th1) waiting for something to do...
(vm9:m0) Got connection from reducer vm3:r0
(vm9:m0:th0) connection started, have to send 4860759 bytes to vm3:r0
(vm9:m0:th0) all data sent, closing connection to vm3:r0
(vm9:m0:th0) waiting for something to do...
(vm9:m0) Got connection from reducer vm41:r0
(vm9:m0:th1) connection started, have to send 4860759 bytes to vm41:r0
(vm9:m0:th1) all data sent, closing connection to vm41:r0
(vm9:m0:th1) waiting for something to do...
(vm9:m0:th7) all data sent, closing connection to vm4:r0
(vm9:m0:th7) waiting for something to do...
(vm9:r0:th2:4) Connection to vm23:m0 finished, received 14582282 bytes
(vm9:r0:th2:5) Connection established with mapper vm28:m0
(vm9:r0:th4:4) Connection to vm25:m0 finished, received 14582282 bytes
(vm9:r0:th1:6) Connection to vm32:m0 finished, received 9721525 bytes
(vm9:r0:th1:7) Connection established with mapper vm37:m0
(vm9:r0:th1:7) Connection to vm37:m0 finished, received 9721526 bytes
(vm9:r0:th4:5) Connection established with mapper vm30:m0
(vm9:r0:th1:8) Connection established with mapper vm42:m0
(vm9:r0:th4:5) Connection to vm30:m0 finished, received 14582283 bytes
(vm9:r0:th4:6) Connection established with mapper vm35:m0
(vm9:m0) Got connection from reducer vm27:r0
(vm9:m0) All reducers connected, waiting for threads to terminate
(vm9:m0) waiting on semaphore
(vm9:m0) -> 1 threads still running
(vm9:m0) waiting on semaphore
(vm9:m0) -> 1 threads still running
(vm9:m0) waiting on semaphore
(vm9:m0) -> 1 threads still running
(vm9:m0) waiting on semaphore
(vm9:m0) -> 1 threads still running
(vm9:m0) waiting on semaphore
(vm9:m0) -> 1 threads still running
(vm9:m0) waiting on semaphore
(vm9:m0) -> 1 threads still running
(vm9:m0) waiting on semaphore
(vm9:m0) -> 1 threads still running
(vm9:m0) waiting on semaphore
(vm9:m0) -> 1 threads still running
(vm9:m0) waiting on semaphore
(vm9:m0) -> 1 threads still running
(vm9:m0) waiting on semaphore
(vm9:m0) -> 1 threads still running
(vm9:m0) waiting on semaphore
(vm9:m0) -> 1 threads still running
(vm9:m0) waiting on semaphore
(vm9:m0) -> 1 threads still running
(vm9:m0) waiting on semaphore
(vm9:m0) -> 1 threads still running
(vm9:m0) waiting on semaphore
(vm9:m0) -> 1 threads still running
(vm9:m0) waiting on semaphore
(vm9:m0) -> 1 threads still running
(vm9:m0) waiting on semaphore
(vm9:m0) -> 1 threads still running
(vm9:m0) waiting on semaphore
(vm9:m0) -> 1 threads still running
(vm9:m0) waiting on semaphore
(vm9:m0) -> 1 threads still running
(vm9:m0) waiting on semaphore
(vm9:m0) -> 1 threads still running
(vm9:m0) waiting on semaphore
(vm9:m0) -> 1 threads still running
(vm9:m0) waiting on semaphore
(vm9:m0) -> 1 threads still running
(vm9:m0) waiting on semaphore
(vm9:m0) -> 1 threads still running
(vm9:m0) waiting on semaphore
(vm9:m0) -> 1 threads still running
(vm9:m0) waiting on semaphore
(vm9:m0) -> 1 threads still running
(vm9:m0) waiting on semaphore
(vm9:m0) -> 1 threads still running
(vm9:m0) waiting on semaphore
(vm9:m0) -> 1 threads still running
(vm9:m0) waiting on semaphore
(vm9:m0) -> 1 threads still running
(vm9:m0) waiting on semaphore
(vm9:m0) -> 1 threads still running
(vm9:m0) waiting on semaphore
(vm9:m0) -> 1 threads still running
(vm9:m0) waiting on semaphore
(vm9:m0) -> 1 threads still running
(vm9:m0) waiting on semaphore
(vm9:m0) -> 1 threads still running
(vm9:m0) waiting on semaphore
(vm9:m0) -> 1 threads still running
(vm9:m0) waiting on semaphore
(vm9:m0) -> 1 threads still running
(vm9:m0) waiting on semaphore
(vm9:m0) -> 1 threads still running
(vm9:m0) waiting on semaphore
(vm9:m0) -> 1 threads still running
(vm9:m0) waiting on semaphore
(vm9:m0) -> 1 threads still running
(vm9:m0) waiting on semaphore
(vm9:m0) -> 1 threads still running
(vm9:m0) waiting on semaphore
(vm9:m0) -> 1 threads still running
(vm9:m0) waiting on semaphore
(vm9:m0) -> 1 threads still running
(vm9:m0) waiting on semaphore
(vm9:m0:th0) connection started, have to send 4860759 bytes to vm27:r0
(vm9:m0:th0) all data sent, closing connection to vm27:r0
(vm9:m0:th0) waiting for something to do...
(vm9:m0) Sending exit signal to all threads
(vm9:m0:th1) got exit signal
(vm9:m0:th2) got exit signal
(vm9:m0:th3) got exit signal
(vm9:m0:th4) got exit signal
(vm9:m0:th5) got exit signal
(vm9:m0:th6) got exit signal
(vm9:m0:th8) got exit signal
(vm9:m0:th0) got exit signal
(vm9:m0:th7) got exit signal
(vm9:m0) thread vm9:m0:th0 joined
(vm9:m0) thread vm9:m0:th1 joined
(vm9:m0) thread vm9:m0:th2 joined
(vm9:m0) thread vm9:m0:th3 joined
(vm9:m0) thread vm9:m0:th4 joined
(vm9:m0) thread vm9:m0:th5 joined
(vm9:m0) thread vm9:m0:th6 joined
(vm9:m0) thread vm9:m0:th7 joined
(vm9:m0) thread vm9:m0:th8 joined
(vm9:m0) all done, exiting
*RES* start node vm9:m0
*RES* vm9:m0:th0,1406563660181,59,6,4860760
*RES* vm9:m0:th1,1406563660183,77,5,4860760
*RES* vm9:m0:th0,1406563660474,0,7,4860760
*RES* vm9:m0:th1,1406563660493,0,6,4860760
*RES* vm9:m0:th0,1406563660494,0,7,4860760
*RES* vm9:m0:th1,1406563660505,0,6,4860760
*RES* vm9:m0:th0,1406563660508,0,7,4860760
*RES* vm9:m0:th1,1406563660529,0,6,4860760
*RES* vm9:m0:th0,1406563660534,0,7,4860760
*RES* vm9:m0:th1,1406563660539,0,6,4860760
*RES* vm9:m0:th0,1406563660540,0,7,4860760
*RES* vm9:m0:th1,1406563660542,0,6,4860760
*RES* vm9:m0:th0,1406563660542,1,7,4860760
*RES* vm9:m0:th1,1406563660545,0,6,4860760
*RES* vm9:m0:th0,1406563660560,0,7,4860760
*RES* vm9:m0:th1,1406563660566,0,6,4860760
*RES* vm9:m0:th2,1406563660184,65,5,4860760
*RES* vm9:m0:th0,1406563660577,0,7,4860760
*RES* vm9:m0:th1,1406563660577,0,6,4860760
*RES* vm9:m0:th0,1406563660587,0,8,4860760
*RES* vm9:m0:th1,1406563660592,0,6,4860760
*RES* vm9:m0:th0,1406563660597,0,8,4860760
*RES* vm9:m0:th1,1406563660604,0,6,4860760
*RES* vm9:m0:th0,1406563660604,0,8,4860760
*RES* vm9:m0:th1,1406563660609,1,6,4860760
*RES* vm9:m0:th0,1406563660623,0,8,4860760
*RES* vm9:m0:th1,1406563660627,0,7,4860760
*RES* vm9:m0:th2,1406563660582,0,5,4860760
*RES* vm9:m0:th0,1406563660637,0,8,4860760
*RES* vm9:m0:th1,1406563660637,0,7,4860760
*RES* vm9:m0:th0,1406563660653,0,8,4860760
*RES* vm9:m0:th2,1406563660651,0,5,4860760
*RES* vm9:m0:th0,1406563660662,0,8,4860760
*RES* vm9:m0:th0,1406563660668,0,8,4860760
*RES* vm9:m0:th1,1406563660662,0,7,4860760
*RES* vm9:m0:th0,1406563660677,0,9,4860760
*RES* vm9:m0:th1,1406563660679,0,7,4860760
*RES* vm9:m0:th0,1406563660683,0,9,4860760
*RES* vm9:m0:th0,1406563660753,0,9,4860760
*RES* vm9:m0:th1,1406563660686,0,7,4860760
*RES* vm9:m0:th2,1406563660663,0,5,4860760
*RES* vm9:m0:th3,1406563660183,58,5,4860760
*RES* vm9:m0:th4,1406563660184,86,5,4860760
*RES* vm9:m0:th5,1406563660184,119,6,4860760
*RES* vm9:m0:th6,1406563660184,78,6,4860760
*RES* vm9:m0:th7,1406563660184,530,9,4860760
*RES* vm9:m0:th8,1406563660461,94,5,4860760
*RES* end node vm9:m0
(main) Thread vm9:m0 joined
(main) Waiting for thread vm9:r0 to join...
(vm9:r0:th0:7) Connection to vm36:m0 finished, received 14582285 bytes
(vm9:r0:th0:8) Connection established with mapper vm41:m0
(vm9:r0:th0:8) Connection to vm41:m0 finished, received 14582286 bytes
(vm9:r0:th0:9) Connection established with mapper vm46:m0
(vm9:r0:th4:6) Connection to vm35:m0 finished, received 19443043 bytes
(vm9:r0:th4:7) Connection established with mapper vm40:m0
(vm9:r0:th1:8) Connection to vm42:m0 finished, received 14582286 bytes
(vm9:r0:th1:9) Connection established with mapper vm47:m0
(vm9:r0:th0:9) Connection to vm46:m0 finished, received 19443046 bytes
(vm9:r0:th0) Got data from all mappers, this reducer connection has finished.
(vm9:r0) thread th0 joined, 4 connection threads remaining
(vm9:r0:th3:5) Connection to vm29:m0 finished, received 14582283 bytes
(vm9:r0:th3:6) Connection established with mapper vm34:m0
(vm9:r0:th3:6) Connection to vm34:m0 finished, received 14582284 bytes
(vm9:r0:th3:7) Connection established with mapper vm39:m0
(vm9:r0:th3:7) Connection to vm39:m0 finished, received 14582285 bytes
(vm9:r0:th3:8) Connection established with mapper vm44:m0
(vm9:r0:th3:8) Connection to vm44:m0 finished, received 14582286 bytes
(vm9:r0:th3) Got data from all mappers, this reducer connection has finished.
(vm9:r0:th1:9) Connection to vm47:m0 finished, received 19443046 bytes
(vm9:r0:th1) Got data from all mappers, this reducer connection has finished.
(vm9:r0) thread th1 joined, 3 connection threads remaining
(vm9:r0:th2:5) Connection to vm28:m0 finished, received 19443042 bytes
(vm9:r0:th4:7) Connection to vm40:m0 finished, received 24303803 bytes
(vm9:r0:th2:6) Connection established with mapper vm33:m0
(vm9:r0:th4:8) Connection established with mapper vm45:m0
(vm9:r0:th2:6) Connection to vm33:m0 finished, received 19443043 bytes
(vm9:r0:th2:7) Connection established with mapper vm38:m0
(vm9:r0:th2:7) Connection to vm38:m0 finished, received 19443044 bytes
(vm9:r0:th2:8) Connection established with mapper vm43:m0
(vm9:r0:th2:8) Connection to vm43:m0 finished, received 19443045 bytes
(vm9:r0:th2) Got data from all mappers, this reducer connection has finished.
(vm9:r0) thread th2 joined, 2 connection threads remaining
(vm9:r0) thread th3 joined, 1 connection threads remaining
(vm9:r0:th4:8) Connection to vm45:m0 finished, received 29164563 bytes
(vm9:r0:th4) Got data from all mappers, this reducer connection has finished.
(vm9:r0) thread th4 joined, 0 connection threads remaining
(vm9:r0) all done, exiting
*RES* start node vm9:r0
*RES* vm9:r0:th0:0,1406563660142,301,9,4860760
*RES* vm9:r0:th0:1,1406563660442,2,9,4860761
*RES* vm9:r0:th0:2,1406563660444,2,10,4860762
*RES* vm9:r0:th0:3,1406563660446,2,10,4860763
*RES* vm9:r0:th0:4,1406563660449,11,10,4860764
*RES* vm9:r0:th0:5,1406563660460,144,18,9721524
*RES* vm9:r0:th0:6,1406563660604,6,19,9721525
*RES* vm9:r0:th0:7,1406563660609,209,28,14582285
*RES* vm9:r0:th0:8,1406563660818,5,28,14582286
*RES* vm9:r0:th0:9,1406563660824,180,38,19443046
*RES* vm9:r0:th1:0,1406563660142,343,10,4860760
*RES* vm9:r0:th1:1,1406563660485,11,11,4860761
*RES* vm9:r0:th1:2,1406563660496,5,11,4860762
*RES* vm9:r0:th1:3,1406563660501,9,11,4860763
*RES* vm9:r0:th1:4,1406563660510,6,11,4860764
*RES* vm9:r0:th1:5,1406563660515,15,11,4860765
*RES* vm9:r0:th1:6,1406563660531,212,22,9721525
*RES* vm9:r0:th1:7,1406563660743,3,22,9721526
*RES* vm9:r0:th1:8,1406563660745,168,30,14582286
*RES* vm9:r0:th1:9,1406563660914,142,40,19443046
*RES* vm9:r0:th2:0,1406563660141,250,11,4860760
*RES* vm9:r0:th2:1,1406563660392,113,18,9721520
*RES* vm9:r0:th2:2,1406563660505,5,18,9721521
*RES* vm9:r0:th2:3,1406563660510,2,18,9721522
*RES* vm9:r0:th2:4,1406563660512,207,26,14582282
*RES* vm9:r0:th2:5,1406563660718,344,38,19443042
*RES* vm9:r0:th2:6,1406563661063,4,39,19443043
*RES* vm9:r0:th2:7,1406563661067,1,39,19443044
*RES* vm9:r0:th2:8,1406563661068,7,39,19443045
*RES* vm9:r0:th3:0,1406563660141,332,11,4860760
*RES* vm9:r0:th3:1,1406563660473,0,11,4860761
*RES* vm9:r0:th3:2,1406563660474,120,18,9721521
*RES* vm9:r0:th3:3,1406563660594,2,18,9721522
*RES* vm9:r0:th3:4,1406563660597,5,18,9721523
*RES* vm9:r0:th3:5,1406563660602,409,29,14582283
*RES* vm9:r0:th3:6,1406563661011,1,30,14582284
*RES* vm9:r0:th3:7,1406563661012,1,30,14582285
*RES* vm9:r0:th3:8,1406563661014,4,30,14582286
*RES* vm9:r0:th4:0,1406563660141,293,10,4860760
*RES* vm9:r0:th4:1,1406563660434,4,10,4860761
*RES* vm9:r0:th4:2,1406563660438,1,10,4860762
*RES* vm9:r0:th4:3,1406563660440,129,18,9721522
*RES* vm9:r0:th4:4,1406563660569,171,27,14582282
*RES* vm9:r0:th4:5,1406563660740,10,28,14582283
*RES* vm9:r0:th4:6,1406563660750,89,35,19443043
*RES* vm9:r0:th4:7,1406563660840,223,43,24303803
*RES* vm9:r0:th4:8,1406563661063,105,51,29164563
*RES* end node vm9:r0
(main) Thread vm9:r0 joined
Worker terminating correctly
