OSMeF worker starting
Enabling core dumping
Listening for command connection
(vm26:m0) New mapper on port 23330
(vm26:m0) -> reducer data size 12767441
(vm26:m0) -> reducer data size 12767441
(vm26:m0) -> reducer data size 12767441
(vm26:m0) -> reducer data size 12767441
(vm26:m0) -> reducer data size 12767441
(vm26:m0) -> reducer data size 12767441
(vm26:m0) -> reducer data size 12767441
(vm26:m0) -> reducer data size 12767441
(vm26:m0) -> reducer data size 12767441
(vm26:m0) -> reducer data size 12767441
(vm26:m0) -> reducer data size 12767441
(vm26:m0) -> reducer data size 12767441
(vm26:m0) -> reducer data size 12767441
(vm26:m0) -> reducer data size 12767441
(vm26:m0) -> reducer data size 12767441
(vm26:m0) -> reducer data size 12767441
(vm26:m0) -> reducer data size 12767441
(vm26:m0) -> reducer data size 12767441
(vm26:m0) -> reducer data size 12767441
(vm26:m0) -> reducer data size 12767441
(vm26:m0) -> reducer data size 12767441
(vm26:m0) -> reducer data size 12767441
(vm26:m0) -> reducer data size 12767441
(vm26:m0) -> reducer data size 12767441
(vm26:m0) -> reducer data size 12767441
(vm26:m0) -> reducer data size 12767441
(vm26:m0) -> reducer data size 12767441
(vm26:m0) -> reducer data size 12767441
(vm26:m0) -> reducer data size 12767441
(vm26:m0) Mapper thread started
(vm26:m0) Allocating data for reducer vm1:r0
(vm26:m0) Allocating data for reducer vm2:r0
(vm26:m0) Allocating data for reducer vm3:r0
(vm26:m0) Allocating data for reducer vm4:r0
(vm26:m0) Allocating data for reducer vm5:r0
(vm26:m0) Allocating data for reducer vm6:r0
(vm26:m0) Allocating data for reducer vm7:r0
(vm26:m0) Allocating data for reducer vm8:r0
(vm26:m0) Allocating data for reducer vm9:r0
(vm26:m0) Allocating data for reducer vm10:r0
(vm26:m0) Allocating data for reducer vm11:r0
(vm26:m0) Allocating data for reducer vm12:r0
(vm26:m0) Allocating data for reducer vm13:r0
(vm26:m0) Allocating data for reducer vm14:r0
(vm26:m0) Allocating data for reducer vm15:r0
(vm26:m0) Allocating data for reducer vm16:r0
(vm26:m0) Allocating data for reducer vm17:r0
(vm26:m0) Allocating data for reducer vm18:r0
(vm26:m0) Allocating data for reducer vm19:r0
(vm26:m0) Allocating data for reducer vm20:r0
(vm26:m0) Allocating data for reducer vm21:r0
(vm26:m0) Allocating data for reducer vm22:r0
(vm26:m0) Allocating data for reducer vm23:r0
(vm26:m0) Allocating data for reducer vm24:r0
(vm26:m0) Allocating data for reducer vm25:r0
(vm26:m0) Allocating data for reducer vm26:r0
(vm26:m0) Allocating data for reducer vm27:r0
(vm26:m0) Allocating data for reducer vm28:r0
(vm26:m0) Allocating data for reducer vm29:r0
(vm26:m0) Binding to port 23330
(vm26:r0) New reducer
(vm26:r0) Reducer thread started
(vm26:r0) waiting for START message
(vm26:r0) got START message
(vm26:r0) Starting new connection thread
(vm26:r0) Starting new connection thread
(vm26:r0) Starting new connection thread
(vm26:r0) Starting new connection thread
(vm26:r0) Starting new connection thread
(vm26:r0) Maximum number of connections reached (5), waiting for a thread to finish
(vm26:r0:1) Connection established
(vm26:r0:3) Connection established
(vm26:r0:2) Connection established
(vm26:r0:0) Connection established
(vm26:r0:4) Connection established
(vm26:r0:3) Connection finished, received 12767442 bytes
(vm26:r0:1) Connection finished, received 12767442 bytes
(vm26:r0:2) Connection finished, received 12767442 bytes
(vm26:r0:0) Connection finished, received 12767442 bytes
(vm26:r0) thread 0 joined, 28 connections remaining
(vm26:r0) Starting new connection thread
(vm26:r0) Maximum number of connections reached (5), waiting for a thread to finish
(vm26:r0:0) Connection established
(vm26:r0:4) Connection finished, received 12767442 bytes
(vm26:r0:0) Connection finished, received 12767442 bytes
(vm26:r0) thread 0 joined, 27 connections remaining
(vm26:r0) Starting new connection thread
(vm26:r0) Maximum number of connections reached (5), waiting for a thread to finish
(vm26:r0:0) Connection established
(vm26:r0:0) Connection finished, received 12767442 bytes
(vm26:r0) thread 0 joined, 26 connections remaining
(vm26:r0) Starting new connection thread
(vm26:r0) Maximum number of connections reached (5), waiting for a thread to finish
(vm26:r0:0) Connection established
(vm26:r0:0) Connection finished, received 12767442 bytes
(vm26:r0) thread 0 joined, 25 connections remaining
(vm26:r0) Starting new connection thread
(vm26:r0) Maximum number of connections reached (5), waiting for a thread to finish
(vm26:r0:0) Connection established
(vm26:r0:0) Connection finished, received 12767442 bytes
(vm26:r0) thread 0 joined, 24 connections remaining
(vm26:r0) Starting new connection thread
(vm26:r0) Maximum number of connections reached (5), waiting for a thread to finish
(vm26:r0:0) Connection established
(vm26:m0) Got connection from reducer vm1:r0
(vm26:m0:0) thread started, have to send 12767441 bytes
(vm26:m0:0) all data sent, thread exiting
(vm26:r0:0) Connection finished, received 12767442 bytes
(vm26:r0) thread 0 joined, 23 connections remaining
(vm26:r0) Starting new connection thread
(vm26:r0) Maximum number of connections reached (5), waiting for a thread to finish
(vm26:r0:0) Connection established
(vm26:r0:0) Connection finished, received 12767442 bytes
(vm26:r0) thread 0 joined, 22 connections remaining
(vm26:r0) Starting new connection thread
(vm26:r0) Maximum number of connections reached (5), waiting for a thread to finish
(vm26:r0:0) Connection established
(vm26:r0:0) Connection finished, received 12767442 bytes
(vm26:r0) thread 0 joined, 21 connections remaining
(vm26:r0) Starting new connection thread
(vm26:r0) Maximum number of connections reached (5), waiting for a thread to finish
(vm26:r0:0) Connection established
(vm26:r0:0) Connection finished, received 12767442 bytes
(vm26:r0) thread 0 joined, 20 connections remaining
(vm26:r0) Starting new connection thread
(vm26:r0) Maximum number of connections reached (5), waiting for a thread to finish
(vm26:r0:0) Connection established
(vm26:r0:0) Connection finished, received 12767442 bytes
(vm26:r0) thread 0 joined, 19 connections remaining
(vm26:r0) Starting new connection thread
(vm26:r0) Maximum number of connections reached (5), waiting for a thread to finish
(vm26:r0:0) Connection established
(vm26:r0:0) Connection finished, received 12767442 bytes
(vm26:r0) thread 0 joined, 18 connections remaining
(vm26:r0) Starting new connection thread
(vm26:r0) Maximum number of connections reached (5), waiting for a thread to finish
(vm26:r0:0) Connection established
(vm26:r0:0) Connection finished, received 12767442 bytes
(vm26:r0) thread 0 joined, 17 connections remaining
(vm26:r0) Starting new connection thread
(vm26:r0) Maximum number of connections reached (5), waiting for a thread to finish
(vm26:r0:0) Connection established
(vm26:m0) Got connection from reducer vm18:r0
(vm26:m0:17) thread started, have to send 12767441 bytes
(vm26:m0) Got connection from reducer vm8:r0
(vm26:r0:0) Connection finished, received 12767442 bytes
(vm26:r0) thread 0 joined, 16 connections remaining
(vm26:r0) Starting new connection thread
(vm26:r0) Maximum number of connections reached (5), waiting for a thread to finish
(vm26:m0:7) thread started, have to send 12767441 bytes
(vm26:r0:0) Connection established
(vm26:m0:7) all data sent, thread exiting
(vm26:m0:17) all data sent, thread exiting
(vm26:r0:0) Connection finished, received 12767442 bytes
(vm26:r0) thread 0 joined, 15 connections remaining
(vm26:r0) Starting new connection thread
(vm26:r0) Maximum number of connections reached (5), waiting for a thread to finish
(vm26:r0:0) Connection established
(vm26:r0:0) Connection finished, received 12767442 bytes
(vm26:r0) thread 0 joined, 14 connections remaining
(vm26:r0) Starting new connection thread
(vm26:r0) Maximum number of connections reached (5), waiting for a thread to finish
(vm26:r0:0) Connection established
(vm26:m0) Got connection from reducer vm25:r0
(vm26:m0:24) thread started, have to send 12767441 bytes
(vm26:r0:0) Connection finished, received 12767442 bytes
(vm26:r0) thread 0 joined, 13 connections remaining
(vm26:r0) Starting new connection thread
(vm26:r0) Maximum number of connections reached (5), waiting for a thread to finish
(vm26:r0:0) Connection established
(vm26:m0) Got connection from reducer vm4:r0
(vm26:m0:3) thread started, have to send 12767441 bytes
(vm26:m0) Got connection from reducer vm23:r0
(vm26:m0:22) thread started, have to send 12767441 bytes
(vm26:m0:24) all data sent, thread exiting
(vm26:m0) Got connection from reducer vm6:r0
(vm26:m0:5) thread started, have to send 12767441 bytes
(vm26:m0) Got connection from reducer vm29:r0
(vm26:m0:28) thread started, have to send 12767441 bytes
(vm26:r0:0) Connection finished, received 12767442 bytes
(vm26:r0) thread 0 joined, 12 connections remaining
(vm26:r0) Starting new connection thread
(vm26:r0) Maximum number of connections reached (5), waiting for a thread to finish
(vm26:m0:3) all data sent, thread exiting
(vm26:r0:0) Connection established
(vm26:m0) Got connection from reducer vm7:r0
(vm26:m0:6) thread started, have to send 12767441 bytes
(vm26:m0:5) all data sent, thread exiting
(vm26:m0:28) all data sent, thread exiting
(vm26:m0:22) all data sent, thread exiting
(vm26:m0:6) all data sent, thread exiting
(vm26:r0:0) Connection finished, received 12767442 bytes
(vm26:r0) thread 0 joined, 11 connections remaining
(vm26:r0) Starting new connection thread
(vm26:r0) Maximum number of connections reached (5), waiting for a thread to finish
(vm26:r0:0) Connection established
(vm26:r0:0) Connection finished, received 12767442 bytes
(vm26:r0) thread 0 joined, 10 connections remaining
(vm26:r0) Starting new connection thread
(vm26:r0) Maximum number of connections reached (5), waiting for a thread to finish
(vm26:r0:0) Connection established
(vm26:m0) Got connection from reducer vm20:r0
(vm26:m0:19) thread started, have to send 12767441 bytes
(vm26:m0) Got connection from reducer vm3:r0
(vm26:m0:2) thread started, have to send 12767441 bytes
(vm26:m0) Got connection from reducer vm10:r0
(vm26:m0:9) thread started, have to send 12767441 bytes
(vm26:m0) Got connection from reducer vm21:r0
(vm26:m0:20) thread started, have to send 12767441 bytes
(vm26:m0:19) all data sent, thread exiting
(vm26:r0:0) Connection finished, received 12767442 bytes
(vm26:r0) thread 0 joined, 9 connections remaining
(vm26:r0) Starting new connection thread
(vm26:r0) Maximum number of connections reached (5), waiting for a thread to finish
(vm26:m0:2) all data sent, thread exiting
(vm26:m0:9) all data sent, thread exiting
(vm26:r0:0) Connection established
(vm26:m0:20) all data sent, thread exiting
(vm26:m0) Got connection from reducer vm13:r0
(vm26:m0:12) thread started, have to send 12767441 bytes
(vm26:m0) Got connection from reducer vm12:r0
(vm26:m0:11) thread started, have to send 12767441 bytes
(vm26:m0) Got connection from reducer vm5:r0
(vm26:m0:4) thread started, have to send 12767441 bytes
(vm26:r0:0) Connection finished, received 12767442 bytes
(vm26:r0) thread 0 joined, 8 connections remaining
(vm26:r0) Starting new connection thread
(vm26:r0) Maximum number of connections reached (5), waiting for a thread to finish
(vm26:m0:12) all data sent, thread exiting
(vm26:m0) Got connection from reducer vm15:r0
(vm26:r0:0) Connection established
(vm26:m0) Got connection from reducer vm26:r0
(vm26:m0:25) thread started, have to send 12767441 bytes
(vm26:m0:14) thread started, have to send 12767441 bytes
(vm26:m0:11) all data sent, thread exiting
(vm26:m0:4) all data sent, thread exiting
(vm26:m0:25) all data sent, thread exiting
(vm26:r0:0) Connection finished, received 12767442 bytes
(vm26:r0) thread 0 joined, 7 connections remaining
(vm26:r0) Starting new connection thread
(vm26:r0) Maximum number of connections reached (5), waiting for a thread to finish
(vm26:r0:0) Connection established
(vm26:m0:14) all data sent, thread exiting
(vm26:m0) Got connection from reducer vm9:r0
(vm26:m0:8) thread started, have to send 12767441 bytes
(vm26:m0) Got connection from reducer vm2:r0
(vm26:m0:1) thread started, have to send 12767441 bytes
(vm26:m0:8) all data sent, thread exiting
(vm26:m0) Got connection from reducer vm19:r0
(vm26:m0:18) thread started, have to send 12767441 bytes
(vm26:m0:1) all data sent, thread exiting
(vm26:r0:0) Connection finished, received 12767442 bytes
(vm26:r0) thread 0 joined, 6 connections remaining
(vm26:r0) Starting new connection thread
(vm26:r0) Maximum number of connections reached (5), waiting for a thread to finish
(vm26:r0:0) Connection established
(vm26:m0:18) all data sent, thread exiting
(vm26:r0:0) Connection finished, received 12767442 bytes
(vm26:r0) thread 0 joined, 5 connections remaining
(vm26:r0) Starting new connection thread
(vm26:m0) Got connection from reducer vm24:r0
(vm26:r0) Maximum number of connections reached (5), waiting for a thread to finish
(vm26:m0:23) thread started, have to send 12767441 bytes
(vm26:r0:0) Connection established
(vm26:m0) Got connection from reducer vm11:r0
(vm26:m0:10) thread started, have to send 12767441 bytes
(vm26:r0:0) Connection finished, received 12767442 bytes
(vm26:r0) thread 0 joined, 4 connections remaining
(vm26:r0) Maximum number of connections reached (4), waiting for a thread to finish
(vm26:r0) thread 1 joined, 3 connections remaining
(vm26:r0) Maximum number of connections reached (3), waiting for a thread to finish
(vm26:r0) thread 2 joined, 2 connections remaining
(vm26:r0) Maximum number of connections reached (2), waiting for a thread to finish
(vm26:r0) thread 3 joined, 1 connections remaining
(vm26:r0) Maximum number of connections reached (1), waiting for a thread to finish
(vm26:r0) thread 4 joined, 0 connections remaining
(vm26:r0) all done, exiting
(vm26:m0) Got connection from reducer vm14:r0
(vm26:m0:13) thread started, have to send 12767441 bytes
(vm26:m0:10) all data sent, thread exiting
(vm26:m0:23) all data sent, thread exiting
(vm26:m0:13) all data sent, thread exiting
(vm26:m0) Got connection from reducer vm28:r0
(vm26:m0:27) thread started, have to send 12767441 bytes
(vm26:m0) Got connection from reducer vm17:r0
(vm26:m0:16) thread started, have to send 12767441 bytes
(vm26:m0:27) all data sent, thread exiting
(vm26:m0:16) all data sent, thread exiting
(vm26:m0) Got connection from reducer vm16:r0
(vm26:m0:15) thread started, have to send 12767441 bytes
(vm26:m0) Got connection from reducer vm27:r0
(vm26:m0:26) thread started, have to send 12767441 bytes
(vm26:m0) Got connection from reducer vm22:r0
(vm26:m0) Waiting for a thread to finish
(vm26:m0) thread 0 joined, 28 connections remaining
(vm26:m0) Waiting for a thread to finish
(vm26:m0) thread 1 joined, 27 connections remaining
(vm26:m0) Waiting for a thread to finish
(vm26:m0) thread 2 joined, 26 connections remaining
(vm26:m0) Waiting for a thread to finish
(vm26:m0) thread 3 joined, 25 connections remaining
(vm26:m0) Waiting for a thread to finish
(vm26:m0) thread 4 joined, 24 connections remaining
(vm26:m0) Waiting for a thread to finish
(vm26:m0) thread 5 joined, 23 connections remaining
(vm26:m0) Waiting for a thread to finish
(vm26:m0) thread 6 joined, 22 connections remaining
(vm26:m0) Waiting for a thread to finish
(vm26:m0) thread 7 joined, 21 connections remaining
(vm26:m0) Waiting for a thread to finish
(vm26:m0) thread 8 joined, 20 connections remaining
(vm26:m0) Waiting for a thread to finish
(vm26:m0) thread 9 joined, 19 connections remaining
(vm26:m0) Waiting for a thread to finish
(vm26:m0) thread 10 joined, 18 connections remaining
(vm26:m0) Waiting for a thread to finish
(vm26:m0) thread 11 joined, 17 connections remaining
(vm26:m0) Waiting for a thread to finish
(vm26:m0) thread 12 joined, 16 connections remaining
(vm26:m0) Waiting for a thread to finish
(vm26:m0) thread 13 joined, 15 connections remaining
(vm26:m0) Waiting for a thread to finish
(vm26:m0) thread 14 joined, 14 connections remaining
(vm26:m0) Waiting for a thread to finish
(vm26:m0:21) thread started, have to send 12767441 bytes
(vm26:m0:15) all data sent, thread exiting
(vm26:m0) thread 15 joined, 13 connections remaining
(vm26:m0) Waiting for a thread to finish
(vm26:m0) thread 16 joined, 12 connections remaining
(vm26:m0) Waiting for a thread to finish
(vm26:m0) thread 17 joined, 11 connections remaining
(vm26:m0) Waiting for a thread to finish
(vm26:m0) thread 18 joined, 10 connections remaining
(vm26:m0) Waiting for a thread to finish
(vm26:m0) thread 19 joined, 9 connections remaining
(vm26:m0) Waiting for a thread to finish
(vm26:m0) thread 20 joined, 8 connections remaining
(vm26:m0) Waiting for a thread to finish
(vm26:m0:26) all data sent, thread exiting
(vm26:m0:21) all data sent, thread exiting
(vm26:m0) thread 21 joined, 7 connections remaining
(vm26:m0) Waiting for a thread to finish
(vm26:m0) thread 22 joined, 6 connections remaining
(vm26:m0) Waiting for a thread to finish
(vm26:m0) thread 23 joined, 5 connections remaining
(vm26:m0) Waiting for a thread to finish
(vm26:m0) thread 24 joined, 4 connections remaining
(vm26:m0) Waiting for a thread to finish
(vm26:m0) thread 25 joined, 3 connections remaining
(vm26:m0) Waiting for a thread to finish
(vm26:m0) thread 26 joined, 2 connections remaining
(vm26:m0) Waiting for a thread to finish
(vm26:m0) thread 27 joined, 1 connections remaining
(vm26:m0) Waiting for a thread to finish
(vm26:m0) thread 28 joined, 0 connections remaining
(vm26:m0) all done, exiting
*RES* start node vm26:m0
*RES* vm26:m0:0,1404123494834,68,26,12767442
*RES* vm26:m0:1,1404123496662,44,11,12767442
*RES* vm26:m0:2,1404123496398,59,12,12767442
*RES* vm26:m0:3,1404123496007,149,14,12767442
*RES* vm26:m0:4,1404123496546,55,10,12767442
*RES* vm26:m0:5,1404123496130,58,14,12767442
*RES* vm26:m0:6,1404123496173,73,13,12767442
*RES* vm26:m0:7,1404123495625,49,14,12767442
*RES* vm26:m0:8,1404123496632,47,9,12767442
*RES* vm26:m0:9,1404123496402,57,12,12767442
*RES* vm26:m0:10,1404123496801,36,11,12767442
*RES* vm26:m0:11,1404123496533,61,10,12767442
*RES* vm26:m0:12,1404123496524,46,13,12767442
*RES* vm26:m0:13,1404123496831,33,11,12767442
*RES* vm26:m0:14,1404123496578,45,9,12767442
*RES* vm26:m0:15,1404123496925,45,13,12767442
*RES* vm26:m0:16,1404123496878,29,9,12767442
*RES* vm26:m0:17,1404123495602,111,12,12767442
*RES* vm26:m0:18,1404123496694,35,10,12767442
*RES* vm26:m0:19,1404123496361,55,10,12767442
*RES* vm26:m0:20,1404123496414,89,11,12767442
*RES* vm26:m0:21,1404123496940,52,13,12767442
*RES* vm26:m0:22,1404123496103,132,14,12767442
*RES* vm26:m0:23,1404123496775,75,11,12767442
*RES* vm26:m0:24,1404123495938,165,11,12767442
*RES* vm26:m0:25,1404123496576,27,4,12767442
*RES* vm26:m0:26,1404123496932,54,13,12767442
*RES* vm26:m0:27,1404123496867,27,11,12767442
*RES* vm26:m0:28,1404123496145,70,13,12767442
*RES* end node vm26:m0
Node vm26:m0 joined
*RES* start node vm26:r0
*RES* vm26:r0:0,1404123493210,506,15,12767442
*RES* vm26:r0:0,1404123493721,320,15,12767442
*RES* vm26:r0:0,1404123494047,326,18,12767442
*RES* vm26:r0:0,1404123494379,255,18,12767442
*RES* vm26:r0:0,1404123494639,181,17,12767442
*RES* vm26:r0:0,1404123494827,109,23,12767442
*RES* vm26:r0:0,1404123494943,45,19,12767442
*RES* vm26:r0:0,1404123494995,100,23,12767442
*RES* vm26:r0:0,1404123495099,55,20,12767442
*RES* vm26:r0:0,1404123495159,64,11,12767442
*RES* vm26:r0:0,1404123495227,188,14,12767442
*RES* vm26:r0:0,1404123495419,75,17,12767442
*RES* vm26:r0:0,1404123495499,123,13,12767442
*RES* vm26:r0:0,1404123495626,117,18,12767442
*RES* vm26:r0:0,1404123495751,69,18,12767442
*RES* vm26:r0:0,1404123495827,124,15,12767442
*RES* vm26:r0:0,1404123495956,198,14,12767442
*RES* vm26:r0:0,1404123496160,139,13,12767442
*RES* vm26:r0:0,1404123496303,47,12,12767442
*RES* vm26:r0:0,1404123496355,90,12,12767442
*RES* vm26:r0:0,1404123496452,111,14,12767442
*RES* vm26:r0:0,1404123496573,30,4,12767442
*RES* vm26:r0:0,1404123496607,112,11,12767442
*RES* vm26:r0:0,1404123496726,45,9,12767442
*RES* vm26:r0:0,1404123496776,35,10,12767442
*RES* vm26:r0:1,1404123493210,472,16,12767442
*RES* vm26:r0:2,1404123493210,499,17,12767442
*RES* vm26:r0:3,1404123493210,369,18,12767442
*RES* vm26:r0:4,1404123493210,529,17,12767442
*RES* end node vm26:r0
Node vm26:r0 joined
Worker terminating correctly
