OSMeF worker starting
Enabling core dumping
Listening for command connection
(vm21:m0) New mapper on port 23330
(vm21:m0) -> reducer data size 1626496490
(vm21:m0) -> reducer data size 1626496490
(vm21:m0) -> reducer data size 1626496490
(vm21:m0) -> reducer data size 1626496490
(vm21:m0) -> reducer data size 1626496490
(vm21:m0) -> reducer data size 1626496490
(vm21:m0) -> reducer data size 1626496490
(vm21:m0) -> reducer data size 1626496490
(vm21:m0) -> reducer data size 1626496490
(vm21:m0) -> reducer data size 1626496490
(vm21:m0) -> reducer data size 1626496490
(vm21:m0) -> reducer data size 1626496490
(vm21:m0) -> reducer data size 1626496490
(vm21:m0) -> reducer data size 1626496490
(vm21:m0) -> reducer data size 1626496490
(vm21:m0) -> reducer data size 1626496490
(vm21:m0) -> reducer data size 1626496490
(vm21:m0) -> reducer data size 1626496490
(vm21:m0) -> reducer data size 1626496490
(vm21:m0) -> reducer data size 1626496490
(vm21:m0) -> reducer data size 1626496490
(vm21:m0) -> reducer data size 1626496490
(vm21:m0) -> reducer data size 1626496490
(vm21:m0) -> reducer data size 1626496490
(vm21:m0) -> reducer data size 1626496490
(vm21:m0) -> reducer data size 1626496490
(vm21:m0) Mapper thread started
(vm21:m0) Allocating data for reducer vm1:r0
(vm21:m0) Allocating data for reducer vm2:r0
(vm21:m0) Allocating data for reducer vm3:r0
(vm21:m0) Allocating data for reducer vm4:r0
(vm21:m0) Allocating data for reducer vm5:r0
(vm21:m0) Allocating data for reducer vm6:r0
(vm21:m0) Allocating data for reducer vm7:r0
(vm21:m0) Allocating data for reducer vm8:r0
(vm21:m0) Allocating data for reducer vm9:r0
(vm21:m0) Allocating data for reducer vm10:r0
(vm21:m0) Allocating data for reducer vm11:r0
(vm21:m0) Allocating data for reducer vm12:r0
(vm21:m0) Allocating data for reducer vm13:r0
(vm21:m0) Allocating data for reducer vm14:r0
(vm21:m0) Allocating data for reducer vm15:r0
(vm21:m0) Allocating data for reducer vm16:r0
(vm21:m0) Allocating data for reducer vm17:r0
(vm21:m0) Allocating data for reducer vm18:r0
(vm21:m0) Allocating data for reducer vm19:r0
(vm21:m0) Allocating data for reducer vm20:r0
(vm21:m0) Allocating data for reducer vm21:r0
(vm21:m0) Allocating data for reducer vm22:r0
(vm21:m0) Allocating data for reducer vm23:r0
(vm21:m0) Allocating data for reducer vm24:r0
(vm21:m0) Allocating data for reducer vm25:r0
(vm21:m0) Allocating data for reducer vm26:r0
(vm21:m0) Binding to port 23330
(vm21:r0) New reducer
(vm21:r0) Reducer thread started
(vm21:r0) waiting for START message
(vm21:r0) got START message
(vm21:r0) Starting new connection thread
(vm21:r0) Starting new connection thread
(vm21:r0) Starting new connection thread
(vm21:r0) Starting new connection thread
(vm21:r0) Starting new connection thread
(vm21:r0) Maximum number of connections reached (5), waiting for a thread to finish
(vm21:r0:1) Connection established
(vm21:r0:4) Connection established
(vm21:r0:3) Connection established
(vm21:r0:0) Connection established
(vm21:r0:2) Connection established
(vm21:r0:2) Connection finished, received 1626496491 bytes
(vm21:r0:1) Connection finished, received 1626496491 bytes
(vm21:r0:3) Connection finished, received 1626496491 bytes
(vm21:r0:4) Connection finished, received 1626496491 bytes
(vm21:r0:0) Connection finished, received 1626496491 bytes
(vm21:r0) thread 0 joined, 25 connections remaining
(vm21:r0) Starting new connection thread
(vm21:r0) Maximum number of connections reached (5), waiting for a thread to finish
(vm21:r0:0) Connection established
(vm21:r0:0) Connection finished, received 1626496491 bytes
(vm21:r0) thread 0 joined, 24 connections remaining
(vm21:r0) Starting new connection thread
(vm21:r0) Maximum number of connections reached (5), waiting for a thread to finish
(vm21:r0:0) Connection established
(vm21:r0:0) Connection finished, received 1626496491 bytes
(vm21:r0) thread 0 joined, 23 connections remaining
(vm21:r0) Starting new connection thread
(vm21:r0) Maximum number of connections reached (5), waiting for a thread to finish
(vm21:r0:0) Connection established
(vm21:m0) Got connection from reducer vm1:r0
(vm21:m0:0) thread started, have to send 1626496490 bytes
(vm21:m0:0) all data sent, thread exiting
(vm21:m0) Got connection from reducer vm26:r0
(vm21:m0:25) thread started, have to send 1626496490 bytes
(vm21:m0:25) all data sent, thread exiting
(vm21:r0:0) Connection finished, received 1626496491 bytes
(vm21:r0) thread 0 joined, 22 connections remaining
(vm21:r0) Starting new connection thread
(vm21:r0) Maximum number of connections reached (5), waiting for a thread to finish
(vm21:r0:0) Connection established
(vm21:m0) Got connection from reducer vm25:r0
(vm21:m0:24) thread started, have to send 1626496490 bytes
(vm21:m0) Got connection from reducer vm6:r0
(vm21:m0:5) thread started, have to send 1626496490 bytes
(vm21:m0:24) all data sent, thread exiting
(vm21:r0:0) Connection finished, received 1626496491 bytes
(vm21:r0) thread 0 joined, 21 connections remaining
(vm21:r0) Starting new connection thread
(vm21:r0) Maximum number of connections reached (5), waiting for a thread to finish
(vm21:r0:0) Connection established
(vm21:m0:5) all data sent, thread exiting
(vm21:m0) Got connection from reducer vm14:r0
(vm21:m0:13) thread started, have to send 1626496490 bytes
(vm21:m0:13) all data sent, thread exiting
(vm21:m0) Got connection from reducer vm16:r0
(vm21:m0:15) thread started, have to send 1626496490 bytes
(vm21:r0:0) Connection finished, received 1626496491 bytes
(vm21:r0) thread 0 joined, 20 connections remaining
(vm21:r0) Starting new connection thread
(vm21:r0) Maximum number of connections reached (5), waiting for a thread to finish
(vm21:r0:0) Connection established
(vm21:m0) Got connection from reducer vm17:r0
(vm21:m0:16) thread started, have to send 1626496490 bytes
(vm21:m0) Got connection from reducer vm12:r0
(vm21:m0:11) thread started, have to send 1626496490 bytes
(vm21:m0:15) all data sent, thread exiting
(vm21:m0:16) all data sent, thread exiting
(vm21:m0:11) all data sent, thread exiting
(vm21:r0:0) Connection finished, received 1626496491 bytes
(vm21:r0) thread 0 joined, 19 connections remaining
(vm21:r0) Starting new connection thread
(vm21:r0) Maximum number of connections reached (5), waiting for a thread to finish
(vm21:r0:0) Connection established
(vm21:r0:0) Connection finished, received 1626496491 bytes
(vm21:r0) thread 0 joined, 18 connections remaining
(vm21:r0) Starting new connection thread
(vm21:r0) Maximum number of connections reached (5), waiting for a thread to finish
(vm21:r0:0) Connection established
(vm21:r0:0) Connection finished, received 1626496491 bytes
(vm21:r0) thread 0 joined, 17 connections remaining
(vm21:r0) Starting new connection thread
(vm21:r0) Maximum number of connections reached (5), waiting for a thread to finish
(vm21:r0:0) Connection established
(vm21:r0:0) Connection finished, received 1626496491 bytes
(vm21:r0) thread 0 joined, 16 connections remaining
(vm21:r0) Starting new connection thread
(vm21:r0) Maximum number of connections reached (5), waiting for a thread to finish
(vm21:r0:0) Connection established
(vm21:r0:0) Connection finished, received 1626496491 bytes
(vm21:r0) thread 0 joined, 15 connections remaining
(vm21:r0) Starting new connection thread
(vm21:r0) Maximum number of connections reached (5), waiting for a thread to finish
(vm21:r0:0) Connection established
(vm21:m0) Got connection from reducer vm13:r0
(vm21:m0:12) thread started, have to send 1626496490 bytes
(vm21:m0) Got connection from reducer vm24:r0
(vm21:m0:23) thread started, have to send 1626496490 bytes
(vm21:m0) Got connection from reducer vm8:r0
(vm21:m0:7) thread started, have to send 1626496490 bytes
(vm21:r0:0) Connection finished, received 1626496491 bytes
(vm21:r0) thread 0 joined, 14 connections remaining
(vm21:r0) Starting new connection thread
(vm21:r0) Maximum number of connections reached (5), waiting for a thread to finish
(vm21:r0:0) Connection established
(vm21:m0:12) all data sent, thread exiting
(vm21:m0:23) all data sent, thread exiting
(vm21:m0:7) all data sent, thread exiting
(vm21:r0:0) Connection finished, received 1626496491 bytes
(vm21:r0) thread 0 joined, 13 connections remaining
(vm21:r0) Starting new connection thread
(vm21:r0) Maximum number of connections reached (5), waiting for a thread to finish
(vm21:r0:0) Connection established
(vm21:r0:0) Connection finished, received 1626496491 bytes
(vm21:r0) thread 0 joined, 12 connections remaining
(vm21:r0) Starting new connection thread
(vm21:r0) Maximum number of connections reached (5), waiting for a thread to finish
(vm21:r0:0) Connection established
(vm21:r0:0) Connection finished, received 1626496491 bytes
(vm21:r0) thread 0 joined, 11 connections remaining
(vm21:r0) Starting new connection thread
(vm21:r0) Maximum number of connections reached (5), waiting for a thread to finish
(vm21:r0:0) Connection established
(vm21:r0:0) Connection finished, received 1626496491 bytes
(vm21:r0) thread 0 joined, 10 connections remaining
(vm21:r0) Starting new connection thread
(vm21:r0) Maximum number of connections reached (5), waiting for a thread to finish
(vm21:r0:0) Connection established
(vm21:m0) Got connection from reducer vm21:r0
(vm21:m0:20) thread started, have to send 1626496490 bytes
(vm21:m0:20) all data sent, thread exiting
(vm21:r0:0) Connection finished, received 1626496491 bytes
(vm21:r0) thread 0 joined, 9 connections remaining
(vm21:r0) Starting new connection thread
(vm21:r0) Maximum number of connections reached (5), waiting for a thread to finish
(vm21:r0:0) Connection established
(vm21:r0:0) Connection finished, received 1626496491 bytes
(vm21:r0) thread 0 joined, 8 connections remaining
(vm21:r0) Starting new connection thread
(vm21:r0) Maximum number of connections reached (5), waiting for a thread to finish
(vm21:r0:0) Connection established
(vm21:r0:0) Connection finished, received 1626496491 bytes
(vm21:r0) thread 0 joined, 7 connections remaining
(vm21:r0) Starting new connection thread
(vm21:r0) Maximum number of connections reached (5), waiting for a thread to finish
(vm21:r0:0) Connection established
(vm21:r0:0) Connection finished, received 1626496491 bytes
(vm21:r0) thread 0 joined, 6 connections remaining
(vm21:r0) Starting new connection thread
(vm21:r0) Maximum number of connections reached (5), waiting for a thread to finish
(vm21:r0:0) Connection established
(vm21:r0:0) Connection finished, received 1626496491 bytes
(vm21:r0) thread 0 joined, 5 connections remaining
(vm21:r0) Starting new connection thread
(vm21:r0) Maximum number of connections reached (5), waiting for a thread to finish
(vm21:r0:0) Connection established
(vm21:r0:0) Connection finished, received 1626496491 bytes
(vm21:r0) thread 0 joined, 4 connections remaining
(vm21:r0) Maximum number of connections reached (4), waiting for a thread to finish
(vm21:r0) thread 1 joined, 3 connections remaining
(vm21:r0) Maximum number of connections reached (3), waiting for a thread to finish
(vm21:r0) thread 2 joined, 2 connections remaining
(vm21:r0) Maximum number of connections reached (2), waiting for a thread to finish
(vm21:r0) thread 3 joined, 1 connections remaining
(vm21:r0) Maximum number of connections reached (1), waiting for a thread to finish
(vm21:r0) thread 4 joined, 0 connections remaining
(vm21:r0) all done, exiting
(vm21:m0) Got connection from reducer vm22:r0
(vm21:m0:21) thread started, have to send 1626496490 bytes
(vm21:m0:21) all data sent, thread exiting
(vm21:m0) Got connection from reducer vm19:r0
(vm21:m0:18) thread started, have to send 1626496490 bytes
(vm21:m0) Got connection from reducer vm11:r0
(vm21:m0:10) thread started, have to send 1626496490 bytes
(vm21:m0:18) all data sent, thread exiting
(vm21:m0) Got connection from reducer vm7:r0
(vm21:m0:6) thread started, have to send 1626496490 bytes
(vm21:m0:10) all data sent, thread exiting
(vm21:m0:6) all data sent, thread exiting
(vm21:m0) Got connection from reducer vm10:r0
(vm21:m0:9) thread started, have to send 1626496490 bytes
(vm21:m0:9) all data sent, thread exiting
(vm21:m0) Got connection from reducer vm20:r0
(vm21:m0:19) thread started, have to send 1626496490 bytes
(vm21:m0) Got connection from reducer vm15:r0
(vm21:m0:14) thread started, have to send 1626496490 bytes
(vm21:m0:19) all data sent, thread exiting
(vm21:m0:14) all data sent, thread exiting
(vm21:m0) Got connection from reducer vm18:r0
(vm21:m0:17) thread started, have to send 1626496490 bytes
(vm21:m0) Got connection from reducer vm23:r0
(vm21:m0:22) thread started, have to send 1626496490 bytes
(vm21:m0:17) all data sent, thread exiting
(vm21:m0:22) all data sent, thread exiting
(vm21:m0) Got connection from reducer vm9:r0
(vm21:m0:8) thread started, have to send 1626496490 bytes
(vm21:m0) Got connection from reducer vm4:r0
(vm21:m0:3) thread started, have to send 1626496490 bytes
(vm21:m0) Got connection from reducer vm2:r0
(vm21:m0:1) thread started, have to send 1626496490 bytes
(vm21:m0) Got connection from reducer vm3:r0
(vm21:m0:2) thread started, have to send 1626496490 bytes
(vm21:m0) Got connection from reducer vm5:r0
(vm21:m0) Waiting for a thread to finish
(vm21:m0) thread 0 joined, 25 connections remaining
(vm21:m0) Waiting for a thread to finish
(vm21:m0:4) thread started, have to send 1626496490 bytes
(vm21:m0:8) all data sent, thread exiting
(vm21:m0:3) all data sent, thread exiting
(vm21:m0:2) all data sent, thread exiting
(vm21:m0:1) all data sent, thread exiting
(vm21:m0) thread 1 joined, 24 connections remaining
(vm21:m0) Waiting for a thread to finish
(vm21:m0) thread 2 joined, 23 connections remaining
(vm21:m0) Waiting for a thread to finish
(vm21:m0) thread 3 joined, 22 connections remaining
(vm21:m0) Waiting for a thread to finish
(vm21:m0:4) all data sent, thread exiting
(vm21:m0) thread 4 joined, 21 connections remaining
(vm21:m0) Waiting for a thread to finish
(vm21:m0) thread 5 joined, 20 connections remaining
(vm21:m0) Waiting for a thread to finish
(vm21:m0) thread 6 joined, 19 connections remaining
(vm21:m0) Waiting for a thread to finish
(vm21:m0) thread 7 joined, 18 connections remaining
(vm21:m0) Waiting for a thread to finish
(vm21:m0) thread 8 joined, 17 connections remaining
(vm21:m0) Waiting for a thread to finish
(vm21:m0) thread 9 joined, 16 connections remaining
(vm21:m0) Waiting for a thread to finish
(vm21:m0) thread 10 joined, 15 connections remaining
(vm21:m0) Waiting for a thread to finish
(vm21:m0) thread 11 joined, 14 connections remaining
(vm21:m0) Waiting for a thread to finish
(vm21:m0) thread 12 joined, 13 connections remaining
(vm21:m0) Waiting for a thread to finish
(vm21:m0) thread 13 joined, 12 connections remaining
(vm21:m0) Waiting for a thread to finish
(vm21:m0) thread 14 joined, 11 connections remaining
(vm21:m0) Waiting for a thread to finish
(vm21:m0) thread 15 joined, 10 connections remaining
(vm21:m0) Waiting for a thread to finish
(vm21:m0) thread 16 joined, 9 connections remaining
(vm21:m0) Waiting for a thread to finish
(vm21:m0) thread 17 joined, 8 connections remaining
(vm21:m0) Waiting for a thread to finish
(vm21:m0) thread 18 joined, 7 connections remaining
(vm21:m0) Waiting for a thread to finish
(vm21:m0) thread 19 joined, 6 connections remaining
(vm21:m0) Waiting for a thread to finish
(vm21:m0) thread 20 joined, 5 connections remaining
(vm21:m0) Waiting for a thread to finish
(vm21:m0) thread 21 joined, 4 connections remaining
(vm21:m0) Waiting for a thread to finish
(vm21:m0) thread 22 joined, 3 connections remaining
(vm21:m0) Waiting for a thread to finish
(vm21:m0) thread 23 joined, 2 connections remaining
(vm21:m0) Waiting for a thread to finish
(vm21:m0) thread 24 joined, 1 connections remaining
(vm21:m0) Waiting for a thread to finish
(vm21:m0) thread 25 joined, 0 connections remaining
(vm21:m0) all done, exiting
*RES* start node vm21:m0
*RES* vm21:m0:0,1404828036964,3574,1331,1626496491
*RES* vm21:m0:1,1404828237382,6402,1175,1626496491
*RES* vm21:m0:2,1404828237454,6327,1154,1626496491
*RES* vm21:m0:3,1404828237289,6348,1179,1626496491
*RES* vm21:m0:4,1404828237534,6341,1181,1626496491
*RES* vm21:m0:5,1404828083778,3723,1219,1626496491
*RES* vm21:m0:6,1404828190428,2405,1180,1626496491
*RES* vm21:m0:7,1404828134362,5282,1148,1626496491
*RES* vm21:m0:8,1404828236470,4651,1160,1626496491
*RES* vm21:m0:9,1404828195166,2428,1244,1626496491
*RES* vm21:m0:10,1404828188267,2486,1163,1626496491
*RES* vm21:m0:11,1404828107547,4771,1253,1626496491
*RES* vm21:m0:12,1404828133074,5542,1193,1626496491
*RES* vm21:m0:13,1404828092250,3417,1381,1626496491
*RES* vm21:m0:14,1404828216046,2369,995,1626496491
*RES* vm21:m0:15,1404828104258,3951,1221,1626496491
*RES* vm21:m0:16,1404828107462,4791,1284,1626496491
*RES* vm21:m0:17,1404828228063,2420,1233,1626496491
*RES* vm21:m0:18,1404828186002,2902,1281,1626496491
*RES* vm21:m0:19,1404828215060,2175,934,1626496491
*RES* vm21:m0:20,1404828149358,1846,264,1626496491
*RES* vm21:m0:21,1404828180788,2552,1248,1626496491
*RES* vm21:m0:22,1404828230262,2124,1095,1626496491
*RES* vm21:m0:23,1404828133480,5468,1156,1626496491
*RES* vm21:m0:24,1404828082274,3753,1131,1626496491
*RES* vm21:m0:25,1404828052234,4935,1343,1626496491
*RES* end node vm21:m0
Node vm21:m0 joined
*RES* start node vm21:r0
*RES* vm21:r0:0,1404827931287,40254,1488,1626496491
*RES* vm21:r0:0,1404827971546,30218,1308,1626496491
*RES* vm21:r0:0,1404828001769,32987,1424,1626496491
*RES* vm21:r0:0,1404828034762,27396,1466,1626496491
*RES* vm21:r0:0,1404828062162,24193,1403,1626496491
*RES* vm21:r0:0,1404828086361,19873,1441,1626496491
*RES* vm21:r0:0,1404828106242,10428,1263,1626496491
*RES* vm21:r0:0,1404828116678,4689,1607,1626496491
*RES* vm21:r0:0,1404828121374,4060,1794,1626496491
*RES* vm21:r0:0,1404828125438,3129,1393,1626496491
*RES* vm21:r0:0,1404828128574,3268,1260,1626496491
*RES* vm21:r0:0,1404828131846,4298,1258,1626496491
*RES* vm21:r0:0,1404828136154,4156,1049,1626496491
*RES* vm21:r0:0,1404828140313,2729,1221,1626496491
*RES* vm21:r0:0,1404828143049,3405,1576,1626496491
*RES* vm21:r0:0,1404828146461,2889,1272,1626496491
*RES* vm21:r0:0,1404828149357,1849,788,1626496491
*RES* vm21:r0:0,1404828151214,3348,1334,1626496491
*RES* vm21:r0:0,1404828154565,2871,1208,1626496491
*RES* vm21:r0:0,1404828157441,2755,1294,1626496491
*RES* vm21:r0:0,1404828160205,2744,1225,1626496491
*RES* vm21:r0:0,1404828162953,2554,1176,1626496491
*RES* vm21:r0:1,1404827931287,38000,1459,1626496491
*RES* vm21:r0:2,1404827931287,36364,1465,1626496491
*RES* vm21:r0:3,1404827931287,38608,1470,1626496491
*RES* vm21:r0:4,1404827931287,39669,1506,1626496491
*RES* end node vm21:r0
Node vm21:r0 joined
Worker terminating correctly
