OSMeF worker starting
Enabling core dumping
Listening for command connection
(vm13:m0) New mapper on port 23330
(vm13:m0) -> reducer data size 1402438300
(vm13:m0) -> reducer data size 1402438300
(vm13:m0) -> reducer data size 1402438300
(vm13:m0) -> reducer data size 1402438300
(vm13:m0) -> reducer data size 1402438300
(vm13:m0) -> reducer data size 1402438300
(vm13:m0) -> reducer data size 1402438300
(vm13:m0) -> reducer data size 1402438300
(vm13:m0) -> reducer data size 1402438300
(vm13:m0) -> reducer data size 1402438300
(vm13:m0) -> reducer data size 1402438300
(vm13:m0) -> reducer data size 1402438300
(vm13:m0) -> reducer data size 1402438300
(vm13:m0) -> reducer data size 1402438300
(vm13:m0) -> reducer data size 1402438300
(vm13:m0) -> reducer data size 1402438300
(vm13:m0) -> reducer data size 1402438300
(vm13:m0) -> reducer data size 1402438300
(vm13:m0) -> reducer data size 1402438300
(vm13:m0) -> reducer data size 1402438300
(vm13:m0) -> reducer data size 1402438300
(vm13:m0) -> reducer data size 1402438300
(vm13:m0) -> reducer data size 1402438300
(vm13:m0) -> reducer data size 1402438300
(vm13:m0) -> reducer data size 1402438300
(vm13:m0) -> reducer data size 1402438300
(vm13:m0) -> reducer data size 1402438300
(vm13:m0) -> reducer data size 1402438300
(vm13:m0) Mapper thread started
(vm13:m0) Allocating data for reducer vm1:r0
(vm13:m0) Allocating data for reducer vm2:r0
(vm13:m0) Allocating data for reducer vm3:r0
(vm13:m0) Allocating data for reducer vm4:r0
(vm13:m0) Allocating data for reducer vm5:r0
(vm13:m0) Allocating data for reducer vm6:r0
(vm13:m0) Allocating data for reducer vm7:r0
(vm13:m0) Allocating data for reducer vm8:r0
(vm13:m0) Allocating data for reducer vm9:r0
(vm13:m0) Allocating data for reducer vm10:r0
(vm13:m0) Allocating data for reducer vm11:r0
(vm13:m0) Allocating data for reducer vm12:r0
(vm13:m0) Allocating data for reducer vm13:r0
(vm13:m0) Allocating data for reducer vm14:r0
(vm13:m0) Allocating data for reducer vm15:r0
(vm13:m0) Allocating data for reducer vm16:r0
(vm13:m0) Allocating data for reducer vm17:r0
(vm13:m0) Allocating data for reducer vm18:r0
(vm13:m0) Allocating data for reducer vm19:r0
(vm13:m0) Allocating data for reducer vm20:r0
(vm13:m0) Allocating data for reducer vm21:r0
(vm13:m0) Allocating data for reducer vm22:r0
(vm13:m0) Allocating data for reducer vm23:r0
(vm13:m0) Allocating data for reducer vm24:r0
(vm13:m0) Allocating data for reducer vm25:r0
(vm13:m0) Allocating data for reducer vm26:r0
(vm13:m0) Allocating data for reducer vm27:r0
(vm13:m0) Allocating data for reducer vm28:r0
(vm13:m0) Binding to port 23330
(vm13:r0) New reducer
(vm13:r0) Reducer thread started
(vm13:r0) waiting for START message
(vm13:r0) got START message
(vm13:r0) Starting new connection thread
(vm13:r0) Starting new connection thread
(vm13:r0) Starting new connection thread
(vm13:r0) Starting new connection thread
(vm13:r0) Starting new connection thread
(vm13:r0) Maximum number of connections reached (5), waiting for a thread to finish
(vm13:r0:3) Connection established
(vm13:r0:4) Connection established
(vm13:r0:0) Connection established
(vm13:r0:2) Connection established
(vm13:r0:1) Connection established
(vm13:r0:4) Connection finished, received 1402438301 bytes
(vm13:r0:1) Connection finished, received 1402438301 bytes
(vm13:r0:3) Connection finished, received 1402438301 bytes
(vm13:r0:0) Connection finished, received 1402438301 bytes
(vm13:r0) thread 0 joined, 27 connections remaining
(vm13:r0) Starting new connection thread
(vm13:r0) Maximum number of connections reached (5), waiting for a thread to finish
(vm13:r0:0) Connection established
(vm13:r0:2) Connection finished, received 1402438301 bytes
(vm13:m0) Got connection from reducer vm1:r0
(vm13:m0:0) thread started, have to send 1402438300 bytes
(vm13:r0:0) Connection finished, received 1402438301 bytes
(vm13:r0) thread 0 joined, 26 connections remaining
(vm13:r0) Starting new connection thread
(vm13:r0) Maximum number of connections reached (5), waiting for a thread to finish
(vm13:r0:0) Connection established
(vm13:m0:0) all data sent, thread exiting
(vm13:m0) Got connection from reducer vm11:r0
(vm13:m0:10) thread started, have to send 1402438300 bytes
(vm13:m0:10) all data sent, thread exiting
(vm13:m0) Got connection from reducer vm6:r0
(vm13:m0:5) thread started, have to send 1402438300 bytes
(vm13:m0:5) all data sent, thread exiting
(vm13:m0) Got connection from reducer vm19:r0
(vm13:m0:18) thread started, have to send 1402438300 bytes
(vm13:r0:0) Connection finished, received 1402438301 bytes
(vm13:r0) thread 0 joined, 25 connections remaining
(vm13:r0) Starting new connection thread
(vm13:r0) Maximum number of connections reached (5), waiting for a thread to finish
(vm13:r0:0) Connection established
(vm13:m0:18) all data sent, thread exiting
(vm13:m0) Got connection from reducer vm9:r0
(vm13:m0:8) thread started, have to send 1402438300 bytes
(vm13:m0:8) all data sent, thread exiting
(vm13:m0) Got connection from reducer vm21:r0
(vm13:m0:20) thread started, have to send 1402438300 bytes
(vm13:m0:20) all data sent, thread exiting
(vm13:r0:0) Connection finished, received 1402438301 bytes
(vm13:r0) thread 0 joined, 24 connections remaining
(vm13:r0) Starting new connection thread
(vm13:r0) Maximum number of connections reached (5), waiting for a thread to finish
(vm13:r0:0) Connection established
(vm13:m0) Got connection from reducer vm27:r0
(vm13:m0:26) thread started, have to send 1402438300 bytes
(vm13:m0) Got connection from reducer vm10:r0
(vm13:m0:9) thread started, have to send 1402438300 bytes
(vm13:m0:26) all data sent, thread exiting
(vm13:m0) Got connection from reducer vm15:r0
(vm13:m0:14) thread started, have to send 1402438300 bytes
(vm13:m0:9) all data sent, thread exiting
(vm13:m0) Got connection from reducer vm22:r0
(vm13:m0:21) thread started, have to send 1402438300 bytes
(vm13:m0:14) all data sent, thread exiting
(vm13:m0:21) all data sent, thread exiting
(vm13:r0:0) Connection finished, received 1402438301 bytes
(vm13:r0) thread 0 joined, 23 connections remaining
(vm13:r0) Starting new connection thread
(vm13:r0) Maximum number of connections reached (5), waiting for a thread to finish
(vm13:r0:0) Connection established
(vm13:m0) Got connection from reducer vm8:r0
(vm13:m0:7) thread started, have to send 1402438300 bytes
(vm13:m0) Got connection from reducer vm7:r0
(vm13:m0:6) thread started, have to send 1402438300 bytes
(vm13:m0:7) all data sent, thread exiting
(vm13:m0:6) all data sent, thread exiting
(vm13:m0) Got connection from reducer vm25:r0
(vm13:m0:24) thread started, have to send 1402438300 bytes
(vm13:m0:24) all data sent, thread exiting
(vm13:r0:0) Connection finished, received 1402438301 bytes
(vm13:r0) thread 0 joined, 22 connections remaining
(vm13:r0) Starting new connection thread
(vm13:r0) Maximum number of connections reached (5), waiting for a thread to finish
(vm13:r0:0) Connection established
(vm13:m0) Got connection from reducer vm26:r0
(vm13:m0:25) thread started, have to send 1402438300 bytes
(vm13:r0:0) Connection finished, received 1402438301 bytes
(vm13:r0) thread 0 joined, 21 connections remaining
(vm13:r0) Starting new connection thread
(vm13:r0) Maximum number of connections reached (5), waiting for a thread to finish
(vm13:r0:0) Connection established
(vm13:m0:25) all data sent, thread exiting
(vm13:m0) Got connection from reducer vm20:r0
(vm13:m0:19) thread started, have to send 1402438300 bytes
(vm13:m0:19) all data sent, thread exiting
(vm13:r0:0) Connection finished, received 1402438301 bytes
(vm13:r0) thread 0 joined, 20 connections remaining
(vm13:r0) Starting new connection thread
(vm13:r0) Maximum number of connections reached (5), waiting for a thread to finish
(vm13:r0:0) Connection established
(vm13:m0) Got connection from reducer vm13:r0
(vm13:m0:12) thread started, have to send 1402438300 bytes
(vm13:m0:12) all data sent, thread exiting
(vm13:r0:0) Connection finished, received 1402438301 bytes
(vm13:r0) thread 0 joined, 19 connections remaining
(vm13:r0) Starting new connection thread
(vm13:r0) Maximum number of connections reached (5), waiting for a thread to finish
(vm13:r0:0) Connection established
(vm13:m0) Got connection from reducer vm12:r0
(vm13:m0:11) thread started, have to send 1402438300 bytes
(vm13:m0) Got connection from reducer vm23:r0
(vm13:m0:22) thread started, have to send 1402438300 bytes
(vm13:m0) Got connection from reducer vm16:r0
(vm13:m0:15) thread started, have to send 1402438300 bytes
(vm13:m0) Got connection from reducer vm4:r0
(vm13:m0:3) thread started, have to send 1402438300 bytes
(vm13:m0) Got connection from reducer vm28:r0
(vm13:m0:27) thread started, have to send 1402438300 bytes
(vm13:m0) Got connection from reducer vm24:r0
(vm13:m0:23) thread started, have to send 1402438300 bytes
(vm13:m0) Got connection from reducer vm5:r0
(vm13:m0:4) thread started, have to send 1402438300 bytes
(vm13:m0) Got connection from reducer vm2:r0
(vm13:m0:1) thread started, have to send 1402438300 bytes
(vm13:m0) Got connection from reducer vm18:r0
(vm13:m0:17) thread started, have to send 1402438300 bytes
(vm13:m0) Got connection from reducer vm3:r0
(vm13:m0:2) thread started, have to send 1402438300 bytes
(vm13:m0) Got connection from reducer vm14:r0
(vm13:m0:13) thread started, have to send 1402438300 bytes
(vm13:m0) Got connection from reducer vm17:r0
(vm13:m0) Waiting for a thread to finish
(vm13:m0) thread 0 joined, 27 connections remaining
(vm13:m0) Waiting for a thread to finish
(vm13:m0:16) thread started, have to send 1402438300 bytes
(vm13:r0:0) Connection finished, received 1402438301 bytes
(vm13:r0) thread 0 joined, 18 connections remaining
(vm13:r0) Starting new connection thread
(vm13:r0) Maximum number of connections reached (5), waiting for a thread to finish
(vm13:r0:0) Connection established
(vm13:m0:22) all data sent, thread exiting
(vm13:m0:11) all data sent, thread exiting
(vm13:r0:0) Connection finished, received 1402438301 bytes
(vm13:r0) thread 0 joined, 17 connections remaining
(vm13:r0) Starting new connection thread
(vm13:r0) Maximum number of connections reached (5), waiting for a thread to finish
(vm13:r0:0) Connection established
(vm13:m0:17) all data sent, thread exiting
(vm13:m0:15) all data sent, thread exiting
(vm13:m0:4) all data sent, thread exiting
(vm13:m0:3) all data sent, thread exiting
(vm13:m0:23) all data sent, thread exiting
(vm13:m0:1) all data sent, thread exiting
(vm13:m0) thread 1 joined, 26 connections remaining
(vm13:m0) Waiting for a thread to finish
(vm13:m0:27) all data sent, thread exiting
(vm13:m0:2) all data sent, thread exiting
(vm13:m0) thread 2 joined, 25 connections remaining
(vm13:m0) Waiting for a thread to finish
(vm13:m0) thread 3 joined, 24 connections remaining
(vm13:m0) Waiting for a thread to finish
(vm13:m0) thread 4 joined, 23 connections remaining
(vm13:m0) Waiting for a thread to finish
(vm13:m0) thread 5 joined, 22 connections remaining
(vm13:m0) Waiting for a thread to finish
(vm13:m0) thread 6 joined, 21 connections remaining
(vm13:m0) Waiting for a thread to finish
(vm13:m0) thread 7 joined, 20 connections remaining
(vm13:m0) Waiting for a thread to finish
(vm13:m0) thread 8 joined, 19 connections remaining
(vm13:m0) Waiting for a thread to finish
(vm13:m0) thread 9 joined, 18 connections remaining
(vm13:m0) Waiting for a thread to finish
(vm13:m0) thread 10 joined, 17 connections remaining
(vm13:m0) Waiting for a thread to finish
(vm13:m0) thread 11 joined, 16 connections remaining
(vm13:m0) Waiting for a thread to finish
(vm13:m0) thread 12 joined, 15 connections remaining
(vm13:m0) Waiting for a thread to finish
(vm13:m0:16) all data sent, thread exiting
(vm13:m0:13) all data sent, thread exiting
(vm13:m0) thread 13 joined, 14 connections remaining
(vm13:m0) Waiting for a thread to finish
(vm13:m0) thread 14 joined, 13 connections remaining
(vm13:m0) Waiting for a thread to finish
(vm13:m0) thread 15 joined, 12 connections remaining
(vm13:m0) Waiting for a thread to finish
(vm13:m0) thread 16 joined, 11 connections remaining
(vm13:m0) Waiting for a thread to finish
(vm13:m0) thread 17 joined, 10 connections remaining
(vm13:m0) Waiting for a thread to finish
(vm13:m0) thread 18 joined, 9 connections remaining
(vm13:m0) Waiting for a thread to finish
(vm13:m0) thread 19 joined, 8 connections remaining
(vm13:m0) Waiting for a thread to finish
(vm13:m0) thread 20 joined, 7 connections remaining
(vm13:m0) Waiting for a thread to finish
(vm13:m0) thread 21 joined, 6 connections remaining
(vm13:m0) Waiting for a thread to finish
(vm13:m0) thread 22 joined, 5 connections remaining
(vm13:m0) Waiting for a thread to finish
(vm13:m0) thread 23 joined, 4 connections remaining
(vm13:m0) Waiting for a thread to finish
(vm13:m0) thread 24 joined, 3 connections remaining
(vm13:m0) Waiting for a thread to finish
(vm13:m0) thread 25 joined, 2 connections remaining
(vm13:m0) Waiting for a thread to finish
(vm13:m0) thread 26 joined, 1 connections remaining
(vm13:m0) Waiting for a thread to finish
(vm13:m0) thread 27 joined, 0 connections remaining
(vm13:m0) all done, exiting
*RES* start node vm13:m0
*RES* vm13:m0:0,1404895785612,4571,1671,1402438301
*RES* vm13:m0:1,1404895924996,13202,932,1402438301
*RES* vm13:m0:2,1404895925189,13042,914,1402438301
*RES* vm13:m0:3,1404895924806,13348,943,1402438301
*RES* vm13:m0:4,1404895924963,13052,927,1402438301
*RES* vm13:m0:5,1404895806914,3971,1379,1402438301
*RES* vm13:m0:6,1404895872266,4147,1128,1402438301
*RES* vm13:m0:7,1404895870152,3775,1187,1402438301
*RES* vm13:m0:8,1404895821480,5205,1423,1402438301
*RES* vm13:m0:9,1404895856804,4918,995,1402438301
*RES* vm13:m0:10,1404895795672,3454,1051,1402438301
*RES* vm13:m0:11,1404895921823,13679,986,1402438301
*RES* vm13:m0:12,1404895919373,2124,308,1402438301
*RES* vm13:m0:13,1404895925209,13163,927,1402438301
*RES* vm13:m0:14,1404895860246,4170,1046,1402438301
*RES* vm13:m0:15,1404895924764,13231,944,1402438301
*RES* vm13:m0:16,1404895925276,12985,910,1402438301
*RES* vm13:m0:17,1404895925168,12812,901,1402438301
*RES* vm13:m0:18,1404895814042,4482,1635,1402438301
*RES* vm13:m0:19,1404895910328,2891,1181,1402438301
*RES* vm13:m0:20,1404895830248,4476,1511,1402438301
*RES* vm13:m0:21,1404895862448,3818,1116,1402438301
*RES* vm13:m0:22,1404895922317,8560,1171,1402438301
*RES* vm13:m0:23,1404895924917,13276,942,1402438301
*RES* vm13:m0:24,1404895876940,3844,976,1402438301
*RES* vm13:m0:25,1404895902984,4412,1090,1402438301
*RES* vm13:m0:26,1404895854232,3706,1121,1402438301
*RES* vm13:m0:27,1404895924823,13379,943,1402438301
*RES* end node vm13:m0
Node vm13:m0 joined
(vm13:r0:0) Connection finished, received 1402438301 bytes
(vm13:r0) thread 0 joined, 16 connections remaining
(vm13:r0) Starting new connection thread
(vm13:r0) Maximum number of connections reached (5), waiting for a thread to finish
(vm13:r0:0) Connection established
(vm13:r0:0) Connection finished, received 1402438301 bytes
(vm13:r0) thread 0 joined, 15 connections remaining
(vm13:r0) Starting new connection thread
(vm13:r0) Maximum number of connections reached (5), waiting for a thread to finish
(vm13:r0:0) Connection established
(vm13:r0:0) Connection finished, received 1402438301 bytes
(vm13:r0) thread 0 joined, 14 connections remaining
(vm13:r0) Starting new connection thread
(vm13:r0) Maximum number of connections reached (5), waiting for a thread to finish
(vm13:r0:0) Connection established
(vm13:r0:0) Connection finished, received 1402438301 bytes
(vm13:r0) thread 0 joined, 13 connections remaining
(vm13:r0) Starting new connection thread
(vm13:r0) Maximum number of connections reached (5), waiting for a thread to finish
(vm13:r0:0) Connection established
(vm13:r0:0) Connection finished, received 1402438301 bytes
(vm13:r0) thread 0 joined, 12 connections remaining
(vm13:r0) Starting new connection thread
(vm13:r0) Maximum number of connections reached (5), waiting for a thread to finish
(vm13:r0:0) Connection established
(vm13:r0:0) Connection finished, received 1402438301 bytes
(vm13:r0) thread 0 joined, 11 connections remaining
(vm13:r0) Starting new connection thread
(vm13:r0) Maximum number of connections reached (5), waiting for a thread to finish
(vm13:r0:0) Connection established
(vm13:r0:0) Connection finished, received 1402438301 bytes
(vm13:r0) thread 0 joined, 10 connections remaining
(vm13:r0) Starting new connection thread
(vm13:r0) Maximum number of connections reached (5), waiting for a thread to finish
(vm13:r0:0) Connection established
(vm13:r0:0) Connection finished, received 1402438301 bytes
(vm13:r0) thread 0 joined, 9 connections remaining
(vm13:r0) Starting new connection thread
(vm13:r0) Maximum number of connections reached (5), waiting for a thread to finish
(vm13:r0:0) Connection established
(vm13:r0:0) Connection finished, received 1402438301 bytes
(vm13:r0) thread 0 joined, 8 connections remaining
(vm13:r0) Starting new connection thread
(vm13:r0) Maximum number of connections reached (5), waiting for a thread to finish
(vm13:r0:0) Connection established
(vm13:r0:0) Connection finished, received 1402438301 bytes
(vm13:r0) thread 0 joined, 7 connections remaining
(vm13:r0) Starting new connection thread
(vm13:r0) Maximum number of connections reached (5), waiting for a thread to finish
(vm13:r0:0) Connection established
(vm13:r0:0) Connection finished, received 1402438301 bytes
(vm13:r0) thread 0 joined, 6 connections remaining
(vm13:r0) Starting new connection thread
(vm13:r0) Maximum number of connections reached (5), waiting for a thread to finish
(vm13:r0:0) Connection established
(vm13:r0:0) Connection finished, received 1402438301 bytes
(vm13:r0) thread 0 joined, 5 connections remaining
(vm13:r0) Starting new connection thread
(vm13:r0) Maximum number of connections reached (5), waiting for a thread to finish
(vm13:r0:0) Connection established
(vm13:r0:0) Connection finished, received 1402438301 bytes
(vm13:r0) thread 0 joined, 4 connections remaining
(vm13:r0) Maximum number of connections reached (4), waiting for a thread to finish
(vm13:r0) thread 1 joined, 3 connections remaining
(vm13:r0) Maximum number of connections reached (3), waiting for a thread to finish
(vm13:r0) thread 2 joined, 2 connections remaining
(vm13:r0) Maximum number of connections reached (2), waiting for a thread to finish
(vm13:r0) thread 3 joined, 1 connections remaining
(vm13:r0) Maximum number of connections reached (1), waiting for a thread to finish
(vm13:r0) thread 4 joined, 0 connections remaining
(vm13:r0) all done, exiting
*RES* start node vm13:r0
*RES* vm13:r0:0,1404895718637,38880,1351,1402438301
*RES* vm13:r0:0,1404895757520,30615,1231,1402438301
*RES* vm13:r0:0,1404895788144,28226,1409,1402438301
*RES* vm13:r0:0,1404895816384,26286,1318,1402438301
*RES* vm13:r0:0,1404895842676,25125,1268,1402438301
*RES* vm13:r0:0,1404895867808,19369,1236,1402438301
*RES* vm13:r0:0,1404895887184,16677,1272,1402438301
*RES* vm13:r0:0,1404895903872,15492,1274,1402438301
*RES* vm13:r0:0,1404895919372,2131,906,1402438301
*RES* vm13:r0:0,1404895921508,4578,1169,1402438301
*RES* vm13:r0:0,1404895926107,10961,776,1402438301
*RES* vm13:r0:0,1404895937120,3140,879,1402438301
*RES* vm13:r0:0,1404895940268,3108,1000,1402438301
*RES* vm13:r0:0,1404895943380,2870,1023,1402438301
*RES* vm13:r0:0,1404895946260,2434,1129,1402438301
*RES* vm13:r0:0,1404895948704,3921,1076,1402438301
*RES* vm13:r0:0,1404895952632,2265,987,1402438301
*RES* vm13:r0:0,1404895954904,2415,1072,1402438301
*RES* vm13:r0:0,1404895957328,3224,1012,1402438301
*RES* vm13:r0:0,1404895960560,2928,1003,1402438301
*RES* vm13:r0:0,1404895963492,2007,953,1402438301
*RES* vm13:r0:0,1404895965508,1997,931,1402438301
*RES* vm13:r0:0,1404895967512,2217,969,1402438301
*RES* vm13:r0:0,1404895969736,4148,1106,1402438301
*RES* vm13:r0:1,1404895718637,31525,1303,1402438301
*RES* vm13:r0:2,1404895718637,40404,1342,1402438301
*RES* vm13:r0:3,1404895718637,37944,1367,1402438301
*RES* vm13:r0:4,1404895718637,30720,1313,1402438301
*RES* end node vm13:r0
Node vm13:r0 joined
Worker terminating correctly
