OSMeF worker starting
Enabling core dumping
Listening for command connection
(vm5:m0) New mapper on port 23330
(vm5:m0) -> reducer data size 74565404
(vm5:m0) -> reducer data size 74565404
(vm5:m0) -> reducer data size 74565404
(vm5:m0) -> reducer data size 74565404
(vm5:m0) -> reducer data size 74565404
(vm5:m0) -> reducer data size 74565404
(vm5:m0) -> reducer data size 74565404
(vm5:m0) -> reducer data size 74565404
(vm5:m0) -> reducer data size 74565404
(vm5:m0) -> reducer data size 74565404
(vm5:m0) -> reducer data size 74565404
(vm5:m0) -> reducer data size 74565404
(vm5:m0) Mapper thread started
(vm5:m0) Allocating data for reducer vm1:r0
(vm5:m0) Allocating data for reducer vm2:r0
(vm5:m0) Allocating data for reducer vm3:r0
(vm5:m0) Allocating data for reducer vm4:r0
(vm5:m0) Allocating data for reducer vm5:r0
(vm5:m0) Allocating data for reducer vm6:r0
(vm5:m0) Allocating data for reducer vm7:r0
(vm5:m0) Allocating data for reducer vm8:r0
(vm5:m0) Allocating data for reducer vm9:r0
(vm5:m0) Allocating data for reducer vm10:r0
(vm5:m0) Allocating data for reducer vm11:r0
(vm5:m0) Allocating data for reducer vm12:r0
(vm5:m0) Binding to port 23330
(vm5:r0) New reducer
(vm5:r0) Reducer thread started
(vm5:r0) waiting for START message
(vm5:r0) got START message
(vm5:r0) Starting new connection thread
(vm5:m0) Got connection from reducer vm1:r0
(vm5:m0) Got connection from reducer vm2:r0
(vm5:r0) Starting new connection thread
(vm5:r0) Starting new connection thread
(vm5:r0) Starting new connection thread
(vm5:r0) Starting new connection thread
(vm5:r0) Maximum number of connections reached (5), waiting for a thread to finish
(vm5:r0:4) Connection established
(vm5:m0:1) thread started, have to send 74565404 bytes
(vm5:r0:3) Connection established
(vm5:r0:1) Connection established
(vm5:m0) Got connection from reducer vm3:r0
(vm5:m0) Got connection from reducer vm5:r0
(vm5:m0) Got connection from reducer vm4:r0
(vm5:m0) Got connection from reducer vm7:r0
(vm5:m0) Got connection from reducer vm9:r0
(vm5:r0:2) Connection established
(vm5:m0) Got connection from reducer vm8:r0
(vm5:m0) Got connection from reducer vm6:r0
(vm5:m0) Got connection from reducer vm11:r0
(vm5:r0:0) Connection established
(vm5:m0:0) thread started, have to send 74565404 bytes
(vm5:m0:8) thread started, have to send 74565404 bytes
(vm5:m0) Got connection from reducer vm10:r0
(vm5:m0:5) thread started, have to send 74565404 bytes
(vm5:m0:10) thread started, have to send 74565404 bytes
(vm5:m0:7) thread started, have to send 74565404 bytes
(vm5:m0:6) thread started, have to send 74565404 bytes
(vm5:m0:3) thread started, have to send 74565404 bytes
(vm5:m0) Got connection from reducer vm12:r0
(vm5:m0) Waiting for a thread to finish
(vm5:m0:4) thread started, have to send 74565404 bytes
(vm5:m0:2) thread started, have to send 74565404 bytes
(vm5:m0:9) thread started, have to send 74565404 bytes
(vm5:m0:11) thread started, have to send 74565404 bytes
(vm5:r0:4) Connection finished, received 74565405 bytes
(vm5:m0:4) all data sent, thread exiting
(vm5:r0:1) Connection finished, received 74565405 bytes
(vm5:r0:3) Connection finished, received 74565405 bytes
(vm5:r0:2) Connection finished, received 74565405 bytes
(vm5:m0:1) all data sent, thread exiting
(vm5:m0:9) all data sent, thread exiting
(vm5:m0:10) all data sent, thread exiting
(vm5:m0:2) all data sent, thread exiting
(vm5:m0:0) all data sent, thread exiting
(vm5:m0:8) all data sent, thread exiting
(vm5:m0:11) all data sent, thread exiting
(vm5:m0:3) all data sent, thread exiting
(vm5:m0:6) all data sent, thread exiting
(vm5:m0:5) all data sent, thread exiting
(vm5:m0) thread 0 joined, 11 connections remaining
(vm5:m0) Waiting for a thread to finish
(vm5:m0) thread 1 joined, 10 connections remaining
(vm5:m0) Waiting for a thread to finish
(vm5:m0) thread 2 joined, 9 connections remaining
(vm5:m0) Waiting for a thread to finish
(vm5:m0) thread 3 joined, 8 connections remaining
(vm5:m0) Waiting for a thread to finish
(vm5:m0) thread 4 joined, 7 connections remaining
(vm5:m0) Waiting for a thread to finish
(vm5:m0) thread 5 joined, 6 connections remaining
(vm5:m0) Waiting for a thread to finish
(vm5:m0) thread 6 joined, 5 connections remaining
(vm5:m0) Waiting for a thread to finish
(vm5:m0:7) all data sent, thread exiting
(vm5:m0) thread 7 joined, 4 connections remaining
(vm5:m0) Waiting for a thread to finish
(vm5:m0) thread 8 joined, 3 connections remaining
(vm5:m0) Waiting for a thread to finish
(vm5:m0) thread 9 joined, 2 connections remaining
(vm5:m0) Waiting for a thread to finish
(vm5:m0) thread 10 joined, 1 connections remaining
(vm5:m0) Waiting for a thread to finish
(vm5:m0) thread 11 joined, 0 connections remaining
(vm5:m0) all done, exiting
*RES* start node vm5:m0
*RES* vm5:m0:0,1403609161423,1012,58,74565405
*RES* vm5:m0:1,1403609161421,983,58,74565405
*RES* vm5:m0:2,1403609161433,1002,58,74565405
*RES* vm5:m0:3,1403609161424,995,59,74565405
*RES* vm5:m0:4,1403609161427,458,29,74565405
*RES* vm5:m0:5,1403609161423,1016,60,74565405
*RES* vm5:m0:6,1403609161423,1006,59,74565405
*RES* vm5:m0:7,1403609161423,1022,63,74565405
*RES* vm5:m0:8,1403609161423,1013,60,74565405
*RES* vm5:m0:9,1403609161435,997,59,74565405
*RES* vm5:m0:10,1403609161423,1011,59,74565405
*RES* vm5:m0:11,1403609161437,983,58,74565405
*RES* end node vm5:m0
Node vm5:m0 joined
(vm5:r0:0) Connection finished, received 74565405 bytes
(vm5:r0) thread 0 joined, 11 connections remaining
(vm5:r0) Starting new connection thread
(vm5:r0) Maximum number of connections reached (5), waiting for a thread to finish
(vm5:r0:0) Connection established
(vm5:r0:0) Connection finished, received 74565405 bytes
(vm5:r0) thread 0 joined, 10 connections remaining
(vm5:r0) Starting new connection thread
(vm5:r0) Maximum number of connections reached (5), waiting for a thread to finish
(vm5:r0:0) Connection established
(vm5:r0:0) Connection finished, received 74565405 bytes
(vm5:r0) thread 0 joined, 9 connections remaining
(vm5:r0) Starting new connection thread
(vm5:r0) Maximum number of connections reached (5), waiting for a thread to finish
(vm5:r0:0) Connection established
(vm5:r0:0) Connection finished, received 74565405 bytes
(vm5:r0) thread 0 joined, 8 connections remaining
(vm5:r0) Starting new connection thread
(vm5:r0) Maximum number of connections reached (5), waiting for a thread to finish
(vm5:r0:0) Connection established
(vm5:r0:0) Connection finished, received 74565405 bytes
(vm5:r0) thread 0 joined, 7 connections remaining
(vm5:r0) Starting new connection thread
(vm5:r0) Maximum number of connections reached (5), waiting for a thread to finish
(vm5:r0:0) Connection established
(vm5:r0:0) Connection finished, received 74565405 bytes
(vm5:r0) thread 0 joined, 6 connections remaining
(vm5:r0) Starting new connection thread
(vm5:r0) Maximum number of connections reached (5), waiting for a thread to finish
(vm5:r0:0) Connection established
(vm5:r0:0) Connection finished, received 74565405 bytes
(vm5:r0) thread 0 joined, 5 connections remaining
(vm5:r0) Starting new connection thread
(vm5:r0) Maximum number of connections reached (5), waiting for a thread to finish
(vm5:r0:0) Connection established
(vm5:r0:0) Connection finished, received 74565405 bytes
(vm5:r0) thread 0 joined, 4 connections remaining
(vm5:r0) Maximum number of connections reached (4), waiting for a thread to finish
(vm5:r0) thread 1 joined, 3 connections remaining
(vm5:r0) Maximum number of connections reached (3), waiting for a thread to finish
(vm5:r0) thread 2 joined, 2 connections remaining
(vm5:r0) Maximum number of connections reached (2), waiting for a thread to finish
(vm5:r0) thread 3 joined, 1 connections remaining
(vm5:r0) Maximum number of connections reached (1), waiting for a thread to finish
(vm5:r0) thread 4 joined, 0 connections remaining
(vm5:r0) all done, exiting
*RES* start node vm5:r0
*RES* vm5:r0:0,1403609161421,1036,58,74565405
*RES* vm5:r0:0,1403609162461,495,48,74565405
*RES* vm5:r0:0,1403609162961,490,49,74565405
*RES* vm5:r0:0,1403609163457,493,59,74565405
*RES* vm5:r0:0,1403609163957,203,44,74565405
*RES* vm5:r0:0,1403609164165,100,36,74565405
*RES* vm5:r0:0,1403609164269,205,41,74565405
*RES* vm5:r0:0,1403609164481,131,39,74565405
*RES* vm5:r0:1,1403609161421,915,52,74565405
*RES* vm5:r0:2,1403609161421,918,53,74565405
*RES* vm5:r0:3,1403609161420,919,54,74565405
*RES* vm5:r0:4,1403609161420,466,30,74565405
*RES* end node vm5:r0
Node vm5:r0 joined
Worker terminating correctly
