OSMeF worker starting
Enabling core dumping
Listening for command connection
(vm2:m0) New mapper on port 23330
(vm2:m0) -> reducer data size 5609753202
(vm2:m0) -> reducer data size 5609753202
(vm2:m0) -> reducer data size 5609753202
(vm2:m0) -> reducer data size 5609753202
(vm2:m0) -> reducer data size 5609753202
(vm2:m0) -> reducer data size 5609753202
(vm2:m0) -> reducer data size 5609753202
(vm2:m0) -> reducer data size 5609753202
(vm2:m0) -> reducer data size 5609753202
(vm2:m0) -> reducer data size 5609753202
(vm2:m0) -> reducer data size 5609753202
(vm2:m0) -> reducer data size 5609753202
(vm2:m0) -> reducer data size 5609753202
(vm2:m0) -> reducer data size 5609753202
(vm2:m0) Mapper thread started
(vm2:m0) Allocating data for reducer vm1:r0
(vm2:m0) Allocating data for reducer vm2:r0
(vm2:m0) Allocating data for reducer vm3:r0
(vm2:m0) Allocating data for reducer vm4:r0
(vm2:m0) Allocating data for reducer vm5:r0
(vm2:m0) Allocating data for reducer vm6:r0
(vm2:m0) Allocating data for reducer vm7:r0
(vm2:m0) Allocating data for reducer vm8:r0
(vm2:m0) Allocating data for reducer vm9:r0
(vm2:m0) Allocating data for reducer vm10:r0
(vm2:m0) Allocating data for reducer vm11:r0
(vm2:m0) Allocating data for reducer vm12:r0
(vm2:m0) Allocating data for reducer vm13:r0
(vm2:m0) Allocating data for reducer vm14:r0
(vm2:m0) Binding to port 23330
(vm2:r0) New reducer
(vm2:r0) Reducer thread started
(vm2:r0) waiting for START message
(vm2:r0) got START message
(vm2:r0) Starting new connection thread
(vm2:r0) Starting new connection thread
(vm2:r0) Starting new connection thread
(vm2:r0) Starting new connection thread
(vm2:r0) Starting new connection thread
(vm2:r0) Maximum number of connections reached (5), waiting for a thread to finish
(vm2:r0:4) Connection established
(vm2:r0:3) Connection established
(vm2:r0:2) Connection established
(vm2:r0:1) Connection established
(vm2:m0) Got connection from reducer vm2:r0
(vm2:m0) Got connection from reducer vm1:r0
(vm2:m0:0) thread started, have to send 5609753202 bytes
(vm2:r0:0) Connection established
(vm2:m0:1) thread started, have to send 5609753202 bytes
(vm2:m0) Got connection from reducer vm3:r0
(vm2:m0) Got connection from reducer vm5:r0
(vm2:m0) Got connection from reducer vm8:r0
(vm2:m0) Got connection from reducer vm10:r0
(vm2:m0) Got connection from reducer vm7:r0
(vm2:m0) Got connection from reducer vm6:r0
(vm2:m0) Got connection from reducer vm11:r0
(vm2:m0) Got connection from reducer vm4:r0
(vm2:m0) Got connection from reducer vm12:r0
(vm2:m0) Got connection from reducer vm9:r0
(vm2:m0) Got connection from reducer vm14:r0
(vm2:m0) Got connection from reducer vm13:r0
(vm2:m0) Waiting for a thread to finish
(vm2:m0:9) thread started, have to send 5609753202 bytes
(vm2:m0:4) thread started, have to send 5609753202 bytes
(vm2:m0:6) thread started, have to send 5609753202 bytes
(vm2:m0:5) thread started, have to send 5609753202 bytes
(vm2:m0:2) thread started, have to send 5609753202 bytes
(vm2:m0:10) thread started, have to send 5609753202 bytes
(vm2:m0:7) thread started, have to send 5609753202 bytes
(vm2:m0:3) thread started, have to send 5609753202 bytes
(vm2:m0:13) thread started, have to send 5609753202 bytes
(vm2:m0:11) thread started, have to send 5609753202 bytes
(vm2:m0:12) thread started, have to send 5609753202 bytes
(vm2:m0:8) thread started, have to send 5609753202 bytes
(vm2:m0:1) all data sent, thread exiting
(vm2:r0:1) Connection finished, received 5609753203 bytes
(vm2:m0:10) all data sent, thread exiting
(vm2:m0:12) all data sent, thread exiting
(vm2:m0:11) all data sent, thread exiting
(vm2:m0:6) all data sent, thread exiting
(vm2:m0:5) all data sent, thread exiting
(vm2:m0:7) all data sent, thread exiting
(vm2:m0:8) all data sent, thread exiting
(vm2:m0:13) all data sent, thread exiting
(vm2:m0:9) all data sent, thread exiting
(vm2:r0:4) Connection finished, received 5609753203 bytes
(vm2:m0:4) all data sent, thread exiting
(vm2:m0:2) all data sent, thread exiting
(vm2:m0:0) all data sent, thread exiting
(vm2:m0) thread 0 joined, 13 connections remaining
(vm2:m0) Waiting for a thread to finish
(vm2:m0) thread 1 joined, 12 connections remaining
(vm2:m0) Waiting for a thread to finish
(vm2:m0) thread 2 joined, 11 connections remaining
(vm2:m0) Waiting for a thread to finish
(vm2:r0:2) Connection finished, received 5609753203 bytes
(vm2:r0:0) Connection finished, received 5609753203 bytes
(vm2:r0) thread 0 joined, 13 connections remaining
(vm2:r0) Starting new connection thread
(vm2:r0) Maximum number of connections reached (5), waiting for a thread to finish
(vm2:r0:0) Connection established
(vm2:m0:3) all data sent, thread exiting
(vm2:m0) thread 3 joined, 10 connections remaining
(vm2:m0) Waiting for a thread to finish
(vm2:m0) thread 4 joined, 9 connections remaining
(vm2:m0) Waiting for a thread to finish
(vm2:m0) thread 5 joined, 8 connections remaining
(vm2:m0) Waiting for a thread to finish
(vm2:m0) thread 6 joined, 7 connections remaining
(vm2:m0) Waiting for a thread to finish
(vm2:m0) thread 7 joined, 6 connections remaining
(vm2:m0) Waiting for a thread to finish
(vm2:m0) thread 8 joined, 5 connections remaining
(vm2:m0) Waiting for a thread to finish
(vm2:m0) thread 9 joined, 4 connections remaining
(vm2:m0) Waiting for a thread to finish
(vm2:m0) thread 10 joined, 3 connections remaining
(vm2:m0) Waiting for a thread to finish
(vm2:m0) thread 11 joined, 2 connections remaining
(vm2:m0) Waiting for a thread to finish
(vm2:m0) thread 12 joined, 1 connections remaining
(vm2:m0) Waiting for a thread to finish
(vm2:m0) thread 13 joined, 0 connections remaining
(vm2:m0) all done, exiting
*RES* start node vm2:m0
*RES* vm2:m0:0,1403736020707,75344,3585,5609753203
*RES* vm2:m0:1,1403736020708,43080,1608,5609753203
*RES* vm2:m0:2,1403736020721,74398,3602,5609753203
*RES* vm2:m0:3,1403736020724,77896,3619,5609753203
*RES* vm2:m0:4,1403736020718,71541,3624,5609753203
*RES* vm2:m0:5,1403736020720,65784,3791,5609753203
*RES* vm2:m0:6,1403736020720,65680,3807,5609753203
*RES* vm2:m0:7,1403736020723,65876,3801,5609753203
*RES* vm2:m0:8,1403736020724,65891,3798,5609753203
*RES* vm2:m0:9,1403736020718,66088,3818,5609753203
*RES* vm2:m0:10,1403736020721,65362,3773,5609753203
*RES* vm2:m0:11,1403736020724,65573,3777,5609753203
*RES* vm2:m0:12,1403736020724,65385,3780,5609753203
*RES* vm2:m0:13,1403736020724,66078,3817,5609753203
*RES* end node vm2:m0
Node vm2:m0 joined
(vm2:r0:3) Connection finished, received 5609753203 bytes
(vm2:r0:0) Connection finished, received 5609753203 bytes
(vm2:r0) thread 0 joined, 12 connections remaining
(vm2:r0) Starting new connection thread
(vm2:r0) Maximum number of connections reached (5), waiting for a thread to finish
(vm2:r0:0) Connection established
(vm2:r0:0) Connection finished, received 5609753203 bytes
(vm2:r0) thread 0 joined, 11 connections remaining
(vm2:r0) Starting new connection thread
(vm2:r0) Maximum number of connections reached (5), waiting for a thread to finish
(vm2:r0:0) Connection established
(vm2:r0:0) Connection finished, received 5609753203 bytes
(vm2:r0) thread 0 joined, 10 connections remaining
(vm2:r0) Starting new connection thread
(vm2:r0) Maximum number of connections reached (5), waiting for a thread to finish
(vm2:r0:0) Connection established
(vm2:r0:0) Connection finished, received 5609753203 bytes
(vm2:r0) thread 0 joined, 9 connections remaining
(vm2:r0) Starting new connection thread
(vm2:r0) Maximum number of connections reached (5), waiting for a thread to finish
(vm2:r0:0) Connection established
(vm2:r0:0) Connection finished, received 5609753203 bytes
(vm2:r0) thread 0 joined, 8 connections remaining
(vm2:r0) Starting new connection thread
(vm2:r0) Maximum number of connections reached (5), waiting for a thread to finish
(vm2:r0:0) Connection established
(vm2:r0:0) Connection finished, received 5609753203 bytes
(vm2:r0) thread 0 joined, 7 connections remaining
(vm2:r0) Starting new connection thread
(vm2:r0) Maximum number of connections reached (5), waiting for a thread to finish
(vm2:r0:0) Connection established
(vm2:r0:0) Connection finished, received 5609753203 bytes
(vm2:r0) thread 0 joined, 6 connections remaining
(vm2:r0) Starting new connection thread
(vm2:r0) Maximum number of connections reached (5), waiting for a thread to finish
(vm2:r0:0) Connection established
(vm2:r0:0) Connection finished, received 5609753203 bytes
(vm2:r0) thread 0 joined, 5 connections remaining
(vm2:r0) Starting new connection thread
(vm2:r0) Maximum number of connections reached (5), waiting for a thread to finish
(vm2:r0:0) Connection established
(vm2:r0:0) Connection finished, received 5609753203 bytes
(vm2:r0) thread 0 joined, 4 connections remaining
(vm2:r0) Maximum number of connections reached (4), waiting for a thread to finish
(vm2:r0) thread 1 joined, 3 connections remaining
(vm2:r0) Maximum number of connections reached (3), waiting for a thread to finish
(vm2:r0) thread 2 joined, 2 connections remaining
(vm2:r0) Maximum number of connections reached (2), waiting for a thread to finish
(vm2:r0) thread 3 joined, 1 connections remaining
(vm2:r0) Maximum number of connections reached (1), waiting for a thread to finish
(vm2:r0) thread 4 joined, 0 connections remaining
(vm2:r0) all done, exiting
*RES* start node vm2:r0
*RES* vm2:r0:0,1403736020707,77452,3977,5609753203
*RES* vm2:r0:0,1403736098170,50136,4013,5609753203
*RES* vm2:r0:0,1403736148314,53774,3891,5609753203
*RES* vm2:r0:0,1403736202094,33373,3558,5609753203
*RES* vm2:r0:0,1403736235474,47085,3505,5609753203
*RES* vm2:r0:0,1403736282565,38852,3425,5609753203
*RES* vm2:r0:0,1403736321421,44759,3480,5609753203
*RES* vm2:r0:0,1403736366185,32753,3410,5609753203
*RES* vm2:r0:0,1403736398945,20224,3108,5609753203
*RES* vm2:r0:0,1403736419173,18664,3159,5609753203
*RES* vm2:r0:1,1403736020706,43152,2832,5609753203
*RES* vm2:r0:2,1403736020706,76555,3950,5609753203
*RES* vm2:r0:3,1403736020706,82120,3885,5609753203
*RES* vm2:r0:4,1403736020706,70073,3697,5609753203
*RES* end node vm2:r0
Node vm2:r0 joined
Worker terminating correctly
