OSMeF worker starting
Enabling core dumping
Listening for command connection
(vm21:m0) New mapper on port 23330
(vm21:m0) -> reducer data size 848388601
(vm21:m0) -> reducer data size 848388601
(vm21:m0) -> reducer data size 848388601
(vm21:m0) -> reducer data size 848388601
(vm21:m0) -> reducer data size 848388601
(vm21:m0) -> reducer data size 848388601
(vm21:m0) -> reducer data size 848388601
(vm21:m0) -> reducer data size 848388601
(vm21:m0) -> reducer data size 848388601
(vm21:m0) -> reducer data size 848388601
(vm21:m0) -> reducer data size 848388601
(vm21:m0) -> reducer data size 848388601
(vm21:m0) -> reducer data size 848388601
(vm21:m0) -> reducer data size 848388601
(vm21:m0) -> reducer data size 848388601
(vm21:m0) -> reducer data size 848388601
(vm21:m0) -> reducer data size 848388601
(vm21:m0) -> reducer data size 848388601
(vm21:m0) -> reducer data size 848388601
(vm21:m0) -> reducer data size 848388601
(vm21:m0) -> reducer data size 848388601
(vm21:m0) -> reducer data size 848388601
(vm21:m0) -> reducer data size 848388601
(vm21:m0) -> reducer data size 848388601
(vm21:m0) -> reducer data size 848388601
(vm21:m0) -> reducer data size 848388601
(vm21:m0) -> reducer data size 848388601
(vm21:m0) -> reducer data size 848388601
(vm21:m0) -> reducer data size 848388601
(vm21:m0) -> reducer data size 848388601
(vm21:m0) -> reducer data size 848388601
(vm21:m0) -> reducer data size 848388601
(vm21:m0) -> reducer data size 848388601
(vm21:m0) -> reducer data size 848388601
(vm21:m0) -> reducer data size 848388601
(vm21:m0) -> reducer data size 848388601
(vm21:m0) Mapper thread started
(vm21:m0) Allocating data for reducer vm1:r0
(vm21:m0) Allocating data for reducer vm2:r0
(vm21:m0) Allocating data for reducer vm3:r0
(vm21:m0) Allocating data for reducer vm4:r0
(vm21:m0) Allocating data for reducer vm5:r0
(vm21:m0) Allocating data for reducer vm6:r0
(vm21:m0) Allocating data for reducer vm7:r0
(vm21:m0) Allocating data for reducer vm8:r0
(vm21:m0) Allocating data for reducer vm9:r0
(vm21:m0) Allocating data for reducer vm10:r0
(vm21:m0) Allocating data for reducer vm11:r0
(vm21:m0) Allocating data for reducer vm12:r0
(vm21:m0) Allocating data for reducer vm13:r0
(vm21:m0) Allocating data for reducer vm14:r0
(vm21:m0) Allocating data for reducer vm15:r0
(vm21:m0) Allocating data for reducer vm16:r0
(vm21:m0) Allocating data for reducer vm17:r0
(vm21:m0) Allocating data for reducer vm18:r0
(vm21:m0) Allocating data for reducer vm19:r0
(vm21:m0) Allocating data for reducer vm20:r0
(vm21:m0) Allocating data for reducer vm21:r0
(vm21:m0) Allocating data for reducer vm22:r0
(vm21:m0) Allocating data for reducer vm23:r0
(vm21:m0) Allocating data for reducer vm24:r0
(vm21:m0) Allocating data for reducer vm25:r0
(vm21:m0) Allocating data for reducer vm26:r0
(vm21:m0) Allocating data for reducer vm27:r0
(vm21:m0) Allocating data for reducer vm28:r0
(vm21:m0) Allocating data for reducer vm29:r0
(vm21:m0) Allocating data for reducer vm30:r0
(vm21:m0) Allocating data for reducer vm31:r0
(vm21:m0) Allocating data for reducer vm32:r0
(vm21:m0) Allocating data for reducer vm33:r0
(vm21:m0) Allocating data for reducer vm34:r0
(vm21:m0) Allocating data for reducer vm35:r0
(vm21:m0) Allocating data for reducer vm36:r0
(vm21:m0) Binding to port 23330
(vm21:r0) New reducer
(vm21:r0) Reducer thread started
(vm21:r0) waiting for START message
(vm21:r0) got START message
(vm21:r0) Starting new connection thread
(vm21:r0) Starting new connection thread
(vm21:r0) Starting new connection thread
(vm21:r0) Starting new connection thread
(vm21:r0) Starting new connection thread
(vm21:r0) Maximum number of connections reached (5), waiting for a thread to finish
(vm21:r0:4) Connection established
(vm21:r0:1) Connection established
(vm21:r0:0) Connection established
(vm21:r0:3) Connection established
(vm21:r0:2) Connection established
(vm21:r0:2) Connection finished, received 848388602 bytes
(vm21:r0:4) Connection finished, received 848388602 bytes
(vm21:r0:1) Connection finished, received 848388602 bytes
(vm21:r0:0) Connection finished, received 848388602 bytes
(vm21:r0) thread 0 joined, 35 connections remaining
(vm21:r0) Starting new connection thread
(vm21:r0) Maximum number of connections reached (5), waiting for a thread to finish
(vm21:r0:0) Connection established
(vm21:r0:3) Connection finished, received 848388602 bytes
(vm21:r0:0) Connection finished, received 848388602 bytes
(vm21:r0) thread 0 joined, 34 connections remaining
(vm21:r0) Starting new connection thread
(vm21:r0) Maximum number of connections reached (5), waiting for a thread to finish
(vm21:r0:0) Connection established
(vm21:r0:0) Connection finished, received 848388602 bytes
(vm21:r0) thread 0 joined, 33 connections remaining
(vm21:r0) Starting new connection thread
(vm21:r0) Maximum number of connections reached (5), waiting for a thread to finish
(vm21:r0:0) Connection established
(vm21:r0:0) Connection finished, received 848388602 bytes
(vm21:r0) thread 0 joined, 32 connections remaining
(vm21:r0) Starting new connection thread
(vm21:r0) Maximum number of connections reached (5), waiting for a thread to finish
(vm21:r0:0) Connection established
(vm21:r0:0) Connection finished, received 848388602 bytes
(vm21:r0) thread 0 joined, 31 connections remaining
(vm21:r0) Starting new connection thread
(vm21:r0) Maximum number of connections reached (5), waiting for a thread to finish
(vm21:r0:0) Connection established
(vm21:r0:0) Connection finished, received 848388602 bytes
(vm21:r0) thread 0 joined, 30 connections remaining
(vm21:r0) Starting new connection thread
(vm21:r0) Maximum number of connections reached (5), waiting for a thread to finish
(vm21:r0:0) Connection established
(vm21:m0) Got connection from reducer vm25:r0
(vm21:m0:24) thread started, have to send 848388601 bytes
(vm21:m0) Got connection from reducer vm20:r0
(vm21:m0:19) thread started, have to send 848388601 bytes
(vm21:m0:24) all data sent, thread exiting
(vm21:r0:0) Connection finished, received 848388602 bytes
(vm21:r0) thread 0 joined, 29 connections remaining
(vm21:r0) Starting new connection thread
(vm21:r0) Maximum number of connections reached (5), waiting for a thread to finish
(vm21:r0:0) Connection established
(vm21:m0:19) all data sent, thread exiting
(vm21:r0:0) Connection finished, received 848388602 bytes
(vm21:r0) thread 0 joined, 28 connections remaining
(vm21:r0) Starting new connection thread
(vm21:r0) Maximum number of connections reached (5), waiting for a thread to finish
(vm21:r0:0) Connection established
(vm21:m0) Got connection from reducer vm1:r0
(vm21:m0:0) thread started, have to send 848388601 bytes
(vm21:r0:0) Connection finished, received 848388602 bytes
(vm21:r0) thread 0 joined, 27 connections remaining
(vm21:r0) Starting new connection thread
(vm21:r0) Maximum number of connections reached (5), waiting for a thread to finish
(vm21:r0:0) Connection established
(vm21:m0:0) all data sent, thread exiting
(vm21:r0:0) Connection finished, received 848388602 bytes
(vm21:r0) thread 0 joined, 26 connections remaining
(vm21:r0) Starting new connection thread
(vm21:r0) Maximum number of connections reached (5), waiting for a thread to finish
(vm21:r0:0) Connection established
(vm21:r0:0) Connection finished, received 848388602 bytes
(vm21:r0) thread 0 joined, 25 connections remaining
(vm21:r0) Starting new connection thread
(vm21:r0) Maximum number of connections reached (5), waiting for a thread to finish
(vm21:r0:0) Connection established
(vm21:r0:0) Connection finished, received 848388602 bytes
(vm21:r0) thread 0 joined, 24 connections remaining
(vm21:r0) Starting new connection thread
(vm21:r0) Maximum number of connections reached (5), waiting for a thread to finish
(vm21:r0:0) Connection established
(vm21:r0:0) Connection finished, received 848388602 bytes
(vm21:r0) thread 0 joined, 23 connections remaining
(vm21:r0) Starting new connection thread
(vm21:r0) Maximum number of connections reached (5), waiting for a thread to finish
(vm21:r0:0) Connection established
(vm21:m0) Got connection from reducer vm6:r0
(vm21:m0:5) thread started, have to send 848388601 bytes
(vm21:r0:0) Connection finished, received 848388602 bytes
(vm21:r0) thread 0 joined, 22 connections remaining
(vm21:r0) Starting new connection thread
(vm21:r0) Maximum number of connections reached (5), waiting for a thread to finish
(vm21:r0:0) Connection established
(vm21:m0:5) all data sent, thread exiting
(vm21:r0:0) Connection finished, received 848388602 bytes
(vm21:r0) thread 0 joined, 21 connections remaining
(vm21:r0) Starting new connection thread
(vm21:r0) Maximum number of connections reached (5), waiting for a thread to finish
(vm21:r0:0) Connection established
(vm21:r0:0) Connection finished, received 848388602 bytes
(vm21:r0) thread 0 joined, 20 connections remaining
(vm21:r0) Starting new connection thread
(vm21:r0) Maximum number of connections reached (5), waiting for a thread to finish
(vm21:r0:0) Connection established
(vm21:m0) Got connection from reducer vm21:r0
(vm21:m0:20) thread started, have to send 848388601 bytes
(vm21:m0:20) all data sent, thread exiting
(vm21:r0:0) Connection finished, received 848388602 bytes
(vm21:r0) thread 0 joined, 19 connections remaining
(vm21:r0) Starting new connection thread
(vm21:r0) Maximum number of connections reached (5), waiting for a thread to finish
(vm21:r0:0) Connection established
(vm21:m0) Got connection from reducer vm36:r0
(vm21:m0:35) thread started, have to send 848388601 bytes
(vm21:r0:0) Connection finished, received 848388602 bytes
(vm21:r0) thread 0 joined, 18 connections remaining
(vm21:r0) Starting new connection thread
(vm21:r0) Maximum number of connections reached (5), waiting for a thread to finish
(vm21:r0:0) Connection established
(vm21:m0:35) all data sent, thread exiting
(vm21:r0:0) Connection finished, received 848388602 bytes
(vm21:r0) thread 0 joined, 17 connections remaining
(vm21:r0) Starting new connection thread
(vm21:r0) Maximum number of connections reached (5), waiting for a thread to finish
(vm21:r0:0) Connection established
(vm21:m0) Got connection from reducer vm15:r0
(vm21:m0:14) thread started, have to send 848388601 bytes
(vm21:r0:0) Connection finished, received 848388602 bytes
(vm21:r0) thread 0 joined, 16 connections remaining
(vm21:r0) Starting new connection thread
(vm21:r0) Maximum number of connections reached (5), waiting for a thread to finish
(vm21:r0:0) Connection established
(vm21:m0) Got connection from reducer vm34:r0
(vm21:m0:33) thread started, have to send 848388601 bytes
(vm21:m0:14) all data sent, thread exiting
(vm21:m0) Got connection from reducer vm23:r0
(vm21:m0:22) thread started, have to send 848388601 bytes
(vm21:m0) Got connection from reducer vm22:r0
(vm21:m0:21) thread started, have to send 848388601 bytes
(vm21:m0:33) all data sent, thread exiting
(vm21:r0:0) Connection finished, received 848388602 bytes
(vm21:r0) thread 0 joined, 15 connections remaining
(vm21:r0) Starting new connection thread
(vm21:r0) Maximum number of connections reached (5), waiting for a thread to finish
(vm21:r0:0) Connection established
(vm21:m0) Got connection from reducer vm26:r0
(vm21:m0:25) thread started, have to send 848388601 bytes
(vm21:m0:22) all data sent, thread exiting
(vm21:m0:21) all data sent, thread exiting
(vm21:r0:0) Connection finished, received 848388602 bytes
(vm21:r0) thread 0 joined, 14 connections remaining
(vm21:r0) Starting new connection thread
(vm21:r0) Maximum number of connections reached (5), waiting for a thread to finish
(vm21:r0:0) Connection established
(vm21:m0:25) all data sent, thread exiting
(vm21:m0) Got connection from reducer vm7:r0
(vm21:m0:6) thread started, have to send 848388601 bytes
(vm21:r0:0) Connection finished, received 848388602 bytes
(vm21:r0) thread 0 joined, 13 connections remaining
(vm21:r0) Starting new connection thread
(vm21:r0) Maximum number of connections reached (5), waiting for a thread to finish
(vm21:r0:0) Connection established
(vm21:m0:6) all data sent, thread exiting
(vm21:m0) Got connection from reducer vm24:r0
(vm21:m0:23) thread started, have to send 848388601 bytes
(vm21:m0) Got connection from reducer vm14:r0
(vm21:m0:13) thread started, have to send 848388601 bytes
(vm21:r0:0) Connection finished, received 848388602 bytes
(vm21:r0) thread 0 joined, 12 connections remaining
(vm21:r0) Starting new connection thread
(vm21:r0) Maximum number of connections reached (5), waiting for a thread to finish
(vm21:r0:0) Connection established
(vm21:m0) Got connection from reducer vm28:r0
(vm21:m0:27) thread started, have to send 848388601 bytes
(vm21:m0) Got connection from reducer vm11:r0
(vm21:m0:10) thread started, have to send 848388601 bytes
(vm21:r0:0) Connection finished, received 848388602 bytes
(vm21:r0) thread 0 joined, 11 connections remaining
(vm21:r0) Starting new connection thread
(vm21:r0) Maximum number of connections reached (5), waiting for a thread to finish
(vm21:r0:0) Connection established
(vm21:m0:13) all data sent, thread exiting
(vm21:m0:23) all data sent, thread exiting
(vm21:m0) Got connection from reducer vm32:r0
(vm21:m0:31) thread started, have to send 848388601 bytes
(vm21:m0) Got connection from reducer vm29:r0
(vm21:m0:27) all data sent, thread exiting
(vm21:m0:28) thread started, have to send 848388601 bytes
(vm21:m0:10) all data sent, thread exiting
(vm21:r0:0) Connection finished, received 848388602 bytes
(vm21:r0) thread 0 joined, 10 connections remaining
(vm21:r0) Starting new connection thread
(vm21:r0) Maximum number of connections reached (5), waiting for a thread to finish
(vm21:r0:0) Connection established
(vm21:m0:31) all data sent, thread exiting
(vm21:m0:28) all data sent, thread exiting
(vm21:m0) Got connection from reducer vm10:r0
(vm21:m0:9) thread started, have to send 848388601 bytes
(vm21:r0:0) Connection finished, received 848388602 bytes
(vm21:r0) thread 0 joined, 9 connections remaining
(vm21:r0) Starting new connection thread
(vm21:r0) Maximum number of connections reached (5), waiting for a thread to finish
(vm21:r0:0) Connection established
(vm21:m0:9) all data sent, thread exiting
(vm21:m0) Got connection from reducer vm13:r0
(vm21:m0:12) thread started, have to send 848388601 bytes
(vm21:m0) Got connection from reducer vm16:r0
(vm21:m0:15) thread started, have to send 848388601 bytes
(vm21:m0) Got connection from reducer vm8:r0
(vm21:m0:7) thread started, have to send 848388601 bytes
(vm21:m0) Got connection from reducer vm18:r0
(vm21:m0:17) thread started, have to send 848388601 bytes
(vm21:r0:0) Connection finished, received 848388602 bytes
(vm21:r0) thread 0 joined, 8 connections remaining
(vm21:r0) Starting new connection thread
(vm21:r0) Maximum number of connections reached (5), waiting for a thread to finish
(vm21:r0:0) Connection established
(vm21:m0) Got connection from reducer vm9:r0
(vm21:m0:8) thread started, have to send 848388601 bytes
(vm21:m0:15) all data sent, thread exiting
(vm21:m0) Got connection from reducer vm5:r0
(vm21:m0:4) thread started, have to send 848388601 bytes
(vm21:m0:12) all data sent, thread exiting
(vm21:m0:7) all data sent, thread exiting
(vm21:r0:0) Connection finished, received 848388602 bytes
(vm21:r0) thread 0 joined, 7 connections remaining
(vm21:r0) Starting new connection thread
(vm21:r0) Maximum number of connections reached (5), waiting for a thread to finish
(vm21:r0:0) Connection established
(vm21:m0:8) all data sent, thread exiting
(vm21:m0) Got connection from reducer vm35:r0
(vm21:m0:34) thread started, have to send 848388601 bytes
(vm21:m0) Got connection from reducer vm12:r0
(vm21:m0:11) thread started, have to send 848388601 bytes
(vm21:m0:17) all data sent, thread exiting
(vm21:m0:4) all data sent, thread exiting
(vm21:r0:0) Connection finished, received 848388602 bytes
(vm21:r0) thread 0 joined, 6 connections remaining
(vm21:r0) Starting new connection thread
(vm21:r0) Maximum number of connections reached (5), waiting for a thread to finish
(vm21:r0:0) Connection established
(vm21:m0:11) all data sent, thread exiting
(vm21:m0:34) all data sent, thread exiting
(vm21:m0) Got connection from reducer vm27:r0
(vm21:m0:26) thread started, have to send 848388601 bytes
(vm21:r0:0) Connection finished, received 848388602 bytes
(vm21:r0) thread 0 joined, 5 connections remaining
(vm21:r0) Starting new connection thread
(vm21:r0) Maximum number of connections reached (5), waiting for a thread to finish
(vm21:r0:0) Connection established
(vm21:m0) Got connection from reducer vm2:r0
(vm21:m0:1) thread started, have to send 848388601 bytes
(vm21:m0:26) all data sent, thread exiting
(vm21:m0) Got connection from reducer vm31:r0
(vm21:m0:30) thread started, have to send 848388601 bytes
(vm21:m0) Got connection from reducer vm3:r0
(vm21:m0:2) thread started, have to send 848388601 bytes
(vm21:m0) Got connection from reducer vm4:r0
(vm21:m0:3) thread started, have to send 848388601 bytes
(vm21:m0) Got connection from reducer vm33:r0
(vm21:m0:32) thread started, have to send 848388601 bytes
(vm21:m0) Got connection from reducer vm30:r0
(vm21:m0:29) thread started, have to send 848388601 bytes
(vm21:r0:0) Connection finished, received 848388602 bytes
(vm21:r0) thread 0 joined, 4 connections remaining
(vm21:r0) Maximum number of connections reached (4), waiting for a thread to finish
(vm21:r0) thread 1 joined, 3 connections remaining
(vm21:r0) Maximum number of connections reached (3), waiting for a thread to finish
(vm21:r0) thread 2 joined, 2 connections remaining
(vm21:r0) Maximum number of connections reached (2), waiting for a thread to finish
(vm21:r0) thread 3 joined, 1 connections remaining
(vm21:r0) Maximum number of connections reached (1), waiting for a thread to finish
(vm21:r0) thread 4 joined, 0 connections remaining
(vm21:r0) all done, exiting
(vm21:m0:1) all data sent, thread exiting
(vm21:m0) Got connection from reducer vm19:r0
(vm21:m0:18) thread started, have to send 848388601 bytes
(vm21:m0:2) all data sent, thread exiting
(vm21:m0) Got connection from reducer vm17:r0
(vm21:m0) Waiting for a thread to finish
(vm21:m0) thread 0 joined, 35 connections remaining
(vm21:m0) Waiting for a thread to finish
(vm21:m0) thread 1 joined, 34 connections remaining
(vm21:m0) Waiting for a thread to finish
(vm21:m0) thread 2 joined, 33 connections remaining
(vm21:m0) Waiting for a thread to finish
(vm21:m0:16) thread started, have to send 848388601 bytes
(vm21:m0:3) all data sent, thread exiting
(vm21:m0) thread 3 joined, 32 connections remaining
(vm21:m0) Waiting for a thread to finish
(vm21:m0) thread 4 joined, 31 connections remaining
(vm21:m0) Waiting for a thread to finish
(vm21:m0) thread 5 joined, 30 connections remaining
(vm21:m0) Waiting for a thread to finish
(vm21:m0) thread 6 joined, 29 connections remaining
(vm21:m0) Waiting for a thread to finish
(vm21:m0) thread 7 joined, 28 connections remaining
(vm21:m0) Waiting for a thread to finish
(vm21:m0) thread 8 joined, 27 connections remaining
(vm21:m0) Waiting for a thread to finish
(vm21:m0) thread 9 joined, 26 connections remaining
(vm21:m0) Waiting for a thread to finish
(vm21:m0) thread 10 joined, 25 connections remaining
(vm21:m0) Waiting for a thread to finish
(vm21:m0) thread 11 joined, 24 connections remaining
(vm21:m0) Waiting for a thread to finish
(vm21:m0) thread 12 joined, 23 connections remaining
(vm21:m0) Waiting for a thread to finish
(vm21:m0) thread 13 joined, 22 connections remaining
(vm21:m0) Waiting for a thread to finish
(vm21:m0) thread 14 joined, 21 connections remaining
(vm21:m0) Waiting for a thread to finish
(vm21:m0) thread 15 joined, 20 connections remaining
(vm21:m0) Waiting for a thread to finish
(vm21:m0:30) all data sent, thread exiting
(vm21:m0:32) all data sent, thread exiting
(vm21:m0:29) all data sent, thread exiting
(vm21:m0:18) all data sent, thread exiting
(vm21:m0:16) all data sent, thread exiting
(vm21:m0) thread 16 joined, 19 connections remaining
(vm21:m0) Waiting for a thread to finish
(vm21:m0) thread 17 joined, 18 connections remaining
(vm21:m0) Waiting for a thread to finish
(vm21:m0) thread 18 joined, 17 connections remaining
(vm21:m0) Waiting for a thread to finish
(vm21:m0) thread 19 joined, 16 connections remaining
(vm21:m0) Waiting for a thread to finish
(vm21:m0) thread 20 joined, 15 connections remaining
(vm21:m0) Waiting for a thread to finish
(vm21:m0) thread 21 joined, 14 connections remaining
(vm21:m0) Waiting for a thread to finish
(vm21:m0) thread 22 joined, 13 connections remaining
(vm21:m0) Waiting for a thread to finish
(vm21:m0) thread 23 joined, 12 connections remaining
(vm21:m0) Waiting for a thread to finish
(vm21:m0) thread 24 joined, 11 connections remaining
(vm21:m0) Waiting for a thread to finish
(vm21:m0) thread 25 joined, 10 connections remaining
(vm21:m0) Waiting for a thread to finish
(vm21:m0) thread 26 joined, 9 connections remaining
(vm21:m0) Waiting for a thread to finish
(vm21:m0) thread 27 joined, 8 connections remaining
(vm21:m0) Waiting for a thread to finish
(vm21:m0) thread 28 joined, 7 connections remaining
(vm21:m0) Waiting for a thread to finish
(vm21:m0) thread 29 joined, 6 connections remaining
(vm21:m0) Waiting for a thread to finish
(vm21:m0) thread 30 joined, 5 connections remaining
(vm21:m0) Waiting for a thread to finish
(vm21:m0) thread 31 joined, 4 connections remaining
(vm21:m0) Waiting for a thread to finish
(vm21:m0) thread 32 joined, 3 connections remaining
(vm21:m0) Waiting for a thread to finish
(vm21:m0) thread 33 joined, 2 connections remaining
(vm21:m0) Waiting for a thread to finish
(vm21:m0) thread 34 joined, 1 connections remaining
(vm21:m0) Waiting for a thread to finish
(vm21:m0) thread 35 joined, 0 connections remaining
(vm21:m0) all done, exiting
*RES* start node vm21:m0
*RES* vm21:m0:0,1405709599586,5365,1422,848388602
*RES* vm21:m0:1,1405709752012,9108,1385,848388602
*RES* vm21:m0:2,1405709754618,8528,1079,848388602
*RES* vm21:m0:3,1405709754778,8533,1090,848388602
*RES* vm21:m0:4,1405709734246,7085,1146,848388602
*RES* vm21:m0:5,1405709630538,6025,2090,848388602
*RES* vm21:m0:6,1405709685833,6187,1570,848388602
*RES* vm21:m0:7,1405709725146,10232,1601,848388602
*RES* vm21:m0:8,1405709730566,7482,1100,848388602
*RES* vm21:m0:9,1405709717701,5858,1943,848388602
*RES* vm21:m0:10,1405709701294,9944,1840,848388602
*RES* vm21:m0:11,1405709739334,7284,1802,848388602
*RES* vm21:m0:12,1405709724310,10330,1725,848388602
*RES* vm21:m0:13,1405709695458,8946,1586,848388602
*RES* vm21:m0:14,1405709659239,9482,1136,848388602
*RES* vm21:m0:15,1405709724364,9247,1289,848388602
*RES* vm21:m0:16,1405709763222,7292,1808,848388602
*RES* vm21:m0:17,1405709726746,14451,1559,848388602
*RES* vm21:m0:18,1405709761362,8217,1533,848388602
*RES* vm21:m0:19,1405709580494,7182,1616,848388602
*RES* vm21:m0:20,1405709644962,1449,170,848388602
*RES* vm21:m0:21,1405709670719,9840,1316,848388602
*RES* vm21:m0:22,1405709670438,8559,1720,848388602
*RES* vm21:m0:23,1405709695083,9383,1104,848388602
*RES* vm21:m0:24,1405709578963,7037,1324,848388602
*RES* vm21:m0:25,1405709676718,7955,1348,848388602
*RES* vm21:m0:26,1405709747029,7164,1637,848388602
*RES* vm21:m0:27,1405709698833,9662,1846,848388602
*RES* vm21:m0:28,1405709708502,8042,1515,848388602
*RES* vm21:m0:29,1405709759502,8130,1047,848388602
*RES* vm21:m0:30,1405709754306,9914,1148,848388602
*RES* vm21:m0:31,1405709706974,8271,1537,848388602
*RES* vm21:m0:32,1405709758810,8407,1135,848388602
*RES* vm21:m0:33,1405709666097,6624,1316,848388602
*RES* vm21:m0:34,1405709738102,8555,1165,848388602
*RES* vm21:m0:35,1405709650290,6390,1912,848388602
*RES* end node vm21:m0
Node vm21:m0 joined
*RES* start node vm21:r0
*RES* vm21:r0:0,1405709464370,33116,763,848388602
*RES* vm21:r0:0,1405709497494,44920,836,848388602
*RES* vm21:r0:0,1405709542417,15698,1281,848388602
*RES* vm21:r0:0,1405709558121,6410,1311,848388602
*RES* vm21:r0:0,1405709564541,6799,1535,848388602
*RES* vm21:r0:0,1405709571345,7277,1509,848388602
*RES* vm21:r0:0,1405709578630,8162,1278,848388602
*RES* vm21:r0:0,1405709586797,7480,1286,848388602
*RES* vm21:r0:0,1405709594281,7027,1573,848388602
*RES* vm21:r0:0,1405709601317,7218,1184,848388602
*RES* vm21:r0:0,1405709608542,6055,1525,848388602
*RES* vm21:r0:0,1405709614602,6997,1602,848388602
*RES* vm21:r0:0,1405709621606,5538,1535,848388602
*RES* vm21:r0:0,1405709627150,6671,1420,848388602
*RES* vm21:r0:0,1405709633838,4672,1612,848388602
*RES* vm21:r0:0,1405709638522,6432,1560,848388602
*RES* vm21:r0:0,1405709644958,1477,647,848388602
*RES* vm21:r0:0,1405709646441,6439,1699,848388602
*RES* vm21:r0:0,1405709652913,5976,1550,848388602
*RES* vm21:r0:0,1405709658894,6023,1744,848388602
*RES* vm21:r0:0,1405709664922,10472,2665,848388602
*RES* vm21:r0:0,1405709675406,7930,1598,848388602
*RES* vm21:r0:0,1405709683342,5511,1669,848388602
*RES* vm21:r0:0,1405709688870,7388,1436,848388602
*RES* vm21:r0:0,1405709696262,7841,1726,848388602
*RES* vm21:r0:0,1405709704126,8724,1480,848388602
*RES* vm21:r0:0,1405709712858,6945,1671,848388602
*RES* vm21:r0:0,1405709719814,7478,1504,848388602
*RES* vm21:r0:0,1405709727337,8564,1179,848388602
*RES* vm21:r0:0,1405709735910,8213,1627,848388602
*RES* vm21:r0:0,1405709744134,6446,1550,848388602
*RES* vm21:r0:0,1405709750598,9915,1681,848388602
*RES* vm21:r0:1,1405709464370,30665,823,848388602
*RES* vm21:r0:2,1405709464370,24116,811,848388602
*RES* vm21:r0:3,1405709464370,34078,806,848388602
*RES* vm21:r0:4,1405709464370,29402,817,848388602
*RES* end node vm21:r0
Node vm21:r0 joined
Worker terminating correctly
