OSMeF worker starting
Enabling core dumping
Listening for command connection
(vm34:m0) New mapper on port 23330
(vm34:m0) -> reducer data size 7435885
(vm34:m0) -> reducer data size 7435885
(vm34:m0) -> reducer data size 7435885
(vm34:m0) -> reducer data size 7435885
(vm34:m0) -> reducer data size 7435885
(vm34:m0) -> reducer data size 7435885
(vm34:m0) -> reducer data size 7435885
(vm34:m0) -> reducer data size 7435885
(vm34:m0) -> reducer data size 7435885
(vm34:m0) -> reducer data size 7435885
(vm34:m0) -> reducer data size 7435885
(vm34:m0) -> reducer data size 7435885
(vm34:m0) -> reducer data size 7435885
(vm34:m0) -> reducer data size 7435885
(vm34:m0) -> reducer data size 7435885
(vm34:m0) -> reducer data size 7435885
(vm34:m0) -> reducer data size 7435885
(vm34:m0) -> reducer data size 7435885
(vm34:m0) -> reducer data size 7435885
(vm34:m0) -> reducer data size 7435885
(vm34:m0) -> reducer data size 7435885
(vm34:m0) -> reducer data size 7435885
(vm34:m0) -> reducer data size 7435885
(vm34:m0) -> reducer data size 7435885
(vm34:m0) -> reducer data size 7435885
(vm34:m0) -> reducer data size 7435885
(vm34:m0) -> reducer data size 7435885
(vm34:m0) -> reducer data size 7435885
(vm34:m0) -> reducer data size 7435885
(vm34:m0) -> reducer data size 7435885
(vm34:m0) -> reducer data size 7435885
(vm34:m0) -> reducer data size 7435885
(vm34:m0) -> reducer data size 7435885
(vm34:m0) -> reducer data size 7435885
(vm34:m0) -> reducer data size 7435885
(vm34:m0) -> reducer data size 7435885
(vm34:m0) -> reducer data size 7435885
(vm34:m0) -> reducer data size 7435885
(vm34:m0) Mapper thread started
(vm34:m0) Allocating data for reducer vm1:r0
(vm34:m0) Allocating data for reducer vm2:r0
(vm34:m0) Allocating data for reducer vm3:r0
(vm34:m0) Allocating data for reducer vm4:r0
(vm34:m0) Allocating data for reducer vm5:r0
(vm34:m0) Allocating data for reducer vm6:r0
(vm34:m0) Allocating data for reducer vm7:r0
(vm34:m0) Allocating data for reducer vm8:r0
(vm34:m0) Allocating data for reducer vm9:r0
(vm34:m0) Allocating data for reducer vm10:r0
(vm34:m0) Allocating data for reducer vm11:r0
(vm34:m0) Allocating data for reducer vm12:r0
(vm34:m0) Allocating data for reducer vm13:r0
(vm34:m0) Allocating data for reducer vm14:r0
(vm34:m0) Allocating data for reducer vm15:r0
(vm34:m0) Allocating data for reducer vm16:r0
(vm34:m0) Allocating data for reducer vm17:r0
(vm34:m0) Allocating data for reducer vm18:r0
(vm34:m0) Allocating data for reducer vm19:r0
(vm34:m0) Allocating data for reducer vm20:r0
(vm34:m0) Allocating data for reducer vm21:r0
(vm34:m0) Allocating data for reducer vm22:r0
(vm34:m0) Allocating data for reducer vm23:r0
(vm34:m0) Allocating data for reducer vm24:r0
(vm34:m0) Allocating data for reducer vm25:r0
(vm34:m0) Allocating data for reducer vm26:r0
(vm34:m0) Allocating data for reducer vm27:r0
(vm34:m0) Allocating data for reducer vm28:r0
(vm34:m0) Allocating data for reducer vm29:r0
(vm34:m0) Allocating data for reducer vm30:r0
(vm34:m0) Allocating data for reducer vm31:r0
(vm34:m0) Allocating data for reducer vm32:r0
(vm34:m0) Allocating data for reducer vm33:r0
(vm34:m0) Allocating data for reducer vm34:r0
(vm34:m0) Allocating data for reducer vm35:r0
(vm34:m0) Allocating data for reducer vm36:r0
(vm34:m0) Allocating data for reducer vm37:r0
(vm34:m0) Allocating data for reducer vm38:r0
(vm34:m0) Binding to port 23330
(vm34:r0) New reducer
(vm34:r0) Reducer thread started
(vm34:r0) waiting for START message
(vm34:r0) got START message
(vm34:r0) Starting new connection thread
(vm34:r0) Starting new connection thread
(vm34:r0) Starting new connection thread
(vm34:r0) Starting new connection thread
(vm34:r0) Starting new connection thread
(vm34:r0) Maximum number of connections reached (5), waiting for a thread to finish
(vm34:r0:1) Connection established
(vm34:r0:4) Connection established
(vm34:r0:3) Connection established
(vm34:r0:0) Connection established
(vm34:r0:2) Connection established
(vm34:r0:1) Connection finished, received 7435886 bytes
(vm34:r0:3) Connection finished, received 7435886 bytes
(vm34:r0:4) Connection finished, received 7435886 bytes
(vm34:r0:0) Connection finished, received 7435886 bytes
(vm34:r0) thread 0 joined, 37 connections remaining
(vm34:r0) Starting new connection thread
(vm34:r0) Maximum number of connections reached (5), waiting for a thread to finish
(vm34:r0:0) Connection established
(vm34:r0:2) Connection finished, received 7435886 bytes
(vm34:r0:0) Connection finished, received 7435886 bytes
(vm34:r0) thread 0 joined, 36 connections remaining
(vm34:r0) Starting new connection thread
(vm34:r0) Maximum number of connections reached (5), waiting for a thread to finish
(vm34:r0:0) Connection established
(vm34:r0:0) Connection finished, received 7435886 bytes
(vm34:r0) thread 0 joined, 35 connections remaining
(vm34:r0) Starting new connection thread
(vm34:r0) Maximum number of connections reached (5), waiting for a thread to finish
(vm34:r0:0) Connection established
(vm34:r0:0) Connection finished, received 7435886 bytes
(vm34:r0) thread 0 joined, 34 connections remaining
(vm34:r0) Starting new connection thread
(vm34:r0) Maximum number of connections reached (5), waiting for a thread to finish
(vm34:r0:0) Connection established
(vm34:r0:0) Connection finished, received 7435886 bytes
(vm34:r0) thread 0 joined, 33 connections remaining
(vm34:r0) Starting new connection thread
(vm34:r0) Maximum number of connections reached (5), waiting for a thread to finish
(vm34:r0:0) Connection established
(vm34:r0:0) Connection finished, received 7435886 bytes
(vm34:r0) thread 0 joined, 32 connections remaining
(vm34:r0) Starting new connection thread
(vm34:r0) Maximum number of connections reached (5), waiting for a thread to finish
(vm34:r0:0) Connection established
(vm34:r0:0) Connection finished, received 7435886 bytes
(vm34:r0) thread 0 joined, 31 connections remaining
(vm34:r0) Starting new connection thread
(vm34:r0) Maximum number of connections reached (5), waiting for a thread to finish
(vm34:r0:0) Connection established
(vm34:r0:0) Connection finished, received 7435886 bytes
(vm34:r0) thread 0 joined, 30 connections remaining
(vm34:r0) Starting new connection thread
(vm34:r0) Maximum number of connections reached (5), waiting for a thread to finish
(vm34:r0:0) Connection established
(vm34:r0:0) Connection finished, received 7435886 bytes
(vm34:r0) thread 0 joined, 29 connections remaining
(vm34:r0) Starting new connection thread
(vm34:r0) Maximum number of connections reached (5), waiting for a thread to finish
(vm34:r0:0) Connection established
(vm34:r0:0) Connection finished, received 7435886 bytes
(vm34:r0) thread 0 joined, 28 connections remaining
(vm34:r0) Starting new connection thread
(vm34:r0) Maximum number of connections reached (5), waiting for a thread to finish
(vm34:r0:0) Connection established
(vm34:r0:0) Connection finished, received 7435886 bytes
(vm34:r0) thread 0 joined, 27 connections remaining
(vm34:r0) Starting new connection thread
(vm34:r0) Maximum number of connections reached (5), waiting for a thread to finish
(vm34:r0:0) Connection established
(vm34:r0:0) Connection finished, received 7435886 bytes
(vm34:r0) thread 0 joined, 26 connections remaining
(vm34:r0) Starting new connection thread
(vm34:r0) Maximum number of connections reached (5), waiting for a thread to finish
(vm34:r0:0) Connection established
(vm34:r0:0) Connection finished, received 7435886 bytes
(vm34:r0) thread 0 joined, 25 connections remaining
(vm34:r0) Starting new connection thread
(vm34:r0) Maximum number of connections reached (5), waiting for a thread to finish
(vm34:r0:0) Connection established
(vm34:m0) Got connection from reducer vm1:r0
(vm34:m0:0) thread started, have to send 7435885 bytes
(vm34:r0:0) Connection finished, received 7435886 bytes
(vm34:r0) thread 0 joined, 24 connections remaining
(vm34:r0) Starting new connection thread
(vm34:r0) Maximum number of connections reached (5), waiting for a thread to finish
(vm34:r0:0) Connection established
(vm34:m0:0) all data sent, thread exiting
(vm34:r0:0) Connection finished, received 7435886 bytes
(vm34:r0) thread 0 joined, 23 connections remaining
(vm34:r0) Starting new connection thread
(vm34:r0) Maximum number of connections reached (5), waiting for a thread to finish
(vm34:r0:0) Connection established
(vm34:r0:0) Connection finished, received 7435886 bytes
(vm34:r0) thread 0 joined, 22 connections remaining
(vm34:r0) Starting new connection thread
(vm34:r0) Maximum number of connections reached (5), waiting for a thread to finish
(vm34:r0:0) Connection established
(vm34:r0:0) Connection finished, received 7435886 bytes
(vm34:r0) thread 0 joined, 21 connections remaining
(vm34:r0) Starting new connection thread
(vm34:r0) Maximum number of connections reached (5), waiting for a thread to finish
(vm34:r0:0) Connection established
(vm34:r0:0) Connection finished, received 7435886 bytes
(vm34:r0) thread 0 joined, 20 connections remaining
(vm34:r0) Starting new connection thread
(vm34:r0) Maximum number of connections reached (5), waiting for a thread to finish
(vm34:r0:0) Connection established
(vm34:r0:0) Connection finished, received 7435886 bytes
(vm34:r0) thread 0 joined, 19 connections remaining
(vm34:r0) Starting new connection thread
(vm34:r0) Maximum number of connections reached (5), waiting for a thread to finish
(vm34:r0:0) Connection established
(vm34:r0:0) Connection finished, received 7435886 bytes
(vm34:r0) thread 0 joined, 18 connections remaining
(vm34:r0) Starting new connection thread
(vm34:r0) Maximum number of connections reached (5), waiting for a thread to finish
(vm34:r0:0) Connection established
(vm34:r0:0) Connection finished, received 7435886 bytes
(vm34:r0) thread 0 joined, 17 connections remaining
(vm34:r0) Starting new connection thread
(vm34:r0) Maximum number of connections reached (5), waiting for a thread to finish
(vm34:r0:0) Connection established
(vm34:r0:0) Connection finished, received 7435886 bytes
(vm34:r0) thread 0 joined, 16 connections remaining
(vm34:r0) Starting new connection thread
(vm34:r0) Maximum number of connections reached (5), waiting for a thread to finish
(vm34:r0:0) Connection established
(vm34:r0:0) Connection finished, received 7435886 bytes
(vm34:r0) thread 0 joined, 15 connections remaining
(vm34:r0) Starting new connection thread
(vm34:r0) Maximum number of connections reached (5), waiting for a thread to finish
(vm34:r0:0) Connection established
(vm34:m0) Got connection from reducer vm37:r0
(vm34:m0:36) thread started, have to send 7435885 bytes
(vm34:r0:0) Connection finished, received 7435886 bytes
(vm34:r0) thread 0 joined, 14 connections remaining
(vm34:r0) Starting new connection thread
(vm34:r0) Maximum number of connections reached (5), waiting for a thread to finish
(vm34:r0:0) Connection established
(vm34:m0:36) all data sent, thread exiting
(vm34:r0:0) Connection finished, received 7435886 bytes
(vm34:r0) thread 0 joined, 13 connections remaining
(vm34:r0) Starting new connection thread
(vm34:r0) Maximum number of connections reached (5), waiting for a thread to finish
(vm34:r0:0) Connection established
(vm34:r0:0) Connection finished, received 7435886 bytes
(vm34:r0) thread 0 joined, 12 connections remaining
(vm34:r0) Starting new connection thread
(vm34:r0) Maximum number of connections reached (5), waiting for a thread to finish
(vm34:r0:0) Connection established
(vm34:r0:0) Connection finished, received 7435886 bytes
(vm34:r0) thread 0 joined, 11 connections remaining
(vm34:r0) Starting new connection thread
(vm34:r0) Maximum number of connections reached (5), waiting for a thread to finish
(vm34:r0:0) Connection established
(vm34:r0:0) Connection finished, received 7435886 bytes
(vm34:r0) thread 0 joined, 10 connections remaining
(vm34:r0) Starting new connection thread
(vm34:r0) Maximum number of connections reached (5), waiting for a thread to finish
(vm34:r0:0) Connection established
(vm34:r0:0) Connection finished, received 7435886 bytes
(vm34:r0) thread 0 joined, 9 connections remaining
(vm34:r0) Starting new connection thread
(vm34:r0) Maximum number of connections reached (5), waiting for a thread to finish
(vm34:r0:0) Connection established
(vm34:m0) Got connection from reducer vm34:r0
(vm34:m0:33) thread started, have to send 7435885 bytes
(vm34:r0:0) Connection finished, received 7435886 bytes
(vm34:m0:33) all data sent, thread exiting
(vm34:r0) thread 0 joined, 8 connections remaining
(vm34:r0) Starting new connection thread
(vm34:r0) Maximum number of connections reached (5), waiting for a thread to finish
(vm34:r0:0) Connection established
(vm34:r0:0) Connection finished, received 7435886 bytes
(vm34:r0) thread 0 joined, 7 connections remaining
(vm34:r0) Starting new connection thread
(vm34:r0) Maximum number of connections reached (5), waiting for a thread to finish
(vm34:r0:0) Connection established
(vm34:r0:0) Connection finished, received 7435886 bytes
(vm34:r0) thread 0 joined, 6 connections remaining
(vm34:r0) Starting new connection thread
(vm34:r0) Maximum number of connections reached (5), waiting for a thread to finish
(vm34:r0:0) Connection established
(vm34:r0:0) Connection finished, received 7435886 bytes
(vm34:r0) thread 0 joined, 5 connections remaining
(vm34:r0) Starting new connection thread
(vm34:r0) Maximum number of connections reached (5), waiting for a thread to finish
(vm34:r0:0) Connection established
(vm34:r0:0) Connection finished, received 7435886 bytes
(vm34:r0) thread 0 joined, 4 connections remaining
(vm34:r0) Maximum number of connections reached (4), waiting for a thread to finish
(vm34:r0) thread 1 joined, 3 connections remaining
(vm34:r0) Maximum number of connections reached (3), waiting for a thread to finish
(vm34:r0) thread 2 joined, 2 connections remaining
(vm34:r0) Maximum number of connections reached (2), waiting for a thread to finish
(vm34:r0) thread 3 joined, 1 connections remaining
(vm34:r0) Maximum number of connections reached (1), waiting for a thread to finish
(vm34:r0) thread 4 joined, 0 connections remaining
(vm34:r0) all done, exiting
(vm34:m0) Got connection from reducer vm12:r0
(vm34:m0:11) thread started, have to send 7435885 bytes
(vm34:m0:11) all data sent, thread exiting
(vm34:m0) Got connection from reducer vm36:r0
(vm34:m0:35) thread started, have to send 7435885 bytes
(vm34:m0:35) all data sent, thread exiting
(vm34:m0) Got connection from reducer vm6:r0
(vm34:m0:5) thread started, have to send 7435885 bytes
(vm34:m0:5) all data sent, thread exiting
(vm34:m0) Got connection from reducer vm10:r0
(vm34:m0:9) thread started, have to send 7435885 bytes
(vm34:m0) Got connection from reducer vm8:r0
(vm34:m0:7) thread started, have to send 7435885 bytes
(vm34:m0:9) all data sent, thread exiting
(vm34:m0:7) all data sent, thread exiting
(vm34:m0) Got connection from reducer vm17:r0
(vm34:m0:16) thread started, have to send 7435885 bytes
(vm34:m0) Got connection from reducer vm19:r0
(vm34:m0:18) thread started, have to send 7435885 bytes
(vm34:m0) Got connection from reducer vm9:r0
(vm34:m0:8) thread started, have to send 7435885 bytes
(vm34:m0:18) all data sent, thread exiting
(vm34:m0:16) all data sent, thread exiting
(vm34:m0:8) all data sent, thread exiting
(vm34:m0) Got connection from reducer vm32:r0
(vm34:m0:31) thread started, have to send 7435885 bytes
(vm34:m0:31) all data sent, thread exiting
(vm34:m0) Got connection from reducer vm29:r0
(vm34:m0:28) thread started, have to send 7435885 bytes
(vm34:m0:28) all data sent, thread exiting
(vm34:m0) Got connection from reducer vm5:r0
(vm34:m0:4) thread started, have to send 7435885 bytes
(vm34:m0:4) all data sent, thread exiting
(vm34:m0) Got connection from reducer vm13:r0
(vm34:m0:12) thread started, have to send 7435885 bytes
(vm34:m0) Got connection from reducer vm7:r0
(vm34:m0:6) thread started, have to send 7435885 bytes
(vm34:m0) Got connection from reducer vm11:r0
(vm34:m0:10) thread started, have to send 7435885 bytes
(vm34:m0) Got connection from reducer vm2:r0
(vm34:m0:12) all data sent, thread exiting
(vm34:m0:1) thread started, have to send 7435885 bytes
(vm34:m0:6) all data sent, thread exiting
(vm34:m0) Got connection from reducer vm21:r0
(vm34:m0:20) thread started, have to send 7435885 bytes
(vm34:m0) Got connection from reducer vm16:r0
(vm34:m0:15) thread started, have to send 7435885 bytes
(vm34:m0:10) all data sent, thread exiting
(vm34:m0) Got connection from reducer vm22:r0
(vm34:m0:21) thread started, have to send 7435885 bytes
(vm34:m0:1) all data sent, thread exiting
(vm34:m0) Got connection from reducer vm35:r0
(vm34:m0:34) thread started, have to send 7435885 bytes
(vm34:m0:20) all data sent, thread exiting
(vm34:m0:15) all data sent, thread exiting
(vm34:m0:21) all data sent, thread exiting
(vm34:m0) Got connection from reducer vm3:r0
(vm34:m0:2) thread started, have to send 7435885 bytes
(vm34:m0:2) all data sent, thread exiting
(vm34:m0) Got connection from reducer vm23:r0
(vm34:m0:22) thread started, have to send 7435885 bytes
(vm34:m0) Got connection from reducer vm30:r0
(vm34:m0:29) thread started, have to send 7435885 bytes
(vm34:m0:34) all data sent, thread exiting
(vm34:m0:22) all data sent, thread exiting
(vm34:m0:29) all data sent, thread exiting
(vm34:m0) Got connection from reducer vm15:r0
(vm34:m0:14) thread started, have to send 7435885 bytes
(vm34:m0:14) all data sent, thread exiting
(vm34:m0) Got connection from reducer vm33:r0
(vm34:m0:32) thread started, have to send 7435885 bytes
(vm34:m0) Got connection from reducer vm18:r0
(vm34:m0:17) thread started, have to send 7435885 bytes
(vm34:m0:17) all data sent, thread exiting
(vm34:m0:32) all data sent, thread exiting
(vm34:m0) Got connection from reducer vm25:r0
(vm34:m0:24) thread started, have to send 7435885 bytes
(vm34:m0) Got connection from reducer vm31:r0
(vm34:m0:30) thread started, have to send 7435885 bytes
(vm34:m0) Got connection from reducer vm27:r0
(vm34:m0:26) thread started, have to send 7435885 bytes
(vm34:m0) Got connection from reducer vm24:r0
(vm34:m0) Got connection from reducer vm4:r0
(vm34:m0) Got connection from reducer vm28:r0
(vm34:m0:23) thread started, have to send 7435885 bytes
(vm34:m0) Got connection from reducer vm26:r0
(vm34:m0:3) thread started, have to send 7435885 bytes
(vm34:m0) Got connection from reducer vm38:r0
(vm34:m0) Got connection from reducer vm20:r0
(vm34:m0:24) all data sent, thread exiting
(vm34:m0:27) thread started, have to send 7435885 bytes
(vm34:m0:25) thread started, have to send 7435885 bytes
(vm34:m0) Got connection from reducer vm14:r0
(vm34:m0) Waiting for a thread to finish
(vm34:m0) thread 0 joined, 37 connections remaining
(vm34:m0) Waiting for a thread to finish
(vm34:m0) thread 1 joined, 36 connections remaining
(vm34:m0) Waiting for a thread to finish
(vm34:m0) thread 2 joined, 35 connections remaining
(vm34:m0) Waiting for a thread to finish
(vm34:m0:37) thread started, have to send 7435885 bytes
(vm34:m0:19) thread started, have to send 7435885 bytes
(vm34:m0:30) all data sent, thread exiting
(vm34:m0:13) thread started, have to send 7435885 bytes
(vm34:m0:26) all data sent, thread exiting
(vm34:m0:23) all data sent, thread exiting
(vm34:m0:3) all data sent, thread exiting
(vm34:m0:25) all data sent, thread exiting
(vm34:m0:27) all data sent, thread exiting
(vm34:m0) thread 3 joined, 34 connections remaining
(vm34:m0) Waiting for a thread to finish
(vm34:m0) thread 4 joined, 33 connections remaining
(vm34:m0) Waiting for a thread to finish
(vm34:m0) thread 5 joined, 32 connections remaining
(vm34:m0) Waiting for a thread to finish
(vm34:m0) thread 6 joined, 31 connections remaining
(vm34:m0) Waiting for a thread to finish
(vm34:m0) thread 7 joined, 30 connections remaining
(vm34:m0) Waiting for a thread to finish
(vm34:m0) thread 8 joined, 29 connections remaining
(vm34:m0) Waiting for a thread to finish
(vm34:m0) thread 9 joined, 28 connections remaining
(vm34:m0) Waiting for a thread to finish
(vm34:m0) thread 10 joined, 27 connections remaining
(vm34:m0) Waiting for a thread to finish
(vm34:m0) thread 11 joined, 26 connections remaining
(vm34:m0) Waiting for a thread to finish
(vm34:m0) thread 12 joined, 25 connections remaining
(vm34:m0) Waiting for a thread to finish
(vm34:m0:37) all data sent, thread exiting
(vm34:m0:19) all data sent, thread exiting
(vm34:m0:13) all data sent, thread exiting
(vm34:m0) thread 13 joined, 24 connections remaining
(vm34:m0) Waiting for a thread to finish
(vm34:m0) thread 14 joined, 23 connections remaining
(vm34:m0) Waiting for a thread to finish
(vm34:m0) thread 15 joined, 22 connections remaining
(vm34:m0) Waiting for a thread to finish
(vm34:m0) thread 16 joined, 21 connections remaining
(vm34:m0) Waiting for a thread to finish
(vm34:m0) thread 17 joined, 20 connections remaining
(vm34:m0) Waiting for a thread to finish
(vm34:m0) thread 18 joined, 19 connections remaining
(vm34:m0) Waiting for a thread to finish
(vm34:m0) thread 19 joined, 18 connections remaining
(vm34:m0) Waiting for a thread to finish
(vm34:m0) thread 20 joined, 17 connections remaining
(vm34:m0) Waiting for a thread to finish
(vm34:m0) thread 21 joined, 16 connections remaining
(vm34:m0) Waiting for a thread to finish
(vm34:m0) thread 22 joined, 15 connections remaining
(vm34:m0) Waiting for a thread to finish
(vm34:m0) thread 23 joined, 14 connections remaining
(vm34:m0) Waiting for a thread to finish
(vm34:m0) thread 24 joined, 13 connections remaining
(vm34:m0) Waiting for a thread to finish
(vm34:m0) thread 25 joined, 12 connections remaining
(vm34:m0) Waiting for a thread to finish
(vm34:m0) thread 26 joined, 11 connections remaining
(vm34:m0) Waiting for a thread to finish
(vm34:m0) thread 27 joined, 10 connections remaining
(vm34:m0) Waiting for a thread to finish
(vm34:m0) thread 28 joined, 9 connections remaining
(vm34:m0) Waiting for a thread to finish
(vm34:m0) thread 29 joined, 8 connections remaining
(vm34:m0) Waiting for a thread to finish
(vm34:m0) thread 30 joined, 7 connections remaining
(vm34:m0) Waiting for a thread to finish
(vm34:m0) thread 31 joined, 6 connections remaining
(vm34:m0) Waiting for a thread to finish
(vm34:m0) thread 32 joined, 5 connections remaining
(vm34:m0) Waiting for a thread to finish
(vm34:m0) thread 33 joined, 4 connections remaining
(vm34:m0) Waiting for a thread to finish
(vm34:m0) thread 34 joined, 3 connections remaining
(vm34:m0) Waiting for a thread to finish
(vm34:m0) thread 35 joined, 2 connections remaining
(vm34:m0) Waiting for a thread to finish
(vm34:m0) thread 36 joined, 1 connections remaining
(vm34:m0) Waiting for a thread to finish
(vm34:m0) thread 37 joined, 0 connections remaining
(vm34:m0) all done, exiting
*RES* start node vm34:m0
*RES* vm34:m0:0,1405929268532,59,8,7435886
*RES* vm34:m0:1,1405929272212,30,8,7435886
*RES* vm34:m0:2,1405929272370,30,5,7435886
*RES* vm34:m0:3,1405929272716,63,7,7435886
*RES* vm34:m0:4,1405929272096,58,7,7435886
*RES* vm34:m0:5,1405929270745,27,6,7435886
*RES* vm34:m0:6,1405929272186,31,8,7435886
*RES* vm34:m0:7,1405929271020,65,5,7435886
*RES* vm34:m0:8,1405929271322,48,9,7435886
*RES* vm34:m0:9,1405929270883,165,6,7435886
*RES* vm34:m0:10,1405929272194,36,8,7435886
*RES* vm34:m0:11,1405929270559,102,4,7435886
*RES* vm34:m0:12,1405929272177,34,8,7435886
*RES* vm34:m0:13,1405929272735,48,5,7435886
*RES* vm34:m0:14,1405929272479,29,7,7435886
*RES* vm34:m0:15,1405929272222,46,8,7435886
*RES* vm34:m0:16,1405929271274,67,8,7435886
*RES* vm34:m0:17,1405929272609,20,6,7435886
*RES* vm34:m0:18,1405929271292,46,7,7435886
*RES* vm34:m0:19,1405929272730,53,6,7435886
*RES* vm34:m0:20,1405929272221,37,8,7435886
*RES* vm34:m0:21,1405929272235,73,9,7435886
*RES* vm34:m0:22,1405929272436,36,7,7435886
*RES* vm34:m0:23,1405929272715,60,7,7435886
*RES* vm34:m0:24,1405929272688,28,9,7435886
*RES* vm34:m0:25,1405929272721,60,7,7435886
*RES* vm34:m0:26,1405929272692,67,10,7435886
*RES* vm34:m0:27,1405929272720,61,6,7435886
*RES* vm34:m0:28,1405929271829,43,6,7435886
*RES* vm34:m0:29,1405929272452,26,6,7435886
*RES* vm34:m0:30,1405929272690,40,9,7435886
*RES* vm34:m0:31,1405929271497,73,5,7435886
*RES* vm34:m0:32,1405929272532,113,6,7435886
*RES* vm34:m0:33,1405929269984,12,3,7435886
*RES* vm34:m0:34,1405929272248,207,7,7435886
*RES* vm34:m0:35,1405929270696,34,6,7435886
*RES* vm34:m0:36,1405929269491,154,14,7435886
*RES* vm34:m0:37,1405929272728,54,6,7435886
*RES* end node vm34:m0
Node vm34:m0 joined
*RES* start node vm34:r0
*RES* vm34:r0:0,1405929266185,460,10,7435886
*RES* vm34:r0:0,1405929266652,443,14,7435886
*RES* vm34:r0:0,1405929267100,151,16,7435886
*RES* vm34:r0:0,1405929267256,199,17,7435886
*RES* vm34:r0:0,1405929267460,132,17,7435886
*RES* vm34:r0:0,1405929267596,77,14,7435886
*RES* vm34:r0:0,1405929267680,49,15,7435886
*RES* vm34:r0:0,1405929267736,69,25,7435886
*RES* vm34:r0:0,1405929267812,78,17,7435886
*RES* vm34:r0:0,1405929267896,62,12,7435886
*RES* vm34:r0:0,1405929267964,228,17,7435886
*RES* vm34:r0:0,1405929268196,43,16,7435886
*RES* vm34:r0:0,1405929268245,52,15,7435886
*RES* vm34:r0:0,1405929268304,232,9,7435886
*RES* vm34:r0:0,1405929268541,117,34,7435886
*RES* vm34:r0:0,1405929268664,183,16,7435886
*RES* vm34:r0:0,1405929268852,68,17,7435886
*RES* vm34:r0:0,1405929268928,76,18,7435886
*RES* vm34:r0:0,1405929269008,70,18,7435886
*RES* vm34:r0:0,1405929269084,79,18,7435886
*RES* vm34:r0:0,1405929269173,45,11,7435886
*RES* vm34:r0:0,1405929269224,42,17,7435886
*RES* vm34:r0:0,1405929269272,69,13,7435886
*RES* vm34:r0:0,1405929269351,162,23,7435886
*RES* vm34:r0:0,1405929269540,144,37,7435886
*RES* vm34:r0:0,1405929269700,73,13,7435886
*RES* vm34:r0:0,1405929269780,83,21,7435886
*RES* vm34:r0:0,1405929269868,41,15,7435886
*RES* vm34:r0:0,1405929269916,58,17,7435886
*RES* vm34:r0:0,1405929269980,16,4,7435886
*RES* vm34:r0:0,1405929270004,125,25,7435886
*RES* vm34:r0:0,1405929270137,105,27,7435886
*RES* vm34:r0:0,1405929270248,64,29,7435886
*RES* vm34:r0:0,1405929270320,80,24,7435886
*RES* vm34:r0:1,1405929266185,347,11,7435886
*RES* vm34:r0:2,1405929266185,486,12,7435886
*RES* vm34:r0:3,1405929266185,381,11,7435886
*RES* vm34:r0:4,1405929266185,415,12,7435886
*RES* end node vm34:r0
Node vm34:r0 joined
Worker terminating correctly
