OSMeF worker starting
Enabling core dumping
Listening for command connection
(vm12:m0) New mapper on port 23330
(vm12:m0) -> reducer data size 1073741824
(vm12:m0) -> reducer data size 1073741824
(vm12:m0) -> reducer data size 1073741824
(vm12:m0) -> reducer data size 1073741824
(vm12:m0) -> reducer data size 1073741824
(vm12:m0) -> reducer data size 1073741824
(vm12:m0) -> reducer data size 1073741824
(vm12:m0) -> reducer data size 1073741824
(vm12:m0) -> reducer data size 1073741824
(vm12:m0) -> reducer data size 1073741824
(vm12:m0) -> reducer data size 1073741824
(vm12:m0) -> reducer data size 1073741824
(vm12:m0) -> reducer data size 1073741824
(vm12:m0) -> reducer data size 1073741824
(vm12:m0) -> reducer data size 1073741824
(vm12:m0) -> reducer data size 1073741824
(vm12:m0) -> reducer data size 1073741824
(vm12:m0) -> reducer data size 1073741824
(vm12:m0) -> reducer data size 1073741824
(vm12:m0) -> reducer data size 1073741824
(vm12:m0) -> reducer data size 1073741824
(vm12:m0) -> reducer data size 1073741824
(vm12:m0) -> reducer data size 1073741824
(vm12:m0) -> reducer data size 1073741824
(vm12:m0) -> reducer data size 1073741824
(vm12:m0) -> reducer data size 1073741824
(vm12:m0) -> reducer data size 1073741824
(vm12:m0) -> reducer data size 1073741824
(vm12:m0) -> reducer data size 1073741824
(vm12:m0) -> reducer data size 1073741824
(vm12:m0) -> reducer data size 1073741824
(vm12:m0) -> reducer data size 1073741824
(vm12:m0) Mapper thread started
(vm12:m0) Allocating data for reducer vm1:r0
(vm12:m0) Allocating data for reducer vm2:r0
(vm12:m0) Allocating data for reducer vm3:r0
(vm12:m0) Allocating data for reducer vm4:r0
(vm12:m0) Allocating data for reducer vm5:r0
(vm12:m0) Allocating data for reducer vm6:r0
(vm12:m0) Allocating data for reducer vm7:r0
(vm12:m0) Allocating data for reducer vm8:r0
(vm12:m0) Allocating data for reducer vm9:r0
(vm12:m0) Allocating data for reducer vm10:r0
(vm12:m0) Allocating data for reducer vm11:r0
(vm12:m0) Allocating data for reducer vm12:r0
(vm12:m0) Allocating data for reducer vm13:r0
(vm12:m0) Allocating data for reducer vm14:r0
(vm12:m0) Allocating data for reducer vm15:r0
(vm12:m0) Allocating data for reducer vm16:r0
(vm12:m0) Allocating data for reducer vm17:r0
(vm12:m0) Allocating data for reducer vm18:r0
(vm12:m0) Allocating data for reducer vm19:r0
(vm12:m0) Allocating data for reducer vm20:r0
(vm12:m0) Allocating data for reducer vm21:r0
(vm12:m0) Allocating data for reducer vm22:r0
(vm12:m0) Allocating data for reducer vm23:r0
(vm12:m0) Allocating data for reducer vm24:r0
(vm12:m0) Allocating data for reducer vm25:r0
(vm12:m0) Allocating data for reducer vm26:r0
(vm12:m0) Allocating data for reducer vm27:r0
(vm12:m0) Allocating data for reducer vm28:r0
(vm12:m0) Allocating data for reducer vm29:r0
(vm12:m0) Allocating data for reducer vm30:r0
(vm12:m0) Allocating data for reducer vm31:r0
(vm12:m0) Allocating data for reducer vm32:r0
(vm12:m0) Binding to port 23330
(vm12:r0) New reducer
(vm12:r0) Reducer thread started
(vm12:r0) waiting for START message
(vm12:r0) got START message
(vm12:r0) Starting new connection thread
(vm12:r0) Starting new connection thread
(vm12:r0) Starting new connection thread
(vm12:r0) Starting new connection thread
(vm12:r0) Starting new connection thread
(vm12:r0) Maximum number of connections reached (5), waiting for a thread to finish
(vm12:r0:2) Connection established
(vm12:r0:1) Connection established
(vm12:r0:3) Connection established
(vm12:r0:4) Connection established
(vm12:r0:0) Connection established
(vm12:r0:1) Connection finished, received 1073741825 bytes
(vm12:r0:3) Connection finished, received 1073741825 bytes
(vm12:r0:2) Connection finished, received 1073741825 bytes
(vm12:r0:4) Connection finished, received 1073741825 bytes
(vm12:r0:0) Connection finished, received 1073741825 bytes
(vm12:r0) thread 0 joined, 31 connections remaining
(vm12:r0) Starting new connection thread
(vm12:r0) Maximum number of connections reached (5), waiting for a thread to finish
(vm12:r0:0) Connection established
(vm12:m0) Got connection from reducer vm28:r0
(vm12:m0:27) thread started, have to send 1073741824 bytes
(vm12:r0:0) Connection finished, received 1073741825 bytes
(vm12:r0) thread 0 joined, 30 connections remaining
(vm12:r0) Starting new connection thread
(vm12:r0) Maximum number of connections reached (5), waiting for a thread to finish
(vm12:r0:0) Connection established
(vm12:m0:27) all data sent, thread exiting
(vm12:m0) Got connection from reducer vm23:r0
(vm12:m0:22) thread started, have to send 1073741824 bytes
(vm12:m0) Got connection from reducer vm22:r0
(vm12:m0:21) thread started, have to send 1073741824 bytes
(vm12:m0:22) all data sent, thread exiting
(vm12:m0:21) all data sent, thread exiting
(vm12:m0) Got connection from reducer vm1:r0
(vm12:m0:0) thread started, have to send 1073741824 bytes
(vm12:m0:0) all data sent, thread exiting
(vm12:m0) Got connection from reducer vm6:r0
(vm12:m0:5) thread started, have to send 1073741824 bytes
(vm12:m0:5) all data sent, thread exiting
(vm12:m0) Got connection from reducer vm10:r0
(vm12:m0:9) thread started, have to send 1073741824 bytes
(vm12:m0) Got connection from reducer vm25:r0
(vm12:m0:24) thread started, have to send 1073741824 bytes
(vm12:m0:9) all data sent, thread exiting
(vm12:m0:24) all data sent, thread exiting
(vm12:m0) Got connection from reducer vm16:r0
(vm12:m0:15) thread started, have to send 1073741824 bytes
(vm12:r0:0) Connection finished, received 1073741825 bytes
(vm12:r0) thread 0 joined, 29 connections remaining
(vm12:r0) Starting new connection thread
(vm12:r0) Maximum number of connections reached (5), waiting for a thread to finish
(vm12:r0:0) Connection established
(vm12:m0:15) all data sent, thread exiting
(vm12:m0) Got connection from reducer vm9:r0
(vm12:m0:8) thread started, have to send 1073741824 bytes
(vm12:m0) Got connection from reducer vm11:r0
(vm12:m0:10) thread started, have to send 1073741824 bytes
(vm12:m0) Got connection from reducer vm15:r0
(vm12:m0:14) thread started, have to send 1073741824 bytes
(vm12:m0) Got connection from reducer vm7:r0
(vm12:m0:6) thread started, have to send 1073741824 bytes
(vm12:m0:8) all data sent, thread exiting
(vm12:m0:10) all data sent, thread exiting
(vm12:m0:14) all data sent, thread exiting
(vm12:m0:6) all data sent, thread exiting
(vm12:r0:0) Connection finished, received 1073741825 bytes
(vm12:r0) thread 0 joined, 28 connections remaining
(vm12:r0) Starting new connection thread
(vm12:r0) Maximum number of connections reached (5), waiting for a thread to finish
(vm12:r0:0) Connection established
(vm12:m0) Got connection from reducer vm30:r0
(vm12:m0:29) thread started, have to send 1073741824 bytes
(vm12:m0:29) all data sent, thread exiting
(vm12:m0) Got connection from reducer vm8:r0
(vm12:m0:7) thread started, have to send 1073741824 bytes
(vm12:m0) Got connection from reducer vm4:r0
(vm12:m0:3) thread started, have to send 1073741824 bytes
(vm12:m0:7) all data sent, thread exiting
(vm12:m0:3) all data sent, thread exiting
(vm12:m0) Got connection from reducer vm18:r0
(vm12:m0:17) thread started, have to send 1073741824 bytes
(vm12:m0:17) all data sent, thread exiting
(vm12:r0:0) Connection finished, received 1073741825 bytes
(vm12:r0) thread 0 joined, 27 connections remaining
(vm12:r0) Starting new connection thread
(vm12:r0) Maximum number of connections reached (5), waiting for a thread to finish
(vm12:r0:0) Connection established
(vm12:m0) Got connection from reducer vm26:r0
(vm12:m0:25) thread started, have to send 1073741824 bytes
(vm12:m0) Got connection from reducer vm2:r0
(vm12:m0:1) thread started, have to send 1073741824 bytes
(vm12:m0) Got connection from reducer vm31:r0
(vm12:m0:30) thread started, have to send 1073741824 bytes
(vm12:m0) Got connection from reducer vm21:r0
(vm12:m0:20) thread started, have to send 1073741824 bytes
(vm12:m0) Got connection from reducer vm29:r0
(vm12:m0:28) thread started, have to send 1073741824 bytes
(vm12:m0:25) all data sent, thread exiting
(vm12:m0:1) all data sent, thread exiting
(vm12:m0:30) all data sent, thread exiting
(vm12:r0:0) Connection finished, received 1073741825 bytes
(vm12:r0) thread 0 joined, 26 connections remaining
(vm12:r0) Starting new connection thread
(vm12:r0) Maximum number of connections reached (5), waiting for a thread to finish
(vm12:r0:0) Connection established
(vm12:m0) Got connection from reducer vm19:r0
(vm12:m0:18) thread started, have to send 1073741824 bytes
(vm12:m0:20) all data sent, thread exiting
(vm12:m0:28) all data sent, thread exiting
(vm12:m0:18) all data sent, thread exiting
(vm12:m0) Got connection from reducer vm27:r0
(vm12:m0:26) thread started, have to send 1073741824 bytes
(vm12:m0) Got connection from reducer vm3:r0
(vm12:m0:2) thread started, have to send 1073741824 bytes
(vm12:m0) Got connection from reducer vm5:r0
(vm12:m0:4) thread started, have to send 1073741824 bytes
(vm12:m0) Got connection from reducer vm32:r0
(vm12:m0:31) thread started, have to send 1073741824 bytes
(vm12:m0) Got connection from reducer vm24:r0
(vm12:m0:23) thread started, have to send 1073741824 bytes
(vm12:m0) Got connection from reducer vm20:r0
(vm12:m0:19) thread started, have to send 1073741824 bytes
(vm12:m0) Got connection from reducer vm13:r0
(vm12:m0:12) thread started, have to send 1073741824 bytes
(vm12:r0:0) Connection finished, received 1073741825 bytes
(vm12:r0) thread 0 joined, 25 connections remaining
(vm12:r0) Starting new connection thread
(vm12:r0) Maximum number of connections reached (5), waiting for a thread to finish
(vm12:r0:0) Connection established
(vm12:m0) Got connection from reducer vm12:r0
(vm12:m0:11) thread started, have to send 1073741824 bytes
(vm12:m0) Got connection from reducer vm17:r0
(vm12:m0:16) thread started, have to send 1073741824 bytes
(vm12:m0) Got connection from reducer vm14:r0
(vm12:m0) Waiting for a thread to finish
(vm12:m0) thread 0 joined, 31 connections remaining
(vm12:m0) Waiting for a thread to finish
(vm12:m0) thread 1 joined, 30 connections remaining
(vm12:m0) Waiting for a thread to finish
(vm12:m0:13) thread started, have to send 1073741824 bytes
(vm12:m0:11) all data sent, thread exiting
(vm12:r0:0) Connection finished, received 1073741825 bytes
(vm12:r0) thread 0 joined, 24 connections remaining
(vm12:r0) Starting new connection thread
(vm12:r0) Maximum number of connections reached (5), waiting for a thread to finish
(vm12:r0:0) Connection established
(vm12:m0:26) all data sent, thread exiting
(vm12:m0:2) all data sent, thread exiting
(vm12:m0) thread 2 joined, 29 connections remaining
(vm12:m0) Waiting for a thread to finish
(vm12:m0) thread 3 joined, 28 connections remaining
(vm12:m0) Waiting for a thread to finish
(vm12:m0:4) all data sent, thread exiting
(vm12:m0) thread 4 joined, 27 connections remaining
(vm12:m0) Waiting for a thread to finish
(vm12:m0) thread 5 joined, 26 connections remaining
(vm12:m0) Waiting for a thread to finish
(vm12:m0) thread 6 joined, 25 connections remaining
(vm12:m0) Waiting for a thread to finish
(vm12:m0) thread 7 joined, 24 connections remaining
(vm12:m0) Waiting for a thread to finish
(vm12:m0) thread 8 joined, 23 connections remaining
(vm12:m0) Waiting for a thread to finish
(vm12:m0) thread 9 joined, 22 connections remaining
(vm12:m0) Waiting for a thread to finish
(vm12:m0) thread 10 joined, 21 connections remaining
(vm12:m0) Waiting for a thread to finish
(vm12:m0) thread 11 joined, 20 connections remaining
(vm12:m0) Waiting for a thread to finish
(vm12:m0:31) all data sent, thread exiting
(vm12:m0:23) all data sent, thread exiting
(vm12:m0:12) all data sent, thread exiting
(vm12:m0) thread 12 joined, 19 connections remaining
(vm12:m0) Waiting for a thread to finish
(vm12:m0:19) all data sent, thread exiting
(vm12:m0:16) all data sent, thread exiting
(vm12:m0:13) all data sent, thread exiting
(vm12:m0) thread 13 joined, 18 connections remaining
(vm12:m0) Waiting for a thread to finish
(vm12:m0) thread 14 joined, 17 connections remaining
(vm12:m0) Waiting for a thread to finish
(vm12:m0) thread 15 joined, 16 connections remaining
(vm12:m0) Waiting for a thread to finish
(vm12:m0) thread 16 joined, 15 connections remaining
(vm12:m0) Waiting for a thread to finish
(vm12:m0) thread 17 joined, 14 connections remaining
(vm12:m0) Waiting for a thread to finish
(vm12:m0) thread 18 joined, 13 connections remaining
(vm12:m0) Waiting for a thread to finish
(vm12:m0) thread 19 joined, 12 connections remaining
(vm12:m0) Waiting for a thread to finish
(vm12:m0) thread 20 joined, 11 connections remaining
(vm12:m0) Waiting for a thread to finish
(vm12:m0) thread 21 joined, 10 connections remaining
(vm12:m0) Waiting for a thread to finish
(vm12:m0) thread 22 joined, 9 connections remaining
(vm12:m0) Waiting for a thread to finish
(vm12:m0) thread 23 joined, 8 connections remaining
(vm12:m0) Waiting for a thread to finish
(vm12:m0) thread 24 joined, 7 connections remaining
(vm12:m0) Waiting for a thread to finish
(vm12:m0) thread 25 joined, 6 connections remaining
(vm12:m0) Waiting for a thread to finish
(vm12:m0) thread 26 joined, 5 connections remaining
(vm12:m0) Waiting for a thread to finish
(vm12:m0) thread 27 joined, 4 connections remaining
(vm12:m0) Waiting for a thread to finish
(vm12:m0) thread 28 joined, 3 connections remaining
(vm12:m0) Waiting for a thread to finish
(vm12:m0) thread 29 joined, 2 connections remaining
(vm12:m0) Waiting for a thread to finish
(vm12:m0) thread 30 joined, 1 connections remaining
(vm12:m0) Waiting for a thread to finish
(vm12:m0) thread 31 joined, 0 connections remaining
(vm12:m0) all done, exiting
*RES* start node vm12:m0
*RES* vm12:m0:0,1405427089370,4347,1664,1073741825
*RES* vm12:m0:1,1405427186118,7697,1352,1073741825
*RES* vm12:m0:2,1405427212257,11329,1061,1073741825
*RES* vm12:m0:3,1405427166235,5326,1987,1073741825
*RES* vm12:m0:4,1405427212354,11855,1065,1073741825
*RES* vm12:m0:5,1405427094446,4750,1240,1073741825
*RES* vm12:m0:6,1405427140742,7627,1946,1073741825
*RES* vm12:m0:7,1405427163049,5168,1683,1073741825
*RES* vm12:m0:8,1405427136090,8233,1413,1073741825
*RES* vm12:m0:9,1405427107382,7097,1947,1073741825
*RES* vm12:m0:10,1405427136278,9025,1470,1073741825
*RES* vm12:m0:11,1405427213426,8082,322,1073741825
*RES* vm12:m0:12,1405427213359,12415,1013,1073741825
*RES* vm12:m0:13,1405427216278,11155,1119,1073741825
*RES* vm12:m0:14,1405427138234,8322,1614,1073741825
*RES* vm12:m0:15,1405427116318,7218,1382,1073741825
*RES* vm12:m0:16,1405427213722,12709,1036,1073741825
*RES* vm12:m0:17,1405427174130,4924,2169,1073741825
*RES* vm12:m0:18,1405427200098,7221,1050,1073741825
*RES* vm12:m0:19,1405427212675,13209,1041,1073741825
*RES* vm12:m0:20,1405427192147,8661,1861,1073741825
*RES* vm12:m0:21,1405427084488,4748,1493,1073741825
*RES* vm12:m0:22,1405427081066,4067,1657,1073741825
*RES* vm12:m0:23,1405427212661,12429,1053,1073741825
*RES* vm12:m0:24,1405427108250,6682,1942,1073741825
*RES* vm12:m0:25,1405427184942,8599,1409,1073741825
*RES* vm12:m0:26,1405427212163,10846,1050,1073741825
*RES* vm12:m0:27,1405427067006,4098,1648,1073741825
*RES* vm12:m0:28,1405427193230,8341,1774,1073741825
*RES* vm12:m0:29,1405427154662,7048,1385,1073741825
*RES* vm12:m0:30,1405427186414,8037,1253,1073741825
*RES* vm12:m0:31,1405427212613,12251,1029,1073741825
*RES* end node vm12:m0
Node vm12:m0 joined
(vm12:r0:0) Connection finished, received 1073741825 bytes
(vm12:r0) thread 0 joined, 23 connections remaining
(vm12:r0) Starting new connection thread
(vm12:r0) Maximum number of connections reached (5), waiting for a thread to finish
(vm12:r0:0) Connection established
(vm12:r0:0) Connection finished, received 1073741825 bytes
(vm12:r0) thread 0 joined, 22 connections remaining
(vm12:r0) Starting new connection thread
(vm12:r0) Maximum number of connections reached (5), waiting for a thread to finish
(vm12:r0:0) Connection established
(vm12:r0:0) Connection finished, received 1073741825 bytes
(vm12:r0) thread 0 joined, 21 connections remaining
(vm12:r0) Starting new connection thread
(vm12:r0) Maximum number of connections reached (5), waiting for a thread to finish
(vm12:r0:0) Connection established
(vm12:r0:0) Connection finished, received 1073741825 bytes
(vm12:r0) thread 0 joined, 20 connections remaining
(vm12:r0) Starting new connection thread
(vm12:r0) Maximum number of connections reached (5), waiting for a thread to finish
(vm12:r0:0) Connection established
(vm12:r0:0) Connection finished, received 1073741825 bytes
(vm12:r0) thread 0 joined, 19 connections remaining
(vm12:r0) Starting new connection thread
(vm12:r0) Maximum number of connections reached (5), waiting for a thread to finish
(vm12:r0:0) Connection established
(vm12:r0:0) Connection finished, received 1073741825 bytes
(vm12:r0) thread 0 joined, 18 connections remaining
(vm12:r0) Starting new connection thread
(vm12:r0) Maximum number of connections reached (5), waiting for a thread to finish
(vm12:r0:0) Connection established
(vm12:r0:0) Connection finished, received 1073741825 bytes
(vm12:r0) thread 0 joined, 17 connections remaining
(vm12:r0) Starting new connection thread
(vm12:r0) Maximum number of connections reached (5), waiting for a thread to finish
(vm12:r0:0) Connection established
(vm12:r0:0) Connection finished, received 1073741825 bytes
(vm12:r0) thread 0 joined, 16 connections remaining
(vm12:r0) Starting new connection thread
(vm12:r0) Maximum number of connections reached (5), waiting for a thread to finish
(vm12:r0:0) Connection established
(vm12:r0:0) Connection finished, received 1073741825 bytes
(vm12:r0) thread 0 joined, 15 connections remaining
(vm12:r0) Starting new connection thread
(vm12:r0) Maximum number of connections reached (5), waiting for a thread to finish
(vm12:r0:0) Connection established
(vm12:r0:0) Connection finished, received 1073741825 bytes
(vm12:r0) thread 0 joined, 14 connections remaining
(vm12:r0) Starting new connection thread
(vm12:r0) Maximum number of connections reached (5), waiting for a thread to finish
(vm12:r0:0) Connection established
(vm12:r0:0) Connection finished, received 1073741825 bytes
(vm12:r0) thread 0 joined, 13 connections remaining
(vm12:r0) Starting new connection thread
(vm12:r0) Maximum number of connections reached (5), waiting for a thread to finish
(vm12:r0:0) Connection established
(vm12:r0:0) Connection finished, received 1073741825 bytes
(vm12:r0) thread 0 joined, 12 connections remaining
(vm12:r0) Starting new connection thread
(vm12:r0) Maximum number of connections reached (5), waiting for a thread to finish
(vm12:r0:0) Connection established
(vm12:r0:0) Connection finished, received 1073741825 bytes
(vm12:r0) thread 0 joined, 11 connections remaining
(vm12:r0) Starting new connection thread
(vm12:r0) Maximum number of connections reached (5), waiting for a thread to finish
(vm12:r0:0) Connection established
(vm12:r0:0) Connection finished, received 1073741825 bytes
(vm12:r0) thread 0 joined, 10 connections remaining
(vm12:r0) Starting new connection thread
(vm12:r0) Maximum number of connections reached (5), waiting for a thread to finish
(vm12:r0:0) Connection established
(vm12:r0:0) Connection finished, received 1073741825 bytes
(vm12:r0) thread 0 joined, 9 connections remaining
(vm12:r0) Starting new connection thread
(vm12:r0) Maximum number of connections reached (5), waiting for a thread to finish
(vm12:r0:0) Connection established
(vm12:r0:0) Connection finished, received 1073741825 bytes
(vm12:r0) thread 0 joined, 8 connections remaining
(vm12:r0) Starting new connection thread
(vm12:r0) Maximum number of connections reached (5), waiting for a thread to finish
(vm12:r0:0) Connection established
(vm12:r0:0) Connection finished, received 1073741825 bytes
(vm12:r0) thread 0 joined, 7 connections remaining
(vm12:r0) Starting new connection thread
(vm12:r0) Maximum number of connections reached (5), waiting for a thread to finish
(vm12:r0:0) Connection established
(vm12:r0:0) Connection finished, received 1073741825 bytes
(vm12:r0) thread 0 joined, 6 connections remaining
(vm12:r0) Starting new connection thread
(vm12:r0) Maximum number of connections reached (5), waiting for a thread to finish
(vm12:r0:0) Connection established
(vm12:r0:0) Connection finished, received 1073741825 bytes
(vm12:r0) thread 0 joined, 5 connections remaining
(vm12:r0) Starting new connection thread
(vm12:r0) Maximum number of connections reached (5), waiting for a thread to finish
(vm12:r0:0) Connection established
(vm12:r0:0) Connection finished, received 1073741825 bytes
(vm12:r0) thread 0 joined, 4 connections remaining
(vm12:r0) Maximum number of connections reached (4), waiting for a thread to finish
(vm12:r0) thread 1 joined, 3 connections remaining
(vm12:r0) Maximum number of connections reached (3), waiting for a thread to finish
(vm12:r0) thread 2 joined, 2 connections remaining
(vm12:r0) Maximum number of connections reached (2), waiting for a thread to finish
(vm12:r0) thread 3 joined, 1 connections remaining
(vm12:r0) Maximum number of connections reached (1), waiting for a thread to finish
(vm12:r0) thread 4 joined, 0 connections remaining
(vm12:r0) all done, exiting
*RES* start node vm12:r0
*RES* vm12:r0:0,1405426977111,36739,1014,1073741825
*RES* vm12:r0:0,1405427013854,55944,1298,1073741825
*RES* vm12:r0:0,1405427069810,46872,1457,1073741825
*RES* vm12:r0:0,1405427116687,36888,1515,1073741825
*RES* vm12:r0:0,1405427153578,25920,1122,1073741825
*RES* vm12:r0:0,1405427179506,19070,1115,1073741825
*RES* vm12:r0:0,1405427198583,14801,1030,1073741825
*RES* vm12:r0:0,1405427213395,8162,807,1073741825
*RES* vm12:r0:0,1405427221610,13148,1053,1073741825
*RES* vm12:r0:0,1405427234762,8847,1098,1073741825
*RES* vm12:r0:0,1405427243614,5009,1062,1073741825
*RES* vm12:r0:0,1405427248630,4603,1278,1073741825
*RES* vm12:r0:0,1405427253238,4159,1168,1073741825
*RES* vm12:r0:0,1405427257402,4341,1189,1073741825
*RES* vm12:r0:0,1405427261750,4842,1149,1073741825
*RES* vm12:r0:0,1405427266598,4842,1080,1073741825
*RES* vm12:r0:0,1405427271446,4489,1021,1073741825
*RES* vm12:r0:0,1405427275942,2746,970,1073741825
*RES* vm12:r0:0,1405427278694,2765,862,1073741825
*RES* vm12:r0:0,1405427281466,3603,880,1073741825
*RES* vm12:r0:0,1405427285074,2112,886,1073741825
*RES* vm12:r0:0,1405427287190,3768,875,1073741825
*RES* vm12:r0:0,1405427290962,3217,858,1073741825
*RES* vm12:r0:0,1405427294186,1897,878,1073741825
*RES* vm12:r0:0,1405427296090,1607,768,1073741825
*RES* vm12:r0:0,1405427297706,1605,793,1073741825
*RES* vm12:r0:0,1405427299318,1568,756,1073741825
*RES* vm12:r0:0,1405427300890,2120,719,1073741825
*RES* vm12:r0:1,1405426977111,28686,1030,1073741825
*RES* vm12:r0:2,1405426977111,30493,1008,1073741825
*RES* vm12:r0:3,1405426977110,30312,979,1073741825
*RES* vm12:r0:4,1405426977110,34918,1038,1073741825
*RES* end node vm12:r0
Node vm12:r0 joined
Worker terminating correctly
