OSMeF worker starting
Enabling core dumping
Listening for command connection
(vm12:m0) New mapper on port 23330
(vm12:m0) -> reducer data size 3804538504
(vm12:m0) -> reducer data size 3804538504
(vm12:m0) -> reducer data size 3804538504
(vm12:m0) -> reducer data size 3804538504
(vm12:m0) -> reducer data size 3804538504
(vm12:m0) -> reducer data size 3804538504
(vm12:m0) -> reducer data size 3804538504
(vm12:m0) -> reducer data size 3804538504
(vm12:m0) -> reducer data size 3804538504
(vm12:m0) -> reducer data size 3804538504
(vm12:m0) -> reducer data size 3804538504
(vm12:m0) -> reducer data size 3804538504
(vm12:m0) -> reducer data size 3804538504
(vm12:m0) -> reducer data size 3804538504
(vm12:m0) -> reducer data size 3804538504
(vm12:m0) -> reducer data size 3804538504
(vm12:m0) -> reducer data size 3804538504
(vm12:m0) Mapper thread started
(vm12:m0) Allocating data for reducer vm1:r0
(vm12:m0) Allocating data for reducer vm2:r0
(vm12:m0) Allocating data for reducer vm3:r0
(vm12:m0) Allocating data for reducer vm4:r0
(vm12:m0) Allocating data for reducer vm5:r0
(vm12:m0) Allocating data for reducer vm6:r0
(vm12:m0) Allocating data for reducer vm7:r0
(vm12:m0) Allocating data for reducer vm8:r0
(vm12:m0) Allocating data for reducer vm9:r0
(vm12:m0) Allocating data for reducer vm10:r0
(vm12:m0) Allocating data for reducer vm11:r0
(vm12:m0) Allocating data for reducer vm12:r0
(vm12:m0) Allocating data for reducer vm13:r0
(vm12:m0) Allocating data for reducer vm14:r0
(vm12:m0) Allocating data for reducer vm15:r0
(vm12:m0) Allocating data for reducer vm16:r0
(vm12:m0) Allocating data for reducer vm17:r0
(vm12:m0) Binding to port 23330
(vm12:r0) New reducer
(vm12:r0) Reducer thread started
(vm12:r0) waiting for START message
(vm12:r0) got START message
(vm12:r0) Starting new connection thread
(vm12:r0) Starting new connection thread
(vm12:r0) Starting new connection thread
(vm12:r0) Starting new connection thread
(vm12:r0) Starting new connection thread
(vm12:r0) Maximum number of connections reached (5), waiting for a thread to finish
(vm12:r0:3) Connection established
(vm12:r0:0) Connection established
(vm12:r0:2) Connection established
(vm12:r0:1) Connection established
(vm12:r0:4) Connection established
(vm12:r0:4) Connection finished, received 3804538505 bytes
(vm12:r0:0) Connection finished, received 3804538505 bytes
(vm12:r0) thread 0 joined, 16 connections remaining
(vm12:r0) Starting new connection thread
(vm12:r0) Maximum number of connections reached (5), waiting for a thread to finish
(vm12:r0:0) Connection established
(vm12:r0:3) Connection finished, received 3804538505 bytes
(vm12:r0:2) Connection finished, received 3804538505 bytes
(vm12:r0:1) Connection finished, received 3804538505 bytes
(vm12:r0:0) Connection finished, received 3804538505 bytes
(vm12:r0) thread 0 joined, 15 connections remaining
(vm12:r0) Starting new connection thread
(vm12:r0) Maximum number of connections reached (5), waiting for a thread to finish
(vm12:r0:0) Connection established
(vm12:m0) Got connection from reducer vm1:r0
(vm12:m0:0) thread started, have to send 3804538504 bytes
(vm12:m0:0) all data sent, thread exiting
(vm12:r0:0) Connection finished, received 3804538505 bytes
(vm12:r0) thread 0 joined, 14 connections remaining
(vm12:r0) Starting new connection thread
(vm12:r0) Maximum number of connections reached (5), waiting for a thread to finish
(vm12:r0:0) Connection established
(vm12:m0) Got connection from reducer vm6:r0
(vm12:m0:5) thread started, have to send 3804538504 bytes
(vm12:m0:5) all data sent, thread exiting
(vm12:r0:0) Connection finished, received 3804538505 bytes
(vm12:r0) thread 0 joined, 13 connections remaining
(vm12:r0) Starting new connection thread
(vm12:r0) Maximum number of connections reached (5), waiting for a thread to finish
(vm12:r0:0) Connection established
(vm12:r0:0) Connection finished, received 3804538505 bytes
(vm12:r0) thread 0 joined, 12 connections remaining
(vm12:r0) Starting new connection thread
(vm12:r0) Maximum number of connections reached (5), waiting for a thread to finish
(vm12:r0:0) Connection established
(vm12:m0) Got connection from reducer vm7:r0
(vm12:m0:6) thread started, have to send 3804538504 bytes
(vm12:r0:0) Connection finished, received 3804538505 bytes
(vm12:r0) thread 0 joined, 11 connections remaining
(vm12:r0) Starting new connection thread
(vm12:r0) Maximum number of connections reached (5), waiting for a thread to finish
(vm12:r0:0) Connection established
(vm12:m0:6) all data sent, thread exiting
(vm12:r0:0) Connection finished, received 3804538505 bytes
(vm12:r0) thread 0 joined, 10 connections remaining
(vm12:r0) Starting new connection thread
(vm12:r0) Maximum number of connections reached (5), waiting for a thread to finish
(vm12:r0:0) Connection established
(vm12:m0) Got connection from reducer vm12:r0
(vm12:m0:11) thread started, have to send 3804538504 bytes
(vm12:m0:11) all data sent, thread exiting
(vm12:r0:0) Connection finished, received 3804538505 bytes
(vm12:r0) thread 0 joined, 9 connections remaining
(vm12:r0) Starting new connection thread
(vm12:r0) Maximum number of connections reached (5), waiting for a thread to finish
(vm12:r0:0) Connection established
(vm12:r0:0) Connection finished, received 3804538505 bytes
(vm12:r0) thread 0 joined, 8 connections remaining
(vm12:r0) Starting new connection thread
(vm12:r0) Maximum number of connections reached (5), waiting for a thread to finish
(vm12:r0:0) Connection established
(vm12:r0:0) Connection finished, received 3804538505 bytes
(vm12:r0) thread 0 joined, 7 connections remaining
(vm12:r0) Starting new connection thread
(vm12:r0) Maximum number of connections reached (5), waiting for a thread to finish
(vm12:r0:0) Connection established
(vm12:m0) Got connection from reducer vm13:r0
(vm12:m0:12) thread started, have to send 3804538504 bytes
(vm12:m0) Got connection from reducer vm8:r0
(vm12:m0:7) thread started, have to send 3804538504 bytes
(vm12:r0:0) Connection finished, received 3804538505 bytes
(vm12:r0) thread 0 joined, 6 connections remaining
(vm12:r0) Starting new connection thread
(vm12:r0) Maximum number of connections reached (5), waiting for a thread to finish
(vm12:r0:0) Connection established
(vm12:m0:12) all data sent, thread exiting
(vm12:m0:7) all data sent, thread exiting
(vm12:r0:0) Connection finished, received 3804538505 bytes
(vm12:r0) thread 0 joined, 5 connections remaining
(vm12:r0) Starting new connection thread
(vm12:r0) Maximum number of connections reached (5), waiting for a thread to finish
(vm12:r0:0) Connection established
(vm12:r0:0) Connection finished, received 3804538505 bytes
(vm12:r0) thread 0 joined, 4 connections remaining
(vm12:r0) Maximum number of connections reached (4), waiting for a thread to finish
(vm12:r0) thread 1 joined, 3 connections remaining
(vm12:r0) Maximum number of connections reached (3), waiting for a thread to finish
(vm12:r0) thread 2 joined, 2 connections remaining
(vm12:r0) Maximum number of connections reached (2), waiting for a thread to finish
(vm12:r0) thread 3 joined, 1 connections remaining
(vm12:r0) Maximum number of connections reached (1), waiting for a thread to finish
(vm12:r0) thread 4 joined, 0 connections remaining
(vm12:r0) all done, exiting
(vm12:m0) Got connection from reducer vm11:r0
(vm12:m0:10) thread started, have to send 3804538504 bytes
(vm12:m0:10) all data sent, thread exiting
(vm12:m0) Got connection from reducer vm9:r0
(vm12:m0:8) thread started, have to send 3804538504 bytes
(vm12:m0:8) all data sent, thread exiting
(vm12:m0) Got connection from reducer vm10:r0
(vm12:m0:9) thread started, have to send 3804538504 bytes
(vm12:m0:9) all data sent, thread exiting
(vm12:m0) Got connection from reducer vm14:r0
(vm12:m0:13) thread started, have to send 3804538504 bytes
(vm12:m0) Got connection from reducer vm17:r0
(vm12:m0:16) thread started, have to send 3804538504 bytes
(vm12:m0:13) all data sent, thread exiting
(vm12:m0) Got connection from reducer vm3:r0
(vm12:m0:2) thread started, have to send 3804538504 bytes
(vm12:m0) Got connection from reducer vm16:r0
(vm12:m0:15) thread started, have to send 3804538504 bytes
(vm12:m0) Got connection from reducer vm15:r0
(vm12:m0:14) thread started, have to send 3804538504 bytes
(vm12:m0) Got connection from reducer vm2:r0
(vm12:m0:1) thread started, have to send 3804538504 bytes
(vm12:m0) Got connection from reducer vm5:r0
(vm12:m0:4) thread started, have to send 3804538504 bytes
(vm12:m0) Got connection from reducer vm4:r0
(vm12:m0) Waiting for a thread to finish
(vm12:m0) thread 0 joined, 16 connections remaining
(vm12:m0) Waiting for a thread to finish
(vm12:m0:3) thread started, have to send 3804538504 bytes
(vm12:m0:16) all data sent, thread exiting
(vm12:m0:2) all data sent, thread exiting
(vm12:m0:15) all data sent, thread exiting
(vm12:m0:14) all data sent, thread exiting
(vm12:m0:3) all data sent, thread exiting
(vm12:m0:4) all data sent, thread exiting
(vm12:m0:1) all data sent, thread exiting
(vm12:m0) thread 1 joined, 15 connections remaining
(vm12:m0) Waiting for a thread to finish
(vm12:m0) thread 2 joined, 14 connections remaining
(vm12:m0) Waiting for a thread to finish
(vm12:m0) thread 3 joined, 13 connections remaining
(vm12:m0) Waiting for a thread to finish
(vm12:m0) thread 4 joined, 12 connections remaining
(vm12:m0) Waiting for a thread to finish
(vm12:m0) thread 5 joined, 11 connections remaining
(vm12:m0) Waiting for a thread to finish
(vm12:m0) thread 6 joined, 10 connections remaining
(vm12:m0) Waiting for a thread to finish
(vm12:m0) thread 7 joined, 9 connections remaining
(vm12:m0) Waiting for a thread to finish
(vm12:m0) thread 8 joined, 8 connections remaining
(vm12:m0) Waiting for a thread to finish
(vm12:m0) thread 9 joined, 7 connections remaining
(vm12:m0) Waiting for a thread to finish
(vm12:m0) thread 10 joined, 6 connections remaining
(vm12:m0) Waiting for a thread to finish
(vm12:m0) thread 11 joined, 5 connections remaining
(vm12:m0) Waiting for a thread to finish
(vm12:m0) thread 12 joined, 4 connections remaining
(vm12:m0) Waiting for a thread to finish
(vm12:m0) thread 13 joined, 3 connections remaining
(vm12:m0) Waiting for a thread to finish
(vm12:m0) thread 14 joined, 2 connections remaining
(vm12:m0) Waiting for a thread to finish
(vm12:m0) thread 15 joined, 1 connections remaining
(vm12:m0) Waiting for a thread to finish
(vm12:m0) thread 16 joined, 0 connections remaining
(vm12:m0) all done, exiting
*RES* start node vm12:m0
*RES* vm12:m0:0,1403752007334,7948,3447,3804538505
*RES* vm12:m0:1,1403752182286,19397,2635,3804538505
*RES* vm12:m0:2,1403752181119,18526,2682,3804538505
*RES* vm12:m0:3,1403752182478,19016,2530,3804538505
*RES* vm12:m0:4,1403752182374,19239,2587,3804538505
*RES* vm12:m0:5,1403752044730,7725,3461,3804538505
*RES* vm12:m0:6,1403752081344,7953,2696,3804538505
*RES* vm12:m0:7,1403752113054,10402,2711,3804538505
*RES* vm12:m0:8,1403752146681,5001,2838,3804538505
*RES* vm12:m0:9,1403752167856,4848,2381,3804538505
*RES* vm12:m0:10,1403752136766,5989,2865,3804538505
*RES* vm12:m0:11,1403752090722,2892,504,3804538505
*RES* vm12:m0:12,1403752111670,10441,2743,3804538505
*RES* vm12:m0:13,1403752174138,6135,2828,3804538505
*RES* vm12:m0:14,1403752181938,19332,2583,3804538505
*RES* vm12:m0:15,1403752181586,19147,2604,3804538505
*RES* vm12:m0:16,1403752180141,17118,2656,3804538505
*RES* end node vm12:m0
Node vm12:m0 joined
*RES* start node vm12:r0
*RES* vm12:r0:0,1403751889978,54315,3064,3804538505
*RES* vm12:r0:0,1403751944298,45428,2835,3804538505
*RES* vm12:r0:0,1403751989730,40425,2888,3804538505
*RES* vm12:r0:0,1403752030162,39377,2849,3804538505
*RES* vm12:r0:0,1403752069546,6773,2748,3804538505
*RES* vm12:r0:0,1403752076326,6106,2662,3804538505
*RES* vm12:r0:0,1403752082438,8277,2650,3804538505
*RES* vm12:r0:0,1403752090722,2894,1186,3804538505
*RES* vm12:r0:0,1403752093622,9228,2713,3804538505
*RES* vm12:r0:0,1403752102854,7890,2684,3804538505
*RES* vm12:r0:0,1403752110750,9770,2529,3804538505
*RES* vm12:r0:0,1403752120530,7312,2590,3804538505
*RES* vm12:r0:0,1403752127846,8383,3031,3804538505
*RES* vm12:r0:1,1403751889977,65158,3189,3804538505
*RES* vm12:r0:2,1403751889977,59961,3098,3804538505
*RES* vm12:r0:3,1403751889977,58419,3109,3804538505
*RES* vm12:r0:4,1403751889977,50294,3014,3804538505
*RES* end node vm12:r0
Node vm12:r0 joined
Worker terminating correctly
