OSMeF worker starting
Enabling core dumping
Listening for command connection
(vm10:m0) New mapper on port 23330
(vm10:m0) -> reducer data size 41943040
(vm10:m0) -> reducer data size 41943040
(vm10:m0) -> reducer data size 41943040
(vm10:m0) -> reducer data size 41943040
(vm10:m0) -> reducer data size 41943040
(vm10:m0) -> reducer data size 41943040
(vm10:m0) -> reducer data size 41943040
(vm10:m0) -> reducer data size 41943040
(vm10:m0) -> reducer data size 41943040
(vm10:m0) -> reducer data size 41943040
(vm10:m0) -> reducer data size 41943040
(vm10:m0) -> reducer data size 41943040
(vm10:m0) -> reducer data size 41943040
(vm10:m0) -> reducer data size 41943040
(vm10:m0) -> reducer data size 41943040
(vm10:m0) -> reducer data size 41943040
(vm10:m0) Mapper thread started
(vm10:m0) Allocating data for reducer vm1:r0
(vm10:m0) Allocating data for reducer vm2:r0
(vm10:m0) Allocating data for reducer vm3:r0
(vm10:m0) Allocating data for reducer vm4:r0
(vm10:m0) Allocating data for reducer vm5:r0
(vm10:m0) Allocating data for reducer vm6:r0
(vm10:m0) Allocating data for reducer vm7:r0
(vm10:m0) Allocating data for reducer vm8:r0
(vm10:m0) Allocating data for reducer vm9:r0
(vm10:m0) Allocating data for reducer vm10:r0
(vm10:m0) Allocating data for reducer vm11:r0
(vm10:m0) Allocating data for reducer vm12:r0
(vm10:m0) Allocating data for reducer vm13:r0
(vm10:m0) Allocating data for reducer vm14:r0
(vm10:m0) Allocating data for reducer vm15:r0
(vm10:m0) Allocating data for reducer vm16:r0
(vm10:m0) Binding to port 23330
(vm10:r0) New reducer
(vm10:r0) Reducer thread started
(vm10:r0) waiting for START message
(vm10:r0) got START message
(vm10:r0) Starting new connection thread
(vm10:r0) Starting new connection thread
(vm10:r0) Starting new connection thread
(vm10:r0) Starting new connection thread
(vm10:r0) Starting new connection thread
(vm10:r0) Maximum number of connections reached (5), waiting for a thread to finish
(vm10:r0:3) Connection established
(vm10:r0:2) Connection established
(vm10:r0:1) Connection established
(vm10:r0:4) Connection established
(vm10:r0:0) Connection established
(vm10:r0:1) Connection finished, received 41943041 bytes
(vm10:r0:2) Connection finished, received 41943041 bytes
(vm10:r0:0) Connection finished, received 41943041 bytes
(vm10:r0) thread 0 joined, 15 connections remaining
(vm10:r0) Starting new connection thread
(vm10:r0) Maximum number of connections reached (5), waiting for a thread to finish
(vm10:r0:0) Connection established
(vm10:r0:3) Connection finished, received 41943041 bytes
(vm10:r0:4) Connection finished, received 41943041 bytes
(vm10:r0:0) Connection finished, received 41943041 bytes
(vm10:r0) thread 0 joined, 14 connections remaining
(vm10:r0) Starting new connection thread
(vm10:r0) Maximum number of connections reached (5), waiting for a thread to finish
(vm10:r0:0) Connection established
(vm10:m0) Got connection from reducer vm1:r0
(vm10:m0:0) thread started, have to send 41943040 bytes
(vm10:m0:0) all data sent, thread exiting
(vm10:m0) Got connection from reducer vm13:r0
(vm10:m0:12) thread started, have to send 41943040 bytes
(vm10:m0) Got connection from reducer vm15:r0
(vm10:m0:14) thread started, have to send 41943040 bytes
(vm10:m0:12) all data sent, thread exiting
(vm10:r0:0) Connection finished, received 41943041 bytes
(vm10:r0) thread 0 joined, 13 connections remaining
(vm10:r0) Starting new connection thread
(vm10:r0) Maximum number of connections reached (5), waiting for a thread to finish
(vm10:r0:0) Connection established
(vm10:m0:14) all data sent, thread exiting
(vm10:m0) Got connection from reducer vm14:r0
(vm10:m0:13) thread started, have to send 41943040 bytes
(vm10:m0) Got connection from reducer vm6:r0
(vm10:m0:5) thread started, have to send 41943040 bytes
(vm10:m0) Got connection from reducer vm7:r0
(vm10:m0:6) thread started, have to send 41943040 bytes
(vm10:m0:13) all data sent, thread exiting
(vm10:m0:5) all data sent, thread exiting
(vm10:m0) Got connection from reducer vm11:r0
(vm10:m0:10) thread started, have to send 41943040 bytes
(vm10:r0:0) Connection finished, received 41943041 bytes
(vm10:r0) thread 0 joined, 12 connections remaining
(vm10:r0) Starting new connection thread
(vm10:r0) Maximum number of connections reached (5), waiting for a thread to finish
(vm10:r0:0) Connection established
(vm10:m0) Got connection from reducer vm9:r0
(vm10:m0:8) thread started, have to send 41943040 bytes
(vm10:m0:6) all data sent, thread exiting
(vm10:m0:10) all data sent, thread exiting
(vm10:r0:0) Connection finished, received 41943041 bytes
(vm10:r0) thread 0 joined, 11 connections remaining
(vm10:r0) Starting new connection thread
(vm10:r0) Maximum number of connections reached (5), waiting for a thread to finish
(vm10:r0:0) Connection established
(vm10:m0) Got connection from reducer vm10:r0
(vm10:m0:9) thread started, have to send 41943040 bytes
(vm10:m0:8) all data sent, thread exiting
(vm10:m0) Got connection from reducer vm3:r0
(vm10:m0:2) thread started, have to send 41943040 bytes
(vm10:m0:9) all data sent, thread exiting
(vm10:m0) Got connection from reducer vm2:r0
(vm10:m0) Got connection from reducer vm12:r0
(vm10:m0) Got connection from reducer vm8:r0
(vm10:r0:0) Connection finished, received 41943041 bytes
(vm10:m0:1) thread started, have to send 41943040 bytes
(vm10:r0) thread 0 joined, 10 connections remaining
(vm10:r0) Starting new connection thread
(vm10:r0) Maximum number of connections reached (5), waiting for a thread to finish
(vm10:m0:11) thread started, have to send 41943040 bytes
(vm10:m0:7) thread started, have to send 41943040 bytes
(vm10:r0:0) Connection established
(vm10:m0) Got connection from reducer vm16:r0
(vm10:m0) Got connection from reducer vm5:r0
(vm10:m0) Got connection from reducer vm4:r0
(vm10:m0) Waiting for a thread to finish
(vm10:m0) thread 0 joined, 15 connections remaining
(vm10:m0) Waiting for a thread to finish
(vm10:m0:3) thread started, have to send 41943040 bytes
(vm10:m0:15) thread started, have to send 41943040 bytes
(vm10:m0:4) thread started, have to send 41943040 bytes
(vm10:r0:0) Connection finished, received 41943041 bytes
(vm10:m0:2) all data sent, thread exiting
(vm10:r0) thread 0 joined, 9 connections remaining
(vm10:r0) Starting new connection thread
(vm10:r0) Maximum number of connections reached (5), waiting for a thread to finish
(vm10:r0:0) Connection established
(vm10:m0:7) all data sent, thread exiting
(vm10:m0:11) all data sent, thread exiting
(vm10:m0:1) all data sent, thread exiting
(vm10:m0) thread 1 joined, 14 connections remaining
(vm10:m0) Waiting for a thread to finish
(vm10:m0) thread 2 joined, 13 connections remaining
(vm10:m0) Waiting for a thread to finish
(vm10:m0:3) all data sent, thread exiting
(vm10:m0:15) all data sent, thread exiting
(vm10:m0:4) all data sent, thread exiting
(vm10:m0) thread 3 joined, 12 connections remaining
(vm10:m0) Waiting for a thread to finish
(vm10:m0) thread 4 joined, 11 connections remaining
(vm10:m0) Waiting for a thread to finish
(vm10:m0) thread 5 joined, 10 connections remaining
(vm10:m0) Waiting for a thread to finish
(vm10:m0) thread 6 joined, 9 connections remaining
(vm10:m0) Waiting for a thread to finish
(vm10:m0) thread 7 joined, 8 connections remaining
(vm10:m0) Waiting for a thread to finish
(vm10:m0) thread 8 joined, 7 connections remaining
(vm10:m0) Waiting for a thread to finish
(vm10:m0) thread 9 joined, 6 connections remaining
(vm10:m0) Waiting for a thread to finish
(vm10:m0) thread 10 joined, 5 connections remaining
(vm10:m0) Waiting for a thread to finish
(vm10:m0) thread 11 joined, 4 connections remaining
(vm10:m0) Waiting for a thread to finish
(vm10:m0) thread 12 joined, 3 connections remaining
(vm10:m0) Waiting for a thread to finish
(vm10:m0) thread 13 joined, 2 connections remaining
(vm10:m0) Waiting for a thread to finish
(vm10:m0) thread 14 joined, 1 connections remaining
(vm10:m0) Waiting for a thread to finish
(vm10:m0) thread 15 joined, 0 connections remaining
(vm10:m0) all done, exiting
*RES* start node vm10:m0
*RES* vm10:m0:0,1403611308506,90,37,41943041
*RES* vm10:m0:1,1403611309399,399,41,41943041
*RES* vm10:m0:2,1403611309387,322,38,41943041
*RES* vm10:m0:3,1403611309417,384,39,41943041
*RES* vm10:m0:4,1403611309421,380,39,41943041
*RES* vm10:m0:5,1403611308942,147,33,41943041
*RES* vm10:m0:6,1403611309001,146,37,41943041
*RES* vm10:m0:7,1403611309400,373,39,41943041
*RES* vm10:m0:8,1403611309141,231,31,41943041
*RES* vm10:m0:9,1403611309363,29,8,41943041
*RES* vm10:m0:10,1403611309101,156,35,41943041
*RES* vm10:m0:11,1403611309400,392,41,41943041
*RES* vm10:m0:12,1403611308659,108,34,41943041
*RES* vm10:m0:13,1403611308889,153,35,41943041
*RES* vm10:m0:14,1403611308765,111,45,41943041
*RES* vm10:m0:15,1403611309421,382,39,41943041
*RES* end node vm10:m0
Node vm10:m0 joined
(vm10:r0:0) Connection finished, received 41943041 bytes
(vm10:r0) thread 0 joined, 8 connections remaining
(vm10:r0) Starting new connection thread
(vm10:r0) Maximum number of connections reached (5), waiting for a thread to finish
(vm10:r0:0) Connection established
(vm10:r0:0) Connection finished, received 41943041 bytes
(vm10:r0) thread 0 joined, 7 connections remaining
(vm10:r0) Starting new connection thread
(vm10:r0) Maximum number of connections reached (5), waiting for a thread to finish
(vm10:r0:0) Connection established
(vm10:r0:0) Connection finished, received 41943041 bytes
(vm10:r0) thread 0 joined, 6 connections remaining
(vm10:r0) Starting new connection thread
(vm10:r0) Maximum number of connections reached (5), waiting for a thread to finish
(vm10:r0:0) Connection established
(vm10:r0:0) Connection finished, received 41943041 bytes
(vm10:r0) thread 0 joined, 5 connections remaining
(vm10:r0) Starting new connection thread
(vm10:r0) Maximum number of connections reached (5), waiting for a thread to finish
(vm10:r0:0) Connection established
(vm10:r0:0) Connection finished, received 41943041 bytes
(vm10:r0) thread 0 joined, 4 connections remaining
(vm10:r0) Maximum number of connections reached (4), waiting for a thread to finish
(vm10:r0) thread 1 joined, 3 connections remaining
(vm10:r0) Maximum number of connections reached (3), waiting for a thread to finish
(vm10:r0) thread 2 joined, 2 connections remaining
(vm10:r0) Maximum number of connections reached (2), waiting for a thread to finish
(vm10:r0) thread 3 joined, 1 connections remaining
(vm10:r0) Maximum number of connections reached (1), waiting for a thread to finish
(vm10:r0) thread 4 joined, 0 connections remaining
(vm10:r0) all done, exiting
*RES* start node vm10:r0
*RES* vm10:r0:0,1403611307275,736,41,41943041
*RES* vm10:r0:0,1403611308017,401,32,41943041
*RES* vm10:r0:0,1403611308425,359,33,41943041
*RES* vm10:r0:0,1403611308793,315,36,41943041
*RES* vm10:r0:0,1403611309112,243,30,41943041
*RES* vm10:r0:0,1403611309361,38,12,41943041
*RES* vm10:r0:0,1403611309407,329,31,41943041
*RES* vm10:r0:0,1403611309759,136,30,41943041
*RES* vm10:r0:0,1403611309901,72,26,41943041
*RES* vm10:r0:0,1403611309977,71,26,41943041
*RES* vm10:r0:0,1403611310053,69,26,41943041
*RES* vm10:r0:0,1403611310129,127,28,41943041
*RES* vm10:r0:1,1403611307275,527,40,41943041
*RES* vm10:r0:2,1403611307275,641,43,41943041
*RES* vm10:r0:3,1403611307275,800,42,41943041
*RES* vm10:r0:4,1403611307275,806,45,41943041
*RES* end node vm10:r0
Node vm10:r0 joined
Worker terminating correctly
