OSMeF worker starting
Enabling core dumping
Listening for command connection
(vm13:m0) New mapper on port 23330
(vm13:m0) -> reducer data size 2271718239
(vm13:m0) -> reducer data size 2271718239
(vm13:m0) -> reducer data size 2271718239
(vm13:m0) -> reducer data size 2271718239
(vm13:m0) -> reducer data size 2271718239
(vm13:m0) -> reducer data size 2271718239
(vm13:m0) -> reducer data size 2271718239
(vm13:m0) -> reducer data size 2271718239
(vm13:m0) -> reducer data size 2271718239
(vm13:m0) -> reducer data size 2271718239
(vm13:m0) -> reducer data size 2271718239
(vm13:m0) -> reducer data size 2271718239
(vm13:m0) -> reducer data size 2271718239
(vm13:m0) -> reducer data size 2271718239
(vm13:m0) -> reducer data size 2271718239
(vm13:m0) -> reducer data size 2271718239
(vm13:m0) -> reducer data size 2271718239
(vm13:m0) -> reducer data size 2271718239
(vm13:m0) -> reducer data size 2271718239
(vm13:m0) -> reducer data size 2271718239
(vm13:m0) -> reducer data size 2271718239
(vm13:m0) -> reducer data size 2271718239
(vm13:m0) Mapper thread started
(vm13:m0) Allocating data for reducer vm1:r0
(vm13:m0) Allocating data for reducer vm2:r0
(vm13:m0) Allocating data for reducer vm3:r0
(vm13:m0) Allocating data for reducer vm4:r0
(vm13:m0) Allocating data for reducer vm5:r0
(vm13:m0) Allocating data for reducer vm6:r0
(vm13:m0) Allocating data for reducer vm7:r0
(vm13:m0) Allocating data for reducer vm8:r0
(vm13:m0) Allocating data for reducer vm9:r0
(vm13:m0) Allocating data for reducer vm10:r0
(vm13:m0) Allocating data for reducer vm11:r0
(vm13:m0) Allocating data for reducer vm12:r0
(vm13:m0) Allocating data for reducer vm13:r0
(vm13:m0) Allocating data for reducer vm14:r0
(vm13:m0) Allocating data for reducer vm15:r0
(vm13:m0) Allocating data for reducer vm16:r0
(vm13:m0) Allocating data for reducer vm17:r0
(vm13:m0) Allocating data for reducer vm18:r0
(vm13:m0) Allocating data for reducer vm19:r0
(vm13:m0) Allocating data for reducer vm20:r0
(vm13:m0) Allocating data for reducer vm21:r0
(vm13:m0) Allocating data for reducer vm22:r0
(vm13:m0) Binding to port 23330
(vm13:r0) New reducer
(vm13:r0) Reducer thread started
(vm13:r0) waiting for START message
(vm13:r0) got START message
(vm13:r0) Starting new connection thread
(vm13:r0) Starting new connection thread
(vm13:r0) Starting new connection thread
(vm13:r0) Starting new connection thread
(vm13:r0) Starting new connection thread
(vm13:r0) Maximum number of connections reached (5), waiting for a thread to finish
(vm13:r0:1) Connection established
(vm13:r0:2) Connection established
(vm13:r0:4) Connection established
(vm13:r0:3) Connection established
(vm13:r0:0) Connection established
(vm13:r0:3) Connection finished, received 2271718240 bytes
(vm13:r0:1) Connection finished, received 2271718240 bytes
(vm13:r0:2) Connection finished, received 2271718240 bytes
(vm13:r0:4) Connection finished, received 2271718240 bytes
(vm13:r0:0) Connection finished, received 2271718240 bytes
(vm13:r0) thread 0 joined, 21 connections remaining
(vm13:r0) Starting new connection thread
(vm13:r0) Maximum number of connections reached (5), waiting for a thread to finish
(vm13:r0:0) Connection established
(vm13:r0:0) Connection finished, received 2271718240 bytes
(vm13:r0) thread 0 joined, 20 connections remaining
(vm13:r0) Starting new connection thread
(vm13:r0) Maximum number of connections reached (5), waiting for a thread to finish
(vm13:r0:0) Connection established
(vm13:m0) Got connection from reducer vm1:r0
(vm13:m0:0) thread started, have to send 2271718239 bytes
(vm13:m0:0) all data sent, thread exiting
(vm13:r0:0) Connection finished, received 2271718240 bytes
(vm13:r0) thread 0 joined, 19 connections remaining
(vm13:r0) Starting new connection thread
(vm13:r0) Maximum number of connections reached (5), waiting for a thread to finish
(vm13:r0:0) Connection established
(vm13:m0) Got connection from reducer vm6:r0
(vm13:m0:5) thread started, have to send 2271718239 bytes
(vm13:m0:5) all data sent, thread exiting
(vm13:r0:0) Connection finished, received 2271718240 bytes
(vm13:r0) thread 0 joined, 18 connections remaining
(vm13:r0) Starting new connection thread
(vm13:r0) Maximum number of connections reached (5), waiting for a thread to finish
(vm13:r0:0) Connection established
(vm13:m0) Got connection from reducer vm7:r0
(vm13:m0:6) thread started, have to send 2271718239 bytes
(vm13:m0:6) all data sent, thread exiting
(vm13:m0) Got connection from reducer vm8:r0
(vm13:m0:7) thread started, have to send 2271718239 bytes
(vm13:r0:0) Connection finished, received 2271718240 bytes
(vm13:r0) thread 0 joined, 17 connections remaining
(vm13:r0) Starting new connection thread
(vm13:r0) Maximum number of connections reached (5), waiting for a thread to finish
(vm13:r0:0) Connection established
(vm13:m0:7) all data sent, thread exiting
(vm13:m0) Got connection from reducer vm20:r0
(vm13:m0:19) thread started, have to send 2271718239 bytes
(vm13:m0:19) all data sent, thread exiting
(vm13:m0) Got connection from reducer vm19:r0
(vm13:m0:18) thread started, have to send 2271718239 bytes
(vm13:m0) Got connection from reducer vm11:r0
(vm13:m0:10) thread started, have to send 2271718239 bytes
(vm13:m0:18) all data sent, thread exiting
(vm13:r0:0) Connection finished, received 2271718240 bytes
(vm13:r0) thread 0 joined, 16 connections remaining
(vm13:r0) Starting new connection thread
(vm13:r0) Maximum number of connections reached (5), waiting for a thread to finish
(vm13:r0:0) Connection established
(vm13:m0) Got connection from reducer vm21:r0
(vm13:m0:20) thread started, have to send 2271718239 bytes
(vm13:m0) Got connection from reducer vm9:r0
(vm13:m0:8) thread started, have to send 2271718239 bytes
(vm13:m0:20) all data sent, thread exiting
(vm13:m0:8) all data sent, thread exiting
(vm13:m0) Got connection from reducer vm14:r0
(vm13:m0:13) thread started, have to send 2271718239 bytes
(vm13:m0:10) all data sent, thread exiting
(vm13:m0:13) all data sent, thread exiting
(vm13:r0:0) Connection finished, received 2271718240 bytes
(vm13:r0) thread 0 joined, 15 connections remaining
(vm13:r0) Starting new connection thread
(vm13:r0) Maximum number of connections reached (5), waiting for a thread to finish
(vm13:r0:0) Connection established
(vm13:m0) Got connection from reducer vm12:r0
(vm13:m0:11) thread started, have to send 2271718239 bytes
(vm13:m0) Got connection from reducer vm10:r0
(vm13:m0:9) thread started, have to send 2271718239 bytes
(vm13:m0) Got connection from reducer vm18:r0
(vm13:m0:17) thread started, have to send 2271718239 bytes
(vm13:m0) Got connection from reducer vm22:r0
(vm13:m0:21) thread started, have to send 2271718239 bytes
(vm13:m0) Got connection from reducer vm5:r0
(vm13:m0:4) thread started, have to send 2271718239 bytes
(vm13:m0) Got connection from reducer vm17:r0
(vm13:m0:16) thread started, have to send 2271718239 bytes
(vm13:m0) Got connection from reducer vm2:r0
(vm13:m0:1) thread started, have to send 2271718239 bytes
(vm13:r0:0) Connection finished, received 2271718240 bytes
(vm13:r0) thread 0 joined, 14 connections remaining
(vm13:r0) Starting new connection thread
(vm13:r0) Maximum number of connections reached (5), waiting for a thread to finish
(vm13:r0:0) Connection established
(vm13:m0) Got connection from reducer vm13:r0
(vm13:m0:12) thread started, have to send 2271718239 bytes
(vm13:m0) Got connection from reducer vm16:r0
(vm13:m0:15) thread started, have to send 2271718239 bytes
(vm13:m0) Got connection from reducer vm3:r0
(vm13:m0) Got connection from reducer vm15:r0
(vm13:m0:2) thread started, have to send 2271718239 bytes
(vm13:m0:14) thread started, have to send 2271718239 bytes
(vm13:m0) Got connection from reducer vm4:r0
(vm13:m0) Waiting for a thread to finish
(vm13:m0) thread 0 joined, 21 connections remaining
(vm13:m0) Waiting for a thread to finish
(vm13:m0:3) thread started, have to send 2271718239 bytes
(vm13:m0:9) all data sent, thread exiting
(vm13:m0:12) all data sent, thread exiting
(vm13:r0:0) Connection finished, received 2271718240 bytes
(vm13:r0) thread 0 joined, 13 connections remaining
(vm13:r0) Starting new connection thread
(vm13:r0) Maximum number of connections reached (5), waiting for a thread to finish
(vm13:r0:0) Connection established
(vm13:m0:11) all data sent, thread exiting
(vm13:m0:17) all data sent, thread exiting
(vm13:m0:21) all data sent, thread exiting
(vm13:m0:16) all data sent, thread exiting
(vm13:m0:4) all data sent, thread exiting
(vm13:m0:14) all data sent, thread exiting
(vm13:m0:1) all data sent, thread exiting
(vm13:m0) thread 1 joined, 20 connections remaining
(vm13:m0) Waiting for a thread to finish
(vm13:m0:15) all data sent, thread exiting
(vm13:m0:3) all data sent, thread exiting
(vm13:m0:2) all data sent, thread exiting
(vm13:m0) thread 2 joined, 19 connections remaining
(vm13:m0) Waiting for a thread to finish
(vm13:m0) thread 3 joined, 18 connections remaining
(vm13:m0) Waiting for a thread to finish
(vm13:m0) thread 4 joined, 17 connections remaining
(vm13:m0) Waiting for a thread to finish
(vm13:m0) thread 5 joined, 16 connections remaining
(vm13:m0) Waiting for a thread to finish
(vm13:m0) thread 6 joined, 15 connections remaining
(vm13:m0) Waiting for a thread to finish
(vm13:m0) thread 7 joined, 14 connections remaining
(vm13:m0) Waiting for a thread to finish
(vm13:m0) thread 8 joined, 13 connections remaining
(vm13:m0) Waiting for a thread to finish
(vm13:m0) thread 9 joined, 12 connections remaining
(vm13:m0) Waiting for a thread to finish
(vm13:m0) thread 10 joined, 11 connections remaining
(vm13:m0) Waiting for a thread to finish
(vm13:m0) thread 11 joined, 10 connections remaining
(vm13:m0) Waiting for a thread to finish
(vm13:m0) thread 12 joined, 9 connections remaining
(vm13:m0) Waiting for a thread to finish
(vm13:m0) thread 13 joined, 8 connections remaining
(vm13:m0) Waiting for a thread to finish
(vm13:m0) thread 14 joined, 7 connections remaining
(vm13:m0) Waiting for a thread to finish
(vm13:m0) thread 15 joined, 6 connections remaining
(vm13:m0) Waiting for a thread to finish
(vm13:m0) thread 16 joined, 5 connections remaining
(vm13:m0) Waiting for a thread to finish
(vm13:m0) thread 17 joined, 4 connections remaining
(vm13:m0) Waiting for a thread to finish
(vm13:m0) thread 18 joined, 3 connections remaining
(vm13:m0) Waiting for a thread to finish
(vm13:m0) thread 19 joined, 2 connections remaining
(vm13:m0) Waiting for a thread to finish
(vm13:m0) thread 20 joined, 1 connections remaining
(vm13:m0) Waiting for a thread to finish
(vm13:m0) thread 21 joined, 0 connections remaining
(vm13:m0) all done, exiting
*RES* start node vm13:m0
*RES* vm13:m0:0,1404292152708,4169,1739,2271718240
*RES* vm13:m0:1,1404292334242,20789,1659,2271718240
*RES* vm13:m0:2,1404292334369,20958,1713,2271718240
*RES* vm13:m0:3,1404292334391,20870,1690,2271718240
*RES* vm13:m0:4,1404292334037,20729,1652,2271718240
*RES* vm13:m0:5,1404292187276,4603,2136,2271718240
*RES* vm13:m0:6,1404292233620,4420,1827,2271718240
*RES* vm13:m0:7,1404292245472,4133,1381,2271718240
*RES* vm13:m0:8,1404292281512,5616,1759,2271718240
*RES* vm13:m0:9,1404292328680,5673,1775,2271718240
*RES* vm13:m0:10,1404292276120,23789,1547,2271718240
*RES* vm13:m0:11,1404292325636,21216,1656,2271718240
*RES* vm13:m0:12,1404292334300,9056,643,2271718240
*RES* vm13:m0:13,1404292296613,4618,1861,2271718240
*RES* vm13:m0:14,1404292334369,20549,1630,2271718240
*RES* vm13:m0:15,1404292334330,20778,1661,2271718240
*RES* vm13:m0:16,1404292334149,20506,1625,2271718240
*RES* vm13:m0:17,1404292331827,17876,1767,2271718240
*RES* vm13:m0:18,1404292270732,6135,1604,2271718240
*RES* vm13:m0:19,1404292259684,4011,1656,2271718240
*RES* vm13:m0:20,1404292279272,5340,1830,2271718240
*RES* vm13:m0:21,1404292333894,20432,1625,2271718240
*RES* end node vm13:m0
Node vm13:m0 joined
(vm13:r0:0) Connection finished, received 2271718240 bytes
(vm13:r0) thread 0 joined, 12 connections remaining
(vm13:r0) Starting new connection thread
(vm13:r0) Maximum number of connections reached (5), waiting for a thread to finish
(vm13:r0:0) Connection established
(vm13:r0:0) Connection finished, received 2271718240 bytes
(vm13:r0) thread 0 joined, 11 connections remaining
(vm13:r0) Starting new connection thread
(vm13:r0) Maximum number of connections reached (5), waiting for a thread to finish
(vm13:r0:0) Connection established
(vm13:r0:0) Connection finished, received 2271718240 bytes
(vm13:r0) thread 0 joined, 10 connections remaining
(vm13:r0) Starting new connection thread
(vm13:r0) Maximum number of connections reached (5), waiting for a thread to finish
(vm13:r0:0) Connection established
(vm13:r0:0) Connection finished, received 2271718240 bytes
(vm13:r0) thread 0 joined, 9 connections remaining
(vm13:r0) Starting new connection thread
(vm13:r0) Maximum number of connections reached (5), waiting for a thread to finish
(vm13:r0:0) Connection established
(vm13:r0:0) Connection finished, received 2271718240 bytes
(vm13:r0) thread 0 joined, 8 connections remaining
(vm13:r0) Starting new connection thread
(vm13:r0) Maximum number of connections reached (5), waiting for a thread to finish
(vm13:r0:0) Connection established
(vm13:r0:0) Connection finished, received 2271718240 bytes
(vm13:r0) thread 0 joined, 7 connections remaining
(vm13:r0) Starting new connection thread
(vm13:r0) Maximum number of connections reached (5), waiting for a thread to finish
(vm13:r0:0) Connection established
(vm13:r0:0) Connection finished, received 2271718240 bytes
(vm13:r0) thread 0 joined, 6 connections remaining
(vm13:r0) Starting new connection thread
(vm13:r0) Maximum number of connections reached (5), waiting for a thread to finish
(vm13:r0:0) Connection established
(vm13:r0:0) Connection finished, received 2271718240 bytes
(vm13:r0) thread 0 joined, 5 connections remaining
(vm13:r0) Starting new connection thread
(vm13:r0) Maximum number of connections reached (5), waiting for a thread to finish
(vm13:r0:0) Connection established
(vm13:r0:0) Connection finished, received 2271718240 bytes
(vm13:r0) thread 0 joined, 4 connections remaining
(vm13:r0) Maximum number of connections reached (4), waiting for a thread to finish
(vm13:r0) thread 1 joined, 3 connections remaining
(vm13:r0) Maximum number of connections reached (3), waiting for a thread to finish
(vm13:r0) thread 2 joined, 2 connections remaining
(vm13:r0) Maximum number of connections reached (2), waiting for a thread to finish
(vm13:r0) thread 3 joined, 1 connections remaining
(vm13:r0) Maximum number of connections reached (1), waiting for a thread to finish
(vm13:r0) thread 4 joined, 0 connections remaining
(vm13:r0) all done, exiting
*RES* start node vm13:r0
*RES* vm13:r0:0,1404292044344,51291,2163,2271718240
*RES* vm13:r0:0,1404292095640,42995,2021,2271718240
*RES* vm13:r0:0,1404292138640,35009,1890,2271718240
*RES* vm13:r0:0,1404292173656,41184,1963,2271718240
*RES* vm13:r0:0,1404292214848,32423,1914,2271718240
*RES* vm13:r0:0,1404292247280,29747,1926,2271718240
*RES* vm13:r0:0,1404292277032,30114,1885,2271718240
*RES* vm13:r0:0,1404292307152,27119,1918,2271718240
*RES* vm13:r0:0,1404292334294,9064,647,2271718240
*RES* vm13:r0:0,1404292343412,14925,1420,2271718240
*RES* vm13:r0:0,1404292358344,3887,1696,2271718240
*RES* vm13:r0:0,1404292362236,4234,1775,2271718240
*RES* vm13:r0:0,1404292366476,5717,1540,2271718240
*RES* vm13:r0:0,1404292372200,6683,1654,2271718240
*RES* vm13:r0:0,1404292378888,3820,1874,2271718240
*RES* vm13:r0:0,1404292382712,3688,1815,2271718240
*RES* vm13:r0:0,1404292386404,3146,1549,2271718240
*RES* vm13:r0:0,1404292389556,4169,1452,2271718240
*RES* vm13:r0:1,1404292044344,43108,2081,2271718240
*RES* vm13:r0:2,1404292044344,46735,2128,2271718240
*RES* vm13:r0:3,1404292044344,40604,2064,2271718240
*RES* vm13:r0:4,1404292044344,49769,2142,2271718240
*RES* end node vm13:r0
Node vm13:r0 joined
Worker terminating correctly
