OSMeF worker starting
Enabling core dumping
Listening for command connection
(vm15:m0) New mapper on port 23330
(vm15:m0) -> reducer data size 803149472
(vm15:m0) -> reducer data size 803149472
(vm15:m0) -> reducer data size 803149472
(vm15:m0) -> reducer data size 803149472
(vm15:m0) -> reducer data size 803149472
(vm15:m0) -> reducer data size 803149472
(vm15:m0) -> reducer data size 803149472
(vm15:m0) -> reducer data size 803149472
(vm15:m0) -> reducer data size 803149472
(vm15:m0) -> reducer data size 803149472
(vm15:m0) -> reducer data size 803149472
(vm15:m0) -> reducer data size 803149472
(vm15:m0) -> reducer data size 803149472
(vm15:m0) -> reducer data size 803149472
(vm15:m0) -> reducer data size 803149472
(vm15:m0) -> reducer data size 803149472
(vm15:m0) -> reducer data size 803149472
(vm15:m0) -> reducer data size 803149472
(vm15:m0) -> reducer data size 803149472
(vm15:m0) -> reducer data size 803149472
(vm15:m0) -> reducer data size 803149472
(vm15:m0) -> reducer data size 803149472
(vm15:m0) -> reducer data size 803149472
(vm15:m0) -> reducer data size 803149472
(vm15:m0) -> reducer data size 803149472
(vm15:m0) -> reducer data size 803149472
(vm15:m0) -> reducer data size 803149472
(vm15:m0) -> reducer data size 803149472
(vm15:m0) -> reducer data size 803149472
(vm15:m0) -> reducer data size 803149472
(vm15:m0) -> reducer data size 803149472
(vm15:m0) -> reducer data size 803149472
(vm15:m0) -> reducer data size 803149472
(vm15:m0) -> reducer data size 803149472
(vm15:m0) -> reducer data size 803149472
(vm15:m0) -> reducer data size 803149472
(vm15:m0) -> reducer data size 803149472
(vm15:m0) Mapper thread started
(vm15:m0) Allocating data for reducer vm1:r0
(vm15:m0) Allocating data for reducer vm2:r0
(vm15:m0) Allocating data for reducer vm3:r0
(vm15:m0) Allocating data for reducer vm4:r0
(vm15:m0) Allocating data for reducer vm5:r0
(vm15:m0) Allocating data for reducer vm6:r0
(vm15:m0) Allocating data for reducer vm7:r0
(vm15:m0) Allocating data for reducer vm8:r0
(vm15:m0) Allocating data for reducer vm9:r0
(vm15:m0) Allocating data for reducer vm10:r0
(vm15:m0) Allocating data for reducer vm11:r0
(vm15:m0) Allocating data for reducer vm12:r0
(vm15:m0) Allocating data for reducer vm13:r0
(vm15:m0) Allocating data for reducer vm14:r0
(vm15:m0) Allocating data for reducer vm15:r0
(vm15:m0) Allocating data for reducer vm16:r0
(vm15:m0) Allocating data for reducer vm17:r0
(vm15:m0) Allocating data for reducer vm18:r0
(vm15:m0) Allocating data for reducer vm19:r0
(vm15:m0) Allocating data for reducer vm20:r0
(vm15:m0) Allocating data for reducer vm21:r0
(vm15:m0) Allocating data for reducer vm22:r0
(vm15:m0) Allocating data for reducer vm23:r0
(vm15:m0) Allocating data for reducer vm24:r0
(vm15:m0) Allocating data for reducer vm25:r0
(vm15:m0) Allocating data for reducer vm26:r0
(vm15:m0) Allocating data for reducer vm27:r0
(vm15:m0) Allocating data for reducer vm28:r0
(vm15:m0) Allocating data for reducer vm29:r0
(vm15:m0) Allocating data for reducer vm30:r0
(vm15:m0) Allocating data for reducer vm31:r0
(vm15:m0) Allocating data for reducer vm32:r0
(vm15:m0) Allocating data for reducer vm33:r0
(vm15:m0) Allocating data for reducer vm34:r0
(vm15:m0) Allocating data for reducer vm35:r0
(vm15:m0) Allocating data for reducer vm36:r0
(vm15:m0) Allocating data for reducer vm37:r0
(vm15:m0) Binding to port 23330
(vm15:r0) New reducer
(vm15:r0) Reducer thread started
(vm15:r0) waiting for START message
(vm15:r0) got START message
(vm15:r0) Starting new connection thread
(vm15:r0) Starting new connection thread
(vm15:r0) Starting new connection thread
(vm15:r0) Starting new connection thread
(vm15:r0) Starting new connection thread
(vm15:r0) Maximum number of connections reached (5), waiting for a thread to finish
(vm15:r0:2) Connection established
(vm15:r0:1) Connection established
(vm15:r0:3) Connection established
(vm15:r0:0) Connection established
(vm15:r0:4) Connection established
(vm15:r0:2) Connection finished, received 803149473 bytes
(vm15:r0:1) Connection finished, received 803149473 bytes
(vm15:r0:0) Connection finished, received 803149473 bytes
(vm15:r0) thread 0 joined, 36 connections remaining
(vm15:r0) Starting new connection thread
(vm15:r0) Maximum number of connections reached (5), waiting for a thread to finish
(vm15:r0:0) Connection established
(vm15:r0:3) Connection finished, received 803149473 bytes
(vm15:r0:4) Connection finished, received 803149473 bytes
(vm15:r0:0) Connection finished, received 803149473 bytes
(vm15:r0) thread 0 joined, 35 connections remaining
(vm15:r0) Starting new connection thread
(vm15:r0) Maximum number of connections reached (5), waiting for a thread to finish
(vm15:r0:0) Connection established
(vm15:r0:0) Connection finished, received 803149473 bytes
(vm15:r0) thread 0 joined, 34 connections remaining
(vm15:r0) Starting new connection thread
(vm15:r0) Maximum number of connections reached (5), waiting for a thread to finish
(vm15:r0:0) Connection established
(vm15:r0:0) Connection finished, received 803149473 bytes
(vm15:r0) thread 0 joined, 33 connections remaining
(vm15:r0) Starting new connection thread
(vm15:r0) Maximum number of connections reached (5), waiting for a thread to finish
(vm15:r0:0) Connection established
(vm15:m0) Got connection from reducer vm1:r0
(vm15:m0:0) thread started, have to send 803149472 bytes
(vm15:m0) Got connection from reducer vm12:r0
(vm15:m0:11) thread started, have to send 803149472 bytes
(vm15:m0:0) all data sent, thread exiting
(vm15:r0:0) Connection finished, received 803149473 bytes
(vm15:r0) thread 0 joined, 32 connections remaining
(vm15:r0) Starting new connection thread
(vm15:r0) Maximum number of connections reached (5), waiting for a thread to finish
(vm15:r0:0) Connection established
(vm15:m0:11) all data sent, thread exiting
(vm15:r0:0) Connection finished, received 803149473 bytes
(vm15:r0) thread 0 joined, 31 connections remaining
(vm15:r0) Starting new connection thread
(vm15:r0) Maximum number of connections reached (5), waiting for a thread to finish
(vm15:r0:0) Connection established
(vm15:m0) Got connection from reducer vm36:r0
(vm15:m0:35) thread started, have to send 803149472 bytes
(vm15:r0:0) Connection finished, received 803149473 bytes
(vm15:r0) thread 0 joined, 30 connections remaining
(vm15:r0) Starting new connection thread
(vm15:r0) Maximum number of connections reached (5), waiting for a thread to finish
(vm15:r0:0) Connection established
(vm15:m0) Got connection from reducer vm17:r0
(vm15:m0:16) thread started, have to send 803149472 bytes
(vm15:m0:35) all data sent, thread exiting
(vm15:r0:0) Connection finished, received 803149473 bytes
(vm15:r0) thread 0 joined, 29 connections remaining
(vm15:r0) Starting new connection thread
(vm15:r0) Maximum number of connections reached (5), waiting for a thread to finish
(vm15:r0:0) Connection established
(vm15:m0:16) all data sent, thread exiting
(vm15:m0) Got connection from reducer vm35:r0
(vm15:m0:34) thread started, have to send 803149472 bytes
(vm15:m0) Got connection from reducer vm31:r0
(vm15:m0:30) thread started, have to send 803149472 bytes
(vm15:m0:34) all data sent, thread exiting
(vm15:m0:30) all data sent, thread exiting
(vm15:r0:0) Connection finished, received 803149473 bytes
(vm15:r0) thread 0 joined, 28 connections remaining
(vm15:r0) Starting new connection thread
(vm15:r0) Maximum number of connections reached (5), waiting for a thread to finish
(vm15:r0:0) Connection established
(vm15:m0) Got connection from reducer vm18:r0
(vm15:m0:17) thread started, have to send 803149472 bytes
(vm15:r0:0) Connection finished, received 803149473 bytes
(vm15:r0) thread 0 joined, 27 connections remaining
(vm15:r0) Starting new connection thread
(vm15:r0) Maximum number of connections reached (5), waiting for a thread to finish
(vm15:r0:0) Connection established
(vm15:m0) Got connection from reducer vm15:r0
(vm15:m0:14) thread started, have to send 803149472 bytes
(vm15:m0) Got connection from reducer vm6:r0
(vm15:m0:5) thread started, have to send 803149472 bytes
(vm15:m0) Got connection from reducer vm21:r0
(vm15:m0:20) thread started, have to send 803149472 bytes
(vm15:m0:14) all data sent, thread exiting
(vm15:r0:0) Connection finished, received 803149473 bytes
(vm15:r0) thread 0 joined, 26 connections remaining
(vm15:r0) Starting new connection thread
(vm15:r0) Maximum number of connections reached (5), waiting for a thread to finish
(vm15:r0:0) Connection established
(vm15:m0) Got connection from reducer vm22:r0
(vm15:m0:21) thread started, have to send 803149472 bytes
(vm15:m0:17) all data sent, thread exiting
(vm15:m0:5) all data sent, thread exiting
(vm15:m0:20) all data sent, thread exiting
(vm15:r0:0) Connection finished, received 803149473 bytes
(vm15:r0) thread 0 joined, 25 connections remaining
(vm15:r0) Starting new connection thread
(vm15:r0) Maximum number of connections reached (5), waiting for a thread to finish
(vm15:r0:0) Connection established
(vm15:m0:21) all data sent, thread exiting
(vm15:m0) Got connection from reducer vm34:r0
(vm15:m0:33) thread started, have to send 803149472 bytes
(vm15:r0:0) Connection finished, received 803149473 bytes
(vm15:r0) thread 0 joined, 24 connections remaining
(vm15:r0) Starting new connection thread
(vm15:r0) Maximum number of connections reached (5), waiting for a thread to finish
(vm15:r0:0) Connection established
(vm15:m0) Got connection from reducer vm32:r0
(vm15:m0:31) thread started, have to send 803149472 bytes
(vm15:m0:33) all data sent, thread exiting
(vm15:r0:0) Connection finished, received 803149473 bytes
(vm15:r0) thread 0 joined, 23 connections remaining
(vm15:r0) Starting new connection thread
(vm15:r0) Maximum number of connections reached (5), waiting for a thread to finish
(vm15:r0:0) Connection established
(vm15:m0) Got connection from reducer vm20:r0
(vm15:m0:19) thread started, have to send 803149472 bytes
(vm15:m0:31) all data sent, thread exiting
(vm15:r0:0) Connection finished, received 803149473 bytes
(vm15:r0) thread 0 joined, 22 connections remaining
(vm15:r0) Starting new connection thread
(vm15:r0) Maximum number of connections reached (5), waiting for a thread to finish
(vm15:r0:0) Connection established
(vm15:m0:19) all data sent, thread exiting
(vm15:m0) Got connection from reducer vm11:r0
(vm15:m0:10) thread started, have to send 803149472 bytes
(vm15:r0:0) Connection finished, received 803149473 bytes
(vm15:r0) thread 0 joined, 21 connections remaining
(vm15:r0) Starting new connection thread
(vm15:r0) Maximum number of connections reached (5), waiting for a thread to finish
(vm15:r0:0) Connection established
(vm15:m0:10) all data sent, thread exiting
(vm15:m0) Got connection from reducer vm26:r0
(vm15:m0:25) thread started, have to send 803149472 bytes
(vm15:r0:0) Connection finished, received 803149473 bytes
(vm15:r0) thread 0 joined, 20 connections remaining
(vm15:r0) Starting new connection thread
(vm15:r0) Maximum number of connections reached (5), waiting for a thread to finish
(vm15:r0:0) Connection established
(vm15:m0) Got connection from reducer vm16:r0
(vm15:m0:15) thread started, have to send 803149472 bytes
(vm15:m0:25) all data sent, thread exiting
(vm15:r0:0) Connection finished, received 803149473 bytes
(vm15:r0) thread 0 joined, 19 connections remaining
(vm15:r0) Starting new connection thread
(vm15:r0) Maximum number of connections reached (5), waiting for a thread to finish
(vm15:r0:0) Connection established
(vm15:m0:15) all data sent, thread exiting
(vm15:m0) Got connection from reducer vm7:r0
(vm15:m0:6) thread started, have to send 803149472 bytes
(vm15:m0) Got connection from reducer vm8:r0
(vm15:m0:7) thread started, have to send 803149472 bytes
(vm15:r0:0) Connection finished, received 803149473 bytes
(vm15:r0) thread 0 joined, 18 connections remaining
(vm15:r0) Starting new connection thread
(vm15:r0) Maximum number of connections reached (5), waiting for a thread to finish
(vm15:r0:0) Connection established
(vm15:m0) Got connection from reducer vm30:r0
(vm15:m0:29) thread started, have to send 803149472 bytes
(vm15:m0) Got connection from reducer vm28:r0
(vm15:m0:27) thread started, have to send 803149472 bytes
(vm15:m0:6) all data sent, thread exiting
(vm15:m0:7) all data sent, thread exiting
(vm15:m0:29) all data sent, thread exiting
(vm15:r0:0) Connection finished, received 803149473 bytes
(vm15:r0) thread 0 joined, 17 connections remaining
(vm15:r0) Starting new connection thread
(vm15:r0) Maximum number of connections reached (5), waiting for a thread to finish
(vm15:r0:0) Connection established
(vm15:m0) Got connection from reducer vm23:r0
(vm15:m0:22) thread started, have to send 803149472 bytes
(vm15:m0) Got connection from reducer vm9:r0
(vm15:m0:8) thread started, have to send 803149472 bytes
(vm15:m0:27) all data sent, thread exiting
(vm15:m0) Got connection from reducer vm25:r0
(vm15:m0:24) thread started, have to send 803149472 bytes
(vm15:r0:0) Connection finished, received 803149473 bytes
(vm15:r0) thread 0 joined, 16 connections remaining
(vm15:r0) Starting new connection thread
(vm15:r0) Maximum number of connections reached (5), waiting for a thread to finish
(vm15:r0:0) Connection established
(vm15:m0:22) all data sent, thread exiting
(vm15:m0:8) all data sent, thread exiting
(vm15:m0) Got connection from reducer vm27:r0
(vm15:m0:26) thread started, have to send 803149472 bytes
(vm15:m0) Got connection from reducer vm37:r0
(vm15:m0:36) thread started, have to send 803149472 bytes
(vm15:m0:24) all data sent, thread exiting
(vm15:r0:0) Connection finished, received 803149473 bytes
(vm15:r0) thread 0 joined, 15 connections remaining
(vm15:r0) Starting new connection thread
(vm15:r0) Maximum number of connections reached (5), waiting for a thread to finish
(vm15:r0:0) Connection established
(vm15:m0) Got connection from reducer vm10:r0
(vm15:m0:9) thread started, have to send 803149472 bytes
(vm15:m0:26) all data sent, thread exiting
(vm15:m0:36) all data sent, thread exiting
(vm15:m0:9) all data sent, thread exiting
(vm15:r0:0) Connection finished, received 803149473 bytes
(vm15:r0) thread 0 joined, 14 connections remaining
(vm15:r0) Starting new connection thread
(vm15:r0) Maximum number of connections reached (5), waiting for a thread to finish
(vm15:r0:0) Connection established
(vm15:m0) Got connection from reducer vm14:r0
(vm15:m0:13) thread started, have to send 803149472 bytes
(vm15:m0) Got connection from reducer vm3:r0
(vm15:m0:2) thread started, have to send 803149472 bytes
(vm15:r0:0) Connection finished, received 803149473 bytes
(vm15:r0) thread 0 joined, 13 connections remaining
(vm15:r0) Starting new connection thread
(vm15:r0) Maximum number of connections reached (5), waiting for a thread to finish
(vm15:r0:0) Connection established
(vm15:m0:13) all data sent, thread exiting
(vm15:m0:2) all data sent, thread exiting
(vm15:m0) Got connection from reducer vm33:r0
(vm15:m0:32) thread started, have to send 803149472 bytes
(vm15:r0:0) Connection finished, received 803149473 bytes
(vm15:r0) thread 0 joined, 12 connections remaining
(vm15:r0) Starting new connection thread
(vm15:r0) Maximum number of connections reached (5), waiting for a thread to finish
(vm15:r0:0) Connection established
(vm15:m0:32) all data sent, thread exiting
(vm15:m0) Got connection from reducer vm5:r0
(vm15:m0:4) thread started, have to send 803149472 bytes
(vm15:r0:0) Connection finished, received 803149473 bytes
(vm15:r0) thread 0 joined, 11 connections remaining
(vm15:r0) Starting new connection thread
(vm15:r0) Maximum number of connections reached (5), waiting for a thread to finish
(vm15:r0:0) Connection established
(vm15:m0) Got connection from reducer vm13:r0
(vm15:m0:12) thread started, have to send 803149472 bytes
(vm15:m0) Got connection from reducer vm24:r0
(vm15:m0:23) thread started, have to send 803149472 bytes
(vm15:m0:4) all data sent, thread exiting
(vm15:m0) Got connection from reducer vm19:r0
(vm15:m0:18) thread started, have to send 803149472 bytes
(vm15:r0:0) Connection finished, received 803149473 bytes
(vm15:r0) thread 0 joined, 10 connections remaining
(vm15:r0) Starting new connection thread
(vm15:r0) Maximum number of connections reached (5), waiting for a thread to finish
(vm15:r0:0) Connection established
(vm15:m0) Got connection from reducer vm4:r0
(vm15:m0:3) thread started, have to send 803149472 bytes
(vm15:m0) Got connection from reducer vm2:r0
(vm15:m0:1) thread started, have to send 803149472 bytes
(vm15:m0) Got connection from reducer vm29:r0
(vm15:m0) Waiting for a thread to finish
(vm15:m0) thread 0 joined, 36 connections remaining
(vm15:m0) Waiting for a thread to finish
(vm15:m0:28) thread started, have to send 803149472 bytes
(vm15:m0:23) all data sent, thread exiting
(vm15:m0:12) all data sent, thread exiting
(vm15:m0:18) all data sent, thread exiting
(vm15:m0:3) all data sent, thread exiting
(vm15:r0:0) Connection finished, received 803149473 bytes
(vm15:r0) thread 0 joined, 9 connections remaining
(vm15:r0) Starting new connection thread
(vm15:r0) Maximum number of connections reached (5), waiting for a thread to finish
(vm15:r0:0) Connection established
(vm15:m0:1) all data sent, thread exiting
(vm15:m0) thread 1 joined, 35 connections remaining
(vm15:m0) Waiting for a thread to finish
(vm15:m0) thread 2 joined, 34 connections remaining
(vm15:m0) Waiting for a thread to finish
(vm15:m0) thread 3 joined, 33 connections remaining
(vm15:m0) Waiting for a thread to finish
(vm15:m0) thread 4 joined, 32 connections remaining
(vm15:m0) Waiting for a thread to finish
(vm15:m0) thread 5 joined, 31 connections remaining
(vm15:m0) Waiting for a thread to finish
(vm15:m0) thread 6 joined, 30 connections remaining
(vm15:m0) Waiting for a thread to finish
(vm15:m0) thread 7 joined, 29 connections remaining
(vm15:m0) Waiting for a thread to finish
(vm15:m0) thread 8 joined, 28 connections remaining
(vm15:m0) Waiting for a thread to finish
(vm15:m0) thread 9 joined, 27 connections remaining
(vm15:m0) Waiting for a thread to finish
(vm15:m0) thread 10 joined, 26 connections remaining
(vm15:m0) Waiting for a thread to finish
(vm15:m0) thread 11 joined, 25 connections remaining
(vm15:m0) Waiting for a thread to finish
(vm15:m0) thread 12 joined, 24 connections remaining
(vm15:m0) Waiting for a thread to finish
(vm15:m0) thread 13 joined, 23 connections remaining
(vm15:m0) Waiting for a thread to finish
(vm15:m0) thread 14 joined, 22 connections remaining
(vm15:m0) Waiting for a thread to finish
(vm15:m0) thread 15 joined, 21 connections remaining
(vm15:m0) Waiting for a thread to finish
(vm15:m0) thread 16 joined, 20 connections remaining
(vm15:m0) Waiting for a thread to finish
(vm15:m0) thread 17 joined, 19 connections remaining
(vm15:m0) Waiting for a thread to finish
(vm15:m0) thread 18 joined, 18 connections remaining
(vm15:m0) Waiting for a thread to finish
(vm15:m0) thread 19 joined, 17 connections remaining
(vm15:m0) Waiting for a thread to finish
(vm15:m0) thread 20 joined, 16 connections remaining
(vm15:m0) Waiting for a thread to finish
(vm15:m0) thread 21 joined, 15 connections remaining
(vm15:m0) Waiting for a thread to finish
(vm15:m0) thread 22 joined, 14 connections remaining
(vm15:m0) Waiting for a thread to finish
(vm15:m0) thread 23 joined, 13 connections remaining
(vm15:m0) Waiting for a thread to finish
(vm15:m0) thread 24 joined, 12 connections remaining
(vm15:m0) Waiting for a thread to finish
(vm15:m0) thread 25 joined, 11 connections remaining
(vm15:m0) Waiting for a thread to finish
(vm15:m0) thread 26 joined, 10 connections remaining
(vm15:m0) Waiting for a thread to finish
(vm15:m0) thread 27 joined, 9 connections remaining
(vm15:m0) Waiting for a thread to finish
(vm15:m0:28) all data sent, thread exiting
(vm15:m0) thread 28 joined, 8 connections remaining
(vm15:m0) Waiting for a thread to finish
(vm15:m0) thread 29 joined, 7 connections remaining
(vm15:m0) Waiting for a thread to finish
(vm15:m0) thread 30 joined, 6 connections remaining
(vm15:m0) Waiting for a thread to finish
(vm15:m0) thread 31 joined, 5 connections remaining
(vm15:m0) Waiting for a thread to finish
(vm15:m0) thread 32 joined, 4 connections remaining
(vm15:m0) Waiting for a thread to finish
(vm15:m0) thread 33 joined, 3 connections remaining
(vm15:m0) Waiting for a thread to finish
(vm15:m0) thread 34 joined, 2 connections remaining
(vm15:m0) Waiting for a thread to finish
(vm15:m0) thread 35 joined, 1 connections remaining
(vm15:m0) Waiting for a thread to finish
(vm15:m0) thread 36 joined, 0 connections remaining
(vm15:m0) all done, exiting
*RES* start node vm15:m0
*RES* vm15:m0:0,1405717357601,4793,1518,803149473
*RES* vm15:m0:1,1405717526591,9519,1230,803149473
*RES* vm15:m0:2,1405717498171,6513,1353,803149473
*RES* vm15:m0:3,1405717525911,9373,1260,803149473
*RES* vm15:m0:4,1405717513974,6301,1699,803149473
*RES* vm15:m0:5,1405717402008,9375,1651,803149473
*RES* vm15:m0:6,1405717460726,8391,1409,803149473
*RES* vm15:m0:7,1405717462070,9622,1345,803149473
*RES* vm15:m0:8,1405717473295,7631,1600,803149473
*RES* vm15:m0:9,1405717487762,6763,1353,803149473
*RES* vm15:m0:10,1405717435080,8174,1014,803149473
*RES* vm15:m0:11,1405717360815,6296,961,803149473
*RES* vm15:m0:12,1405717517883,10861,1851,803149473
*RES* vm15:m0:13,1405717496623,7956,1175,803149473
*RES* vm15:m0:14,1405717401634,2474,208,803149473
*RES* vm15:m0:15,1405717448566,6709,1388,803149473
*RES* vm15:m0:16,1405717379586,5795,1537,803149473
*RES* vm15:m0:17,1405717399150,6600,1569,803149473
*RES* vm15:m0:18,1405717523546,10741,1374,803149473
*RES* vm15:m0:19,1405717427728,6211,1517,803149473
*RES* vm15:m0:20,1405717404079,7871,1363,803149473
*RES* vm15:m0:21,1405717405687,7266,1309,803149473
*RES* vm15:m0:22,1405717472998,7242,1201,803149473
*RES* vm15:m0:23,1405717518169,9738,1370,803149473
*RES* vm15:m0:24,1405717480115,6785,1294,803149473
*RES* vm15:m0:25,1405717446146,6082,1391,803149473
*RES* vm15:m0:26,1405717481044,7312,1142,803149473
*RES* vm15:m0:27,1405717465640,9375,1413,803149473
*RES* vm15:m0:28,1405717526894,9872,1241,803149473
*RES* vm15:m0:29,1405717462832,8927,1031,803149473
*RES* vm15:m0:30,1405717387601,6089,1486,803149473
*RES* vm15:m0:31,1405717422436,5851,1368,803149473
*RES* vm15:m0:32,1405717507180,5209,1337,803149473
*RES* vm15:m0:33,1405717417981,5382,1410,803149473
*RES* vm15:m0:34,1405717386785,6289,1676,803149473
*RES* vm15:m0:35,1405717374596,5638,1666,803149473
*RES* vm15:m0:36,1405717485003,7940,1539,803149473
*RES* end node vm15:m0
Node vm15:m0 joined
(vm15:r0:0) Connection finished, received 803149473 bytes
(vm15:r0) thread 0 joined, 8 connections remaining
(vm15:r0) Starting new connection thread
(vm15:r0) Maximum number of connections reached (5), waiting for a thread to finish
(vm15:r0:0) Connection established
(vm15:r0:0) Connection finished, received 803149473 bytes
(vm15:r0) thread 0 joined, 7 connections remaining
(vm15:r0) Starting new connection thread
(vm15:r0) Maximum number of connections reached (5), waiting for a thread to finish
(vm15:r0:0) Connection established
(vm15:r0:0) Connection finished, received 803149473 bytes
(vm15:r0) thread 0 joined, 6 connections remaining
(vm15:r0) Starting new connection thread
(vm15:r0) Maximum number of connections reached (5), waiting for a thread to finish
(vm15:r0:0) Connection established
(vm15:r0:0) Connection finished, received 803149473 bytes
(vm15:r0) thread 0 joined, 5 connections remaining
(vm15:r0) Starting new connection thread
(vm15:r0) Maximum number of connections reached (5), waiting for a thread to finish
(vm15:r0:0) Connection established
(vm15:r0:0) Connection finished, received 803149473 bytes
(vm15:r0) thread 0 joined, 4 connections remaining
(vm15:r0) Maximum number of connections reached (4), waiting for a thread to finish
(vm15:r0) thread 1 joined, 3 connections remaining
(vm15:r0) Maximum number of connections reached (3), waiting for a thread to finish
(vm15:r0) thread 2 joined, 2 connections remaining
(vm15:r0) Maximum number of connections reached (2), waiting for a thread to finish
(vm15:r0) thread 3 joined, 1 connections remaining
(vm15:r0) Maximum number of connections reached (1), waiting for a thread to finish
(vm15:r0) thread 4 joined, 0 connections remaining
(vm15:r0) all done, exiting
*RES* start node vm15:r0
*RES* vm15:r0:0,1405717262362,28333,810,803149473
*RES* vm15:r0:0,1405717290702,45551,745,803149473
*RES* vm15:r0:0,1405717336282,14123,895,803149473
*RES* vm15:r0:0,1405717350410,4840,1480,803149473
*RES* vm15:r0:0,1405717355254,7513,1133,803149473
*RES* vm15:r0:0,1405717362782,6849,1370,803149473
*RES* vm15:r0:0,1405717369638,7438,1134,803149473
*RES* vm15:r0:0,1405717377086,7647,1133,803149473
*RES* vm15:r0:0,1405717384746,9320,1244,803149473
*RES* vm15:r0:0,1405717394070,7545,1078,803149473
*RES* vm15:r0:0,1405717401625,2508,622,803149473
*RES* vm15:r0:0,1405717404150,8105,1177,803149473
*RES* vm15:r0:0,1405717412266,6663,1482,803149473
*RES* vm15:r0:0,1405717418934,5871,1355,803149473
*RES* vm15:r0:0,1405717424819,6633,1379,803149473
*RES* vm15:r0:0,1405717431462,6750,1249,803149473
*RES* vm15:r0:0,1405717438218,8822,1648,803149473
*RES* vm15:r0:0,1405717447047,7512,1237,803149473
*RES* vm15:r0:0,1405717454562,7941,1321,803149473
*RES* vm15:r0:0,1405717462514,9676,1173,803149473
*RES* vm15:r0:0,1405717472194,8006,1290,803149473
*RES* vm15:r0:0,1405717480206,7452,1174,803149473
*RES* vm15:r0:0,1405717487666,8926,1185,803149473
*RES* vm15:r0:0,1405717496598,7485,1194,803149473
*RES* vm15:r0:0,1405717504103,7094,1657,803149473
*RES* vm15:r0:0,1405717511206,6165,1455,803149473
*RES* vm15:r0:0,1405717517390,7136,1330,803149473
*RES* vm15:r0:0,1405717524539,10994,1240,803149473
*RES* vm15:r0:0,1405717535544,4949,1486,803149473
*RES* vm15:r0:0,1405717540498,5823,1386,803149473
*RES* vm15:r0:0,1405717546326,6579,3061,803149473
*RES* vm15:r0:0,1405717552910,5917,2736,803149473
*RES* vm15:r0:0,1405717558834,3589,1264,803149473
*RES* vm15:r0:1,1405717262361,26440,799,803149473
*RES* vm15:r0:2,1405717262361,24663,784,803149473
*RES* vm15:r0:3,1405717262361,28715,764,803149473
*RES* vm15:r0:4,1405717262361,31383,842,803149473
*RES* end node vm15:r0
Node vm15:r0 joined
Worker terminating correctly
