OSMeF worker starting
Enabling core dumping
Listening for command connection
(vm35:m0) New mapper on port 23330
(vm35:m0) -> reducer data size 803149472
(vm35:m0) -> reducer data size 803149472
(vm35:m0) -> reducer data size 803149472
(vm35:m0) -> reducer data size 803149472
(vm35:m0) -> reducer data size 803149472
(vm35:m0) -> reducer data size 803149472
(vm35:m0) -> reducer data size 803149472
(vm35:m0) -> reducer data size 803149472
(vm35:m0) -> reducer data size 803149472
(vm35:m0) -> reducer data size 803149472
(vm35:m0) -> reducer data size 803149472
(vm35:m0) -> reducer data size 803149472
(vm35:m0) -> reducer data size 803149472
(vm35:m0) -> reducer data size 803149472
(vm35:m0) -> reducer data size 803149472
(vm35:m0) -> reducer data size 803149472
(vm35:m0) -> reducer data size 803149472
(vm35:m0) -> reducer data size 803149472
(vm35:m0) -> reducer data size 803149472
(vm35:m0) -> reducer data size 803149472
(vm35:m0) -> reducer data size 803149472
(vm35:m0) -> reducer data size 803149472
(vm35:m0) -> reducer data size 803149472
(vm35:m0) -> reducer data size 803149472
(vm35:m0) -> reducer data size 803149472
(vm35:m0) -> reducer data size 803149472
(vm35:m0) -> reducer data size 803149472
(vm35:m0) -> reducer data size 803149472
(vm35:m0) -> reducer data size 803149472
(vm35:m0) -> reducer data size 803149472
(vm35:m0) -> reducer data size 803149472
(vm35:m0) -> reducer data size 803149472
(vm35:m0) -> reducer data size 803149472
(vm35:m0) -> reducer data size 803149472
(vm35:m0) -> reducer data size 803149472
(vm35:m0) -> reducer data size 803149472
(vm35:m0) -> reducer data size 803149472
(vm35:m0) Mapper thread started
(vm35:m0) Allocating data for reducer vm1:r0
(vm35:m0) Allocating data for reducer vm2:r0
(vm35:m0) Allocating data for reducer vm3:r0
(vm35:m0) Allocating data for reducer vm4:r0
(vm35:m0) Allocating data for reducer vm5:r0
(vm35:m0) Allocating data for reducer vm6:r0
(vm35:m0) Allocating data for reducer vm7:r0
(vm35:m0) Allocating data for reducer vm8:r0
(vm35:m0) Allocating data for reducer vm9:r0
(vm35:m0) Allocating data for reducer vm10:r0
(vm35:m0) Allocating data for reducer vm11:r0
(vm35:m0) Allocating data for reducer vm12:r0
(vm35:m0) Allocating data for reducer vm13:r0
(vm35:m0) Allocating data for reducer vm14:r0
(vm35:m0) Allocating data for reducer vm15:r0
(vm35:m0) Allocating data for reducer vm16:r0
(vm35:m0) Allocating data for reducer vm17:r0
(vm35:m0) Allocating data for reducer vm18:r0
(vm35:m0) Allocating data for reducer vm19:r0
(vm35:m0) Allocating data for reducer vm20:r0
(vm35:m0) Allocating data for reducer vm21:r0
(vm35:m0) Allocating data for reducer vm22:r0
(vm35:m0) Allocating data for reducer vm23:r0
(vm35:m0) Allocating data for reducer vm24:r0
(vm35:m0) Allocating data for reducer vm25:r0
(vm35:m0) Allocating data for reducer vm26:r0
(vm35:m0) Allocating data for reducer vm27:r0
(vm35:m0) Allocating data for reducer vm28:r0
(vm35:m0) Allocating data for reducer vm29:r0
(vm35:m0) Allocating data for reducer vm30:r0
(vm35:m0) Allocating data for reducer vm31:r0
(vm35:m0) Allocating data for reducer vm32:r0
(vm35:m0) Allocating data for reducer vm33:r0
(vm35:m0) Allocating data for reducer vm34:r0
(vm35:m0) Allocating data for reducer vm35:r0
(vm35:m0) Allocating data for reducer vm36:r0
(vm35:m0) Allocating data for reducer vm37:r0
(vm35:m0) Binding to port 23330
(vm35:r0) New reducer
(vm35:r0) Reducer thread started
(vm35:r0) waiting for START message
(vm35:r0) got START message
(vm35:r0) Starting new connection thread
(vm35:r0) Starting new connection thread
(vm35:r0) Starting new connection thread
(vm35:r0) Starting new connection thread
(vm35:r0) Starting new connection thread
(vm35:r0) Maximum number of connections reached (5), waiting for a thread to finish
(vm35:r0:1) Connection established
(vm35:r0:2) Connection established
(vm35:r0:4) Connection established
(vm35:r0:3) Connection established
(vm35:r0:0) Connection established
(vm35:r0:2) Connection finished, received 803149473 bytes
(vm35:r0:1) Connection finished, received 803149473 bytes
(vm35:r0:0) Connection finished, received 803149473 bytes
(vm35:r0) thread 0 joined, 36 connections remaining
(vm35:r0) Starting new connection thread
(vm35:r0) Maximum number of connections reached (5), waiting for a thread to finish
(vm35:r0:0) Connection established
(vm35:r0:3) Connection finished, received 803149473 bytes
(vm35:r0:4) Connection finished, received 803149473 bytes
(vm35:r0:0) Connection finished, received 803149473 bytes
(vm35:r0) thread 0 joined, 35 connections remaining
(vm35:r0) Starting new connection thread
(vm35:r0) Maximum number of connections reached (5), waiting for a thread to finish
(vm35:r0:0) Connection established
(vm35:r0:0) Connection finished, received 803149473 bytes
(vm35:r0) thread 0 joined, 34 connections remaining
(vm35:r0) Starting new connection thread
(vm35:r0) Maximum number of connections reached (5), waiting for a thread to finish
(vm35:r0:0) Connection established
(vm35:r0:0) Connection finished, received 803149473 bytes
(vm35:r0) thread 0 joined, 33 connections remaining
(vm35:r0) Starting new connection thread
(vm35:r0) Maximum number of connections reached (5), waiting for a thread to finish
(vm35:r0:0) Connection established
(vm35:r0:0) Connection finished, received 803149473 bytes
(vm35:r0) thread 0 joined, 32 connections remaining
(vm35:r0) Starting new connection thread
(vm35:r0) Maximum number of connections reached (5), waiting for a thread to finish
(vm35:r0:0) Connection established
(vm35:r0:0) Connection finished, received 803149473 bytes
(vm35:r0) thread 0 joined, 31 connections remaining
(vm35:r0) Starting new connection thread
(vm35:r0) Maximum number of connections reached (5), waiting for a thread to finish
(vm35:r0:0) Connection established
(vm35:r0:0) Connection finished, received 803149473 bytes
(vm35:r0) thread 0 joined, 30 connections remaining
(vm35:r0) Starting new connection thread
(vm35:r0) Maximum number of connections reached (5), waiting for a thread to finish
(vm35:r0:0) Connection established
(vm35:r0:0) Connection finished, received 803149473 bytes
(vm35:r0) thread 0 joined, 29 connections remaining
(vm35:r0) Starting new connection thread
(vm35:r0) Maximum number of connections reached (5), waiting for a thread to finish
(vm35:r0:0) Connection established
(vm35:r0:0) Connection finished, received 803149473 bytes
(vm35:r0) thread 0 joined, 28 connections remaining
(vm35:r0) Starting new connection thread
(vm35:r0) Maximum number of connections reached (5), waiting for a thread to finish
(vm35:r0:0) Connection established
(vm35:r0:0) Connection finished, received 803149473 bytes
(vm35:r0) thread 0 joined, 27 connections remaining
(vm35:r0) Starting new connection thread
(vm35:r0) Maximum number of connections reached (5), waiting for a thread to finish
(vm35:r0:0) Connection established
(vm35:r0:0) Connection finished, received 803149473 bytes
(vm35:r0) thread 0 joined, 26 connections remaining
(vm35:r0) Starting new connection thread
(vm35:r0) Maximum number of connections reached (5), waiting for a thread to finish
(vm35:r0:0) Connection established
(vm35:r0:0) Connection finished, received 803149473 bytes
(vm35:r0) thread 0 joined, 25 connections remaining
(vm35:r0) Starting new connection thread
(vm35:r0) Maximum number of connections reached (5), waiting for a thread to finish
(vm35:r0:0) Connection established
(vm35:r0:0) Connection finished, received 803149473 bytes
(vm35:r0) thread 0 joined, 24 connections remaining
(vm35:r0) Starting new connection thread
(vm35:r0) Maximum number of connections reached (5), waiting for a thread to finish
(vm35:r0:0) Connection established
(vm35:r0:0) Connection finished, received 803149473 bytes
(vm35:r0) thread 0 joined, 23 connections remaining
(vm35:r0) Starting new connection thread
(vm35:r0) Maximum number of connections reached (5), waiting for a thread to finish
(vm35:r0:0) Connection established
(vm35:r0:0) Connection finished, received 803149473 bytes
(vm35:r0) thread 0 joined, 22 connections remaining
(vm35:r0) Starting new connection thread
(vm35:r0) Maximum number of connections reached (5), waiting for a thread to finish
(vm35:r0:0) Connection established
(vm35:r0:0) Connection finished, received 803149473 bytes
(vm35:r0) thread 0 joined, 21 connections remaining
(vm35:r0) Starting new connection thread
(vm35:r0) Maximum number of connections reached (5), waiting for a thread to finish
(vm35:r0:0) Connection established
(vm35:r0:0) Connection finished, received 803149473 bytes
(vm35:r0) thread 0 joined, 20 connections remaining
(vm35:r0) Starting new connection thread
(vm35:r0) Maximum number of connections reached (5), waiting for a thread to finish
(vm35:r0:0) Connection established
(vm35:r0:0) Connection finished, received 803149473 bytes
(vm35:r0) thread 0 joined, 19 connections remaining
(vm35:r0) Starting new connection thread
(vm35:r0) Maximum number of connections reached (5), waiting for a thread to finish
(vm35:r0:0) Connection established
(vm35:r0:0) Connection finished, received 803149473 bytes
(vm35:r0) thread 0 joined, 18 connections remaining
(vm35:r0) Starting new connection thread
(vm35:r0) Maximum number of connections reached (5), waiting for a thread to finish
(vm35:r0:0) Connection established
(vm35:m0) Got connection from reducer vm1:r0
(vm35:m0:0) thread started, have to send 803149472 bytes
(vm35:r0:0) Connection finished, received 803149473 bytes
(vm35:r0) thread 0 joined, 17 connections remaining
(vm35:r0) Starting new connection thread
(vm35:r0) Maximum number of connections reached (5), waiting for a thread to finish
(vm35:r0:0) Connection established
(vm35:m0:0) all data sent, thread exiting
(vm35:r0:0) Connection finished, received 803149473 bytes
(vm35:r0) thread 0 joined, 16 connections remaining
(vm35:r0) Starting new connection thread
(vm35:r0) Maximum number of connections reached (5), waiting for a thread to finish
(vm35:r0:0) Connection established
(vm35:r0:0) Connection finished, received 803149473 bytes
(vm35:r0) thread 0 joined, 15 connections remaining
(vm35:r0) Starting new connection thread
(vm35:r0) Maximum number of connections reached (5), waiting for a thread to finish
(vm35:r0:0) Connection established
(vm35:r0:0) Connection finished, received 803149473 bytes
(vm35:r0) thread 0 joined, 14 connections remaining
(vm35:r0) Starting new connection thread
(vm35:r0) Maximum number of connections reached (5), waiting for a thread to finish
(vm35:r0:0) Connection established
(vm35:r0:0) Connection finished, received 803149473 bytes
(vm35:r0) thread 0 joined, 13 connections remaining
(vm35:r0) Starting new connection thread
(vm35:r0) Maximum number of connections reached (5), waiting for a thread to finish
(vm35:r0:0) Connection established
(vm35:r0:0) Connection finished, received 803149473 bytes
(vm35:r0) thread 0 joined, 12 connections remaining
(vm35:r0) Starting new connection thread
(vm35:r0) Maximum number of connections reached (5), waiting for a thread to finish
(vm35:r0:0) Connection established
(vm35:m0) Got connection from reducer vm36:r0
(vm35:m0:35) thread started, have to send 803149472 bytes
(vm35:r0:0) Connection finished, received 803149473 bytes
(vm35:r0) thread 0 joined, 11 connections remaining
(vm35:r0) Starting new connection thread
(vm35:r0) Maximum number of connections reached (5), waiting for a thread to finish
(vm35:r0:0) Connection established
(vm35:m0:35) all data sent, thread exiting
(vm35:r0:0) Connection finished, received 803149473 bytes
(vm35:r0) thread 0 joined, 10 connections remaining
(vm35:r0) Starting new connection thread
(vm35:r0) Maximum number of connections reached (5), waiting for a thread to finish
(vm35:r0:0) Connection established
(vm35:m0) Got connection from reducer vm17:r0
(vm35:m0:16) thread started, have to send 803149472 bytes
(vm35:r0:0) Connection finished, received 803149473 bytes
(vm35:r0) thread 0 joined, 9 connections remaining
(vm35:r0) Starting new connection thread
(vm35:r0) Maximum number of connections reached (5), waiting for a thread to finish
(vm35:r0:0) Connection established
(vm35:m0) Got connection from reducer vm12:r0
(vm35:m0:11) thread started, have to send 803149472 bytes
(vm35:r0:0) Connection finished, received 803149473 bytes
(vm35:r0) thread 0 joined, 8 connections remaining
(vm35:r0) Starting new connection thread
(vm35:r0) Maximum number of connections reached (5), waiting for a thread to finish
(vm35:r0:0) Connection established
(vm35:m0) Got connection from reducer vm31:r0
(vm35:m0:30) thread started, have to send 803149472 bytes
(vm35:m0:16) all data sent, thread exiting
(vm35:m0:11) all data sent, thread exiting
(vm35:r0:0) Connection finished, received 803149473 bytes
(vm35:r0) thread 0 joined, 7 connections remaining
(vm35:r0) Starting new connection thread
(vm35:r0) Maximum number of connections reached (5), waiting for a thread to finish
(vm35:r0:0) Connection established
(vm35:m0) Got connection from reducer vm35:r0
(vm35:m0:34) thread started, have to send 803149472 bytes
(vm35:m0:30) all data sent, thread exiting
(vm35:m0:34) all data sent, thread exiting
(vm35:r0:0) Connection finished, received 803149473 bytes
(vm35:r0) thread 0 joined, 6 connections remaining
(vm35:r0) Starting new connection thread
(vm35:r0) Maximum number of connections reached (5), waiting for a thread to finish
(vm35:r0:0) Connection established
(vm35:r0:0) Connection finished, received 803149473 bytes
(vm35:r0) thread 0 joined, 5 connections remaining
(vm35:r0) Starting new connection thread
(vm35:r0) Maximum number of connections reached (5), waiting for a thread to finish
(vm35:r0:0) Connection established
(vm35:r0:0) Connection finished, received 803149473 bytes
(vm35:r0) thread 0 joined, 4 connections remaining
(vm35:r0) Maximum number of connections reached (4), waiting for a thread to finish
(vm35:r0) thread 1 joined, 3 connections remaining
(vm35:r0) Maximum number of connections reached (3), waiting for a thread to finish
(vm35:r0) thread 2 joined, 2 connections remaining
(vm35:r0) Maximum number of connections reached (2), waiting for a thread to finish
(vm35:r0) thread 3 joined, 1 connections remaining
(vm35:r0) Maximum number of connections reached (1), waiting for a thread to finish
(vm35:r0) thread 4 joined, 0 connections remaining
(vm35:r0) all done, exiting
(vm35:m0) Got connection from reducer vm18:r0
(vm35:m0:17) thread started, have to send 803149472 bytes
(vm35:m0) Got connection from reducer vm6:r0
(vm35:m0:5) thread started, have to send 803149472 bytes
(vm35:m0:17) all data sent, thread exiting
(vm35:m0:5) all data sent, thread exiting
(vm35:m0) Got connection from reducer vm15:r0
(vm35:m0:14) thread started, have to send 803149472 bytes
(vm35:m0) Got connection from reducer vm22:r0
(vm35:m0:21) thread started, have to send 803149472 bytes
(vm35:m0:14) all data sent, thread exiting
(vm35:m0) Got connection from reducer vm34:r0
(vm35:m0:33) thread started, have to send 803149472 bytes
(vm35:m0) Got connection from reducer vm32:r0
(vm35:m0:31) thread started, have to send 803149472 bytes
(vm35:m0:21) all data sent, thread exiting
(vm35:m0) Got connection from reducer vm21:r0
(vm35:m0:20) thread started, have to send 803149472 bytes
(vm35:m0:33) all data sent, thread exiting
(vm35:m0:31) all data sent, thread exiting
(vm35:m0:20) all data sent, thread exiting
(vm35:m0) Got connection from reducer vm26:r0
(vm35:m0:25) thread started, have to send 803149472 bytes
(vm35:m0) Got connection from reducer vm20:r0
(vm35:m0:19) thread started, have to send 803149472 bytes
(vm35:m0:25) all data sent, thread exiting
(vm35:m0:19) all data sent, thread exiting
(vm35:m0) Got connection from reducer vm11:r0
(vm35:m0:10) thread started, have to send 803149472 bytes
(vm35:m0:10) all data sent, thread exiting
(vm35:m0) Got connection from reducer vm16:r0
(vm35:m0:15) thread started, have to send 803149472 bytes
(vm35:m0:15) all data sent, thread exiting
(vm35:m0) Got connection from reducer vm7:r0
(vm35:m0:6) thread started, have to send 803149472 bytes
(vm35:m0) Got connection from reducer vm8:r0
(vm35:m0:7) thread started, have to send 803149472 bytes
(vm35:m0:6) all data sent, thread exiting
(vm35:m0:7) all data sent, thread exiting
(vm35:m0) Got connection from reducer vm30:r0
(vm35:m0:29) thread started, have to send 803149472 bytes
(vm35:m0) Got connection from reducer vm9:r0
(vm35:m0:8) thread started, have to send 803149472 bytes
(vm35:m0) Got connection from reducer vm28:r0
(vm35:m0:27) thread started, have to send 803149472 bytes
(vm35:m0:8) all data sent, thread exiting
(vm35:m0:29) all data sent, thread exiting
(vm35:m0) Got connection from reducer vm23:r0
(vm35:m0:22) thread started, have to send 803149472 bytes
(vm35:m0:22) all data sent, thread exiting
(vm35:m0:27) all data sent, thread exiting
(vm35:m0) Got connection from reducer vm25:r0
(vm35:m0:24) thread started, have to send 803149472 bytes
(vm35:m0) Got connection from reducer vm10:r0
(vm35:m0:9) thread started, have to send 803149472 bytes
(vm35:m0:24) all data sent, thread exiting
(vm35:m0:9) all data sent, thread exiting
(vm35:m0) Got connection from reducer vm3:r0
(vm35:m0:2) thread started, have to send 803149472 bytes
(vm35:m0) Got connection from reducer vm14:r0
(vm35:m0:13) thread started, have to send 803149472 bytes
(vm35:m0) Got connection from reducer vm27:r0
(vm35:m0:26) thread started, have to send 803149472 bytes
(vm35:m0:2) all data sent, thread exiting
(vm35:m0:13) all data sent, thread exiting
(vm35:m0:26) all data sent, thread exiting
(vm35:m0) Got connection from reducer vm5:r0
(vm35:m0:4) thread started, have to send 803149472 bytes
(vm35:m0) Got connection from reducer vm37:r0
(vm35:m0:36) thread started, have to send 803149472 bytes
(vm35:m0) Got connection from reducer vm13:r0
(vm35:m0:12) thread started, have to send 803149472 bytes
(vm35:m0:4) all data sent, thread exiting
(vm35:m0) Got connection from reducer vm19:r0
(vm35:m0:18) thread started, have to send 803149472 bytes
(vm35:m0) Got connection from reducer vm24:r0
(vm35:m0:23) thread started, have to send 803149472 bytes
(vm35:m0:12) all data sent, thread exiting
(vm35:m0:36) all data sent, thread exiting
(vm35:m0:18) all data sent, thread exiting
(vm35:m0:23) all data sent, thread exiting
(vm35:m0) Got connection from reducer vm4:r0
(vm35:m0:3) thread started, have to send 803149472 bytes
(vm35:m0) Got connection from reducer vm2:r0
(vm35:m0) Got connection from reducer vm33:r0
(vm35:m0:32) thread started, have to send 803149472 bytes
(vm35:m0:1) thread started, have to send 803149472 bytes
(vm35:m0:3) all data sent, thread exiting
(vm35:m0:1) all data sent, thread exiting
(vm35:m0:32) all data sent, thread exiting
(vm35:m0) Got connection from reducer vm29:r0
(vm35:m0) Waiting for a thread to finish
(vm35:m0) thread 0 joined, 36 connections remaining
(vm35:m0) Waiting for a thread to finish
(vm35:m0) thread 1 joined, 35 connections remaining
(vm35:m0) Waiting for a thread to finish
(vm35:m0) thread 2 joined, 34 connections remaining
(vm35:m0) Waiting for a thread to finish
(vm35:m0) thread 3 joined, 33 connections remaining
(vm35:m0) Waiting for a thread to finish
(vm35:m0) thread 4 joined, 32 connections remaining
(vm35:m0) Waiting for a thread to finish
(vm35:m0) thread 5 joined, 31 connections remaining
(vm35:m0) Waiting for a thread to finish
(vm35:m0) thread 6 joined, 30 connections remaining
(vm35:m0) Waiting for a thread to finish
(vm35:m0) thread 7 joined, 29 connections remaining
(vm35:m0) Waiting for a thread to finish
(vm35:m0) thread 8 joined, 28 connections remaining
(vm35:m0) Waiting for a thread to finish
(vm35:m0) thread 9 joined, 27 connections remaining
(vm35:m0) Waiting for a thread to finish
(vm35:m0) thread 10 joined, 26 connections remaining
(vm35:m0) Waiting for a thread to finish
(vm35:m0) thread 11 joined, 25 connections remaining
(vm35:m0) Waiting for a thread to finish
(vm35:m0) thread 12 joined, 24 connections remaining
(vm35:m0) Waiting for a thread to finish
(vm35:m0) thread 13 joined, 23 connections remaining
(vm35:m0) Waiting for a thread to finish
(vm35:m0) thread 14 joined, 22 connections remaining
(vm35:m0) Waiting for a thread to finish
(vm35:m0) thread 15 joined, 21 connections remaining
(vm35:m0) Waiting for a thread to finish
(vm35:m0) thread 16 joined, 20 connections remaining
(vm35:m0) Waiting for a thread to finish
(vm35:m0) thread 17 joined, 19 connections remaining
(vm35:m0) Waiting for a thread to finish
(vm35:m0) thread 18 joined, 18 connections remaining
(vm35:m0) Waiting for a thread to finish
(vm35:m0) thread 19 joined, 17 connections remaining
(vm35:m0) Waiting for a thread to finish
(vm35:m0) thread 20 joined, 16 connections remaining
(vm35:m0) Waiting for a thread to finish
(vm35:m0) thread 21 joined, 15 connections remaining
(vm35:m0) Waiting for a thread to finish
(vm35:m0) thread 22 joined, 14 connections remaining
(vm35:m0) Waiting for a thread to finish
(vm35:m0) thread 23 joined, 13 connections remaining
(vm35:m0) Waiting for a thread to finish
(vm35:m0) thread 24 joined, 12 connections remaining
(vm35:m0) Waiting for a thread to finish
(vm35:m0) thread 25 joined, 11 connections remaining
(vm35:m0) Waiting for a thread to finish
(vm35:m0) thread 26 joined, 10 connections remaining
(vm35:m0) Waiting for a thread to finish
(vm35:m0) thread 27 joined, 9 connections remaining
(vm35:m0) Waiting for a thread to finish
(vm35:m0:28) thread started, have to send 803149472 bytes
(vm35:m0:28) all data sent, thread exiting
(vm35:m0) thread 28 joined, 8 connections remaining
(vm35:m0) Waiting for a thread to finish
(vm35:m0) thread 29 joined, 7 connections remaining
(vm35:m0) Waiting for a thread to finish
(vm35:m0) thread 30 joined, 6 connections remaining
(vm35:m0) Waiting for a thread to finish
(vm35:m0) thread 31 joined, 5 connections remaining
(vm35:m0) Waiting for a thread to finish
(vm35:m0) thread 32 joined, 4 connections remaining
(vm35:m0) Waiting for a thread to finish
(vm35:m0) thread 33 joined, 3 connections remaining
(vm35:m0) Waiting for a thread to finish
(vm35:m0) thread 34 joined, 2 connections remaining
(vm35:m0) Waiting for a thread to finish
(vm35:m0) thread 35 joined, 1 connections remaining
(vm35:m0) Waiting for a thread to finish
(vm35:m0) thread 36 joined, 0 connections remaining
(vm35:m0) all done, exiting
*RES* start node vm35:m0
*RES* vm35:m0:0,1405717456390,6001,1609,803149473
*RES* vm35:m0:1,1405717607936,1168,408,803149473
*RES* vm35:m0:2,1405717598495,2078,648,803149473
*RES* vm35:m0:3,1405717607846,1143,394,803149473
*RES* vm35:m0:4,1405717602668,1552,622,803149473
*RES* vm35:m0:5,1405717538934,4383,775,803149473
*RES* vm35:m0:6,1405717581314,2284,692,803149473
*RES* vm35:m0:7,1405717582095,2380,669,803149473
*RES* vm35:m0:8,1405717586776,2508,688,803149473
*RES* vm35:m0:9,1405717595554,1815,672,803149473
*RES* vm35:m0:10,1405717574611,2909,677,803149473
*RES* vm35:m0:11,1405717511233,6588,1476,803149473
*RES* vm35:m0:12,1405717603776,1529,605,803149473
*RES* vm35:m0:13,1405717598840,1970,635,803149473
*RES* vm35:m0:14,1405717546400,6563,666,803149473
*RES* vm35:m0:15,1405717578918,2321,638,803149473
*RES* vm35:m0:16,1405717505865,8714,889,803149473
*RES* vm35:m0:17,1405717534250,6783,702,803149473
*RES* vm35:m0:18,1405717604581,1544,568,803149473
*RES* vm35:m0:19,1405717568362,4469,690,803149473
*RES* vm35:m0:20,1405717559053,5808,643,803149473
*RES* vm35:m0:21,1405717550727,7316,649,803149473
*RES* vm35:m0:22,1405717590251,1827,665,803149473
*RES* vm35:m0:23,1405717605078,1384,513,803149473
*RES* vm35:m0:24,1405717595401,1764,715,803149473
*RES* vm35:m0:25,1405717566437,4247,788,803149473
*RES* vm35:m0:26,1405717598903,1995,645,803149473
*RES* vm35:m0:27,1405717589207,2885,644,803149473
*RES* vm35:m0:28,1405717609671,939,428,803149473
*RES* vm35:m0:29,1405717586711,2877,676,803149473
*RES* vm35:m0:30,1405717513562,6224,1312,803149473
*RES* vm35:m0:31,1405717557249,3229,881,803149473
*RES* vm35:m0:32,1405717607936,1277,414,803149473
*RES* vm35:m0:33,1405717553833,5247,811,803149473
*RES* vm35:m0:34,1405717519571,1235,151,803149473
*RES* vm35:m0:35,1405717492235,5656,1510,803149473
*RES* vm35:m0:36,1405717603547,2191,552,803149473
*RES* end node vm35:m0
Node vm35:m0 joined
*RES* start node vm35:r0
*RES* vm35:r0:0,1405717262430,27143,738,803149473
*RES* vm35:r0:0,1405717289579,40099,710,803149473
*RES* vm35:r0:0,1405717329683,8077,690,803149473
*RES* vm35:r0:0,1405717337767,8767,986,803149473
*RES* vm35:r0:0,1405717346539,8234,1009,803149473
*RES* vm35:r0:0,1405717354779,6942,1130,803149473
*RES* vm35:r0:0,1405717361727,5660,1266,803149473
*RES* vm35:r0:0,1405717367395,7499,1434,803149473
*RES* vm35:r0:0,1405717374899,6284,1291,803149473
*RES* vm35:r0:0,1405717381187,5651,1332,803149473
*RES* vm35:r0:0,1405717386843,6367,1276,803149473
*RES* vm35:r0:0,1405717393215,5832,1255,803149473
*RES* vm35:r0:0,1405717399051,7466,1228,803149473
*RES* vm35:r0:0,1405717406523,7582,1164,803149473
*RES* vm35:r0:0,1405717414111,6853,1222,803149473
*RES* vm35:r0:0,1405717420971,7560,1282,803149473
*RES* vm35:r0:0,1405717428535,6724,1188,803149473
*RES* vm35:r0:0,1405717435263,6755,1305,803149473
*RES* vm35:r0:0,1405717442023,7564,1177,803149473
*RES* vm35:r0:0,1405717449595,6794,1351,803149473
*RES* vm35:r0:0,1405717456396,6910,1248,803149473
*RES* vm35:r0:0,1405717463315,6916,1383,803149473
*RES* vm35:r0:0,1405717470235,6823,1444,803149473
*RES* vm35:r0:0,1405717477063,5962,1442,803149473
*RES* vm35:r0:0,1405717483031,5296,1473,803149473
*RES* vm35:r0:0,1405717488335,6397,1261,803149473
*RES* vm35:r0:0,1405717494743,6590,1414,803149473
*RES* vm35:r0:0,1405717501339,5279,1417,803149473
*RES* vm35:r0:0,1405717506627,5343,1381,803149473
*RES* vm35:r0:0,1405717511983,7577,1463,803149473
*RES* vm35:r0:0,1405717519567,1246,526,803149473
*RES* vm35:r0:0,1405717520819,5381,1495,803149473
*RES* vm35:r0:0,1405717526207,7912,1336,803149473
*RES* vm35:r0:1,1405717262430,26237,730,803149473
*RES* vm35:r0:2,1405717262430,24957,741,803149473
*RES* vm35:r0:3,1405717262430,29095,772,803149473
*RES* vm35:r0:4,1405717262430,30648,727,803149473
*RES* end node vm35:r0
Node vm35:r0 joined
Worker terminating correctly
