OSMeF worker starting
Enabling core dumping
Listening for command connection
CONF: mapper on port 23330
CONF: -> will serve 41 reducers
(main) new thread ID: vm11:m0
(vm11:m0) Mapper thread started
(vm11:m0) Binding to port 23330
(vm11:m0) Got START signal
(vm11:m0) new thread ID: vm11:m0:th0
(vm11:m0:th0) waiting for something to do...
CONF: reducer
(main) new thread ID: vm11:r0
(vm11:r0) Reducer thread started
(vm11:r0) waiting for START message
(main) Waiting for thread vm11:m0 to join...
(vm11:r0) got START message
(vm11:r0) new thread ID: th0
(vm11:r0) new thread ID: th1
(vm11:r0) new thread ID: th2
(vm11:r0) new thread ID: th3
(vm11:r0) new thread ID: th4
(vm11:r0:th2:0) Connection established with mapper vm3:m0
(vm11:r0:th1:0) Connection established with mapper vm2:m0
(vm11:r0:th3:0) Connection established with mapper vm4:m0
(vm11:r0:th0:0) Connection established with mapper vm1:m0
(vm11:r0:th4:0) Connection established with mapper vm5:m0
(vm11:r0:th0:0) Connection to vm1:m0 finished, received 654081873 bytes
(vm11:r0:th0:1) Connection established with mapper vm6:m0
(vm11:r0:th1:0) Connection to vm2:m0 finished, received 654081873 bytes
(vm11:r0:th1:1) Connection established with mapper vm7:m0
(vm11:r0:th1:1) Connection to vm7:m0 finished, received 654081874 bytes
(vm11:r0:th1:2) Connection established with mapper vm12:m0
(vm11:r0:th2:0) Connection to vm3:m0 finished, received 654081873 bytes
(vm11:r0:th2:1) Connection established with mapper vm8:m0
(vm11:r0:th2:1) Connection to vm8:m0 finished, received 654081874 bytes
(vm11:r0:th2:2) Connection established with mapper vm13:m0
(vm11:r0:th3:0) Connection to vm4:m0 finished, received 654081873 bytes
(vm11:r0:th3:1) Connection established with mapper vm9:m0
(vm11:r0:th3:1) Connection to vm9:m0 finished, received 654081874 bytes
(vm11:r0:th3:2) Connection established with mapper vm14:m0
(vm11:r0:th3:2) Connection to vm14:m0 finished, received 654081875 bytes
(vm11:r0:th3:3) Connection established with mapper vm19:m0
(vm11:r0:th4:0) Connection to vm5:m0 finished, received 654081873 bytes
(vm11:r0:th4:1) Connection established with mapper vm10:m0
(vm11:m0) Got connection from reducer vm6:r0
(vm11:m0) new thread ID: vm11:m0:th1
(vm11:m0:th0) connection started, have to send 654081872 bytes to vm6:r0
(vm11:m0:th1) waiting for something to do...
(vm11:m0) Got connection from reducer vm5:r0
(vm11:m0) new thread ID: vm11:m0:th2
(vm11:m0:th1) connection started, have to send 654081872 bytes to vm5:r0
(vm11:m0:th2) waiting for something to do...
(vm11:r0:th3:3) Connection to vm19:m0 finished, received 1308163748 bytes
(vm11:r0:th3:4) Connection established with mapper vm24:m0
(vm11:r0:th3:4) Connection to vm24:m0 finished, received 1308163749 bytes
(vm11:r0:th3:5) Connection established with mapper vm29:m0
(vm11:r0:th3:5) Connection to vm29:m0 finished, received 1308163750 bytes
(vm11:r0:th3:6) Connection established with mapper vm34:m0
(vm11:r0:th2:2) Connection to vm13:m0 finished, received 1308163747 bytes
(vm11:r0:th2:3) Connection established with mapper vm18:m0
(vm11:r0:th1:2) Connection to vm12:m0 finished, received 1308163747 bytes
(vm11:r0:th1:3) Connection established with mapper vm17:m0
(vm11:r0:th1:3) Connection to vm17:m0 finished, received 1308163748 bytes
(vm11:r0:th1:4) Connection established with mapper vm22:m0
(vm11:r0:th1:4) Connection to vm22:m0 finished, received 1308163749 bytes
(vm11:r0:th1:5) Connection established with mapper vm27:m0
(vm11:r0:th1:5) Connection to vm27:m0 finished, received 1308163750 bytes
(vm11:r0:th1:6) Connection established with mapper vm32:m0
(vm11:r0:th1:6) Connection to vm32:m0 finished, received 1308163751 bytes
(vm11:r0:th1:7) Connection established with mapper vm37:m0
(vm11:m0:th1) all data sent, closing connection to vm5:r0
(vm11:m0:th1) waiting for something to do...
(vm11:r0:th4:1) Connection to vm10:m0 finished, received 1308163746 bytes
(vm11:r0:th4:2) Connection established with mapper vm15:m0
(vm11:r0:th4:2) Connection to vm15:m0 finished, received 1308163747 bytes
(vm11:r0:th4:3) Connection established with mapper vm20:m0
(vm11:r0:th4:3) Connection to vm20:m0 finished, received 1308163748 bytes
(vm11:r0:th4:4) Connection established with mapper vm25:m0
(vm11:r0:th4:4) Connection to vm25:m0 finished, received 1308163749 bytes
(vm11:r0:th4:5) Connection established with mapper vm30:m0
(vm11:r0:th4:5) Connection to vm30:m0 finished, received 1308163750 bytes
(vm11:r0:th4:6) Connection established with mapper vm35:m0
(vm11:r0:th2:3) Connection to vm18:m0 finished, received 1962245620 bytes
(vm11:r0:th2:4) Connection established with mapper vm23:m0
(vm11:r0:th2:4) Connection to vm23:m0 finished, received 1962245621 bytes
(vm11:r0:th2:5) Connection established with mapper vm28:m0
(vm11:r0:th2:5) Connection to vm28:m0 finished, received 1962245622 bytes
(vm11:r0:th2:6) Connection established with mapper vm33:m0
(vm11:r0:th2:6) Connection to vm33:m0 finished, received 1962245623 bytes
(vm11:r0:th2:7) Connection established with mapper vm38:m0
(vm11:r0:th3:6) Connection to vm34:m0 finished, received 1962245623 bytes
(vm11:r0:th3:7) Connection established with mapper vm39:m0
(vm11:r0:th3:7) Connection to vm39:m0 finished, received 1962245624 bytes
(vm11:r0:th3) Got data from all mappers, this reducer connection has finished.
(vm11:r0:th1:7) Connection to vm37:m0 finished, received 1962245624 bytes
(vm11:r0:th1) Got data from all mappers, this reducer connection has finished.
(vm11:m0) Got connection from reducer vm30:r0
(vm11:m0:th2) connection started, have to send 654081872 bytes to vm30:r0
(vm11:r0:th4:6) Connection to vm35:m0 finished, received 1962245623 bytes
(vm11:r0:th4:7) Connection established with mapper vm40:m0
(vm11:r0:th4:7) Connection to vm40:m0 finished, received 1962245624 bytes
(vm11:r0:th4) Got data from all mappers, this reducer connection has finished.
(vm11:m0:th2) all data sent, closing connection to vm30:r0
(vm11:m0:th2) waiting for something to do...
(vm11:m0) Got connection from reducer vm3:r0
(vm11:m0:th1) connection started, have to send 654081872 bytes to vm3:r0
(vm11:m0:th1) all data sent, closing connection to vm3:r0
(vm11:m0:th1) waiting for something to do...
(vm11:r0:th0:1) Connection to vm6:m0 finished, received 1308163746 bytes
(vm11:r0:th0:2) Connection established with mapper vm11:m0
(vm11:m0) Got connection from reducer vm11:r0
(vm11:m0:th2) connection started, have to send 654081872 bytes to vm11:r0
(vm11:m0:th2) all data sent, closing connection to vm11:r0
(vm11:m0:th2) waiting for something to do...
(vm11:r0:th0:2) Connection to vm11:m0 finished, received 1308163747 bytes
(vm11:r0:th0:3) Connection established with mapper vm16:m0
(vm11:r0:th2:7) Connection to vm38:m0 finished, received 2616327496 bytes
(vm11:r0:th2) Got data from all mappers, this reducer connection has finished.
(vm11:r0:th0:3) Connection to vm16:m0 finished, received 1962245620 bytes
(vm11:r0:th0:4) Connection established with mapper vm21:m0
(vm11:m0) Got connection from reducer vm36:r0
(vm11:m0:th1) connection started, have to send 654081872 bytes to vm36:r0
(vm11:m0:th1) all data sent, closing connection to vm36:r0
(vm11:m0:th1) waiting for something to do...
(vm11:r0:th0:4) Connection to vm21:m0 finished, received 2616327493 bytes
(vm11:r0:th0:5) Connection established with mapper vm26:m0
(vm11:r0:th0:5) Connection to vm26:m0 finished, received 2616327494 bytes
(vm11:r0:th0:6) Connection established with mapper vm31:m0
(vm11:r0:th0:6) Connection to vm31:m0 finished, received 2616327495 bytes
(vm11:r0:th0:7) Connection established with mapper vm36:m0
(vm11:r0:th0:7) Connection to vm36:m0 finished, received 3270409368 bytes
(vm11:r0:th0:8) Connection established with mapper vm41:m0
(vm11:r0:th0:8) Connection to vm41:m0 finished, received 3270409369 bytes
(vm11:r0:th0) Got data from all mappers, this reducer connection has finished.
(vm11:r0) thread th0 joined, 4 connection threads remaining
(vm11:r0) thread th1 joined, 3 connection threads remaining
(vm11:r0) thread th2 joined, 2 connection threads remaining
(vm11:r0) thread th3 joined, 1 connection threads remaining
(vm11:r0) thread th4 joined, 0 connection threads remaining
(vm11:r0) all done, exiting
(vm11:m0) Got connection from reducer vm15:r0
(vm11:m0:th2) connection started, have to send 654081872 bytes to vm15:r0
(vm11:m0:th2) all data sent, closing connection to vm15:r0
(vm11:m0:th2) waiting for something to do...
(vm11:m0) Got connection from reducer vm1:r0
(vm11:m0:th1) connection started, have to send 654081872 bytes to vm1:r0
(vm11:m0:th1) all data sent, closing connection to vm1:r0
(vm11:m0:th1) waiting for something to do...
(vm11:m0) Got connection from reducer vm26:r0
(vm11:m0:th2) connection started, have to send 654081872 bytes to vm26:r0
(vm11:m0:th2) all data sent, closing connection to vm26:r0
(vm11:m0:th2) waiting for something to do...
(vm11:m0) Got connection from reducer vm21:r0
(vm11:m0:th1) connection started, have to send 654081872 bytes to vm21:r0
(vm11:m0:th1) all data sent, closing connection to vm21:r0
(vm11:m0:th1) waiting for something to do...
(vm11:m0) Got connection from reducer vm37:r0
(vm11:m0:th2) connection started, have to send 654081872 bytes to vm37:r0
(vm11:m0:th2) all data sent, closing connection to vm37:r0
(vm11:m0:th2) waiting for something to do...
(vm11:m0:th0) all data sent, closing connection to vm6:r0
(vm11:m0:th0) waiting for something to do...
(vm11:m0) Got connection from reducer vm13:r0
(vm11:m0:th1) connection started, have to send 654081872 bytes to vm13:r0
(vm11:m0:th1) all data sent, closing connection to vm13:r0
(vm11:m0:th1) waiting for something to do...
(vm11:m0) Got connection from reducer vm40:r0
(vm11:m0:th0) connection started, have to send 654081872 bytes to vm40:r0
(vm11:m0:th0) all data sent, closing connection to vm40:r0
(vm11:m0:th0) waiting for something to do...
(vm11:m0) Got connection from reducer vm23:r0
(vm11:m0:th1) connection started, have to send 654081872 bytes to vm23:r0
(vm11:m0:th1) all data sent, closing connection to vm23:r0
(vm11:m0:th1) waiting for something to do...
(vm11:m0) Got connection from reducer vm28:r0
(vm11:m0:th0) connection started, have to send 654081872 bytes to vm28:r0
(vm11:m0:th0) all data sent, closing connection to vm28:r0
(vm11:m0:th0) waiting for something to do...
(vm11:m0) Got connection from reducer vm20:r0
(vm11:m0:th1) connection started, have to send 654081872 bytes to vm20:r0
(vm11:m0:th1) all data sent, closing connection to vm20:r0
(vm11:m0:th1) waiting for something to do...
(vm11:m0) Got connection from reducer vm25:r0
(vm11:m0:th0) connection started, have to send 654081872 bytes to vm25:r0
(vm11:m0:th0) all data sent, closing connection to vm25:r0
(vm11:m0:th0) waiting for something to do...
(vm11:m0) Got connection from reducer vm17:r0
(vm11:m0:th1) connection started, have to send 654081872 bytes to vm17:r0
(vm11:m0:th1) all data sent, closing connection to vm17:r0
(vm11:m0:th1) waiting for something to do...
(vm11:m0) Got connection from reducer vm41:r0
(vm11:m0:th0) connection started, have to send 654081872 bytes to vm41:r0
(vm11:m0:th0) all data sent, closing connection to vm41:r0
(vm11:m0:th0) waiting for something to do...
(vm11:m0) Got connection from reducer vm33:r0
(vm11:m0:th1) connection started, have to send 654081872 bytes to vm33:r0
(vm11:m0:th1) all data sent, closing connection to vm33:r0
(vm11:m0:th1) waiting for something to do...
(vm11:m0) Got connection from reducer vm12:r0
(vm11:m0:th0) connection started, have to send 654081872 bytes to vm12:r0
(vm11:m0:th0) all data sent, closing connection to vm12:r0
(vm11:m0:th0) waiting for something to do...
(vm11:m0) Got connection from reducer vm38:r0
(vm11:m0:th1) connection started, have to send 654081872 bytes to vm38:r0
(vm11:m0:th1) all data sent, closing connection to vm38:r0
(vm11:m0:th1) waiting for something to do...
(vm11:m0) Got connection from reducer vm16:r0
(vm11:m0:th0) connection started, have to send 654081872 bytes to vm16:r0
(vm11:m0:th0) all data sent, closing connection to vm16:r0
(vm11:m0:th0) waiting for something to do...
(vm11:m0) Got connection from reducer vm29:r0
(vm11:m0:th1) connection started, have to send 654081872 bytes to vm29:r0
(vm11:m0:th1) all data sent, closing connection to vm29:r0
(vm11:m0:th1) waiting for something to do...
(vm11:m0) Got connection from reducer vm19:r0
(vm11:m0:th0) connection started, have to send 654081872 bytes to vm19:r0
(vm11:m0:th0) all data sent, closing connection to vm19:r0
(vm11:m0:th0) waiting for something to do...
(vm11:m0) Got connection from reducer vm9:r0
(vm11:m0:th1) connection started, have to send 654081872 bytes to vm9:r0
(vm11:m0:th1) all data sent, closing connection to vm9:r0
(vm11:m0:th1) waiting for something to do...
(vm11:m0) Got connection from reducer vm32:r0
(vm11:m0:th0) connection started, have to send 654081872 bytes to vm32:r0
(vm11:m0:th0) all data sent, closing connection to vm32:r0
(vm11:m0:th0) waiting for something to do...
(vm11:m0) Got connection from reducer vm18:r0
(vm11:m0:th1) connection started, have to send 654081872 bytes to vm18:r0
(vm11:m0:th1) all data sent, closing connection to vm18:r0
(vm11:m0:th1) waiting for something to do...
(vm11:m0) Got connection from reducer vm14:r0
(vm11:m0:th0) connection started, have to send 654081872 bytes to vm14:r0
(vm11:m0:th0) all data sent, closing connection to vm14:r0
(vm11:m0:th0) waiting for something to do...
(vm11:m0) Got connection from reducer vm35:r0
(vm11:m0:th1) connection started, have to send 654081872 bytes to vm35:r0
(vm11:m0:th1) all data sent, closing connection to vm35:r0
(vm11:m0:th1) waiting for something to do...
(vm11:m0) Got connection from reducer vm39:r0
(vm11:m0:th0) connection started, have to send 654081872 bytes to vm39:r0
(vm11:m0:th0) all data sent, closing connection to vm39:r0
(vm11:m0:th0) waiting for something to do...
(vm11:m0) Got connection from reducer vm10:r0
(vm11:m0:th1) connection started, have to send 654081872 bytes to vm10:r0
(vm11:m0:th1) all data sent, closing connection to vm10:r0
(vm11:m0:th1) waiting for something to do...
(vm11:m0) Got connection from reducer vm27:r0
(vm11:m0:th0) connection started, have to send 654081872 bytes to vm27:r0
(vm11:m0:th0) all data sent, closing connection to vm27:r0
(vm11:m0:th0) waiting for something to do...
(vm11:m0) Got connection from reducer vm24:r0
(vm11:m0:th1) connection started, have to send 654081872 bytes to vm24:r0
(vm11:m0:th1) all data sent, closing connection to vm24:r0
(vm11:m0:th1) waiting for something to do...
(vm11:m0) Got connection from reducer vm31:r0
(vm11:m0:th0) connection started, have to send 654081872 bytes to vm31:r0
(vm11:m0:th0) all data sent, closing connection to vm31:r0
(vm11:m0:th0) waiting for something to do...
(vm11:m0) Got connection from reducer vm22:r0
(vm11:m0:th1) connection started, have to send 654081872 bytes to vm22:r0
(vm11:m0:th1) all data sent, closing connection to vm22:r0
(vm11:m0:th1) waiting for something to do...
(vm11:m0) Got connection from reducer vm34:r0
(vm11:m0:th0) connection started, have to send 654081872 bytes to vm34:r0
(vm11:m0:th0) all data sent, closing connection to vm34:r0
(vm11:m0:th0) waiting for something to do...
(vm11:m0) Got connection from reducer vm8:r0
(vm11:m0:th1) connection started, have to send 654081872 bytes to vm8:r0
(vm11:m0:th1) all data sent, closing connection to vm8:r0
(vm11:m0:th1) waiting for something to do...
(vm11:m0) Got connection from reducer vm2:r0
(vm11:m0:th0) connection started, have to send 654081872 bytes to vm2:r0
(vm11:m0:th0) all data sent, closing connection to vm2:r0
(vm11:m0:th0) waiting for something to do...
(vm11:m0) Got connection from reducer vm7:r0
(vm11:m0:th1) connection started, have to send 654081872 bytes to vm7:r0
(vm11:m0:th1) all data sent, closing connection to vm7:r0
(vm11:m0:th1) waiting for something to do...
(vm11:m0) Got connection from reducer vm4:r0
(vm11:m0) All reducers connected, waiting for threads to terminate
(vm11:m0) waiting on semaphore
(vm11:m0) -> 1 threads still running
(vm11:m0) waiting on semaphore
(vm11:m0) -> 1 threads still running
(vm11:m0) waiting on semaphore
(vm11:m0) -> 1 threads still running
(vm11:m0) waiting on semaphore
(vm11:m0) -> 1 threads still running
(vm11:m0) waiting on semaphore
(vm11:m0) -> 1 threads still running
(vm11:m0) waiting on semaphore
(vm11:m0) -> 1 threads still running
(vm11:m0) waiting on semaphore
(vm11:m0) -> 1 threads still running
(vm11:m0) waiting on semaphore
(vm11:m0) -> 1 threads still running
(vm11:m0) waiting on semaphore
(vm11:m0) -> 1 threads still running
(vm11:m0) waiting on semaphore
(vm11:m0) -> 1 threads still running
(vm11:m0) waiting on semaphore
(vm11:m0) -> 1 threads still running
(vm11:m0) waiting on semaphore
(vm11:m0) -> 1 threads still running
(vm11:m0) waiting on semaphore
(vm11:m0) -> 1 threads still running
(vm11:m0) waiting on semaphore
(vm11:m0) -> 1 threads still running
(vm11:m0) waiting on semaphore
(vm11:m0) -> 1 threads still running
(vm11:m0) waiting on semaphore
(vm11:m0) -> 1 threads still running
(vm11:m0) waiting on semaphore
(vm11:m0) -> 1 threads still running
(vm11:m0) waiting on semaphore
(vm11:m0) -> 1 threads still running
(vm11:m0) waiting on semaphore
(vm11:m0) -> 1 threads still running
(vm11:m0) waiting on semaphore
(vm11:m0) -> 1 threads still running
(vm11:m0) waiting on semaphore
(vm11:m0) -> 1 threads still running
(vm11:m0) waiting on semaphore
(vm11:m0) -> 1 threads still running
(vm11:m0) waiting on semaphore
(vm11:m0) -> 1 threads still running
(vm11:m0) waiting on semaphore
(vm11:m0) -> 1 threads still running
(vm11:m0) waiting on semaphore
(vm11:m0) -> 1 threads still running
(vm11:m0) waiting on semaphore
(vm11:m0) -> 1 threads still running
(vm11:m0) waiting on semaphore
(vm11:m0) -> 1 threads still running
(vm11:m0) waiting on semaphore
(vm11:m0) -> 1 threads still running
(vm11:m0) waiting on semaphore
(vm11:m0) -> 1 threads still running
(vm11:m0) waiting on semaphore
(vm11:m0) -> 1 threads still running
(vm11:m0) waiting on semaphore
(vm11:m0) -> 1 threads still running
(vm11:m0) waiting on semaphore
(vm11:m0) -> 1 threads still running
(vm11:m0) waiting on semaphore
(vm11:m0) -> 1 threads still running
(vm11:m0) waiting on semaphore
(vm11:m0) -> 1 threads still running
(vm11:m0) waiting on semaphore
(vm11:m0) -> 1 threads still running
(vm11:m0) waiting on semaphore
(vm11:m0) -> 1 threads still running
(vm11:m0) waiting on semaphore
(vm11:m0) -> 1 threads still running
(vm11:m0) waiting on semaphore
(vm11:m0) -> 1 threads still running
(vm11:m0) waiting on semaphore
(vm11:m0) -> 1 threads still running
(vm11:m0) waiting on semaphore
(vm11:m0:th0) connection started, have to send 654081872 bytes to vm4:r0
(vm11:m0:th0) all data sent, closing connection to vm4:r0
(vm11:m0:th0) waiting for something to do...
(vm11:m0) Sending exit signal to all threads
(vm11:m0:th1) got exit signal
(vm11:m0:th2) got exit signal
(vm11:m0:th0) got exit signal
(vm11:m0) thread vm11:m0:th0 joined
(vm11:m0) thread vm11:m0:th1 joined
(vm11:m0) thread vm11:m0:th2 joined
(vm11:m0) all done, exiting
*RES* start node vm11:m0
*RES* vm11:m0:th1,1406621164172,7472,853,654081873
*RES* vm11:m0:th2,1406621179279,3083,691,654081873
*RES* vm11:m0:th1,1406621183016,0,853,654081873
*RES* vm11:m0:th2,1406621184469,0,691,654081873
*RES* vm11:m0:th1,1406621185409,0,853,654081873
*RES* vm11:m0:th2,1406621186452,0,692,654081873
*RES* vm11:m0:th1,1406621186624,0,853,654081873
*RES* vm11:m0:th2,1406621189532,0,692,654081873
*RES* vm11:m0:th1,1406621189636,0,853,654081873
*RES* vm11:m0:th0,1406621164077,26838,594,654081873
*RES* vm11:m0:th1,1406621191661,0,853,654081873
*RES* vm11:m0:th0,1406621192221,0,594,654081873
*RES* vm11:m0:th1,1406621192255,0,854,654081873
*RES* vm11:m0:th0,1406621192367,0,594,654081873
*RES* vm11:m0:th1,1406621192413,0,854,654081873
*RES* vm11:m0:th0,1406621192631,0,594,654081873
*RES* vm11:m0:th1,1406621192670,0,854,654081873
*RES* vm11:m0:th0,1406621192781,0,594,654081873
*RES* vm11:m0:th1,1406621192803,0,854,654081873
*RES* vm11:m0:th0,1406621192891,0,594,654081873
*RES* vm11:m0:th1,1406621192916,0,854,654081873
*RES* vm11:m0:th0,1406621192974,0,594,654081873
*RES* vm11:m0:th1,1406621192976,0,854,654081873
*RES* vm11:m0:th0,1406621192977,0,594,654081873
*RES* vm11:m0:th1,1406621193024,0,854,654081873
*RES* vm11:m0:th0,1406621193050,0,594,654081873
*RES* vm11:m0:th1,1406621193062,0,854,654081873
*RES* vm11:m0:th0,1406621193116,0,595,654081873
*RES* vm11:m0:th1,1406621193147,0,854,654081873
*RES* vm11:m0:th0,1406621193161,0,595,654081873
*RES* vm11:m0:th1,1406621193189,0,854,654081873
*RES* vm11:m0:th0,1406621193192,0,595,654081873
*RES* vm11:m0:th1,1406621193219,0,854,654081873
*RES* vm11:m0:th0,1406621193225,0,595,654081873
*RES* vm11:m0:th1,1406621193253,0,854,654081873
*RES* vm11:m0:th0,1406621193272,0,595,654081873
*RES* vm11:m0:th1,1406621193305,0,855,654081873
*RES* vm11:m0:th0,1406621193342,0,595,654081873
*RES* vm11:m0:th0,1406621193481,0,595,654081873
*RES* vm11:m0:th1,1406621193376,0,855,654081873
*RES* vm11:m0:th2,1406621190734,0,692,654081873
*RES* end node vm11:m0
(main) Thread vm11:m0 joined
(main) Waiting for thread vm11:m0 to join...
*RES* start node vm11:r0
*RES* vm11:r0:th0:0,1406621132860,25544,715,654081873
*RES* vm11:r0:th0:1,1406621158404,26064,1656,1308163746
*RES* vm11:r0:th0:2,1406621184468,1,1657,1308163747
*RES* vm11:r0:th0:3,1406621184469,775,2311,1962245620
*RES* vm11:r0:th0:4,1406621185244,542,2764,2616327493
*RES* vm11:r0:th0:5,1406621185786,2,2764,2616327494
*RES* vm11:r0:th0:6,1406621185788,1,2764,2616327495
*RES* vm11:r0:th0:7,1406621185789,526,3122,3270409368
*RES* vm11:r0:th0:8,1406621186315,1,3122,3270409369
*RES* vm11:r0:th1:0,1406621132860,25762,727,654081873
*RES* vm11:r0:th1:1,1406621158622,16,728,654081874
*RES* vm11:r0:th1:2,1406621158639,10868,1632,1308163747
*RES* vm11:r0:th1:3,1406621169507,52,1633,1308163748
*RES* vm11:r0:th1:4,1406621169559,20,1633,1308163749
*RES* vm11:r0:th1:5,1406621169579,30,1634,1308163750
*RES* vm11:r0:th1:6,1406621169609,12,1635,1308163751
*RES* vm11:r0:th1:7,1406621169621,9107,2479,1962245624
*RES* vm11:r0:th2:0,1406621132860,25898,713,654081873
*RES* vm11:r0:th2:1,1406621158758,2,713,654081874
*RES* vm11:r0:th2:2,1406621158760,10065,1536,1308163747
*RES* vm11:r0:th2:3,1406621168826,9331,2373,1962245620
*RES* vm11:r0:th2:4,1406621178157,15,2374,1962245621
*RES* vm11:r0:th2:5,1406621178173,21,2374,1962245622
*RES* vm11:r0:th2:6,1406621178193,10,2375,1962245623
*RES* vm11:r0:th2:7,1406621178203,6339,3056,2616327496
*RES* vm11:r0:th3:0,1406621132860,26395,728,654081873
*RES* vm11:r0:th3:1,1406621159255,11,729,654081874
*RES* vm11:r0:th3:2,1406621159266,8,729,654081875
*RES* vm11:r0:th3:3,1406621159275,8909,1603,1308163748
*RES* vm11:r0:th3:4,1406621168183,43,1604,1308163749
*RES* vm11:r0:th3:5,1406621168226,23,1605,1308163750
*RES* vm11:r0:th3:6,1406621168249,10285,2462,1962245623
*RES* vm11:r0:th3:7,1406621178534,15,2465,1962245624
*RES* vm11:r0:th4:0,1406621132860,26628,711,654081873
*RES* vm11:r0:th4:1,1406621159487,16662,1648,1308163746
*RES* vm11:r0:th4:2,1406621176149,13,1648,1308163747
*RES* vm11:r0:th4:3,1406621176162,26,1649,1308163748
*RES* vm11:r0:th4:4,1406621176188,23,1650,1308163749
*RES* vm11:r0:th4:5,1406621176212,27,1651,1308163750
*RES* vm11:r0:th4:6,1406621176239,6104,2390,1962245623
*RES* vm11:r0:th4:7,1406621182343,3,2391,1962245624
*RES* end node vm11:r0
(main) Thread vm11:r0 joined
Worker terminating correctly
