OSMeF worker starting
Enabling core dumping
Listening for command connection
CONF: mapper on port 23330
CONF: -> will serve 41 reducers
(main) new thread ID: vm17:m0
(vm17:m0) Mapper thread started
(vm17:m0) Binding to port 23330
(vm17:m0) Got START signal
(vm17:m0) new thread ID: vm17:m0:th0
(vm17:m0:th0) waiting for something to do...
CONF: reducer
(main) new thread ID: vm17:r0
(vm17:r0) Reducer thread started
(vm17:r0) waiting for START message
(main) Waiting for thread vm17:m0 to join...
(vm17:r0) got START message
(vm17:r0) new thread ID: th0
(vm17:r0) new thread ID: th1
(vm17:r0) new thread ID: th2
(vm17:r0) new thread ID: th3
(vm17:r0) new thread ID: th4
(vm17:r0:th3:0) Connection established with mapper vm4:m0
(vm17:r0:th1:0) Connection established with mapper vm2:m0
(vm17:r0:th0:0) Connection established with mapper vm1:m0
(vm17:r0:th2:0) Connection established with mapper vm3:m0
(vm17:r0:th4:0) Connection established with mapper vm5:m0
(vm17:m0) Got connection from reducer vm41:r0
(vm17:m0) new thread ID: vm17:m0:th1
(vm17:m0:th0) connection started, have to send 654081872 bytes to vm41:r0
(vm17:m0:th1) waiting for something to do...
(vm17:m0:th0) all data sent, closing connection to vm41:r0
(vm17:m0:th0) waiting for something to do...
(vm17:m0) Got connection from reducer vm29:r0
(vm17:m0:th1) connection started, have to send 654081872 bytes to vm29:r0
(vm17:m0) Got connection from reducer vm34:r0
(vm17:m0) new thread ID: vm17:m0:th2
(vm17:m0:th0) connection started, have to send 654081872 bytes to vm34:r0
(vm17:m0:th0) all data sent, closing connection to vm34:r0
(vm17:m0:th0) waiting for something to do...
(vm17:m0:th2) waiting for something to do...
(vm17:r0:th1:0) Connection to vm2:m0 finished, received 654081873 bytes
(vm17:r0:th1:1) Connection established with mapper vm7:m0
(vm17:m0) Got connection from reducer vm7:r0
(vm17:m0:th2) connection started, have to send 654081872 bytes to vm7:r0
(vm17:m0) Got connection from reducer vm32:r0
(vm17:m0) new thread ID: vm17:m0:th3
(vm17:m0:th0) connection started, have to send 654081872 bytes to vm32:r0
(vm17:m0:th0) all data sent, closing connection to vm32:r0
(vm17:m0:th0) waiting for something to do...
(vm17:m0:th3) waiting for something to do...
(vm17:m0) Got connection from reducer vm18:r0
(vm17:m0:th3) connection started, have to send 654081872 bytes to vm18:r0
(vm17:m0) Got connection from reducer vm15:r0
(vm17:m0) new thread ID: vm17:m0:th4
(vm17:m0:th0) connection started, have to send 654081872 bytes to vm15:r0
(vm17:m0:th0) all data sent, closing connection to vm15:r0
(vm17:m0:th0) waiting for something to do...
(vm17:m0:th4) waiting for something to do...
(vm17:m0) Got connection from reducer vm12:r0
(vm17:m0:th4) connection started, have to send 654081872 bytes to vm12:r0
(vm17:m0) Got connection from reducer vm37:r0
(vm17:m0) new thread ID: vm17:m0:th5
(vm17:m0:th0) connection started, have to send 654081872 bytes to vm37:r0
(vm17:m0:th0) all data sent, closing connection to vm37:r0
(vm17:m0:th0) waiting for something to do...
(vm17:m0:th5) waiting for something to do...
(vm17:r0:th0:0) Connection to vm1:m0 finished, received 654081873 bytes
(vm17:r0:th0:1) Connection established with mapper vm6:m0
(vm17:r0:th3:0) Connection to vm4:m0 finished, received 654081873 bytes
(vm17:r0:th3:1) Connection established with mapper vm9:m0
(vm17:r0:th3:1) Connection to vm9:m0 finished, received 654081874 bytes
(vm17:r0:th3:2) Connection established with mapper vm14:m0
(vm17:r0:th2:0) Connection to vm3:m0 finished, received 654081873 bytes
(vm17:r0:th2:1) Connection established with mapper vm8:m0
(vm17:r0:th2:1) Connection to vm8:m0 finished, received 654081874 bytes
(vm17:r0:th2:2) Connection established with mapper vm13:m0
(vm17:m0:th1) all data sent, closing connection to vm29:r0
(vm17:m0:th1) waiting for something to do...
(vm17:r0:th4:0) Connection to vm5:m0 finished, received 654081873 bytes
(vm17:r0:th4:1) Connection established with mapper vm10:m0
(vm17:m0) Got connection from reducer vm13:r0
(vm17:m0:th5) connection started, have to send 654081872 bytes to vm13:r0
(vm17:m0) Got connection from reducer vm1:r0
(vm17:m0:th0) connection started, have to send 654081872 bytes to vm1:r0
(vm17:m0:th0) all data sent, closing connection to vm1:r0
(vm17:m0:th0) waiting for something to do...
(vm17:m0) Got connection from reducer vm25:r0
(vm17:m0) Got connection from reducer vm5:r0
(vm17:m0) new thread ID: vm17:m0:th6
(vm17:m0:th1) connection started, have to send 654081872 bytes to vm25:r0
(vm17:m0:th0) connection started, have to send 654081872 bytes to vm5:r0
(vm17:m0:th0) all data sent, closing connection to vm5:r0
(vm17:m0:th0) waiting for something to do...
(vm17:m0:th1) all data sent, closing connection to vm25:r0
(vm17:m0:th1) waiting for something to do...
(vm17:m0:th6) waiting for something to do...
(vm17:m0) Got connection from reducer vm3:r0
(vm17:m0:th6) connection started, have to send 654081872 bytes to vm3:r0
(vm17:m0) Got connection from reducer vm36:r0
(vm17:m0:th0) connection started, have to send 654081872 bytes to vm36:r0
(vm17:m0:th0) all data sent, closing connection to vm36:r0
(vm17:m0:th0) waiting for something to do...
(vm17:m0) Got connection from reducer vm2:r0
(vm17:m0:th1) connection started, have to send 654081872 bytes to vm2:r0
(vm17:m0:th1) all data sent, closing connection to vm2:r0
(vm17:m0:th1) waiting for something to do...
(vm17:m0:th3) all data sent, closing connection to vm18:r0
(vm17:m0:th3) waiting for something to do...
(vm17:m0) Got connection from reducer vm39:r0
(vm17:m0:th0) connection started, have to send 654081872 bytes to vm39:r0
(vm17:m0:th0) all data sent, closing connection to vm39:r0
(vm17:m0:th0) waiting for something to do...
(vm17:m0) Got connection from reducer vm26:r0
(vm17:m0:th1) connection started, have to send 654081872 bytes to vm26:r0
(vm17:m0:th1) all data sent, closing connection to vm26:r0
(vm17:m0:th1) waiting for something to do...
(vm17:m0) Got connection from reducer vm23:r0
(vm17:m0) Got connection from reducer vm11:r0
(vm17:m0:th0) connection started, have to send 654081872 bytes to vm23:r0
(vm17:m0:th1) connection started, have to send 654081872 bytes to vm11:r0
(vm17:m0:th1) all data sent, closing connection to vm11:r0
(vm17:m0:th1) waiting for something to do...
(vm17:m0:th0) all data sent, closing connection to vm23:r0
(vm17:m0:th0) waiting for something to do...
(vm17:m0) Got connection from reducer vm33:r0
(vm17:m0:th3) connection started, have to send 654081872 bytes to vm33:r0
(vm17:m0:th3) all data sent, closing connection to vm33:r0
(vm17:m0:th3) waiting for something to do...
(vm17:m0) Got connection from reducer vm27:r0
(vm17:m0:th0) connection started, have to send 654081872 bytes to vm27:r0
(vm17:m0:th0) all data sent, closing connection to vm27:r0
(vm17:m0:th0) waiting for something to do...
(vm17:m0:th4) all data sent, closing connection to vm12:r0
(vm17:m0:th4) waiting for something to do...
(vm17:r0:th3:2) Connection to vm14:m0 finished, received 1308163747 bytes
(vm17:r0:th3:3) Connection established with mapper vm19:m0
(vm17:r0:th3:3) Connection to vm19:m0 finished, received 1308163748 bytes
(vm17:r0:th3:4) Connection established with mapper vm24:m0
(vm17:r0:th3:4) Connection to vm24:m0 finished, received 1308163749 bytes
(vm17:r0:th3:5) Connection established with mapper vm29:m0
(vm17:r0:th3:5) Connection to vm29:m0 finished, received 1308163750 bytes
(vm17:r0:th3:6) Connection established with mapper vm34:m0
(vm17:r0:th3:6) Connection to vm34:m0 finished, received 1308163751 bytes
(vm17:r0:th3:7) Connection established with mapper vm39:m0
(vm17:m0:th6) all data sent, closing connection to vm3:r0
(vm17:m0:th6) waiting for something to do...
(vm17:r0:th2:2) Connection to vm13:m0 finished, received 1308163747 bytes
(vm17:r0:th2:3) Connection established with mapper vm18:m0
(vm17:r0:th2:3) Connection to vm18:m0 finished, received 1308163748 bytes
(vm17:r0:th2:4) Connection established with mapper vm23:m0
(vm17:r0:th2:4) Connection to vm23:m0 finished, received 1308163749 bytes
(vm17:r0:th2:5) Connection established with mapper vm28:m0
(vm17:r0:th2:5) Connection to vm28:m0 finished, received 1308163750 bytes
(vm17:r0:th2:6) Connection established with mapper vm33:m0
(vm17:r0:th2:6) Connection to vm33:m0 finished, received 1308163751 bytes
(vm17:r0:th2:7) Connection established with mapper vm38:m0
(vm17:r0:th2:7) Connection to vm38:m0 finished, received 1308163752 bytes
(vm17:r0:th2) Got data from all mappers, this reducer connection has finished.
(vm17:m0) Got connection from reducer vm16:r0
(vm17:m0:th1) connection started, have to send 654081872 bytes to vm16:r0
(vm17:m0:th1) all data sent, closing connection to vm16:r0
(vm17:m0:th1) waiting for something to do...
(vm17:m0:th5) all data sent, closing connection to vm13:r0
(vm17:m0:th5) waiting for something to do...
(vm17:m0) Got connection from reducer vm35:r0
(vm17:m0:th0) connection started, have to send 654081872 bytes to vm35:r0
(vm17:m0:th0) all data sent, closing connection to vm35:r0
(vm17:m0:th0) waiting for something to do...
(vm17:m0) Got connection from reducer vm24:r0
(vm17:m0:th1) connection started, have to send 654081872 bytes to vm24:r0
(vm17:m0:th1) all data sent, closing connection to vm24:r0
(vm17:m0:th1) waiting for something to do...
(vm17:m0) Got connection from reducer vm30:r0
(vm17:m0:th0) connection started, have to send 654081872 bytes to vm30:r0
(vm17:m0:th0) all data sent, closing connection to vm30:r0
(vm17:m0:th0) waiting for something to do...
(vm17:m0) Got connection from reducer vm21:r0
(vm17:m0:th1) connection started, have to send 654081872 bytes to vm21:r0
(vm17:m0:th1) all data sent, closing connection to vm21:r0
(vm17:m0:th1) waiting for something to do...
(vm17:m0) Got connection from reducer vm28:r0
(vm17:m0:th0) connection started, have to send 654081872 bytes to vm28:r0
(vm17:m0:th0) all data sent, closing connection to vm28:r0
(vm17:m0:th0) waiting for something to do...
(vm17:m0) Got connection from reducer vm38:r0
(vm17:m0:th1) connection started, have to send 654081872 bytes to vm38:r0
(vm17:m0:th1) all data sent, closing connection to vm38:r0
(vm17:m0:th1) waiting for something to do...
(vm17:m0) Got connection from reducer vm22:r0
(vm17:m0:th0) connection started, have to send 654081872 bytes to vm22:r0
(vm17:m0:th0) all data sent, closing connection to vm22:r0
(vm17:m0:th0) waiting for something to do...
(vm17:m0) Got connection from reducer vm40:r0
(vm17:m0:th1) connection started, have to send 654081872 bytes to vm40:r0
(vm17:m0:th1) all data sent, closing connection to vm40:r0
(vm17:m0:th1) waiting for something to do...
(vm17:r0:th1:1) Connection to vm7:m0 finished, received 1308163746 bytes
(vm17:m0) Got connection from reducer vm19:r0
(vm17:m0:th0) connection started, have to send 654081872 bytes to vm19:r0
(vm17:m0:th0) all data sent, closing connection to vm19:r0
(vm17:m0:th0) waiting for something to do...
(vm17:r0:th1:2) Connection established with mapper vm12:m0
(vm17:r0:th1:2) Connection to vm12:m0 finished, received 1308163747 bytes
(vm17:r0:th1:3) Connection established with mapper vm17:m0
(vm17:m0) Got connection from reducer vm17:r0
(vm17:m0:th1) connection started, have to send 654081872 bytes to vm17:r0
(vm17:m0:th1) all data sent, closing connection to vm17:r0
(vm17:m0:th1) waiting for something to do...
(vm17:r0:th1:3) Connection to vm17:m0 finished, received 1308163748 bytes
(vm17:r0:th1:4) Connection established with mapper vm22:m0
(vm17:r0:th1:4) Connection to vm22:m0 finished, received 1308163749 bytes
(vm17:r0:th1:5) Connection established with mapper vm27:m0
(vm17:r0:th1:5) Connection to vm27:m0 finished, received 1308163750 bytes
(vm17:r0:th1:6) Connection established with mapper vm32:m0
(vm17:r0:th1:6) Connection to vm32:m0 finished, received 1308163751 bytes
(vm17:r0:th1:7) Connection established with mapper vm37:m0
(vm17:r0:th1:7) Connection to vm37:m0 finished, received 1308163752 bytes
(vm17:r0:th1) Got data from all mappers, this reducer connection has finished.
(vm17:m0:th2) all data sent, closing connection to vm7:r0
(vm17:m0:th2) waiting for something to do...
(vm17:m0) Got connection from reducer vm8:r0
(vm17:m0:th0) connection started, have to send 654081872 bytes to vm8:r0
(vm17:m0:th0) all data sent, closing connection to vm8:r0
(vm17:m0:th0) waiting for something to do...
(vm17:m0) Got connection from reducer vm31:r0
(vm17:m0:th1) connection started, have to send 654081872 bytes to vm31:r0
(vm17:m0:th1) all data sent, closing connection to vm31:r0
(vm17:m0:th1) waiting for something to do...
(vm17:m0) Got connection from reducer vm14:r0
(vm17:m0:th0) connection started, have to send 654081872 bytes to vm14:r0
(vm17:m0:th0) all data sent, closing connection to vm14:r0
(vm17:m0:th0) waiting for something to do...
(vm17:m0) Got connection from reducer vm4:r0
(vm17:m0:th1) connection started, have to send 654081872 bytes to vm4:r0
(vm17:m0:th1) all data sent, closing connection to vm4:r0
(vm17:m0:th1) waiting for something to do...
(vm17:r0:th3:7) Connection to vm39:m0 finished, received 1962245624 bytes
(vm17:r0:th3) Got data from all mappers, this reducer connection has finished.
(vm17:m0) Got connection from reducer vm20:r0
(vm17:m0:th0) connection started, have to send 654081872 bytes to vm20:r0
(vm17:m0:th0) all data sent, closing connection to vm20:r0
(vm17:m0:th0) waiting for something to do...
(vm17:m0) Got connection from reducer vm9:r0
(vm17:m0:th1) connection started, have to send 654081872 bytes to vm9:r0
(vm17:m0:th1) all data sent, closing connection to vm9:r0
(vm17:m0:th1) waiting for something to do...
(vm17:r0:th4:1) Connection to vm10:m0 finished, received 1308163746 bytes
(vm17:r0:th4:2) Connection established with mapper vm15:m0
(vm17:r0:th4:2) Connection to vm15:m0 finished, received 1308163747 bytes
(vm17:r0:th4:3) Connection established with mapper vm20:m0
(vm17:r0:th4:3) Connection to vm20:m0 finished, received 1308163748 bytes
(vm17:r0:th4:4) Connection established with mapper vm25:m0
(vm17:r0:th4:4) Connection to vm25:m0 finished, received 1308163749 bytes
(vm17:r0:th4:5) Connection established with mapper vm30:m0
(vm17:r0:th4:5) Connection to vm30:m0 finished, received 1308163750 bytes
(vm17:r0:th4:6) Connection established with mapper vm35:m0
(vm17:r0:th4:6) Connection to vm35:m0 finished, received 1308163751 bytes
(vm17:r0:th4:7) Connection established with mapper vm40:m0
(vm17:r0:th4:7) Connection to vm40:m0 finished, received 1308163752 bytes
(vm17:r0:th4) Got data from all mappers, this reducer connection has finished.
(vm17:m0) Got connection from reducer vm10:r0
(vm17:m0:th0) connection started, have to send 654081872 bytes to vm10:r0
(vm17:m0:th0) all data sent, closing connection to vm10:r0
(vm17:m0:th0) waiting for something to do...
(vm17:m0) Got connection from reducer vm6:r0
(vm17:m0) All reducers connected, waiting for threads to terminate
(vm17:m0) waiting on semaphore
(vm17:m0) -> 1 threads still running
(vm17:m0) waiting on semaphore
(vm17:m0) -> 1 threads still running
(vm17:m0) waiting on semaphore
(vm17:m0) -> 1 threads still running
(vm17:m0) waiting on semaphore
(vm17:m0) -> 1 threads still running
(vm17:m0) waiting on semaphore
(vm17:m0) -> 1 threads still running
(vm17:m0) waiting on semaphore
(vm17:m0) -> 1 threads still running
(vm17:m0) waiting on semaphore
(vm17:m0) -> 1 threads still running
(vm17:m0) waiting on semaphore
(vm17:m0) -> 1 threads still running
(vm17:m0) waiting on semaphore
(vm17:m0) -> 1 threads still running
(vm17:m0) waiting on semaphore
(vm17:m0) -> 1 threads still running
(vm17:m0) waiting on semaphore
(vm17:m0) -> 1 threads still running
(vm17:m0) waiting on semaphore
(vm17:m0) -> 1 threads still running
(vm17:m0) waiting on semaphore
(vm17:m0) -> 1 threads still running
(vm17:m0) waiting on semaphore
(vm17:m0) -> 1 threads still running
(vm17:m0) waiting on semaphore
(vm17:m0) -> 1 threads still running
(vm17:m0) waiting on semaphore
(vm17:m0) -> 1 threads still running
(vm17:m0) waiting on semaphore
(vm17:m0) -> 1 threads still running
(vm17:m0) waiting on semaphore
(vm17:m0) -> 1 threads still running
(vm17:m0) waiting on semaphore
(vm17:m0) -> 1 threads still running
(vm17:m0) waiting on semaphore
(vm17:m0) -> 1 threads still running
(vm17:m0) waiting on semaphore
(vm17:m0) -> 1 threads still running
(vm17:m0) waiting on semaphore
(vm17:m0) -> 1 threads still running
(vm17:m0) waiting on semaphore
(vm17:m0) -> 1 threads still running
(vm17:m0) waiting on semaphore
(vm17:m0) -> 1 threads still running
(vm17:m0) waiting on semaphore
(vm17:m0) -> 1 threads still running
(vm17:m0) waiting on semaphore
(vm17:m0) -> 1 threads still running
(vm17:m0) waiting on semaphore
(vm17:m0) -> 1 threads still running
(vm17:m0) waiting on semaphore
(vm17:m0) -> 1 threads still running
(vm17:m0) waiting on semaphore
(vm17:m0) -> 1 threads still running
(vm17:m0) waiting on semaphore
(vm17:m0) -> 1 threads still running
(vm17:m0) waiting on semaphore
(vm17:m0) -> 1 threads still running
(vm17:m0) waiting on semaphore
(vm17:m0) -> 1 threads still running
(vm17:m0) waiting on semaphore
(vm17:m0) -> 1 threads still running
(vm17:m0) waiting on semaphore
(vm17:m0) -> 1 threads still running
(vm17:m0) waiting on semaphore
(vm17:m0) -> 1 threads still running
(vm17:m0) waiting on semaphore
(vm17:m0) -> 1 threads still running
(vm17:m0) waiting on semaphore
(vm17:m0) -> 1 threads still running
(vm17:m0) waiting on semaphore
(vm17:m0) -> 1 threads still running
(vm17:m0) waiting on semaphore
(vm17:m0) -> 1 threads still running
(vm17:m0) waiting on semaphore
(vm17:m0:th1) connection started, have to send 654081872 bytes to vm6:r0
(vm17:m0:th1) all data sent, closing connection to vm6:r0
(vm17:m0:th1) waiting for something to do...
(vm17:m0) Sending exit signal to all threads
(vm17:m0:th0) got exit signal
(vm17:m0:th2) got exit signal
(vm17:m0:th3) got exit signal
(vm17:m0:th4) got exit signal
(vm17:m0:th5) got exit signal
(vm17:m0:th6) got exit signal
(vm17:m0:th1) got exit signal
(vm17:m0) thread vm17:m0:th0 joined
(vm17:m0) thread vm17:m0:th1 joined
(vm17:m0) thread vm17:m0:th2 joined
(vm17:m0) thread vm17:m0:th3 joined
(vm17:m0) thread vm17:m0:th4 joined
(vm17:m0) thread vm17:m0:th5 joined
(vm17:m0) thread vm17:m0:th6 joined
(vm17:m0) all done, exiting
*RES* start node vm17:m0
*RES* vm17:m0:th0,1406621148766,2041,590,654081873
*RES* vm17:m0:th0,1406621158386,0,590,654081873
*RES* vm17:m0:th0,1406621158614,0,591,654081873
*RES* vm17:m0:th0,1406621158899,0,591,654081873
*RES* vm17:m0:th0,1406621159038,0,591,654081873
*RES* vm17:m0:th1,1406621157923,2446,679,654081873
*RES* vm17:m0:th0,1406621161237,0,591,654081873
*RES* vm17:m0:th0,1406621163139,0,591,654081873
*RES* vm17:m0:th1,1406621163139,0,679,654081873
*RES* vm17:m0:th0,1406621166252,0,591,654081873
*RES* vm17:m0:th1,1406621166801,1,681,654081873
*RES* vm17:m0:th0,1406621168369,0,591,654081873
*RES* vm17:m0:th1,1406621168761,0,681,654081873
*RES* vm17:m0:th3,1406621158757,8421,854,654081873
*RES* vm17:m0:th0,1406621169490,0,592,654081873
*RES* vm17:m0:th1,1406621169490,0,681,654081873
*RES* vm17:m0:th0,1406621170276,0,593,654081873
*RES* vm17:m0:th1,1406621173413,0,681,654081873
*RES* vm17:m0:th0,1406621177924,0,593,654081873
*RES* vm17:m0:th1,1406621178074,0,681,654081873
*RES* vm17:m0:th0,1406621178209,0,593,654081873
*RES* vm17:m0:th1,1406621178596,0,682,654081873
*RES* vm17:m0:th0,1406621178795,0,593,654081873
*RES* vm17:m0:th1,1406621178831,0,682,654081873
*RES* vm17:m0:th0,1406621178933,0,593,654081873
*RES* vm17:m0:th1,1406621179798,0,682,654081873
*RES* vm17:m0:th0,1406621179964,0,593,654081873
*RES* vm17:m0:th1,1406621179972,0,683,654081873
*RES* vm17:m0:th0,1406621180658,0,594,654081873
*RES* vm17:m0:th1,1406621180811,0,683,654081873
*RES* vm17:m0:th0,1406621180836,0,594,654081873
*RES* vm17:m0:th1,1406621181301,0,683,654081873
*RES* vm17:m0:th0,1406621182356,0,594,654081873
*RES* vm17:m0:th1,1406621182972,0,683,654081873
*RES* vm17:m0:th0,1406621185066,0,594,654081873
*RES* vm17:m0:th1,1406621188873,0,683,654081873
*RES* vm17:m0:th2,1406621158597,21706,802,654081873
*RES* vm17:m0:th3,1406621170223,0,854,654081873
*RES* vm17:m0:th4,1406621158922,13556,905,654081873
*RES* vm17:m0:th5,1406621160901,15367,796,654081873
*RES* vm17:m0:th6,1406621164141,9028,885,654081873
*RES* end node vm17:m0
(main) Thread vm17:m0 joined
(main) Waiting for thread vm17:r0 to join...
(vm17:r0:th0:1) Connection to vm6:m0 finished, received 1308163746 bytes
(vm17:r0:th0:2) Connection established with mapper vm11:m0
(vm17:r0:th0:2) Connection to vm11:m0 finished, received 1308163747 bytes
(vm17:r0:th0:3) Connection established with mapper vm16:m0
(vm17:r0:th0:3) Connection to vm16:m0 finished, received 1308163748 bytes
(vm17:r0:th0:4) Connection established with mapper vm21:m0
(vm17:r0:th0:4) Connection to vm21:m0 finished, received 1308163749 bytes
(vm17:r0:th0:5) Connection established with mapper vm26:m0
(vm17:r0:th0:5) Connection to vm26:m0 finished, received 1308163750 bytes
(vm17:r0:th0:6) Connection established with mapper vm31:m0
(vm17:r0:th0:6) Connection to vm31:m0 finished, received 1308163751 bytes
(vm17:r0:th0:7) Connection established with mapper vm36:m0
(vm17:r0:th0:7) Connection to vm36:m0 finished, received 1308163752 bytes
(vm17:r0:th0:8) Connection established with mapper vm41:m0
(vm17:r0:th0:8) Connection to vm41:m0 finished, received 1308163753 bytes
(vm17:r0:th0) Got data from all mappers, this reducer connection has finished.
(vm17:r0) thread th0 joined, 4 connection threads remaining
(vm17:r0) thread th1 joined, 3 connection threads remaining
(vm17:r0) thread th2 joined, 2 connection threads remaining
(vm17:r0) thread th3 joined, 1 connection threads remaining
(vm17:r0) thread th4 joined, 0 connection threads remaining
(vm17:r0) all done, exiting
*RES* start node vm17:r0
*RES* vm17:r0:th0:0,1406621132799,26500,743,654081873
*RES* vm17:r0:th0:1,1406621159299,33306,1498,1308163746
*RES* vm17:r0:th0:2,1406621192606,1,1498,1308163747
*RES* vm17:r0:th0:3,1406621192607,1,1498,1308163748
*RES* vm17:r0:th0:4,1406621192608,1,1499,1308163749
*RES* vm17:r0:th0:5,1406621192609,2,1499,1308163750
*RES* vm17:r0:th0:6,1406621192611,1,1499,1308163751
*RES* vm17:r0:th0:7,1406621192612,0,1499,1308163752
*RES* vm17:r0:th0:8,1406621192612,1,1499,1308163753
*RES* vm17:r0:th1:0,1406621132799,25756,696,654081873
*RES* vm17:r0:th1:1,1406621158555,21409,1686,1308163746
*RES* vm17:r0:th1:2,1406621179964,7,1686,1308163747
*RES* vm17:r0:th1:3,1406621179971,1,1687,1308163748
*RES* vm17:r0:th1:4,1406621179972,19,1687,1308163749
*RES* vm17:r0:th1:5,1406621179991,5,1687,1308163750
*RES* vm17:r0:th1:6,1406621179997,5,1688,1308163751
*RES* vm17:r0:th1:7,1406621180002,4,1689,1308163752
*RES* vm17:r0:th2:0,1406621132799,27109,731,654081873
*RES* vm17:r0:th2:1,1406621159908,16,732,654081874
*RES* vm17:r0:th2:2,1406621159924,13405,1632,1308163747
*RES* vm17:r0:th2:3,1406621173330,14,1632,1308163748
*RES* vm17:r0:th2:4,1406621173344,1,1632,1308163749
*RES* vm17:r0:th2:5,1406621173345,13,1633,1308163750
*RES* vm17:r0:th2:6,1406621173360,15,1633,1308163751
*RES* vm17:r0:th2:7,1406621173375,12,1634,1308163752
*RES* vm17:r0:th3:0,1406621132799,27079,846,654081873
*RES* vm17:r0:th3:1,1406621159878,19,847,654081874
*RES* vm17:r0:th3:2,1406621159897,13154,1714,1308163747
*RES* vm17:r0:th3:3,1406621173051,21,1715,1308163748
*RES* vm17:r0:th3:4,1406621173072,18,1716,1308163749
*RES* vm17:r0:th3:5,1406621173090,18,1716,1308163750
*RES* vm17:r0:th3:6,1406621173108,25,1716,1308163751
*RES* vm17:r0:th3:7,1406621173133,8804,2520,1962245624
*RES* vm17:r0:th4:0,1406621132799,28044,762,654081873
*RES* vm17:r0:th4:1,1406621160843,23648,1645,1308163746
*RES* vm17:r0:th4:2,1406621184491,4,1645,1308163747
*RES* vm17:r0:th4:3,1406621184495,1,1646,1308163748
*RES* vm17:r0:th4:4,1406621184496,2,1646,1308163749
*RES* vm17:r0:th4:5,1406621184498,1,1646,1308163750
*RES* vm17:r0:th4:6,1406621184499,2,1646,1308163751
*RES* vm17:r0:th4:7,1406621184501,1,1646,1308163752
*RES* end node vm17:r0
(main) Thread vm17:r0 joined
Worker terminating correctly
