OSMeF worker starting
Enabling core dumping
Listening for command connection
CONF: mapper on port 23330
CONF: -> will serve 41 reducers
(main) new thread ID: vm37:m0
(vm37:m0) Mapper thread started
(vm37:m0) Binding to port 23330
(vm37:m0) Got START signal
(vm37:m0) new thread ID: vm37:m0:th0
(vm37:m0:th0) waiting for something to do...
CONF: reducer
(main) new thread ID: vm37:r0
(vm37:r0) Reducer thread started
(vm37:r0) waiting for START message
(main) Waiting for thread vm37:m0 to join...
(vm37:r0) got START message
(vm37:r0) new thread ID: th0
(vm37:r0) new thread ID: th1
(vm37:r0) new thread ID: th2
(vm37:r0) new thread ID: th3
(vm37:r0) new thread ID: th4
(vm37:r0:th1:0) Connection established with mapper vm2:m0
(vm37:r0:th2:0) Connection established with mapper vm3:m0
(vm37:r0:th4:0) Connection established with mapper vm5:m0
(vm37:r0:th3:0) Connection established with mapper vm4:m0
(vm37:r0:th0:0) Connection established with mapper vm1:m0
(vm37:m0) Got connection from reducer vm41:r0
(vm37:m0) new thread ID: vm37:m0:th1
(vm37:m0:th0) connection started, have to send 654081872 bytes to vm41:r0
(vm37:m0:th1) waiting for something to do...
(vm37:m0:th0) all data sent, closing connection to vm41:r0
(vm37:m0:th0) waiting for something to do...
(vm37:r0:th0:0) Connection to vm1:m0 finished, received 654081873 bytes
(vm37:r0:th0:1) Connection established with mapper vm6:m0
(vm37:r0:th1:0) Connection to vm2:m0 finished, received 654081873 bytes
(vm37:r0:th1:1) Connection established with mapper vm7:m0
(vm37:r0:th1:1) Connection to vm7:m0 finished, received 654081874 bytes
(vm37:r0:th1:2) Connection established with mapper vm12:m0
(vm37:r0:th1:2) Connection to vm12:m0 finished, received 654081875 bytes
(vm37:r0:th1:3) Connection established with mapper vm17:m0
(vm37:r0:th1:3) Connection to vm17:m0 finished, received 654081876 bytes
(vm37:r0:th1:4) Connection established with mapper vm22:m0
(vm37:r0:th1:4) Connection to vm22:m0 finished, received 654081877 bytes
(vm37:r0:th1:5) Connection established with mapper vm27:m0
(vm37:r0:th1:5) Connection to vm27:m0 finished, received 654081878 bytes
(vm37:r0:th1:6) Connection established with mapper vm32:m0
(vm37:r0:th3:0) Connection to vm4:m0 finished, received 654081873 bytes
(vm37:r0:th3:1) Connection established with mapper vm9:m0
(vm37:r0:th2:0) Connection to vm3:m0 finished, received 654081873 bytes
(vm37:r0:th2:1) Connection established with mapper vm8:m0
(vm37:r0:th4:0) Connection to vm5:m0 finished, received 654081873 bytes
(vm37:r0:th4:1) Connection established with mapper vm10:m0
(vm37:m0) Got connection from reducer vm5:r0
(vm37:m0:th1) connection started, have to send 654081872 bytes to vm5:r0
(vm37:r0:th1:6) Connection to vm32:m0 finished, received 1308163751 bytes
(vm37:r0:th1:7) Connection established with mapper vm37:m0
(vm37:m0) Got connection from reducer vm37:r0
(vm37:m0) new thread ID: vm37:m0:th2
(vm37:m0:th0) connection started, have to send 654081872 bytes to vm37:r0
(vm37:m0:th0) all data sent, closing connection to vm37:r0
(vm37:m0:th0) waiting for something to do...
(vm37:r0:th1:7) Connection to vm37:m0 finished, received 1308163752 bytes
(vm37:r0:th1) Got data from all mappers, this reducer connection has finished.
(vm37:m0:th2) waiting for something to do...
(vm37:m0) Got connection from reducer vm32:r0
(vm37:m0:th2) connection started, have to send 654081872 bytes to vm32:r0
(vm37:m0) Got connection from reducer vm2:r0
(vm37:m0) new thread ID: vm37:m0:th3
(vm37:m0:th0) connection started, have to send 654081872 bytes to vm2:r0
(vm37:m0:th0) all data sent, closing connection to vm2:r0
(vm37:m0:th0) waiting for something to do...
(vm37:m0:th3) waiting for something to do...
(vm37:m0) Got connection from reducer vm18:r0
(vm37:m0:th3) connection started, have to send 654081872 bytes to vm18:r0
(vm37:m0) Got connection from reducer vm15:r0
(vm37:m0) new thread ID: vm37:m0:th4
(vm37:m0:th0) connection started, have to send 654081872 bytes to vm15:r0
(vm37:m0:th0) all data sent, closing connection to vm15:r0
(vm37:m0:th0) waiting for something to do...
(vm37:m0:th4) waiting for something to do...
(vm37:m0) Got connection from reducer vm39:r0
(vm37:m0:th4) connection started, have to send 654081872 bytes to vm39:r0
(vm37:m0) Got connection from reducer vm26:r0
(vm37:m0) new thread ID: vm37:m0:th5
(vm37:m0:th0) connection started, have to send 654081872 bytes to vm26:r0
(vm37:m0:th0) all data sent, closing connection to vm26:r0
(vm37:m0:th0) waiting for something to do...
(vm37:m0:th5) waiting for something to do...
(vm37:m0) Got connection from reducer vm1:r0
(vm37:m0:th5) connection started, have to send 654081872 bytes to vm1:r0
(vm37:m0) Got connection from reducer vm23:r0
(vm37:m0) new thread ID: vm37:m0:th6
(vm37:m0:th0) connection started, have to send 654081872 bytes to vm23:r0
(vm37:m0:th0) all data sent, closing connection to vm23:r0
(vm37:m0:th0) waiting for something to do...
(vm37:m0) Got connection from reducer vm11:r0
(vm37:m0:th6) waiting for something to do...
(vm37:m0:th6) connection started, have to send 654081872 bytes to vm11:r0
(vm37:m0:th1) all data sent, closing connection to vm5:r0
(vm37:m0:th1) waiting for something to do...
(vm37:m0) Got connection from reducer vm33:r0
(vm37:m0:th0) connection started, have to send 654081872 bytes to vm33:r0
(vm37:m0:th0) all data sent, closing connection to vm33:r0
(vm37:m0:th0) waiting for something to do...
(vm37:m0) Got connection from reducer vm27:r0
(vm37:m0:th1) connection started, have to send 654081872 bytes to vm27:r0
(vm37:m0:th1) all data sent, closing connection to vm27:r0
(vm37:m0:th1) waiting for something to do...
(vm37:m0) Got connection from reducer vm12:r0
(vm37:m0:th0) connection started, have to send 654081872 bytes to vm12:r0
(vm37:m0:th0) all data sent, closing connection to vm12:r0
(vm37:m0:th0) waiting for something to do...
(vm37:m0:th2) all data sent, closing connection to vm32:r0
(vm37:m0:th2) waiting for something to do...
(vm37:m0) Got connection from reducer vm3:r0
(vm37:m0:th1) connection started, have to send 654081872 bytes to vm3:r0
(vm37:m0:th1) all data sent, closing connection to vm3:r0
(vm37:m0:th1) waiting for something to do...
(vm37:m0) Got connection from reducer vm16:r0
(vm37:m0:th0) connection started, have to send 654081872 bytes to vm16:r0
(vm37:m0:th0) all data sent, closing connection to vm16:r0
(vm37:m0:th0) waiting for something to do...
(vm37:m0) Got connection from reducer vm36:r0
(vm37:m0:th1) connection started, have to send 654081872 bytes to vm36:r0
(vm37:m0:th1) all data sent, closing connection to vm36:r0
(vm37:m0:th1) waiting for something to do...
(vm37:m0) Got connection from reducer vm34:r0
(vm37:m0:th0) connection started, have to send 654081872 bytes to vm34:r0
(vm37:m0:th0) all data sent, closing connection to vm34:r0
(vm37:m0:th0) waiting for something to do...
(vm37:m0) Got connection from reducer vm25:r0
(vm37:m0:th1) connection started, have to send 654081872 bytes to vm25:r0
(vm37:m0:th1) all data sent, closing connection to vm25:r0
(vm37:m0:th1) waiting for something to do...
(vm37:m0) Got connection from reducer vm13:r0
(vm37:m0:th0) connection started, have to send 654081872 bytes to vm13:r0
(vm37:m0:th0) all data sent, closing connection to vm13:r0
(vm37:m0:th0) waiting for something to do...
(vm37:m0) Got connection from reducer vm29:r0
(vm37:m0:th1) connection started, have to send 654081872 bytes to vm29:r0
(vm37:m0:th1) all data sent, closing connection to vm29:r0
(vm37:m0:th1) waiting for something to do...
(vm37:m0:th5) all data sent, closing connection to vm1:r0
(vm37:m0:th5) waiting for something to do...
(vm37:m0) Got connection from reducer vm35:r0
(vm37:m0:th0) connection started, have to send 654081872 bytes to vm35:r0
(vm37:m0:th0) all data sent, closing connection to vm35:r0
(vm37:m0:th0) waiting for something to do...
(vm37:m0) Got connection from reducer vm24:r0
(vm37:m0:th1) connection started, have to send 654081872 bytes to vm24:r0
(vm37:m0:th1) all data sent, closing connection to vm24:r0
(vm37:m0:th1) waiting for something to do...
(vm37:m0:th3) all data sent, closing connection to vm18:r0
(vm37:m0:th3) waiting for something to do...
(vm37:m0) Got connection from reducer vm30:r0
(vm37:m0:th0) connection started, have to send 654081872 bytes to vm30:r0
(vm37:m0:th0) all data sent, closing connection to vm30:r0
(vm37:m0:th0) waiting for something to do...
(vm37:m0) Got connection from reducer vm21:r0
(vm37:m0:th1) connection started, have to send 654081872 bytes to vm21:r0
(vm37:m0:th1) all data sent, closing connection to vm21:r0
(vm37:m0:th1) waiting for something to do...
(vm37:m0:th6) all data sent, closing connection to vm11:r0
(vm37:m0:th6) waiting for something to do...
(vm37:m0) Got connection from reducer vm28:r0
(vm37:m0:th0) connection started, have to send 654081872 bytes to vm28:r0
(vm37:m0:th0) all data sent, closing connection to vm28:r0
(vm37:m0:th0) waiting for something to do...
(vm37:m0) Got connection from reducer vm22:r0
(vm37:m0:th1) connection started, have to send 654081872 bytes to vm22:r0
(vm37:m0:th1) all data sent, closing connection to vm22:r0
(vm37:m0:th1) waiting for something to do...
(vm37:m0) Got connection from reducer vm38:r0
(vm37:m0:th0) connection started, have to send 654081872 bytes to vm38:r0
(vm37:m0:th0) all data sent, closing connection to vm38:r0
(vm37:m0:th0) waiting for something to do...
(vm37:m0:th4) all data sent, closing connection to vm39:r0
(vm37:m0:th4) waiting for something to do...
(vm37:r0:th2:1) Connection to vm8:m0 finished, received 1308163746 bytes
(vm37:r0:th2:2) Connection established with mapper vm13:m0
(vm37:r0:th2:2) Connection to vm13:m0 finished, received 1308163747 bytes
(vm37:r0:th2:3) Connection established with mapper vm18:m0
(vm37:r0:th2:3) Connection to vm18:m0 finished, received 1308163748 bytes
(vm37:r0:th2:4) Connection established with mapper vm23:m0
(vm37:r0:th2:4) Connection to vm23:m0 finished, received 1308163749 bytes
(vm37:r0:th2:5) Connection established with mapper vm28:m0
(vm37:r0:th2:5) Connection to vm28:m0 finished, received 1308163750 bytes
(vm37:r0:th2:6) Connection established with mapper vm33:m0
(vm37:r0:th2:6) Connection to vm33:m0 finished, received 1308163751 bytes
(vm37:r0:th2:7) Connection established with mapper vm38:m0
(vm37:r0:th2:7) Connection to vm38:m0 finished, received 1308163752 bytes
(vm37:r0:th2) Got data from all mappers, this reducer connection has finished.
(vm37:m0) Got connection from reducer vm40:r0
(vm37:m0:th1) connection started, have to send 654081872 bytes to vm40:r0
(vm37:m0:th1) all data sent, closing connection to vm40:r0
(vm37:m0:th1) waiting for something to do...
(vm37:m0) Got connection from reducer vm19:r0
(vm37:m0:th0) connection started, have to send 654081872 bytes to vm19:r0
(vm37:m0:th0) all data sent, closing connection to vm19:r0
(vm37:m0:th0) waiting for something to do...
(vm37:m0) Got connection from reducer vm17:r0
(vm37:m0:th1) connection started, have to send 654081872 bytes to vm17:r0
(vm37:m0:th1) all data sent, closing connection to vm17:r0
(vm37:m0:th1) waiting for something to do...
(vm37:r0:th3:1) Connection to vm9:m0 finished, received 1308163746 bytes
(vm37:r0:th3:2) Connection established with mapper vm14:m0
(vm37:r0:th3:2) Connection to vm14:m0 finished, received 1308163747 bytes
(vm37:r0:th3:3) Connection established with mapper vm19:m0
(vm37:r0:th3:3) Connection to vm19:m0 finished, received 1308163748 bytes
(vm37:r0:th3:4) Connection established with mapper vm24:m0
(vm37:r0:th3:4) Connection to vm24:m0 finished, received 1308163749 bytes
(vm37:r0:th3:5) Connection established with mapper vm29:m0
(vm37:r0:th3:5) Connection to vm29:m0 finished, received 1308163750 bytes
(vm37:r0:th3:6) Connection established with mapper vm34:m0
(vm37:r0:th3:6) Connection to vm34:m0 finished, received 1308163751 bytes
(vm37:r0:th3:7) Connection established with mapper vm39:m0
(vm37:r0:th3:7) Connection to vm39:m0 finished, received 1308163752 bytes
(vm37:r0:th3) Got data from all mappers, this reducer connection has finished.
(vm37:m0) Got connection from reducer vm7:r0
(vm37:m0:th0) connection started, have to send 654081872 bytes to vm7:r0
(vm37:m0:th0) all data sent, closing connection to vm7:r0
(vm37:m0:th0) waiting for something to do...
(vm37:m0) Got connection from reducer vm8:r0
(vm37:m0:th1) connection started, have to send 654081872 bytes to vm8:r0
(vm37:m0:th1) all data sent, closing connection to vm8:r0
(vm37:m0:th1) waiting for something to do...
(vm37:m0) Got connection from reducer vm31:r0
(vm37:m0:th0) connection started, have to send 654081872 bytes to vm31:r0
(vm37:m0:th0) all data sent, closing connection to vm31:r0
(vm37:m0:th0) waiting for something to do...
(vm37:m0) Got connection from reducer vm14:r0
(vm37:m0:th1) connection started, have to send 654081872 bytes to vm14:r0
(vm37:m0:th1) all data sent, closing connection to vm14:r0
(vm37:m0:th1) waiting for something to do...
(vm37:m0) Got connection from reducer vm4:r0
(vm37:m0:th0) connection started, have to send 654081872 bytes to vm4:r0
(vm37:m0:th0) all data sent, closing connection to vm4:r0
(vm37:m0:th0) waiting for something to do...
(vm37:m0) Got connection from reducer vm20:r0
(vm37:m0:th1) connection started, have to send 654081872 bytes to vm20:r0
(vm37:m0:th1) all data sent, closing connection to vm20:r0
(vm37:m0:th1) waiting for something to do...
(vm37:m0) Got connection from reducer vm9:r0
(vm37:m0:th0) connection started, have to send 654081872 bytes to vm9:r0
(vm37:m0:th0) all data sent, closing connection to vm9:r0
(vm37:m0:th0) waiting for something to do...
(vm37:r0:th4:1) Connection to vm10:m0 finished, received 1308163746 bytes
(vm37:r0:th4:2) Connection established with mapper vm15:m0
(vm37:r0:th4:2) Connection to vm15:m0 finished, received 1308163747 bytes
(vm37:r0:th4:3) Connection established with mapper vm20:m0
(vm37:r0:th4:3) Connection to vm20:m0 finished, received 1308163748 bytes
(vm37:r0:th4:4) Connection established with mapper vm25:m0
(vm37:r0:th4:4) Connection to vm25:m0 finished, received 1308163749 bytes
(vm37:r0:th4:5) Connection established with mapper vm30:m0
(vm37:r0:th4:5) Connection to vm30:m0 finished, received 1308163750 bytes
(vm37:r0:th4:6) Connection established with mapper vm35:m0
(vm37:r0:th4:6) Connection to vm35:m0 finished, received 1308163751 bytes
(vm37:r0:th4:7) Connection established with mapper vm40:m0
(vm37:r0:th4:7) Connection to vm40:m0 finished, received 1308163752 bytes
(vm37:r0:th4) Got data from all mappers, this reducer connection has finished.
(vm37:m0) Got connection from reducer vm10:r0
(vm37:m0:th1) connection started, have to send 654081872 bytes to vm10:r0
(vm37:m0:th1) all data sent, closing connection to vm10:r0
(vm37:m0:th1) waiting for something to do...
(vm37:m0) Got connection from reducer vm6:r0
(vm37:m0) All reducers connected, waiting for threads to terminate
(vm37:m0) waiting on semaphore
(vm37:m0) -> 1 threads still running
(vm37:m0) waiting on semaphore
(vm37:m0) -> 1 threads still running
(vm37:m0) waiting on semaphore
(vm37:m0) -> 1 threads still running
(vm37:m0) waiting on semaphore
(vm37:m0) -> 1 threads still running
(vm37:m0) waiting on semaphore
(vm37:m0) -> 1 threads still running
(vm37:m0) waiting on semaphore
(vm37:m0) -> 1 threads still running
(vm37:m0) waiting on semaphore
(vm37:m0) -> 1 threads still running
(vm37:m0) waiting on semaphore
(vm37:m0) -> 1 threads still running
(vm37:m0) waiting on semaphore
(vm37:m0) -> 1 threads still running
(vm37:m0) waiting on semaphore
(vm37:m0) -> 1 threads still running
(vm37:m0) waiting on semaphore
(vm37:m0) -> 1 threads still running
(vm37:m0) waiting on semaphore
(vm37:m0) -> 1 threads still running
(vm37:m0) waiting on semaphore
(vm37:m0) -> 1 threads still running
(vm37:m0) waiting on semaphore
(vm37:m0) -> 1 threads still running
(vm37:m0) waiting on semaphore
(vm37:m0) -> 1 threads still running
(vm37:m0) waiting on semaphore
(vm37:m0) -> 1 threads still running
(vm37:m0) waiting on semaphore
(vm37:m0) -> 1 threads still running
(vm37:m0) waiting on semaphore
(vm37:m0) -> 1 threads still running
(vm37:m0) waiting on semaphore
(vm37:m0) -> 1 threads still running
(vm37:m0) waiting on semaphore
(vm37:m0) -> 1 threads still running
(vm37:m0) waiting on semaphore
(vm37:m0) -> 1 threads still running
(vm37:m0) waiting on semaphore
(vm37:m0) -> 1 threads still running
(vm37:m0) waiting on semaphore
(vm37:m0) -> 1 threads still running
(vm37:m0) waiting on semaphore
(vm37:m0) -> 1 threads still running
(vm37:m0) waiting on semaphore
(vm37:m0) -> 1 threads still running
(vm37:m0) waiting on semaphore
(vm37:m0) -> 1 threads still running
(vm37:m0) waiting on semaphore
(vm37:m0) -> 1 threads still running
(vm37:m0) waiting on semaphore
(vm37:m0) -> 1 threads still running
(vm37:m0) waiting on semaphore
(vm37:m0) -> 1 threads still running
(vm37:m0) waiting on semaphore
(vm37:m0) -> 1 threads still running
(vm37:m0) waiting on semaphore
(vm37:m0) -> 1 threads still running
(vm37:m0) waiting on semaphore
(vm37:m0) -> 1 threads still running
(vm37:m0) waiting on semaphore
(vm37:m0) -> 1 threads still running
(vm37:m0) waiting on semaphore
(vm37:m0) -> 1 threads still running
(vm37:m0) waiting on semaphore
(vm37:m0) -> 1 threads still running
(vm37:m0) waiting on semaphore
(vm37:m0) -> 1 threads still running
(vm37:m0) waiting on semaphore
(vm37:m0) -> 1 threads still running
(vm37:m0) waiting on semaphore
(vm37:m0) -> 1 threads still running
(vm37:m0) waiting on semaphore
(vm37:m0) -> 1 threads still running
(vm37:m0) waiting on semaphore
(vm37:m0:th0) connection started, have to send 654081872 bytes to vm6:r0
(vm37:m0:th0) all data sent, closing connection to vm6:r0
(vm37:m0:th0) waiting for something to do...
(vm37:m0) Sending exit signal to all threads
(vm37:m0:th1) got exit signal
(vm37:m0:th2) got exit signal
(vm37:m0:th3) got exit signal
(vm37:m0:th4) got exit signal
(vm37:m0:th5) got exit signal
(vm37:m0:th6) got exit signal
(vm37:m0:th0) got exit signal
(vm37:m0) thread vm37:m0:th0 joined
(vm37:m0) thread vm37:m0:th1 joined
(vm37:m0) thread vm37:m0:th2 joined
(vm37:m0) thread vm37:m0:th3 joined
(vm37:m0) thread vm37:m0:th4 joined
(vm37:m0) thread vm37:m0:th5 joined
(vm37:m0) thread vm37:m0:th6 joined
(vm37:m0) all done, exiting
*RES* start node vm37:m0
*RES* vm37:m0:th0,1406621156445,1346,609,654081873
*RES* vm37:m0:th0,1406621164421,0,609,654081873
*RES* vm37:m0:th0,1406621166925,0,610,654081873
*RES* vm37:m0:th0,1406621168317,0,610,654081873
*RES* vm37:m0:th0,1406621168905,0,610,654081873
*RES* vm37:m0:th0,1406621169636,0,610,654081873
*RES* vm37:m0:th1,1406621163286,6899,788,654081873
*RES* vm37:m0:th0,1406621170341,0,610,654081873
*RES* vm37:m0:th1,1406621170395,0,788,654081873
*RES* vm37:m0:th0,1406621172582,0,611,654081873
*RES* vm37:m0:th1,1406621173288,0,790,654081873
*RES* vm37:m0:th0,1406621173545,0,614,654081873
*RES* vm37:m0:th1,1406621173681,0,796,654081873
*RES* vm37:m0:th0,1406621174065,0,614,654081873
*RES* vm37:m0:th1,1406621174359,0,797,654081873
*RES* vm37:m0:th0,1406621176428,0,614,654081873
*RES* vm37:m0:th1,1406621176544,0,797,654081873
*RES* vm37:m0:th0,1406621178060,0,614,654081873
*RES* vm37:m0:th1,1406621178186,1,797,654081873
*RES* vm37:m0:th0,1406621178310,0,615,654081873
*RES* vm37:m0:th1,1406621178717,0,797,654081873
*RES* vm37:m0:th0,1406621178888,0,615,654081873
*RES* vm37:m0:th1,1406621179017,0,797,654081873
*RES* vm37:m0:th0,1406621179024,1,615,654081873
*RES* vm37:m0:th1,1406621179899,0,797,654081873
*RES* vm37:m0:th0,1406621180040,0,615,654081873
*RES* vm37:m0:th1,1406621180070,0,798,654081873
*RES* vm37:m0:th0,1406621180523,0,615,654081873
*RES* vm37:m0:th1,1406621180773,0,798,654081873
*RES* vm37:m0:th0,1406621180889,0,615,654081873
*RES* vm37:m0:th1,1406621180926,0,798,654081873
*RES* vm37:m0:th0,1406621181379,0,615,654081873
*RES* vm37:m0:th1,1406621182427,0,798,654081873
*RES* vm37:m0:th0,1406621183045,0,616,654081873
*RES* vm37:m0:th0,1406621188989,0,616,654081873
*RES* vm37:m0:th1,1406621185146,0,798,654081873
*RES* vm37:m0:th2,1406621165725,7204,890,654081873
*RES* vm37:m0:th3,1406621167434,10828,857,654081873
*RES* vm37:m0:th4,1406621168582,10834,846,654081873
*RES* vm37:m0:th5,1406621169157,7946,837,654081873
*RES* vm37:m0:th6,1406621169645,9076,904,654081873
*RES* end node vm37:m0
(main) Thread vm37:m0 joined
(main) Waiting for thread vm37:r0 to join...
(vm37:r0:th0:1) Connection to vm6:m0 finished, received 1308163746 bytes
(vm37:r0:th0:2) Connection established with mapper vm11:m0
(vm37:r0:th0:2) Connection to vm11:m0 finished, received 1308163747 bytes
(vm37:r0:th0:3) Connection established with mapper vm16:m0
(vm37:r0:th0:3) Connection to vm16:m0 finished, received 1308163748 bytes
(vm37:r0:th0:4) Connection established with mapper vm21:m0
(vm37:r0:th0:4) Connection to vm21:m0 finished, received 1308163749 bytes
(vm37:r0:th0:5) Connection established with mapper vm26:m0
(vm37:r0:th0:5) Connection to vm26:m0 finished, received 1308163750 bytes
(vm37:r0:th0:6) Connection established with mapper vm31:m0
(vm37:r0:th0:6) Connection to vm31:m0 finished, received 1308163751 bytes
(vm37:r0:th0:7) Connection established with mapper vm36:m0
(vm37:r0:th0:7) Connection to vm36:m0 finished, received 1308163752 bytes
(vm37:r0:th0:8) Connection established with mapper vm41:m0
(vm37:r0:th0:8) Connection to vm41:m0 finished, received 1308163753 bytes
(vm37:r0:th0) Got data from all mappers, this reducer connection has finished.
(vm37:r0) thread th0 joined, 4 connection threads remaining
(vm37:r0) thread th1 joined, 3 connection threads remaining
(vm37:r0) thread th2 joined, 2 connection threads remaining
(vm37:r0) thread th3 joined, 1 connection threads remaining
(vm37:r0) thread th4 joined, 0 connection threads remaining
(vm37:r0) all done, exiting
*RES* start node vm37:r0
*RES* vm37:r0:th0:0,1406621132866,25969,738,654081873
*RES* vm37:r0:th0:1,1406621158834,31898,1600,1308163746
*RES* vm37:r0:th0:2,1406621190733,1,1600,1308163747
*RES* vm37:r0:th0:3,1406621190734,1,1601,1308163748
*RES* vm37:r0:th0:4,1406621190735,1,1601,1308163749
*RES* vm37:r0:th0:5,1406621190736,1,1601,1308163750
*RES* vm37:r0:th0:6,1406621190737,1,1601,1308163751
*RES* vm37:r0:th0:7,1406621190737,0,1601,1308163752
*RES* vm37:r0:th0:8,1406621190738,1,1601,1308163753
*RES* vm37:r0:th1:0,1406621132866,26177,731,654081873
*RES* vm37:r0:th1:1,1406621159043,35,732,654081874
*RES* vm37:r0:th1:2,1406621159078,8,732,654081875
*RES* vm37:r0:th1:3,1406621159085,20,732,654081876
*RES* vm37:r0:th1:4,1406621159106,8,733,654081877
*RES* vm37:r0:th1:5,1406621159114,4,733,654081878
*RES* vm37:r0:th1:6,1406621159118,5303,1524,1308163751
*RES* vm37:r0:th1:7,1406621164421,1,1524,1308163752
*RES* vm37:r0:th2:0,1406621132866,26968,721,654081873
*RES* vm37:r0:th2:1,1406621159834,19699,1720,1308163746
*RES* vm37:r0:th2:2,1406621179534,7,1720,1308163747
*RES* vm37:r0:th2:3,1406621179541,5,1720,1308163748
*RES* vm37:r0:th2:4,1406621179546,5,1721,1308163749
*RES* vm37:r0:th2:5,1406621179552,6,1721,1308163750
*RES* vm37:r0:th2:6,1406621179557,4,1721,1308163751
*RES* vm37:r0:th2:7,1406621179562,19,1722,1308163752
*RES* vm37:r0:th3:0,1406621132866,26700,756,654081873
*RES* vm37:r0:th3:1,1406621159566,20610,1765,1308163746
*RES* vm37:r0:th3:2,1406621180177,9,1766,1308163747
*RES* vm37:r0:th3:3,1406621180185,23,1766,1308163748
*RES* vm37:r0:th3:4,1406621180209,4,1767,1308163749
*RES* vm37:r0:th3:5,1406621180212,2,1767,1308163750
*RES* vm37:r0:th3:6,1406621180215,12,1767,1308163751
*RES* vm37:r0:th3:7,1406621180226,30,1768,1308163752
*RES* vm37:r0:th4:0,1406621132866,28253,737,654081873
*RES* vm37:r0:th4:1,1406621161119,22833,1711,1308163746
*RES* vm37:r0:th4:2,1406621183952,1,1712,1308163747
*RES* vm37:r0:th4:3,1406621183954,1,1712,1308163748
*RES* vm37:r0:th4:4,1406621183955,1,1712,1308163749
*RES* vm37:r0:th4:5,1406621183956,1,1712,1308163750
*RES* vm37:r0:th4:6,1406621183957,1,1713,1308163751
*RES* vm37:r0:th4:7,1406621183958,1,1713,1308163752
*RES* end node vm37:r0
(main) Thread vm37:r0 joined
Worker terminating correctly
