OSMeF worker starting
Enabling core dumping
Listening for command connection
CONF: mapper on port 23330
CONF: -> will serve 45 reducers
(main) new thread ID: vm26:m0
(vm26:m0) Mapper thread started
(vm26:m0) Binding to port 23330
(vm26:m0) Got START signal
(vm26:m0) new thread ID: vm26:m0:th0
(vm26:m0:th0) waiting for something to do...
CONF: reducer
(main) new thread ID: vm26:r0
(vm26:r0) Reducer thread started
(vm26:r0) waiting for START message
(main) Waiting for thread vm26:m0 to join...
(vm26:r0) got START message
(vm26:r0) new thread ID: th0
(vm26:r0) new thread ID: th1
(vm26:r0) new thread ID: th2
(vm26:r0) new thread ID: th3
(vm26:r0) new thread ID: th4
(vm26:r0:th4:0) Connection established with mapper vm5:m0
(vm26:r0:th3:0) Connection established with mapper vm4:m0
(vm26:r0:th2:0) Connection established with mapper vm3:m0
(vm26:r0:th0:0) Connection established with mapper vm1:m0
(vm26:r0:th1:0) Connection established with mapper vm2:m0
(vm26:r0:th1:0) Connection to vm2:m0 finished, received 5302429 bytes
(vm26:r0:th1:1) Connection established with mapper vm7:m0
(vm26:r0:th1:1) Connection to vm7:m0 finished, received 5302430 bytes
(vm26:r0:th1:2) Connection established with mapper vm12:m0
(vm26:r0:th1:2) Connection to vm12:m0 finished, received 5302431 bytes
(vm26:r0:th1:3) Connection established with mapper vm17:m0
(vm26:r0:th1:3) Connection to vm17:m0 finished, received 5302432 bytes
(vm26:r0:th1:4) Connection established with mapper vm22:m0
(vm26:r0:th4:0) Connection to vm5:m0 finished, received 5302429 bytes
(vm26:r0:th4:1) Connection established with mapper vm10:m0
(vm26:r0:th4:1) Connection to vm10:m0 finished, received 5302430 bytes
(vm26:r0:th4:2) Connection established with mapper vm15:m0
(vm26:r0:th4:2) Connection to vm15:m0 finished, received 5302431 bytes
(vm26:r0:th4:3) Connection established with mapper vm20:m0
(vm26:r0:th4:3) Connection to vm20:m0 finished, received 5302432 bytes
(vm26:r0:th4:4) Connection established with mapper vm25:m0
(vm26:r0:th2:0) Connection to vm3:m0 finished, received 5302429 bytes
(vm26:r0:th0:0) Connection to vm1:m0 finished, received 5302429 bytes
(vm26:r0:th2:1) Connection established with mapper vm8:m0
(vm26:r0:th0:1) Connection established with mapper vm6:m0
(vm26:r0:th2:1) Connection to vm8:m0 finished, received 5302430 bytes
(vm26:r0:th0:1) Connection to vm6:m0 finished, received 5302430 bytes
(vm26:r0:th2:2) Connection established with mapper vm13:m0
(vm26:r0:th2:2) Connection to vm13:m0 finished, received 5302431 bytes
(vm26:r0:th3:0) Connection to vm4:m0 finished, received 5302429 bytes
(vm26:r0:th2:3) Connection established with mapper vm18:m0
(vm26:r0:th0:2) Connection established with mapper vm11:m0
(vm26:m0) Got connection from reducer vm39:r0
(vm26:m0) new thread ID: vm26:m0:th1
(vm26:m0:th0) connection started, have to send 5302428 bytes to vm39:r0
(vm26:r0:th2:3) Connection to vm18:m0 finished, received 5302432 bytes
(vm26:r0:th3:1) Connection established with mapper vm9:m0
(vm26:r0:th0:2) Connection to vm11:m0 finished, received 5302431 bytes
(vm26:m0:th1) waiting for something to do...
(vm26:r0:th3:1) Connection to vm9:m0 finished, received 5302430 bytes
(vm26:r0:th0:3) Connection established with mapper vm16:m0
(vm26:r0:th2:4) Connection established with mapper vm23:m0
(vm26:r0:th3:2) Connection established with mapper vm14:m0
(vm26:r0:th2:4) Connection to vm23:m0 finished, received 5302433 bytes
(vm26:r0:th0:3) Connection to vm16:m0 finished, received 5302432 bytes
(vm26:r0:th3:2) Connection to vm14:m0 finished, received 5302431 bytes
(vm26:r0:th0:4) Connection established with mapper vm21:m0
(vm26:r0:th2:5) Connection established with mapper vm28:m0
(vm26:r0:th3:3) Connection established with mapper vm19:m0
(vm26:r0:th3:3) Connection to vm19:m0 finished, received 5302432 bytes
(vm26:m0) Got connection from reducer vm30:r0
(vm26:m0) new thread ID: vm26:m0:th2
(vm26:r0:th3:4) Connection established with mapper vm24:m0
(vm26:m0) Got connection from reducer vm16:r0
(vm26:m0) new thread ID: vm26:m0:th3
(vm26:r0:th2:5) Connection to vm28:m0 finished, received 5302434 bytes
(vm26:m0:th1) connection started, have to send 5302428 bytes to vm30:r0
(vm26:m0:th3) waiting for something to do...
(vm26:m0:th2) waiting for something to do...
(vm26:m0:th2) connection started, have to send 5302428 bytes to vm16:r0
(vm26:r0:th3:4) Connection to vm24:m0 finished, received 5302433 bytes
(vm26:r0:th2:6) Connection established with mapper vm33:m0
(vm26:m0) Got connection from reducer vm45:r0
(vm26:m0) new thread ID: vm26:m0:th4
(vm26:r0:th3:5) Connection established with mapper vm29:m0
(vm26:m0) Got connection from reducer vm17:r0
(vm26:m0) new thread ID: vm26:m0:th5
(vm26:m0) Got connection from reducer vm7:r0
(vm26:m0) new thread ID: vm26:m0:th6
(vm26:m0) Got connection from reducer vm44:r0
(vm26:m0) new thread ID: vm26:m0:th7
(vm26:m0:th3) connection started, have to send 5302428 bytes to vm45:r0
(vm26:m0:th5) waiting for something to do...
(vm26:m0:th5) connection started, have to send 5302428 bytes to vm7:r0
(vm26:m0:th4) waiting for something to do...
(vm26:m0:th4) connection started, have to send 5302428 bytes to vm17:r0
(vm26:m0:th6) waiting for something to do...
(vm26:m0:th6) connection started, have to send 5302428 bytes to vm44:r0
(vm26:m0:th7) waiting for something to do...
(vm26:m0) Got connection from reducer vm42:r0
(vm26:m0) new thread ID: vm26:m0:th8
(vm26:r0:th3:5) Connection to vm29:m0 finished, received 5302434 bytes
(vm26:m0:th7) connection started, have to send 5302428 bytes to vm42:r0
(vm26:m0:th8) waiting for something to do...
(vm26:r0:th3:6) Connection established with mapper vm34:m0
(vm26:r0:th3:6) Connection to vm34:m0 finished, received 5302435 bytes
(vm26:m0) Got connection from reducer vm40:r0
(vm26:m0) new thread ID: vm26:m0:th9
(vm26:m0:th8) connection started, have to send 5302428 bytes to vm40:r0
(vm26:m0:th9) waiting for something to do...
(vm26:r0:th3:7) Connection established with mapper vm39:m0
(vm26:m0) Got connection from reducer vm29:r0
(vm26:m0) new thread ID: vm26:m0:th10
(vm26:m0:th9) connection started, have to send 5302428 bytes to vm29:r0
(vm26:m0:th10) waiting for something to do...
(vm26:m0) Got connection from reducer vm6:r0
(vm26:m0) new thread ID: vm26:m0:th11
(vm26:m0:th10) connection started, have to send 5302428 bytes to vm6:r0
(vm26:m0:th11) waiting for something to do...
(vm26:m0) Got connection from reducer vm41:r0
(vm26:m0) new thread ID: vm26:m0:th12
(vm26:m0:th11) connection started, have to send 5302428 bytes to vm41:r0
(vm26:m0:th12) waiting for something to do...
(vm26:m0) Got connection from reducer vm28:r0
(vm26:m0) new thread ID: vm26:m0:th13
(vm26:m0) Got connection from reducer vm9:r0
(vm26:m0) new thread ID: vm26:m0:th14
(vm26:m0) Got connection from reducer vm8:r0
(vm26:m0) new thread ID: vm26:m0:th15
(vm26:m0:th12) connection started, have to send 5302428 bytes to vm28:r0
(vm26:m0:th15) waiting for something to do...
(vm26:m0:th14) waiting for something to do...
(vm26:m0:th14) connection started, have to send 5302428 bytes to vm8:r0
(vm26:m0:th13) waiting for something to do...
(vm26:m0:th13) connection started, have to send 5302428 bytes to vm9:r0
(vm26:m0) Got connection from reducer vm33:r0
(vm26:m0) new thread ID: vm26:m0:th16
(vm26:m0) Got connection from reducer vm11:r0
(vm26:m0) new thread ID: vm26:m0:th17
(vm26:m0) Got connection from reducer vm10:r0
(vm26:m0) new thread ID: vm26:m0:th18
(vm26:m0) Got connection from reducer vm14:r0
(vm26:m0) new thread ID: vm26:m0:th19
(vm26:m0) Got connection from reducer vm20:r0
(vm26:m0) new thread ID: vm26:m0:th20
(vm26:m0) Got connection from reducer vm21:r0
(vm26:m0) new thread ID: vm26:m0:th21
(vm26:m0:th15) connection started, have to send 5302428 bytes to vm33:r0
(vm26:m0) Got connection from reducer vm24:r0
(vm26:m0) new thread ID: vm26:m0:th22
(vm26:m0:th17) waiting for something to do...
(vm26:m0:th17) connection started, have to send 5302428 bytes to vm10:r0
(vm26:m0:th20) waiting for something to do...
(vm26:m0:th20) connection started, have to send 5302428 bytes to vm21:r0
(vm26:m0:th21) waiting for something to do...
(vm26:m0:th21) connection started, have to send 5302428 bytes to vm24:r0
(vm26:m0:th18) waiting for something to do...
(vm26:m0:th18) connection started, have to send 5302428 bytes to vm14:r0
(vm26:m0:th16) waiting for something to do...
(vm26:m0:th16) connection started, have to send 5302428 bytes to vm11:r0
(vm26:m0:th19) waiting for something to do...
(vm26:m0:th19) connection started, have to send 5302428 bytes to vm20:r0
(vm26:m0:th22) waiting for something to do...
(vm26:m0) Got connection from reducer vm18:r0
(vm26:m0) new thread ID: vm26:m0:th23
(vm26:m0) Got connection from reducer vm12:r0
(vm26:m0) new thread ID: vm26:m0:th24
(vm26:m0) Got connection from reducer vm43:r0
(vm26:m0) new thread ID: vm26:m0:th25
(vm26:m0) Got connection from reducer vm2:r0
(vm26:m0) new thread ID: vm26:m0:th26
(vm26:m0:th22) connection started, have to send 5302428 bytes to vm18:r0
(vm26:m0:th24) waiting for something to do...
(vm26:m0:th24) connection started, have to send 5302428 bytes to vm43:r0
(vm26:m0:th23) waiting for something to do...
(vm26:m0:th23) connection started, have to send 5302428 bytes to vm12:r0
(vm26:m0:th25) waiting for something to do...
(vm26:m0:th25) connection started, have to send 5302428 bytes to vm2:r0
(vm26:m0:th26) waiting for something to do...
(vm26:m0) Got connection from reducer vm15:r0
(vm26:m0) new thread ID: vm26:m0:th27
(vm26:m0:th0) all data sent, closing connection to vm39:r0
(vm26:m0:th0) waiting for something to do...
(vm26:m0) Got connection from reducer vm3:r0
(vm26:m0) Got connection from reducer vm4:r0
(vm26:m0) new thread ID: vm26:m0:th28
(vm26:m0:th0) connection started, have to send 5302428 bytes to vm4:r0
(vm26:m0:th0) all data sent, closing connection to vm4:r0
(vm26:m0:th0) waiting for something to do...
(vm26:m0) Got connection from reducer vm35:r0
(vm26:m0) Got connection from reducer vm36:r0
(vm26:m0:th0) connection started, have to send 5302428 bytes to vm36:r0
(vm26:m0:th0) all data sent, closing connection to vm36:r0
(vm26:m0:th0) waiting for something to do...
(vm26:m0:th26) connection started, have to send 5302428 bytes to vm15:r0
(vm26:m0:th27) waiting for something to do...
(vm26:m0:th27) connection started, have to send 5302428 bytes to vm3:r0
(vm26:m0:th28) waiting for something to do...
(vm26:m0:th28) connection started, have to send 5302428 bytes to vm35:r0
(vm26:m0) Got connection from reducer vm31:r0
(vm26:m0) new thread ID: vm26:m0:th29
(vm26:m0:th0) connection started, have to send 5302428 bytes to vm31:r0
(vm26:m0:th0) all data sent, closing connection to vm31:r0
(vm26:m0:th0) waiting for something to do...
(vm26:m0:th29) waiting for something to do...
(vm26:m0) Got connection from reducer vm1:r0
(vm26:m0:th29) connection started, have to send 5302428 bytes to vm1:r0
(vm26:m0) Got connection from reducer vm25:r0
(vm26:m0) new thread ID: vm26:m0:th30
(vm26:m0:th0) connection started, have to send 5302428 bytes to vm25:r0
(vm26:m0:th0) all data sent, closing connection to vm25:r0
(vm26:m0:th0) waiting for something to do...
(vm26:m0) Got connection from reducer vm34:r0
(vm26:m0) Got connection from reducer vm5:r0
(vm26:m0) new thread ID: vm26:m0:th31
(vm26:m0:th0) connection started, have to send 5302428 bytes to vm5:r0
(vm26:m0:th0) all data sent, closing connection to vm5:r0
(vm26:m0:th0) waiting for something to do...
(vm26:m0) Got connection from reducer vm22:r0
(vm26:m0:th2) all data sent, closing connection to vm16:r0
(vm26:m0:th2) waiting for something to do...
(vm26:m0:th1) all data sent, closing connection to vm30:r0
(vm26:m0:th1) waiting for something to do...
(vm26:m0:th3) all data sent, closing connection to vm45:r0
(vm26:m0:th3) waiting for something to do...
(vm26:m0:th4) all data sent, closing connection to vm17:r0
(vm26:m0:th4) waiting for something to do...
(vm26:r0:th1:4) Connection to vm22:m0 finished, received 10604861 bytes
(vm26:m0:th7) all data sent, closing connection to vm42:r0
(vm26:m0:th7) waiting for something to do...
(vm26:m0:th30) waiting for something to do...
(vm26:m0:th30) connection started, have to send 5302428 bytes to vm34:r0
(vm26:m0:th31) waiting for something to do...
(vm26:m0:th31) connection started, have to send 5302428 bytes to vm22:r0
(vm26:m0) Got connection from reducer vm23:r0
(vm26:m0:th0) connection started, have to send 5302428 bytes to vm23:r0
(vm26:m0:th0) all data sent, closing connection to vm23:r0
(vm26:m0:th0) waiting for something to do...
(vm26:m0) Got connection from reducer vm37:r0
(vm26:m0:th1) connection started, have to send 5302428 bytes to vm37:r0
(vm26:m0:th1) all data sent, closing connection to vm37:r0
(vm26:m0:th1) waiting for something to do...
(vm26:r0:th1:5) Connection established with mapper vm27:m0
(vm26:m0) Got connection from reducer vm13:r0
(vm26:m0:th0) connection started, have to send 5302428 bytes to vm13:r0
(vm26:m0:th0) all data sent, closing connection to vm13:r0
(vm26:m0:th0) waiting for something to do...
(vm26:m0) Got connection from reducer vm19:r0
(vm26:m0:th1) connection started, have to send 5302428 bytes to vm19:r0
(vm26:m0:th1) all data sent, closing connection to vm19:r0
(vm26:m0:th1) waiting for something to do...
(vm26:r0:th1:5) Connection to vm27:m0 finished, received 10604862 bytes
(vm26:m0:th6) all data sent, closing connection to vm44:r0
(vm26:m0:th6) waiting for something to do...
(vm26:m0:th5) all data sent, closing connection to vm7:r0
(vm26:m0:th5) waiting for something to do...
(vm26:r0:th1:6) Connection established with mapper vm32:m0
(vm26:r0:th1:6) Connection to vm32:m0 finished, received 10604863 bytes
(vm26:r0:th1:7) Connection established with mapper vm37:m0
(vm26:m0:th9) all data sent, closing connection to vm29:r0
(vm26:m0:th9) waiting for something to do...
(vm26:m0:th8) all data sent, closing connection to vm40:r0
(vm26:m0:th8) waiting for something to do...
(vm26:m0) Got connection from reducer vm38:r0
(vm26:m0:th0) connection started, have to send 5302428 bytes to vm38:r0
(vm26:m0:th0) all data sent, closing connection to vm38:r0
(vm26:m0:th0) waiting for something to do...
(vm26:m0:th13) all data sent, closing connection to vm9:r0
(vm26:m0:th13) waiting for something to do...
(vm26:m0:th11) all data sent, closing connection to vm41:r0
(vm26:m0:th11) waiting for something to do...
(vm26:m0:th14) all data sent, closing connection to vm8:r0
(vm26:m0:th14) waiting for something to do...
(vm26:m0:th10) all data sent, closing connection to vm6:r0
(vm26:m0:th10) waiting for something to do...
(vm26:m0) Got connection from reducer vm27:r0
(vm26:m0:th1) connection started, have to send 5302428 bytes to vm27:r0
(vm26:m0:th1) all data sent, closing connection to vm27:r0
(vm26:m0:th1) waiting for something to do...
(vm26:m0:th21) all data sent, closing connection to vm24:r0
(vm26:m0:th21) waiting for something to do...
(vm26:m0:th12) all data sent, closing connection to vm28:r0
(vm26:m0:th12) waiting for something to do...
(vm26:m0:th19) all data sent, closing connection to vm20:r0
(vm26:m0:th19) waiting for something to do...
(vm26:m0:th16) all data sent, closing connection to vm11:r0
(vm26:m0:th16) waiting for something to do...
(vm26:m0:th22) all data sent, closing connection to vm18:r0
(vm26:m0:th22) waiting for something to do...
(vm26:m0:th20) all data sent, closing connection to vm21:r0
(vm26:m0:th20) waiting for something to do...
(vm26:m0:th18) all data sent, closing connection to vm14:r0
(vm26:m0:th18) waiting for something to do...
(vm26:m0:th25) all data sent, closing connection to vm2:r0
(vm26:m0:th25) waiting for something to do...
(vm26:m0:th17) all data sent, closing connection to vm10:r0
(vm26:m0:th17) waiting for something to do...
(vm26:r0:th0:4) Connection to vm21:m0 finished, received 10604861 bytes
(vm26:r0:th0:5) Connection established with mapper vm26:m0
(vm26:m0) Got connection from reducer vm26:r0
(vm26:m0:th0) connection started, have to send 5302428 bytes to vm26:r0
(vm26:m0:th0) all data sent, closing connection to vm26:r0
(vm26:m0:th0) waiting for something to do...
(vm26:r0:th0:5) Connection to vm26:m0 finished, received 10604862 bytes
(vm26:m0:th23) all data sent, closing connection to vm12:r0
(vm26:m0:th23) waiting for something to do...
(vm26:m0:th26) all data sent, closing connection to vm15:r0
(vm26:m0:th26) waiting for something to do...
(vm26:r0:th0:6) Connection established with mapper vm31:m0
(vm26:r0:th0:6) Connection to vm31:m0 finished, received 10604863 bytes
(vm26:r0:th0:7) Connection established with mapper vm36:m0
(vm26:r0:th3:7) Connection to vm39:m0 finished, received 10604864 bytes
(vm26:r0:th2:6) Connection to vm33:m0 finished, received 10604863 bytes
(vm26:m0:th29) all data sent, closing connection to vm1:r0
(vm26:m0:th29) waiting for something to do...
(vm26:r0:th2:7) Connection established with mapper vm38:m0
(vm26:r0:th2:7) Connection to vm38:m0 finished, received 10604864 bytes
(vm26:r0:th0:7) Connection to vm36:m0 finished, received 10604864 bytes
(vm26:r0:th2:8) Connection established with mapper vm43:m0
(vm26:r0:th3:8) Connection established with mapper vm44:m0
(vm26:r0:th0:8) Connection established with mapper vm41:m0
(vm26:m0:th28) all data sent, closing connection to vm35:r0
(vm26:m0:th28) waiting for something to do...
(vm26:m0:th31) all data sent, closing connection to vm22:r0
(vm26:m0:th31) waiting for something to do...
(vm26:m0:th27) all data sent, closing connection to vm3:r0
(vm26:r0:th3:8) Connection to vm44:m0 finished, received 10604865 bytes
(vm26:r0:th3) Got data from all mappers, this reducer connection has finished.
(vm26:m0:th27) waiting for something to do...
(vm26:m0:th30) all data sent, closing connection to vm34:r0
(vm26:m0:th30) waiting for something to do...
(vm26:r0:th0:8) Connection to vm41:m0 finished, received 10604865 bytes
(vm26:r0:th0) Got data from all mappers, this reducer connection has finished.
(vm26:r0) thread th0 joined, 4 connection threads remaining
(vm26:m0:th24) all data sent, closing connection to vm43:r0
(vm26:m0:th24) waiting for something to do...
(vm26:m0:th15) all data sent, closing connection to vm33:r0
(vm26:m0:th15) waiting for something to do...
(vm26:r0:th4:4) Connection to vm25:m0 finished, received 10604861 bytes
(vm26:r0:th4:5) Connection established with mapper vm30:m0
(vm26:r0:th4:5) Connection to vm30:m0 finished, received 10604862 bytes
(vm26:r0:th4:6) Connection established with mapper vm35:m0
(vm26:r0:th4:6) Connection to vm35:m0 finished, received 10604863 bytes
(vm26:r0:th4:7) Connection established with mapper vm40:m0
(vm26:m0) Got connection from reducer vm32:r0
(vm26:m0) All reducers connected, waiting for threads to terminate
(vm26:m0) waiting on semaphore
(vm26:m0) -> 1 threads still running
(vm26:m0) waiting on semaphore
(vm26:m0) -> 1 threads still running
(vm26:m0) waiting on semaphore
(vm26:m0) -> 1 threads still running
(vm26:m0) waiting on semaphore
(vm26:m0) -> 1 threads still running
(vm26:m0) waiting on semaphore
(vm26:m0) -> 1 threads still running
(vm26:m0) waiting on semaphore
(vm26:m0) -> 1 threads still running
(vm26:m0) waiting on semaphore
(vm26:m0) -> 1 threads still running
(vm26:m0) waiting on semaphore
(vm26:m0) -> 1 threads still running
(vm26:m0) waiting on semaphore
(vm26:m0) -> 1 threads still running
(vm26:m0) waiting on semaphore
(vm26:m0) -> 1 threads still running
(vm26:m0) waiting on semaphore
(vm26:m0) -> 1 threads still running
(vm26:m0) waiting on semaphore
(vm26:m0) -> 1 threads still running
(vm26:m0) waiting on semaphore
(vm26:m0) -> 1 threads still running
(vm26:m0) waiting on semaphore
(vm26:m0) -> 1 threads still running
(vm26:m0) waiting on semaphore
(vm26:m0) -> 1 threads still running
(vm26:m0) waiting on semaphore
(vm26:m0) -> 1 threads still running
(vm26:m0) waiting on semaphore
(vm26:m0) -> 1 threads still running
(vm26:m0) waiting on semaphore
(vm26:m0) -> 1 threads still running
(vm26:m0) waiting on semaphore
(vm26:m0) -> 1 threads still running
(vm26:m0) waiting on semaphore
(vm26:m0) -> 1 threads still running
(vm26:m0) waiting on semaphore
(vm26:m0) -> 1 threads still running
(vm26:m0) waiting on semaphore
(vm26:m0) -> 1 threads still running
(vm26:m0) waiting on semaphore
(vm26:m0) -> 1 threads still running
(vm26:m0) waiting on semaphore
(vm26:m0) -> 1 threads still running
(vm26:m0) waiting on semaphore
(vm26:m0) -> 1 threads still running
(vm26:m0) waiting on semaphore
(vm26:m0) -> 1 threads still running
(vm26:m0) waiting on semaphore
(vm26:m0) -> 1 threads still running
(vm26:m0) waiting on semaphore
(vm26:m0) -> 1 threads still running
(vm26:m0) waiting on semaphore
(vm26:m0) -> 1 threads still running
(vm26:m0) waiting on semaphore
(vm26:m0) -> 1 threads still running
(vm26:m0) waiting on semaphore
(vm26:m0) -> 1 threads still running
(vm26:m0) waiting on semaphore
(vm26:m0) -> 1 threads still running
(vm26:m0) waiting on semaphore
(vm26:m0) -> 1 threads still running
(vm26:m0) waiting on semaphore
(vm26:m0) -> 1 threads still running
(vm26:m0) waiting on semaphore
(vm26:m0) -> 1 threads still running
(vm26:m0) waiting on semaphore
(vm26:m0) -> 1 threads still running
(vm26:m0) waiting on semaphore
(vm26:m0) -> 1 threads still running
(vm26:m0) waiting on semaphore
(vm26:m0) -> 1 threads still running
(vm26:m0) waiting on semaphore
(vm26:m0) -> 1 threads still running
(vm26:m0) waiting on semaphore
(vm26:m0:th1) connection started, have to send 5302428 bytes to vm32:r0
(vm26:m0:th1) all data sent, closing connection to vm32:r0
(vm26:m0:th1) waiting for something to do...
(vm26:m0) Sending exit signal to all threads
(vm26:m0:th0) got exit signal
(vm26:m0:th2) got exit signal
(vm26:m0:th3) got exit signal
(vm26:m0:th4) got exit signal
(vm26:m0:th5) got exit signal
(vm26:m0:th6) got exit signal
(vm26:m0:th7) got exit signal
(vm26:m0:th8) got exit signal
(vm26:m0:th9) got exit signal
(vm26:m0:th10) got exit signal
(vm26:m0:th11) got exit signal
(vm26:m0:th12) got exit signal
(vm26:m0:th13) got exit signal
(vm26:m0:th14) got exit signal
(vm26:m0:th15) got exit signal
(vm26:m0:th16) got exit signal
(vm26:m0:th17) got exit signal
(vm26:m0:th18) got exit signal
(vm26:m0:th19) got exit signal
(vm26:m0:th20) got exit signal
(vm26:m0:th21) got exit signal
(vm26:m0:th22) got exit signal
(vm26:m0:th23) got exit signal
(vm26:m0:th24) got exit signal
(vm26:m0:th25) got exit signal
(vm26:m0:th26) got exit signal
(vm26:m0:th28) got exit signal
(vm26:m0:th29) got exit signal
(vm26:m0:th31) got exit signal
(vm26:m0:th1) got exit signal
(vm26:m0:th27) got exit signal
(vm26:m0) thread vm26:m0:th0 joined
(vm26:m0) thread vm26:m0:th1 joined
(vm26:m0) thread vm26:m0:th2 joined
(vm26:m0) thread vm26:m0:th3 joined
(vm26:m0) thread vm26:m0:th4 joined
(vm26:m0) thread vm26:m0:th5 joined
(vm26:m0) thread vm26:m0:th6 joined
(vm26:m0) thread vm26:m0:th7 joined
(vm26:m0) thread vm26:m0:th8 joined
(vm26:m0) thread vm26:m0:th9 joined
(vm26:m0) thread vm26:m0:th10 joined
(vm26:m0) thread vm26:m0:th11 joined
(vm26:m0) thread vm26:m0:th12 joined
(vm26:m0) thread vm26:m0:th13 joined
(vm26:m0) thread vm26:m0:th14 joined
(vm26:m0) thread vm26:m0:th15 joined
(vm26:m0) thread vm26:m0:th16 joined
(vm26:m0) thread vm26:m0:th17 joined
(vm26:m0) thread vm26:m0:th18 joined
(vm26:m0) thread vm26:m0:th19 joined
(vm26:m0) thread vm26:m0:th20 joined
(vm26:m0) thread vm26:m0:th21 joined
(vm26:m0) thread vm26:m0:th22 joined
(vm26:m0) thread vm26:m0:th23 joined
(vm26:m0) thread vm26:m0:th24 joined
(vm26:m0) thread vm26:m0:th25 joined
(vm26:m0) thread vm26:m0:th26 joined
(vm26:m0) thread vm26:m0:th27 joined
(vm26:m0) thread vm26:m0:th28 joined
(vm26:m0) thread vm26:m0:th29 joined
(vm26:m0:th30) got exit signal
(vm26:m0) thread vm26:m0:th30 joined
(vm26:m0) thread vm26:m0:th31 joined
(vm26:m0) all done, exiting
*RES* start node vm26:m0
*RES* vm26:m0:th0,1406561032018,99,7,5302429
*RES* vm26:m0:th0,1406561032120,0,7,5302429
*RES* vm26:m0:th0,1406561032126,0,7,5302429
*RES* vm26:m0:th0,1406561032139,0,7,5302429
*RES* vm26:m0:th0,1406561032208,0,8,5302429
*RES* vm26:m0:th0,1406561032215,0,8,5302429
*RES* vm26:m0:th1,1406561032035,184,6,5302429
*RES* vm26:m0:th0,1406561032243,0,8,5302429
*RES* vm26:m0:th1,1406561032245,0,7,5302429
*RES* vm26:m0:th0,1406561032252,0,8,5302429
*RES* vm26:m0:th1,1406561032253,0,7,5302429
*RES* vm26:m0:th0,1406561032314,0,8,5302429
*RES* vm26:m0:th1,1406561032341,0,7,5302429
*RES* vm26:m0:th0,1406561032386,0,9,5302429
*RES* vm26:m0:th1,1406561032509,0,7,5302429
*RES* vm26:m0:th2,1406561032035,183,6,5302429
*RES* vm26:m0:th3,1406561032045,180,6,5302429
*RES* vm26:m0:th4,1406561032045,178,5,5302429
*RES* vm26:m0:th5,1406561032045,216,7,5302429
*RES* vm26:m0:th6,1406561032046,215,6,5302429
*RES* vm26:m0:th7,1406561032050,186,5,5302429
*RES* vm26:m0:th8,1406561032061,249,9,5302429
*RES* vm26:m0:th9,1406561032066,239,5,5302429
*RES* vm26:m0:th10,1406561032074,265,5,5302429
*RES* vm26:m0:th11,1406561032075,249,6,5302429
*RES* vm26:m0:th12,1406561032085,261,6,5302429
*RES* vm26:m0:th13,1406561032085,242,5,5302429
*RES* vm26:m0:th14,1406561032085,246,6,5302429
*RES* vm26:m0:th15,1406561032097,332,7,5302429
*RES* vm26:m0:th16,1406561032098,255,5,5302429
*RES* vm26:m0:th17,1406561032097,280,6,5302429
*RES* vm26:m0:th18,1406561032098,259,5,5302429
*RES* vm26:m0:th19,1406561032098,250,5,5302429
*RES* vm26:m0:th20,1406561032097,255,5,5302429
*RES* vm26:m0:th21,1406561032098,246,5,5302429
*RES* vm26:m0:th22,1406561032110,242,5,5302429
*RES* vm26:m0:th23,1406561032110,278,6,5302429
*RES* vm26:m0:th24,1406561032110,309,6,5302429
*RES* vm26:m0:th25,1406561032110,259,5,5302429
*RES* vm26:m0:th26,1406561032127,262,7,5302429
*RES* vm26:m0:th27,1406561032128,286,8,5302429
*RES* vm26:m0:th28,1406561032128,284,5,5302429
*RES* vm26:m0:th29,1406561032202,201,5,5302429
*RES* vm26:m0:th30,1406561032239,176,6,5302429
*RES* vm26:m0:th31,1406561032239,173,5,5302429
*RES* end node vm26:m0
(main) Thread vm26:m0 joined
(main) Waiting for thread vm26:r0 to join...
(vm26:r0:th1:7) Connection to vm37:m0 finished, received 15907292 bytes
(vm26:r0:th1:8) Connection established with mapper vm42:m0
(vm26:r0:th1:8) Connection to vm42:m0 finished, received 15907293 bytes
(vm26:r0:th1) Got data from all mappers, this reducer connection has finished.
(vm26:r0) thread th1 joined, 3 connection threads remaining
(vm26:r0:th2:8) Connection to vm43:m0 finished, received 15907293 bytes
(vm26:r0:th2) Got data from all mappers, this reducer connection has finished.
(vm26:r0) thread th2 joined, 2 connection threads remaining
(vm26:r0) thread th3 joined, 1 connection threads remaining
(vm26:r0:th4:7) Connection to vm40:m0 finished, received 15907292 bytes
(vm26:r0:th4:8) Connection established with mapper vm45:m0
(vm26:r0:th4:8) Connection to vm45:m0 finished, received 15907293 bytes
(vm26:r0:th4) Got data from all mappers, this reducer connection has finished.
(vm26:r0) thread th4 joined, 0 connection threads remaining
(vm26:r0) all done, exiting
*RES* start node vm26:r0
*RES* vm26:r0:th0:0,1406561031621,387,10,5302429
*RES* vm26:r0:th0:1,1406561032007,2,10,5302430
*RES* vm26:r0:th0:2,1406561032010,8,10,5302431
*RES* vm26:r0:th0:3,1406561032018,6,11,5302432
*RES* vm26:r0:th0:4,1406561032024,359,21,10604861
*RES* vm26:r0:th0:5,1406561032383,3,22,10604862
*RES* vm26:r0:th0:6,1406561032390,7,23,10604863
*RES* vm26:r0:th0:7,1406561032397,12,23,10604864
*RES* vm26:r0:th0:8,1406561032409,7,23,10604865
*RES* vm26:r0:th1:0,1406561031621,320,10,5302429
*RES* vm26:r0:th1:1,1406561031940,1,10,5302430
*RES* vm26:r0:th1:2,1406561031942,2,11,5302431
*RES* vm26:r0:th1:3,1406561031943,2,11,5302432
*RES* vm26:r0:th1:4,1406561031946,289,22,10604861
*RES* vm26:r0:th1:5,1406561032234,21,22,10604862
*RES* vm26:r0:th1:6,1406561032256,22,23,10604863
*RES* vm26:r0:th1:7,1406561032278,243,32,15907292
*RES* vm26:r0:th1:8,1406561032522,1,32,15907293
*RES* vm26:r0:th2:0,1406561031621,386,10,5302429
*RES* vm26:r0:th2:1,1406561032007,3,10,5302430
*RES* vm26:r0:th2:2,1406561032009,3,10,5302431
*RES* vm26:r0:th2:3,1406561032012,5,10,5302432
*RES* vm26:r0:th2:4,1406561032018,6,11,5302433
*RES* vm26:r0:th2:5,1406561032024,10,11,5302434
*RES* vm26:r0:th2:6,1406561032034,368,20,10604863
*RES* vm26:r0:th2:7,1406561032404,4,20,10604864
*RES* vm26:r0:th2:8,1406561032409,142,29,15907293
*RES* vm26:r0:th3:0,1406561031620,393,10,5302429
*RES* vm26:r0:th3:1,1406561032014,7,10,5302430
*RES* vm26:r0:th3:2,1406561032020,5,11,5302431
*RES* vm26:r0:th3:3,1406561032025,6,11,5302432
*RES* vm26:r0:th3:4,1406561032031,6,12,5302433
*RES* vm26:r0:th3:5,1406561032037,12,12,5302434
*RES* vm26:r0:th3:6,1406561032050,9,12,5302435
*RES* vm26:r0:th3:7,1406561032058,341,24,10604864
*RES* vm26:r0:th3:8,1406561032409,5,24,10604865
*RES* vm26:r0:th4:0,1406561031620,350,11,5302429
*RES* vm26:r0:th4:1,1406561031971,3,11,5302430
*RES* vm26:r0:th4:2,1406561031973,2,11,5302431
*RES* vm26:r0:th4:3,1406561031975,3,11,5302432
*RES* vm26:r0:th4:4,1406561031979,472,23,10604861
*RES* vm26:r0:th4:5,1406561032450,1,23,10604862
*RES* vm26:r0:th4:6,1406561032452,2,24,10604863
*RES* vm26:r0:th4:7,1406561032453,225,31,15907292
*RES* vm26:r0:th4:8,1406561032679,1,31,15907293
*RES* end node vm26:r0
(main) Thread vm26:r0 joined
Worker terminating correctly
