OSMeF worker starting
Enabling core dumping
Listening for command connection
(vm23:m0) New mapper on port 23330
(vm23:m0) -> reducer data size 761434645
(vm23:m0) -> reducer data size 761434645
(vm23:m0) -> reducer data size 761434645
(vm23:m0) -> reducer data size 761434645
(vm23:m0) -> reducer data size 761434645
(vm23:m0) -> reducer data size 761434645
(vm23:m0) -> reducer data size 761434645
(vm23:m0) -> reducer data size 761434645
(vm23:m0) -> reducer data size 761434645
(vm23:m0) -> reducer data size 761434645
(vm23:m0) -> reducer data size 761434645
(vm23:m0) -> reducer data size 761434645
(vm23:m0) -> reducer data size 761434645
(vm23:m0) -> reducer data size 761434645
(vm23:m0) -> reducer data size 761434645
(vm23:m0) -> reducer data size 761434645
(vm23:m0) -> reducer data size 761434645
(vm23:m0) -> reducer data size 761434645
(vm23:m0) -> reducer data size 761434645
(vm23:m0) -> reducer data size 761434645
(vm23:m0) -> reducer data size 761434645
(vm23:m0) -> reducer data size 761434645
(vm23:m0) -> reducer data size 761434645
(vm23:m0) -> reducer data size 761434645
(vm23:m0) -> reducer data size 761434645
(vm23:m0) -> reducer data size 761434645
(vm23:m0) -> reducer data size 761434645
(vm23:m0) -> reducer data size 761434645
(vm23:m0) -> reducer data size 761434645
(vm23:m0) -> reducer data size 761434645
(vm23:m0) -> reducer data size 761434645
(vm23:m0) -> reducer data size 761434645
(vm23:m0) -> reducer data size 761434645
(vm23:m0) -> reducer data size 761434645
(vm23:m0) -> reducer data size 761434645
(vm23:m0) -> reducer data size 761434645
(vm23:m0) -> reducer data size 761434645
(vm23:m0) -> reducer data size 761434645
(vm23:m0) Mapper thread started
(vm23:m0) Allocating data for reducer vm1:r0
(vm23:m0) Allocating data for reducer vm2:r0
(vm23:m0) Allocating data for reducer vm3:r0
(vm23:m0) Allocating data for reducer vm4:r0
(vm23:m0) Allocating data for reducer vm5:r0
(vm23:m0) Allocating data for reducer vm6:r0
(vm23:m0) Allocating data for reducer vm7:r0
(vm23:m0) Allocating data for reducer vm8:r0
(vm23:m0) Allocating data for reducer vm9:r0
(vm23:m0) Allocating data for reducer vm10:r0
(vm23:m0) Allocating data for reducer vm11:r0
(vm23:m0) Allocating data for reducer vm12:r0
(vm23:m0) Allocating data for reducer vm13:r0
(vm23:m0) Allocating data for reducer vm14:r0
(vm23:m0) Allocating data for reducer vm15:r0
(vm23:m0) Allocating data for reducer vm16:r0
(vm23:m0) Allocating data for reducer vm17:r0
(vm23:m0) Allocating data for reducer vm18:r0
(vm23:m0) Allocating data for reducer vm19:r0
(vm23:m0) Allocating data for reducer vm20:r0
(vm23:m0) Allocating data for reducer vm21:r0
(vm23:m0) Allocating data for reducer vm22:r0
(vm23:m0) Allocating data for reducer vm23:r0
(vm23:m0) Allocating data for reducer vm24:r0
(vm23:m0) Allocating data for reducer vm25:r0
(vm23:m0) Allocating data for reducer vm26:r0
(vm23:m0) Allocating data for reducer vm27:r0
(vm23:m0) Allocating data for reducer vm28:r0
(vm23:m0) Allocating data for reducer vm29:r0
(vm23:m0) Allocating data for reducer vm30:r0
(vm23:m0) Allocating data for reducer vm31:r0
(vm23:m0) Allocating data for reducer vm32:r0
(vm23:m0) Allocating data for reducer vm33:r0
(vm23:m0) Allocating data for reducer vm34:r0
(vm23:m0) Allocating data for reducer vm35:r0
(vm23:m0) Allocating data for reducer vm36:r0
(vm23:m0) Allocating data for reducer vm37:r0
(vm23:m0) Allocating data for reducer vm38:r0
(vm23:m0) Binding to port 23330
(vm23:r0) New reducer
(vm23:r0) Reducer thread started
(vm23:r0) waiting for START message
(vm23:r0) got START message
(vm23:r0) Starting new connection thread
(vm23:r0) Starting new connection thread
(vm23:r0) Starting new connection thread
(vm23:r0) Starting new connection thread
(vm23:r0) Starting new connection thread
(vm23:r0) Maximum number of connections reached (5), waiting for a thread to finish
(vm23:r0:3) Connection established
(vm23:r0:2) Connection established
(vm23:r0:1) Connection established
(vm23:r0:4) Connection established
(vm23:r0:0) Connection established
(vm23:r0:2) Connection finished, received 761434646 bytes
(vm23:r0:1) Connection finished, received 761434646 bytes
(vm23:r0:4) Connection finished, received 761434646 bytes
(vm23:r0:0) Connection finished, received 761434646 bytes
(vm23:r0) thread 0 joined, 37 connections remaining
(vm23:r0) Starting new connection thread
(vm23:r0) Maximum number of connections reached (5), waiting for a thread to finish
(vm23:r0:0) Connection established
(vm23:r0:3) Connection finished, received 761434646 bytes
(vm23:r0:0) Connection finished, received 761434646 bytes
(vm23:r0) thread 0 joined, 36 connections remaining
(vm23:r0) Starting new connection thread
(vm23:r0) Maximum number of connections reached (5), waiting for a thread to finish
(vm23:r0:0) Connection established
(vm23:r0:0) Connection finished, received 761434646 bytes
(vm23:r0) thread 0 joined, 35 connections remaining
(vm23:r0) Starting new connection thread
(vm23:r0) Maximum number of connections reached (5), waiting for a thread to finish
(vm23:r0:0) Connection established
(vm23:r0:0) Connection finished, received 761434646 bytes
(vm23:r0) thread 0 joined, 34 connections remaining
(vm23:r0) Starting new connection thread
(vm23:r0) Maximum number of connections reached (5), waiting for a thread to finish
(vm23:r0:0) Connection established
(vm23:r0:0) Connection finished, received 761434646 bytes
(vm23:r0) thread 0 joined, 33 connections remaining
(vm23:r0) Starting new connection thread
(vm23:r0) Maximum number of connections reached (5), waiting for a thread to finish
(vm23:r0:0) Connection established
(vm23:r0:0) Connection finished, received 761434646 bytes
(vm23:r0) thread 0 joined, 32 connections remaining
(vm23:r0) Starting new connection thread
(vm23:r0) Maximum number of connections reached (5), waiting for a thread to finish
(vm23:r0:0) Connection established
(vm23:r0:0) Connection finished, received 761434646 bytes
(vm23:r0) thread 0 joined, 31 connections remaining
(vm23:r0) Starting new connection thread
(vm23:r0) Maximum number of connections reached (5), waiting for a thread to finish
(vm23:r0:0) Connection established
(vm23:r0:0) Connection finished, received 761434646 bytes
(vm23:r0) thread 0 joined, 30 connections remaining
(vm23:r0) Starting new connection thread
(vm23:r0) Maximum number of connections reached (5), waiting for a thread to finish
(vm23:r0:0) Connection established
(vm23:r0:0) Connection finished, received 761434646 bytes
(vm23:r0) thread 0 joined, 29 connections remaining
(vm23:r0) Starting new connection thread
(vm23:r0) Maximum number of connections reached (5), waiting for a thread to finish
(vm23:r0:0) Connection established
(vm23:r0:0) Connection finished, received 761434646 bytes
(vm23:r0) thread 0 joined, 28 connections remaining
(vm23:r0) Starting new connection thread
(vm23:r0) Maximum number of connections reached (5), waiting for a thread to finish
(vm23:r0:0) Connection established
(vm23:r0:0) Connection finished, received 761434646 bytes
(vm23:r0) thread 0 joined, 27 connections remaining
(vm23:r0) Starting new connection thread
(vm23:r0) Maximum number of connections reached (5), waiting for a thread to finish
(vm23:r0:0) Connection established
(vm23:r0:0) Connection finished, received 761434646 bytes
(vm23:r0) thread 0 joined, 26 connections remaining
(vm23:r0) Starting new connection thread
(vm23:r0) Maximum number of connections reached (5), waiting for a thread to finish
(vm23:r0:0) Connection established
(vm23:r0:0) Connection finished, received 761434646 bytes
(vm23:r0) thread 0 joined, 25 connections remaining
(vm23:r0) Starting new connection thread
(vm23:r0) Maximum number of connections reached (5), waiting for a thread to finish
(vm23:r0:0) Connection established
(vm23:r0:0) Connection finished, received 761434646 bytes
(vm23:r0) thread 0 joined, 24 connections remaining
(vm23:r0) Starting new connection thread
(vm23:r0) Maximum number of connections reached (5), waiting for a thread to finish
(vm23:r0:0) Connection established
(vm23:r0:0) Connection finished, received 761434646 bytes
(vm23:r0) thread 0 joined, 23 connections remaining
(vm23:r0) Starting new connection thread
(vm23:r0) Maximum number of connections reached (5), waiting for a thread to finish
(vm23:r0:0) Connection established
(vm23:m0) Got connection from reducer vm1:r0
(vm23:m0:0) thread started, have to send 761434645 bytes
(vm23:r0:0) Connection finished, received 761434646 bytes
(vm23:r0) thread 0 joined, 22 connections remaining
(vm23:r0) Starting new connection thread
(vm23:r0) Maximum number of connections reached (5), waiting for a thread to finish
(vm23:r0:0) Connection established
(vm23:m0:0) all data sent, thread exiting
(vm23:r0:0) Connection finished, received 761434646 bytes
(vm23:r0) thread 0 joined, 21 connections remaining
(vm23:r0) Starting new connection thread
(vm23:r0) Maximum number of connections reached (5), waiting for a thread to finish
(vm23:r0:0) Connection established
(vm23:r0:0) Connection finished, received 761434646 bytes
(vm23:r0) thread 0 joined, 20 connections remaining
(vm23:r0) Starting new connection thread
(vm23:r0) Maximum number of connections reached (5), waiting for a thread to finish
(vm23:r0:0) Connection established
(vm23:m0) Got connection from reducer vm23:r0
(vm23:m0:22) thread started, have to send 761434645 bytes
(vm23:m0:22) all data sent, thread exiting
(vm23:r0:0) Connection finished, received 761434646 bytes
(vm23:r0) thread 0 joined, 19 connections remaining
(vm23:r0) Starting new connection thread
(vm23:r0) Maximum number of connections reached (5), waiting for a thread to finish
(vm23:r0:0) Connection established
(vm23:r0:0) Connection finished, received 761434646 bytes
(vm23:r0) thread 0 joined, 18 connections remaining
(vm23:r0) Starting new connection thread
(vm23:r0) Maximum number of connections reached (5), waiting for a thread to finish
(vm23:r0:0) Connection established
(vm23:r0:0) Connection finished, received 761434646 bytes
(vm23:r0) thread 0 joined, 17 connections remaining
(vm23:r0) Starting new connection thread
(vm23:r0) Maximum number of connections reached (5), waiting for a thread to finish
(vm23:r0:0) Connection established
(vm23:r0:0) Connection finished, received 761434646 bytes
(vm23:r0) thread 0 joined, 16 connections remaining
(vm23:r0) Starting new connection thread
(vm23:r0) Maximum number of connections reached (5), waiting for a thread to finish
(vm23:r0:0) Connection established
(vm23:r0:0) Connection finished, received 761434646 bytes
(vm23:r0) thread 0 joined, 15 connections remaining
(vm23:r0) Starting new connection thread
(vm23:r0) Maximum number of connections reached (5), waiting for a thread to finish
(vm23:r0:0) Connection established
(vm23:r0:0) Connection finished, received 761434646 bytes
(vm23:r0) thread 0 joined, 14 connections remaining
(vm23:r0) Starting new connection thread
(vm23:r0) Maximum number of connections reached (5), waiting for a thread to finish
(vm23:r0:0) Connection established
(vm23:r0:0) Connection finished, received 761434646 bytes
(vm23:r0) thread 0 joined, 13 connections remaining
(vm23:r0) Starting new connection thread
(vm23:r0) Maximum number of connections reached (5), waiting for a thread to finish
(vm23:r0:0) Connection established
(vm23:r0:0) Connection finished, received 761434646 bytes
(vm23:r0) thread 0 joined, 12 connections remaining
(vm23:r0) Starting new connection thread
(vm23:r0) Maximum number of connections reached (5), waiting for a thread to finish
(vm23:r0:0) Connection established
(vm23:r0:0) Connection finished, received 761434646 bytes
(vm23:r0) thread 0 joined, 11 connections remaining
(vm23:r0) Starting new connection thread
(vm23:r0) Maximum number of connections reached (5), waiting for a thread to finish
(vm23:r0:0) Connection established
(vm23:m0) Got connection from reducer vm10:r0
(vm23:m0:9) thread started, have to send 761434645 bytes
(vm23:r0:0) Connection finished, received 761434646 bytes
(vm23:r0) thread 0 joined, 10 connections remaining
(vm23:r0) Starting new connection thread
(vm23:r0) Maximum number of connections reached (5), waiting for a thread to finish
(vm23:r0:0) Connection established
(vm23:m0) Got connection from reducer vm6:r0
(vm23:m0:5) thread started, have to send 761434645 bytes
(vm23:m0:9) all data sent, thread exiting
(vm23:m0) Got connection from reducer vm12:r0
(vm23:m0:11) thread started, have to send 761434645 bytes
(vm23:r0:0) Connection finished, received 761434646 bytes
(vm23:r0) thread 0 joined, 9 connections remaining
(vm23:r0) Starting new connection thread
(vm23:r0) Maximum number of connections reached (5), waiting for a thread to finish
(vm23:r0:0) Connection established
(vm23:m0:5) all data sent, thread exiting
(vm23:r0:0) Connection finished, received 761434646 bytes
(vm23:r0) thread 0 joined, 8 connections remaining
(vm23:r0) Starting new connection thread
(vm23:r0) Maximum number of connections reached (5), waiting for a thread to finish
(vm23:r0:0) Connection established
(vm23:m0) Got connection from reducer vm17:r0
(vm23:m0:16) thread started, have to send 761434645 bytes
(vm23:m0:11) all data sent, thread exiting
(vm23:m0) Got connection from reducer vm28:r0
(vm23:m0:27) thread started, have to send 761434645 bytes
(vm23:r0:0) Connection finished, received 761434646 bytes
(vm23:r0) thread 0 joined, 7 connections remaining
(vm23:r0) Starting new connection thread
(vm23:r0) Maximum number of connections reached (5), waiting for a thread to finish
(vm23:r0:0) Connection established
(vm23:m0:16) all data sent, thread exiting
(vm23:m0) Got connection from reducer vm31:r0
(vm23:m0:30) thread started, have to send 761434645 bytes
(vm23:m0:27) all data sent, thread exiting
(vm23:r0:0) Connection finished, received 761434646 bytes
(vm23:r0) thread 0 joined, 6 connections remaining
(vm23:r0) Starting new connection thread
(vm23:r0) Maximum number of connections reached (5), waiting for a thread to finish
(vm23:r0:0) Connection established
(vm23:m0:30) all data sent, thread exiting
(vm23:m0) Got connection from reducer vm21:r0
(vm23:m0:20) thread started, have to send 761434645 bytes
(vm23:r0:0) Connection finished, received 761434646 bytes
(vm23:r0) thread 0 joined, 5 connections remaining
(vm23:r0) Starting new connection thread
(vm23:r0) Maximum number of connections reached (5), waiting for a thread to finish
(vm23:r0:0) Connection established
(vm23:m0:20) all data sent, thread exiting
(vm23:r0:0) Connection finished, received 761434646 bytes
(vm23:r0) thread 0 joined, 4 connections remaining
(vm23:r0) Maximum number of connections reached (4), waiting for a thread to finish
(vm23:r0) thread 1 joined, 3 connections remaining
(vm23:r0) Maximum number of connections reached (3), waiting for a thread to finish
(vm23:r0) thread 2 joined, 2 connections remaining
(vm23:r0) Maximum number of connections reached (2), waiting for a thread to finish
(vm23:r0) thread 3 joined, 1 connections remaining
(vm23:r0) Maximum number of connections reached (1), waiting for a thread to finish
(vm23:r0) thread 4 joined, 0 connections remaining
(vm23:r0) all done, exiting
(vm23:m0) Got connection from reducer vm30:r0
(vm23:m0:29) thread started, have to send 761434645 bytes
(vm23:m0) Got connection from reducer vm14:r0
(vm23:m0:13) thread started, have to send 761434645 bytes
(vm23:m0:29) all data sent, thread exiting
(vm23:m0) Got connection from reducer vm11:r0
(vm23:m0:10) thread started, have to send 761434645 bytes
(vm23:m0) Got connection from reducer vm20:r0
(vm23:m0:19) thread started, have to send 761434645 bytes
(vm23:m0) Got connection from reducer vm22:r0
(vm23:m0:21) thread started, have to send 761434645 bytes
(vm23:m0:13) all data sent, thread exiting
(vm23:m0:10) all data sent, thread exiting
(vm23:m0:21) all data sent, thread exiting
(vm23:m0) Got connection from reducer vm7:r0
(vm23:m0:6) thread started, have to send 761434645 bytes
(vm23:m0:19) all data sent, thread exiting
(vm23:m0) Got connection from reducer vm9:r0
(vm23:m0:8) thread started, have to send 761434645 bytes
(vm23:m0:6) all data sent, thread exiting
(vm23:m0) Got connection from reducer vm18:r0
(vm23:m0:17) thread started, have to send 761434645 bytes
(vm23:m0:8) all data sent, thread exiting
(vm23:m0) Got connection from reducer vm24:r0
(vm23:m0:23) thread started, have to send 761434645 bytes
(vm23:m0:17) all data sent, thread exiting
(vm23:m0) Got connection from reducer vm16:r0
(vm23:m0:15) thread started, have to send 761434645 bytes
(vm23:m0) Got connection from reducer vm33:r0
(vm23:m0:32) thread started, have to send 761434645 bytes
(vm23:m0:23) all data sent, thread exiting
(vm23:m0) Got connection from reducer vm26:r0
(vm23:m0:25) thread started, have to send 761434645 bytes
(vm23:m0:15) all data sent, thread exiting
(vm23:m0:32) all data sent, thread exiting
(vm23:m0) Got connection from reducer vm8:r0
(vm23:m0:7) thread started, have to send 761434645 bytes
(vm23:m0) Got connection from reducer vm35:r0
(vm23:m0:34) thread started, have to send 761434645 bytes
(vm23:m0:25) all data sent, thread exiting
(vm23:m0:7) all data sent, thread exiting
(vm23:m0) Got connection from reducer vm37:r0
(vm23:m0:36) thread started, have to send 761434645 bytes
(vm23:m0:34) all data sent, thread exiting
(vm23:m0) Got connection from reducer vm4:r0
(vm23:m0:3) thread started, have to send 761434645 bytes
(vm23:m0:36) all data sent, thread exiting
(vm23:m0:3) all data sent, thread exiting
(vm23:m0) Got connection from reducer vm15:r0
(vm23:m0:14) thread started, have to send 761434645 bytes
(vm23:m0:14) all data sent, thread exiting
(vm23:m0) Got connection from reducer vm27:r0
(vm23:m0:26) thread started, have to send 761434645 bytes
(vm23:m0) Got connection from reducer vm2:r0
(vm23:m0:1) thread started, have to send 761434645 bytes
(vm23:m0) Got connection from reducer vm29:r0
(vm23:m0:28) thread started, have to send 761434645 bytes
(vm23:m0:1) all data sent, thread exiting
(vm23:m0:26) all data sent, thread exiting
(vm23:m0) Got connection from reducer vm34:r0
(vm23:m0:33) thread started, have to send 761434645 bytes
(vm23:m0:28) all data sent, thread exiting
(vm23:m0) Got connection from reducer vm25:r0
(vm23:m0:24) thread started, have to send 761434645 bytes
(vm23:m0:33) all data sent, thread exiting
(vm23:m0) Got connection from reducer vm38:r0
(vm23:m0:37) thread started, have to send 761434645 bytes
(vm23:m0:24) all data sent, thread exiting
(vm23:m0) Got connection from reducer vm13:r0
(vm23:m0:12) thread started, have to send 761434645 bytes
(vm23:m0:37) all data sent, thread exiting
(vm23:m0) Got connection from reducer vm36:r0
(vm23:m0:35) thread started, have to send 761434645 bytes
(vm23:m0:12) all data sent, thread exiting
(vm23:m0:35) all data sent, thread exiting
(vm23:m0) Got connection from reducer vm5:r0
(vm23:m0:4) thread started, have to send 761434645 bytes
(vm23:m0) Got connection from reducer vm19:r0
(vm23:m0:18) thread started, have to send 761434645 bytes
(vm23:m0) Got connection from reducer vm3:r0
(vm23:m0:2) thread started, have to send 761434645 bytes
(vm23:m0:4) all data sent, thread exiting
(vm23:m0:18) all data sent, thread exiting
(vm23:m0) Got connection from reducer vm32:r0
(vm23:m0) Waiting for a thread to finish
(vm23:m0) thread 0 joined, 37 connections remaining
(vm23:m0) Waiting for a thread to finish
(vm23:m0) thread 1 joined, 36 connections remaining
(vm23:m0) Waiting for a thread to finish
(vm23:m0:31) thread started, have to send 761434645 bytes
(vm23:m0:2) all data sent, thread exiting
(vm23:m0) thread 2 joined, 35 connections remaining
(vm23:m0) Waiting for a thread to finish
(vm23:m0) thread 3 joined, 34 connections remaining
(vm23:m0) Waiting for a thread to finish
(vm23:m0) thread 4 joined, 33 connections remaining
(vm23:m0) Waiting for a thread to finish
(vm23:m0) thread 5 joined, 32 connections remaining
(vm23:m0) Waiting for a thread to finish
(vm23:m0) thread 6 joined, 31 connections remaining
(vm23:m0) Waiting for a thread to finish
(vm23:m0) thread 7 joined, 30 connections remaining
(vm23:m0) Waiting for a thread to finish
(vm23:m0) thread 8 joined, 29 connections remaining
(vm23:m0) Waiting for a thread to finish
(vm23:m0) thread 9 joined, 28 connections remaining
(vm23:m0) Waiting for a thread to finish
(vm23:m0) thread 10 joined, 27 connections remaining
(vm23:m0) Waiting for a thread to finish
(vm23:m0) thread 11 joined, 26 connections remaining
(vm23:m0) Waiting for a thread to finish
(vm23:m0) thread 12 joined, 25 connections remaining
(vm23:m0) Waiting for a thread to finish
(vm23:m0) thread 13 joined, 24 connections remaining
(vm23:m0) Waiting for a thread to finish
(vm23:m0) thread 14 joined, 23 connections remaining
(vm23:m0) Waiting for a thread to finish
(vm23:m0) thread 15 joined, 22 connections remaining
(vm23:m0) Waiting for a thread to finish
(vm23:m0) thread 16 joined, 21 connections remaining
(vm23:m0) Waiting for a thread to finish
(vm23:m0) thread 17 joined, 20 connections remaining
(vm23:m0) Waiting for a thread to finish
(vm23:m0) thread 18 joined, 19 connections remaining
(vm23:m0) Waiting for a thread to finish
(vm23:m0) thread 19 joined, 18 connections remaining
(vm23:m0) Waiting for a thread to finish
(vm23:m0) thread 20 joined, 17 connections remaining
(vm23:m0) Waiting for a thread to finish
(vm23:m0) thread 21 joined, 16 connections remaining
(vm23:m0) Waiting for a thread to finish
(vm23:m0) thread 22 joined, 15 connections remaining
(vm23:m0) Waiting for a thread to finish
(vm23:m0) thread 23 joined, 14 connections remaining
(vm23:m0) Waiting for a thread to finish
(vm23:m0) thread 24 joined, 13 connections remaining
(vm23:m0) Waiting for a thread to finish
(vm23:m0) thread 25 joined, 12 connections remaining
(vm23:m0) Waiting for a thread to finish
(vm23:m0) thread 26 joined, 11 connections remaining
(vm23:m0) Waiting for a thread to finish
(vm23:m0) thread 27 joined, 10 connections remaining
(vm23:m0) Waiting for a thread to finish
(vm23:m0) thread 28 joined, 9 connections remaining
(vm23:m0) Waiting for a thread to finish
(vm23:m0) thread 29 joined, 8 connections remaining
(vm23:m0) Waiting for a thread to finish
(vm23:m0) thread 30 joined, 7 connections remaining
(vm23:m0) Waiting for a thread to finish
(vm23:m0:31) all data sent, thread exiting
(vm23:m0) thread 31 joined, 6 connections remaining
(vm23:m0) Waiting for a thread to finish
(vm23:m0) thread 32 joined, 5 connections remaining
(vm23:m0) Waiting for a thread to finish
(vm23:m0) thread 33 joined, 4 connections remaining
(vm23:m0) Waiting for a thread to finish
(vm23:m0) thread 34 joined, 3 connections remaining
(vm23:m0) Waiting for a thread to finish
(vm23:m0) thread 35 joined, 2 connections remaining
(vm23:m0) Waiting for a thread to finish
(vm23:m0) thread 36 joined, 1 connections remaining
(vm23:m0) Waiting for a thread to finish
(vm23:m0) thread 37 joined, 0 connections remaining
(vm23:m0) all done, exiting
*RES* start node vm23:m0
*RES* vm23:m0:0,1405718795082,4916,1300,761434646
*RES* vm23:m0:1,1405718971716,5209,687,761434646
*RES* vm23:m0:2,1405719007000,2812,807,761434646
*RES* vm23:m0:3,1405718946981,4790,582,761434646
*RES* vm23:m0:4,1405719002077,4978,1487,761434646
*RES* vm23:m0:5,1405718855816,6973,1381,761434646
*RES* vm23:m0:6,1405718908826,7325,540,761434646
*RES* vm23:m0:7,1405718939359,4839,803,761434646
*RES* vm23:m0:8,1405718915501,6167,536,761434646
*RES* vm23:m0:9,1405718849998,5920,1498,761434646
*RES* vm23:m0:10,1405718899986,5947,649,761434646
*RES* vm23:m0:11,1405718857932,7629,931,761434646
*RES* vm23:m0:12,1405718992782,4846,611,761434646
*RES* vm23:m0:13,1405718897655,7546,675,761434646
*RES* vm23:m0:14,1405718963240,7472,525,761434646
*RES* vm23:m0:15,1405718930969,5420,704,761434646
*RES* vm23:m0:16,1405718864749,7516,927,761434646
*RES* vm23:m0:17,1405718919482,8491,553,761434646
*RES* vm23:m0:18,1405719004169,3516,1484,761434646
*RES* vm23:m0:19,1405718900291,8817,569,761434646
*RES* vm23:m0:20,1405718882435,5472,1283,761434646
*RES* vm23:m0:21,1405718901039,5847,603,761434646
*RES* vm23:m0:22,1405718809460,1195,197,761434646
*RES* vm23:m0:23,1405718927799,6628,759,761434646
*RES* vm23:m0:24,1405718983254,6858,620,761434646
*RES* vm23:m0:25,1405718936020,7233,656,761434646
*RES* vm23:m0:26,1405718971092,6549,670,761434646
*RES* vm23:m0:27,1405718868787,7166,1434,761434646
*RES* vm23:m0:28,1405718974401,7824,606,761434646
*RES* vm23:m0:29,1405718891264,8296,631,761434646
*RES* vm23:m0:30,1405718874395,6395,1266,761434646
*RES* vm23:m0:31,1405719008072,3188,770,761434646
*RES* vm23:m0:32,1405718931746,4965,829,761434646
*RES* vm23:m0:33,1405718978170,7407,668,761434646
*RES* vm23:m0:34,1405718939869,5681,702,761434646
*RES* vm23:m0:35,1405718996689,3506,555,761434646
*RES* vm23:m0:36,1405718944944,6260,637,761434646
*RES* vm23:m0:37,1405718986504,6618,594,761434646
*RES* end node vm23:m0
Node vm23:m0 joined
*RES* start node vm23:r0
*RES* vm23:r0:0,1405718684697,27007,744,761434646
*RES* vm23:r0:0,1405718711707,25834,697,761434646
*RES* vm23:r0:0,1405718737547,5153,1402,761434646
*RES* vm23:r0:0,1405718742707,3323,1408,761434646
*RES* vm23:r0:0,1405718746039,3603,1604,761434646
*RES* vm23:r0:0,1405718749647,5516,1281,761434646
*RES* vm23:r0:0,1405718755171,4175,1312,761434646
*RES* vm23:r0:0,1405718759355,4655,1298,761434646
*RES* vm23:r0:0,1405718764015,4867,1541,761434646
*RES* vm23:r0:0,1405718768891,4694,1483,761434646
*RES* vm23:r0:0,1405718773591,4197,1338,761434646
*RES* vm23:r0:0,1405718777796,3810,1308,761434646
*RES* vm23:r0:0,1405718781611,4627,1225,761434646
*RES* vm23:r0:0,1405718786243,3884,1390,761434646
*RES* vm23:r0:0,1405718790135,4070,1575,761434646
*RES* vm23:r0:0,1405718794215,5469,1338,761434646
*RES* vm23:r0:0,1405718799695,4704,1400,761434646
*RES* vm23:r0:0,1405718804403,5050,1337,761434646
*RES* vm23:r0:0,1405718809459,1198,478,761434646
*RES* vm23:r0:0,1405718810663,4576,1428,761434646
*RES* vm23:r0:0,1405718815247,5039,1427,761434646
*RES* vm23:r0:0,1405718820291,3824,1636,761434646
*RES* vm23:r0:0,1405718824123,4166,1498,761434646
*RES* vm23:r0:0,1405718828295,5329,1459,761434646
*RES* vm23:r0:0,1405718833631,4475,1537,761434646
*RES* vm23:r0:0,1405718838111,5065,1362,761434646
*RES* vm23:r0:0,1405718843183,4605,1292,761434646
*RES* vm23:r0:0,1405718847795,4558,1359,761434646
*RES* vm23:r0:0,1405718852360,5965,1418,761434646
*RES* vm23:r0:0,1405718858335,6273,1245,761434646
*RES* vm23:r0:0,1405718864615,6380,1367,761434646
*RES* vm23:r0:0,1405718871004,6183,1303,761434646
*RES* vm23:r0:0,1405718877203,5870,1434,761434646
*RES* vm23:r0:0,1405718883080,4965,1466,761434646
*RES* vm23:r0:1,1405718684697,25842,784,761434646
*RES* vm23:r0:2,1405718684697,25758,782,761434646
*RES* vm23:r0:3,1405718684696,28257,725,761434646
*RES* vm23:r0:4,1405718684696,26581,749,761434646
*RES* end node vm23:r0
Node vm23:r0 joined
Worker terminating correctly
