OSMeF worker starting
Enabling core dumping
Listening for command connection
(vm25:m0) New mapper on port 23330
(vm25:m0) -> reducer data size 761434645
(vm25:m0) -> reducer data size 761434645
(vm25:m0) -> reducer data size 761434645
(vm25:m0) -> reducer data size 761434645
(vm25:m0) -> reducer data size 761434645
(vm25:m0) -> reducer data size 761434645
(vm25:m0) -> reducer data size 761434645
(vm25:m0) -> reducer data size 761434645
(vm25:m0) -> reducer data size 761434645
(vm25:m0) -> reducer data size 761434645
(vm25:m0) -> reducer data size 761434645
(vm25:m0) -> reducer data size 761434645
(vm25:m0) -> reducer data size 761434645
(vm25:m0) -> reducer data size 761434645
(vm25:m0) -> reducer data size 761434645
(vm25:m0) -> reducer data size 761434645
(vm25:m0) -> reducer data size 761434645
(vm25:m0) -> reducer data size 761434645
(vm25:m0) -> reducer data size 761434645
(vm25:m0) -> reducer data size 761434645
(vm25:m0) -> reducer data size 761434645
(vm25:m0) -> reducer data size 761434645
(vm25:m0) -> reducer data size 761434645
(vm25:m0) -> reducer data size 761434645
(vm25:m0) -> reducer data size 761434645
(vm25:m0) -> reducer data size 761434645
(vm25:m0) -> reducer data size 761434645
(vm25:m0) -> reducer data size 761434645
(vm25:m0) -> reducer data size 761434645
(vm25:m0) -> reducer data size 761434645
(vm25:m0) -> reducer data size 761434645
(vm25:m0) -> reducer data size 761434645
(vm25:m0) -> reducer data size 761434645
(vm25:m0) -> reducer data size 761434645
(vm25:m0) -> reducer data size 761434645
(vm25:m0) -> reducer data size 761434645
(vm25:m0) -> reducer data size 761434645
(vm25:m0) -> reducer data size 761434645
(vm25:m0) Mapper thread started
(vm25:m0) Allocating data for reducer vm1:r0
(vm25:m0) Allocating data for reducer vm2:r0
(vm25:m0) Allocating data for reducer vm3:r0
(vm25:m0) Allocating data for reducer vm4:r0
(vm25:m0) Allocating data for reducer vm5:r0
(vm25:m0) Allocating data for reducer vm6:r0
(vm25:m0) Allocating data for reducer vm7:r0
(vm25:m0) Allocating data for reducer vm8:r0
(vm25:m0) Allocating data for reducer vm9:r0
(vm25:m0) Allocating data for reducer vm10:r0
(vm25:m0) Allocating data for reducer vm11:r0
(vm25:m0) Allocating data for reducer vm12:r0
(vm25:m0) Allocating data for reducer vm13:r0
(vm25:m0) Allocating data for reducer vm14:r0
(vm25:m0) Allocating data for reducer vm15:r0
(vm25:m0) Allocating data for reducer vm16:r0
(vm25:m0) Allocating data for reducer vm17:r0
(vm25:m0) Allocating data for reducer vm18:r0
(vm25:m0) Allocating data for reducer vm19:r0
(vm25:m0) Allocating data for reducer vm20:r0
(vm25:m0) Allocating data for reducer vm21:r0
(vm25:m0) Allocating data for reducer vm22:r0
(vm25:m0) Allocating data for reducer vm23:r0
(vm25:m0) Allocating data for reducer vm24:r0
(vm25:m0) Allocating data for reducer vm25:r0
(vm25:m0) Allocating data for reducer vm26:r0
(vm25:m0) Allocating data for reducer vm27:r0
(vm25:m0) Allocating data for reducer vm28:r0
(vm25:m0) Allocating data for reducer vm29:r0
(vm25:m0) Allocating data for reducer vm30:r0
(vm25:m0) Allocating data for reducer vm31:r0
(vm25:m0) Allocating data for reducer vm32:r0
(vm25:m0) Allocating data for reducer vm33:r0
(vm25:m0) Allocating data for reducer vm34:r0
(vm25:m0) Allocating data for reducer vm35:r0
(vm25:m0) Allocating data for reducer vm36:r0
(vm25:m0) Allocating data for reducer vm37:r0
(vm25:m0) Allocating data for reducer vm38:r0
(vm25:m0) Binding to port 23330
(vm25:r0) New reducer
(vm25:r0) Reducer thread started
(vm25:r0) waiting for START message
(vm25:r0) got START message
(vm25:r0) Starting new connection thread
(vm25:r0) Starting new connection thread
(vm25:r0) Starting new connection thread
(vm25:r0) Starting new connection thread
(vm25:r0) Starting new connection thread
(vm25:r0) Maximum number of connections reached (5), waiting for a thread to finish
(vm25:r0:3) Connection established
(vm25:r0:2) Connection established
(vm25:r0:1) Connection established
(vm25:r0:4) Connection established
(vm25:r0:0) Connection established
(vm25:r0:2) Connection finished, received 761434646 bytes
(vm25:r0:1) Connection finished, received 761434646 bytes
(vm25:r0:4) Connection finished, received 761434646 bytes
(vm25:r0:0) Connection finished, received 761434646 bytes
(vm25:r0) thread 0 joined, 37 connections remaining
(vm25:r0) Starting new connection thread
(vm25:r0) Maximum number of connections reached (5), waiting for a thread to finish
(vm25:r0:0) Connection established
(vm25:r0:3) Connection finished, received 761434646 bytes
(vm25:r0:0) Connection finished, received 761434646 bytes
(vm25:r0) thread 0 joined, 36 connections remaining
(vm25:r0) Starting new connection thread
(vm25:r0) Maximum number of connections reached (5), waiting for a thread to finish
(vm25:r0:0) Connection established
(vm25:m0) Got connection from reducer vm1:r0
(vm25:m0:0) thread started, have to send 761434645 bytes
(vm25:r0:0) Connection finished, received 761434646 bytes
(vm25:r0) thread 0 joined, 35 connections remaining
(vm25:r0) Starting new connection thread
(vm25:r0) Maximum number of connections reached (5), waiting for a thread to finish
(vm25:r0:0) Connection established
(vm25:m0:0) all data sent, thread exiting
(vm25:m0) Got connection from reducer vm23:r0
(vm25:m0:22) thread started, have to send 761434645 bytes
(vm25:m0:22) all data sent, thread exiting
(vm25:r0:0) Connection finished, received 761434646 bytes
(vm25:r0) thread 0 joined, 34 connections remaining
(vm25:r0) Starting new connection thread
(vm25:r0) Maximum number of connections reached (5), waiting for a thread to finish
(vm25:r0:0) Connection established
(vm25:r0:0) Connection finished, received 761434646 bytes
(vm25:r0) thread 0 joined, 33 connections remaining
(vm25:r0) Starting new connection thread
(vm25:r0) Maximum number of connections reached (5), waiting for a thread to finish
(vm25:r0:0) Connection established
(vm25:m0) Got connection from reducer vm6:r0
(vm25:m0:5) thread started, have to send 761434645 bytes
(vm25:m0) Got connection from reducer vm10:r0
(vm25:m0:9) thread started, have to send 761434645 bytes
(vm25:m0) Got connection from reducer vm12:r0
(vm25:m0:11) thread started, have to send 761434645 bytes
(vm25:m0:5) all data sent, thread exiting
(vm25:m0:11) all data sent, thread exiting
(vm25:m0) Got connection from reducer vm17:r0
(vm25:m0:16) thread started, have to send 761434645 bytes
(vm25:r0:0) Connection finished, received 761434646 bytes
(vm25:r0) thread 0 joined, 32 connections remaining
(vm25:r0) Starting new connection thread
(vm25:r0) Maximum number of connections reached (5), waiting for a thread to finish
(vm25:r0:0) Connection established
(vm25:m0) Got connection from reducer vm28:r0
(vm25:m0:27) thread started, have to send 761434645 bytes
(vm25:m0) Got connection from reducer vm31:r0
(vm25:m0:30) thread started, have to send 761434645 bytes
(vm25:m0:9) all data sent, thread exiting
(vm25:m0:16) all data sent, thread exiting
(vm25:m0:27) all data sent, thread exiting
(vm25:m0:30) all data sent, thread exiting
(vm25:m0) Got connection from reducer vm21:r0
(vm25:m0:20) thread started, have to send 761434645 bytes
(vm25:r0:0) Connection finished, received 761434646 bytes
(vm25:r0) thread 0 joined, 31 connections remaining
(vm25:r0) Starting new connection thread
(vm25:r0) Maximum number of connections reached (5), waiting for a thread to finish
(vm25:r0:0) Connection established
(vm25:m0:20) all data sent, thread exiting
(vm25:m0) Got connection from reducer vm30:r0
(vm25:m0:29) thread started, have to send 761434645 bytes
(vm25:r0:0) Connection finished, received 761434646 bytes
(vm25:r0) thread 0 joined, 30 connections remaining
(vm25:r0) Starting new connection thread
(vm25:r0) Maximum number of connections reached (5), waiting for a thread to finish
(vm25:r0:0) Connection established
(vm25:m0:29) all data sent, thread exiting
(vm25:m0) Got connection from reducer vm14:r0
(vm25:m0:13) thread started, have to send 761434645 bytes
(vm25:m0) Got connection from reducer vm11:r0
(vm25:m0:10) thread started, have to send 761434645 bytes
(vm25:m0) Got connection from reducer vm22:r0
(vm25:m0:21) thread started, have to send 761434645 bytes
(vm25:r0:0) Connection finished, received 761434646 bytes
(vm25:r0) thread 0 joined, 29 connections remaining
(vm25:r0) Starting new connection thread
(vm25:r0) Maximum number of connections reached (5), waiting for a thread to finish
(vm25:r0:0) Connection established
(vm25:m0) Got connection from reducer vm20:r0
(vm25:m0:19) thread started, have to send 761434645 bytes
(vm25:m0) Got connection from reducer vm7:r0
(vm25:m0:6) thread started, have to send 761434645 bytes
(vm25:m0:13) all data sent, thread exiting
(vm25:m0:10) all data sent, thread exiting
(vm25:m0:21) all data sent, thread exiting
(vm25:m0) Got connection from reducer vm9:r0
(vm25:m0:8) thread started, have to send 761434645 bytes
(vm25:m0:19) all data sent, thread exiting
(vm25:m0:6) all data sent, thread exiting
(vm25:r0:0) Connection finished, received 761434646 bytes
(vm25:r0) thread 0 joined, 28 connections remaining
(vm25:r0) Starting new connection thread
(vm25:r0) Maximum number of connections reached (5), waiting for a thread to finish
(vm25:r0:0) Connection established
(vm25:m0:8) all data sent, thread exiting
(vm25:m0) Got connection from reducer vm18:r0
(vm25:m0:17) thread started, have to send 761434645 bytes
(vm25:m0) Got connection from reducer vm24:r0
(vm25:m0:23) thread started, have to send 761434645 bytes
(vm25:r0:0) Connection finished, received 761434646 bytes
(vm25:r0) thread 0 joined, 27 connections remaining
(vm25:r0) Starting new connection thread
(vm25:r0) Maximum number of connections reached (5), waiting for a thread to finish
(vm25:r0:0) Connection established
(vm25:m0:17) all data sent, thread exiting
(vm25:m0) Got connection from reducer vm16:r0
(vm25:m0:15) thread started, have to send 761434645 bytes
(vm25:m0:23) all data sent, thread exiting
(vm25:r0:0) Connection finished, received 761434646 bytes
(vm25:r0) thread 0 joined, 26 connections remaining
(vm25:r0) Starting new connection thread
(vm25:r0) Maximum number of connections reached (5), waiting for a thread to finish
(vm25:r0:0) Connection established
(vm25:m0) Got connection from reducer vm33:r0
(vm25:m0:32) thread started, have to send 761434645 bytes
(vm25:m0:15) all data sent, thread exiting
(vm25:r0:0) Connection finished, received 761434646 bytes
(vm25:r0) thread 0 joined, 25 connections remaining
(vm25:r0) Starting new connection thread
(vm25:r0) Maximum number of connections reached (5), waiting for a thread to finish
(vm25:r0:0) Connection established
(vm25:m0) Got connection from reducer vm26:r0
(vm25:m0:25) thread started, have to send 761434645 bytes
(vm25:m0) Got connection from reducer vm8:r0
(vm25:m0:7) thread started, have to send 761434645 bytes
(vm25:m0:32) all data sent, thread exiting
(vm25:m0) Got connection from reducer vm35:r0
(vm25:m0:34) thread started, have to send 761434645 bytes
(vm25:r0:0) Connection finished, received 761434646 bytes
(vm25:r0) thread 0 joined, 24 connections remaining
(vm25:r0) Starting new connection thread
(vm25:r0) Maximum number of connections reached (5), waiting for a thread to finish
(vm25:r0:0) Connection established
(vm25:m0:25) all data sent, thread exiting
(vm25:m0) Got connection from reducer vm37:r0
(vm25:m0:36) thread started, have to send 761434645 bytes
(vm25:m0) Got connection from reducer vm4:r0
(vm25:m0:3) thread started, have to send 761434645 bytes
(vm25:m0:7) all data sent, thread exiting
(vm25:m0:34) all data sent, thread exiting
(vm25:r0:0) Connection finished, received 761434646 bytes
(vm25:r0) thread 0 joined, 23 connections remaining
(vm25:r0) Starting new connection thread
(vm25:r0) Maximum number of connections reached (5), waiting for a thread to finish
(vm25:r0:0) Connection established
(vm25:m0:36) all data sent, thread exiting
(vm25:m0:3) all data sent, thread exiting
(vm25:r0:0) Connection finished, received 761434646 bytes
(vm25:r0) thread 0 joined, 22 connections remaining
(vm25:r0) Starting new connection thread
(vm25:r0) Maximum number of connections reached (5), waiting for a thread to finish
(vm25:r0:0) Connection established
(vm25:m0) Got connection from reducer vm15:r0
(vm25:m0:14) thread started, have to send 761434645 bytes
(vm25:r0:0) Connection finished, received 761434646 bytes
(vm25:r0) thread 0 joined, 21 connections remaining
(vm25:r0) Starting new connection thread
(vm25:r0) Maximum number of connections reached (5), waiting for a thread to finish
(vm25:r0:0) Connection established
(vm25:m0:14) all data sent, thread exiting
(vm25:r0:0) Connection finished, received 761434646 bytes
(vm25:r0) thread 0 joined, 20 connections remaining
(vm25:r0) Starting new connection thread
(vm25:r0) Maximum number of connections reached (5), waiting for a thread to finish
(vm25:r0:0) Connection established
(vm25:m0) Got connection from reducer vm2:r0
(vm25:m0:1) thread started, have to send 761434645 bytes
(vm25:m0) Got connection from reducer vm27:r0
(vm25:m0:26) thread started, have to send 761434645 bytes
(vm25:m0) Got connection from reducer vm29:r0
(vm25:m0:28) thread started, have to send 761434645 bytes
(vm25:m0:1) all data sent, thread exiting
(vm25:r0:0) Connection finished, received 761434646 bytes
(vm25:r0) thread 0 joined, 19 connections remaining
(vm25:r0) Starting new connection thread
(vm25:r0) Maximum number of connections reached (5), waiting for a thread to finish
(vm25:r0:0) Connection established
(vm25:m0) Got connection from reducer vm34:r0
(vm25:m0:33) thread started, have to send 761434645 bytes
(vm25:m0:26) all data sent, thread exiting
(vm25:m0:28) all data sent, thread exiting
(vm25:r0:0) Connection finished, received 761434646 bytes
(vm25:r0) thread 0 joined, 18 connections remaining
(vm25:r0) Starting new connection thread
(vm25:r0) Maximum number of connections reached (5), waiting for a thread to finish
(vm25:r0:0) Connection established
(vm25:m0) Got connection from reducer vm25:r0
(vm25:m0:24) thread started, have to send 761434645 bytes
(vm25:m0:33) all data sent, thread exiting
(vm25:m0:24) all data sent, thread exiting
(vm25:r0:0) Connection finished, received 761434646 bytes
(vm25:r0) thread 0 joined, 17 connections remaining
(vm25:r0) Starting new connection thread
(vm25:r0) Maximum number of connections reached (5), waiting for a thread to finish
(vm25:r0:0) Connection established
(vm25:m0) Got connection from reducer vm38:r0
(vm25:m0:37) thread started, have to send 761434645 bytes
(vm25:m0) Got connection from reducer vm13:r0
(vm25:m0:12) thread started, have to send 761434645 bytes
(vm25:m0:37) all data sent, thread exiting
(vm25:r0:0) Connection finished, received 761434646 bytes
(vm25:r0) thread 0 joined, 16 connections remaining
(vm25:r0) Starting new connection thread
(vm25:r0) Maximum number of connections reached (5), waiting for a thread to finish
(vm25:r0:0) Connection established
(vm25:m0) Got connection from reducer vm36:r0
(vm25:m0:35) thread started, have to send 761434645 bytes
(vm25:m0:12) all data sent, thread exiting
(vm25:r0:0) Connection finished, received 761434646 bytes
(vm25:r0) thread 0 joined, 15 connections remaining
(vm25:r0) Starting new connection thread
(vm25:r0) Maximum number of connections reached (5), waiting for a thread to finish
(vm25:r0:0) Connection established
(vm25:m0:35) all data sent, thread exiting
(vm25:r0:0) Connection finished, received 761434646 bytes
(vm25:r0) thread 0 joined, 14 connections remaining
(vm25:r0) Starting new connection thread
(vm25:r0) Maximum number of connections reached (5), waiting for a thread to finish
(vm25:r0:0) Connection established
(vm25:m0) Got connection from reducer vm5:r0
(vm25:m0:4) thread started, have to send 761434645 bytes
(vm25:m0) Got connection from reducer vm19:r0
(vm25:m0:18) thread started, have to send 761434645 bytes
(vm25:r0:0) Connection finished, received 761434646 bytes
(vm25:r0) thread 0 joined, 13 connections remaining
(vm25:r0) Starting new connection thread
(vm25:r0) Maximum number of connections reached (5), waiting for a thread to finish
(vm25:r0:0) Connection established
(vm25:m0) Got connection from reducer vm3:r0
(vm25:m0:2) thread started, have to send 761434645 bytes
(vm25:m0:4) all data sent, thread exiting
(vm25:m0:18) all data sent, thread exiting
(vm25:m0) Got connection from reducer vm32:r0
(vm25:m0) Waiting for a thread to finish
(vm25:m0) thread 0 joined, 37 connections remaining
(vm25:m0) Waiting for a thread to finish
(vm25:m0) thread 1 joined, 36 connections remaining
(vm25:m0) Waiting for a thread to finish
(vm25:m0:31) thread started, have to send 761434645 bytes
(vm25:r0:0) Connection finished, received 761434646 bytes
(vm25:r0) thread 0 joined, 12 connections remaining
(vm25:r0) Starting new connection thread
(vm25:r0) Maximum number of connections reached (5), waiting for a thread to finish
(vm25:r0:0) Connection established
(vm25:m0:2) all data sent, thread exiting
(vm25:m0) thread 2 joined, 35 connections remaining
(vm25:m0) Waiting for a thread to finish
(vm25:m0) thread 3 joined, 34 connections remaining
(vm25:m0) Waiting for a thread to finish
(vm25:m0) thread 4 joined, 33 connections remaining
(vm25:m0) Waiting for a thread to finish
(vm25:m0) thread 5 joined, 32 connections remaining
(vm25:m0) Waiting for a thread to finish
(vm25:m0) thread 6 joined, 31 connections remaining
(vm25:m0) Waiting for a thread to finish
(vm25:m0) thread 7 joined, 30 connections remaining
(vm25:m0) Waiting for a thread to finish
(vm25:m0) thread 8 joined, 29 connections remaining
(vm25:m0) Waiting for a thread to finish
(vm25:m0) thread 9 joined, 28 connections remaining
(vm25:m0) Waiting for a thread to finish
(vm25:m0) thread 10 joined, 27 connections remaining
(vm25:m0) Waiting for a thread to finish
(vm25:m0) thread 11 joined, 26 connections remaining
(vm25:m0) Waiting for a thread to finish
(vm25:m0) thread 12 joined, 25 connections remaining
(vm25:m0) Waiting for a thread to finish
(vm25:m0) thread 13 joined, 24 connections remaining
(vm25:m0) Waiting for a thread to finish
(vm25:m0) thread 14 joined, 23 connections remaining
(vm25:m0) Waiting for a thread to finish
(vm25:m0) thread 15 joined, 22 connections remaining
(vm25:m0) Waiting for a thread to finish
(vm25:m0) thread 16 joined, 21 connections remaining
(vm25:m0) Waiting for a thread to finish
(vm25:m0) thread 17 joined, 20 connections remaining
(vm25:m0) Waiting for a thread to finish
(vm25:m0) thread 18 joined, 19 connections remaining
(vm25:m0) Waiting for a thread to finish
(vm25:m0) thread 19 joined, 18 connections remaining
(vm25:m0) Waiting for a thread to finish
(vm25:m0) thread 20 joined, 17 connections remaining
(vm25:m0) Waiting for a thread to finish
(vm25:m0) thread 21 joined, 16 connections remaining
(vm25:m0) Waiting for a thread to finish
(vm25:m0) thread 22 joined, 15 connections remaining
(vm25:m0) Waiting for a thread to finish
(vm25:m0) thread 23 joined, 14 connections remaining
(vm25:m0) Waiting for a thread to finish
(vm25:m0) thread 24 joined, 13 connections remaining
(vm25:m0) Waiting for a thread to finish
(vm25:m0) thread 25 joined, 12 connections remaining
(vm25:m0) Waiting for a thread to finish
(vm25:m0) thread 26 joined, 11 connections remaining
(vm25:m0) Waiting for a thread to finish
(vm25:m0) thread 27 joined, 10 connections remaining
(vm25:m0) Waiting for a thread to finish
(vm25:m0) thread 28 joined, 9 connections remaining
(vm25:m0) Waiting for a thread to finish
(vm25:m0) thread 29 joined, 8 connections remaining
(vm25:m0) Waiting for a thread to finish
(vm25:m0) thread 30 joined, 7 connections remaining
(vm25:m0) Waiting for a thread to finish
(vm25:m0:31) all data sent, thread exiting
(vm25:m0) thread 31 joined, 6 connections remaining
(vm25:m0) Waiting for a thread to finish
(vm25:m0) thread 32 joined, 5 connections remaining
(vm25:m0) Waiting for a thread to finish
(vm25:m0) thread 33 joined, 4 connections remaining
(vm25:m0) Waiting for a thread to finish
(vm25:m0) thread 34 joined, 3 connections remaining
(vm25:m0) Waiting for a thread to finish
(vm25:m0) thread 35 joined, 2 connections remaining
(vm25:m0) Waiting for a thread to finish
(vm25:m0) thread 36 joined, 1 connections remaining
(vm25:m0) Waiting for a thread to finish
(vm25:m0) thread 37 joined, 0 connections remaining
(vm25:m0) all done, exiting
*RES* start node vm25:m0
*RES* vm25:m0:0,1405718804558,3329,1209,761434646
*RES* vm25:m0:1,1405718983298,6298,1471,761434646
*RES* vm25:m0:2,1405719013316,3670,698,761434646
*RES* vm25:m0:3,1405718959914,8690,1538,761434646
*RES* vm25:m0:4,1405719010709,2930,733,761434646
*RES* vm25:m0:5,1405718868559,6061,1437,761434646
*RES* vm25:m0:6,1405718921547,8342,1472,761434646
*RES* vm25:m0:7,1405718952282,8555,1508,761434646
*RES* vm25:m0:8,1405718927070,6281,1643,761434646
*RES* vm25:m0:9,1405718869694,17143,944,761434646
*RES* vm25:m0:10,1405718914336,7508,1254,761434646
*RES* vm25:m0:11,1405718871886,7121,1390,761434646
*RES* vm25:m0:12,1405719002369,3297,908,761434646
*RES* vm25:m0:13,1405718913506,8241,1287,761434646
*RES* vm25:m0:14,1405718974938,5077,1774,761434646
*RES* vm25:m0:15,1405718942602,6038,1140,761434646
*RES* vm25:m0:16,1405718880626,9147,1016,761434646
*RES* vm25:m0:17,1405718933874,7819,1008,761434646
*RES* vm25:m0:18,1405719011098,3021,675,761434646
*RES* vm25:m0:19,1405718918550,9238,1182,761434646
*RES* vm25:m0:20,1405718893906,5217,1183,761434646
*RES* vm25:m0:21,1405718915186,8783,1121,761434646
*RES* vm25:m0:22,1405718815230,5035,1358,761434646
*RES* vm25:m0:23,1405718935602,7156,1143,761434646
*RES* vm25:m0:24,1405718996406,1685,221,761434646
*RES* vm25:m0:25,1405718951710,7844,1380,761434646
*RES* vm25:m0:26,1405718984963,7113,1473,761434646
*RES* vm25:m0:27,1405718882910,7434,1383,761434646
*RES* vm25:m0:28,1405718989590,6718,1156,761434646
*RES* vm25:m0:29,1405718905478,4075,1258,761434646
*RES* vm25:m0:30,1405718886218,6359,1644,761434646
*RES* vm25:m0:31,1405719014578,3493,688,761434646
*RES* vm25:m0:32,1405718944065,8525,928,761434646
*RES* vm25:m0:33,1405718991390,6343,1338,761434646
*RES* vm25:m0:34,1405718955354,8790,1148,761434646
*RES* vm25:m0:35,1405719003642,3815,721,761434646
*RES* vm25:m0:36,1405718959766,8425,1465,761434646
*RES* vm25:m0:37,1405718998707,3721,900,761434646
*RES* end node vm25:m0
Node vm25:m0 joined
(vm25:r0:0) Connection finished, received 761434646 bytes
(vm25:r0) thread 0 joined, 11 connections remaining
(vm25:r0) Starting new connection thread
(vm25:r0) Maximum number of connections reached (5), waiting for a thread to finish
(vm25:r0:0) Connection established
(vm25:r0:0) Connection finished, received 761434646 bytes
(vm25:r0) thread 0 joined, 10 connections remaining
(vm25:r0) Starting new connection thread
(vm25:r0) Maximum number of connections reached (5), waiting for a thread to finish
(vm25:r0:0) Connection established
(vm25:r0:0) Connection finished, received 761434646 bytes
(vm25:r0) thread 0 joined, 9 connections remaining
(vm25:r0) Starting new connection thread
(vm25:r0) Maximum number of connections reached (5), waiting for a thread to finish
(vm25:r0:0) Connection established
(vm25:r0:0) Connection finished, received 761434646 bytes
(vm25:r0) thread 0 joined, 8 connections remaining
(vm25:r0) Starting new connection thread
(vm25:r0) Maximum number of connections reached (5), waiting for a thread to finish
(vm25:r0:0) Connection established
(vm25:r0:0) Connection finished, received 761434646 bytes
(vm25:r0) thread 0 joined, 7 connections remaining
(vm25:r0) Starting new connection thread
(vm25:r0) Maximum number of connections reached (5), waiting for a thread to finish
(vm25:r0:0) Connection established
(vm25:r0:0) Connection finished, received 761434646 bytes
(vm25:r0) thread 0 joined, 6 connections remaining
(vm25:r0) Starting new connection thread
(vm25:r0) Maximum number of connections reached (5), waiting for a thread to finish
(vm25:r0:0) Connection established
(vm25:r0:0) Connection finished, received 761434646 bytes
(vm25:r0) thread 0 joined, 5 connections remaining
(vm25:r0) Starting new connection thread
(vm25:r0) Maximum number of connections reached (5), waiting for a thread to finish
(vm25:r0:0) Connection established
(vm25:r0:0) Connection finished, received 761434646 bytes
(vm25:r0) thread 0 joined, 4 connections remaining
(vm25:r0) Maximum number of connections reached (4), waiting for a thread to finish
(vm25:r0) thread 1 joined, 3 connections remaining
(vm25:r0) Maximum number of connections reached (3), waiting for a thread to finish
(vm25:r0) thread 2 joined, 2 connections remaining
(vm25:r0) Maximum number of connections reached (2), waiting for a thread to finish
(vm25:r0) thread 3 joined, 1 connections remaining
(vm25:r0) Maximum number of connections reached (1), waiting for a thread to finish
(vm25:r0) thread 4 joined, 0 connections remaining
(vm25:r0) all done, exiting
*RES* start node vm25:r0
*RES* vm25:r0:0,1405718684675,29154,774,761434646
*RES* vm25:r0:0,1405718713834,50292,938,761434646
*RES* vm25:r0:0,1405718764130,42402,912,761434646
*RES* vm25:r0:0,1405718806542,29560,783,761434646
*RES* vm25:r0:0,1405718836106,23193,938,761434646
*RES* vm25:r0:0,1405718859306,22058,845,761434646
*RES* vm25:r0:0,1405718881379,16141,781,761434646
*RES* vm25:r0:0,1405718897526,11292,831,761434646
*RES* vm25:r0:0,1405718908830,9548,1225,761434646
*RES* vm25:r0:0,1405718918386,12407,1027,761434646
*RES* vm25:r0:0,1405718930806,6265,1426,761434646
*RES* vm25:r0:0,1405718937078,6891,1527,761434646
*RES* vm25:r0:0,1405718943978,5976,1423,761434646
*RES* vm25:r0:0,1405718949958,5929,1467,761434646
*RES* vm25:r0:0,1405718955894,9363,1381,761434646
*RES* vm25:r0:0,1405718965278,7095,1575,761434646
*RES* vm25:r0:0,1405718972378,5192,1483,761434646
*RES* vm25:r0:0,1405718977578,5647,1209,761434646
*RES* vm25:r0:0,1405718983230,6875,1570,761434646
*RES* vm25:r0:0,1405718990114,6285,1456,761434646
*RES* vm25:r0:0,1405718996406,1690,620,761434646
*RES* vm25:r0:0,1405718998102,4341,748,761434646
*RES* vm25:r0:0,1405719002450,3879,819,761434646
*RES* vm25:r0:0,1405719006334,3159,978,761434646
*RES* vm25:r0:0,1405719009498,3307,802,761434646
*RES* vm25:r0:0,1405719012813,3274,670,761434646
*RES* vm25:r0:0,1405719016106,2513,677,761434646
*RES* vm25:r0:0,1405719018626,1754,679,761434646
*RES* vm25:r0:0,1405719020386,1989,656,761434646
*RES* vm25:r0:0,1405719022382,2676,686,761434646
*RES* vm25:r0:0,1405719025062,2362,601,761434646
*RES* vm25:r0:0,1405719027430,2039,562,761434646
*RES* vm25:r0:0,1405719029474,1116,489,761434646
*RES* vm25:r0:0,1405719030594,1755,551,761434646
*RES* vm25:r0:1,1405718684675,26309,776,761434646
*RES* vm25:r0:2,1405718684675,25825,761,761434646
*RES* vm25:r0:3,1405718684675,29251,807,761434646
*RES* vm25:r0:4,1405718684675,28726,749,761434646
*RES* end node vm25:r0
Node vm25:r0 joined
Worker terminating correctly
