OSMeF worker starting
Enabling core dumping
Listening for command connection
(vm4:m0) New mapper on port 23330
(vm4:m0) -> reducer data size 9288424
(vm4:m0) -> reducer data size 9288424
(vm4:m0) -> reducer data size 9288424
(vm4:m0) -> reducer data size 9288424
(vm4:m0) -> reducer data size 9288424
(vm4:m0) -> reducer data size 9288424
(vm4:m0) -> reducer data size 9288424
(vm4:m0) -> reducer data size 9288424
(vm4:m0) -> reducer data size 9288424
(vm4:m0) -> reducer data size 9288424
(vm4:m0) -> reducer data size 9288424
(vm4:m0) -> reducer data size 9288424
(vm4:m0) -> reducer data size 9288424
(vm4:m0) -> reducer data size 9288424
(vm4:m0) -> reducer data size 9288424
(vm4:m0) -> reducer data size 9288424
(vm4:m0) -> reducer data size 9288424
(vm4:m0) -> reducer data size 9288424
(vm4:m0) -> reducer data size 9288424
(vm4:m0) -> reducer data size 9288424
(vm4:m0) -> reducer data size 9288424
(vm4:m0) -> reducer data size 9288424
(vm4:m0) -> reducer data size 9288424
(vm4:m0) -> reducer data size 9288424
(vm4:m0) -> reducer data size 9288424
(vm4:m0) -> reducer data size 9288424
(vm4:m0) -> reducer data size 9288424
(vm4:m0) -> reducer data size 9288424
(vm4:m0) -> reducer data size 9288424
(vm4:m0) -> reducer data size 9288424
(vm4:m0) -> reducer data size 9288424
(vm4:m0) -> reducer data size 9288424
(vm4:m0) -> reducer data size 9288424
(vm4:m0) -> reducer data size 9288424
(vm4:m0) Mapper thread started
(vm4:m0) Allocating data for reducer vm1:r0
(vm4:m0) Allocating data for reducer vm2:r0
(vm4:m0) Allocating data for reducer vm3:r0
(vm4:m0) Allocating data for reducer vm4:r0
(vm4:m0) Allocating data for reducer vm5:r0
(vm4:m0) Allocating data for reducer vm6:r0
(vm4:m0) Allocating data for reducer vm7:r0
(vm4:m0) Allocating data for reducer vm8:r0
(vm4:m0) Allocating data for reducer vm9:r0
(vm4:m0) Allocating data for reducer vm10:r0
(vm4:m0) Allocating data for reducer vm11:r0
(vm4:m0) Allocating data for reducer vm12:r0
(vm4:m0) Allocating data for reducer vm13:r0
(vm4:m0) Allocating data for reducer vm14:r0
(vm4:m0) Allocating data for reducer vm15:r0
(vm4:m0) Allocating data for reducer vm16:r0
(vm4:m0) Allocating data for reducer vm17:r0
(vm4:m0) Allocating data for reducer vm18:r0
(vm4:m0) Allocating data for reducer vm19:r0
(vm4:m0) Allocating data for reducer vm20:r0
(vm4:m0) Allocating data for reducer vm21:r0
(vm4:m0) Allocating data for reducer vm22:r0
(vm4:m0) Allocating data for reducer vm23:r0
(vm4:m0) Allocating data for reducer vm24:r0
(vm4:m0) Allocating data for reducer vm25:r0
(vm4:m0) Allocating data for reducer vm26:r0
(vm4:m0) Allocating data for reducer vm27:r0
(vm4:m0) Allocating data for reducer vm28:r0
(vm4:m0) Allocating data for reducer vm29:r0
(vm4:m0) Allocating data for reducer vm30:r0
(vm4:m0) Allocating data for reducer vm31:r0
(vm4:m0) Allocating data for reducer vm32:r0
(vm4:m0) Allocating data for reducer vm33:r0
(vm4:m0) Allocating data for reducer vm34:r0
(vm4:m0) Binding to port 23330
(vm4:r0) New reducer
(vm4:r0) Reducer thread started
(vm4:r0) waiting for START message
(vm4:r0) got START message
(vm4:r0) Starting new connection thread
(vm4:r0) Starting new connection thread
(vm4:r0) Starting new connection thread
(vm4:r0) Starting new connection thread
(vm4:r0) Starting new connection thread
(vm4:r0) Maximum number of connections reached (5), waiting for a thread to finish
(vm4:r0:3) Connection established
(vm4:m0) Got connection from reducer vm4:r0
(vm4:m0:3) thread started, have to send 9288424 bytes
(vm4:m0) Got connection from reducer vm2:r0
(vm4:r0:4) Connection established
(vm4:m0) Got connection from reducer vm7:r0
(vm4:m0:1) thread started, have to send 9288424 bytes
(vm4:m0:3) all data sent, thread exiting
(vm4:m0:6) thread started, have to send 9288424 bytes
(vm4:m0) Got connection from reducer vm3:r0
(vm4:m0) Got connection from reducer vm5:r0
(vm4:m0) Got connection from reducer vm6:r0
(vm4:m0) Got connection from reducer vm1:r0
(vm4:m0) Got connection from reducer vm11:r0
(vm4:m0) Got connection from reducer vm12:r0
(vm4:m0) Got connection from reducer vm9:r0
(vm4:m0) Got connection from reducer vm10:r0
(vm4:m0) Got connection from reducer vm22:r0
(vm4:m0) Got connection from reducer vm21:r0
(vm4:m0) Got connection from reducer vm14:r0
(vm4:m0) Got connection from reducer vm16:r0
(vm4:m0) Got connection from reducer vm13:r0
(vm4:m0) Got connection from reducer vm15:r0
(vm4:m0) Got connection from reducer vm25:r0
(vm4:m0) Got connection from reducer vm19:r0
(vm4:m0) Got connection from reducer vm24:r0
(vm4:m0) Got connection from reducer vm23:r0
(vm4:r0:1) Connection established
(vm4:r0:2) Connection established
(vm4:r0:0) Connection established
(vm4:r0:3) Connection finished, received 9288425 bytes
(vm4:m0) Got connection from reducer vm34:r0
(vm4:m0) Got connection from reducer vm28:r0
(vm4:m0) Got connection from reducer vm17:r0
(vm4:m0) Got connection from reducer vm8:r0
(vm4:m0) Got connection from reducer vm31:r0
(vm4:m0) Got connection from reducer vm20:r0
(vm4:m0) Got connection from reducer vm32:r0
(vm4:m0) Got connection from reducer vm30:r0
(vm4:m0) Got connection from reducer vm27:r0
(vm4:m0) Got connection from reducer vm18:r0
(vm4:m0) Got connection from reducer vm26:r0
(vm4:m0) Got connection from reducer vm33:r0
(vm4:m0) Got connection from reducer vm29:r0
(vm4:m0) Waiting for a thread to finish
(vm4:m0:14) thread started, have to send 9288424 bytes
(vm4:m0:11) thread started, have to send 9288424 bytes
(vm4:m0:20) thread started, have to send 9288424 bytes
(vm4:m0:18) thread started, have to send 9288424 bytes
(vm4:m0:8) thread started, have to send 9288424 bytes
(vm4:m0:9) thread started, have to send 9288424 bytes
(vm4:m0:15) thread started, have to send 9288424 bytes
(vm4:m0:12) thread started, have to send 9288424 bytes
(vm4:m0:24) thread started, have to send 9288424 bytes
(vm4:m0:22) thread started, have to send 9288424 bytes
(vm4:m0:5) thread started, have to send 9288424 bytes
(vm4:m0:13) thread started, have to send 9288424 bytes
(vm4:m0:0) thread started, have to send 9288424 bytes
(vm4:m0:23) thread started, have to send 9288424 bytes
(vm4:m0:10) thread started, have to send 9288424 bytes
(vm4:m0:21) thread started, have to send 9288424 bytes
(vm4:m0:4) thread started, have to send 9288424 bytes
(vm4:m0:2) thread started, have to send 9288424 bytes
(vm4:m0:28) thread started, have to send 9288424 bytes
(vm4:m0:33) thread started, have to send 9288424 bytes
(vm4:m0:7) thread started, have to send 9288424 bytes
(vm4:m0:30) thread started, have to send 9288424 bytes
(vm4:m0:31) thread started, have to send 9288424 bytes
(vm4:m0:16) thread started, have to send 9288424 bytes
(vm4:m0:17) thread started, have to send 9288424 bytes
(vm4:m0:27) thread started, have to send 9288424 bytes
(vm4:m0:19) thread started, have to send 9288424 bytes
(vm4:m0:29) thread started, have to send 9288424 bytes
(vm4:m0:26) thread started, have to send 9288424 bytes
(vm4:m0:25) thread started, have to send 9288424 bytes
(vm4:m0:32) thread started, have to send 9288424 bytes
(vm4:m0:18) all data sent, thread exiting
(vm4:m0:6) all data sent, thread exiting
(vm4:m0:11) all data sent, thread exiting
(vm4:m0:8) all data sent, thread exiting
(vm4:m0:14) all data sent, thread exiting
(vm4:m0:23) all data sent, thread exiting
(vm4:m0:13) all data sent, thread exiting
(vm4:m0:24) all data sent, thread exiting
(vm4:m0:12) all data sent, thread exiting
(vm4:m0:10) all data sent, thread exiting
(vm4:m0:20) all data sent, thread exiting
(vm4:m0:17) all data sent, thread exiting
(vm4:m0:21) all data sent, thread exiting
(vm4:m0:22) all data sent, thread exiting
(vm4:m0:33) all data sent, thread exiting
(vm4:m0:9) all data sent, thread exiting
(vm4:m0:25) all data sent, thread exiting
(vm4:m0:15) all data sent, thread exiting
(vm4:m0:28) all data sent, thread exiting
(vm4:m0:27) all data sent, thread exiting
(vm4:m0:32) all data sent, thread exiting
(vm4:m0:26) all data sent, thread exiting
(vm4:m0:31) all data sent, thread exiting
(vm4:m0:30) all data sent, thread exiting
(vm4:m0:7) all data sent, thread exiting
(vm4:m0:29) all data sent, thread exiting
(vm4:m0:5) all data sent, thread exiting
(vm4:m0:16) all data sent, thread exiting
(vm4:m0:19) all data sent, thread exiting
(vm4:r0:4) Connection finished, received 9288425 bytes
(vm4:m0:4) all data sent, thread exiting
(vm4:r0:0) Connection finished, received 9288425 bytes
(vm4:r0) thread 0 joined, 33 connections remaining
(vm4:r0) Starting new connection thread
(vm4:r0) Maximum number of connections reached (5), waiting for a thread to finish
(vm4:m0:1) all data sent, thread exiting
(vm4:m0:0) all data sent, thread exiting
(vm4:r0:0) Connection established
(vm4:m0) thread 0 joined, 33 connections remaining
(vm4:m0) Waiting for a thread to finish
(vm4:m0) thread 1 joined, 32 connections remaining
(vm4:m0) Waiting for a thread to finish
(vm4:r0:1) Connection finished, received 9288425 bytes
(vm4:r0:2) Connection finished, received 9288425 bytes
(vm4:m0:2) all data sent, thread exiting
(vm4:m0) thread 2 joined, 31 connections remaining
(vm4:m0) Waiting for a thread to finish
(vm4:m0) thread 3 joined, 30 connections remaining
(vm4:m0) Waiting for a thread to finish
(vm4:m0) thread 4 joined, 29 connections remaining
(vm4:m0) Waiting for a thread to finish
(vm4:m0) thread 5 joined, 28 connections remaining
(vm4:m0) Waiting for a thread to finish
(vm4:m0) thread 6 joined, 27 connections remaining
(vm4:m0) Waiting for a thread to finish
(vm4:m0) thread 7 joined, 26 connections remaining
(vm4:m0) Waiting for a thread to finish
(vm4:m0) thread 8 joined, 25 connections remaining
(vm4:m0) Waiting for a thread to finish
(vm4:m0) thread 9 joined, 24 connections remaining
(vm4:m0) Waiting for a thread to finish
(vm4:m0) thread 10 joined, 23 connections remaining
(vm4:m0) Waiting for a thread to finish
(vm4:m0) thread 11 joined, 22 connections remaining
(vm4:m0) Waiting for a thread to finish
(vm4:m0) thread 12 joined, 21 connections remaining
(vm4:m0) Waiting for a thread to finish
(vm4:m0) thread 13 joined, 20 connections remaining
(vm4:m0) Waiting for a thread to finish
(vm4:m0) thread 14 joined, 19 connections remaining
(vm4:m0) Waiting for a thread to finish
(vm4:m0) thread 15 joined, 18 connections remaining
(vm4:m0) Waiting for a thread to finish
(vm4:m0) thread 16 joined, 17 connections remaining
(vm4:m0) Waiting for a thread to finish
(vm4:m0) thread 17 joined, 16 connections remaining
(vm4:m0) Waiting for a thread to finish
(vm4:m0) thread 18 joined, 15 connections remaining
(vm4:m0) Waiting for a thread to finish
(vm4:m0) thread 19 joined, 14 connections remaining
(vm4:m0) Waiting for a thread to finish
(vm4:m0) thread 20 joined, 13 connections remaining
(vm4:m0) Waiting for a thread to finish
(vm4:m0) thread 21 joined, 12 connections remaining
(vm4:m0) Waiting for a thread to finish
(vm4:m0) thread 22 joined, 11 connections remaining
(vm4:m0) Waiting for a thread to finish
(vm4:m0) thread 23 joined, 10 connections remaining
(vm4:m0) Waiting for a thread to finish
(vm4:m0) thread 24 joined, 9 connections remaining
(vm4:m0) Waiting for a thread to finish
(vm4:m0) thread 25 joined, 8 connections remaining
(vm4:m0) Waiting for a thread to finish
(vm4:m0) thread 26 joined, 7 connections remaining
(vm4:m0) Waiting for a thread to finish
(vm4:m0) thread 27 joined, 6 connections remaining
(vm4:m0) Waiting for a thread to finish
(vm4:m0) thread 28 joined, 5 connections remaining
(vm4:m0) Waiting for a thread to finish
(vm4:m0) thread 29 joined, 4 connections remaining
(vm4:m0) Waiting for a thread to finish
(vm4:m0) thread 30 joined, 3 connections remaining
(vm4:m0) Waiting for a thread to finish
(vm4:m0) thread 31 joined, 2 connections remaining
(vm4:m0) Waiting for a thread to finish
(vm4:m0) thread 32 joined, 1 connections remaining
(vm4:m0) Waiting for a thread to finish
(vm4:m0) thread 33 joined, 0 connections remaining
(vm4:m0) all done, exiting
*RES* start node vm4:m0
*RES* vm4:m0:0,1405436645518,593,10,9288425
*RES* vm4:m0:1,1405436645504,593,8,9288425
*RES* vm4:m0:2,1405436645526,760,7,9288425
*RES* vm4:m0:3,1405436645497,6,2,9288425
*RES* vm4:m0:4,1405436645520,459,11,9288425
*RES* vm4:m0:5,1405436645517,337,7,9288425
*RES* vm4:m0:6,1405436645504,247,8,9288425
*RES* vm4:m0:7,1405436645531,309,7,9288425
*RES* vm4:m0:8,1405436645516,264,7,9288425
*RES* vm4:m0:9,1405436645516,304,7,9288425
*RES* vm4:m0:10,1405436645519,290,8,9288425
*RES* vm4:m0:11,1405436645515,263,7,9288425
*RES* vm4:m0:12,1405436645517,288,7,9288425
*RES* vm4:m0:13,1405436645518,280,6,9288425
*RES* vm4:m0:14,1405436645515,278,7,9288425
*RES* vm4:m0:15,1405436645516,309,7,9288425
*RES* vm4:m0:16,1405436645531,331,7,9288425
*RES* vm4:m0:17,1405436645532,283,6,9288425
*RES* vm4:m0:18,1405436645516,219,7,9288425
*RES* vm4:m0:19,1405436645532,337,7,9288425
*RES* vm4:m0:20,1405436645516,294,7,9288425
*RES* vm4:m0:21,1405436645519,297,7,9288425
*RES* vm4:m0:22,1405436645517,301,7,9288425
*RES* vm4:m0:23,1405436645519,279,6,9288425
*RES* vm4:m0:24,1405436645517,283,7,9288425
*RES* vm4:m0:25,1405436645532,290,6,9288425
*RES* vm4:m0:26,1405436645532,302,7,9288425
*RES* vm4:m0:27,1405436645532,294,6,9288425
*RES* vm4:m0:28,1405436645527,298,7,9288425
*RES* vm4:m0:29,1405436645532,323,7,9288425
*RES* vm4:m0:30,1405436645531,308,7,9288425
*RES* vm4:m0:31,1405436645531,307,7,9288425
*RES* vm4:m0:32,1405436645532,297,6,9288425
*RES* vm4:m0:33,1405436645531,289,6,9288425
*RES* end node vm4:m0
Node vm4:m0 joined
(vm4:r0:0) Connection finished, received 9288425 bytes
(vm4:r0) thread 0 joined, 32 connections remaining
(vm4:r0) Starting new connection thread
(vm4:r0) Maximum number of connections reached (5), waiting for a thread to finish
(vm4:r0:0) Connection established
(vm4:r0:0) Connection finished, received 9288425 bytes
(vm4:r0) thread 0 joined, 31 connections remaining
(vm4:r0) Starting new connection thread
(vm4:r0) Maximum number of connections reached (5), waiting for a thread to finish
(vm4:r0:0) Connection established
(vm4:r0:0) Connection finished, received 9288425 bytes
(vm4:r0) thread 0 joined, 30 connections remaining
(vm4:r0) Starting new connection thread
(vm4:r0) Maximum number of connections reached (5), waiting for a thread to finish
(vm4:r0:0) Connection established
(vm4:r0:0) Connection finished, received 9288425 bytes
(vm4:r0) thread 0 joined, 29 connections remaining
(vm4:r0) Starting new connection thread
(vm4:r0) Maximum number of connections reached (5), waiting for a thread to finish
(vm4:r0:0) Connection established
(vm4:r0:0) Connection finished, received 9288425 bytes
(vm4:r0) thread 0 joined, 28 connections remaining
(vm4:r0) Starting new connection thread
(vm4:r0) Maximum number of connections reached (5), waiting for a thread to finish
(vm4:r0:0) Connection established
(vm4:r0:0) Connection finished, received 9288425 bytes
(vm4:r0) thread 0 joined, 27 connections remaining
(vm4:r0) Starting new connection thread
(vm4:r0) Maximum number of connections reached (5), waiting for a thread to finish
(vm4:r0:0) Connection established
(vm4:r0:0) Connection finished, received 9288425 bytes
(vm4:r0) thread 0 joined, 26 connections remaining
(vm4:r0) Starting new connection thread
(vm4:r0) Maximum number of connections reached (5), waiting for a thread to finish
(vm4:r0:0) Connection established
(vm4:r0:0) Connection finished, received 9288425 bytes
(vm4:r0) thread 0 joined, 25 connections remaining
(vm4:r0) Starting new connection thread
(vm4:r0) Maximum number of connections reached (5), waiting for a thread to finish
(vm4:r0:0) Connection established
(vm4:r0:0) Connection finished, received 9288425 bytes
(vm4:r0) thread 0 joined, 24 connections remaining
(vm4:r0) Starting new connection thread
(vm4:r0) Maximum number of connections reached (5), waiting for a thread to finish
(vm4:r0:0) Connection established
(vm4:r0:0) Connection finished, received 9288425 bytes
(vm4:r0) thread 0 joined, 23 connections remaining
(vm4:r0) Starting new connection thread
(vm4:r0) Maximum number of connections reached (5), waiting for a thread to finish
(vm4:r0:0) Connection established
(vm4:r0:0) Connection finished, received 9288425 bytes
(vm4:r0) thread 0 joined, 22 connections remaining
(vm4:r0) Starting new connection thread
(vm4:r0) Maximum number of connections reached (5), waiting for a thread to finish
(vm4:r0:0) Connection established
(vm4:r0:0) Connection finished, received 9288425 bytes
(vm4:r0) thread 0 joined, 21 connections remaining
(vm4:r0) Starting new connection thread
(vm4:r0) Maximum number of connections reached (5), waiting for a thread to finish
(vm4:r0:0) Connection established
(vm4:r0:0) Connection finished, received 9288425 bytes
(vm4:r0) thread 0 joined, 20 connections remaining
(vm4:r0) Starting new connection thread
(vm4:r0) Maximum number of connections reached (5), waiting for a thread to finish
(vm4:r0:0) Connection established
(vm4:r0:0) Connection finished, received 9288425 bytes
(vm4:r0) thread 0 joined, 19 connections remaining
(vm4:r0) Starting new connection thread
(vm4:r0) Maximum number of connections reached (5), waiting for a thread to finish
(vm4:r0:0) Connection established
(vm4:r0:0) Connection finished, received 9288425 bytes
(vm4:r0) thread 0 joined, 18 connections remaining
(vm4:r0) Starting new connection thread
(vm4:r0) Maximum number of connections reached (5), waiting for a thread to finish
(vm4:r0:0) Connection established
(vm4:r0:0) Connection finished, received 9288425 bytes
(vm4:r0) thread 0 joined, 17 connections remaining
(vm4:r0) Starting new connection thread
(vm4:r0) Maximum number of connections reached (5), waiting for a thread to finish
(vm4:r0:0) Connection established
(vm4:r0:0) Connection finished, received 9288425 bytes
(vm4:r0) thread 0 joined, 16 connections remaining
(vm4:r0) Starting new connection thread
(vm4:r0) Maximum number of connections reached (5), waiting for a thread to finish
(vm4:r0:0) Connection established
(vm4:r0:0) Connection finished, received 9288425 bytes
(vm4:r0) thread 0 joined, 15 connections remaining
(vm4:r0) Starting new connection thread
(vm4:r0) Maximum number of connections reached (5), waiting for a thread to finish
(vm4:r0:0) Connection established
(vm4:r0:0) Connection finished, received 9288425 bytes
(vm4:r0) thread 0 joined, 14 connections remaining
(vm4:r0) Starting new connection thread
(vm4:r0) Maximum number of connections reached (5), waiting for a thread to finish
(vm4:r0:0) Connection established
(vm4:r0:0) Connection finished, received 9288425 bytes
(vm4:r0) thread 0 joined, 13 connections remaining
(vm4:r0) Starting new connection thread
(vm4:r0) Maximum number of connections reached (5), waiting for a thread to finish
(vm4:r0:0) Connection established
(vm4:r0:0) Connection finished, received 9288425 bytes
(vm4:r0) thread 0 joined, 12 connections remaining
(vm4:r0) Starting new connection thread
(vm4:r0) Maximum number of connections reached (5), waiting for a thread to finish
(vm4:r0:0) Connection established
(vm4:r0:0) Connection finished, received 9288425 bytes
(vm4:r0) thread 0 joined, 11 connections remaining
(vm4:r0) Starting new connection thread
(vm4:r0) Maximum number of connections reached (5), waiting for a thread to finish
(vm4:r0:0) Connection established
(vm4:r0:0) Connection finished, received 9288425 bytes
(vm4:r0) thread 0 joined, 10 connections remaining
(vm4:r0) Starting new connection thread
(vm4:r0) Maximum number of connections reached (5), waiting for a thread to finish
(vm4:r0:0) Connection established
(vm4:r0:0) Connection finished, received 9288425 bytes
(vm4:r0) thread 0 joined, 9 connections remaining
(vm4:r0) Starting new connection thread
(vm4:r0) Maximum number of connections reached (5), waiting for a thread to finish
(vm4:r0:0) Connection established
(vm4:r0:0) Connection finished, received 9288425 bytes
(vm4:r0) thread 0 joined, 8 connections remaining
(vm4:r0) Starting new connection thread
(vm4:r0) Maximum number of connections reached (5), waiting for a thread to finish
(vm4:r0:0) Connection established
(vm4:r0:0) Connection finished, received 9288425 bytes
(vm4:r0) thread 0 joined, 7 connections remaining
(vm4:r0) Starting new connection thread
(vm4:r0) Maximum number of connections reached (5), waiting for a thread to finish
(vm4:r0:0) Connection established
(vm4:r0:0) Connection finished, received 9288425 bytes
(vm4:r0) thread 0 joined, 6 connections remaining
(vm4:r0) Starting new connection thread
(vm4:r0) Maximum number of connections reached (5), waiting for a thread to finish
(vm4:r0:0) Connection established
(vm4:r0:0) Connection finished, received 9288425 bytes
(vm4:r0) thread 0 joined, 5 connections remaining
(vm4:r0) Starting new connection thread
(vm4:r0) Maximum number of connections reached (5), waiting for a thread to finish
(vm4:r0:0) Connection established
(vm4:r0:0) Connection finished, received 9288425 bytes
(vm4:r0) thread 0 joined, 4 connections remaining
(vm4:r0) Maximum number of connections reached (4), waiting for a thread to finish
(vm4:r0) thread 1 joined, 3 connections remaining
(vm4:r0) Maximum number of connections reached (3), waiting for a thread to finish
(vm4:r0) thread 2 joined, 2 connections remaining
(vm4:r0) Maximum number of connections reached (2), waiting for a thread to finish
(vm4:r0) thread 3 joined, 1 connections remaining
(vm4:r0) Maximum number of connections reached (1), waiting for a thread to finish
(vm4:r0) thread 4 joined, 0 connections remaining
(vm4:r0) all done, exiting
*RES* start node vm4:r0
*RES* vm4:r0:0,1405436645500,588,14,9288425
*RES* vm4:r0:0,1405436646097,755,16,9288425
*RES* vm4:r0:0,1405436646860,642,12,9288425
*RES* vm4:r0:0,1405436647508,403,17,9288425
*RES* vm4:r0:0,1405436647916,440,17,9288425
*RES* vm4:r0:0,1405436648360,441,19,9288425
*RES* vm4:r0:0,1405436648808,262,22,9288425
*RES* vm4:r0:0,1405436649076,193,21,9288425
*RES* vm4:r0:0,1405436649276,80,16,9288425
*RES* vm4:r0:0,1405436649360,277,14,9288425
*RES* vm4:r0:0,1405436649642,211,16,9288425
*RES* vm4:r0:0,1405436649856,78,10,9288425
*RES* vm4:r0:0,1405436649940,42,10,9288425
*RES* vm4:r0:0,1405436649988,96,14,9288425
*RES* vm4:r0:0,1405436650092,126,13,9288425
*RES* vm4:r0:0,1405436650224,60,10,9288425
*RES* vm4:r0:0,1405436650288,54,14,9288425
*RES* vm4:r0:0,1405436650348,46,13,9288425
*RES* vm4:r0:0,1405436650400,30,9,9288425
*RES* vm4:r0:0,1405436650436,32,8,9288425
*RES* vm4:r0:0,1405436650472,65,10,9288425
*RES* vm4:r0:0,1405436650544,45,9,9288425
*RES* vm4:r0:0,1405436650596,47,10,9288425
*RES* vm4:r0:0,1405436650648,68,10,9288425
*RES* vm4:r0:0,1405436650720,68,10,9288425
*RES* vm4:r0:0,1405436650792,51,9,9288425
*RES* vm4:r0:0,1405436650848,41,9,9288425
*RES* vm4:r0:0,1405436650896,40,9,9288425
*RES* vm4:r0:0,1405436650940,29,9,9288425
*RES* vm4:r0:0,1405436650976,60,9,9288425
*RES* vm4:r0:1,1405436645497,652,16,9288425
*RES* vm4:r0:2,1405436645497,737,15,9288425
*RES* vm4:r0:3,1405436645497,9,4,9288425
*RES* vm4:r0:4,1405436645497,470,18,9288425
*RES* end node vm4:r0
Node vm4:r0 joined
Worker terminating correctly
