OSMeF worker starting
Enabling core dumping
Listening for command connection
(vm28:m0) New mapper on port 23330
(vm28:m0) -> reducer data size 1307386002
(vm28:m0) -> reducer data size 1307386002
(vm28:m0) -> reducer data size 1307386002
(vm28:m0) -> reducer data size 1307386002
(vm28:m0) -> reducer data size 1307386002
(vm28:m0) -> reducer data size 1307386002
(vm28:m0) -> reducer data size 1307386002
(vm28:m0) -> reducer data size 1307386002
(vm28:m0) -> reducer data size 1307386002
(vm28:m0) -> reducer data size 1307386002
(vm28:m0) -> reducer data size 1307386002
(vm28:m0) -> reducer data size 1307386002
(vm28:m0) -> reducer data size 1307386002
(vm28:m0) -> reducer data size 1307386002
(vm28:m0) -> reducer data size 1307386002
(vm28:m0) -> reducer data size 1307386002
(vm28:m0) -> reducer data size 1307386002
(vm28:m0) -> reducer data size 1307386002
(vm28:m0) -> reducer data size 1307386002
(vm28:m0) -> reducer data size 1307386002
(vm28:m0) -> reducer data size 1307386002
(vm28:m0) -> reducer data size 1307386002
(vm28:m0) -> reducer data size 1307386002
(vm28:m0) -> reducer data size 1307386002
(vm28:m0) -> reducer data size 1307386002
(vm28:m0) -> reducer data size 1307386002
(vm28:m0) -> reducer data size 1307386002
(vm28:m0) -> reducer data size 1307386002
(vm28:m0) -> reducer data size 1307386002
(vm28:m0) Mapper thread started
(vm28:m0) Allocating data for reducer vm1:r0
(vm28:m0) Allocating data for reducer vm2:r0
(vm28:m0) Allocating data for reducer vm3:r0
(vm28:m0) Allocating data for reducer vm4:r0
(vm28:m0) Allocating data for reducer vm5:r0
(vm28:m0) Allocating data for reducer vm6:r0
(vm28:m0) Allocating data for reducer vm7:r0
(vm28:m0) Allocating data for reducer vm8:r0
(vm28:m0) Allocating data for reducer vm9:r0
(vm28:m0) Allocating data for reducer vm10:r0
(vm28:m0) Allocating data for reducer vm11:r0
(vm28:m0) Allocating data for reducer vm12:r0
(vm28:m0) Allocating data for reducer vm13:r0
(vm28:m0) Allocating data for reducer vm14:r0
(vm28:m0) Allocating data for reducer vm15:r0
(vm28:m0) Allocating data for reducer vm16:r0
(vm28:m0) Allocating data for reducer vm17:r0
(vm28:m0) Allocating data for reducer vm18:r0
(vm28:m0) Allocating data for reducer vm19:r0
(vm28:m0) Allocating data for reducer vm20:r0
(vm28:m0) Allocating data for reducer vm21:r0
(vm28:m0) Allocating data for reducer vm22:r0
(vm28:m0) Allocating data for reducer vm23:r0
(vm28:m0) Allocating data for reducer vm24:r0
(vm28:m0) Allocating data for reducer vm25:r0
(vm28:m0) Allocating data for reducer vm26:r0
(vm28:m0) Allocating data for reducer vm27:r0
(vm28:m0) Allocating data for reducer vm28:r0
(vm28:m0) Allocating data for reducer vm29:r0
(vm28:m0) Binding to port 23330
(vm28:r0) New reducer
(vm28:r0) Reducer thread started
(vm28:r0) waiting for START message
(vm28:r0) got START message
(vm28:r0) Starting new connection thread
(vm28:r0) Starting new connection thread
(vm28:r0) Starting new connection thread
(vm28:r0) Starting new connection thread
(vm28:r0) Starting new connection thread
(vm28:r0) Maximum number of connections reached (5), waiting for a thread to finish
(vm28:r0:1) Connection established
(vm28:r0:0) Connection established
(vm28:r0:4) Connection established
(vm28:r0:3) Connection established
(vm28:r0:2) Connection established
(vm28:r0:4) Connection finished, received 1307386003 bytes
(vm28:r0:0) Connection finished, received 1307386003 bytes
(vm28:r0) thread 0 joined, 28 connections remaining
(vm28:r0) Starting new connection thread
(vm28:r0) Maximum number of connections reached (5), waiting for a thread to finish
(vm28:r0:0) Connection established
(vm28:r0:3) Connection finished, received 1307386003 bytes
(vm28:r0:2) Connection finished, received 1307386003 bytes
(vm28:r0:1) Connection finished, received 1307386003 bytes
(vm28:r0:0) Connection finished, received 1307386003 bytes
(vm28:r0) thread 0 joined, 27 connections remaining
(vm28:r0) Starting new connection thread
(vm28:r0) Maximum number of connections reached (5), waiting for a thread to finish
(vm28:r0:0) Connection established
(vm28:r0:0) Connection finished, received 1307386003 bytes
(vm28:r0) thread 0 joined, 26 connections remaining
(vm28:r0) Starting new connection thread
(vm28:r0) Maximum number of connections reached (5), waiting for a thread to finish
(vm28:r0:0) Connection established
(vm28:r0:0) Connection finished, received 1307386003 bytes
(vm28:r0) thread 0 joined, 25 connections remaining
(vm28:r0) Starting new connection thread
(vm28:r0) Maximum number of connections reached (5), waiting for a thread to finish
(vm28:r0:0) Connection established
(vm28:r0:0) Connection finished, received 1307386003 bytes
(vm28:r0) thread 0 joined, 24 connections remaining
(vm28:r0) Starting new connection thread
(vm28:r0) Maximum number of connections reached (5), waiting for a thread to finish
(vm28:r0:0) Connection established
(vm28:r0:0) Connection finished, received 1307386003 bytes
(vm28:r0) thread 0 joined, 23 connections remaining
(vm28:r0) Starting new connection thread
(vm28:r0) Maximum number of connections reached (5), waiting for a thread to finish
(vm28:r0:0) Connection established
(vm28:r0:0) Connection finished, received 1307386003 bytes
(vm28:r0) thread 0 joined, 22 connections remaining
(vm28:r0) Starting new connection thread
(vm28:r0) Maximum number of connections reached (5), waiting for a thread to finish
(vm28:r0:0) Connection established
(vm28:r0:0) Connection finished, received 1307386003 bytes
(vm28:r0) thread 0 joined, 21 connections remaining
(vm28:r0) Starting new connection thread
(vm28:r0) Maximum number of connections reached (5), waiting for a thread to finish
(vm28:r0:0) Connection established
(vm28:r0:0) Connection finished, received 1307386003 bytes
(vm28:r0) thread 0 joined, 20 connections remaining
(vm28:r0) Starting new connection thread
(vm28:r0) Maximum number of connections reached (5), waiting for a thread to finish
(vm28:r0:0) Connection established
(vm28:r0:0) Connection finished, received 1307386003 bytes
(vm28:r0) thread 0 joined, 19 connections remaining
(vm28:r0) Starting new connection thread
(vm28:r0) Maximum number of connections reached (5), waiting for a thread to finish
(vm28:r0:0) Connection established
(vm28:r0:0) Connection finished, received 1307386003 bytes
(vm28:r0) thread 0 joined, 18 connections remaining
(vm28:r0) Starting new connection thread
(vm28:r0) Maximum number of connections reached (5), waiting for a thread to finish
(vm28:r0:0) Connection established
(vm28:r0:0) Connection finished, received 1307386003 bytes
(vm28:r0) thread 0 joined, 17 connections remaining
(vm28:r0) Starting new connection thread
(vm28:r0) Maximum number of connections reached (5), waiting for a thread to finish
(vm28:r0:0) Connection established
(vm28:r0:0) Connection finished, received 1307386003 bytes
(vm28:r0) thread 0 joined, 16 connections remaining
(vm28:r0) Starting new connection thread
(vm28:r0) Maximum number of connections reached (5), waiting for a thread to finish
(vm28:r0:0) Connection established
(vm28:m0) Got connection from reducer vm1:r0
(vm28:m0:0) thread started, have to send 1307386002 bytes
(vm28:r0:0) Connection finished, received 1307386003 bytes
(vm28:r0) thread 0 joined, 15 connections remaining
(vm28:r0) Starting new connection thread
(vm28:r0) Maximum number of connections reached (5), waiting for a thread to finish
(vm28:r0:0) Connection established
(vm28:m0:0) all data sent, thread exiting
(vm28:r0:0) Connection finished, received 1307386003 bytes
(vm28:r0) thread 0 joined, 14 connections remaining
(vm28:r0) Starting new connection thread
(vm28:r0) Maximum number of connections reached (5), waiting for a thread to finish
(vm28:r0:0) Connection established
(vm28:r0:0) Connection finished, received 1307386003 bytes
(vm28:r0) thread 0 joined, 13 connections remaining
(vm28:r0) Starting new connection thread
(vm28:r0) Maximum number of connections reached (5), waiting for a thread to finish
(vm28:r0:0) Connection established
(vm28:m0) Got connection from reducer vm12:r0
(vm28:m0:11) thread started, have to send 1307386002 bytes
(vm28:r0:0) Connection finished, received 1307386003 bytes
(vm28:r0) thread 0 joined, 12 connections remaining
(vm28:r0) Starting new connection thread
(vm28:r0) Maximum number of connections reached (5), waiting for a thread to finish
(vm28:r0:0) Connection established
(vm28:r0:0) Connection finished, received 1307386003 bytes
(vm28:r0) thread 0 joined, 11 connections remaining
(vm28:r0) Starting new connection thread
(vm28:r0) Maximum number of connections reached (5), waiting for a thread to finish
(vm28:r0:0) Connection established
(vm28:m0) Got connection from reducer vm25:r0
(vm28:m0:24) thread started, have to send 1307386002 bytes
(vm28:r0:0) Connection finished, received 1307386003 bytes
(vm28:r0) thread 0 joined, 10 connections remaining
(vm28:r0) Starting new connection thread
(vm28:r0) Maximum number of connections reached (5), waiting for a thread to finish
(vm28:r0:0) Connection established
(vm28:m0:24) all data sent, thread exiting
(vm28:m0) Got connection from reducer vm6:r0
(vm28:m0:5) thread started, have to send 1307386002 bytes
(vm28:m0:11) all data sent, thread exiting
(vm28:m0) Got connection from reducer vm7:r0
(vm28:m0:6) thread started, have to send 1307386002 bytes
(vm28:r0:0) Connection finished, received 1307386003 bytes
(vm28:r0) thread 0 joined, 9 connections remaining
(vm28:r0) Starting new connection thread
(vm28:r0) Maximum number of connections reached (5), waiting for a thread to finish
(vm28:r0:0) Connection established
(vm28:m0:5) all data sent, thread exiting
(vm28:m0) Got connection from reducer vm21:r0
(vm28:m0:20) thread started, have to send 1307386002 bytes
(vm28:m0:6) all data sent, thread exiting
(vm28:r0:0) Connection finished, received 1307386003 bytes
(vm28:r0) thread 0 joined, 8 connections remaining
(vm28:r0) Starting new connection thread
(vm28:r0) Maximum number of connections reached (5), waiting for a thread to finish
(vm28:r0:0) Connection established
(vm28:m0:20) all data sent, thread exiting
(vm28:r0:0) Connection finished, received 1307386003 bytes
(vm28:r0) thread 0 joined, 7 connections remaining
(vm28:r0) Starting new connection thread
(vm28:r0) Maximum number of connections reached (5), waiting for a thread to finish
(vm28:r0:0) Connection established
(vm28:m0) Got connection from reducer vm17:r0
(vm28:m0:16) thread started, have to send 1307386002 bytes
(vm28:m0) Got connection from reducer vm10:r0
(vm28:m0:9) thread started, have to send 1307386002 bytes
(vm28:m0:16) all data sent, thread exiting
(vm28:r0:0) Connection finished, received 1307386003 bytes
(vm28:r0) thread 0 joined, 6 connections remaining
(vm28:r0) Starting new connection thread
(vm28:r0) Maximum number of connections reached (5), waiting for a thread to finish
(vm28:r0:0) Connection established
(vm28:m0) Got connection from reducer vm28:r0
(vm28:m0:27) thread started, have to send 1307386002 bytes
(vm28:m0:9) all data sent, thread exiting
(vm28:m0:27) all data sent, thread exiting
(vm28:r0:0) Connection finished, received 1307386003 bytes
(vm28:r0) thread 0 joined, 5 connections remaining
(vm28:r0) Starting new connection thread
(vm28:r0) Maximum number of connections reached (5), waiting for a thread to finish
(vm28:r0:0) Connection established
(vm28:m0) Got connection from reducer vm19:r0
(vm28:m0:18) thread started, have to send 1307386002 bytes
(vm28:m0) Got connection from reducer vm9:r0
(vm28:m0:8) thread started, have to send 1307386002 bytes
(vm28:r0:0) Connection finished, received 1307386003 bytes
(vm28:r0) thread 0 joined, 4 connections remaining
(vm28:r0) Maximum number of connections reached (4), waiting for a thread to finish
(vm28:r0) thread 1 joined, 3 connections remaining
(vm28:r0) Maximum number of connections reached (3), waiting for a thread to finish
(vm28:r0) thread 2 joined, 2 connections remaining
(vm28:r0) Maximum number of connections reached (2), waiting for a thread to finish
(vm28:r0) thread 3 joined, 1 connections remaining
(vm28:r0) Maximum number of connections reached (1), waiting for a thread to finish
(vm28:r0) thread 4 joined, 0 connections remaining
(vm28:r0) all done, exiting
(vm28:m0:18) all data sent, thread exiting
(vm28:m0:8) all data sent, thread exiting
(vm28:m0) Got connection from reducer vm14:r0
(vm28:m0:13) thread started, have to send 1307386002 bytes
(vm28:m0:13) all data sent, thread exiting
(vm28:m0) Got connection from reducer vm27:r0
(vm28:m0:26) thread started, have to send 1307386002 bytes
(vm28:m0:26) all data sent, thread exiting
(vm28:m0) Got connection from reducer vm23:r0
(vm28:m0:22) thread started, have to send 1307386002 bytes
(vm28:m0) Got connection from reducer vm18:r0
(vm28:m0:17) thread started, have to send 1307386002 bytes
(vm28:m0) Got connection from reducer vm8:r0
(vm28:m0:7) thread started, have to send 1307386002 bytes
(vm28:m0:22) all data sent, thread exiting
(vm28:m0) Got connection from reducer vm20:r0
(vm28:m0:19) thread started, have to send 1307386002 bytes
(vm28:m0:17) all data sent, thread exiting
(vm28:m0:7) all data sent, thread exiting
(vm28:m0) Got connection from reducer vm15:r0
(vm28:m0:14) thread started, have to send 1307386002 bytes
(vm28:m0:19) all data sent, thread exiting
(vm28:m0:14) all data sent, thread exiting
(vm28:m0) Got connection from reducer vm4:r0
(vm28:m0:3) thread started, have to send 1307386002 bytes
(vm28:m0:3) all data sent, thread exiting
(vm28:m0) Got connection from reducer vm11:r0
(vm28:m0:10) thread started, have to send 1307386002 bytes
(vm28:m0:10) all data sent, thread exiting
(vm28:m0) Got connection from reducer vm2:r0
(vm28:m0:1) thread started, have to send 1307386002 bytes
(vm28:m0:1) all data sent, thread exiting
(vm28:m0) Got connection from reducer vm3:r0
(vm28:m0:2) thread started, have to send 1307386002 bytes
(vm28:m0) Got connection from reducer vm13:r0
(vm28:m0:12) thread started, have to send 1307386002 bytes
(vm28:m0) Got connection from reducer vm16:r0
(vm28:m0:15) thread started, have to send 1307386002 bytes
(vm28:m0:2) all data sent, thread exiting
(vm28:m0:12) all data sent, thread exiting
(vm28:m0:15) all data sent, thread exiting
(vm28:m0) Got connection from reducer vm5:r0
(vm28:m0:4) thread started, have to send 1307386002 bytes
(vm28:m0:4) all data sent, thread exiting
(vm28:m0) Got connection from reducer vm22:r0
(vm28:m0:21) thread started, have to send 1307386002 bytes
(vm28:m0:21) all data sent, thread exiting
(vm28:m0) Got connection from reducer vm24:r0
(vm28:m0:23) thread started, have to send 1307386002 bytes
(vm28:m0:23) all data sent, thread exiting
(vm28:m0) Got connection from reducer vm26:r0
(vm28:m0:25) thread started, have to send 1307386002 bytes
(vm28:m0) Got connection from reducer vm29:r0
(vm28:m0) Waiting for a thread to finish
(vm28:m0) thread 0 joined, 28 connections remaining
(vm28:m0) Waiting for a thread to finish
(vm28:m0) thread 1 joined, 27 connections remaining
(vm28:m0) Waiting for a thread to finish
(vm28:m0) thread 2 joined, 26 connections remaining
(vm28:m0) Waiting for a thread to finish
(vm28:m0) thread 3 joined, 25 connections remaining
(vm28:m0) Waiting for a thread to finish
(vm28:m0) thread 4 joined, 24 connections remaining
(vm28:m0) Waiting for a thread to finish
(vm28:m0) thread 5 joined, 23 connections remaining
(vm28:m0) Waiting for a thread to finish
(vm28:m0) thread 6 joined, 22 connections remaining
(vm28:m0) Waiting for a thread to finish
(vm28:m0) thread 7 joined, 21 connections remaining
(vm28:m0) Waiting for a thread to finish
(vm28:m0) thread 8 joined, 20 connections remaining
(vm28:m0) Waiting for a thread to finish
(vm28:m0) thread 9 joined, 19 connections remaining
(vm28:m0) Waiting for a thread to finish
(vm28:m0) thread 10 joined, 18 connections remaining
(vm28:m0) Waiting for a thread to finish
(vm28:m0) thread 11 joined, 17 connections remaining
(vm28:m0) Waiting for a thread to finish
(vm28:m0) thread 12 joined, 16 connections remaining
(vm28:m0) Waiting for a thread to finish
(vm28:m0) thread 13 joined, 15 connections remaining
(vm28:m0) Waiting for a thread to finish
(vm28:m0) thread 14 joined, 14 connections remaining
(vm28:m0) Waiting for a thread to finish
(vm28:m0) thread 15 joined, 13 connections remaining
(vm28:m0) Waiting for a thread to finish
(vm28:m0) thread 16 joined, 12 connections remaining
(vm28:m0) Waiting for a thread to finish
(vm28:m0) thread 17 joined, 11 connections remaining
(vm28:m0) Waiting for a thread to finish
(vm28:m0) thread 18 joined, 10 connections remaining
(vm28:m0) Waiting for a thread to finish
(vm28:m0) thread 19 joined, 9 connections remaining
(vm28:m0) Waiting for a thread to finish
(vm28:m0) thread 20 joined, 8 connections remaining
(vm28:m0) Waiting for a thread to finish
(vm28:m0) thread 21 joined, 7 connections remaining
(vm28:m0) Waiting for a thread to finish
(vm28:m0) thread 22 joined, 6 connections remaining
(vm28:m0) Waiting for a thread to finish
(vm28:m0) thread 23 joined, 5 connections remaining
(vm28:m0) Waiting for a thread to finish
(vm28:m0) thread 24 joined, 4 connections remaining
(vm28:m0) Waiting for a thread to finish
(vm28:m0:28) thread started, have to send 1307386002 bytes
(vm28:m0:25) all data sent, thread exiting
(vm28:m0) thread 25 joined, 3 connections remaining
(vm28:m0) Waiting for a thread to finish
(vm28:m0) thread 26 joined, 2 connections remaining
(vm28:m0) Waiting for a thread to finish
(vm28:m0) thread 27 joined, 1 connections remaining
(vm28:m0) Waiting for a thread to finish
(vm28:m0:28) all data sent, thread exiting
(vm28:m0) thread 28 joined, 0 connections remaining
(vm28:m0) all done, exiting
*RES* start node vm28:m0
*RES* vm28:m0:0,1405495115980,5432,1435,1307386003
*RES* vm28:m0:1,1405495227115,2104,937,1307386003
*RES* vm28:m0:2,1405495233961,1888,872,1307386003
*RES* vm28:m0:3,1405495209491,2212,1032,1307386003
*RES* vm28:m0:4,1405495239126,1797,748,1307386003
*RES* vm28:m0:5,1405495149582,7535,1879,1307386003
*RES* vm28:m0:6,1405495151912,7258,1691,1307386003
*RES* vm28:m0:7,1405495202990,3472,1240,1307386003
*RES* vm28:m0:8,1405495174827,3772,1205,1307386003
*RES* vm28:m0:9,1405495167571,4465,1251,1307386003
*RES* vm28:m0:10,1405495217148,1948,946,1307386003
*RES* vm28:m0:11,1405495135800,15241,1048,1307386003
*RES* vm28:m0:12,1405495234484,1999,803,1307386003
*RES* vm28:m0:13,1405495184081,2334,1053,1307386003
*RES* vm28:m0:14,1405495206697,2568,1259,1307386003
*RES* vm28:m0:15,1405495235064,1895,730,1307386003
*RES* vm28:m0:16,1405495165281,3825,1017,1307386003
*RES* vm28:m0:17,1405495202440,3979,1150,1307386003
*RES* vm28:m0:18,1405495174255,3967,1281,1307386003
*RES* vm28:m0:19,1405495204627,3278,1226,1307386003
*RES* vm28:m0:20,1405495158020,4516,1159,1307386003
*RES* vm28:m0:21,1405495247908,1435,783,1307386003
*RES* vm28:m0:22,1405495200950,2830,1100,1307386003
*RES* vm28:m0:23,1405495250621,1522,619,1307386003
*RES* vm28:m0:24,1405495142464,5239,856,1307386003
*RES* vm28:m0:25,1405495252726,1507,650,1307386003
*RES* vm28:m0:26,1405495186483,2563,1081,1307386003
*RES* vm28:m0:27,1405495169893,2728,322,1307386003
*RES* vm28:m0:28,1405495253668,2407,542,1307386003
*RES* end node vm28:m0
Node vm28:m0 joined
*RES* start node vm28:r0
*RES* vm28:r0:0,1405494960698,34212,1210,1307386003
*RES* vm28:r0:0,1405494994916,29328,1178,1307386003
*RES* vm28:r0:0,1405495024248,24355,1152,1307386003
*RES* vm28:r0:0,1405495048608,11929,1165,1307386003
*RES* vm28:r0:0,1405495060544,7862,1532,1307386003
*RES* vm28:r0:0,1405495068412,5997,1153,1307386003
*RES* vm28:r0:0,1405495074416,4856,1494,1307386003
*RES* vm28:r0:0,1405495079279,7949,1920,1307386003
*RES* vm28:r0:0,1405495087232,4625,1644,1307386003
*RES* vm28:r0:0,1405495091864,5551,1787,1307386003
*RES* vm28:r0:0,1405495097420,5418,1602,1307386003
*RES* vm28:r0:0,1405495102844,4723,1962,1307386003
*RES* vm28:r0:0,1405495107572,7194,1877,1307386003
*RES* vm28:r0:0,1405495114772,6160,1368,1307386003
*RES* vm28:r0:0,1405495120947,6405,1326,1307386003
*RES* vm28:r0:0,1405495127357,4159,1444,1307386003
*RES* vm28:r0:0,1405495131520,5447,1676,1307386003
*RES* vm28:r0:0,1405495136972,4612,1451,1307386003
*RES* vm28:r0:0,1405495141592,5928,1128,1307386003
*RES* vm28:r0:0,1405495147528,6718,1507,1307386003
*RES* vm28:r0:0,1405495154262,6163,1298,1307386003
*RES* vm28:r0:0,1405495160434,4302,1202,1307386003
*RES* vm28:r0:0,1405495164740,5141,1213,1307386003
*RES* vm28:r0:0,1405495169892,2736,882,1307386003
*RES* vm28:r0:0,1405495172636,4040,1156,1307386003
*RES* vm28:r0:1,1405494960697,39527,1238,1307386003
*RES* vm28:r0:2,1405494960697,38039,1207,1307386003
*RES* vm28:r0:3,1405494960697,37831,1227,1307386003
*RES* vm28:r0:4,1405494960697,25818,1209,1307386003
*RES* end node vm28:r0
Node vm28:r0 joined
Worker terminating correctly
