OSMeF worker starting
Enabling core dumping
Listening for command connection
(vm3:m0) New mapper on port 23330
(vm3:m0) -> reducer data size 5609753202
(vm3:m0) -> reducer data size 5609753202
(vm3:m0) -> reducer data size 5609753202
(vm3:m0) -> reducer data size 5609753202
(vm3:m0) -> reducer data size 5609753202
(vm3:m0) -> reducer data size 5609753202
(vm3:m0) -> reducer data size 5609753202
(vm3:m0) -> reducer data size 5609753202
(vm3:m0) -> reducer data size 5609753202
(vm3:m0) -> reducer data size 5609753202
(vm3:m0) -> reducer data size 5609753202
(vm3:m0) -> reducer data size 5609753202
(vm3:m0) -> reducer data size 5609753202
(vm3:m0) -> reducer data size 5609753202
(vm3:m0) Mapper thread started
(vm3:m0) Allocating data for reducer vm1:r0
(vm3:m0) Allocating data for reducer vm2:r0
(vm3:m0) Allocating data for reducer vm3:r0
(vm3:m0) Allocating data for reducer vm4:r0
(vm3:m0) Allocating data for reducer vm5:r0
(vm3:m0) Allocating data for reducer vm6:r0
(vm3:m0) Allocating data for reducer vm7:r0
(vm3:m0) Allocating data for reducer vm8:r0
(vm3:m0) Allocating data for reducer vm9:r0
(vm3:m0) Allocating data for reducer vm10:r0
(vm3:m0) Allocating data for reducer vm11:r0
(vm3:m0) Allocating data for reducer vm12:r0
(vm3:m0) Allocating data for reducer vm13:r0
(vm3:m0) Allocating data for reducer vm14:r0
(vm3:m0) Binding to port 23330
(vm3:r0) New reducer
(vm3:r0) Reducer thread started
(vm3:r0) waiting for START message
(vm3:r0) got START message
(vm3:r0) Starting new connection thread
(vm3:r0) Starting new connection thread
(vm3:r0) Starting new connection thread
(vm3:r0) Starting new connection thread
(vm3:r0) Starting new connection thread
(vm3:r0) Maximum number of connections reached (5), waiting for a thread to finish
(vm3:m0) Got connection from reducer vm1:r0
(vm3:r0:2) Connection established
(vm3:m0) Got connection from reducer vm3:r0
(vm3:m0:0) thread started, have to send 5609753202 bytes
(vm3:m0:2) thread started, have to send 5609753202 bytes
(vm3:r0:4) Connection established
(vm3:r0:3) Connection established
(vm3:m0) Got connection from reducer vm2:r0
(vm3:m0) Got connection from reducer vm6:r0
(vm3:m0) Got connection from reducer vm7:r0
(vm3:m0) Got connection from reducer vm4:r0
(vm3:r0:1) Connection established
(vm3:r0:0) Connection established
(vm3:m0) Got connection from reducer vm13:r0
(vm3:m0) Got connection from reducer vm9:r0
(vm3:m0) Got connection from reducer vm14:r0
(vm3:m0) Got connection from reducer vm12:r0
(vm3:m0) Got connection from reducer vm8:r0
(vm3:m0) Got connection from reducer vm10:r0
(vm3:m0) Got connection from reducer vm11:r0
(vm3:m0) Got connection from reducer vm5:r0
(vm3:m0) Waiting for a thread to finish
(vm3:m0:11) thread started, have to send 5609753202 bytes
(vm3:m0:4) thread started, have to send 5609753202 bytes
(vm3:m0:7) thread started, have to send 5609753202 bytes
(vm3:m0:9) thread started, have to send 5609753202 bytes
(vm3:m0:6) thread started, have to send 5609753202 bytes
(vm3:m0:12) thread started, have to send 5609753202 bytes
(vm3:m0:3) thread started, have to send 5609753202 bytes
(vm3:m0:8) thread started, have to send 5609753202 bytes
(vm3:m0:13) thread started, have to send 5609753202 bytes
(vm3:m0:10) thread started, have to send 5609753202 bytes
(vm3:m0:5) thread started, have to send 5609753202 bytes
(vm3:m0:1) thread started, have to send 5609753202 bytes
(vm3:m0:2) all data sent, thread exiting
(vm3:r0:2) Connection finished, received 5609753203 bytes
(vm3:m0:11) all data sent, thread exiting
(vm3:m0:6) all data sent, thread exiting
(vm3:m0:10) all data sent, thread exiting
(vm3:m0:8) all data sent, thread exiting
(vm3:m0:7) all data sent, thread exiting
(vm3:m0:9) all data sent, thread exiting
(vm3:m0:13) all data sent, thread exiting
(vm3:m0:5) all data sent, thread exiting
(vm3:m0:12) all data sent, thread exiting
(vm3:r0:4) Connection finished, received 5609753203 bytes
(vm3:m0:4) all data sent, thread exiting
(vm3:m0:0) all data sent, thread exiting
(vm3:m0) thread 0 joined, 13 connections remaining
(vm3:m0) Waiting for a thread to finish
(vm3:m0:1) all data sent, thread exiting
(vm3:m0) thread 1 joined, 12 connections remaining
(vm3:m0) Waiting for a thread to finish
(vm3:m0) thread 2 joined, 11 connections remaining
(vm3:m0) Waiting for a thread to finish
(vm3:m0:3) all data sent, thread exiting
(vm3:m0) thread 3 joined, 10 connections remaining
(vm3:m0) Waiting for a thread to finish
(vm3:m0) thread 4 joined, 9 connections remaining
(vm3:m0) Waiting for a thread to finish
(vm3:m0) thread 5 joined, 8 connections remaining
(vm3:m0) Waiting for a thread to finish
(vm3:m0) thread 6 joined, 7 connections remaining
(vm3:m0) Waiting for a thread to finish
(vm3:m0) thread 7 joined, 6 connections remaining
(vm3:m0) Waiting for a thread to finish
(vm3:m0) thread 8 joined, 5 connections remaining
(vm3:m0) Waiting for a thread to finish
(vm3:m0) thread 9 joined, 4 connections remaining
(vm3:m0) Waiting for a thread to finish
(vm3:m0) thread 10 joined, 3 connections remaining
(vm3:m0) Waiting for a thread to finish
(vm3:m0) thread 11 joined, 2 connections remaining
(vm3:m0) Waiting for a thread to finish
(vm3:m0) thread 12 joined, 1 connections remaining
(vm3:m0) Waiting for a thread to finish
(vm3:m0) thread 13 joined, 0 connections remaining
(vm3:m0) all done, exiting
*RES* start node vm3:m0
*RES* vm3:m0:0,1403736472152,67691,3411,5609753203
*RES* vm3:m0:1,1403736472167,67998,3446,5609753203
*RES* vm3:m0:2,1403736472152,45487,1377,5609753203
*RES* vm3:m0:3,1403736472162,70725,3456,5609753203
*RES* vm3:m0:4,1403736472162,66307,3415,5609753203
*RES* vm3:m0:5,1403736472163,65342,3676,5609753203
*RES* vm3:m0:6,1403736472162,65002,3661,5609753203
*RES* vm3:m0:7,1403736472162,65114,3671,5609753203
*RES* vm3:m0:8,1403736472162,65079,3648,5609753203
*RES* vm3:m0:9,1403736472162,65111,3669,5609753203
*RES* vm3:m0:10,1403736472163,65050,3653,5609753203
*RES* vm3:m0:11,1403736472162,65009,3661,5609753203
*RES* vm3:m0:12,1403736472162,65402,3704,5609753203
*RES* vm3:m0:13,1403736472163,65267,3683,5609753203
*RES* end node vm3:m0
Node vm3:m0 joined
(vm3:r0:3) Connection finished, received 5609753203 bytes
(vm3:r0:0) Connection finished, received 5609753203 bytes
(vm3:r0) thread 0 joined, 13 connections remaining
(vm3:r0) Starting new connection thread
(vm3:r0) Maximum number of connections reached (5), waiting for a thread to finish
(vm3:r0:0) Connection established
(vm3:r0:1) Connection finished, received 5609753203 bytes
(vm3:r0:0) Connection finished, received 5609753203 bytes
(vm3:r0) thread 0 joined, 12 connections remaining
(vm3:r0) Starting new connection thread
(vm3:r0) Maximum number of connections reached (5), waiting for a thread to finish
(vm3:r0:0) Connection established
(vm3:r0:0) Connection finished, received 5609753203 bytes
(vm3:r0) thread 0 joined, 11 connections remaining
(vm3:r0) Starting new connection thread
(vm3:r0) Maximum number of connections reached (5), waiting for a thread to finish
(vm3:r0:0) Connection established
(vm3:r0:0) Connection finished, received 5609753203 bytes
(vm3:r0) thread 0 joined, 10 connections remaining
(vm3:r0) Starting new connection thread
(vm3:r0) Maximum number of connections reached (5), waiting for a thread to finish
(vm3:r0:0) Connection established
(vm3:r0:0) Connection finished, received 5609753203 bytes
(vm3:r0) thread 0 joined, 9 connections remaining
(vm3:r0) Starting new connection thread
(vm3:r0) Maximum number of connections reached (5), waiting for a thread to finish
(vm3:r0:0) Connection established
(vm3:r0:0) Connection finished, received 5609753203 bytes
(vm3:r0) thread 0 joined, 8 connections remaining
(vm3:r0) Starting new connection thread
(vm3:r0) Maximum number of connections reached (5), waiting for a thread to finish
(vm3:r0:0) Connection established
(vm3:r0:0) Connection finished, received 5609753203 bytes
(vm3:r0) thread 0 joined, 7 connections remaining
(vm3:r0) Starting new connection thread
(vm3:r0) Maximum number of connections reached (5), waiting for a thread to finish
(vm3:r0:0) Connection established
(vm3:r0:0) Connection finished, received 5609753203 bytes
(vm3:r0) thread 0 joined, 6 connections remaining
(vm3:r0) Starting new connection thread
(vm3:r0) Maximum number of connections reached (5), waiting for a thread to finish
(vm3:r0:0) Connection established
(vm3:r0:0) Connection finished, received 5609753203 bytes
(vm3:r0) thread 0 joined, 5 connections remaining
(vm3:r0) Starting new connection thread
(vm3:r0) Maximum number of connections reached (5), waiting for a thread to finish
(vm3:r0:0) Connection established
(vm3:r0:0) Connection finished, received 5609753203 bytes
(vm3:r0) thread 0 joined, 4 connections remaining
(vm3:r0) Maximum number of connections reached (4), waiting for a thread to finish
(vm3:r0) thread 1 joined, 3 connections remaining
(vm3:r0) Maximum number of connections reached (3), waiting for a thread to finish
(vm3:r0) thread 2 joined, 2 connections remaining
(vm3:r0) Maximum number of connections reached (2), waiting for a thread to finish
(vm3:r0) thread 3 joined, 1 connections remaining
(vm3:r0) Maximum number of connections reached (1), waiting for a thread to finish
(vm3:r0) thread 4 joined, 0 connections remaining
(vm3:r0) all done, exiting
*RES* start node vm3:r0
*RES* vm3:r0:0,1403736472154,72042,3543,5609753203
*RES* vm3:r0:0,1403736544199,65206,3628,5609753203
*RES* vm3:r0:0,1403736609411,60142,4400,5609753203
*RES* vm3:r0:0,1403736669559,61295,4403,5609753203
*RES* vm3:r0:0,1403736730859,43080,3857,5609753203
*RES* vm3:r0:0,1403736773943,39032,3797,5609753203
*RES* vm3:r0:0,1403736812983,25754,3627,5609753203
*RES* vm3:r0:0,1403736838743,27123,3635,5609753203
*RES* vm3:r0:0,1403736865871,23586,3512,5609753203
*RES* vm3:r0:0,1403736889463,16224,3479,5609753203
*RES* vm3:r0:1,1403736472152,76719,3618,5609753203
*RES* vm3:r0:2,1403736472152,45553,2795,5609753203
*RES* vm3:r0:3,1403736472152,71287,3492,5609753203
*RES* vm3:r0:4,1403736472152,65539,3255,5609753203
*RES* end node vm3:r0
Node vm3:r0 joined
Worker terminating correctly
