OSMeF worker starting
Enabling core dumping
Listening for command connection
(vm6:m0) New mapper on port 23330
(vm6:m0) -> reducer data size 5609753202
(vm6:m0) -> reducer data size 5609753202
(vm6:m0) -> reducer data size 5609753202
(vm6:m0) -> reducer data size 5609753202
(vm6:m0) -> reducer data size 5609753202
(vm6:m0) -> reducer data size 5609753202
(vm6:m0) -> reducer data size 5609753202
(vm6:m0) -> reducer data size 5609753202
(vm6:m0) -> reducer data size 5609753202
(vm6:m0) -> reducer data size 5609753202
(vm6:m0) -> reducer data size 5609753202
(vm6:m0) -> reducer data size 5609753202
(vm6:m0) -> reducer data size 5609753202
(vm6:m0) -> reducer data size 5609753202
(vm6:m0) Mapper thread started
(vm6:m0) Allocating data for reducer vm1:r0
(vm6:m0) Allocating data for reducer vm2:r0
(vm6:m0) Allocating data for reducer vm3:r0
(vm6:m0) Allocating data for reducer vm4:r0
(vm6:m0) Allocating data for reducer vm5:r0
(vm6:m0) Allocating data for reducer vm6:r0
(vm6:m0) Allocating data for reducer vm7:r0
(vm6:m0) Allocating data for reducer vm8:r0
(vm6:m0) Allocating data for reducer vm9:r0
(vm6:m0) Allocating data for reducer vm10:r0
(vm6:m0) Allocating data for reducer vm11:r0
(vm6:m0) Allocating data for reducer vm12:r0
(vm6:m0) Allocating data for reducer vm13:r0
(vm6:m0) Allocating data for reducer vm14:r0
(vm6:m0) Binding to port 23330
(vm6:r0) New reducer
(vm6:r0) Reducer thread started
(vm6:r0) waiting for START message
(vm6:r0) got START message
(vm6:r0) Starting new connection thread
(vm6:r0) Starting new connection thread
(vm6:r0) Starting new connection thread
(vm6:r0) Starting new connection thread
(vm6:r0) Starting new connection thread
(vm6:r0) Maximum number of connections reached (5), waiting for a thread to finish
(vm6:r0:4) Connection established
(vm6:r0:2) Connection established
(vm6:r0:3) Connection established
(vm6:r0:1) Connection established
(vm6:r0:0) Connection established
(vm6:m0) Got connection from reducer vm1:r0
(vm6:m0:0) thread started, have to send 5609753202 bytes
(vm6:r0:4) Connection finished, received 5609753203 bytes
(vm6:r0:2) Connection finished, received 5609753203 bytes
(vm6:m0) Got connection from reducer vm4:r0
(vm6:m0:3) thread started, have to send 5609753202 bytes
(vm6:m0) Got connection from reducer vm2:r0
(vm6:m0:1) thread started, have to send 5609753202 bytes
(vm6:r0:3) Connection finished, received 5609753203 bytes
(vm6:m0) Got connection from reducer vm3:r0
(vm6:m0:2) thread started, have to send 5609753202 bytes
(vm6:r0:0) Connection finished, received 5609753203 bytes
(vm6:r0) thread 0 joined, 13 connections remaining
(vm6:r0) Starting new connection thread
(vm6:r0) Maximum number of connections reached (5), waiting for a thread to finish
(vm6:m0) Got connection from reducer vm9:r0
(vm6:r0:0) Connection established
(vm6:m0) Got connection from reducer vm6:r0
(vm6:m0:8) thread started, have to send 5609753202 bytes
(vm6:m0:5) thread started, have to send 5609753202 bytes
(vm6:m0) Got connection from reducer vm11:r0
(vm6:m0:10) thread started, have to send 5609753202 bytes
(vm6:m0) Got connection from reducer vm13:r0
(vm6:m0:12) thread started, have to send 5609753202 bytes
(vm6:m0) Got connection from reducer vm14:r0
(vm6:m0:13) thread started, have to send 5609753202 bytes
(vm6:m0) Got connection from reducer vm8:r0
(vm6:m0:7) thread started, have to send 5609753202 bytes
(vm6:m0) Got connection from reducer vm12:r0
(vm6:m0:11) thread started, have to send 5609753202 bytes
(vm6:m0) Got connection from reducer vm10:r0
(vm6:m0) Got connection from reducer vm7:r0
(vm6:m0:6) thread started, have to send 5609753202 bytes
(vm6:m0:9) thread started, have to send 5609753202 bytes
(vm6:m0) Got connection from reducer vm5:r0
(vm6:m0) Waiting for a thread to finish
(vm6:m0:4) thread started, have to send 5609753202 bytes
(vm6:r0:1) Connection finished, received 5609753203 bytes
(vm6:m0:5) all data sent, thread exiting
(vm6:r0:0) Connection finished, received 5609753203 bytes
(vm6:r0) thread 0 joined, 12 connections remaining
(vm6:r0) Starting new connection thread
(vm6:r0) Maximum number of connections reached (5), waiting for a thread to finish
(vm6:r0:0) Connection established
(vm6:m0:0) all data sent, thread exiting
(vm6:m0) thread 0 joined, 13 connections remaining
(vm6:m0) Waiting for a thread to finish
(vm6:m0:3) all data sent, thread exiting
(vm6:m0:1) all data sent, thread exiting
(vm6:m0) thread 1 joined, 12 connections remaining
(vm6:m0) Waiting for a thread to finish
(vm6:m0:9) all data sent, thread exiting
(vm6:m0:2) all data sent, thread exiting
(vm6:m0) thread 2 joined, 11 connections remaining
(vm6:m0) Waiting for a thread to finish
(vm6:m0) thread 3 joined, 10 connections remaining
(vm6:m0) Waiting for a thread to finish
(vm6:m0:10) all data sent, thread exiting
(vm6:m0:4) all data sent, thread exiting
(vm6:m0) thread 4 joined, 9 connections remaining
(vm6:m0) Waiting for a thread to finish
(vm6:m0) thread 5 joined, 8 connections remaining
(vm6:m0) Waiting for a thread to finish
(vm6:m0:7) all data sent, thread exiting
(vm6:m0:8) all data sent, thread exiting
(vm6:m0:13) all data sent, thread exiting
(vm6:m0:12) all data sent, thread exiting
(vm6:m0:11) all data sent, thread exiting
(vm6:m0:6) all data sent, thread exiting
(vm6:m0) thread 6 joined, 7 connections remaining
(vm6:m0) Waiting for a thread to finish
(vm6:m0) thread 7 joined, 6 connections remaining
(vm6:m0) Waiting for a thread to finish
(vm6:m0) thread 8 joined, 5 connections remaining
(vm6:m0) Waiting for a thread to finish
(vm6:m0) thread 9 joined, 4 connections remaining
(vm6:m0) Waiting for a thread to finish
(vm6:m0) thread 10 joined, 3 connections remaining
(vm6:m0) Waiting for a thread to finish
(vm6:m0) thread 11 joined, 2 connections remaining
(vm6:m0) Waiting for a thread to finish
(vm6:m0) thread 12 joined, 1 connections remaining
(vm6:m0) Waiting for a thread to finish
(vm6:m0) thread 13 joined, 0 connections remaining
(vm6:m0) all done, exiting
*RES* start node vm6:m0
*RES* vm6:m0:0,1403736521081,62409,4206,5609753203
*RES* vm6:m0:1,1403736541595,64497,4203,5609753203
*RES* vm6:m0:2,1403736544270,65198,4301,5609753203
*RES* vm6:m0:3,1403736541558,63280,4265,5609753203
*RES* vm6:m0:4,1403736545182,64760,4267,5609753203
*RES* vm6:m0:5,1403736544382,34872,1023,5609753203
*RES* vm6:m0:6,1403736544671,65758,4345,5609753203
*RES* vm6:m0:7,1403736544612,65328,4302,5609753203
*RES* vm6:m0:8,1403736544375,65685,4344,5609753203
*RES* vm6:m0:9,1403736544671,64350,4214,5609753203
*RES* vm6:m0:10,1403736544418,65223,4293,5609753203
*RES* vm6:m0:11,1403736544638,65545,4336,5609753203
*RES* vm6:m0:12,1403736544493,65687,4348,5609753203
*RES* vm6:m0:13,1403736544530,65597,4336,5609753203
*RES* end node vm6:m0
Node vm6:m0 joined
(vm6:r0:0) Connection finished, received 5609753203 bytes
(vm6:r0) thread 0 joined, 11 connections remaining
(vm6:r0) Starting new connection thread
(vm6:r0) Maximum number of connections reached (5), waiting for a thread to finish
(vm6:r0:0) Connection established
(vm6:r0:0) Connection finished, received 5609753203 bytes
(vm6:r0) thread 0 joined, 10 connections remaining
(vm6:r0) Starting new connection thread
(vm6:r0) Maximum number of connections reached (5), waiting for a thread to finish
(vm6:r0:0) Connection established
(vm6:r0:0) Connection finished, received 5609753203 bytes
(vm6:r0) thread 0 joined, 9 connections remaining
(vm6:r0) Starting new connection thread
(vm6:r0) Maximum number of connections reached (5), waiting for a thread to finish
(vm6:r0:0) Connection established
(vm6:r0:0) Connection finished, received 5609753203 bytes
(vm6:r0) thread 0 joined, 8 connections remaining
(vm6:r0) Starting new connection thread
(vm6:r0) Maximum number of connections reached (5), waiting for a thread to finish
(vm6:r0:0) Connection established
(vm6:r0:0) Connection finished, received 5609753203 bytes
(vm6:r0) thread 0 joined, 7 connections remaining
(vm6:r0) Starting new connection thread
(vm6:r0) Maximum number of connections reached (5), waiting for a thread to finish
(vm6:r0:0) Connection established
(vm6:r0:0) Connection finished, received 5609753203 bytes
(vm6:r0) thread 0 joined, 6 connections remaining
(vm6:r0) Starting new connection thread
(vm6:r0) Maximum number of connections reached (5), waiting for a thread to finish
(vm6:r0:0) Connection established
(vm6:r0:0) Connection finished, received 5609753203 bytes
(vm6:r0) thread 0 joined, 5 connections remaining
(vm6:r0) Starting new connection thread
(vm6:r0) Maximum number of connections reached (5), waiting for a thread to finish
(vm6:r0:0) Connection established
(vm6:r0:0) Connection finished, received 5609753203 bytes
(vm6:r0) thread 0 joined, 4 connections remaining
(vm6:r0) Maximum number of connections reached (4), waiting for a thread to finish
(vm6:r0) thread 1 joined, 3 connections remaining
(vm6:r0) Maximum number of connections reached (3), waiting for a thread to finish
(vm6:r0) thread 2 joined, 2 connections remaining
(vm6:r0) Maximum number of connections reached (2), waiting for a thread to finish
(vm6:r0) thread 3 joined, 1 connections remaining
(vm6:r0) Maximum number of connections reached (1), waiting for a thread to finish
(vm6:r0) thread 4 joined, 0 connections remaining
(vm6:r0) all done, exiting
*RES* start node vm6:r0
*RES* vm6:r0:0,1403736472216,72139,4447,5609753203
*RES* vm6:r0:0,1403736544375,34901,2245,5609753203
*RES* vm6:r0:0,1403736579366,56619,3819,5609753203
*RES* vm6:r0:0,1403736635990,10627,4492,5609753203
*RES* vm6:r0:0,1403736646622,10600,4333,5609753203
*RES* vm6:r0:0,1403736657226,10287,4570,5609753203
*RES* vm6:r0:0,1403736667518,11073,4517,5609753203
*RES* vm6:r0:0,1403736678598,9125,3712,5609753203
*RES* vm6:r0:0,1403736687730,10362,4304,5609753203
*RES* vm6:r0:0,1403736698098,10131,4141,5609753203
*RES* vm6:r0:1,1403736472216,77682,4397,5609753203
*RES* vm6:r0:2,1403736472216,65353,4397,5609753203
*RES* vm6:r0:3,1403736472216,71468,4428,5609753203
*RES* vm6:r0:4,1403736472216,60116,4313,5609753203
*RES* end node vm6:r0
Node vm6:r0 joined
Worker terminating correctly
