OSMeF worker starting
Enabling core dumping
Listening for command connection
(vm15:m0) New mapper on port 23330
(vm15:m0) -> reducer data size 687194767
(vm15:m0) -> reducer data size 687194767
(vm15:m0) -> reducer data size 687194767
(vm15:m0) -> reducer data size 687194767
(vm15:m0) -> reducer data size 687194767
(vm15:m0) -> reducer data size 687194767
(vm15:m0) -> reducer data size 687194767
(vm15:m0) -> reducer data size 687194767
(vm15:m0) -> reducer data size 687194767
(vm15:m0) -> reducer data size 687194767
(vm15:m0) -> reducer data size 687194767
(vm15:m0) -> reducer data size 687194767
(vm15:m0) -> reducer data size 687194767
(vm15:m0) -> reducer data size 687194767
(vm15:m0) -> reducer data size 687194767
(vm15:m0) -> reducer data size 687194767
(vm15:m0) -> reducer data size 687194767
(vm15:m0) -> reducer data size 687194767
(vm15:m0) -> reducer data size 687194767
(vm15:m0) -> reducer data size 687194767
(vm15:m0) -> reducer data size 687194767
(vm15:m0) -> reducer data size 687194767
(vm15:m0) -> reducer data size 687194767
(vm15:m0) -> reducer data size 687194767
(vm15:m0) -> reducer data size 687194767
(vm15:m0) -> reducer data size 687194767
(vm15:m0) -> reducer data size 687194767
(vm15:m0) -> reducer data size 687194767
(vm15:m0) -> reducer data size 687194767
(vm15:m0) -> reducer data size 687194767
(vm15:m0) -> reducer data size 687194767
(vm15:m0) -> reducer data size 687194767
(vm15:m0) -> reducer data size 687194767
(vm15:m0) -> reducer data size 687194767
(vm15:m0) -> reducer data size 687194767
(vm15:m0) -> reducer data size 687194767
(vm15:m0) -> reducer data size 687194767
(vm15:m0) -> reducer data size 687194767
(vm15:m0) -> reducer data size 687194767
(vm15:m0) -> reducer data size 687194767
(vm15:m0) Mapper thread started
(vm15:m0) Allocating data for reducer vm1:r0
(vm15:m0) Allocating data for reducer vm2:r0
(vm15:m0) Allocating data for reducer vm3:r0
(vm15:m0) Allocating data for reducer vm4:r0
(vm15:m0) Allocating data for reducer vm5:r0
(vm15:m0) Allocating data for reducer vm6:r0
(vm15:m0) Allocating data for reducer vm7:r0
(vm15:m0) Allocating data for reducer vm8:r0
(vm15:m0) Allocating data for reducer vm9:r0
(vm15:m0) Allocating data for reducer vm10:r0
(vm15:m0) Allocating data for reducer vm11:r0
(vm15:m0) Allocating data for reducer vm12:r0
(vm15:m0) Allocating data for reducer vm13:r0
(vm15:m0) Allocating data for reducer vm14:r0
(vm15:m0) Allocating data for reducer vm15:r0
(vm15:m0) Allocating data for reducer vm16:r0
(vm15:m0) Allocating data for reducer vm17:r0
(vm15:m0) Allocating data for reducer vm18:r0
(vm15:m0) Allocating data for reducer vm19:r0
(vm15:m0) Allocating data for reducer vm20:r0
(vm15:m0) Allocating data for reducer vm21:r0
(vm15:m0) Allocating data for reducer vm22:r0
(vm15:m0) Allocating data for reducer vm23:r0
(vm15:m0) Allocating data for reducer vm24:r0
(vm15:m0) Allocating data for reducer vm25:r0
(vm15:m0) Allocating data for reducer vm26:r0
(vm15:m0) Allocating data for reducer vm27:r0
(vm15:m0) Allocating data for reducer vm28:r0
(vm15:m0) Allocating data for reducer vm29:r0
(vm15:m0) Allocating data for reducer vm30:r0
(vm15:m0) Allocating data for reducer vm31:r0
(vm15:m0) Allocating data for reducer vm32:r0
(vm15:m0) Allocating data for reducer vm33:r0
(vm15:m0) Allocating data for reducer vm34:r0
(vm15:m0) Allocating data for reducer vm35:r0
(vm15:m0) Allocating data for reducer vm36:r0
(vm15:m0) Allocating data for reducer vm37:r0
(vm15:m0) Allocating data for reducer vm38:r0
(vm15:m0) Allocating data for reducer vm39:r0
(vm15:m0) Allocating data for reducer vm40:r0
(vm15:m0) Binding to port 23330
(vm15:r0) New reducer
(vm15:r0) Reducer thread started
(vm15:r0) waiting for START message
(vm15:r0) got START message
(vm15:r0) Starting new connection thread
(vm15:r0) Starting new connection thread
(vm15:r0) Starting new connection thread
(vm15:r0) Starting new connection thread
(vm15:r0) Starting new connection thread
(vm15:r0) Maximum number of connections reached (5), waiting for a thread to finish
(vm15:r0:2) Connection established
(vm15:r0:3) Connection established
(vm15:r0:0) Connection established
(vm15:r0:4) Connection established
(vm15:r0:1) Connection established
(vm15:r0:1) Connection finished, received 687194768 bytes
(vm15:r0:4) Connection finished, received 687194768 bytes
(vm15:r0:3) Connection finished, received 687194768 bytes
(vm15:r0:0) Connection finished, received 687194768 bytes
(vm15:r0) thread 0 joined, 39 connections remaining
(vm15:r0) Starting new connection thread
(vm15:r0) Maximum number of connections reached (5), waiting for a thread to finish
(vm15:r0:0) Connection established
(vm15:r0:2) Connection finished, received 687194768 bytes
(vm15:r0:0) Connection finished, received 687194768 bytes
(vm15:r0) thread 0 joined, 38 connections remaining
(vm15:r0) Starting new connection thread
(vm15:r0) Maximum number of connections reached (5), waiting for a thread to finish
(vm15:r0:0) Connection established
(vm15:r0:0) Connection finished, received 687194768 bytes
(vm15:r0) thread 0 joined, 37 connections remaining
(vm15:r0) Starting new connection thread
(vm15:r0) Maximum number of connections reached (5), waiting for a thread to finish
(vm15:r0:0) Connection established
(vm15:m0) Got connection from reducer vm1:r0
(vm15:m0:0) thread started, have to send 687194767 bytes
(vm15:r0:0) Connection finished, received 687194768 bytes
(vm15:r0) thread 0 joined, 36 connections remaining
(vm15:r0) Starting new connection thread
(vm15:r0) Maximum number of connections reached (5), waiting for a thread to finish
(vm15:r0:0) Connection established
(vm15:m0:0) all data sent, thread exiting
(vm15:r0:0) Connection finished, received 687194768 bytes
(vm15:r0) thread 0 joined, 35 connections remaining
(vm15:r0) Starting new connection thread
(vm15:r0) Maximum number of connections reached (5), waiting for a thread to finish
(vm15:r0:0) Connection established
(vm15:r0:0) Connection finished, received 687194768 bytes
(vm15:r0) thread 0 joined, 34 connections remaining
(vm15:r0) Starting new connection thread
(vm15:r0) Maximum number of connections reached (5), waiting for a thread to finish
(vm15:r0:0) Connection established
(vm15:m0) Got connection from reducer vm40:r0
(vm15:m0:39) thread started, have to send 687194767 bytes
(vm15:m0) Got connection from reducer vm28:r0
(vm15:m0:27) thread started, have to send 687194767 bytes
(vm15:r0:0) Connection finished, received 687194768 bytes
(vm15:r0) thread 0 joined, 33 connections remaining
(vm15:r0) Starting new connection thread
(vm15:r0) Maximum number of connections reached (5), waiting for a thread to finish
(vm15:r0:0) Connection established
(vm15:m0:39) all data sent, thread exiting
(vm15:m0) Got connection from reducer vm38:r0
(vm15:m0:37) thread started, have to send 687194767 bytes
(vm15:m0) Got connection from reducer vm17:r0
(vm15:m0:16) thread started, have to send 687194767 bytes
(vm15:m0:27) all data sent, thread exiting
(vm15:r0:0) Connection finished, received 687194768 bytes
(vm15:r0) thread 0 joined, 32 connections remaining
(vm15:r0) Starting new connection thread
(vm15:r0) Maximum number of connections reached (5), waiting for a thread to finish
(vm15:r0:0) Connection established
(vm15:m0:37) all data sent, thread exiting
(vm15:m0:16) all data sent, thread exiting
(vm15:m0) Got connection from reducer vm20:r0
(vm15:m0:19) thread started, have to send 687194767 bytes
(vm15:r0:0) Connection finished, received 687194768 bytes
(vm15:r0) thread 0 joined, 31 connections remaining
(vm15:r0) Starting new connection thread
(vm15:r0) Maximum number of connections reached (5), waiting for a thread to finish
(vm15:r0:0) Connection established
(vm15:m0:19) all data sent, thread exiting
(vm15:m0) Got connection from reducer vm25:r0
(vm15:m0:24) thread started, have to send 687194767 bytes
(vm15:m0) Got connection from reducer vm6:r0
(vm15:m0:5) thread started, have to send 687194767 bytes
(vm15:r0:0) Connection finished, received 687194768 bytes
(vm15:r0) thread 0 joined, 30 connections remaining
(vm15:r0) Starting new connection thread
(vm15:r0) Maximum number of connections reached (5), waiting for a thread to finish
(vm15:r0:0) Connection established
(vm15:m0) Got connection from reducer vm15:r0
(vm15:m0:14) thread started, have to send 687194767 bytes
(vm15:m0:24) all data sent, thread exiting
(vm15:m0) Got connection from reducer vm26:r0
(vm15:m0:25) thread started, have to send 687194767 bytes
(vm15:m0:14) all data sent, thread exiting
(vm15:r0:0) Connection finished, received 687194768 bytes
(vm15:r0) thread 0 joined, 29 connections remaining
(vm15:r0) Starting new connection thread
(vm15:r0) Maximum number of connections reached (5), waiting for a thread to finish
(vm15:r0:0) Connection established
(vm15:m0:5) all data sent, thread exiting
(vm15:m0:25) all data sent, thread exiting
(vm15:r0:0) Connection finished, received 687194768 bytes
(vm15:r0) thread 0 joined, 28 connections remaining
(vm15:r0) Starting new connection thread
(vm15:r0) Maximum number of connections reached (5), waiting for a thread to finish
(vm15:r0:0) Connection established
(vm15:m0) Got connection from reducer vm36:r0
(vm15:m0:35) thread started, have to send 687194767 bytes
(vm15:m0:35) all data sent, thread exiting
(vm15:m0) Got connection from reducer vm32:r0
(vm15:m0:31) thread started, have to send 687194767 bytes
(vm15:r0:0) Connection finished, received 687194768 bytes
(vm15:r0) thread 0 joined, 27 connections remaining
(vm15:r0) Starting new connection thread
(vm15:r0) Maximum number of connections reached (5), waiting for a thread to finish
(vm15:r0:0) Connection established
(vm15:m0) Got connection from reducer vm31:r0
(vm15:m0:30) thread started, have to send 687194767 bytes
(vm15:m0) Got connection from reducer vm27:r0
(vm15:m0:26) thread started, have to send 687194767 bytes
(vm15:m0) Got connection from reducer vm8:r0
(vm15:m0:7) thread started, have to send 687194767 bytes
(vm15:m0:31) all data sent, thread exiting
(vm15:r0:0) Connection finished, received 687194768 bytes
(vm15:r0) thread 0 joined, 26 connections remaining
(vm15:r0) Starting new connection thread
(vm15:r0) Maximum number of connections reached (5), waiting for a thread to finish
(vm15:r0:0) Connection established
(vm15:m0:30) all data sent, thread exiting
(vm15:m0:7) all data sent, thread exiting
(vm15:m0:26) all data sent, thread exiting
(vm15:r0:0) Connection finished, received 687194768 bytes
(vm15:r0) thread 0 joined, 25 connections remaining
(vm15:r0) Starting new connection thread
(vm15:r0) Maximum number of connections reached (5), waiting for a thread to finish
(vm15:r0:0) Connection established
(vm15:m0) Got connection from reducer vm7:r0
(vm15:m0:6) thread started, have to send 687194767 bytes
(vm15:m0:6) all data sent, thread exiting
(vm15:r0:0) Connection finished, received 687194768 bytes
(vm15:r0) thread 0 joined, 24 connections remaining
(vm15:r0) Starting new connection thread
(vm15:r0) Maximum number of connections reached (5), waiting for a thread to finish
(vm15:r0:0) Connection established
(vm15:m0) Got connection from reducer vm37:r0
(vm15:m0:36) thread started, have to send 687194767 bytes
(vm15:m0) Got connection from reducer vm24:r0
(vm15:m0:23) thread started, have to send 687194767 bytes
(vm15:r0:0) Connection finished, received 687194768 bytes
(vm15:r0) thread 0 joined, 23 connections remaining
(vm15:r0) Starting new connection thread
(vm15:r0) Maximum number of connections reached (5), waiting for a thread to finish
(vm15:r0:0) Connection established
(vm15:m0:36) all data sent, thread exiting
(vm15:m0) Got connection from reducer vm11:r0
(vm15:m0:10) thread started, have to send 687194767 bytes
(vm15:m0:23) all data sent, thread exiting
(vm15:r0:0) Connection finished, received 687194768 bytes
(vm15:r0) thread 0 joined, 22 connections remaining
(vm15:r0) Starting new connection thread
(vm15:r0) Maximum number of connections reached (5), waiting for a thread to finish
(vm15:r0:0) Connection established
(vm15:m0:10) all data sent, thread exiting
(vm15:r0:0) Connection finished, received 687194768 bytes
(vm15:r0) thread 0 joined, 21 connections remaining
(vm15:r0) Starting new connection thread
(vm15:r0) Maximum number of connections reached (5), waiting for a thread to finish
(vm15:r0:0) Connection established
(vm15:m0) Got connection from reducer vm18:r0
(vm15:m0:17) thread started, have to send 687194767 bytes
(vm15:m0) Got connection from reducer vm30:r0
(vm15:m0:29) thread started, have to send 687194767 bytes
(vm15:r0:0) Connection finished, received 687194768 bytes
(vm15:r0) thread 0 joined, 20 connections remaining
(vm15:r0) Starting new connection thread
(vm15:r0) Maximum number of connections reached (5), waiting for a thread to finish
(vm15:r0:0) Connection established
(vm15:m0:17) all data sent, thread exiting
(vm15:m0) Got connection from reducer vm35:r0
(vm15:m0:34) thread started, have to send 687194767 bytes
(vm15:m0:29) all data sent, thread exiting
(vm15:m0) Got connection from reducer vm39:r0
(vm15:m0:38) thread started, have to send 687194767 bytes
(vm15:r0:0) Connection finished, received 687194768 bytes
(vm15:r0) thread 0 joined, 19 connections remaining
(vm15:r0) Starting new connection thread
(vm15:r0) Maximum number of connections reached (5), waiting for a thread to finish
(vm15:r0:0) Connection established
(vm15:m0) Got connection from reducer vm23:r0
(vm15:m0:22) thread started, have to send 687194767 bytes
(vm15:m0:34) all data sent, thread exiting
(vm15:m0) Got connection from reducer vm14:r0
(vm15:m0:13) thread started, have to send 687194767 bytes
(vm15:m0:38) all data sent, thread exiting
(vm15:m0) Got connection from reducer vm33:r0
(vm15:m0:32) thread started, have to send 687194767 bytes
(vm15:m0) Got connection from reducer vm21:r0
(vm15:m0:20) thread started, have to send 687194767 bytes
(vm15:r0:0) Connection finished, received 687194768 bytes
(vm15:r0) thread 0 joined, 18 connections remaining
(vm15:r0) Starting new connection thread
(vm15:r0) Maximum number of connections reached (5), waiting for a thread to finish
(vm15:r0:0) Connection established
(vm15:m0) Got connection from reducer vm9:r0
(vm15:m0:8) thread started, have to send 687194767 bytes
(vm15:m0:13) all data sent, thread exiting
(vm15:m0) Got connection from reducer vm34:r0
(vm15:m0:33) thread started, have to send 687194767 bytes
(vm15:m0:22) all data sent, thread exiting
(vm15:m0:32) all data sent, thread exiting
(vm15:m0:20) all data sent, thread exiting
(vm15:r0:0) Connection finished, received 687194768 bytes
(vm15:r0) thread 0 joined, 17 connections remaining
(vm15:r0) Starting new connection thread
(vm15:r0) Maximum number of connections reached (5), waiting for a thread to finish
(vm15:r0:0) Connection established
(vm15:m0:8) all data sent, thread exiting
(vm15:m0:33) all data sent, thread exiting
(vm15:m0) Got connection from reducer vm5:r0
(vm15:m0:4) thread started, have to send 687194767 bytes
(vm15:m0) Got connection from reducer vm29:r0
(vm15:m0:28) thread started, have to send 687194767 bytes
(vm15:r0:0) Connection finished, received 687194768 bytes
(vm15:r0) thread 0 joined, 16 connections remaining
(vm15:r0) Starting new connection thread
(vm15:r0) Maximum number of connections reached (5), waiting for a thread to finish
(vm15:r0:0) Connection established
(vm15:m0:4) all data sent, thread exiting
(vm15:m0:28) all data sent, thread exiting
(vm15:r0:0) Connection finished, received 687194768 bytes
(vm15:r0) thread 0 joined, 15 connections remaining
(vm15:r0) Starting new connection thread
(vm15:r0) Maximum number of connections reached (5), waiting for a thread to finish
(vm15:r0:0) Connection established
(vm15:m0) Got connection from reducer vm10:r0
(vm15:m0:9) thread started, have to send 687194767 bytes
(vm15:r0:0) Connection finished, received 687194768 bytes
(vm15:r0) thread 0 joined, 14 connections remaining
(vm15:r0) Starting new connection thread
(vm15:r0) Maximum number of connections reached (5), waiting for a thread to finish
(vm15:r0:0) Connection established
(vm15:m0:9) all data sent, thread exiting
(vm15:m0) Got connection from reducer vm2:r0
(vm15:m0:1) thread started, have to send 687194767 bytes
(vm15:m0) Got connection from reducer vm13:r0
(vm15:m0:12) thread started, have to send 687194767 bytes
(vm15:r0:0) Connection finished, received 687194768 bytes
(vm15:r0) thread 0 joined, 13 connections remaining
(vm15:r0) Starting new connection thread
(vm15:r0) Maximum number of connections reached (5), waiting for a thread to finish
(vm15:r0:0) Connection established
(vm15:m0) Got connection from reducer vm12:r0
(vm15:m0:11) thread started, have to send 687194767 bytes
(vm15:m0:1) all data sent, thread exiting
(vm15:m0) Got connection from reducer vm4:r0
(vm15:m0:3) thread started, have to send 687194767 bytes
(vm15:m0:12) all data sent, thread exiting
(vm15:m0) Got connection from reducer vm3:r0
(vm15:m0:2) thread started, have to send 687194767 bytes
(vm15:m0) Got connection from reducer vm22:r0
(vm15:m0:21) thread started, have to send 687194767 bytes
(vm15:r0:0) Connection finished, received 687194768 bytes
(vm15:r0) thread 0 joined, 12 connections remaining
(vm15:r0) Starting new connection thread
(vm15:r0) Maximum number of connections reached (5), waiting for a thread to finish
(vm15:r0:0) Connection established
(vm15:m0) Got connection from reducer vm16:r0
(vm15:m0:15) thread started, have to send 687194767 bytes
(vm15:m0:11) all data sent, thread exiting
(vm15:m0) Got connection from reducer vm19:r0
(vm15:m0) Waiting for a thread to finish
(vm15:m0) thread 0 joined, 39 connections remaining
(vm15:m0) Waiting for a thread to finish
(vm15:m0) thread 1 joined, 38 connections remaining
(vm15:m0) Waiting for a thread to finish
(vm15:m0:18) thread started, have to send 687194767 bytes
(vm15:m0:3) all data sent, thread exiting
(vm15:m0:21) all data sent, thread exiting
(vm15:m0:2) all data sent, thread exiting
(vm15:m0) thread 2 joined, 37 connections remaining
(vm15:m0) Waiting for a thread to finish
(vm15:m0) thread 3 joined, 36 connections remaining
(vm15:m0) Waiting for a thread to finish
(vm15:m0) thread 4 joined, 35 connections remaining
(vm15:m0) Waiting for a thread to finish
(vm15:m0) thread 5 joined, 34 connections remaining
(vm15:m0) Waiting for a thread to finish
(vm15:m0) thread 6 joined, 33 connections remaining
(vm15:m0) Waiting for a thread to finish
(vm15:m0) thread 7 joined, 32 connections remaining
(vm15:m0) Waiting for a thread to finish
(vm15:m0) thread 8 joined, 31 connections remaining
(vm15:m0) Waiting for a thread to finish
(vm15:m0) thread 9 joined, 30 connections remaining
(vm15:m0) Waiting for a thread to finish
(vm15:m0) thread 10 joined, 29 connections remaining
(vm15:m0) Waiting for a thread to finish
(vm15:m0) thread 11 joined, 28 connections remaining
(vm15:m0) Waiting for a thread to finish
(vm15:m0) thread 12 joined, 27 connections remaining
(vm15:m0) Waiting for a thread to finish
(vm15:m0) thread 13 joined, 26 connections remaining
(vm15:m0) Waiting for a thread to finish
(vm15:m0) thread 14 joined, 25 connections remaining
(vm15:m0) Waiting for a thread to finish
(vm15:m0:15) all data sent, thread exiting
(vm15:m0) thread 15 joined, 24 connections remaining
(vm15:m0) Waiting for a thread to finish
(vm15:m0) thread 16 joined, 23 connections remaining
(vm15:m0) Waiting for a thread to finish
(vm15:m0) thread 17 joined, 22 connections remaining
(vm15:m0) Waiting for a thread to finish
(vm15:r0:0) Connection finished, received 687194768 bytes
(vm15:r0) thread 0 joined, 11 connections remaining
(vm15:r0) Starting new connection thread
(vm15:r0) Maximum number of connections reached (5), waiting for a thread to finish
(vm15:r0:0) Connection established
(vm15:m0:18) all data sent, thread exiting
(vm15:m0) thread 18 joined, 21 connections remaining
(vm15:m0) Waiting for a thread to finish
(vm15:m0) thread 19 joined, 20 connections remaining
(vm15:m0) Waiting for a thread to finish
(vm15:m0) thread 20 joined, 19 connections remaining
(vm15:m0) Waiting for a thread to finish
(vm15:m0) thread 21 joined, 18 connections remaining
(vm15:m0) Waiting for a thread to finish
(vm15:m0) thread 22 joined, 17 connections remaining
(vm15:m0) Waiting for a thread to finish
(vm15:m0) thread 23 joined, 16 connections remaining
(vm15:m0) Waiting for a thread to finish
(vm15:m0) thread 24 joined, 15 connections remaining
(vm15:m0) Waiting for a thread to finish
(vm15:m0) thread 25 joined, 14 connections remaining
(vm15:m0) Waiting for a thread to finish
(vm15:m0) thread 26 joined, 13 connections remaining
(vm15:m0) Waiting for a thread to finish
(vm15:m0) thread 27 joined, 12 connections remaining
(vm15:m0) Waiting for a thread to finish
(vm15:m0) thread 28 joined, 11 connections remaining
(vm15:m0) Waiting for a thread to finish
(vm15:m0) thread 29 joined, 10 connections remaining
(vm15:m0) Waiting for a thread to finish
(vm15:m0) thread 30 joined, 9 connections remaining
(vm15:m0) Waiting for a thread to finish
(vm15:m0) thread 31 joined, 8 connections remaining
(vm15:m0) Waiting for a thread to finish
(vm15:m0) thread 32 joined, 7 connections remaining
(vm15:m0) Waiting for a thread to finish
(vm15:m0) thread 33 joined, 6 connections remaining
(vm15:m0) Waiting for a thread to finish
(vm15:m0) thread 34 joined, 5 connections remaining
(vm15:m0) Waiting for a thread to finish
(vm15:m0) thread 35 joined, 4 connections remaining
(vm15:m0) Waiting for a thread to finish
(vm15:m0) thread 36 joined, 3 connections remaining
(vm15:m0) Waiting for a thread to finish
(vm15:m0) thread 37 joined, 2 connections remaining
(vm15:m0) Waiting for a thread to finish
(vm15:m0) thread 38 joined, 1 connections remaining
(vm15:m0) Waiting for a thread to finish
(vm15:m0) thread 39 joined, 0 connections remaining
(vm15:m0) all done, exiting
*RES* start node vm15:m0
*RES* vm15:m0:0,1405944576218,4548,1189,687194768
*RES* vm15:m0:1,1405944728040,7124,1417,687194768
*RES* vm15:m0:2,1405944737210,11403,1152,687194768
*RES* vm15:m0:3,1405944735949,9881,1112,687194768
*RES* vm15:m0:4,1405944709510,6273,1419,687194768
*RES* vm15:m0:5,1405944620700,6549,1129,687194768
*RES* vm15:m0:6,1405944654412,4699,1272,687194768
*RES* vm15:m0:7,1405944644571,8236,1047,687194768
*RES* vm15:m0:8,1405944699842,8349,1056,687194768
*RES* vm15:m0:9,1405944720958,5428,1342,687194768
*RES* vm15:m0:10,1405944668142,7150,928,687194768
*RES* vm15:m0:11,1405944732654,7906,1274,687194768
*RES* vm15:m0:12,1405944729770,7070,1403,687194768
*RES* vm15:m0:13,1405944692777,8294,892,687194768
*RES* vm15:m0:14,1405944622779,2478,286,687194768
*RES* vm15:m0:15,1405944739358,10366,1024,687194768
*RES* vm15:m0:16,1405944603518,8425,1099,687194768
*RES* vm15:m0:17,1405944677171,7003,1095,687194768
*RES* vm15:m0:18,1405944743455,10593,1379,687194768
*RES* vm15:m0:19,1405944612614,5373,1430,687194768
*RES* vm15:m0:20,1405944696410,9854,962,687194768
*RES* vm15:m0:21,1405944738455,9081,921,687194768
*RES* vm15:m0:22,1405944690443,11753,945,687194768
*RES* vm15:m0:23,1405944661622,6855,1005,687194768
*RES* vm15:m0:24,1405944618726,5958,994,687194768
*RES* vm15:m0:25,1405944624913,5742,1099,687194768
*RES* vm15:m0:26,1405944644542,8285,1165,687194768
*RES* vm15:m0:27,1405944598162,7098,1249,687194768
*RES* vm15:m0:28,1405944712385,6533,1315,687194768
*RES* vm15:m0:29,1405944678764,6902,1252,687194768
*RES* vm15:m0:30,1405944642470,8032,1269,687194768
*RES* vm15:m0:31,1405944638810,5976,1225,687194768
*RES* vm15:m0:32,1405944693891,8611,1021,687194768
*RES* vm15:m0:33,1405944701298,7736,1110,687194768
*RES* vm15:m0:34,1405944684707,6252,1216,687194768
*RES* vm15:m0:35,1405944631998,5328,1293,687194768
*RES* vm15:m0:36,1405944659563,5808,1312,687194768
*RES* vm15:m0:37,1405944601943,7089,1175,687194768
*RES* vm15:m0:38,1405944685786,7520,1290,687194768
*RES* vm15:m0:39,1405944595502,5234,1133,687194768
*RES* end node vm15:m0
Node vm15:m0 joined
(vm15:r0:0) Connection finished, received 687194768 bytes
(vm15:r0) thread 0 joined, 10 connections remaining
(vm15:r0) Starting new connection thread
(vm15:r0) Maximum number of connections reached (5), waiting for a thread to finish
(vm15:r0:0) Connection established
(vm15:r0:0) Connection finished, received 687194768 bytes
(vm15:r0) thread 0 joined, 9 connections remaining
(vm15:r0) Starting new connection thread
(vm15:r0) Maximum number of connections reached (5), waiting for a thread to finish
(vm15:r0:0) Connection established
(vm15:r0:0) Connection finished, received 687194768 bytes
(vm15:r0) thread 0 joined, 8 connections remaining
(vm15:r0) Starting new connection thread
(vm15:r0) Maximum number of connections reached (5), waiting for a thread to finish
(vm15:r0:0) Connection established
(vm15:r0:0) Connection finished, received 687194768 bytes
(vm15:r0) thread 0 joined, 7 connections remaining
(vm15:r0) Starting new connection thread
(vm15:r0) Maximum number of connections reached (5), waiting for a thread to finish
(vm15:r0:0) Connection established
(vm15:r0:0) Connection finished, received 687194768 bytes
(vm15:r0) thread 0 joined, 6 connections remaining
(vm15:r0) Starting new connection thread
(vm15:r0) Maximum number of connections reached (5), waiting for a thread to finish
(vm15:r0:0) Connection established
(vm15:r0:0) Connection finished, received 687194768 bytes
(vm15:r0) thread 0 joined, 5 connections remaining
(vm15:r0) Starting new connection thread
(vm15:r0) Maximum number of connections reached (5), waiting for a thread to finish
(vm15:r0:0) Connection established
(vm15:r0:0) Connection finished, received 687194768 bytes
(vm15:r0) thread 0 joined, 4 connections remaining
(vm15:r0) Maximum number of connections reached (4), waiting for a thread to finish
(vm15:r0) thread 1 joined, 3 connections remaining
(vm15:r0) Maximum number of connections reached (3), waiting for a thread to finish
(vm15:r0) thread 2 joined, 2 connections remaining
(vm15:r0) Maximum number of connections reached (2), waiting for a thread to finish
(vm15:r0) thread 3 joined, 1 connections remaining
(vm15:r0) Maximum number of connections reached (1), waiting for a thread to finish
(vm15:r0) thread 4 joined, 0 connections remaining
(vm15:r0) all done, exiting
*RES* start node vm15:r0
*RES* vm15:r0:0,1405944495664,26992,690,687194768
*RES* vm15:r0:0,1405944522662,41918,635,687194768
*RES* vm15:r0:0,1405944564586,6215,1073,687194768
*RES* vm15:r0:0,1405944570806,6429,819,687194768
*RES* vm15:r0:0,1405944577238,6839,1167,687194768
*RES* vm15:r0:0,1405944584082,7729,988,687194768
*RES* vm15:r0:0,1405944591818,8769,1029,687194768
*RES* vm15:r0:0,1405944600606,7506,1033,687194768
*RES* vm15:r0:0,1405944608131,7573,1121,687194768
*RES* vm15:r0:0,1405944615710,7043,1087,687194768
*RES* vm15:r0:0,1405944622778,2483,658,687194768
*RES* vm15:r0:0,1405944625266,6269,975,687194768
*RES* vm15:r0:0,1405944631542,8040,1087,687194768
*RES* vm15:r0:0,1405944639590,5702,1021,687194768
*RES* vm15:r0:0,1405944645298,8389,1170,687194768
*RES* vm15:r0:0,1405944653694,5829,1103,687194768
*RES* vm15:r0:0,1405944659530,5168,1304,687194768
*RES* vm15:r0:0,1405944664714,6089,1356,687194768
*RES* vm15:r0:0,1405944670810,5752,1201,687194768
*RES* vm15:r0:0,1405944676566,6477,1004,687194768
*RES* vm15:r0:0,1405944683050,6177,1373,687194768
*RES* vm15:r0:0,1405944689255,7426,1278,687194768
*RES* vm15:r0:0,1405944696687,10304,1064,687194768
*RES* vm15:r0:0,1405944707002,6568,1248,687194768
*RES* vm15:r0:0,1405944713578,5627,1390,687194768
*RES* vm15:r0:0,1405944719210,4916,1161,687194768
*RES* vm15:r0:0,1405944724134,7237,968,687194768
*RES* vm15:r0:0,1405944731378,7480,935,687194768
*RES* vm15:r0:0,1405944738866,10871,1116,687194768
*RES* vm15:r0:0,1405944749751,6002,1130,687194768
*RES* vm15:r0:0,1405944755758,5971,1366,687194768
*RES* vm15:r0:0,1405944761734,7117,1490,687194768
*RES* vm15:r0:0,1405944768858,7018,1191,687194768
*RES* vm15:r0:0,1405944775882,5134,1930,687194768
*RES* vm15:r0:0,1405944781022,8282,1086,687194768
*RES* vm15:r0:0,1405944789310,4586,1300,687194768
*RES* vm15:r0:1,1405944495664,21350,707,687194768
*RES* vm15:r0:2,1405944495664,33268,698,687194768
*RES* vm15:r0:3,1405944495664,26872,712,687194768
*RES* vm15:r0:4,1405944495664,26717,718,687194768
*RES* end node vm15:r0
Node vm15:r0 joined
Worker terminating correctly
