OSMeF worker starting
Enabling core dumping
Listening for command connection
(vm12:m0) New mapper on port 23330
(vm12:m0) -> reducer data size 1307386002
(vm12:m0) -> reducer data size 1307386002
(vm12:m0) -> reducer data size 1307386002
(vm12:m0) -> reducer data size 1307386002
(vm12:m0) -> reducer data size 1307386002
(vm12:m0) -> reducer data size 1307386002
(vm12:m0) -> reducer data size 1307386002
(vm12:m0) -> reducer data size 1307386002
(vm12:m0) -> reducer data size 1307386002
(vm12:m0) -> reducer data size 1307386002
(vm12:m0) -> reducer data size 1307386002
(vm12:m0) -> reducer data size 1307386002
(vm12:m0) -> reducer data size 1307386002
(vm12:m0) -> reducer data size 1307386002
(vm12:m0) -> reducer data size 1307386002
(vm12:m0) -> reducer data size 1307386002
(vm12:m0) -> reducer data size 1307386002
(vm12:m0) -> reducer data size 1307386002
(vm12:m0) -> reducer data size 1307386002
(vm12:m0) -> reducer data size 1307386002
(vm12:m0) -> reducer data size 1307386002
(vm12:m0) -> reducer data size 1307386002
(vm12:m0) -> reducer data size 1307386002
(vm12:m0) -> reducer data size 1307386002
(vm12:m0) -> reducer data size 1307386002
(vm12:m0) -> reducer data size 1307386002
(vm12:m0) -> reducer data size 1307386002
(vm12:m0) -> reducer data size 1307386002
(vm12:m0) -> reducer data size 1307386002
(vm12:m0) Mapper thread started
(vm12:m0) Allocating data for reducer vm1:r0
(vm12:m0) Allocating data for reducer vm2:r0
(vm12:m0) Allocating data for reducer vm3:r0
(vm12:m0) Allocating data for reducer vm4:r0
(vm12:m0) Allocating data for reducer vm5:r0
(vm12:m0) Allocating data for reducer vm6:r0
(vm12:m0) Allocating data for reducer vm7:r0
(vm12:m0) Allocating data for reducer vm8:r0
(vm12:m0) Allocating data for reducer vm9:r0
(vm12:m0) Allocating data for reducer vm10:r0
(vm12:m0) Allocating data for reducer vm11:r0
(vm12:m0) Allocating data for reducer vm12:r0
(vm12:m0) Allocating data for reducer vm13:r0
(vm12:m0) Allocating data for reducer vm14:r0
(vm12:m0) Allocating data for reducer vm15:r0
(vm12:m0) Allocating data for reducer vm16:r0
(vm12:m0) Allocating data for reducer vm17:r0
(vm12:m0) Allocating data for reducer vm18:r0
(vm12:m0) Allocating data for reducer vm19:r0
(vm12:m0) Allocating data for reducer vm20:r0
(vm12:m0) Allocating data for reducer vm21:r0
(vm12:m0) Allocating data for reducer vm22:r0
(vm12:m0) Allocating data for reducer vm23:r0
(vm12:m0) Allocating data for reducer vm24:r0
(vm12:m0) Allocating data for reducer vm25:r0
(vm12:m0) Allocating data for reducer vm26:r0
(vm12:m0) Allocating data for reducer vm27:r0
(vm12:m0) Allocating data for reducer vm28:r0
(vm12:m0) Allocating data for reducer vm29:r0
(vm12:m0) Binding to port 23330
(vm12:r0) New reducer
(vm12:r0) Reducer thread started
(vm12:r0) waiting for START message
(vm12:r0) got START message
(vm12:r0) Starting new connection thread
(vm12:r0) Starting new connection thread
(vm12:r0) Starting new connection thread
(vm12:r0) Starting new connection thread
(vm12:r0) Starting new connection thread
(vm12:r0) Maximum number of connections reached (5), waiting for a thread to finish
(vm12:r0:1) Connection established
(vm12:r0:3) Connection established
(vm12:r0:0) Connection established
(vm12:r0:4) Connection established
(vm12:r0:2) Connection established
(vm12:r0:3) Connection finished, received 1307386003 bytes
(vm12:r0:4) Connection finished, received 1307386003 bytes
(vm12:r0:1) Connection finished, received 1307386003 bytes
(vm12:r0:0) Connection finished, received 1307386003 bytes
(vm12:r0) thread 0 joined, 28 connections remaining
(vm12:r0) Starting new connection thread
(vm12:r0) Maximum number of connections reached (5), waiting for a thread to finish
(vm12:r0:0) Connection established
(vm12:r0:2) Connection finished, received 1307386003 bytes
(vm12:r0:0) Connection finished, received 1307386003 bytes
(vm12:r0) thread 0 joined, 27 connections remaining
(vm12:r0) Starting new connection thread
(vm12:r0) Maximum number of connections reached (5), waiting for a thread to finish
(vm12:r0:0) Connection established
(vm12:m0) Got connection from reducer vm1:r0
(vm12:m0:0) thread started, have to send 1307386002 bytes
(vm12:m0:0) all data sent, thread exiting
(vm12:m0) Got connection from reducer vm20:r0
(vm12:m0:19) thread started, have to send 1307386002 bytes
(vm12:m0:19) all data sent, thread exiting
(vm12:r0:0) Connection finished, received 1307386003 bytes
(vm12:r0) thread 0 joined, 26 connections remaining
(vm12:r0) Starting new connection thread
(vm12:r0) Maximum number of connections reached (5), waiting for a thread to finish
(vm12:r0:0) Connection established
(vm12:m0) Got connection from reducer vm19:r0
(vm12:m0:18) thread started, have to send 1307386002 bytes
(vm12:m0) Got connection from reducer vm9:r0
(vm12:m0:8) thread started, have to send 1307386002 bytes
(vm12:m0:18) all data sent, thread exiting
(vm12:m0) Got connection from reducer vm27:r0
(vm12:m0:26) thread started, have to send 1307386002 bytes
(vm12:m0:8) all data sent, thread exiting
(vm12:m0:26) all data sent, thread exiting
(vm12:m0) Got connection from reducer vm11:r0
(vm12:m0:10) thread started, have to send 1307386002 bytes
(vm12:m0:10) all data sent, thread exiting
(vm12:r0:0) Connection finished, received 1307386003 bytes
(vm12:r0) thread 0 joined, 25 connections remaining
(vm12:r0) Starting new connection thread
(vm12:r0) Maximum number of connections reached (5), waiting for a thread to finish
(vm12:r0:0) Connection established
(vm12:m0) Got connection from reducer vm10:r0
(vm12:m0:9) thread started, have to send 1307386002 bytes
(vm12:m0) Got connection from reducer vm6:r0
(vm12:m0:5) thread started, have to send 1307386002 bytes
(vm12:m0:5) all data sent, thread exiting
(vm12:m0:9) all data sent, thread exiting
(vm12:m0) Got connection from reducer vm7:r0
(vm12:m0:6) thread started, have to send 1307386002 bytes
(vm12:m0:6) all data sent, thread exiting
(vm12:m0) Got connection from reducer vm2:r0
(vm12:m0:1) thread started, have to send 1307386002 bytes
(vm12:m0) Got connection from reducer vm28:r0
(vm12:m0:27) thread started, have to send 1307386002 bytes
(vm12:m0:1) all data sent, thread exiting
(vm12:m0) Got connection from reducer vm13:r0
(vm12:m0:12) thread started, have to send 1307386002 bytes
(vm12:r0:0) Connection finished, received 1307386003 bytes
(vm12:r0) thread 0 joined, 24 connections remaining
(vm12:r0) Starting new connection thread
(vm12:r0) Maximum number of connections reached (5), waiting for a thread to finish
(vm12:r0:0) Connection established
(vm12:m0:27) all data sent, thread exiting
(vm12:m0:12) all data sent, thread exiting
(vm12:m0) Got connection from reducer vm17:r0
(vm12:m0:16) thread started, have to send 1307386002 bytes
(vm12:m0) Got connection from reducer vm29:r0
(vm12:m0:28) thread started, have to send 1307386002 bytes
(vm12:m0:16) all data sent, thread exiting
(vm12:m0:28) all data sent, thread exiting
(vm12:m0) Got connection from reducer vm23:r0
(vm12:m0:22) thread started, have to send 1307386002 bytes
(vm12:r0:0) Connection finished, received 1307386003 bytes
(vm12:r0) thread 0 joined, 23 connections remaining
(vm12:r0) Starting new connection thread
(vm12:r0) Maximum number of connections reached (5), waiting for a thread to finish
(vm12:r0:0) Connection established
(vm12:m0:22) all data sent, thread exiting
(vm12:m0) Got connection from reducer vm8:r0
(vm12:m0:7) thread started, have to send 1307386002 bytes
(vm12:m0) Got connection from reducer vm22:r0
(vm12:m0:21) thread started, have to send 1307386002 bytes
(vm12:m0) Got connection from reducer vm14:r0
(vm12:m0:13) thread started, have to send 1307386002 bytes
(vm12:m0) Got connection from reducer vm24:r0
(vm12:m0:23) thread started, have to send 1307386002 bytes
(vm12:m0) Got connection from reducer vm4:r0
(vm12:m0:3) thread started, have to send 1307386002 bytes
(vm12:m0) Got connection from reducer vm18:r0
(vm12:m0:17) thread started, have to send 1307386002 bytes
(vm12:m0) Got connection from reducer vm25:r0
(vm12:m0:24) thread started, have to send 1307386002 bytes
(vm12:m0) Got connection from reducer vm26:r0
(vm12:m0:25) thread started, have to send 1307386002 bytes
(vm12:m0) Got connection from reducer vm3:r0
(vm12:m0:2) thread started, have to send 1307386002 bytes
(vm12:m0) Got connection from reducer vm15:r0
(vm12:m0:14) thread started, have to send 1307386002 bytes
(vm12:m0) Got connection from reducer vm5:r0
(vm12:m0:4) thread started, have to send 1307386002 bytes
(vm12:m0) Got connection from reducer vm21:r0
(vm12:m0:20) thread started, have to send 1307386002 bytes
(vm12:r0:0) Connection finished, received 1307386003 bytes
(vm12:r0) thread 0 joined, 22 connections remaining
(vm12:r0) Starting new connection thread
(vm12:r0) Maximum number of connections reached (5), waiting for a thread to finish
(vm12:r0:0) Connection established
(vm12:m0) Got connection from reducer vm12:r0
(vm12:m0:11) thread started, have to send 1307386002 bytes
(vm12:m0) Got connection from reducer vm16:r0
(vm12:m0) Waiting for a thread to finish
(vm12:m0) thread 0 joined, 28 connections remaining
(vm12:m0) Waiting for a thread to finish
(vm12:m0) thread 1 joined, 27 connections remaining
(vm12:m0) Waiting for a thread to finish
(vm12:m0:15) thread started, have to send 1307386002 bytes
(vm12:m0:7) all data sent, thread exiting
(vm12:m0:21) all data sent, thread exiting
(vm12:m0:13) all data sent, thread exiting
(vm12:m0:23) all data sent, thread exiting
(vm12:m0:25) all data sent, thread exiting
(vm12:m0:3) all data sent, thread exiting
(vm12:m0:11) all data sent, thread exiting
(vm12:r0:0) Connection finished, received 1307386003 bytes
(vm12:r0) thread 0 joined, 21 connections remaining
(vm12:r0) Starting new connection thread
(vm12:r0) Maximum number of connections reached (5), waiting for a thread to finish
(vm12:r0:0) Connection established
(vm12:m0:17) all data sent, thread exiting
(vm12:m0:2) all data sent, thread exiting
(vm12:m0) thread 2 joined, 26 connections remaining
(vm12:m0) Waiting for a thread to finish
(vm12:m0) thread 3 joined, 25 connections remaining
(vm12:m0) Waiting for a thread to finish
(vm12:m0:14) all data sent, thread exiting
(vm12:m0:20) all data sent, thread exiting
(vm12:m0:24) all data sent, thread exiting
(vm12:m0:4) all data sent, thread exiting
(vm12:m0) thread 4 joined, 24 connections remaining
(vm12:m0) Waiting for a thread to finish
(vm12:m0) thread 5 joined, 23 connections remaining
(vm12:m0) Waiting for a thread to finish
(vm12:m0) thread 6 joined, 22 connections remaining
(vm12:m0) Waiting for a thread to finish
(vm12:m0) thread 7 joined, 21 connections remaining
(vm12:m0) Waiting for a thread to finish
(vm12:m0) thread 8 joined, 20 connections remaining
(vm12:m0) Waiting for a thread to finish
(vm12:m0) thread 9 joined, 19 connections remaining
(vm12:m0) Waiting for a thread to finish
(vm12:m0) thread 10 joined, 18 connections remaining
(vm12:m0) Waiting for a thread to finish
(vm12:m0) thread 11 joined, 17 connections remaining
(vm12:m0) Waiting for a thread to finish
(vm12:m0) thread 12 joined, 16 connections remaining
(vm12:m0) Waiting for a thread to finish
(vm12:m0) thread 13 joined, 15 connections remaining
(vm12:m0) Waiting for a thread to finish
(vm12:m0) thread 14 joined, 14 connections remaining
(vm12:m0) Waiting for a thread to finish
(vm12:m0:15) all data sent, thread exiting
(vm12:m0) thread 15 joined, 13 connections remaining
(vm12:m0) Waiting for a thread to finish
(vm12:m0) thread 16 joined, 12 connections remaining
(vm12:m0) Waiting for a thread to finish
(vm12:m0) thread 17 joined, 11 connections remaining
(vm12:m0) Waiting for a thread to finish
(vm12:m0) thread 18 joined, 10 connections remaining
(vm12:m0) Waiting for a thread to finish
(vm12:m0) thread 19 joined, 9 connections remaining
(vm12:m0) Waiting for a thread to finish
(vm12:m0) thread 20 joined, 8 connections remaining
(vm12:m0) Waiting for a thread to finish
(vm12:m0) thread 21 joined, 7 connections remaining
(vm12:m0) Waiting for a thread to finish
(vm12:m0) thread 22 joined, 6 connections remaining
(vm12:m0) Waiting for a thread to finish
(vm12:m0) thread 23 joined, 5 connections remaining
(vm12:m0) Waiting for a thread to finish
(vm12:m0) thread 24 joined, 4 connections remaining
(vm12:m0) Waiting for a thread to finish
(vm12:m0) thread 25 joined, 3 connections remaining
(vm12:m0) Waiting for a thread to finish
(vm12:m0) thread 26 joined, 2 connections remaining
(vm12:m0) Waiting for a thread to finish
(vm12:m0) thread 27 joined, 1 connections remaining
(vm12:m0) Waiting for a thread to finish
(vm12:m0) thread 28 joined, 0 connections remaining
(vm12:m0) all done, exiting
*RES* start node vm12:m0
*RES* vm12:m0:0,1405496150266,3255,1178,1307386003
*RES* vm12:m0:1,1405496221250,5578,1646,1307386003
*RES* vm12:m0:2,1405496268742,16658,1107,1307386003
*RES* vm12:m0:3,1405496268025,17102,1109,1307386003
*RES* vm12:m0:4,1405496269033,16663,1144,1307386003
*RES* vm12:m0:5,1405496204618,4464,1070,1307386003
*RES* vm12:m0:6,1405496215026,5950,2120,1307386003
*RES* vm12:m0:7,1405496265038,10130,1182,1307386003
*RES* vm12:m0:8,1405496179369,7021,1501,1307386003
*RES* vm12:m0:9,1405496203266,6386,1088,1307386003
*RES* vm12:m0:10,1405496191638,4916,1622,1307386003
*RES* vm12:m0:11,1405496271248,13892,434,1307386003
*RES* vm12:m0:12,1405496227531,7349,1147,1307386003
*RES* vm12:m0:13,1405496266184,13491,1115,1307386003
*RES* vm12:m0:14,1405496268890,16696,1136,1307386003
*RES* vm12:m0:15,1405496271688,15287,1101,1307386003
*RES* vm12:m0:16,1405496236654,4993,1371,1307386003
*RES* vm12:m0:17,1405496268344,16889,1135,1307386003
*RES* vm12:m0:18,1405496178204,5226,1420,1307386003
*RES* vm12:m0:19,1405496161769,5457,1700,1307386003
*RES* vm12:m0:20,1405496269209,16416,1099,1307386003
*RES* vm12:m0:21,1405496265826,13735,1104,1307386003
*RES* vm12:m0:22,1405496246649,5971,1931,1307386003
*RES* vm12:m0:23,1405496266389,14160,1099,1307386003
*RES* vm12:m0:24,1405496268382,17309,1094,1307386003
*RES* vm12:m0:25,1405496268402,16677,1123,1307386003
*RES* vm12:m0:26,1405496184011,5770,1909,1307386003
*RES* vm12:m0:27,1405496225619,5217,1424,1307386003
*RES* vm12:m0:28,1405496237688,5460,1295,1307386003
*RES* end node vm12:m0
Node vm12:m0 joined
(vm12:r0:0) Connection finished, received 1307386003 bytes
(vm12:r0) thread 0 joined, 20 connections remaining
(vm12:r0) Starting new connection thread
(vm12:r0) Maximum number of connections reached (5), waiting for a thread to finish
(vm12:r0:0) Connection established
(vm12:r0:0) Connection finished, received 1307386003 bytes
(vm12:r0) thread 0 joined, 19 connections remaining
(vm12:r0) Starting new connection thread
(vm12:r0) Maximum number of connections reached (5), waiting for a thread to finish
(vm12:r0:0) Connection established
(vm12:r0:0) Connection finished, received 1307386003 bytes
(vm12:r0) thread 0 joined, 18 connections remaining
(vm12:r0) Starting new connection thread
(vm12:r0) Maximum number of connections reached (5), waiting for a thread to finish
(vm12:r0:0) Connection established
(vm12:r0:0) Connection finished, received 1307386003 bytes
(vm12:r0) thread 0 joined, 17 connections remaining
(vm12:r0) Starting new connection thread
(vm12:r0) Maximum number of connections reached (5), waiting for a thread to finish
(vm12:r0:0) Connection established
(vm12:r0:0) Connection finished, received 1307386003 bytes
(vm12:r0) thread 0 joined, 16 connections remaining
(vm12:r0) Starting new connection thread
(vm12:r0) Maximum number of connections reached (5), waiting for a thread to finish
(vm12:r0:0) Connection established
(vm12:r0:0) Connection finished, received 1307386003 bytes
(vm12:r0) thread 0 joined, 15 connections remaining
(vm12:r0) Starting new connection thread
(vm12:r0) Maximum number of connections reached (5), waiting for a thread to finish
(vm12:r0:0) Connection established
(vm12:r0:0) Connection finished, received 1307386003 bytes
(vm12:r0) thread 0 joined, 14 connections remaining
(vm12:r0) Starting new connection thread
(vm12:r0) Maximum number of connections reached (5), waiting for a thread to finish
(vm12:r0:0) Connection established
(vm12:r0:0) Connection finished, received 1307386003 bytes
(vm12:r0) thread 0 joined, 13 connections remaining
(vm12:r0) Starting new connection thread
(vm12:r0) Maximum number of connections reached (5), waiting for a thread to finish
(vm12:r0:0) Connection established
(vm12:r0:0) Connection finished, received 1307386003 bytes
(vm12:r0) thread 0 joined, 12 connections remaining
(vm12:r0) Starting new connection thread
(vm12:r0) Maximum number of connections reached (5), waiting for a thread to finish
(vm12:r0:0) Connection established
(vm12:r0:0) Connection finished, received 1307386003 bytes
(vm12:r0) thread 0 joined, 11 connections remaining
(vm12:r0) Starting new connection thread
(vm12:r0) Maximum number of connections reached (5), waiting for a thread to finish
(vm12:r0:0) Connection established
(vm12:r0:0) Connection finished, received 1307386003 bytes
(vm12:r0) thread 0 joined, 10 connections remaining
(vm12:r0) Starting new connection thread
(vm12:r0) Maximum number of connections reached (5), waiting for a thread to finish
(vm12:r0:0) Connection established
(vm12:r0:0) Connection finished, received 1307386003 bytes
(vm12:r0) thread 0 joined, 9 connections remaining
(vm12:r0) Starting new connection thread
(vm12:r0) Maximum number of connections reached (5), waiting for a thread to finish
(vm12:r0:0) Connection established
(vm12:r0:0) Connection finished, received 1307386003 bytes
(vm12:r0) thread 0 joined, 8 connections remaining
(vm12:r0) Starting new connection thread
(vm12:r0) Maximum number of connections reached (5), waiting for a thread to finish
(vm12:r0:0) Connection established
(vm12:r0:0) Connection finished, received 1307386003 bytes
(vm12:r0) thread 0 joined, 7 connections remaining
(vm12:r0) Starting new connection thread
(vm12:r0) Maximum number of connections reached (5), waiting for a thread to finish
(vm12:r0:0) Connection established
(vm12:r0:0) Connection finished, received 1307386003 bytes
(vm12:r0) thread 0 joined, 6 connections remaining
(vm12:r0) Starting new connection thread
(vm12:r0) Maximum number of connections reached (5), waiting for a thread to finish
(vm12:r0:0) Connection established
(vm12:r0:0) Connection finished, received 1307386003 bytes
(vm12:r0) thread 0 joined, 5 connections remaining
(vm12:r0) Starting new connection thread
(vm12:r0) Maximum number of connections reached (5), waiting for a thread to finish
(vm12:r0:0) Connection established
(vm12:r0:0) Connection finished, received 1307386003 bytes
(vm12:r0) thread 0 joined, 4 connections remaining
(vm12:r0) Maximum number of connections reached (4), waiting for a thread to finish
(vm12:r0) thread 1 joined, 3 connections remaining
(vm12:r0) Maximum number of connections reached (3), waiting for a thread to finish
(vm12:r0) thread 2 joined, 2 connections remaining
(vm12:r0) Maximum number of connections reached (2), waiting for a thread to finish
(vm12:r0) thread 3 joined, 1 connections remaining
(vm12:r0) Maximum number of connections reached (1), waiting for a thread to finish
(vm12:r0) thread 4 joined, 0 connections remaining
(vm12:r0) all done, exiting
*RES* start node vm12:r0
*RES* vm12:r0:0,1405496080451,36969,1263,1307386003
*RES* vm12:r0:0,1405496117426,29133,1098,1307386003
*RES* vm12:r0:0,1405496146566,29549,1383,1307386003
*RES* vm12:r0:0,1405496176122,26450,1576,1307386003
*RES* vm12:r0:0,1405496202578,25449,1256,1307386003
*RES* vm12:r0:0,1405496228034,21975,1522,1307386003
*RES* vm12:r0:0,1405496250026,21178,1281,1307386003
*RES* vm12:r0:0,1405496271237,13955,1094,1307386003
*RES* vm12:r0:0,1405496285226,18183,1253,1307386003
*RES* vm12:r0:0,1405496303414,13843,1272,1307386003
*RES* vm12:r0:0,1405496317262,12695,1101,1307386003
*RES* vm12:r0:0,1405496329966,10170,1094,1307386003
*RES* vm12:r0:0,1405496340142,8096,1087,1307386003
*RES* vm12:r0:0,1405496348242,8210,934,1307386003
*RES* vm12:r0:0,1405496356458,1799,780,1307386003
*RES* vm12:r0:0,1405496358262,1980,976,1307386003
*RES* vm12:r0:0,1405496360246,3367,924,1307386003
*RES* vm12:r0:0,1405496363618,1680,829,1307386003
*RES* vm12:r0:0,1405496365302,1524,749,1307386003
*RES* vm12:r0:0,1405496366830,1579,761,1307386003
*RES* vm12:r0:0,1405496368418,2250,795,1307386003
*RES* vm12:r0:0,1405496370674,1894,808,1307386003
*RES* vm12:r0:0,1405496372574,1422,692,1307386003
*RES* vm12:r0:0,1405496374002,1386,667,1307386003
*RES* vm12:r0:0,1405496375394,1416,681,1307386003
*RES* vm12:r0:1,1405496080451,35447,1218,1307386003
*RES* vm12:r0:2,1405496080450,38241,1271,1307386003
*RES* vm12:r0:3,1405496080450,30616,1261,1307386003
*RES* vm12:r0:4,1405496080450,31928,1256,1307386003
*RES* end node vm12:r0
Node vm12:r0 joined
Worker terminating correctly
