OSMeF worker starting
Enabling core dumping
Listening for command connection
(vm24:m0) New mapper on port 23330
(vm24:m0) -> reducer data size 1307386002
(vm24:m0) -> reducer data size 1307386002
(vm24:m0) -> reducer data size 1307386002
(vm24:m0) -> reducer data size 1307386002
(vm24:m0) -> reducer data size 1307386002
(vm24:m0) -> reducer data size 1307386002
(vm24:m0) -> reducer data size 1307386002
(vm24:m0) -> reducer data size 1307386002
(vm24:m0) -> reducer data size 1307386002
(vm24:m0) -> reducer data size 1307386002
(vm24:m0) -> reducer data size 1307386002
(vm24:m0) -> reducer data size 1307386002
(vm24:m0) -> reducer data size 1307386002
(vm24:m0) -> reducer data size 1307386002
(vm24:m0) -> reducer data size 1307386002
(vm24:m0) -> reducer data size 1307386002
(vm24:m0) -> reducer data size 1307386002
(vm24:m0) -> reducer data size 1307386002
(vm24:m0) -> reducer data size 1307386002
(vm24:m0) -> reducer data size 1307386002
(vm24:m0) -> reducer data size 1307386002
(vm24:m0) -> reducer data size 1307386002
(vm24:m0) -> reducer data size 1307386002
(vm24:m0) -> reducer data size 1307386002
(vm24:m0) -> reducer data size 1307386002
(vm24:m0) -> reducer data size 1307386002
(vm24:m0) -> reducer data size 1307386002
(vm24:m0) -> reducer data size 1307386002
(vm24:m0) -> reducer data size 1307386002
(vm24:m0) Mapper thread started
(vm24:m0) Allocating data for reducer vm1:r0
(vm24:m0) Allocating data for reducer vm2:r0
(vm24:m0) Allocating data for reducer vm3:r0
(vm24:m0) Allocating data for reducer vm4:r0
(vm24:m0) Allocating data for reducer vm5:r0
(vm24:m0) Allocating data for reducer vm6:r0
(vm24:m0) Allocating data for reducer vm7:r0
(vm24:m0) Allocating data for reducer vm8:r0
(vm24:m0) Allocating data for reducer vm9:r0
(vm24:m0) Allocating data for reducer vm10:r0
(vm24:m0) Allocating data for reducer vm11:r0
(vm24:m0) Allocating data for reducer vm12:r0
(vm24:m0) Allocating data for reducer vm13:r0
(vm24:m0) Allocating data for reducer vm14:r0
(vm24:m0) Allocating data for reducer vm15:r0
(vm24:m0) Allocating data for reducer vm16:r0
(vm24:m0) Allocating data for reducer vm17:r0
(vm24:m0) Allocating data for reducer vm18:r0
(vm24:m0) Allocating data for reducer vm19:r0
(vm24:m0) Allocating data for reducer vm20:r0
(vm24:m0) Allocating data for reducer vm21:r0
(vm24:m0) Allocating data for reducer vm22:r0
(vm24:m0) Allocating data for reducer vm23:r0
(vm24:m0) Allocating data for reducer vm24:r0
(vm24:m0) Allocating data for reducer vm25:r0
(vm24:m0) Allocating data for reducer vm26:r0
(vm24:m0) Allocating data for reducer vm27:r0
(vm24:m0) Allocating data for reducer vm28:r0
(vm24:m0) Allocating data for reducer vm29:r0
(vm24:m0) Binding to port 23330
(vm24:r0) New reducer
(vm24:r0) Reducer thread started
(vm24:r0) waiting for START message
(vm24:r0) got START message
(vm24:r0) Starting new connection thread
(vm24:r0) Starting new connection thread
(vm24:r0) Starting new connection thread
(vm24:r0) Starting new connection thread
(vm24:r0) Starting new connection thread
(vm24:r0) Maximum number of connections reached (5), waiting for a thread to finish
(vm24:r0:3) Connection established
(vm24:r0:4) Connection established
(vm24:r0:1) Connection established
(vm24:r0:0) Connection established
(vm24:r0:2) Connection established
(vm24:r0:3) Connection finished, received 1307386003 bytes
(vm24:r0:4) Connection finished, received 1307386003 bytes
(vm24:r0:1) Connection finished, received 1307386003 bytes
(vm24:r0:2) Connection finished, received 1307386003 bytes
(vm24:r0:0) Connection finished, received 1307386003 bytes
(vm24:r0) thread 0 joined, 28 connections remaining
(vm24:r0) Starting new connection thread
(vm24:r0) Maximum number of connections reached (5), waiting for a thread to finish
(vm24:r0:0) Connection established
(vm24:r0:0) Connection finished, received 1307386003 bytes
(vm24:r0) thread 0 joined, 27 connections remaining
(vm24:r0) Starting new connection thread
(vm24:r0) Maximum number of connections reached (5), waiting for a thread to finish
(vm24:r0:0) Connection established
(vm24:r0:0) Connection finished, received 1307386003 bytes
(vm24:r0) thread 0 joined, 26 connections remaining
(vm24:r0) Starting new connection thread
(vm24:r0) Maximum number of connections reached (5), waiting for a thread to finish
(vm24:r0:0) Connection established
(vm24:r0:0) Connection finished, received 1307386003 bytes
(vm24:r0) thread 0 joined, 25 connections remaining
(vm24:r0) Starting new connection thread
(vm24:r0) Maximum number of connections reached (5), waiting for a thread to finish
(vm24:r0:0) Connection established
(vm24:m0) Got connection from reducer vm1:r0
(vm24:m0:0) thread started, have to send 1307386002 bytes
(vm24:m0:0) all data sent, thread exiting
(vm24:m0) Got connection from reducer vm20:r0
(vm24:m0:19) thread started, have to send 1307386002 bytes
(vm24:r0:0) Connection finished, received 1307386003 bytes
(vm24:r0) thread 0 joined, 24 connections remaining
(vm24:r0) Starting new connection thread
(vm24:r0) Maximum number of connections reached (5), waiting for a thread to finish
(vm24:r0:0) Connection established
(vm24:m0:19) all data sent, thread exiting
(vm24:m0) Got connection from reducer vm19:r0
(vm24:m0:18) thread started, have to send 1307386002 bytes
(vm24:m0:18) all data sent, thread exiting
(vm24:r0:0) Connection finished, received 1307386003 bytes
(vm24:r0) thread 0 joined, 23 connections remaining
(vm24:r0) Starting new connection thread
(vm24:r0) Maximum number of connections reached (5), waiting for a thread to finish
(vm24:r0:0) Connection established
(vm24:m0) Got connection from reducer vm27:r0
(vm24:m0:26) thread started, have to send 1307386002 bytes
(vm24:m0:26) all data sent, thread exiting
(vm24:r0:0) Connection finished, received 1307386003 bytes
(vm24:r0) thread 0 joined, 22 connections remaining
(vm24:r0) Starting new connection thread
(vm24:r0) Maximum number of connections reached (5), waiting for a thread to finish
(vm24:r0:0) Connection established
(vm24:m0) Got connection from reducer vm9:r0
(vm24:m0:8) thread started, have to send 1307386002 bytes
(vm24:m0) Got connection from reducer vm6:r0
(vm24:m0:5) thread started, have to send 1307386002 bytes
(vm24:m0) Got connection from reducer vm11:r0
(vm24:m0:10) thread started, have to send 1307386002 bytes
(vm24:m0:8) all data sent, thread exiting
(vm24:m0:5) all data sent, thread exiting
(vm24:m0) Got connection from reducer vm7:r0
(vm24:m0:6) thread started, have to send 1307386002 bytes
(vm24:r0:0) Connection finished, received 1307386003 bytes
(vm24:r0) thread 0 joined, 21 connections remaining
(vm24:r0) Starting new connection thread
(vm24:r0) Maximum number of connections reached (5), waiting for a thread to finish
(vm24:r0:0) Connection established
(vm24:m0:10) all data sent, thread exiting
(vm24:m0:6) all data sent, thread exiting
(vm24:m0) Got connection from reducer vm2:r0
(vm24:m0:1) thread started, have to send 1307386002 bytes
(vm24:m0:1) all data sent, thread exiting
(vm24:m0) Got connection from reducer vm10:r0
(vm24:m0:9) thread started, have to send 1307386002 bytes
(vm24:r0:0) Connection finished, received 1307386003 bytes
(vm24:r0) thread 0 joined, 20 connections remaining
(vm24:r0) Starting new connection thread
(vm24:r0) Maximum number of connections reached (5), waiting for a thread to finish
(vm24:r0:0) Connection established
(vm24:m0:9) all data sent, thread exiting
(vm24:m0) Got connection from reducer vm28:r0
(vm24:m0:27) thread started, have to send 1307386002 bytes
(vm24:r0:0) Connection finished, received 1307386003 bytes
(vm24:r0) thread 0 joined, 19 connections remaining
(vm24:r0) Starting new connection thread
(vm24:r0) Maximum number of connections reached (5), waiting for a thread to finish
(vm24:r0:0) Connection established
(vm24:m0) Got connection from reducer vm17:r0
(vm24:m0:16) thread started, have to send 1307386002 bytes
(vm24:m0) Got connection from reducer vm29:r0
(vm24:m0:28) thread started, have to send 1307386002 bytes
(vm24:m0:27) all data sent, thread exiting
(vm24:r0:0) Connection finished, received 1307386003 bytes
(vm24:r0) thread 0 joined, 18 connections remaining
(vm24:r0) Starting new connection thread
(vm24:r0) Maximum number of connections reached (5), waiting for a thread to finish
(vm24:r0:0) Connection established
(vm24:m0:16) all data sent, thread exiting
(vm24:r0:0) Connection finished, received 1307386003 bytes
(vm24:r0) thread 0 joined, 17 connections remaining
(vm24:r0) Starting new connection thread
(vm24:r0) Maximum number of connections reached (5), waiting for a thread to finish
(vm24:r0:0) Connection established
(vm24:m0:28) all data sent, thread exiting
(vm24:m0) Got connection from reducer vm23:r0
(vm24:m0:22) thread started, have to send 1307386002 bytes
(vm24:m0) Got connection from reducer vm13:r0
(vm24:m0:12) thread started, have to send 1307386002 bytes
(vm24:r0:0) Connection finished, received 1307386003 bytes
(vm24:r0) thread 0 joined, 16 connections remaining
(vm24:r0) Starting new connection thread
(vm24:r0) Maximum number of connections reached (5), waiting for a thread to finish
(vm24:r0:0) Connection established
(vm24:m0:22) all data sent, thread exiting
(vm24:m0:12) all data sent, thread exiting
(vm24:r0:0) Connection finished, received 1307386003 bytes
(vm24:r0) thread 0 joined, 15 connections remaining
(vm24:r0) Starting new connection thread
(vm24:r0) Maximum number of connections reached (5), waiting for a thread to finish
(vm24:r0:0) Connection established
(vm24:m0) Got connection from reducer vm8:r0
(vm24:m0:7) thread started, have to send 1307386002 bytes
(vm24:r0:0) Connection finished, received 1307386003 bytes
(vm24:r0) thread 0 joined, 14 connections remaining
(vm24:r0) Starting new connection thread
(vm24:r0) Maximum number of connections reached (5), waiting for a thread to finish
(vm24:r0:0) Connection established
(vm24:m0:7) all data sent, thread exiting
(vm24:r0:0) Connection finished, received 1307386003 bytes
(vm24:r0) thread 0 joined, 13 connections remaining
(vm24:r0) Starting new connection thread
(vm24:r0) Maximum number of connections reached (5), waiting for a thread to finish
(vm24:r0:0) Connection established
(vm24:r0:0) Connection finished, received 1307386003 bytes
(vm24:r0) thread 0 joined, 12 connections remaining
(vm24:r0) Starting new connection thread
(vm24:r0) Maximum number of connections reached (5), waiting for a thread to finish
(vm24:r0:0) Connection established
(vm24:m0) Got connection from reducer vm22:r0
(vm24:m0:21) thread started, have to send 1307386002 bytes
(vm24:m0:21) all data sent, thread exiting
(vm24:r0:0) Connection finished, received 1307386003 bytes
(vm24:r0) thread 0 joined, 11 connections remaining
(vm24:r0) Starting new connection thread
(vm24:r0) Maximum number of connections reached (5), waiting for a thread to finish
(vm24:r0:0) Connection established
(vm24:r0:0) Connection finished, received 1307386003 bytes
(vm24:r0) thread 0 joined, 10 connections remaining
(vm24:r0) Starting new connection thread
(vm24:r0) Maximum number of connections reached (5), waiting for a thread to finish
(vm24:r0:0) Connection established
(vm24:m0) Got connection from reducer vm24:r0
(vm24:m0:23) thread started, have to send 1307386002 bytes
(vm24:m0:23) all data sent, thread exiting
(vm24:r0:0) Connection finished, received 1307386003 bytes
(vm24:r0) thread 0 joined, 9 connections remaining
(vm24:r0) Starting new connection thread
(vm24:r0) Maximum number of connections reached (5), waiting for a thread to finish
(vm24:r0:0) Connection established
(vm24:m0) Got connection from reducer vm14:r0
(vm24:m0:13) thread started, have to send 1307386002 bytes
(vm24:r0:0) Connection finished, received 1307386003 bytes
(vm24:r0) thread 0 joined, 8 connections remaining
(vm24:r0) Starting new connection thread
(vm24:r0) Maximum number of connections reached (5), waiting for a thread to finish
(vm24:r0:0) Connection established
(vm24:m0:13) all data sent, thread exiting
(vm24:r0:0) Connection finished, received 1307386003 bytes
(vm24:r0) thread 0 joined, 7 connections remaining
(vm24:r0) Starting new connection thread
(vm24:r0) Maximum number of connections reached (5), waiting for a thread to finish
(vm24:r0:0) Connection established
(vm24:r0:0) Connection finished, received 1307386003 bytes
(vm24:r0) thread 0 joined, 6 connections remaining
(vm24:r0) Starting new connection thread
(vm24:r0) Maximum number of connections reached (5), waiting for a thread to finish
(vm24:r0:0) Connection established
(vm24:r0:0) Connection finished, received 1307386003 bytes
(vm24:r0) thread 0 joined, 5 connections remaining
(vm24:r0) Starting new connection thread
(vm24:r0) Maximum number of connections reached (5), waiting for a thread to finish
(vm24:r0:0) Connection established
(vm24:r0:0) Connection finished, received 1307386003 bytes
(vm24:r0) thread 0 joined, 4 connections remaining
(vm24:r0) Maximum number of connections reached (4), waiting for a thread to finish
(vm24:r0) thread 1 joined, 3 connections remaining
(vm24:r0) Maximum number of connections reached (3), waiting for a thread to finish
(vm24:r0) thread 2 joined, 2 connections remaining
(vm24:r0) Maximum number of connections reached (2), waiting for a thread to finish
(vm24:r0) thread 3 joined, 1 connections remaining
(vm24:r0) Maximum number of connections reached (1), waiting for a thread to finish
(vm24:r0) thread 4 joined, 0 connections remaining
(vm24:r0) all done, exiting
(vm24:m0) Got connection from reducer vm4:r0
(vm24:m0:3) thread started, have to send 1307386002 bytes
(vm24:m0) Got connection from reducer vm18:r0
(vm24:m0:17) thread started, have to send 1307386002 bytes
(vm24:m0:3) all data sent, thread exiting
(vm24:m0:17) all data sent, thread exiting
(vm24:m0) Got connection from reducer vm15:r0
(vm24:m0:14) thread started, have to send 1307386002 bytes
(vm24:m0:14) all data sent, thread exiting
(vm24:m0) Got connection from reducer vm16:r0
(vm24:m0:15) thread started, have to send 1307386002 bytes
(vm24:m0:15) all data sent, thread exiting
(vm24:m0) Got connection from reducer vm12:r0
(vm24:m0:11) thread started, have to send 1307386002 bytes
(vm24:m0:11) all data sent, thread exiting
(vm24:m0) Got connection from reducer vm26:r0
(vm24:m0:25) thread started, have to send 1307386002 bytes
(vm24:m0:25) all data sent, thread exiting
(vm24:m0) Got connection from reducer vm21:r0
(vm24:m0:20) thread started, have to send 1307386002 bytes
(vm24:m0:20) all data sent, thread exiting
(vm24:m0) Got connection from reducer vm25:r0
(vm24:m0:24) thread started, have to send 1307386002 bytes
(vm24:m0) Got connection from reducer vm5:r0
(vm24:m0:4) thread started, have to send 1307386002 bytes
(vm24:m0) Got connection from reducer vm3:r0
(vm24:m0) Waiting for a thread to finish
(vm24:m0) thread 0 joined, 28 connections remaining
(vm24:m0) Waiting for a thread to finish
(vm24:m0) thread 1 joined, 27 connections remaining
(vm24:m0) Waiting for a thread to finish
(vm24:m0:2) thread started, have to send 1307386002 bytes
(vm24:m0:24) all data sent, thread exiting
(vm24:m0:4) all data sent, thread exiting
(vm24:m0:2) all data sent, thread exiting
(vm24:m0) thread 2 joined, 26 connections remaining
(vm24:m0) Waiting for a thread to finish
(vm24:m0) thread 3 joined, 25 connections remaining
(vm24:m0) Waiting for a thread to finish
(vm24:m0) thread 4 joined, 24 connections remaining
(vm24:m0) Waiting for a thread to finish
(vm24:m0) thread 5 joined, 23 connections remaining
(vm24:m0) Waiting for a thread to finish
(vm24:m0) thread 6 joined, 22 connections remaining
(vm24:m0) Waiting for a thread to finish
(vm24:m0) thread 7 joined, 21 connections remaining
(vm24:m0) Waiting for a thread to finish
(vm24:m0) thread 8 joined, 20 connections remaining
(vm24:m0) Waiting for a thread to finish
(vm24:m0) thread 9 joined, 19 connections remaining
(vm24:m0) Waiting for a thread to finish
(vm24:m0) thread 10 joined, 18 connections remaining
(vm24:m0) Waiting for a thread to finish
(vm24:m0) thread 11 joined, 17 connections remaining
(vm24:m0) Waiting for a thread to finish
(vm24:m0) thread 12 joined, 16 connections remaining
(vm24:m0) Waiting for a thread to finish
(vm24:m0) thread 13 joined, 15 connections remaining
(vm24:m0) Waiting for a thread to finish
(vm24:m0) thread 14 joined, 14 connections remaining
(vm24:m0) Waiting for a thread to finish
(vm24:m0) thread 15 joined, 13 connections remaining
(vm24:m0) Waiting for a thread to finish
(vm24:m0) thread 16 joined, 12 connections remaining
(vm24:m0) Waiting for a thread to finish
(vm24:m0) thread 17 joined, 11 connections remaining
(vm24:m0) Waiting for a thread to finish
(vm24:m0) thread 18 joined, 10 connections remaining
(vm24:m0) Waiting for a thread to finish
(vm24:m0) thread 19 joined, 9 connections remaining
(vm24:m0) Waiting for a thread to finish
(vm24:m0) thread 20 joined, 8 connections remaining
(vm24:m0) Waiting for a thread to finish
(vm24:m0) thread 21 joined, 7 connections remaining
(vm24:m0) Waiting for a thread to finish
(vm24:m0) thread 22 joined, 6 connections remaining
(vm24:m0) Waiting for a thread to finish
(vm24:m0) thread 23 joined, 5 connections remaining
(vm24:m0) Waiting for a thread to finish
(vm24:m0) thread 24 joined, 4 connections remaining
(vm24:m0) Waiting for a thread to finish
(vm24:m0) thread 25 joined, 3 connections remaining
(vm24:m0) Waiting for a thread to finish
(vm24:m0) thread 26 joined, 2 connections remaining
(vm24:m0) Waiting for a thread to finish
(vm24:m0) thread 27 joined, 1 connections remaining
(vm24:m0) Waiting for a thread to finish
(vm24:m0) thread 28 joined, 0 connections remaining
(vm24:m0) all done, exiting
*RES* start node vm24:m0
*RES* vm24:m0:0,1405496209984,6015,1835,1307386003
*RES* vm24:m0:1,1405496285678,4001,1301,1307386003
*RES* vm24:m0:2,1405496378970,2700,731,1307386003
*RES* vm24:m0:3,1405496343192,2263,1147,1307386003
*RES* vm24:m0:4,1405496378699,2828,768,1307386003
*RES* vm24:m0:5,1405496272811,5039,1073,1307386003
*RES* vm24:m0:6,1405496279652,4745,1098,1307386003
*RES* vm24:m0:7,1405496316150,3277,1087,1307386003
*RES* vm24:m0:8,1405496272088,4813,1127,1307386003
*RES* vm24:m0:9,1405496290592,3747,1083,1307386003
*RES* vm24:m0:10,1405496276505,5576,1315,1307386003
*RES* vm24:m0:11,1405496366829,1574,979,1307386003
*RES* vm24:m0:12,1405496307867,4422,1111,1307386003
*RES* vm24:m0:13,1405496331020,3311,1115,1307386003
*RES* vm24:m0:14,1405496353303,2185,1002,1307386003
*RES* vm24:m0:15,1405496356760,1910,967,1307386003
*RES* vm24:m0:16,1405496298355,4603,971,1307386003
*RES* vm24:m0:17,1405496343204,2561,962,1307386003
*RES* vm24:m0:18,1405496239764,7375,1647,1307386003
*RES* vm24:m0:19,1405496222964,5919,1721,1307386003
*RES* vm24:m0:20,1405496375636,1816,890,1307386003
*RES* vm24:m0:21,1405496323372,3553,1005,1307386003
*RES* vm24:m0:22,1405496307400,4599,1131,1307386003
*RES* vm24:m0:23,1405496329228,1390,214,1307386003
*RES* vm24:m0:24,1405496378251,2833,724,1307386003
*RES* vm24:m0:25,1405496370367,1919,770,1307386003
*RES* vm24:m0:26,1405496248692,4999,1774,1307386003
*RES* vm24:m0:27,1405496295172,6018,1068,1307386003
*RES* vm24:m0:28,1405496301169,5247,932,1307386003
*RES* end node vm24:m0
Node vm24:m0 joined
*RES* start node vm24:r0
*RES* vm24:r0:0,1405496080448,37436,1262,1307386003
*RES* vm24:r0:0,1405496117888,28531,1194,1307386003
*RES* vm24:r0:0,1405496146424,29120,1208,1307386003
*RES* vm24:r0:0,1405496175552,25440,1164,1307386003
*RES* vm24:r0:0,1405496201000,26104,1295,1307386003
*RES* vm24:r0:0,1405496227116,20236,1178,1307386003
*RES* vm24:r0:0,1405496247356,19002,1168,1307386003
*RES* vm24:r0:0,1405496266364,14202,1138,1307386003
*RES* vm24:r0:0,1405496280575,12559,1229,1307386003
*RES* vm24:r0:0,1405496293140,4769,1224,1307386003
*RES* vm24:r0:0,1405496297916,4304,1001,1307386003
*RES* vm24:r0:0,1405496302231,3828,1030,1307386003
*RES* vm24:r0:0,1405496306064,3900,1048,1307386003
*RES* vm24:r0:0,1405496309984,3693,1166,1307386003
*RES* vm24:r0:0,1405496313684,3103,1306,1307386003
*RES* vm24:r0:0,1405496316800,3063,989,1307386003
*RES* vm24:r0:0,1405496319868,3429,1015,1307386003
*RES* vm24:r0:0,1405496323304,3825,1005,1307386003
*RES* vm24:r0:0,1405496327136,2085,866,1307386003
*RES* vm24:r0:0,1405496329228,1396,587,1307386003
*RES* vm24:r0:0,1405496330628,2725,886,1307386003
*RES* vm24:r0:0,1405496333364,2460,966,1307386003
*RES* vm24:r0:0,1405496335828,2037,983,1307386003
*RES* vm24:r0:0,1405496337872,2001,936,1307386003
*RES* vm24:r0:0,1405496339880,2036,918,1307386003
*RES* vm24:r0:1,1405496080448,35983,1232,1307386003
*RES* vm24:r0:2,1405496080448,36080,1226,1307386003
*RES* vm24:r0:3,1405496080448,30204,1246,1307386003
*RES* vm24:r0:4,1405496080448,30534,1187,1307386003
*RES* end node vm24:r0
Node vm24:r0 joined
Worker terminating correctly
