OSMeF worker starting
Enabling core dumping
Listening for command connection
(vm15:m0) New mapper on port 23330
(vm15:m0) -> reducer data size 1307386002
(vm15:m0) -> reducer data size 1307386002
(vm15:m0) -> reducer data size 1307386002
(vm15:m0) -> reducer data size 1307386002
(vm15:m0) -> reducer data size 1307386002
(vm15:m0) -> reducer data size 1307386002
(vm15:m0) -> reducer data size 1307386002
(vm15:m0) -> reducer data size 1307386002
(vm15:m0) -> reducer data size 1307386002
(vm15:m0) -> reducer data size 1307386002
(vm15:m0) -> reducer data size 1307386002
(vm15:m0) -> reducer data size 1307386002
(vm15:m0) -> reducer data size 1307386002
(vm15:m0) -> reducer data size 1307386002
(vm15:m0) -> reducer data size 1307386002
(vm15:m0) -> reducer data size 1307386002
(vm15:m0) -> reducer data size 1307386002
(vm15:m0) -> reducer data size 1307386002
(vm15:m0) -> reducer data size 1307386002
(vm15:m0) -> reducer data size 1307386002
(vm15:m0) -> reducer data size 1307386002
(vm15:m0) -> reducer data size 1307386002
(vm15:m0) -> reducer data size 1307386002
(vm15:m0) -> reducer data size 1307386002
(vm15:m0) -> reducer data size 1307386002
(vm15:m0) -> reducer data size 1307386002
(vm15:m0) -> reducer data size 1307386002
(vm15:m0) -> reducer data size 1307386002
(vm15:m0) -> reducer data size 1307386002
(vm15:m0) Mapper thread started
(vm15:m0) Allocating data for reducer vm1:r0
(vm15:m0) Allocating data for reducer vm2:r0
(vm15:m0) Allocating data for reducer vm3:r0
(vm15:m0) Allocating data for reducer vm4:r0
(vm15:m0) Allocating data for reducer vm5:r0
(vm15:m0) Allocating data for reducer vm6:r0
(vm15:m0) Allocating data for reducer vm7:r0
(vm15:m0) Allocating data for reducer vm8:r0
(vm15:m0) Allocating data for reducer vm9:r0
(vm15:m0) Allocating data for reducer vm10:r0
(vm15:m0) Allocating data for reducer vm11:r0
(vm15:m0) Allocating data for reducer vm12:r0
(vm15:m0) Allocating data for reducer vm13:r0
(vm15:m0) Allocating data for reducer vm14:r0
(vm15:m0) Allocating data for reducer vm15:r0
(vm15:m0) Allocating data for reducer vm16:r0
(vm15:m0) Allocating data for reducer vm17:r0
(vm15:m0) Allocating data for reducer vm18:r0
(vm15:m0) Allocating data for reducer vm19:r0
(vm15:m0) Allocating data for reducer vm20:r0
(vm15:m0) Allocating data for reducer vm21:r0
(vm15:m0) Allocating data for reducer vm22:r0
(vm15:m0) Allocating data for reducer vm23:r0
(vm15:m0) Allocating data for reducer vm24:r0
(vm15:m0) Allocating data for reducer vm25:r0
(vm15:m0) Allocating data for reducer vm26:r0
(vm15:m0) Allocating data for reducer vm27:r0
(vm15:m0) Allocating data for reducer vm28:r0
(vm15:m0) Allocating data for reducer vm29:r0
(vm15:m0) Binding to port 23330
(vm15:r0) New reducer
(vm15:r0) Reducer thread started
(vm15:r0) waiting for START message
(vm15:r0) got START message
(vm15:r0) Starting new connection thread
(vm15:r0) Starting new connection thread
(vm15:r0) Starting new connection thread
(vm15:r0) Starting new connection thread
(vm15:r0) Starting new connection thread
(vm15:r0) Maximum number of connections reached (5), waiting for a thread to finish
(vm15:r0:4) Connection established
(vm15:r0:1) Connection established
(vm15:r0:0) Connection established
(vm15:r0:3) Connection established
(vm15:r0:2) Connection established
(vm15:r0:2) Connection finished, received 1307386003 bytes
(vm15:r0:3) Connection finished, received 1307386003 bytes
(vm15:r0:0) Connection finished, received 1307386003 bytes
(vm15:r0) thread 0 joined, 28 connections remaining
(vm15:r0) Starting new connection thread
(vm15:r0) Maximum number of connections reached (5), waiting for a thread to finish
(vm15:r0:0) Connection established
(vm15:r0:1) Connection finished, received 1307386003 bytes
(vm15:r0:4) Connection finished, received 1307386003 bytes
(vm15:r0:0) Connection finished, received 1307386003 bytes
(vm15:r0) thread 0 joined, 27 connections remaining
(vm15:r0) Starting new connection thread
(vm15:r0) Maximum number of connections reached (5), waiting for a thread to finish
(vm15:r0:0) Connection established
(vm15:m0) Got connection from reducer vm1:r0
(vm15:m0:0) thread started, have to send 1307386002 bytes
(vm15:m0) Got connection from reducer vm19:r0
(vm15:m0:18) thread started, have to send 1307386002 bytes
(vm15:m0:0) all data sent, thread exiting
(vm15:m0) Got connection from reducer vm23:r0
(vm15:m0:22) thread started, have to send 1307386002 bytes
(vm15:r0:0) Connection finished, received 1307386003 bytes
(vm15:r0) thread 0 joined, 26 connections remaining
(vm15:r0) Starting new connection thread
(vm15:r0) Maximum number of connections reached (5), waiting for a thread to finish
(vm15:r0:0) Connection established
(vm15:m0:18) all data sent, thread exiting
(vm15:m0:22) all data sent, thread exiting
(vm15:m0) Got connection from reducer vm6:r0
(vm15:m0:5) thread started, have to send 1307386002 bytes
(vm15:m0:5) all data sent, thread exiting
(vm15:m0) Got connection from reducer vm12:r0
(vm15:m0:11) thread started, have to send 1307386002 bytes
(vm15:m0:11) all data sent, thread exiting
(vm15:r0:0) Connection finished, received 1307386003 bytes
(vm15:r0) thread 0 joined, 25 connections remaining
(vm15:r0) Starting new connection thread
(vm15:r0) Maximum number of connections reached (5), waiting for a thread to finish
(vm15:r0:0) Connection established
(vm15:m0) Got connection from reducer vm10:r0
(vm15:m0:9) thread started, have to send 1307386002 bytes
(vm15:m0) Got connection from reducer vm27:r0
(vm15:m0:26) thread started, have to send 1307386002 bytes
(vm15:m0:9) all data sent, thread exiting
(vm15:m0:26) all data sent, thread exiting
(vm15:m0) Got connection from reducer vm7:r0
(vm15:m0:6) thread started, have to send 1307386002 bytes
(vm15:m0:6) all data sent, thread exiting
(vm15:r0:0) Connection finished, received 1307386003 bytes
(vm15:r0) thread 0 joined, 24 connections remaining
(vm15:r0) Starting new connection thread
(vm15:r0) Maximum number of connections reached (5), waiting for a thread to finish
(vm15:r0:0) Connection established
(vm15:m0) Got connection from reducer vm8:r0
(vm15:m0:7) thread started, have to send 1307386002 bytes
(vm15:m0) Got connection from reducer vm29:r0
(vm15:m0:28) thread started, have to send 1307386002 bytes
(vm15:m0:7) all data sent, thread exiting
(vm15:m0:28) all data sent, thread exiting
(vm15:m0) Got connection from reducer vm28:r0
(vm15:m0:27) thread started, have to send 1307386002 bytes
(vm15:m0) Got connection from reducer vm11:r0
(vm15:m0:10) thread started, have to send 1307386002 bytes
(vm15:m0:27) all data sent, thread exiting
(vm15:r0:0) Connection finished, received 1307386003 bytes
(vm15:r0) thread 0 joined, 23 connections remaining
(vm15:r0) Starting new connection thread
(vm15:r0) Maximum number of connections reached (5), waiting for a thread to finish
(vm15:r0:0) Connection established
(vm15:m0) Got connection from reducer vm9:r0
(vm15:m0:8) thread started, have to send 1307386002 bytes
(vm15:m0:8) all data sent, thread exiting
(vm15:m0) Got connection from reducer vm21:r0
(vm15:m0:20) thread started, have to send 1307386002 bytes
(vm15:m0:10) all data sent, thread exiting
(vm15:m0:20) all data sent, thread exiting
(vm15:m0) Got connection from reducer vm3:r0
(vm15:m0:2) thread started, have to send 1307386002 bytes
(vm15:r0:0) Connection finished, received 1307386003 bytes
(vm15:r0) thread 0 joined, 22 connections remaining
(vm15:r0) Starting new connection thread
(vm15:r0) Maximum number of connections reached (5), waiting for a thread to finish
(vm15:r0:0) Connection established
(vm15:m0) Got connection from reducer vm26:r0
(vm15:m0:25) thread started, have to send 1307386002 bytes
(vm15:m0) Got connection from reducer vm4:r0
(vm15:m0:3) thread started, have to send 1307386002 bytes
(vm15:m0:2) all data sent, thread exiting
(vm15:m0:25) all data sent, thread exiting
(vm15:m0:3) all data sent, thread exiting
(vm15:m0) Got connection from reducer vm22:r0
(vm15:m0:21) thread started, have to send 1307386002 bytes
(vm15:r0:0) Connection finished, received 1307386003 bytes
(vm15:r0) thread 0 joined, 21 connections remaining
(vm15:r0) Starting new connection thread
(vm15:r0) Maximum number of connections reached (5), waiting for a thread to finish
(vm15:r0:0) Connection established
(vm15:m0:21) all data sent, thread exiting
(vm15:m0) Got connection from reducer vm16:r0
(vm15:m0:15) thread started, have to send 1307386002 bytes
(vm15:m0) Got connection from reducer vm25:r0
(vm15:m0:24) thread started, have to send 1307386002 bytes
(vm15:m0) Got connection from reducer vm14:r0
(vm15:m0:13) thread started, have to send 1307386002 bytes
(vm15:m0:24) all data sent, thread exiting
(vm15:m0:15) all data sent, thread exiting
(vm15:r0:0) Connection finished, received 1307386003 bytes
(vm15:r0) thread 0 joined, 20 connections remaining
(vm15:r0) Starting new connection thread
(vm15:r0) Maximum number of connections reached (5), waiting for a thread to finish
(vm15:r0:0) Connection established
(vm15:m0) Got connection from reducer vm13:r0
(vm15:m0:12) thread started, have to send 1307386002 bytes
(vm15:m0) Got connection from reducer vm5:r0
(vm15:m0:4) thread started, have to send 1307386002 bytes
(vm15:m0) Got connection from reducer vm2:r0
(vm15:m0:1) thread started, have to send 1307386002 bytes
(vm15:m0:13) all data sent, thread exiting
(vm15:m0) Got connection from reducer vm24:r0
(vm15:m0:23) thread started, have to send 1307386002 bytes
(vm15:m0:12) all data sent, thread exiting
(vm15:m0) Got connection from reducer vm20:r0
(vm15:m0:19) thread started, have to send 1307386002 bytes
(vm15:m0) Got connection from reducer vm18:r0
(vm15:m0:17) thread started, have to send 1307386002 bytes
(vm15:m0:4) all data sent, thread exiting
(vm15:m0:1) all data sent, thread exiting
(vm15:r0:0) Connection finished, received 1307386003 bytes
(vm15:r0) thread 0 joined, 19 connections remaining
(vm15:r0) Starting new connection thread
(vm15:r0) Maximum number of connections reached (5), waiting for a thread to finish
(vm15:r0:0) Connection established
(vm15:m0) Got connection from reducer vm15:r0
(vm15:m0:14) thread started, have to send 1307386002 bytes
(vm15:m0) Got connection from reducer vm17:r0
(vm15:m0) Waiting for a thread to finish
(vm15:m0) thread 0 joined, 28 connections remaining
(vm15:m0) Waiting for a thread to finish
(vm15:m0) thread 1 joined, 27 connections remaining
(vm15:m0) Waiting for a thread to finish
(vm15:m0) thread 2 joined, 26 connections remaining
(vm15:m0) Waiting for a thread to finish
(vm15:m0) thread 3 joined, 25 connections remaining
(vm15:m0) Waiting for a thread to finish
(vm15:m0) thread 4 joined, 24 connections remaining
(vm15:m0) Waiting for a thread to finish
(vm15:m0) thread 5 joined, 23 connections remaining
(vm15:m0) Waiting for a thread to finish
(vm15:m0) thread 6 joined, 22 connections remaining
(vm15:m0) Waiting for a thread to finish
(vm15:m0) thread 7 joined, 21 connections remaining
(vm15:m0) Waiting for a thread to finish
(vm15:m0) thread 8 joined, 20 connections remaining
(vm15:m0) Waiting for a thread to finish
(vm15:m0) thread 9 joined, 19 connections remaining
(vm15:m0) Waiting for a thread to finish
(vm15:m0) thread 10 joined, 18 connections remaining
(vm15:m0) Waiting for a thread to finish
(vm15:m0) thread 11 joined, 17 connections remaining
(vm15:m0) Waiting for a thread to finish
(vm15:m0) thread 12 joined, 16 connections remaining
(vm15:m0) Waiting for a thread to finish
(vm15:m0) thread 13 joined, 15 connections remaining
(vm15:m0) Waiting for a thread to finish
(vm15:m0:16) thread started, have to send 1307386002 bytes
(vm15:m0:23) all data sent, thread exiting
(vm15:m0:19) all data sent, thread exiting
(vm15:m0:14) all data sent, thread exiting
(vm15:m0) thread 14 joined, 14 connections remaining
(vm15:m0) Waiting for a thread to finish
(vm15:m0) thread 15 joined, 13 connections remaining
(vm15:m0) Waiting for a thread to finish
(vm15:r0:0) Connection finished, received 1307386003 bytes
(vm15:r0) thread 0 joined, 18 connections remaining
(vm15:r0) Starting new connection thread
(vm15:r0) Maximum number of connections reached (5), waiting for a thread to finish
(vm15:r0:0) Connection established
(vm15:m0:17) all data sent, thread exiting
(vm15:m0:16) all data sent, thread exiting
(vm15:m0) thread 16 joined, 12 connections remaining
(vm15:m0) Waiting for a thread to finish
(vm15:m0) thread 17 joined, 11 connections remaining
(vm15:m0) Waiting for a thread to finish
(vm15:m0) thread 18 joined, 10 connections remaining
(vm15:m0) Waiting for a thread to finish
(vm15:m0) thread 19 joined, 9 connections remaining
(vm15:m0) Waiting for a thread to finish
(vm15:m0) thread 20 joined, 8 connections remaining
(vm15:m0) Waiting for a thread to finish
(vm15:m0) thread 21 joined, 7 connections remaining
(vm15:m0) Waiting for a thread to finish
(vm15:m0) thread 22 joined, 6 connections remaining
(vm15:m0) Waiting for a thread to finish
(vm15:m0) thread 23 joined, 5 connections remaining
(vm15:m0) Waiting for a thread to finish
(vm15:m0) thread 24 joined, 4 connections remaining
(vm15:m0) Waiting for a thread to finish
(vm15:m0) thread 25 joined, 3 connections remaining
(vm15:m0) Waiting for a thread to finish
(vm15:m0) thread 26 joined, 2 connections remaining
(vm15:m0) Waiting for a thread to finish
(vm15:m0) thread 27 joined, 1 connections remaining
(vm15:m0) Waiting for a thread to finish
(vm15:m0) thread 28 joined, 0 connections remaining
(vm15:m0) all done, exiting
*RES* start node vm15:m0
*RES* vm15:m0:0,1404909180158,5835,2432,1307386003
*RES* vm15:m0:1,1404909332020,6110,975,1307386003
*RES* vm15:m0:2,1404909293690,7580,2179,1307386003
*RES* vm15:m0:3,1404909298187,6228,1499,1307386003
*RES* vm15:m0:4,1404909331206,5999,994,1307386003
*RES* vm15:m0:5,1404909197586,5249,1918,1307386003
*RES* vm15:m0:6,1404909237496,5535,1984,1307386003
*RES* vm15:m0:7,1404909255874,5210,1778,1307386003
*RES* vm15:m0:8,1404909276314,5667,1997,1307386003
*RES* vm15:m0:9,1404909221266,8823,2156,1307386003
*RES* vm15:m0:10,1404909271914,17114,1178,1307386003
*RES* vm15:m0:11,1404909209466,5938,2023,1307386003
*RES* vm15:m0:12,1404909329552,6177,1301,1307386003
*RES* vm15:m0:13,1404909322920,11755,1202,1307386003
*RES* vm15:m0:14,1404909338501,6525,423,1307386003
*RES* vm15:m0:15,1404909318590,7630,1691,1307386003
*RES* vm15:m0:16,1404909339442,8645,1091,1307386003
*RES* vm15:m0:17,1404909336595,9282,1051,1307386003
*RES* vm15:m0:18,1404909184798,5525,1460,1307386003
*RES* vm15:m0:19,1404909335908,8932,1061,1307386003
*RES* vm15:m0:20,1404909284390,4957,1356,1307386003
*RES* vm15:m0:21,1404909310060,7088,1631,1307386003
*RES* vm15:m0:22,1404909188952,5825,1432,1307386003
*RES* vm15:m0:23,1404909334880,9490,1056,1307386003
*RES* vm15:m0:24,1404909318919,6975,1655,1307386003
*RES* vm15:m0:25,1404909296537,7224,1582,1307386003
*RES* vm15:m0:26,1404909222278,8763,2338,1307386003
*RES* vm15:m0:27,1404909266025,6826,2093,1307386003
*RES* vm15:m0:28,1404909259066,5282,1387,1307386003
*RES* end node vm15:m0
Node vm15:m0 joined
(vm15:r0:0) Connection finished, received 1307386003 bytes
(vm15:r0) thread 0 joined, 17 connections remaining
(vm15:r0) Starting new connection thread
(vm15:r0) Maximum number of connections reached (5), waiting for a thread to finish
(vm15:r0:0) Connection established
(vm15:r0:0) Connection finished, received 1307386003 bytes
(vm15:r0) thread 0 joined, 16 connections remaining
(vm15:r0) Starting new connection thread
(vm15:r0) Maximum number of connections reached (5), waiting for a thread to finish
(vm15:r0:0) Connection established
(vm15:r0:0) Connection finished, received 1307386003 bytes
(vm15:r0) thread 0 joined, 15 connections remaining
(vm15:r0) Starting new connection thread
(vm15:r0) Maximum number of connections reached (5), waiting for a thread to finish
(vm15:r0:0) Connection established
(vm15:r0:0) Connection finished, received 1307386003 bytes
(vm15:r0) thread 0 joined, 14 connections remaining
(vm15:r0) Starting new connection thread
(vm15:r0) Maximum number of connections reached (5), waiting for a thread to finish
(vm15:r0:0) Connection established
(vm15:r0:0) Connection finished, received 1307386003 bytes
(vm15:r0) thread 0 joined, 13 connections remaining
(vm15:r0) Starting new connection thread
(vm15:r0) Maximum number of connections reached (5), waiting for a thread to finish
(vm15:r0:0) Connection established
(vm15:r0:0) Connection finished, received 1307386003 bytes
(vm15:r0) thread 0 joined, 12 connections remaining
(vm15:r0) Starting new connection thread
(vm15:r0) Maximum number of connections reached (5), waiting for a thread to finish
(vm15:r0:0) Connection established
(vm15:r0:0) Connection finished, received 1307386003 bytes
(vm15:r0) thread 0 joined, 11 connections remaining
(vm15:r0) Starting new connection thread
(vm15:r0) Maximum number of connections reached (5), waiting for a thread to finish
(vm15:r0:0) Connection established
(vm15:r0:0) Connection finished, received 1307386003 bytes
(vm15:r0) thread 0 joined, 10 connections remaining
(vm15:r0) Starting new connection thread
(vm15:r0) Maximum number of connections reached (5), waiting for a thread to finish
(vm15:r0:0) Connection established
(vm15:r0:0) Connection finished, received 1307386003 bytes
(vm15:r0) thread 0 joined, 9 connections remaining
(vm15:r0) Starting new connection thread
(vm15:r0) Maximum number of connections reached (5), waiting for a thread to finish
(vm15:r0:0) Connection established
(vm15:r0:0) Connection finished, received 1307386003 bytes
(vm15:r0) thread 0 joined, 8 connections remaining
(vm15:r0) Starting new connection thread
(vm15:r0) Maximum number of connections reached (5), waiting for a thread to finish
(vm15:r0:0) Connection established
(vm15:r0:0) Connection finished, received 1307386003 bytes
(vm15:r0) thread 0 joined, 7 connections remaining
(vm15:r0) Starting new connection thread
(vm15:r0) Maximum number of connections reached (5), waiting for a thread to finish
(vm15:r0:0) Connection established
(vm15:r0:0) Connection finished, received 1307386003 bytes
(vm15:r0) thread 0 joined, 6 connections remaining
(vm15:r0) Starting new connection thread
(vm15:r0) Maximum number of connections reached (5), waiting for a thread to finish
(vm15:r0:0) Connection established
(vm15:r0:0) Connection finished, received 1307386003 bytes
(vm15:r0) thread 0 joined, 5 connections remaining
(vm15:r0) Starting new connection thread
(vm15:r0) Maximum number of connections reached (5), waiting for a thread to finish
(vm15:r0:0) Connection established
(vm15:r0:0) Connection finished, received 1307386003 bytes
(vm15:r0) thread 0 joined, 4 connections remaining
(vm15:r0) Maximum number of connections reached (4), waiting for a thread to finish
(vm15:r0) thread 1 joined, 3 connections remaining
(vm15:r0) Maximum number of connections reached (3), waiting for a thread to finish
(vm15:r0) thread 2 joined, 2 connections remaining
(vm15:r0) Maximum number of connections reached (2), waiting for a thread to finish
(vm15:r0) thread 3 joined, 1 connections remaining
(vm15:r0) Maximum number of connections reached (1), waiting for a thread to finish
(vm15:r0) thread 4 joined, 0 connections remaining
(vm15:r0) all done, exiting
*RES* start node vm15:r0
*RES* vm15:r0:0,1404909073473,39292,1305,1307386003
*RES* vm15:r0:0,1404909112771,34106,1039,1307386003
*RES* vm15:r0:0,1404909146882,42153,1284,1307386003
*RES* vm15:r0:0,1404909189046,31024,1422,1307386003
*RES* vm15:r0:0,1404909220074,30364,1297,1307386003
*RES* vm15:r0:0,1404909250442,23710,1493,1307386003
*RES* vm15:r0:0,1404909274159,21982,1761,1307386003
*RES* vm15:r0:0,1404909296154,18936,1780,1307386003
*RES* vm15:r0:0,1404909315098,12735,1411,1307386003
*RES* vm15:r0:0,1404909327842,10634,1171,1307386003
*RES* vm15:r0:0,1404909338496,6555,1034,1307386003
*RES* vm15:r0:0,1404909345062,8895,1261,1307386003
*RES* vm15:r0:0,1404909353962,7451,1304,1307386003
*RES* vm15:r0:0,1404909361418,7736,1275,1307386003
*RES* vm15:r0:0,1404909369162,5601,1171,1307386003
*RES* vm15:r0:0,1404909374770,7004,1146,1307386003
*RES* vm15:r0:0,1404909381778,4550,1216,1307386003
*RES* vm15:r0:0,1404909386334,3950,1088,1307386003
*RES* vm15:r0:0,1404909390290,4134,1210,1307386003
*RES* vm15:r0:0,1404909394430,3731,1062,1307386003
*RES* vm15:r0:0,1404909398170,2134,935,1307386003
*RES* vm15:r0:0,1404909400310,1967,952,1307386003
*RES* vm15:r0:0,1404909402286,1677,821,1307386003
*RES* vm15:r0:0,1404909403970,1460,723,1307386003
*RES* vm15:r0:0,1404909405434,1543,748,1307386003
*RES* vm15:r0:1,1404909073473,42878,1290,1307386003
*RES* vm15:r0:2,1404909073473,37756,1262,1307386003
*RES* vm15:r0:3,1404909073473,38232,1265,1307386003
*RES* vm15:r0:4,1404909073473,46879,1277,1307386003
*RES* end node vm15:r0
Node vm15:r0 joined
Worker terminating correctly
