OSMeF worker starting
Enabling core dumping
Listening for command connection
(vm1:m0) New mapper on port 23330
(vm1:m0) -> reducer data size 24347887
(vm1:m0) -> reducer data size 24347887
(vm1:m0) -> reducer data size 24347887
(vm1:m0) -> reducer data size 24347887
(vm1:m0) -> reducer data size 24347887
(vm1:m0) -> reducer data size 24347887
(vm1:m0) -> reducer data size 24347887
(vm1:m0) -> reducer data size 24347887
(vm1:m0) -> reducer data size 24347887
(vm1:m0) -> reducer data size 24347887
(vm1:m0) -> reducer data size 24347887
(vm1:m0) -> reducer data size 24347887
(vm1:m0) -> reducer data size 24347887
(vm1:m0) -> reducer data size 24347887
(vm1:m0) -> reducer data size 24347887
(vm1:m0) -> reducer data size 24347887
(vm1:m0) -> reducer data size 24347887
(vm1:m0) -> reducer data size 24347887
(vm1:m0) -> reducer data size 24347887
(vm1:m0) -> reducer data size 24347887
(vm1:m0) -> reducer data size 24347887
(vm1:m0) Mapper thread started
(vm1:m0) Allocating data for reducer vm1:r0
(vm1:m0) Allocating data for reducer vm2:r0
(vm1:m0) Allocating data for reducer vm3:r0
(vm1:m0) Allocating data for reducer vm4:r0
(vm1:m0) Allocating data for reducer vm5:r0
(vm1:m0) Allocating data for reducer vm6:r0
(vm1:m0) Allocating data for reducer vm7:r0
(vm1:m0) Allocating data for reducer vm8:r0
(vm1:m0) Allocating data for reducer vm9:r0
(vm1:m0) Allocating data for reducer vm10:r0
(vm1:m0) Allocating data for reducer vm11:r0
(vm1:m0) Allocating data for reducer vm12:r0
(vm1:m0) Allocating data for reducer vm13:r0
(vm1:m0) Allocating data for reducer vm14:r0
(vm1:m0) Allocating data for reducer vm15:r0
(vm1:m0) Allocating data for reducer vm16:r0
(vm1:m0) Allocating data for reducer vm17:r0
(vm1:m0) Allocating data for reducer vm18:r0
(vm1:m0) Allocating data for reducer vm19:r0
(vm1:m0) Allocating data for reducer vm20:r0
(vm1:m0) Allocating data for reducer vm21:r0
(vm1:m0) Binding to port 23330
(vm1:r0) New reducer
(vm1:r0) Reducer thread started
(vm1:r0) waiting for START message
(vm1:r0) got START message
(vm1:r0) Starting new connection thread
(vm1:r0) Starting new connection thread
(vm1:r0) Starting new connection thread
(vm1:r0) Starting new connection thread
(vm1:r0) Starting new connection thread
(vm1:r0) Maximum number of connections reached (5), waiting for a thread to finish
(vm1:r0:2) Connection established
(vm1:r0:0) Connection established
(vm1:m0) Got connection from reducer vm1:r0
(vm1:r0:4) Connection established
(vm1:r0:3) Connection established
(vm1:r0:1) Connection established
(vm1:m0:0) thread started, have to send 24347887 bytes
(vm1:m0) Got connection from reducer vm2:r0
(vm1:m0) Got connection from reducer vm5:r0
(vm1:m0) Got connection from reducer vm4:r0
(vm1:m0) Got connection from reducer vm17:r0
(vm1:m0) Got connection from reducer vm12:r0
(vm1:m0) Got connection from reducer vm16:r0
(vm1:m0) Got connection from reducer vm15:r0
(vm1:m0) Got connection from reducer vm7:r0
(vm1:m0) Got connection from reducer vm20:r0
(vm1:m0) Got connection from reducer vm18:r0
(vm1:m0) Got connection from reducer vm21:r0
(vm1:m0) Got connection from reducer vm11:r0
(vm1:m0) Got connection from reducer vm19:r0
(vm1:m0) Got connection from reducer vm14:r0
(vm1:m0) Got connection from reducer vm8:r0
(vm1:m0) Got connection from reducer vm6:r0
(vm1:m0) Got connection from reducer vm10:r0
(vm1:m0) Got connection from reducer vm9:r0
(vm1:m0) Got connection from reducer vm3:r0
(vm1:m0) Got connection from reducer vm13:r0
(vm1:m0) Waiting for a thread to finish
(vm1:m0:1) thread started, have to send 24347887 bytes
(vm1:m0:18) thread started, have to send 24347887 bytes
(vm1:m0:9) thread started, have to send 24347887 bytes
(vm1:m0:12) thread started, have to send 24347887 bytes
(vm1:m0:15) thread started, have to send 24347887 bytes
(vm1:m0:19) thread started, have to send 24347887 bytes
(vm1:m0:13) thread started, have to send 24347887 bytes
(vm1:m0:14) thread started, have to send 24347887 bytes
(vm1:m0:20) thread started, have to send 24347887 bytes
(vm1:m0:10) thread started, have to send 24347887 bytes
(vm1:m0:5) thread started, have to send 24347887 bytes
(vm1:m0:2) thread started, have to send 24347887 bytes
(vm1:m0:17) thread started, have to send 24347887 bytes
(vm1:m0:8) thread started, have to send 24347887 bytes
(vm1:m0:16) thread started, have to send 24347887 bytes
(vm1:m0:7) thread started, have to send 24347887 bytes
(vm1:m0:11) thread started, have to send 24347887 bytes
(vm1:m0:6) thread started, have to send 24347887 bytes
(vm1:m0:3) thread started, have to send 24347887 bytes
(vm1:m0:4) thread started, have to send 24347887 bytes
(vm1:m0:0) all data sent, thread exiting
(vm1:m0) thread 0 joined, 20 connections remaining
(vm1:m0) Waiting for a thread to finish
(vm1:r0:0) Connection finished, received 24347888 bytes
(vm1:r0) thread 0 joined, 20 connections remaining
(vm1:r0) Starting new connection thread
(vm1:r0) Maximum number of connections reached (5), waiting for a thread to finish
(vm1:r0:0) Connection established
(vm1:m0:9) all data sent, thread exiting
(vm1:m0:11) all data sent, thread exiting
(vm1:m0:12) all data sent, thread exiting
(vm1:m0:8) all data sent, thread exiting
(vm1:m0:5) all data sent, thread exiting
(vm1:m0:20) all data sent, thread exiting
(vm1:m0:17) all data sent, thread exiting
(vm1:m0:7) all data sent, thread exiting
(vm1:m0:15) all data sent, thread exiting
(vm1:m0:13) all data sent, thread exiting
(vm1:m0:6) all data sent, thread exiting
(vm1:m0:10) all data sent, thread exiting
(vm1:m0:19) all data sent, thread exiting
(vm1:r0:1) Connection finished, received 24347888 bytes
(vm1:m0:16) all data sent, thread exiting
(vm1:m0:18) all data sent, thread exiting
(vm1:m0:14) all data sent, thread exiting
(vm1:r0:2) Connection finished, received 24347888 bytes
(vm1:m0:1) all data sent, thread exiting
(vm1:m0:2) all data sent, thread exiting
(vm1:m0:4) all data sent, thread exiting
(vm1:m0) thread 1 joined, 19 connections remaining
(vm1:m0) Waiting for a thread to finish
(vm1:m0) thread 2 joined, 18 connections remaining
(vm1:m0) Waiting for a thread to finish
(vm1:r0:4) Connection finished, received 24347888 bytes
(vm1:r0:3) Connection finished, received 24347888 bytes
(vm1:m0:3) all data sent, thread exiting
(vm1:m0) thread 3 joined, 17 connections remaining
(vm1:m0) Waiting for a thread to finish
(vm1:m0) thread 4 joined, 16 connections remaining
(vm1:m0) Waiting for a thread to finish
(vm1:m0) thread 5 joined, 15 connections remaining
(vm1:m0) Waiting for a thread to finish
(vm1:m0) thread 6 joined, 14 connections remaining
(vm1:m0) Waiting for a thread to finish
(vm1:m0) thread 7 joined, 13 connections remaining
(vm1:m0) Waiting for a thread to finish
(vm1:m0) thread 8 joined, 12 connections remaining
(vm1:m0) Waiting for a thread to finish
(vm1:m0) thread 9 joined, 11 connections remaining
(vm1:m0) Waiting for a thread to finish
(vm1:m0) thread 10 joined, 10 connections remaining
(vm1:m0) Waiting for a thread to finish
(vm1:m0) thread 11 joined, 9 connections remaining
(vm1:m0) Waiting for a thread to finish
(vm1:m0) thread 12 joined, 8 connections remaining
(vm1:m0) Waiting for a thread to finish
(vm1:m0) thread 13 joined, 7 connections remaining
(vm1:m0) Waiting for a thread to finish
(vm1:m0) thread 14 joined, 6 connections remaining
(vm1:m0) Waiting for a thread to finish
(vm1:m0) thread 15 joined, 5 connections remaining
(vm1:m0) Waiting for a thread to finish
(vm1:m0) thread 16 joined, 4 connections remaining
(vm1:m0) Waiting for a thread to finish
(vm1:m0) thread 17 joined, 3 connections remaining
(vm1:m0) Waiting for a thread to finish
(vm1:m0) thread 18 joined, 2 connections remaining
(vm1:m0) Waiting for a thread to finish
(vm1:m0) thread 19 joined, 1 connections remaining
(vm1:m0) Waiting for a thread to finish
(vm1:m0) thread 20 joined, 0 connections remaining
(vm1:m0) all done, exiting
*RES* start node vm1:m0
*RES* vm1:m0:0,1404117189018,210,9,24347888
*RES* vm1:m0:1,1404117189027,569,22,24347888
*RES* vm1:m0:2,1404117189027,569,21,24347888
*RES* vm1:m0:3,1404117189028,631,21,24347888
*RES* vm1:m0:4,1404117189028,571,21,24347888
*RES* vm1:m0:5,1404117189027,539,20,24347888
*RES* vm1:m0:6,1404117189028,554,21,24347888
*RES* vm1:m0:7,1404117189028,546,21,24347888
*RES* vm1:m0:8,1404117189027,531,20,24347888
*RES* vm1:m0:9,1404117189027,502,19,24347888
*RES* vm1:m0:10,1404117189027,556,22,24347888
*RES* vm1:m0:11,1404117189028,524,20,24347888
*RES* vm1:m0:12,1404117189027,531,20,24347888
*RES* vm1:m0:13,1404117189027,550,22,24347888
*RES* vm1:m0:14,1404117189027,563,21,24347888
*RES* vm1:m0:15,1404117189027,549,21,24347888
*RES* vm1:m0:16,1404117189028,561,20,24347888
*RES* vm1:m0:17,1404117189027,547,21,24347888
*RES* vm1:m0:18,1404117189027,563,21,24347888
*RES* vm1:m0:19,1404117189027,560,21,24347888
*RES* vm1:m0:20,1404117189027,545,21,24347888
*RES* end node vm1:m0
Node vm1:m0 joined
(vm1:r0:0) Connection finished, received 24347888 bytes
(vm1:r0) thread 0 joined, 19 connections remaining
(vm1:r0) Starting new connection thread
(vm1:r0) Maximum number of connections reached (5), waiting for a thread to finish
(vm1:r0:0) Connection established
(vm1:r0:0) Connection finished, received 24347888 bytes
(vm1:r0) thread 0 joined, 18 connections remaining
(vm1:r0) Starting new connection thread
(vm1:r0) Maximum number of connections reached (5), waiting for a thread to finish
(vm1:r0:0) Connection established
(vm1:r0:0) Connection finished, received 24347888 bytes
(vm1:r0) thread 0 joined, 17 connections remaining
(vm1:r0) Starting new connection thread
(vm1:r0) Maximum number of connections reached (5), waiting for a thread to finish
(vm1:r0:0) Connection established
(vm1:r0:0) Connection finished, received 24347888 bytes
(vm1:r0) thread 0 joined, 16 connections remaining
(vm1:r0) Starting new connection thread
(vm1:r0) Maximum number of connections reached (5), waiting for a thread to finish
(vm1:r0:0) Connection established
(vm1:r0:0) Connection finished, received 24347888 bytes
(vm1:r0) thread 0 joined, 15 connections remaining
(vm1:r0) Starting new connection thread
(vm1:r0) Maximum number of connections reached (5), waiting for a thread to finish
(vm1:r0:0) Connection established
(vm1:r0:0) Connection finished, received 24347888 bytes
(vm1:r0) thread 0 joined, 14 connections remaining
(vm1:r0) Starting new connection thread
(vm1:r0) Maximum number of connections reached (5), waiting for a thread to finish
(vm1:r0:0) Connection established
(vm1:r0:0) Connection finished, received 24347888 bytes
(vm1:r0) thread 0 joined, 13 connections remaining
(vm1:r0) Starting new connection thread
(vm1:r0) Maximum number of connections reached (5), waiting for a thread to finish
(vm1:r0:0) Connection established
(vm1:r0:0) Connection finished, received 24347888 bytes
(vm1:r0) thread 0 joined, 12 connections remaining
(vm1:r0) Starting new connection thread
(vm1:r0) Maximum number of connections reached (5), waiting for a thread to finish
(vm1:r0:0) Connection established
(vm1:r0:0) Connection finished, received 24347888 bytes
(vm1:r0) thread 0 joined, 11 connections remaining
(vm1:r0) Starting new connection thread
(vm1:r0) Maximum number of connections reached (5), waiting for a thread to finish
(vm1:r0:0) Connection established
(vm1:r0:0) Connection finished, received 24347888 bytes
(vm1:r0) thread 0 joined, 10 connections remaining
(vm1:r0) Starting new connection thread
(vm1:r0) Maximum number of connections reached (5), waiting for a thread to finish
(vm1:r0:0) Connection established
(vm1:r0:0) Connection finished, received 24347888 bytes
(vm1:r0) thread 0 joined, 9 connections remaining
(vm1:r0) Starting new connection thread
(vm1:r0) Maximum number of connections reached (5), waiting for a thread to finish
(vm1:r0:0) Connection established
(vm1:r0:0) Connection finished, received 24347888 bytes
(vm1:r0) thread 0 joined, 8 connections remaining
(vm1:r0) Starting new connection thread
(vm1:r0) Maximum number of connections reached (5), waiting for a thread to finish
(vm1:r0:0) Connection established
(vm1:r0:0) Connection finished, received 24347888 bytes
(vm1:r0) thread 0 joined, 7 connections remaining
(vm1:r0) Starting new connection thread
(vm1:r0) Maximum number of connections reached (5), waiting for a thread to finish
(vm1:r0:0) Connection established
(vm1:r0:0) Connection finished, received 24347888 bytes
(vm1:r0) thread 0 joined, 6 connections remaining
(vm1:r0) Starting new connection thread
(vm1:r0) Maximum number of connections reached (5), waiting for a thread to finish
(vm1:r0:0) Connection established
(vm1:r0:0) Connection finished, received 24347888 bytes
(vm1:r0) thread 0 joined, 5 connections remaining
(vm1:r0) Starting new connection thread
(vm1:r0) Maximum number of connections reached (5), waiting for a thread to finish
(vm1:r0:0) Connection established
(vm1:r0:0) Connection finished, received 24347888 bytes
(vm1:r0) thread 0 joined, 4 connections remaining
(vm1:r0) Maximum number of connections reached (4), waiting for a thread to finish
(vm1:r0) thread 1 joined, 3 connections remaining
(vm1:r0) Maximum number of connections reached (3), waiting for a thread to finish
(vm1:r0) thread 2 joined, 2 connections remaining
(vm1:r0) Maximum number of connections reached (2), waiting for a thread to finish
(vm1:r0) thread 3 joined, 1 connections remaining
(vm1:r0) Maximum number of connections reached (1), waiting for a thread to finish
(vm1:r0) thread 4 joined, 0 connections remaining
(vm1:r0) all done, exiting
*RES* start node vm1:r0
*RES* vm1:r0:0,1404117189017,260,13,24347888
*RES* vm1:r0:0,1404117189392,547,25,24347888
*RES* vm1:r0:0,1404117189946,74,21,24347888
*RES* vm1:r0:0,1404117190026,54,21,24347888
*RES* vm1:r0:0,1404117190086,54,19,24347888
*RES* vm1:r0:0,1404117190146,68,23,24347888
*RES* vm1:r0:0,1404117190218,64,22,24347888
*RES* vm1:r0:0,1404117190286,65,20,24347888
*RES* vm1:r0:0,1404117190358,61,23,24347888
*RES* vm1:r0:0,1404117190426,58,20,24347888
*RES* vm1:r0:0,1404117190490,60,21,24347888
*RES* vm1:r0:0,1404117190554,60,19,24347888
*RES* vm1:r0:0,1404117190622,53,20,24347888
*RES* vm1:r0:0,1404117190682,52,19,24347888
*RES* vm1:r0:0,1404117190738,61,21,24347888
*RES* vm1:r0:0,1404117190806,61,22,24347888
*RES* vm1:r0:0,1404117190874,66,24,24347888
*RES* vm1:r0:1,1404117189017,570,23,24347888
*RES* vm1:r0:2,1404117189017,578,25,24347888
*RES* vm1:r0:3,1404117189017,620,25,24347888
*RES* vm1:r0:4,1404117189017,588,25,24347888
*RES* end node vm1:r0
Node vm1:r0 joined
Worker terminating correctly
