OSMeF worker starting
Enabling core dumping
Listening for command connection
(vm19:m0) New mapper on port 23330
(vm19:m0) -> reducer data size 6710886
(vm19:m0) -> reducer data size 6710886
(vm19:m0) -> reducer data size 6710886
(vm19:m0) -> reducer data size 6710886
(vm19:m0) -> reducer data size 6710886
(vm19:m0) -> reducer data size 6710886
(vm19:m0) -> reducer data size 6710886
(vm19:m0) -> reducer data size 6710886
(vm19:m0) -> reducer data size 6710886
(vm19:m0) -> reducer data size 6710886
(vm19:m0) -> reducer data size 6710886
(vm19:m0) -> reducer data size 6710886
(vm19:m0) -> reducer data size 6710886
(vm19:m0) -> reducer data size 6710886
(vm19:m0) -> reducer data size 6710886
(vm19:m0) -> reducer data size 6710886
(vm19:m0) -> reducer data size 6710886
(vm19:m0) -> reducer data size 6710886
(vm19:m0) -> reducer data size 6710886
(vm19:m0) -> reducer data size 6710886
(vm19:m0) -> reducer data size 6710886
(vm19:m0) -> reducer data size 6710886
(vm19:m0) -> reducer data size 6710886
(vm19:m0) -> reducer data size 6710886
(vm19:m0) -> reducer data size 6710886
(vm19:m0) -> reducer data size 6710886
(vm19:m0) -> reducer data size 6710886
(vm19:m0) -> reducer data size 6710886
(vm19:m0) -> reducer data size 6710886
(vm19:m0) -> reducer data size 6710886
(vm19:m0) -> reducer data size 6710886
(vm19:m0) -> reducer data size 6710886
(vm19:m0) -> reducer data size 6710886
(vm19:m0) -> reducer data size 6710886
(vm19:m0) -> reducer data size 6710886
(vm19:m0) -> reducer data size 6710886
(vm19:m0) -> reducer data size 6710886
(vm19:m0) -> reducer data size 6710886
(vm19:m0) -> reducer data size 6710886
(vm19:m0) -> reducer data size 6710886
(vm19:m0) Mapper thread started
(vm19:m0) Allocating data for reducer vm1:r0
(vm19:m0) Allocating data for reducer vm2:r0
(vm19:m0) Allocating data for reducer vm3:r0
(vm19:m0) Allocating data for reducer vm4:r0
(vm19:m0) Allocating data for reducer vm5:r0
(vm19:m0) Allocating data for reducer vm6:r0
(vm19:m0) Allocating data for reducer vm7:r0
(vm19:m0) Allocating data for reducer vm8:r0
(vm19:m0) Allocating data for reducer vm9:r0
(vm19:m0) Allocating data for reducer vm10:r0
(vm19:m0) Allocating data for reducer vm11:r0
(vm19:m0) Allocating data for reducer vm12:r0
(vm19:m0) Allocating data for reducer vm13:r0
(vm19:m0) Allocating data for reducer vm14:r0
(vm19:m0) Allocating data for reducer vm15:r0
(vm19:m0) Allocating data for reducer vm16:r0
(vm19:m0) Allocating data for reducer vm17:r0
(vm19:m0) Allocating data for reducer vm18:r0
(vm19:m0) Allocating data for reducer vm19:r0
(vm19:m0) Allocating data for reducer vm20:r0
(vm19:m0) Allocating data for reducer vm21:r0
(vm19:m0) Allocating data for reducer vm22:r0
(vm19:m0) Allocating data for reducer vm23:r0
(vm19:m0) Allocating data for reducer vm24:r0
(vm19:m0) Allocating data for reducer vm25:r0
(vm19:m0) Allocating data for reducer vm26:r0
(vm19:m0) Allocating data for reducer vm27:r0
(vm19:m0) Allocating data for reducer vm28:r0
(vm19:m0) Allocating data for reducer vm29:r0
(vm19:m0) Allocating data for reducer vm30:r0
(vm19:m0) Allocating data for reducer vm31:r0
(vm19:m0) Allocating data for reducer vm32:r0
(vm19:m0) Allocating data for reducer vm33:r0
(vm19:m0) Allocating data for reducer vm34:r0
(vm19:m0) Allocating data for reducer vm35:r0
(vm19:m0) Allocating data for reducer vm36:r0
(vm19:m0) Allocating data for reducer vm37:r0
(vm19:m0) Allocating data for reducer vm38:r0
(vm19:m0) Allocating data for reducer vm39:r0
(vm19:m0) Allocating data for reducer vm40:r0
(vm19:m0) Binding to port 23330
(vm19:r0) New reducer
(vm19:r0) Reducer thread started
(vm19:r0) waiting for START message
(vm19:r0) got START message
(vm19:r0) Starting new connection thread
(vm19:r0) Starting new connection thread
(vm19:r0) Starting new connection thread
(vm19:r0) Starting new connection thread
(vm19:r0) Starting new connection thread
(vm19:r0) Maximum number of connections reached (5), waiting for a thread to finish
(vm19:r0:4) Connection established
(vm19:r0:1) Connection established
(vm19:r0:0) Connection established
(vm19:r0:2) Connection established
(vm19:r0:3) Connection established
(vm19:r0:0) Connection finished, received 6710887 bytes
(vm19:r0) thread 0 joined, 39 connections remaining
(vm19:r0) Starting new connection thread
(vm19:r0) Maximum number of connections reached (5), waiting for a thread to finish
(vm19:r0:0) Connection established
(vm19:r0:1) Connection finished, received 6710887 bytes
(vm19:r0:4) Connection finished, received 6710887 bytes
(vm19:r0:2) Connection finished, received 6710887 bytes
(vm19:r0:3) Connection finished, received 6710887 bytes
(vm19:r0:0) Connection finished, received 6710887 bytes
(vm19:r0) thread 0 joined, 38 connections remaining
(vm19:r0) Starting new connection thread
(vm19:r0) Maximum number of connections reached (5), waiting for a thread to finish
(vm19:r0:0) Connection established
(vm19:r0:0) Connection finished, received 6710887 bytes
(vm19:r0) thread 0 joined, 37 connections remaining
(vm19:r0) Starting new connection thread
(vm19:r0) Maximum number of connections reached (5), waiting for a thread to finish
(vm19:r0:0) Connection established
(vm19:m0) Got connection from reducer vm20:r0
(vm19:m0:19) thread started, have to send 6710886 bytes
(vm19:m0:19) all data sent, thread exiting
(vm19:m0) Got connection from reducer vm16:r0
(vm19:m0:15) thread started, have to send 6710886 bytes
(vm19:m0) Got connection from reducer vm1:r0
(vm19:m0:0) thread started, have to send 6710886 bytes
(vm19:m0) Got connection from reducer vm25:r0
(vm19:m0:24) thread started, have to send 6710886 bytes
(vm19:m0:0) all data sent, thread exiting
(vm19:m0:24) all data sent, thread exiting
(vm19:m0:15) all data sent, thread exiting
(vm19:m0) Got connection from reducer vm22:r0
(vm19:m0:21) thread started, have to send 6710886 bytes
(vm19:r0:0) Connection finished, received 6710887 bytes
(vm19:r0) thread 0 joined, 36 connections remaining
(vm19:r0) Starting new connection thread
(vm19:r0) Maximum number of connections reached (5), waiting for a thread to finish
(vm19:r0:0) Connection established
(vm19:m0:21) all data sent, thread exiting
(vm19:m0) Got connection from reducer vm15:r0
(vm19:m0:14) thread started, have to send 6710886 bytes
(vm19:m0:14) all data sent, thread exiting
(vm19:m0) Got connection from reducer vm24:r0
(vm19:m0) Got connection from reducer vm38:r0
(vm19:m0:23) thread started, have to send 6710886 bytes
(vm19:m0:37) thread started, have to send 6710886 bytes
(vm19:m0:37) all data sent, thread exiting
(vm19:m0:23) all data sent, thread exiting
(vm19:r0:0) Connection finished, received 6710887 bytes
(vm19:r0) thread 0 joined, 35 connections remaining
(vm19:r0) Starting new connection thread
(vm19:r0) Maximum number of connections reached (5), waiting for a thread to finish
(vm19:r0:0) Connection established
(vm19:m0) Got connection from reducer vm35:r0
(vm19:m0:34) thread started, have to send 6710886 bytes
(vm19:m0:34) all data sent, thread exiting
(vm19:m0) Got connection from reducer vm32:r0
(vm19:m0:31) thread started, have to send 6710886 bytes
(vm19:m0:31) all data sent, thread exiting
(vm19:r0:0) Connection finished, received 6710887 bytes
(vm19:r0) thread 0 joined, 34 connections remaining
(vm19:r0) Starting new connection thread
(vm19:r0) Maximum number of connections reached (5), waiting for a thread to finish
(vm19:m0) Got connection from reducer vm7:r0
(vm19:m0:6) thread started, have to send 6710886 bytes
(vm19:r0:0) Connection established
(vm19:m0:6) all data sent, thread exiting
(vm19:r0:0) Connection finished, received 6710887 bytes
(vm19:r0) thread 0 joined, 33 connections remaining
(vm19:r0) Starting new connection thread
(vm19:r0) Maximum number of connections reached (5), waiting for a thread to finish
(vm19:r0:0) Connection established
(vm19:m0) Got connection from reducer vm23:r0
(vm19:m0:22) thread started, have to send 6710886 bytes
(vm19:m0) Got connection from reducer vm27:r0
(vm19:m0:26) thread started, have to send 6710886 bytes
(vm19:r0:0) Connection finished, received 6710887 bytes
(vm19:m0:22) all data sent, thread exiting
(vm19:r0) thread 0 joined, 32 connections remaining
(vm19:r0) Starting new connection thread
(vm19:r0) Maximum number of connections reached (5), waiting for a thread to finish
(vm19:r0:0) Connection established
(vm19:m0:26) all data sent, thread exiting
(vm19:m0) Got connection from reducer vm14:r0
(vm19:m0:13) thread started, have to send 6710886 bytes
(vm19:m0) Got connection from reducer vm17:r0
(vm19:m0:13) all data sent, thread exiting
(vm19:m0:16) thread started, have to send 6710886 bytes
(vm19:m0) Got connection from reducer vm6:r0
(vm19:m0:5) thread started, have to send 6710886 bytes
(vm19:m0:16) all data sent, thread exiting
(vm19:m0:5) all data sent, thread exiting
(vm19:m0) Got connection from reducer vm8:r0
(vm19:m0:7) thread started, have to send 6710886 bytes
(vm19:m0) Got connection from reducer vm36:r0
(vm19:m0:35) thread started, have to send 6710886 bytes
(vm19:m0) Got connection from reducer vm40:r0
(vm19:m0:39) thread started, have to send 6710886 bytes
(vm19:m0:35) all data sent, thread exiting
(vm19:m0:39) all data sent, thread exiting
(vm19:r0:0) Connection finished, received 6710887 bytes
(vm19:r0) thread 0 joined, 31 connections remaining
(vm19:r0) Starting new connection thread
(vm19:r0) Maximum number of connections reached (5), waiting for a thread to finish
(vm19:m0:7) all data sent, thread exiting
(vm19:r0:0) Connection established
(vm19:r0:0) Connection finished, received 6710887 bytes
(vm19:r0) thread 0 joined, 30 connections remaining
(vm19:r0) Starting new connection thread
(vm19:r0) Maximum number of connections reached (5), waiting for a thread to finish
(vm19:r0:0) Connection established
(vm19:r0:0) Connection finished, received 6710887 bytes
(vm19:r0) thread 0 joined, 29 connections remaining
(vm19:r0) Starting new connection thread
(vm19:r0) Maximum number of connections reached (5), waiting for a thread to finish
(vm19:r0:0) Connection established
(vm19:m0) Got connection from reducer vm5:r0
(vm19:m0:4) thread started, have to send 6710886 bytes
(vm19:r0:0) Connection finished, received 6710887 bytes
(vm19:r0) thread 0 joined, 28 connections remaining
(vm19:r0) Starting new connection thread
(vm19:r0) Maximum number of connections reached (5), waiting for a thread to finish
(vm19:r0:0) Connection established
(vm19:m0:4) all data sent, thread exiting
(vm19:r0:0) Connection finished, received 6710887 bytes
(vm19:r0) thread 0 joined, 27 connections remaining
(vm19:r0) Starting new connection thread
(vm19:r0) Maximum number of connections reached (5), waiting for a thread to finish
(vm19:m0) Got connection from reducer vm34:r0
(vm19:r0:0) Connection established
(vm19:m0:33) thread started, have to send 6710886 bytes
(vm19:m0) Got connection from reducer vm21:r0
(vm19:r0:0) Connection finished, received 6710887 bytes
(vm19:r0) thread 0 joined, 26 connections remaining
(vm19:r0) Starting new connection thread
(vm19:r0) Maximum number of connections reached (5), waiting for a thread to finish
(vm19:m0:20) thread started, have to send 6710886 bytes
(vm19:r0:0) Connection established
(vm19:m0) Got connection from reducer vm19:r0
(vm19:m0:18) thread started, have to send 6710886 bytes
(vm19:r0:0) Connection finished, received 6710887 bytes
(vm19:m0:18) all data sent, thread exiting
(vm19:m0:33) all data sent, thread exiting
(vm19:r0) thread 0 joined, 25 connections remaining
(vm19:r0) Starting new connection thread
(vm19:r0) Maximum number of connections reached (5), waiting for a thread to finish
(vm19:r0:0) Connection established
(vm19:m0:20) all data sent, thread exiting
(vm19:m0) Got connection from reducer vm37:r0
(vm19:m0:36) thread started, have to send 6710886 bytes
(vm19:m0) Got connection from reducer vm3:r0
(vm19:m0:2) thread started, have to send 6710886 bytes
(vm19:m0) Got connection from reducer vm9:r0
(vm19:m0:8) thread started, have to send 6710886 bytes
(vm19:m0:8) all data sent, thread exiting
(vm19:r0:0) Connection finished, received 6710887 bytes
(vm19:r0) thread 0 joined, 24 connections remaining
(vm19:r0) Starting new connection thread
(vm19:r0) Maximum number of connections reached (5), waiting for a thread to finish
(vm19:r0:0) Connection established
(vm19:m0) Got connection from reducer vm18:r0
(vm19:m0:17) thread started, have to send 6710886 bytes
(vm19:m0) Got connection from reducer vm26:r0
(vm19:m0:25) thread started, have to send 6710886 bytes
(vm19:m0:36) all data sent, thread exiting
(vm19:m0:2) all data sent, thread exiting
(vm19:m0:17) all data sent, thread exiting
(vm19:m0:25) all data sent, thread exiting
(vm19:m0) Got connection from reducer vm39:r0
(vm19:m0) Got connection from reducer vm4:r0
(vm19:m0:38) thread started, have to send 6710886 bytes
(vm19:m0:3) thread started, have to send 6710886 bytes
(vm19:m0) Got connection from reducer vm11:r0
(vm19:m0:10) thread started, have to send 6710886 bytes
(vm19:m0) Got connection from reducer vm33:r0
(vm19:r0:0) Connection finished, received 6710887 bytes
(vm19:r0) thread 0 joined, 23 connections remaining
(vm19:r0) Starting new connection thread
(vm19:r0) Maximum number of connections reached (5), waiting for a thread to finish
(vm19:m0:32) thread started, have to send 6710886 bytes
(vm19:r0:0) Connection established
(vm19:m0:3) all data sent, thread exiting
(vm19:m0:10) all data sent, thread exiting
(vm19:r0:0) Connection finished, received 6710887 bytes
(vm19:r0) thread 0 joined, 22 connections remaining
(vm19:r0) Starting new connection thread
(vm19:r0) Maximum number of connections reached (5), waiting for a thread to finish
(vm19:r0:0) Connection established
(vm19:m0:38) all data sent, thread exiting
(vm19:m0) Got connection from reducer vm29:r0
(vm19:m0:28) thread started, have to send 6710886 bytes
(vm19:m0) Got connection from reducer vm10:r0
(vm19:m0:9) thread started, have to send 6710886 bytes
(vm19:m0) Got connection from reducer vm2:r0
(vm19:m0) Got connection from reducer vm12:r0
(vm19:m0:11) thread started, have to send 6710886 bytes
(vm19:m0:1) thread started, have to send 6710886 bytes
(vm19:m0) Got connection from reducer vm30:r0
(vm19:m0) Got connection from reducer vm31:r0
(vm19:m0:32) all data sent, thread exiting
(vm19:m0:29) thread started, have to send 6710886 bytes
(vm19:m0:30) thread started, have to send 6710886 bytes
(vm19:m0:9) all data sent, thread exiting
(vm19:m0:28) all data sent, thread exiting
(vm19:m0:11) all data sent, thread exiting
(vm19:r0:0) Connection finished, received 6710887 bytes
(vm19:r0) thread 0 joined, 21 connections remaining
(vm19:r0) Starting new connection thread
(vm19:r0) Maximum number of connections reached (5), waiting for a thread to finish
(vm19:m0:30) all data sent, thread exiting
(vm19:r0:0) Connection established
(vm19:m0) Got connection from reducer vm13:r0
(vm19:m0:1) all data sent, thread exiting
(vm19:m0:12) thread started, have to send 6710886 bytes
(vm19:m0) Got connection from reducer vm28:r0
(vm19:m0) Waiting for a thread to finish
(vm19:m0) thread 0 joined, 39 connections remaining
(vm19:m0) Waiting for a thread to finish
(vm19:m0) thread 1 joined, 38 connections remaining
(vm19:m0) Waiting for a thread to finish
(vm19:m0) thread 2 joined, 37 connections remaining
(vm19:m0) Waiting for a thread to finish
(vm19:m0) thread 3 joined, 36 connections remaining
(vm19:m0) Waiting for a thread to finish
(vm19:m0) thread 4 joined, 35 connections remaining
(vm19:m0) Waiting for a thread to finish
(vm19:m0) thread 5 joined, 34 connections remaining
(vm19:m0) Waiting for a thread to finish
(vm19:m0) thread 6 joined, 33 connections remaining
(vm19:m0) Waiting for a thread to finish
(vm19:m0) thread 7 joined, 32 connections remaining
(vm19:m0) Waiting for a thread to finish
(vm19:m0) thread 8 joined, 31 connections remaining
(vm19:m0) Waiting for a thread to finish
(vm19:m0) thread 9 joined, 30 connections remaining
(vm19:m0) Waiting for a thread to finish
(vm19:m0) thread 10 joined, 29 connections remaining
(vm19:m0) Waiting for a thread to finish
(vm19:m0) thread 11 joined, 28 connections remaining
(vm19:m0) Waiting for a thread to finish
(vm19:m0:27) thread started, have to send 6710886 bytes
(vm19:m0:29) all data sent, thread exiting
(vm19:m0:12) all data sent, thread exiting
(vm19:m0) thread 12 joined, 27 connections remaining
(vm19:m0) Waiting for a thread to finish
(vm19:m0) thread 13 joined, 26 connections remaining
(vm19:m0) Waiting for a thread to finish
(vm19:m0) thread 14 joined, 25 connections remaining
(vm19:m0) Waiting for a thread to finish
(vm19:m0) thread 15 joined, 24 connections remaining
(vm19:m0) Waiting for a thread to finish
(vm19:m0) thread 16 joined, 23 connections remaining
(vm19:m0) Waiting for a thread to finish
(vm19:m0) thread 17 joined, 22 connections remaining
(vm19:m0) Waiting for a thread to finish
(vm19:m0) thread 18 joined, 21 connections remaining
(vm19:m0) Waiting for a thread to finish
(vm19:m0) thread 19 joined, 20 connections remaining
(vm19:m0) Waiting for a thread to finish
(vm19:m0) thread 20 joined, 19 connections remaining
(vm19:m0) Waiting for a thread to finish
(vm19:m0) thread 21 joined, 18 connections remaining
(vm19:m0) Waiting for a thread to finish
(vm19:m0) thread 22 joined, 17 connections remaining
(vm19:m0) Waiting for a thread to finish
(vm19:m0) thread 23 joined, 16 connections remaining
(vm19:m0) Waiting for a thread to finish
(vm19:m0) thread 24 joined, 15 connections remaining
(vm19:m0) Waiting for a thread to finish
(vm19:m0) thread 25 joined, 14 connections remaining
(vm19:m0) Waiting for a thread to finish
(vm19:m0) thread 26 joined, 13 connections remaining
(vm19:m0) Waiting for a thread to finish
(vm19:r0:0) Connection finished, received 6710887 bytes
(vm19:r0) thread 0 joined, 20 connections remaining
(vm19:r0) Starting new connection thread
(vm19:r0) Maximum number of connections reached (5), waiting for a thread to finish
(vm19:r0:0) Connection established
(vm19:m0:27) all data sent, thread exiting
(vm19:m0) thread 27 joined, 12 connections remaining
(vm19:m0) Waiting for a thread to finish
(vm19:m0) thread 28 joined, 11 connections remaining
(vm19:m0) Waiting for a thread to finish
(vm19:m0) thread 29 joined, 10 connections remaining
(vm19:m0) Waiting for a thread to finish
(vm19:m0) thread 30 joined, 9 connections remaining
(vm19:m0) Waiting for a thread to finish
(vm19:m0) thread 31 joined, 8 connections remaining
(vm19:m0) Waiting for a thread to finish
(vm19:m0) thread 32 joined, 7 connections remaining
(vm19:m0) Waiting for a thread to finish
(vm19:m0) thread 33 joined, 6 connections remaining
(vm19:m0) Waiting for a thread to finish
(vm19:m0) thread 34 joined, 5 connections remaining
(vm19:m0) Waiting for a thread to finish
(vm19:m0) thread 35 joined, 4 connections remaining
(vm19:m0) Waiting for a thread to finish
(vm19:m0) thread 36 joined, 3 connections remaining
(vm19:m0) Waiting for a thread to finish
(vm19:m0) thread 37 joined, 2 connections remaining
(vm19:m0) Waiting for a thread to finish
(vm19:m0) thread 38 joined, 1 connections remaining
(vm19:m0) Waiting for a thread to finish
(vm19:m0) thread 39 joined, 0 connections remaining
(vm19:m0) all done, exiting
*RES* start node vm19:m0
*RES* vm19:m0:0,1405935475558,46,10,6710887
*RES* vm19:m0:1,1405935479286,125,18,6710887
*RES* vm19:m0:2,1405935478346,330,19,6710887
*RES* vm19:m0:3,1405935478867,266,11,6710887
*RES* vm19:m0:4,1405935477990,42,7,6710887
*RES* vm19:m0:5,1405935477475,72,24,6710887
*RES* vm19:m0:6,1405935476977,81,13,6710887
*RES* vm19:m0:7,1405935477586,137,21,6710887
*RES* vm19:m0:8,1405935478358,110,20,6710887
*RES* vm19:m0:9,1405935479266,118,19,6710887
*RES* vm19:m0:10,1405935478899,230,12,6710887
*RES* vm19:m0:11,1405935479277,109,16,6710887
*RES* vm19:m0:12,1405935479414,234,15,6710887
*RES* vm19:m0:13,1405935477350,67,8,6710887
*RES* vm19:m0:14,1405935476050,26,9,6710887
*RES* vm19:m0:15,1405935475518,166,18,6710887
*RES* vm19:m0:16,1405935477417,64,6,6710887
*RES* vm19:m0:17,1405935478539,246,9,6710887
*RES* vm19:m0:18,1405935478234,45,12,6710887
*RES* vm19:m0:19,1405935475378,94,10,6710887
*RES* vm19:m0:20,1405935478218,83,13,6710887
*RES* vm19:m0:21,1405935475902,122,16,6710887
*RES* vm19:m0:22,1405935477178,102,15,6710887
*RES* vm19:m0:23,1405935476236,113,7,6710887
*RES* vm19:m0:24,1405935475579,47,16,6710887
*RES* vm19:m0:25,1405935478658,181,11,6710887
*RES* vm19:m0:26,1405935477222,102,14,6710887
*RES* vm19:m0:27,1405935479434,293,12,6710887
*RES* vm19:m0:28,1405935479255,125,14,6710887
*RES* vm19:m0:29,1405935479297,262,8,6710887
*RES* vm19:m0:30,1405935479299,104,14,6710887
*RES* vm19:m0:31,1405935476634,30,11,6710887
*RES* vm19:m0:32,1405935478922,373,12,6710887
*RES* vm19:m0:33,1405935478161,121,19,6710887
*RES* vm19:m0:34,1405935476568,39,6,6710887
*RES* vm19:m0:35,1405935477602,47,21,6710887
*RES* vm19:m0:36,1405935478322,341,22,6710887
*RES* vm19:m0:37,1405935476238,59,17,6710887
*RES* vm19:m0:38,1405935478867,361,10,6710887
*RES* vm19:m0:39,1405935477646,67,14,6710887
*RES* end node vm19:m0
Node vm19:m0 joined
(vm19:r0:0) Connection finished, received 6710887 bytes
(vm19:r0) thread 0 joined, 19 connections remaining
(vm19:r0) Starting new connection thread
(vm19:r0) Maximum number of connections reached (5), waiting for a thread to finish
(vm19:r0:0) Connection established
(vm19:r0:0) Connection finished, received 6710887 bytes
(vm19:r0) thread 0 joined, 18 connections remaining
(vm19:r0) Starting new connection thread
(vm19:r0) Maximum number of connections reached (5), waiting for a thread to finish
(vm19:r0:0) Connection established
(vm19:r0:0) Connection finished, received 6710887 bytes
(vm19:r0) thread 0 joined, 17 connections remaining
(vm19:r0) Starting new connection thread
(vm19:r0) Maximum number of connections reached (5), waiting for a thread to finish
(vm19:r0:0) Connection established
(vm19:r0:0) Connection finished, received 6710887 bytes
(vm19:r0) thread 0 joined, 16 connections remaining
(vm19:r0) Starting new connection thread
(vm19:r0) Maximum number of connections reached (5), waiting for a thread to finish
(vm19:r0:0) Connection established
(vm19:r0:0) Connection finished, received 6710887 bytes
(vm19:r0) thread 0 joined, 15 connections remaining
(vm19:r0) Starting new connection thread
(vm19:r0) Maximum number of connections reached (5), waiting for a thread to finish
(vm19:r0:0) Connection established
(vm19:r0:0) Connection finished, received 6710887 bytes
(vm19:r0) thread 0 joined, 14 connections remaining
(vm19:r0) Starting new connection thread
(vm19:r0) Maximum number of connections reached (5), waiting for a thread to finish
(vm19:r0:0) Connection established
(vm19:r0:0) Connection finished, received 6710887 bytes
(vm19:r0) thread 0 joined, 13 connections remaining
(vm19:r0) Starting new connection thread
(vm19:r0) Maximum number of connections reached (5), waiting for a thread to finish
(vm19:r0:0) Connection established
(vm19:r0:0) Connection finished, received 6710887 bytes
(vm19:r0) thread 0 joined, 12 connections remaining
(vm19:r0) Starting new connection thread
(vm19:r0) Maximum number of connections reached (5), waiting for a thread to finish
(vm19:r0:0) Connection established
(vm19:r0:0) Connection finished, received 6710887 bytes
(vm19:r0) thread 0 joined, 11 connections remaining
(vm19:r0) Starting new connection thread
(vm19:r0) Maximum number of connections reached (5), waiting for a thread to finish
(vm19:r0:0) Connection established
(vm19:r0:0) Connection finished, received 6710887 bytes
(vm19:r0) thread 0 joined, 10 connections remaining
(vm19:r0) Starting new connection thread
(vm19:r0) Maximum number of connections reached (5), waiting for a thread to finish
(vm19:r0:0) Connection established
(vm19:r0:0) Connection finished, received 6710887 bytes
(vm19:r0) thread 0 joined, 9 connections remaining
(vm19:r0) Starting new connection thread
(vm19:r0) Maximum number of connections reached (5), waiting for a thread to finish
(vm19:r0:0) Connection established
(vm19:r0:0) Connection finished, received 6710887 bytes
(vm19:r0) thread 0 joined, 8 connections remaining
(vm19:r0) Starting new connection thread
(vm19:r0) Maximum number of connections reached (5), waiting for a thread to finish
(vm19:r0:0) Connection established
(vm19:r0:0) Connection finished, received 6710887 bytes
(vm19:r0) thread 0 joined, 7 connections remaining
(vm19:r0) Starting new connection thread
(vm19:r0) Maximum number of connections reached (5), waiting for a thread to finish
(vm19:r0:0) Connection established
(vm19:r0:0) Connection finished, received 6710887 bytes
(vm19:r0) thread 0 joined, 6 connections remaining
(vm19:r0) Starting new connection thread
(vm19:r0) Maximum number of connections reached (5), waiting for a thread to finish
(vm19:r0:0) Connection established
(vm19:r0:0) Connection finished, received 6710887 bytes
(vm19:r0) thread 0 joined, 5 connections remaining
(vm19:r0) Starting new connection thread
(vm19:r0) Maximum number of connections reached (5), waiting for a thread to finish
(vm19:r0:0) Connection established
(vm19:r0:0) Connection finished, received 6710887 bytes
(vm19:r0) thread 0 joined, 4 connections remaining
(vm19:r0) Maximum number of connections reached (4), waiting for a thread to finish
(vm19:r0) thread 1 joined, 3 connections remaining
(vm19:r0) Maximum number of connections reached (3), waiting for a thread to finish
(vm19:r0) thread 2 joined, 2 connections remaining
(vm19:r0) Maximum number of connections reached (2), waiting for a thread to finish
(vm19:r0) thread 3 joined, 1 connections remaining
(vm19:r0) Maximum number of connections reached (1), waiting for a thread to finish
(vm19:r0) thread 4 joined, 0 connections remaining
(vm19:r0) all done, exiting
*RES* start node vm19:r0
*RES* vm19:r0:0,1405935473498,306,10,6710887
*RES* vm19:r0:0,1405935473810,1043,47,6710887
*RES* vm19:r0:0,1405935474858,508,15,6710887
*RES* vm19:r0:0,1405935475370,584,14,6710887
*RES* vm19:r0:0,1405935475958,593,16,6710887
*RES* vm19:r0:0,1405935476558,413,19,6710887
*RES* vm19:r0:0,1405935476977,177,16,6710887
*RES* vm19:r0:0,1405935477158,119,19,6710887
*RES* vm19:r0:0,1405935477286,438,18,6710887
*RES* vm19:r0:0,1405935477730,63,14,6710887
*RES* vm19:r0:0,1405935477798,65,13,6710887
*RES* vm19:r0:0,1405935477870,134,13,6710887
*RES* vm19:r0:0,1405935478010,123,26,6710887
*RES* vm19:r0:0,1405935478146,69,18,6710887
*RES* vm19:r0:0,1405935478227,52,12,6710887
*RES* vm19:r0:0,1405935478286,185,23,6710887
*RES* vm19:r0:0,1405935478475,445,15,6710887
*RES* vm19:r0:0,1405935478926,253,23,6710887
*RES* vm19:r0:0,1405935479183,213,18,6710887
*RES* vm19:r0:0,1405935479403,254,17,6710887
*RES* vm19:r0:0,1405935479666,100,10,6710887
*RES* vm19:r0:0,1405935479774,356,13,6710887
*RES* vm19:r0:0,1405935480134,55,12,6710887
*RES* vm19:r0:0,1405935480194,139,13,6710887
*RES* vm19:r0:0,1405935480338,32,8,6710887
*RES* vm19:r0:0,1405935480374,54,8,6710887
*RES* vm19:r0:0,1405935480434,48,8,6710887
*RES* vm19:r0:0,1405935480490,21,7,6710887
*RES* vm19:r0:0,1405935480518,25,9,6710887
*RES* vm19:r0:0,1405935480550,20,8,6710887
*RES* vm19:r0:0,1405935480574,20,8,6710887
*RES* vm19:r0:0,1405935480602,16,7,6710887
*RES* vm19:r0:0,1405935480622,22,8,6710887
*RES* vm19:r0:0,1405935480650,19,7,6710887
*RES* vm19:r0:0,1405935480674,35,8,6710887
*RES* vm19:r0:0,1405935480714,20,8,6710887
*RES* vm19:r0:1,1405935473498,329,10,6710887
*RES* vm19:r0:2,1405935473498,405,10,6710887
*RES* vm19:r0:3,1405935473498,571,11,6710887
*RES* vm19:r0:4,1405935473498,402,11,6710887
*RES* end node vm19:r0
Node vm19:r0 joined
Worker terminating correctly
