OSMeF worker starting
Enabling core dumping
Listening for command connection
CONF: mapper on port 23330
CONF: -> will serve 42 reducers
(main) new thread ID: vm17:m0
(vm17:m0) Mapper thread started
(vm17:m0) Binding to port 23330
(vm17:m0) Got START signal
(vm17:m0) new thread ID: vm17:m0:th0
(vm17:m0:th0) waiting for something to do...
CONF: reducer
(main) new thread ID: vm17:r0
(vm17:r0) Reducer thread started
(vm17:r0) waiting for START message
(main) Waiting for thread vm17:m0 to join...
(vm17:r0) got START message
(vm17:r0) new thread ID: th0
(vm17:r0) new thread ID: th1
(vm17:r0) new thread ID: th2
(vm17:r0) new thread ID: th3
(vm17:r0) new thread ID: th4
(vm17:r0:th4:0) Connection established with mapper vm5:m0
(vm17:r0:th2:0) Connection established with mapper vm3:m0
(vm17:r0:th3:0) Connection established with mapper vm4:m0
(vm17:r0:th0:0) Connection established with mapper vm1:m0
(vm17:r0:th1:0) Connection established with mapper vm2:m0
(vm17:m0) Got connection from reducer vm42:r0
(vm17:m0) new thread ID: vm17:m0:th1
(vm17:m0:th0) connection started, have to send 623305911 bytes to vm42:r0
(vm17:m0:th1) waiting for something to do...
(vm17:m0:th0) all data sent, closing connection to vm42:r0
(vm17:m0:th0) waiting for something to do...
(vm17:m0) Got connection from reducer vm23:r0
(vm17:m0:th1) connection started, have to send 623305911 bytes to vm23:r0
(vm17:m0) Got connection from reducer vm31:r0
(vm17:m0) new thread ID: vm17:m0:th2
(vm17:m0:th0) connection started, have to send 623305911 bytes to vm31:r0
(vm17:m0:th0) all data sent, closing connection to vm31:r0
(vm17:m0:th0) waiting for something to do...
(vm17:m0:th2) waiting for something to do...
(vm17:r0:th2:0) Connection to vm3:m0 finished, received 623305912 bytes
(vm17:r0:th2:1) Connection established with mapper vm8:m0
(vm17:r0:th2:1) Connection to vm8:m0 finished, received 623305913 bytes
(vm17:r0:th2:2) Connection established with mapper vm13:m0
(vm17:r0:th2:2) Connection to vm13:m0 finished, received 623305914 bytes
(vm17:r0:th2:3) Connection established with mapper vm18:m0
(vm17:m0) Got connection from reducer vm25:r0
(vm17:m0:th2) connection started, have to send 623305911 bytes to vm25:r0
(vm17:m0) Got connection from reducer vm39:r0
(vm17:m0) new thread ID: vm17:m0:th3
(vm17:m0:th0) connection started, have to send 623305911 bytes to vm39:r0
(vm17:m0:th0) all data sent, closing connection to vm39:r0
(vm17:m0:th0) waiting for something to do...
(vm17:m0:th3) waiting for something to do...
(vm17:r0:th3:0) Connection to vm4:m0 finished, received 623305912 bytes
(vm17:r0:th3:1) Connection established with mapper vm9:m0
(vm17:r0:th3:1) Connection to vm9:m0 finished, received 623305913 bytes
(vm17:r0:th3:2) Connection established with mapper vm14:m0
(vm17:r0:th3:2) Connection to vm14:m0 finished, received 623305914 bytes
(vm17:r0:th3:3) Connection established with mapper vm19:m0
(vm17:r0:th3:3) Connection to vm19:m0 finished, received 623305915 bytes
(vm17:r0:th3:4) Connection established with mapper vm24:m0
(vm17:m0) Got connection from reducer vm13:r0
(vm17:m0:th3) connection started, have to send 623305911 bytes to vm13:r0
(vm17:r0:th1:0) Connection to vm2:m0 finished, received 623305912 bytes
(vm17:r0:th1:1) Connection established with mapper vm7:m0
(vm17:m0) Got connection from reducer vm26:r0
(vm17:m0) new thread ID: vm17:m0:th4
(vm17:m0:th0) connection started, have to send 623305911 bytes to vm26:r0
(vm17:m0:th0) all data sent, closing connection to vm26:r0
(vm17:m0:th0) waiting for something to do...
(vm17:m0:th4) waiting for something to do...
(vm17:m0) Got connection from reducer vm21:r0
(vm17:m0:th4) connection started, have to send 623305911 bytes to vm21:r0
(vm17:m0) Got connection from reducer vm8:r0
(vm17:m0) new thread ID: vm17:m0:th5
(vm17:m0:th0) connection started, have to send 623305911 bytes to vm8:r0
(vm17:m0:th0) all data sent, closing connection to vm8:r0
(vm17:m0:th0) waiting for something to do...
(vm17:m0:th5) waiting for something to do...
(vm17:r0:th0:0) Connection to vm1:m0 finished, received 623305912 bytes
(vm17:r0:th0:1) Connection established with mapper vm6:m0
(vm17:r0:th0:1) Connection to vm6:m0 finished, received 623305913 bytes
(vm17:r0:th0:2) Connection established with mapper vm11:m0
(vm17:r0:th0:2) Connection to vm11:m0 finished, received 623305914 bytes
(vm17:r0:th0:3) Connection established with mapper vm16:m0
(vm17:r0:th0:3) Connection to vm16:m0 finished, received 623305915 bytes
(vm17:r0:th0:4) Connection established with mapper vm21:m0
(vm17:r0:th0:4) Connection to vm21:m0 finished, received 623305916 bytes
(vm17:r0:th0:5) Connection established with mapper vm26:m0
(vm17:r0:th4:0) Connection to vm5:m0 finished, received 623305912 bytes
(vm17:r0:th4:1) Connection established with mapper vm10:m0
(vm17:r0:th4:1) Connection to vm10:m0 finished, received 623305913 bytes
(vm17:r0:th4:2) Connection established with mapper vm15:m0
(vm17:r0:th4:2) Connection to vm15:m0 finished, received 623305914 bytes
(vm17:r0:th4:3) Connection established with mapper vm20:m0
(vm17:r0:th4:3) Connection to vm20:m0 finished, received 623305915 bytes
(vm17:r0:th4:4) Connection established with mapper vm25:m0
(vm17:r0:th4:4) Connection to vm25:m0 finished, received 623305916 bytes
(vm17:r0:th4:5) Connection established with mapper vm30:m0
(vm17:r0:th4:5) Connection to vm30:m0 finished, received 623305917 bytes
(vm17:r0:th4:6) Connection established with mapper vm35:m0
(vm17:r0:th4:6) Connection to vm35:m0 finished, received 623305918 bytes
(vm17:r0:th4:7) Connection established with mapper vm40:m0
(vm17:r0:th4:7) Connection to vm40:m0 finished, received 623305919 bytes
(vm17:r0:th4) Got data from all mappers, this reducer connection has finished.
(vm17:m0) Got connection from reducer vm7:r0
(vm17:m0:th5) connection started, have to send 623305911 bytes to vm7:r0
(vm17:m0) Got connection from reducer vm3:r0
(vm17:m0) new thread ID: vm17:m0:th6
(vm17:m0:th0) connection started, have to send 623305911 bytes to vm3:r0
(vm17:m0:th0) all data sent, closing connection to vm3:r0
(vm17:m0:th0) waiting for something to do...
(vm17:m0:th6) waiting for something to do...
(vm17:m0) Got connection from reducer vm14:r0
(vm17:m0:th6) connection started, have to send 623305911 bytes to vm14:r0
(vm17:m0:th1) all data sent, closing connection to vm23:r0
(vm17:m0:th1) waiting for something to do...
(vm17:m0:th2) all data sent, closing connection to vm25:r0
(vm17:m0:th2) waiting for something to do...
(vm17:r0:th2:3) Connection to vm18:m0 finished, received 1246611826 bytes
(vm17:r0:th2:4) Connection established with mapper vm23:m0
(vm17:r0:th2:4) Connection to vm23:m0 finished, received 1246611827 bytes
(vm17:r0:th2:5) Connection established with mapper vm28:m0
(vm17:r0:th2:5) Connection to vm28:m0 finished, received 1246611828 bytes
(vm17:r0:th2:6) Connection established with mapper vm33:m0
(vm17:r0:th2:6) Connection to vm33:m0 finished, received 1246611829 bytes
(vm17:r0:th2:7) Connection established with mapper vm38:m0
(vm17:r0:th2:7) Connection to vm38:m0 finished, received 1246611830 bytes
(vm17:r0:th2) Got data from all mappers, this reducer connection has finished.
(vm17:m0:th3) all data sent, closing connection to vm13:r0
(vm17:m0:th3) waiting for something to do...
(vm17:m0) Got connection from reducer vm6:r0
(vm17:m0:th0) connection started, have to send 623305911 bytes to vm6:r0
(vm17:m0:th0) all data sent, closing connection to vm6:r0
(vm17:m0:th0) waiting for something to do...
(vm17:m0) Got connection from reducer vm41:r0
(vm17:m0:th1) connection started, have to send 623305911 bytes to vm41:r0
(vm17:m0:th1) all data sent, closing connection to vm41:r0
(vm17:m0:th1) waiting for something to do...
(vm17:m0) Got connection from reducer vm34:r0
(vm17:m0:th0) connection started, have to send 623305911 bytes to vm34:r0
(vm17:m0:th0) all data sent, closing connection to vm34:r0
(vm17:m0:th0) waiting for something to do...
(vm17:m0) Got connection from reducer vm28:r0
(vm17:m0:th1) connection started, have to send 623305911 bytes to vm28:r0
(vm17:m0:th1) all data sent, closing connection to vm28:r0
(vm17:m0:th1) waiting for something to do...
(vm17:m0) Got connection from reducer vm9:r0
(vm17:m0:th0) connection started, have to send 623305911 bytes to vm9:r0
(vm17:m0:th0) all data sent, closing connection to vm9:r0
(vm17:m0:th0) waiting for something to do...
(vm17:m0) Got connection from reducer vm4:r0
(vm17:m0:th1) connection started, have to send 623305911 bytes to vm4:r0
(vm17:m0:th1) all data sent, closing connection to vm4:r0
(vm17:m0:th1) waiting for something to do...
(vm17:m0) Got connection from reducer vm32:r0
(vm17:m0:th0) connection started, have to send 623305911 bytes to vm32:r0
(vm17:m0:th0) all data sent, closing connection to vm32:r0
(vm17:m0:th0) waiting for something to do...
(vm17:m0:th6) all data sent, closing connection to vm14:r0
(vm17:m0:th6) waiting for something to do...
(vm17:m0) Got connection from reducer vm2:r0
(vm17:m0:th1) connection started, have to send 623305911 bytes to vm2:r0
(vm17:m0:th1) all data sent, closing connection to vm2:r0
(vm17:m0:th1) waiting for something to do...
(vm17:m0) Got connection from reducer vm5:r0
(vm17:m0:th0) connection started, have to send 623305911 bytes to vm5:r0
(vm17:m0:th0) all data sent, closing connection to vm5:r0
(vm17:m0:th0) waiting for something to do...
(vm17:m0:th4) all data sent, closing connection to vm21:r0
(vm17:m0:th4) waiting for something to do...
(vm17:m0) Got connection from reducer vm27:r0
(vm17:m0:th1) connection started, have to send 623305911 bytes to vm27:r0
(vm17:m0:th1) all data sent, closing connection to vm27:r0
(vm17:m0:th1) waiting for something to do...
(vm17:m0) Got connection from reducer vm37:r0
(vm17:m0:th0) connection started, have to send 623305911 bytes to vm37:r0
(vm17:m0:th0) all data sent, closing connection to vm37:r0
(vm17:m0:th0) waiting for something to do...
(vm17:r0:th0:5) Connection to vm26:m0 finished, received 1246611828 bytes
(vm17:r0:th0:6) Connection established with mapper vm31:m0
(vm17:r0:th0:6) Connection to vm31:m0 finished, received 1246611829 bytes
(vm17:r0:th0:7) Connection established with mapper vm36:m0
(vm17:m0) Got connection from reducer vm30:r0
(vm17:m0:th1) connection started, have to send 623305911 bytes to vm30:r0
(vm17:m0:th1) all data sent, closing connection to vm30:r0
(vm17:m0:th1) waiting for something to do...
(vm17:r0:th3:4) Connection to vm24:m0 finished, received 1246611827 bytes
(vm17:r0:th3:5) Connection established with mapper vm29:m0
(vm17:r0:th3:5) Connection to vm29:m0 finished, received 1246611828 bytes
(vm17:r0:th3:6) Connection established with mapper vm34:m0
(vm17:r0:th3:6) Connection to vm34:m0 finished, received 1246611829 bytes
(vm17:r0:th3:7) Connection established with mapper vm39:m0
(vm17:r0:th3:7) Connection to vm39:m0 finished, received 1246611830 bytes
(vm17:r0:th3) Got data from all mappers, this reducer connection has finished.
(vm17:m0) Got connection from reducer vm35:r0
(vm17:m0:th0) connection started, have to send 623305911 bytes to vm35:r0
(vm17:m0:th0) all data sent, closing connection to vm35:r0
(vm17:m0:th0) waiting for something to do...
(vm17:m0) Got connection from reducer vm24:r0
(vm17:m0:th0) connection started, have to send 623305911 bytes to vm24:r0
(vm17:m0:th0) all data sent, closing connection to vm24:r0
(vm17:m0:th0) waiting for something to do...
(vm17:m0) Got connection from reducer vm33:r0
(vm17:m0:th1) connection started, have to send 623305911 bytes to vm33:r0
(vm17:m0:th1) all data sent, closing connection to vm33:r0
(vm17:m0:th1) waiting for something to do...
(vm17:m0) Got connection from reducer vm16:r0
(vm17:m0:th0) connection started, have to send 623305911 bytes to vm16:r0
(vm17:m0:th0) all data sent, closing connection to vm16:r0
(vm17:m0:th0) waiting for something to do...
(vm17:m0) Got connection from reducer vm15:r0
(vm17:m0:th1) connection started, have to send 623305911 bytes to vm15:r0
(vm17:m0:th1) all data sent, closing connection to vm15:r0
(vm17:m0:th1) waiting for something to do...
(vm17:m0) Got connection from reducer vm11:r0
(vm17:m0:th0) connection started, have to send 623305911 bytes to vm11:r0
(vm17:m0:th0) all data sent, closing connection to vm11:r0
(vm17:m0:th0) waiting for something to do...
(vm17:m0) Got connection from reducer vm20:r0
(vm17:m0:th1) connection started, have to send 623305911 bytes to vm20:r0
(vm17:m0:th1) all data sent, closing connection to vm20:r0
(vm17:m0:th1) waiting for something to do...
(vm17:m0) Got connection from reducer vm40:r0
(vm17:m0:th0) connection started, have to send 623305911 bytes to vm40:r0
(vm17:m0:th0) all data sent, closing connection to vm40:r0
(vm17:m0:th0) waiting for something to do...
(vm17:m0) Got connection from reducer vm19:r0
(vm17:m0:th1) connection started, have to send 623305911 bytes to vm19:r0
(vm17:m0:th1) all data sent, closing connection to vm19:r0
(vm17:m0:th1) waiting for something to do...
(vm17:m0) Got connection from reducer vm36:r0
(vm17:m0:th0) connection started, have to send 623305911 bytes to vm36:r0
(vm17:m0:th0) all data sent, closing connection to vm36:r0
(vm17:m0:th0) waiting for something to do...
(vm17:m0) Got connection from reducer vm22:r0
(vm17:m0:th1) connection started, have to send 623305911 bytes to vm22:r0
(vm17:m0:th1) all data sent, closing connection to vm22:r0
(vm17:m0:th1) waiting for something to do...
(vm17:m0:th5) all data sent, closing connection to vm7:r0
(vm17:m0:th5) waiting for something to do...
(vm17:m0) Got connection from reducer vm18:r0
(vm17:m0:th0) connection started, have to send 623305911 bytes to vm18:r0
(vm17:m0:th0) all data sent, closing connection to vm18:r0
(vm17:m0:th0) waiting for something to do...
(vm17:m0) Got connection from reducer vm38:r0
(vm17:m0:th1) connection started, have to send 623305911 bytes to vm38:r0
(vm17:m0:th1) all data sent, closing connection to vm38:r0
(vm17:m0:th1) waiting for something to do...
(vm17:r0:th1:1) Connection to vm7:m0 finished, received 1246611824 bytes
(vm17:r0:th1:2) Connection established with mapper vm12:m0
(vm17:r0:th1:2) Connection to vm12:m0 finished, received 1246611825 bytes
(vm17:r0:th1:3) Connection established with mapper vm17:m0
(vm17:m0) Got connection from reducer vm17:r0
(vm17:m0:th0) connection started, have to send 623305911 bytes to vm17:r0
(vm17:m0:th0) all data sent, closing connection to vm17:r0
(vm17:m0:th0) waiting for something to do...
(vm17:r0:th1:3) Connection to vm17:m0 finished, received 1246611826 bytes
(vm17:r0:th1:4) Connection established with mapper vm22:m0
(vm17:r0:th1:4) Connection to vm22:m0 finished, received 1246611827 bytes
(vm17:r0:th1:5) Connection established with mapper vm27:m0
(vm17:r0:th1:5) Connection to vm27:m0 finished, received 1246611828 bytes
(vm17:r0:th1:6) Connection established with mapper vm32:m0
(vm17:r0:th1:6) Connection to vm32:m0 finished, received 1246611829 bytes
(vm17:r0:th1:7) Connection established with mapper vm37:m0
(vm17:r0:th1:7) Connection to vm37:m0 finished, received 1246611830 bytes
(vm17:r0:th1:8) Connection established with mapper vm42:m0
(vm17:r0:th1:8) Connection to vm42:m0 finished, received 1246611831 bytes
(vm17:r0:th1) Got data from all mappers, this reducer connection has finished.
(vm17:m0) Got connection from reducer vm10:r0
(vm17:m0:th1) connection started, have to send 623305911 bytes to vm10:r0
(vm17:m0:th1) all data sent, closing connection to vm10:r0
(vm17:m0:th1) waiting for something to do...
(vm17:m0) Got connection from reducer vm12:r0
(vm17:m0:th0) connection started, have to send 623305911 bytes to vm12:r0
(vm17:m0:th0) all data sent, closing connection to vm12:r0
(vm17:m0:th0) waiting for something to do...
(vm17:m0) Got connection from reducer vm1:r0
(vm17:m0:th1) connection started, have to send 623305911 bytes to vm1:r0
(vm17:m0:th1) all data sent, closing connection to vm1:r0
(vm17:m0:th1) waiting for something to do...
(vm17:m0) Got connection from reducer vm29:r0
(vm17:m0) All reducers connected, waiting for threads to terminate
(vm17:m0) waiting on semaphore
(vm17:m0) -> 1 threads still running
(vm17:m0) waiting on semaphore
(vm17:m0) -> 1 threads still running
(vm17:m0) waiting on semaphore
(vm17:m0) -> 1 threads still running
(vm17:m0) waiting on semaphore
(vm17:m0) -> 1 threads still running
(vm17:m0) waiting on semaphore
(vm17:m0) -> 1 threads still running
(vm17:m0) waiting on semaphore
(vm17:m0) -> 1 threads still running
(vm17:m0) waiting on semaphore
(vm17:m0) -> 1 threads still running
(vm17:m0) waiting on semaphore
(vm17:m0) -> 1 threads still running
(vm17:m0) waiting on semaphore
(vm17:m0) -> 1 threads still running
(vm17:m0) waiting on semaphore
(vm17:m0) -> 1 threads still running
(vm17:m0) waiting on semaphore
(vm17:m0) -> 1 threads still running
(vm17:m0) waiting on semaphore
(vm17:m0) -> 1 threads still running
(vm17:m0) waiting on semaphore
(vm17:m0) -> 1 threads still running
(vm17:m0) waiting on semaphore
(vm17:m0) -> 1 threads still running
(vm17:m0) waiting on semaphore
(vm17:m0) -> 1 threads still running
(vm17:m0) waiting on semaphore
(vm17:m0) -> 1 threads still running
(vm17:m0) waiting on semaphore
(vm17:m0) -> 1 threads still running
(vm17:m0) waiting on semaphore
(vm17:m0) -> 1 threads still running
(vm17:m0) waiting on semaphore
(vm17:m0) -> 1 threads still running
(vm17:m0) waiting on semaphore
(vm17:m0) -> 1 threads still running
(vm17:m0) waiting on semaphore
(vm17:m0) -> 1 threads still running
(vm17:m0) waiting on semaphore
(vm17:m0) -> 1 threads still running
(vm17:m0) waiting on semaphore
(vm17:m0) -> 1 threads still running
(vm17:m0) waiting on semaphore
(vm17:m0) -> 1 threads still running
(vm17:m0) waiting on semaphore
(vm17:m0) -> 1 threads still running
(vm17:m0) waiting on semaphore
(vm17:m0) -> 1 threads still running
(vm17:m0) waiting on semaphore
(vm17:m0) -> 1 threads still running
(vm17:m0) waiting on semaphore
(vm17:m0) -> 1 threads still running
(vm17:m0) waiting on semaphore
(vm17:m0) -> 1 threads still running
(vm17:m0) waiting on semaphore
(vm17:m0) -> 1 threads still running
(vm17:m0) waiting on semaphore
(vm17:m0) -> 1 threads still running
(vm17:m0) waiting on semaphore
(vm17:m0) -> 1 threads still running
(vm17:m0) waiting on semaphore
(vm17:m0) -> 1 threads still running
(vm17:m0) waiting on semaphore
(vm17:m0) -> 1 threads still running
(vm17:m0) waiting on semaphore
(vm17:m0) -> 1 threads still running
(vm17:m0) waiting on semaphore
(vm17:m0) -> 1 threads still running
(vm17:m0) waiting on semaphore
(vm17:m0) -> 1 threads still running
(vm17:m0) waiting on semaphore
(vm17:m0) -> 1 threads still running
(vm17:m0) waiting on semaphore
(vm17:m0) -> 1 threads still running
(vm17:m0) waiting on semaphore
(vm17:m0:th0) connection started, have to send 623305911 bytes to vm29:r0
(vm17:m0:th0) all data sent, closing connection to vm29:r0
(vm17:m0:th0) waiting for something to do...
(vm17:m0) Sending exit signal to all threads
(vm17:m0:th1) got exit signal
(vm17:m0:th2) got exit signal
(vm17:m0:th3) got exit signal
(vm17:m0:th4) got exit signal
(vm17:m0:th5) got exit signal
(vm17:m0:th6) got exit signal
(vm17:m0:th0) got exit signal
(vm17:m0) thread vm17:m0:th0 joined
(vm17:m0) thread vm17:m0:th1 joined
(vm17:m0) thread vm17:m0:th2 joined
(vm17:m0) thread vm17:m0:th3 joined
(vm17:m0) thread vm17:m0:th4 joined
(vm17:m0) thread vm17:m0:th5 joined
(vm17:m0) thread vm17:m0:th6 joined
(vm17:m0) all done, exiting
*RES* start node vm17:m0
*RES* vm17:m0:th0,1406626600111,2732,578,623305912
*RES* vm17:m0:th0,1406626612121,0,578,623305912
*RES* vm17:m0:th0,1406626612778,0,578,623305912
*RES* vm17:m0:th0,1406626613258,0,578,623305912
*RES* vm17:m0:th0,1406626613590,0,578,623305912
*RES* vm17:m0:th0,1406626617917,0,579,623305912
*RES* vm17:m0:th1,1406626611786,8743,892,623305912
*RES* vm17:m0:th0,1406626622356,0,579,623305912
*RES* vm17:m0:th1,1406626622512,0,893,623305912
*RES* vm17:m0:th0,1406626624245,0,579,623305912
*RES* vm17:m0:th1,1406626624489,1,893,623305912
*RES* vm17:m0:th0,1406626624672,0,579,623305912
*RES* vm17:m0:th1,1406626625511,0,893,623305912
*RES* vm17:m0:th0,1406626627085,0,579,623305912
*RES* vm17:m0:th1,1406626627623,0,894,623305912
*RES* vm17:m0:th0,1406626628183,0,579,623305912
*RES* vm17:m0:th1,1406626629514,0,894,623305912
*RES* vm17:m0:th0,1406626629943,0,579,623305912
*RES* vm17:m0:th0,1406626632588,0,580,623305912
*RES* vm17:m0:th1,1406626631687,0,894,623305912
*RES* vm17:m0:th0,1406626632644,0,580,623305912
*RES* vm17:m0:th1,1406626633143,0,894,623305912
*RES* vm17:m0:th0,1406626633877,0,580,623305912
*RES* vm17:m0:th1,1406626633894,0,894,623305912
*RES* vm17:m0:th0,1406626634079,0,580,623305912
*RES* vm17:m0:th1,1406626634903,0,895,623305912
*RES* vm17:m0:th0,1406626635056,0,580,623305912
*RES* vm17:m0:th1,1406626635294,0,895,623305912
*RES* vm17:m0:th0,1406626635413,0,580,623305912
*RES* vm17:m0:th1,1406626635501,0,895,623305912
*RES* vm17:m0:th0,1406626635546,0,581,623305912
*RES* vm17:m0:th1,1406626635564,0,895,623305912
*RES* vm17:m0:th0,1406626635579,0,581,623305912
*RES* vm17:m0:th1,1406626635614,0,895,623305912
*RES* vm17:m0:th0,1406626635835,1,581,623305912
*RES* vm17:m0:th0,1406626635898,0,581,623305912
*RES* vm17:m0:th1,1406626635883,0,895,623305912
*RES* vm17:m0:th2,1406626612529,8154,977,623305912
*RES* vm17:m0:th3,1406626613015,8435,930,623305912
*RES* vm17:m0:th4,1406626613415,15225,800,623305912
*RES* vm17:m0:th5,1406626615909,19607,695,623305912
*RES* vm17:m0:th6,1406626619541,7641,823,623305912
*RES* end node vm17:m0
(main) Thread vm17:m0 joined
(main) Waiting for thread vm17:r0 to join...
(vm17:r0:th0:7) Connection to vm36:m0 finished, received 1869917741 bytes
(vm17:r0:th0:8) Connection established with mapper vm41:m0
(vm17:r0:th0:8) Connection to vm41:m0 finished, received 1869917742 bytes
(vm17:r0:th0) Got data from all mappers, this reducer connection has finished.
(vm17:r0) thread th0 joined, 4 connection threads remaining
(vm17:r0) thread th1 joined, 3 connection threads remaining
(vm17:r0) thread th2 joined, 2 connection threads remaining
(vm17:r0) thread th3 joined, 1 connection threads remaining
(vm17:r0) thread th4 joined, 0 connection threads remaining
(vm17:r0) all done, exiting
*RES* start node vm17:r0
*RES* vm17:r0:th0:0,1406626586333,27852,831,623305912
*RES* vm17:r0:th0:1,1406626614186,38,832,623305913
*RES* vm17:r0:th0:2,1406626614224,12,833,623305914
*RES* vm17:r0:th0:3,1406626614237,32,833,623305915
*RES* vm17:r0:th0:4,1406626614269,39,834,623305916
*RES* vm17:r0:th0:5,1406626614308,17192,1759,1246611828
*RES* vm17:r0:th0:6,1406626631500,19,1759,1246611829
*RES* vm17:r0:th0:7,1406626631519,4494,2443,1869917741
*RES* vm17:r0:th0:8,1406626636013,2,2443,1869917742
*RES* vm17:r0:th1:0,1406626586333,26865,733,623305912
*RES* vm17:r0:th1:1,1406626613199,22378,1619,1246611824
*RES* vm17:r0:th1:2,1406626635577,2,1619,1246611825
*RES* vm17:r0:th1:3,1406626635579,0,1619,1246611826
*RES* vm17:r0:th1:4,1406626635579,3,1620,1246611827
*RES* vm17:r0:th1:5,1406626635581,1,1620,1246611828
*RES* vm17:r0:th1:6,1406626635583,2,1620,1246611829
*RES* vm17:r0:th1:7,1406626635585,2,1620,1246611830
*RES* vm17:r0:th1:8,1406626635587,3,1621,1246611831
*RES* vm17:r0:th2:0,1406626586333,25868,749,623305912
*RES* vm17:r0:th2:1,1406626612201,7,749,623305913
*RES* vm17:r0:th2:2,1406626612208,17,750,623305914
*RES* vm17:r0:th2:3,1406626612225,8919,1598,1246611826
*RES* vm17:r0:th2:4,1406626621144,30,1598,1246611827
*RES* vm17:r0:th2:5,1406626621174,19,1598,1246611828
*RES* vm17:r0:th2:6,1406626621193,3,1599,1246611829
*RES* vm17:r0:th2:7,1406626621196,33,1600,1246611830
*RES* vm17:r0:th3:0,1406626586333,26541,752,623305912
*RES* vm17:r0:th3:1,1406626612874,21,752,623305913
*RES* vm17:r0:th3:2,1406626612895,4,753,623305914
*RES* vm17:r0:th3:3,1406626612899,7,753,623305915
*RES* vm17:r0:th3:4,1406626612906,19174,1639,1246611827
*RES* vm17:r0:th3:5,1406626632080,4,1639,1246611828
*RES* vm17:r0:th3:6,1406626632084,8,1640,1246611829
*RES* vm17:r0:th3:7,1406626632092,8,1641,1246611830
*RES* vm17:r0:th4:0,1406626586333,28016,742,623305912
*RES* vm17:r0:th4:1,1406626614349,20,743,623305913
*RES* vm17:r0:th4:2,1406626614369,18,743,623305914
*RES* vm17:r0:th4:3,1406626614387,13,744,623305915
*RES* vm17:r0:th4:4,1406626614400,13,744,623305916
*RES* vm17:r0:th4:5,1406626614413,7,745,623305917
*RES* vm17:r0:th4:6,1406626614421,25,745,623305918
*RES* vm17:r0:th4:7,1406626614447,22,745,623305919
*RES* end node vm17:r0
(main) Thread vm17:r0 joined
Worker terminating correctly
