OSMeF worker starting
Enabling core dumping
Listening for command connection
(vm7:m0) New mapper on port 23330
(vm7:m0) -> reducer data size 803149472
(vm7:m0) -> reducer data size 803149472
(vm7:m0) -> reducer data size 803149472
(vm7:m0) -> reducer data size 803149472
(vm7:m0) -> reducer data size 803149472
(vm7:m0) -> reducer data size 803149472
(vm7:m0) -> reducer data size 803149472
(vm7:m0) -> reducer data size 803149472
(vm7:m0) -> reducer data size 803149472
(vm7:m0) -> reducer data size 803149472
(vm7:m0) -> reducer data size 803149472
(vm7:m0) -> reducer data size 803149472
(vm7:m0) -> reducer data size 803149472
(vm7:m0) -> reducer data size 803149472
(vm7:m0) -> reducer data size 803149472
(vm7:m0) -> reducer data size 803149472
(vm7:m0) -> reducer data size 803149472
(vm7:m0) -> reducer data size 803149472
(vm7:m0) -> reducer data size 803149472
(vm7:m0) -> reducer data size 803149472
(vm7:m0) -> reducer data size 803149472
(vm7:m0) -> reducer data size 803149472
(vm7:m0) -> reducer data size 803149472
(vm7:m0) -> reducer data size 803149472
(vm7:m0) -> reducer data size 803149472
(vm7:m0) -> reducer data size 803149472
(vm7:m0) -> reducer data size 803149472
(vm7:m0) -> reducer data size 803149472
(vm7:m0) -> reducer data size 803149472
(vm7:m0) -> reducer data size 803149472
(vm7:m0) -> reducer data size 803149472
(vm7:m0) -> reducer data size 803149472
(vm7:m0) -> reducer data size 803149472
(vm7:m0) -> reducer data size 803149472
(vm7:m0) -> reducer data size 803149472
(vm7:m0) -> reducer data size 803149472
(vm7:m0) -> reducer data size 803149472
(vm7:m0) Mapper thread started
(vm7:m0) Allocating data for reducer vm1:r0
(vm7:m0) Allocating data for reducer vm2:r0
(vm7:m0) Allocating data for reducer vm3:r0
(vm7:m0) Allocating data for reducer vm4:r0
(vm7:m0) Allocating data for reducer vm5:r0
(vm7:m0) Allocating data for reducer vm6:r0
(vm7:m0) Allocating data for reducer vm7:r0
(vm7:m0) Allocating data for reducer vm8:r0
(vm7:m0) Allocating data for reducer vm9:r0
(vm7:m0) Allocating data for reducer vm10:r0
(vm7:m0) Allocating data for reducer vm11:r0
(vm7:m0) Allocating data for reducer vm12:r0
(vm7:m0) Allocating data for reducer vm13:r0
(vm7:m0) Allocating data for reducer vm14:r0
(vm7:m0) Allocating data for reducer vm15:r0
(vm7:m0) Allocating data for reducer vm16:r0
(vm7:m0) Allocating data for reducer vm17:r0
(vm7:m0) Allocating data for reducer vm18:r0
(vm7:m0) Allocating data for reducer vm19:r0
(vm7:m0) Allocating data for reducer vm20:r0
(vm7:m0) Allocating data for reducer vm21:r0
(vm7:m0) Allocating data for reducer vm22:r0
(vm7:m0) Allocating data for reducer vm23:r0
(vm7:m0) Allocating data for reducer vm24:r0
(vm7:m0) Allocating data for reducer vm25:r0
(vm7:m0) Allocating data for reducer vm26:r0
(vm7:m0) Allocating data for reducer vm27:r0
(vm7:m0) Allocating data for reducer vm28:r0
(vm7:m0) Allocating data for reducer vm29:r0
(vm7:m0) Allocating data for reducer vm30:r0
(vm7:m0) Allocating data for reducer vm31:r0
(vm7:m0) Allocating data for reducer vm32:r0
(vm7:m0) Allocating data for reducer vm33:r0
(vm7:m0) Allocating data for reducer vm34:r0
(vm7:m0) Allocating data for reducer vm35:r0
(vm7:m0) Allocating data for reducer vm36:r0
(vm7:m0) Allocating data for reducer vm37:r0
(vm7:m0) Binding to port 23330
(vm7:r0) New reducer
(vm7:r0) Reducer thread started
(vm7:r0) waiting for START message
(vm7:r0) got START message
(vm7:r0) Starting new connection thread
(vm7:r0) Starting new connection thread
(vm7:r0) Starting new connection thread
(vm7:r0) Starting new connection thread
(vm7:r0) Starting new connection thread
(vm7:r0) Maximum number of connections reached (5), waiting for a thread to finish
(vm7:r0:1) Connection established
(vm7:r0:3) Connection established
(vm7:r0:0) Connection established
(vm7:r0:4) Connection established
(vm7:r0:2) Connection established
(vm7:r0:3) Connection finished, received 803149473 bytes
(vm7:r0:4) Connection finished, received 803149473 bytes
(vm7:r0:1) Connection finished, received 803149473 bytes
(vm7:r0:2) Connection finished, received 803149473 bytes
(vm7:r0:0) Connection finished, received 803149473 bytes
(vm7:r0) thread 0 joined, 36 connections remaining
(vm7:r0) Starting new connection thread
(vm7:r0) Maximum number of connections reached (5), waiting for a thread to finish
(vm7:r0:0) Connection established
(vm7:m0) Got connection from reducer vm6:r0
(vm7:m0:5) thread started, have to send 803149472 bytes
(vm7:m0) Got connection from reducer vm35:r0
(vm7:m0:34) thread started, have to send 803149472 bytes
(vm7:m0) Got connection from reducer vm23:r0
(vm7:m0:22) thread started, have to send 803149472 bytes
(vm7:m0) Got connection from reducer vm1:r0
(vm7:m0:0) thread started, have to send 803149472 bytes
(vm7:m0:34) all data sent, thread exiting
(vm7:m0:22) all data sent, thread exiting
(vm7:r0:0) Connection finished, received 803149473 bytes
(vm7:r0) thread 0 joined, 35 connections remaining
(vm7:r0) Starting new connection thread
(vm7:r0) Maximum number of connections reached (5), waiting for a thread to finish
(vm7:r0:0) Connection established
(vm7:m0) Got connection from reducer vm7:r0
(vm7:m0:6) thread started, have to send 803149472 bytes
(vm7:m0) Got connection from reducer vm20:r0
(vm7:m0:19) thread started, have to send 803149472 bytes
(vm7:m0) Got connection from reducer vm21:r0
(vm7:m0:20) thread started, have to send 803149472 bytes
(vm7:m0:6) all data sent, thread exiting
(vm7:r0:0) Connection finished, received 803149473 bytes
(vm7:r0) thread 0 joined, 34 connections remaining
(vm7:r0) Starting new connection thread
(vm7:r0) Maximum number of connections reached (5), waiting for a thread to finish
(vm7:r0:0) Connection established
(vm7:m0:0) all data sent, thread exiting
(vm7:m0) Got connection from reducer vm34:r0
(vm7:m0:33) thread started, have to send 803149472 bytes
(vm7:m0) Got connection from reducer vm12:r0
(vm7:m0:11) thread started, have to send 803149472 bytes
(vm7:m0) Got connection from reducer vm26:r0
(vm7:m0:25) thread started, have to send 803149472 bytes
(vm7:m0) Got connection from reducer vm28:r0
(vm7:m0:27) thread started, have to send 803149472 bytes
(vm7:m0) Got connection from reducer vm8:r0
(vm7:m0:7) thread started, have to send 803149472 bytes
(vm7:m0) Got connection from reducer vm27:r0
(vm7:m0:26) thread started, have to send 803149472 bytes
(vm7:m0:20) all data sent, thread exiting
(vm7:m0:19) all data sent, thread exiting
(vm7:m0) Got connection from reducer vm24:r0
(vm7:m0:23) thread started, have to send 803149472 bytes
(vm7:m0) Got connection from reducer vm37:r0
(vm7:m0:36) thread started, have to send 803149472 bytes
(vm7:m0) Got connection from reducer vm18:r0
(vm7:m0:17) thread started, have to send 803149472 bytes
(vm7:m0) Got connection from reducer vm32:r0
(vm7:m0:31) thread started, have to send 803149472 bytes
(vm7:m0) Got connection from reducer vm31:r0
(vm7:m0:30) thread started, have to send 803149472 bytes
(vm7:m0) Got connection from reducer vm30:r0
(vm7:m0:29) thread started, have to send 803149472 bytes
(vm7:m0) Got connection from reducer vm19:r0
(vm7:m0:18) thread started, have to send 803149472 bytes
(vm7:m0) Got connection from reducer vm15:r0
(vm7:m0:14) thread started, have to send 803149472 bytes
(vm7:m0) Got connection from reducer vm36:r0
(vm7:m0:35) thread started, have to send 803149472 bytes
(vm7:r0:0) Connection finished, received 803149473 bytes
(vm7:r0) thread 0 joined, 33 connections remaining
(vm7:r0) Starting new connection thread
(vm7:r0) Maximum number of connections reached (5), waiting for a thread to finish
(vm7:r0:0) Connection established
(vm7:m0) Got connection from reducer vm9:r0
(vm7:m0:8) thread started, have to send 803149472 bytes
(vm7:m0) Got connection from reducer vm17:r0
(vm7:m0) Got connection from reducer vm13:r0
(vm7:m0:12) thread started, have to send 803149472 bytes
(vm7:m0:16) thread started, have to send 803149472 bytes
(vm7:m0) Got connection from reducer vm4:r0
(vm7:m0:3) thread started, have to send 803149472 bytes
(vm7:m0) Got connection from reducer vm33:r0
(vm7:m0:32) thread started, have to send 803149472 bytes
(vm7:m0) Got connection from reducer vm3:r0
(vm7:m0:2) thread started, have to send 803149472 bytes
(vm7:m0) Got connection from reducer vm10:r0
(vm7:m0:9) thread started, have to send 803149472 bytes
(vm7:m0) Got connection from reducer vm25:r0
(vm7:m0:24) thread started, have to send 803149472 bytes
(vm7:m0) Got connection from reducer vm29:r0
(vm7:m0:28) thread started, have to send 803149472 bytes
(vm7:m0) Got connection from reducer vm2:r0
(vm7:m0:1) thread started, have to send 803149472 bytes
(vm7:m0) Got connection from reducer vm16:r0
(vm7:m0:15) thread started, have to send 803149472 bytes
(vm7:m0) Got connection from reducer vm14:r0
(vm7:m0:13) thread started, have to send 803149472 bytes
(vm7:m0:33) all data sent, thread exiting
(vm7:m0) Got connection from reducer vm22:r0
(vm7:m0:21) thread started, have to send 803149472 bytes
(vm7:m0:5) all data sent, thread exiting
(vm7:m0:11) all data sent, thread exiting
(vm7:m0) Got connection from reducer vm11:r0
(vm7:m0:10) thread started, have to send 803149472 bytes
(vm7:m0) Got connection from reducer vm5:r0
(vm7:m0) Waiting for a thread to finish
(vm7:m0) thread 0 joined, 36 connections remaining
(vm7:m0) Waiting for a thread to finish
(vm7:m0:4) thread started, have to send 803149472 bytes
(vm7:m0:27) all data sent, thread exiting
(vm7:m0:25) all data sent, thread exiting
(vm7:m0:26) all data sent, thread exiting
(vm7:m0:30) all data sent, thread exiting
(vm7:m0:17) all data sent, thread exiting
(vm7:m0:23) all data sent, thread exiting
(vm7:m0:7) all data sent, thread exiting
(vm7:m0:35) all data sent, thread exiting
(vm7:m0:14) all data sent, thread exiting
(vm7:m0:1) all data sent, thread exiting
(vm7:m0) thread 1 joined, 35 connections remaining
(vm7:m0) Waiting for a thread to finish
(vm7:m0:29) all data sent, thread exiting
(vm7:m0:18) all data sent, thread exiting
(vm7:m0:15) all data sent, thread exiting
(vm7:m0:12) all data sent, thread exiting
(vm7:m0:2) all data sent, thread exiting
(vm7:m0:31) all data sent, thread exiting
(vm7:m0) thread 2 joined, 34 connections remaining
(vm7:m0) Waiting for a thread to finish
(vm7:m0:16) all data sent, thread exiting
(vm7:r0:0) Connection finished, received 803149473 bytes
(vm7:r0) thread 0 joined, 32 connections remaining
(vm7:r0) Starting new connection thread
(vm7:r0) Maximum number of connections reached (5), waiting for a thread to finish
(vm7:r0:0) Connection established
(vm7:m0:8) all data sent, thread exiting
(vm7:m0:24) all data sent, thread exiting
(vm7:m0:21) all data sent, thread exiting
(vm7:m0:4) all data sent, thread exiting
(vm7:m0:13) all data sent, thread exiting
(vm7:m0:9) all data sent, thread exiting
(vm7:m0:36) all data sent, thread exiting
(vm7:m0:28) all data sent, thread exiting
(vm7:m0:3) all data sent, thread exiting
(vm7:m0) thread 3 joined, 33 connections remaining
(vm7:m0) Waiting for a thread to finish
(vm7:m0) thread 4 joined, 32 connections remaining
(vm7:m0) Waiting for a thread to finish
(vm7:m0) thread 5 joined, 31 connections remaining
(vm7:m0) Waiting for a thread to finish
(vm7:m0) thread 6 joined, 30 connections remaining
(vm7:m0) Waiting for a thread to finish
(vm7:m0) thread 7 joined, 29 connections remaining
(vm7:m0) Waiting for a thread to finish
(vm7:m0) thread 8 joined, 28 connections remaining
(vm7:m0) Waiting for a thread to finish
(vm7:m0) thread 9 joined, 27 connections remaining
(vm7:m0) Waiting for a thread to finish
(vm7:m0:32) all data sent, thread exiting
(vm7:m0:10) all data sent, thread exiting
(vm7:m0) thread 10 joined, 26 connections remaining
(vm7:m0) Waiting for a thread to finish
(vm7:m0) thread 11 joined, 25 connections remaining
(vm7:m0) Waiting for a thread to finish
(vm7:m0) thread 12 joined, 24 connections remaining
(vm7:m0) Waiting for a thread to finish
(vm7:m0) thread 13 joined, 23 connections remaining
(vm7:m0) Waiting for a thread to finish
(vm7:m0) thread 14 joined, 22 connections remaining
(vm7:m0) Waiting for a thread to finish
(vm7:m0) thread 15 joined, 21 connections remaining
(vm7:m0) Waiting for a thread to finish
(vm7:m0) thread 16 joined, 20 connections remaining
(vm7:m0) Waiting for a thread to finish
(vm7:m0) thread 17 joined, 19 connections remaining
(vm7:m0) Waiting for a thread to finish
(vm7:m0) thread 18 joined, 18 connections remaining
(vm7:m0) Waiting for a thread to finish
(vm7:m0) thread 19 joined, 17 connections remaining
(vm7:m0) Waiting for a thread to finish
(vm7:m0) thread 20 joined, 16 connections remaining
(vm7:m0) Waiting for a thread to finish
(vm7:m0) thread 21 joined, 15 connections remaining
(vm7:m0) Waiting for a thread to finish
(vm7:m0) thread 22 joined, 14 connections remaining
(vm7:m0) Waiting for a thread to finish
(vm7:m0) thread 23 joined, 13 connections remaining
(vm7:m0) Waiting for a thread to finish
(vm7:m0) thread 24 joined, 12 connections remaining
(vm7:m0) Waiting for a thread to finish
(vm7:m0) thread 25 joined, 11 connections remaining
(vm7:m0) Waiting for a thread to finish
(vm7:m0) thread 26 joined, 10 connections remaining
(vm7:m0) Waiting for a thread to finish
(vm7:m0) thread 27 joined, 9 connections remaining
(vm7:m0) Waiting for a thread to finish
(vm7:m0) thread 28 joined, 8 connections remaining
(vm7:m0) Waiting for a thread to finish
(vm7:m0) thread 29 joined, 7 connections remaining
(vm7:m0) Waiting for a thread to finish
(vm7:m0) thread 30 joined, 6 connections remaining
(vm7:m0) Waiting for a thread to finish
(vm7:m0) thread 31 joined, 5 connections remaining
(vm7:m0) Waiting for a thread to finish
(vm7:m0) thread 32 joined, 4 connections remaining
(vm7:m0) Waiting for a thread to finish
(vm7:m0) thread 33 joined, 3 connections remaining
(vm7:m0) Waiting for a thread to finish
(vm7:m0) thread 34 joined, 2 connections remaining
(vm7:m0) Waiting for a thread to finish
(vm7:m0) thread 35 joined, 1 connections remaining
(vm7:m0) Waiting for a thread to finish
(vm7:m0) thread 36 joined, 0 connections remaining
(vm7:m0) all done, exiting
*RES* start node vm7:m0
*RES* vm7:m0:0,1405715535863,5789,1241,803149473
*RES* vm7:m0:1,1405715555211,38147,1041,803149473
*RES* vm7:m0:2,1405715555020,39147,972,803149473
*RES* vm7:m0:3,1405715554691,43758,1153,803149473
*RES* vm7:m0:4,1405715557980,37852,1039,803149473
*RES* vm7:m0:5,1405715505680,50043,659,803149473
*RES* vm7:m0:6,1405715539324,2001,219,803149473
*RES* vm7:m0:7,1405715548776,42048,1215,803149473
*RES* vm7:m0:8,1405715553185,42046,1317,803149473
*RES* vm7:m0:9,1405715555067,41883,1142,803149473
*RES* vm7:m0:10,1405715557695,42203,1145,803149473
*RES* vm7:m0:11,1405715544791,12868,849,803149473
*RES* vm7:m0:12,1405715553369,40778,1079,803149473
*RES* vm7:m0:13,1405715555395,41379,1118,803149473
*RES* vm7:m0:14,1405715552736,38234,1030,803149473
*RES* vm7:m0:15,1405715555295,38820,1062,803149473
*RES* vm7:m0:16,1405715553369,41405,1074,803149473
*RES* vm7:m0:17,1405715551859,37461,1000,803149473
*RES* vm7:m0:18,1405715552690,41195,1141,803149473
*RES* vm7:m0:19,1405715540794,8774,1244,803149473
*RES* vm7:m0:20,1405715541127,8181,1120,803149473
*RES* vm7:m0:21,1405715555635,40170,1021,803149473
*RES* vm7:m0:22,1405715531334,6409,1199,803149473
*RES* vm7:m0:23,1405715551759,38380,1113,803149473
*RES* vm7:m0:24,1405715555135,40159,1172,803149473
*RES* vm7:m0:25,1405715546563,24336,1045,803149473
*RES* vm7:m0:26,1405715548871,27644,978,803149473
*RES* vm7:m0:27,1405715547635,21541,966,803149473
*RES* vm7:m0:28,1405715555163,43111,1033,803149473
*RES* vm7:m0:29,1405715552195,41243,1196,803149473
*RES* vm7:m0:30,1405715552107,32511,847,803149473
*RES* vm7:m0:31,1405715551883,42346,1227,803149473
*RES* vm7:m0:32,1405715554891,44736,1231,803149473
*RES* vm7:m0:33,1405715544551,10984,830,803149473
*RES* vm7:m0:34,1405715530107,6710,1509,803149473
*RES* vm7:m0:35,1405715552963,38001,1174,803149473
*RES* vm7:m0:36,1405715551814,46412,970,803149473
*RES* end node vm7:m0
Node vm7:m0 joined
(vm7:r0:0) Connection finished, received 803149473 bytes
(vm7:r0) thread 0 joined, 31 connections remaining
(vm7:r0) Starting new connection thread
(vm7:r0) Maximum number of connections reached (5), waiting for a thread to finish
(vm7:r0:0) Connection established
(vm7:r0:0) Connection finished, received 803149473 bytes
(vm7:r0) thread 0 joined, 30 connections remaining
(vm7:r0) Starting new connection thread
(vm7:r0) Maximum number of connections reached (5), waiting for a thread to finish
(vm7:r0:0) Connection established
(vm7:r0:0) Connection finished, received 803149473 bytes
(vm7:r0) thread 0 joined, 29 connections remaining
(vm7:r0) Starting new connection thread
(vm7:r0) Maximum number of connections reached (5), waiting for a thread to finish
(vm7:r0:0) Connection established
(vm7:r0:0) Connection finished, received 803149473 bytes
(vm7:r0) thread 0 joined, 28 connections remaining
(vm7:r0) Starting new connection thread
(vm7:r0) Maximum number of connections reached (5), waiting for a thread to finish
(vm7:r0:0) Connection established
(vm7:r0:0) Connection finished, received 803149473 bytes
(vm7:r0) thread 0 joined, 27 connections remaining
(vm7:r0) Starting new connection thread
(vm7:r0) Maximum number of connections reached (5), waiting for a thread to finish
(vm7:r0:0) Connection established
(vm7:r0:0) Connection finished, received 803149473 bytes
(vm7:r0) thread 0 joined, 26 connections remaining
(vm7:r0) Starting new connection thread
(vm7:r0) Maximum number of connections reached (5), waiting for a thread to finish
(vm7:r0:0) Connection established
(vm7:r0:0) Connection finished, received 803149473 bytes
(vm7:r0) thread 0 joined, 25 connections remaining
(vm7:r0) Starting new connection thread
(vm7:r0) Maximum number of connections reached (5), waiting for a thread to finish
(vm7:r0:0) Connection established
(vm7:r0:0) Connection finished, received 803149473 bytes
(vm7:r0) thread 0 joined, 24 connections remaining
(vm7:r0) Starting new connection thread
(vm7:r0) Maximum number of connections reached (5), waiting for a thread to finish
(vm7:r0:0) Connection established
(vm7:r0:0) Connection finished, received 803149473 bytes
(vm7:r0) thread 0 joined, 23 connections remaining
(vm7:r0) Starting new connection thread
(vm7:r0) Maximum number of connections reached (5), waiting for a thread to finish
(vm7:r0:0) Connection established
(vm7:r0:0) Connection finished, received 803149473 bytes
(vm7:r0) thread 0 joined, 22 connections remaining
(vm7:r0) Starting new connection thread
(vm7:r0) Maximum number of connections reached (5), waiting for a thread to finish
(vm7:r0:0) Connection established
(vm7:r0:0) Connection finished, received 803149473 bytes
(vm7:r0) thread 0 joined, 21 connections remaining
(vm7:r0) Starting new connection thread
(vm7:r0) Maximum number of connections reached (5), waiting for a thread to finish
(vm7:r0:0) Connection established
(vm7:r0:0) Connection finished, received 803149473 bytes
(vm7:r0) thread 0 joined, 20 connections remaining
(vm7:r0) Starting new connection thread
(vm7:r0) Maximum number of connections reached (5), waiting for a thread to finish
(vm7:r0:0) Connection established
(vm7:r0:0) Connection finished, received 803149473 bytes
(vm7:r0) thread 0 joined, 19 connections remaining
(vm7:r0) Starting new connection thread
(vm7:r0) Maximum number of connections reached (5), waiting for a thread to finish
(vm7:r0:0) Connection established
(vm7:r0:0) Connection finished, received 803149473 bytes
(vm7:r0) thread 0 joined, 18 connections remaining
(vm7:r0) Starting new connection thread
(vm7:r0) Maximum number of connections reached (5), waiting for a thread to finish
(vm7:r0:0) Connection established
(vm7:r0:0) Connection finished, received 803149473 bytes
(vm7:r0) thread 0 joined, 17 connections remaining
(vm7:r0) Starting new connection thread
(vm7:r0) Maximum number of connections reached (5), waiting for a thread to finish
(vm7:r0:0) Connection established
(vm7:r0:0) Connection finished, received 803149473 bytes
(vm7:r0) thread 0 joined, 16 connections remaining
(vm7:r0) Starting new connection thread
(vm7:r0) Maximum number of connections reached (5), waiting for a thread to finish
(vm7:r0:0) Connection established
(vm7:r0:0) Connection finished, received 803149473 bytes
(vm7:r0) thread 0 joined, 15 connections remaining
(vm7:r0) Starting new connection thread
(vm7:r0) Maximum number of connections reached (5), waiting for a thread to finish
(vm7:r0:0) Connection established
(vm7:r0:0) Connection finished, received 803149473 bytes
(vm7:r0) thread 0 joined, 14 connections remaining
(vm7:r0) Starting new connection thread
(vm7:r0) Maximum number of connections reached (5), waiting for a thread to finish
(vm7:r0:0) Connection established
(vm7:r0:0) Connection finished, received 803149473 bytes
(vm7:r0) thread 0 joined, 13 connections remaining
(vm7:r0) Starting new connection thread
(vm7:r0) Maximum number of connections reached (5), waiting for a thread to finish
(vm7:r0:0) Connection established
(vm7:r0:0) Connection finished, received 803149473 bytes
(vm7:r0) thread 0 joined, 12 connections remaining
(vm7:r0) Starting new connection thread
(vm7:r0) Maximum number of connections reached (5), waiting for a thread to finish
(vm7:r0:0) Connection established
(vm7:r0:0) Connection finished, received 803149473 bytes
(vm7:r0) thread 0 joined, 11 connections remaining
(vm7:r0) Starting new connection thread
(vm7:r0) Maximum number of connections reached (5), waiting for a thread to finish
(vm7:r0:0) Connection established
(vm7:r0:0) Connection finished, received 803149473 bytes
(vm7:r0) thread 0 joined, 10 connections remaining
(vm7:r0) Starting new connection thread
(vm7:r0) Maximum number of connections reached (5), waiting for a thread to finish
(vm7:r0:0) Connection established
(vm7:r0:0) Connection finished, received 803149473 bytes
(vm7:r0) thread 0 joined, 9 connections remaining
(vm7:r0) Starting new connection thread
(vm7:r0) Maximum number of connections reached (5), waiting for a thread to finish
(vm7:r0:0) Connection established
(vm7:r0:0) Connection finished, received 803149473 bytes
(vm7:r0) thread 0 joined, 8 connections remaining
(vm7:r0) Starting new connection thread
(vm7:r0) Maximum number of connections reached (5), waiting for a thread to finish
(vm7:r0:0) Connection established
(vm7:r0:0) Connection finished, received 803149473 bytes
(vm7:r0) thread 0 joined, 7 connections remaining
(vm7:r0) Starting new connection thread
(vm7:r0) Maximum number of connections reached (5), waiting for a thread to finish
(vm7:r0:0) Connection established
(vm7:r0:0) Connection finished, received 803149473 bytes
(vm7:r0) thread 0 joined, 6 connections remaining
(vm7:r0) Starting new connection thread
(vm7:r0) Maximum number of connections reached (5), waiting for a thread to finish
(vm7:r0:0) Connection established
(vm7:r0:0) Connection finished, received 803149473 bytes
(vm7:r0) thread 0 joined, 5 connections remaining
(vm7:r0) Starting new connection thread
(vm7:r0) Maximum number of connections reached (5), waiting for a thread to finish
(vm7:r0:0) Connection established
(vm7:r0:0) Connection finished, received 803149473 bytes
(vm7:r0) thread 0 joined, 4 connections remaining
(vm7:r0) Maximum number of connections reached (4), waiting for a thread to finish
(vm7:r0) thread 1 joined, 3 connections remaining
(vm7:r0) Maximum number of connections reached (3), waiting for a thread to finish
(vm7:r0) thread 2 joined, 2 connections remaining
(vm7:r0) Maximum number of connections reached (2), waiting for a thread to finish
(vm7:r0) thread 3 joined, 1 connections remaining
(vm7:r0) Maximum number of connections reached (1), waiting for a thread to finish
(vm7:r0) thread 4 joined, 0 connections remaining
(vm7:r0) all done, exiting
*RES* start node vm7:r0
*RES* vm7:r0:0,1405715466713,31480,819,803149473
*RES* vm7:r0:0,1405715498199,41113,800,803149473
*RES* vm7:r0:0,1405715539323,2019,623,803149473
*RES* vm7:r0:0,1405715541356,11629,964,803149473
*RES* vm7:r0:0,1405715552995,41895,1007,803149473
*RES* vm7:r0:0,1405715594928,8329,1371,803149473
*RES* vm7:r0:0,1405715603263,5128,1444,803149473
*RES* vm7:r0:0,1405715608399,6518,1511,803149473
*RES* vm7:r0:0,1405715614923,4749,1547,803149473
*RES* vm7:r0:0,1405715619679,4784,1446,803149473
*RES* vm7:r0:0,1405715624471,6643,1569,803149473
*RES* vm7:r0:0,1405715631119,5596,1641,803149473
*RES* vm7:r0:0,1405715636719,5113,1568,803149473
*RES* vm7:r0:0,1405715641839,7148,1365,803149473
*RES* vm7:r0:0,1405715648995,7145,1493,803149473
*RES* vm7:r0:0,1405715656147,7731,1437,803149473
*RES* vm7:r0:0,1405715663887,8282,1386,803149473
*RES* vm7:r0:0,1405715672179,5974,1555,803149473
*RES* vm7:r0:0,1405715678159,7252,1497,803149473
*RES* vm7:r0:0,1405715685415,6824,1594,803149473
*RES* vm7:r0:0,1405715692243,6431,1302,803149473
*RES* vm7:r0:0,1405715698679,8780,1308,803149473
*RES* vm7:r0:0,1405715707463,10010,1463,803149473
*RES* vm7:r0:0,1405715717479,7243,1658,803149473
*RES* vm7:r0:0,1405715724727,6187,1509,803149473
*RES* vm7:r0:0,1405715730923,8245,1510,803149473
*RES* vm7:r0:0,1405715739175,6989,1566,803149473
*RES* vm7:r0:0,1405715746171,4741,1560,803149473
*RES* vm7:r0:0,1405715750919,5085,1291,803149473
*RES* vm7:r0:0,1405715756011,5428,2204,803149473
*RES* vm7:r0:0,1405715761443,4127,1721,803149473
*RES* vm7:r0:0,1405715765579,4363,1073,803149473
*RES* vm7:r0:0,1405715769951,4005,999,803149473
*RES* vm7:r0:1,1405715466713,26978,804,803149473
*RES* vm7:r0:2,1405715466713,29522,835,803149473
*RES* vm7:r0:3,1405715466713,24920,801,803149473
*RES* vm7:r0:4,1405715466713,25611,805,803149473
*RES* end node vm7:r0
Node vm7:r0 joined
Worker terminating correctly
