OSMeF worker starting
Enabling core dumping
Listening for command connection
(vm2:m0) New mapper on port 23330
(vm2:m0) -> reducer data size 671088640
(vm2:m0) -> reducer data size 671088640
(vm2:m0) -> reducer data size 671088640
(vm2:m0) -> reducer data size 671088640
(vm2:m0) Mapper thread started
(vm2:m0) Allocating data for reducer vm1:r0
(vm2:m0) Allocating data for reducer vm2:r0
(vm2:m0) Allocating data for reducer vm3:r0
(vm2:m0) Allocating data for reducer vm4:r0
(vm2:m0) Binding to port 23330
(vm2:r0) New reducer
(vm2:r0) Reducer thread started
(vm2:r0) waiting for START message
(vm2:r0) got START message
(vm2:r0) Starting new connection thread
(vm2:r0) Starting new connection thread
(vm2:r0) Starting new connection thread
(vm2:r0) Starting new connection thread
(vm2:r0) Maximum number of connections reached (4), waiting for a thread to finish
(vm2:r0:1) Connection established
(vm2:m0) Got connection from reducer vm2:r0
(vm2:m0) Got connection from reducer vm1:r0
(vm2:r0:3) Connection established
(vm2:r0:2) Connection established
(vm2:m0:0) thread started, have to send 671088640 bytes
(vm2:m0:1) thread started, have to send 671088640 bytes
(vm2:m0) Got connection from reducer vm4:r0
(vm2:r0:0) Connection established
(vm2:m0) Got connection from reducer vm3:r0
(vm2:m0) Waiting for a thread to finish
(vm2:m0:2) thread started, have to send 671088640 bytes
(vm2:m0:3) thread started, have to send 671088640 bytes
(vm2:r0:1) Connection finished, received 671088641 bytes
(vm2:m0:1) all data sent, thread exiting
(vm2:r0:0) Connection finished, received 671088641 bytes
(vm2:r0) thread 0 joined, 3 connections remaining
(vm2:r0) Maximum number of connections reached (3), waiting for a thread to finish
(vm2:r0) thread 1 joined, 2 connections remaining
(vm2:r0) Maximum number of connections reached (2), waiting for a thread to finish
(vm2:r0:2) Connection finished, received 671088641 bytes
(vm2:r0) thread 2 joined, 1 connections remaining
(vm2:r0) Maximum number of connections reached (1), waiting for a thread to finish
(vm2:m0:2) all data sent, thread exiting
(vm2:m0:0) all data sent, thread exiting
(vm2:m0) thread 0 joined, 3 connections remaining
(vm2:m0) Waiting for a thread to finish
(vm2:m0) thread 1 joined, 2 connections remaining
(vm2:m0) Waiting for a thread to finish
(vm2:m0) thread 2 joined, 1 connections remaining
(vm2:m0) Waiting for a thread to finish
(vm2:m0:3) all data sent, thread exiting
(vm2:m0) thread 3 joined, 0 connections remaining
(vm2:m0) all done, exiting
*RES* start node vm2:m0
*RES* vm2:m0:0,1403599159217,2716,439,671088641
*RES* vm2:m0:1,1403599159218,1401,209,671088641
*RES* vm2:m0:2,1403599159224,2694,429,671088641
*RES* vm2:m0:3,1403599159226,5459,404,671088641
*RES* end node vm2:m0
Node vm2:m0 joined
(vm2:r0:3) Connection finished, received 671088641 bytes
(vm2:r0) thread 3 joined, 0 connections remaining
(vm2:r0) all done, exiting
*RES* start node vm2:r0
*RES* vm2:r0:0,1403599159218,2432,346,671088641
*RES* vm2:r0:1,1403599159217,1398,209,671088641
*RES* vm2:r0:2,1403599159217,2567,356,671088641
*RES* vm2:r0:3,1403599159217,5816,369,671088641
*RES* end node vm2:r0
Node vm2:r0 joined
Worker terminating correctly
