OSMeF worker starting
Enabling core dumping
Listening for command connection
(vm11:m0) New mapper on port 23330
(vm11:m0) -> reducer data size 1508246402
(vm11:m0) -> reducer data size 1508246402
(vm11:m0) -> reducer data size 1508246402
(vm11:m0) -> reducer data size 1508246402
(vm11:m0) -> reducer data size 1508246402
(vm11:m0) -> reducer data size 1508246402
(vm11:m0) -> reducer data size 1508246402
(vm11:m0) -> reducer data size 1508246402
(vm11:m0) -> reducer data size 1508246402
(vm11:m0) -> reducer data size 1508246402
(vm11:m0) -> reducer data size 1508246402
(vm11:m0) -> reducer data size 1508246402
(vm11:m0) -> reducer data size 1508246402
(vm11:m0) -> reducer data size 1508246402
(vm11:m0) -> reducer data size 1508246402
(vm11:m0) -> reducer data size 1508246402
(vm11:m0) -> reducer data size 1508246402
(vm11:m0) -> reducer data size 1508246402
(vm11:m0) -> reducer data size 1508246402
(vm11:m0) -> reducer data size 1508246402
(vm11:m0) -> reducer data size 1508246402
(vm11:m0) -> reducer data size 1508246402
(vm11:m0) -> reducer data size 1508246402
(vm11:m0) -> reducer data size 1508246402
(vm11:m0) -> reducer data size 1508246402
(vm11:m0) -> reducer data size 1508246402
(vm11:m0) -> reducer data size 1508246402
(vm11:m0) Mapper thread started
(vm11:m0) Allocating data for reducer vm1:r0
(vm11:m0) Allocating data for reducer vm2:r0
(vm11:m0) Allocating data for reducer vm3:r0
(vm11:m0) Allocating data for reducer vm4:r0
(vm11:m0) Allocating data for reducer vm5:r0
(vm11:m0) Allocating data for reducer vm6:r0
(vm11:m0) Allocating data for reducer vm7:r0
(vm11:m0) Allocating data for reducer vm8:r0
(vm11:m0) Allocating data for reducer vm9:r0
(vm11:m0) Allocating data for reducer vm10:r0
(vm11:m0) Allocating data for reducer vm11:r0
(vm11:m0) Allocating data for reducer vm12:r0
(vm11:m0) Allocating data for reducer vm13:r0
(vm11:m0) Allocating data for reducer vm14:r0
(vm11:m0) Allocating data for reducer vm15:r0
(vm11:m0) Allocating data for reducer vm16:r0
(vm11:m0) Allocating data for reducer vm17:r0
(vm11:m0) Allocating data for reducer vm18:r0
(vm11:m0) Allocating data for reducer vm19:r0
(vm11:m0) Allocating data for reducer vm20:r0
(vm11:m0) Allocating data for reducer vm21:r0
(vm11:m0) Allocating data for reducer vm22:r0
(vm11:m0) Allocating data for reducer vm23:r0
(vm11:m0) Allocating data for reducer vm24:r0
(vm11:m0) Allocating data for reducer vm25:r0
(vm11:m0) Allocating data for reducer vm26:r0
(vm11:m0) Allocating data for reducer vm27:r0
(vm11:m0) Binding to port 23330
(vm11:r0) New reducer
(vm11:r0) Reducer thread started
(vm11:r0) waiting for START message
(vm11:r0) got START message
(vm11:r0) Starting new connection thread
(vm11:r0) Starting new connection thread
(vm11:r0) Starting new connection thread
(vm11:r0) Starting new connection thread
(vm11:r0) Starting new connection thread
(vm11:r0) Maximum number of connections reached (5), waiting for a thread to finish
(vm11:r0:1) Connection established
(vm11:r0:3) Connection established
(vm11:r0:4) Connection established
(vm11:r0:2) Connection established
(vm11:r0:0) Connection established
(vm11:r0:4) Connection finished, received 1508246403 bytes
(vm11:r0:3) Connection finished, received 1508246403 bytes
(vm11:r0:2) Connection finished, received 1508246403 bytes
(vm11:r0:0) Connection finished, received 1508246403 bytes
(vm11:r0) thread 0 joined, 26 connections remaining
(vm11:r0) Starting new connection thread
(vm11:r0) Maximum number of connections reached (5), waiting for a thread to finish
(vm11:r0:0) Connection established
(vm11:r0:1) Connection finished, received 1508246403 bytes
(vm11:r0:0) Connection finished, received 1508246403 bytes
(vm11:r0) thread 0 joined, 25 connections remaining
(vm11:r0) Starting new connection thread
(vm11:r0) Maximum number of connections reached (5), waiting for a thread to finish
(vm11:r0:0) Connection established
(vm11:m0) Got connection from reducer vm1:r0
(vm11:m0:0) thread started, have to send 1508246402 bytes
(vm11:m0:0) all data sent, thread exiting
(vm11:m0) Got connection from reducer vm10:r0
(vm11:m0:9) thread started, have to send 1508246402 bytes
(vm11:m0) Got connection from reducer vm19:r0
(vm11:m0:18) thread started, have to send 1508246402 bytes
(vm11:m0:9) all data sent, thread exiting
(vm11:m0:18) all data sent, thread exiting
(vm11:r0:0) Connection finished, received 1508246403 bytes
(vm11:r0) thread 0 joined, 24 connections remaining
(vm11:r0) Starting new connection thread
(vm11:r0) Maximum number of connections reached (5), waiting for a thread to finish
(vm11:r0:0) Connection established
(vm11:m0) Got connection from reducer vm24:r0
(vm11:m0:23) thread started, have to send 1508246402 bytes
(vm11:m0:23) all data sent, thread exiting
(vm11:r0:0) Connection finished, received 1508246403 bytes
(vm11:r0) thread 0 joined, 23 connections remaining
(vm11:r0) Starting new connection thread
(vm11:r0) Maximum number of connections reached (5), waiting for a thread to finish
(vm11:r0:0) Connection established
(vm11:m0) Got connection from reducer vm6:r0
(vm11:m0:5) thread started, have to send 1508246402 bytes
(vm11:r0:0) Connection finished, received 1508246403 bytes
(vm11:r0) thread 0 joined, 22 connections remaining
(vm11:r0) Starting new connection thread
(vm11:r0) Maximum number of connections reached (5), waiting for a thread to finish
(vm11:r0:0) Connection established
(vm11:m0) Got connection from reducer vm23:r0
(vm11:m0:22) thread started, have to send 1508246402 bytes
(vm11:m0:5) all data sent, thread exiting
(vm11:r0:0) Connection finished, received 1508246403 bytes
(vm11:r0) thread 0 joined, 21 connections remaining
(vm11:r0) Starting new connection thread
(vm11:r0) Maximum number of connections reached (5), waiting for a thread to finish
(vm11:r0:0) Connection established
(vm11:m0) Got connection from reducer vm11:r0
(vm11:m0:10) thread started, have to send 1508246402 bytes
(vm11:m0:22) all data sent, thread exiting
(vm11:m0:10) all data sent, thread exiting
(vm11:r0:0) Connection finished, received 1508246403 bytes
(vm11:r0) thread 0 joined, 20 connections remaining
(vm11:r0) Starting new connection thread
(vm11:r0) Maximum number of connections reached (5), waiting for a thread to finish
(vm11:r0:0) Connection established
(vm11:r0:0) Connection finished, received 1508246403 bytes
(vm11:r0) thread 0 joined, 19 connections remaining
(vm11:r0) Starting new connection thread
(vm11:r0) Maximum number of connections reached (5), waiting for a thread to finish
(vm11:r0:0) Connection established
(vm11:m0) Got connection from reducer vm25:r0
(vm11:m0:24) thread started, have to send 1508246402 bytes
(vm11:r0:0) Connection finished, received 1508246403 bytes
(vm11:r0) thread 0 joined, 18 connections remaining
(vm11:r0) Starting new connection thread
(vm11:r0) Maximum number of connections reached (5), waiting for a thread to finish
(vm11:r0:0) Connection established
(vm11:m0:24) all data sent, thread exiting
(vm11:r0:0) Connection finished, received 1508246403 bytes
(vm11:r0) thread 0 joined, 17 connections remaining
(vm11:r0) Starting new connection thread
(vm11:r0) Maximum number of connections reached (5), waiting for a thread to finish
(vm11:r0:0) Connection established
(vm11:r0:0) Connection finished, received 1508246403 bytes
(vm11:r0) thread 0 joined, 16 connections remaining
(vm11:r0) Starting new connection thread
(vm11:r0) Maximum number of connections reached (5), waiting for a thread to finish
(vm11:r0:0) Connection established
(vm11:r0:0) Connection finished, received 1508246403 bytes
(vm11:r0) thread 0 joined, 15 connections remaining
(vm11:r0) Starting new connection thread
(vm11:r0) Maximum number of connections reached (5), waiting for a thread to finish
(vm11:r0:0) Connection established
(vm11:r0:0) Connection finished, received 1508246403 bytes
(vm11:r0) thread 0 joined, 14 connections remaining
(vm11:r0) Starting new connection thread
(vm11:r0) Maximum number of connections reached (5), waiting for a thread to finish
(vm11:r0:0) Connection established
(vm11:r0:0) Connection finished, received 1508246403 bytes
(vm11:r0) thread 0 joined, 13 connections remaining
(vm11:r0) Starting new connection thread
(vm11:r0) Maximum number of connections reached (5), waiting for a thread to finish
(vm11:r0:0) Connection established
(vm11:r0:0) Connection finished, received 1508246403 bytes
(vm11:r0) thread 0 joined, 12 connections remaining
(vm11:r0) Starting new connection thread
(vm11:r0) Maximum number of connections reached (5), waiting for a thread to finish
(vm11:r0:0) Connection established
(vm11:r0:0) Connection finished, received 1508246403 bytes
(vm11:r0) thread 0 joined, 11 connections remaining
(vm11:r0) Starting new connection thread
(vm11:r0) Maximum number of connections reached (5), waiting for a thread to finish
(vm11:r0:0) Connection established
(vm11:m0) Got connection from reducer vm21:r0
(vm11:m0:20) thread started, have to send 1508246402 bytes
(vm11:m0) Got connection from reducer vm27:r0
(vm11:m0:26) thread started, have to send 1508246402 bytes
(vm11:r0:0) Connection finished, received 1508246403 bytes
(vm11:r0) thread 0 joined, 10 connections remaining
(vm11:r0) Starting new connection thread
(vm11:r0) Maximum number of connections reached (5), waiting for a thread to finish
(vm11:r0:0) Connection established
(vm11:m0) Got connection from reducer vm17:r0
(vm11:m0:16) thread started, have to send 1508246402 bytes
(vm11:m0) Got connection from reducer vm8:r0
(vm11:m0:7) thread started, have to send 1508246402 bytes
(vm11:m0:20) all data sent, thread exiting
(vm11:m0) Got connection from reducer vm18:r0
(vm11:m0:17) thread started, have to send 1508246402 bytes
(vm11:m0) Got connection from reducer vm16:r0
(vm11:m0:15) thread started, have to send 1508246402 bytes
(vm11:r0:0) Connection finished, received 1508246403 bytes
(vm11:r0) thread 0 joined, 9 connections remaining
(vm11:r0) Starting new connection thread
(vm11:r0) Maximum number of connections reached (5), waiting for a thread to finish
(vm11:r0:0) Connection established
(vm11:m0) Got connection from reducer vm15:r0
(vm11:m0) Got connection from reducer vm9:r0
(vm11:m0:14) thread started, have to send 1508246402 bytes
(vm11:m0:8) thread started, have to send 1508246402 bytes
(vm11:m0:26) all data sent, thread exiting
(vm11:m0) Got connection from reducer vm14:r0
(vm11:m0:13) thread started, have to send 1508246402 bytes
(vm11:m0) Got connection from reducer vm22:r0
(vm11:m0:21) thread started, have to send 1508246402 bytes
(vm11:m0) Got connection from reducer vm2:r0
(vm11:m0) Got connection from reducer vm12:r0
(vm11:m0) Got connection from reducer vm26:r0
(vm11:m0:1) thread started, have to send 1508246402 bytes
(vm11:m0:25) thread started, have to send 1508246402 bytes
(vm11:m0:11) thread started, have to send 1508246402 bytes
(vm11:m0) Got connection from reducer vm13:r0
(vm11:m0) Got connection from reducer vm4:r0
(vm11:m0) Got connection from reducer vm3:r0
(vm11:m0:12) thread started, have to send 1508246402 bytes
(vm11:m0) Got connection from reducer vm7:r0
(vm11:m0:2) thread started, have to send 1508246402 bytes
(vm11:m0:3) thread started, have to send 1508246402 bytes
(vm11:m0) Got connection from reducer vm20:r0
(vm11:m0:6) thread started, have to send 1508246402 bytes
(vm11:m0:19) thread started, have to send 1508246402 bytes
(vm11:m0) Got connection from reducer vm5:r0
(vm11:m0) Waiting for a thread to finish
(vm11:m0) thread 0 joined, 26 connections remaining
(vm11:m0) Waiting for a thread to finish
(vm11:m0:4) thread started, have to send 1508246402 bytes
(vm11:m0:16) all data sent, thread exiting
(vm11:m0:7) all data sent, thread exiting
(vm11:r0:0) Connection finished, received 1508246403 bytes
(vm11:r0) thread 0 joined, 8 connections remaining
(vm11:r0) Starting new connection thread
(vm11:r0) Maximum number of connections reached (5), waiting for a thread to finish
(vm11:r0:0) Connection established
(vm11:m0:17) all data sent, thread exiting
(vm11:m0:15) all data sent, thread exiting
(vm11:m0:8) all data sent, thread exiting
(vm11:m0:14) all data sent, thread exiting
(vm11:m0:13) all data sent, thread exiting
(vm11:m0:21) all data sent, thread exiting
(vm11:m0:25) all data sent, thread exiting
(vm11:m0:11) all data sent, thread exiting
(vm11:m0:1) all data sent, thread exiting
(vm11:m0) thread 1 joined, 25 connections remaining
(vm11:m0) Waiting for a thread to finish
(vm11:m0:3) all data sent, thread exiting
(vm11:m0:12) all data sent, thread exiting
(vm11:m0:4) all data sent, thread exiting
(vm11:m0:19) all data sent, thread exiting
(vm11:m0:2) all data sent, thread exiting
(vm11:m0) thread 2 joined, 24 connections remaining
(vm11:m0) Waiting for a thread to finish
(vm11:m0) thread 3 joined, 23 connections remaining
(vm11:m0) Waiting for a thread to finish
(vm11:m0) thread 4 joined, 22 connections remaining
(vm11:m0) Waiting for a thread to finish
(vm11:m0) thread 5 joined, 21 connections remaining
(vm11:m0) Waiting for a thread to finish
(vm11:m0:6) all data sent, thread exiting
(vm11:m0) thread 6 joined, 20 connections remaining
(vm11:m0) Waiting for a thread to finish
(vm11:m0) thread 7 joined, 19 connections remaining
(vm11:m0) Waiting for a thread to finish
(vm11:m0) thread 8 joined, 18 connections remaining
(vm11:m0) Waiting for a thread to finish
(vm11:m0) thread 9 joined, 17 connections remaining
(vm11:m0) Waiting for a thread to finish
(vm11:m0) thread 10 joined, 16 connections remaining
(vm11:m0) Waiting for a thread to finish
(vm11:m0) thread 11 joined, 15 connections remaining
(vm11:m0) Waiting for a thread to finish
(vm11:m0) thread 12 joined, 14 connections remaining
(vm11:m0) Waiting for a thread to finish
(vm11:m0) thread 13 joined, 13 connections remaining
(vm11:m0) Waiting for a thread to finish
(vm11:m0) thread 14 joined, 12 connections remaining
(vm11:m0) Waiting for a thread to finish
(vm11:m0) thread 15 joined, 11 connections remaining
(vm11:m0) Waiting for a thread to finish
(vm11:m0) thread 16 joined, 10 connections remaining
(vm11:m0) Waiting for a thread to finish
(vm11:m0) thread 17 joined, 9 connections remaining
(vm11:m0) Waiting for a thread to finish
(vm11:m0) thread 18 joined, 8 connections remaining
(vm11:m0) Waiting for a thread to finish
(vm11:m0) thread 19 joined, 7 connections remaining
(vm11:m0) Waiting for a thread to finish
(vm11:m0) thread 20 joined, 6 connections remaining
(vm11:m0) Waiting for a thread to finish
(vm11:m0) thread 21 joined, 5 connections remaining
(vm11:m0) Waiting for a thread to finish
(vm11:m0) thread 22 joined, 4 connections remaining
(vm11:m0) Waiting for a thread to finish
(vm11:m0) thread 23 joined, 3 connections remaining
(vm11:m0) Waiting for a thread to finish
(vm11:m0) thread 24 joined, 2 connections remaining
(vm11:m0) Waiting for a thread to finish
(vm11:m0) thread 25 joined, 1 connections remaining
(vm11:m0) Waiting for a thread to finish
(vm11:m0) thread 26 joined, 0 connections remaining
(vm11:m0) all done, exiting
*RES* start node vm11:m0
*RES* vm11:m0:0,1404835503781,3708,1126,1508246403
*RES* vm11:m0:1,1404835610086,19163,1061,1508246403
*RES* vm11:m0:2,1404835610115,19533,1045,1508246403
*RES* vm11:m0:3,1404835610115,19244,1081,1508246403
*RES* vm11:m0:4,1404835610214,19322,1089,1508246403
*RES* vm11:m0:5,1404835557076,5002,1384,1508246403
*RES* vm11:m0:6,1404835610126,19593,1109,1508246403
*RES* vm11:m0:7,1404835606498,15100,1079,1508246403
*RES* vm11:m0:8,1404835608460,17834,1060,1508246403
*RES* vm11:m0:9,1404835508368,3274,985,1508246403
*RES* vm11:m0:10,1404835563224,2805,359,1508246403
*RES* vm11:m0:11,1404835610087,19133,1045,1508246403
*RES* vm11:m0:12,1404835610104,19316,1065,1508246403
*RES* vm11:m0:13,1404835609150,18877,1063,1508246403
*RES* vm11:m0:14,1404835608457,17972,1061,1508246403
*RES* vm11:m0:15,1404835608113,17589,1051,1508246403
*RES* vm11:m0:16,1404835603652,7975,1153,1508246403
*RES* vm11:m0:17,1404835607571,16733,1056,1508246403
*RES* vm11:m0:18,1404835510885,2982,1121,1508246403
*RES* vm11:m0:19,1404835610128,19426,1110,1508246403
*RES* vm11:m0:20,1404835601608,5466,1141,1508246403
*RES* vm11:m0:21,1404835609472,19226,1065,1508246403
*RES* vm11:m0:22,1404835558772,5358,1325,1508246403
*RES* vm11:m0:23,1404835540449,4257,1519,1508246403
*RES* vm11:m0:24,1404835571952,3730,1241,1508246403
*RES* vm11:m0:25,1404835610086,19128,1070,1508246403
*RES* vm11:m0:26,1404835602436,6120,1145,1508246403
*RES* end node vm11:m0
Node vm11:m0 joined
(vm11:r0:0) Connection finished, received 1508246403 bytes
(vm11:r0) thread 0 joined, 7 connections remaining
(vm11:r0) Starting new connection thread
(vm11:r0) Maximum number of connections reached (5), waiting for a thread to finish
(vm11:r0:0) Connection established
(vm11:r0:0) Connection finished, received 1508246403 bytes
(vm11:r0) thread 0 joined, 6 connections remaining
(vm11:r0) Starting new connection thread
(vm11:r0) Maximum number of connections reached (5), waiting for a thread to finish
(vm11:r0:0) Connection established
(vm11:r0:0) Connection finished, received 1508246403 bytes
(vm11:r0) thread 0 joined, 5 connections remaining
(vm11:r0) Starting new connection thread
(vm11:r0) Maximum number of connections reached (5), waiting for a thread to finish
(vm11:r0:0) Connection established
(vm11:r0:0) Connection finished, received 1508246403 bytes
(vm11:r0) thread 0 joined, 4 connections remaining
(vm11:r0) Maximum number of connections reached (4), waiting for a thread to finish
(vm11:r0) thread 1 joined, 3 connections remaining
(vm11:r0) Maximum number of connections reached (3), waiting for a thread to finish
(vm11:r0) thread 2 joined, 2 connections remaining
(vm11:r0) Maximum number of connections reached (2), waiting for a thread to finish
(vm11:r0) thread 3 joined, 1 connections remaining
(vm11:r0) Maximum number of connections reached (1), waiting for a thread to finish
(vm11:r0) thread 4 joined, 0 connections remaining
(vm11:r0) all done, exiting
*RES* start node vm11:r0
*RES* vm11:r0:0,1404835436979,36701,1389,1508246403
*RES* vm11:r0:0,1404835473686,27899,1313,1508246403
*RES* vm11:r0:0,1404835501592,27957,1314,1508246403
*RES* vm11:r0:0,1404835529556,24061,1376,1508246403
*RES* vm11:r0:0,1404835553624,3914,1323,1508246403
*RES* vm11:r0:0,1404835557544,5665,1284,1508246403
*RES* vm11:r0:0,1404835563218,2815,1085,1508246403
*RES* vm11:r0:0,1404835566040,3408,1388,1508246403
*RES* vm11:r0:0,1404835569456,4419,1362,1508246403
*RES* vm11:r0:0,1404835573880,3838,1269,1508246403
*RES* vm11:r0:0,1404835577724,3198,1242,1508246403
*RES* vm11:r0:0,1404835580932,2962,1110,1508246403
*RES* vm11:r0:0,1404835583900,4818,1452,1508246403
*RES* vm11:r0:0,1404835588724,3480,1235,1508246403
*RES* vm11:r0:0,1404835592208,3103,1246,1508246403
*RES* vm11:r0:0,1404835595320,3620,1348,1508246403
*RES* vm11:r0:0,1404835598944,3645,1366,1508246403
*RES* vm11:r0:0,1404835602594,5660,1013,1508246403
*RES* vm11:r0:0,1404835608275,15148,954,1508246403
*RES* vm11:r0:0,1404835623461,7864,1204,1508246403
*RES* vm11:r0:0,1404835631332,2923,1267,1508246403
*RES* vm11:r0:0,1404835634260,3316,1190,1508246403
*RES* vm11:r0:0,1404835637580,3297,1310,1508246403
*RES* vm11:r0:1,1404835436979,38183,1426,1508246403
*RES* vm11:r0:2,1404835436979,35681,1414,1508246403
*RES* vm11:r0:3,1404835436979,35666,1418,1508246403
*RES* vm11:r0:4,1404835436979,31347,1400,1508246403
*RES* end node vm11:r0
Node vm11:r0 joined
Worker terminating correctly
