OSMeF worker starting
Enabling core dumping
Listening for command connection
CONF: mapper on port 23330
CONF: -> will serve 46 reducers
(main) new thread ID: vm46:m0
(vm46:m0) Mapper thread started
(vm46:m0) Binding to port 23330
(vm46:m0) Got START signal
(vm46:m0) new thread ID: vm46:m0:th0
(vm46:m0:th0) waiting for something to do...
CONF: reducer
(main) new thread ID: vm46:r0
(vm46:r0) Reducer thread started
(vm46:r0) waiting for START message
(main) Waiting for thread vm46:m0 to join...
(vm46:r0) got START message
(vm46:r0) new thread ID: th0
(vm46:r0) new thread ID: th1
(vm46:r0) new thread ID: th2
(vm46:r0) new thread ID: th3
(vm46:r0) new thread ID: th4
(vm46:r0:th3:0) Connection established with mapper vm4:m0
(vm46:r0:th0:0) Connection established with mapper vm1:m0
(vm46:r0:th1:0) Connection established with mapper vm2:m0
(vm46:r0:th4:0) Connection established with mapper vm5:m0
(vm46:r0:th2:0) Connection established with mapper vm3:m0
(vm46:r0:th1:0) Connection to vm2:m0 finished, received 1 bytes
(vm46:r0:th1:1) Connection established with mapper vm7:m0
(vm46:r0:th3:0) Connection to vm4:m0 finished, received 1 bytes
(vm46:r0:th3:1) Connection established with mapper vm9:m0
(vm46:r0:th4:0) Connection to vm5:m0 finished, received 1 bytes
(vm46:r0:th4:1) Connection established with mapper vm10:m0
(vm46:r0:th3:1) Connection to vm9:m0 finished, received 5074396 bytes
(vm46:r0:th3:2) Connection established with mapper vm14:m0
(vm46:r0:th4:1) Connection to vm10:m0 finished, received 5074396 bytes
(vm46:r0:th4:2) Connection established with mapper vm15:m0
(vm46:r0:th3:2) Connection to vm14:m0 finished, received 10148791 bytes
(vm46:r0:th3:3) Connection established with mapper vm19:m0
(vm46:r0:th1:1) Connection to vm7:m0 finished, received 5074396 bytes
(vm46:r0:th1:2) Connection established with mapper vm12:m0
(vm46:r0:th4:2) Connection to vm15:m0 finished, received 10148791 bytes
(vm46:r0:th4:3) Connection established with mapper vm20:m0
(vm46:r0:th3:3) Connection to vm19:m0 finished, received 15223186 bytes
(vm46:r0:th3:4) Connection established with mapper vm24:m0
(vm46:r0:th4:3) Connection to vm20:m0 finished, received 15223186 bytes
(vm46:r0:th4:4) Connection established with mapper vm25:m0
(vm46:r0:th1:2) Connection to vm12:m0 finished, received 10148791 bytes
(vm46:r0:th1:3) Connection established with mapper vm17:m0
(vm46:r0:th2:0) Connection to vm3:m0 finished, received 5074395 bytes
(vm46:r0:th2:1) Connection established with mapper vm8:m0
(vm46:r0:th2:1) Connection to vm8:m0 finished, received 5074396 bytes
(vm46:r0:th2:2) Connection established with mapper vm13:m0
(vm46:r0:th3:4) Connection to vm24:m0 finished, received 20297581 bytes
(vm46:r0:th3:5) Connection established with mapper vm29:m0
(vm46:r0:th0:0) Connection to vm1:m0 finished, received 5074395 bytes
(vm46:r0:th0:1) Connection established with mapper vm6:m0
(vm46:r0:th0:1) Connection to vm6:m0 finished, received 5074396 bytes
(vm46:r0:th0:2) Connection established with mapper vm11:m0
(vm46:r0:th0:2) Connection to vm11:m0 finished, received 5074397 bytes
(vm46:r0:th0:3) Connection established with mapper vm16:m0
(vm46:r0:th4:4) Connection to vm25:m0 finished, received 20297581 bytes
(vm46:r0:th4:5) Connection established with mapper vm30:m0
(vm46:r0:th1:3) Connection to vm17:m0 finished, received 15223186 bytes
(vm46:r0:th1:4) Connection established with mapper vm22:m0
(vm46:r0:th1:4) Connection to vm22:m0 finished, received 15223187 bytes
(vm46:r0:th1:5) Connection established with mapper vm27:m0
(vm46:r0:th0:3) Connection to vm16:m0 finished, received 10148792 bytes
(vm46:r0:th0:4) Connection established with mapper vm21:m0
(vm46:r0:th0:4) Connection to vm21:m0 finished, received 10148793 bytes
(vm46:r0:th0:5) Connection established with mapper vm26:m0
(vm46:r0:th2:2) Connection to vm13:m0 finished, received 10148791 bytes
(vm46:r0:th2:3) Connection established with mapper vm18:m0
(vm46:r0:th2:3) Connection to vm18:m0 finished, received 10148792 bytes
(vm46:r0:th2:4) Connection established with mapper vm23:m0
(vm46:r0:th4:5) Connection to vm30:m0 finished, received 25371976 bytes
(vm46:r0:th4:6) Connection established with mapper vm35:m0
(vm46:r0:th4:6) Connection to vm35:m0 finished, received 25371977 bytes
(vm46:r0:th4:7) Connection established with mapper vm40:m0
(vm46:r0:th3:5) Connection to vm29:m0 finished, received 25371976 bytes
(vm46:r0:th3:6) Connection established with mapper vm34:m0
(vm46:r0:th1:5) Connection to vm27:m0 finished, received 20297582 bytes
(vm46:r0:th1:6) Connection established with mapper vm32:m0
(vm46:r0:th4:7) Connection to vm40:m0 finished, received 30446372 bytes
(vm46:r0:th4:8) Connection established with mapper vm45:m0
(vm46:r0:th3:6) Connection to vm34:m0 finished, received 30446371 bytes
(vm46:r0:th3:7) Connection established with mapper vm39:m0
(vm46:r0:th4:8) Connection to vm45:m0 finished, received 30446373 bytes
(vm46:r0:th4) Got data from all mappers, this reducer connection has finished.
(vm46:r0:th2:4) Connection to vm23:m0 finished, received 15223187 bytes
(vm46:r0:th2:5) Connection established with mapper vm28:m0
(vm46:r0:th2:5) Connection to vm28:m0 finished, received 15223188 bytes
(vm46:r0:th2:6) Connection established with mapper vm33:m0
(vm46:r0:th2:6) Connection to vm33:m0 finished, received 15223189 bytes
(vm46:r0:th2:7) Connection established with mapper vm38:m0
(vm46:r0:th1:6) Connection to vm32:m0 finished, received 25371977 bytes
(vm46:r0:th1:7) Connection established with mapper vm37:m0
(vm46:r0:th1:7) Connection to vm37:m0 finished, received 25371978 bytes
(vm46:r0:th1:8) Connection established with mapper vm42:m0
(vm46:r0:th0:5) Connection to vm26:m0 finished, received 15223188 bytes
(vm46:r0:th0:6) Connection established with mapper vm31:m0
(vm46:r0:th0:6) Connection to vm31:m0 finished, received 15223189 bytes
(vm46:r0:th0:7) Connection established with mapper vm36:m0
(vm46:r0:th3:7) Connection to vm39:m0 finished, received 35520766 bytes
(vm46:r0:th3:8) Connection established with mapper vm44:m0
(vm46:m0) Got connection from reducer vm41:r0
(vm46:m0) new thread ID: vm46:m0:th1
(vm46:m0:th0) connection started, have to send 5074394 bytes to vm41:r0
(vm46:m0:th1) waiting for something to do...
(vm46:m0) Got connection from reducer vm17:r0
(vm46:m0) new thread ID: vm46:m0:th2
(vm46:m0:th1) connection started, have to send 5074394 bytes to vm17:r0
(vm46:m0:th2) waiting for something to do...
(vm46:m0) Got connection from reducer vm35:r0
(vm46:m0) new thread ID: vm46:m0:th3
(vm46:m0:th2) connection started, have to send 5074394 bytes to vm35:r0
(vm46:m0:th3) waiting for something to do...
(vm46:m0) Got connection from reducer vm5:r0
(vm46:m0) new thread ID: vm46:m0:th4
(vm46:m0:th3) connection started, have to send 5074394 bytes to vm5:r0
(vm46:m0:th4) waiting for something to do...
(vm46:m0) Got connection from reducer vm16:r0
(vm46:m0) new thread ID: vm46:m0:th5
(vm46:m0:th4) connection started, have to send 5074394 bytes to vm16:r0
(vm46:m0:th5) waiting for something to do...
(vm46:m0) Got connection from reducer vm26:r0
(vm46:m0) new thread ID: vm46:m0:th6
(vm46:m0:th5) connection started, have to send 5074394 bytes to vm26:r0
(vm46:m0:th6) waiting for something to do...
(vm46:m0) Got connection from reducer vm18:r0
(vm46:m0) new thread ID: vm46:m0:th7
(vm46:m0:th6) connection started, have to send 5074394 bytes to vm18:r0
(vm46:m0:th7) waiting for something to do...
(vm46:m0) Got connection from reducer vm2:r0
(vm46:m0) new thread ID: vm46:m0:th8
(vm46:m0) Got connection from reducer vm1:r0
(vm46:m0) new thread ID: vm46:m0:th9
(vm46:m0:th7) connection started, have to send 5074394 bytes to vm2:r0
(vm46:m0:th9) waiting for something to do...
(vm46:m0:th8) waiting for something to do...
(vm46:m0:th8) connection started, have to send 5074394 bytes to vm1:r0
(vm46:m0) Got connection from reducer vm10:r0
(vm46:m0) new thread ID: vm46:m0:th10
(vm46:m0:th9) connection started, have to send 5074394 bytes to vm10:r0
(vm46:m0) Got connection from reducer vm43:r0
(vm46:m0) new thread ID: vm46:m0:th11
(vm46:m0) Got connection from reducer vm28:r0
(vm46:m0) new thread ID: vm46:m0:th12
(vm46:m0) Got connection from reducer vm33:r0
(vm46:m0) new thread ID: vm46:m0:th13
(vm46:m0) Got connection from reducer vm15:r0
(vm46:m0) new thread ID: vm46:m0:th14
(vm46:m0) Got connection from reducer vm22:r0
(vm46:m0) new thread ID: vm46:m0:th15
(vm46:m0:th2) all data sent, closing connection to vm35:r0
(vm46:m0:th2) waiting for something to do...
(vm46:m0:th13) waiting for something to do...
(vm46:m0:th13) connection started, have to send 5074394 bytes to vm15:r0
(vm46:m0:th14) waiting for something to do...
(vm46:m0:th14) connection started, have to send 5074394 bytes to vm22:r0
(vm46:m0:th10) waiting for something to do...
(vm46:m0:th10) connection started, have to send 5074394 bytes to vm43:r0
(vm46:m0:th15) waiting for something to do...
(vm46:m0:th11) waiting for something to do...
(vm46:m0:th11) connection started, have to send 5074394 bytes to vm28:r0
(vm46:m0:th12) waiting for something to do...
(vm46:m0:th12) connection started, have to send 5074394 bytes to vm33:r0
(vm46:m0) Got connection from reducer vm29:r0
(vm46:m0) Got connection from reducer vm19:r0
(vm46:m0) new thread ID: vm46:m0:th16
(vm46:r0:th2:7) Connection to vm38:m0 finished, received 20297584 bytes
(vm46:m0:th1) all data sent, closing connection to vm17:r0
(vm46:m0:th1) waiting for something to do...
(vm46:m0:th2) connection started, have to send 5074394 bytes to vm19:r0
(vm46:m0:th2) all data sent, closing connection to vm19:r0
(vm46:m0:th2) waiting for something to do...
(vm46:m0:th15) connection started, have to send 5074394 bytes to vm29:r0
(vm46:m0:th16) waiting for something to do...
(vm46:r0:th2:8) Connection established with mapper vm43:m0
(vm46:r0:th2:8) Connection to vm43:m0 finished, received 20297585 bytes
(vm46:r0:th2) Got data from all mappers, this reducer connection has finished.
(vm46:m0) Got connection from reducer vm11:r0
(vm46:m0) Got connection from reducer vm6:r0
(vm46:m0:th1) connection started, have to send 5074394 bytes to vm6:r0
(vm46:m0:th1) all data sent, closing connection to vm6:r0
(vm46:m0:th1) waiting for something to do...
(vm46:m0) Got connection from reducer vm7:r0
(vm46:m0) Got connection from reducer vm8:r0
(vm46:m0) new thread ID: vm46:m0:th17
(vm46:m0:th1) connection started, have to send 5074394 bytes to vm8:r0
(vm46:m0:th1) all data sent, closing connection to vm8:r0
(vm46:m0:th1) waiting for something to do...
(vm46:m0:th3) all data sent, closing connection to vm5:r0
(vm46:m0:th3) waiting for something to do...
(vm46:m0:th4) all data sent, closing connection to vm16:r0
(vm46:m0:th4) waiting for something to do...
(vm46:m0:th6) all data sent, closing connection to vm18:r0
(vm46:m0:th6) waiting for something to do...
(vm46:m0:th2) connection started, have to send 5074394 bytes to vm7:r0
(vm46:m0:th2) all data sent, closing connection to vm7:r0
(vm46:m0:th2) waiting for something to do...
(vm46:r0:th3:8) Connection to vm44:m0 finished, received 40595161 bytes
(vm46:r0:th3) Got data from all mappers, this reducer connection has finished.
(vm46:m0:th0) all data sent, closing connection to vm41:r0
(vm46:m0:th0) waiting for something to do...
(vm46:m0) Got connection from reducer vm32:r0
(vm46:m0:th5) all data sent, closing connection to vm26:r0
(vm46:m0:th5) waiting for something to do...
(vm46:m0) Got connection from reducer vm27:r0
(vm46:m0:th0) connection started, have to send 5074394 bytes to vm27:r0
(vm46:m0:th0) all data sent, closing connection to vm27:r0
(vm46:m0:th0) waiting for something to do...
(vm46:m0:th16) connection started, have to send 5074394 bytes to vm11:r0
(vm46:m0:th7) all data sent, closing connection to vm2:r0
(vm46:m0:th7) waiting for something to do...
(vm46:m0:th8) all data sent, closing connection to vm1:r0
(vm46:m0:th8) waiting for something to do...
(vm46:m0:th17) waiting for something to do...
(vm46:m0:th17) connection started, have to send 5074394 bytes to vm32:r0
(vm46:m0) Got connection from reducer vm14:r0
(vm46:m0:th1) connection started, have to send 5074394 bytes to vm14:r0
(vm46:m0:th1) all data sent, closing connection to vm14:r0
(vm46:m0:th1) waiting for something to do...
(vm46:m0) Got connection from reducer vm39:r0
(vm46:m0:th0) connection started, have to send 5074394 bytes to vm39:r0
(vm46:m0:th0) all data sent, closing connection to vm39:r0
(vm46:m0:th0) waiting for something to do...
(vm46:m0:th9) all data sent, closing connection to vm10:r0
(vm46:m0:th9) waiting for something to do...
(vm46:m0) Got connection from reducer vm4:r0
(vm46:m0:th1) connection started, have to send 5074394 bytes to vm4:r0
(vm46:m0:th1) all data sent, closing connection to vm4:r0
(vm46:m0:th1) waiting for something to do...
(vm46:m0) Got connection from reducer vm34:r0
(vm46:m0:th0) connection started, have to send 5074394 bytes to vm34:r0
(vm46:m0:th0) all data sent, closing connection to vm34:r0
(vm46:m0:th0) waiting for something to do...
(vm46:m0) Got connection from reducer vm38:r0
(vm46:m0:th1) connection started, have to send 5074394 bytes to vm38:r0
(vm46:m0:th1) all data sent, closing connection to vm38:r0
(vm46:m0:th1) waiting for something to do...
(vm46:m0) Got connection from reducer vm23:r0
(vm46:m0:th0) connection started, have to send 5074394 bytes to vm23:r0
(vm46:m0:th0) all data sent, closing connection to vm23:r0
(vm46:m0:th0) waiting for something to do...
(vm46:r0:th1:8) Connection to vm42:m0 finished, received 30446373 bytes
(vm46:r0:th1) Got data from all mappers, this reducer connection has finished.
(vm46:m0) Got connection from reducer vm25:r0
(vm46:m0:th1) connection started, have to send 5074394 bytes to vm25:r0
(vm46:m0:th1) all data sent, closing connection to vm25:r0
(vm46:m0:th1) waiting for something to do...
(vm46:m0:th12) all data sent, closing connection to vm33:r0
(vm46:m0:th12) waiting for something to do...
(vm46:m0:th10) all data sent, closing connection to vm43:r0
(vm46:m0:th10) waiting for something to do...
(vm46:m0:th13) all data sent, closing connection to vm15:r0
(vm46:m0:th13) waiting for something to do...
(vm46:m0:th11) all data sent, closing connection to vm28:r0
(vm46:m0:th11) waiting for something to do...
(vm46:m0:th14) all data sent, closing connection to vm22:r0
(vm46:m0:th14) waiting for something to do...
(vm46:m0:th15) all data sent, closing connection to vm29:r0
(vm46:m0:th15) waiting for something to do...
(vm46:m0:th16) all data sent, closing connection to vm11:r0
(vm46:m0:th16) waiting for something to do...
(vm46:r0:th0:7) Connection to vm36:m0 finished, received 20297584 bytes
(vm46:r0:th0:8) Connection established with mapper vm41:m0
(vm46:m0:th17) all data sent, closing connection to vm32:r0
(vm46:m0:th17) waiting for something to do...
(vm46:r0:th0:8) Connection to vm41:m0 finished, received 20297585 bytes
(vm46:r0:th0:9) Connection established with mapper vm46:m0
(vm46:m0) Got connection from reducer vm46:r0
(vm46:m0:th0) connection started, have to send 5074394 bytes to vm46:r0
(vm46:m0:th0) all data sent, closing connection to vm46:r0
(vm46:m0:th0) waiting for something to do...
(vm46:r0:th0:9) Connection to vm46:m0 finished, received 20297586 bytes
(vm46:r0:th0) Got data from all mappers, this reducer connection has finished.
(vm46:r0) thread th0 joined, 4 connection threads remaining
(vm46:r0) thread th1 joined, 3 connection threads remaining
(vm46:r0) thread th2 joined, 2 connection threads remaining
(vm46:r0) thread th3 joined, 1 connection threads remaining
(vm46:r0) thread th4 joined, 0 connection threads remaining
(vm46:r0) all done, exiting
(vm46:m0) Got connection from reducer vm20:r0
(vm46:m0:th1) connection started, have to send 5074394 bytes to vm20:r0
(vm46:m0:th1) all data sent, closing connection to vm20:r0
(vm46:m0:th1) waiting for something to do...
(vm46:m0) Got connection from reducer vm30:r0
(vm46:m0:th0) connection started, have to send 5074394 bytes to vm30:r0
(vm46:m0:th0) all data sent, closing connection to vm30:r0
(vm46:m0:th0) waiting for something to do...
(vm46:m0) Got connection from reducer vm9:r0
(vm46:m0:th1) connection started, have to send 5074394 bytes to vm9:r0
(vm46:m0:th1) all data sent, closing connection to vm9:r0
(vm46:m0:th1) waiting for something to do...
(vm46:m0) Got connection from reducer vm24:r0
(vm46:m0:th0) connection started, have to send 5074394 bytes to vm24:r0
(vm46:m0:th0) all data sent, closing connection to vm24:r0
(vm46:m0:th0) waiting for something to do...
(vm46:m0) Got connection from reducer vm37:r0
(vm46:m0:th1) connection started, have to send 5074394 bytes to vm37:r0
(vm46:m0:th1) all data sent, closing connection to vm37:r0
(vm46:m0:th1) waiting for something to do...
(vm46:m0) Got connection from reducer vm3:r0
(vm46:m0:th0) connection started, have to send 5074394 bytes to vm3:r0
(vm46:m0:th0) all data sent, closing connection to vm3:r0
(vm46:m0:th0) waiting for something to do...
(vm46:m0) Got connection from reducer vm40:r0
(vm46:m0:th1) connection started, have to send 5074394 bytes to vm40:r0
(vm46:m0:th1) all data sent, closing connection to vm40:r0
(vm46:m0:th1) waiting for something to do...
(vm46:m0) Got connection from reducer vm36:r0
(vm46:m0:th0) connection started, have to send 5074394 bytes to vm36:r0
(vm46:m0:th0) all data sent, closing connection to vm36:r0
(vm46:m0:th0) waiting for something to do...
(vm46:m0) Got connection from reducer vm31:r0
(vm46:m0:th1) connection started, have to send 5074394 bytes to vm31:r0
(vm46:m0:th1) all data sent, closing connection to vm31:r0
(vm46:m0:th1) waiting for something to do...
(vm46:m0) Got connection from reducer vm42:r0
(vm46:m0:th0) connection started, have to send 5074394 bytes to vm42:r0
(vm46:m0:th0) all data sent, closing connection to vm42:r0
(vm46:m0:th0) waiting for something to do...
(vm46:m0) Got connection from reducer vm13:r0
(vm46:m0:th1) connection started, have to send 5074394 bytes to vm13:r0
(vm46:m0:th1) all data sent, closing connection to vm13:r0
(vm46:m0:th1) waiting for something to do...
(vm46:m0) Got connection from reducer vm21:r0
(vm46:m0:th0) connection started, have to send 5074394 bytes to vm21:r0
(vm46:m0:th0) all data sent, closing connection to vm21:r0
(vm46:m0:th0) waiting for something to do...
(vm46:m0) Got connection from reducer vm44:r0
(vm46:m0:th1) connection started, have to send 5074394 bytes to vm44:r0
(vm46:m0:th1) all data sent, closing connection to vm44:r0
(vm46:m0:th1) waiting for something to do...
(vm46:m0) Got connection from reducer vm45:r0
(vm46:m0) Got connection from reducer vm12:r0
(vm46:m0) All reducers connected, waiting for threads to terminate
(vm46:m0) waiting on semaphore
(vm46:m0) -> 2 threads still running
(vm46:m0) waiting on semaphore
(vm46:m0) -> 2 threads still running
(vm46:m0) waiting on semaphore
(vm46:m0) -> 2 threads still running
(vm46:m0) waiting on semaphore
(vm46:m0) -> 2 threads still running
(vm46:m0) waiting on semaphore
(vm46:m0) -> 2 threads still running
(vm46:m0) waiting on semaphore
(vm46:m0) -> 2 threads still running
(vm46:m0) waiting on semaphore
(vm46:m0) -> 2 threads still running
(vm46:m0) waiting on semaphore
(vm46:m0) -> 2 threads still running
(vm46:m0) waiting on semaphore
(vm46:m0) -> 2 threads still running
(vm46:m0) waiting on semaphore
(vm46:m0) -> 2 threads still running
(vm46:m0) waiting on semaphore
(vm46:m0) -> 2 threads still running
(vm46:m0) waiting on semaphore
(vm46:m0) -> 2 threads still running
(vm46:m0) waiting on semaphore
(vm46:m0) -> 2 threads still running
(vm46:m0) waiting on semaphore
(vm46:m0) -> 2 threads still running
(vm46:m0) waiting on semaphore
(vm46:m0) -> 2 threads still running
(vm46:m0) waiting on semaphore
(vm46:m0) -> 2 threads still running
(vm46:m0) waiting on semaphore
(vm46:m0) -> 2 threads still running
(vm46:m0) waiting on semaphore
(vm46:m0) -> 2 threads still running
(vm46:m0) waiting on semaphore
(vm46:m0) -> 2 threads still running
(vm46:m0) waiting on semaphore
(vm46:m0) -> 2 threads still running
(vm46:m0) waiting on semaphore
(vm46:m0) -> 2 threads still running
(vm46:m0) waiting on semaphore
(vm46:m0) -> 2 threads still running
(vm46:m0) waiting on semaphore
(vm46:m0) -> 2 threads still running
(vm46:m0) waiting on semaphore
(vm46:m0) -> 2 threads still running
(vm46:m0) waiting on semaphore
(vm46:m0) -> 2 threads still running
(vm46:m0) waiting on semaphore
(vm46:m0) -> 2 threads still running
(vm46:m0) waiting on semaphore
(vm46:m0) -> 2 threads still running
(vm46:m0) waiting on semaphore
(vm46:m0) -> 2 threads still running
(vm46:m0) waiting on semaphore
(vm46:m0) -> 2 threads still running
(vm46:m0) waiting on semaphore
(vm46:m0) -> 2 threads still running
(vm46:m0) waiting on semaphore
(vm46:m0) -> 2 threads still running
(vm46:m0) waiting on semaphore
(vm46:m0) -> 2 threads still running
(vm46:m0) waiting on semaphore
(vm46:m0) -> 2 threads still running
(vm46:m0) waiting on semaphore
(vm46:m0) -> 2 threads still running
(vm46:m0) waiting on semaphore
(vm46:m0) -> 2 threads still running
(vm46:m0) waiting on semaphore
(vm46:m0) -> 2 threads still running
(vm46:m0) waiting on semaphore
(vm46:m0) -> 2 threads still running
(vm46:m0) waiting on semaphore
(vm46:m0) -> 2 threads still running
(vm46:m0) waiting on semaphore
(vm46:m0:th0) connection started, have to send 5074394 bytes to vm45:r0
(vm46:m0:th0) all data sent, closing connection to vm45:r0
(vm46:m0:th0) waiting for something to do...
(vm46:m0:th1) connection started, have to send 5074394 bytes to vm12:r0
(vm46:m0:th1) all data sent, closing connection to vm12:r0
(vm46:m0:th1) waiting for something to do...
(vm46:m0) Sending exit signal to all threads
(vm46:m0:th2) got exit signal
(vm46:m0:th0) got exit signal
(vm46:m0:th1) got exit signal
(vm46:m0:th3) got exit signal
(vm46:m0:th4) got exit signal
(vm46:m0:th5) got exit signal
(vm46:m0:th6) got exit signal
(vm46:m0:th7) got exit signal
(vm46:m0:th8) got exit signal
(vm46:m0:th9) got exit signal
(vm46:m0) thread vm46:m0:th0 joined
(vm46:m0) thread vm46:m0:th1 joined
(vm46:m0) thread vm46:m0:th2 joined
(vm46:m0) thread vm46:m0:th3 joined
(vm46:m0) thread vm46:m0:th4 joined
(vm46:m0) thread vm46:m0:th5 joined
(vm46:m0) thread vm46:m0:th6 joined
(vm46:m0) thread vm46:m0:th7 joined
(vm46:m0) thread vm46:m0:th8 joined
(vm46:m0) thread vm46:m0:th9 joined
(vm46:m0:th13) got exit signal
(vm46:m0:th14) got exit signal
(vm46:m0:th10) got exit signal
(vm46:m0:th12) got exit signal
(vm46:m0:th11) got exit signal
(vm46:m0) thread vm46:m0:th10 joined
(vm46:m0) thread vm46:m0:th11 joined
(vm46:m0) thread vm46:m0:th12 joined
(vm46:m0) thread vm46:m0:th13 joined
(vm46:m0) thread vm46:m0:th14 joined
(vm46:m0:th15) got exit signal
(vm46:m0) thread vm46:m0:th15 joined
(vm46:m0:th16) got exit signal
(vm46:m0) thread vm46:m0:th16 joined
(vm46:m0:th17) got exit signal
(vm46:m0) thread vm46:m0:th17 joined
(vm46:m0) all done, exiting
*RES* start node vm46:m0
*RES* vm46:m0:th2,1406562472572,83,6,5074395
*RES* vm46:m0:th1,1406562472564,97,5,5074395
*RES* vm46:m0:th2,1406562472661,0,6,5074395
*RES* vm46:m0:th1,1406562472664,0,5,5074395
*RES* vm46:m0:th0,1406562472563,112,5,5074395
*RES* vm46:m0:th1,1406562472668,0,5,5074395
*RES* vm46:m0:th0,1406562472677,0,5,5074395
*RES* vm46:m0:th1,1406562472698,0,5,5074395
*RES* vm46:m0:th0,1406562472700,0,5,5074395
*RES* vm46:m0:th1,1406562472703,0,5,5074395
*RES* vm46:m0:th0,1406562472704,0,5,5074395
*RES* vm46:m0:th1,1406562472705,0,5,5074395
*RES* vm46:m0:th0,1406562472720,0,5,5074395
*RES* vm46:m0:th1,1406562472728,0,5,5074395
*RES* vm46:m0:th0,1406562472735,0,6,5074395
*RES* vm46:m0:th1,1406562472742,0,6,5074395
*RES* vm46:m0:th0,1406562472743,0,6,5074395
*RES* vm46:m0:th1,1406562472748,1,6,5074395
*RES* vm46:m0:th0,1406562472754,0,6,5074395
*RES* vm46:m0:th1,1406562472755,0,6,5074395
*RES* vm46:m0:th0,1406562472760,0,6,5074395
*RES* vm46:m0:th1,1406562472761,0,6,5074395
*RES* vm46:m0:th0,1406562472764,0,6,5074395
*RES* vm46:m0:th1,1406562472765,0,6,5074395
*RES* vm46:m0:th0,1406562472766,0,6,5074395
*RES* vm46:m0:th1,1406562472773,0,6,5074395
*RES* vm46:m0:th0,1406562472775,0,6,5074395
*RES* vm46:m0:th1,1406562472776,0,6,5074395
*RES* vm46:m0:th0,1406562472777,0,6,5074395
*RES* vm46:m0:th1,1406562472777,0,6,5074395
*RES* vm46:m0:th2,1406562472670,0,6,5074395
*RES* vm46:m0:th3,1406562472576,93,5,5074395
*RES* vm46:m0:th4,1406562472581,88,5,5074395
*RES* vm46:m0:th5,1406562472583,92,6,5074395
*RES* vm46:m0:th6,1406562472588,82,5,5074395
*RES* vm46:m0:th7,1406562472589,95,5,5074395
*RES* vm46:m0:th8,1406562472589,102,4,5074395
*RES* vm46:m0:th9,1406562472639,63,5,5074395
*RES* vm46:m0:th10,1406562472655,73,5,5074395
*RES* vm46:m0:th11,1406562472655,74,5,5074395
*RES* vm46:m0:th12,1406562472655,73,5,5074395
*RES* vm46:m0:th13,1406562472655,74,5,5074395
*RES* vm46:m0:th14,1406562472655,74,5,5074395
*RES* vm46:m0:th15,1406562472661,68,5,5074395
*RES* vm46:m0:th16,1406562472685,48,5,5074395
*RES* vm46:m0:th17,1406562472692,42,5,5074395
*RES* end node vm46:m0
(main) Thread vm46:m0 joined
(main) Waiting for thread vm46:m0 to join...
*RES* start node vm46:r0
*RES* vm46:r0:th0:0,1406562471586,336,9,5074395
*RES* vm46:r0:th0:1,1406562471921,2,9,5074396
*RES* vm46:r0:th0:2,1406562471924,12,10,5074397
*RES* vm46:r0:th0:3,1406562471936,197,18,10148792
*RES* vm46:r0:th0:4,1406562472133,11,18,10148793
*RES* vm46:r0:th0:5,1406562472144,366,29,15223188
*RES* vm46:r0:th0:6,1406562472510,3,29,15223189
*RES* vm46:r0:th0:7,1406562472513,221,38,20297584
*RES* vm46:r0:th0:8,1406562472734,1,38,20297585
*RES* vm46:r0:th0:9,1406562472735,0,38,20297586
*RES* vm46:r0:th1:0,1406562471586,6,0,1
*RES* vm46:r0:th1:1,1406562471591,134,7,5074396
*RES* vm46:r0:th1:2,1406562471726,135,18,10148791
*RES* vm46:r0:th1:3,1406562471860,246,27,15223186
*RES* vm46:r0:th1:4,1406562472107,10,28,15223187
*RES* vm46:r0:th1:5,1406562472117,140,36,20297582
*RES* vm46:r0:th1:6,1406562472256,208,43,25371977
*RES* vm46:r0:th1:7,1406562472465,5,43,25371978
*RES* vm46:r0:th1:8,1406562472470,251,52,30446373
*RES* vm46:r0:th2:0,1406562471586,281,10,5074395
*RES* vm46:r0:th2:1,1406562471866,1,10,5074396
*RES* vm46:r0:th2:2,1406562471868,303,21,10148791
*RES* vm46:r0:th2:3,1406562472172,11,22,10148792
*RES* vm46:r0:th2:4,1406562472183,209,32,15223187
*RES* vm46:r0:th2:5,1406562472392,5,32,15223188
*RES* vm46:r0:th2:6,1406562472397,4,33,15223189
*RES* vm46:r0:th2:7,1406562472401,259,41,20297584
*RES* vm46:r0:th2:8,1406562472660,4,41,20297585
*RES* vm46:r0:th3:0,1406562471586,9,0,1
*RES* vm46:r0:th3:1,1406562471595,55,6,5074396
*RES* vm46:r0:th3:2,1406562471650,58,12,10148791
*RES* vm46:r0:th3:3,1406562471707,75,18,15223186
*RES* vm46:r0:th3:4,1406562471783,110,26,20297581
*RES* vm46:r0:th3:5,1406562471893,353,36,25371976
*RES* vm46:r0:th3:6,1406562472246,129,44,30446371
*RES* vm46:r0:th3:7,1406562472375,142,50,35520766
*RES* vm46:r0:th3:8,1406562472517,155,59,40595161
*RES* vm46:r0:th4:0,1406562471586,11,0,1
*RES* vm46:r0:th4:1,1406562471596,71,7,5074396
*RES* vm46:r0:th4:2,1406562471668,74,13,10148791
*RES* vm46:r0:th4:3,1406562471742,76,21,15223186
*RES* vm46:r0:th4:4,1406562471818,165,29,20297581
*RES* vm46:r0:th4:5,1406562471983,214,37,25371976
*RES* vm46:r0:th4:6,1406562472197,2,37,25371977
*RES* vm46:r0:th4:7,1406562472198,167,45,30446372
*RES* vm46:r0:th4:8,1406562472365,14,45,30446373
*RES* end node vm46:r0
(main) Thread vm46:r0 joined
Worker terminating correctly
