OSMeF worker starting
Enabling core dumping
Listening for command connection
(vm12:m0) New mapper on port 23330
(vm12:m0) -> reducer data size 7635497415
(vm12:m0) -> reducer data size 7635497415
(vm12:m0) -> reducer data size 7635497415
(vm12:m0) -> reducer data size 7635497415
(vm12:m0) -> reducer data size 7635497415
(vm12:m0) -> reducer data size 7635497415
(vm12:m0) -> reducer data size 7635497415
(vm12:m0) -> reducer data size 7635497415
(vm12:m0) -> reducer data size 7635497415
(vm12:m0) -> reducer data size 7635497415
(vm12:m0) -> reducer data size 7635497415
(vm12:m0) -> reducer data size 7635497415
(vm12:m0) Mapper thread started
(vm12:m0) Allocating data for reducer vm1:r0
(vm12:m0) Allocating data for reducer vm2:r0
(vm12:m0) Allocating data for reducer vm3:r0
(vm12:m0) Allocating data for reducer vm4:r0
(vm12:m0) Allocating data for reducer vm5:r0
(vm12:m0) Allocating data for reducer vm6:r0
(vm12:m0) Allocating data for reducer vm7:r0
(vm12:m0) Allocating data for reducer vm8:r0
(vm12:m0) Allocating data for reducer vm9:r0
(vm12:m0) Allocating data for reducer vm10:r0
(vm12:m0) Allocating data for reducer vm11:r0
(vm12:m0) Allocating data for reducer vm12:r0
(vm12:m0) Binding to port 23330
(vm12:r0) New reducer
(vm12:r0) Reducer thread started
(vm12:r0) waiting for START message
(vm12:r0) got START message
(vm12:r0) Starting new connection thread
(vm12:r0) Starting new connection thread
(vm12:r0) Starting new connection thread
(vm12:r0) Starting new connection thread
(vm12:r0) Starting new connection thread
(vm12:r0) Maximum number of connections reached (5), waiting for a thread to finish
(vm12:r0:4) Connection established
(vm12:r0:3) Connection established
(vm12:r0:1) Connection established
(vm12:r0:0) Connection established
(vm12:r0:2) Connection established
(vm12:r0:3) Connection finished, received 7635497416 bytes
(vm12:r0:1) Connection finished, received 7635497416 bytes
(vm12:r0:0) Connection finished, received 7635497416 bytes
(vm12:r0) thread 0 joined, 11 connections remaining
(vm12:r0) Starting new connection thread
(vm12:r0) Maximum number of connections reached (5), waiting for a thread to finish
(vm12:r0:0) Connection established
(vm12:r0:4) Connection finished, received 7635497416 bytes
(vm12:r0:2) Connection finished, received 7635497416 bytes
(vm12:r0:0) Connection finished, received 7635497416 bytes
(vm12:r0) thread 0 joined, 10 connections remaining
(vm12:r0) Starting new connection thread
(vm12:r0) Maximum number of connections reached (5), waiting for a thread to finish
(vm12:r0:0) Connection established
(vm12:m0) Got connection from reducer vm1:r0
(vm12:m0:0) thread started, have to send 7635497415 bytes
(vm12:m0:0) all data sent, thread exiting
(vm12:r0:0) Connection finished, received 7635497416 bytes
(vm12:r0) thread 0 joined, 9 connections remaining
(vm12:r0) Starting new connection thread
(vm12:r0) Maximum number of connections reached (5), waiting for a thread to finish
(vm12:r0:0) Connection established
(vm12:m0) Got connection from reducer vm6:r0
(vm12:m0:5) thread started, have to send 7635497415 bytes
(vm12:m0:5) all data sent, thread exiting
(vm12:m0) Got connection from reducer vm3:r0
(vm12:m0:2) thread started, have to send 7635497415 bytes
(vm12:r0:0) Connection finished, received 7635497416 bytes
(vm12:r0) thread 0 joined, 8 connections remaining
(vm12:r0) Starting new connection thread
(vm12:r0) Maximum number of connections reached (5), waiting for a thread to finish
(vm12:r0:0) Connection established
(vm12:m0:2) all data sent, thread exiting
(vm12:m0) Got connection from reducer vm7:r0
(vm12:m0:6) thread started, have to send 7635497415 bytes
(vm12:r0:0) Connection finished, received 7635497416 bytes
(vm12:r0) thread 0 joined, 7 connections remaining
(vm12:r0) Starting new connection thread
(vm12:r0) Maximum number of connections reached (5), waiting for a thread to finish
(vm12:r0:0) Connection established
(vm12:m0:6) all data sent, thread exiting
(vm12:m0) Got connection from reducer vm8:r0
(vm12:m0:7) thread started, have to send 7635497415 bytes
(vm12:m0:7) all data sent, thread exiting
(vm12:m0) Got connection from reducer vm9:r0
(vm12:m0:8) thread started, have to send 7635497415 bytes
(vm12:r0:0) Connection finished, received 7635497416 bytes
(vm12:r0) thread 0 joined, 6 connections remaining
(vm12:r0) Starting new connection thread
(vm12:r0) Maximum number of connections reached (5), waiting for a thread to finish
(vm12:r0:0) Connection established
(vm12:m0:8) all data sent, thread exiting
(vm12:m0) Got connection from reducer vm11:r0
(vm12:m0:10) thread started, have to send 7635497415 bytes
(vm12:m0) Got connection from reducer vm10:r0
(vm12:m0:9) thread started, have to send 7635497415 bytes
(vm12:m0:9) all data sent, thread exiting
(vm12:r0:0) Connection finished, received 7635497416 bytes
(vm12:r0) thread 0 joined, 5 connections remaining
(vm12:r0) Starting new connection thread
(vm12:r0) Maximum number of connections reached (5), waiting for a thread to finish
(vm12:r0:0) Connection established
(vm12:m0) Got connection from reducer vm12:r0
(vm12:m0:11) thread started, have to send 7635497415 bytes
(vm12:m0) Got connection from reducer vm2:r0
(vm12:m0:1) thread started, have to send 7635497415 bytes
(vm12:m0:10) all data sent, thread exiting
(vm12:m0) Got connection from reducer vm5:r0
(vm12:m0:4) thread started, have to send 7635497415 bytes
(vm12:m0) Got connection from reducer vm4:r0
(vm12:m0) Waiting for a thread to finish
(vm12:m0) thread 0 joined, 11 connections remaining
(vm12:m0) Waiting for a thread to finish
(vm12:m0:3) thread started, have to send 7635497415 bytes
(vm12:m0:11) all data sent, thread exiting
(vm12:r0:0) Connection finished, received 7635497416 bytes
(vm12:r0) thread 0 joined, 4 connections remaining
(vm12:r0) Maximum number of connections reached (4), waiting for a thread to finish
(vm12:r0) thread 1 joined, 3 connections remaining
(vm12:r0) Maximum number of connections reached (3), waiting for a thread to finish
(vm12:r0) thread 2 joined, 2 connections remaining
(vm12:r0) Maximum number of connections reached (2), waiting for a thread to finish
(vm12:r0) thread 3 joined, 1 connections remaining
(vm12:r0) Maximum number of connections reached (1), waiting for a thread to finish
(vm12:r0) thread 4 joined, 0 connections remaining
(vm12:r0) all done, exiting
(vm12:m0:1) all data sent, thread exiting
(vm12:m0) thread 1 joined, 10 connections remaining
(vm12:m0) Waiting for a thread to finish
(vm12:m0) thread 2 joined, 9 connections remaining
(vm12:m0) Waiting for a thread to finish
(vm12:m0:3) all data sent, thread exiting
(vm12:m0) thread 3 joined, 8 connections remaining
(vm12:m0) Waiting for a thread to finish
(vm12:m0:4) all data sent, thread exiting
(vm12:m0) thread 4 joined, 7 connections remaining
(vm12:m0) Waiting for a thread to finish
(vm12:m0) thread 5 joined, 6 connections remaining
(vm12:m0) Waiting for a thread to finish
(vm12:m0) thread 6 joined, 5 connections remaining
(vm12:m0) Waiting for a thread to finish
(vm12:m0) thread 7 joined, 4 connections remaining
(vm12:m0) Waiting for a thread to finish
(vm12:m0) thread 8 joined, 3 connections remaining
(vm12:m0) Waiting for a thread to finish
(vm12:m0) thread 9 joined, 2 connections remaining
(vm12:m0) Waiting for a thread to finish
(vm12:m0) thread 10 joined, 1 connections remaining
(vm12:m0) Waiting for a thread to finish
(vm12:m0) thread 11 joined, 0 connections remaining
(vm12:m0) all done, exiting
*RES* start node vm12:m0
*RES* vm12:m0:0,1403727282494,14186,6027,7635497416
*RES* vm12:m0:1,1403727491904,23622,4942,7635497416
*RES* vm12:m0:2,1403727343803,15425,6457,7635497416
*RES* vm12:m0:3,1403727492464,24177,5172,7635497416
*RES* vm12:m0:4,1403727492256,24881,5464,7635497416
*RES* vm12:m0:5,1403727327510,15410,6692,7635497416
*RES* vm12:m0:6,1403727385838,14850,6277,7635497416
*RES* vm12:m0:7,1403727405938,13864,5987,7635497416
*RES* vm12:m0:8,1403727437910,12654,5291,7635497416
*RES* vm12:m0:9,1403727466849,11466,4302,7635497416
*RES* vm12:m0:10,1403727461138,30924,4093,7635497416
*RES* vm12:m0:11,1403727489126,13632,1010,7635497416
*RES* end node vm12:m0
Node vm12:m0 joined
*RES* start node vm12:r0
*RES* vm12:r0:0,1403727071819,90971,6471,7635497416
*RES* vm12:r0:0,1403727162794,75070,5172,7635497416
*RES* vm12:r0:0,1403727237870,61597,5442,7635497416
*RES* vm12:r0:0,1403727299474,50769,5164,7635497416
*RES* vm12:r0:0,1403727350250,47530,4955,7635497416
*RES* vm12:r0:0,1403727397794,45705,4676,7635497416
*RES* vm12:r0:0,1403727443506,45607,4364,7635497416
*RES* vm12:r0:0,1403727489121,13643,2755,7635497416
*RES* vm12:r0:1,1403727071819,81554,6245,7635497416
*RES* vm12:r0:2,1403727071819,93839,6481,7635497416
*RES* vm12:r0:3,1403727071819,77039,6191,7635497416
*RES* vm12:r0:4,1403727071819,93326,6434,7635497416
*RES* end node vm12:r0
Node vm12:r0 joined
Worker terminating correctly
