OSMeF worker starting
Enabling core dumping
Listening for command connection
(vm11:m0) New mapper on port 23330
(vm11:m0) -> reducer data size 4886718345
(vm11:m0) -> reducer data size 4886718345
(vm11:m0) -> reducer data size 4886718345
(vm11:m0) -> reducer data size 4886718345
(vm11:m0) -> reducer data size 4886718345
(vm11:m0) -> reducer data size 4886718345
(vm11:m0) -> reducer data size 4886718345
(vm11:m0) -> reducer data size 4886718345
(vm11:m0) -> reducer data size 4886718345
(vm11:m0) -> reducer data size 4886718345
(vm11:m0) -> reducer data size 4886718345
(vm11:m0) -> reducer data size 4886718345
(vm11:m0) -> reducer data size 4886718345
(vm11:m0) -> reducer data size 4886718345
(vm11:m0) -> reducer data size 4886718345
(vm11:m0) Mapper thread started
(vm11:m0) Allocating data for reducer vm1:r0
(vm11:m0) Allocating data for reducer vm2:r0
(vm11:m0) Allocating data for reducer vm3:r0
(vm11:m0) Allocating data for reducer vm4:r0
(vm11:m0) Allocating data for reducer vm5:r0
(vm11:m0) Allocating data for reducer vm6:r0
(vm11:m0) Allocating data for reducer vm7:r0
(vm11:m0) Allocating data for reducer vm8:r0
(vm11:m0) Allocating data for reducer vm9:r0
(vm11:m0) Allocating data for reducer vm10:r0
(vm11:m0) Allocating data for reducer vm11:r0
(vm11:m0) Allocating data for reducer vm12:r0
(vm11:m0) Allocating data for reducer vm13:r0
(vm11:m0) Allocating data for reducer vm14:r0
(vm11:m0) Allocating data for reducer vm15:r0
(vm11:m0) Binding to port 23330
(vm11:r0) New reducer
(vm11:r0) Reducer thread started
(vm11:r0) waiting for START message
(vm11:r0) got START message
(vm11:r0) Starting new connection thread
(vm11:r0) Starting new connection thread
(vm11:r0) Starting new connection thread
(vm11:r0) Starting new connection thread
(vm11:r0) Starting new connection thread
(vm11:r0) Maximum number of connections reached (5), waiting for a thread to finish
(vm11:r0:4) Connection established
(vm11:r0:2) Connection established
(vm11:r0:0) Connection established
(vm11:r0:3) Connection established
(vm11:r0:1) Connection established
(vm11:r0:2) Connection finished, received 4886718346 bytes
(vm11:r0:0) Connection finished, received 4886718346 bytes
(vm11:r0) thread 0 joined, 14 connections remaining
(vm11:r0) Starting new connection thread
(vm11:r0) Maximum number of connections reached (5), waiting for a thread to finish
(vm11:r0:0) Connection established
(vm11:r0:3) Connection finished, received 4886718346 bytes
(vm11:r0:1) Connection finished, received 4886718346 bytes
(vm11:r0:4) Connection finished, received 4886718346 bytes
(vm11:r0:0) Connection finished, received 4886718346 bytes
(vm11:r0) thread 0 joined, 13 connections remaining
(vm11:r0) Starting new connection thread
(vm11:r0) Maximum number of connections reached (5), waiting for a thread to finish
(vm11:r0:0) Connection established
(vm11:m0) Got connection from reducer vm1:r0
(vm11:m0:0) thread started, have to send 4886718345 bytes
(vm11:m0:0) all data sent, thread exiting
(vm11:m0) Got connection from reducer vm6:r0
(vm11:m0:5) thread started, have to send 4886718345 bytes
(vm11:r0:0) Connection finished, received 4886718346 bytes
(vm11:r0) thread 0 joined, 12 connections remaining
(vm11:r0) Starting new connection thread
(vm11:r0) Maximum number of connections reached (5), waiting for a thread to finish
(vm11:r0:0) Connection established
(vm11:m0:5) all data sent, thread exiting
(vm11:m0) Got connection from reducer vm15:r0
(vm11:m0:14) thread started, have to send 4886718345 bytes
(vm11:m0:14) all data sent, thread exiting
(vm11:r0:0) Connection finished, received 4886718346 bytes
(vm11:r0) thread 0 joined, 11 connections remaining
(vm11:r0) Starting new connection thread
(vm11:r0) Maximum number of connections reached (5), waiting for a thread to finish
(vm11:r0:0) Connection established
(vm11:m0) Got connection from reducer vm7:r0
(vm11:m0:6) thread started, have to send 4886718345 bytes
(vm11:m0:6) all data sent, thread exiting
(vm11:m0) Got connection from reducer vm8:r0
(vm11:m0:7) thread started, have to send 4886718345 bytes
(vm11:r0:0) Connection finished, received 4886718346 bytes
(vm11:r0) thread 0 joined, 10 connections remaining
(vm11:r0) Starting new connection thread
(vm11:r0) Maximum number of connections reached (5), waiting for a thread to finish
(vm11:r0:0) Connection established
(vm11:m0:7) all data sent, thread exiting
(vm11:m0) Got connection from reducer vm12:r0
(vm11:m0:11) thread started, have to send 4886718345 bytes
(vm11:m0) Got connection from reducer vm9:r0
(vm11:m0:8) thread started, have to send 4886718345 bytes
(vm11:m0) Got connection from reducer vm10:r0
(vm11:m0:9) thread started, have to send 4886718345 bytes
(vm11:m0:8) all data sent, thread exiting
(vm11:m0:11) all data sent, thread exiting
(vm11:m0) Got connection from reducer vm13:r0
(vm11:m0:12) thread started, have to send 4886718345 bytes
(vm11:m0) Got connection from reducer vm5:r0
(vm11:m0:4) thread started, have to send 4886718345 bytes
(vm11:r0:0) Connection finished, received 4886718346 bytes
(vm11:r0) thread 0 joined, 9 connections remaining
(vm11:r0) Starting new connection thread
(vm11:r0) Maximum number of connections reached (5), waiting for a thread to finish
(vm11:r0:0) Connection established
(vm11:m0) Got connection from reducer vm11:r0
(vm11:m0:10) thread started, have to send 4886718345 bytes
(vm11:m0) Got connection from reducer vm4:r0
(vm11:m0:3) thread started, have to send 4886718345 bytes
(vm11:m0) Got connection from reducer vm14:r0
(vm11:m0:13) thread started, have to send 4886718345 bytes
(vm11:m0) Got connection from reducer vm2:r0
(vm11:m0:1) thread started, have to send 4886718345 bytes
(vm11:m0) Got connection from reducer vm3:r0
(vm11:m0) Waiting for a thread to finish
(vm11:m0) thread 0 joined, 14 connections remaining
(vm11:m0) Waiting for a thread to finish
(vm11:m0:2) thread started, have to send 4886718345 bytes
(vm11:m0:9) all data sent, thread exiting
(vm11:m0:10) all data sent, thread exiting
(vm11:r0:0) Connection finished, received 4886718346 bytes
(vm11:r0) thread 0 joined, 8 connections remaining
(vm11:r0) Starting new connection thread
(vm11:r0) Maximum number of connections reached (5), waiting for a thread to finish
(vm11:r0:0) Connection established
(vm11:m0:12) all data sent, thread exiting
(vm11:m0:4) all data sent, thread exiting
(vm11:m0:13) all data sent, thread exiting
(vm11:m0:3) all data sent, thread exiting
(vm11:m0:1) all data sent, thread exiting
(vm11:m0) thread 1 joined, 13 connections remaining
(vm11:m0) Waiting for a thread to finish
(vm11:m0:2) all data sent, thread exiting
(vm11:m0) thread 2 joined, 12 connections remaining
(vm11:m0) Waiting for a thread to finish
(vm11:m0) thread 3 joined, 11 connections remaining
(vm11:m0) Waiting for a thread to finish
(vm11:m0) thread 4 joined, 10 connections remaining
(vm11:m0) Waiting for a thread to finish
(vm11:m0) thread 5 joined, 9 connections remaining
(vm11:m0) Waiting for a thread to finish
(vm11:m0) thread 6 joined, 8 connections remaining
(vm11:m0) Waiting for a thread to finish
(vm11:m0) thread 7 joined, 7 connections remaining
(vm11:m0) Waiting for a thread to finish
(vm11:m0) thread 8 joined, 6 connections remaining
(vm11:m0) Waiting for a thread to finish
(vm11:m0) thread 9 joined, 5 connections remaining
(vm11:m0) Waiting for a thread to finish
(vm11:m0) thread 10 joined, 4 connections remaining
(vm11:m0) Waiting for a thread to finish
(vm11:m0) thread 11 joined, 3 connections remaining
(vm11:m0) Waiting for a thread to finish
(vm11:m0) thread 12 joined, 2 connections remaining
(vm11:m0) Waiting for a thread to finish
(vm11:m0) thread 13 joined, 1 connections remaining
(vm11:m0) Waiting for a thread to finish
(vm11:m0) thread 14 joined, 0 connections remaining
(vm11:m0) all done, exiting
*RES* start node vm11:m0
*RES* vm11:m0:0,1403744278300,8469,3554,4886718346
*RES* vm11:m0:1,1403744436876,35551,3804,4886718346
*RES* vm11:m0:2,1403744437180,35314,3787,4886718346
*RES* vm11:m0:3,1403744436652,35729,3823,4886718346
*RES* vm11:m0:4,1403744434945,35042,3844,4886718346
*RES* vm11:m0:5,1403744314044,7784,3024,4886718346
*RES* vm11:m0:6,1403744356204,7790,3191,4886718346
*RES* vm11:m0:7,1403744392488,7776,3354,4886718346
*RES* vm11:m0:8,1403744420420,13646,3647,4886718346
*RES* vm11:m0:9,1403744420668,33510,3572,4886718346
*RES* vm11:m0:10,1403744436032,20185,687,4886718346
*RES* vm11:m0:11,1403744420192,14083,3810,4886718346
*RES* vm11:m0:12,1403744434894,34032,3723,4886718346
*RES* vm11:m0:13,1403744436756,35015,3708,4886718346
*RES* vm11:m0:14,1403744330896,8033,3223,4886718346
*RES* end node vm11:m0
Node vm11:m0 joined
(vm11:r0:0) Connection finished, received 4886718346 bytes
(vm11:r0) thread 0 joined, 7 connections remaining
(vm11:r0) Starting new connection thread
(vm11:r0) Maximum number of connections reached (5), waiting for a thread to finish
(vm11:r0:0) Connection established
(vm11:r0:0) Connection finished, received 4886718346 bytes
(vm11:r0) thread 0 joined, 6 connections remaining
(vm11:r0) Starting new connection thread
(vm11:r0) Maximum number of connections reached (5), waiting for a thread to finish
(vm11:r0:0) Connection established
(vm11:r0:0) Connection finished, received 4886718346 bytes
(vm11:r0) thread 0 joined, 5 connections remaining
(vm11:r0) Starting new connection thread
(vm11:r0) Maximum number of connections reached (5), waiting for a thread to finish
(vm11:r0:0) Connection established
(vm11:r0:0) Connection finished, received 4886718346 bytes
(vm11:r0) thread 0 joined, 4 connections remaining
(vm11:r0) Maximum number of connections reached (4), waiting for a thread to finish
(vm11:r0) thread 1 joined, 3 connections remaining
(vm11:r0) Maximum number of connections reached (3), waiting for a thread to finish
(vm11:r0) thread 2 joined, 2 connections remaining
(vm11:r0) Maximum number of connections reached (2), waiting for a thread to finish
(vm11:r0) thread 3 joined, 1 connections remaining
(vm11:r0) Maximum number of connections reached (1), waiting for a thread to finish
(vm11:r0) thread 4 joined, 0 connections remaining
(vm11:r0) all done, exiting
*RES* start node vm11:r0
*RES* vm11:r0:0,1403744140447,63523,3858,4886718346
*RES* vm11:r0:0,1403744203976,60580,3263,4886718346
*RES* vm11:r0:0,1403744264560,50079,3259,4886718346
*RES* vm11:r0:0,1403744314648,39794,3286,4886718346
*RES* vm11:r0:0,1403744354448,44587,3226,4886718346
*RES* vm11:r0:0,1403744399044,36965,3006,4886718346
*RES* vm11:r0:0,1403744436028,20194,2044,4886718346
*RES* vm11:r0:0,1403744456228,23820,2709,4886718346
*RES* vm11:r0:0,1403744480052,6816,2805,4886718346
*RES* vm11:r0:0,1403744486876,8912,3084,4886718346
*RES* vm11:r0:0,1403744495792,5557,2752,4886718346
*RES* vm11:r0:1,1403744140447,69993,3877,4886718346
*RES* vm11:r0:2,1403744140446,60141,3785,4886718346
*RES* vm11:r0:3,1403744140446,66942,3834,4886718346
*RES* vm11:r0:4,1403744140446,73309,3870,4886718346
*RES* end node vm11:r0
Node vm11:r0 joined
Worker terminating correctly
