OSMeF worker starting
Enabling core dumping
Listening for command connection
(vm7:m0) New mapper on port 23330
(vm7:m0) -> reducer data size 11930464
(vm7:m0) -> reducer data size 11930464
(vm7:m0) -> reducer data size 11930464
(vm7:m0) -> reducer data size 11930464
(vm7:m0) -> reducer data size 11930464
(vm7:m0) -> reducer data size 11930464
(vm7:m0) -> reducer data size 11930464
(vm7:m0) -> reducer data size 11930464
(vm7:m0) -> reducer data size 11930464
(vm7:m0) -> reducer data size 11930464
(vm7:m0) -> reducer data size 11930464
(vm7:m0) -> reducer data size 11930464
(vm7:m0) -> reducer data size 11930464
(vm7:m0) -> reducer data size 11930464
(vm7:m0) -> reducer data size 11930464
(vm7:m0) -> reducer data size 11930464
(vm7:m0) -> reducer data size 11930464
(vm7:m0) -> reducer data size 11930464
(vm7:m0) -> reducer data size 11930464
(vm7:m0) -> reducer data size 11930464
(vm7:m0) -> reducer data size 11930464
(vm7:m0) -> reducer data size 11930464
(vm7:m0) -> reducer data size 11930464
(vm7:m0) -> reducer data size 11930464
(vm7:m0) -> reducer data size 11930464
(vm7:m0) -> reducer data size 11930464
(vm7:m0) -> reducer data size 11930464
(vm7:m0) -> reducer data size 11930464
(vm7:m0) -> reducer data size 11930464
(vm7:m0) -> reducer data size 11930464
(vm7:m0) Mapper thread started
(vm7:m0) Allocating data for reducer vm1:r0
(vm7:m0) Allocating data for reducer vm2:r0
(vm7:m0) Allocating data for reducer vm3:r0
(vm7:m0) Allocating data for reducer vm4:r0
(vm7:m0) Allocating data for reducer vm5:r0
(vm7:m0) Allocating data for reducer vm6:r0
(vm7:m0) Allocating data for reducer vm7:r0
(vm7:m0) Allocating data for reducer vm8:r0
(vm7:m0) Allocating data for reducer vm9:r0
(vm7:m0) Allocating data for reducer vm10:r0
(vm7:m0) Allocating data for reducer vm11:r0
(vm7:m0) Allocating data for reducer vm12:r0
(vm7:m0) Allocating data for reducer vm13:r0
(vm7:m0) Allocating data for reducer vm14:r0
(vm7:m0) Allocating data for reducer vm15:r0
(vm7:m0) Allocating data for reducer vm16:r0
(vm7:m0) Allocating data for reducer vm17:r0
(vm7:m0) Allocating data for reducer vm18:r0
(vm7:m0) Allocating data for reducer vm19:r0
(vm7:m0) Allocating data for reducer vm20:r0
(vm7:m0) Allocating data for reducer vm21:r0
(vm7:m0) Allocating data for reducer vm22:r0
(vm7:m0) Allocating data for reducer vm23:r0
(vm7:m0) Allocating data for reducer vm24:r0
(vm7:m0) Allocating data for reducer vm25:r0
(vm7:m0) Allocating data for reducer vm26:r0
(vm7:m0) Allocating data for reducer vm27:r0
(vm7:m0) Allocating data for reducer vm28:r0
(vm7:m0) Allocating data for reducer vm29:r0
(vm7:m0) Allocating data for reducer vm30:r0
(vm7:m0) Binding to port 23330
(vm7:r0) New reducer
(vm7:r0) Reducer thread started
(vm7:r0) waiting for START message
(vm7:r0) got START message
(vm7:r0) Starting new connection thread
(vm7:r0) Starting new connection thread
(vm7:r0) Starting new connection thread
(vm7:r0) Starting new connection thread
(vm7:r0) Starting new connection thread
(vm7:r0) Maximum number of connections reached (5), waiting for a thread to finish
(vm7:r0:3) Connection established
(vm7:r0:4) Connection established
(vm7:r0:2) Connection established
(vm7:r0:0) Connection established
(vm7:r0:1) Connection established
(vm7:r0:1) Connection finished, received 11930465 bytes
(vm7:r0:3) Connection finished, received 11930465 bytes
(vm7:r0:4) Connection finished, received 11930465 bytes
(vm7:r0:2) Connection finished, received 11930465 bytes
(vm7:r0:0) Connection finished, received 11930465 bytes
(vm7:r0) thread 0 joined, 29 connections remaining
(vm7:r0) Starting new connection thread
(vm7:r0) Maximum number of connections reached (5), waiting for a thread to finish
(vm7:r0:0) Connection established
(vm7:m0) Got connection from reducer vm6:r0
(vm7:m0:5) thread started, have to send 11930464 bytes
(vm7:m0) Got connection from reducer vm25:r0
(vm7:m0) Got connection from reducer vm16:r0
(vm7:m0:24) thread started, have to send 11930464 bytes
(vm7:m0:15) thread started, have to send 11930464 bytes
(vm7:m0) Got connection from reducer vm15:r0
(vm7:m0:14) thread started, have to send 11930464 bytes
(vm7:m0) Got connection from reducer vm22:r0
(vm7:m0:21) thread started, have to send 11930464 bytes
(vm7:m0) Got connection from reducer vm27:r0
(vm7:m0) Got connection from reducer vm24:r0
(vm7:m0) Got connection from reducer vm23:r0
(vm7:m0) Got connection from reducer vm1:r0
(vm7:m0:26) thread started, have to send 11930464 bytes
(vm7:m0) Got connection from reducer vm13:r0
(vm7:m0:23) thread started, have to send 11930464 bytes
(vm7:m0:22) thread started, have to send 11930464 bytes
(vm7:m0:0) thread started, have to send 11930464 bytes
(vm7:m0) Got connection from reducer vm21:r0
(vm7:m0:12) thread started, have to send 11930464 bytes
(vm7:m0:20) thread started, have to send 11930464 bytes
(vm7:m0) Got connection from reducer vm11:r0
(vm7:m0:10) thread started, have to send 11930464 bytes
(vm7:m0) Got connection from reducer vm19:r0
(vm7:m0) Got connection from reducer vm12:r0
(vm7:m0:18) thread started, have to send 11930464 bytes
(vm7:m0) Got connection from reducer vm29:r0
(vm7:m0:11) thread started, have to send 11930464 bytes
(vm7:m0) Got connection from reducer vm18:r0
(vm7:m0) Got connection from reducer vm17:r0
(vm7:m0:28) thread started, have to send 11930464 bytes
(vm7:m0) Got connection from reducer vm8:r0
(vm7:m0:17) thread started, have to send 11930464 bytes
(vm7:m0:16) thread started, have to send 11930464 bytes
(vm7:m0:7) thread started, have to send 11930464 bytes
(vm7:m0) Got connection from reducer vm10:r0
(vm7:m0:9) thread started, have to send 11930464 bytes
(vm7:m0) Got connection from reducer vm26:r0
(vm7:m0) Got connection from reducer vm28:r0
(vm7:m0:25) thread started, have to send 11930464 bytes
(vm7:m0:27) thread started, have to send 11930464 bytes
(vm7:m0) Got connection from reducer vm20:r0
(vm7:m0) Got connection from reducer vm9:r0
(vm7:m0) Got connection from reducer vm14:r0
(vm7:m0:19) thread started, have to send 11930464 bytes
(vm7:m0) Got connection from reducer vm2:r0
(vm7:m0:13) thread started, have to send 11930464 bytes
(vm7:m0:8) thread started, have to send 11930464 bytes
(vm7:m0) Got connection from reducer vm5:r0
(vm7:m0) Got connection from reducer vm4:r0
(vm7:m0) Got connection from reducer vm30:r0
(vm7:m0) Got connection from reducer vm3:r0
(vm7:m0:1) thread started, have to send 11930464 bytes
(vm7:m0:4) thread started, have to send 11930464 bytes
(vm7:m0:3) thread started, have to send 11930464 bytes
(vm7:m0:29) thread started, have to send 11930464 bytes
(vm7:m0:2) thread started, have to send 11930464 bytes
(vm7:r0:0) Connection finished, received 11930465 bytes
(vm7:r0) thread 0 joined, 28 connections remaining
(vm7:r0) Starting new connection thread
(vm7:r0) Maximum number of connections reached (5), waiting for a thread to finish
(vm7:r0:0) Connection established
(vm7:m0) Got connection from reducer vm7:r0
(vm7:m0) Waiting for a thread to finish
(vm7:m0:6) thread started, have to send 11930464 bytes
(vm7:m0:15) all data sent, thread exiting
(vm7:m0:14) all data sent, thread exiting
(vm7:m0:5) all data sent, thread exiting
(vm7:m0:24) all data sent, thread exiting
(vm7:r0:0) Connection finished, received 11930465 bytes
(vm7:r0) thread 0 joined, 27 connections remaining
(vm7:r0) Starting new connection thread
(vm7:r0) Maximum number of connections reached (5), waiting for a thread to finish
(vm7:m0:6) all data sent, thread exiting
(vm7:r0:0) Connection established
(vm7:m0:21) all data sent, thread exiting
(vm7:m0:22) all data sent, thread exiting
(vm7:m0:26) all data sent, thread exiting
(vm7:m0:12) all data sent, thread exiting
(vm7:m0:0) all data sent, thread exiting
(vm7:m0) thread 0 joined, 29 connections remaining
(vm7:m0) Waiting for a thread to finish
(vm7:m0:11) all data sent, thread exiting
(vm7:m0:20) all data sent, thread exiting
(vm7:m0:28) all data sent, thread exiting
(vm7:m0:10) all data sent, thread exiting
(vm7:m0:18) all data sent, thread exiting
(vm7:m0:8) all data sent, thread exiting
(vm7:m0:16) all data sent, thread exiting
(vm7:m0:23) all data sent, thread exiting
(vm7:m0:4) all data sent, thread exiting
(vm7:m0:25) all data sent, thread exiting
(vm7:m0:1) all data sent, thread exiting
(vm7:m0:9) all data sent, thread exiting
(vm7:m0:17) all data sent, thread exiting
(vm7:m0:19) all data sent, thread exiting
(vm7:m0) thread 1 joined, 28 connections remaining
(vm7:m0) Waiting for a thread to finish
(vm7:m0:3) all data sent, thread exiting
(vm7:m0:2) all data sent, thread exiting
(vm7:m0:29) all data sent, thread exiting
(vm7:m0) thread 2 joined, 27 connections remaining
(vm7:m0) Waiting for a thread to finish
(vm7:m0) thread 3 joined, 26 connections remaining
(vm7:m0) Waiting for a thread to finish
(vm7:m0) thread 4 joined, 25 connections remaining
(vm7:m0) Waiting for a thread to finish
(vm7:m0) thread 5 joined, 24 connections remaining
(vm7:m0) Waiting for a thread to finish
(vm7:m0) thread 6 joined, 23 connections remaining
(vm7:m0) Waiting for a thread to finish
(vm7:m0:27) all data sent, thread exiting
(vm7:m0:13) all data sent, thread exiting
(vm7:m0:7) all data sent, thread exiting
(vm7:m0) thread 7 joined, 22 connections remaining
(vm7:m0) Waiting for a thread to finish
(vm7:m0) thread 8 joined, 21 connections remaining
(vm7:m0) Waiting for a thread to finish
(vm7:m0) thread 9 joined, 20 connections remaining
(vm7:m0) Waiting for a thread to finish
(vm7:m0) thread 10 joined, 19 connections remaining
(vm7:m0) Waiting for a thread to finish
(vm7:m0) thread 11 joined, 18 connections remaining
(vm7:m0) Waiting for a thread to finish
(vm7:m0) thread 12 joined, 17 connections remaining
(vm7:m0) Waiting for a thread to finish
(vm7:m0) thread 13 joined, 16 connections remaining
(vm7:m0) Waiting for a thread to finish
(vm7:m0) thread 14 joined, 15 connections remaining
(vm7:m0) Waiting for a thread to finish
(vm7:m0) thread 15 joined, 14 connections remaining
(vm7:m0) Waiting for a thread to finish
(vm7:m0) thread 16 joined, 13 connections remaining
(vm7:m0) Waiting for a thread to finish
(vm7:m0) thread 17 joined, 12 connections remaining
(vm7:m0) Waiting for a thread to finish
(vm7:m0) thread 18 joined, 11 connections remaining
(vm7:m0) Waiting for a thread to finish
(vm7:m0) thread 19 joined, 10 connections remaining
(vm7:m0) Waiting for a thread to finish
(vm7:m0) thread 20 joined, 9 connections remaining
(vm7:m0) Waiting for a thread to finish
(vm7:m0) thread 21 joined, 8 connections remaining
(vm7:m0) Waiting for a thread to finish
(vm7:m0) thread 22 joined, 7 connections remaining
(vm7:m0) Waiting for a thread to finish
(vm7:m0) thread 23 joined, 6 connections remaining
(vm7:m0) Waiting for a thread to finish
(vm7:m0) thread 24 joined, 5 connections remaining
(vm7:m0) Waiting for a thread to finish
(vm7:m0) thread 25 joined, 4 connections remaining
(vm7:m0) Waiting for a thread to finish
(vm7:m0) thread 26 joined, 3 connections remaining
(vm7:m0) Waiting for a thread to finish
(vm7:m0) thread 27 joined, 2 connections remaining
(vm7:m0) Waiting for a thread to finish
(vm7:m0) thread 28 joined, 1 connections remaining
(vm7:m0) Waiting for a thread to finish
(vm7:m0) thread 29 joined, 0 connections remaining
(vm7:m0) all done, exiting
*RES* start node vm7:m0
*RES* vm7:m0:0,1404124260297,756,29,11930465
*RES* vm7:m0:1,1404124260533,655,22,11930465
*RES* vm7:m0:2,1404124260556,660,24,11930465
*RES* vm7:m0:3,1404124260549,664,24,11930465
*RES* vm7:m0:4,1404124260538,619,21,11930465
*RES* vm7:m0:5,1404124259907,746,17,11930465
*RES* vm7:m0:6,1404124260663,238,8,11930465
*RES* vm7:m0:7,1404124260380,967,24,11930465
*RES* vm7:m0:8,1404124260506,607,18,11930465
*RES* vm7:m0:9,1404124260447,745,24,11930465
*RES* vm7:m0:10,1404124260325,784,29,11930465
*RES* vm7:m0:11,1404124260345,739,26,11930465
*RES* vm7:m0:12,1404124260303,702,27,11930465
*RES* vm7:m0:13,1404124260506,726,30,11930465
*RES* vm7:m0:14,1404124260252,439,25,11930465
*RES* vm7:m0:15,1404124260230,395,30,11930465
*RES* vm7:m0:16,1404124260376,738,26,11930465
*RES* vm7:m0:17,1404124260374,807,27,11930465
*RES* vm7:m0:18,1404124260337,773,27,11930465
*RES* vm7:m0:19,1404124260494,685,23,11930465
*RES* vm7:m0:20,1404124260308,775,28,11930465
*RES* vm7:m0:21,1404124260279,714,30,11930465
*RES* vm7:m0:22,1404124260297,699,29,11930465
*RES* vm7:m0:23,1404124260296,813,30,11930465
*RES* vm7:m0:24,1404124260230,503,34,11930465
*RES* vm7:m0:25,1404124260467,716,25,11930465
*RES* vm7:m0:26,1404124260290,713,28,11930465
*RES* vm7:m0:27,1404124260473,758,28,11930465
*RES* vm7:m0:28,1404124260356,727,25,11930465
*RES* vm7:m0:29,1404124260550,676,28,11930465
*RES* end node vm7:m0
Node vm7:m0 joined
(vm7:r0:0) Connection finished, received 11930465 bytes
(vm7:r0) thread 0 joined, 26 connections remaining
(vm7:r0) Starting new connection thread
(vm7:r0) Maximum number of connections reached (5), waiting for a thread to finish
(vm7:r0:0) Connection established
(vm7:r0:0) Connection finished, received 11930465 bytes
(vm7:r0) thread 0 joined, 25 connections remaining
(vm7:r0) Starting new connection thread
(vm7:r0) Maximum number of connections reached (5), waiting for a thread to finish
(vm7:r0:0) Connection established
(vm7:r0:0) Connection finished, received 11930465 bytes
(vm7:r0) thread 0 joined, 24 connections remaining
(vm7:r0) Starting new connection thread
(vm7:r0) Maximum number of connections reached (5), waiting for a thread to finish
(vm7:r0:0) Connection established
(vm7:r0:0) Connection finished, received 11930465 bytes
(vm7:r0) thread 0 joined, 23 connections remaining
(vm7:r0) Starting new connection thread
(vm7:r0) Maximum number of connections reached (5), waiting for a thread to finish
(vm7:r0:0) Connection established
(vm7:r0:0) Connection finished, received 11930465 bytes
(vm7:r0) thread 0 joined, 22 connections remaining
(vm7:r0) Starting new connection thread
(vm7:r0) Maximum number of connections reached (5), waiting for a thread to finish
(vm7:r0:0) Connection established
(vm7:r0:0) Connection finished, received 11930465 bytes
(vm7:r0) thread 0 joined, 21 connections remaining
(vm7:r0) Starting new connection thread
(vm7:r0) Maximum number of connections reached (5), waiting for a thread to finish
(vm7:r0:0) Connection established
(vm7:r0:0) Connection finished, received 11930465 bytes
(vm7:r0) thread 0 joined, 20 connections remaining
(vm7:r0) Starting new connection thread
(vm7:r0) Maximum number of connections reached (5), waiting for a thread to finish
(vm7:r0:0) Connection established
(vm7:r0:0) Connection finished, received 11930465 bytes
(vm7:r0) thread 0 joined, 19 connections remaining
(vm7:r0) Starting new connection thread
(vm7:r0) Maximum number of connections reached (5), waiting for a thread to finish
(vm7:r0:0) Connection established
(vm7:r0:0) Connection finished, received 11930465 bytes
(vm7:r0) thread 0 joined, 18 connections remaining
(vm7:r0) Starting new connection thread
(vm7:r0) Maximum number of connections reached (5), waiting for a thread to finish
(vm7:r0:0) Connection established
(vm7:r0:0) Connection finished, received 11930465 bytes
(vm7:r0) thread 0 joined, 17 connections remaining
(vm7:r0) Starting new connection thread
(vm7:r0) Maximum number of connections reached (5), waiting for a thread to finish
(vm7:r0:0) Connection established
(vm7:r0:0) Connection finished, received 11930465 bytes
(vm7:r0) thread 0 joined, 16 connections remaining
(vm7:r0) Starting new connection thread
(vm7:r0) Maximum number of connections reached (5), waiting for a thread to finish
(vm7:r0:0) Connection established
(vm7:r0:0) Connection finished, received 11930465 bytes
(vm7:r0) thread 0 joined, 15 connections remaining
(vm7:r0) Starting new connection thread
(vm7:r0) Maximum number of connections reached (5), waiting for a thread to finish
(vm7:r0:0) Connection established
(vm7:r0:0) Connection finished, received 11930465 bytes
(vm7:r0) thread 0 joined, 14 connections remaining
(vm7:r0) Starting new connection thread
(vm7:r0) Maximum number of connections reached (5), waiting for a thread to finish
(vm7:r0:0) Connection established
(vm7:r0:0) Connection finished, received 11930465 bytes
(vm7:r0) thread 0 joined, 13 connections remaining
(vm7:r0) Starting new connection thread
(vm7:r0) Maximum number of connections reached (5), waiting for a thread to finish
(vm7:r0:0) Connection established
(vm7:r0:0) Connection finished, received 11930465 bytes
(vm7:r0) thread 0 joined, 12 connections remaining
(vm7:r0) Starting new connection thread
(vm7:r0) Maximum number of connections reached (5), waiting for a thread to finish
(vm7:r0:0) Connection established
(vm7:r0:0) Connection finished, received 11930465 bytes
(vm7:r0) thread 0 joined, 11 connections remaining
(vm7:r0) Starting new connection thread
(vm7:r0) Maximum number of connections reached (5), waiting for a thread to finish
(vm7:r0:0) Connection established
(vm7:r0:0) Connection finished, received 11930465 bytes
(vm7:r0) thread 0 joined, 10 connections remaining
(vm7:r0) Starting new connection thread
(vm7:r0) Maximum number of connections reached (5), waiting for a thread to finish
(vm7:r0:0) Connection established
(vm7:r0:0) Connection finished, received 11930465 bytes
(vm7:r0) thread 0 joined, 9 connections remaining
(vm7:r0) Starting new connection thread
(vm7:r0) Maximum number of connections reached (5), waiting for a thread to finish
(vm7:r0:0) Connection established
(vm7:r0:0) Connection finished, received 11930465 bytes
(vm7:r0) thread 0 joined, 8 connections remaining
(vm7:r0) Starting new connection thread
(vm7:r0) Maximum number of connections reached (5), waiting for a thread to finish
(vm7:r0:0) Connection established
(vm7:r0:0) Connection finished, received 11930465 bytes
(vm7:r0) thread 0 joined, 7 connections remaining
(vm7:r0) Starting new connection thread
(vm7:r0) Maximum number of connections reached (5), waiting for a thread to finish
(vm7:r0:0) Connection established
(vm7:r0:0) Connection finished, received 11930465 bytes
(vm7:r0) thread 0 joined, 6 connections remaining
(vm7:r0) Starting new connection thread
(vm7:r0) Maximum number of connections reached (5), waiting for a thread to finish
(vm7:r0:0) Connection established
(vm7:r0:0) Connection finished, received 11930465 bytes
(vm7:r0) thread 0 joined, 5 connections remaining
(vm7:r0) Starting new connection thread
(vm7:r0) Maximum number of connections reached (5), waiting for a thread to finish
(vm7:r0:0) Connection established
(vm7:r0:0) Connection finished, received 11930465 bytes
(vm7:r0) thread 0 joined, 4 connections remaining
(vm7:r0) Maximum number of connections reached (4), waiting for a thread to finish
(vm7:r0) thread 1 joined, 3 connections remaining
(vm7:r0) Maximum number of connections reached (3), waiting for a thread to finish
(vm7:r0) thread 2 joined, 2 connections remaining
(vm7:r0) Maximum number of connections reached (2), waiting for a thread to finish
(vm7:r0) thread 3 joined, 1 connections remaining
(vm7:r0) Maximum number of connections reached (1), waiting for a thread to finish
(vm7:r0) thread 4 joined, 0 connections remaining
(vm7:r0) all done, exiting
*RES* start node vm7:r0
*RES* vm7:r0:0,1404124259261,589,18,11930465
*RES* vm7:r0:0,1404124259855,633,27,11930465
*RES* vm7:r0:0,1404124260634,268,8,11930465
*RES* vm7:r0:0,1404124260959,913,23,11930465
*RES* vm7:r0:0,1404124261879,198,27,11930465
*RES* vm7:r0:0,1404124262083,138,28,11930465
*RES* vm7:r0:0,1404124262227,97,27,11930465
*RES* vm7:r0:0,1404124262331,151,23,11930465
*RES* vm7:r0:0,1404124262487,103,28,11930465
*RES* vm7:r0:0,1404124262599,84,24,11930465
*RES* vm7:r0:0,1404124262687,121,28,11930465
*RES* vm7:r0:0,1404124262815,83,26,11930465
*RES* vm7:r0:0,1404124262903,55,22,11930465
*RES* vm7:r0:0,1404124262963,57,21,11930465
*RES* vm7:r0:0,1404124263027,61,22,11930465
*RES* vm7:r0:0,1404124263095,60,23,11930465
*RES* vm7:r0:0,1404124263163,53,22,11930465
*RES* vm7:r0:0,1404124263223,78,25,11930465
*RES* vm7:r0:0,1404124263307,79,27,11930465
*RES* vm7:r0:0,1404124263391,58,24,11930465
*RES* vm7:r0:0,1404124263455,88,31,11930465
*RES* vm7:r0:0,1404124263547,33,10,11930465
*RES* vm7:r0:0,1404124263587,136,15,11930465
*RES* vm7:r0:0,1404124263731,52,18,11930465
*RES* vm7:r0:0,1404124263787,40,11,11930465
*RES* vm7:r0:0,1404124263831,69,15,11930465
*RES* vm7:r0:1,1404124259260,430,17,11930465
*RES* vm7:r0:2,1404124259260,589,19,11930465
*RES* vm7:r0:3,1404124259260,466,17,11930465
*RES* vm7:r0:4,1404124259260,522,18,11930465
*RES* end node vm7:r0
Node vm7:r0 joined
Worker terminating correctly
