OSMeF worker starting
Enabling core dumping
Listening for command connection
(vm2:m0) New mapper on port 23330
(vm2:m0) -> reducer data size 2748779069
(vm2:m0) -> reducer data size 2748779069
(vm2:m0) -> reducer data size 2748779069
(vm2:m0) -> reducer data size 2748779069
(vm2:m0) -> reducer data size 2748779069
(vm2:m0) -> reducer data size 2748779069
(vm2:m0) -> reducer data size 2748779069
(vm2:m0) -> reducer data size 2748779069
(vm2:m0) -> reducer data size 2748779069
(vm2:m0) -> reducer data size 2748779069
(vm2:m0) -> reducer data size 2748779069
(vm2:m0) -> reducer data size 2748779069
(vm2:m0) -> reducer data size 2748779069
(vm2:m0) -> reducer data size 2748779069
(vm2:m0) -> reducer data size 2748779069
(vm2:m0) -> reducer data size 2748779069
(vm2:m0) -> reducer data size 2748779069
(vm2:m0) -> reducer data size 2748779069
(vm2:m0) -> reducer data size 2748779069
(vm2:m0) -> reducer data size 2748779069
(vm2:m0) Mapper thread started
(vm2:m0) Allocating data for reducer vm1:r0
(vm2:m0) Allocating data for reducer vm2:r0
(vm2:m0) Allocating data for reducer vm3:r0
(vm2:m0) Allocating data for reducer vm4:r0
(vm2:m0) Allocating data for reducer vm5:r0
(vm2:m0) Allocating data for reducer vm6:r0
(vm2:m0) Allocating data for reducer vm7:r0
(vm2:m0) Allocating data for reducer vm8:r0
(vm2:m0) Allocating data for reducer vm9:r0
(vm2:m0) Allocating data for reducer vm10:r0
(vm2:m0) Allocating data for reducer vm11:r0
(vm2:m0) Allocating data for reducer vm12:r0
(vm2:m0) Allocating data for reducer vm13:r0
(vm2:m0) Allocating data for reducer vm14:r0
(vm2:m0) Allocating data for reducer vm15:r0
(vm2:m0) Allocating data for reducer vm16:r0
(vm2:m0) Allocating data for reducer vm17:r0
(vm2:m0) Allocating data for reducer vm18:r0
(vm2:m0) Allocating data for reducer vm19:r0
(vm2:m0) Allocating data for reducer vm20:r0
(vm2:m0) Binding to port 23330
(vm2:r0) New reducer
(vm2:r0) Reducer thread started
(vm2:r0) waiting for START message
(vm2:r0) got START message
(vm2:r0) Starting new connection thread
(vm2:r0) Starting new connection thread
(vm2:r0) Starting new connection thread
(vm2:r0) Starting new connection thread
(vm2:r0) Starting new connection thread
(vm2:r0) Maximum number of connections reached (5), waiting for a thread to finish
(vm2:r0:1) Connection established
(vm2:m0) Got connection from reducer vm1:r0
(vm2:m0) Got connection from reducer vm2:r0
(vm2:r0:4) Connection established
(vm2:r0:3) Connection established
(vm2:r0:2) Connection established
(vm2:m0:1) thread started, have to send 2748779069 bytes
(vm2:r0:0) Connection established
(vm2:m0:0) thread started, have to send 2748779069 bytes
(vm2:m0) Got connection from reducer vm3:r0
(vm2:m0) Got connection from reducer vm5:r0
(vm2:m0) Got connection from reducer vm6:r0
(vm2:m0) Got connection from reducer vm7:r0
(vm2:m0) Got connection from reducer vm8:r0
(vm2:m0:6) thread started, have to send 2748779069 bytes
(vm2:m0:7) thread started, have to send 2748779069 bytes
(vm2:m0) Got connection from reducer vm13:r0
(vm2:m0) Got connection from reducer vm14:r0
(vm2:m0) Got connection from reducer vm10:r0
(vm2:m0) Got connection from reducer vm4:r0
(vm2:m0) Got connection from reducer vm12:r0
(vm2:m0) Got connection from reducer vm9:r0
(vm2:m0) Got connection from reducer vm11:r0
(vm2:m0) Got connection from reducer vm17:r0
(vm2:m0) Got connection from reducer vm20:r0
(vm2:m0) Got connection from reducer vm19:r0
(vm2:m0) Got connection from reducer vm16:r0
(vm2:m0) Got connection from reducer vm18:r0
(vm2:m0) Got connection from reducer vm15:r0
(vm2:m0) Waiting for a thread to finish
(vm2:m0:5) thread started, have to send 2748779069 bytes
(vm2:m0:4) thread started, have to send 2748779069 bytes
(vm2:m0:2) thread started, have to send 2748779069 bytes
(vm2:m0:16) thread started, have to send 2748779069 bytes
(vm2:m0:14) thread started, have to send 2748779069 bytes
(vm2:m0:3) thread started, have to send 2748779069 bytes
(vm2:m0:18) thread started, have to send 2748779069 bytes
(vm2:m0:12) thread started, have to send 2748779069 bytes
(vm2:m0:13) thread started, have to send 2748779069 bytes
(vm2:m0:8) thread started, have to send 2748779069 bytes
(vm2:m0:10) thread started, have to send 2748779069 bytes
(vm2:m0:19) thread started, have to send 2748779069 bytes
(vm2:m0:17) thread started, have to send 2748779069 bytes
(vm2:m0:11) thread started, have to send 2748779069 bytes
(vm2:m0:15) thread started, have to send 2748779069 bytes
(vm2:m0:9) thread started, have to send 2748779069 bytes
(vm2:m0:1) all data sent, thread exiting
(vm2:r0:1) Connection finished, received 2748779070 bytes
(vm2:m0:9) all data sent, thread exiting
(vm2:m0:14) all data sent, thread exiting
(vm2:m0:16) all data sent, thread exiting
(vm2:m0:5) all data sent, thread exiting
(vm2:m0:13) all data sent, thread exiting
(vm2:m0:8) all data sent, thread exiting
(vm2:m0:17) all data sent, thread exiting
(vm2:m0:12) all data sent, thread exiting
(vm2:m0:10) all data sent, thread exiting
(vm2:m0:15) all data sent, thread exiting
(vm2:m0:6) all data sent, thread exiting
(vm2:m0:19) all data sent, thread exiting
(vm2:m0:18) all data sent, thread exiting
(vm2:m0:11) all data sent, thread exiting
(vm2:r0:2) Connection finished, received 2748779070 bytes
(vm2:r0:4) Connection finished, received 2748779070 bytes
(vm2:m0:2) all data sent, thread exiting
(vm2:m0:7) all data sent, thread exiting
(vm2:r0:0) Connection finished, received 2748779070 bytes
(vm2:r0) thread 0 joined, 19 connections remaining
(vm2:r0) Starting new connection thread
(vm2:r0) Maximum number of connections reached (5), waiting for a thread to finish
(vm2:r0:0) Connection established
(vm2:m0:0) all data sent, thread exiting
(vm2:m0) thread 0 joined, 19 connections remaining
(vm2:m0) Waiting for a thread to finish
(vm2:m0) thread 1 joined, 18 connections remaining
(vm2:m0) Waiting for a thread to finish
(vm2:m0) thread 2 joined, 17 connections remaining
(vm2:m0) Waiting for a thread to finish
(vm2:m0:4) all data sent, thread exiting
(vm2:m0:3) all data sent, thread exiting
(vm2:m0) thread 3 joined, 16 connections remaining
(vm2:m0) Waiting for a thread to finish
(vm2:m0) thread 4 joined, 15 connections remaining
(vm2:m0) Waiting for a thread to finish
(vm2:m0) thread 5 joined, 14 connections remaining
(vm2:m0) Waiting for a thread to finish
(vm2:m0) thread 6 joined, 13 connections remaining
(vm2:m0) Waiting for a thread to finish
(vm2:m0) thread 7 joined, 12 connections remaining
(vm2:m0) Waiting for a thread to finish
(vm2:m0) thread 8 joined, 11 connections remaining
(vm2:m0) Waiting for a thread to finish
(vm2:m0) thread 9 joined, 10 connections remaining
(vm2:m0) Waiting for a thread to finish
(vm2:m0) thread 10 joined, 9 connections remaining
(vm2:m0) Waiting for a thread to finish
(vm2:m0) thread 11 joined, 8 connections remaining
(vm2:m0) Waiting for a thread to finish
(vm2:m0) thread 12 joined, 7 connections remaining
(vm2:m0) Waiting for a thread to finish
(vm2:m0) thread 13 joined, 6 connections remaining
(vm2:m0) Waiting for a thread to finish
(vm2:m0) thread 14 joined, 5 connections remaining
(vm2:m0) Waiting for a thread to finish
(vm2:m0) thread 15 joined, 4 connections remaining
(vm2:m0) Waiting for a thread to finish
(vm2:m0) thread 16 joined, 3 connections remaining
(vm2:m0) Waiting for a thread to finish
(vm2:m0) thread 17 joined, 2 connections remaining
(vm2:m0) Waiting for a thread to finish
(vm2:m0) thread 18 joined, 1 connections remaining
(vm2:m0) Waiting for a thread to finish
(vm2:m0) thread 19 joined, 0 connections remaining
(vm2:m0) all done, exiting
*RES* start node vm2:m0
*RES* vm2:m0:0,1403763000051,51276,2041,2748779070
*RES* vm2:m0:1,1403763000048,31100,735,2748779070
*RES* vm2:m0:2,1403763000061,50052,1907,2748779070
*RES* vm2:m0:3,1403763000061,53561,1908,2748779070
*RES* vm2:m0:4,1403763000060,51280,2049,2748779070
*RES* vm2:m0:5,1403763000058,49089,2055,2748779070
*RES* vm2:m0:6,1403763000055,49446,2067,2748779070
*RES* vm2:m0:7,1403763000055,50170,2116,2748779070
*RES* vm2:m0:8,1403763000062,49270,2079,2748779070
*RES* vm2:m0:9,1403763000062,48225,2048,2748779070
*RES* vm2:m0:10,1403763000062,49318,2074,2748779070
*RES* vm2:m0:11,1403763000062,49675,2104,2748779070
*RES* vm2:m0:12,1403763000061,49325,2067,2748779070
*RES* vm2:m0:13,1403763000062,49200,2063,2748779070
*RES* vm2:m0:14,1403763000061,48438,2034,2748779070
*RES* vm2:m0:15,1403763000062,49420,2068,2748779070
*RES* vm2:m0:16,1403763000061,48889,2072,2748779070
*RES* vm2:m0:17,1403763000062,49344,2064,2748779070
*RES* vm2:m0:18,1403763000061,49516,2073,2748779070
*RES* vm2:m0:19,1403763000062,49490,2102,2748779070
*RES* end node vm2:m0
Node vm2:m0 joined
(vm2:r0:3) Connection finished, received 2748779070 bytes
(vm2:r0:0) Connection finished, received 2748779070 bytes
(vm2:r0) thread 0 joined, 18 connections remaining
(vm2:r0) Starting new connection thread
(vm2:r0) Maximum number of connections reached (5), waiting for a thread to finish
(vm2:r0:0) Connection established
(vm2:r0:0) Connection finished, received 2748779070 bytes
(vm2:r0) thread 0 joined, 17 connections remaining
(vm2:r0) Starting new connection thread
(vm2:r0) Maximum number of connections reached (5), waiting for a thread to finish
(vm2:r0:0) Connection established
(vm2:r0:0) Connection finished, received 2748779070 bytes
(vm2:r0) thread 0 joined, 16 connections remaining
(vm2:r0) Starting new connection thread
(vm2:r0) Maximum number of connections reached (5), waiting for a thread to finish
(vm2:r0:0) Connection established
(vm2:r0:0) Connection finished, received 2748779070 bytes
(vm2:r0) thread 0 joined, 15 connections remaining
(vm2:r0) Starting new connection thread
(vm2:r0) Maximum number of connections reached (5), waiting for a thread to finish
(vm2:r0:0) Connection established
(vm2:r0:0) Connection finished, received 2748779070 bytes
(vm2:r0) thread 0 joined, 14 connections remaining
(vm2:r0) Starting new connection thread
(vm2:r0) Maximum number of connections reached (5), waiting for a thread to finish
(vm2:r0:0) Connection established
(vm2:r0:0) Connection finished, received 2748779070 bytes
(vm2:r0) thread 0 joined, 13 connections remaining
(vm2:r0) Starting new connection thread
(vm2:r0) Maximum number of connections reached (5), waiting for a thread to finish
(vm2:r0:0) Connection established
(vm2:r0:0) Connection finished, received 2748779070 bytes
(vm2:r0) thread 0 joined, 12 connections remaining
(vm2:r0) Starting new connection thread
(vm2:r0) Maximum number of connections reached (5), waiting for a thread to finish
(vm2:r0:0) Connection established
(vm2:r0:0) Connection finished, received 2748779070 bytes
(vm2:r0) thread 0 joined, 11 connections remaining
(vm2:r0) Starting new connection thread
(vm2:r0) Maximum number of connections reached (5), waiting for a thread to finish
(vm2:r0:0) Connection established
(vm2:r0:0) Connection finished, received 2748779070 bytes
(vm2:r0) thread 0 joined, 10 connections remaining
(vm2:r0) Starting new connection thread
(vm2:r0) Maximum number of connections reached (5), waiting for a thread to finish
(vm2:r0:0) Connection established
(vm2:r0:0) Connection finished, received 2748779070 bytes
(vm2:r0) thread 0 joined, 9 connections remaining
(vm2:r0) Starting new connection thread
(vm2:r0) Maximum number of connections reached (5), waiting for a thread to finish
(vm2:r0:0) Connection established
(vm2:r0:0) Connection finished, received 2748779070 bytes
(vm2:r0) thread 0 joined, 8 connections remaining
(vm2:r0) Starting new connection thread
(vm2:r0) Maximum number of connections reached (5), waiting for a thread to finish
(vm2:r0:0) Connection established
(vm2:r0:0) Connection finished, received 2748779070 bytes
(vm2:r0) thread 0 joined, 7 connections remaining
(vm2:r0) Starting new connection thread
(vm2:r0) Maximum number of connections reached (5), waiting for a thread to finish
(vm2:r0:0) Connection established
(vm2:r0:0) Connection finished, received 2748779070 bytes
(vm2:r0) thread 0 joined, 6 connections remaining
(vm2:r0) Starting new connection thread
(vm2:r0) Maximum number of connections reached (5), waiting for a thread to finish
(vm2:r0:0) Connection established
(vm2:r0:0) Connection finished, received 2748779070 bytes
(vm2:r0) thread 0 joined, 5 connections remaining
(vm2:r0) Starting new connection thread
(vm2:r0) Maximum number of connections reached (5), waiting for a thread to finish
(vm2:r0:0) Connection established
(vm2:r0:0) Connection finished, received 2748779070 bytes
(vm2:r0) thread 0 joined, 4 connections remaining
(vm2:r0) Maximum number of connections reached (4), waiting for a thread to finish
(vm2:r0) thread 1 joined, 3 connections remaining
(vm2:r0) Maximum number of connections reached (3), waiting for a thread to finish
(vm2:r0) thread 2 joined, 2 connections remaining
(vm2:r0) Maximum number of connections reached (2), waiting for a thread to finish
(vm2:r0) thread 3 joined, 1 connections remaining
(vm2:r0) Maximum number of connections reached (1), waiting for a thread to finish
(vm2:r0) thread 4 joined, 0 connections remaining
(vm2:r0) all done, exiting
*RES* start node vm2:r0
*RES* vm2:r0:0,1403763000048,50193,1941,2748779070
*RES* vm2:r0:0,1403763050257,40524,2642,2748779070
*RES* vm2:r0:0,1403763090786,36613,2332,2748779070
*RES* vm2:r0:0,1403763127406,36901,2290,2748779070
*RES* vm2:r0:0,1403763164314,34235,2362,2748779070
*RES* vm2:r0:0,1403763198554,26707,2177,2748779070
*RES* vm2:r0:0,1403763225266,19986,2051,2748779070
*RES* vm2:r0:0,1403763245258,22265,1999,2748779070
*RES* vm2:r0:0,1403763267530,12178,1816,2748779070
*RES* vm2:r0:0,1403763279713,12128,1849,2748779070
*RES* vm2:r0:0,1403763291850,13341,1632,2748779070
*RES* vm2:r0:0,1403763305198,8907,1497,2748779070
*RES* vm2:r0:0,1403763314114,9575,1471,2748779070
*RES* vm2:r0:0,1403763323693,8512,1403,2748779070
*RES* vm2:r0:0,1403763332209,8672,1482,2748779070
*RES* vm2:r0:0,1403763340885,8459,1565,2748779070
*RES* vm2:r0:1,1403763000048,31133,1407,2748779070
*RES* vm2:r0:2,1403763000047,49834,1909,2748779070
*RES* vm2:r0:3,1403763000047,53661,2032,2748779070
*RES* vm2:r0:4,1403763000047,50003,1897,2748779070
*RES* end node vm2:r0
Node vm2:r0 joined
Worker terminating correctly
