OSMeF worker starting
Enabling core dumping
Listening for command connection
(vm13:m0) New mapper on port 23330
(vm13:m0) -> reducer data size 3045738581
(vm13:m0) -> reducer data size 3045738581
(vm13:m0) -> reducer data size 3045738581
(vm13:m0) -> reducer data size 3045738581
(vm13:m0) -> reducer data size 3045738581
(vm13:m0) -> reducer data size 3045738581
(vm13:m0) -> reducer data size 3045738581
(vm13:m0) -> reducer data size 3045738581
(vm13:m0) -> reducer data size 3045738581
(vm13:m0) -> reducer data size 3045738581
(vm13:m0) -> reducer data size 3045738581
(vm13:m0) -> reducer data size 3045738581
(vm13:m0) -> reducer data size 3045738581
(vm13:m0) -> reducer data size 3045738581
(vm13:m0) -> reducer data size 3045738581
(vm13:m0) -> reducer data size 3045738581
(vm13:m0) -> reducer data size 3045738581
(vm13:m0) -> reducer data size 3045738581
(vm13:m0) -> reducer data size 3045738581
(vm13:m0) Mapper thread started
(vm13:m0) Allocating data for reducer vm1:r0
(vm13:m0) Allocating data for reducer vm2:r0
(vm13:m0) Allocating data for reducer vm3:r0
(vm13:m0) Allocating data for reducer vm4:r0
(vm13:m0) Allocating data for reducer vm5:r0
(vm13:m0) Allocating data for reducer vm6:r0
(vm13:m0) Allocating data for reducer vm7:r0
(vm13:m0) Allocating data for reducer vm8:r0
(vm13:m0) Allocating data for reducer vm9:r0
(vm13:m0) Allocating data for reducer vm10:r0
(vm13:m0) Allocating data for reducer vm11:r0
(vm13:m0) Allocating data for reducer vm12:r0
(vm13:m0) Allocating data for reducer vm13:r0
(vm13:m0) Allocating data for reducer vm14:r0
(vm13:m0) Allocating data for reducer vm15:r0
(vm13:m0) Allocating data for reducer vm16:r0
(vm13:m0) Allocating data for reducer vm17:r0
(vm13:m0) Allocating data for reducer vm18:r0
(vm13:m0) Allocating data for reducer vm19:r0
(vm13:m0) Binding to port 23330
(vm13:r0) New reducer
(vm13:r0) Reducer thread started
(vm13:r0) waiting for START message
(vm13:r0) got START message
(vm13:r0) Starting new connection thread
(vm13:r0) Starting new connection thread
(vm13:r0) Starting new connection thread
(vm13:r0) Starting new connection thread
(vm13:r0) Starting new connection thread
(vm13:r0) Maximum number of connections reached (5), waiting for a thread to finish
(vm13:r0:4) Connection established
(vm13:r0:3) Connection established
(vm13:r0:2) Connection established
(vm13:r0:1) Connection established
(vm13:r0:0) Connection established
(vm13:r0:2) Connection finished, received 3045738582 bytes
(vm13:r0:3) Connection finished, received 3045738582 bytes
(vm13:r0:0) Connection finished, received 3045738582 bytes
(vm13:r0) thread 0 joined, 18 connections remaining
(vm13:r0) Starting new connection thread
(vm13:r0) Maximum number of connections reached (5), waiting for a thread to finish
(vm13:r0:0) Connection established
(vm13:r0:1) Connection finished, received 3045738582 bytes
(vm13:r0:4) Connection finished, received 3045738582 bytes
(vm13:r0:0) Connection finished, received 3045738582 bytes
(vm13:r0) thread 0 joined, 17 connections remaining
(vm13:r0) Starting new connection thread
(vm13:r0) Maximum number of connections reached (5), waiting for a thread to finish
(vm13:r0:0) Connection established
(vm13:m0) Got connection from reducer vm1:r0
(vm13:m0:0) thread started, have to send 3045738581 bytes
(vm13:m0:0) all data sent, thread exiting
(vm13:r0:0) Connection finished, received 3045738582 bytes
(vm13:r0) thread 0 joined, 16 connections remaining
(vm13:r0) Starting new connection thread
(vm13:r0) Maximum number of connections reached (5), waiting for a thread to finish
(vm13:r0:0) Connection established
(vm13:r0:0) Connection finished, received 3045738582 bytes
(vm13:r0) thread 0 joined, 15 connections remaining
(vm13:r0) Starting new connection thread
(vm13:r0) Maximum number of connections reached (5), waiting for a thread to finish
(vm13:r0:0) Connection established
(vm13:m0) Got connection from reducer vm11:r0
(vm13:m0:10) thread started, have to send 3045738581 bytes
(vm13:m0) Got connection from reducer vm6:r0
(vm13:m0:5) thread started, have to send 3045738581 bytes
(vm13:m0) Got connection from reducer vm18:r0
(vm13:m0:17) thread started, have to send 3045738581 bytes
(vm13:m0:10) all data sent, thread exiting
(vm13:m0:5) all data sent, thread exiting
(vm13:m0:17) all data sent, thread exiting
(vm13:r0:0) Connection finished, received 3045738582 bytes
(vm13:r0) thread 0 joined, 14 connections remaining
(vm13:r0) Starting new connection thread
(vm13:r0) Maximum number of connections reached (5), waiting for a thread to finish
(vm13:r0:0) Connection established
(vm13:m0) Got connection from reducer vm7:r0
(vm13:m0:6) thread started, have to send 3045738581 bytes
(vm13:r0:0) Connection finished, received 3045738582 bytes
(vm13:r0) thread 0 joined, 13 connections remaining
(vm13:r0) Starting new connection thread
(vm13:r0) Maximum number of connections reached (5), waiting for a thread to finish
(vm13:r0:0) Connection established
(vm13:m0:6) all data sent, thread exiting
(vm13:r0:0) Connection finished, received 3045738582 bytes
(vm13:r0) thread 0 joined, 12 connections remaining
(vm13:r0) Starting new connection thread
(vm13:r0) Maximum number of connections reached (5), waiting for a thread to finish
(vm13:r0:0) Connection established
(vm13:m0) Got connection from reducer vm8:r0
(vm13:m0:7) thread started, have to send 3045738581 bytes
(vm13:r0:0) Connection finished, received 3045738582 bytes
(vm13:r0) thread 0 joined, 11 connections remaining
(vm13:r0) Starting new connection thread
(vm13:r0) Maximum number of connections reached (5), waiting for a thread to finish
(vm13:r0:0) Connection established
(vm13:m0) Got connection from reducer vm13:r0
(vm13:m0:12) thread started, have to send 3045738581 bytes
(vm13:m0:7) all data sent, thread exiting
(vm13:m0:12) all data sent, thread exiting
(vm13:r0:0) Connection finished, received 3045738582 bytes
(vm13:r0) thread 0 joined, 10 connections remaining
(vm13:r0) Starting new connection thread
(vm13:r0) Maximum number of connections reached (5), waiting for a thread to finish
(vm13:r0:0) Connection established
(vm13:m0) Got connection from reducer vm10:r0
(vm13:m0:9) thread started, have to send 3045738581 bytes
(vm13:r0:0) Connection finished, received 3045738582 bytes
(vm13:r0) thread 0 joined, 9 connections remaining
(vm13:r0) Starting new connection thread
(vm13:r0) Maximum number of connections reached (5), waiting for a thread to finish
(vm13:r0:0) Connection established
(vm13:m0) Got connection from reducer vm9:r0
(vm13:m0:8) thread started, have to send 3045738581 bytes
(vm13:r0:0) Connection finished, received 3045738582 bytes
(vm13:r0) thread 0 joined, 8 connections remaining
(vm13:r0) Starting new connection thread
(vm13:r0) Maximum number of connections reached (5), waiting for a thread to finish
(vm13:r0:0) Connection established
(vm13:m0:9) all data sent, thread exiting
(vm13:m0:8) all data sent, thread exiting
(vm13:r0:0) Connection finished, received 3045738582 bytes
(vm13:r0) thread 0 joined, 7 connections remaining
(vm13:r0) Starting new connection thread
(vm13:r0) Maximum number of connections reached (5), waiting for a thread to finish
(vm13:r0:0) Connection established
(vm13:r0:0) Connection finished, received 3045738582 bytes
(vm13:r0) thread 0 joined, 6 connections remaining
(vm13:r0) Starting new connection thread
(vm13:r0) Maximum number of connections reached (5), waiting for a thread to finish
(vm13:r0:0) Connection established
(vm13:m0) Got connection from reducer vm12:r0
(vm13:m0:11) thread started, have to send 3045738581 bytes
(vm13:r0:0) Connection finished, received 3045738582 bytes
(vm13:r0) thread 0 joined, 5 connections remaining
(vm13:r0) Starting new connection thread
(vm13:r0) Maximum number of connections reached (5), waiting for a thread to finish
(vm13:r0:0) Connection established
(vm13:m0:11) all data sent, thread exiting
(vm13:r0:0) Connection finished, received 3045738582 bytes
(vm13:r0) thread 0 joined, 4 connections remaining
(vm13:r0) Maximum number of connections reached (4), waiting for a thread to finish
(vm13:r0) thread 1 joined, 3 connections remaining
(vm13:r0) Maximum number of connections reached (3), waiting for a thread to finish
(vm13:r0) thread 2 joined, 2 connections remaining
(vm13:r0) Maximum number of connections reached (2), waiting for a thread to finish
(vm13:r0) thread 3 joined, 1 connections remaining
(vm13:r0) Maximum number of connections reached (1), waiting for a thread to finish
(vm13:r0) thread 4 joined, 0 connections remaining
(vm13:r0) all done, exiting
(vm13:m0) Got connection from reducer vm19:r0
(vm13:m0:18) thread started, have to send 3045738581 bytes
(vm13:m0:18) all data sent, thread exiting
(vm13:m0) Got connection from reducer vm14:r0
(vm13:m0:13) thread started, have to send 3045738581 bytes
(vm13:m0) Got connection from reducer vm17:r0
(vm13:m0:16) thread started, have to send 3045738581 bytes
(vm13:m0) Got connection from reducer vm16:r0
(vm13:m0:15) thread started, have to send 3045738581 bytes
(vm13:m0) Got connection from reducer vm15:r0
(vm13:m0:14) thread started, have to send 3045738581 bytes
(vm13:m0) Got connection from reducer vm3:r0
(vm13:m0:2) thread started, have to send 3045738581 bytes
(vm13:m0) Got connection from reducer vm2:r0
(vm13:m0:1) thread started, have to send 3045738581 bytes
(vm13:m0) Got connection from reducer vm5:r0
(vm13:m0:4) thread started, have to send 3045738581 bytes
(vm13:m0) Got connection from reducer vm4:r0
(vm13:m0) Waiting for a thread to finish
(vm13:m0) thread 0 joined, 18 connections remaining
(vm13:m0) Waiting for a thread to finish
(vm13:m0:3) thread started, have to send 3045738581 bytes
(vm13:m0:13) all data sent, thread exiting
(vm13:m0:16) all data sent, thread exiting
(vm13:m0:15) all data sent, thread exiting
(vm13:m0:14) all data sent, thread exiting
(vm13:m0:2) all data sent, thread exiting
(vm13:m0:1) all data sent, thread exiting
(vm13:m0:4) all data sent, thread exiting
(vm13:m0) thread 1 joined, 17 connections remaining
(vm13:m0) Waiting for a thread to finish
(vm13:m0) thread 2 joined, 16 connections remaining
(vm13:m0) Waiting for a thread to finish
(vm13:m0:3) all data sent, thread exiting
(vm13:m0) thread 3 joined, 15 connections remaining
(vm13:m0) Waiting for a thread to finish
(vm13:m0) thread 4 joined, 14 connections remaining
(vm13:m0) Waiting for a thread to finish
(vm13:m0) thread 5 joined, 13 connections remaining
(vm13:m0) Waiting for a thread to finish
(vm13:m0) thread 6 joined, 12 connections remaining
(vm13:m0) Waiting for a thread to finish
(vm13:m0) thread 7 joined, 11 connections remaining
(vm13:m0) Waiting for a thread to finish
(vm13:m0) thread 8 joined, 10 connections remaining
(vm13:m0) Waiting for a thread to finish
(vm13:m0) thread 9 joined, 9 connections remaining
(vm13:m0) Waiting for a thread to finish
(vm13:m0) thread 10 joined, 8 connections remaining
(vm13:m0) Waiting for a thread to finish
(vm13:m0) thread 11 joined, 7 connections remaining
(vm13:m0) Waiting for a thread to finish
(vm13:m0) thread 12 joined, 6 connections remaining
(vm13:m0) Waiting for a thread to finish
(vm13:m0) thread 13 joined, 5 connections remaining
(vm13:m0) Waiting for a thread to finish
(vm13:m0) thread 14 joined, 4 connections remaining
(vm13:m0) Waiting for a thread to finish
(vm13:m0) thread 15 joined, 3 connections remaining
(vm13:m0) Waiting for a thread to finish
(vm13:m0) thread 16 joined, 2 connections remaining
(vm13:m0) Waiting for a thread to finish
(vm13:m0) thread 17 joined, 1 connections remaining
(vm13:m0) Waiting for a thread to finish
(vm13:m0) thread 18 joined, 0 connections remaining
(vm13:m0) all done, exiting
*RES* start node vm13:m0
*RES* vm13:m0:0,1403761047252,6199,2672,3045738582
*RES* vm13:m0:1,1403761213272,16975,2093,3045738582
*RES* vm13:m0:2,1403761213007,16626,1989,3045738582
*RES* vm13:m0:3,1403761213532,16994,2193,3045738582
*RES* vm13:m0:4,1403761213439,16808,2066,3045738582
*RES* vm13:m0:5,1403761105548,9730,2324,3045738582
*RES* vm13:m0:6,1403761125908,6493,2094,3045738582
*RES* vm13:m0:7,1403761138628,7012,2125,3045738582
*RES* vm13:m0:8,1403761161769,7203,2272,3045738582
*RES* vm13:m0:9,1403761152956,11321,2341,3045738582
*RES* vm13:m0:10,1403761104972,9770,2425,3045738582
*RES* vm13:m0:11,1403761182684,7730,2642,3045738582
*RES* vm13:m0:12,1403761141971,4194,474,3045738582
*RES* vm13:m0:13,1403761211655,14646,1966,3045738582
*RES* vm13:m0:14,1403761212679,16404,1943,3045738582
*RES* vm13:m0:15,1403761212549,16408,1978,3045738582
*RES* vm13:m0:16,1403761212320,15544,1935,3045738582
*RES* vm13:m0:17,1403761106464,9697,2313,3045738582
*RES* vm13:m0:18,1403761205620,3684,2156,3045738582
*RES* end node vm13:m0
Node vm13:m0 joined
*RES* start node vm13:r0
*RES* vm13:r0:0,1403760929766,52790,2521,3045738582
*RES* vm13:r0:0,1403760982560,40087,2225,3045738582
*RES* vm13:r0:0,1403761022652,35233,2380,3045738582
*RES* vm13:r0:0,1403761057892,32147,2388,3045738582
*RES* vm13:r0:0,1403761090044,27129,2314,3045738582
*RES* vm13:r0:0,1403761117180,9332,2314,3045738582
*RES* vm13:r0:0,1403761126520,7572,2277,3045738582
*RES* vm13:r0:0,1403761134096,7860,2337,3045738582
*RES* vm13:r0:0,1403761141964,4203,1309,3045738582
*RES* vm13:r0:0,1403761146172,8110,2327,3045738582
*RES* vm13:r0:0,1403761154292,8162,2403,3045738582
*RES* vm13:r0:0,1403761162464,7956,2187,3045738582
*RES* vm13:r0:0,1403761170424,7611,2469,3045738582
*RES* vm13:r0:0,1403761178044,5347,2255,3045738582
*RES* vm13:r0:0,1403761183407,9011,2215,3045738582
*RES* vm13:r0:1,1403760929766,56603,2555,3045738582
*RES* vm13:r0:2,1403760929766,45318,2446,3045738582
*RES* vm13:r0:3,1403760929766,49766,2474,3045738582
*RES* vm13:r0:4,1403760929765,57939,2550,3045738582
*RES* end node vm13:r0
Node vm13:r0 joined
Worker terminating correctly
