OSMeF worker starting
Enabling core dumping
Listening for command connection
(vm6:m0) New mapper on port 23330
(vm6:m0) -> reducer data size 3804538504
(vm6:m0) -> reducer data size 3804538504
(vm6:m0) -> reducer data size 3804538504
(vm6:m0) -> reducer data size 3804538504
(vm6:m0) -> reducer data size 3804538504
(vm6:m0) -> reducer data size 3804538504
(vm6:m0) -> reducer data size 3804538504
(vm6:m0) -> reducer data size 3804538504
(vm6:m0) -> reducer data size 3804538504
(vm6:m0) -> reducer data size 3804538504
(vm6:m0) -> reducer data size 3804538504
(vm6:m0) -> reducer data size 3804538504
(vm6:m0) -> reducer data size 3804538504
(vm6:m0) -> reducer data size 3804538504
(vm6:m0) -> reducer data size 3804538504
(vm6:m0) -> reducer data size 3804538504
(vm6:m0) -> reducer data size 3804538504
(vm6:m0) Mapper thread started
(vm6:m0) Allocating data for reducer vm1:r0
(vm6:m0) Allocating data for reducer vm2:r0
(vm6:m0) Allocating data for reducer vm3:r0
(vm6:m0) Allocating data for reducer vm4:r0
(vm6:m0) Allocating data for reducer vm5:r0
(vm6:m0) Allocating data for reducer vm6:r0
(vm6:m0) Allocating data for reducer vm7:r0
(vm6:m0) Allocating data for reducer vm8:r0
(vm6:m0) Allocating data for reducer vm9:r0
(vm6:m0) Allocating data for reducer vm10:r0
(vm6:m0) Allocating data for reducer vm11:r0
(vm6:m0) Allocating data for reducer vm12:r0
(vm6:m0) Allocating data for reducer vm13:r0
(vm6:m0) Allocating data for reducer vm14:r0
(vm6:m0) Allocating data for reducer vm15:r0
(vm6:m0) Allocating data for reducer vm16:r0
(vm6:m0) Allocating data for reducer vm17:r0
(vm6:m0) Binding to port 23330
(vm6:r0) New reducer
(vm6:r0) Reducer thread started
(vm6:r0) waiting for START message
(vm6:r0) got START message
(vm6:r0) Starting new connection thread
(vm6:r0) Starting new connection thread
(vm6:r0) Starting new connection thread
(vm6:r0) Starting new connection thread
(vm6:r0) Starting new connection thread
(vm6:r0) Maximum number of connections reached (5), waiting for a thread to finish
(vm6:r0:4) Connection established
(vm6:r0:2) Connection established
(vm6:r0:3) Connection established
(vm6:r0:1) Connection established
(vm6:r0:0) Connection established
(vm6:m0) Got connection from reducer vm1:r0
(vm6:m0:0) thread started, have to send 3804538504 bytes
(vm6:r0:2) Connection finished, received 3804538505 bytes
(vm6:r0:3) Connection finished, received 3804538505 bytes
(vm6:m0) Got connection from reducer vm14:r0
(vm6:m0:13) thread started, have to send 3804538504 bytes
(vm6:m0) Got connection from reducer vm11:r0
(vm6:m0:10) thread started, have to send 3804538504 bytes
(vm6:r0:0) Connection finished, received 3804538505 bytes
(vm6:r0) thread 0 joined, 16 connections remaining
(vm6:r0) Starting new connection thread
(vm6:r0) Maximum number of connections reached (5), waiting for a thread to finish
(vm6:r0:0) Connection established
(vm6:m0) Got connection from reducer vm6:r0
(vm6:m0:5) thread started, have to send 3804538504 bytes
(vm6:m0) Got connection from reducer vm13:r0
(vm6:m0:12) thread started, have to send 3804538504 bytes
(vm6:m0) Got connection from reducer vm16:r0
(vm6:m0:15) thread started, have to send 3804538504 bytes
(vm6:m0) Got connection from reducer vm8:r0
(vm6:m0:7) thread started, have to send 3804538504 bytes
(vm6:m0) Got connection from reducer vm15:r0
(vm6:m0:14) thread started, have to send 3804538504 bytes
(vm6:m0) Got connection from reducer vm17:r0
(vm6:m0:16) thread started, have to send 3804538504 bytes
(vm6:m0) Got connection from reducer vm12:r0
(vm6:m0:11) thread started, have to send 3804538504 bytes
(vm6:m0) Got connection from reducer vm9:r0
(vm6:m0:8) thread started, have to send 3804538504 bytes
(vm6:m0) Got connection from reducer vm5:r0
(vm6:m0) Got connection from reducer vm7:r0
(vm6:m0:4) thread started, have to send 3804538504 bytes
(vm6:m0:6) thread started, have to send 3804538504 bytes
(vm6:m0) Got connection from reducer vm10:r0
(vm6:m0:9) thread started, have to send 3804538504 bytes
(vm6:m0) Got connection from reducer vm2:r0
(vm6:m0:1) thread started, have to send 3804538504 bytes
(vm6:m0) Got connection from reducer vm4:r0
(vm6:m0:3) thread started, have to send 3804538504 bytes
(vm6:m0) Got connection from reducer vm3:r0
(vm6:m0) Waiting for a thread to finish
(vm6:m0:2) thread started, have to send 3804538504 bytes
(vm6:r0:4) Connection finished, received 3804538505 bytes
(vm6:r0:1) Connection finished, received 3804538505 bytes
(vm6:m0:0) all data sent, thread exiting
(vm6:m0) thread 0 joined, 16 connections remaining
(vm6:m0) Waiting for a thread to finish
(vm6:m0:5) all data sent, thread exiting
(vm6:r0:0) Connection finished, received 3804538505 bytes
(vm6:r0) thread 0 joined, 15 connections remaining
(vm6:r0) Starting new connection thread
(vm6:r0) Maximum number of connections reached (5), waiting for a thread to finish
(vm6:r0:0) Connection established
(vm6:m0:13) all data sent, thread exiting
(vm6:m0:12) all data sent, thread exiting
(vm6:m0:10) all data sent, thread exiting
(vm6:m0:15) all data sent, thread exiting
(vm6:m0:4) all data sent, thread exiting
(vm6:m0:16) all data sent, thread exiting
(vm6:m0:7) all data sent, thread exiting
(vm6:m0:3) all data sent, thread exiting
(vm6:m0:14) all data sent, thread exiting
(vm6:m0:1) all data sent, thread exiting
(vm6:m0) thread 1 joined, 15 connections remaining
(vm6:m0) Waiting for a thread to finish
(vm6:m0:9) all data sent, thread exiting
(vm6:m0:11) all data sent, thread exiting
(vm6:m0:8) all data sent, thread exiting
(vm6:m0:2) all data sent, thread exiting
(vm6:m0) thread 2 joined, 14 connections remaining
(vm6:m0) Waiting for a thread to finish
(vm6:m0) thread 3 joined, 13 connections remaining
(vm6:m0) Waiting for a thread to finish
(vm6:m0) thread 4 joined, 12 connections remaining
(vm6:m0) Waiting for a thread to finish
(vm6:m0) thread 5 joined, 11 connections remaining
(vm6:m0) Waiting for a thread to finish
(vm6:m0:6) all data sent, thread exiting
(vm6:m0) thread 6 joined, 10 connections remaining
(vm6:m0) Waiting for a thread to finish
(vm6:m0) thread 7 joined, 9 connections remaining
(vm6:m0) Waiting for a thread to finish
(vm6:m0) thread 8 joined, 8 connections remaining
(vm6:m0) Waiting for a thread to finish
(vm6:m0) thread 9 joined, 7 connections remaining
(vm6:m0) Waiting for a thread to finish
(vm6:m0) thread 10 joined, 6 connections remaining
(vm6:m0) Waiting for a thread to finish
(vm6:m0) thread 11 joined, 5 connections remaining
(vm6:m0) Waiting for a thread to finish
(vm6:m0) thread 12 joined, 4 connections remaining
(vm6:m0) Waiting for a thread to finish
(vm6:m0) thread 13 joined, 3 connections remaining
(vm6:m0) Waiting for a thread to finish
(vm6:m0) thread 14 joined, 2 connections remaining
(vm6:m0) Waiting for a thread to finish
(vm6:m0) thread 15 joined, 1 connections remaining
(vm6:m0) Waiting for a thread to finish
(vm6:m0) thread 16 joined, 0 connections remaining
(vm6:m0) all done, exiting
*RES* start node vm6:m0
*RES* vm6:m0:0,1403752796293,48409,2714,3804538505
*RES* vm6:m0:1,1403752813746,45660,2503,3804538505
*RES* vm6:m0:2,1403752813851,45728,2539,3804538505
*RES* vm6:m0:3,1403752813775,45517,2489,3804538505
*RES* vm6:m0:4,1403752813080,46123,2515,3804538505
*RES* vm6:m0:5,1403752812518,35112,816,3804538505
*RES* vm6:m0:6,1403752813091,46675,2542,3804538505
*RES* vm6:m0:7,1403752812717,46498,2549,3804538505
*RES* vm6:m0:8,1403752813014,46489,2559,3804538505
*RES* vm6:m0:9,1403752813143,46307,2541,3804538505
*RES* vm6:m0:10,1403752812325,46021,2572,3804538505
*RES* vm6:m0:11,1403752812970,46493,2552,3804538505
*RES* vm6:m0:12,1403752812554,45386,2489,3804538505
*RES* vm6:m0:13,1403752812258,45284,2544,3804538505
*RES* vm6:m0:14,1403752812849,46473,2542,3804538505
*RES* vm6:m0:15,1403752812699,46459,2544,3804538505
*RES* vm6:m0:16,1403752812901,46309,2526,3804538505
*RES* end node vm6:m0
Node vm6:m0 joined
(vm6:r0:0) Connection finished, received 3804538505 bytes
(vm6:r0) thread 0 joined, 14 connections remaining
(vm6:r0) Starting new connection thread
(vm6:r0) Maximum number of connections reached (5), waiting for a thread to finish
(vm6:r0:0) Connection established
(vm6:r0:0) Connection finished, received 3804538505 bytes
(vm6:r0) thread 0 joined, 13 connections remaining
(vm6:r0) Starting new connection thread
(vm6:r0) Maximum number of connections reached (5), waiting for a thread to finish
(vm6:r0:0) Connection established
(vm6:r0:0) Connection finished, received 3804538505 bytes
(vm6:r0) thread 0 joined, 12 connections remaining
(vm6:r0) Starting new connection thread
(vm6:r0) Maximum number of connections reached (5), waiting for a thread to finish
(vm6:r0:0) Connection established
(vm6:r0:0) Connection finished, received 3804538505 bytes
(vm6:r0) thread 0 joined, 11 connections remaining
(vm6:r0) Starting new connection thread
(vm6:r0) Maximum number of connections reached (5), waiting for a thread to finish
(vm6:r0:0) Connection established
(vm6:r0:0) Connection finished, received 3804538505 bytes
(vm6:r0) thread 0 joined, 10 connections remaining
(vm6:r0) Starting new connection thread
(vm6:r0) Maximum number of connections reached (5), waiting for a thread to finish
(vm6:r0:0) Connection established
(vm6:r0:0) Connection finished, received 3804538505 bytes
(vm6:r0) thread 0 joined, 9 connections remaining
(vm6:r0) Starting new connection thread
(vm6:r0) Maximum number of connections reached (5), waiting for a thread to finish
(vm6:r0:0) Connection established
(vm6:r0:0) Connection finished, received 3804538505 bytes
(vm6:r0) thread 0 joined, 8 connections remaining
(vm6:r0) Starting new connection thread
(vm6:r0) Maximum number of connections reached (5), waiting for a thread to finish
(vm6:r0:0) Connection established
(vm6:r0:0) Connection finished, received 3804538505 bytes
(vm6:r0) thread 0 joined, 7 connections remaining
(vm6:r0) Starting new connection thread
(vm6:r0) Maximum number of connections reached (5), waiting for a thread to finish
(vm6:r0:0) Connection established
(vm6:r0:0) Connection finished, received 3804538505 bytes
(vm6:r0) thread 0 joined, 6 connections remaining
(vm6:r0) Starting new connection thread
(vm6:r0) Maximum number of connections reached (5), waiting for a thread to finish
(vm6:r0:0) Connection established
(vm6:r0:0) Connection finished, received 3804538505 bytes
(vm6:r0) thread 0 joined, 5 connections remaining
(vm6:r0) Starting new connection thread
(vm6:r0) Maximum number of connections reached (5), waiting for a thread to finish
(vm6:r0:0) Connection established
(vm6:r0:0) Connection finished, received 3804538505 bytes
(vm6:r0) thread 0 joined, 4 connections remaining
(vm6:r0) Maximum number of connections reached (4), waiting for a thread to finish
(vm6:r0) thread 1 joined, 3 connections remaining
(vm6:r0) Maximum number of connections reached (3), waiting for a thread to finish
(vm6:r0) thread 2 joined, 2 connections remaining
(vm6:r0) Maximum number of connections reached (2), waiting for a thread to finish
(vm6:r0) thread 3 joined, 1 connections remaining
(vm6:r0) Maximum number of connections reached (1), waiting for a thread to finish
(vm6:r0) thread 4 joined, 0 connections remaining
(vm6:r0) all done, exiting
*RES* start node vm6:r0
*RES* vm6:r0:0,1403752755340,57173,3112,3804538505
*RES* vm6:r0:0,1403752812518,35126,1923,3804538505
*RES* vm6:r0:0,1403752847742,40126,2491,3804538505
*RES* vm6:r0:0,1403752887874,6905,2735,3804538505
*RES* vm6:r0:0,1403752894786,6851,2783,3804538505
*RES* vm6:r0:0,1403752901642,7011,2592,3804538505
*RES* vm6:r0:0,1403752908658,7092,2642,3804538505
*RES* vm6:r0:0,1403752915754,6054,2687,3804538505
*RES* vm6:r0:0,1403752921814,6163,2730,3804538505
*RES* vm6:r0:0,1403752927982,8576,2772,3804538505
*RES* vm6:r0:0,1403752936562,7008,2830,3804538505
*RES* vm6:r0:0,1403752943574,6489,2827,3804538505
*RES* vm6:r0:0,1403752950070,6277,2715,3804538505
*RES* vm6:r0:1,1403752755340,63471,3139,3804538505
*RES* vm6:r0:2,1403752755340,52539,3060,3804538505
*RES* vm6:r0:3,1403752755340,56789,3097,3804538505
*RES* vm6:r0:4,1403752755339,62799,3108,3804538505
*RES* end node vm6:r0
Node vm6:r0 joined
Worker terminating correctly
