OSMeF worker starting
Enabling core dumping
Listening for command connection
(vm10:m0) New mapper on port 23330
(vm10:m0) -> reducer data size 1009652550
(vm10:m0) -> reducer data size 1009652550
(vm10:m0) -> reducer data size 1009652550
(vm10:m0) -> reducer data size 1009652550
(vm10:m0) -> reducer data size 1009652550
(vm10:m0) -> reducer data size 1009652550
(vm10:m0) -> reducer data size 1009652550
(vm10:m0) -> reducer data size 1009652550
(vm10:m0) -> reducer data size 1009652550
(vm10:m0) -> reducer data size 1009652550
(vm10:m0) -> reducer data size 1009652550
(vm10:m0) -> reducer data size 1009652550
(vm10:m0) -> reducer data size 1009652550
(vm10:m0) -> reducer data size 1009652550
(vm10:m0) -> reducer data size 1009652550
(vm10:m0) -> reducer data size 1009652550
(vm10:m0) -> reducer data size 1009652550
(vm10:m0) -> reducer data size 1009652550
(vm10:m0) -> reducer data size 1009652550
(vm10:m0) -> reducer data size 1009652550
(vm10:m0) -> reducer data size 1009652550
(vm10:m0) -> reducer data size 1009652550
(vm10:m0) -> reducer data size 1009652550
(vm10:m0) -> reducer data size 1009652550
(vm10:m0) -> reducer data size 1009652550
(vm10:m0) -> reducer data size 1009652550
(vm10:m0) -> reducer data size 1009652550
(vm10:m0) -> reducer data size 1009652550
(vm10:m0) -> reducer data size 1009652550
(vm10:m0) -> reducer data size 1009652550
(vm10:m0) -> reducer data size 1009652550
(vm10:m0) -> reducer data size 1009652550
(vm10:m0) -> reducer data size 1009652550
(vm10:m0) Mapper thread started
(vm10:m0) Allocating data for reducer vm1:r0
(vm10:m0) Allocating data for reducer vm2:r0
(vm10:m0) Allocating data for reducer vm3:r0
(vm10:m0) Allocating data for reducer vm4:r0
(vm10:m0) Allocating data for reducer vm5:r0
(vm10:m0) Allocating data for reducer vm6:r0
(vm10:m0) Allocating data for reducer vm7:r0
(vm10:m0) Allocating data for reducer vm8:r0
(vm10:m0) Allocating data for reducer vm9:r0
(vm10:m0) Allocating data for reducer vm10:r0
(vm10:m0) Allocating data for reducer vm11:r0
(vm10:m0) Allocating data for reducer vm12:r0
(vm10:m0) Allocating data for reducer vm13:r0
(vm10:m0) Allocating data for reducer vm14:r0
(vm10:m0) Allocating data for reducer vm15:r0
(vm10:m0) Allocating data for reducer vm16:r0
(vm10:m0) Allocating data for reducer vm17:r0
(vm10:m0) Allocating data for reducer vm18:r0
(vm10:m0) Allocating data for reducer vm19:r0
(vm10:m0) Allocating data for reducer vm20:r0
(vm10:m0) Allocating data for reducer vm21:r0
(vm10:m0) Allocating data for reducer vm22:r0
(vm10:m0) Allocating data for reducer vm23:r0
(vm10:m0) Allocating data for reducer vm24:r0
(vm10:m0) Allocating data for reducer vm25:r0
(vm10:m0) Allocating data for reducer vm26:r0
(vm10:m0) Allocating data for reducer vm27:r0
(vm10:m0) Allocating data for reducer vm28:r0
(vm10:m0) Allocating data for reducer vm29:r0
(vm10:m0) Allocating data for reducer vm30:r0
(vm10:m0) Allocating data for reducer vm31:r0
(vm10:m0) Allocating data for reducer vm32:r0
(vm10:m0) Allocating data for reducer vm33:r0
(vm10:m0) Binding to port 23330
(vm10:r0) New reducer
(vm10:r0) Reducer thread started
(vm10:r0) waiting for START message
(vm10:r0) got START message
(vm10:r0) Starting new connection thread
(vm10:r0) Starting new connection thread
(vm10:r0) Starting new connection thread
(vm10:r0) Starting new connection thread
(vm10:r0) Starting new connection thread
(vm10:r0) Maximum number of connections reached (5), waiting for a thread to finish
(vm10:r0:4) Connection established
(vm10:r0:3) Connection established
(vm10:r0:1) Connection established
(vm10:r0:0) Connection established
(vm10:r0:2) Connection established
(vm10:r0:4) Connection finished, received 1009652551 bytes
(vm10:r0:1) Connection finished, received 1009652551 bytes
(vm10:r0:3) Connection finished, received 1009652551 bytes
(vm10:r0:0) Connection finished, received 1009652551 bytes
(vm10:r0) thread 0 joined, 32 connections remaining
(vm10:r0) Starting new connection thread
(vm10:r0) Maximum number of connections reached (5), waiting for a thread to finish
(vm10:r0:0) Connection established
(vm10:r0:2) Connection finished, received 1009652551 bytes
(vm10:m0) Got connection from reducer vm33:r0
(vm10:m0:32) thread started, have to send 1009652550 bytes
(vm10:m0:32) all data sent, thread exiting
(vm10:m0) Got connection from reducer vm31:r0
(vm10:m0:30) thread started, have to send 1009652550 bytes
(vm10:m0:30) all data sent, thread exiting
(vm10:r0:0) Connection finished, received 1009652551 bytes
(vm10:r0) thread 0 joined, 31 connections remaining
(vm10:r0) Starting new connection thread
(vm10:r0) Maximum number of connections reached (5), waiting for a thread to finish
(vm10:r0:0) Connection established
(vm10:m0) Got connection from reducer vm29:r0
(vm10:m0:28) thread started, have to send 1009652550 bytes
(vm10:m0:28) all data sent, thread exiting
(vm10:m0) Got connection from reducer vm22:r0
(vm10:m0:21) thread started, have to send 1009652550 bytes
(vm10:m0) Got connection from reducer vm6:r0
(vm10:m0:5) thread started, have to send 1009652550 bytes
(vm10:m0:21) all data sent, thread exiting
(vm10:m0:5) all data sent, thread exiting
(vm10:m0) Got connection from reducer vm26:r0
(vm10:m0:25) thread started, have to send 1009652550 bytes
(vm10:m0:25) all data sent, thread exiting
(vm10:r0:0) Connection finished, received 1009652551 bytes
(vm10:r0) thread 0 joined, 30 connections remaining
(vm10:r0) Starting new connection thread
(vm10:r0) Maximum number of connections reached (5), waiting for a thread to finish
(vm10:r0:0) Connection established
(vm10:m0) Got connection from reducer vm2:r0
(vm10:m0:1) thread started, have to send 1009652550 bytes
(vm10:m0) Got connection from reducer vm24:r0
(vm10:m0:23) thread started, have to send 1009652550 bytes
(vm10:m0) Got connection from reducer vm7:r0
(vm10:m0:6) thread started, have to send 1009652550 bytes
(vm10:m0) Got connection from reducer vm14:r0
(vm10:m0:13) thread started, have to send 1009652550 bytes
(vm10:m0:1) all data sent, thread exiting
(vm10:m0:23) all data sent, thread exiting
(vm10:m0) Got connection from reducer vm11:r0
(vm10:m0:10) thread started, have to send 1009652550 bytes
(vm10:m0:6) all data sent, thread exiting
(vm10:m0:13) all data sent, thread exiting
(vm10:m0) Got connection from reducer vm20:r0
(vm10:m0:19) thread started, have to send 1009652550 bytes
(vm10:m0) Got connection from reducer vm23:r0
(vm10:m0:22) thread started, have to send 1009652550 bytes
(vm10:m0:10) all data sent, thread exiting
(vm10:m0:19) all data sent, thread exiting
(vm10:m0:22) all data sent, thread exiting
(vm10:m0) Got connection from reducer vm28:r0
(vm10:m0:27) thread started, have to send 1009652550 bytes
(vm10:m0) Got connection from reducer vm16:r0
(vm10:m0:15) thread started, have to send 1009652550 bytes
(vm10:m0) Got connection from reducer vm8:r0
(vm10:m0:7) thread started, have to send 1009652550 bytes
(vm10:m0) Got connection from reducer vm17:r0
(vm10:m0:16) thread started, have to send 1009652550 bytes
(vm10:r0:0) Connection finished, received 1009652551 bytes
(vm10:r0) thread 0 joined, 29 connections remaining
(vm10:r0) Starting new connection thread
(vm10:r0) Maximum number of connections reached (5), waiting for a thread to finish
(vm10:r0:0) Connection established
(vm10:m0:27) all data sent, thread exiting
(vm10:m0) Got connection from reducer vm12:r0
(vm10:m0:11) thread started, have to send 1009652550 bytes
(vm10:m0:15) all data sent, thread exiting
(vm10:m0:7) all data sent, thread exiting
(vm10:m0:16) all data sent, thread exiting
(vm10:m0) Got connection from reducer vm21:r0
(vm10:m0:20) thread started, have to send 1009652550 bytes
(vm10:m0) Got connection from reducer vm9:r0
(vm10:m0:8) thread started, have to send 1009652550 bytes
(vm10:m0:11) all data sent, thread exiting
(vm10:m0:20) all data sent, thread exiting
(vm10:m0) Got connection from reducer vm15:r0
(vm10:m0:14) thread started, have to send 1009652550 bytes
(vm10:m0) Got connection from reducer vm32:r0
(vm10:m0:31) thread started, have to send 1009652550 bytes
(vm10:m0) Got connection from reducer vm1:r0
(vm10:m0:0) thread started, have to send 1009652550 bytes
(vm10:m0) Got connection from reducer vm27:r0
(vm10:m0:26) thread started, have to send 1009652550 bytes
(vm10:m0) Got connection from reducer vm3:r0
(vm10:m0:2) thread started, have to send 1009652550 bytes
(vm10:m0) Got connection from reducer vm19:r0
(vm10:m0:18) thread started, have to send 1009652550 bytes
(vm10:m0) Got connection from reducer vm25:r0
(vm10:m0:24) thread started, have to send 1009652550 bytes
(vm10:m0) Got connection from reducer vm5:r0
(vm10:m0:4) thread started, have to send 1009652550 bytes
(vm10:m0) Got connection from reducer vm30:r0
(vm10:m0:29) thread started, have to send 1009652550 bytes
(vm10:m0) Got connection from reducer vm18:r0
(vm10:m0:17) thread started, have to send 1009652550 bytes
(vm10:m0) Got connection from reducer vm13:r0
(vm10:m0:12) thread started, have to send 1009652550 bytes
(vm10:m0) Got connection from reducer vm4:r0
(vm10:m0:3) thread started, have to send 1009652550 bytes
(vm10:m0:8) all data sent, thread exiting
(vm10:m0:31) all data sent, thread exiting
(vm10:r0:0) Connection finished, received 1009652551 bytes
(vm10:r0) thread 0 joined, 28 connections remaining
(vm10:r0) Starting new connection thread
(vm10:r0) Maximum number of connections reached (5), waiting for a thread to finish
(vm10:r0:0) Connection established
(vm10:m0) Got connection from reducer vm10:r0
(vm10:m0) Waiting for a thread to finish
(vm10:m0:9) thread started, have to send 1009652550 bytes
(vm10:m0:14) all data sent, thread exiting
(vm10:m0:0) all data sent, thread exiting
(vm10:m0) thread 0 joined, 32 connections remaining
(vm10:m0) Waiting for a thread to finish
(vm10:m0) thread 1 joined, 31 connections remaining
(vm10:m0) Waiting for a thread to finish
(vm10:m0:2) all data sent, thread exiting
(vm10:m0) thread 2 joined, 30 connections remaining
(vm10:m0) Waiting for a thread to finish
(vm10:m0:26) all data sent, thread exiting
(vm10:m0:18) all data sent, thread exiting
(vm10:m0:9) all data sent, thread exiting
(vm10:r0:0) Connection finished, received 1009652551 bytes
(vm10:r0) thread 0 joined, 27 connections remaining
(vm10:r0) Starting new connection thread
(vm10:r0) Maximum number of connections reached (5), waiting for a thread to finish
(vm10:r0:0) Connection established
(vm10:m0:24) all data sent, thread exiting
(vm10:m0:4) all data sent, thread exiting
(vm10:m0:17) all data sent, thread exiting
(vm10:m0:29) all data sent, thread exiting
(vm10:m0:3) all data sent, thread exiting
(vm10:m0) thread 3 joined, 29 connections remaining
(vm10:m0) Waiting for a thread to finish
(vm10:m0) thread 4 joined, 28 connections remaining
(vm10:m0) Waiting for a thread to finish
(vm10:m0) thread 5 joined, 27 connections remaining
(vm10:m0) Waiting for a thread to finish
(vm10:m0) thread 6 joined, 26 connections remaining
(vm10:m0) Waiting for a thread to finish
(vm10:m0) thread 7 joined, 25 connections remaining
(vm10:m0) Waiting for a thread to finish
(vm10:m0) thread 8 joined, 24 connections remaining
(vm10:m0) Waiting for a thread to finish
(vm10:m0) thread 9 joined, 23 connections remaining
(vm10:m0) Waiting for a thread to finish
(vm10:m0) thread 10 joined, 22 connections remaining
(vm10:m0) Waiting for a thread to finish
(vm10:m0) thread 11 joined, 21 connections remaining
(vm10:m0) Waiting for a thread to finish
(vm10:m0:12) all data sent, thread exiting
(vm10:m0) thread 12 joined, 20 connections remaining
(vm10:m0) Waiting for a thread to finish
(vm10:m0) thread 13 joined, 19 connections remaining
(vm10:m0) Waiting for a thread to finish
(vm10:m0) thread 14 joined, 18 connections remaining
(vm10:m0) Waiting for a thread to finish
(vm10:m0) thread 15 joined, 17 connections remaining
(vm10:m0) Waiting for a thread to finish
(vm10:m0) thread 16 joined, 16 connections remaining
(vm10:m0) Waiting for a thread to finish
(vm10:m0) thread 17 joined, 15 connections remaining
(vm10:m0) Waiting for a thread to finish
(vm10:m0) thread 18 joined, 14 connections remaining
(vm10:m0) Waiting for a thread to finish
(vm10:m0) thread 19 joined, 13 connections remaining
(vm10:m0) Waiting for a thread to finish
(vm10:m0) thread 20 joined, 12 connections remaining
(vm10:m0) Waiting for a thread to finish
(vm10:m0) thread 21 joined, 11 connections remaining
(vm10:m0) Waiting for a thread to finish
(vm10:m0) thread 22 joined, 10 connections remaining
(vm10:m0) Waiting for a thread to finish
(vm10:m0) thread 23 joined, 9 connections remaining
(vm10:m0) Waiting for a thread to finish
(vm10:m0) thread 24 joined, 8 connections remaining
(vm10:m0) Waiting for a thread to finish
(vm10:m0) thread 25 joined, 7 connections remaining
(vm10:m0) Waiting for a thread to finish
(vm10:m0) thread 26 joined, 6 connections remaining
(vm10:m0) Waiting for a thread to finish
(vm10:m0) thread 27 joined, 5 connections remaining
(vm10:m0) Waiting for a thread to finish
(vm10:m0) thread 28 joined, 4 connections remaining
(vm10:m0) Waiting for a thread to finish
(vm10:m0) thread 29 joined, 3 connections remaining
(vm10:m0) Waiting for a thread to finish
(vm10:m0) thread 30 joined, 2 connections remaining
(vm10:m0) Waiting for a thread to finish
(vm10:m0) thread 31 joined, 1 connections remaining
(vm10:m0) Waiting for a thread to finish
(vm10:m0) thread 32 joined, 0 connections remaining
(vm10:m0) all done, exiting
*RES* start node vm10:m0
*RES* vm10:m0:0,1405499063099,19505,1174,1009652551
*RES* vm10:m0:1,1405499006861,7186,2113,1009652551
*RES* vm10:m0:2,1405499063411,21024,1218,1009652551
*RES* vm10:m0:3,1405499067364,20417,1266,1009652551
*RES* vm10:m0:4,1405499064949,20954,1171,1009652551
*RES* vm10:m0:5,1405498975157,5808,1986,1009652551
*RES* vm10:m0:6,1405499011849,9037,2149,1009652551
*RES* vm10:m0:7,1405499039093,9662,1731,1009652551
*RES* vm10:m0:8,1405499051501,21178,1071,1009652551
*RES* vm10:m0:9,1405499076357,9173,303,1009652551
*RES* vm10:m0:10,1405499017245,10278,1366,1009652551
*RES* vm10:m0:11,1405499042624,9375,1210,1009652551
*RES* vm10:m0:12,1405499066447,21637,1213,1009652551
*RES* vm10:m0:13,1405499013537,8728,2200,1009652551
*RES* vm10:m0:14,1405499060215,17991,1159,1009652551
*RES* vm10:m0:15,1405499035205,8472,2163,1009652551
*RES* vm10:m0:16,1405499039385,9445,1929,1009652551
*RES* vm10:m0:17,1405499065789,20310,1138,1009652551
*RES* vm10:m0:18,1405499064229,21195,1252,1009652551
*RES* vm10:m0:19,1405499022569,6313,2151,1009652551
*RES* vm10:m0:20,1405499050330,6280,1888,1009652551
*RES* vm10:m0:21,1405498972305,5514,2073,1009652551
*RES* vm10:m0:22,1405499027514,5639,1690,1009652551
*RES* vm10:m0:23,1405499007285,8984,2421,1009652551
*RES* vm10:m0:24,1405499064361,21422,1210,1009652551
*RES* vm10:m0:25,1405498981089,5470,1688,1009652551
*RES* vm10:m0:26,1405499063350,21616,1260,1009652551
*RES* vm10:m0:27,1405499034533,8051,2249,1009652551
*RES* vm10:m0:28,1405498956725,4303,1467,1009652551
*RES* vm10:m0:29,1405499065161,21296,1205,1009652551
*RES* vm10:m0:30,1405498949869,3688,1631,1009652551
*RES* vm10:m0:31,1405499061115,14596,1420,1009652551
*RES* vm10:m0:32,1405498928589,4463,1813,1009652551
*RES* end node vm10:m0
Node vm10:m0 joined
(vm10:r0:0) Connection finished, received 1009652551 bytes
(vm10:r0) thread 0 joined, 26 connections remaining
(vm10:r0) Starting new connection thread
(vm10:r0) Maximum number of connections reached (5), waiting for a thread to finish
(vm10:r0:0) Connection established
(vm10:r0:0) Connection finished, received 1009652551 bytes
(vm10:r0) thread 0 joined, 25 connections remaining
(vm10:r0) Starting new connection thread
(vm10:r0) Maximum number of connections reached (5), waiting for a thread to finish
(vm10:r0:0) Connection established
(vm10:r0:0) Connection finished, received 1009652551 bytes
(vm10:r0) thread 0 joined, 24 connections remaining
(vm10:r0) Starting new connection thread
(vm10:r0) Maximum number of connections reached (5), waiting for a thread to finish
(vm10:r0:0) Connection established
(vm10:r0:0) Connection finished, received 1009652551 bytes
(vm10:r0) thread 0 joined, 23 connections remaining
(vm10:r0) Starting new connection thread
(vm10:r0) Maximum number of connections reached (5), waiting for a thread to finish
(vm10:r0:0) Connection established
(vm10:r0:0) Connection finished, received 1009652551 bytes
(vm10:r0) thread 0 joined, 22 connections remaining
(vm10:r0) Starting new connection thread
(vm10:r0) Maximum number of connections reached (5), waiting for a thread to finish
(vm10:r0:0) Connection established
(vm10:r0:0) Connection finished, received 1009652551 bytes
(vm10:r0) thread 0 joined, 21 connections remaining
(vm10:r0) Starting new connection thread
(vm10:r0) Maximum number of connections reached (5), waiting for a thread to finish
(vm10:r0:0) Connection established
(vm10:r0:0) Connection finished, received 1009652551 bytes
(vm10:r0) thread 0 joined, 20 connections remaining
(vm10:r0) Starting new connection thread
(vm10:r0) Maximum number of connections reached (5), waiting for a thread to finish
(vm10:r0:0) Connection established
(vm10:r0:0) Connection finished, received 1009652551 bytes
(vm10:r0) thread 0 joined, 19 connections remaining
(vm10:r0) Starting new connection thread
(vm10:r0) Maximum number of connections reached (5), waiting for a thread to finish
(vm10:r0:0) Connection established
(vm10:r0:0) Connection finished, received 1009652551 bytes
(vm10:r0) thread 0 joined, 18 connections remaining
(vm10:r0) Starting new connection thread
(vm10:r0) Maximum number of connections reached (5), waiting for a thread to finish
(vm10:r0:0) Connection established
(vm10:r0:0) Connection finished, received 1009652551 bytes
(vm10:r0) thread 0 joined, 17 connections remaining
(vm10:r0) Starting new connection thread
(vm10:r0) Maximum number of connections reached (5), waiting for a thread to finish
(vm10:r0:0) Connection established
(vm10:r0:0) Connection finished, received 1009652551 bytes
(vm10:r0) thread 0 joined, 16 connections remaining
(vm10:r0) Starting new connection thread
(vm10:r0) Maximum number of connections reached (5), waiting for a thread to finish
(vm10:r0:0) Connection established
(vm10:r0:0) Connection finished, received 1009652551 bytes
(vm10:r0) thread 0 joined, 15 connections remaining
(vm10:r0) Starting new connection thread
(vm10:r0) Maximum number of connections reached (5), waiting for a thread to finish
(vm10:r0:0) Connection established
(vm10:r0:0) Connection finished, received 1009652551 bytes
(vm10:r0) thread 0 joined, 14 connections remaining
(vm10:r0) Starting new connection thread
(vm10:r0) Maximum number of connections reached (5), waiting for a thread to finish
(vm10:r0:0) Connection established
(vm10:r0:0) Connection finished, received 1009652551 bytes
(vm10:r0) thread 0 joined, 13 connections remaining
(vm10:r0) Starting new connection thread
(vm10:r0) Maximum number of connections reached (5), waiting for a thread to finish
(vm10:r0:0) Connection established
(vm10:r0:0) Connection finished, received 1009652551 bytes
(vm10:r0) thread 0 joined, 12 connections remaining
(vm10:r0) Starting new connection thread
(vm10:r0) Maximum number of connections reached (5), waiting for a thread to finish
(vm10:r0:0) Connection established
(vm10:r0:0) Connection finished, received 1009652551 bytes
(vm10:r0) thread 0 joined, 11 connections remaining
(vm10:r0) Starting new connection thread
(vm10:r0) Maximum number of connections reached (5), waiting for a thread to finish
(vm10:r0:0) Connection established
(vm10:r0:0) Connection finished, received 1009652551 bytes
(vm10:r0) thread 0 joined, 10 connections remaining
(vm10:r0) Starting new connection thread
(vm10:r0) Maximum number of connections reached (5), waiting for a thread to finish
(vm10:r0:0) Connection established
(vm10:r0:0) Connection finished, received 1009652551 bytes
(vm10:r0) thread 0 joined, 9 connections remaining
(vm10:r0) Starting new connection thread
(vm10:r0) Maximum number of connections reached (5), waiting for a thread to finish
(vm10:r0:0) Connection established
(vm10:r0:0) Connection finished, received 1009652551 bytes
(vm10:r0) thread 0 joined, 8 connections remaining
(vm10:r0) Starting new connection thread
(vm10:r0) Maximum number of connections reached (5), waiting for a thread to finish
(vm10:r0:0) Connection established
(vm10:r0:0) Connection finished, received 1009652551 bytes
(vm10:r0) thread 0 joined, 7 connections remaining
(vm10:r0) Starting new connection thread
(vm10:r0) Maximum number of connections reached (5), waiting for a thread to finish
(vm10:r0:0) Connection established
(vm10:r0:0) Connection finished, received 1009652551 bytes
(vm10:r0) thread 0 joined, 6 connections remaining
(vm10:r0) Starting new connection thread
(vm10:r0) Maximum number of connections reached (5), waiting for a thread to finish
(vm10:r0:0) Connection established
(vm10:r0:0) Connection finished, received 1009652551 bytes
(vm10:r0) thread 0 joined, 5 connections remaining
(vm10:r0) Starting new connection thread
(vm10:r0) Maximum number of connections reached (5), waiting for a thread to finish
(vm10:r0:0) Connection established
(vm10:r0:0) Connection finished, received 1009652551 bytes
(vm10:r0) thread 0 joined, 4 connections remaining
(vm10:r0) Maximum number of connections reached (4), waiting for a thread to finish
(vm10:r0) thread 1 joined, 3 connections remaining
(vm10:r0) Maximum number of connections reached (3), waiting for a thread to finish
(vm10:r0) thread 2 joined, 2 connections remaining
(vm10:r0) Maximum number of connections reached (2), waiting for a thread to finish
(vm10:r0) thread 3 joined, 1 connections remaining
(vm10:r0) Maximum number of connections reached (1), waiting for a thread to finish
(vm10:r0) thread 4 joined, 0 connections remaining
(vm10:r0) all done, exiting
*RES* start node vm10:r0
*RES* vm10:r0:0,1405498868682,34619,998,1009652551
*RES* vm10:r0:0,1405498903305,52904,1005,1009652551
*RES* vm10:r0:0,1405498956213,46730,1474,1009652551
*RES* vm10:r0:0,1405499002949,36727,1028,1009652551
*RES* vm10:r0:0,1405499039689,36625,1425,1009652551
*RES* vm10:r0:0,1405499076329,9206,860,1009652551
*RES* vm10:r0:0,1405499085547,14602,863,1009652551
*RES* vm10:r0:0,1405499100153,11851,948,1009652551
*RES* vm10:r0:0,1405499112009,8460,1047,1009652551
*RES* vm10:r0:0,1405499120473,5442,1069,1009652551
*RES* vm10:r0:0,1405499125928,5507,1365,1009652551
*RES* vm10:r0:0,1405499131441,4460,1021,1009652551
*RES* vm10:r0:0,1405499135909,6158,1146,1009652551
*RES* vm10:r0:0,1405499142073,4313,1009,1009652551
*RES* vm10:r0:0,1405499146393,5015,1131,1009652551
*RES* vm10:r0:0,1405499151413,4622,1190,1009652551
*RES* vm10:r0:0,1405499156041,4317,1182,1009652551
*RES* vm10:r0:0,1405499160365,3803,1265,1009652551
*RES* vm10:r0:0,1405499164173,4154,1045,1009652551
*RES* vm10:r0:0,1405499168333,3196,1179,1009652551
*RES* vm10:r0:0,1405499171537,3318,1140,1009652551
*RES* vm10:r0:0,1405499174861,3133,1255,1009652551
*RES* vm10:r0:0,1405499178001,3532,1042,1009652551
*RES* vm10:r0:0,1405499181537,3680,1023,1009652551
*RES* vm10:r0:0,1405499185221,2818,1164,1009652551
*RES* vm10:r0:0,1405499188045,3389,945,1009652551
*RES* vm10:r0:0,1405499191441,1833,836,1009652551
*RES* vm10:r0:0,1405499193281,3628,812,1009652551
*RES* vm10:r0:0,1405499196917,3151,703,1009652551
*RES* vm10:r0:1,1405498868682,28551,1033,1009652551
*RES* vm10:r0:2,1405498868682,35713,1019,1009652551
*RES* vm10:r0:3,1405498868681,31234,1000,1009652551
*RES* vm10:r0:4,1405498868681,28498,1006,1009652551
*RES* end node vm10:r0
Node vm10:r0 joined
Worker terminating correctly
