OSMeF worker starting
Enabling core dumping
Listening for command connection
(vm18:m0) New mapper on port 23330
(vm18:m0) -> reducer data size 1009652550
(vm18:m0) -> reducer data size 1009652550
(vm18:m0) -> reducer data size 1009652550
(vm18:m0) -> reducer data size 1009652550
(vm18:m0) -> reducer data size 1009652550
(vm18:m0) -> reducer data size 1009652550
(vm18:m0) -> reducer data size 1009652550
(vm18:m0) -> reducer data size 1009652550
(vm18:m0) -> reducer data size 1009652550
(vm18:m0) -> reducer data size 1009652550
(vm18:m0) -> reducer data size 1009652550
(vm18:m0) -> reducer data size 1009652550
(vm18:m0) -> reducer data size 1009652550
(vm18:m0) -> reducer data size 1009652550
(vm18:m0) -> reducer data size 1009652550
(vm18:m0) -> reducer data size 1009652550
(vm18:m0) -> reducer data size 1009652550
(vm18:m0) -> reducer data size 1009652550
(vm18:m0) -> reducer data size 1009652550
(vm18:m0) -> reducer data size 1009652550
(vm18:m0) -> reducer data size 1009652550
(vm18:m0) -> reducer data size 1009652550
(vm18:m0) -> reducer data size 1009652550
(vm18:m0) -> reducer data size 1009652550
(vm18:m0) -> reducer data size 1009652550
(vm18:m0) -> reducer data size 1009652550
(vm18:m0) -> reducer data size 1009652550
(vm18:m0) -> reducer data size 1009652550
(vm18:m0) -> reducer data size 1009652550
(vm18:m0) -> reducer data size 1009652550
(vm18:m0) -> reducer data size 1009652550
(vm18:m0) -> reducer data size 1009652550
(vm18:m0) -> reducer data size 1009652550
(vm18:m0) Mapper thread started
(vm18:m0) Allocating data for reducer vm1:r0
(vm18:m0) Allocating data for reducer vm2:r0
(vm18:m0) Allocating data for reducer vm3:r0
(vm18:m0) Allocating data for reducer vm4:r0
(vm18:m0) Allocating data for reducer vm5:r0
(vm18:m0) Allocating data for reducer vm6:r0
(vm18:m0) Allocating data for reducer vm7:r0
(vm18:m0) Allocating data for reducer vm8:r0
(vm18:m0) Allocating data for reducer vm9:r0
(vm18:m0) Allocating data for reducer vm10:r0
(vm18:m0) Allocating data for reducer vm11:r0
(vm18:m0) Allocating data for reducer vm12:r0
(vm18:m0) Allocating data for reducer vm13:r0
(vm18:m0) Allocating data for reducer vm14:r0
(vm18:m0) Allocating data for reducer vm15:r0
(vm18:m0) Allocating data for reducer vm16:r0
(vm18:m0) Allocating data for reducer vm17:r0
(vm18:m0) Allocating data for reducer vm18:r0
(vm18:m0) Allocating data for reducer vm19:r0
(vm18:m0) Allocating data for reducer vm20:r0
(vm18:m0) Allocating data for reducer vm21:r0
(vm18:m0) Allocating data for reducer vm22:r0
(vm18:m0) Allocating data for reducer vm23:r0
(vm18:m0) Allocating data for reducer vm24:r0
(vm18:m0) Allocating data for reducer vm25:r0
(vm18:m0) Allocating data for reducer vm26:r0
(vm18:m0) Allocating data for reducer vm27:r0
(vm18:m0) Allocating data for reducer vm28:r0
(vm18:m0) Allocating data for reducer vm29:r0
(vm18:m0) Allocating data for reducer vm30:r0
(vm18:m0) Allocating data for reducer vm31:r0
(vm18:m0) Allocating data for reducer vm32:r0
(vm18:m0) Allocating data for reducer vm33:r0
(vm18:m0) Binding to port 23330
(vm18:r0) New reducer
(vm18:r0) Reducer thread started
(vm18:r0) waiting for START message
(vm18:r0) got START message
(vm18:r0) Starting new connection thread
(vm18:r0) Starting new connection thread
(vm18:r0) Starting new connection thread
(vm18:r0) Starting new connection thread
(vm18:r0) Starting new connection thread
(vm18:r0) Maximum number of connections reached (5), waiting for a thread to finish
(vm18:r0:4) Connection established
(vm18:r0:1) Connection established
(vm18:r0:3) Connection established
(vm18:r0:0) Connection established
(vm18:r0:2) Connection established
(vm18:r0:4) Connection finished, received 1009652551 bytes
(vm18:r0:1) Connection finished, received 1009652551 bytes
(vm18:r0:3) Connection finished, received 1009652551 bytes
(vm18:r0:0) Connection finished, received 1009652551 bytes
(vm18:r0) thread 0 joined, 32 connections remaining
(vm18:r0) Starting new connection thread
(vm18:r0) Maximum number of connections reached (5), waiting for a thread to finish
(vm18:r0:0) Connection established
(vm18:r0:2) Connection finished, received 1009652551 bytes
(vm18:r0:0) Connection finished, received 1009652551 bytes
(vm18:r0) thread 0 joined, 31 connections remaining
(vm18:r0) Starting new connection thread
(vm18:r0) Maximum number of connections reached (5), waiting for a thread to finish
(vm18:r0:0) Connection established
(vm18:m0) Got connection from reducer vm33:r0
(vm18:m0:32) thread started, have to send 1009652550 bytes
(vm18:m0:32) all data sent, thread exiting
(vm18:m0) Got connection from reducer vm31:r0
(vm18:m0:30) thread started, have to send 1009652550 bytes
(vm18:m0:30) all data sent, thread exiting
(vm18:m0) Got connection from reducer vm29:r0
(vm18:m0:28) thread started, have to send 1009652550 bytes
(vm18:m0:28) all data sent, thread exiting
(vm18:r0:0) Connection finished, received 1009652551 bytes
(vm18:r0) thread 0 joined, 30 connections remaining
(vm18:r0) Starting new connection thread
(vm18:r0) Maximum number of connections reached (5), waiting for a thread to finish
(vm18:r0:0) Connection established
(vm18:m0) Got connection from reducer vm22:r0
(vm18:m0:21) thread started, have to send 1009652550 bytes
(vm18:m0:21) all data sent, thread exiting
(vm18:m0) Got connection from reducer vm6:r0
(vm18:m0:5) thread started, have to send 1009652550 bytes
(vm18:m0) Got connection from reducer vm26:r0
(vm18:m0:25) thread started, have to send 1009652550 bytes
(vm18:m0:5) all data sent, thread exiting
(vm18:m0:25) all data sent, thread exiting
(vm18:r0:0) Connection finished, received 1009652551 bytes
(vm18:r0) thread 0 joined, 29 connections remaining
(vm18:r0) Starting new connection thread
(vm18:r0) Maximum number of connections reached (5), waiting for a thread to finish
(vm18:r0:0) Connection established
(vm18:m0) Got connection from reducer vm2:r0
(vm18:m0:1) thread started, have to send 1009652550 bytes
(vm18:m0:1) all data sent, thread exiting
(vm18:m0) Got connection from reducer vm24:r0
(vm18:m0:23) thread started, have to send 1009652550 bytes
(vm18:r0:0) Connection finished, received 1009652551 bytes
(vm18:r0) thread 0 joined, 28 connections remaining
(vm18:r0) Starting new connection thread
(vm18:r0) Maximum number of connections reached (5), waiting for a thread to finish
(vm18:r0:0) Connection established
(vm18:m0:23) all data sent, thread exiting
(vm18:m0) Got connection from reducer vm14:r0
(vm18:m0:13) thread started, have to send 1009652550 bytes
(vm18:r0:0) Connection finished, received 1009652551 bytes
(vm18:r0) thread 0 joined, 27 connections remaining
(vm18:r0) Starting new connection thread
(vm18:r0) Maximum number of connections reached (5), waiting for a thread to finish
(vm18:r0:0) Connection established
(vm18:m0) Got connection from reducer vm11:r0
(vm18:m0:10) thread started, have to send 1009652550 bytes
(vm18:m0) Got connection from reducer vm7:r0
(vm18:m0:6) thread started, have to send 1009652550 bytes
(vm18:m0:13) all data sent, thread exiting
(vm18:m0) Got connection from reducer vm20:r0
(vm18:m0:19) thread started, have to send 1009652550 bytes
(vm18:m0) Got connection from reducer vm23:r0
(vm18:m0:22) thread started, have to send 1009652550 bytes
(vm18:m0:6) all data sent, thread exiting
(vm18:m0) Got connection from reducer vm28:r0
(vm18:m0:27) thread started, have to send 1009652550 bytes
(vm18:m0:19) all data sent, thread exiting
(vm18:r0:0) Connection finished, received 1009652551 bytes
(vm18:r0) thread 0 joined, 26 connections remaining
(vm18:r0) Starting new connection thread
(vm18:r0) Maximum number of connections reached (5), waiting for a thread to finish
(vm18:r0:0) Connection established
(vm18:m0:22) all data sent, thread exiting
(vm18:m0:10) all data sent, thread exiting
(vm18:m0:27) all data sent, thread exiting
(vm18:m0) Got connection from reducer vm16:r0
(vm18:m0:15) thread started, have to send 1009652550 bytes
(vm18:m0) Got connection from reducer vm8:r0
(vm18:m0:7) thread started, have to send 1009652550 bytes
(vm18:m0) Got connection from reducer vm17:r0
(vm18:m0:16) thread started, have to send 1009652550 bytes
(vm18:m0:15) all data sent, thread exiting
(vm18:m0) Got connection from reducer vm12:r0
(vm18:m0:11) thread started, have to send 1009652550 bytes
(vm18:m0) Got connection from reducer vm21:r0
(vm18:m0:20) thread started, have to send 1009652550 bytes
(vm18:m0:7) all data sent, thread exiting
(vm18:m0:16) all data sent, thread exiting
(vm18:m0) Got connection from reducer vm9:r0
(vm18:m0:8) thread started, have to send 1009652550 bytes
(vm18:m0:20) all data sent, thread exiting
(vm18:r0:0) Connection finished, received 1009652551 bytes
(vm18:r0) thread 0 joined, 25 connections remaining
(vm18:r0) Starting new connection thread
(vm18:r0) Maximum number of connections reached (5), waiting for a thread to finish
(vm18:r0:0) Connection established
(vm18:m0:11) all data sent, thread exiting
(vm18:m0) Got connection from reducer vm32:r0
(vm18:m0:31) thread started, have to send 1009652550 bytes
(vm18:m0:8) all data sent, thread exiting
(vm18:m0) Got connection from reducer vm15:r0
(vm18:m0:14) thread started, have to send 1009652550 bytes
(vm18:m0:31) all data sent, thread exiting
(vm18:r0:0) Connection finished, received 1009652551 bytes
(vm18:r0) thread 0 joined, 24 connections remaining
(vm18:r0) Starting new connection thread
(vm18:r0) Maximum number of connections reached (5), waiting for a thread to finish
(vm18:r0:0) Connection established
(vm18:m0) Got connection from reducer vm1:r0
(vm18:m0:0) thread started, have to send 1009652550 bytes
(vm18:m0:14) all data sent, thread exiting
(vm18:m0:0) all data sent, thread exiting
(vm18:r0:0) Connection finished, received 1009652551 bytes
(vm18:r0) thread 0 joined, 23 connections remaining
(vm18:r0) Starting new connection thread
(vm18:r0) Maximum number of connections reached (5), waiting for a thread to finish
(vm18:r0:0) Connection established
(vm18:m0) Got connection from reducer vm27:r0
(vm18:m0:26) thread started, have to send 1009652550 bytes
(vm18:m0) Got connection from reducer vm3:r0
(vm18:m0:2) thread started, have to send 1009652550 bytes
(vm18:m0:26) all data sent, thread exiting
(vm18:m0:2) all data sent, thread exiting
(vm18:m0) Got connection from reducer vm5:r0
(vm18:m0:4) thread started, have to send 1009652550 bytes
(vm18:m0) Got connection from reducer vm10:r0
(vm18:m0:9) thread started, have to send 1009652550 bytes
(vm18:r0:0) Connection finished, received 1009652551 bytes
(vm18:r0) thread 0 joined, 22 connections remaining
(vm18:r0) Starting new connection thread
(vm18:r0) Maximum number of connections reached (5), waiting for a thread to finish
(vm18:r0:0) Connection established
(vm18:m0) Got connection from reducer vm30:r0
(vm18:m0:29) thread started, have to send 1009652550 bytes
(vm18:m0:4) all data sent, thread exiting
(vm18:m0:9) all data sent, thread exiting
(vm18:m0:29) all data sent, thread exiting
(vm18:r0:0) Connection finished, received 1009652551 bytes
(vm18:r0) thread 0 joined, 21 connections remaining
(vm18:r0) Starting new connection thread
(vm18:r0) Maximum number of connections reached (5), waiting for a thread to finish
(vm18:r0:0) Connection established
(vm18:m0) Got connection from reducer vm13:r0
(vm18:m0:12) thread started, have to send 1009652550 bytes
(vm18:m0) Got connection from reducer vm25:r0
(vm18:m0:24) thread started, have to send 1009652550 bytes
(vm18:m0) Got connection from reducer vm4:r0
(vm18:m0:3) thread started, have to send 1009652550 bytes
(vm18:m0) Got connection from reducer vm19:r0
(vm18:m0:18) thread started, have to send 1009652550 bytes
(vm18:m0:12) all data sent, thread exiting
(vm18:r0:0) Connection finished, received 1009652551 bytes
(vm18:r0) thread 0 joined, 20 connections remaining
(vm18:r0) Starting new connection thread
(vm18:r0) Maximum number of connections reached (5), waiting for a thread to finish
(vm18:r0:0) Connection established
(vm18:m0) Got connection from reducer vm18:r0
(vm18:m0) Waiting for a thread to finish
(vm18:m0) thread 0 joined, 32 connections remaining
(vm18:m0) Waiting for a thread to finish
(vm18:m0) thread 1 joined, 31 connections remaining
(vm18:m0) Waiting for a thread to finish
(vm18:m0) thread 2 joined, 30 connections remaining
(vm18:m0) Waiting for a thread to finish
(vm18:m0:17) thread started, have to send 1009652550 bytes
(vm18:m0:3) all data sent, thread exiting
(vm18:m0) thread 3 joined, 29 connections remaining
(vm18:m0) Waiting for a thread to finish
(vm18:m0) thread 4 joined, 28 connections remaining
(vm18:m0) Waiting for a thread to finish
(vm18:m0) thread 5 joined, 27 connections remaining
(vm18:m0) Waiting for a thread to finish
(vm18:m0) thread 6 joined, 26 connections remaining
(vm18:m0) Waiting for a thread to finish
(vm18:m0) thread 7 joined, 25 connections remaining
(vm18:m0) Waiting for a thread to finish
(vm18:m0) thread 8 joined, 24 connections remaining
(vm18:m0) Waiting for a thread to finish
(vm18:m0) thread 9 joined, 23 connections remaining
(vm18:m0) Waiting for a thread to finish
(vm18:m0) thread 10 joined, 22 connections remaining
(vm18:m0) Waiting for a thread to finish
(vm18:m0) thread 11 joined, 21 connections remaining
(vm18:m0) Waiting for a thread to finish
(vm18:m0) thread 12 joined, 20 connections remaining
(vm18:m0) Waiting for a thread to finish
(vm18:m0) thread 13 joined, 19 connections remaining
(vm18:m0) Waiting for a thread to finish
(vm18:m0) thread 14 joined, 18 connections remaining
(vm18:m0) Waiting for a thread to finish
(vm18:m0) thread 15 joined, 17 connections remaining
(vm18:m0) Waiting for a thread to finish
(vm18:m0) thread 16 joined, 16 connections remaining
(vm18:m0) Waiting for a thread to finish
(vm18:m0:17) all data sent, thread exiting
(vm18:m0) thread 17 joined, 15 connections remaining
(vm18:m0) Waiting for a thread to finish
(vm18:r0:0) Connection finished, received 1009652551 bytes
(vm18:r0) thread 0 joined, 19 connections remaining
(vm18:r0) Starting new connection thread
(vm18:r0) Maximum number of connections reached (5), waiting for a thread to finish
(vm18:r0:0) Connection established
(vm18:m0:24) all data sent, thread exiting
(vm18:m0:18) all data sent, thread exiting
(vm18:m0) thread 18 joined, 14 connections remaining
(vm18:m0) Waiting for a thread to finish
(vm18:m0) thread 19 joined, 13 connections remaining
(vm18:m0) Waiting for a thread to finish
(vm18:m0) thread 20 joined, 12 connections remaining
(vm18:m0) Waiting for a thread to finish
(vm18:m0) thread 21 joined, 11 connections remaining
(vm18:m0) Waiting for a thread to finish
(vm18:m0) thread 22 joined, 10 connections remaining
(vm18:m0) Waiting for a thread to finish
(vm18:m0) thread 23 joined, 9 connections remaining
(vm18:m0) Waiting for a thread to finish
(vm18:m0) thread 24 joined, 8 connections remaining
(vm18:m0) Waiting for a thread to finish
(vm18:m0) thread 25 joined, 7 connections remaining
(vm18:m0) Waiting for a thread to finish
(vm18:m0) thread 26 joined, 6 connections remaining
(vm18:m0) Waiting for a thread to finish
(vm18:m0) thread 27 joined, 5 connections remaining
(vm18:m0) Waiting for a thread to finish
(vm18:m0) thread 28 joined, 4 connections remaining
(vm18:m0) Waiting for a thread to finish
(vm18:m0) thread 29 joined, 3 connections remaining
(vm18:m0) Waiting for a thread to finish
(vm18:m0) thread 30 joined, 2 connections remaining
(vm18:m0) Waiting for a thread to finish
(vm18:m0) thread 31 joined, 1 connections remaining
(vm18:m0) Waiting for a thread to finish
(vm18:m0) thread 32 joined, 0 connections remaining
(vm18:m0) all done, exiting
*RES* start node vm18:m0
*RES* vm18:m0:0,1405499127496,4954,1527,1009652551
*RES* vm18:m0:1,1405499059255,4826,2135,1009652551
*RES* vm18:m0:2,1405499135862,4530,953,1009652551
*RES* vm18:m0:3,1405499154988,5489,890,1009652551
*RES* vm18:m0:4,1405499141513,4346,978,1009652551
*RES* vm18:m0:5,1405499019413,4782,1775,1009652551
*RES* vm18:m0:6,1405499089230,6245,1720,1009652551
*RES* vm18:m0:7,1405499106536,4514,1013,1009652551
*RES* vm18:m0:8,1405499115941,5173,1304,1009652551
*RES* vm18:m0:9,1405499142107,4296,855,1009652551
*RES* vm18:m0:10,1405499087618,14348,979,1009652551
*RES* vm18:m0:11,1405499110208,8510,1056,1009652551
*RES* vm18:m0:12,1405499153324,4401,1095,1009652551
*RES* vm18:m0:13,1405499084416,6700,1183,1009652551
*RES* vm18:m0:14,1405499121420,7032,1161,1009652551
*RES* vm18:m0:15,1405499104132,4433,1200,1009652551
*RES* vm18:m0:16,1405499107184,4917,938,1009652551
*RES* vm18:m0:17,1405499157928,4178,291,1009652551
*RES* vm18:m0:18,1405499157399,5614,787,1009652551
*RES* vm18:m0:19,1405499093560,5296,1089,1009652551
*RES* vm18:m0:20,1405499110457,6746,1164,1009652551
*RES* vm18:m0:21,1405499013271,5602,1510,1009652551
*RES* vm18:m0:22,1405499094252,7477,1029,1009652551
*RES* vm18:m0:23,1405499064698,6121,1873,1009652551
*RES* vm18:m0:24,1405499154241,7908,766,1009652551
*RES* vm18:m0:25,1405499023091,4992,1403,1009652551
*RES* vm18:m0:26,1405499135448,4303,896,1009652551
*RES* vm18:m0:27,1405499098240,4802,1168,1009652551
*RES* vm18:m0:28,1405498994672,4670,1561,1009652551
*RES* vm18:m0:29,1405499145066,5034,1068,1009652551
*RES* vm18:m0:30,1405498989267,4453,1231,1009652551
*RES* vm18:m0:31,1405499119544,4606,1181,1009652551
*RES* vm18:m0:32,1405498963860,3999,1588,1009652551
*RES* end node vm18:m0
Node vm18:m0 joined
(vm18:r0:0) Connection finished, received 1009652551 bytes
(vm18:r0) thread 0 joined, 18 connections remaining
(vm18:r0) Starting new connection thread
(vm18:r0) Maximum number of connections reached (5), waiting for a thread to finish
(vm18:r0:0) Connection established
(vm18:r0:0) Connection finished, received 1009652551 bytes
(vm18:r0) thread 0 joined, 17 connections remaining
(vm18:r0) Starting new connection thread
(vm18:r0) Maximum number of connections reached (5), waiting for a thread to finish
(vm18:r0:0) Connection established
(vm18:r0:0) Connection finished, received 1009652551 bytes
(vm18:r0) thread 0 joined, 16 connections remaining
(vm18:r0) Starting new connection thread
(vm18:r0) Maximum number of connections reached (5), waiting for a thread to finish
(vm18:r0:0) Connection established
(vm18:r0:0) Connection finished, received 1009652551 bytes
(vm18:r0) thread 0 joined, 15 connections remaining
(vm18:r0) Starting new connection thread
(vm18:r0) Maximum number of connections reached (5), waiting for a thread to finish
(vm18:r0:0) Connection established
(vm18:r0:0) Connection finished, received 1009652551 bytes
(vm18:r0) thread 0 joined, 14 connections remaining
(vm18:r0) Starting new connection thread
(vm18:r0) Maximum number of connections reached (5), waiting for a thread to finish
(vm18:r0:0) Connection established
(vm18:r0:0) Connection finished, received 1009652551 bytes
(vm18:r0) thread 0 joined, 13 connections remaining
(vm18:r0) Starting new connection thread
(vm18:r0) Maximum number of connections reached (5), waiting for a thread to finish
(vm18:r0:0) Connection established
(vm18:r0:0) Connection finished, received 1009652551 bytes
(vm18:r0) thread 0 joined, 12 connections remaining
(vm18:r0) Starting new connection thread
(vm18:r0) Maximum number of connections reached (5), waiting for a thread to finish
(vm18:r0:0) Connection established
(vm18:r0:0) Connection finished, received 1009652551 bytes
(vm18:r0) thread 0 joined, 11 connections remaining
(vm18:r0) Starting new connection thread
(vm18:r0) Maximum number of connections reached (5), waiting for a thread to finish
(vm18:r0:0) Connection established
(vm18:r0:0) Connection finished, received 1009652551 bytes
(vm18:r0) thread 0 joined, 10 connections remaining
(vm18:r0) Starting new connection thread
(vm18:r0) Maximum number of connections reached (5), waiting for a thread to finish
(vm18:r0:0) Connection established
(vm18:r0:0) Connection finished, received 1009652551 bytes
(vm18:r0) thread 0 joined, 9 connections remaining
(vm18:r0) Starting new connection thread
(vm18:r0) Maximum number of connections reached (5), waiting for a thread to finish
(vm18:r0:0) Connection established
(vm18:r0:0) Connection finished, received 1009652551 bytes
(vm18:r0) thread 0 joined, 8 connections remaining
(vm18:r0) Starting new connection thread
(vm18:r0) Maximum number of connections reached (5), waiting for a thread to finish
(vm18:r0:0) Connection established
(vm18:r0:0) Connection finished, received 1009652551 bytes
(vm18:r0) thread 0 joined, 7 connections remaining
(vm18:r0) Starting new connection thread
(vm18:r0) Maximum number of connections reached (5), waiting for a thread to finish
(vm18:r0:0) Connection established
(vm18:r0:0) Connection finished, received 1009652551 bytes
(vm18:r0) thread 0 joined, 6 connections remaining
(vm18:r0) Starting new connection thread
(vm18:r0) Maximum number of connections reached (5), waiting for a thread to finish
(vm18:r0:0) Connection established
(vm18:r0:0) Connection finished, received 1009652551 bytes
(vm18:r0) thread 0 joined, 5 connections remaining
(vm18:r0) Starting new connection thread
(vm18:r0) Maximum number of connections reached (5), waiting for a thread to finish
(vm18:r0:0) Connection established
(vm18:r0:0) Connection finished, received 1009652551 bytes
(vm18:r0) thread 0 joined, 4 connections remaining
(vm18:r0) Maximum number of connections reached (4), waiting for a thread to finish
(vm18:r0) thread 1 joined, 3 connections remaining
(vm18:r0) Maximum number of connections reached (3), waiting for a thread to finish
(vm18:r0) thread 2 joined, 2 connections remaining
(vm18:r0) Maximum number of connections reached (2), waiting for a thread to finish
(vm18:r0) thread 3 joined, 1 connections remaining
(vm18:r0) Maximum number of connections reached (1), waiting for a thread to finish
(vm18:r0) thread 4 joined, 0 connections remaining
(vm18:r0) all done, exiting
*RES* start node vm18:r0
*RES* vm18:r0:0,1405498868702,34947,962,1009652551
*RES* vm18:r0:0,1405498903656,52767,1102,1009652551
*RES* vm18:r0:0,1405498956428,44651,1121,1009652551
*RES* vm18:r0:0,1405499001084,39986,1166,1009652551
*RES* vm18:r0:0,1405499041076,24690,1248,1009652551
*RES* vm18:r0:0,1405499065772,20358,1059,1009652551
*RES* vm18:r0:0,1405499086136,15356,1014,1009652551
*RES* vm18:r0:0,1405499101504,16826,1310,1009652551
*RES* vm18:r0:0,1405499118344,7659,1063,1009652551
*RES* vm18:r0:0,1405499126020,8861,1174,1009652551
*RES* vm18:r0:0,1405499134889,8623,964,1009652551
*RES* vm18:r0:0,1405499143517,7528,1008,1009652551
*RES* vm18:r0:0,1405499151052,6857,976,1009652551
*RES* vm18:r0:0,1405499157920,4195,773,1009652551
*RES* vm18:r0:0,1405499162133,7685,1226,1009652551
*RES* vm18:r0:0,1405499169824,6203,1012,1009652551
*RES* vm18:r0:0,1405499176032,5728,987,1009652551
*RES* vm18:r0:0,1405499181768,2576,963,1009652551
*RES* vm18:r0:0,1405499184348,2812,975,1009652551
*RES* vm18:r0:0,1405499187164,2430,1010,1009652551
*RES* vm18:r0:0,1405499189600,3342,951,1009652551
*RES* vm18:r0:0,1405499192948,1832,848,1009652551
*RES* vm18:r0:0,1405499194784,2161,799,1009652551
*RES* vm18:r0:0,1405499196952,1604,748,1009652551
*RES* vm18:r0:0,1405499198564,1557,759,1009652551
*RES* vm18:r0:0,1405499200128,1629,731,1009652551
*RES* vm18:r0:0,1405499201763,1406,695,1009652551
*RES* vm18:r0:0,1405499203180,1298,629,1009652551
*RES* vm18:r0:0,1405499204487,1232,577,1009652551
*RES* vm18:r0:1,1405498868702,28354,1000,1009652551
*RES* vm18:r0:2,1405498868702,35945,985,1009652551
*RES* vm18:r0:3,1405498868702,33133,975,1009652551
*RES* vm18:r0:4,1405498868702,27767,996,1009652551
*RES* end node vm18:r0
Node vm18:r0 joined
Worker terminating correctly
