OSMeF worker starting
Enabling core dumping
Listening for command connection
(vm17:m0) New mapper on port 23330
(vm17:m0) -> reducer data size 897560512
(vm17:m0) -> reducer data size 897560512
(vm17:m0) -> reducer data size 897560512
(vm17:m0) -> reducer data size 897560512
(vm17:m0) -> reducer data size 897560512
(vm17:m0) -> reducer data size 897560512
(vm17:m0) -> reducer data size 897560512
(vm17:m0) -> reducer data size 897560512
(vm17:m0) -> reducer data size 897560512
(vm17:m0) -> reducer data size 897560512
(vm17:m0) -> reducer data size 897560512
(vm17:m0) -> reducer data size 897560512
(vm17:m0) -> reducer data size 897560512
(vm17:m0) -> reducer data size 897560512
(vm17:m0) -> reducer data size 897560512
(vm17:m0) -> reducer data size 897560512
(vm17:m0) -> reducer data size 897560512
(vm17:m0) -> reducer data size 897560512
(vm17:m0) -> reducer data size 897560512
(vm17:m0) -> reducer data size 897560512
(vm17:m0) -> reducer data size 897560512
(vm17:m0) -> reducer data size 897560512
(vm17:m0) -> reducer data size 897560512
(vm17:m0) -> reducer data size 897560512
(vm17:m0) -> reducer data size 897560512
(vm17:m0) -> reducer data size 897560512
(vm17:m0) -> reducer data size 897560512
(vm17:m0) -> reducer data size 897560512
(vm17:m0) -> reducer data size 897560512
(vm17:m0) -> reducer data size 897560512
(vm17:m0) -> reducer data size 897560512
(vm17:m0) -> reducer data size 897560512
(vm17:m0) -> reducer data size 897560512
(vm17:m0) -> reducer data size 897560512
(vm17:m0) -> reducer data size 897560512
(vm17:m0) Mapper thread started
(vm17:m0) Allocating data for reducer vm1:r0
(vm17:m0) Allocating data for reducer vm2:r0
(vm17:m0) Allocating data for reducer vm3:r0
(vm17:m0) Allocating data for reducer vm4:r0
(vm17:m0) Allocating data for reducer vm5:r0
(vm17:m0) Allocating data for reducer vm6:r0
(vm17:m0) Allocating data for reducer vm7:r0
(vm17:m0) Allocating data for reducer vm8:r0
(vm17:m0) Allocating data for reducer vm9:r0
(vm17:m0) Allocating data for reducer vm10:r0
(vm17:m0) Allocating data for reducer vm11:r0
(vm17:m0) Allocating data for reducer vm12:r0
(vm17:m0) Allocating data for reducer vm13:r0
(vm17:m0) Allocating data for reducer vm14:r0
(vm17:m0) Allocating data for reducer vm15:r0
(vm17:m0) Allocating data for reducer vm16:r0
(vm17:m0) Allocating data for reducer vm17:r0
(vm17:m0) Allocating data for reducer vm18:r0
(vm17:m0) Allocating data for reducer vm19:r0
(vm17:m0) Allocating data for reducer vm20:r0
(vm17:m0) Allocating data for reducer vm21:r0
(vm17:m0) Allocating data for reducer vm22:r0
(vm17:m0) Allocating data for reducer vm23:r0
(vm17:m0) Allocating data for reducer vm24:r0
(vm17:m0) Allocating data for reducer vm25:r0
(vm17:m0) Allocating data for reducer vm26:r0
(vm17:m0) Allocating data for reducer vm27:r0
(vm17:m0) Allocating data for reducer vm28:r0
(vm17:m0) Allocating data for reducer vm29:r0
(vm17:m0) Allocating data for reducer vm30:r0
(vm17:m0) Allocating data for reducer vm31:r0
(vm17:m0) Allocating data for reducer vm32:r0
(vm17:m0) Allocating data for reducer vm33:r0
(vm17:m0) Allocating data for reducer vm34:r0
(vm17:m0) Allocating data for reducer vm35:r0
(vm17:m0) Binding to port 23330
(vm17:r0) New reducer
(vm17:r0) Reducer thread started
(vm17:r0) waiting for START message
(vm17:r0) got START message
(vm17:r0) Starting new connection thread
(vm17:r0) Starting new connection thread
(vm17:r0) Starting new connection thread
(vm17:r0) Starting new connection thread
(vm17:r0) Starting new connection thread
(vm17:r0) Maximum number of connections reached (5), waiting for a thread to finish
(vm17:r0:0) Connection established
(vm17:r0:2) Connection established
(vm17:r0:1) Connection established
(vm17:r0:4) Connection established
(vm17:r0:3) Connection established
(vm17:r0:2) Connection finished, received 897560513 bytes
(vm17:r0:1) Connection finished, received 897560513 bytes
(vm17:r0:3) Connection finished, received 897560513 bytes
(vm17:r0:4) Connection finished, received 897560513 bytes
(vm17:r0:0) Connection finished, received 897560513 bytes
(vm17:r0) thread 0 joined, 34 connections remaining
(vm17:r0) Starting new connection thread
(vm17:r0) Maximum number of connections reached (5), waiting for a thread to finish
(vm17:r0:0) Connection established
(vm17:r0:0) Connection finished, received 897560513 bytes
(vm17:r0) thread 0 joined, 33 connections remaining
(vm17:r0) Starting new connection thread
(vm17:r0) Maximum number of connections reached (5), waiting for a thread to finish
(vm17:r0:0) Connection established
(vm17:m0) Got connection from reducer vm1:r0
(vm17:m0:0) thread started, have to send 897560512 bytes
(vm17:m0) Got connection from reducer vm10:r0
(vm17:m0:9) thread started, have to send 897560512 bytes
(vm17:m0:0) all data sent, thread exiting
(vm17:m0:9) all data sent, thread exiting
(vm17:m0) Got connection from reducer vm9:r0
(vm17:m0:8) thread started, have to send 897560512 bytes
(vm17:r0:0) Connection finished, received 897560513 bytes
(vm17:r0) thread 0 joined, 32 connections remaining
(vm17:r0) Starting new connection thread
(vm17:r0) Maximum number of connections reached (5), waiting for a thread to finish
(vm17:r0:0) Connection established
(vm17:m0) Got connection from reducer vm25:r0
(vm17:m0:24) thread started, have to send 897560512 bytes
(vm17:m0:8) all data sent, thread exiting
(vm17:m0:24) all data sent, thread exiting
(vm17:r0:0) Connection finished, received 897560513 bytes
(vm17:r0) thread 0 joined, 31 connections remaining
(vm17:r0) Starting new connection thread
(vm17:r0) Maximum number of connections reached (5), waiting for a thread to finish
(vm17:r0:0) Connection established
(vm17:m0) Got connection from reducer vm19:r0
(vm17:m0:18) thread started, have to send 897560512 bytes
(vm17:m0:18) all data sent, thread exiting
(vm17:r0:0) Connection finished, received 897560513 bytes
(vm17:r0) thread 0 joined, 30 connections remaining
(vm17:r0) Starting new connection thread
(vm17:r0) Maximum number of connections reached (5), waiting for a thread to finish
(vm17:r0:0) Connection established
(vm17:m0) Got connection from reducer vm6:r0
(vm17:m0:5) thread started, have to send 897560512 bytes
(vm17:m0) Got connection from reducer vm11:r0
(vm17:m0:10) thread started, have to send 897560512 bytes
(vm17:m0) Got connection from reducer vm34:r0
(vm17:m0:33) thread started, have to send 897560512 bytes
(vm17:r0:0) Connection finished, received 897560513 bytes
(vm17:r0) thread 0 joined, 29 connections remaining
(vm17:r0) Starting new connection thread
(vm17:r0) Maximum number of connections reached (5), waiting for a thread to finish
(vm17:r0:0) Connection established
(vm17:m0) Got connection from reducer vm7:r0
(vm17:m0:6) thread started, have to send 897560512 bytes
(vm17:m0:5) all data sent, thread exiting
(vm17:m0:10) all data sent, thread exiting
(vm17:m0:33) all data sent, thread exiting
(vm17:r0:0) Connection finished, received 897560513 bytes
(vm17:r0) thread 0 joined, 28 connections remaining
(vm17:r0) Starting new connection thread
(vm17:r0) Maximum number of connections reached (5), waiting for a thread to finish
(vm17:r0:0) Connection established
(vm17:m0:6) all data sent, thread exiting
(vm17:m0) Got connection from reducer vm32:r0
(vm17:m0:31) thread started, have to send 897560512 bytes
(vm17:m0) Got connection from reducer vm23:r0
(vm17:m0:22) thread started, have to send 897560512 bytes
(vm17:r0:0) Connection finished, received 897560513 bytes
(vm17:r0) thread 0 joined, 27 connections remaining
(vm17:r0) Starting new connection thread
(vm17:r0) Maximum number of connections reached (5), waiting for a thread to finish
(vm17:r0:0) Connection established
(vm17:m0) Got connection from reducer vm29:r0
(vm17:m0:28) thread started, have to send 897560512 bytes
(vm17:m0:31) all data sent, thread exiting
(vm17:m0) Got connection from reducer vm18:r0
(vm17:m0:17) thread started, have to send 897560512 bytes
(vm17:r0:0) Connection finished, received 897560513 bytes
(vm17:r0) thread 0 joined, 26 connections remaining
(vm17:r0) Starting new connection thread
(vm17:r0) Maximum number of connections reached (5), waiting for a thread to finish
(vm17:r0:0) Connection established
(vm17:m0:28) all data sent, thread exiting
(vm17:m0:22) all data sent, thread exiting
(vm17:m0) Got connection from reducer vm24:r0
(vm17:m0:23) thread started, have to send 897560512 bytes
(vm17:m0:17) all data sent, thread exiting
(vm17:m0) Got connection from reducer vm15:r0
(vm17:m0:14) thread started, have to send 897560512 bytes
(vm17:r0:0) Connection finished, received 897560513 bytes
(vm17:r0) thread 0 joined, 25 connections remaining
(vm17:r0) Starting new connection thread
(vm17:r0) Maximum number of connections reached (5), waiting for a thread to finish
(vm17:r0:0) Connection established
(vm17:m0) Got connection from reducer vm5:r0
(vm17:m0:4) thread started, have to send 897560512 bytes
(vm17:m0:14) all data sent, thread exiting
(vm17:r0:0) Connection finished, received 897560513 bytes
(vm17:r0) thread 0 joined, 24 connections remaining
(vm17:r0) Starting new connection thread
(vm17:r0) Maximum number of connections reached (5), waiting for a thread to finish
(vm17:r0:0) Connection established
(vm17:m0:23) all data sent, thread exiting
(vm17:m0:4) all data sent, thread exiting
(vm17:r0:0) Connection finished, received 897560513 bytes
(vm17:r0) thread 0 joined, 23 connections remaining
(vm17:r0) Starting new connection thread
(vm17:r0) Maximum number of connections reached (5), waiting for a thread to finish
(vm17:r0:0) Connection established
(vm17:m0) Got connection from reducer vm17:r0
(vm17:m0:16) thread started, have to send 897560512 bytes
(vm17:m0) Got connection from reducer vm27:r0
(vm17:m0:26) thread started, have to send 897560512 bytes
(vm17:r0:0) Connection finished, received 897560513 bytes
(vm17:m0:16) all data sent, thread exiting
(vm17:r0) thread 0 joined, 22 connections remaining
(vm17:r0) Starting new connection thread
(vm17:r0) Maximum number of connections reached (5), waiting for a thread to finish
(vm17:r0:0) Connection established
(vm17:m0) Got connection from reducer vm3:r0
(vm17:m0:2) thread started, have to send 897560512 bytes
(vm17:m0:26) all data sent, thread exiting
(vm17:m0) Got connection from reducer vm33:r0
(vm17:m0:32) thread started, have to send 897560512 bytes
(vm17:r0:0) Connection finished, received 897560513 bytes
(vm17:r0) thread 0 joined, 21 connections remaining
(vm17:r0) Starting new connection thread
(vm17:r0) Maximum number of connections reached (5), waiting for a thread to finish
(vm17:r0:0) Connection established
(vm17:m0:2) all data sent, thread exiting
(vm17:m0:32) all data sent, thread exiting
(vm17:r0:0) Connection finished, received 897560513 bytes
(vm17:r0) thread 0 joined, 20 connections remaining
(vm17:r0) Starting new connection thread
(vm17:r0) Maximum number of connections reached (5), waiting for a thread to finish
(vm17:r0:0) Connection established
(vm17:m0) Got connection from reducer vm28:r0
(vm17:m0:27) thread started, have to send 897560512 bytes
(vm17:m0) Got connection from reducer vm8:r0
(vm17:m0:7) thread started, have to send 897560512 bytes
(vm17:m0) Got connection from reducer vm21:r0
(vm17:m0:20) thread started, have to send 897560512 bytes
(vm17:r0:0) Connection finished, received 897560513 bytes
(vm17:r0) thread 0 joined, 19 connections remaining
(vm17:r0) Starting new connection thread
(vm17:r0) Maximum number of connections reached (5), waiting for a thread to finish
(vm17:r0:0) Connection established
(vm17:m0:27) all data sent, thread exiting
(vm17:m0) Got connection from reducer vm31:r0
(vm17:m0:30) thread started, have to send 897560512 bytes
(vm17:m0:7) all data sent, thread exiting
(vm17:m0:20) all data sent, thread exiting
(vm17:r0:0) Connection finished, received 897560513 bytes
(vm17:r0) thread 0 joined, 18 connections remaining
(vm17:r0) Starting new connection thread
(vm17:r0) Maximum number of connections reached (5), waiting for a thread to finish
(vm17:r0:0) Connection established
(vm17:m0) Got connection from reducer vm16:r0
(vm17:m0:15) thread started, have to send 897560512 bytes
(vm17:m0:30) all data sent, thread exiting
(vm17:m0) Got connection from reducer vm22:r0
(vm17:m0:21) thread started, have to send 897560512 bytes
(vm17:m0:15) all data sent, thread exiting
(vm17:r0:0) Connection finished, received 897560513 bytes
(vm17:r0) thread 0 joined, 17 connections remaining
(vm17:r0) Starting new connection thread
(vm17:r0) Maximum number of connections reached (5), waiting for a thread to finish
(vm17:r0:0) Connection established
(vm17:m0) Got connection from reducer vm26:r0
(vm17:m0:25) thread started, have to send 897560512 bytes
(vm17:m0:21) all data sent, thread exiting
(vm17:m0) Got connection from reducer vm13:r0
(vm17:m0:12) thread started, have to send 897560512 bytes
(vm17:m0) Got connection from reducer vm12:r0
(vm17:m0:11) thread started, have to send 897560512 bytes
(vm17:r0:0) Connection finished, received 897560513 bytes
(vm17:r0) thread 0 joined, 16 connections remaining
(vm17:r0) Starting new connection thread
(vm17:r0) Maximum number of connections reached (5), waiting for a thread to finish
(vm17:r0:0) Connection established
(vm17:m0:25) all data sent, thread exiting
(vm17:m0:12) all data sent, thread exiting
(vm17:m0:11) all data sent, thread exiting
(vm17:m0) Got connection from reducer vm14:r0
(vm17:m0:13) thread started, have to send 897560512 bytes
(vm17:m0) Got connection from reducer vm30:r0
(vm17:m0:29) thread started, have to send 897560512 bytes
(vm17:m0) Got connection from reducer vm20:r0
(vm17:m0:19) thread started, have to send 897560512 bytes
(vm17:r0:0) Connection finished, received 897560513 bytes
(vm17:r0) thread 0 joined, 15 connections remaining
(vm17:r0) Starting new connection thread
(vm17:r0) Maximum number of connections reached (5), waiting for a thread to finish
(vm17:r0:0) Connection established
(vm17:m0) Got connection from reducer vm35:r0
(vm17:m0:34) thread started, have to send 897560512 bytes
(vm17:m0:13) all data sent, thread exiting
(vm17:m0:29) all data sent, thread exiting
(vm17:m0:19) all data sent, thread exiting
(vm17:r0:0) Connection finished, received 897560513 bytes
(vm17:r0) thread 0 joined, 14 connections remaining
(vm17:r0) Starting new connection thread
(vm17:r0) Maximum number of connections reached (5), waiting for a thread to finish
(vm17:r0:0) Connection established
(vm17:m0:34) all data sent, thread exiting
(vm17:r0:0) Connection finished, received 897560513 bytes
(vm17:r0) thread 0 joined, 13 connections remaining
(vm17:r0) Starting new connection thread
(vm17:r0) Maximum number of connections reached (5), waiting for a thread to finish
(vm17:r0:0) Connection established
(vm17:m0) Got connection from reducer vm4:r0
(vm17:m0:3) thread started, have to send 897560512 bytes
(vm17:m0) Got connection from reducer vm2:r0
(vm17:m0) Waiting for a thread to finish
(vm17:m0) thread 0 joined, 34 connections remaining
(vm17:m0) Waiting for a thread to finish
(vm17:m0:1) thread started, have to send 897560512 bytes
(vm17:m0:3) all data sent, thread exiting
(vm17:m0:1) all data sent, thread exiting
(vm17:m0) thread 1 joined, 33 connections remaining
(vm17:m0) Waiting for a thread to finish
(vm17:m0) thread 2 joined, 32 connections remaining
(vm17:m0) Waiting for a thread to finish
(vm17:m0) thread 3 joined, 31 connections remaining
(vm17:m0) Waiting for a thread to finish
(vm17:m0) thread 4 joined, 30 connections remaining
(vm17:m0) Waiting for a thread to finish
(vm17:m0) thread 5 joined, 29 connections remaining
(vm17:m0) Waiting for a thread to finish
(vm17:m0) thread 6 joined, 28 connections remaining
(vm17:m0) Waiting for a thread to finish
(vm17:m0) thread 7 joined, 27 connections remaining
(vm17:m0) Waiting for a thread to finish
(vm17:m0) thread 8 joined, 26 connections remaining
(vm17:m0) Waiting for a thread to finish
(vm17:m0) thread 9 joined, 25 connections remaining
(vm17:m0) Waiting for a thread to finish
(vm17:m0) thread 10 joined, 24 connections remaining
(vm17:m0) Waiting for a thread to finish
(vm17:m0) thread 11 joined, 23 connections remaining
(vm17:m0) Waiting for a thread to finish
(vm17:m0) thread 12 joined, 22 connections remaining
(vm17:m0) Waiting for a thread to finish
(vm17:m0) thread 13 joined, 21 connections remaining
(vm17:m0) Waiting for a thread to finish
(vm17:m0) thread 14 joined, 20 connections remaining
(vm17:m0) Waiting for a thread to finish
(vm17:m0) thread 15 joined, 19 connections remaining
(vm17:m0) Waiting for a thread to finish
(vm17:m0) thread 16 joined, 18 connections remaining
(vm17:m0) Waiting for a thread to finish
(vm17:m0) thread 17 joined, 17 connections remaining
(vm17:m0) Waiting for a thread to finish
(vm17:m0) thread 18 joined, 16 connections remaining
(vm17:m0) Waiting for a thread to finish
(vm17:m0) thread 19 joined, 15 connections remaining
(vm17:m0) Waiting for a thread to finish
(vm17:m0) thread 20 joined, 14 connections remaining
(vm17:m0) Waiting for a thread to finish
(vm17:m0) thread 21 joined, 13 connections remaining
(vm17:m0) Waiting for a thread to finish
(vm17:m0) thread 22 joined, 12 connections remaining
(vm17:m0) Waiting for a thread to finish
(vm17:m0) thread 23 joined, 11 connections remaining
(vm17:m0) Waiting for a thread to finish
(vm17:m0) thread 24 joined, 10 connections remaining
(vm17:m0) Waiting for a thread to finish
(vm17:m0) thread 25 joined, 9 connections remaining
(vm17:m0) Waiting for a thread to finish
(vm17:m0) thread 26 joined, 8 connections remaining
(vm17:m0) Waiting for a thread to finish
(vm17:m0) thread 27 joined, 7 connections remaining
(vm17:m0) Waiting for a thread to finish
(vm17:m0) thread 28 joined, 6 connections remaining
(vm17:m0) Waiting for a thread to finish
(vm17:m0) thread 29 joined, 5 connections remaining
(vm17:m0) Waiting for a thread to finish
(vm17:m0) thread 30 joined, 4 connections remaining
(vm17:m0) Waiting for a thread to finish
(vm17:m0) thread 31 joined, 3 connections remaining
(vm17:m0) Waiting for a thread to finish
(vm17:m0) thread 32 joined, 2 connections remaining
(vm17:m0) Waiting for a thread to finish
(vm17:m0) thread 33 joined, 1 connections remaining
(vm17:m0) Waiting for a thread to finish
(vm17:m0) thread 34 joined, 0 connections remaining
(vm17:m0) all done, exiting
*RES* start node vm17:m0
*RES* vm17:m0:0,1405704546941,6075,1989,897560513
*RES* vm17:m0:1,1405704730821,5605,1111,897560513
*RES* vm17:m0:2,1405704657429,8467,2307,897560513
*RES* vm17:m0:3,1405704730467,5882,1205,897560513
*RES* vm17:m0:4,1405704640103,8192,1465,897560513
*RES* vm17:m0:5,1405704598373,9485,1448,897560513
*RES* vm17:m0:6,1405704606219,7979,1746,897560513
*RES* vm17:m0:7,1405704676318,8233,1942,897560513
*RES* vm17:m0:8,1405704559097,9382,1020,897560513
*RES* vm17:m0:9,1405704547297,8276,822,897560513
*RES* vm17:m0:10,1405704599725,8994,1259,897560513
*RES* vm17:m0:11,1405704702905,8428,2190,897560513
*RES* vm17:m0:12,1405704701785,8510,2128,897560513
*RES* vm17:m0:13,1405704712657,7315,1861,897560513
*RES* vm17:m0:14,1405704635694,9528,1516,897560513
*RES* vm17:m0:15,1405704688717,6559,1582,897560513
*RES* vm17:m0:16,1405704654653,2423,330,897560513
*RES* vm17:m0:17,1405704626257,8639,1299,897560513
*RES* vm17:m0:18,1405704588352,4791,1371,897560513
*RES* vm17:m0:19,1405704715849,7707,1296,897560513
*RES* vm17:m0:20,1405704677033,9659,1315,897560513
*RES* vm17:m0:21,1405704691569,8892,1127,897560513
*RES* vm17:m0:22,1405704618797,12906,1816,897560513
*RES* vm17:m0:23,1405704634319,11982,1971,897560513
*RES* vm17:m0:24,1405704566519,5358,1585,897560513
*RES* vm17:m0:25,1405704699089,8036,1206,897560513
*RES* vm17:m0:26,1405704654703,7046,1580,897560513
*RES* vm17:m0:27,1405704672400,6708,1644,897560513
*RES* vm17:m0:28,1405704620940,9741,1536,897560513
*RES* vm17:m0:29,1405704714037,8526,1707,897560513
*RES* vm17:m0:30,1405704683045,7447,1403,897560513
*RES* vm17:m0:31,1405704615773,8325,1904,897560513
*RES* vm17:m0:32,1405704662876,6246,1425,897560513
*RES* vm17:m0:33,1405704600684,8518,1127,897560513
*RES* vm17:m0:34,1405704719472,8194,1380,897560513
*RES* end node vm17:m0
Node vm17:m0 joined
(vm17:r0:0) Connection finished, received 897560513 bytes
(vm17:r0) thread 0 joined, 12 connections remaining
(vm17:r0) Starting new connection thread
(vm17:r0) Maximum number of connections reached (5), waiting for a thread to finish
(vm17:r0:0) Connection established
(vm17:r0:0) Connection finished, received 897560513 bytes
(vm17:r0) thread 0 joined, 11 connections remaining
(vm17:r0) Starting new connection thread
(vm17:r0) Maximum number of connections reached (5), waiting for a thread to finish
(vm17:r0:0) Connection established
(vm17:r0:0) Connection finished, received 897560513 bytes
(vm17:r0) thread 0 joined, 10 connections remaining
(vm17:r0) Starting new connection thread
(vm17:r0) Maximum number of connections reached (5), waiting for a thread to finish
(vm17:r0:0) Connection established
(vm17:r0:0) Connection finished, received 897560513 bytes
(vm17:r0) thread 0 joined, 9 connections remaining
(vm17:r0) Starting new connection thread
(vm17:r0) Maximum number of connections reached (5), waiting for a thread to finish
(vm17:r0:0) Connection established
(vm17:r0:0) Connection finished, received 897560513 bytes
(vm17:r0) thread 0 joined, 8 connections remaining
(vm17:r0) Starting new connection thread
(vm17:r0) Maximum number of connections reached (5), waiting for a thread to finish
(vm17:r0:0) Connection established
(vm17:r0:0) Connection finished, received 897560513 bytes
(vm17:r0) thread 0 joined, 7 connections remaining
(vm17:r0) Starting new connection thread
(vm17:r0) Maximum number of connections reached (5), waiting for a thread to finish
(vm17:r0:0) Connection established
(vm17:r0:0) Connection finished, received 897560513 bytes
(vm17:r0) thread 0 joined, 6 connections remaining
(vm17:r0) Starting new connection thread
(vm17:r0) Maximum number of connections reached (5), waiting for a thread to finish
(vm17:r0:0) Connection established
(vm17:r0:0) Connection finished, received 897560513 bytes
(vm17:r0) thread 0 joined, 5 connections remaining
(vm17:r0) Starting new connection thread
(vm17:r0) Maximum number of connections reached (5), waiting for a thread to finish
(vm17:r0:0) Connection established
(vm17:r0:0) Connection finished, received 897560513 bytes
(vm17:r0) thread 0 joined, 4 connections remaining
(vm17:r0) Maximum number of connections reached (4), waiting for a thread to finish
(vm17:r0) thread 1 joined, 3 connections remaining
(vm17:r0) Maximum number of connections reached (3), waiting for a thread to finish
(vm17:r0) thread 2 joined, 2 connections remaining
(vm17:r0) Maximum number of connections reached (2), waiting for a thread to finish
(vm17:r0) thread 3 joined, 1 connections remaining
(vm17:r0) Maximum number of connections reached (1), waiting for a thread to finish
(vm17:r0) thread 4 joined, 0 connections remaining
(vm17:r0) all done, exiting
*RES* start node vm17:r0
*RES* vm17:r0:0,1405704439531,30742,878,897560513
*RES* vm17:r0:0,1405704470277,49824,801,897560513
*RES* vm17:r0:0,1405704520105,41102,935,897560513
*RES* vm17:r0:0,1405704561213,21615,735,897560513
*RES* vm17:r0:0,1405704582833,13642,1235,897560513
*RES* vm17:r0:0,1405704596481,8437,1273,897560513
*RES* vm17:r0:0,1405704604923,9188,1579,897560513
*RES* vm17:r0:0,1405704614124,6069,1923,897560513
*RES* vm17:r0:0,1405704620209,9626,1472,897560513
*RES* vm17:r0:0,1405704629853,6230,1689,897560513
*RES* vm17:r0:0,1405704636106,9775,1433,897560513
*RES* vm17:r0:0,1405704645897,8746,1668,897560513
*RES* vm17:r0:0,1405704654649,2427,794,897560513
*RES* vm17:r0:0,1405704657100,7789,1586,897560513
*RES* vm17:r0:0,1405704664905,7482,1536,897560513
*RES* vm17:r0:0,1405704672393,6215,1507,897560513
*RES* vm17:r0:0,1405704678619,9518,1732,897560513
*RES* vm17:r0:0,1405704688147,8991,1440,897560513
*RES* vm17:r0:0,1405704697145,9180,1256,897560513
*RES* vm17:r0:0,1405704706345,10690,1683,897560513
*RES* vm17:r0:0,1405704717050,7717,1156,897560513
*RES* vm17:r0:0,1405704724772,5646,950,897560513
*RES* vm17:r0:0,1405704730425,7230,1112,897560513
*RES* vm17:r0:0,1405704737661,5687,1011,897560513
*RES* vm17:r0:0,1405704743353,4913,973,897560513
*RES* vm17:r0:0,1405704748273,3922,855,897560513
*RES* vm17:r0:0,1405704752201,4079,853,897560513
*RES* vm17:r0:0,1405704756285,3240,966,897560513
*RES* vm17:r0:0,1405704759529,4053,1003,897560513
*RES* vm17:r0:0,1405704763589,2700,933,897560513
*RES* vm17:r0:0,1405704766293,3120,790,897560513
*RES* vm17:r0:1,1405704439531,27713,891,897560513
*RES* vm17:r0:2,1405704439531,27238,889,897560513
*RES* vm17:r0:3,1405704439531,28899,889,897560513
*RES* vm17:r0:4,1405704439530,29341,879,897560513
*RES* end node vm17:r0
Node vm17:r0 joined
Worker terminating correctly
