OSMeF worker starting
Enabling core dumping
Listening for command connection
CONF: mapper on port 23330
CONF: -> will serve 44 reducers
(main) new thread ID: vm26:m0
(vm26:m0) Mapper thread started
(vm26:m0) Binding to port 23330
(vm26:m0) Got START signal
(vm26:m0) new thread ID: vm26:m0:th0
(vm26:m0:th0) waiting for something to do...
CONF: reducer
(main) new thread ID: vm26:r0
(vm26:r0) Reducer thread started
(vm26:r0) waiting for START message
(main) Waiting for thread vm26:m0 to join...
(vm26:r0) got START message
(vm26:r0) new thread ID: th0
(vm26:r0) new thread ID: th1
(vm26:r0) new thread ID: th2
(vm26:r0) new thread ID: th3
(vm26:r0) new thread ID: th4
(vm26:r0:th4:0) Connection established with mapper vm5:m0
(vm26:r0:th1:0) Connection established with mapper vm2:m0
(vm26:r0:th0:0) Connection established with mapper vm1:m0
(vm26:r0:th3:0) Connection established with mapper vm4:m0
(vm26:r0:th2:0) Connection established with mapper vm3:m0
(vm26:r0:th0:0) Connection to vm1:m0 finished, received 5546188 bytes
(vm26:r0:th0:1) Connection established with mapper vm6:m0
(vm26:r0:th0:1) Connection to vm6:m0 finished, received 5546189 bytes
(vm26:r0:th0:2) Connection established with mapper vm11:m0
(vm26:r0:th0:2) Connection to vm11:m0 finished, received 5546190 bytes
(vm26:r0:th0:3) Connection established with mapper vm16:m0
(vm26:r0:th3:0) Connection to vm4:m0 finished, received 5546188 bytes
(vm26:r0:th3:1) Connection established with mapper vm9:m0
(vm26:r0:th3:1) Connection to vm9:m0 finished, received 5546189 bytes
(vm26:r0:th3:2) Connection established with mapper vm14:m0
(vm26:r0:th3:2) Connection to vm14:m0 finished, received 5546190 bytes
(vm26:r0:th3:3) Connection established with mapper vm19:m0
(vm26:r0:th3:3) Connection to vm19:m0 finished, received 5546191 bytes
(vm26:r0:th3:4) Connection established with mapper vm24:m0
(vm26:r0:th4:0) Connection to vm5:m0 finished, received 5546188 bytes
(vm26:r0:th4:1) Connection established with mapper vm10:m0
(vm26:r0:th4:1) Connection to vm10:m0 finished, received 5546189 bytes
(vm26:r0:th4:2) Connection established with mapper vm15:m0
(vm26:r0:th4:2) Connection to vm15:m0 finished, received 5546190 bytes
(vm26:r0:th4:3) Connection established with mapper vm20:m0
(vm26:r0:th4:3) Connection to vm20:m0 finished, received 5546191 bytes
(vm26:m0) Got connection from reducer vm34:r0
(vm26:m0) new thread ID: vm26:m0:th1
(vm26:m0:th0) connection started, have to send 5546187 bytes to vm34:r0
(vm26:m0:th1) waiting for something to do...
(vm26:r0:th4:4) Connection established with mapper vm25:m0
(vm26:r0:th4:4) Connection to vm25:m0 finished, received 5546192 bytes
(vm26:r0:th4:5) Connection established with mapper vm30:m0
(vm26:r0:th2:0) Connection to vm3:m0 finished, received 5546188 bytes
(vm26:r0:th2:1) Connection established with mapper vm8:m0
(vm26:r0:th1:0) Connection to vm2:m0 finished, received 5546188 bytes
(vm26:r0:th2:1) Connection to vm8:m0 finished, received 5546189 bytes
(vm26:r0:th1:1) Connection established with mapper vm7:m0
(vm26:m0) Got connection from reducer vm37:r0
(vm26:m0) new thread ID: vm26:m0:th2
(vm26:r0:th2:2) Connection established with mapper vm13:m0
(vm26:r0:th1:1) Connection to vm7:m0 finished, received 5546189 bytes
(vm26:m0:th1) connection started, have to send 5546187 bytes to vm37:r0
(vm26:m0:th2) waiting for something to do...
(vm26:r0:th2:2) Connection to vm13:m0 finished, received 5546190 bytes
(vm26:r0:th1:2) Connection established with mapper vm12:m0
(vm26:r0:th2:3) Connection established with mapper vm18:m0
(vm26:r0:th1:2) Connection to vm12:m0 finished, received 5546190 bytes
(vm26:r0:th2:3) Connection to vm18:m0 finished, received 5546191 bytes
(vm26:r0:th1:3) Connection established with mapper vm17:m0
(vm26:r0:th2:4) Connection established with mapper vm23:m0
(vm26:r0:th1:3) Connection to vm17:m0 finished, received 5546191 bytes
(vm26:r0:th2:4) Connection to vm23:m0 finished, received 5546192 bytes
(vm26:r0:th1:4) Connection established with mapper vm22:m0
(vm26:r0:th2:5) Connection established with mapper vm28:m0
(vm26:r0:th1:4) Connection to vm22:m0 finished, received 5546192 bytes
(vm26:r0:th1:5) Connection established with mapper vm27:m0
(vm26:r0:th1:5) Connection to vm27:m0 finished, received 5546193 bytes
(vm26:r0:th1:6) Connection established with mapper vm32:m0
(vm26:r0:th1:6) Connection to vm32:m0 finished, received 5546194 bytes
(vm26:r0:th1:7) Connection established with mapper vm37:m0
(vm26:m0) Got connection from reducer vm3:r0
(vm26:m0) new thread ID: vm26:m0:th3
(vm26:m0:th2) connection started, have to send 5546187 bytes to vm3:r0
(vm26:m0:th3) waiting for something to do...
(vm26:m0) Got connection from reducer vm19:r0
(vm26:m0) new thread ID: vm26:m0:th4
(vm26:m0) Got connection from reducer vm14:r0
(vm26:m0) new thread ID: vm26:m0:th5
(vm26:m0) Got connection from reducer vm5:r0
(vm26:m0) new thread ID: vm26:m0:th6
(vm26:m0:th3) connection started, have to send 5546187 bytes to vm19:r0
(vm26:m0:th4) waiting for something to do...
(vm26:m0:th4) connection started, have to send 5546187 bytes to vm14:r0
(vm26:m0:th5) waiting for something to do...
(vm26:m0:th5) connection started, have to send 5546187 bytes to vm5:r0
(vm26:m0:th6) waiting for something to do...
(vm26:m0) Got connection from reducer vm17:r0
(vm26:m0) new thread ID: vm26:m0:th7
(vm26:m0:th6) connection started, have to send 5546187 bytes to vm17:r0
(vm26:m0:th7) waiting for something to do...
(vm26:m0:th0) all data sent, closing connection to vm34:r0
(vm26:m0:th0) waiting for something to do...
(vm26:m0) Got connection from reducer vm35:r0
(vm26:m0:th7) connection started, have to send 5546187 bytes to vm35:r0
(vm26:m0) Got connection from reducer vm9:r0
(vm26:m0) new thread ID: vm26:m0:th8
(vm26:m0:th0) connection started, have to send 5546187 bytes to vm9:r0
(vm26:m0:th0) all data sent, closing connection to vm9:r0
(vm26:m0:th0) waiting for something to do...
(vm26:m0:th8) waiting for something to do...
(vm26:m0) Got connection from reducer vm1:r0
(vm26:m0:th8) connection started, have to send 5546187 bytes to vm1:r0
(vm26:m0) Got connection from reducer vm6:r0
(vm26:m0) new thread ID: vm26:m0:th9
(vm26:m0:th0) connection started, have to send 5546187 bytes to vm6:r0
(vm26:m0:th0) all data sent, closing connection to vm6:r0
(vm26:m0:th0) waiting for something to do...
(vm26:m0:th9) waiting for something to do...
(vm26:m0) Got connection from reducer vm38:r0
(vm26:m0:th9) connection started, have to send 5546187 bytes to vm38:r0
(vm26:m0) Got connection from reducer vm30:r0
(vm26:m0) new thread ID: vm26:m0:th10
(vm26:m0) Got connection from reducer vm25:r0
(vm26:m0) new thread ID: vm26:m0:th11
(vm26:m0) Got connection from reducer vm36:r0
(vm26:m0) new thread ID: vm26:m0:th12
(vm26:m0) Got connection from reducer vm43:r0
(vm26:m0) new thread ID: vm26:m0:th13
(vm26:m0) Got connection from reducer vm40:r0
(vm26:m0) new thread ID: vm26:m0:th14
(vm26:m0:th0) connection started, have to send 5546187 bytes to vm30:r0
(vm26:m0:th0) all data sent, closing connection to vm30:r0
(vm26:m0:th0) waiting for something to do...
(vm26:m0) Got connection from reducer vm42:r0
(vm26:m0) Got connection from reducer vm11:r0
(vm26:m0) new thread ID: vm26:m0:th15
(vm26:m0:th0) connection started, have to send 5546187 bytes to vm11:r0
(vm26:m0:th0) all data sent, closing connection to vm11:r0
(vm26:m0:th0) waiting for something to do...
(vm26:m0:th14) waiting for something to do...
(vm26:m0:th14) connection started, have to send 5546187 bytes to vm42:r0
(vm26:m0:th15) waiting for something to do...
(vm26:m0:th12) waiting for something to do...
(vm26:m0:th12) connection started, have to send 5546187 bytes to vm43:r0
(vm26:m0:th13) waiting for something to do...
(vm26:m0:th13) connection started, have to send 5546187 bytes to vm40:r0
(vm26:m0:th11) waiting for something to do...
(vm26:m0:th11) connection started, have to send 5546187 bytes to vm36:r0
(vm26:m0:th10) waiting for something to do...
(vm26:m0:th10) connection started, have to send 5546187 bytes to vm25:r0
(vm26:m0) Got connection from reducer vm10:r0
(vm26:m0:th15) connection started, have to send 5546187 bytes to vm10:r0
(vm26:m0) Got connection from reducer vm2:r0
(vm26:m0) new thread ID: vm26:m0:th16
(vm26:m0:th0) connection started, have to send 5546187 bytes to vm2:r0
(vm26:m0:th0) all data sent, closing connection to vm2:r0
(vm26:m0:th0) waiting for something to do...
(vm26:m0:th16) waiting for something to do...
(vm26:m0) Got connection from reducer vm8:r0
(vm26:m0:th16) connection started, have to send 5546187 bytes to vm8:r0
(vm26:m0) Got connection from reducer vm27:r0
(vm26:m0) new thread ID: vm26:m0:th17
(vm26:m0:th0) connection started, have to send 5546187 bytes to vm27:r0
(vm26:m0:th0) all data sent, closing connection to vm27:r0
(vm26:m0:th0) waiting for something to do...
(vm26:m0:th17) waiting for something to do...
(vm26:m0) Got connection from reducer vm12:r0
(vm26:m0) Got connection from reducer vm13:r0
(vm26:m0) new thread ID: vm26:m0:th18
(vm26:m0) Got connection from reducer vm41:r0
(vm26:m0) new thread ID: vm26:m0:th19
(vm26:m0:th0) connection started, have to send 5546187 bytes to vm13:r0
(vm26:m0:th0) all data sent, closing connection to vm13:r0
(vm26:m0:th0) waiting for something to do...
(vm26:m0:th17) connection started, have to send 5546187 bytes to vm12:r0
(vm26:m0:th18) waiting for something to do...
(vm26:m0:th18) connection started, have to send 5546187 bytes to vm41:r0
(vm26:m0:th19) waiting for something to do...
(vm26:m0) Got connection from reducer vm21:r0
(vm26:m0:th19) connection started, have to send 5546187 bytes to vm21:r0
(vm26:m0) Got connection from reducer vm44:r0
(vm26:m0) new thread ID: vm26:m0:th20
(vm26:m0:th0) connection started, have to send 5546187 bytes to vm44:r0
(vm26:m0:th0) all data sent, closing connection to vm44:r0
(vm26:m0:th0) waiting for something to do...
(vm26:r0:th0:3) Connection to vm16:m0 finished, received 11092378 bytes
(vm26:r0:th0:4) Connection established with mapper vm21:m0
(vm26:m0) Got connection from reducer vm7:r0
(vm26:m0) Got connection from reducer vm31:r0
(vm26:m0) new thread ID: vm26:m0:th21
(vm26:m0) Got connection from reducer vm15:r0
(vm26:m0) new thread ID: vm26:m0:th22
(vm26:m0:th0) connection started, have to send 5546187 bytes to vm31:r0
(vm26:m0:th0) all data sent, closing connection to vm31:r0
(vm26:m0:th0) waiting for something to do...
(vm26:m0) Got connection from reducer vm22:r0
(vm26:r0:th0:4) Connection to vm21:m0 finished, received 11092379 bytes
(vm26:r0:th0:5) Connection established with mapper vm26:m0
(vm26:m0) Got connection from reducer vm26:r0
(vm26:m0) new thread ID: vm26:m0:th23
(vm26:m0:th0) connection started, have to send 5546187 bytes to vm26:r0
(vm26:m0:th0) all data sent, closing connection to vm26:r0
(vm26:m0:th0) waiting for something to do...
(vm26:r0:th0:5) Connection to vm26:m0 finished, received 11092380 bytes
(vm26:m0:th20) waiting for something to do...
(vm26:m0:th20) connection started, have to send 5546187 bytes to vm7:r0
(vm26:m0:th21) waiting for something to do...
(vm26:m0:th21) connection started, have to send 5546187 bytes to vm15:r0
(vm26:m0:th23) waiting for something to do...
(vm26:m0:th22) waiting for something to do...
(vm26:m0:th22) connection started, have to send 5546187 bytes to vm22:r0
(vm26:m0) Got connection from reducer vm33:r0
(vm26:m0:th23) connection started, have to send 5546187 bytes to vm33:r0
(vm26:r0:th0:6) Connection established with mapper vm31:m0
(vm26:m0:th1) all data sent, closing connection to vm37:r0
(vm26:m0:th1) waiting for something to do...
(vm26:m0) Got connection from reducer vm18:r0
(vm26:m0:th0) connection started, have to send 5546187 bytes to vm18:r0
(vm26:m0:th0) all data sent, closing connection to vm18:r0
(vm26:m0:th0) waiting for something to do...
(vm26:m0:th4) all data sent, closing connection to vm14:r0
(vm26:m0:th4) waiting for something to do...
(vm26:m0:th5) all data sent, closing connection to vm5:r0
(vm26:m0:th5) waiting for something to do...
(vm26:m0:th2) all data sent, closing connection to vm3:r0
(vm26:m0:th2) waiting for something to do...
(vm26:m0) Got connection from reducer vm23:r0
(vm26:m0:th1) connection started, have to send 5546187 bytes to vm23:r0
(vm26:m0:th1) all data sent, closing connection to vm23:r0
(vm26:m0:th1) waiting for something to do...
(vm26:m0:th6) all data sent, closing connection to vm17:r0
(vm26:m0) Got connection from reducer vm16:r0
(vm26:m0:th0) connection started, have to send 5546187 bytes to vm16:r0
(vm26:m0:th0) all data sent, closing connection to vm16:r0
(vm26:m0:th0) waiting for something to do...
(vm26:m0:th6) waiting for something to do...
(vm26:m0) Got connection from reducer vm39:r0
(vm26:m0:th1) connection started, have to send 5546187 bytes to vm39:r0
(vm26:m0:th1) all data sent, closing connection to vm39:r0
(vm26:m0:th1) waiting for something to do...
(vm26:m0) Got connection from reducer vm20:r0
(vm26:m0:th0) connection started, have to send 5546187 bytes to vm20:r0
(vm26:m0:th0) all data sent, closing connection to vm20:r0
(vm26:m0:th0) waiting for something to do...
(vm26:r0:th3:4) Connection to vm24:m0 finished, received 11092379 bytes
(vm26:r0:th3:5) Connection established with mapper vm29:m0
(vm26:r0:th3:5) Connection to vm29:m0 finished, received 11092380 bytes
(vm26:m0:th3) all data sent, closing connection to vm19:r0
(vm26:m0:th3) waiting for something to do...
(vm26:r0:th3:6) Connection established with mapper vm34:m0
(vm26:m0) Got connection from reducer vm4:r0
(vm26:m0:th1) connection started, have to send 5546187 bytes to vm4:r0
(vm26:m0:th1) all data sent, closing connection to vm4:r0
(vm26:m0:th1) waiting for something to do...
(vm26:r0:th3:6) Connection to vm34:m0 finished, received 11092381 bytes
(vm26:m0:th8) all data sent, closing connection to vm1:r0
(vm26:m0:th8) waiting for something to do...
(vm26:r0:th3:7) Connection established with mapper vm39:m0
(vm26:m0) Got connection from reducer vm32:r0
(vm26:m0:th0) connection started, have to send 5546187 bytes to vm32:r0
(vm26:m0:th0) all data sent, closing connection to vm32:r0
(vm26:m0:th0) waiting for something to do...
(vm26:m0) Got connection from reducer vm29:r0
(vm26:m0:th1) connection started, have to send 5546187 bytes to vm29:r0
(vm26:m0:th1) all data sent, closing connection to vm29:r0
(vm26:m0:th1) waiting for something to do...
(vm26:r0:th1:7) Connection to vm37:m0 finished, received 11092382 bytes
(vm26:r0:th1:8) Connection established with mapper vm42:m0
(vm26:m0) Got connection from reducer vm24:r0
(vm26:m0:th0) connection started, have to send 5546187 bytes to vm24:r0
(vm26:m0:th0) all data sent, closing connection to vm24:r0
(vm26:m0:th0) waiting for something to do...
(vm26:r0:th4:5) Connection to vm30:m0 finished, received 11092380 bytes
(vm26:r0:th4:6) Connection established with mapper vm35:m0
(vm26:m0) Got connection from reducer vm28:r0
(vm26:m0) All reducers connected, waiting for threads to terminate
(vm26:m0) waiting on semaphore
(vm26:m0) -> 17 threads still running
(vm26:m0) waiting on semaphore
(vm26:m0) -> 17 threads still running
(vm26:m0) waiting on semaphore
(vm26:m0) -> 17 threads still running
(vm26:m0) waiting on semaphore
(vm26:m0) -> 17 threads still running
(vm26:m0) waiting on semaphore
(vm26:m0) -> 17 threads still running
(vm26:m0) waiting on semaphore
(vm26:m0) -> 17 threads still running
(vm26:m0) waiting on semaphore
(vm26:m0) -> 17 threads still running
(vm26:m0) waiting on semaphore
(vm26:m0) -> 17 threads still running
(vm26:m0) waiting on semaphore
(vm26:m0) -> 17 threads still running
(vm26:m0) waiting on semaphore
(vm26:m0) -> 17 threads still running
(vm26:m0) waiting on semaphore
(vm26:m0) -> 17 threads still running
(vm26:m0) waiting on semaphore
(vm26:m0) -> 17 threads still running
(vm26:m0) waiting on semaphore
(vm26:m0) -> 17 threads still running
(vm26:m0) waiting on semaphore
(vm26:m0) -> 17 threads still running
(vm26:m0) waiting on semaphore
(vm26:m0) -> 17 threads still running
(vm26:m0) waiting on semaphore
(vm26:m0) -> 17 threads still running
(vm26:m0) waiting on semaphore
(vm26:m0) -> 17 threads still running
(vm26:m0) waiting on semaphore
(vm26:m0) -> 17 threads still running
(vm26:m0) waiting on semaphore
(vm26:m0) -> 17 threads still running
(vm26:m0) waiting on semaphore
(vm26:m0) -> 17 threads still running
(vm26:m0) waiting on semaphore
(vm26:m0) -> 17 threads still running
(vm26:m0) waiting on semaphore
(vm26:m0) -> 17 threads still running
(vm26:m0) waiting on semaphore
(vm26:m0) -> 17 threads still running
(vm26:m0) waiting on semaphore
(vm26:m0:th0) connection started, have to send 5546187 bytes to vm28:r0
(vm26:m0:th0) all data sent, closing connection to vm28:r0
(vm26:m0:th0) waiting for something to do...
(vm26:m0) -> 16 threads still running
(vm26:m0) waiting on semaphore
(vm26:r0:th2:5) Connection to vm28:m0 finished, received 11092380 bytes
(vm26:r0:th4:6) Connection to vm35:m0 finished, received 11092381 bytes
(vm26:r0:th2:6) Connection established with mapper vm33:m0
(vm26:m0:th12) all data sent, closing connection to vm43:r0
(vm26:m0) -> 15 threads still running
(vm26:m0) waiting on semaphore
(vm26:m0:th12) waiting for something to do...
(vm26:r0:th2:6) Connection to vm33:m0 finished, received 11092381 bytes
(vm26:r0:th2:7) Connection established with mapper vm38:m0
(vm26:r0:th4:7) Connection established with mapper vm40:m0
(vm26:r0:th2:7) Connection to vm38:m0 finished, received 11092382 bytes
(vm26:m0:th7) all data sent, closing connection to vm35:r0
(vm26:m0) -> 14 threads still running
(vm26:m0) waiting on semaphore
(vm26:m0:th7) waiting for something to do...
(vm26:m0:th10) all data sent, closing connection to vm25:r0
(vm26:m0) -> 13 threads still running
(vm26:m0) waiting on semaphore
(vm26:m0:th10) waiting for something to do...
(vm26:m0:th15) all data sent, closing connection to vm10:r0
(vm26:m0) -> 12 threads still running
(vm26:m0) waiting on semaphore
(vm26:m0:th15) waiting for something to do...
(vm26:r0:th2:8) Connection established with mapper vm43:m0
(vm26:m0:th9) all data sent, closing connection to vm38:r0
(vm26:m0) -> 11 threads still running
(vm26:m0) waiting on semaphore
(vm26:m0:th9) waiting for something to do...
(vm26:m0:th11) all data sent, closing connection to vm36:r0
(vm26:m0) -> 10 threads still running
(vm26:m0) waiting on semaphore
(vm26:m0:th11) waiting for something to do...
(vm26:m0:th16) all data sent, closing connection to vm8:r0
(vm26:m0) -> 9 threads still running
(vm26:m0) waiting on semaphore
(vm26:m0:th16) waiting for something to do...
(vm26:m0:th17) all data sent, closing connection to vm12:r0
(vm26:m0) -> 8 threads still running
(vm26:m0) waiting on semaphore
(vm26:m0:th19) all data sent, closing connection to vm21:r0
(vm26:m0) -> 7 threads still running
(vm26:m0) waiting on semaphore
(vm26:m0:th17) waiting for something to do...
(vm26:m0:th19) waiting for something to do...
(vm26:m0:th21) all data sent, closing connection to vm15:r0
(vm26:m0) -> 6 threads still running
(vm26:m0) waiting on semaphore
(vm26:m0:th21) waiting for something to do...
(vm26:m0:th18) all data sent, closing connection to vm41:r0
(vm26:m0) -> 5 threads still running
(vm26:m0) waiting on semaphore
(vm26:m0:th18) waiting for something to do...
(vm26:m0:th22) all data sent, closing connection to vm22:r0
(vm26:m0) -> 4 threads still running
(vm26:m0) waiting on semaphore
(vm26:m0:th22) waiting for something to do...
(vm26:m0:th23) all data sent, closing connection to vm33:r0
(vm26:m0) -> 3 threads still running
(vm26:m0) waiting on semaphore
(vm26:m0:th23) waiting for something to do...
(vm26:m0:th20) all data sent, closing connection to vm7:r0
(vm26:m0) -> 2 threads still running
(vm26:m0) waiting on semaphore
(vm26:m0:th20) waiting for something to do...
(vm26:r0:th0:6) Connection to vm31:m0 finished, received 16638568 bytes
(vm26:r0:th0:7) Connection established with mapper vm36:m0
(vm26:r0:th0:7) Connection to vm36:m0 finished, received 16638569 bytes
(vm26:r0:th0:8) Connection established with mapper vm41:m0
(vm26:m0:th13) all data sent, closing connection to vm40:r0
(vm26:m0:th13) waiting for something to do...
(vm26:m0) -> 1 threads still running
(vm26:m0) waiting on semaphore
(vm26:r0:th3:7) Connection to vm39:m0 finished, received 16638569 bytes
(vm26:m0:th14) all data sent, closing connection to vm42:r0
(vm26:m0:th14) waiting for something to do...
(vm26:m0) Sending exit signal to all threads
(vm26:m0:th0) got exit signal
(vm26:m0:th1) got exit signal
(vm26:m0:th2) got exit signal
(vm26:m0:th3) got exit signal
(vm26:m0:th4) got exit signal
(vm26:m0:th5) got exit signal
(vm26:m0:th6) got exit signal
(vm26:m0:th7) got exit signal
(vm26:m0:th8) got exit signal
(vm26:m0:th9) got exit signal
(vm26:m0:th10) got exit signal
(vm26:m0:th11) got exit signal
(vm26:m0:th12) got exit signal
(vm26:m0:th13) got exit signal
(vm26:m0:th15) got exit signal
(vm26:m0:th16) got exit signal
(vm26:m0:th17) got exit signal
(vm26:m0:th18) got exit signal
(vm26:m0:th19) got exit signal
(vm26:m0:th21) got exit signal
(vm26:m0:th22) got exit signal
(vm26:m0:th23) got exit signal
(vm26:m0) thread vm26:m0:th0 joined
(vm26:m0) thread vm26:m0:th1 joined
(vm26:m0) thread vm26:m0:th2 joined
(vm26:m0) thread vm26:m0:th3 joined
(vm26:m0) thread vm26:m0:th4 joined
(vm26:m0) thread vm26:m0:th5 joined
(vm26:m0) thread vm26:m0:th6 joined
(vm26:m0) thread vm26:m0:th7 joined
(vm26:m0) thread vm26:m0:th8 joined
(vm26:m0) thread vm26:m0:th9 joined
(vm26:m0) thread vm26:m0:th10 joined
(vm26:m0) thread vm26:m0:th11 joined
(vm26:m0) thread vm26:m0:th12 joined
(vm26:m0) thread vm26:m0:th13 joined
(vm26:m0:th14) got exit signal
(vm26:m0) thread vm26:m0:th14 joined
(vm26:m0) thread vm26:m0:th15 joined
(vm26:m0) thread vm26:m0:th16 joined
(vm26:m0) thread vm26:m0:th17 joined
(vm26:m0) thread vm26:m0:th18 joined
(vm26:m0) thread vm26:m0:th19 joined
(vm26:m0:th20) got exit signal
(vm26:m0) thread vm26:m0:th20 joined
(vm26:m0) thread vm26:m0:th21 joined
(vm26:m0) thread vm26:m0:th22 joined
(vm26:m0) thread vm26:m0:th23 joined
(vm26:m0) all done, exiting
*RES* start node vm26:m0
*RES* vm26:m0:th0,1406559686347,122,5,5546188
*RES* vm26:m0:th0,1406559686480,0,5,5546188
*RES* vm26:m0:th0,1406559686484,0,5,5546188
*RES* vm26:m0:th0,1406559686535,0,5,5546188
*RES* vm26:m0:th0,1406559686539,0,6,5546188
*RES* vm26:m0:th0,1406559686547,0,6,5546188
*RES* vm26:m0:th0,1406559686562,0,6,5546188
*RES* vm26:m0:th0,1406559686571,0,6,5546188
*RES* vm26:m0:th0,1406559686578,0,6,5546188
*RES* vm26:m0:th0,1406559686586,1,7,5546188
*RES* vm26:m0:th0,1406559686589,0,7,5546188
*RES* vm26:m0:th1,1406559686390,212,6,5546188
*RES* vm26:m0:th0,1406559686604,0,7,5546188
*RES* vm26:m0:th1,1406559686619,0,6,5546188
*RES* vm26:m0:th0,1406559686631,0,7,5546188
*RES* vm26:m0:th1,1406559686633,0,6,5546188
*RES* vm26:m0:th0,1406559686639,0,7,5546188
*RES* vm26:m0:th1,1406559686665,0,6,5546188
*RES* vm26:m0:th0,1406559686683,0,8,5546188
*RES* vm26:m0:th0,1406559686711,0,8,5546188
*RES* vm26:m0:th0,1406559686733,0,8,5546188
*RES* vm26:m0:th1,1406559686690,0,6,5546188
*RES* vm26:m0:th2,1406559686450,169,7,5546188
*RES* vm26:m0:th3,1406559686457,198,7,5546188
*RES* vm26:m0:th4,1406559686457,148,5,5546188
*RES* vm26:m0:th5,1406559686457,158,6,5546188
*RES* vm26:m0:th6,1406559686458,171,7,5546188
*RES* vm26:m0:th7,1406559686472,269,6,5546188
*RES* vm26:m0:th8,1406559686482,194,6,5546188
*RES* vm26:m0:th9,1406559686499,246,7,5546188
*RES* vm26:m0:th10,1406559686542,200,6,5546188
*RES* vm26:m0:th11,1406559686542,219,6,5546188
*RES* vm26:m0:th12,1406559686542,192,5,5546188
*RES* vm26:m0:th13,1406559686542,334,7,5546188
*RES* vm26:m0:th14,1406559686542,343,7,5546188
*RES* vm26:m0:th15,1406559686546,198,6,5546188
*RES* vm26:m0:th16,1406559686557,208,7,5546188
*RES* vm26:m0:th17,1406559686572,210,7,5546188
*RES* vm26:m0:th18,1406559686572,223,7,5546188
*RES* vm26:m0:th19,1406559686575,208,6,5546188
*RES* vm26:m0:th20,1406559686591,212,9,5546188
*RES* vm26:m0:th21,1406559686591,199,7,5546188
*RES* vm26:m0:th22,1406559686591,204,7,5546188
*RES* vm26:m0:th23,1406559686593,205,7,5546188
*RES* end node vm26:m0
(main) Thread vm26:m0 joined
(main) Waiting for thread vm26:r0 to join...
(vm26:r0:th3:8) Connection established with mapper vm44:m0
(vm26:r0:th0:8) Connection to vm41:m0 finished, received 22184757 bytes
(vm26:r0:th0) Got data from all mappers, this reducer connection has finished.
(vm26:r0) thread th0 joined, 4 connection threads remaining
(vm26:r0:th1:8) Connection to vm42:m0 finished, received 16638570 bytes
(vm26:r0:th1) Got data from all mappers, this reducer connection has finished.
(vm26:r0) thread th1 joined, 3 connection threads remaining
(vm26:r0:th4:7) Connection to vm40:m0 finished, received 16638569 bytes
(vm26:r0:th4) Got data from all mappers, this reducer connection has finished.
(vm26:r0:th2:8) Connection to vm43:m0 finished, received 16638570 bytes
(vm26:r0:th2) Got data from all mappers, this reducer connection has finished.
(vm26:r0) thread th2 joined, 2 connection threads remaining
(vm26:r0:th3:8) Connection to vm44:m0 finished, received 22184757 bytes
(vm26:r0:th3) Got data from all mappers, this reducer connection has finished.
(vm26:r0) thread th3 joined, 1 connection threads remaining
(vm26:r0) thread th4 joined, 0 connection threads remaining
(vm26:r0) all done, exiting
*RES* start node vm26:r0
*RES* vm26:r0:th0:0,1406559685977,286,9,5546188
*RES* vm26:r0:th0:1,1406559686264,2,10,5546189
*RES* vm26:r0:th0:2,1406559686266,1,10,5546190
*RES* vm26:r0:th0:3,1406559686267,316,22,11092378
*RES* vm26:r0:th0:4,1406559686582,5,22,11092379
*RES* vm26:r0:th0:5,1406559686588,2,22,11092380
*RES* vm26:r0:th0:6,1406559686589,225,34,16638568
*RES* vm26:r0:th0:7,1406559686815,10,34,16638569
*RES* vm26:r0:th0:8,1406559686825,116,42,22184757
*RES* vm26:r0:th1:0,1406559685977,405,11,5546188
*RES* vm26:r0:th1:1,1406559686382,8,11,5546189
*RES* vm26:r0:th1:2,1406559686390,8,11,5546190
*RES* vm26:r0:th1:3,1406559686398,5,12,5546191
*RES* vm26:r0:th1:4,1406559686403,22,12,5546192
*RES* vm26:r0:th1:5,1406559686425,4,12,5546193
*RES* vm26:r0:th1:6,1406559686430,4,13,5546194
*RES* vm26:r0:th1:7,1406559686433,269,24,11092382
*RES* vm26:r0:th1:8,1406559686702,240,35,16638570
*RES* vm26:r0:th2:0,1406559685977,403,10,5546188
*RES* vm26:r0:th2:1,1406559686380,5,11,5546189
*RES* vm26:r0:th2:2,1406559686385,10,11,5546190
*RES* vm26:r0:th2:3,1406559686395,4,11,5546191
*RES* vm26:r0:th2:4,1406559686399,6,11,5546192
*RES* vm26:r0:th2:5,1406559686404,329,22,11092380
*RES* vm26:r0:th2:6,1406559686734,3,23,11092381
*RES* vm26:r0:th2:7,1406559686737,3,23,11092382
*RES* vm26:r0:th2:8,1406559686740,290,35,16638570
*RES* vm26:r0:th3:0,1406559685977,312,10,5546188
*RES* vm26:r0:th3:1,1406559686288,3,10,5546189
*RES* vm26:r0:th3:2,1406559686292,11,11,5546190
*RES* vm26:r0:th3:3,1406559686303,2,11,5546191
*RES* vm26:r0:th3:4,1406559686305,339,24,11092379
*RES* vm26:r0:th3:5,1406559686643,9,24,11092380
*RES* vm26:r0:th3:6,1406559686652,19,24,11092381
*RES* vm26:r0:th3:7,1406559686672,210,34,16638569
*RES* vm26:r0:th3:8,1406559686882,163,43,22184757
*RES* vm26:r0:th4:0,1406559685977,352,10,5546188
*RES* vm26:r0:th4:1,1406559686328,4,11,5546189
*RES* vm26:r0:th4:2,1406559686332,2,11,5546190
*RES* vm26:r0:th4:3,1406559686334,12,11,5546191
*RES* vm26:r0:th4:4,1406559686346,6,11,5546192
*RES* vm26:r0:th4:5,1406559686353,362,23,11092380
*RES* vm26:r0:th4:6,1406559686715,20,24,11092381
*RES* vm26:r0:th4:7,1406559686734,251,34,16638569
*RES* end node vm26:r0
(main) Thread vm26:r0 joined
Worker terminating correctly
