OSMeF worker starting
Enabling core dumping
Listening for command connection
(vm5:m0) New mapper on port 23330
(vm5:m0) -> reducer data size 7635497415
(vm5:m0) -> reducer data size 7635497415
(vm5:m0) -> reducer data size 7635497415
(vm5:m0) -> reducer data size 7635497415
(vm5:m0) -> reducer data size 7635497415
(vm5:m0) -> reducer data size 7635497415
(vm5:m0) -> reducer data size 7635497415
(vm5:m0) -> reducer data size 7635497415
(vm5:m0) -> reducer data size 7635497415
(vm5:m0) -> reducer data size 7635497415
(vm5:m0) -> reducer data size 7635497415
(vm5:m0) -> reducer data size 7635497415
(vm5:m0) Mapper thread started
(vm5:m0) Allocating data for reducer vm1:r0
(vm5:m0) Allocating data for reducer vm2:r0
(vm5:m0) Allocating data for reducer vm3:r0
(vm5:m0) Allocating data for reducer vm4:r0
(vm5:m0) Allocating data for reducer vm5:r0
(vm5:m0) Allocating data for reducer vm6:r0
(vm5:m0) Allocating data for reducer vm7:r0
(vm5:m0) Allocating data for reducer vm8:r0
(vm5:m0) Allocating data for reducer vm9:r0
(vm5:m0) Allocating data for reducer vm10:r0
(vm5:m0) Allocating data for reducer vm11:r0
(vm5:m0) Allocating data for reducer vm12:r0
(vm5:m0) Binding to port 23330
(vm5:r0) New reducer
(vm5:r0) Reducer thread started
(vm5:r0) waiting for START message
(vm5:r0) got START message
(vm5:m0) Got connection from reducer vm1:r0
(vm5:m0) Got connection from reducer vm2:r0
(vm5:r0) Starting new connection thread
(vm5:r0) Starting new connection thread
(vm5:m0) Got connection from reducer vm3:r0
(vm5:r0) Starting new connection thread
(vm5:r0) Starting new connection thread
(vm5:r0) Starting new connection thread
(vm5:r0) Maximum number of connections reached (5), waiting for a thread to finish
(vm5:m0:2) thread started, have to send 7635497415 bytes
(vm5:r0:3) Connection established
(vm5:r0:2) Connection established
(vm5:m0) Got connection from reducer vm4:r0
(vm5:m0) Got connection from reducer vm6:r0
(vm5:r0:4) Connection established
(vm5:m0) Got connection from reducer vm5:r0
(vm5:m0) Got connection from reducer vm7:r0
(vm5:m0:1) thread started, have to send 7635497415 bytes
(vm5:m0:3) thread started, have to send 7635497415 bytes
(vm5:m0) Got connection from reducer vm11:r0
(vm5:m0) Got connection from reducer vm10:r0
(vm5:m0:5) thread started, have to send 7635497415 bytes
(vm5:m0) Got connection from reducer vm8:r0
(vm5:m0) Got connection from reducer vm9:r0
(vm5:m0) Got connection from reducer vm12:r0
(vm5:m0) Waiting for a thread to finish
(vm5:r0:1) Connection established
(vm5:r0:0) Connection established
(vm5:m0:0) thread started, have to send 7635497415 bytes
(vm5:m0:4) thread started, have to send 7635497415 bytes
(vm5:m0:6) thread started, have to send 7635497415 bytes
(vm5:m0:9) thread started, have to send 7635497415 bytes
(vm5:m0:7) thread started, have to send 7635497415 bytes
(vm5:m0:8) thread started, have to send 7635497415 bytes
(vm5:m0:11) thread started, have to send 7635497415 bytes
(vm5:m0:10) thread started, have to send 7635497415 bytes
(vm5:m0:4) all data sent, thread exiting
(vm5:r0:4) Connection finished, received 7635497416 bytes
(vm5:m0:5) all data sent, thread exiting
(vm5:m0:11) all data sent, thread exiting
(vm5:m0:7) all data sent, thread exiting
(vm5:m0:9) all data sent, thread exiting
(vm5:m0:6) all data sent, thread exiting
(vm5:m0:8) all data sent, thread exiting
(vm5:m0:10) all data sent, thread exiting
(vm5:r0:1) Connection finished, received 7635497416 bytes
(vm5:m0:1) all data sent, thread exiting
(vm5:r0:3) Connection finished, received 7635497416 bytes
(vm5:m0:2) all data sent, thread exiting
(vm5:m0:3) all data sent, thread exiting
(vm5:r0:2) Connection finished, received 7635497416 bytes
(vm5:m0:0) all data sent, thread exiting
(vm5:m0) thread 0 joined, 11 connections remaining
(vm5:m0) Waiting for a thread to finish
(vm5:m0) thread 1 joined, 10 connections remaining
(vm5:m0) Waiting for a thread to finish
(vm5:m0) thread 2 joined, 9 connections remaining
(vm5:m0) Waiting for a thread to finish
(vm5:m0) thread 3 joined, 8 connections remaining
(vm5:m0) Waiting for a thread to finish
(vm5:m0) thread 4 joined, 7 connections remaining
(vm5:m0) Waiting for a thread to finish
(vm5:m0) thread 5 joined, 6 connections remaining
(vm5:m0) Waiting for a thread to finish
(vm5:m0) thread 6 joined, 5 connections remaining
(vm5:m0) Waiting for a thread to finish
(vm5:m0) thread 7 joined, 4 connections remaining
(vm5:m0) Waiting for a thread to finish
(vm5:m0) thread 8 joined, 3 connections remaining
(vm5:m0) Waiting for a thread to finish
(vm5:m0) thread 9 joined, 2 connections remaining
(vm5:m0) Waiting for a thread to finish
(vm5:m0) thread 10 joined, 1 connections remaining
(vm5:m0) Waiting for a thread to finish
(vm5:m0) thread 11 joined, 0 connections remaining
(vm5:m0) all done, exiting
*RES* start node vm5:m0
*RES* vm5:m0:0,1403726624264,90556,4866,7635497416
*RES* vm5:m0:1,1403726624262,86118,4876,7635497416
*RES* vm5:m0:2,1403726624262,86631,4842,7635497416
*RES* vm5:m0:3,1403726624263,87466,4906,7635497416
*RES* vm5:m0:4,1403726624264,56518,2252,7635497416
*RES* vm5:m0:5,1403726624263,80639,5184,7635497416
*RES* vm5:m0:6,1403726624265,81410,5238,7635497416
*RES* vm5:m0:7,1403726624274,80924,5189,7635497416
*RES* vm5:m0:8,1403726624274,81574,5255,7635497416
*RES* vm5:m0:9,1403726624268,81045,5206,7635497416
*RES* vm5:m0:10,1403726624274,82076,5314,7635497416
*RES* vm5:m0:11,1403726624274,80713,5178,7635497416
*RES* end node vm5:m0
Node vm5:m0 joined
(vm5:r0:0) Connection finished, received 7635497416 bytes
(vm5:r0) thread 0 joined, 11 connections remaining
(vm5:r0) Starting new connection thread
(vm5:r0) Maximum number of connections reached (5), waiting for a thread to finish
(vm5:r0:0) Connection established
(vm5:r0:0) Connection finished, received 7635497416 bytes
(vm5:r0) thread 0 joined, 10 connections remaining
(vm5:r0) Starting new connection thread
(vm5:r0) Maximum number of connections reached (5), waiting for a thread to finish
(vm5:r0:0) Connection established
(vm5:r0:0) Connection finished, received 7635497416 bytes
(vm5:r0) thread 0 joined, 9 connections remaining
(vm5:r0) Starting new connection thread
(vm5:r0) Maximum number of connections reached (5), waiting for a thread to finish
(vm5:r0:0) Connection established
(vm5:r0:0) Connection finished, received 7635497416 bytes
(vm5:r0) thread 0 joined, 8 connections remaining
(vm5:r0) Starting new connection thread
(vm5:r0) Maximum number of connections reached (5), waiting for a thread to finish
(vm5:r0:0) Connection established
(vm5:r0:0) Connection finished, received 7635497416 bytes
(vm5:r0) thread 0 joined, 7 connections remaining
(vm5:r0) Starting new connection thread
(vm5:r0) Maximum number of connections reached (5), waiting for a thread to finish
(vm5:r0:0) Connection established
(vm5:r0:0) Connection finished, received 7635497416 bytes
(vm5:r0) thread 0 joined, 6 connections remaining
(vm5:r0) Starting new connection thread
(vm5:r0) Maximum number of connections reached (5), waiting for a thread to finish
(vm5:r0:0) Connection established
(vm5:r0:0) Connection finished, received 7635497416 bytes
(vm5:r0) thread 0 joined, 5 connections remaining
(vm5:r0) Starting new connection thread
(vm5:r0) Maximum number of connections reached (5), waiting for a thread to finish
(vm5:r0:0) Connection established
(vm5:r0:0) Connection finished, received 7635497416 bytes
(vm5:r0) thread 0 joined, 4 connections remaining
(vm5:r0) Maximum number of connections reached (4), waiting for a thread to finish
(vm5:r0) thread 1 joined, 3 connections remaining
(vm5:r0) Maximum number of connections reached (3), waiting for a thread to finish
(vm5:r0) thread 2 joined, 2 connections remaining
(vm5:r0) Maximum number of connections reached (2), waiting for a thread to finish
(vm5:r0) thread 3 joined, 1 connections remaining
(vm5:r0) Maximum number of connections reached (1), waiting for a thread to finish
(vm5:r0) thread 4 joined, 0 connections remaining
(vm5:r0) all done, exiting
*RES* start node vm5:r0
*RES* vm5:r0:0,1403726624263,92584,5209,7635497416
*RES* vm5:r0:0,1403726716853,70768,5238,7635497416
*RES* vm5:r0:0,1403726787625,59795,5471,7635497416
*RES* vm5:r0:0,1403726847425,51524,4889,7635497416
*RES* vm5:r0:0,1403726898953,54587,5154,7635497416
*RES* vm5:r0:0,1403726953545,33106,4672,7635497416
*RES* vm5:r0:0,1403726986657,33443,4628,7635497416
*RES* vm5:r0:0,1403727020105,22263,4334,7635497416
*RES* vm5:r0:1,1403726624262,85800,4976,7635497416
*RES* vm5:r0:2,1403726624261,88826,5192,7635497416
*RES* vm5:r0:3,1403726624261,86123,4988,7635497416
*RES* vm5:r0:4,1403726624261,56565,3894,7635497416
*RES* end node vm5:r0
Node vm5:r0 joined
Worker terminating correctly
