OSMeF worker starting
Enabling core dumping
Listening for command connection
(vm5:m0) New mapper on port 23330
(vm5:m0) -> reducer data size 9086872956
(vm5:m0) -> reducer data size 9086872956
(vm5:m0) -> reducer data size 9086872956
(vm5:m0) -> reducer data size 9086872956
(vm5:m0) -> reducer data size 9086872956
(vm5:m0) -> reducer data size 9086872956
(vm5:m0) -> reducer data size 9086872956
(vm5:m0) -> reducer data size 9086872956
(vm5:m0) -> reducer data size 9086872956
(vm5:m0) -> reducer data size 9086872956
(vm5:m0) -> reducer data size 9086872956
(vm5:m0) Mapper thread started
(vm5:m0) Allocating data for reducer vm1:r0
(vm5:m0) Allocating data for reducer vm2:r0
(vm5:m0) Allocating data for reducer vm3:r0
(vm5:m0) Allocating data for reducer vm4:r0
(vm5:m0) Allocating data for reducer vm5:r0
(vm5:m0) Allocating data for reducer vm6:r0
(vm5:m0) Allocating data for reducer vm7:r0
(vm5:m0) Allocating data for reducer vm8:r0
(vm5:m0) Allocating data for reducer vm9:r0
(vm5:m0) Allocating data for reducer vm10:r0
(vm5:m0) Allocating data for reducer vm11:r0
(vm5:m0) Binding to port 23330
(vm5:r0) New reducer
(vm5:r0) Reducer thread started
(vm5:r0) waiting for START message
(vm5:r0) got START message
(vm5:r0) Starting new connection thread
(vm5:r0) Starting new connection thread
(vm5:r0) Starting new connection thread
(vm5:r0) Starting new connection thread
(vm5:r0) Starting new connection thread
(vm5:r0) Maximum number of connections reached (5), waiting for a thread to finish
(vm5:r0:4) Connection established
(vm5:m0) Got connection from reducer vm5:r0
(vm5:m0:4) thread started, have to send 9086872956 bytes
(vm5:m0) Got connection from reducer vm2:r0
(vm5:m0) Got connection from reducer vm1:r0
(vm5:m0) Got connection from reducer vm6:r0
(vm5:m0) Got connection from reducer vm3:r0
(vm5:m0) Got connection from reducer vm7:r0
(vm5:m0) Got connection from reducer vm9:r0
(vm5:r0:2) Connection established
(vm5:r0:1) Connection established
(vm5:m0:6) thread started, have to send 9086872956 bytes
(vm5:m0:5) thread started, have to send 9086872956 bytes
(vm5:m0:2) thread started, have to send 9086872956 bytes
(vm5:m0:8) thread started, have to send 9086872956 bytes
(vm5:m0:0) thread started, have to send 9086872956 bytes
(vm5:m0:1) thread started, have to send 9086872956 bytes
(vm5:m0) Got connection from reducer vm11:r0
(vm5:m0) Got connection from reducer vm10:r0
(vm5:m0) Got connection from reducer vm4:r0
(vm5:m0) Got connection from reducer vm8:r0
(vm5:m0) Waiting for a thread to finish
(vm5:r0:3) Connection established
(vm5:r0:0) Connection established
(vm5:m0:3) thread started, have to send 9086872956 bytes
(vm5:m0:7) thread started, have to send 9086872956 bytes
(vm5:m0:10) thread started, have to send 9086872956 bytes
(vm5:m0:9) thread started, have to send 9086872956 bytes
(vm5:m0:4) all data sent, thread exiting
(vm5:r0:4) Connection finished, received 9086872957 bytes
(vm5:r0:3) Connection finished, received 9086872957 bytes
(vm5:r0:2) Connection finished, received 9086872957 bytes
(vm5:r0:0) Connection finished, received 9086872957 bytes
(vm5:r0) thread 0 joined, 10 connections remaining
(vm5:r0) Starting new connection thread
(vm5:r0) Maximum number of connections reached (5), waiting for a thread to finish
(vm5:r0:0) Connection established
(vm5:r0:1) Connection finished, received 9086872957 bytes
(vm5:m0:1) all data sent, thread exiting
(vm5:m0:2) all data sent, thread exiting
(vm5:m0:0) all data sent, thread exiting
(vm5:m0) thread 0 joined, 10 connections remaining
(vm5:m0) Waiting for a thread to finish
(vm5:m0) thread 1 joined, 9 connections remaining
(vm5:m0) Waiting for a thread to finish
(vm5:m0) thread 2 joined, 8 connections remaining
(vm5:m0) Waiting for a thread to finish
(vm5:m0:5) all data sent, thread exiting
(vm5:m0:8) all data sent, thread exiting
(vm5:m0:7) all data sent, thread exiting
(vm5:m0:6) all data sent, thread exiting
(vm5:m0:10) all data sent, thread exiting
(vm5:m0:9) all data sent, thread exiting
(vm5:m0:3) all data sent, thread exiting
(vm5:m0) thread 3 joined, 7 connections remaining
(vm5:m0) Waiting for a thread to finish
(vm5:m0) thread 4 joined, 6 connections remaining
(vm5:m0) Waiting for a thread to finish
(vm5:m0) thread 5 joined, 5 connections remaining
(vm5:m0) Waiting for a thread to finish
(vm5:m0) thread 6 joined, 4 connections remaining
(vm5:m0) Waiting for a thread to finish
(vm5:m0) thread 7 joined, 3 connections remaining
(vm5:m0) Waiting for a thread to finish
(vm5:m0) thread 8 joined, 2 connections remaining
(vm5:m0) Waiting for a thread to finish
(vm5:m0) thread 9 joined, 1 connections remaining
(vm5:m0) Waiting for a thread to finish
(vm5:m0) thread 10 joined, 0 connections remaining
(vm5:m0) all done, exiting
*RES* start node vm5:m0
*RES* vm5:m0:0,1403721797917,104231,6534,9086872957
*RES* vm5:m0:1,1403721797918,101409,6510,9086872957
*RES* vm5:m0:2,1403721797917,102478,6480,9086872957
*RES* vm5:m0:3,1403721797924,105095,6621,9086872957
*RES* vm5:m0:4,1403721797913,73928,2318,9086872957
*RES* vm5:m0:5,1403721797917,104418,7061,9086872957
*RES* vm5:m0:6,1403721797916,104701,7112,9086872957
*RES* vm5:m0:7,1403721797924,104562,7092,9086872957
*RES* vm5:m0:8,1403721797917,104446,7077,9086872957
*RES* vm5:m0:9,1403721797925,104747,7123,9086872957
*RES* vm5:m0:10,1403721797924,104718,7117,9086872957
*RES* end node vm5:m0
Node vm5:m0 joined
(vm5:r0:0) Connection finished, received 9086872957 bytes
(vm5:r0) thread 0 joined, 9 connections remaining
(vm5:r0) Starting new connection thread
(vm5:r0) Maximum number of connections reached (5), waiting for a thread to finish
(vm5:r0:0) Connection established
(vm5:r0:0) Connection finished, received 9086872957 bytes
(vm5:r0) thread 0 joined, 8 connections remaining
(vm5:r0) Starting new connection thread
(vm5:r0) Maximum number of connections reached (5), waiting for a thread to finish
(vm5:r0:0) Connection established
(vm5:r0:0) Connection finished, received 9086872957 bytes
(vm5:r0) thread 0 joined, 7 connections remaining
(vm5:r0) Starting new connection thread
(vm5:r0) Maximum number of connections reached (5), waiting for a thread to finish
(vm5:r0:0) Connection established
(vm5:r0:0) Connection finished, received 9086872957 bytes
(vm5:r0) thread 0 joined, 6 connections remaining
(vm5:r0) Starting new connection thread
(vm5:r0) Maximum number of connections reached (5), waiting for a thread to finish
(vm5:r0:0) Connection established
(vm5:r0:0) Connection finished, received 9086872957 bytes
(vm5:r0) thread 0 joined, 5 connections remaining
(vm5:r0) Starting new connection thread
(vm5:r0) Maximum number of connections reached (5), waiting for a thread to finish
(vm5:r0:0) Connection established
(vm5:r0:0) Connection finished, received 9086872957 bytes
(vm5:r0) thread 0 joined, 4 connections remaining
(vm5:r0) Maximum number of connections reached (4), waiting for a thread to finish
(vm5:r0) thread 1 joined, 3 connections remaining
(vm5:r0) Maximum number of connections reached (3), waiting for a thread to finish
(vm5:r0) thread 2 joined, 2 connections remaining
(vm5:r0) Maximum number of connections reached (2), waiting for a thread to finish
(vm5:r0) thread 3 joined, 1 connections remaining
(vm5:r0) Maximum number of connections reached (1), waiting for a thread to finish
(vm5:r0) thread 4 joined, 0 connections remaining
(vm5:r0) all done, exiting
*RES* start node vm5:r0
*RES* vm5:r0:0,1403721797916,98014,5966,9086872957
*RES* vm5:r0:0,1403721895957,67850,5769,9086872957
*RES* vm5:r0:0,1403721963812,74148,5894,9086872957
*RES* vm5:r0:0,1403722037968,84944,5907,9086872957
*RES* vm5:r0:0,1403722122917,56918,5506,9086872957
*RES* vm5:r0:0,1403722179841,52252,5585,9086872957
*RES* vm5:r0:0,1403722232100,27057,5121,9086872957
*RES* vm5:r0:1,1403721797913,100152,5998,9086872957
*RES* vm5:r0:2,1403721797913,92704,5653,9086872957
*RES* vm5:r0:3,1403721797913,91304,5637,9086872957
*RES* vm5:r0:4,1403721797912,73992,5005,9086872957
*RES* end node vm5:r0
Node vm5:r0 joined
Worker terminating correctly
