OSMeF worker starting
Enabling core dumping
Listening for command connection
CONF: mapper on port 23330
CONF: -> will serve 44 reducers
(main) new thread ID: vm20:m0
(vm20:m0) Mapper thread started
(vm20:m0) Binding to port 23330
(vm20:m0) Got START signal
(vm20:m0) new thread ID: vm20:m0:th0
(vm20:m0:th0) waiting for something to do...
CONF: reducer
(main) new thread ID: vm20:r0
(vm20:r0) Reducer thread started
(vm20:r0) waiting for START message
(main) Waiting for thread vm20:m0 to join...
(vm20:r0) got START message
(vm20:r0) new thread ID: th0
(vm20:r0) new thread ID: th1
(vm20:r0) new thread ID: th2
(vm20:r0) new thread ID: th3
(vm20:r0) new thread ID: th4
(vm20:r0:th1:0) Connection established with mapper vm2:m0
(vm20:r0:th2:0) Connection established with mapper vm3:m0
(vm20:r0:th3:0) Connection established with mapper vm4:m0
(vm20:r0:th4:0) Connection established with mapper vm5:m0
(vm20:r0:th0:0) Connection established with mapper vm1:m0
(vm20:r0:th4:0) Connection to vm5:m0 finished, received 1 bytes
(vm20:r0:th4:1) Connection established with mapper vm10:m0
(vm20:r0:th4:1) Connection to vm10:m0 finished, received 5546189 bytes
(vm20:r0:th4:2) Connection established with mapper vm15:m0
(vm20:m0) Got connection from reducer vm44:r0
(vm20:m0) new thread ID: vm20:m0:th1
(vm20:m0:th0) connection started, have to send 5546187 bytes to vm44:r0
(vm20:m0:th1) waiting for something to do...
(vm20:m0) Got connection from reducer vm41:r0
(vm20:m0) new thread ID: vm20:m0:th2
(vm20:m0:th1) connection started, have to send 5546187 bytes to vm41:r0
(vm20:m0:th2) waiting for something to do...
(vm20:r0:th4:2) Connection to vm15:m0 finished, received 11092377 bytes
(vm20:r0:th4:3) Connection established with mapper vm20:m0
(vm20:m0) Got connection from reducer vm20:r0
(vm20:m0) new thread ID: vm20:m0:th3
(vm20:m0:th2) connection started, have to send 5546187 bytes to vm20:r0
(vm20:m0:th3) waiting for something to do...
(vm20:r0:th4:3) Connection to vm20:m0 finished, received 16638565 bytes
(vm20:m0:th2) all data sent, closing connection to vm20:r0
(vm20:m0:th2) waiting for something to do...
(vm20:r0:th4:4) Connection established with mapper vm25:m0
(vm20:m0) Got connection from reducer vm25:r0
(vm20:m0:th3) connection started, have to send 5546187 bytes to vm25:r0
(vm20:m0:th0) all data sent, closing connection to vm44:r0
(vm20:m0:th0) waiting for something to do...
(vm20:m0) Got connection from reducer vm11:r0
(vm20:m0) Got connection from reducer vm13:r0
(vm20:m0) new thread ID: vm20:m0:th4
(vm20:m0:th2) connection started, have to send 5546187 bytes to vm11:r0
(vm20:m0:th2) all data sent, closing connection to vm11:r0
(vm20:m0:th2) waiting for something to do...
(vm20:m0:th0) connection started, have to send 5546187 bytes to vm13:r0
(vm20:m0:th0) all data sent, closing connection to vm13:r0
(vm20:m0:th0) waiting for something to do...
(vm20:m0:th4) waiting for something to do...
(vm20:m0) Got connection from reducer vm18:r0
(vm20:m0:th4) connection started, have to send 5546187 bytes to vm18:r0
(vm20:m0:th1) all data sent, closing connection to vm41:r0
(vm20:m0:th1) waiting for something to do...
(vm20:m0) Got connection from reducer vm15:r0
(vm20:m0:th0) connection started, have to send 5546187 bytes to vm15:r0
(vm20:m0:th0) all data sent, closing connection to vm15:r0
(vm20:m0:th0) waiting for something to do...
(vm20:m0) Got connection from reducer vm9:r0
(vm20:m0:th1) connection started, have to send 5546187 bytes to vm9:r0
(vm20:m0:th1) all data sent, closing connection to vm9:r0
(vm20:m0:th1) waiting for something to do...
(vm20:r0:th4:4) Connection to vm25:m0 finished, received 22184753 bytes
(vm20:m0:th3) all data sent, closing connection to vm25:r0
(vm20:m0:th3) waiting for something to do...
(vm20:r0:th4:5) Connection established with mapper vm30:m0
(vm20:r0:th2:0) Connection to vm3:m0 finished, received 5546188 bytes
(vm20:r0:th2:1) Connection established with mapper vm8:m0
(vm20:r0:th2:1) Connection to vm8:m0 finished, received 5546189 bytes
(vm20:r0:th2:2) Connection established with mapper vm13:m0
(vm20:r0:th2:2) Connection to vm13:m0 finished, received 5546190 bytes
(vm20:r0:th2:3) Connection established with mapper vm18:m0
(vm20:r0:th2:3) Connection to vm18:m0 finished, received 5546191 bytes
(vm20:r0:th2:4) Connection established with mapper vm23:m0
(vm20:m0) Got connection from reducer vm12:r0
(vm20:m0:th0) connection started, have to send 5546187 bytes to vm12:r0
(vm20:m0:th0) all data sent, closing connection to vm12:r0
(vm20:m0:th0) waiting for something to do...
(vm20:r0:th2:4) Connection to vm23:m0 finished, received 5546192 bytes
(vm20:r0:th2:5) Connection established with mapper vm28:m0
(vm20:r0:th2:5) Connection to vm28:m0 finished, received 5546193 bytes
(vm20:m0) Got connection from reducer vm14:r0
(vm20:m0:th1) connection started, have to send 5546187 bytes to vm14:r0
(vm20:m0:th1) all data sent, closing connection to vm14:r0
(vm20:m0:th1) waiting for something to do...
(vm20:m0) Got connection from reducer vm31:r0
(vm20:r0:th2:6) Connection established with mapper vm33:m0
(vm20:m0:th0) connection started, have to send 5546187 bytes to vm31:r0
(vm20:m0:th0) all data sent, closing connection to vm31:r0
(vm20:m0:th0) waiting for something to do...
(vm20:r0:th2:6) Connection to vm33:m0 finished, received 5546194 bytes
(vm20:r0:th2:7) Connection established with mapper vm38:m0
(vm20:m0) Got connection from reducer vm8:r0
(vm20:m0:th1) connection started, have to send 5546187 bytes to vm8:r0
(vm20:m0:th1) all data sent, closing connection to vm8:r0
(vm20:m0:th1) waiting for something to do...
(vm20:r0:th3:0) Connection to vm4:m0 finished, received 5546188 bytes
(vm20:m0) Got connection from reducer vm43:r0
(vm20:m0) Got connection from reducer vm38:r0
(vm20:m0:th0) connection started, have to send 5546187 bytes to vm43:r0
(vm20:m0:th0) all data sent, closing connection to vm43:r0
(vm20:m0:th0) waiting for something to do...
(vm20:m0:th1) connection started, have to send 5546187 bytes to vm38:r0
(vm20:m0:th1) all data sent, closing connection to vm38:r0
(vm20:m0:th1) waiting for something to do...
(vm20:r0:th0:0) Connection to vm1:m0 finished, received 5546188 bytes
(vm20:r0:th3:1) Connection established with mapper vm9:m0
(vm20:m0) Got connection from reducer vm39:r0
(vm20:m0:th2) connection started, have to send 5546187 bytes to vm39:r0
(vm20:m0:th2) all data sent, closing connection to vm39:r0
(vm20:m0:th2) waiting for something to do...
(vm20:r0:th3:1) Connection to vm9:m0 finished, received 5546189 bytes
(vm20:m0) Got connection from reducer vm16:r0
(vm20:m0:th0) connection started, have to send 5546187 bytes to vm16:r0
(vm20:m0:th0) all data sent, closing connection to vm16:r0
(vm20:m0:th0) waiting for something to do...
(vm20:m0) Got connection from reducer vm7:r0
(vm20:m0:th1) connection started, have to send 5546187 bytes to vm7:r0
(vm20:m0:th1) all data sent, closing connection to vm7:r0
(vm20:m0:th1) waiting for something to do...
(vm20:r0:th0:1) Connection established with mapper vm6:m0
(vm20:r0:th3:2) Connection established with mapper vm14:m0
(vm20:m0:th4) all data sent, closing connection to vm18:r0
(vm20:m0:th4) waiting for something to do...
(vm20:r0:th0:1) Connection to vm6:m0 finished, received 5546189 bytes
(vm20:r0:th0:2) Connection established with mapper vm11:m0
(vm20:r0:th3:2) Connection to vm14:m0 finished, received 5546190 bytes
(vm20:r0:th0:2) Connection to vm11:m0 finished, received 5546190 bytes
(vm20:m0) Got connection from reducer vm22:r0
(vm20:m0:th0) connection started, have to send 5546187 bytes to vm22:r0
(vm20:m0:th0) all data sent, closing connection to vm22:r0
(vm20:m0:th0) waiting for something to do...
(vm20:r0:th0:3) Connection established with mapper vm16:m0
(vm20:r0:th3:3) Connection established with mapper vm19:m0
(vm20:m0) Got connection from reducer vm10:r0
(vm20:m0) Got connection from reducer vm28:r0
(vm20:m0:th1) connection started, have to send 5546187 bytes to vm10:r0
(vm20:m0:th1) all data sent, closing connection to vm10:r0
(vm20:m0:th1) waiting for something to do...
(vm20:m0:th0) connection started, have to send 5546187 bytes to vm28:r0
(vm20:m0:th0) all data sent, closing connection to vm28:r0
(vm20:m0:th0) waiting for something to do...
(vm20:r0:th0:3) Connection to vm16:m0 finished, received 5546191 bytes
(vm20:m0) Got connection from reducer vm37:r0
(vm20:m0:th2) connection started, have to send 5546187 bytes to vm37:r0
(vm20:m0:th2) all data sent, closing connection to vm37:r0
(vm20:m0:th2) waiting for something to do...
(vm20:r0:th3:3) Connection to vm19:m0 finished, received 5546191 bytes
(vm20:r0:th0:4) Connection established with mapper vm21:m0
(vm20:r0:th3:4) Connection established with mapper vm24:m0
(vm20:r0:th0:4) Connection to vm21:m0 finished, received 5546192 bytes
(vm20:r0:th3:4) Connection to vm24:m0 finished, received 5546192 bytes
(vm20:r0:th0:5) Connection established with mapper vm26:m0
(vm20:r0:th3:5) Connection established with mapper vm29:m0
(vm20:r0:th0:5) Connection to vm26:m0 finished, received 5546193 bytes
(vm20:r0:th3:5) Connection to vm29:m0 finished, received 5546193 bytes
(vm20:m0) Got connection from reducer vm6:r0
(vm20:m0:th0) connection started, have to send 5546187 bytes to vm6:r0
(vm20:m0:th0) all data sent, closing connection to vm6:r0
(vm20:m0:th0) waiting for something to do...
(vm20:r0:th0:6) Connection established with mapper vm31:m0
(vm20:m0) Got connection from reducer vm24:r0
(vm20:m0:th1) connection started, have to send 5546187 bytes to vm24:r0
(vm20:m0:th1) all data sent, closing connection to vm24:r0
(vm20:m0:th1) waiting for something to do...
(vm20:r0:th3:6) Connection established with mapper vm34:m0
(vm20:m0) Got connection from reducer vm17:r0
(vm20:m0:th0) connection started, have to send 5546187 bytes to vm17:r0
(vm20:m0:th0) all data sent, closing connection to vm17:r0
(vm20:m0:th0) waiting for something to do...
(vm20:m0) Got connection from reducer vm42:r0
(vm20:m0:th1) connection started, have to send 5546187 bytes to vm42:r0
(vm20:m0:th1) all data sent, closing connection to vm42:r0
(vm20:m0:th1) waiting for something to do...
(vm20:m0) Got connection from reducer vm30:r0
(vm20:m0:th0) connection started, have to send 5546187 bytes to vm30:r0
(vm20:m0:th0) all data sent, closing connection to vm30:r0
(vm20:m0:th0) waiting for something to do...
(vm20:m0) Got connection from reducer vm32:r0
(vm20:m0:th1) connection started, have to send 5546187 bytes to vm32:r0
(vm20:m0:th1) all data sent, closing connection to vm32:r0
(vm20:m0:th1) waiting for something to do...
(vm20:r0:th1:0) Connection to vm2:m0 finished, received 5546188 bytes
(vm20:r0:th4:5) Connection to vm30:m0 finished, received 27730941 bytes
(vm20:r0:th1:1) Connection established with mapper vm7:m0
(vm20:m0) Got connection from reducer vm40:r0
(vm20:m0) Got connection from reducer vm36:r0
(vm20:m0:th0) connection started, have to send 5546187 bytes to vm40:r0
(vm20:m0:th0) all data sent, closing connection to vm40:r0
(vm20:m0:th0) waiting for something to do...
(vm20:m0:th1) connection started, have to send 5546187 bytes to vm36:r0
(vm20:m0:th1) all data sent, closing connection to vm36:r0
(vm20:m0:th1) waiting for something to do...
(vm20:r0:th1:1) Connection to vm7:m0 finished, received 5546189 bytes
(vm20:r0:th4:6) Connection established with mapper vm35:m0
(vm20:m0) Got connection from reducer vm19:r0
(vm20:m0:th2) connection started, have to send 5546187 bytes to vm19:r0
(vm20:m0:th2) all data sent, closing connection to vm19:r0
(vm20:m0:th2) waiting for something to do...
(vm20:m0) Got connection from reducer vm33:r0
(vm20:m0:th0) connection started, have to send 5546187 bytes to vm33:r0
(vm20:m0:th0) all data sent, closing connection to vm33:r0
(vm20:m0:th0) waiting for something to do...
(vm20:r0:th1:2) Connection established with mapper vm12:m0
(vm20:r0:th1:2) Connection to vm12:m0 finished, received 5546190 bytes
(vm20:m0) Got connection from reducer vm21:r0
(vm20:m0:th1) connection started, have to send 5546187 bytes to vm21:r0
(vm20:m0:th1) all data sent, closing connection to vm21:r0
(vm20:m0:th1) waiting for something to do...
(vm20:m0) Got connection from reducer vm35:r0
(vm20:m0:th0) connection started, have to send 5546187 bytes to vm35:r0
(vm20:m0:th0) all data sent, closing connection to vm35:r0
(vm20:m0:th0) waiting for something to do...
(vm20:m0) Got connection from reducer vm27:r0
(vm20:m0:th1) connection started, have to send 5546187 bytes to vm27:r0
(vm20:m0:th1) all data sent, closing connection to vm27:r0
(vm20:m0:th1) waiting for something to do...
(vm20:r0:th1:3) Connection established with mapper vm17:m0
(vm20:m0) Got connection from reducer vm29:r0
(vm20:m0:th0) connection started, have to send 5546187 bytes to vm29:r0
(vm20:m0:th0) all data sent, closing connection to vm29:r0
(vm20:m0:th0) waiting for something to do...
(vm20:r0:th1:3) Connection to vm17:m0 finished, received 5546191 bytes
(vm20:r0:th1:4) Connection established with mapper vm22:m0
(vm20:r0:th1:4) Connection to vm22:m0 finished, received 5546192 bytes
(vm20:m0) Got connection from reducer vm26:r0
(vm20:m0:th1) connection started, have to send 5546187 bytes to vm26:r0
(vm20:m0:th1) all data sent, closing connection to vm26:r0
(vm20:m0:th1) waiting for something to do...
(vm20:r0:th2:7) Connection to vm38:m0 finished, received 11092382 bytes
(vm20:r0:th1:5) Connection established with mapper vm27:m0
(vm20:r0:th2:8) Connection established with mapper vm43:m0
(vm20:m0) Got connection from reducer vm4:r0
(vm20:m0) Got connection from reducer vm23:r0
(vm20:m0:th0) connection started, have to send 5546187 bytes to vm4:r0
(vm20:m0:th1) connection started, have to send 5546187 bytes to vm23:r0
(vm20:m0:th1) all data sent, closing connection to vm23:r0
(vm20:m0:th1) waiting for something to do...
(vm20:m0:th0) all data sent, closing connection to vm4:r0
(vm20:m0:th0) waiting for something to do...
(vm20:m0) Got connection from reducer vm2:r0
(vm20:m0:th2) connection started, have to send 5546187 bytes to vm2:r0
(vm20:m0:th2) all data sent, closing connection to vm2:r0
(vm20:m0:th2) waiting for something to do...
(vm20:m0) Got connection from reducer vm34:r0
(vm20:m0:th0) connection started, have to send 5546187 bytes to vm34:r0
(vm20:m0:th0) all data sent, closing connection to vm34:r0
(vm20:m0:th0) waiting for something to do...
(vm20:m0) Got connection from reducer vm5:r0
(vm20:m0:th1) connection started, have to send 5546187 bytes to vm5:r0
(vm20:m0:th1) all data sent, closing connection to vm5:r0
(vm20:m0:th1) waiting for something to do...
(vm20:r0:th4:6) Connection to vm35:m0 finished, received 33277129 bytes
(vm20:r0:th4:7) Connection established with mapper vm40:m0
(vm20:r0:th0:6) Connection to vm31:m0 finished, received 11092381 bytes
(vm20:r0:th0:7) Connection established with mapper vm36:m0
(vm20:r0:th0:7) Connection to vm36:m0 finished, received 11092382 bytes
(vm20:r0:th0:8) Connection established with mapper vm41:m0
(vm20:m0) Got connection from reducer vm1:r0
(vm20:m0:th0) connection started, have to send 5546187 bytes to vm1:r0
(vm20:m0:th0) all data sent, closing connection to vm1:r0
(vm20:m0:th0) waiting for something to do...
(vm20:r0:th2:8) Connection to vm43:m0 finished, received 16638570 bytes
(vm20:r0:th2) Got data from all mappers, this reducer connection has finished.
(vm20:r0:th3:6) Connection to vm34:m0 finished, received 11092381 bytes
(vm20:r0:th3:7) Connection established with mapper vm39:m0
(vm20:r0:th3:7) Connection to vm39:m0 finished, received 11092382 bytes
(vm20:r0:th3:8) Connection established with mapper vm44:m0
(vm20:m0) Got connection from reducer vm3:r0
(vm20:m0) All reducers connected, waiting for threads to terminate
(vm20:m0) waiting on semaphore
(vm20:m0) -> 1 threads still running
(vm20:m0) waiting on semaphore
(vm20:m0) -> 1 threads still running
(vm20:m0) waiting on semaphore
(vm20:m0) -> 1 threads still running
(vm20:m0) waiting on semaphore
(vm20:m0) -> 1 threads still running
(vm20:m0) waiting on semaphore
(vm20:m0) -> 1 threads still running
(vm20:m0) waiting on semaphore
(vm20:m0) -> 1 threads still running
(vm20:m0) waiting on semaphore
(vm20:m0) -> 1 threads still running
(vm20:m0) waiting on semaphore
(vm20:m0) -> 1 threads still running
(vm20:m0) waiting on semaphore
(vm20:m0) -> 1 threads still running
(vm20:m0) waiting on semaphore
(vm20:m0) -> 1 threads still running
(vm20:m0) waiting on semaphore
(vm20:m0) -> 1 threads still running
(vm20:m0) waiting on semaphore
(vm20:m0) -> 1 threads still running
(vm20:m0) waiting on semaphore
(vm20:m0) -> 1 threads still running
(vm20:m0) waiting on semaphore
(vm20:m0) -> 1 threads still running
(vm20:m0) waiting on semaphore
(vm20:m0) -> 1 threads still running
(vm20:m0) waiting on semaphore
(vm20:m0) -> 1 threads still running
(vm20:m0) waiting on semaphore
(vm20:m0) -> 1 threads still running
(vm20:m0) waiting on semaphore
(vm20:m0) -> 1 threads still running
(vm20:m0) waiting on semaphore
(vm20:m0) -> 1 threads still running
(vm20:m0) waiting on semaphore
(vm20:m0) -> 1 threads still running
(vm20:m0) waiting on semaphore
(vm20:m0) -> 1 threads still running
(vm20:m0) waiting on semaphore
(vm20:m0) -> 1 threads still running
(vm20:m0) waiting on semaphore
(vm20:m0) -> 1 threads still running
(vm20:m0) waiting on semaphore
(vm20:m0) -> 1 threads still running
(vm20:m0) waiting on semaphore
(vm20:m0) -> 1 threads still running
(vm20:m0) waiting on semaphore
(vm20:m0) -> 1 threads still running
(vm20:m0) waiting on semaphore
(vm20:m0) -> 1 threads still running
(vm20:m0) waiting on semaphore
(vm20:m0) -> 1 threads still running
(vm20:m0) waiting on semaphore
(vm20:m0) -> 1 threads still running
(vm20:m0) waiting on semaphore
(vm20:m0) -> 1 threads still running
(vm20:m0) waiting on semaphore
(vm20:m0) -> 1 threads still running
(vm20:m0) waiting on semaphore
(vm20:m0) -> 1 threads still running
(vm20:m0) waiting on semaphore
(vm20:m0) -> 1 threads still running
(vm20:m0) waiting on semaphore
(vm20:m0) -> 1 threads still running
(vm20:m0) waiting on semaphore
(vm20:m0) -> 1 threads still running
(vm20:m0) waiting on semaphore
(vm20:m0) -> 1 threads still running
(vm20:m0) waiting on semaphore
(vm20:m0) -> 1 threads still running
(vm20:m0) waiting on semaphore
(vm20:m0) -> 1 threads still running
(vm20:m0) waiting on semaphore
(vm20:m0) -> 1 threads still running
(vm20:m0) waiting on semaphore
(vm20:m0:th1) connection started, have to send 5546187 bytes to vm3:r0
(vm20:m0:th1) all data sent, closing connection to vm3:r0
(vm20:m0:th1) waiting for something to do...
(vm20:m0) Sending exit signal to all threads
(vm20:m0:th0) got exit signal
(vm20:m0:th2) got exit signal
(vm20:m0:th3) got exit signal
(vm20:m0:th4) got exit signal
(vm20:m0:th1) got exit signal
(vm20:m0) thread vm20:m0:th0 joined
(vm20:m0) thread vm20:m0:th1 joined
(vm20:m0) thread vm20:m0:th2 joined
(vm20:m0) thread vm20:m0:th3 joined
(vm20:m0) thread vm20:m0:th4 joined
(vm20:m0) all done, exiting
*RES* start node vm20:m0
*RES* vm20:m0:th2,1406558540666,5,2,5546188
*RES* vm20:m0:th0,1406558540647,84,6,5546188
*RES* vm20:m0:th0,1406558540747,0,7,5546188
*RES* vm20:m0:th1,1406558540661,92,6,5546188
*RES* vm20:m0:th0,1406558540784,0,7,5546188
*RES* vm20:m0:th1,1406558540793,0,6,5546188
*RES* vm20:m0:th0,1406558540812,0,7,5546188
*RES* vm20:m0:th1,1406558540821,0,6,5546188
*RES* vm20:m0:th0,1406558540823,0,7,5546188
*RES* vm20:m0:th1,1406558540832,0,6,5546188
*RES* vm20:m0:th2,1406558540747,0,3,5546188
*RES* vm20:m0:th0,1406558540836,0,7,5546188
*RES* vm20:m0:th1,1406558540836,0,6,5546188
*RES* vm20:m0:th0,1406558540841,1,7,5546188
*RES* vm20:m0:th1,1406558540842,0,6,5546188
*RES* vm20:m0:th0,1406558540854,0,7,5546188
*RES* vm20:m0:th2,1406558540838,0,3,5546188
*RES* vm20:m0:th0,1406558540860,1,7,5546188
*RES* vm20:m0:th1,1406558540860,0,7,5546188
*RES* vm20:m0:th0,1406558540883,0,7,5546188
*RES* vm20:m0:th1,1406558540885,0,7,5546188
*RES* vm20:m0:th0,1406558540886,0,8,5546188
*RES* vm20:m0:th1,1406558540895,0,7,5546188
*RES* vm20:m0:th0,1406558540896,0,8,5546188
*RES* vm20:m0:th1,1406558540898,0,7,5546188
*RES* vm20:m0:th2,1406558540865,0,3,5546188
*RES* vm20:m0:th0,1406558540908,0,8,5546188
*RES* vm20:m0:th1,1406558540908,0,7,5546188
*RES* vm20:m0:th0,1406558540912,0,8,5546188
*RES* vm20:m0:th1,1406558540920,0,7,5546188
*RES* vm20:m0:th0,1406558540921,0,8,5546188
*RES* vm20:m0:th1,1406558540922,0,7,5546188
*RES* vm20:m0:th0,1406558540924,0,9,5546188
*RES* vm20:m0:th1,1406558540933,0,7,5546188
*RES* vm20:m0:th2,1406558540910,0,3,5546188
*RES* vm20:m0:th0,1406558540956,0,9,5546188
*RES* vm20:m0:th1,1406558540956,0,8,5546188
*RES* vm20:m0:th0,1406558540960,0,11,5546188
*RES* vm20:m0:th1,1406558540961,0,8,5546188
*RES* vm20:m0:th0,1406558541086,0,11,5546188
*RES* vm20:m0:th1,1406558541128,0,8,5546188
*RES* vm20:m0:th2,1406558540959,0,3,5546188
*RES* vm20:m0:th3,1406558540679,116,6,5546188
*RES* vm20:m0:th4,1406558540748,96,5,5546188
*RES* end node vm20:m0
(main) Thread vm20:m0 joined
(main) Waiting for thread vm20:r0 to join...
(vm20:r0:th3:8) Connection to vm44:m0 finished, received 11092383 bytes
(vm20:r0:th3) Got data from all mappers, this reducer connection has finished.
(vm20:r0:th1:5) Connection to vm27:m0 finished, received 11092380 bytes
(vm20:r0:th1:6) Connection established with mapper vm32:m0
(vm20:r0:th0:8) Connection to vm41:m0 finished, received 16638570 bytes
(vm20:r0:th0) Got data from all mappers, this reducer connection has finished.
(vm20:r0) thread th0 joined, 4 connection threads remaining
(vm20:r0:th4:7) Connection to vm40:m0 finished, received 38823317 bytes
(vm20:r0:th4) Got data from all mappers, this reducer connection has finished.
(vm20:r0:th1:6) Connection to vm32:m0 finished, received 16638568 bytes
(vm20:r0:th1:7) Connection established with mapper vm37:m0
(vm20:r0:th1:7) Connection to vm37:m0 finished, received 16638569 bytes
(vm20:r0:th1:8) Connection established with mapper vm42:m0
(vm20:r0:th1:8) Connection to vm42:m0 finished, received 16638570 bytes
(vm20:r0:th1) Got data from all mappers, this reducer connection has finished.
(vm20:r0) thread th1 joined, 3 connection threads remaining
(vm20:r0) thread th2 joined, 2 connection threads remaining
(vm20:r0) thread th3 joined, 1 connection threads remaining
(vm20:r0) thread th4 joined, 0 connection threads remaining
(vm20:r0) all done, exiting
*RES* start node vm20:r0
*RES* vm20:r0:th0:0,1406558540448,388,11,5546188
*RES* vm20:r0:th0:1,1406558540836,11,11,5546189
*RES* vm20:r0:th0:2,1406558540846,7,11,5546190
*RES* vm20:r0:th0:3,1406558540854,10,12,5546191
*RES* vm20:r0:th0:4,1406558540864,8,12,5546192
*RES* vm20:r0:th0:5,1406558540872,9,12,5546193
*RES* vm20:r0:th0:6,1406558540881,185,23,11092381
*RES* vm20:r0:th0:7,1406558541066,12,25,11092382
*RES* vm20:r0:th0:8,1406558541078,128,35,16638570
*RES* vm20:r0:th1:0,1406558540448,453,10,5546188
*RES* vm20:r0:th1:1,1406558540901,8,10,5546189
*RES* vm20:r0:th1:2,1406558540909,10,10,5546190
*RES* vm20:r0:th1:3,1406558540919,6,11,5546191
*RES* vm20:r0:th1:4,1406558540926,7,11,5546192
*RES* vm20:r0:th1:5,1406558540933,211,24,11092380
*RES* vm20:r0:th1:6,1406558541144,242,32,16638568
*RES* vm20:r0:th1:7,1406558541386,1,32,16638569
*RES* vm20:r0:th1:8,1406558541387,1,33,16638570
*RES* vm20:r0:th2:0,1406558540448,354,11,5546188
*RES* vm20:r0:th2:1,1406558540802,3,11,5546189
*RES* vm20:r0:th2:2,1406558540805,2,11,5546190
*RES* vm20:r0:th2:3,1406558540807,2,11,5546191
*RES* vm20:r0:th2:4,1406558540809,8,11,5546192
*RES* vm20:r0:th2:5,1406558540817,4,12,5546193
*RES* vm20:r0:th2:6,1406558540821,5,12,5546194
*RES* vm20:r0:th2:7,1406558540826,109,22,11092382
*RES* vm20:r0:th2:8,1406558540935,169,33,16638570
*RES* vm20:r0:th3:0,1406558540448,384,11,5546188
*RES* vm20:r0:th3:1,1406558540832,6,11,5546189
*RES* vm20:r0:th3:2,1406558540838,16,12,5546190
*RES* vm20:r0:th3:3,1406558540854,9,12,5546191
*RES* vm20:r0:th3:4,1406558540865,8,13,5546192
*RES* vm20:r0:th3:5,1406558540874,9,13,5546193
*RES* vm20:r0:th3:6,1406558540882,233,27,11092381
*RES* vm20:r0:th3:7,1406558541116,6,27,11092382
*RES* vm20:r0:th3:8,1406558541122,8,27,11092383
*RES* vm20:r0:th4:0,1406558540448,16,0,1
*RES* vm20:r0:th4:1,1406558540463,114,9,5546189
*RES* vm20:r0:th4:2,1406558540578,88,18,11092377
*RES* vm20:r0:th4:3,1406558540666,7,20,16638565
*RES* vm20:r0:th4:4,1406558540673,122,30,22184753
*RES* vm20:r0:th4:5,1406558540795,110,38,27730941
*RES* vm20:r0:th4:6,1406558540905,133,47,33277129
*RES* vm20:r0:th4:7,1406558541038,218,59,38823317
*RES* end node vm20:r0
(main) Thread vm20:r0 joined
Worker terminating correctly
