OSMeF worker starting
Enabling core dumping
Listening for command connection
CONF: mapper on port 23330
CONF: -> will serve 44 reducers
(main) new thread ID: vm33:m0
(vm33:m0) Mapper thread started
(vm33:m0) Binding to port 23330
(vm33:m0) Got START signal
(vm33:m0) new thread ID: vm33:m0:th0
(vm33:m0:th0) waiting for something to do...
CONF: reducer
(main) new thread ID: vm33:r0
(vm33:r0) Reducer thread started
(vm33:r0) waiting for START message
(main) Waiting for thread vm33:m0 to join...
(vm33:r0) got START message
(vm33:r0) new thread ID: th0
(vm33:r0) new thread ID: th1
(vm33:r0) new thread ID: th2
(vm33:r0) new thread ID: th3
(vm33:r0) new thread ID: th4
(vm33:r0:th2:0) Connection established with mapper vm3:m0
(vm33:r0:th1:0) Connection established with mapper vm2:m0
(vm33:r0:th3:0) Connection established with mapper vm4:m0
(vm33:r0:th4:0) Connection established with mapper vm5:m0
(vm33:r0:th0:0) Connection established with mapper vm1:m0
(vm33:m0) Got connection from reducer vm35:r0
(vm33:m0) new thread ID: vm33:m0:th1
(vm33:m0:th0) connection started, have to send 5546187 bytes to vm35:r0
(vm33:m0:th1) waiting for something to do...
(vm33:m0) Got connection from reducer vm42:r0
(vm33:m0) new thread ID: vm33:m0:th2
(vm33:m0:th1) connection started, have to send 5546187 bytes to vm42:r0
(vm33:m0:th2) waiting for something to do...
(vm33:m0) Got connection from reducer vm41:r0
(vm33:m0) new thread ID: vm33:m0:th3
(vm33:m0:th2) connection started, have to send 5546187 bytes to vm41:r0
(vm33:m0:th3) waiting for something to do...
(vm33:r0:th3:0) Connection to vm4:m0 finished, received 5546188 bytes
(vm33:r0:th3:1) Connection established with mapper vm9:m0
(vm33:r0:th3:1) Connection to vm9:m0 finished, received 5546189 bytes
(vm33:r0:th3:2) Connection established with mapper vm14:m0
(vm33:m0) Got connection from reducer vm11:r0
(vm33:m0) new thread ID: vm33:m0:th4
(vm33:r0:th3:2) Connection to vm14:m0 finished, received 5546190 bytes
(vm33:m0:th3) connection started, have to send 5546187 bytes to vm11:r0
(vm33:m0:th4) waiting for something to do...
(vm33:m0) Got connection from reducer vm21:r0
(vm33:m0) new thread ID: vm33:m0:th5
(vm33:r0:th3:3) Connection established with mapper vm19:m0
(vm33:m0:th4) connection started, have to send 5546187 bytes to vm21:r0
(vm33:m0) Got connection from reducer vm26:r0
(vm33:m0) new thread ID: vm33:m0:th6
(vm33:m0:th5) waiting for something to do...
(vm33:m0:th5) connection started, have to send 5546187 bytes to vm26:r0
(vm33:m0:th6) waiting for something to do...
(vm33:r0:th3:3) Connection to vm19:m0 finished, received 5546191 bytes
(vm33:r0:th3:4) Connection established with mapper vm24:m0
(vm33:m0:th0) all data sent, closing connection to vm35:r0
(vm33:m0:th0) waiting for something to do...
(vm33:r0:th3:4) Connection to vm24:m0 finished, received 5546192 bytes
(vm33:m0) Got connection from reducer vm9:r0
(vm33:m0:th6) connection started, have to send 5546187 bytes to vm9:r0
(vm33:m0) Got connection from reducer vm20:r0
(vm33:m0) new thread ID: vm33:m0:th7
(vm33:m0) Got connection from reducer vm7:r0
(vm33:m0) new thread ID: vm33:m0:th8
(vm33:m0:th0) connection started, have to send 5546187 bytes to vm20:r0
(vm33:m0:th0) all data sent, closing connection to vm20:r0
(vm33:m0:th0) waiting for something to do...
(vm33:m0:th7) waiting for something to do...
(vm33:m0:th7) connection started, have to send 5546187 bytes to vm7:r0
(vm33:m0:th8) waiting for something to do...
(vm33:r0:th3:5) Connection established with mapper vm29:m0
(vm33:m0) Got connection from reducer vm6:r0
(vm33:m0:th8) connection started, have to send 5546187 bytes to vm6:r0
(vm33:m0) Got connection from reducer vm27:r0
(vm33:m0) new thread ID: vm33:m0:th9
(vm33:m0:th0) connection started, have to send 5546187 bytes to vm27:r0
(vm33:m0:th0) all data sent, closing connection to vm27:r0
(vm33:m0:th0) waiting for something to do...
(vm33:m0:th9) waiting for something to do...
(vm33:m0) Got connection from reducer vm12:r0
(vm33:m0:th9) connection started, have to send 5546187 bytes to vm12:r0
(vm33:m0) Got connection from reducer vm44:r0
(vm33:m0) new thread ID: vm33:m0:th10
(vm33:m0:th0) connection started, have to send 5546187 bytes to vm44:r0
(vm33:m0:th0) all data sent, closing connection to vm44:r0
(vm33:m0:th0) waiting for something to do...
(vm33:m0:th10) waiting for something to do...
(vm33:m0) Got connection from reducer vm25:r0
(vm33:m0:th10) connection started, have to send 5546187 bytes to vm25:r0
(vm33:m0) Got connection from reducer vm8:r0
(vm33:m0) new thread ID: vm33:m0:th11
(vm33:m0:th0) connection started, have to send 5546187 bytes to vm8:r0
(vm33:m0:th0) all data sent, closing connection to vm8:r0
(vm33:m0:th0) waiting for something to do...
(vm33:m0:th11) waiting for something to do...
(vm33:m0) Got connection from reducer vm10:r0
(vm33:m0) Got connection from reducer vm17:r0
(vm33:m0) new thread ID: vm33:m0:th12
(vm33:m0:th0) connection started, have to send 5546187 bytes to vm17:r0
(vm33:m0:th0) all data sent, closing connection to vm17:r0
(vm33:m0:th0) waiting for something to do...
(vm33:m0:th11) connection started, have to send 5546187 bytes to vm10:r0
(vm33:m0:th12) waiting for something to do...
(vm33:r0:th2:0) Connection to vm3:m0 finished, received 5546188 bytes
(vm33:m0) Got connection from reducer vm30:r0
(vm33:r0:th2:1) Connection established with mapper vm8:m0
(vm33:r0:th4:0) Connection to vm5:m0 finished, received 5546188 bytes
(vm33:m0:th12) connection started, have to send 5546187 bytes to vm30:r0
(vm33:m0) Got connection from reducer vm32:r0
(vm33:m0) new thread ID: vm33:m0:th13
(vm33:m0:th0) connection started, have to send 5546187 bytes to vm32:r0
(vm33:m0:th0) all data sent, closing connection to vm32:r0
(vm33:m0:th0) waiting for something to do...
(vm33:r0:th0:0) Connection to vm1:m0 finished, received 5546188 bytes
(vm33:m0:th13) waiting for something to do...
(vm33:r0:th4:1) Connection established with mapper vm10:m0
(vm33:r0:th2:1) Connection to vm8:m0 finished, received 5546189 bytes
(vm33:r0:th0:1) Connection established with mapper vm6:m0
(vm33:r0:th2:2) Connection established with mapper vm13:m0
(vm33:r0:th4:1) Connection to vm10:m0 finished, received 5546189 bytes
(vm33:m0) Got connection from reducer vm28:r0
(vm33:r0:th2:2) Connection to vm13:m0 finished, received 5546190 bytes
(vm33:m0:th13) connection started, have to send 5546187 bytes to vm28:r0
(vm33:r0:th4:2) Connection established with mapper vm15:m0
(vm33:m0) Got connection from reducer vm37:r0
(vm33:m0) new thread ID: vm33:m0:th14
(vm33:m0:th0) connection started, have to send 5546187 bytes to vm37:r0
(vm33:m0:th0) all data sent, closing connection to vm37:r0
(vm33:m0:th0) waiting for something to do...
(vm33:m0:th14) waiting for something to do...
(vm33:r0:th2:3) Connection established with mapper vm18:m0
(vm33:r0:th0:1) Connection to vm6:m0 finished, received 5546189 bytes
(vm33:r0:th4:2) Connection to vm15:m0 finished, received 5546190 bytes
(vm33:m0) Got connection from reducer vm14:r0
(vm33:m0) Got connection from reducer vm23:r0
(vm33:m0) new thread ID: vm33:m0:th15
(vm33:m0:th0) connection started, have to send 5546187 bytes to vm23:r0
(vm33:m0:th0) all data sent, closing connection to vm23:r0
(vm33:m0:th0) waiting for something to do...
(vm33:r0:th2:3) Connection to vm18:m0 finished, received 5546191 bytes
(vm33:r0:th0:2) Connection established with mapper vm11:m0
(vm33:m0:th14) connection started, have to send 5546187 bytes to vm14:r0
(vm33:m0:th15) waiting for something to do...
(vm33:m0) Got connection from reducer vm29:r0
(vm33:m0) Got connection from reducer vm36:r0
(vm33:m0) new thread ID: vm33:m0:th16
(vm33:m0:th0) connection started, have to send 5546187 bytes to vm36:r0
(vm33:m0:th0) all data sent, closing connection to vm36:r0
(vm33:m0:th0) waiting for something to do...
(vm33:r0:th4:3) Connection established with mapper vm20:m0
(vm33:m0:th15) connection started, have to send 5546187 bytes to vm29:r0
(vm33:m0:th16) waiting for something to do...
(vm33:r0:th0:2) Connection to vm11:m0 finished, received 5546190 bytes
(vm33:r0:th2:4) Connection established with mapper vm23:m0
(vm33:m0) Got connection from reducer vm13:r0
(vm33:m0:th16) connection started, have to send 5546187 bytes to vm13:r0
(vm33:r0:th4:3) Connection to vm20:m0 finished, received 5546191 bytes
(vm33:m0:th1) all data sent, closing connection to vm42:r0
(vm33:m0:th1) waiting for something to do...
(vm33:r0:th0:3) Connection established with mapper vm16:m0
(vm33:r0:th2:4) Connection to vm23:m0 finished, received 5546192 bytes
(vm33:m0) Got connection from reducer vm43:r0
(vm33:m0) Got connection from reducer vm38:r0
(vm33:m0) new thread ID: vm33:m0:th17
(vm33:m0:th0) connection started, have to send 5546187 bytes to vm43:r0
(vm33:r0:th0:3) Connection to vm16:m0 finished, received 5546191 bytes
(vm33:r0:th4:4) Connection established with mapper vm25:m0
(vm33:r0:th2:5) Connection established with mapper vm28:m0
(vm33:m0) Got connection from reducer vm19:r0
(vm33:m0) new thread ID: vm33:m0:th18
(vm33:m0:th1) connection started, have to send 5546187 bytes to vm38:r0
(vm33:m0:th1) all data sent, closing connection to vm38:r0
(vm33:m0:th1) waiting for something to do...
(vm33:m0:th0) all data sent, closing connection to vm43:r0
(vm33:m0:th0) waiting for something to do...
(vm33:m0:th18) waiting for something to do...
(vm33:m0:th17) waiting for something to do...
(vm33:m0:th17) connection started, have to send 5546187 bytes to vm19:r0
(vm33:r0:th0:4) Connection established with mapper vm21:m0
(vm33:r0:th2:5) Connection to vm28:m0 finished, received 5546193 bytes
(vm33:r0:th2:6) Connection established with mapper vm33:m0
(vm33:m0) Got connection from reducer vm39:r0
(vm33:m0) Got connection from reducer vm33:r0
(vm33:m0:th0) connection started, have to send 5546187 bytes to vm33:r0
(vm33:m0:th0) all data sent, closing connection to vm33:r0
(vm33:m0:th0) waiting for something to do...
(vm33:r0:th2:6) Connection to vm33:m0 finished, received 5546194 bytes
(vm33:m0:th18) connection started, have to send 5546187 bytes to vm39:r0
(vm33:r0:th0:4) Connection to vm21:m0 finished, received 5546192 bytes
(vm33:m0) Got connection from reducer vm40:r0
(vm33:m0) Got connection from reducer vm22:r0
(vm33:m0) new thread ID: vm33:m0:th19
(vm33:m0:th1) connection started, have to send 5546187 bytes to vm40:r0
(vm33:m0:th1) all data sent, closing connection to vm40:r0
(vm33:m0:th1) waiting for something to do...
(vm33:r0:th2:7) Connection established with mapper vm38:m0
(vm33:r0:th0:5) Connection established with mapper vm26:m0
(vm33:m0:th0) connection started, have to send 5546187 bytes to vm22:r0
(vm33:m0:th0) all data sent, closing connection to vm22:r0
(vm33:m0:th0) waiting for something to do...
(vm33:m0:th19) waiting for something to do...
(vm33:r0:th1:0) Connection to vm2:m0 finished, received 5546188 bytes
(vm33:m0) Got connection from reducer vm24:r0
(vm33:r0:th0:5) Connection to vm26:m0 finished, received 5546193 bytes
(vm33:m0) Got connection from reducer vm15:r0
(vm33:m0:th0) connection started, have to send 5546187 bytes to vm15:r0
(vm33:m0:th0) all data sent, closing connection to vm15:r0
(vm33:m0:th0) waiting for something to do...
(vm33:m0:th19) connection started, have to send 5546187 bytes to vm24:r0
(vm33:r0:th4:4) Connection to vm25:m0 finished, received 5546192 bytes
(vm33:r0:th0:6) Connection established with mapper vm31:m0
(vm33:r0:th1:1) Connection established with mapper vm7:m0
(vm33:r0:th0:6) Connection to vm31:m0 finished, received 5546194 bytes
(vm33:r0:th4:5) Connection established with mapper vm30:m0
(vm33:r0:th1:1) Connection to vm7:m0 finished, received 5546189 bytes
(vm33:m0) Got connection from reducer vm16:r0
(vm33:m0) Got connection from reducer vm4:r0
(vm33:m0) new thread ID: vm33:m0:th20
(vm33:m0) Got connection from reducer vm3:r0
(vm33:m0) new thread ID: vm33:m0:th21
(vm33:m0:th1) connection started, have to send 5546187 bytes to vm16:r0
(vm33:m0:th1) all data sent, closing connection to vm16:r0
(vm33:m0:th1) waiting for something to do...
(vm33:r0:th0:7) Connection established with mapper vm36:m0
(vm33:m0:th0) connection started, have to send 5546187 bytes to vm4:r0
(vm33:m0:th0) all data sent, closing connection to vm4:r0
(vm33:m0:th0) waiting for something to do...
(vm33:m0:th20) waiting for something to do...
(vm33:m0:th20) connection started, have to send 5546187 bytes to vm3:r0
(vm33:m0:th21) waiting for something to do...
(vm33:r0:th1:2) Connection established with mapper vm12:m0
(vm33:m0) Got connection from reducer vm1:r0
(vm33:m0:th21) connection started, have to send 5546187 bytes to vm1:r0
(vm33:r0:th1:2) Connection to vm12:m0 finished, received 5546190 bytes
(vm33:r0:th1:3) Connection established with mapper vm17:m0
(vm33:r0:th1:3) Connection to vm17:m0 finished, received 5546191 bytes
(vm33:r0:th1:4) Connection established with mapper vm22:m0
(vm33:r0:th1:4) Connection to vm22:m0 finished, received 5546192 bytes
(vm33:m0:th4) all data sent, closing connection to vm21:r0
(vm33:m0:th4) waiting for something to do...
(vm33:r0:th1:5) Connection established with mapper vm27:m0
(vm33:m0:th2) all data sent, closing connection to vm41:r0
(vm33:m0:th2) waiting for something to do...
(vm33:r0:th1:5) Connection to vm27:m0 finished, received 5546193 bytes
(vm33:r0:th1:6) Connection established with mapper vm32:m0
(vm33:m0:th3) all data sent, closing connection to vm11:r0
(vm33:m0:th3) waiting for something to do...
(vm33:m0) Got connection from reducer vm5:r0
(vm33:m0:th0) connection started, have to send 5546187 bytes to vm5:r0
(vm33:m0:th0) all data sent, closing connection to vm5:r0
(vm33:m0:th0) waiting for something to do...
(vm33:m0) Got connection from reducer vm31:r0
(vm33:m0:th1) connection started, have to send 5546187 bytes to vm31:r0
(vm33:m0:th1) all data sent, closing connection to vm31:r0
(vm33:m0:th1) waiting for something to do...
(vm33:m0) Got connection from reducer vm2:r0
(vm33:m0:th0) connection started, have to send 5546187 bytes to vm2:r0
(vm33:m0:th0) all data sent, closing connection to vm2:r0
(vm33:m0:th0) waiting for something to do...
(vm33:m0:th6) all data sent, closing connection to vm9:r0
(vm33:m0:th6) waiting for something to do...
(vm33:m0:th5) all data sent, closing connection to vm26:r0
(vm33:m0:th5) waiting for something to do...
(vm33:m0) Got connection from reducer vm18:r0
(vm33:m0:th1) connection started, have to send 5546187 bytes to vm18:r0
(vm33:m0:th1) all data sent, closing connection to vm18:r0
(vm33:m0:th1) waiting for something to do...
(vm33:m0:th9) all data sent, closing connection to vm12:r0
(vm33:m0:th9) waiting for something to do...
(vm33:m0) Got connection from reducer vm34:r0
(vm33:m0:th0) connection started, have to send 5546187 bytes to vm34:r0
(vm33:m0:th0) all data sent, closing connection to vm34:r0
(vm33:m0:th0) waiting for something to do...
(vm33:m0) All reducers connected, waiting for threads to terminate
(vm33:m0) waiting on semaphore
(vm33:m0) -> 14 threads still running
(vm33:m0) waiting on semaphore
(vm33:m0) -> 14 threads still running
(vm33:m0) waiting on semaphore
(vm33:m0) -> 14 threads still running
(vm33:m0) waiting on semaphore
(vm33:m0) -> 14 threads still running
(vm33:m0) waiting on semaphore
(vm33:m0) -> 14 threads still running
(vm33:m0) waiting on semaphore
(vm33:m0) -> 14 threads still running
(vm33:m0) waiting on semaphore
(vm33:m0) -> 14 threads still running
(vm33:m0) waiting on semaphore
(vm33:m0) -> 14 threads still running
(vm33:m0) waiting on semaphore
(vm33:m0) -> 14 threads still running
(vm33:m0) waiting on semaphore
(vm33:m0) -> 14 threads still running
(vm33:m0) waiting on semaphore
(vm33:m0) -> 14 threads still running
(vm33:m0) waiting on semaphore
(vm33:m0) -> 14 threads still running
(vm33:m0) waiting on semaphore
(vm33:m0) -> 14 threads still running
(vm33:m0) waiting on semaphore
(vm33:m0) -> 14 threads still running
(vm33:m0) waiting on semaphore
(vm33:m0) -> 14 threads still running
(vm33:m0) waiting on semaphore
(vm33:m0) -> 14 threads still running
(vm33:m0) waiting on semaphore
(vm33:m0) -> 14 threads still running
(vm33:m0) waiting on semaphore
(vm33:m0) -> 14 threads still running
(vm33:m0) waiting on semaphore
(vm33:m0) -> 14 threads still running
(vm33:m0) waiting on semaphore
(vm33:m0) -> 14 threads still running
(vm33:m0) waiting on semaphore
(vm33:m0) -> 14 threads still running
(vm33:m0) waiting on semaphore
(vm33:m0) -> 14 threads still running
(vm33:m0) waiting on semaphore
(vm33:m0) -> 14 threads still running
(vm33:m0) waiting on semaphore
(vm33:m0) -> 14 threads still running
(vm33:m0) waiting on semaphore
(vm33:m0) -> 14 threads still running
(vm33:m0) waiting on semaphore
(vm33:m0) -> 14 threads still running
(vm33:m0) waiting on semaphore
(vm33:m0:th11) all data sent, closing connection to vm10:r0
(vm33:m0) -> 13 threads still running
(vm33:m0) waiting on semaphore
(vm33:m0:th11) waiting for something to do...
(vm33:m0:th7) all data sent, closing connection to vm7:r0
(vm33:m0) -> 12 threads still running
(vm33:m0) waiting on semaphore
(vm33:m0:th8) all data sent, closing connection to vm6:r0
(vm33:m0) -> 11 threads still running
(vm33:m0) waiting on semaphore
(vm33:m0:th8) waiting for something to do...
(vm33:m0:th7) waiting for something to do...
(vm33:m0:th13) all data sent, closing connection to vm28:r0
(vm33:m0) -> 10 threads still running
(vm33:m0) waiting on semaphore
(vm33:m0:th13) waiting for something to do...
(vm33:m0:th10) all data sent, closing connection to vm25:r0
(vm33:m0:th10) waiting for something to do...
(vm33:m0) -> 9 threads still running
(vm33:m0) waiting on semaphore
(vm33:m0:th16) all data sent, closing connection to vm13:r0
(vm33:m0) -> 8 threads still running
(vm33:m0) waiting on semaphore
(vm33:m0:th16) waiting for something to do...
(vm33:m0:th14) all data sent, closing connection to vm14:r0
(vm33:m0) -> 7 threads still running
(vm33:m0) waiting on semaphore
(vm33:m0:th14) waiting for something to do...
(vm33:m0:th17) all data sent, closing connection to vm19:r0
(vm33:m0) -> 6 threads still running
(vm33:m0) waiting on semaphore
(vm33:m0:th17) waiting for something to do...
(vm33:r0:th3:5) Connection to vm29:m0 finished, received 11092380 bytes
(vm33:r0:th3:6) Connection established with mapper vm34:m0
(vm33:r0:th3:6) Connection to vm34:m0 finished, received 11092381 bytes
(vm33:r0:th3:7) Connection established with mapper vm39:m0
(vm33:r0:th3:7) Connection to vm39:m0 finished, received 11092382 bytes
(vm33:r0:th3:8) Connection established with mapper vm44:m0
(vm33:m0:th15) all data sent, closing connection to vm29:r0
(vm33:m0) -> 5 threads still running
(vm33:m0) waiting on semaphore
(vm33:m0:th15) waiting for something to do...
(vm33:r0:th3:8) Connection to vm44:m0 finished, received 11092383 bytes
(vm33:r0:th3) Got data from all mappers, this reducer connection has finished.
(vm33:m0:th19) all data sent, closing connection to vm24:r0
(vm33:m0) -> 4 threads still running
(vm33:m0) waiting on semaphore
(vm33:m0:th19) waiting for something to do...
(vm33:r0:th2:7) Connection to vm38:m0 finished, received 11092382 bytes
(vm33:r0:th2:8) Connection established with mapper vm43:m0
(vm33:m0:th21) all data sent, closing connection to vm1:r0
(vm33:m0) -> 3 threads still running
(vm33:m0) waiting on semaphore
(vm33:m0:th21) waiting for something to do...
(vm33:r0:th2:8) Connection to vm43:m0 finished, received 11092383 bytes
(vm33:r0:th2) Got data from all mappers, this reducer connection has finished.
(vm33:m0:th20) all data sent, closing connection to vm3:r0
(vm33:m0) -> 2 threads still running
(vm33:m0) waiting on semaphore
(vm33:m0:th20) waiting for something to do...
(vm33:m0:th18) all data sent, closing connection to vm39:r0
(vm33:m0:th18) waiting for something to do...
(vm33:m0) -> 1 threads still running
(vm33:m0) waiting on semaphore
(vm33:r0:th4:5) Connection to vm30:m0 finished, received 11092380 bytes
(vm33:r0:th4:6) Connection established with mapper vm35:m0
(vm33:r0:th4:6) Connection to vm35:m0 finished, received 11092381 bytes
(vm33:r0:th4:7) Connection established with mapper vm40:m0
(vm33:m0:th12) all data sent, closing connection to vm30:r0
(vm33:m0:th12) waiting for something to do...
(vm33:m0) Sending exit signal to all threads
(vm33:m0:th0) got exit signal
(vm33:m0:th1) got exit signal
(vm33:m0:th2) got exit signal
(vm33:m0:th3) got exit signal
(vm33:m0:th4) got exit signal
(vm33:m0:th5) got exit signal
(vm33:m0:th6) got exit signal
(vm33:m0:th7) got exit signal
(vm33:m0:th8) got exit signal
(vm33:m0:th9) got exit signal
(vm33:m0:th10) got exit signal
(vm33:m0:th11) got exit signal
(vm33:m0:th13) got exit signal
(vm33:m0:th14) got exit signal
(vm33:m0:th15) got exit signal
(vm33:m0:th16) got exit signal
(vm33:m0:th17) got exit signal
(vm33:m0:th18) got exit signal
(vm33:m0) thread vm33:m0:th0 joined
(vm33:m0) thread vm33:m0:th1 joined
(vm33:m0) thread vm33:m0:th2 joined
(vm33:m0) thread vm33:m0:th3 joined
(vm33:m0) thread vm33:m0:th4 joined
(vm33:m0) thread vm33:m0:th5 joined
(vm33:m0) thread vm33:m0:th6 joined
(vm33:m0) thread vm33:m0:th7 joined
(vm33:m0) thread vm33:m0:th8 joined
(vm33:m0) thread vm33:m0:th9 joined
(vm33:m0) thread vm33:m0:th10 joined
(vm33:m0) thread vm33:m0:th11 joined
(vm33:m0:th19) got exit signal
(vm33:m0:th12) got exit signal
(vm33:m0) thread vm33:m0:th12 joined
(vm33:m0) thread vm33:m0:th13 joined
(vm33:m0) thread vm33:m0:th14 joined
(vm33:m0) thread vm33:m0:th15 joined
(vm33:m0) thread vm33:m0:th16 joined
(vm33:m0) thread vm33:m0:th17 joined
(vm33:m0) thread vm33:m0:th18 joined
(vm33:m0) thread vm33:m0:th19 joined
(vm33:m0:th21) got exit signal
(vm33:m0:th20) got exit signal
(vm33:m0) thread vm33:m0:th20 joined
(vm33:m0) thread vm33:m0:th21 joined
(vm33:m0) all done, exiting
*RES* start node vm33:m0
*RES* vm33:m0:th0,1406558540747,89,6,5546188
*RES* vm33:m0:th0,1406558540844,0,6,5546188
*RES* vm33:m0:th0,1406558540848,0,6,5546188
*RES* vm33:m0:th0,1406558540858,0,6,5546188
*RES* vm33:m0:th0,1406558540867,1,7,5546188
*RES* vm33:m0:th0,1406558540871,0,7,5546188
*RES* vm33:m0:th0,1406558540892,0,7,5546188
*RES* vm33:m0:th0,1406558540907,0,7,5546188
*RES* vm33:m0:th0,1406558540920,0,7,5546188
*RES* vm33:m0:th0,1406558540924,0,7,5546188
*RES* vm33:m0:th1,1406558540771,166,7,5546188
*RES* vm33:m0:th0,1406558540943,4,9,5546188
*RES* vm33:m0:th1,1406558540946,0,7,5546188
*RES* vm33:m0:th0,1406558540953,0,9,5546188
*RES* vm33:m0:th0,1406558540957,0,9,5546188
*RES* vm33:m0:th1,1406558540956,0,7,5546188
*RES* vm33:m0:th0,1406558540961,0,9,5546188
*RES* vm33:m0:th0,1406558540975,0,10,5546188
*RES* vm33:m0:th1,1406558540974,0,7,5546188
*RES* vm33:m0:th0,1406558541028,0,10,5546188
*RES* vm33:m0:th1,1406558541031,0,7,5546188
*RES* vm33:m0:th0,1406558541034,0,10,5546188
*RES* vm33:m0:th0,1406558541079,0,10,5546188
*RES* vm33:m0:th1,1406558541063,0,7,5546188
*RES* vm33:m0:th2,1406558540812,199,5,5546188
*RES* vm33:m0:th3,1406558540825,202,7,5546188
*RES* vm33:m0:th4,1406558540827,175,5,5546188
*RES* vm33:m0:th5,1406558540828,217,7,5546188
*RES* vm33:m0:th6,1406558540842,199,6,5546188
*RES* vm33:m0:th7,1406558540845,250,7,5546188
*RES* vm33:m0:th8,1406558540848,247,6,5546188
*RES* vm33:m0:th9,1406558540855,218,5,5546188
*RES* vm33:m0:th10,1406558540865,259,6,5546188
*RES* vm33:m0:th11,1406558540871,213,6,5546188
*RES* vm33:m0:th12,1406558540891,326,7,5546188
*RES* vm33:m0:th13,1406558540905,207,8,5546188
*RES* vm33:m0:th14,1406558540922,229,7,5546188
*RES* vm33:m0:th15,1406558540924,250,7,5546188
*RES* vm33:m0:th16,1406558540929,200,6,5546188
*RES* vm33:m0:th17,1406558540946,213,6,5546188
*RES* vm33:m0:th18,1406558540954,252,6,5546188
*RES* vm33:m0:th19,1406558540962,219,6,5546188
*RES* vm33:m0:th20,1406558540975,214,5,5546188
*RES* vm33:m0:th21,1406558540977,211,5,5546188
*RES* end node vm33:m0
(main) Thread vm33:m0 joined
(main) Waiting for thread vm33:r0 to join...
(vm33:r0:th0:7) Connection to vm36:m0 finished, received 11092382 bytes
(vm33:r0:th0:8) Connection established with mapper vm41:m0
(vm33:r0:th0:8) Connection to vm41:m0 finished, received 11092383 bytes
(vm33:r0:th0) Got data from all mappers, this reducer connection has finished.
(vm33:r0) thread th0 joined, 4 connection threads remaining
(vm33:r0:th1:6) Connection to vm32:m0 finished, received 11092381 bytes
(vm33:r0:th1:7) Connection established with mapper vm37:m0
(vm33:r0:th1:7) Connection to vm37:m0 finished, received 11092382 bytes
(vm33:r0:th1:8) Connection established with mapper vm42:m0
(vm33:r0:th1:8) Connection to vm42:m0 finished, received 11092383 bytes
(vm33:r0:th1) Got data from all mappers, this reducer connection has finished.
(vm33:r0) thread th1 joined, 3 connection threads remaining
(vm33:r0) thread th2 joined, 2 connection threads remaining
(vm33:r0) thread th3 joined, 1 connection threads remaining
(vm33:r0:th4:7) Connection to vm40:m0 finished, received 16638569 bytes
(vm33:r0:th4) Got data from all mappers, this reducer connection has finished.
(vm33:r0) thread th4 joined, 0 connection threads remaining
(vm33:r0) all done, exiting
*RES* start node vm33:r0
*RES* vm33:r0:th0:0,1406558540469,424,9,5546188
*RES* vm33:r0:th0:1,1406558540893,23,10,5546189
*RES* vm33:r0:th0:2,1406558540916,12,10,5546190
*RES* vm33:r0:th0:3,1406558540927,18,10,5546191
*RES* vm33:r0:th0:4,1406558540945,10,11,5546192
*RES* vm33:r0:th0:5,1406558540955,4,11,5546193
*RES* vm33:r0:th0:6,1406558540959,7,11,5546194
*RES* vm33:r0:th0:7,1406558540966,307,22,11092382
*RES* vm33:r0:th0:8,1406558541274,1,22,11092383
*RES* vm33:r0:th1:0,1406558540469,490,11,5546188
*RES* vm33:r0:th1:1,1406558540958,13,11,5546189
*RES* vm33:r0:th1:2,1406558540972,10,11,5546190
*RES* vm33:r0:th1:3,1406558540982,11,11,5546191
*RES* vm33:r0:th1:4,1406558540992,10,12,5546192
*RES* vm33:r0:th1:5,1406558541002,18,12,5546193
*RES* vm33:r0:th1:6,1406558541021,332,22,11092381
*RES* vm33:r0:th1:7,1406558541353,1,23,11092382
*RES* vm33:r0:th1:8,1406558541354,0,23,11092383
*RES* vm33:r0:th2:0,1406558540469,413,11,5546188
*RES* vm33:r0:th2:1,1406558540882,14,11,5546189
*RES* vm33:r0:th2:2,1406558540896,9,11,5546190
*RES* vm33:r0:th2:3,1406558540905,15,12,5546191
*RES* vm33:r0:th2:4,1406558540920,20,12,5546192
*RES* vm33:r0:th2:5,1406558540940,11,12,5546193
*RES* vm33:r0:th2:6,1406558540951,2,12,5546194
*RES* vm33:r0:th2:7,1406558540954,231,21,11092382
*RES* vm33:r0:th2:8,1406558541185,3,21,11092383
*RES* vm33:r0:th3:0,1406558540468,352,10,5546188
*RES* vm33:r0:th3:1,1406558540820,3,11,5546189
*RES* vm33:r0:th3:2,1406558540823,1,11,5546190
*RES* vm33:r0:th3:3,1406558540824,9,11,5546191
*RES* vm33:r0:th3:4,1406558540833,5,12,5546192
*RES* vm33:r0:th3:5,1406558540838,323,21,11092380
*RES* vm33:r0:th3:6,1406558541161,6,21,11092381
*RES* vm33:r0:th3:7,1406558541167,4,21,11092382
*RES* vm33:r0:th3:8,1406558541172,8,22,11092383
*RES* vm33:r0:th4:0,1406558540468,423,12,5546188
*RES* vm33:r0:th4:1,1406558540891,11,12,5546189
*RES* vm33:r0:th4:2,1406558540903,13,12,5546190
*RES* vm33:r0:th4:3,1406558540917,17,13,5546191
*RES* vm33:r0:th4:4,1406558540933,29,13,5546192
*RES* vm33:r0:th4:5,1406558540962,244,24,11092380
*RES* vm33:r0:th4:6,1406558541206,2,24,11092381
*RES* vm33:r0:th4:7,1406558541208,236,31,16638569
*RES* end node vm33:r0
(main) Thread vm33:r0 joined
Worker terminating correctly
