OSMeF worker starting
Enabling core dumping
Listening for command connection
(vm21:m0) New mapper on port 23330
(vm21:m0) -> reducer data size 803149472
(vm21:m0) -> reducer data size 803149472
(vm21:m0) -> reducer data size 803149472
(vm21:m0) -> reducer data size 803149472
(vm21:m0) -> reducer data size 803149472
(vm21:m0) -> reducer data size 803149472
(vm21:m0) -> reducer data size 803149472
(vm21:m0) -> reducer data size 803149472
(vm21:m0) -> reducer data size 803149472
(vm21:m0) -> reducer data size 803149472
(vm21:m0) -> reducer data size 803149472
(vm21:m0) -> reducer data size 803149472
(vm21:m0) -> reducer data size 803149472
(vm21:m0) -> reducer data size 803149472
(vm21:m0) -> reducer data size 803149472
(vm21:m0) -> reducer data size 803149472
(vm21:m0) -> reducer data size 803149472
(vm21:m0) -> reducer data size 803149472
(vm21:m0) -> reducer data size 803149472
(vm21:m0) -> reducer data size 803149472
(vm21:m0) -> reducer data size 803149472
(vm21:m0) -> reducer data size 803149472
(vm21:m0) -> reducer data size 803149472
(vm21:m0) -> reducer data size 803149472
(vm21:m0) -> reducer data size 803149472
(vm21:m0) -> reducer data size 803149472
(vm21:m0) -> reducer data size 803149472
(vm21:m0) -> reducer data size 803149472
(vm21:m0) -> reducer data size 803149472
(vm21:m0) -> reducer data size 803149472
(vm21:m0) -> reducer data size 803149472
(vm21:m0) -> reducer data size 803149472
(vm21:m0) -> reducer data size 803149472
(vm21:m0) -> reducer data size 803149472
(vm21:m0) -> reducer data size 803149472
(vm21:m0) -> reducer data size 803149472
(vm21:m0) -> reducer data size 803149472
(vm21:m0) Mapper thread started
(vm21:m0) Allocating data for reducer vm1:r0
(vm21:m0) Allocating data for reducer vm2:r0
(vm21:m0) Allocating data for reducer vm3:r0
(vm21:m0) Allocating data for reducer vm4:r0
(vm21:m0) Allocating data for reducer vm5:r0
(vm21:m0) Allocating data for reducer vm6:r0
(vm21:m0) Allocating data for reducer vm7:r0
(vm21:m0) Allocating data for reducer vm8:r0
(vm21:m0) Allocating data for reducer vm9:r0
(vm21:m0) Allocating data for reducer vm10:r0
(vm21:m0) Allocating data for reducer vm11:r0
(vm21:m0) Allocating data for reducer vm12:r0
(vm21:m0) Allocating data for reducer vm13:r0
(vm21:m0) Allocating data for reducer vm14:r0
(vm21:m0) Allocating data for reducer vm15:r0
(vm21:m0) Allocating data for reducer vm16:r0
(vm21:m0) Allocating data for reducer vm17:r0
(vm21:m0) Allocating data for reducer vm18:r0
(vm21:m0) Allocating data for reducer vm19:r0
(vm21:m0) Allocating data for reducer vm20:r0
(vm21:m0) Allocating data for reducer vm21:r0
(vm21:m0) Allocating data for reducer vm22:r0
(vm21:m0) Allocating data for reducer vm23:r0
(vm21:m0) Allocating data for reducer vm24:r0
(vm21:m0) Allocating data for reducer vm25:r0
(vm21:m0) Allocating data for reducer vm26:r0
(vm21:m0) Allocating data for reducer vm27:r0
(vm21:m0) Allocating data for reducer vm28:r0
(vm21:m0) Allocating data for reducer vm29:r0
(vm21:m0) Allocating data for reducer vm30:r0
(vm21:m0) Allocating data for reducer vm31:r0
(vm21:m0) Allocating data for reducer vm32:r0
(vm21:m0) Allocating data for reducer vm33:r0
(vm21:m0) Allocating data for reducer vm34:r0
(vm21:m0) Allocating data for reducer vm35:r0
(vm21:m0) Allocating data for reducer vm36:r0
(vm21:m0) Allocating data for reducer vm37:r0
(vm21:m0) Binding to port 23330
(vm21:r0) New reducer
(vm21:r0) Reducer thread started
(vm21:r0) waiting for START message
(vm21:r0) got START message
(vm21:r0) Starting new connection thread
(vm21:r0) Starting new connection thread
(vm21:r0) Starting new connection thread
(vm21:r0) Starting new connection thread
(vm21:r0) Starting new connection thread
(vm21:r0) Maximum number of connections reached (5), waiting for a thread to finish
(vm21:r0:2) Connection established
(vm21:r0:4) Connection established
(vm21:r0:0) Connection established
(vm21:r0:3) Connection established
(vm21:r0:1) Connection established
(vm21:r0:4) Connection finished, received 803149473 bytes
(vm21:r0:1) Connection finished, received 803149473 bytes
(vm21:r0:3) Connection finished, received 803149473 bytes
(vm21:r0:0) Connection finished, received 803149473 bytes
(vm21:r0) thread 0 joined, 36 connections remaining
(vm21:r0) Starting new connection thread
(vm21:r0) Maximum number of connections reached (5), waiting for a thread to finish
(vm21:r0:0) Connection established
(vm21:r0:2) Connection finished, received 803149473 bytes
(vm21:r0:0) Connection finished, received 803149473 bytes
(vm21:r0) thread 0 joined, 35 connections remaining
(vm21:r0) Starting new connection thread
(vm21:r0) Maximum number of connections reached (5), waiting for a thread to finish
(vm21:r0:0) Connection established
(vm21:m0) Got connection from reducer vm1:r0
(vm21:m0:0) thread started, have to send 803149472 bytes
(vm21:r0:0) Connection finished, received 803149473 bytes
(vm21:r0) thread 0 joined, 34 connections remaining
(vm21:r0) Starting new connection thread
(vm21:r0) Maximum number of connections reached (5), waiting for a thread to finish
(vm21:r0:0) Connection established
(vm21:m0:0) all data sent, thread exiting
(vm21:m0) Got connection from reducer vm23:r0
(vm21:m0:22) thread started, have to send 803149472 bytes
(vm21:m0) Got connection from reducer vm28:r0
(vm21:m0:27) thread started, have to send 803149472 bytes
(vm21:m0:22) all data sent, thread exiting
(vm21:m0:27) all data sent, thread exiting
(vm21:m0) Got connection from reducer vm27:r0
(vm21:m0:26) thread started, have to send 803149472 bytes
(vm21:m0:26) all data sent, thread exiting
(vm21:r0:0) Connection finished, received 803149473 bytes
(vm21:r0) thread 0 joined, 33 connections remaining
(vm21:r0) Starting new connection thread
(vm21:r0) Maximum number of connections reached (5), waiting for a thread to finish
(vm21:r0:0) Connection established
(vm21:m0) Got connection from reducer vm6:r0
(vm21:m0:5) thread started, have to send 803149472 bytes
(vm21:m0:5) all data sent, thread exiting
(vm21:m0) Got connection from reducer vm13:r0
(vm21:m0:12) thread started, have to send 803149472 bytes
(vm21:m0) Got connection from reducer vm37:r0
(vm21:m0:36) thread started, have to send 803149472 bytes
(vm21:m0) Got connection from reducer vm32:r0
(vm21:m0:31) thread started, have to send 803149472 bytes
(vm21:m0:12) all data sent, thread exiting
(vm21:m0:36) all data sent, thread exiting
(vm21:m0:31) all data sent, thread exiting
(vm21:r0:0) Connection finished, received 803149473 bytes
(vm21:r0) thread 0 joined, 32 connections remaining
(vm21:r0) Starting new connection thread
(vm21:r0) Maximum number of connections reached (5), waiting for a thread to finish
(vm21:r0:0) Connection established
(vm21:m0) Got connection from reducer vm34:r0
(vm21:m0:33) thread started, have to send 803149472 bytes
(vm21:m0) Got connection from reducer vm7:r0
(vm21:m0:6) thread started, have to send 803149472 bytes
(vm21:m0:33) all data sent, thread exiting
(vm21:m0) Got connection from reducer vm33:r0
(vm21:m0:32) thread started, have to send 803149472 bytes
(vm21:m0:6) all data sent, thread exiting
(vm21:r0:0) Connection finished, received 803149473 bytes
(vm21:r0) thread 0 joined, 31 connections remaining
(vm21:r0) Starting new connection thread
(vm21:r0) Maximum number of connections reached (5), waiting for a thread to finish
(vm21:r0:0) Connection established
(vm21:m0:32) all data sent, thread exiting
(vm21:r0:0) Connection finished, received 803149473 bytes
(vm21:r0) thread 0 joined, 30 connections remaining
(vm21:r0) Starting new connection thread
(vm21:r0) Maximum number of connections reached (5), waiting for a thread to finish
(vm21:r0:0) Connection established
(vm21:m0) Got connection from reducer vm29:r0
(vm21:m0:28) thread started, have to send 803149472 bytes
(vm21:m0) Got connection from reducer vm9:r0
(vm21:m0:8) thread started, have to send 803149472 bytes
(vm21:m0) Got connection from reducer vm12:r0
(vm21:m0:11) thread started, have to send 803149472 bytes
(vm21:r0:0) Connection finished, received 803149473 bytes
(vm21:r0) thread 0 joined, 29 connections remaining
(vm21:r0) Starting new connection thread
(vm21:r0) Maximum number of connections reached (5), waiting for a thread to finish
(vm21:r0:0) Connection established
(vm21:m0:28) all data sent, thread exiting
(vm21:m0:8) all data sent, thread exiting
(vm21:m0) Got connection from reducer vm14:r0
(vm21:m0:13) thread started, have to send 803149472 bytes
(vm21:m0) Got connection from reducer vm25:r0
(vm21:m0:24) thread started, have to send 803149472 bytes
(vm21:m0) Got connection from reducer vm19:r0
(vm21:m0:18) thread started, have to send 803149472 bytes
(vm21:r0:0) Connection finished, received 803149473 bytes
(vm21:r0) thread 0 joined, 28 connections remaining
(vm21:r0) Starting new connection thread
(vm21:r0) Maximum number of connections reached (5), waiting for a thread to finish
(vm21:r0:0) Connection established
(vm21:m0:11) all data sent, thread exiting
(vm21:m0:13) all data sent, thread exiting
(vm21:m0:24) all data sent, thread exiting
(vm21:r0:0) Connection finished, received 803149473 bytes
(vm21:r0) thread 0 joined, 27 connections remaining
(vm21:r0) Starting new connection thread
(vm21:r0) Maximum number of connections reached (5), waiting for a thread to finish
(vm21:r0:0) Connection established
(vm21:m0) Got connection from reducer vm5:r0
(vm21:m0:4) thread started, have to send 803149472 bytes
(vm21:m0:18) all data sent, thread exiting
(vm21:r0:0) Connection finished, received 803149473 bytes
(vm21:r0) thread 0 joined, 26 connections remaining
(vm21:r0) Starting new connection thread
(vm21:r0) Maximum number of connections reached (5), waiting for a thread to finish
(vm21:r0:0) Connection established
(vm21:m0) Got connection from reducer vm24:r0
(vm21:m0:23) thread started, have to send 803149472 bytes
(vm21:m0:4) all data sent, thread exiting
(vm21:m0) Got connection from reducer vm22:r0
(vm21:m0:21) thread started, have to send 803149472 bytes
(vm21:m0:23) all data sent, thread exiting
(vm21:r0:0) Connection finished, received 803149473 bytes
(vm21:r0) thread 0 joined, 25 connections remaining
(vm21:r0) Starting new connection thread
(vm21:r0) Maximum number of connections reached (5), waiting for a thread to finish
(vm21:r0:0) Connection established
(vm21:m0) Got connection from reducer vm8:r0
(vm21:m0:7) thread started, have to send 803149472 bytes
(vm21:m0) Got connection from reducer vm18:r0
(vm21:m0:17) thread started, have to send 803149472 bytes
(vm21:m0:21) all data sent, thread exiting
(vm21:r0:0) Connection finished, received 803149473 bytes
(vm21:r0) thread 0 joined, 24 connections remaining
(vm21:r0) Starting new connection thread
(vm21:r0) Maximum number of connections reached (5), waiting for a thread to finish
(vm21:r0:0) Connection established
(vm21:m0:7) all data sent, thread exiting
(vm21:m0) Got connection from reducer vm31:r0
(vm21:m0:30) thread started, have to send 803149472 bytes
(vm21:m0) Got connection from reducer vm36:r0
(vm21:m0:35) thread started, have to send 803149472 bytes
(vm21:m0) Got connection from reducer vm20:r0
(vm21:m0:19) thread started, have to send 803149472 bytes
(vm21:m0) Got connection from reducer vm30:r0
(vm21:m0:29) thread started, have to send 803149472 bytes
(vm21:m0:17) all data sent, thread exiting
(vm21:m0:30) all data sent, thread exiting
(vm21:r0:0) Connection finished, received 803149473 bytes
(vm21:r0) thread 0 joined, 23 connections remaining
(vm21:r0) Starting new connection thread
(vm21:r0) Maximum number of connections reached (5), waiting for a thread to finish
(vm21:r0:0) Connection established
(vm21:m0) Got connection from reducer vm35:r0
(vm21:m0:34) thread started, have to send 803149472 bytes
(vm21:m0:35) all data sent, thread exiting
(vm21:m0:19) all data sent, thread exiting
(vm21:m0:29) all data sent, thread exiting
(vm21:m0) Got connection from reducer vm10:r0
(vm21:m0:9) thread started, have to send 803149472 bytes
(vm21:m0:34) all data sent, thread exiting
(vm21:m0:9) all data sent, thread exiting
(vm21:r0:0) Connection finished, received 803149473 bytes
(vm21:r0) thread 0 joined, 22 connections remaining
(vm21:r0) Starting new connection thread
(vm21:r0) Maximum number of connections reached (5), waiting for a thread to finish
(vm21:r0:0) Connection established
(vm21:m0) Got connection from reducer vm4:r0
(vm21:m0:3) thread started, have to send 803149472 bytes
(vm21:m0) Got connection from reducer vm3:r0
(vm21:m0:2) thread started, have to send 803149472 bytes
(vm21:m0:3) all data sent, thread exiting
(vm21:r0:0) Connection finished, received 803149473 bytes
(vm21:r0) thread 0 joined, 21 connections remaining
(vm21:r0) Starting new connection thread
(vm21:r0) Maximum number of connections reached (5), waiting for a thread to finish
(vm21:r0:0) Connection established
(vm21:m0) Got connection from reducer vm21:r0
(vm21:m0:20) thread started, have to send 803149472 bytes
(vm21:m0) Got connection from reducer vm26:r0
(vm21:m0:25) thread started, have to send 803149472 bytes
(vm21:m0:2) all data sent, thread exiting
(vm21:m0) Got connection from reducer vm11:r0
(vm21:m0:10) thread started, have to send 803149472 bytes
(vm21:m0:20) all data sent, thread exiting
(vm21:r0:0) Connection finished, received 803149473 bytes
(vm21:r0) thread 0 joined, 20 connections remaining
(vm21:r0) Starting new connection thread
(vm21:r0) Maximum number of connections reached (5), waiting for a thread to finish
(vm21:r0:0) Connection established
(vm21:m0) Got connection from reducer vm15:r0
(vm21:m0:14) thread started, have to send 803149472 bytes
(vm21:m0) Got connection from reducer vm17:r0
(vm21:m0:16) thread started, have to send 803149472 bytes
(vm21:m0:25) all data sent, thread exiting
(vm21:m0:10) all data sent, thread exiting
(vm21:r0:0) Connection finished, received 803149473 bytes
(vm21:r0) thread 0 joined, 19 connections remaining
(vm21:r0) Starting new connection thread
(vm21:r0) Maximum number of connections reached (5), waiting for a thread to finish
(vm21:r0:0) Connection established
(vm21:m0:14) all data sent, thread exiting
(vm21:m0) Got connection from reducer vm16:r0
(vm21:m0:15) thread started, have to send 803149472 bytes
(vm21:m0:16) all data sent, thread exiting
(vm21:m0) Got connection from reducer vm2:r0
(vm21:m0) Waiting for a thread to finish
(vm21:m0) thread 0 joined, 36 connections remaining
(vm21:m0) Waiting for a thread to finish
(vm21:m0:1) thread started, have to send 803149472 bytes
(vm21:r0:0) Connection finished, received 803149473 bytes
(vm21:r0) thread 0 joined, 18 connections remaining
(vm21:r0) Starting new connection thread
(vm21:r0) Maximum number of connections reached (5), waiting for a thread to finish
(vm21:r0:0) Connection established
(vm21:m0:15) all data sent, thread exiting
(vm21:m0:1) all data sent, thread exiting
(vm21:m0) thread 1 joined, 35 connections remaining
(vm21:m0) Waiting for a thread to finish
(vm21:m0) thread 2 joined, 34 connections remaining
(vm21:m0) Waiting for a thread to finish
(vm21:m0) thread 3 joined, 33 connections remaining
(vm21:m0) Waiting for a thread to finish
(vm21:m0) thread 4 joined, 32 connections remaining
(vm21:m0) Waiting for a thread to finish
(vm21:m0) thread 5 joined, 31 connections remaining
(vm21:m0) Waiting for a thread to finish
(vm21:m0) thread 6 joined, 30 connections remaining
(vm21:m0) Waiting for a thread to finish
(vm21:m0) thread 7 joined, 29 connections remaining
(vm21:m0) Waiting for a thread to finish
(vm21:m0) thread 8 joined, 28 connections remaining
(vm21:m0) Waiting for a thread to finish
(vm21:m0) thread 9 joined, 27 connections remaining
(vm21:m0) Waiting for a thread to finish
(vm21:m0) thread 10 joined, 26 connections remaining
(vm21:m0) Waiting for a thread to finish
(vm21:m0) thread 11 joined, 25 connections remaining
(vm21:m0) Waiting for a thread to finish
(vm21:m0) thread 12 joined, 24 connections remaining
(vm21:m0) Waiting for a thread to finish
(vm21:m0) thread 13 joined, 23 connections remaining
(vm21:m0) Waiting for a thread to finish
(vm21:m0) thread 14 joined, 22 connections remaining
(vm21:m0) Waiting for a thread to finish
(vm21:m0) thread 15 joined, 21 connections remaining
(vm21:m0) Waiting for a thread to finish
(vm21:m0) thread 16 joined, 20 connections remaining
(vm21:m0) Waiting for a thread to finish
(vm21:m0) thread 17 joined, 19 connections remaining
(vm21:m0) Waiting for a thread to finish
(vm21:m0) thread 18 joined, 18 connections remaining
(vm21:m0) Waiting for a thread to finish
(vm21:m0) thread 19 joined, 17 connections remaining
(vm21:m0) Waiting for a thread to finish
(vm21:m0) thread 20 joined, 16 connections remaining
(vm21:m0) Waiting for a thread to finish
(vm21:m0) thread 21 joined, 15 connections remaining
(vm21:m0) Waiting for a thread to finish
(vm21:m0) thread 22 joined, 14 connections remaining
(vm21:m0) Waiting for a thread to finish
(vm21:m0) thread 23 joined, 13 connections remaining
(vm21:m0) Waiting for a thread to finish
(vm21:m0) thread 24 joined, 12 connections remaining
(vm21:m0) Waiting for a thread to finish
(vm21:m0) thread 25 joined, 11 connections remaining
(vm21:m0) Waiting for a thread to finish
(vm21:m0) thread 26 joined, 10 connections remaining
(vm21:m0) Waiting for a thread to finish
(vm21:m0) thread 27 joined, 9 connections remaining
(vm21:m0) Waiting for a thread to finish
(vm21:m0) thread 28 joined, 8 connections remaining
(vm21:m0) Waiting for a thread to finish
(vm21:m0) thread 29 joined, 7 connections remaining
(vm21:m0) Waiting for a thread to finish
(vm21:m0) thread 30 joined, 6 connections remaining
(vm21:m0) Waiting for a thread to finish
(vm21:m0) thread 31 joined, 5 connections remaining
(vm21:m0) Waiting for a thread to finish
(vm21:m0) thread 32 joined, 4 connections remaining
(vm21:m0) Waiting for a thread to finish
(vm21:m0) thread 33 joined, 3 connections remaining
(vm21:m0) Waiting for a thread to finish
(vm21:m0) thread 34 joined, 2 connections remaining
(vm21:m0) Waiting for a thread to finish
(vm21:m0) thread 35 joined, 1 connections remaining
(vm21:m0) Waiting for a thread to finish
(vm21:m0) thread 36 joined, 0 connections remaining
(vm21:m0) all done, exiting
*RES* start node vm21:m0
*RES* vm21:m0:0,1405713749661,4524,1418,803149473
*RES* vm21:m0:1,1405713925005,6090,1272,803149473
*RES* vm21:m0:2,1405713909573,4407,1165,803149473
*RES* vm21:m0:3,1405713906677,4790,1461,803149473
*RES* vm21:m0:4,1405713866062,5983,1647,803149473
*RES* vm21:m0:5,1405713780973,4608,1312,803149473
*RES* vm21:m0:6,1405713817663,5242,1442,803149473
*RES* vm21:m0:7,1405713878512,7676,1966,803149473
*RES* vm21:m0:8,1405713844787,7025,1451,803149473
*RES* vm21:m0:9,1405713898494,6968,1773,803149473
*RES* vm21:m0:10,1405713914339,5875,1187,803149473
*RES* vm21:m0:11,1405713847698,12474,1180,803149473
*RES* vm21:m0:12,1405713792338,4968,1512,803149473
*RES* vm21:m0:13,1405713852514,8564,1451,803149473
*RES* vm21:m0:14,1405713917330,5205,928,803149473
*RES* vm21:m0:15,1405713922580,4514,1006,803149473
*RES* vm21:m0:16,1405713917357,5340,933,803149473
*RES* vm21:m0:17,1405713882007,8398,1197,803149473
*RES* vm21:m0:18,1405713856255,11421,1115,803149473
*RES* vm21:m0:19,1405713889406,8652,1120,803149473
*RES* vm21:m0:20,1405713912038,2302,243,803149473
*RES* vm21:m0:21,1405713874962,7123,1123,803149473
*RES* vm21:m0:22,1405713756973,6318,960,803149473
*RES* vm21:m0:23,1405713870775,5118,1310,803149473
*RES* vm21:m0:24,1405713855994,8465,1620,803149473
*RES* vm21:m0:25,1405713913678,6500,1305,803149473
*RES* vm21:m0:26,1405713773326,4040,1593,803149473
*RES* vm21:m0:27,1405713758181,6120,1256,803149473
*RES* vm21:m0:28,1405713843366,6918,1487,803149473
*RES* vm21:m0:29,1405713890386,7690,1093,803149473
*RES* vm21:m0:30,1405713887370,8067,1113,803149473
*RES* vm21:m0:31,1405713797274,4909,1422,803149473
*RES* vm21:m0:32,1405713821618,5540,1533,803149473
*RES* vm21:m0:33,1405713813049,4856,1651,803149473
*RES* vm21:m0:34,1405713895974,7922,1576,803149473
*RES* vm21:m0:35,1405713888594,7799,1041,803149473
*RES* vm21:m0:36,1405713793359,6436,1710,803149473
*RES* end node vm21:m0
Node vm21:m0 joined
(vm21:r0:0) Connection finished, received 803149473 bytes
(vm21:r0) thread 0 joined, 17 connections remaining
(vm21:r0) Starting new connection thread
(vm21:r0) Maximum number of connections reached (5), waiting for a thread to finish
(vm21:r0:0) Connection established
(vm21:r0:0) Connection finished, received 803149473 bytes
(vm21:r0) thread 0 joined, 16 connections remaining
(vm21:r0) Starting new connection thread
(vm21:r0) Maximum number of connections reached (5), waiting for a thread to finish
(vm21:r0:0) Connection established
(vm21:r0:0) Connection finished, received 803149473 bytes
(vm21:r0) thread 0 joined, 15 connections remaining
(vm21:r0) Starting new connection thread
(vm21:r0) Maximum number of connections reached (5), waiting for a thread to finish
(vm21:r0:0) Connection established
(vm21:r0:0) Connection finished, received 803149473 bytes
(vm21:r0) thread 0 joined, 14 connections remaining
(vm21:r0) Starting new connection thread
(vm21:r0) Maximum number of connections reached (5), waiting for a thread to finish
(vm21:r0:0) Connection established
(vm21:r0:0) Connection finished, received 803149473 bytes
(vm21:r0) thread 0 joined, 13 connections remaining
(vm21:r0) Starting new connection thread
(vm21:r0) Maximum number of connections reached (5), waiting for a thread to finish
(vm21:r0:0) Connection established
(vm21:r0:0) Connection finished, received 803149473 bytes
(vm21:r0) thread 0 joined, 12 connections remaining
(vm21:r0) Starting new connection thread
(vm21:r0) Maximum number of connections reached (5), waiting for a thread to finish
(vm21:r0:0) Connection established
(vm21:r0:0) Connection finished, received 803149473 bytes
(vm21:r0) thread 0 joined, 11 connections remaining
(vm21:r0) Starting new connection thread
(vm21:r0) Maximum number of connections reached (5), waiting for a thread to finish
(vm21:r0:0) Connection established
(vm21:r0:0) Connection finished, received 803149473 bytes
(vm21:r0) thread 0 joined, 10 connections remaining
(vm21:r0) Starting new connection thread
(vm21:r0) Maximum number of connections reached (5), waiting for a thread to finish
(vm21:r0:0) Connection established
(vm21:r0:0) Connection finished, received 803149473 bytes
(vm21:r0) thread 0 joined, 9 connections remaining
(vm21:r0) Starting new connection thread
(vm21:r0) Maximum number of connections reached (5), waiting for a thread to finish
(vm21:r0:0) Connection established
(vm21:r0:0) Connection finished, received 803149473 bytes
(vm21:r0) thread 0 joined, 8 connections remaining
(vm21:r0) Starting new connection thread
(vm21:r0) Maximum number of connections reached (5), waiting for a thread to finish
(vm21:r0:0) Connection established
(vm21:r0:0) Connection finished, received 803149473 bytes
(vm21:r0) thread 0 joined, 7 connections remaining
(vm21:r0) Starting new connection thread
(vm21:r0) Maximum number of connections reached (5), waiting for a thread to finish
(vm21:r0:0) Connection established
(vm21:r0:0) Connection finished, received 803149473 bytes
(vm21:r0) thread 0 joined, 6 connections remaining
(vm21:r0) Starting new connection thread
(vm21:r0) Maximum number of connections reached (5), waiting for a thread to finish
(vm21:r0:0) Connection established
(vm21:r0:0) Connection finished, received 803149473 bytes
(vm21:r0) thread 0 joined, 5 connections remaining
(vm21:r0) Starting new connection thread
(vm21:r0) Maximum number of connections reached (5), waiting for a thread to finish
(vm21:r0:0) Connection established
(vm21:r0:0) Connection finished, received 803149473 bytes
(vm21:r0) thread 0 joined, 4 connections remaining
(vm21:r0) Maximum number of connections reached (4), waiting for a thread to finish
(vm21:r0) thread 1 joined, 3 connections remaining
(vm21:r0) Maximum number of connections reached (3), waiting for a thread to finish
(vm21:r0) thread 2 joined, 2 connections remaining
(vm21:r0) Maximum number of connections reached (2), waiting for a thread to finish
(vm21:r0) thread 3 joined, 1 connections remaining
(vm21:r0) Maximum number of connections reached (1), waiting for a thread to finish
(vm21:r0) thread 4 joined, 0 connections remaining
(vm21:r0) all done, exiting
*RES* start node vm21:r0
*RES* vm21:r0:0,1405713622418,30035,737,803149473
*RES* vm21:r0:0,1405713652458,54568,970,803149473
*RES* vm21:r0:0,1405713707030,44984,1231,803149473
*RES* vm21:r0:0,1405713752021,28502,780,803149473
*RES* vm21:r0:0,1405713780542,26599,861,803149473
*RES* vm21:r0:0,1405713807146,16966,813,803149473
*RES* vm21:r0:0,1405713824122,13698,878,803149473
*RES* vm21:r0:0,1405713837826,11265,914,803149473
*RES* vm21:r0:0,1405713849118,7622,1112,803149473
*RES* vm21:r0:0,1405713856762,8132,1224,803149473
*RES* vm21:r0:0,1405713864898,5704,1355,803149473
*RES* vm21:r0:0,1405713870610,7033,1423,803149473
*RES* vm21:r0:0,1405713877651,7888,1585,803149473
*RES* vm21:r0:0,1405713885558,10050,1214,803149473
*RES* vm21:r0:0,1405713895614,10604,1452,803149473
*RES* vm21:r0:0,1405713906222,5805,1155,803149473
*RES* vm21:r0:0,1405713912038,2326,712,803149473
*RES* vm21:r0:0,1405713914376,6980,1052,803149473
*RES* vm21:r0:0,1405713921370,5083,986,803149473
*RES* vm21:r0:0,1405713926470,5050,1052,803149473
*RES* vm21:r0:0,1405713931526,3801,845,803149473
*RES* vm21:r0:0,1405713935334,4470,906,803149473
*RES* vm21:r0:0,1405713939810,3915,830,803149473
*RES* vm21:r0:0,1405713943730,4140,753,803149473
*RES* vm21:r0:0,1405713947874,4275,749,803149473
*RES* vm21:r0:0,1405713952158,5739,757,803149473
*RES* vm21:r0:0,1405713957902,1889,568,803149473
*RES* vm21:r0:0,1405713959797,1438,647,803149473
*RES* vm21:r0:0,1405713961241,1484,669,803149473
*RES* vm21:r0:0,1405713962734,1388,662,803149473
*RES* vm21:r0:0,1405713964126,2510,645,803149473
*RES* vm21:r0:0,1405713966646,1448,612,803149473
*RES* vm21:r0:0,1405713968098,1190,572,803149473
*RES* vm21:r0:1,1405713622418,29343,757,803149473
*RES* vm21:r0:2,1405713622418,33222,735,803149473
*RES* vm21:r0:3,1405713622418,29619,765,803149473
*RES* vm21:r0:4,1405713622418,27581,741,803149473
*RES* end node vm21:r0
Node vm21:r0 joined
Worker terminating correctly
