OSMeF worker starting
Enabling core dumping
Listening for command connection
(vm18:m0) New mapper on port 23330
(vm18:m0) -> reducer data size 803149472
(vm18:m0) -> reducer data size 803149472
(vm18:m0) -> reducer data size 803149472
(vm18:m0) -> reducer data size 803149472
(vm18:m0) -> reducer data size 803149472
(vm18:m0) -> reducer data size 803149472
(vm18:m0) -> reducer data size 803149472
(vm18:m0) -> reducer data size 803149472
(vm18:m0) -> reducer data size 803149472
(vm18:m0) -> reducer data size 803149472
(vm18:m0) -> reducer data size 803149472
(vm18:m0) -> reducer data size 803149472
(vm18:m0) -> reducer data size 803149472
(vm18:m0) -> reducer data size 803149472
(vm18:m0) -> reducer data size 803149472
(vm18:m0) -> reducer data size 803149472
(vm18:m0) -> reducer data size 803149472
(vm18:m0) -> reducer data size 803149472
(vm18:m0) -> reducer data size 803149472
(vm18:m0) -> reducer data size 803149472
(vm18:m0) -> reducer data size 803149472
(vm18:m0) -> reducer data size 803149472
(vm18:m0) -> reducer data size 803149472
(vm18:m0) -> reducer data size 803149472
(vm18:m0) -> reducer data size 803149472
(vm18:m0) -> reducer data size 803149472
(vm18:m0) -> reducer data size 803149472
(vm18:m0) -> reducer data size 803149472
(vm18:m0) -> reducer data size 803149472
(vm18:m0) -> reducer data size 803149472
(vm18:m0) -> reducer data size 803149472
(vm18:m0) -> reducer data size 803149472
(vm18:m0) -> reducer data size 803149472
(vm18:m0) -> reducer data size 803149472
(vm18:m0) -> reducer data size 803149472
(vm18:m0) -> reducer data size 803149472
(vm18:m0) -> reducer data size 803149472
(vm18:m0) Mapper thread started
(vm18:m0) Allocating data for reducer vm1:r0
(vm18:m0) Allocating data for reducer vm2:r0
(vm18:m0) Allocating data for reducer vm3:r0
(vm18:m0) Allocating data for reducer vm4:r0
(vm18:m0) Allocating data for reducer vm5:r0
(vm18:m0) Allocating data for reducer vm6:r0
(vm18:m0) Allocating data for reducer vm7:r0
(vm18:m0) Allocating data for reducer vm8:r0
(vm18:m0) Allocating data for reducer vm9:r0
(vm18:m0) Allocating data for reducer vm10:r0
(vm18:m0) Allocating data for reducer vm11:r0
(vm18:m0) Allocating data for reducer vm12:r0
(vm18:m0) Allocating data for reducer vm13:r0
(vm18:m0) Allocating data for reducer vm14:r0
(vm18:m0) Allocating data for reducer vm15:r0
(vm18:m0) Allocating data for reducer vm16:r0
(vm18:m0) Allocating data for reducer vm17:r0
(vm18:m0) Allocating data for reducer vm18:r0
(vm18:m0) Allocating data for reducer vm19:r0
(vm18:m0) Allocating data for reducer vm20:r0
(vm18:m0) Allocating data for reducer vm21:r0
(vm18:m0) Allocating data for reducer vm22:r0
(vm18:m0) Allocating data for reducer vm23:r0
(vm18:m0) Allocating data for reducer vm24:r0
(vm18:m0) Allocating data for reducer vm25:r0
(vm18:m0) Allocating data for reducer vm26:r0
(vm18:m0) Allocating data for reducer vm27:r0
(vm18:m0) Allocating data for reducer vm28:r0
(vm18:m0) Allocating data for reducer vm29:r0
(vm18:m0) Allocating data for reducer vm30:r0
(vm18:m0) Allocating data for reducer vm31:r0
(vm18:m0) Allocating data for reducer vm32:r0
(vm18:m0) Allocating data for reducer vm33:r0
(vm18:m0) Allocating data for reducer vm34:r0
(vm18:m0) Allocating data for reducer vm35:r0
(vm18:m0) Allocating data for reducer vm36:r0
(vm18:m0) Allocating data for reducer vm37:r0
(vm18:m0) Binding to port 23330
(vm18:r0) New reducer
(vm18:r0) Reducer thread started
(vm18:r0) waiting for START message
(vm18:r0) got START message
(vm18:r0) Starting new connection thread
(vm18:r0) Starting new connection thread
(vm18:r0) Starting new connection thread
(vm18:r0) Starting new connection thread
(vm18:r0) Starting new connection thread
(vm18:r0) Maximum number of connections reached (5), waiting for a thread to finish
(vm18:r0:4) Connection established
(vm18:r0:3) Connection established
(vm18:r0:1) Connection established
(vm18:r0:2) Connection established
(vm18:r0:0) Connection established
(vm18:r0:2) Connection finished, received 803149473 bytes
(vm18:r0:1) Connection finished, received 803149473 bytes
(vm18:r0:3) Connection finished, received 803149473 bytes
(vm18:r0:4) Connection finished, received 803149473 bytes
(vm18:r0:0) Connection finished, received 803149473 bytes
(vm18:r0) thread 0 joined, 36 connections remaining
(vm18:r0) Starting new connection thread
(vm18:r0) Maximum number of connections reached (5), waiting for a thread to finish
(vm18:r0:0) Connection established
(vm18:r0:0) Connection finished, received 803149473 bytes
(vm18:r0) thread 0 joined, 35 connections remaining
(vm18:r0) Starting new connection thread
(vm18:r0) Maximum number of connections reached (5), waiting for a thread to finish
(vm18:r0:0) Connection established
(vm18:m0) Got connection from reducer vm1:r0
(vm18:m0:0) thread started, have to send 803149472 bytes
(vm18:m0) Got connection from reducer vm20:r0
(vm18:m0:19) thread started, have to send 803149472 bytes
(vm18:m0:0) all data sent, thread exiting
(vm18:m0:19) all data sent, thread exiting
(vm18:r0:0) Connection finished, received 803149473 bytes
(vm18:r0) thread 0 joined, 34 connections remaining
(vm18:r0) Starting new connection thread
(vm18:r0) Maximum number of connections reached (5), waiting for a thread to finish
(vm18:r0:0) Connection established
(vm18:m0) Got connection from reducer vm27:r0
(vm18:m0:26) thread started, have to send 803149472 bytes
(vm18:m0) Got connection from reducer vm31:r0
(vm18:m0:30) thread started, have to send 803149472 bytes
(vm18:m0:26) all data sent, thread exiting
(vm18:m0:30) all data sent, thread exiting
(vm18:m0) Got connection from reducer vm35:r0
(vm18:m0:34) thread started, have to send 803149472 bytes
(vm18:m0:34) all data sent, thread exiting
(vm18:m0) Got connection from reducer vm23:r0
(vm18:m0:22) thread started, have to send 803149472 bytes
(vm18:m0) Got connection from reducer vm37:r0
(vm18:m0:36) thread started, have to send 803149472 bytes
(vm18:m0:22) all data sent, thread exiting
(vm18:r0:0) Connection finished, received 803149473 bytes
(vm18:r0) thread 0 joined, 33 connections remaining
(vm18:r0) Starting new connection thread
(vm18:r0) Maximum number of connections reached (5), waiting for a thread to finish
(vm18:r0:0) Connection established
(vm18:m0:36) all data sent, thread exiting
(vm18:m0) Got connection from reducer vm6:r0
(vm18:m0:5) thread started, have to send 803149472 bytes
(vm18:m0) Got connection from reducer vm33:r0
(vm18:m0:32) thread started, have to send 803149472 bytes
(vm18:m0:5) all data sent, thread exiting
(vm18:m0) Got connection from reducer vm28:r0
(vm18:m0:27) thread started, have to send 803149472 bytes
(vm18:m0) Got connection from reducer vm32:r0
(vm18:m0:31) thread started, have to send 803149472 bytes
(vm18:m0:32) all data sent, thread exiting
(vm18:m0) Got connection from reducer vm13:r0
(vm18:m0:12) thread started, have to send 803149472 bytes
(vm18:m0:27) all data sent, thread exiting
(vm18:m0:31) all data sent, thread exiting
(vm18:m0) Got connection from reducer vm16:r0
(vm18:m0:15) thread started, have to send 803149472 bytes
(vm18:m0) Got connection from reducer vm36:r0
(vm18:m0:35) thread started, have to send 803149472 bytes
(vm18:m0:12) all data sent, thread exiting
(vm18:r0:0) Connection finished, received 803149473 bytes
(vm18:r0) thread 0 joined, 32 connections remaining
(vm18:r0) Starting new connection thread
(vm18:r0) Maximum number of connections reached (5), waiting for a thread to finish
(vm18:r0:0) Connection established
(vm18:m0:15) all data sent, thread exiting
(vm18:m0:35) all data sent, thread exiting
(vm18:m0) Got connection from reducer vm7:r0
(vm18:m0:6) thread started, have to send 803149472 bytes
(vm18:m0) Got connection from reducer vm19:r0
(vm18:m0:18) thread started, have to send 803149472 bytes
(vm18:m0) Got connection from reducer vm10:r0
(vm18:m0:9) thread started, have to send 803149472 bytes
(vm18:m0:6) all data sent, thread exiting
(vm18:m0) Got connection from reducer vm30:r0
(vm18:m0:29) thread started, have to send 803149472 bytes
(vm18:r0:0) Connection finished, received 803149473 bytes
(vm18:r0) thread 0 joined, 31 connections remaining
(vm18:r0) Starting new connection thread
(vm18:r0) Maximum number of connections reached (5), waiting for a thread to finish
(vm18:r0:0) Connection established
(vm18:m0:18) all data sent, thread exiting
(vm18:m0:9) all data sent, thread exiting
(vm18:m0:29) all data sent, thread exiting
(vm18:m0) Got connection from reducer vm26:r0
(vm18:m0:25) thread started, have to send 803149472 bytes
(vm18:m0) Got connection from reducer vm29:r0
(vm18:m0:28) thread started, have to send 803149472 bytes
(vm18:r0:0) Connection finished, received 803149473 bytes
(vm18:r0) thread 0 joined, 30 connections remaining
(vm18:r0) Starting new connection thread
(vm18:r0) Maximum number of connections reached (5), waiting for a thread to finish
(vm18:r0:0) Connection established
(vm18:m0) Got connection from reducer vm8:r0
(vm18:m0:7) thread started, have to send 803149472 bytes
(vm18:m0) Got connection from reducer vm3:r0
(vm18:m0:2) thread started, have to send 803149472 bytes
(vm18:m0:25) all data sent, thread exiting
(vm18:m0) Got connection from reducer vm9:r0
(vm18:m0:8) thread started, have to send 803149472 bytes
(vm18:m0:28) all data sent, thread exiting
(vm18:m0:7) all data sent, thread exiting
(vm18:m0:2) all data sent, thread exiting
(vm18:m0:8) all data sent, thread exiting
(vm18:r0:0) Connection finished, received 803149473 bytes
(vm18:r0) thread 0 joined, 29 connections remaining
(vm18:r0) Starting new connection thread
(vm18:r0) Maximum number of connections reached (5), waiting for a thread to finish
(vm18:r0:0) Connection established
(vm18:m0) Got connection from reducer vm15:r0
(vm18:m0:14) thread started, have to send 803149472 bytes
(vm18:m0) Got connection from reducer vm12:r0
(vm18:m0:11) thread started, have to send 803149472 bytes
(vm18:m0:14) all data sent, thread exiting
(vm18:r0:0) Connection finished, received 803149473 bytes
(vm18:r0) thread 0 joined, 28 connections remaining
(vm18:r0) Starting new connection thread
(vm18:r0) Maximum number of connections reached (5), waiting for a thread to finish
(vm18:r0:0) Connection established
(vm18:m0:11) all data sent, thread exiting
(vm18:m0) Got connection from reducer vm34:r0
(vm18:m0:33) thread started, have to send 803149472 bytes
(vm18:m0:33) all data sent, thread exiting
(vm18:m0) Got connection from reducer vm2:r0
(vm18:m0:1) thread started, have to send 803149472 bytes
(vm18:r0:0) Connection finished, received 803149473 bytes
(vm18:r0) thread 0 joined, 27 connections remaining
(vm18:r0) Starting new connection thread
(vm18:r0) Maximum number of connections reached (5), waiting for a thread to finish
(vm18:r0:0) Connection established
(vm18:m0) Got connection from reducer vm11:r0
(vm18:m0:10) thread started, have to send 803149472 bytes
(vm18:m0) Got connection from reducer vm22:r0
(vm18:m0:21) thread started, have to send 803149472 bytes
(vm18:m0:1) all data sent, thread exiting
(vm18:m0:21) all data sent, thread exiting
(vm18:m0:10) all data sent, thread exiting
(vm18:r0:0) Connection finished, received 803149473 bytes
(vm18:r0) thread 0 joined, 26 connections remaining
(vm18:r0) Starting new connection thread
(vm18:r0) Maximum number of connections reached (5), waiting for a thread to finish
(vm18:r0:0) Connection established
(vm18:m0) Got connection from reducer vm14:r0
(vm18:m0:13) thread started, have to send 803149472 bytes
(vm18:m0) Got connection from reducer vm4:r0
(vm18:m0:3) thread started, have to send 803149472 bytes
(vm18:m0) Got connection from reducer vm21:r0
(vm18:m0:20) thread started, have to send 803149472 bytes
(vm18:m0:13) all data sent, thread exiting
(vm18:m0) Got connection from reducer vm24:r0
(vm18:m0:23) thread started, have to send 803149472 bytes
(vm18:m0) Got connection from reducer vm17:r0
(vm18:m0:16) thread started, have to send 803149472 bytes
(vm18:r0:0) Connection finished, received 803149473 bytes
(vm18:r0) thread 0 joined, 25 connections remaining
(vm18:r0) Starting new connection thread
(vm18:r0) Maximum number of connections reached (5), waiting for a thread to finish
(vm18:r0:0) Connection established
(vm18:m0:3) all data sent, thread exiting
(vm18:m0:20) all data sent, thread exiting
(vm18:m0:23) all data sent, thread exiting
(vm18:m0:16) all data sent, thread exiting
(vm18:m0) Got connection from reducer vm5:r0
(vm18:m0:4) thread started, have to send 803149472 bytes
(vm18:r0:0) Connection finished, received 803149473 bytes
(vm18:r0) thread 0 joined, 24 connections remaining
(vm18:r0) Starting new connection thread
(vm18:r0) Maximum number of connections reached (5), waiting for a thread to finish
(vm18:r0:0) Connection established
(vm18:m0) Got connection from reducer vm18:r0
(vm18:m0:17) thread started, have to send 803149472 bytes
(vm18:m0) Got connection from reducer vm25:r0
(vm18:m0) Waiting for a thread to finish
(vm18:m0) thread 0 joined, 36 connections remaining
(vm18:m0) Waiting for a thread to finish
(vm18:m0) thread 1 joined, 35 connections remaining
(vm18:m0) Waiting for a thread to finish
(vm18:m0) thread 2 joined, 34 connections remaining
(vm18:m0) Waiting for a thread to finish
(vm18:m0) thread 3 joined, 33 connections remaining
(vm18:m0) Waiting for a thread to finish
(vm18:m0:24) thread started, have to send 803149472 bytes
(vm18:m0:17) all data sent, thread exiting
(vm18:r0:0) Connection finished, received 803149473 bytes
(vm18:r0) thread 0 joined, 23 connections remaining
(vm18:r0) Starting new connection thread
(vm18:r0) Maximum number of connections reached (5), waiting for a thread to finish
(vm18:r0:0) Connection established
(vm18:m0:4) all data sent, thread exiting
(vm18:m0) thread 4 joined, 32 connections remaining
(vm18:m0) Waiting for a thread to finish
(vm18:m0) thread 5 joined, 31 connections remaining
(vm18:m0) Waiting for a thread to finish
(vm18:m0) thread 6 joined, 30 connections remaining
(vm18:m0) Waiting for a thread to finish
(vm18:m0) thread 7 joined, 29 connections remaining
(vm18:m0) Waiting for a thread to finish
(vm18:m0) thread 8 joined, 28 connections remaining
(vm18:m0) Waiting for a thread to finish
(vm18:m0) thread 9 joined, 27 connections remaining
(vm18:m0) Waiting for a thread to finish
(vm18:m0) thread 10 joined, 26 connections remaining
(vm18:m0) Waiting for a thread to finish
(vm18:m0) thread 11 joined, 25 connections remaining
(vm18:m0) Waiting for a thread to finish
(vm18:m0) thread 12 joined, 24 connections remaining
(vm18:m0) Waiting for a thread to finish
(vm18:m0) thread 13 joined, 23 connections remaining
(vm18:m0) Waiting for a thread to finish
(vm18:m0) thread 14 joined, 22 connections remaining
(vm18:m0) Waiting for a thread to finish
(vm18:m0) thread 15 joined, 21 connections remaining
(vm18:m0) Waiting for a thread to finish
(vm18:m0) thread 16 joined, 20 connections remaining
(vm18:m0) Waiting for a thread to finish
(vm18:m0) thread 17 joined, 19 connections remaining
(vm18:m0) Waiting for a thread to finish
(vm18:m0) thread 18 joined, 18 connections remaining
(vm18:m0) Waiting for a thread to finish
(vm18:m0) thread 19 joined, 17 connections remaining
(vm18:m0) Waiting for a thread to finish
(vm18:m0) thread 20 joined, 16 connections remaining
(vm18:m0) Waiting for a thread to finish
(vm18:m0) thread 21 joined, 15 connections remaining
(vm18:m0) Waiting for a thread to finish
(vm18:m0) thread 22 joined, 14 connections remaining
(vm18:m0) Waiting for a thread to finish
(vm18:m0) thread 23 joined, 13 connections remaining
(vm18:m0) Waiting for a thread to finish
(vm18:m0:24) all data sent, thread exiting
(vm18:m0) thread 24 joined, 12 connections remaining
(vm18:m0) Waiting for a thread to finish
(vm18:m0) thread 25 joined, 11 connections remaining
(vm18:m0) Waiting for a thread to finish
(vm18:m0) thread 26 joined, 10 connections remaining
(vm18:m0) Waiting for a thread to finish
(vm18:m0) thread 27 joined, 9 connections remaining
(vm18:m0) Waiting for a thread to finish
(vm18:m0) thread 28 joined, 8 connections remaining
(vm18:m0) Waiting for a thread to finish
(vm18:m0) thread 29 joined, 7 connections remaining
(vm18:m0) Waiting for a thread to finish
(vm18:m0) thread 30 joined, 6 connections remaining
(vm18:m0) Waiting for a thread to finish
(vm18:m0) thread 31 joined, 5 connections remaining
(vm18:m0) Waiting for a thread to finish
(vm18:m0) thread 32 joined, 4 connections remaining
(vm18:m0) Waiting for a thread to finish
(vm18:m0) thread 33 joined, 3 connections remaining
(vm18:m0) Waiting for a thread to finish
(vm18:m0) thread 34 joined, 2 connections remaining
(vm18:m0) Waiting for a thread to finish
(vm18:m0) thread 35 joined, 1 connections remaining
(vm18:m0) Waiting for a thread to finish
(vm18:m0) thread 36 joined, 0 connections remaining
(vm18:m0) all done, exiting
*RES* start node vm18:m0
*RES* vm18:m0:0,1405716475823,6437,1440,803149473
*RES* vm18:m0:1,1405716624180,6057,1608,803149473
*RES* vm18:m0:2,1405716587029,7785,1546,803149473
*RES* vm18:m0:3,1405716640468,7985,1551,803149473
*RES* vm18:m0:4,1405716653083,5995,1267,803149473
*RES* vm18:m0:5,1405716525760,4344,1344,803149473
*RES* vm18:m0:6,1405716557812,5687,1418,803149473
*RES* vm18:m0:7,1405716584670,8274,1555,803149473
*RES* vm18:m0:8,1405716591768,6913,1540,803149473
*RES* vm18:m0:9,1405716562331,10133,1387,803149473
*RES* vm18:m0:10,1405716626092,6926,1476,803149473
*RES* vm18:m0:11,1405716610712,4731,1513,803149473
*RES* vm18:m0:12,1405716535845,11391,1177,803149473
*RES* vm18:m0:13,1405716638530,5131,1536,803149473
*RES* vm18:m0:14,1405716604128,6910,1193,803149473
*RES* vm18:m0:15,1405716541208,7217,1405,803149473
*RES* vm18:m0:16,1405716646292,6314,869,803149473
*RES* vm18:m0:17,1405716653268,2510,181,803149473
*RES* vm18:m0:18,1405716562252,7602,1468,803149473
*RES* vm18:m0:19,1405716478844,5837,1373,803149473
*RES* vm18:m0:20,1405716642124,7522,1277,803149473
*RES* vm18:m0:21,1405716626168,6762,1334,803149473
*RES* vm18:m0:22,1405716514164,5713,1549,803149473
*RES* vm18:m0:23,1405716643953,6268,1149,803149473
*RES* vm18:m0:24,1405716653672,5957,887,803149473
*RES* vm18:m0:25,1405716580856,6815,1204,803149473
*RES* vm18:m0:26,1405716496324,5471,1481,803149473
*RES* vm18:m0:27,1405716532919,7023,1260,803149473
*RES* vm18:m0:28,1405716583349,9486,1548,803149473
*RES* vm18:m0:29,1405716564915,8100,1411,803149473
*RES* vm18:m0:30,1405716499868,4620,1331,803149473
*RES* vm18:m0:31,1405716533180,7679,1432,803149473
*RES* vm18:m0:32,1405716528376,6034,1444,803149473
*RES* vm18:m0:33,1405716615835,4917,1464,803149473
*RES* vm18:m0:34,1405716508604,4156,1481,803149473
*RES* vm18:m0:35,1405716545159,5645,1497,803149473
*RES* vm18:m0:36,1405716515160,5911,1758,803149473
*RES* end node vm18:m0
Node vm18:m0 joined
(vm18:r0:0) Connection finished, received 803149473 bytes
(vm18:r0) thread 0 joined, 22 connections remaining
(vm18:r0) Starting new connection thread
(vm18:r0) Maximum number of connections reached (5), waiting for a thread to finish
(vm18:r0:0) Connection established
(vm18:r0:0) Connection finished, received 803149473 bytes
(vm18:r0) thread 0 joined, 21 connections remaining
(vm18:r0) Starting new connection thread
(vm18:r0) Maximum number of connections reached (5), waiting for a thread to finish
(vm18:r0:0) Connection established
(vm18:r0:0) Connection finished, received 803149473 bytes
(vm18:r0) thread 0 joined, 20 connections remaining
(vm18:r0) Starting new connection thread
(vm18:r0) Maximum number of connections reached (5), waiting for a thread to finish
(vm18:r0:0) Connection established
(vm18:r0:0) Connection finished, received 803149473 bytes
(vm18:r0) thread 0 joined, 19 connections remaining
(vm18:r0) Starting new connection thread
(vm18:r0) Maximum number of connections reached (5), waiting for a thread to finish
(vm18:r0:0) Connection established
(vm18:r0:0) Connection finished, received 803149473 bytes
(vm18:r0) thread 0 joined, 18 connections remaining
(vm18:r0) Starting new connection thread
(vm18:r0) Maximum number of connections reached (5), waiting for a thread to finish
(vm18:r0:0) Connection established
(vm18:r0:0) Connection finished, received 803149473 bytes
(vm18:r0) thread 0 joined, 17 connections remaining
(vm18:r0) Starting new connection thread
(vm18:r0) Maximum number of connections reached (5), waiting for a thread to finish
(vm18:r0:0) Connection established
(vm18:r0:0) Connection finished, received 803149473 bytes
(vm18:r0) thread 0 joined, 16 connections remaining
(vm18:r0) Starting new connection thread
(vm18:r0) Maximum number of connections reached (5), waiting for a thread to finish
(vm18:r0:0) Connection established
(vm18:r0:0) Connection finished, received 803149473 bytes
(vm18:r0) thread 0 joined, 15 connections remaining
(vm18:r0) Starting new connection thread
(vm18:r0) Maximum number of connections reached (5), waiting for a thread to finish
(vm18:r0:0) Connection established
(vm18:r0:0) Connection finished, received 803149473 bytes
(vm18:r0) thread 0 joined, 14 connections remaining
(vm18:r0) Starting new connection thread
(vm18:r0) Maximum number of connections reached (5), waiting for a thread to finish
(vm18:r0:0) Connection established
(vm18:r0:0) Connection finished, received 803149473 bytes
(vm18:r0) thread 0 joined, 13 connections remaining
(vm18:r0) Starting new connection thread
(vm18:r0) Maximum number of connections reached (5), waiting for a thread to finish
(vm18:r0:0) Connection established
(vm18:r0:0) Connection finished, received 803149473 bytes
(vm18:r0) thread 0 joined, 12 connections remaining
(vm18:r0) Starting new connection thread
(vm18:r0) Maximum number of connections reached (5), waiting for a thread to finish
(vm18:r0:0) Connection established
(vm18:r0:0) Connection finished, received 803149473 bytes
(vm18:r0) thread 0 joined, 11 connections remaining
(vm18:r0) Starting new connection thread
(vm18:r0) Maximum number of connections reached (5), waiting for a thread to finish
(vm18:r0:0) Connection established
(vm18:r0:0) Connection finished, received 803149473 bytes
(vm18:r0) thread 0 joined, 10 connections remaining
(vm18:r0) Starting new connection thread
(vm18:r0) Maximum number of connections reached (5), waiting for a thread to finish
(vm18:r0:0) Connection established
(vm18:r0:0) Connection finished, received 803149473 bytes
(vm18:r0) thread 0 joined, 9 connections remaining
(vm18:r0) Starting new connection thread
(vm18:r0) Maximum number of connections reached (5), waiting for a thread to finish
(vm18:r0:0) Connection established
(vm18:r0:0) Connection finished, received 803149473 bytes
(vm18:r0) thread 0 joined, 8 connections remaining
(vm18:r0) Starting new connection thread
(vm18:r0) Maximum number of connections reached (5), waiting for a thread to finish
(vm18:r0:0) Connection established
(vm18:r0:0) Connection finished, received 803149473 bytes
(vm18:r0) thread 0 joined, 7 connections remaining
(vm18:r0) Starting new connection thread
(vm18:r0) Maximum number of connections reached (5), waiting for a thread to finish
(vm18:r0:0) Connection established
(vm18:r0:0) Connection finished, received 803149473 bytes
(vm18:r0) thread 0 joined, 6 connections remaining
(vm18:r0) Starting new connection thread
(vm18:r0) Maximum number of connections reached (5), waiting for a thread to finish
(vm18:r0:0) Connection established
(vm18:r0:0) Connection finished, received 803149473 bytes
(vm18:r0) thread 0 joined, 5 connections remaining
(vm18:r0) Starting new connection thread
(vm18:r0) Maximum number of connections reached (5), waiting for a thread to finish
(vm18:r0:0) Connection established
(vm18:r0:0) Connection finished, received 803149473 bytes
(vm18:r0) thread 0 joined, 4 connections remaining
(vm18:r0) Maximum number of connections reached (4), waiting for a thread to finish
(vm18:r0) thread 1 joined, 3 connections remaining
(vm18:r0) Maximum number of connections reached (3), waiting for a thread to finish
(vm18:r0) thread 2 joined, 2 connections remaining
(vm18:r0) Maximum number of connections reached (2), waiting for a thread to finish
(vm18:r0) thread 3 joined, 1 connections remaining
(vm18:r0) Maximum number of connections reached (1), waiting for a thread to finish
(vm18:r0) thread 4 joined, 0 connections remaining
(vm18:r0) all done, exiting
*RES* start node vm18:r0
*RES* vm18:r0:0,1405716371136,31892,812,803149473
*RES* vm18:r0:0,1405716403032,49074,872,803149473
*RES* vm18:r0:0,1405716452111,37777,857,803149473
*RES* vm18:r0:0,1405716489896,31144,844,803149473
*RES* vm18:r0:0,1405716521048,26630,1315,803149473
*RES* vm18:r0:0,1405716547704,21316,1108,803149473
*RES* vm18:r0:0,1405716569026,14967,987,803149473
*RES* vm18:r0:0,1405716584000,14696,1036,803149473
*RES* vm18:r0:0,1405716598700,14582,1140,803149473
*RES* vm18:r0:0,1405716613288,12560,1241,803149473
*RES* vm18:r0:0,1405716625860,10136,928,803149473
*RES* vm18:r0:0,1405716636000,11023,1180,803149473
*RES* vm18:r0:0,1405716647052,6208,953,803149473
*RES* vm18:r0:0,1405716653264,2519,519,803149473
*RES* vm18:r0:0,1405716655815,6057,921,803149473
*RES* vm18:r0:0,1405716661876,3212,1310,803149473
*RES* vm18:r0:0,1405716665092,4614,1402,803149473
*RES* vm18:r0:0,1405716669712,4356,946,803149473
*RES* vm18:r0:0,1405716674072,2841,926,803149473
*RES* vm18:r0:0,1405716676920,2690,816,803149473
*RES* vm18:r0:0,1405716679616,3554,739,803149473
*RES* vm18:r0:0,1405716683176,3789,790,803149473
*RES* vm18:r0:0,1405716686972,2316,771,803149473
*RES* vm18:r0:0,1405716689292,2261,747,803149473
*RES* vm18:r0:0,1405716691560,3960,741,803149473
*RES* vm18:r0:0,1405716695528,1603,689,803149473
*RES* vm18:r0:0,1405716697136,1582,580,803149473
*RES* vm18:r0:0,1405716698728,1391,606,803149473
*RES* vm18:r0:0,1405716700124,1142,476,803149473
*RES* vm18:r0:0,1405716701272,1194,532,803149473
*RES* vm18:r0:0,1405716702471,966,455,803149473
*RES* vm18:r0:0,1405716703447,1096,437,803149473
*RES* vm18:r0:0,1405716704547,1093,442,803149473
*RES* vm18:r0:1,1405716371136,26824,838,803149473
*RES* vm18:r0:2,1405716371136,25522,810,803149473
*RES* vm18:r0:3,1405716371136,27172,760,803149473
*RES* vm18:r0:4,1405716371136,28373,818,803149473
*RES* end node vm18:r0
Node vm18:r0 joined
Worker terminating correctly
