OSMeF worker starting
Enabling core dumping
Listening for command connection
(vm3:m0) New mapper on port 23330
(vm3:m0) -> reducer data size 897560512
(vm3:m0) -> reducer data size 897560512
(vm3:m0) -> reducer data size 897560512
(vm3:m0) -> reducer data size 897560512
(vm3:m0) -> reducer data size 897560512
(vm3:m0) -> reducer data size 897560512
(vm3:m0) -> reducer data size 897560512
(vm3:m0) -> reducer data size 897560512
(vm3:m0) -> reducer data size 897560512
(vm3:m0) -> reducer data size 897560512
(vm3:m0) -> reducer data size 897560512
(vm3:m0) -> reducer data size 897560512
(vm3:m0) -> reducer data size 897560512
(vm3:m0) -> reducer data size 897560512
(vm3:m0) -> reducer data size 897560512
(vm3:m0) -> reducer data size 897560512
(vm3:m0) -> reducer data size 897560512
(vm3:m0) -> reducer data size 897560512
(vm3:m0) -> reducer data size 897560512
(vm3:m0) -> reducer data size 897560512
(vm3:m0) -> reducer data size 897560512
(vm3:m0) -> reducer data size 897560512
(vm3:m0) -> reducer data size 897560512
(vm3:m0) -> reducer data size 897560512
(vm3:m0) -> reducer data size 897560512
(vm3:m0) -> reducer data size 897560512
(vm3:m0) -> reducer data size 897560512
(vm3:m0) -> reducer data size 897560512
(vm3:m0) -> reducer data size 897560512
(vm3:m0) -> reducer data size 897560512
(vm3:m0) -> reducer data size 897560512
(vm3:m0) -> reducer data size 897560512
(vm3:m0) -> reducer data size 897560512
(vm3:m0) -> reducer data size 897560512
(vm3:m0) -> reducer data size 897560512
(vm3:m0) Mapper thread started
(vm3:m0) Allocating data for reducer vm1:r0
(vm3:m0) Allocating data for reducer vm2:r0
(vm3:m0) Allocating data for reducer vm3:r0
(vm3:m0) Allocating data for reducer vm4:r0
(vm3:m0) Allocating data for reducer vm5:r0
(vm3:m0) Allocating data for reducer vm6:r0
(vm3:m0) Allocating data for reducer vm7:r0
(vm3:m0) Allocating data for reducer vm8:r0
(vm3:m0) Allocating data for reducer vm9:r0
(vm3:m0) Allocating data for reducer vm10:r0
(vm3:m0) Allocating data for reducer vm11:r0
(vm3:m0) Allocating data for reducer vm12:r0
(vm3:m0) Allocating data for reducer vm13:r0
(vm3:m0) Allocating data for reducer vm14:r0
(vm3:m0) Allocating data for reducer vm15:r0
(vm3:m0) Allocating data for reducer vm16:r0
(vm3:m0) Allocating data for reducer vm17:r0
(vm3:m0) Allocating data for reducer vm18:r0
(vm3:m0) Allocating data for reducer vm19:r0
(vm3:m0) Allocating data for reducer vm20:r0
(vm3:m0) Allocating data for reducer vm21:r0
(vm3:m0) Allocating data for reducer vm22:r0
(vm3:m0) Allocating data for reducer vm23:r0
(vm3:m0) Allocating data for reducer vm24:r0
(vm3:m0) Allocating data for reducer vm25:r0
(vm3:m0) Allocating data for reducer vm26:r0
(vm3:m0) Allocating data for reducer vm27:r0
(vm3:m0) Allocating data for reducer vm28:r0
(vm3:m0) Allocating data for reducer vm29:r0
(vm3:m0) Allocating data for reducer vm30:r0
(vm3:m0) Allocating data for reducer vm31:r0
(vm3:m0) Allocating data for reducer vm32:r0
(vm3:m0) Allocating data for reducer vm33:r0
(vm3:m0) Allocating data for reducer vm34:r0
(vm3:m0) Allocating data for reducer vm35:r0
(vm3:m0) Binding to port 23330
(vm3:r0) New reducer
(vm3:r0) Reducer thread started
(vm3:r0) waiting for START message
(vm3:r0) got START message
(vm3:r0) Starting new connection thread
(vm3:r0) Starting new connection thread
(vm3:r0) Starting new connection thread
(vm3:r0) Starting new connection thread
(vm3:r0) Starting new connection thread
(vm3:r0) Maximum number of connections reached (5), waiting for a thread to finish
(vm3:r0:2) Connection established
(vm3:m0) Got connection from reducer vm3:r0
(vm3:m0:2) thread started, have to send 897560512 bytes
(vm3:r0:4) Connection established
(vm3:r0:3) Connection established
(vm3:r0:1) Connection established
(vm3:m0) Got connection from reducer vm1:r0
(vm3:m0) Got connection from reducer vm9:r0
(vm3:m0) Got connection from reducer vm8:r0
(vm3:m0) Got connection from reducer vm4:r0
(vm3:m0) Got connection from reducer vm2:r0
(vm3:m0) Got connection from reducer vm10:r0
(vm3:m0) Got connection from reducer vm11:r0
(vm3:m0) Got connection from reducer vm6:r0
(vm3:m0) Got connection from reducer vm14:r0
(vm3:m0) Got connection from reducer vm13:r0
(vm3:m0) Got connection from reducer vm12:r0
(vm3:m0) Got connection from reducer vm7:r0
(vm3:m0) Got connection from reducer vm5:r0
(vm3:r0:0) Connection established
(vm3:m0:11) thread started, have to send 897560512 bytes
(vm3:m0:5) thread started, have to send 897560512 bytes
(vm3:m0:13) thread started, have to send 897560512 bytes
(vm3:m0:4) thread started, have to send 897560512 bytes
(vm3:m0:3) thread started, have to send 897560512 bytes
(vm3:m0:6) thread started, have to send 897560512 bytes
(vm3:m0:1) thread started, have to send 897560512 bytes
(vm3:m0:9) thread started, have to send 897560512 bytes
(vm3:m0:12) thread started, have to send 897560512 bytes
(vm3:m0:10) thread started, have to send 897560512 bytes
(vm3:m0:7) thread started, have to send 897560512 bytes
(vm3:m0:8) thread started, have to send 897560512 bytes
(vm3:m0) Got connection from reducer vm15:r0
(vm3:m0) Got connection from reducer vm18:r0
(vm3:m0) Got connection from reducer vm21:r0
(vm3:m0) Got connection from reducer vm20:r0
(vm3:m0) Got connection from reducer vm16:r0
(vm3:m0) Got connection from reducer vm17:r0
(vm3:m0) Got connection from reducer vm22:r0
(vm3:m0:0) thread started, have to send 897560512 bytes
(vm3:m0:16) thread started, have to send 897560512 bytes
(vm3:m0:21) thread started, have to send 897560512 bytes
(vm3:m0:20) thread started, have to send 897560512 bytes
(vm3:m0:19) thread started, have to send 897560512 bytes
(vm3:m0:15) thread started, have to send 897560512 bytes
(vm3:m0:17) thread started, have to send 897560512 bytes
(vm3:m0:14) thread started, have to send 897560512 bytes
(vm3:m0) Got connection from reducer vm26:r0
(vm3:m0) Got connection from reducer vm30:r0
(vm3:m0) Got connection from reducer vm27:r0
(vm3:m0) Got connection from reducer vm24:r0
(vm3:m0) Got connection from reducer vm31:r0
(vm3:m0) Got connection from reducer vm33:r0
(vm3:m0) Got connection from reducer vm23:r0
(vm3:m0) Got connection from reducer vm19:r0
(vm3:m0) Got connection from reducer vm32:r0
(vm3:m0) Got connection from reducer vm25:r0
(vm3:m0) Got connection from reducer vm34:r0
(vm3:m0) Got connection from reducer vm28:r0
(vm3:m0) Got connection from reducer vm35:r0
(vm3:m0) Got connection from reducer vm29:r0
(vm3:m0) Waiting for a thread to finish
(vm3:m0:22) thread started, have to send 897560512 bytes
(vm3:m0:30) thread started, have to send 897560512 bytes
(vm3:m0:32) thread started, have to send 897560512 bytes
(vm3:m0:27) thread started, have to send 897560512 bytes
(vm3:m0:31) thread started, have to send 897560512 bytes
(vm3:m0:25) thread started, have to send 897560512 bytes
(vm3:m0:26) thread started, have to send 897560512 bytes
(vm3:m0:23) thread started, have to send 897560512 bytes
(vm3:m0:18) thread started, have to send 897560512 bytes
(vm3:m0:33) thread started, have to send 897560512 bytes
(vm3:m0:28) thread started, have to send 897560512 bytes
(vm3:m0:34) thread started, have to send 897560512 bytes
(vm3:m0:29) thread started, have to send 897560512 bytes
(vm3:m0:24) thread started, have to send 897560512 bytes
(vm3:r0:2) Connection finished, received 897560513 bytes
(vm3:m0:2) all data sent, thread exiting
(vm3:m0:16) all data sent, thread exiting
(vm3:m0:11) all data sent, thread exiting
(vm3:m0:27) all data sent, thread exiting
(vm3:m0:32) all data sent, thread exiting
(vm3:m0:9) all data sent, thread exiting
(vm3:m0:19) all data sent, thread exiting
(vm3:m0:28) all data sent, thread exiting
(vm3:m0:26) all data sent, thread exiting
(vm3:m0:12) all data sent, thread exiting
(vm3:m0:13) all data sent, thread exiting
(vm3:m0:21) all data sent, thread exiting
(vm3:m0:20) all data sent, thread exiting
(vm3:m0:17) all data sent, thread exiting
(vm3:m0:15) all data sent, thread exiting
(vm3:m0:25) all data sent, thread exiting
(vm3:m0:5) all data sent, thread exiting
(vm3:m0:8) all data sent, thread exiting
(vm3:m0:34) all data sent, thread exiting
(vm3:m0:24) all data sent, thread exiting
(vm3:m0:14) all data sent, thread exiting
(vm3:m0:30) all data sent, thread exiting
(vm3:m0:6) all data sent, thread exiting
(vm3:m0:10) all data sent, thread exiting
(vm3:m0:23) all data sent, thread exiting
(vm3:m0:7) all data sent, thread exiting
(vm3:m0:18) all data sent, thread exiting
(vm3:m0:33) all data sent, thread exiting
(vm3:m0:22) all data sent, thread exiting
(vm3:m0:29) all data sent, thread exiting
(vm3:m0:31) all data sent, thread exiting
(vm3:m0:0) all data sent, thread exiting
(vm3:m0) thread 0 joined, 34 connections remaining
(vm3:m0) Waiting for a thread to finish
(vm3:m0:4) all data sent, thread exiting
(vm3:r0:4) Connection finished, received 897560513 bytes
(vm3:r0:0) Connection finished, received 897560513 bytes
(vm3:r0) thread 0 joined, 34 connections remaining
(vm3:r0) Starting new connection thread
(vm3:r0) Maximum number of connections reached (5), waiting for a thread to finish
(vm3:r0:0) Connection established
(vm3:m0:1) all data sent, thread exiting
(vm3:m0) thread 1 joined, 33 connections remaining
(vm3:m0) Waiting for a thread to finish
(vm3:m0) thread 2 joined, 32 connections remaining
(vm3:m0) Waiting for a thread to finish
(vm3:r0:1) Connection finished, received 897560513 bytes
(vm3:m0:3) all data sent, thread exiting
(vm3:m0) thread 3 joined, 31 connections remaining
(vm3:m0) Waiting for a thread to finish
(vm3:m0) thread 4 joined, 30 connections remaining
(vm3:m0) Waiting for a thread to finish
(vm3:m0) thread 5 joined, 29 connections remaining
(vm3:m0) Waiting for a thread to finish
(vm3:m0) thread 6 joined, 28 connections remaining
(vm3:m0) Waiting for a thread to finish
(vm3:m0) thread 7 joined, 27 connections remaining
(vm3:m0) Waiting for a thread to finish
(vm3:m0) thread 8 joined, 26 connections remaining
(vm3:m0) Waiting for a thread to finish
(vm3:m0) thread 9 joined, 25 connections remaining
(vm3:m0) Waiting for a thread to finish
(vm3:m0) thread 10 joined, 24 connections remaining
(vm3:m0) Waiting for a thread to finish
(vm3:m0) thread 11 joined, 23 connections remaining
(vm3:m0) Waiting for a thread to finish
(vm3:m0) thread 12 joined, 22 connections remaining
(vm3:m0) Waiting for a thread to finish
(vm3:m0) thread 13 joined, 21 connections remaining
(vm3:m0) Waiting for a thread to finish
(vm3:m0) thread 14 joined, 20 connections remaining
(vm3:m0) Waiting for a thread to finish
(vm3:m0) thread 15 joined, 19 connections remaining
(vm3:m0) Waiting for a thread to finish
(vm3:m0) thread 16 joined, 18 connections remaining
(vm3:m0) Waiting for a thread to finish
(vm3:m0) thread 17 joined, 17 connections remaining
(vm3:m0) Waiting for a thread to finish
(vm3:m0) thread 18 joined, 16 connections remaining
(vm3:m0) Waiting for a thread to finish
(vm3:m0) thread 19 joined, 15 connections remaining
(vm3:m0) Waiting for a thread to finish
(vm3:m0) thread 20 joined, 14 connections remaining
(vm3:m0) Waiting for a thread to finish
(vm3:m0) thread 21 joined, 13 connections remaining
(vm3:m0) Waiting for a thread to finish
(vm3:m0) thread 22 joined, 12 connections remaining
(vm3:m0) Waiting for a thread to finish
(vm3:m0) thread 23 joined, 11 connections remaining
(vm3:m0) Waiting for a thread to finish
(vm3:m0) thread 24 joined, 10 connections remaining
(vm3:m0) Waiting for a thread to finish
(vm3:m0) thread 25 joined, 9 connections remaining
(vm3:m0) Waiting for a thread to finish
(vm3:m0) thread 26 joined, 8 connections remaining
(vm3:m0) Waiting for a thread to finish
(vm3:m0) thread 27 joined, 7 connections remaining
(vm3:m0) Waiting for a thread to finish
(vm3:m0) thread 28 joined, 6 connections remaining
(vm3:m0) Waiting for a thread to finish
(vm3:m0) thread 29 joined, 5 connections remaining
(vm3:m0) Waiting for a thread to finish
(vm3:m0) thread 30 joined, 4 connections remaining
(vm3:m0) Waiting for a thread to finish
(vm3:m0) thread 31 joined, 3 connections remaining
(vm3:m0) Waiting for a thread to finish
(vm3:m0) thread 32 joined, 2 connections remaining
(vm3:m0) Waiting for a thread to finish
(vm3:m0) thread 33 joined, 1 connections remaining
(vm3:m0) Waiting for a thread to finish
(vm3:m0) thread 34 joined, 0 connections remaining
(vm3:m0) all done, exiting
*RES* start node vm3:m0
*RES* vm3:m0:0,1405707165283,29368,737,897560513
*RES* vm3:m0:1,1405707165281,32473,715,897560513
*RES* vm3:m0:2,1405707165270,14663,362,897560513
*RES* vm3:m0:3,1405707165281,32564,689,897560513
*RES* vm3:m0:4,1405707165281,29549,739,897560513
*RES* vm3:m0:5,1405707165280,28433,724,897560513
*RES* vm3:m0:6,1405707165281,28467,719,897560513
*RES* vm3:m0:7,1405707165281,28574,727,897560513
*RES* vm3:m0:8,1405707165281,28438,725,897560513
*RES* vm3:m0:9,1405707165281,28079,715,897560513
*RES* vm3:m0:10,1405707165281,28462,718,897560513
*RES* vm3:m0:11,1405707165280,27872,701,897560513
*RES* vm3:m0:12,1405707165281,28197,720,897560513
*RES* vm3:m0:13,1405707165280,28224,724,897560513
*RES* vm3:m0:14,1405707165285,28444,719,897560513
*RES* vm3:m0:15,1405707165285,28334,720,897560513
*RES* vm3:m0:16,1405707165285,27786,716,897560513
*RES* vm3:m0:17,1405707165285,28327,716,897560513
*RES* vm3:m0:18,1405707165293,28560,729,897560513
*RES* vm3:m0:19,1405707165285,28124,717,897560513
*RES* vm3:m0:20,1405707165285,28300,716,897560513
*RES* vm3:m0:21,1405707165285,28232,720,897560513
*RES* vm3:m0:22,1405707165291,28608,726,897560513
*RES* vm3:m0:23,1405707165292,28507,726,897560513
*RES* vm3:m0:24,1405707165296,28431,718,897560513
*RES* vm3:m0:25,1405707165292,28400,717,897560513
*RES* vm3:m0:26,1405707165292,28189,707,897560513
*RES* vm3:m0:27,1405707165292,27914,709,897560513
*RES* vm3:m0:28,1405707165294,28184,713,897560513
*RES* vm3:m0:29,1405707165296,28625,731,897560513
*RES* vm3:m0:30,1405707165291,28442,720,897560513
*RES* vm3:m0:31,1405707165292,28676,730,897560513
*RES* vm3:m0:32,1405707165291,28070,710,897560513
*RES* vm3:m0:33,1405707165294,28573,727,897560513
*RES* vm3:m0:34,1405707165296,28427,721,897560513
*RES* end node vm3:m0
Node vm3:m0 joined
(vm3:r0:3) Connection finished, received 897560513 bytes
(vm3:r0:0) Connection finished, received 897560513 bytes
(vm3:r0) thread 0 joined, 33 connections remaining
(vm3:r0) Starting new connection thread
(vm3:r0) Maximum number of connections reached (5), waiting for a thread to finish
(vm3:r0:0) Connection established
(vm3:r0:0) Connection finished, received 897560513 bytes
(vm3:r0) thread 0 joined, 32 connections remaining
(vm3:r0) Starting new connection thread
(vm3:r0) Maximum number of connections reached (5), waiting for a thread to finish
(vm3:r0:0) Connection established
(vm3:r0:0) Connection finished, received 897560513 bytes
(vm3:r0) thread 0 joined, 31 connections remaining
(vm3:r0) Starting new connection thread
(vm3:r0) Maximum number of connections reached (5), waiting for a thread to finish
(vm3:r0:0) Connection established
(vm3:r0:0) Connection finished, received 897560513 bytes
(vm3:r0) thread 0 joined, 30 connections remaining
(vm3:r0) Starting new connection thread
(vm3:r0) Maximum number of connections reached (5), waiting for a thread to finish
(vm3:r0:0) Connection established
(vm3:r0:0) Connection finished, received 897560513 bytes
(vm3:r0) thread 0 joined, 29 connections remaining
(vm3:r0) Starting new connection thread
(vm3:r0) Maximum number of connections reached (5), waiting for a thread to finish
(vm3:r0:0) Connection established
(vm3:r0:0) Connection finished, received 897560513 bytes
(vm3:r0) thread 0 joined, 28 connections remaining
(vm3:r0) Starting new connection thread
(vm3:r0) Maximum number of connections reached (5), waiting for a thread to finish
(vm3:r0:0) Connection established
(vm3:r0:0) Connection finished, received 897560513 bytes
(vm3:r0) thread 0 joined, 27 connections remaining
(vm3:r0) Starting new connection thread
(vm3:r0) Maximum number of connections reached (5), waiting for a thread to finish
(vm3:r0:0) Connection established
(vm3:r0:0) Connection finished, received 897560513 bytes
(vm3:r0) thread 0 joined, 26 connections remaining
(vm3:r0) Starting new connection thread
(vm3:r0) Maximum number of connections reached (5), waiting for a thread to finish
(vm3:r0:0) Connection established
(vm3:r0:0) Connection finished, received 897560513 bytes
(vm3:r0) thread 0 joined, 25 connections remaining
(vm3:r0) Starting new connection thread
(vm3:r0) Maximum number of connections reached (5), waiting for a thread to finish
(vm3:r0:0) Connection established
(vm3:r0:0) Connection finished, received 897560513 bytes
(vm3:r0) thread 0 joined, 24 connections remaining
(vm3:r0) Starting new connection thread
(vm3:r0) Maximum number of connections reached (5), waiting for a thread to finish
(vm3:r0:0) Connection established
(vm3:r0:0) Connection finished, received 897560513 bytes
(vm3:r0) thread 0 joined, 23 connections remaining
(vm3:r0) Starting new connection thread
(vm3:r0) Maximum number of connections reached (5), waiting for a thread to finish
(vm3:r0:0) Connection established
(vm3:r0:0) Connection finished, received 897560513 bytes
(vm3:r0) thread 0 joined, 22 connections remaining
(vm3:r0) Starting new connection thread
(vm3:r0) Maximum number of connections reached (5), waiting for a thread to finish
(vm3:r0:0) Connection established
(vm3:r0:0) Connection finished, received 897560513 bytes
(vm3:r0) thread 0 joined, 21 connections remaining
(vm3:r0) Starting new connection thread
(vm3:r0) Maximum number of connections reached (5), waiting for a thread to finish
(vm3:r0:0) Connection established
(vm3:r0:0) Connection finished, received 897560513 bytes
(vm3:r0) thread 0 joined, 20 connections remaining
(vm3:r0) Starting new connection thread
(vm3:r0) Maximum number of connections reached (5), waiting for a thread to finish
(vm3:r0:0) Connection established
(vm3:r0:0) Connection finished, received 897560513 bytes
(vm3:r0) thread 0 joined, 19 connections remaining
(vm3:r0) Starting new connection thread
(vm3:r0) Maximum number of connections reached (5), waiting for a thread to finish
(vm3:r0:0) Connection established
(vm3:r0:0) Connection finished, received 897560513 bytes
(vm3:r0) thread 0 joined, 18 connections remaining
(vm3:r0) Starting new connection thread
(vm3:r0) Maximum number of connections reached (5), waiting for a thread to finish
(vm3:r0:0) Connection established
(vm3:r0:0) Connection finished, received 897560513 bytes
(vm3:r0) thread 0 joined, 17 connections remaining
(vm3:r0) Starting new connection thread
(vm3:r0) Maximum number of connections reached (5), waiting for a thread to finish
(vm3:r0:0) Connection established
(vm3:r0:0) Connection finished, received 897560513 bytes
(vm3:r0) thread 0 joined, 16 connections remaining
(vm3:r0) Starting new connection thread
(vm3:r0) Maximum number of connections reached (5), waiting for a thread to finish
(vm3:r0:0) Connection established
(vm3:r0:0) Connection finished, received 897560513 bytes
(vm3:r0) thread 0 joined, 15 connections remaining
(vm3:r0) Starting new connection thread
(vm3:r0) Maximum number of connections reached (5), waiting for a thread to finish
(vm3:r0:0) Connection established
(vm3:r0:0) Connection finished, received 897560513 bytes
(vm3:r0) thread 0 joined, 14 connections remaining
(vm3:r0) Starting new connection thread
(vm3:r0) Maximum number of connections reached (5), waiting for a thread to finish
(vm3:r0:0) Connection established
(vm3:r0:0) Connection finished, received 897560513 bytes
(vm3:r0) thread 0 joined, 13 connections remaining
(vm3:r0) Starting new connection thread
(vm3:r0) Maximum number of connections reached (5), waiting for a thread to finish
(vm3:r0:0) Connection established
(vm3:r0:0) Connection finished, received 897560513 bytes
(vm3:r0) thread 0 joined, 12 connections remaining
(vm3:r0) Starting new connection thread
(vm3:r0) Maximum number of connections reached (5), waiting for a thread to finish
(vm3:r0:0) Connection established
(vm3:r0:0) Connection finished, received 897560513 bytes
(vm3:r0) thread 0 joined, 11 connections remaining
(vm3:r0) Starting new connection thread
(vm3:r0) Maximum number of connections reached (5), waiting for a thread to finish
(vm3:r0:0) Connection established
(vm3:r0:0) Connection finished, received 897560513 bytes
(vm3:r0) thread 0 joined, 10 connections remaining
(vm3:r0) Starting new connection thread
(vm3:r0) Maximum number of connections reached (5), waiting for a thread to finish
(vm3:r0:0) Connection established
(vm3:r0:0) Connection finished, received 897560513 bytes
(vm3:r0) thread 0 joined, 9 connections remaining
(vm3:r0) Starting new connection thread
(vm3:r0) Maximum number of connections reached (5), waiting for a thread to finish
(vm3:r0:0) Connection established
(vm3:r0:0) Connection finished, received 897560513 bytes
(vm3:r0) thread 0 joined, 8 connections remaining
(vm3:r0) Starting new connection thread
(vm3:r0) Maximum number of connections reached (5), waiting for a thread to finish
(vm3:r0:0) Connection established
(vm3:r0:0) Connection finished, received 897560513 bytes
(vm3:r0) thread 0 joined, 7 connections remaining
(vm3:r0) Starting new connection thread
(vm3:r0) Maximum number of connections reached (5), waiting for a thread to finish
(vm3:r0:0) Connection established
(vm3:r0:0) Connection finished, received 897560513 bytes
(vm3:r0) thread 0 joined, 6 connections remaining
(vm3:r0) Starting new connection thread
(vm3:r0) Maximum number of connections reached (5), waiting for a thread to finish
(vm3:r0:0) Connection established
(vm3:r0:0) Connection finished, received 897560513 bytes
(vm3:r0) thread 0 joined, 5 connections remaining
(vm3:r0) Starting new connection thread
(vm3:r0) Maximum number of connections reached (5), waiting for a thread to finish
(vm3:r0:0) Connection established
(vm3:r0:0) Connection finished, received 897560513 bytes
(vm3:r0) thread 0 joined, 4 connections remaining
(vm3:r0) Maximum number of connections reached (4), waiting for a thread to finish
(vm3:r0) thread 1 joined, 3 connections remaining
(vm3:r0) Maximum number of connections reached (3), waiting for a thread to finish
(vm3:r0) thread 2 joined, 2 connections remaining
(vm3:r0) Maximum number of connections reached (2), waiting for a thread to finish
(vm3:r0) thread 3 joined, 1 connections remaining
(vm3:r0) Maximum number of connections reached (1), waiting for a thread to finish
(vm3:r0) thread 4 joined, 0 connections remaining
(vm3:r0) all done, exiting
*RES* start node vm3:r0
*RES* vm3:r0:0,1405707165270,29615,787,897560513
*RES* vm3:r0:0,1405707194894,50274,842,897560513
*RES* vm3:r0:0,1405707245175,42588,879,897560513
*RES* vm3:r0:0,1405707287767,34922,833,897560513
*RES* vm3:r0:0,1405707322695,25175,809,897560513
*RES* vm3:r0:0,1405707347875,18005,914,897560513
*RES* vm3:r0:0,1405707365887,6778,1717,897560513
*RES* vm3:r0:0,1405707372671,6451,1691,897560513
*RES* vm3:r0:0,1405707379131,7189,1565,897560513
*RES* vm3:r0:0,1405707386327,8988,1953,897560513
*RES* vm3:r0:0,1405707395319,8366,1736,897560513
*RES* vm3:r0:0,1405707403691,9881,1414,897560513
*RES* vm3:r0:0,1405707413579,9409,1594,897560513
*RES* vm3:r0:0,1405707422995,8543,1495,897560513
*RES* vm3:r0:0,1405707431543,6280,1181,897560513
*RES* vm3:r0:0,1405707437831,5697,879,897560513
*RES* vm3:r0:0,1405707443535,4604,1085,897560513
*RES* vm3:r0:0,1405707448143,6205,1109,897560513
*RES* vm3:r0:0,1405707454355,3900,974,897560513
*RES* vm3:r0:0,1405707458263,5184,1079,897560513
*RES* vm3:r0:0,1405707463451,4671,859,897560513
*RES* vm3:r0:0,1405707468127,5103,974,897560513
*RES* vm3:r0:0,1405707473235,4516,914,897560513
*RES* vm3:r0:0,1405707477759,5192,895,897560513
*RES* vm3:r0:0,1405707482955,3640,894,897560513
*RES* vm3:r0:0,1405707486599,3753,863,897560513
*RES* vm3:r0:0,1405707490359,2675,768,897560513
*RES* vm3:r0:0,1405707493039,2328,862,897560513
*RES* vm3:r0:0,1405707495375,4016,807,897560513
*RES* vm3:r0:0,1405707499395,1603,731,897560513
*RES* vm3:r0:0,1405707501007,1598,765,897560513
*RES* vm3:r0:1,1405707165270,32499,835,897560513
*RES* vm3:r0:2,1405707165270,14664,364,897560513
*RES* vm3:r0:3,1405707165270,34267,800,897560513
*RES* vm3:r0:4,1405707165270,29599,739,897560513
*RES* end node vm3:r0
Node vm3:r0 joined
Worker terminating correctly
