OSMeF worker starting
Enabling core dumping
Listening for command connection
(vm12:m0) New mapper on port 23330
(vm12:m0) -> reducer data size 5609753202
(vm12:m0) -> reducer data size 5609753202
(vm12:m0) -> reducer data size 5609753202
(vm12:m0) -> reducer data size 5609753202
(vm12:m0) -> reducer data size 5609753202
(vm12:m0) -> reducer data size 5609753202
(vm12:m0) -> reducer data size 5609753202
(vm12:m0) -> reducer data size 5609753202
(vm12:m0) -> reducer data size 5609753202
(vm12:m0) -> reducer data size 5609753202
(vm12:m0) -> reducer data size 5609753202
(vm12:m0) -> reducer data size 5609753202
(vm12:m0) -> reducer data size 5609753202
(vm12:m0) -> reducer data size 5609753202
(vm12:m0) Mapper thread started
(vm12:m0) Allocating data for reducer vm1:r0
(vm12:m0) Allocating data for reducer vm2:r0
(vm12:m0) Allocating data for reducer vm3:r0
(vm12:m0) Allocating data for reducer vm4:r0
(vm12:m0) Allocating data for reducer vm5:r0
(vm12:m0) Allocating data for reducer vm6:r0
(vm12:m0) Allocating data for reducer vm7:r0
(vm12:m0) Allocating data for reducer vm8:r0
(vm12:m0) Allocating data for reducer vm9:r0
(vm12:m0) Allocating data for reducer vm10:r0
(vm12:m0) Allocating data for reducer vm11:r0
(vm12:m0) Allocating data for reducer vm12:r0
(vm12:m0) Allocating data for reducer vm13:r0
(vm12:m0) Allocating data for reducer vm14:r0
(vm12:m0) Binding to port 23330
(vm12:r0) New reducer
(vm12:r0) Reducer thread started
(vm12:r0) waiting for START message
(vm12:r0) got START message
(vm12:r0) Starting new connection thread
(vm12:r0) Starting new connection thread
(vm12:r0) Starting new connection thread
(vm12:r0) Starting new connection thread
(vm12:r0) Starting new connection thread
(vm12:r0) Maximum number of connections reached (5), waiting for a thread to finish
(vm12:r0:3) Connection established
(vm12:r0:2) Connection established
(vm12:r0:0) Connection established
(vm12:r0:4) Connection established
(vm12:r0:1) Connection established
(vm12:r0:4) Connection finished, received 5609753203 bytes
(vm12:r0:3) Connection finished, received 5609753203 bytes
(vm12:r0:2) Connection finished, received 5609753203 bytes
(vm12:r0:0) Connection finished, received 5609753203 bytes
(vm12:r0) thread 0 joined, 13 connections remaining
(vm12:r0) Starting new connection thread
(vm12:r0) Maximum number of connections reached (5), waiting for a thread to finish
(vm12:r0:0) Connection established
(vm12:r0:1) Connection finished, received 5609753203 bytes
(vm12:r0:0) Connection finished, received 5609753203 bytes
(vm12:r0) thread 0 joined, 12 connections remaining
(vm12:r0) Starting new connection thread
(vm12:r0) Maximum number of connections reached (5), waiting for a thread to finish
(vm12:r0:0) Connection established
(vm12:m0) Got connection from reducer vm1:r0
(vm12:m0:0) thread started, have to send 5609753202 bytes
(vm12:m0:0) all data sent, thread exiting
(vm12:r0:0) Connection finished, received 5609753203 bytes
(vm12:r0) thread 0 joined, 11 connections remaining
(vm12:r0) Starting new connection thread
(vm12:r0) Maximum number of connections reached (5), waiting for a thread to finish
(vm12:r0:0) Connection established
(vm12:r0:0) Connection finished, received 5609753203 bytes
(vm12:r0) thread 0 joined, 10 connections remaining
(vm12:r0) Starting new connection thread
(vm12:r0) Maximum number of connections reached (5), waiting for a thread to finish
(vm12:r0:0) Connection established
(vm12:m0) Got connection from reducer vm6:r0
(vm12:m0:5) thread started, have to send 5609753202 bytes
(vm12:m0:5) all data sent, thread exiting
(vm12:r0:0) Connection finished, received 5609753203 bytes
(vm12:r0) thread 0 joined, 9 connections remaining
(vm12:r0) Starting new connection thread
(vm12:r0) Maximum number of connections reached (5), waiting for a thread to finish
(vm12:r0:0) Connection established
(vm12:r0:0) Connection finished, received 5609753203 bytes
(vm12:r0) thread 0 joined, 8 connections remaining
(vm12:r0) Starting new connection thread
(vm12:r0) Maximum number of connections reached (5), waiting for a thread to finish
(vm12:r0:0) Connection established
(vm12:m0) Got connection from reducer vm7:r0
(vm12:m0:6) thread started, have to send 5609753202 bytes
(vm12:r0:0) Connection finished, received 5609753203 bytes
(vm12:r0) thread 0 joined, 7 connections remaining
(vm12:r0) Starting new connection thread
(vm12:r0) Maximum number of connections reached (5), waiting for a thread to finish
(vm12:r0:0) Connection established
(vm12:m0) Got connection from reducer vm12:r0
(vm12:m0:11) thread started, have to send 5609753202 bytes
(vm12:m0) Got connection from reducer vm11:r0
(vm12:m0:10) thread started, have to send 5609753202 bytes
(vm12:m0:6) all data sent, thread exiting
(vm12:m0:11) all data sent, thread exiting
(vm12:r0:0) Connection finished, received 5609753203 bytes
(vm12:r0) thread 0 joined, 6 connections remaining
(vm12:r0) Starting new connection thread
(vm12:r0) Maximum number of connections reached (5), waiting for a thread to finish
(vm12:r0:0) Connection established
(vm12:m0:10) all data sent, thread exiting
(vm12:r0:0) Connection finished, received 5609753203 bytes
(vm12:r0) thread 0 joined, 5 connections remaining
(vm12:r0) Starting new connection thread
(vm12:r0) Maximum number of connections reached (5), waiting for a thread to finish
(vm12:r0:0) Connection established
(vm12:m0) Got connection from reducer vm8:r0
(vm12:m0:7) thread started, have to send 5609753202 bytes
(vm12:m0:7) all data sent, thread exiting
(vm12:m0) Got connection from reducer vm9:r0
(vm12:m0:8) thread started, have to send 5609753202 bytes
(vm12:r0:0) Connection finished, received 5609753203 bytes
(vm12:r0) thread 0 joined, 4 connections remaining
(vm12:r0) Maximum number of connections reached (4), waiting for a thread to finish
(vm12:r0) thread 1 joined, 3 connections remaining
(vm12:r0) Maximum number of connections reached (3), waiting for a thread to finish
(vm12:r0) thread 2 joined, 2 connections remaining
(vm12:r0) Maximum number of connections reached (2), waiting for a thread to finish
(vm12:r0) thread 3 joined, 1 connections remaining
(vm12:r0) Maximum number of connections reached (1), waiting for a thread to finish
(vm12:r0) thread 4 joined, 0 connections remaining
(vm12:r0) all done, exiting
(vm12:m0:8) all data sent, thread exiting
(vm12:m0) Got connection from reducer vm10:r0
(vm12:m0:9) thread started, have to send 5609753202 bytes
(vm12:m0:9) all data sent, thread exiting
(vm12:m0) Got connection from reducer vm13:r0
(vm12:m0:12) thread started, have to send 5609753202 bytes
(vm12:m0) Got connection from reducer vm14:r0
(vm12:m0:13) thread started, have to send 5609753202 bytes
(vm12:m0) Got connection from reducer vm2:r0
(vm12:m0:1) thread started, have to send 5609753202 bytes
(vm12:m0) Got connection from reducer vm3:r0
(vm12:m0:2) thread started, have to send 5609753202 bytes
(vm12:m0) Got connection from reducer vm5:r0
(vm12:m0:4) thread started, have to send 5609753202 bytes
(vm12:m0) Got connection from reducer vm4:r0
(vm12:m0) Waiting for a thread to finish
(vm12:m0) thread 0 joined, 13 connections remaining
(vm12:m0) Waiting for a thread to finish
(vm12:m0:3) thread started, have to send 5609753202 bytes
(vm12:m0:12) all data sent, thread exiting
(vm12:m0:13) all data sent, thread exiting
(vm12:m0:1) all data sent, thread exiting
(vm12:m0) thread 1 joined, 12 connections remaining
(vm12:m0) Waiting for a thread to finish
(vm12:m0:2) all data sent, thread exiting
(vm12:m0) thread 2 joined, 11 connections remaining
(vm12:m0) Waiting for a thread to finish
(vm12:m0:4) all data sent, thread exiting
(vm12:m0:3) all data sent, thread exiting
(vm12:m0) thread 3 joined, 10 connections remaining
(vm12:m0) Waiting for a thread to finish
(vm12:m0) thread 4 joined, 9 connections remaining
(vm12:m0) Waiting for a thread to finish
(vm12:m0) thread 5 joined, 8 connections remaining
(vm12:m0) Waiting for a thread to finish
(vm12:m0) thread 6 joined, 7 connections remaining
(vm12:m0) Waiting for a thread to finish
(vm12:m0) thread 7 joined, 6 connections remaining
(vm12:m0) Waiting for a thread to finish
(vm12:m0) thread 8 joined, 5 connections remaining
(vm12:m0) Waiting for a thread to finish
(vm12:m0) thread 9 joined, 4 connections remaining
(vm12:m0) Waiting for a thread to finish
(vm12:m0) thread 10 joined, 3 connections remaining
(vm12:m0) Waiting for a thread to finish
(vm12:m0) thread 11 joined, 2 connections remaining
(vm12:m0) Waiting for a thread to finish
(vm12:m0) thread 12 joined, 1 connections remaining
(vm12:m0) Waiting for a thread to finish
(vm12:m0) thread 13 joined, 0 connections remaining
(vm12:m0) all done, exiting
*RES* start node vm12:m0
*RES* vm12:m0:0,1403738051046,10495,4268,5609753203
*RES* vm12:m0:1,1403738237798,21532,3268,5609753203
*RES* vm12:m0:2,1403738237838,21505,3258,5609753203
*RES* vm12:m0:3,1403738238219,21680,3355,5609753203
*RES* vm12:m0:4,1403738238110,21713,3336,5609753203
*RES* vm12:m0:5,1403738106161,10001,3940,5609753203
*RES* vm12:m0:6,1403738168029,13717,3845,5609753203
*RES* vm12:m0:7,1403738197063,10698,3909,5609753203
*RES* vm12:m0:8,1403738208250,9609,4432,5609753203
*RES* vm12:m0:9,1403738223012,8538,4386,5609753203
*RES* vm12:m0:10,1403738176342,13693,4142,5609753203
*RES* vm12:m0:11,1403738172698,9351,869,5609753203
*RES* vm12:m0:12,1403738235145,19583,3446,5609753203
*RES* vm12:m0:13,1403738236915,20996,3343,5609753203
*RES* end node vm12:m0
Node vm12:m0 joined
*RES* start node vm12:r0
*RES* vm12:r0:0,1403737877124,81856,5106,5609753203
*RES* vm12:r0:0,1403737958986,56681,4403,5609753203
*RES* vm12:r0:0,1403738015674,55768,4526,5609753203
*RES* vm12:r0:0,1403738071446,33779,3977,5609753203
*RES* vm12:r0:0,1403738105230,37644,4034,5609753203
*RES* vm12:r0:0,1403738142878,16034,4440,5609753203
*RES* vm12:r0:0,1403738158918,13764,4090,5609753203
*RES* vm12:r0:0,1403738172698,9355,2405,5609753203
*RES* vm12:r0:0,1403738182062,13860,3505,5609753203
*RES* vm12:r0:0,1403738195926,15054,3508,5609753203
*RES* vm12:r0:1,1403737877124,84317,5164,5609753203
*RES* vm12:r0:2,1403737877124,81390,5093,5609753203
*RES* vm12:r0:3,1403737877124,78485,5028,5609753203
*RES* vm12:r0:4,1403737877124,69877,4887,5609753203
*RES* end node vm12:r0
Node vm12:r0 joined
Worker terminating correctly
