OSMeF worker starting
Enabling core dumping
Listening for command connection
(vm9:m0) New mapper on port 23330
(vm9:m0) -> reducer data size 1626496490
(vm9:m0) -> reducer data size 1626496490
(vm9:m0) -> reducer data size 1626496490
(vm9:m0) -> reducer data size 1626496490
(vm9:m0) -> reducer data size 1626496490
(vm9:m0) -> reducer data size 1626496490
(vm9:m0) -> reducer data size 1626496490
(vm9:m0) -> reducer data size 1626496490
(vm9:m0) -> reducer data size 1626496490
(vm9:m0) -> reducer data size 1626496490
(vm9:m0) -> reducer data size 1626496490
(vm9:m0) -> reducer data size 1626496490
(vm9:m0) -> reducer data size 1626496490
(vm9:m0) -> reducer data size 1626496490
(vm9:m0) -> reducer data size 1626496490
(vm9:m0) -> reducer data size 1626496490
(vm9:m0) -> reducer data size 1626496490
(vm9:m0) -> reducer data size 1626496490
(vm9:m0) -> reducer data size 1626496490
(vm9:m0) -> reducer data size 1626496490
(vm9:m0) -> reducer data size 1626496490
(vm9:m0) -> reducer data size 1626496490
(vm9:m0) -> reducer data size 1626496490
(vm9:m0) -> reducer data size 1626496490
(vm9:m0) -> reducer data size 1626496490
(vm9:m0) -> reducer data size 1626496490
(vm9:m0) Mapper thread started
(vm9:m0) Allocating data for reducer vm1:r0
(vm9:m0) Allocating data for reducer vm2:r0
(vm9:m0) Allocating data for reducer vm3:r0
(vm9:m0) Allocating data for reducer vm4:r0
(vm9:m0) Allocating data for reducer vm5:r0
(vm9:m0) Allocating data for reducer vm6:r0
(vm9:m0) Allocating data for reducer vm7:r0
(vm9:m0) Allocating data for reducer vm8:r0
(vm9:m0) Allocating data for reducer vm9:r0
(vm9:m0) Allocating data for reducer vm10:r0
(vm9:m0) Allocating data for reducer vm11:r0
(vm9:m0) Allocating data for reducer vm12:r0
(vm9:m0) Allocating data for reducer vm13:r0
(vm9:m0) Allocating data for reducer vm14:r0
(vm9:m0) Allocating data for reducer vm15:r0
(vm9:m0) Allocating data for reducer vm16:r0
(vm9:m0) Allocating data for reducer vm17:r0
(vm9:m0) Allocating data for reducer vm18:r0
(vm9:m0) Allocating data for reducer vm19:r0
(vm9:m0) Allocating data for reducer vm20:r0
(vm9:m0) Allocating data for reducer vm21:r0
(vm9:m0) Allocating data for reducer vm22:r0
(vm9:m0) Allocating data for reducer vm23:r0
(vm9:m0) Allocating data for reducer vm24:r0
(vm9:m0) Allocating data for reducer vm25:r0
(vm9:m0) Allocating data for reducer vm26:r0
(vm9:m0) Binding to port 23330
(vm9:r0) New reducer
(vm9:r0) Reducer thread started
(vm9:r0) waiting for START message
(vm9:r0) got START message
(vm9:r0) Starting new connection thread
(vm9:r0) Starting new connection thread
(vm9:r0) Starting new connection thread
(vm9:r0) Starting new connection thread
(vm9:r0) Starting new connection thread
(vm9:r0) Maximum number of connections reached (5), waiting for a thread to finish
(vm9:r0:3) Connection established
(vm9:r0:2) Connection established
(vm9:r0:0) Connection established
(vm9:r0:4) Connection established
(vm9:r0:1) Connection established
(vm9:r0:4) Connection finished, received 1626496491 bytes
(vm9:r0:2) Connection finished, received 1626496491 bytes
(vm9:r0:1) Connection finished, received 1626496491 bytes
(vm9:r0:0) Connection finished, received 1626496491 bytes
(vm9:r0) thread 0 joined, 25 connections remaining
(vm9:r0) Starting new connection thread
(vm9:r0) Maximum number of connections reached (5), waiting for a thread to finish
(vm9:r0:0) Connection established
(vm9:r0:3) Connection finished, received 1626496491 bytes
(vm9:r0:0) Connection finished, received 1626496491 bytes
(vm9:r0) thread 0 joined, 24 connections remaining
(vm9:r0) Starting new connection thread
(vm9:r0) Maximum number of connections reached (5), waiting for a thread to finish
(vm9:r0:0) Connection established
(vm9:m0) Got connection from reducer vm1:r0
(vm9:m0:0) thread started, have to send 1626496490 bytes
(vm9:m0:0) all data sent, thread exiting
(vm9:m0) Got connection from reducer vm21:r0
(vm9:m0:20) thread started, have to send 1626496490 bytes
(vm9:m0:20) all data sent, thread exiting
(vm9:m0) Got connection from reducer vm6:r0
(vm9:m0:5) thread started, have to send 1626496490 bytes
(vm9:m0) Got connection from reducer vm20:r0
(vm9:m0:19) thread started, have to send 1626496490 bytes
(vm9:m0:5) all data sent, thread exiting
(vm9:m0:19) all data sent, thread exiting
(vm9:r0:0) Connection finished, received 1626496491 bytes
(vm9:r0) thread 0 joined, 23 connections remaining
(vm9:r0) Starting new connection thread
(vm9:r0) Maximum number of connections reached (5), waiting for a thread to finish
(vm9:r0:0) Connection established
(vm9:m0) Got connection from reducer vm15:r0
(vm9:m0:14) thread started, have to send 1626496490 bytes
(vm9:m0:14) all data sent, thread exiting
(vm9:m0) Got connection from reducer vm19:r0
(vm9:m0:18) thread started, have to send 1626496490 bytes
(vm9:m0) Got connection from reducer vm17:r0
(vm9:m0:16) thread started, have to send 1626496490 bytes
(vm9:m0:18) all data sent, thread exiting
(vm9:r0:0) Connection finished, received 1626496491 bytes
(vm9:r0) thread 0 joined, 22 connections remaining
(vm9:r0) Starting new connection thread
(vm9:r0) Maximum number of connections reached (5), waiting for a thread to finish
(vm9:r0:0) Connection established
(vm9:m0) Got connection from reducer vm9:r0
(vm9:m0:8) thread started, have to send 1626496490 bytes
(vm9:m0:8) all data sent, thread exiting
(vm9:r0:0) Connection finished, received 1626496491 bytes
(vm9:r0) thread 0 joined, 21 connections remaining
(vm9:r0) Starting new connection thread
(vm9:r0) Maximum number of connections reached (5), waiting for a thread to finish
(vm9:r0:0) Connection established
(vm9:m0) Got connection from reducer vm8:r0
(vm9:m0:7) thread started, have to send 1626496490 bytes
(vm9:m0:16) all data sent, thread exiting
(vm9:m0) Got connection from reducer vm7:r0
(vm9:m0:6) thread started, have to send 1626496490 bytes
(vm9:m0) Got connection from reducer vm10:r0
(vm9:m0:9) thread started, have to send 1626496490 bytes
(vm9:m0) Got connection from reducer vm26:r0
(vm9:m0:25) thread started, have to send 1626496490 bytes
(vm9:m0) Got connection from reducer vm16:r0
(vm9:m0:15) thread started, have to send 1626496490 bytes
(vm9:m0) Got connection from reducer vm14:r0
(vm9:m0:13) thread started, have to send 1626496490 bytes
(vm9:m0) Got connection from reducer vm4:r0
(vm9:m0:3) thread started, have to send 1626496490 bytes
(vm9:m0) Got connection from reducer vm2:r0
(vm9:m0:1) thread started, have to send 1626496490 bytes
(vm9:m0) Got connection from reducer vm25:r0
(vm9:m0:24) thread started, have to send 1626496490 bytes
(vm9:m0) Got connection from reducer vm24:r0
(vm9:m0) Got connection from reducer vm11:r0
(vm9:m0:23) thread started, have to send 1626496490 bytes
(vm9:m0:10) thread started, have to send 1626496490 bytes
(vm9:m0) Got connection from reducer vm18:r0
(vm9:m0:17) thread started, have to send 1626496490 bytes
(vm9:m0) Got connection from reducer vm12:r0
(vm9:m0:11) thread started, have to send 1626496490 bytes
(vm9:m0) Got connection from reducer vm23:r0
(vm9:m0:22) thread started, have to send 1626496490 bytes
(vm9:m0) Got connection from reducer vm3:r0
(vm9:m0:2) thread started, have to send 1626496490 bytes
(vm9:m0) Got connection from reducer vm5:r0
(vm9:m0:4) thread started, have to send 1626496490 bytes
(vm9:m0) Got connection from reducer vm22:r0
(vm9:m0:21) thread started, have to send 1626496490 bytes
(vm9:m0) Got connection from reducer vm13:r0
(vm9:m0) Waiting for a thread to finish
(vm9:m0) thread 0 joined, 25 connections remaining
(vm9:m0) Waiting for a thread to finish
(vm9:m0:12) thread started, have to send 1626496490 bytes
(vm9:r0:0) Connection finished, received 1626496491 bytes
(vm9:r0) thread 0 joined, 20 connections remaining
(vm9:r0) Starting new connection thread
(vm9:r0) Maximum number of connections reached (5), waiting for a thread to finish
(vm9:r0:0) Connection established
(vm9:m0:6) all data sent, thread exiting
(vm9:m0:7) all data sent, thread exiting
(vm9:m0:25) all data sent, thread exiting
(vm9:r0:0) Connection finished, received 1626496491 bytes
(vm9:r0) thread 0 joined, 19 connections remaining
(vm9:r0) Starting new connection thread
(vm9:r0) Maximum number of connections reached (5), waiting for a thread to finish
(vm9:r0:0) Connection established
(vm9:m0:13) all data sent, thread exiting
(vm9:m0:23) all data sent, thread exiting
(vm9:m0:9) all data sent, thread exiting
(vm9:m0:1) all data sent, thread exiting
(vm9:m0) thread 1 joined, 24 connections remaining
(vm9:m0) Waiting for a thread to finish
(vm9:m0:24) all data sent, thread exiting
(vm9:m0:2) all data sent, thread exiting
(vm9:m0) thread 2 joined, 23 connections remaining
(vm9:m0) Waiting for a thread to finish
(vm9:m0:12) all data sent, thread exiting
(vm9:m0:11) all data sent, thread exiting
(vm9:m0:10) all data sent, thread exiting
(vm9:m0:21) all data sent, thread exiting
(vm9:m0:3) all data sent, thread exiting
(vm9:m0) thread 3 joined, 22 connections remaining
(vm9:m0) Waiting for a thread to finish
(vm9:m0:15) all data sent, thread exiting
(vm9:m0:4) all data sent, thread exiting
(vm9:m0) thread 4 joined, 21 connections remaining
(vm9:m0) Waiting for a thread to finish
(vm9:m0) thread 5 joined, 20 connections remaining
(vm9:m0) Waiting for a thread to finish
(vm9:m0) thread 6 joined, 19 connections remaining
(vm9:m0) Waiting for a thread to finish
(vm9:m0) thread 7 joined, 18 connections remaining
(vm9:m0) Waiting for a thread to finish
(vm9:m0) thread 8 joined, 17 connections remaining
(vm9:m0) Waiting for a thread to finish
(vm9:m0) thread 9 joined, 16 connections remaining
(vm9:m0) Waiting for a thread to finish
(vm9:m0) thread 10 joined, 15 connections remaining
(vm9:m0) Waiting for a thread to finish
(vm9:m0) thread 11 joined, 14 connections remaining
(vm9:m0) Waiting for a thread to finish
(vm9:m0) thread 12 joined, 13 connections remaining
(vm9:m0) Waiting for a thread to finish
(vm9:m0) thread 13 joined, 12 connections remaining
(vm9:m0) Waiting for a thread to finish
(vm9:m0) thread 14 joined, 11 connections remaining
(vm9:m0) Waiting for a thread to finish
(vm9:m0) thread 15 joined, 10 connections remaining
(vm9:m0) Waiting for a thread to finish
(vm9:m0) thread 16 joined, 9 connections remaining
(vm9:m0) Waiting for a thread to finish
(vm9:m0:17) all data sent, thread exiting
(vm9:m0) thread 17 joined, 8 connections remaining
(vm9:m0) Waiting for a thread to finish
(vm9:m0) thread 18 joined, 7 connections remaining
(vm9:m0) Waiting for a thread to finish
(vm9:m0) thread 19 joined, 6 connections remaining
(vm9:m0) Waiting for a thread to finish
(vm9:m0) thread 20 joined, 5 connections remaining
(vm9:m0) Waiting for a thread to finish
(vm9:m0) thread 21 joined, 4 connections remaining
(vm9:m0) Waiting for a thread to finish
(vm9:m0:22) all data sent, thread exiting
(vm9:m0) thread 22 joined, 3 connections remaining
(vm9:m0) Waiting for a thread to finish
(vm9:m0) thread 23 joined, 2 connections remaining
(vm9:m0) Waiting for a thread to finish
(vm9:m0) thread 24 joined, 1 connections remaining
(vm9:m0) Waiting for a thread to finish
(vm9:m0) thread 25 joined, 0 connections remaining
(vm9:m0) all done, exiting
*RES* start node vm9:m0
*RES* vm9:m0:0,1404829642122,3132,1109,1626496491
*RES* vm9:m0:1,1404829700285,25330,1226,1626496491
*RES* vm9:m0:2,1404829700851,24990,1211,1626496491
*RES* vm9:m0:3,1404829700277,25954,1262,1626496491
*RES* vm9:m0:4,1404829700865,25523,1237,1626496491
*RES* vm9:m0:5,1404829665337,3596,1072,1626496491
*RES* vm9:m0:6,1404829698888,19609,1209,1626496491
*RES* vm9:m0:7,1404829697262,24766,1184,1626496491
*RES* vm9:m0:8,1404829692797,3232,341,1626496491
*RES* vm9:m0:9,1404829699737,25608,1241,1626496491
*RES* vm9:m0:10,1404829700376,25758,1212,1626496491
*RES* vm9:m0:11,1404829700677,25451,1215,1626496491
*RES* vm9:m0:12,1404829700944,25068,1213,1626496491
*RES* vm9:m0:13,1404829700232,24403,1192,1626496491
*RES* vm9:m0:14,1404829672712,3951,1401,1626496491
*RES* vm9:m0:15,1404829699946,26391,1210,1626496491
*RES* vm9:m0:16,1404829691793,5968,1889,1626496491
*RES* vm9:m0:17,1404829700559,25895,1201,1626496491
*RES* vm9:m0:18,1404829688175,3784,1356,1626496491
*RES* vm9:m0:19,1404829665380,3650,1050,1626496491
*RES* vm9:m0:20,1404829656669,2904,977,1626496491
*RES* vm9:m0:21,1404829700878,25282,1213,1626496491
*RES* vm9:m0:22,1404829700824,25739,1255,1626496491
*RES* vm9:m0:23,1404829700376,24984,1214,1626496491
*RES* vm9:m0:24,1404829700304,25451,1215,1626496491
*RES* vm9:m0:25,1404829699752,24383,1233,1626496491
*RES* end node vm9:m0
Node vm9:m0 joined
(vm9:r0:0) Connection finished, received 1626496491 bytes
(vm9:r0) thread 0 joined, 18 connections remaining
(vm9:r0) Starting new connection thread
(vm9:r0) Maximum number of connections reached (5), waiting for a thread to finish
(vm9:r0:0) Connection established
(vm9:r0:0) Connection finished, received 1626496491 bytes
(vm9:r0) thread 0 joined, 17 connections remaining
(vm9:r0) Starting new connection thread
(vm9:r0) Maximum number of connections reached (5), waiting for a thread to finish
(vm9:r0:0) Connection established
(vm9:r0:0) Connection finished, received 1626496491 bytes
(vm9:r0) thread 0 joined, 16 connections remaining
(vm9:r0) Starting new connection thread
(vm9:r0) Maximum number of connections reached (5), waiting for a thread to finish
(vm9:r0:0) Connection established
(vm9:r0:0) Connection finished, received 1626496491 bytes
(vm9:r0) thread 0 joined, 15 connections remaining
(vm9:r0) Starting new connection thread
(vm9:r0) Maximum number of connections reached (5), waiting for a thread to finish
(vm9:r0:0) Connection established
(vm9:r0:0) Connection finished, received 1626496491 bytes
(vm9:r0) thread 0 joined, 14 connections remaining
(vm9:r0) Starting new connection thread
(vm9:r0) Maximum number of connections reached (5), waiting for a thread to finish
(vm9:r0:0) Connection established
(vm9:r0:0) Connection finished, received 1626496491 bytes
(vm9:r0) thread 0 joined, 13 connections remaining
(vm9:r0) Starting new connection thread
(vm9:r0) Maximum number of connections reached (5), waiting for a thread to finish
(vm9:r0:0) Connection established
(vm9:r0:0) Connection finished, received 1626496491 bytes
(vm9:r0) thread 0 joined, 12 connections remaining
(vm9:r0) Starting new connection thread
(vm9:r0) Maximum number of connections reached (5), waiting for a thread to finish
(vm9:r0:0) Connection established
(vm9:r0:0) Connection finished, received 1626496491 bytes
(vm9:r0) thread 0 joined, 11 connections remaining
(vm9:r0) Starting new connection thread
(vm9:r0) Maximum number of connections reached (5), waiting for a thread to finish
(vm9:r0:0) Connection established
(vm9:r0:0) Connection finished, received 1626496491 bytes
(vm9:r0) thread 0 joined, 10 connections remaining
(vm9:r0) Starting new connection thread
(vm9:r0) Maximum number of connections reached (5), waiting for a thread to finish
(vm9:r0:0) Connection established
(vm9:r0:0) Connection finished, received 1626496491 bytes
(vm9:r0) thread 0 joined, 9 connections remaining
(vm9:r0) Starting new connection thread
(vm9:r0) Maximum number of connections reached (5), waiting for a thread to finish
(vm9:r0:0) Connection established
(vm9:r0:0) Connection finished, received 1626496491 bytes
(vm9:r0) thread 0 joined, 8 connections remaining
(vm9:r0) Starting new connection thread
(vm9:r0) Maximum number of connections reached (5), waiting for a thread to finish
(vm9:r0:0) Connection established
(vm9:r0:0) Connection finished, received 1626496491 bytes
(vm9:r0) thread 0 joined, 7 connections remaining
(vm9:r0) Starting new connection thread
(vm9:r0) Maximum number of connections reached (5), waiting for a thread to finish
(vm9:r0:0) Connection established
(vm9:r0:0) Connection finished, received 1626496491 bytes
(vm9:r0) thread 0 joined, 6 connections remaining
(vm9:r0) Starting new connection thread
(vm9:r0) Maximum number of connections reached (5), waiting for a thread to finish
(vm9:r0:0) Connection established
(vm9:r0:0) Connection finished, received 1626496491 bytes
(vm9:r0) thread 0 joined, 5 connections remaining
(vm9:r0) Starting new connection thread
(vm9:r0) Maximum number of connections reached (5), waiting for a thread to finish
(vm9:r0:0) Connection established
(vm9:r0:0) Connection finished, received 1626496491 bytes
(vm9:r0) thread 0 joined, 4 connections remaining
(vm9:r0) Maximum number of connections reached (4), waiting for a thread to finish
(vm9:r0) thread 1 joined, 3 connections remaining
(vm9:r0) Maximum number of connections reached (3), waiting for a thread to finish
(vm9:r0) thread 2 joined, 2 connections remaining
(vm9:r0) Maximum number of connections reached (2), waiting for a thread to finish
(vm9:r0) thread 3 joined, 1 connections remaining
(vm9:r0) Maximum number of connections reached (1), waiting for a thread to finish
(vm9:r0) thread 4 joined, 0 connections remaining
(vm9:r0) all done, exiting
*RES* start node vm9:r0
*RES* vm9:r0:0,1404829572266,40000,1455,1626496491
*RES* vm9:r0:0,1404829612273,29507,1323,1626496491
*RES* vm9:r0:0,1404829641785,30243,1341,1626496491
*RES* vm9:r0:0,1404829672033,20749,1442,1626496491
*RES* vm9:r0:0,1404829692790,3242,963,1626496491
*RES* vm9:r0:0,1404829696041,5870,1349,1626496491
*RES* vm9:r0:0,1404829701941,22566,1125,1626496491
*RES* vm9:r0:0,1404829724569,5387,1366,1626496491
*RES* vm9:r0:0,1404829729965,3991,1450,1626496491
*RES* vm9:r0:0,1404829733961,4380,1515,1626496491
*RES* vm9:r0:0,1404829738349,5516,1647,1626496491
*RES* vm9:r0:0,1404829743873,4036,1571,1626496491
*RES* vm9:r0:0,1404829747913,6256,1368,1626496491
*RES* vm9:r0:0,1404829754173,3846,1360,1626496491
*RES* vm9:r0:0,1404829758025,4819,1651,1626496491
*RES* vm9:r0:0,1404829762849,4136,1549,1626496491
*RES* vm9:r0:0,1404829766993,3819,1319,1626496491
*RES* vm9:r0:0,1404829770821,4773,1283,1626496491
*RES* vm9:r0:0,1404829775601,4731,1420,1626496491
*RES* vm9:r0:0,1404829780341,4951,1405,1626496491
*RES* vm9:r0:0,1404829785297,3818,1380,1626496491
*RES* vm9:r0:0,1404829789121,4918,1323,1626496491
*RES* vm9:r0:1,1404829572266,39997,1452,1626496491
*RES* vm9:r0:2,1404829572266,37437,1446,1626496491
*RES* vm9:r0:3,1404829572266,41951,1460,1626496491
*RES* vm9:r0:4,1404829572266,35066,1410,1626496491
*RES* end node vm9:r0
Node vm9:r0 joined
Worker terminating correctly
