OSMeF worker starting
Enabling core dumping
Listening for command connection
(vm14:m0) New mapper on port 23330
(vm14:m0) -> reducer data size 1221679586
(vm14:m0) -> reducer data size 1221679586
(vm14:m0) -> reducer data size 1221679586
(vm14:m0) -> reducer data size 1221679586
(vm14:m0) -> reducer data size 1221679586
(vm14:m0) -> reducer data size 1221679586
(vm14:m0) -> reducer data size 1221679586
(vm14:m0) -> reducer data size 1221679586
(vm14:m0) -> reducer data size 1221679586
(vm14:m0) -> reducer data size 1221679586
(vm14:m0) -> reducer data size 1221679586
(vm14:m0) -> reducer data size 1221679586
(vm14:m0) -> reducer data size 1221679586
(vm14:m0) -> reducer data size 1221679586
(vm14:m0) -> reducer data size 1221679586
(vm14:m0) -> reducer data size 1221679586
(vm14:m0) -> reducer data size 1221679586
(vm14:m0) -> reducer data size 1221679586
(vm14:m0) -> reducer data size 1221679586
(vm14:m0) -> reducer data size 1221679586
(vm14:m0) -> reducer data size 1221679586
(vm14:m0) -> reducer data size 1221679586
(vm14:m0) -> reducer data size 1221679586
(vm14:m0) -> reducer data size 1221679586
(vm14:m0) -> reducer data size 1221679586
(vm14:m0) -> reducer data size 1221679586
(vm14:m0) -> reducer data size 1221679586
(vm14:m0) -> reducer data size 1221679586
(vm14:m0) -> reducer data size 1221679586
(vm14:m0) -> reducer data size 1221679586
(vm14:m0) Mapper thread started
(vm14:m0) Allocating data for reducer vm1:r0
(vm14:m0) Allocating data for reducer vm2:r0
(vm14:m0) Allocating data for reducer vm3:r0
(vm14:m0) Allocating data for reducer vm4:r0
(vm14:m0) Allocating data for reducer vm5:r0
(vm14:m0) Allocating data for reducer vm6:r0
(vm14:m0) Allocating data for reducer vm7:r0
(vm14:m0) Allocating data for reducer vm8:r0
(vm14:m0) Allocating data for reducer vm9:r0
(vm14:m0) Allocating data for reducer vm10:r0
(vm14:m0) Allocating data for reducer vm11:r0
(vm14:m0) Allocating data for reducer vm12:r0
(vm14:m0) Allocating data for reducer vm13:r0
(vm14:m0) Allocating data for reducer vm14:r0
(vm14:m0) Allocating data for reducer vm15:r0
(vm14:m0) Allocating data for reducer vm16:r0
(vm14:m0) Allocating data for reducer vm17:r0
(vm14:m0) Allocating data for reducer vm18:r0
(vm14:m0) Allocating data for reducer vm19:r0
(vm14:m0) Allocating data for reducer vm20:r0
(vm14:m0) Allocating data for reducer vm21:r0
(vm14:m0) Allocating data for reducer vm22:r0
(vm14:m0) Allocating data for reducer vm23:r0
(vm14:m0) Allocating data for reducer vm24:r0
(vm14:m0) Allocating data for reducer vm25:r0
(vm14:m0) Allocating data for reducer vm26:r0
(vm14:m0) Allocating data for reducer vm27:r0
(vm14:m0) Allocating data for reducer vm28:r0
(vm14:m0) Allocating data for reducer vm29:r0
(vm14:m0) Allocating data for reducer vm30:r0
(vm14:m0) Binding to port 23330
(vm14:r0) New reducer
(vm14:r0) Reducer thread started
(vm14:r0) waiting for START message
(vm14:r0) got START message
(vm14:r0) Starting new connection thread
(vm14:r0) Starting new connection thread
(vm14:r0) Starting new connection thread
(vm14:r0) Starting new connection thread
(vm14:r0) Starting new connection thread
(vm14:r0) Maximum number of connections reached (5), waiting for a thread to finish
(vm14:r0:4) Connection established
(vm14:r0:3) Connection established
(vm14:r0:2) Connection established
(vm14:r0:0) Connection established
(vm14:r0:1) Connection established
(vm14:r0:1) Connection finished, received 1221679587 bytes
(vm14:r0:3) Connection finished, received 1221679587 bytes
(vm14:r0:0) Connection finished, received 1221679587 bytes
(vm14:r0) thread 0 joined, 29 connections remaining
(vm14:r0) Starting new connection thread
(vm14:r0) Maximum number of connections reached (5), waiting for a thread to finish
(vm14:r0:0) Connection established
(vm14:r0:4) Connection finished, received 1221679587 bytes
(vm14:r0:2) Connection finished, received 1221679587 bytes
(vm14:r0:0) Connection finished, received 1221679587 bytes
(vm14:r0) thread 0 joined, 28 connections remaining
(vm14:r0) Starting new connection thread
(vm14:r0) Maximum number of connections reached (5), waiting for a thread to finish
(vm14:r0:0) Connection established
(vm14:m0) Got connection from reducer vm1:r0
(vm14:m0:0) thread started, have to send 1221679586 bytes
(vm14:m0:0) all data sent, thread exiting
(vm14:r0:0) Connection finished, received 1221679587 bytes
(vm14:r0) thread 0 joined, 27 connections remaining
(vm14:r0) Starting new connection thread
(vm14:r0) Maximum number of connections reached (5), waiting for a thread to finish
(vm14:r0:0) Connection established
(vm14:m0) Got connection from reducer vm28:r0
(vm14:m0:27) thread started, have to send 1221679586 bytes
(vm14:m0) Got connection from reducer vm11:r0
(vm14:m0:10) thread started, have to send 1221679586 bytes
(vm14:m0) Got connection from reducer vm12:r0
(vm14:m0:11) thread started, have to send 1221679586 bytes
(vm14:m0:27) all data sent, thread exiting
(vm14:m0) Got connection from reducer vm17:r0
(vm14:m0:16) thread started, have to send 1221679586 bytes
(vm14:m0:10) all data sent, thread exiting
(vm14:m0:11) all data sent, thread exiting
(vm14:m0:16) all data sent, thread exiting
(vm14:m0) Got connection from reducer vm6:r0
(vm14:m0:5) thread started, have to send 1221679586 bytes
(vm14:r0:0) Connection finished, received 1221679587 bytes
(vm14:r0) thread 0 joined, 26 connections remaining
(vm14:r0) Starting new connection thread
(vm14:r0) Maximum number of connections reached (5), waiting for a thread to finish
(vm14:r0:0) Connection established
(vm14:m0:5) all data sent, thread exiting
(vm14:m0) Got connection from reducer vm15:r0
(vm14:m0:14) thread started, have to send 1221679586 bytes
(vm14:m0:14) all data sent, thread exiting
(vm14:m0) Got connection from reducer vm25:r0
(vm14:m0:24) thread started, have to send 1221679586 bytes
(vm14:r0:0) Connection finished, received 1221679587 bytes
(vm14:r0) thread 0 joined, 25 connections remaining
(vm14:r0) Starting new connection thread
(vm14:r0) Maximum number of connections reached (5), waiting for a thread to finish
(vm14:r0:0) Connection established
(vm14:m0) Got connection from reducer vm7:r0
(vm14:m0:6) thread started, have to send 1221679586 bytes
(vm14:m0:24) all data sent, thread exiting
(vm14:m0:6) all data sent, thread exiting
(vm14:m0) Got connection from reducer vm21:r0
(vm14:m0:20) thread started, have to send 1221679586 bytes
(vm14:m0) Got connection from reducer vm19:r0
(vm14:m0:18) thread started, have to send 1221679586 bytes
(vm14:m0:20) all data sent, thread exiting
(vm14:m0) Got connection from reducer vm23:r0
(vm14:m0:22) thread started, have to send 1221679586 bytes
(vm14:r0:0) Connection finished, received 1221679587 bytes
(vm14:r0) thread 0 joined, 24 connections remaining
(vm14:r0) Starting new connection thread
(vm14:r0) Maximum number of connections reached (5), waiting for a thread to finish
(vm14:r0:0) Connection established
(vm14:m0:18) all data sent, thread exiting
(vm14:m0:22) all data sent, thread exiting
(vm14:m0) Got connection from reducer vm16:r0
(vm14:m0:15) thread started, have to send 1221679586 bytes
(vm14:m0) Got connection from reducer vm26:r0
(vm14:m0:25) thread started, have to send 1221679586 bytes
(vm14:m0:15) all data sent, thread exiting
(vm14:m0) Got connection from reducer vm9:r0
(vm14:m0:8) thread started, have to send 1221679586 bytes
(vm14:m0:25) all data sent, thread exiting
(vm14:m0:8) all data sent, thread exiting
(vm14:r0:0) Connection finished, received 1221679587 bytes
(vm14:r0) thread 0 joined, 23 connections remaining
(vm14:r0) Starting new connection thread
(vm14:r0) Maximum number of connections reached (5), waiting for a thread to finish
(vm14:r0:0) Connection established
(vm14:m0) Got connection from reducer vm8:r0
(vm14:m0:7) thread started, have to send 1221679586 bytes
(vm14:m0) Got connection from reducer vm24:r0
(vm14:m0:23) thread started, have to send 1221679586 bytes
(vm14:m0:7) all data sent, thread exiting
(vm14:m0:23) all data sent, thread exiting
(vm14:r0:0) Connection finished, received 1221679587 bytes
(vm14:r0) thread 0 joined, 22 connections remaining
(vm14:r0) Starting new connection thread
(vm14:r0) Maximum number of connections reached (5), waiting for a thread to finish
(vm14:r0:0) Connection established
(vm14:m0) Got connection from reducer vm5:r0
(vm14:m0:4) thread started, have to send 1221679586 bytes
(vm14:m0) Got connection from reducer vm10:r0
(vm14:m0:9) thread started, have to send 1221679586 bytes
(vm14:m0:4) all data sent, thread exiting
(vm14:m0:9) all data sent, thread exiting
(vm14:m0) Got connection from reducer vm3:r0
(vm14:m0:2) thread started, have to send 1221679586 bytes
(vm14:m0) Got connection from reducer vm30:r0
(vm14:m0:29) thread started, have to send 1221679586 bytes
(vm14:m0) Got connection from reducer vm4:r0
(vm14:m0:3) thread started, have to send 1221679586 bytes
(vm14:m0) Got connection from reducer vm29:r0
(vm14:m0:28) thread started, have to send 1221679586 bytes
(vm14:m0) Got connection from reducer vm22:r0
(vm14:m0:21) thread started, have to send 1221679586 bytes
(vm14:m0) Got connection from reducer vm2:r0
(vm14:m0:1) thread started, have to send 1221679586 bytes
(vm14:m0) Got connection from reducer vm20:r0
(vm14:m0:19) thread started, have to send 1221679586 bytes
(vm14:m0) Got connection from reducer vm18:r0
(vm14:m0:17) thread started, have to send 1221679586 bytes
(vm14:r0:0) Connection finished, received 1221679587 bytes
(vm14:r0) thread 0 joined, 21 connections remaining
(vm14:r0) Starting new connection thread
(vm14:r0) Maximum number of connections reached (5), waiting for a thread to finish
(vm14:r0:0) Connection established
(vm14:m0) Got connection from reducer vm14:r0
(vm14:m0:13) thread started, have to send 1221679586 bytes
(vm14:m0) Got connection from reducer vm27:r0
(vm14:m0:26) thread started, have to send 1221679586 bytes
(vm14:m0) Got connection from reducer vm13:r0
(vm14:m0) Waiting for a thread to finish
(vm14:m0) thread 0 joined, 29 connections remaining
(vm14:m0) Waiting for a thread to finish
(vm14:m0:12) thread started, have to send 1221679586 bytes
(vm14:m0:2) all data sent, thread exiting
(vm14:m0:29) all data sent, thread exiting
(vm14:m0:3) all data sent, thread exiting
(vm14:m0:13) all data sent, thread exiting
(vm14:r0:0) Connection finished, received 1221679587 bytes
(vm14:r0) thread 0 joined, 20 connections remaining
(vm14:r0) Starting new connection thread
(vm14:r0) Maximum number of connections reached (5), waiting for a thread to finish
(vm14:r0:0) Connection established
(vm14:m0:28) all data sent, thread exiting
(vm14:m0:1) all data sent, thread exiting
(vm14:m0) thread 1 joined, 28 connections remaining
(vm14:m0) Waiting for a thread to finish
(vm14:m0) thread 2 joined, 27 connections remaining
(vm14:m0) Waiting for a thread to finish
(vm14:m0) thread 3 joined, 26 connections remaining
(vm14:m0) Waiting for a thread to finish
(vm14:m0) thread 4 joined, 25 connections remaining
(vm14:m0) Waiting for a thread to finish
(vm14:m0) thread 5 joined, 24 connections remaining
(vm14:m0) Waiting for a thread to finish
(vm14:m0) thread 6 joined, 23 connections remaining
(vm14:m0) Waiting for a thread to finish
(vm14:m0) thread 7 joined, 22 connections remaining
(vm14:m0) Waiting for a thread to finish
(vm14:m0) thread 8 joined, 21 connections remaining
(vm14:m0) Waiting for a thread to finish
(vm14:m0) thread 9 joined, 20 connections remaining
(vm14:m0) Waiting for a thread to finish
(vm14:m0) thread 10 joined, 19 connections remaining
(vm14:m0) Waiting for a thread to finish
(vm14:m0) thread 11 joined, 18 connections remaining
(vm14:m0) Waiting for a thread to finish
(vm14:m0:17) all data sent, thread exiting
(vm14:m0:21) all data sent, thread exiting
(vm14:m0:26) all data sent, thread exiting
(vm14:m0:19) all data sent, thread exiting
(vm14:m0:12) all data sent, thread exiting
(vm14:m0) thread 12 joined, 17 connections remaining
(vm14:m0) Waiting for a thread to finish
(vm14:m0) thread 13 joined, 16 connections remaining
(vm14:m0) Waiting for a thread to finish
(vm14:m0) thread 14 joined, 15 connections remaining
(vm14:m0) Waiting for a thread to finish
(vm14:m0) thread 15 joined, 14 connections remaining
(vm14:m0) Waiting for a thread to finish
(vm14:m0) thread 16 joined, 13 connections remaining
(vm14:m0) Waiting for a thread to finish
(vm14:m0) thread 17 joined, 12 connections remaining
(vm14:m0) Waiting for a thread to finish
(vm14:m0) thread 18 joined, 11 connections remaining
(vm14:m0) Waiting for a thread to finish
(vm14:m0) thread 19 joined, 10 connections remaining
(vm14:m0) Waiting for a thread to finish
(vm14:m0) thread 20 joined, 9 connections remaining
(vm14:m0) Waiting for a thread to finish
(vm14:m0) thread 21 joined, 8 connections remaining
(vm14:m0) Waiting for a thread to finish
(vm14:m0) thread 22 joined, 7 connections remaining
(vm14:m0) Waiting for a thread to finish
(vm14:m0) thread 23 joined, 6 connections remaining
(vm14:m0) Waiting for a thread to finish
(vm14:m0) thread 24 joined, 5 connections remaining
(vm14:m0) Waiting for a thread to finish
(vm14:m0) thread 25 joined, 4 connections remaining
(vm14:m0) Waiting for a thread to finish
(vm14:m0) thread 26 joined, 3 connections remaining
(vm14:m0) Waiting for a thread to finish
(vm14:m0) thread 27 joined, 2 connections remaining
(vm14:m0) Waiting for a thread to finish
(vm14:m0) thread 28 joined, 1 connections remaining
(vm14:m0) Waiting for a thread to finish
(vm14:m0) thread 29 joined, 0 connections remaining
(vm14:m0) all done, exiting
*RES* start node vm14:m0
*RES* vm14:m0:0,1404977082881,3772,1194,1221679587
*RES* vm14:m0:1,1404977216506,12985,1030,1221679587
*RES* vm14:m0:2,1404977214746,10354,1095,1221679587
*RES* vm14:m0:3,1404977215452,12499,1054,1221679587
*RES* vm14:m0:4,1404977207525,3998,1101,1221679587
*RES* vm14:m0:5,1404977115525,4751,1703,1221679587
*RES* vm14:m0:6,1404977145764,5310,1786,1221679587
*RES* vm14:m0:7,1404977188917,4187,1201,1221679587
*RES* vm14:m0:8,1404977182193,5371,1350,1221679587
*RES* vm14:m0:9,1404977210396,3607,1002,1221679587
*RES* vm14:m0:10,1404977095613,5102,1106,1221679587
*RES* vm14:m0:11,1404977096193,4663,968,1221679587
*RES* vm14:m0:12,1404977217264,12642,1052,1221679587
*RES* vm14:m0:13,1404977216782,12181,395,1221679587
*RES* vm14:m0:14,1404977132765,5294,1944,1221679587
*RES* vm14:m0:15,1404977176425,5728,1319,1221679587
*RES* vm14:m0:16,1404977099737,5329,1368,1221679587
*RES* vm14:m0:17,1404977216736,12842,1021,1221679587
*RES* vm14:m0:18,1404977161029,6283,1936,1221679587
*RES* vm14:m0:19,1404977216560,13218,1058,1221679587
*RES* vm14:m0:20,1404977158251,5517,1823,1221679587
*RES* vm14:m0:21,1404977216489,13113,1037,1221679587
*RES* vm14:m0:22,1404977165288,6127,1829,1221679587
*RES* vm14:m0:23,1404977189946,4461,1067,1221679587
*RES* vm14:m0:24,1404977140689,5926,1300,1221679587
*RES* vm14:m0:25,1404977178804,6868,1301,1221679587
*RES* vm14:m0:26,1404977216905,12872,1032,1221679587
*RES* vm14:m0:27,1404977093826,5358,1463,1221679587
*RES* vm14:m0:28,1404977216153,13339,1051,1221679587
*RES* vm14:m0:29,1404977215097,11405,1073,1221679587
*RES* end node vm14:m0
Node vm14:m0 joined
(vm14:r0:0) Connection finished, received 1221679587 bytes
(vm14:r0) thread 0 joined, 19 connections remaining
(vm14:r0) Starting new connection thread
(vm14:r0) Maximum number of connections reached (5), waiting for a thread to finish
(vm14:r0:0) Connection established
(vm14:r0:0) Connection finished, received 1221679587 bytes
(vm14:r0) thread 0 joined, 18 connections remaining
(vm14:r0) Starting new connection thread
(vm14:r0) Maximum number of connections reached (5), waiting for a thread to finish
(vm14:r0:0) Connection established
(vm14:r0:0) Connection finished, received 1221679587 bytes
(vm14:r0) thread 0 joined, 17 connections remaining
(vm14:r0) Starting new connection thread
(vm14:r0) Maximum number of connections reached (5), waiting for a thread to finish
(vm14:r0:0) Connection established
(vm14:r0:0) Connection finished, received 1221679587 bytes
(vm14:r0) thread 0 joined, 16 connections remaining
(vm14:r0) Starting new connection thread
(vm14:r0) Maximum number of connections reached (5), waiting for a thread to finish
(vm14:r0:0) Connection established
(vm14:r0:0) Connection finished, received 1221679587 bytes
(vm14:r0) thread 0 joined, 15 connections remaining
(vm14:r0) Starting new connection thread
(vm14:r0) Maximum number of connections reached (5), waiting for a thread to finish
(vm14:r0:0) Connection established
(vm14:r0:0) Connection finished, received 1221679587 bytes
(vm14:r0) thread 0 joined, 14 connections remaining
(vm14:r0) Starting new connection thread
(vm14:r0) Maximum number of connections reached (5), waiting for a thread to finish
(vm14:r0:0) Connection established
(vm14:r0:0) Connection finished, received 1221679587 bytes
(vm14:r0) thread 0 joined, 13 connections remaining
(vm14:r0) Starting new connection thread
(vm14:r0) Maximum number of connections reached (5), waiting for a thread to finish
(vm14:r0:0) Connection established
(vm14:r0:0) Connection finished, received 1221679587 bytes
(vm14:r0) thread 0 joined, 12 connections remaining
(vm14:r0) Starting new connection thread
(vm14:r0) Maximum number of connections reached (5), waiting for a thread to finish
(vm14:r0:0) Connection established
(vm14:r0:0) Connection finished, received 1221679587 bytes
(vm14:r0) thread 0 joined, 11 connections remaining
(vm14:r0) Starting new connection thread
(vm14:r0) Maximum number of connections reached (5), waiting for a thread to finish
(vm14:r0:0) Connection established
(vm14:r0:0) Connection finished, received 1221679587 bytes
(vm14:r0) thread 0 joined, 10 connections remaining
(vm14:r0) Starting new connection thread
(vm14:r0) Maximum number of connections reached (5), waiting for a thread to finish
(vm14:r0:0) Connection established
(vm14:r0:0) Connection finished, received 1221679587 bytes
(vm14:r0) thread 0 joined, 9 connections remaining
(vm14:r0) Starting new connection thread
(vm14:r0) Maximum number of connections reached (5), waiting for a thread to finish
(vm14:r0:0) Connection established
(vm14:r0:0) Connection finished, received 1221679587 bytes
(vm14:r0) thread 0 joined, 8 connections remaining
(vm14:r0) Starting new connection thread
(vm14:r0) Maximum number of connections reached (5), waiting for a thread to finish
(vm14:r0:0) Connection established
(vm14:r0:0) Connection finished, received 1221679587 bytes
(vm14:r0) thread 0 joined, 7 connections remaining
(vm14:r0) Starting new connection thread
(vm14:r0) Maximum number of connections reached (5), waiting for a thread to finish
(vm14:r0:0) Connection established
(vm14:r0:0) Connection finished, received 1221679587 bytes
(vm14:r0) thread 0 joined, 6 connections remaining
(vm14:r0) Starting new connection thread
(vm14:r0) Maximum number of connections reached (5), waiting for a thread to finish
(vm14:r0:0) Connection established
(vm14:r0:0) Connection finished, received 1221679587 bytes
(vm14:r0) thread 0 joined, 5 connections remaining
(vm14:r0) Starting new connection thread
(vm14:r0) Maximum number of connections reached (5), waiting for a thread to finish
(vm14:r0:0) Connection established
(vm14:r0:0) Connection finished, received 1221679587 bytes
(vm14:r0) thread 0 joined, 4 connections remaining
(vm14:r0) Maximum number of connections reached (4), waiting for a thread to finish
(vm14:r0) thread 1 joined, 3 connections remaining
(vm14:r0) Maximum number of connections reached (3), waiting for a thread to finish
(vm14:r0) thread 2 joined, 2 connections remaining
(vm14:r0) Maximum number of connections reached (2), waiting for a thread to finish
(vm14:r0) thread 3 joined, 1 connections remaining
(vm14:r0) Maximum number of connections reached (1), waiting for a thread to finish
(vm14:r0) thread 4 joined, 0 connections remaining
(vm14:r0) all done, exiting
*RES* start node vm14:r0
*RES* vm14:r0:0,1404977001898,35971,1187,1221679587
*RES* vm14:r0:0,1404977037873,27760,1064,1221679587
*RES* vm14:r0:0,1404977065641,27558,1258,1221679587
*RES* vm14:r0:0,1404977093205,26476,1258,1221679587
*RES* vm14:r0:0,1404977119690,25091,1142,1221679587
*RES* vm14:r0:0,1404977144790,22369,1232,1221679587
*RES* vm14:r0:0,1404977167169,20531,1443,1221679587
*RES* vm14:r0:0,1404977187705,15458,1135,1221679587
*RES* vm14:r0:0,1404977203169,13596,1172,1221679587
*RES* vm14:r0:0,1404977216774,12214,968,1221679587
*RES* vm14:r0:0,1404977229033,11490,1185,1221679587
*RES* vm14:r0:0,1404977240529,10888,1066,1221679587
*RES* vm14:r0:0,1404977251421,7947,1027,1221679587
*RES* vm14:r0:0,1404977259373,7347,933,1221679587
*RES* vm14:r0:0,1404977266725,1905,913,1221679587
*RES* vm14:r0:0,1404977268637,2136,818,1221679587
*RES* vm14:r0:0,1404977270777,1734,850,1221679587
*RES* vm14:r0:0,1404977272517,1451,692,1221679587
*RES* vm14:r0:0,1404977273977,1460,693,1221679587
*RES* vm14:r0:0,1404977275445,1359,666,1221679587
*RES* vm14:r0:0,1404977276809,1306,632,1221679587
*RES* vm14:r0:0,1404977278121,1410,683,1221679587
*RES* vm14:r0:0,1404977279537,1909,752,1221679587
*RES* vm14:r0:0,1404977281453,1734,853,1221679587
*RES* vm14:r0:0,1404977283193,1683,715,1221679587
*RES* vm14:r0:0,1404977284881,1690,825,1221679587
*RES* vm14:r0:1,1404977001898,28447,1171,1221679587
*RES* vm14:r0:2,1404977001898,39779,1232,1221679587
*RES* vm14:r0:3,1404977001898,30233,1203,1221679587
*RES* vm14:r0:4,1404977001898,38728,1196,1221679587
*RES* end node vm14:r0
Node vm14:r0 joined
Worker terminating correctly
