OSMeF worker starting
Enabling core dumping
Listening for command connection
(vm12:m0) New mapper on port 23330
(vm12:m0) -> reducer data size 1908874353
(vm12:m0) -> reducer data size 1908874353
(vm12:m0) -> reducer data size 1908874353
(vm12:m0) -> reducer data size 1908874353
(vm12:m0) -> reducer data size 1908874353
(vm12:m0) -> reducer data size 1908874353
(vm12:m0) -> reducer data size 1908874353
(vm12:m0) -> reducer data size 1908874353
(vm12:m0) -> reducer data size 1908874353
(vm12:m0) -> reducer data size 1908874353
(vm12:m0) -> reducer data size 1908874353
(vm12:m0) -> reducer data size 1908874353
(vm12:m0) -> reducer data size 1908874353
(vm12:m0) -> reducer data size 1908874353
(vm12:m0) -> reducer data size 1908874353
(vm12:m0) -> reducer data size 1908874353
(vm12:m0) -> reducer data size 1908874353
(vm12:m0) -> reducer data size 1908874353
(vm12:m0) -> reducer data size 1908874353
(vm12:m0) -> reducer data size 1908874353
(vm12:m0) -> reducer data size 1908874353
(vm12:m0) -> reducer data size 1908874353
(vm12:m0) -> reducer data size 1908874353
(vm12:m0) -> reducer data size 1908874353
(vm12:m0) Mapper thread started
(vm12:m0) Allocating data for reducer vm1:r0
(vm12:m0) Allocating data for reducer vm2:r0
(vm12:m0) Allocating data for reducer vm3:r0
(vm12:m0) Allocating data for reducer vm4:r0
(vm12:m0) Allocating data for reducer vm5:r0
(vm12:m0) Allocating data for reducer vm6:r0
(vm12:m0) Allocating data for reducer vm7:r0
(vm12:m0) Allocating data for reducer vm8:r0
(vm12:m0) Allocating data for reducer vm9:r0
(vm12:m0) Allocating data for reducer vm10:r0
(vm12:m0) Allocating data for reducer vm11:r0
(vm12:m0) Allocating data for reducer vm12:r0
(vm12:m0) Allocating data for reducer vm13:r0
(vm12:m0) Allocating data for reducer vm14:r0
(vm12:m0) Allocating data for reducer vm15:r0
(vm12:m0) Allocating data for reducer vm16:r0
(vm12:m0) Allocating data for reducer vm17:r0
(vm12:m0) Allocating data for reducer vm18:r0
(vm12:m0) Allocating data for reducer vm19:r0
(vm12:m0) Allocating data for reducer vm20:r0
(vm12:m0) Allocating data for reducer vm21:r0
(vm12:m0) Allocating data for reducer vm22:r0
(vm12:m0) Allocating data for reducer vm23:r0
(vm12:m0) Allocating data for reducer vm24:r0
(vm12:m0) Binding to port 23330
(vm12:r0) New reducer
(vm12:r0) Reducer thread started
(vm12:r0) waiting for START message
(vm12:r0) got START message
(vm12:r0) Starting new connection thread
(vm12:r0) Starting new connection thread
(vm12:r0) Starting new connection thread
(vm12:r0) Starting new connection thread
(vm12:r0) Starting new connection thread
(vm12:r0) Maximum number of connections reached (5), waiting for a thread to finish
(vm12:r0:3) Connection established
(vm12:r0:0) Connection established
(vm12:r0:2) Connection established
(vm12:r0:4) Connection established
(vm12:r0:1) Connection established
(vm12:r0:1) Connection finished, received 1908874354 bytes
(vm12:r0:4) Connection finished, received 1908874354 bytes
(vm12:r0:0) Connection finished, received 1908874354 bytes
(vm12:r0) thread 0 joined, 23 connections remaining
(vm12:r0) Starting new connection thread
(vm12:r0) Maximum number of connections reached (5), waiting for a thread to finish
(vm12:r0:0) Connection established
(vm12:r0:2) Connection finished, received 1908874354 bytes
(vm12:r0:3) Connection finished, received 1908874354 bytes
(vm12:r0:0) Connection finished, received 1908874354 bytes
(vm12:r0) thread 0 joined, 22 connections remaining
(vm12:r0) Starting new connection thread
(vm12:r0) Maximum number of connections reached (5), waiting for a thread to finish
(vm12:r0:0) Connection established
(vm12:m0) Got connection from reducer vm1:r0
(vm12:m0:0) thread started, have to send 1908874353 bytes
(vm12:m0:0) all data sent, thread exiting
(vm12:m0) Got connection from reducer vm17:r0
(vm12:m0:16) thread started, have to send 1908874353 bytes
(vm12:m0:16) all data sent, thread exiting
(vm12:r0:0) Connection finished, received 1908874354 bytes
(vm12:r0) thread 0 joined, 21 connections remaining
(vm12:r0) Starting new connection thread
(vm12:r0) Maximum number of connections reached (5), waiting for a thread to finish
(vm12:r0:0) Connection established
(vm12:m0) Got connection from reducer vm13:r0
(vm12:m0:12) thread started, have to send 1908874353 bytes
(vm12:r0:0) Connection finished, received 1908874354 bytes
(vm12:r0) thread 0 joined, 20 connections remaining
(vm12:r0) Starting new connection thread
(vm12:r0) Maximum number of connections reached (5), waiting for a thread to finish
(vm12:r0:0) Connection established
(vm12:m0:12) all data sent, thread exiting
(vm12:r0:0) Connection finished, received 1908874354 bytes
(vm12:r0) thread 0 joined, 19 connections remaining
(vm12:r0) Starting new connection thread
(vm12:r0) Maximum number of connections reached (5), waiting for a thread to finish
(vm12:r0:0) Connection established
(vm12:m0) Got connection from reducer vm23:r0
(vm12:m0:22) thread started, have to send 1908874353 bytes
(vm12:m0) Got connection from reducer vm6:r0
(vm12:m0:5) thread started, have to send 1908874353 bytes
(vm12:r0:0) Connection finished, received 1908874354 bytes
(vm12:r0) thread 0 joined, 18 connections remaining
(vm12:r0) Starting new connection thread
(vm12:r0) Maximum number of connections reached (5), waiting for a thread to finish
(vm12:r0:0) Connection established
(vm12:m0:22) all data sent, thread exiting
(vm12:m0) Got connection from reducer vm20:r0
(vm12:m0:19) thread started, have to send 1908874353 bytes
(vm12:m0:5) all data sent, thread exiting
(vm12:r0:0) Connection finished, received 1908874354 bytes
(vm12:r0) thread 0 joined, 17 connections remaining
(vm12:r0) Starting new connection thread
(vm12:r0) Maximum number of connections reached (5), waiting for a thread to finish
(vm12:r0:0) Connection established
(vm12:m0) Got connection from reducer vm12:r0
(vm12:m0:11) thread started, have to send 1908874353 bytes
(vm12:m0) Got connection from reducer vm24:r0
(vm12:m0:23) thread started, have to send 1908874353 bytes
(vm12:m0:19) all data sent, thread exiting
(vm12:m0:11) all data sent, thread exiting
(vm12:r0:0) Connection finished, received 1908874354 bytes
(vm12:r0) thread 0 joined, 16 connections remaining
(vm12:r0) Starting new connection thread
(vm12:r0) Maximum number of connections reached (5), waiting for a thread to finish
(vm12:r0:0) Connection established
(vm12:m0:23) all data sent, thread exiting
(vm12:r0:0) Connection finished, received 1908874354 bytes
(vm12:r0) thread 0 joined, 15 connections remaining
(vm12:r0) Starting new connection thread
(vm12:r0) Maximum number of connections reached (5), waiting for a thread to finish
(vm12:r0:0) Connection established
(vm12:r0:0) Connection finished, received 1908874354 bytes
(vm12:r0) thread 0 joined, 14 connections remaining
(vm12:r0) Starting new connection thread
(vm12:r0) Maximum number of connections reached (5), waiting for a thread to finish
(vm12:r0:0) Connection established
(vm12:m0) Got connection from reducer vm7:r0
(vm12:m0:6) thread started, have to send 1908874353 bytes
(vm12:r0:0) Connection finished, received 1908874354 bytes
(vm12:r0) thread 0 joined, 13 connections remaining
(vm12:r0) Starting new connection thread
(vm12:r0) Maximum number of connections reached (5), waiting for a thread to finish
(vm12:r0:0) Connection established
(vm12:m0:6) all data sent, thread exiting
(vm12:r0:0) Connection finished, received 1908874354 bytes
(vm12:r0) thread 0 joined, 12 connections remaining
(vm12:r0) Starting new connection thread
(vm12:r0) Maximum number of connections reached (5), waiting for a thread to finish
(vm12:r0:0) Connection established
(vm12:r0:0) Connection finished, received 1908874354 bytes
(vm12:r0) thread 0 joined, 11 connections remaining
(vm12:r0) Starting new connection thread
(vm12:r0) Maximum number of connections reached (5), waiting for a thread to finish
(vm12:r0:0) Connection established
(vm12:m0) Got connection from reducer vm10:r0
(vm12:m0:9) thread started, have to send 1908874353 bytes
(vm12:r0:0) Connection finished, received 1908874354 bytes
(vm12:r0) thread 0 joined, 10 connections remaining
(vm12:r0) Starting new connection thread
(vm12:r0) Maximum number of connections reached (5), waiting for a thread to finish
(vm12:r0:0) Connection established
(vm12:r0:0) Connection finished, received 1908874354 bytes
(vm12:r0) thread 0 joined, 9 connections remaining
(vm12:r0) Starting new connection thread
(vm12:r0) Maximum number of connections reached (5), waiting for a thread to finish
(vm12:r0:0) Connection established
(vm12:m0) Got connection from reducer vm8:r0
(vm12:m0:7) thread started, have to send 1908874353 bytes
(vm12:m0:7) all data sent, thread exiting
(vm12:r0:0) Connection finished, received 1908874354 bytes
(vm12:r0) thread 0 joined, 8 connections remaining
(vm12:r0) Starting new connection thread
(vm12:r0) Maximum number of connections reached (5), waiting for a thread to finish
(vm12:r0:0) Connection established
(vm12:m0) Got connection from reducer vm9:r0
(vm12:m0:8) thread started, have to send 1908874353 bytes
(vm12:r0:0) Connection finished, received 1908874354 bytes
(vm12:r0) thread 0 joined, 7 connections remaining
(vm12:r0) Starting new connection thread
(vm12:r0) Maximum number of connections reached (5), waiting for a thread to finish
(vm12:r0:0) Connection established
(vm12:m0:8) all data sent, thread exiting
(vm12:m0:9) all data sent, thread exiting
(vm12:m0) Got connection from reducer vm19:r0
(vm12:m0:18) thread started, have to send 1908874353 bytes
(vm12:r0:0) Connection finished, received 1908874354 bytes
(vm12:r0) thread 0 joined, 6 connections remaining
(vm12:r0) Starting new connection thread
(vm12:r0) Maximum number of connections reached (5), waiting for a thread to finish
(vm12:r0:0) Connection established
(vm12:m0:18) all data sent, thread exiting
(vm12:r0:0) Connection finished, received 1908874354 bytes
(vm12:r0) thread 0 joined, 5 connections remaining
(vm12:r0) Starting new connection thread
(vm12:r0) Maximum number of connections reached (5), waiting for a thread to finish
(vm12:r0:0) Connection established
(vm12:r0:0) Connection finished, received 1908874354 bytes
(vm12:r0) thread 0 joined, 4 connections remaining
(vm12:r0) Maximum number of connections reached (4), waiting for a thread to finish
(vm12:r0) thread 1 joined, 3 connections remaining
(vm12:r0) Maximum number of connections reached (3), waiting for a thread to finish
(vm12:r0) thread 2 joined, 2 connections remaining
(vm12:r0) Maximum number of connections reached (2), waiting for a thread to finish
(vm12:r0) thread 3 joined, 1 connections remaining
(vm12:r0) Maximum number of connections reached (1), waiting for a thread to finish
(vm12:r0) thread 4 joined, 0 connections remaining
(vm12:r0) all done, exiting
(vm12:m0) Got connection from reducer vm11:r0
(vm12:m0:10) thread started, have to send 1908874353 bytes
(vm12:m0) Got connection from reducer vm14:r0
(vm12:m0:13) thread started, have to send 1908874353 bytes
(vm12:m0) Got connection from reducer vm16:r0
(vm12:m0:15) thread started, have to send 1908874353 bytes
(vm12:m0) Got connection from reducer vm22:r0
(vm12:m0:21) thread started, have to send 1908874353 bytes
(vm12:m0) Got connection from reducer vm18:r0
(vm12:m0:17) thread started, have to send 1908874353 bytes
(vm12:m0) Got connection from reducer vm21:r0
(vm12:m0:20) thread started, have to send 1908874353 bytes
(vm12:m0) Got connection from reducer vm15:r0
(vm12:m0:14) thread started, have to send 1908874353 bytes
(vm12:m0) Got connection from reducer vm4:r0
(vm12:m0:3) thread started, have to send 1908874353 bytes
(vm12:m0) Got connection from reducer vm3:r0
(vm12:m0:2) thread started, have to send 1908874353 bytes
(vm12:m0) Got connection from reducer vm5:r0
(vm12:m0:4) thread started, have to send 1908874353 bytes
(vm12:m0) Got connection from reducer vm2:r0
(vm12:m0) Waiting for a thread to finish
(vm12:m0) thread 0 joined, 23 connections remaining
(vm12:m0) Waiting for a thread to finish
(vm12:m0:1) thread started, have to send 1908874353 bytes
(vm12:m0:13) all data sent, thread exiting
(vm12:m0:10) all data sent, thread exiting
(vm12:m0:15) all data sent, thread exiting
(vm12:m0:17) all data sent, thread exiting
(vm12:m0:21) all data sent, thread exiting
(vm12:m0:14) all data sent, thread exiting
(vm12:m0:20) all data sent, thread exiting
(vm12:m0:2) all data sent, thread exiting
(vm12:m0:4) all data sent, thread exiting
(vm12:m0:1) all data sent, thread exiting
(vm12:m0) thread 1 joined, 22 connections remaining
(vm12:m0) Waiting for a thread to finish
(vm12:m0) thread 2 joined, 21 connections remaining
(vm12:m0) Waiting for a thread to finish
(vm12:m0:3) all data sent, thread exiting
(vm12:m0) thread 3 joined, 20 connections remaining
(vm12:m0) Waiting for a thread to finish
(vm12:m0) thread 4 joined, 19 connections remaining
(vm12:m0) Waiting for a thread to finish
(vm12:m0) thread 5 joined, 18 connections remaining
(vm12:m0) Waiting for a thread to finish
(vm12:m0) thread 6 joined, 17 connections remaining
(vm12:m0) Waiting for a thread to finish
(vm12:m0) thread 7 joined, 16 connections remaining
(vm12:m0) Waiting for a thread to finish
(vm12:m0) thread 8 joined, 15 connections remaining
(vm12:m0) Waiting for a thread to finish
(vm12:m0) thread 9 joined, 14 connections remaining
(vm12:m0) Waiting for a thread to finish
(vm12:m0) thread 10 joined, 13 connections remaining
(vm12:m0) Waiting for a thread to finish
(vm12:m0) thread 11 joined, 12 connections remaining
(vm12:m0) Waiting for a thread to finish
(vm12:m0) thread 12 joined, 11 connections remaining
(vm12:m0) Waiting for a thread to finish
(vm12:m0) thread 13 joined, 10 connections remaining
(vm12:m0) Waiting for a thread to finish
(vm12:m0) thread 14 joined, 9 connections remaining
(vm12:m0) Waiting for a thread to finish
(vm12:m0) thread 15 joined, 8 connections remaining
(vm12:m0) Waiting for a thread to finish
(vm12:m0) thread 16 joined, 7 connections remaining
(vm12:m0) Waiting for a thread to finish
(vm12:m0) thread 17 joined, 6 connections remaining
(vm12:m0) Waiting for a thread to finish
(vm12:m0) thread 18 joined, 5 connections remaining
(vm12:m0) Waiting for a thread to finish
(vm12:m0) thread 19 joined, 4 connections remaining
(vm12:m0) Waiting for a thread to finish
(vm12:m0) thread 20 joined, 3 connections remaining
(vm12:m0) Waiting for a thread to finish
(vm12:m0) thread 21 joined, 2 connections remaining
(vm12:m0) Waiting for a thread to finish
(vm12:m0) thread 22 joined, 1 connections remaining
(vm12:m0) Waiting for a thread to finish
(vm12:m0) thread 23 joined, 0 connections remaining
(vm12:m0) all done, exiting
*RES* start node vm12:m0
*RES* vm12:m0:0,1404465991503,4022,1517,1908874354
*RES* vm12:m0:1,1404466122918,15866,1483,1908874354
*RES* vm12:m0:2,1404466122759,15899,1463,1908874354
*RES* vm12:m0:3,1404466122739,16091,1511,1908874354
*RES* vm12:m0:4,1404466122834,15912,1482,1908874354
*RES* vm12:m0:5,1404466035851,6756,1724,1908874354
*RES* vm12:m0:6,1404466064527,4192,1310,1908874354
*RES* vm12:m0:7,1404466088167,4532,1477,1908874354
*RES* vm12:m0:8,1404466096328,4977,1526,1908874354
*RES* vm12:m0:9,1404466081938,19552,1394,1908874354
*RES* vm12:m0:10,1404466116824,15621,1357,1908874354
*RES* vm12:m0:11,1404466044091,4266,386,1908874354
*RES* vm12:m0:12,1404466024282,5081,1687,1908874354
*RES* vm12:m0:13,1404466120955,10729,1441,1908874354
*RES* vm12:m0:14,1404466122447,16015,1481,1908874354
*RES* vm12:m0:15,1404466121950,15306,1460,1908874354
*RES* vm12:m0:16,1404466003970,3683,1446,1908874354
*RES* vm12:m0:17,1404466122196,15585,1439,1908874354
*RES* vm12:m0:18,1404466103215,4719,1608,1908874354
*RES* vm12:m0:19,1404466041667,5997,1556,1908874354
*RES* vm12:m0:20,1404466122425,16197,1498,1908874354
*RES* vm12:m0:21,1404466122155,16098,1506,1908874354
*RES* vm12:m0:22,1404466034714,6586,1722,1908874354
*RES* vm12:m0:23,1404466045532,5098,1329,1908874354
*RES* end node vm12:m0
Node vm12:m0 joined
*RES* start node vm12:r0
*RES* vm12:r0:0,1404465916594,41482,1698,1908874354
*RES* vm12:r0:0,1404465958082,32401,1530,1908874354
*RES* vm12:r0:0,1404465990490,31283,1561,1908874354
*RES* vm12:r0:0,1404466021778,5880,1531,1908874354
*RES* vm12:r0:0,1404466027666,4776,1610,1908874354
*RES* vm12:r0:0,1404466032446,5599,1491,1908874354
*RES* vm12:r0:0,1404466038058,6024,1484,1908874354
*RES* vm12:r0:0,1404466044090,4269,1148,1908874354
*RES* vm12:r0:0,1404466048370,6555,1721,1908874354
*RES* vm12:r0:0,1404466054930,5249,1697,1908874354
*RES* vm12:r0:0,1404466060186,5514,1744,1908874354
*RES* vm12:r0:0,1404466065714,6152,1594,1908874354
*RES* vm12:r0:0,1404466071870,4749,1829,1908874354
*RES* vm12:r0:0,1404466076626,6285,1791,1908874354
*RES* vm12:r0:0,1404466082918,4734,1519,1908874354
*RES* vm12:r0:0,1404466087658,5972,1461,1908874354
*RES* vm12:r0:0,1404466093638,5500,1507,1908874354
*RES* vm12:r0:0,1404466099153,5298,1472,1908874354
*RES* vm12:r0:0,1404466104466,4380,1431,1908874354
*RES* vm12:r0:0,1404466108850,5680,1523,1908874354
*RES* vm12:r0:1,1404465916594,38134,1684,1908874354
*RES* vm12:r0:2,1404465916594,42486,1734,1908874354
*RES* vm12:r0:3,1404465916594,43986,1694,1908874354
*RES* vm12:r0:4,1404465916594,40807,1744,1908874354
*RES* end node vm12:r0
Node vm12:r0 joined
Worker terminating correctly
