OSMeF worker starting
Enabling core dumping
Listening for command connection
(vm18:m0) New mapper on port 23330
(vm18:m0) -> reducer data size 1908874353
(vm18:m0) -> reducer data size 1908874353
(vm18:m0) -> reducer data size 1908874353
(vm18:m0) -> reducer data size 1908874353
(vm18:m0) -> reducer data size 1908874353
(vm18:m0) -> reducer data size 1908874353
(vm18:m0) -> reducer data size 1908874353
(vm18:m0) -> reducer data size 1908874353
(vm18:m0) -> reducer data size 1908874353
(vm18:m0) -> reducer data size 1908874353
(vm18:m0) -> reducer data size 1908874353
(vm18:m0) -> reducer data size 1908874353
(vm18:m0) -> reducer data size 1908874353
(vm18:m0) -> reducer data size 1908874353
(vm18:m0) -> reducer data size 1908874353
(vm18:m0) -> reducer data size 1908874353
(vm18:m0) -> reducer data size 1908874353
(vm18:m0) -> reducer data size 1908874353
(vm18:m0) -> reducer data size 1908874353
(vm18:m0) -> reducer data size 1908874353
(vm18:m0) -> reducer data size 1908874353
(vm18:m0) -> reducer data size 1908874353
(vm18:m0) -> reducer data size 1908874353
(vm18:m0) -> reducer data size 1908874353
(vm18:m0) Mapper thread started
(vm18:m0) Allocating data for reducer vm1:r0
(vm18:m0) Allocating data for reducer vm2:r0
(vm18:m0) Allocating data for reducer vm3:r0
(vm18:m0) Allocating data for reducer vm4:r0
(vm18:m0) Allocating data for reducer vm5:r0
(vm18:m0) Allocating data for reducer vm6:r0
(vm18:m0) Allocating data for reducer vm7:r0
(vm18:m0) Allocating data for reducer vm8:r0
(vm18:m0) Allocating data for reducer vm9:r0
(vm18:m0) Allocating data for reducer vm10:r0
(vm18:m0) Allocating data for reducer vm11:r0
(vm18:m0) Allocating data for reducer vm12:r0
(vm18:m0) Allocating data for reducer vm13:r0
(vm18:m0) Allocating data for reducer vm14:r0
(vm18:m0) Allocating data for reducer vm15:r0
(vm18:m0) Allocating data for reducer vm16:r0
(vm18:m0) Allocating data for reducer vm17:r0
(vm18:m0) Allocating data for reducer vm18:r0
(vm18:m0) Allocating data for reducer vm19:r0
(vm18:m0) Allocating data for reducer vm20:r0
(vm18:m0) Allocating data for reducer vm21:r0
(vm18:m0) Allocating data for reducer vm22:r0
(vm18:m0) Allocating data for reducer vm23:r0
(vm18:m0) Allocating data for reducer vm24:r0
(vm18:m0) Binding to port 23330
(vm18:r0) New reducer
(vm18:r0) Reducer thread started
(vm18:r0) waiting for START message
(vm18:r0) got START message
(vm18:r0) Starting new connection thread
(vm18:r0) Starting new connection thread
(vm18:r0) Starting new connection thread
(vm18:r0) Starting new connection thread
(vm18:r0) Starting new connection thread
(vm18:r0) Maximum number of connections reached (5), waiting for a thread to finish
(vm18:r0:4) Connection established
(vm18:r0:0) Connection established
(vm18:r0:3) Connection established
(vm18:r0:2) Connection established
(vm18:r0:1) Connection established
(vm18:r0:1) Connection finished, received 1908874354 bytes
(vm18:r0:4) Connection finished, received 1908874354 bytes
(vm18:r0:0) Connection finished, received 1908874354 bytes
(vm18:r0) thread 0 joined, 23 connections remaining
(vm18:r0) Starting new connection thread
(vm18:r0) Maximum number of connections reached (5), waiting for a thread to finish
(vm18:r0:0) Connection established
(vm18:r0:2) Connection finished, received 1908874354 bytes
(vm18:r0:3) Connection finished, received 1908874354 bytes
(vm18:r0:0) Connection finished, received 1908874354 bytes
(vm18:r0) thread 0 joined, 22 connections remaining
(vm18:r0) Starting new connection thread
(vm18:r0) Maximum number of connections reached (5), waiting for a thread to finish
(vm18:r0:0) Connection established
(vm18:m0) Got connection from reducer vm1:r0
(vm18:m0:0) thread started, have to send 1908874353 bytes
(vm18:m0:0) all data sent, thread exiting
(vm18:r0:0) Connection finished, received 1908874354 bytes
(vm18:r0) thread 0 joined, 21 connections remaining
(vm18:r0) Starting new connection thread
(vm18:r0) Maximum number of connections reached (5), waiting for a thread to finish
(vm18:r0:0) Connection established
(vm18:m0) Got connection from reducer vm17:r0
(vm18:m0:16) thread started, have to send 1908874353 bytes
(vm18:m0:16) all data sent, thread exiting
(vm18:m0) Got connection from reducer vm13:r0
(vm18:m0:12) thread started, have to send 1908874353 bytes
(vm18:r0:0) Connection finished, received 1908874354 bytes
(vm18:r0) thread 0 joined, 20 connections remaining
(vm18:r0) Starting new connection thread
(vm18:r0) Maximum number of connections reached (5), waiting for a thread to finish
(vm18:r0:0) Connection established
(vm18:m0:12) all data sent, thread exiting
(vm18:m0) Got connection from reducer vm23:r0
(vm18:m0:22) thread started, have to send 1908874353 bytes
(vm18:m0) Got connection from reducer vm6:r0
(vm18:m0:5) thread started, have to send 1908874353 bytes
(vm18:m0:22) all data sent, thread exiting
(vm18:m0) Got connection from reducer vm20:r0
(vm18:m0:19) thread started, have to send 1908874353 bytes
(vm18:m0:5) all data sent, thread exiting
(vm18:m0) Got connection from reducer vm12:r0
(vm18:m0:11) thread started, have to send 1908874353 bytes
(vm18:m0) Got connection from reducer vm24:r0
(vm18:m0:23) thread started, have to send 1908874353 bytes
(vm18:r0:0) Connection finished, received 1908874354 bytes
(vm18:r0) thread 0 joined, 19 connections remaining
(vm18:r0) Starting new connection thread
(vm18:r0) Maximum number of connections reached (5), waiting for a thread to finish
(vm18:r0:0) Connection established
(vm18:m0:19) all data sent, thread exiting
(vm18:m0:11) all data sent, thread exiting
(vm18:m0:23) all data sent, thread exiting
(vm18:m0) Got connection from reducer vm7:r0
(vm18:m0:6) thread started, have to send 1908874353 bytes
(vm18:m0:6) all data sent, thread exiting
(vm18:r0:0) Connection finished, received 1908874354 bytes
(vm18:r0) thread 0 joined, 18 connections remaining
(vm18:r0) Starting new connection thread
(vm18:r0) Maximum number of connections reached (5), waiting for a thread to finish
(vm18:r0:0) Connection established
(vm18:m0) Got connection from reducer vm8:r0
(vm18:m0:7) thread started, have to send 1908874353 bytes
(vm18:m0:7) all data sent, thread exiting
(vm18:r0:0) Connection finished, received 1908874354 bytes
(vm18:r0) thread 0 joined, 17 connections remaining
(vm18:r0) Starting new connection thread
(vm18:r0) Maximum number of connections reached (5), waiting for a thread to finish
(vm18:r0:0) Connection established
(vm18:m0) Got connection from reducer vm9:r0
(vm18:m0:8) thread started, have to send 1908874353 bytes
(vm18:m0) Got connection from reducer vm10:r0
(vm18:m0:9) thread started, have to send 1908874353 bytes
(vm18:m0) Got connection from reducer vm19:r0
(vm18:m0:18) thread started, have to send 1908874353 bytes
(vm18:m0:8) all data sent, thread exiting
(vm18:m0:9) all data sent, thread exiting
(vm18:m0:18) all data sent, thread exiting
(vm18:r0:0) Connection finished, received 1908874354 bytes
(vm18:r0) thread 0 joined, 16 connections remaining
(vm18:r0) Starting new connection thread
(vm18:r0) Maximum number of connections reached (5), waiting for a thread to finish
(vm18:r0:0) Connection established
(vm18:m0) Got connection from reducer vm14:r0
(vm18:m0:13) thread started, have to send 1908874353 bytes
(vm18:m0) Got connection from reducer vm11:r0
(vm18:m0:10) thread started, have to send 1908874353 bytes
(vm18:r0:0) Connection finished, received 1908874354 bytes
(vm18:r0) thread 0 joined, 15 connections remaining
(vm18:r0) Starting new connection thread
(vm18:r0) Maximum number of connections reached (5), waiting for a thread to finish
(vm18:r0:0) Connection established
(vm18:m0:13) all data sent, thread exiting
(vm18:m0:10) all data sent, thread exiting
(vm18:m0) Got connection from reducer vm16:r0
(vm18:m0:15) thread started, have to send 1908874353 bytes
(vm18:r0:0) Connection finished, received 1908874354 bytes
(vm18:r0) thread 0 joined, 14 connections remaining
(vm18:r0) Starting new connection thread
(vm18:r0) Maximum number of connections reached (5), waiting for a thread to finish
(vm18:r0:0) Connection established
(vm18:m0:15) all data sent, thread exiting
(vm18:r0:0) Connection finished, received 1908874354 bytes
(vm18:r0) thread 0 joined, 13 connections remaining
(vm18:r0) Starting new connection thread
(vm18:r0) Maximum number of connections reached (5), waiting for a thread to finish
(vm18:r0:0) Connection established
(vm18:r0:0) Connection finished, received 1908874354 bytes
(vm18:r0) thread 0 joined, 12 connections remaining
(vm18:r0) Starting new connection thread
(vm18:r0) Maximum number of connections reached (5), waiting for a thread to finish
(vm18:r0:0) Connection established
(vm18:r0:0) Connection finished, received 1908874354 bytes
(vm18:r0) thread 0 joined, 11 connections remaining
(vm18:r0) Starting new connection thread
(vm18:r0) Maximum number of connections reached (5), waiting for a thread to finish
(vm18:r0:0) Connection established
(vm18:m0) Got connection from reducer vm18:r0
(vm18:m0:17) thread started, have to send 1908874353 bytes
(vm18:m0:17) all data sent, thread exiting
(vm18:r0:0) Connection finished, received 1908874354 bytes
(vm18:r0) thread 0 joined, 10 connections remaining
(vm18:r0) Starting new connection thread
(vm18:r0) Maximum number of connections reached (5), waiting for a thread to finish
(vm18:r0:0) Connection established
(vm18:r0:0) Connection finished, received 1908874354 bytes
(vm18:r0) thread 0 joined, 9 connections remaining
(vm18:r0) Starting new connection thread
(vm18:r0) Maximum number of connections reached (5), waiting for a thread to finish
(vm18:r0:0) Connection established
(vm18:r0:0) Connection finished, received 1908874354 bytes
(vm18:r0) thread 0 joined, 8 connections remaining
(vm18:r0) Starting new connection thread
(vm18:r0) Maximum number of connections reached (5), waiting for a thread to finish
(vm18:r0:0) Connection established
(vm18:r0:0) Connection finished, received 1908874354 bytes
(vm18:r0) thread 0 joined, 7 connections remaining
(vm18:r0) Starting new connection thread
(vm18:r0) Maximum number of connections reached (5), waiting for a thread to finish
(vm18:r0:0) Connection established
(vm18:m0) Got connection from reducer vm15:r0
(vm18:m0:14) thread started, have to send 1908874353 bytes
(vm18:r0:0) Connection finished, received 1908874354 bytes
(vm18:r0) thread 0 joined, 6 connections remaining
(vm18:r0) Starting new connection thread
(vm18:r0) Maximum number of connections reached (5), waiting for a thread to finish
(vm18:r0:0) Connection established
(vm18:m0:14) all data sent, thread exiting
(vm18:r0:0) Connection finished, received 1908874354 bytes
(vm18:r0) thread 0 joined, 5 connections remaining
(vm18:r0) Starting new connection thread
(vm18:r0) Maximum number of connections reached (5), waiting for a thread to finish
(vm18:r0:0) Connection established
(vm18:m0) Got connection from reducer vm22:r0
(vm18:m0:21) thread started, have to send 1908874353 bytes
(vm18:r0:0) Connection finished, received 1908874354 bytes
(vm18:r0) thread 0 joined, 4 connections remaining
(vm18:r0) Maximum number of connections reached (4), waiting for a thread to finish
(vm18:r0) thread 1 joined, 3 connections remaining
(vm18:r0) Maximum number of connections reached (3), waiting for a thread to finish
(vm18:r0) thread 2 joined, 2 connections remaining
(vm18:r0) Maximum number of connections reached (2), waiting for a thread to finish
(vm18:r0) thread 3 joined, 1 connections remaining
(vm18:r0) Maximum number of connections reached (1), waiting for a thread to finish
(vm18:r0) thread 4 joined, 0 connections remaining
(vm18:r0) all done, exiting
(vm18:m0:21) all data sent, thread exiting
(vm18:m0) Got connection from reducer vm3:r0
(vm18:m0:2) thread started, have to send 1908874353 bytes
(vm18:m0) Got connection from reducer vm5:r0
(vm18:m0:4) thread started, have to send 1908874353 bytes
(vm18:m0) Got connection from reducer vm4:r0
(vm18:m0:3) thread started, have to send 1908874353 bytes
(vm18:m0) Got connection from reducer vm21:r0
(vm18:m0:20) thread started, have to send 1908874353 bytes
(vm18:m0) Got connection from reducer vm2:r0
(vm18:m0) Waiting for a thread to finish
(vm18:m0) thread 0 joined, 23 connections remaining
(vm18:m0) Waiting for a thread to finish
(vm18:m0:1) thread started, have to send 1908874353 bytes
(vm18:m0:2) all data sent, thread exiting
(vm18:m0:4) all data sent, thread exiting
(vm18:m0:3) all data sent, thread exiting
(vm18:m0:20) all data sent, thread exiting
(vm18:m0:1) all data sent, thread exiting
(vm18:m0) thread 1 joined, 22 connections remaining
(vm18:m0) Waiting for a thread to finish
(vm18:m0) thread 2 joined, 21 connections remaining
(vm18:m0) Waiting for a thread to finish
(vm18:m0) thread 3 joined, 20 connections remaining
(vm18:m0) Waiting for a thread to finish
(vm18:m0) thread 4 joined, 19 connections remaining
(vm18:m0) Waiting for a thread to finish
(vm18:m0) thread 5 joined, 18 connections remaining
(vm18:m0) Waiting for a thread to finish
(vm18:m0) thread 6 joined, 17 connections remaining
(vm18:m0) Waiting for a thread to finish
(vm18:m0) thread 7 joined, 16 connections remaining
(vm18:m0) Waiting for a thread to finish
(vm18:m0) thread 8 joined, 15 connections remaining
(vm18:m0) Waiting for a thread to finish
(vm18:m0) thread 9 joined, 14 connections remaining
(vm18:m0) Waiting for a thread to finish
(vm18:m0) thread 10 joined, 13 connections remaining
(vm18:m0) Waiting for a thread to finish
(vm18:m0) thread 11 joined, 12 connections remaining
(vm18:m0) Waiting for a thread to finish
(vm18:m0) thread 12 joined, 11 connections remaining
(vm18:m0) Waiting for a thread to finish
(vm18:m0) thread 13 joined, 10 connections remaining
(vm18:m0) Waiting for a thread to finish
(vm18:m0) thread 14 joined, 9 connections remaining
(vm18:m0) Waiting for a thread to finish
(vm18:m0) thread 15 joined, 8 connections remaining
(vm18:m0) Waiting for a thread to finish
(vm18:m0) thread 16 joined, 7 connections remaining
(vm18:m0) Waiting for a thread to finish
(vm18:m0) thread 17 joined, 6 connections remaining
(vm18:m0) Waiting for a thread to finish
(vm18:m0) thread 18 joined, 5 connections remaining
(vm18:m0) Waiting for a thread to finish
(vm18:m0) thread 19 joined, 4 connections remaining
(vm18:m0) Waiting for a thread to finish
(vm18:m0) thread 20 joined, 3 connections remaining
(vm18:m0) Waiting for a thread to finish
(vm18:m0) thread 21 joined, 2 connections remaining
(vm18:m0) Waiting for a thread to finish
(vm18:m0) thread 22 joined, 1 connections remaining
(vm18:m0) Waiting for a thread to finish
(vm18:m0) thread 23 joined, 0 connections remaining
(vm18:m0) all done, exiting
*RES* start node vm18:m0
*RES* vm18:m0:0,1404466016036,4163,1305,1908874354
*RES* vm18:m0:1,1404466201837,7161,1467,1908874354
*RES* vm18:m0:2,1404466200487,5263,1257,1908874354
*RES* vm18:m0:3,1404466201471,7076,1344,1908874354
*RES* vm18:m0:4,1404466201029,6577,1305,1908874354
*RES* vm18:m0:5,1404466069118,5105,1647,1908874354
*RES* vm18:m0:6,1404466090068,3872,1599,1908874354
*RES* vm18:m0:7,1404466111703,3673,1534,1908874354
*RES* vm18:m0:8,1404466122288,5147,1636,1908874354
*RES* vm18:m0:9,1404466123747,5513,1580,1908874354
*RES* vm18:m0:10,1404466150803,4287,1556,1908874354
*RES* vm18:m0:11,1404466076571,6275,1731,1908874354
*RES* vm18:m0:12,1404466052008,5620,1725,1908874354
*RES* vm18:m0:13,1404466148019,4641,1484,1908874354
*RES* vm18:m0:14,1404466187147,4551,1550,1908874354
*RES* vm18:m0:15,1404466163947,4222,1515,1908874354
*RES* vm18:m0:16,1404466029579,4577,1545,1908874354
*RES* vm18:m0:17,1404466176603,1695,272,1908874354
*RES* vm18:m0:18,1404466126164,5671,1610,1908874354
*RES* vm18:m0:19,1404466073956,5278,1664,1908874354
*RES* vm18:m0:20,1404466201487,7169,1374,1908874354
*RES* vm18:m0:21,1404466195039,2674,1358,1908874354
*RES* vm18:m0:22,1404466068028,5411,1781,1908874354
*RES* vm18:m0:23,1404466077980,5442,1539,1908874354
*RES* end node vm18:m0
Node vm18:m0 joined
*RES* start node vm18:r0
*RES* vm18:r0:0,1404465916530,42336,1724,1908874354
*RES* vm18:r0:0,1404465958872,33598,1600,1908874354
*RES* vm18:r0:0,1404465992476,36012,1631,1908874354
*RES* vm18:r0:0,1404466028494,26958,1712,1908874354
*RES* vm18:r0:0,1404466055456,23589,1638,1908874354
*RES* vm18:r0:0,1404466079052,23344,1685,1908874354
*RES* vm18:r0:0,1404466102400,19721,1560,1908874354
*RES* vm18:r0:0,1404466122128,15592,1505,1908874354
*RES* vm18:r0:0,1404466137724,13335,1506,1908874354
*RES* vm18:r0:0,1404466151072,13659,1333,1908874354
*RES* vm18:r0:0,1404466164739,3726,1203,1908874354
*RES* vm18:r0:0,1404466168471,5443,1462,1908874354
*RES* vm18:r0:0,1404466173919,2673,1322,1908874354
*RES* vm18:r0:0,1404466176599,1701,708,1908874354
*RES* vm18:r0:0,1404466178307,2545,1252,1908874354
*RES* vm18:r0:0,1404466180860,2555,1256,1908874354
*RES* vm18:r0:0,1404466183427,3294,1391,1908874354
*RES* vm18:r0:0,1404466186727,3711,1228,1908874354
*RES* vm18:r0:0,1404466190455,2863,1202,1908874354
*RES* vm18:r0:0,1404466193323,2768,1152,1908874354
*RES* vm18:r0:1,1404465916530,37257,1648,1908874354
*RES* vm18:r0:2,1404465916529,42669,1725,1908874354
*RES* vm18:r0:3,1404465916529,43430,1694,1908874354
*RES* vm18:r0:4,1404465916529,41976,1743,1908874354
*RES* end node vm18:r0
Node vm18:r0 joined
Worker terminating correctly
