OSMeF worker starting
Enabling core dumping
Listening for command connection
(vm5:m0) New mapper on port 23330
(vm5:m0) -> reducer data size 1759218604
(vm5:m0) -> reducer data size 1759218604
(vm5:m0) -> reducer data size 1759218604
(vm5:m0) -> reducer data size 1759218604
(vm5:m0) -> reducer data size 1759218604
(vm5:m0) -> reducer data size 1759218604
(vm5:m0) -> reducer data size 1759218604
(vm5:m0) -> reducer data size 1759218604
(vm5:m0) -> reducer data size 1759218604
(vm5:m0) -> reducer data size 1759218604
(vm5:m0) -> reducer data size 1759218604
(vm5:m0) -> reducer data size 1759218604
(vm5:m0) -> reducer data size 1759218604
(vm5:m0) -> reducer data size 1759218604
(vm5:m0) -> reducer data size 1759218604
(vm5:m0) -> reducer data size 1759218604
(vm5:m0) -> reducer data size 1759218604
(vm5:m0) -> reducer data size 1759218604
(vm5:m0) -> reducer data size 1759218604
(vm5:m0) -> reducer data size 1759218604
(vm5:m0) -> reducer data size 1759218604
(vm5:m0) -> reducer data size 1759218604
(vm5:m0) -> reducer data size 1759218604
(vm5:m0) -> reducer data size 1759218604
(vm5:m0) -> reducer data size 1759218604
(vm5:m0) Mapper thread started
(vm5:m0) Allocating data for reducer vm1:r0
(vm5:m0) Allocating data for reducer vm2:r0
(vm5:m0) Allocating data for reducer vm3:r0
(vm5:m0) Allocating data for reducer vm4:r0
(vm5:m0) Allocating data for reducer vm5:r0
(vm5:m0) Allocating data for reducer vm6:r0
(vm5:m0) Allocating data for reducer vm7:r0
(vm5:m0) Allocating data for reducer vm8:r0
(vm5:m0) Allocating data for reducer vm9:r0
(vm5:m0) Allocating data for reducer vm10:r0
(vm5:m0) Allocating data for reducer vm11:r0
(vm5:m0) Allocating data for reducer vm12:r0
(vm5:m0) Allocating data for reducer vm13:r0
(vm5:m0) Allocating data for reducer vm14:r0
(vm5:m0) Allocating data for reducer vm15:r0
(vm5:m0) Allocating data for reducer vm16:r0
(vm5:m0) Allocating data for reducer vm17:r0
(vm5:m0) Allocating data for reducer vm18:r0
(vm5:m0) Allocating data for reducer vm19:r0
(vm5:m0) Allocating data for reducer vm20:r0
(vm5:m0) Allocating data for reducer vm21:r0
(vm5:m0) Allocating data for reducer vm22:r0
(vm5:m0) Allocating data for reducer vm23:r0
(vm5:m0) Allocating data for reducer vm24:r0
(vm5:m0) Allocating data for reducer vm25:r0
(vm5:m0) Binding to port 23330
(vm5:r0) New reducer
(vm5:r0) Reducer thread started
(vm5:r0) waiting for START message
(vm5:r0) got START message
(vm5:r0) Starting new connection thread
(vm5:r0) Starting new connection thread
(vm5:r0) Starting new connection thread
(vm5:r0) Starting new connection thread
(vm5:r0) Starting new connection thread
(vm5:r0) Maximum number of connections reached (5), waiting for a thread to finish
(vm5:m0) Got connection from reducer vm1:r0
(vm5:r0:4) Connection established
(vm5:m0) Got connection from reducer vm5:r0
(vm5:m0:0) thread started, have to send 1759218604 bytes
(vm5:m0:4) thread started, have to send 1759218604 bytes
(vm5:m0) Got connection from reducer vm2:r0
(vm5:m0) Got connection from reducer vm3:r0
(vm5:m0) Got connection from reducer vm6:r0
(vm5:r0:2) Connection established
(vm5:r0:3) Connection established
(vm5:r0:1) Connection established
(vm5:m0) Got connection from reducer vm4:r0
(vm5:m0) Got connection from reducer vm13:r0
(vm5:m0) Got connection from reducer vm12:r0
(vm5:m0) Got connection from reducer vm20:r0
(vm5:m0) Got connection from reducer vm8:r0
(vm5:m0) Got connection from reducer vm17:r0
(vm5:m0) Got connection from reducer vm21:r0
(vm5:m0) Got connection from reducer vm9:r0
(vm5:m0) Got connection from reducer vm11:r0
(vm5:m0) Got connection from reducer vm24:r0
(vm5:m0) Got connection from reducer vm10:r0
(vm5:m0) Got connection from reducer vm25:r0
(vm5:m0) Got connection from reducer vm15:r0
(vm5:m0) Got connection from reducer vm22:r0
(vm5:m0) Got connection from reducer vm16:r0
(vm5:m0) Got connection from reducer vm19:r0
(vm5:m0) Got connection from reducer vm23:r0
(vm5:m0) Got connection from reducer vm14:r0
(vm5:m0) Got connection from reducer vm18:r0
(vm5:m0) Got connection from reducer vm7:r0
(vm5:m0) Waiting for a thread to finish
(vm5:r0:0) Connection established
(vm5:m0:2) thread started, have to send 1759218604 bytes
(vm5:m0:1) thread started, have to send 1759218604 bytes
(vm5:m0:24) thread started, have to send 1759218604 bytes
(vm5:m0:22) thread started, have to send 1759218604 bytes
(vm5:m0:6) thread started, have to send 1759218604 bytes
(vm5:m0:5) thread started, have to send 1759218604 bytes
(vm5:m0:19) thread started, have to send 1759218604 bytes
(vm5:m0:8) thread started, have to send 1759218604 bytes
(vm5:m0:21) thread started, have to send 1759218604 bytes
(vm5:m0:7) thread started, have to send 1759218604 bytes
(vm5:m0:16) thread started, have to send 1759218604 bytes
(vm5:m0:23) thread started, have to send 1759218604 bytes
(vm5:m0:9) thread started, have to send 1759218604 bytes
(vm5:m0:14) thread started, have to send 1759218604 bytes
(vm5:m0:18) thread started, have to send 1759218604 bytes
(vm5:m0:17) thread started, have to send 1759218604 bytes
(vm5:m0:3) thread started, have to send 1759218604 bytes
(vm5:m0:10) thread started, have to send 1759218604 bytes
(vm5:m0:13) thread started, have to send 1759218604 bytes
(vm5:m0:12) thread started, have to send 1759218604 bytes
(vm5:m0:15) thread started, have to send 1759218604 bytes
(vm5:m0:11) thread started, have to send 1759218604 bytes
(vm5:m0:20) thread started, have to send 1759218604 bytes
(vm5:m0:4) all data sent, thread exiting
(vm5:r0:4) Connection finished, received 1759218605 bytes
(vm5:m0:5) all data sent, thread exiting
(vm5:m0:23) all data sent, thread exiting
(vm5:m0:12) all data sent, thread exiting
(vm5:m0:24) all data sent, thread exiting
(vm5:m0:14) all data sent, thread exiting
(vm5:m0:18) all data sent, thread exiting
(vm5:m0:21) all data sent, thread exiting
(vm5:m0:6) all data sent, thread exiting
(vm5:m0:20) all data sent, thread exiting
(vm5:m0:16) all data sent, thread exiting
(vm5:m0:8) all data sent, thread exiting
(vm5:m0:13) all data sent, thread exiting
(vm5:m0:11) all data sent, thread exiting
(vm5:m0:19) all data sent, thread exiting
(vm5:m0:17) all data sent, thread exiting
(vm5:m0:15) all data sent, thread exiting
(vm5:m0:7) all data sent, thread exiting
(vm5:m0:10) all data sent, thread exiting
(vm5:m0:22) all data sent, thread exiting
(vm5:m0:9) all data sent, thread exiting
(vm5:r0:3) Connection finished, received 1759218605 bytes
(vm5:r0:2) Connection finished, received 1759218605 bytes
(vm5:m0:3) all data sent, thread exiting
(vm5:m0:2) all data sent, thread exiting
(vm5:r0:1) Connection finished, received 1759218605 bytes
(vm5:m0:1) all data sent, thread exiting
(vm5:r0:0) Connection finished, received 1759218605 bytes
(vm5:r0) thread 0 joined, 24 connections remaining
(vm5:r0) Starting new connection thread
(vm5:r0) Maximum number of connections reached (5), waiting for a thread to finish
(vm5:r0:0) Connection established
(vm5:m0:0) all data sent, thread exiting
(vm5:m0) thread 0 joined, 24 connections remaining
(vm5:m0) Waiting for a thread to finish
(vm5:m0) thread 1 joined, 23 connections remaining
(vm5:m0) Waiting for a thread to finish
(vm5:m0) thread 2 joined, 22 connections remaining
(vm5:m0) Waiting for a thread to finish
(vm5:m0) thread 3 joined, 21 connections remaining
(vm5:m0) Waiting for a thread to finish
(vm5:m0) thread 4 joined, 20 connections remaining
(vm5:m0) Waiting for a thread to finish
(vm5:m0) thread 5 joined, 19 connections remaining
(vm5:m0) Waiting for a thread to finish
(vm5:m0) thread 6 joined, 18 connections remaining
(vm5:m0) Waiting for a thread to finish
(vm5:m0) thread 7 joined, 17 connections remaining
(vm5:m0) Waiting for a thread to finish
(vm5:m0) thread 8 joined, 16 connections remaining
(vm5:m0) Waiting for a thread to finish
(vm5:m0) thread 9 joined, 15 connections remaining
(vm5:m0) Waiting for a thread to finish
(vm5:m0) thread 10 joined, 14 connections remaining
(vm5:m0) Waiting for a thread to finish
(vm5:m0) thread 11 joined, 13 connections remaining
(vm5:m0) Waiting for a thread to finish
(vm5:m0) thread 12 joined, 12 connections remaining
(vm5:m0) Waiting for a thread to finish
(vm5:m0) thread 13 joined, 11 connections remaining
(vm5:m0) Waiting for a thread to finish
(vm5:m0) thread 14 joined, 10 connections remaining
(vm5:m0) Waiting for a thread to finish
(vm5:m0) thread 15 joined, 9 connections remaining
(vm5:m0) Waiting for a thread to finish
(vm5:m0) thread 16 joined, 8 connections remaining
(vm5:m0) Waiting for a thread to finish
(vm5:m0) thread 17 joined, 7 connections remaining
(vm5:m0) Waiting for a thread to finish
(vm5:m0) thread 18 joined, 6 connections remaining
(vm5:m0) Waiting for a thread to finish
(vm5:m0) thread 19 joined, 5 connections remaining
(vm5:m0) Waiting for a thread to finish
(vm5:m0) thread 20 joined, 4 connections remaining
(vm5:m0) Waiting for a thread to finish
(vm5:m0) thread 21 joined, 3 connections remaining
(vm5:m0) Waiting for a thread to finish
(vm5:m0) thread 22 joined, 2 connections remaining
(vm5:m0) Waiting for a thread to finish
(vm5:m0) thread 23 joined, 1 connections remaining
(vm5:m0) Waiting for a thread to finish
(vm5:m0) thread 24 joined, 0 connections remaining
(vm5:m0) all done, exiting
*RES* start node vm5:m0
*RES* vm5:m0:0,1404823431912,44073,1243,1759218605
*RES* vm5:m0:1,1404823431922,43088,1281,1759218605
*RES* vm5:m0:2,1404823431922,40505,1318,1759218605
*RES* vm5:m0:3,1404823431924,40482,1286,1759218605
*RES* vm5:m0:4,1404823431912,15650,496,1759218605
*RES* vm5:m0:5,1404823431922,34026,1224,1759218605
*RES* vm5:m0:6,1404823431922,35398,1223,1759218605
*RES* vm5:m0:7,1404823431923,36252,1235,1759218605
*RES* vm5:m0:8,1404823431923,35561,1211,1759218605
*RES* vm5:m0:9,1404823431923,36477,1251,1759218605
*RES* vm5:m0:10,1404823431924,36388,1254,1759218605
*RES* vm5:m0:11,1404823431924,35622,1212,1759218605
*RES* vm5:m0:12,1404823431924,34262,1205,1759218605
*RES* vm5:m0:13,1404823431924,35571,1220,1759218605
*RES* vm5:m0:14,1404823431923,34768,1217,1759218605
*RES* vm5:m0:15,1404823431924,36103,1237,1759218605
*RES* vm5:m0:16,1404823431923,35473,1230,1759218605
*RES* vm5:m0:17,1404823431924,35733,1222,1759218605
*RES* vm5:m0:18,1404823431923,34862,1229,1759218605
*RES* vm5:m0:19,1404823431923,35722,1228,1759218605
*RES* vm5:m0:20,1404823431924,35422,1215,1759218605
*RES* vm5:m0:21,1404823431923,35306,1218,1759218605
*RES* vm5:m0:22,1404823431922,36395,1256,1759218605
*RES* vm5:m0:23,1404823431923,34222,1205,1759218605
*RES* vm5:m0:24,1404823431922,34407,1227,1759218605
*RES* end node vm5:m0
Node vm5:m0 joined
(vm5:r0:0) Connection finished, received 1759218605 bytes
(vm5:r0) thread 0 joined, 23 connections remaining
(vm5:r0) Starting new connection thread
(vm5:r0) Maximum number of connections reached (5), waiting for a thread to finish
(vm5:r0:0) Connection established
(vm5:r0:0) Connection finished, received 1759218605 bytes
(vm5:r0) thread 0 joined, 22 connections remaining
(vm5:r0) Starting new connection thread
(vm5:r0) Maximum number of connections reached (5), waiting for a thread to finish
(vm5:r0:0) Connection established
(vm5:r0:0) Connection finished, received 1759218605 bytes
(vm5:r0) thread 0 joined, 21 connections remaining
(vm5:r0) Starting new connection thread
(vm5:r0) Maximum number of connections reached (5), waiting for a thread to finish
(vm5:r0:0) Connection established
(vm5:r0:0) Connection finished, received 1759218605 bytes
(vm5:r0) thread 0 joined, 20 connections remaining
(vm5:r0) Starting new connection thread
(vm5:r0) Maximum number of connections reached (5), waiting for a thread to finish
(vm5:r0:0) Connection established
(vm5:r0:0) Connection finished, received 1759218605 bytes
(vm5:r0) thread 0 joined, 19 connections remaining
(vm5:r0) Starting new connection thread
(vm5:r0) Maximum number of connections reached (5), waiting for a thread to finish
(vm5:r0:0) Connection established
(vm5:r0:0) Connection finished, received 1759218605 bytes
(vm5:r0) thread 0 joined, 18 connections remaining
(vm5:r0) Starting new connection thread
(vm5:r0) Maximum number of connections reached (5), waiting for a thread to finish
(vm5:r0:0) Connection established
(vm5:r0:0) Connection finished, received 1759218605 bytes
(vm5:r0) thread 0 joined, 17 connections remaining
(vm5:r0) Starting new connection thread
(vm5:r0) Maximum number of connections reached (5), waiting for a thread to finish
(vm5:r0:0) Connection established
(vm5:r0:0) Connection finished, received 1759218605 bytes
(vm5:r0) thread 0 joined, 16 connections remaining
(vm5:r0) Starting new connection thread
(vm5:r0) Maximum number of connections reached (5), waiting for a thread to finish
(vm5:r0:0) Connection established
(vm5:r0:0) Connection finished, received 1759218605 bytes
(vm5:r0) thread 0 joined, 15 connections remaining
(vm5:r0) Starting new connection thread
(vm5:r0) Maximum number of connections reached (5), waiting for a thread to finish
(vm5:r0:0) Connection established
(vm5:r0:0) Connection finished, received 1759218605 bytes
(vm5:r0) thread 0 joined, 14 connections remaining
(vm5:r0) Starting new connection thread
(vm5:r0) Maximum number of connections reached (5), waiting for a thread to finish
(vm5:r0:0) Connection established
(vm5:r0:0) Connection finished, received 1759218605 bytes
(vm5:r0) thread 0 joined, 13 connections remaining
(vm5:r0) Starting new connection thread
(vm5:r0) Maximum number of connections reached (5), waiting for a thread to finish
(vm5:r0:0) Connection established
(vm5:r0:0) Connection finished, received 1759218605 bytes
(vm5:r0) thread 0 joined, 12 connections remaining
(vm5:r0) Starting new connection thread
(vm5:r0) Maximum number of connections reached (5), waiting for a thread to finish
(vm5:r0:0) Connection established
(vm5:r0:0) Connection finished, received 1759218605 bytes
(vm5:r0) thread 0 joined, 11 connections remaining
(vm5:r0) Starting new connection thread
(vm5:r0) Maximum number of connections reached (5), waiting for a thread to finish
(vm5:r0:0) Connection established
(vm5:r0:0) Connection finished, received 1759218605 bytes
(vm5:r0) thread 0 joined, 10 connections remaining
(vm5:r0) Starting new connection thread
(vm5:r0) Maximum number of connections reached (5), waiting for a thread to finish
(vm5:r0:0) Connection established
(vm5:r0:0) Connection finished, received 1759218605 bytes
(vm5:r0) thread 0 joined, 9 connections remaining
(vm5:r0) Starting new connection thread
(vm5:r0) Maximum number of connections reached (5), waiting for a thread to finish
(vm5:r0:0) Connection established
(vm5:r0:0) Connection finished, received 1759218605 bytes
(vm5:r0) thread 0 joined, 8 connections remaining
(vm5:r0) Starting new connection thread
(vm5:r0) Maximum number of connections reached (5), waiting for a thread to finish
(vm5:r0:0) Connection established
(vm5:r0:0) Connection finished, received 1759218605 bytes
(vm5:r0) thread 0 joined, 7 connections remaining
(vm5:r0) Starting new connection thread
(vm5:r0) Maximum number of connections reached (5), waiting for a thread to finish
(vm5:r0:0) Connection established
(vm5:r0:0) Connection finished, received 1759218605 bytes
(vm5:r0) thread 0 joined, 6 connections remaining
(vm5:r0) Starting new connection thread
(vm5:r0) Maximum number of connections reached (5), waiting for a thread to finish
(vm5:r0:0) Connection established
(vm5:r0:0) Connection finished, received 1759218605 bytes
(vm5:r0) thread 0 joined, 5 connections remaining
(vm5:r0) Starting new connection thread
(vm5:r0) Maximum number of connections reached (5), waiting for a thread to finish
(vm5:r0:0) Connection established
(vm5:r0:0) Connection finished, received 1759218605 bytes
(vm5:r0) thread 0 joined, 4 connections remaining
(vm5:r0) Maximum number of connections reached (4), waiting for a thread to finish
(vm5:r0) thread 1 joined, 3 connections remaining
(vm5:r0) Maximum number of connections reached (3), waiting for a thread to finish
(vm5:r0) thread 2 joined, 2 connections remaining
(vm5:r0) Maximum number of connections reached (2), waiting for a thread to finish
(vm5:r0) thread 3 joined, 1 connections remaining
(vm5:r0) Maximum number of connections reached (1), waiting for a thread to finish
(vm5:r0) thread 4 joined, 0 connections remaining
(vm5:r0) all done, exiting
*RES* start node vm5:r0
*RES* vm5:r0:0,1404823431914,43127,1384,1759218605
*RES* vm5:r0:0,1404823475053,33391,1398,1759218605
*RES* vm5:r0:0,1404823508449,33367,1580,1759218605
*RES* vm5:r0:0,1404823541821,34234,1561,1759218605
*RES* vm5:r0:0,1404823576061,27180,1577,1759218605
*RES* vm5:r0:0,1404823603245,27459,1556,1759218605
*RES* vm5:r0:0,1404823630709,20132,1556,1759218605
*RES* vm5:r0:0,1404823650845,18098,1571,1759218605
*RES* vm5:r0:0,1404823668949,15609,1541,1759218605
*RES* vm5:r0:0,1404823684565,17490,1418,1759218605
*RES* vm5:r0:0,1404823702060,16365,1216,1759218605
*RES* vm5:r0:0,1404823718432,9381,1061,1759218605
*RES* vm5:r0:0,1404823727820,10691,1069,1759218605
*RES* vm5:r0:0,1404823738520,11419,1000,1759218605
*RES* vm5:r0:0,1404823749944,9629,1003,1759218605
*RES* vm5:r0:0,1404823759580,7274,1078,1759218605
*RES* vm5:r0:0,1404823766860,8542,1008,1759218605
*RES* vm5:r0:0,1404823775408,5596,1036,1759218605
*RES* vm5:r0:0,1404823781012,6305,1059,1759218605
*RES* vm5:r0:0,1404823787324,7233,1032,1759218605
*RES* vm5:r0:0,1404823794564,4667,975,1759218605
*RES* vm5:r0:1,1404823431912,42598,1369,1759218605
*RES* vm5:r0:2,1404823431912,40163,1333,1759218605
*RES* vm5:r0:3,1404823431911,39706,1295,1759218605
*RES* vm5:r0:4,1404823431911,15660,964,1759218605
*RES* end node vm5:r0
Node vm5:r0 joined
Worker terminating correctly
