OSMeF worker starting
Enabling core dumping
Listening for command connection
(vm28:m0) New mapper on port 23330
(vm28:m0) -> reducer data size 722887329
(vm28:m0) -> reducer data size 722887329
(vm28:m0) -> reducer data size 722887329
(vm28:m0) -> reducer data size 722887329
(vm28:m0) -> reducer data size 722887329
(vm28:m0) -> reducer data size 722887329
(vm28:m0) -> reducer data size 722887329
(vm28:m0) -> reducer data size 722887329
(vm28:m0) -> reducer data size 722887329
(vm28:m0) -> reducer data size 722887329
(vm28:m0) -> reducer data size 722887329
(vm28:m0) -> reducer data size 722887329
(vm28:m0) -> reducer data size 722887329
(vm28:m0) -> reducer data size 722887329
(vm28:m0) -> reducer data size 722887329
(vm28:m0) -> reducer data size 722887329
(vm28:m0) -> reducer data size 722887329
(vm28:m0) -> reducer data size 722887329
(vm28:m0) -> reducer data size 722887329
(vm28:m0) -> reducer data size 722887329
(vm28:m0) -> reducer data size 722887329
(vm28:m0) -> reducer data size 722887329
(vm28:m0) -> reducer data size 722887329
(vm28:m0) -> reducer data size 722887329
(vm28:m0) -> reducer data size 722887329
(vm28:m0) -> reducer data size 722887329
(vm28:m0) -> reducer data size 722887329
(vm28:m0) -> reducer data size 722887329
(vm28:m0) -> reducer data size 722887329
(vm28:m0) -> reducer data size 722887329
(vm28:m0) -> reducer data size 722887329
(vm28:m0) -> reducer data size 722887329
(vm28:m0) -> reducer data size 722887329
(vm28:m0) -> reducer data size 722887329
(vm28:m0) -> reducer data size 722887329
(vm28:m0) -> reducer data size 722887329
(vm28:m0) -> reducer data size 722887329
(vm28:m0) -> reducer data size 722887329
(vm28:m0) -> reducer data size 722887329
(vm28:m0) Mapper thread started
(vm28:m0) Allocating data for reducer vm1:r0
(vm28:m0) Allocating data for reducer vm2:r0
(vm28:m0) Allocating data for reducer vm3:r0
(vm28:m0) Allocating data for reducer vm4:r0
(vm28:m0) Allocating data for reducer vm5:r0
(vm28:m0) Allocating data for reducer vm6:r0
(vm28:m0) Allocating data for reducer vm7:r0
(vm28:m0) Allocating data for reducer vm8:r0
(vm28:m0) Allocating data for reducer vm9:r0
(vm28:m0) Allocating data for reducer vm10:r0
(vm28:m0) Allocating data for reducer vm11:r0
(vm28:m0) Allocating data for reducer vm12:r0
(vm28:m0) Allocating data for reducer vm13:r0
(vm28:m0) Allocating data for reducer vm14:r0
(vm28:m0) Allocating data for reducer vm15:r0
(vm28:m0) Allocating data for reducer vm16:r0
(vm28:m0) Allocating data for reducer vm17:r0
(vm28:m0) Allocating data for reducer vm18:r0
(vm28:m0) Allocating data for reducer vm19:r0
(vm28:m0) Allocating data for reducer vm20:r0
(vm28:m0) Allocating data for reducer vm21:r0
(vm28:m0) Allocating data for reducer vm22:r0
(vm28:m0) Allocating data for reducer vm23:r0
(vm28:m0) Allocating data for reducer vm24:r0
(vm28:m0) Allocating data for reducer vm25:r0
(vm28:m0) Allocating data for reducer vm26:r0
(vm28:m0) Allocating data for reducer vm27:r0
(vm28:m0) Allocating data for reducer vm28:r0
(vm28:m0) Allocating data for reducer vm29:r0
(vm28:m0) Allocating data for reducer vm30:r0
(vm28:m0) Allocating data for reducer vm31:r0
(vm28:m0) Allocating data for reducer vm32:r0
(vm28:m0) Allocating data for reducer vm33:r0
(vm28:m0) Allocating data for reducer vm34:r0
(vm28:m0) Allocating data for reducer vm35:r0
(vm28:m0) Allocating data for reducer vm36:r0
(vm28:m0) Allocating data for reducer vm37:r0
(vm28:m0) Allocating data for reducer vm38:r0
(vm28:m0) Allocating data for reducer vm39:r0
(vm28:m0) Binding to port 23330
(vm28:r0) New reducer
(vm28:r0) Reducer thread started
(vm28:r0) waiting for START message
(vm28:r0) got START message
(vm28:r0) Starting new connection thread
(vm28:r0) Starting new connection thread
(vm28:r0) Starting new connection thread
(vm28:r0) Starting new connection thread
(vm28:r0) Starting new connection thread
(vm28:r0) Maximum number of connections reached (5), waiting for a thread to finish
(vm28:r0:4) Connection established
(vm28:r0:3) Connection established
(vm28:r0:2) Connection established
(vm28:r0:1) Connection established
(vm28:r0:0) Connection established
(vm28:r0:2) Connection finished, received 722887330 bytes
(vm28:r0:4) Connection finished, received 722887330 bytes
(vm28:r0:3) Connection finished, received 722887330 bytes
(vm28:r0:1) Connection finished, received 722887330 bytes
(vm28:r0:0) Connection finished, received 722887330 bytes
(vm28:r0) thread 0 joined, 38 connections remaining
(vm28:r0) Starting new connection thread
(vm28:r0) Maximum number of connections reached (5), waiting for a thread to finish
(vm28:r0:0) Connection established
(vm28:r0:0) Connection finished, received 722887330 bytes
(vm28:r0) thread 0 joined, 37 connections remaining
(vm28:r0) Starting new connection thread
(vm28:r0) Maximum number of connections reached (5), waiting for a thread to finish
(vm28:r0:0) Connection established
(vm28:r0:0) Connection finished, received 722887330 bytes
(vm28:r0) thread 0 joined, 36 connections remaining
(vm28:r0) Starting new connection thread
(vm28:r0) Maximum number of connections reached (5), waiting for a thread to finish
(vm28:r0:0) Connection established
(vm28:r0:0) Connection finished, received 722887330 bytes
(vm28:r0) thread 0 joined, 35 connections remaining
(vm28:r0) Starting new connection thread
(vm28:r0) Maximum number of connections reached (5), waiting for a thread to finish
(vm28:r0:0) Connection established
(vm28:r0:0) Connection finished, received 722887330 bytes
(vm28:r0) thread 0 joined, 34 connections remaining
(vm28:r0) Starting new connection thread
(vm28:r0) Maximum number of connections reached (5), waiting for a thread to finish
(vm28:r0:0) Connection established
(vm28:r0:0) Connection finished, received 722887330 bytes
(vm28:r0) thread 0 joined, 33 connections remaining
(vm28:r0) Starting new connection thread
(vm28:r0) Maximum number of connections reached (5), waiting for a thread to finish
(vm28:r0:0) Connection established
(vm28:r0:0) Connection finished, received 722887330 bytes
(vm28:r0) thread 0 joined, 32 connections remaining
(vm28:r0) Starting new connection thread
(vm28:r0) Maximum number of connections reached (5), waiting for a thread to finish
(vm28:r0:0) Connection established
(vm28:r0:0) Connection finished, received 722887330 bytes
(vm28:r0) thread 0 joined, 31 connections remaining
(vm28:r0) Starting new connection thread
(vm28:r0) Maximum number of connections reached (5), waiting for a thread to finish
(vm28:r0:0) Connection established
(vm28:r0:0) Connection finished, received 722887330 bytes
(vm28:r0) thread 0 joined, 30 connections remaining
(vm28:r0) Starting new connection thread
(vm28:r0) Maximum number of connections reached (5), waiting for a thread to finish
(vm28:r0:0) Connection established
(vm28:r0:0) Connection finished, received 722887330 bytes
(vm28:r0) thread 0 joined, 29 connections remaining
(vm28:r0) Starting new connection thread
(vm28:r0) Maximum number of connections reached (5), waiting for a thread to finish
(vm28:r0:0) Connection established
(vm28:r0:0) Connection finished, received 722887330 bytes
(vm28:r0) thread 0 joined, 28 connections remaining
(vm28:r0) Starting new connection thread
(vm28:r0) Maximum number of connections reached (5), waiting for a thread to finish
(vm28:r0:0) Connection established
(vm28:m0) Got connection from reducer vm22:r0
(vm28:m0:21) thread started, have to send 722887329 bytes
(vm28:r0:0) Connection finished, received 722887330 bytes
(vm28:r0) thread 0 joined, 27 connections remaining
(vm28:r0) Starting new connection thread
(vm28:r0) Maximum number of connections reached (5), waiting for a thread to finish
(vm28:r0:0) Connection established
(vm28:m0:21) all data sent, thread exiting
(vm28:m0) Got connection from reducer vm12:r0
(vm28:m0:11) thread started, have to send 722887329 bytes
(vm28:r0:0) Connection finished, received 722887330 bytes
(vm28:r0) thread 0 joined, 26 connections remaining
(vm28:r0) Starting new connection thread
(vm28:r0) Maximum number of connections reached (5), waiting for a thread to finish
(vm28:r0:0) Connection established
(vm28:m0:11) all data sent, thread exiting
(vm28:r0:0) Connection finished, received 722887330 bytes
(vm28:r0) thread 0 joined, 25 connections remaining
(vm28:r0) Starting new connection thread
(vm28:r0) Maximum number of connections reached (5), waiting for a thread to finish
(vm28:r0:0) Connection established
(vm28:r0:0) Connection finished, received 722887330 bytes
(vm28:r0) thread 0 joined, 24 connections remaining
(vm28:r0) Starting new connection thread
(vm28:r0) Maximum number of connections reached (5), waiting for a thread to finish
(vm28:r0:0) Connection established
(vm28:m0) Got connection from reducer vm18:r0
(vm28:m0:17) thread started, have to send 722887329 bytes
(vm28:r0:0) Connection finished, received 722887330 bytes
(vm28:r0) thread 0 joined, 23 connections remaining
(vm28:r0) Starting new connection thread
(vm28:r0) Maximum number of connections reached (5), waiting for a thread to finish
(vm28:r0:0) Connection established
(vm28:m0) Got connection from reducer vm24:r0
(vm28:m0:23) thread started, have to send 722887329 bytes
(vm28:m0) Got connection from reducer vm33:r0
(vm28:m0:32) thread started, have to send 722887329 bytes
(vm28:m0:17) all data sent, thread exiting
(vm28:m0) Got connection from reducer vm1:r0
(vm28:m0:0) thread started, have to send 722887329 bytes
(vm28:m0) Got connection from reducer vm39:r0
(vm28:m0:38) thread started, have to send 722887329 bytes
(vm28:r0:0) Connection finished, received 722887330 bytes
(vm28:r0) thread 0 joined, 22 connections remaining
(vm28:r0) Starting new connection thread
(vm28:r0) Maximum number of connections reached (5), waiting for a thread to finish
(vm28:r0:0) Connection established
(vm28:m0:23) all data sent, thread exiting
(vm28:m0:32) all data sent, thread exiting
(vm28:m0) Got connection from reducer vm30:r0
(vm28:m0:29) thread started, have to send 722887329 bytes
(vm28:m0) Got connection from reducer vm6:r0
(vm28:m0:5) thread started, have to send 722887329 bytes
(vm28:m0:0) all data sent, thread exiting
(vm28:r0:0) Connection finished, received 722887330 bytes
(vm28:r0) thread 0 joined, 21 connections remaining
(vm28:r0) Starting new connection thread
(vm28:r0) Maximum number of connections reached (5), waiting for a thread to finish
(vm28:r0:0) Connection established
(vm28:m0:38) all data sent, thread exiting
(vm28:m0) Got connection from reducer vm9:r0
(vm28:m0:8) thread started, have to send 722887329 bytes
(vm28:m0) Got connection from reducer vm31:r0
(vm28:m0:30) thread started, have to send 722887329 bytes
(vm28:m0:5) all data sent, thread exiting
(vm28:m0:29) all data sent, thread exiting
(vm28:r0:0) Connection finished, received 722887330 bytes
(vm28:r0) thread 0 joined, 20 connections remaining
(vm28:r0) Starting new connection thread
(vm28:r0) Maximum number of connections reached (5), waiting for a thread to finish
(vm28:r0:0) Connection established
(vm28:m0:8) all data sent, thread exiting
(vm28:m0:30) all data sent, thread exiting
(vm28:m0) Got connection from reducer vm27:r0
(vm28:m0:26) thread started, have to send 722887329 bytes
(vm28:r0:0) Connection finished, received 722887330 bytes
(vm28:r0) thread 0 joined, 19 connections remaining
(vm28:r0) Starting new connection thread
(vm28:r0) Maximum number of connections reached (5), waiting for a thread to finish
(vm28:r0:0) Connection established
(vm28:m0) Got connection from reducer vm19:r0
(vm28:m0:18) thread started, have to send 722887329 bytes
(vm28:m0) Got connection from reducer vm7:r0
(vm28:m0:6) thread started, have to send 722887329 bytes
(vm28:m0:26) all data sent, thread exiting
(vm28:r0:0) Connection finished, received 722887330 bytes
(vm28:r0) thread 0 joined, 18 connections remaining
(vm28:r0) Starting new connection thread
(vm28:r0) Maximum number of connections reached (5), waiting for a thread to finish
(vm28:r0:0) Connection established
(vm28:m0:6) all data sent, thread exiting
(vm28:m0:18) all data sent, thread exiting
(vm28:m0) Got connection from reducer vm38:r0
(vm28:m0:37) thread started, have to send 722887329 bytes
(vm28:m0) Got connection from reducer vm15:r0
(vm28:m0:14) thread started, have to send 722887329 bytes
(vm28:r0:0) Connection finished, received 722887330 bytes
(vm28:r0) thread 0 joined, 17 connections remaining
(vm28:r0) Starting new connection thread
(vm28:r0) Maximum number of connections reached (5), waiting for a thread to finish
(vm28:r0:0) Connection established
(vm28:m0:37) all data sent, thread exiting
(vm28:m0) Got connection from reducer vm34:r0
(vm28:m0:33) thread started, have to send 722887329 bytes
(vm28:m0:14) all data sent, thread exiting
(vm28:r0:0) Connection finished, received 722887330 bytes
(vm28:r0) thread 0 joined, 16 connections remaining
(vm28:r0) Starting new connection thread
(vm28:r0) Maximum number of connections reached (5), waiting for a thread to finish
(vm28:r0:0) Connection established
(vm28:m0) Got connection from reducer vm28:r0
(vm28:m0:27) thread started, have to send 722887329 bytes
(vm28:m0:33) all data sent, thread exiting
(vm28:m0:27) all data sent, thread exiting
(vm28:r0:0) Connection finished, received 722887330 bytes
(vm28:r0) thread 0 joined, 15 connections remaining
(vm28:r0) Starting new connection thread
(vm28:r0) Maximum number of connections reached (5), waiting for a thread to finish
(vm28:r0:0) Connection established
(vm28:m0) Got connection from reducer vm37:r0
(vm28:m0:36) thread started, have to send 722887329 bytes
(vm28:m0) Got connection from reducer vm8:r0
(vm28:m0:7) thread started, have to send 722887329 bytes
(vm28:r0:0) Connection finished, received 722887330 bytes
(vm28:r0) thread 0 joined, 14 connections remaining
(vm28:r0) Starting new connection thread
(vm28:r0) Maximum number of connections reached (5), waiting for a thread to finish
(vm28:r0:0) Connection established
(vm28:m0) Got connection from reducer vm36:r0
(vm28:m0:35) thread started, have to send 722887329 bytes
(vm28:m0:36) all data sent, thread exiting
(vm28:m0) Got connection from reducer vm14:r0
(vm28:m0:13) thread started, have to send 722887329 bytes
(vm28:m0:7) all data sent, thread exiting
(vm28:m0) Got connection from reducer vm25:r0
(vm28:m0:24) thread started, have to send 722887329 bytes
(vm28:m0:35) all data sent, thread exiting
(vm28:r0:0) Connection finished, received 722887330 bytes
(vm28:r0) thread 0 joined, 13 connections remaining
(vm28:r0) Starting new connection thread
(vm28:r0) Maximum number of connections reached (5), waiting for a thread to finish
(vm28:r0:0) Connection established
(vm28:m0) Got connection from reducer vm26:r0
(vm28:m0:25) thread started, have to send 722887329 bytes
(vm28:m0:13) all data sent, thread exiting
(vm28:r0:0) Connection finished, received 722887330 bytes
(vm28:r0) thread 0 joined, 12 connections remaining
(vm28:r0) Starting new connection thread
(vm28:r0) Maximum number of connections reached (5), waiting for a thread to finish
(vm28:r0:0) Connection established
(vm28:m0:24) all data sent, thread exiting
(vm28:m0:25) all data sent, thread exiting
(vm28:m0) Got connection from reducer vm10:r0
(vm28:m0:9) thread started, have to send 722887329 bytes
(vm28:r0:0) Connection finished, received 722887330 bytes
(vm28:r0) thread 0 joined, 11 connections remaining
(vm28:r0) Starting new connection thread
(vm28:r0) Maximum number of connections reached (5), waiting for a thread to finish
(vm28:r0:0) Connection established
(vm28:m0:9) all data sent, thread exiting
(vm28:r0:0) Connection finished, received 722887330 bytes
(vm28:r0) thread 0 joined, 10 connections remaining
(vm28:r0) Starting new connection thread
(vm28:r0) Maximum number of connections reached (5), waiting for a thread to finish
(vm28:r0:0) Connection established
(vm28:m0) Got connection from reducer vm16:r0
(vm28:m0:15) thread started, have to send 722887329 bytes
(vm28:m0:15) all data sent, thread exiting
(vm28:r0:0) Connection finished, received 722887330 bytes
(vm28:r0) thread 0 joined, 9 connections remaining
(vm28:r0) Starting new connection thread
(vm28:r0) Maximum number of connections reached (5), waiting for a thread to finish
(vm28:r0:0) Connection established
(vm28:m0) Got connection from reducer vm32:r0
(vm28:m0:31) thread started, have to send 722887329 bytes
(vm28:m0) Got connection from reducer vm5:r0
(vm28:m0:4) thread started, have to send 722887329 bytes
(vm28:m0) Got connection from reducer vm17:r0
(vm28:m0:16) thread started, have to send 722887329 bytes
(vm28:r0:0) Connection finished, received 722887330 bytes
(vm28:r0) thread 0 joined, 8 connections remaining
(vm28:r0) Starting new connection thread
(vm28:r0) Maximum number of connections reached (5), waiting for a thread to finish
(vm28:r0:0) Connection established
(vm28:m0:31) all data sent, thread exiting
(vm28:m0:4) all data sent, thread exiting
(vm28:m0) Got connection from reducer vm13:r0
(vm28:m0:12) thread started, have to send 722887329 bytes
(vm28:m0) Got connection from reducer vm20:r0
(vm28:m0:19) thread started, have to send 722887329 bytes
(vm28:m0:16) all data sent, thread exiting
(vm28:m0) Got connection from reducer vm3:r0
(vm28:m0:2) thread started, have to send 722887329 bytes
(vm28:r0:0) Connection finished, received 722887330 bytes
(vm28:r0) thread 0 joined, 7 connections remaining
(vm28:r0) Starting new connection thread
(vm28:r0) Maximum number of connections reached (5), waiting for a thread to finish
(vm28:r0:0) Connection established
(vm28:m0) Got connection from reducer vm2:r0
(vm28:m0:1) thread started, have to send 722887329 bytes
(vm28:m0) Got connection from reducer vm35:r0
(vm28:m0:34) thread started, have to send 722887329 bytes
(vm28:m0:12) all data sent, thread exiting
(vm28:m0:19) all data sent, thread exiting
(vm28:m0) Got connection from reducer vm11:r0
(vm28:m0:10) thread started, have to send 722887329 bytes
(vm28:m0) Got connection from reducer vm4:r0
(vm28:m0:3) thread started, have to send 722887329 bytes
(vm28:m0:2) all data sent, thread exiting
(vm28:m0:1) all data sent, thread exiting
(vm28:r0:0) Connection finished, received 722887330 bytes
(vm28:r0) thread 0 joined, 6 connections remaining
(vm28:r0) Starting new connection thread
(vm28:r0) Maximum number of connections reached (5), waiting for a thread to finish
(vm28:r0:0) Connection established
(vm28:m0:10) all data sent, thread exiting
(vm28:m0:3) all data sent, thread exiting
(vm28:m0:34) all data sent, thread exiting
(vm28:m0) Got connection from reducer vm21:r0
(vm28:m0:20) thread started, have to send 722887329 bytes
(vm28:m0) Got connection from reducer vm23:r0
(vm28:m0:22) thread started, have to send 722887329 bytes
(vm28:r0:0) Connection finished, received 722887330 bytes
(vm28:r0) thread 0 joined, 5 connections remaining
(vm28:r0) Starting new connection thread
(vm28:r0) Maximum number of connections reached (5), waiting for a thread to finish
(vm28:r0:0) Connection established
(vm28:m0:20) all data sent, thread exiting
(vm28:m0) Got connection from reducer vm29:r0
(vm28:m0) Waiting for a thread to finish
(vm28:m0) thread 0 joined, 38 connections remaining
(vm28:m0) Waiting for a thread to finish
(vm28:m0) thread 1 joined, 37 connections remaining
(vm28:m0) Waiting for a thread to finish
(vm28:m0) thread 2 joined, 36 connections remaining
(vm28:m0) Waiting for a thread to finish
(vm28:m0) thread 3 joined, 35 connections remaining
(vm28:m0) Waiting for a thread to finish
(vm28:m0) thread 4 joined, 34 connections remaining
(vm28:m0) Waiting for a thread to finish
(vm28:m0) thread 5 joined, 33 connections remaining
(vm28:m0) Waiting for a thread to finish
(vm28:m0) thread 6 joined, 32 connections remaining
(vm28:m0) Waiting for a thread to finish
(vm28:m0) thread 7 joined, 31 connections remaining
(vm28:m0) Waiting for a thread to finish
(vm28:m0) thread 8 joined, 30 connections remaining
(vm28:m0) Waiting for a thread to finish
(vm28:m0) thread 9 joined, 29 connections remaining
(vm28:m0) Waiting for a thread to finish
(vm28:m0) thread 10 joined, 28 connections remaining
(vm28:m0) Waiting for a thread to finish
(vm28:m0) thread 11 joined, 27 connections remaining
(vm28:m0) Waiting for a thread to finish
(vm28:m0) thread 12 joined, 26 connections remaining
(vm28:m0) Waiting for a thread to finish
(vm28:m0) thread 13 joined, 25 connections remaining
(vm28:m0) Waiting for a thread to finish
(vm28:m0) thread 14 joined, 24 connections remaining
(vm28:m0) Waiting for a thread to finish
(vm28:m0) thread 15 joined, 23 connections remaining
(vm28:m0) Waiting for a thread to finish
(vm28:m0) thread 16 joined, 22 connections remaining
(vm28:m0) Waiting for a thread to finish
(vm28:m0) thread 17 joined, 21 connections remaining
(vm28:m0) Waiting for a thread to finish
(vm28:m0) thread 18 joined, 20 connections remaining
(vm28:m0) Waiting for a thread to finish
(vm28:m0) thread 19 joined, 19 connections remaining
(vm28:m0) Waiting for a thread to finish
(vm28:m0) thread 20 joined, 18 connections remaining
(vm28:m0) Waiting for a thread to finish
(vm28:m0) thread 21 joined, 17 connections remaining
(vm28:m0) Waiting for a thread to finish
(vm28:m0:28) thread started, have to send 722887329 bytes
(vm28:m0:22) all data sent, thread exiting
(vm28:m0) thread 22 joined, 16 connections remaining
(vm28:m0) Waiting for a thread to finish
(vm28:m0) thread 23 joined, 15 connections remaining
(vm28:m0) Waiting for a thread to finish
(vm28:m0) thread 24 joined, 14 connections remaining
(vm28:m0) Waiting for a thread to finish
(vm28:m0) thread 25 joined, 13 connections remaining
(vm28:m0) Waiting for a thread to finish
(vm28:m0) thread 26 joined, 12 connections remaining
(vm28:m0) Waiting for a thread to finish
(vm28:m0) thread 27 joined, 11 connections remaining
(vm28:m0) Waiting for a thread to finish
(vm28:r0:0) Connection finished, received 722887330 bytes
(vm28:r0) thread 0 joined, 4 connections remaining
(vm28:r0) Maximum number of connections reached (4), waiting for a thread to finish
(vm28:r0) thread 1 joined, 3 connections remaining
(vm28:r0) Maximum number of connections reached (3), waiting for a thread to finish
(vm28:r0) thread 2 joined, 2 connections remaining
(vm28:r0) Maximum number of connections reached (2), waiting for a thread to finish
(vm28:r0) thread 3 joined, 1 connections remaining
(vm28:r0) Maximum number of connections reached (1), waiting for a thread to finish
(vm28:r0) thread 4 joined, 0 connections remaining
(vm28:r0) all done, exiting
(vm28:m0:28) all data sent, thread exiting
(vm28:m0) thread 28 joined, 10 connections remaining
(vm28:m0) Waiting for a thread to finish
(vm28:m0) thread 29 joined, 9 connections remaining
(vm28:m0) Waiting for a thread to finish
(vm28:m0) thread 30 joined, 8 connections remaining
(vm28:m0) Waiting for a thread to finish
(vm28:m0) thread 31 joined, 7 connections remaining
(vm28:m0) Waiting for a thread to finish
(vm28:m0) thread 32 joined, 6 connections remaining
(vm28:m0) Waiting for a thread to finish
(vm28:m0) thread 33 joined, 5 connections remaining
(vm28:m0) Waiting for a thread to finish
(vm28:m0) thread 34 joined, 4 connections remaining
(vm28:m0) Waiting for a thread to finish
(vm28:m0) thread 35 joined, 3 connections remaining
(vm28:m0) Waiting for a thread to finish
(vm28:m0) thread 36 joined, 2 connections remaining
(vm28:m0) Waiting for a thread to finish
(vm28:m0) thread 37 joined, 1 connections remaining
(vm28:m0) Waiting for a thread to finish
(vm28:m0) thread 38 joined, 0 connections remaining
(vm28:m0) all done, exiting
*RES* start node vm28:m0
*RES* vm28:m0:0,1405723596604,8886,1243,722887330
*RES* vm28:m0:1,1405723705466,3985,635,722887330
*RES* vm28:m0:2,1405723702861,5144,888,722887330
*RES* vm28:m0:3,1405723707664,3796,592,722887330
*RES* vm28:m0:4,1405723691963,6780,1546,722887330
*RES* vm28:m0:5,1405723604300,8012,1013,722887330
*RES* vm28:m0:6,1405723623756,7853,1455,722887330
*RES* vm28:m0:7,1405723656081,7898,1137,722887330
*RES* vm28:m0:8,1405723610220,7802,1394,722887330
*RES* vm28:m0:9,1405723677031,5749,1729,722887330
*RES* vm28:m0:10,1405723707415,3905,605,722887330
*RES* vm28:m0:11,1405723563252,7689,986,722887330
*RES* vm28:m0:12,1405723700740,6261,1146,722887330
*RES* vm28:m0:13,1405723662233,7259,1599,722887330
*RES* vm28:m0:14,1405723637637,6966,1279,722887330
*RES* vm28:m0:15,1405723684136,4915,1591,722887330
*RES* vm28:m0:16,1405723695836,5813,1401,722887330
*RES* vm28:m0:17,1405723585640,8735,995,722887330
*RES* vm28:m0:18,1405723622709,10144,921,722887330
*RES* vm28:m0:19,1405723700834,6222,1127,722887330
*RES* vm28:m0:20,1405723711989,3041,800,722887330
*RES* vm28:m0:21,1405723553736,7106,1043,722887330
*RES* vm28:m0:22,1405723713212,3171,670,722887330
*RES* vm28:m0:23,1405723591716,8423,899,722887330
*RES* vm28:m0:24,1405723664108,9230,1014,722887330
*RES* vm28:m0:25,1405723669065,7451,1100,722887330
*RES* vm28:m0:26,1405723621748,8182,1165,722887330
*RES* vm28:m0:27,1405723647435,1180,154,722887330
*RES* vm28:m0:28,1405723715185,3836,687,722887330
*RES* vm28:m0:29,1405723603960,9606,996,722887330
*RES* vm28:m0:30,1405723612146,8503,1256,722887330
*RES* vm28:m0:31,1405723690462,6939,1155,722887330
*RES* vm28:m0:32,1405723592980,8073,1180,722887330
*RES* vm28:m0:33,1405723640750,6826,1028,722887330
*RES* vm28:m0:34,1405723706397,5518,653,722887330
*RES* vm28:m0:35,1405723656632,7781,866,722887330
*RES* vm28:m0:36,1405723653560,7119,1272,722887330
*RES* vm28:m0:37,1405723634024,6439,1266,722887330
*RES* vm28:m0:38,1405723596817,12817,1682,722887330
*RES* end node vm28:m0
Node vm28:m0 joined
*RES* start node vm28:r0
*RES* vm28:r0:0,1405723374369,28092,803,722887330
*RES* vm28:r0:0,1405723402464,46643,783,722887330
*RES* vm28:r0:0,1405723449112,37125,699,722887330
*RES* vm28:r0:0,1405723486244,14724,779,722887330
*RES* vm28:r0:0,1405723500973,10426,1197,722887330
*RES* vm28:r0:0,1405723511404,4756,1557,722887330
*RES* vm28:r0:0,1405723516164,5872,1427,722887330
*RES* vm28:r0:0,1405723522040,7150,1195,722887330
*RES* vm28:r0:0,1405723529196,6737,1198,722887330
*RES* vm28:r0:0,1405723535940,8870,902,722887330
*RES* vm28:r0:0,1405723544816,7134,1077,722887330
*RES* vm28:r0:0,1405723551956,8270,1463,722887330
*RES* vm28:r0:0,1405723560232,7917,1431,722887330
*RES* vm28:r0:0,1405723568164,7687,1458,722887330
*RES* vm28:r0:0,1405723575856,7020,1227,722887330
*RES* vm28:r0:0,1405723582880,7286,1173,722887330
*RES* vm28:r0:0,1405723590172,7532,1099,722887330
*RES* vm28:r0:0,1405723597724,9765,1009,722887330
*RES* vm28:r0:0,1405723607496,8790,1368,722887330
*RES* vm28:r0:0,1405723616297,6308,1526,722887330
*RES* vm28:r0:0,1405723622616,8342,1094,722887330
*RES* vm28:r0:0,1405723630966,7746,1174,722887330
*RES* vm28:r0:0,1405723638748,8678,1229,722887330
*RES* vm28:r0:0,1405723647434,1183,506,722887330
*RES* vm28:r0:0,1405723648624,7825,1070,722887330
*RES* vm28:r0:0,1405723656461,8010,1220,722887330
*RES* vm28:r0:0,1405723664480,7452,1356,722887330
*RES* vm28:r0:0,1405723671936,5801,1401,722887330
*RES* vm28:r0:0,1405723677744,5941,1882,722887330
*RES* vm28:r0:0,1405723683692,5803,1364,722887330
*RES* vm28:r0:0,1405723689504,6334,1128,722887330
*RES* vm28:r0:0,1405723695857,8379,1311,722887330
*RES* vm28:r0:0,1405723704268,5260,714,722887330
*RES* vm28:r0:0,1405723709545,3807,704,722887330
*RES* vm28:r0:0,1405723713362,4621,773,722887330
*RES* vm28:r0:1,1405723374369,27802,759,722887330
*RES* vm28:r0:2,1405723374369,23992,742,722887330
*RES* vm28:r0:3,1405723374369,26839,731,722887330
*RES* vm28:r0:4,1405723374368,26098,776,722887330
*RES* end node vm28:r0
Node vm28:r0 joined
Worker terminating correctly
