OSMeF worker starting
Enabling core dumping
Listening for command connection
(vm1:m0) New mapper on port 23330
(vm1:m0) -> reducer data size 1508246402
(vm1:m0) -> reducer data size 1508246402
(vm1:m0) -> reducer data size 1508246402
(vm1:m0) -> reducer data size 1508246402
(vm1:m0) -> reducer data size 1508246402
(vm1:m0) -> reducer data size 1508246402
(vm1:m0) -> reducer data size 1508246402
(vm1:m0) -> reducer data size 1508246402
(vm1:m0) -> reducer data size 1508246402
(vm1:m0) -> reducer data size 1508246402
(vm1:m0) -> reducer data size 1508246402
(vm1:m0) -> reducer data size 1508246402
(vm1:m0) -> reducer data size 1508246402
(vm1:m0) -> reducer data size 1508246402
(vm1:m0) -> reducer data size 1508246402
(vm1:m0) -> reducer data size 1508246402
(vm1:m0) -> reducer data size 1508246402
(vm1:m0) -> reducer data size 1508246402
(vm1:m0) -> reducer data size 1508246402
(vm1:m0) -> reducer data size 1508246402
(vm1:m0) -> reducer data size 1508246402
(vm1:m0) -> reducer data size 1508246402
(vm1:m0) -> reducer data size 1508246402
(vm1:m0) -> reducer data size 1508246402
(vm1:m0) -> reducer data size 1508246402
(vm1:m0) -> reducer data size 1508246402
(vm1:m0) -> reducer data size 1508246402
(vm1:m0) Mapper thread started
(vm1:m0) Allocating data for reducer vm1:r0
(vm1:m0) Allocating data for reducer vm2:r0
(vm1:m0) Allocating data for reducer vm3:r0
(vm1:m0) Allocating data for reducer vm4:r0
(vm1:m0) Allocating data for reducer vm5:r0
(vm1:m0) Allocating data for reducer vm6:r0
(vm1:m0) Allocating data for reducer vm7:r0
(vm1:m0) Allocating data for reducer vm8:r0
(vm1:m0) Allocating data for reducer vm9:r0
(vm1:m0) Allocating data for reducer vm10:r0
(vm1:m0) Allocating data for reducer vm11:r0
(vm1:m0) Allocating data for reducer vm12:r0
(vm1:m0) Allocating data for reducer vm13:r0
(vm1:m0) Allocating data for reducer vm14:r0
(vm1:m0) Allocating data for reducer vm15:r0
(vm1:m0) Allocating data for reducer vm16:r0
(vm1:m0) Allocating data for reducer vm17:r0
(vm1:m0) Allocating data for reducer vm18:r0
(vm1:m0) Allocating data for reducer vm19:r0
(vm1:m0) Allocating data for reducer vm20:r0
(vm1:m0) Allocating data for reducer vm21:r0
(vm1:m0) Allocating data for reducer vm22:r0
(vm1:m0) Allocating data for reducer vm23:r0
(vm1:m0) Allocating data for reducer vm24:r0
(vm1:m0) Allocating data for reducer vm25:r0
(vm1:m0) Allocating data for reducer vm26:r0
(vm1:m0) Allocating data for reducer vm27:r0
(vm1:m0) Binding to port 23330
(vm1:r0) New reducer
(vm1:r0) Reducer thread started
(vm1:r0) waiting for START message
(vm1:r0) got START message
(vm1:r0) Starting new connection thread
(vm1:r0) Starting new connection thread
(vm1:r0) Starting new connection thread
(vm1:r0) Starting new connection thread
(vm1:r0) Starting new connection thread
(vm1:r0) Maximum number of connections reached (5), waiting for a thread to finish
(vm1:r0:0) Connection established
(vm1:m0) Got connection from reducer vm1:r0
(vm1:r0:4) Connection established
(vm1:r0:3) Connection established
(vm1:r0:2) Connection established
(vm1:r0:1) Connection established
(vm1:m0:0) thread started, have to send 1508246402 bytes
(vm1:m0) Got connection from reducer vm2:r0
(vm1:m0) Got connection from reducer vm7:r0
(vm1:m0) Got connection from reducer vm6:r0
(vm1:m0:5) thread started, have to send 1508246402 bytes
(vm1:m0) Got connection from reducer vm5:r0
(vm1:m0) Got connection from reducer vm10:r0
(vm1:m0) Got connection from reducer vm13:r0
(vm1:m0) Got connection from reducer vm17:r0
(vm1:m0) Got connection from reducer vm8:r0
(vm1:m0) Got connection from reducer vm14:r0
(vm1:m0) Got connection from reducer vm16:r0
(vm1:m0) Got connection from reducer vm18:r0
(vm1:m0) Got connection from reducer vm15:r0
(vm1:m0) Got connection from reducer vm9:r0
(vm1:m0) Got connection from reducer vm11:r0
(vm1:m0) Got connection from reducer vm12:r0
(vm1:m0) Got connection from reducer vm20:r0
(vm1:m0) Got connection from reducer vm22:r0
(vm1:m0) Got connection from reducer vm21:r0
(vm1:m0) Got connection from reducer vm24:r0
(vm1:m0) Got connection from reducer vm26:r0
(vm1:m0) Got connection from reducer vm3:r0
(vm1:m0) Got connection from reducer vm25:r0
(vm1:m0) Got connection from reducer vm19:r0
(vm1:m0) Got connection from reducer vm23:r0
(vm1:m0) Got connection from reducer vm27:r0
(vm1:m0:6) thread started, have to send 1508246402 bytes
(vm1:m0:1) thread started, have to send 1508246402 bytes
(vm1:m0) Got connection from reducer vm4:r0
(vm1:m0) Waiting for a thread to finish
(vm1:m0:14) thread started, have to send 1508246402 bytes
(vm1:m0:21) thread started, have to send 1508246402 bytes
(vm1:m0:25) thread started, have to send 1508246402 bytes
(vm1:m0:2) thread started, have to send 1508246402 bytes
(vm1:m0:9) thread started, have to send 1508246402 bytes
(vm1:m0:7) thread started, have to send 1508246402 bytes
(vm1:m0:10) thread started, have to send 1508246402 bytes
(vm1:m0:12) thread started, have to send 1508246402 bytes
(vm1:m0:15) thread started, have to send 1508246402 bytes
(vm1:m0:17) thread started, have to send 1508246402 bytes
(vm1:m0:8) thread started, have to send 1508246402 bytes
(vm1:m0:19) thread started, have to send 1508246402 bytes
(vm1:m0:23) thread started, have to send 1508246402 bytes
(vm1:m0:22) thread started, have to send 1508246402 bytes
(vm1:m0:4) thread started, have to send 1508246402 bytes
(vm1:m0:13) thread started, have to send 1508246402 bytes
(vm1:m0:20) thread started, have to send 1508246402 bytes
(vm1:m0:24) thread started, have to send 1508246402 bytes
(vm1:m0:18) thread started, have to send 1508246402 bytes
(vm1:m0:26) thread started, have to send 1508246402 bytes
(vm1:m0:11) thread started, have to send 1508246402 bytes
(vm1:m0:16) thread started, have to send 1508246402 bytes
(vm1:m0:3) thread started, have to send 1508246402 bytes
(vm1:m0:0) all data sent, thread exiting
(vm1:m0) thread 0 joined, 26 connections remaining
(vm1:m0) Waiting for a thread to finish
(vm1:r0:0) Connection finished, received 1508246403 bytes
(vm1:r0) thread 0 joined, 26 connections remaining
(vm1:r0) Starting new connection thread
(vm1:r0) Maximum number of connections reached (5), waiting for a thread to finish
(vm1:r0:0) Connection established
(vm1:m0:24) all data sent, thread exiting
(vm1:m0:23) all data sent, thread exiting
(vm1:m0:21) all data sent, thread exiting
(vm1:m0:6) all data sent, thread exiting
(vm1:m0:9) all data sent, thread exiting
(vm1:m0:7) all data sent, thread exiting
(vm1:m0:18) all data sent, thread exiting
(vm1:m0:20) all data sent, thread exiting
(vm1:m0:22) all data sent, thread exiting
(vm1:m0:15) all data sent, thread exiting
(vm1:m0:13) all data sent, thread exiting
(vm1:m0:5) all data sent, thread exiting
(vm1:m0:8) all data sent, thread exiting
(vm1:m0:25) all data sent, thread exiting
(vm1:m0:12) all data sent, thread exiting
(vm1:m0:19) all data sent, thread exiting
(vm1:m0:10) all data sent, thread exiting
(vm1:m0:26) all data sent, thread exiting
(vm1:m0:16) all data sent, thread exiting
(vm1:m0:17) all data sent, thread exiting
(vm1:m0:14) all data sent, thread exiting
(vm1:m0:11) all data sent, thread exiting
(vm1:r0:3) Connection finished, received 1508246403 bytes
(vm1:m0:3) all data sent, thread exiting
(vm1:m0:1) all data sent, thread exiting
(vm1:m0) thread 1 joined, 25 connections remaining
(vm1:m0) Waiting for a thread to finish
(vm1:r0:1) Connection finished, received 1508246403 bytes
(vm1:r0:2) Connection finished, received 1508246403 bytes
(vm1:m0:2) all data sent, thread exiting
(vm1:m0) thread 2 joined, 24 connections remaining
(vm1:m0) Waiting for a thread to finish
(vm1:m0) thread 3 joined, 23 connections remaining
(vm1:m0) Waiting for a thread to finish
(vm1:m0:4) all data sent, thread exiting
(vm1:m0) thread 4 joined, 22 connections remaining
(vm1:m0) Waiting for a thread to finish
(vm1:m0) thread 5 joined, 21 connections remaining
(vm1:m0) Waiting for a thread to finish
(vm1:m0) thread 6 joined, 20 connections remaining
(vm1:m0) Waiting for a thread to finish
(vm1:m0) thread 7 joined, 19 connections remaining
(vm1:m0) Waiting for a thread to finish
(vm1:m0) thread 8 joined, 18 connections remaining
(vm1:m0) Waiting for a thread to finish
(vm1:m0) thread 9 joined, 17 connections remaining
(vm1:m0) Waiting for a thread to finish
(vm1:m0) thread 10 joined, 16 connections remaining
(vm1:m0) Waiting for a thread to finish
(vm1:m0) thread 11 joined, 15 connections remaining
(vm1:m0) Waiting for a thread to finish
(vm1:m0) thread 12 joined, 14 connections remaining
(vm1:m0) Waiting for a thread to finish
(vm1:m0) thread 13 joined, 13 connections remaining
(vm1:m0) Waiting for a thread to finish
(vm1:m0) thread 14 joined, 12 connections remaining
(vm1:m0) Waiting for a thread to finish
(vm1:m0) thread 15 joined, 11 connections remaining
(vm1:m0) Waiting for a thread to finish
(vm1:m0) thread 16 joined, 10 connections remaining
(vm1:m0) Waiting for a thread to finish
(vm1:m0) thread 17 joined, 9 connections remaining
(vm1:m0) Waiting for a thread to finish
(vm1:m0) thread 18 joined, 8 connections remaining
(vm1:m0) Waiting for a thread to finish
(vm1:m0) thread 19 joined, 7 connections remaining
(vm1:m0) Waiting for a thread to finish
(vm1:m0) thread 20 joined, 6 connections remaining
(vm1:m0) Waiting for a thread to finish
(vm1:m0) thread 21 joined, 5 connections remaining
(vm1:m0) Waiting for a thread to finish
(vm1:m0) thread 22 joined, 4 connections remaining
(vm1:m0) Waiting for a thread to finish
(vm1:m0) thread 23 joined, 3 connections remaining
(vm1:m0) Waiting for a thread to finish
(vm1:m0) thread 24 joined, 2 connections remaining
(vm1:m0) Waiting for a thread to finish
(vm1:m0) thread 25 joined, 1 connections remaining
(vm1:m0) Waiting for a thread to finish
(vm1:m0) thread 26 joined, 0 connections remaining
(vm1:m0) all done, exiting
*RES* start node vm1:m0
*RES* vm1:m0:0,1404833921635,22847,487,1508246403
*RES* vm1:m0:1,1404833921645,38514,1145,1508246403
*RES* vm1:m0:2,1404833921657,39041,1121,1508246403
*RES* vm1:m0:3,1404833921661,38233,1144,1508246403
*RES* vm1:m0:4,1404833921658,41334,1123,1508246403
*RES* vm1:m0:5,1404833921641,37020,1191,1508246403
*RES* vm1:m0:6,1404833921644,36383,1193,1508246403
*RES* vm1:m0:7,1404833921658,36691,1199,1508246403
*RES* vm1:m0:8,1404833921658,37054,1213,1508246403
*RES* vm1:m0:9,1404833921658,36647,1215,1508246403
*RES* vm1:m0:10,1404833921658,37160,1220,1508246403
*RES* vm1:m0:11,1404833921659,37482,1192,1508246403
*RES* vm1:m0:12,1404833921658,37095,1181,1508246403
*RES* vm1:m0:13,1404833921658,36959,1214,1508246403
*RES* vm1:m0:14,1404833921657,37361,1225,1508246403
*RES* vm1:m0:15,1404833921658,36944,1222,1508246403
*RES* vm1:m0:16,1404833921659,37215,1195,1508246403
*RES* vm1:m0:17,1404833921658,37229,1217,1508246403
*RES* vm1:m0:18,1404833921658,36859,1197,1508246403
*RES* vm1:m0:19,1404833921658,37155,1211,1508246403
*RES* vm1:m0:20,1404833921658,36872,1209,1508246403
*RES* vm1:m0:21,1404833921657,36327,1202,1508246403
*RES* vm1:m0:22,1404833921658,36917,1218,1508246403
*RES* vm1:m0:23,1404833921658,36296,1204,1508246403
*RES* vm1:m0:24,1404833921658,35822,1205,1508246403
*RES* vm1:m0:25,1404833921657,37078,1234,1508246403
*RES* vm1:m0:26,1404833921658,37174,1239,1508246403
*RES* end node vm1:m0
Node vm1:m0 joined
(vm1:r0:4) Connection finished, received 1508246403 bytes
(vm1:r0:0) Connection finished, received 1508246403 bytes
(vm1:r0) thread 0 joined, 25 connections remaining
(vm1:r0) Starting new connection thread
(vm1:r0) Maximum number of connections reached (5), waiting for a thread to finish
(vm1:r0:0) Connection established
(vm1:r0:0) Connection finished, received 1508246403 bytes
(vm1:r0) thread 0 joined, 24 connections remaining
(vm1:r0) Starting new connection thread
(vm1:r0) Maximum number of connections reached (5), waiting for a thread to finish
(vm1:r0:0) Connection established
(vm1:r0:0) Connection finished, received 1508246403 bytes
(vm1:r0) thread 0 joined, 23 connections remaining
(vm1:r0) Starting new connection thread
(vm1:r0) Maximum number of connections reached (5), waiting for a thread to finish
(vm1:r0:0) Connection established
(vm1:r0:0) Connection finished, received 1508246403 bytes
(vm1:r0) thread 0 joined, 22 connections remaining
(vm1:r0) Starting new connection thread
(vm1:r0) Maximum number of connections reached (5), waiting for a thread to finish
(vm1:r0:0) Connection established
(vm1:r0:0) Connection finished, received 1508246403 bytes
(vm1:r0) thread 0 joined, 21 connections remaining
(vm1:r0) Starting new connection thread
(vm1:r0) Maximum number of connections reached (5), waiting for a thread to finish
(vm1:r0:0) Connection established
(vm1:r0:0) Connection finished, received 1508246403 bytes
(vm1:r0) thread 0 joined, 20 connections remaining
(vm1:r0) Starting new connection thread
(vm1:r0) Maximum number of connections reached (5), waiting for a thread to finish
(vm1:r0:0) Connection established
(vm1:r0:0) Connection finished, received 1508246403 bytes
(vm1:r0) thread 0 joined, 19 connections remaining
(vm1:r0) Starting new connection thread
(vm1:r0) Maximum number of connections reached (5), waiting for a thread to finish
(vm1:r0:0) Connection established
(vm1:r0:0) Connection finished, received 1508246403 bytes
(vm1:r0) thread 0 joined, 18 connections remaining
(vm1:r0) Starting new connection thread
(vm1:r0) Maximum number of connections reached (5), waiting for a thread to finish
(vm1:r0:0) Connection established
(vm1:r0:0) Connection finished, received 1508246403 bytes
(vm1:r0) thread 0 joined, 17 connections remaining
(vm1:r0) Starting new connection thread
(vm1:r0) Maximum number of connections reached (5), waiting for a thread to finish
(vm1:r0:0) Connection established
(vm1:r0:0) Connection finished, received 1508246403 bytes
(vm1:r0) thread 0 joined, 16 connections remaining
(vm1:r0) Starting new connection thread
(vm1:r0) Maximum number of connections reached (5), waiting for a thread to finish
(vm1:r0:0) Connection established
(vm1:r0:0) Connection finished, received 1508246403 bytes
(vm1:r0) thread 0 joined, 15 connections remaining
(vm1:r0) Starting new connection thread
(vm1:r0) Maximum number of connections reached (5), waiting for a thread to finish
(vm1:r0:0) Connection established
(vm1:r0:0) Connection finished, received 1508246403 bytes
(vm1:r0) thread 0 joined, 14 connections remaining
(vm1:r0) Starting new connection thread
(vm1:r0) Maximum number of connections reached (5), waiting for a thread to finish
(vm1:r0:0) Connection established
(vm1:r0:0) Connection finished, received 1508246403 bytes
(vm1:r0) thread 0 joined, 13 connections remaining
(vm1:r0) Starting new connection thread
(vm1:r0) Maximum number of connections reached (5), waiting for a thread to finish
(vm1:r0:0) Connection established
(vm1:r0:0) Connection finished, received 1508246403 bytes
(vm1:r0) thread 0 joined, 12 connections remaining
(vm1:r0) Starting new connection thread
(vm1:r0) Maximum number of connections reached (5), waiting for a thread to finish
(vm1:r0:0) Connection established
(vm1:r0:0) Connection finished, received 1508246403 bytes
(vm1:r0) thread 0 joined, 11 connections remaining
(vm1:r0) Starting new connection thread
(vm1:r0) Maximum number of connections reached (5), waiting for a thread to finish
(vm1:r0:0) Connection established
(vm1:r0:0) Connection finished, received 1508246403 bytes
(vm1:r0) thread 0 joined, 10 connections remaining
(vm1:r0) Starting new connection thread
(vm1:r0) Maximum number of connections reached (5), waiting for a thread to finish
(vm1:r0:0) Connection established
(vm1:r0:0) Connection finished, received 1508246403 bytes
(vm1:r0) thread 0 joined, 9 connections remaining
(vm1:r0) Starting new connection thread
(vm1:r0) Maximum number of connections reached (5), waiting for a thread to finish
(vm1:r0:0) Connection established
(vm1:r0:0) Connection finished, received 1508246403 bytes
(vm1:r0) thread 0 joined, 8 connections remaining
(vm1:r0) Starting new connection thread
(vm1:r0) Maximum number of connections reached (5), waiting for a thread to finish
(vm1:r0:0) Connection established
(vm1:r0:0) Connection finished, received 1508246403 bytes
(vm1:r0) thread 0 joined, 7 connections remaining
(vm1:r0) Starting new connection thread
(vm1:r0) Maximum number of connections reached (5), waiting for a thread to finish
(vm1:r0:0) Connection established
(vm1:r0:0) Connection finished, received 1508246403 bytes
(vm1:r0) thread 0 joined, 6 connections remaining
(vm1:r0) Starting new connection thread
(vm1:r0) Maximum number of connections reached (5), waiting for a thread to finish
(vm1:r0:0) Connection established
(vm1:r0:0) Connection finished, received 1508246403 bytes
(vm1:r0) thread 0 joined, 5 connections remaining
(vm1:r0) Starting new connection thread
(vm1:r0) Maximum number of connections reached (5), waiting for a thread to finish
(vm1:r0:0) Connection established
(vm1:r0:0) Connection finished, received 1508246403 bytes
(vm1:r0) thread 0 joined, 4 connections remaining
(vm1:r0) Maximum number of connections reached (4), waiting for a thread to finish
(vm1:r0) thread 1 joined, 3 connections remaining
(vm1:r0) Maximum number of connections reached (3), waiting for a thread to finish
(vm1:r0) thread 2 joined, 2 connections remaining
(vm1:r0) Maximum number of connections reached (2), waiting for a thread to finish
(vm1:r0) thread 3 joined, 1 connections remaining
(vm1:r0) Maximum number of connections reached (1), waiting for a thread to finish
(vm1:r0) thread 4 joined, 0 connections remaining
(vm1:r0) all done, exiting
*RES* start node vm1:r0
*RES* vm1:r0:0,1404833921635,22849,841,1508246403
*RES* vm1:r0:0,1404833944623,29931,1141,1508246403
*RES* vm1:r0:0,1404833974562,4362,1627,1508246403
*RES* vm1:r0:0,1404833978930,3524,1428,1508246403
*RES* vm1:r0:0,1404833982458,4021,1758,1508246403
*RES* vm1:r0:0,1404833986486,3797,1581,1508246403
*RES* vm1:r0:0,1404833990290,3085,1307,1508246403
*RES* vm1:r0:0,1404833993382,2922,1248,1508246403
*RES* vm1:r0:0,1404833996310,2900,1236,1508246403
*RES* vm1:r0:0,1404833999218,2808,1193,1508246403
*RES* vm1:r0:0,1404834002030,3279,1420,1508246403
*RES* vm1:r0:0,1404834005314,4716,1824,1508246403
*RES* vm1:r0:0,1404834010038,3670,1535,1508246403
*RES* vm1:r0:0,1404834013714,3764,1582,1508246403
*RES* vm1:r0:0,1404834017482,4104,1684,1508246403
*RES* vm1:r0:0,1404834021590,4359,1798,1508246403
*RES* vm1:r0:0,1404834025954,4103,1591,1508246403
*RES* vm1:r0:0,1404834030062,5177,1477,1508246403
*RES* vm1:r0:0,1404834035246,4473,1467,1508246403
*RES* vm1:r0:0,1404834039726,4388,1387,1508246403
*RES* vm1:r0:0,1404834044122,4128,1355,1508246403
*RES* vm1:r0:0,1404834048254,4803,1523,1508246403
*RES* vm1:r0:0,1404834053062,5108,1635,1508246403
*RES* vm1:r0:1,1404833921635,38551,1206,1508246403
*RES* vm1:r0:2,1404833921635,38919,1153,1508246403
*RES* vm1:r0:3,1404833921635,37834,1129,1508246403
*RES* vm1:r0:4,1404833921635,41429,1268,1508246403
*RES* end node vm1:r0
Node vm1:r0 joined
Worker terminating correctly
