OSMeF worker starting
Enabling core dumping
Listening for command connection
(vm6:m0) New mapper on port 23330
(vm6:m0) -> reducer data size 1508246402
(vm6:m0) -> reducer data size 1508246402
(vm6:m0) -> reducer data size 1508246402
(vm6:m0) -> reducer data size 1508246402
(vm6:m0) -> reducer data size 1508246402
(vm6:m0) -> reducer data size 1508246402
(vm6:m0) -> reducer data size 1508246402
(vm6:m0) -> reducer data size 1508246402
(vm6:m0) -> reducer data size 1508246402
(vm6:m0) -> reducer data size 1508246402
(vm6:m0) -> reducer data size 1508246402
(vm6:m0) -> reducer data size 1508246402
(vm6:m0) -> reducer data size 1508246402
(vm6:m0) -> reducer data size 1508246402
(vm6:m0) -> reducer data size 1508246402
(vm6:m0) -> reducer data size 1508246402
(vm6:m0) -> reducer data size 1508246402
(vm6:m0) -> reducer data size 1508246402
(vm6:m0) -> reducer data size 1508246402
(vm6:m0) -> reducer data size 1508246402
(vm6:m0) -> reducer data size 1508246402
(vm6:m0) -> reducer data size 1508246402
(vm6:m0) -> reducer data size 1508246402
(vm6:m0) -> reducer data size 1508246402
(vm6:m0) -> reducer data size 1508246402
(vm6:m0) -> reducer data size 1508246402
(vm6:m0) -> reducer data size 1508246402
(vm6:m0) Mapper thread started
(vm6:m0) Allocating data for reducer vm1:r0
(vm6:m0) Allocating data for reducer vm2:r0
(vm6:m0) Allocating data for reducer vm3:r0
(vm6:m0) Allocating data for reducer vm4:r0
(vm6:m0) Allocating data for reducer vm5:r0
(vm6:m0) Allocating data for reducer vm6:r0
(vm6:m0) Allocating data for reducer vm7:r0
(vm6:m0) Allocating data for reducer vm8:r0
(vm6:m0) Allocating data for reducer vm9:r0
(vm6:m0) Allocating data for reducer vm10:r0
(vm6:m0) Allocating data for reducer vm11:r0
(vm6:m0) Allocating data for reducer vm12:r0
(vm6:m0) Allocating data for reducer vm13:r0
(vm6:m0) Allocating data for reducer vm14:r0
(vm6:m0) Allocating data for reducer vm15:r0
(vm6:m0) Allocating data for reducer vm16:r0
(vm6:m0) Allocating data for reducer vm17:r0
(vm6:m0) Allocating data for reducer vm18:r0
(vm6:m0) Allocating data for reducer vm19:r0
(vm6:m0) Allocating data for reducer vm20:r0
(vm6:m0) Allocating data for reducer vm21:r0
(vm6:m0) Allocating data for reducer vm22:r0
(vm6:m0) Allocating data for reducer vm23:r0
(vm6:m0) Allocating data for reducer vm24:r0
(vm6:m0) Allocating data for reducer vm25:r0
(vm6:m0) Allocating data for reducer vm26:r0
(vm6:m0) Allocating data for reducer vm27:r0
(vm6:m0) Binding to port 23330
(vm6:r0) New reducer
(vm6:r0) Reducer thread started
(vm6:r0) waiting for START message
(vm6:r0) got START message
(vm6:r0) Starting new connection thread
(vm6:r0) Starting new connection thread
(vm6:r0) Starting new connection thread
(vm6:r0) Starting new connection thread
(vm6:r0) Starting new connection thread
(vm6:r0) Maximum number of connections reached (5), waiting for a thread to finish
(vm6:r0:1) Connection established
(vm6:r0:4) Connection established
(vm6:r0:3) Connection established
(vm6:r0:2) Connection established
(vm6:r0:0) Connection established
(vm6:m0) Got connection from reducer vm1:r0
(vm6:m0:0) thread started, have to send 1508246402 bytes
(vm6:r0:1) Connection finished, received 1508246403 bytes
(vm6:r0:4) Connection finished, received 1508246403 bytes
(vm6:m0) Got connection from reducer vm20:r0
(vm6:m0:19) thread started, have to send 1508246402 bytes
(vm6:m0) Got connection from reducer vm17:r0
(vm6:m0:16) thread started, have to send 1508246402 bytes
(vm6:m0) Got connection from reducer vm7:r0
(vm6:m0:6) thread started, have to send 1508246402 bytes
(vm6:m0) Got connection from reducer vm23:r0
(vm6:m0:22) thread started, have to send 1508246402 bytes
(vm6:r0:3) Connection finished, received 1508246403 bytes
(vm6:m0) Got connection from reducer vm22:r0
(vm6:m0:21) thread started, have to send 1508246402 bytes
(vm6:m0) Got connection from reducer vm8:r0
(vm6:m0) Got connection from reducer vm15:r0
(vm6:m0:14) thread started, have to send 1508246402 bytes
(vm6:m0:7) thread started, have to send 1508246402 bytes
(vm6:r0:0) Connection finished, received 1508246403 bytes
(vm6:r0) thread 0 joined, 26 connections remaining
(vm6:r0) Starting new connection thread
(vm6:r0) Maximum number of connections reached (5), waiting for a thread to finish
(vm6:r0:0) Connection established
(vm6:m0) Got connection from reducer vm6:r0
(vm6:m0:5) thread started, have to send 1508246402 bytes
(vm6:m0) Got connection from reducer vm14:r0
(vm6:m0) Got connection from reducer vm26:r0
(vm6:m0:13) thread started, have to send 1508246402 bytes
(vm6:m0:25) thread started, have to send 1508246402 bytes
(vm6:m0) Got connection from reducer vm9:r0
(vm6:m0:8) thread started, have to send 1508246402 bytes
(vm6:m0) Got connection from reducer vm12:r0
(vm6:m0:11) thread started, have to send 1508246402 bytes
(vm6:m0) Got connection from reducer vm19:r0
(vm6:m0) Got connection from reducer vm18:r0
(vm6:m0) Got connection from reducer vm25:r0
(vm6:m0:18) thread started, have to send 1508246402 bytes
(vm6:m0:17) thread started, have to send 1508246402 bytes
(vm6:m0:24) thread started, have to send 1508246402 bytes
(vm6:m0) Got connection from reducer vm13:r0
(vm6:m0:12) thread started, have to send 1508246402 bytes
(vm6:m0) Got connection from reducer vm27:r0
(vm6:m0) Got connection from reducer vm11:r0
(vm6:m0:26) thread started, have to send 1508246402 bytes
(vm6:m0:10) thread started, have to send 1508246402 bytes
(vm6:r0:2) Connection finished, received 1508246403 bytes
(vm6:m0) Got connection from reducer vm16:r0
(vm6:m0:15) thread started, have to send 1508246402 bytes
(vm6:m0) Got connection from reducer vm21:r0
(vm6:m0:20) thread started, have to send 1508246402 bytes
(vm6:m0) Got connection from reducer vm10:r0
(vm6:m0:9) thread started, have to send 1508246402 bytes
(vm6:m0) Got connection from reducer vm24:r0
(vm6:m0:23) thread started, have to send 1508246402 bytes
(vm6:m0) Got connection from reducer vm2:r0
(vm6:m0:1) thread started, have to send 1508246402 bytes
(vm6:m0) Got connection from reducer vm4:r0
(vm6:m0:3) thread started, have to send 1508246402 bytes
(vm6:m0) Got connection from reducer vm5:r0
(vm6:m0:4) thread started, have to send 1508246402 bytes
(vm6:m0) Got connection from reducer vm3:r0
(vm6:m0) Waiting for a thread to finish
(vm6:m0:2) thread started, have to send 1508246402 bytes
(vm6:m0:0) all data sent, thread exiting
(vm6:m0) thread 0 joined, 26 connections remaining
(vm6:m0) Waiting for a thread to finish
(vm6:m0:19) all data sent, thread exiting
(vm6:m0:16) all data sent, thread exiting
(vm6:m0:5) all data sent, thread exiting
(vm6:r0:0) Connection finished, received 1508246403 bytes
(vm6:r0) thread 0 joined, 25 connections remaining
(vm6:r0) Starting new connection thread
(vm6:r0) Maximum number of connections reached (5), waiting for a thread to finish
(vm6:r0:0) Connection established
(vm6:m0:22) all data sent, thread exiting
(vm6:m0:14) all data sent, thread exiting
(vm6:m0:26) all data sent, thread exiting
(vm6:m0:7) all data sent, thread exiting
(vm6:m0:25) all data sent, thread exiting
(vm6:m0:11) all data sent, thread exiting
(vm6:m0:6) all data sent, thread exiting
(vm6:m0:21) all data sent, thread exiting
(vm6:m0:8) all data sent, thread exiting
(vm6:m0:12) all data sent, thread exiting
(vm6:m0:24) all data sent, thread exiting
(vm6:m0:17) all data sent, thread exiting
(vm6:m0:13) all data sent, thread exiting
(vm6:m0:18) all data sent, thread exiting
(vm6:m0:10) all data sent, thread exiting
(vm6:m0:9) all data sent, thread exiting
(vm6:m0:20) all data sent, thread exiting
(vm6:m0:15) all data sent, thread exiting
(vm6:m0:1) all data sent, thread exiting
(vm6:m0:23) all data sent, thread exiting
(vm6:m0) thread 1 joined, 25 connections remaining
(vm6:m0) Waiting for a thread to finish
(vm6:m0:2) all data sent, thread exiting
(vm6:m0) thread 2 joined, 24 connections remaining
(vm6:m0) Waiting for a thread to finish
(vm6:m0:4) all data sent, thread exiting
(vm6:m0:3) all data sent, thread exiting
(vm6:m0) thread 3 joined, 23 connections remaining
(vm6:m0) Waiting for a thread to finish
(vm6:m0) thread 4 joined, 22 connections remaining
(vm6:m0) Waiting for a thread to finish
(vm6:m0) thread 5 joined, 21 connections remaining
(vm6:m0) Waiting for a thread to finish
(vm6:m0) thread 6 joined, 20 connections remaining
(vm6:m0) Waiting for a thread to finish
(vm6:m0) thread 7 joined, 19 connections remaining
(vm6:m0) Waiting for a thread to finish
(vm6:m0) thread 8 joined, 18 connections remaining
(vm6:m0) Waiting for a thread to finish
(vm6:m0) thread 9 joined, 17 connections remaining
(vm6:m0) Waiting for a thread to finish
(vm6:m0) thread 10 joined, 16 connections remaining
(vm6:m0) Waiting for a thread to finish
(vm6:m0) thread 11 joined, 15 connections remaining
(vm6:m0) Waiting for a thread to finish
(vm6:m0) thread 12 joined, 14 connections remaining
(vm6:m0) Waiting for a thread to finish
(vm6:m0) thread 13 joined, 13 connections remaining
(vm6:m0) Waiting for a thread to finish
(vm6:m0) thread 14 joined, 12 connections remaining
(vm6:m0) Waiting for a thread to finish
(vm6:m0) thread 15 joined, 11 connections remaining
(vm6:m0) Waiting for a thread to finish
(vm6:m0) thread 16 joined, 10 connections remaining
(vm6:m0) Waiting for a thread to finish
(vm6:m0) thread 17 joined, 9 connections remaining
(vm6:m0) Waiting for a thread to finish
(vm6:m0) thread 18 joined, 8 connections remaining
(vm6:m0) Waiting for a thread to finish
(vm6:m0) thread 19 joined, 7 connections remaining
(vm6:m0) Waiting for a thread to finish
(vm6:m0) thread 20 joined, 6 connections remaining
(vm6:m0) Waiting for a thread to finish
(vm6:m0) thread 21 joined, 5 connections remaining
(vm6:m0) Waiting for a thread to finish
(vm6:m0) thread 22 joined, 4 connections remaining
(vm6:m0) Waiting for a thread to finish
(vm6:m0) thread 23 joined, 3 connections remaining
(vm6:m0) Waiting for a thread to finish
(vm6:m0) thread 24 joined, 2 connections remaining
(vm6:m0) Waiting for a thread to finish
(vm6:m0) thread 25 joined, 1 connections remaining
(vm6:m0) Waiting for a thread to finish
(vm6:m0) thread 26 joined, 0 connections remaining
(vm6:m0) all done, exiting
*RES* start node vm6:m0
*RES* vm6:m0:0,1404833544339,31744,1133,1508246403
*RES* vm6:m0:1,1404833558347,29764,1071,1508246403
*RES* vm6:m0:2,1404833559820,28567,1099,1508246403
*RES* vm6:m0:3,1404833558831,29592,1115,1508246403
*RES* vm6:m0:4,1404833559192,29223,1102,1508246403
*RES* vm6:m0:5,1404833557257,28604,449,1508246403
*RES* vm6:m0:6,1404833556817,30346,1130,1508246403
*RES* vm6:m0:7,1404833556966,29952,1103,1508246403
*RES* vm6:m0:8,1404833557379,29901,1098,1508246403
*RES* vm6:m0:9,1404833557994,29825,1092,1508246403
*RES* vm6:m0:10,1404833557776,29981,1102,1508246403
*RES* vm6:m0:11,1404833557424,29670,1083,1508246403
*RES* vm6:m0:12,1404833557642,29775,1070,1508246403
*RES* vm6:m0:13,1404833557327,30218,1119,1508246403
*RES* vm6:m0:14,1404833556966,29740,1096,1508246403
*RES* vm6:m0:15,1404833557912,30042,1113,1508246403
*RES* vm6:m0:16,1404833556650,28409,1132,1508246403
*RES* vm6:m0:17,1404833557565,29918,1081,1508246403
*RES* vm6:m0:18,1404833557562,30041,1098,1508246403
*RES* vm6:m0:19,1404833556446,26916,1111,1508246403
*RES* vm6:m0:20,1404833557942,29916,1095,1508246403
*RES* vm6:m0:21,1404833556943,30373,1117,1508246403
*RES* vm6:m0:22,1404833556882,29469,1103,1508246403
*RES* vm6:m0:23,1404833558161,29934,1081,1508246403
*RES* vm6:m0:24,1404833557565,29845,1085,1508246403
*RES* vm6:m0:25,1404833557333,29544,1079,1508246403
*RES* vm6:m0:26,1404833557768,29060,1045,1508246403
*RES* end node vm6:m0
Node vm6:m0 joined
(vm6:r0:0) Connection finished, received 1508246403 bytes
(vm6:r0) thread 0 joined, 24 connections remaining
(vm6:r0) Starting new connection thread
(vm6:r0) Maximum number of connections reached (5), waiting for a thread to finish
(vm6:r0:0) Connection established
(vm6:r0:0) Connection finished, received 1508246403 bytes
(vm6:r0) thread 0 joined, 23 connections remaining
(vm6:r0) Starting new connection thread
(vm6:r0) Maximum number of connections reached (5), waiting for a thread to finish
(vm6:r0:0) Connection established
(vm6:r0:0) Connection finished, received 1508246403 bytes
(vm6:r0) thread 0 joined, 22 connections remaining
(vm6:r0) Starting new connection thread
(vm6:r0) Maximum number of connections reached (5), waiting for a thread to finish
(vm6:r0:0) Connection established
(vm6:r0:0) Connection finished, received 1508246403 bytes
(vm6:r0) thread 0 joined, 21 connections remaining
(vm6:r0) Starting new connection thread
(vm6:r0) Maximum number of connections reached (5), waiting for a thread to finish
(vm6:r0:0) Connection established
(vm6:r0:0) Connection finished, received 1508246403 bytes
(vm6:r0) thread 0 joined, 20 connections remaining
(vm6:r0) Starting new connection thread
(vm6:r0) Maximum number of connections reached (5), waiting for a thread to finish
(vm6:r0:0) Connection established
(vm6:r0:0) Connection finished, received 1508246403 bytes
(vm6:r0) thread 0 joined, 19 connections remaining
(vm6:r0) Starting new connection thread
(vm6:r0) Maximum number of connections reached (5), waiting for a thread to finish
(vm6:r0:0) Connection established
(vm6:r0:0) Connection finished, received 1508246403 bytes
(vm6:r0) thread 0 joined, 18 connections remaining
(vm6:r0) Starting new connection thread
(vm6:r0) Maximum number of connections reached (5), waiting for a thread to finish
(vm6:r0:0) Connection established
(vm6:r0:0) Connection finished, received 1508246403 bytes
(vm6:r0) thread 0 joined, 17 connections remaining
(vm6:r0) Starting new connection thread
(vm6:r0) Maximum number of connections reached (5), waiting for a thread to finish
(vm6:r0:0) Connection established
(vm6:r0:0) Connection finished, received 1508246403 bytes
(vm6:r0) thread 0 joined, 16 connections remaining
(vm6:r0) Starting new connection thread
(vm6:r0) Maximum number of connections reached (5), waiting for a thread to finish
(vm6:r0:0) Connection established
(vm6:r0:0) Connection finished, received 1508246403 bytes
(vm6:r0) thread 0 joined, 15 connections remaining
(vm6:r0) Starting new connection thread
(vm6:r0) Maximum number of connections reached (5), waiting for a thread to finish
(vm6:r0:0) Connection established
(vm6:r0:0) Connection finished, received 1508246403 bytes
(vm6:r0) thread 0 joined, 14 connections remaining
(vm6:r0) Starting new connection thread
(vm6:r0) Maximum number of connections reached (5), waiting for a thread to finish
(vm6:r0:0) Connection established
(vm6:r0:0) Connection finished, received 1508246403 bytes
(vm6:r0) thread 0 joined, 13 connections remaining
(vm6:r0) Starting new connection thread
(vm6:r0) Maximum number of connections reached (5), waiting for a thread to finish
(vm6:r0:0) Connection established
(vm6:r0:0) Connection finished, received 1508246403 bytes
(vm6:r0) thread 0 joined, 12 connections remaining
(vm6:r0) Starting new connection thread
(vm6:r0) Maximum number of connections reached (5), waiting for a thread to finish
(vm6:r0:0) Connection established
(vm6:r0:0) Connection finished, received 1508246403 bytes
(vm6:r0) thread 0 joined, 11 connections remaining
(vm6:r0) Starting new connection thread
(vm6:r0) Maximum number of connections reached (5), waiting for a thread to finish
(vm6:r0:0) Connection established
(vm6:r0:0) Connection finished, received 1508246403 bytes
(vm6:r0) thread 0 joined, 10 connections remaining
(vm6:r0) Starting new connection thread
(vm6:r0) Maximum number of connections reached (5), waiting for a thread to finish
(vm6:r0:0) Connection established
(vm6:r0:0) Connection finished, received 1508246403 bytes
(vm6:r0) thread 0 joined, 9 connections remaining
(vm6:r0) Starting new connection thread
(vm6:r0) Maximum number of connections reached (5), waiting for a thread to finish
(vm6:r0:0) Connection established
(vm6:r0:0) Connection finished, received 1508246403 bytes
(vm6:r0) thread 0 joined, 8 connections remaining
(vm6:r0) Starting new connection thread
(vm6:r0) Maximum number of connections reached (5), waiting for a thread to finish
(vm6:r0:0) Connection established
(vm6:r0:0) Connection finished, received 1508246403 bytes
(vm6:r0) thread 0 joined, 7 connections remaining
(vm6:r0) Starting new connection thread
(vm6:r0) Maximum number of connections reached (5), waiting for a thread to finish
(vm6:r0:0) Connection established
(vm6:r0:0) Connection finished, received 1508246403 bytes
(vm6:r0) thread 0 joined, 6 connections remaining
(vm6:r0) Starting new connection thread
(vm6:r0) Maximum number of connections reached (5), waiting for a thread to finish
(vm6:r0:0) Connection established
(vm6:r0:0) Connection finished, received 1508246403 bytes
(vm6:r0) thread 0 joined, 5 connections remaining
(vm6:r0) Starting new connection thread
(vm6:r0) Maximum number of connections reached (5), waiting for a thread to finish
(vm6:r0:0) Connection established
(vm6:r0:0) Connection finished, received 1508246403 bytes
(vm6:r0) thread 0 joined, 4 connections remaining
(vm6:r0) Maximum number of connections reached (4), waiting for a thread to finish
(vm6:r0) thread 1 joined, 3 connections remaining
(vm6:r0) Maximum number of connections reached (3), waiting for a thread to finish
(vm6:r0) thread 2 joined, 2 connections remaining
(vm6:r0) Maximum number of connections reached (2), waiting for a thread to finish
(vm6:r0) thread 3 joined, 1 connections remaining
(vm6:r0) Maximum number of connections reached (1), waiting for a thread to finish
(vm6:r0) thread 4 joined, 0 connections remaining
(vm6:r0) all done, exiting
*RES* start node vm6:r0
*RES* vm6:r0:0,1404833519894,37346,1373,1508246403
*RES* vm6:r0:0,1404833557254,28619,1009,1508246403
*RES* vm6:r0:0,1404833586025,29402,1279,1508246403
*RES* vm6:r0:0,1404833615434,28016,1352,1508246403
*RES* vm6:r0:0,1404833643454,26953,1366,1508246403
*RES* vm6:r0:0,1404833670414,21947,1418,1508246403
*RES* vm6:r0:0,1404833692366,18858,1390,1508246403
*RES* vm6:r0:0,1404833711230,18764,1375,1508246403
*RES* vm6:r0:0,1404833729998,17984,1309,1508246403
*RES* vm6:r0:0,1404833747986,17454,1136,1508246403
*RES* vm6:r0:0,1404833765446,11939,1080,1508246403
*RES* vm6:r0:0,1404833777390,11957,937,1508246403
*RES* vm6:r0:0,1404833789354,8149,1042,1508246403
*RES* vm6:r0:0,1404833797510,7023,1033,1508246403
*RES* vm6:r0:0,1404833804538,8245,886,1508246403
*RES* vm6:r0:0,1404833812790,5643,938,1508246403
*RES* vm6:r0:0,1404833818442,6996,873,1508246403
*RES* vm6:r0:0,1404833825442,4204,867,1508246403
*RES* vm6:r0:0,1404833829650,3562,781,1508246403
*RES* vm6:r0:0,1404833833218,3620,839,1508246403
*RES* vm6:r0:0,1404833836842,3687,830,1508246403
*RES* vm6:r0:0,1404833840534,2137,860,1508246403
*RES* vm6:r0:0,1404833842678,1976,778,1508246403
*RES* vm6:r0:1,1404833519894,33489,1353,1508246403
*RES* vm6:r0:2,1404833519894,37879,1392,1508246403
*RES* vm6:r0:3,1404833519894,37044,1377,1508246403
*RES* vm6:r0:4,1404833519893,33864,1393,1508246403
*RES* end node vm6:r0
Node vm6:r0 joined
Worker terminating correctly
