OSMeF worker starting
Enabling core dumping
Listening for command connection
(vm15:m0) New mapper on port 23330
(vm15:m0) -> reducer data size 951134626
(vm15:m0) -> reducer data size 951134626
(vm15:m0) -> reducer data size 951134626
(vm15:m0) -> reducer data size 951134626
(vm15:m0) -> reducer data size 951134626
(vm15:m0) -> reducer data size 951134626
(vm15:m0) -> reducer data size 951134626
(vm15:m0) -> reducer data size 951134626
(vm15:m0) -> reducer data size 951134626
(vm15:m0) -> reducer data size 951134626
(vm15:m0) -> reducer data size 951134626
(vm15:m0) -> reducer data size 951134626
(vm15:m0) -> reducer data size 951134626
(vm15:m0) -> reducer data size 951134626
(vm15:m0) -> reducer data size 951134626
(vm15:m0) -> reducer data size 951134626
(vm15:m0) -> reducer data size 951134626
(vm15:m0) -> reducer data size 951134626
(vm15:m0) -> reducer data size 951134626
(vm15:m0) -> reducer data size 951134626
(vm15:m0) -> reducer data size 951134626
(vm15:m0) -> reducer data size 951134626
(vm15:m0) -> reducer data size 951134626
(vm15:m0) -> reducer data size 951134626
(vm15:m0) -> reducer data size 951134626
(vm15:m0) -> reducer data size 951134626
(vm15:m0) -> reducer data size 951134626
(vm15:m0) -> reducer data size 951134626
(vm15:m0) -> reducer data size 951134626
(vm15:m0) -> reducer data size 951134626
(vm15:m0) -> reducer data size 951134626
(vm15:m0) -> reducer data size 951134626
(vm15:m0) -> reducer data size 951134626
(vm15:m0) -> reducer data size 951134626
(vm15:m0) Mapper thread started
(vm15:m0) Allocating data for reducer vm1:r0
(vm15:m0) Allocating data for reducer vm2:r0
(vm15:m0) Allocating data for reducer vm3:r0
(vm15:m0) Allocating data for reducer vm4:r0
(vm15:m0) Allocating data for reducer vm5:r0
(vm15:m0) Allocating data for reducer vm6:r0
(vm15:m0) Allocating data for reducer vm7:r0
(vm15:m0) Allocating data for reducer vm8:r0
(vm15:m0) Allocating data for reducer vm9:r0
(vm15:m0) Allocating data for reducer vm10:r0
(vm15:m0) Allocating data for reducer vm11:r0
(vm15:m0) Allocating data for reducer vm12:r0
(vm15:m0) Allocating data for reducer vm13:r0
(vm15:m0) Allocating data for reducer vm14:r0
(vm15:m0) Allocating data for reducer vm15:r0
(vm15:m0) Allocating data for reducer vm16:r0
(vm15:m0) Allocating data for reducer vm17:r0
(vm15:m0) Allocating data for reducer vm18:r0
(vm15:m0) Allocating data for reducer vm19:r0
(vm15:m0) Allocating data for reducer vm20:r0
(vm15:m0) Allocating data for reducer vm21:r0
(vm15:m0) Allocating data for reducer vm22:r0
(vm15:m0) Allocating data for reducer vm23:r0
(vm15:m0) Allocating data for reducer vm24:r0
(vm15:m0) Allocating data for reducer vm25:r0
(vm15:m0) Allocating data for reducer vm26:r0
(vm15:m0) Allocating data for reducer vm27:r0
(vm15:m0) Allocating data for reducer vm28:r0
(vm15:m0) Allocating data for reducer vm29:r0
(vm15:m0) Allocating data for reducer vm30:r0
(vm15:m0) Allocating data for reducer vm31:r0
(vm15:m0) Allocating data for reducer vm32:r0
(vm15:m0) Allocating data for reducer vm33:r0
(vm15:m0) Allocating data for reducer vm34:r0
(vm15:m0) Binding to port 23330
(vm15:r0) New reducer
(vm15:r0) Reducer thread started
(vm15:r0) waiting for START message
(vm15:r0) got START message
(vm15:r0) Starting new connection thread
(vm15:r0) Starting new connection thread
(vm15:r0) Starting new connection thread
(vm15:r0) Starting new connection thread
(vm15:r0) Starting new connection thread
(vm15:r0) Maximum number of connections reached (5), waiting for a thread to finish
(vm15:r0:4) Connection established
(vm15:r0:2) Connection established
(vm15:r0:0) Connection established
(vm15:r0:1) Connection established
(vm15:r0:3) Connection established
(vm15:r0:3) Connection finished, received 951134627 bytes
(vm15:r0:4) Connection finished, received 951134627 bytes
(vm15:r0:1) Connection finished, received 951134627 bytes
(vm15:r0:0) Connection finished, received 951134627 bytes
(vm15:r0) thread 0 joined, 33 connections remaining
(vm15:r0) Starting new connection thread
(vm15:r0) Maximum number of connections reached (5), waiting for a thread to finish
(vm15:r0:0) Connection established
(vm15:r0:2) Connection finished, received 951134627 bytes
(vm15:r0:0) Connection finished, received 951134627 bytes
(vm15:r0) thread 0 joined, 32 connections remaining
(vm15:r0) Starting new connection thread
(vm15:r0) Maximum number of connections reached (5), waiting for a thread to finish
(vm15:r0:0) Connection established
(vm15:m0) Got connection from reducer vm18:r0
(vm15:m0:17) thread started, have to send 951134626 bytes
(vm15:m0:17) all data sent, thread exiting
(vm15:m0) Got connection from reducer vm1:r0
(vm15:m0:0) thread started, have to send 951134626 bytes
(vm15:m0:0) all data sent, thread exiting
(vm15:r0:0) Connection finished, received 951134627 bytes
(vm15:r0) thread 0 joined, 31 connections remaining
(vm15:r0) Starting new connection thread
(vm15:r0) Maximum number of connections reached (5), waiting for a thread to finish
(vm15:r0:0) Connection established
(vm15:r0:0) Connection finished, received 951134627 bytes
(vm15:r0) thread 0 joined, 30 connections remaining
(vm15:r0) Starting new connection thread
(vm15:r0) Maximum number of connections reached (5), waiting for a thread to finish
(vm15:r0:0) Connection established
(vm15:m0) Got connection from reducer vm17:r0
(vm15:m0:16) thread started, have to send 951134626 bytes
(vm15:m0) Got connection from reducer vm32:r0
(vm15:m0:31) thread started, have to send 951134626 bytes
(vm15:m0:16) all data sent, thread exiting
(vm15:m0:31) all data sent, thread exiting
(vm15:m0) Got connection from reducer vm21:r0
(vm15:m0:20) thread started, have to send 951134626 bytes
(vm15:r0:0) Connection finished, received 951134627 bytes
(vm15:r0) thread 0 joined, 29 connections remaining
(vm15:r0) Starting new connection thread
(vm15:r0) Maximum number of connections reached (5), waiting for a thread to finish
(vm15:r0:0) Connection established
(vm15:m0:20) all data sent, thread exiting
(vm15:m0) Got connection from reducer vm6:r0
(vm15:m0:5) thread started, have to send 951134626 bytes
(vm15:r0:0) Connection finished, received 951134627 bytes
(vm15:r0) thread 0 joined, 28 connections remaining
(vm15:r0) Starting new connection thread
(vm15:r0) Maximum number of connections reached (5), waiting for a thread to finish
(vm15:r0:0) Connection established
(vm15:m0) Got connection from reducer vm31:r0
(vm15:m0:30) thread started, have to send 951134626 bytes
(vm15:m0) Got connection from reducer vm28:r0
(vm15:m0:27) thread started, have to send 951134626 bytes
(vm15:m0:5) all data sent, thread exiting
(vm15:r0:0) Connection finished, received 951134627 bytes
(vm15:r0) thread 0 joined, 27 connections remaining
(vm15:r0) Starting new connection thread
(vm15:r0) Maximum number of connections reached (5), waiting for a thread to finish
(vm15:r0:0) Connection established
(vm15:m0) Got connection from reducer vm8:r0
(vm15:m0:7) thread started, have to send 951134626 bytes
(vm15:m0:30) all data sent, thread exiting
(vm15:m0:27) all data sent, thread exiting
(vm15:m0) Got connection from reducer vm24:r0
(vm15:m0:23) thread started, have to send 951134626 bytes
(vm15:r0:0) Connection finished, received 951134627 bytes
(vm15:r0) thread 0 joined, 26 connections remaining
(vm15:r0) Starting new connection thread
(vm15:r0) Maximum number of connections reached (5), waiting for a thread to finish
(vm15:r0:0) Connection established
(vm15:m0:23) all data sent, thread exiting
(vm15:m0:7) all data sent, thread exiting
(vm15:r0:0) Connection finished, received 951134627 bytes
(vm15:r0) thread 0 joined, 25 connections remaining
(vm15:r0) Starting new connection thread
(vm15:r0) Maximum number of connections reached (5), waiting for a thread to finish
(vm15:r0:0) Connection established
(vm15:m0) Got connection from reducer vm14:r0
(vm15:m0:13) thread started, have to send 951134626 bytes
(vm15:r0:0) Connection finished, received 951134627 bytes
(vm15:r0) thread 0 joined, 24 connections remaining
(vm15:r0) Starting new connection thread
(vm15:r0) Maximum number of connections reached (5), waiting for a thread to finish
(vm15:r0:0) Connection established
(vm15:m0) Got connection from reducer vm15:r0
(vm15:m0:14) thread started, have to send 951134626 bytes
(vm15:m0) Got connection from reducer vm19:r0
(vm15:m0:18) thread started, have to send 951134626 bytes
(vm15:m0:14) all data sent, thread exiting
(vm15:r0:0) Connection finished, received 951134627 bytes
(vm15:r0) thread 0 joined, 23 connections remaining
(vm15:r0) Starting new connection thread
(vm15:r0) Maximum number of connections reached (5), waiting for a thread to finish
(vm15:r0:0) Connection established
(vm15:m0) Got connection from reducer vm7:r0
(vm15:m0:6) thread started, have to send 951134626 bytes
(vm15:m0) Got connection from reducer vm9:r0
(vm15:m0:8) thread started, have to send 951134626 bytes
(vm15:m0:18) all data sent, thread exiting
(vm15:m0:13) all data sent, thread exiting
(vm15:r0:0) Connection finished, received 951134627 bytes
(vm15:r0) thread 0 joined, 22 connections remaining
(vm15:r0) Starting new connection thread
(vm15:r0) Maximum number of connections reached (5), waiting for a thread to finish
(vm15:r0:0) Connection established
(vm15:m0) Got connection from reducer vm2:r0
(vm15:m0:1) thread started, have to send 951134626 bytes
(vm15:m0:6) all data sent, thread exiting
(vm15:m0) Got connection from reducer vm5:r0
(vm15:m0:4) thread started, have to send 951134626 bytes
(vm15:m0) Got connection from reducer vm23:r0
(vm15:m0:22) thread started, have to send 951134626 bytes
(vm15:m0:8) all data sent, thread exiting
(vm15:r0:0) Connection finished, received 951134627 bytes
(vm15:r0) thread 0 joined, 21 connections remaining
(vm15:r0) Starting new connection thread
(vm15:r0) Maximum number of connections reached (5), waiting for a thread to finish
(vm15:r0:0) Connection established
(vm15:m0) Got connection from reducer vm34:r0
(vm15:m0:33) thread started, have to send 951134626 bytes
(vm15:m0) Got connection from reducer vm27:r0
(vm15:m0:26) thread started, have to send 951134626 bytes
(vm15:m0:1) all data sent, thread exiting
(vm15:m0:4) all data sent, thread exiting
(vm15:m0) Got connection from reducer vm11:r0
(vm15:m0:10) thread started, have to send 951134626 bytes
(vm15:m0:22) all data sent, thread exiting
(vm15:m0) Got connection from reducer vm20:r0
(vm15:m0:19) thread started, have to send 951134626 bytes
(vm15:r0:0) Connection finished, received 951134627 bytes
(vm15:r0) thread 0 joined, 20 connections remaining
(vm15:r0) Starting new connection thread
(vm15:r0) Maximum number of connections reached (5), waiting for a thread to finish
(vm15:r0:0) Connection established
(vm15:m0:26) all data sent, thread exiting
(vm15:m0:33) all data sent, thread exiting
(vm15:m0:19) all data sent, thread exiting
(vm15:r0:0) Connection finished, received 951134627 bytes
(vm15:r0) thread 0 joined, 19 connections remaining
(vm15:r0) Starting new connection thread
(vm15:r0) Maximum number of connections reached (5), waiting for a thread to finish
(vm15:r0:0) Connection established
(vm15:m0:10) all data sent, thread exiting
(vm15:m0) Got connection from reducer vm25:r0
(vm15:m0:24) thread started, have to send 951134626 bytes
(vm15:r0:0) Connection finished, received 951134627 bytes
(vm15:r0) thread 0 joined, 18 connections remaining
(vm15:r0) Starting new connection thread
(vm15:r0) Maximum number of connections reached (5), waiting for a thread to finish
(vm15:r0:0) Connection established
(vm15:m0:24) all data sent, thread exiting
(vm15:m0) Got connection from reducer vm4:r0
(vm15:m0:3) thread started, have to send 951134626 bytes
(vm15:m0) Got connection from reducer vm10:r0
(vm15:m0:9) thread started, have to send 951134626 bytes
(vm15:r0:0) Connection finished, received 951134627 bytes
(vm15:r0) thread 0 joined, 17 connections remaining
(vm15:r0) Starting new connection thread
(vm15:r0) Maximum number of connections reached (5), waiting for a thread to finish
(vm15:r0:0) Connection established
(vm15:m0) Got connection from reducer vm29:r0
(vm15:m0:28) thread started, have to send 951134626 bytes
(vm15:m0) Got connection from reducer vm12:r0
(vm15:m0:11) thread started, have to send 951134626 bytes
(vm15:m0:3) all data sent, thread exiting
(vm15:m0:9) all data sent, thread exiting
(vm15:r0:0) Connection finished, received 951134627 bytes
(vm15:r0) thread 0 joined, 16 connections remaining
(vm15:r0) Starting new connection thread
(vm15:r0) Maximum number of connections reached (5), waiting for a thread to finish
(vm15:r0:0) Connection established
(vm15:m0) Got connection from reducer vm16:r0
(vm15:m0:15) thread started, have to send 951134626 bytes
(vm15:m0:28) all data sent, thread exiting
(vm15:m0:11) all data sent, thread exiting
(vm15:m0) Got connection from reducer vm13:r0
(vm15:m0:12) thread started, have to send 951134626 bytes
(vm15:r0:0) Connection finished, received 951134627 bytes
(vm15:r0) thread 0 joined, 15 connections remaining
(vm15:r0) Starting new connection thread
(vm15:r0) Maximum number of connections reached (5), waiting for a thread to finish
(vm15:r0:0) Connection established
(vm15:m0:15) all data sent, thread exiting
(vm15:m0) Got connection from reducer vm22:r0
(vm15:m0:21) thread started, have to send 951134626 bytes
(vm15:m0:12) all data sent, thread exiting
(vm15:r0:0) Connection finished, received 951134627 bytes
(vm15:r0) thread 0 joined, 14 connections remaining
(vm15:r0) Starting new connection thread
(vm15:r0) Maximum number of connections reached (5), waiting for a thread to finish
(vm15:r0:0) Connection established
(vm15:m0) Got connection from reducer vm33:r0
(vm15:m0:32) thread started, have to send 951134626 bytes
(vm15:m0) Got connection from reducer vm26:r0
(vm15:m0:25) thread started, have to send 951134626 bytes
(vm15:m0) Got connection from reducer vm30:r0
(vm15:m0:29) thread started, have to send 951134626 bytes
(vm15:m0:21) all data sent, thread exiting
(vm15:m0) Got connection from reducer vm3:r0
(vm15:m0) Waiting for a thread to finish
(vm15:m0) thread 0 joined, 33 connections remaining
(vm15:m0) Waiting for a thread to finish
(vm15:m0) thread 1 joined, 32 connections remaining
(vm15:m0) Waiting for a thread to finish
(vm15:m0:2) thread started, have to send 951134626 bytes
(vm15:r0:0) Connection finished, received 951134627 bytes
(vm15:r0) thread 0 joined, 13 connections remaining
(vm15:r0) Starting new connection thread
(vm15:r0) Maximum number of connections reached (5), waiting for a thread to finish
(vm15:r0:0) Connection established
(vm15:m0:32) all data sent, thread exiting
(vm15:m0:25) all data sent, thread exiting
(vm15:m0:29) all data sent, thread exiting
(vm15:m0:2) all data sent, thread exiting
(vm15:m0) thread 2 joined, 31 connections remaining
(vm15:m0) Waiting for a thread to finish
(vm15:m0) thread 3 joined, 30 connections remaining
(vm15:m0) Waiting for a thread to finish
(vm15:m0) thread 4 joined, 29 connections remaining
(vm15:m0) Waiting for a thread to finish
(vm15:m0) thread 5 joined, 28 connections remaining
(vm15:m0) Waiting for a thread to finish
(vm15:m0) thread 6 joined, 27 connections remaining
(vm15:m0) Waiting for a thread to finish
(vm15:m0) thread 7 joined, 26 connections remaining
(vm15:m0) Waiting for a thread to finish
(vm15:m0) thread 8 joined, 25 connections remaining
(vm15:m0) Waiting for a thread to finish
(vm15:m0) thread 9 joined, 24 connections remaining
(vm15:m0) Waiting for a thread to finish
(vm15:m0) thread 10 joined, 23 connections remaining
(vm15:m0) Waiting for a thread to finish
(vm15:m0) thread 11 joined, 22 connections remaining
(vm15:m0) Waiting for a thread to finish
(vm15:m0) thread 12 joined, 21 connections remaining
(vm15:m0) Waiting for a thread to finish
(vm15:m0) thread 13 joined, 20 connections remaining
(vm15:m0) Waiting for a thread to finish
(vm15:m0) thread 14 joined, 19 connections remaining
(vm15:m0) Waiting for a thread to finish
(vm15:m0) thread 15 joined, 18 connections remaining
(vm15:m0) Waiting for a thread to finish
(vm15:m0) thread 16 joined, 17 connections remaining
(vm15:m0) Waiting for a thread to finish
(vm15:m0) thread 17 joined, 16 connections remaining
(vm15:m0) Waiting for a thread to finish
(vm15:m0) thread 18 joined, 15 connections remaining
(vm15:m0) Waiting for a thread to finish
(vm15:m0) thread 19 joined, 14 connections remaining
(vm15:m0) Waiting for a thread to finish
(vm15:m0) thread 20 joined, 13 connections remaining
(vm15:m0) Waiting for a thread to finish
(vm15:m0) thread 21 joined, 12 connections remaining
(vm15:m0) Waiting for a thread to finish
(vm15:m0) thread 22 joined, 11 connections remaining
(vm15:m0) Waiting for a thread to finish
(vm15:m0) thread 23 joined, 10 connections remaining
(vm15:m0) Waiting for a thread to finish
(vm15:m0) thread 24 joined, 9 connections remaining
(vm15:m0) Waiting for a thread to finish
(vm15:m0) thread 25 joined, 8 connections remaining
(vm15:m0) Waiting for a thread to finish
(vm15:m0) thread 26 joined, 7 connections remaining
(vm15:m0) Waiting for a thread to finish
(vm15:m0) thread 27 joined, 6 connections remaining
(vm15:m0) Waiting for a thread to finish
(vm15:m0) thread 28 joined, 5 connections remaining
(vm15:m0) Waiting for a thread to finish
(vm15:m0) thread 29 joined, 4 connections remaining
(vm15:m0) Waiting for a thread to finish
(vm15:m0) thread 30 joined, 3 connections remaining
(vm15:m0) Waiting for a thread to finish
(vm15:m0) thread 31 joined, 2 connections remaining
(vm15:m0) Waiting for a thread to finish
(vm15:m0) thread 32 joined, 1 connections remaining
(vm15:m0) Waiting for a thread to finish
(vm15:m0) thread 33 joined, 0 connections remaining
(vm15:m0) all done, exiting
*RES* start node vm15:m0
*RES* vm15:m0:0,1405700056158,4455,1352,951134627
*RES* vm15:m0:1,1405700146379,11464,1966,951134627
*RES* vm15:m0:2,1405700218089,6830,1258,951134627
*RES* vm15:m0:3,1405700185710,8850,2205,951134627
*RES* vm15:m0:4,1405700147990,12164,1831,951134627
*RES* vm15:m0:5,1405700094998,8006,1674,951134627
*RES* vm15:m0:6,1405700138813,7801,1591,951134627
*RES* vm15:m0:7,1405700106336,14076,1723,951134627
*RES* vm15:m0:8,1405700139946,11412,2009,951134627
*RES* vm15:m0:9,1405700188038,9106,1765,951134627
*RES* vm15:m0:10,1405700161164,15021,982,951134627
*RES* vm15:m0:11,1405700193042,10006,2031,951134627
*RES* vm15:m0:12,1405700203145,7654,1472,951134627
*RES* vm15:m0:13,1405700131558,9531,1309,951134627
*RES* vm15:m0:14,1405700131605,3158,521,951134627
*RES* vm15:m0:15,1405700198762,10142,1311,951134627
*RES* vm15:m0:16,1405700077038,6018,1616,951134627
*RES* vm15:m0:17,1405700042822,4081,1466,951134627
*RES* vm15:m0:18,1405700132002,8649,1232,951134627
*RES* vm15:m0:19,1405700164158,8474,1914,951134627
*RES* vm15:m0:20,1405700087162,6200,1464,951134627
*RES* vm15:m0:21,1405700209194,7590,1242,951134627
*RES* vm15:m0:22,1405700150903,11813,1655,951134627
*RES* vm15:m0:23,1405700112544,7822,2003,951134627
*RES* vm15:m0:24,1405700176316,6260,1497,951134627
*RES* vm15:m0:25,1405700214542,6648,907,951134627
*RES* vm15:m0:26,1405700154062,11842,1547,951134627
*RES* vm15:m0:27,1405700099938,8372,1266,951134627
*RES* vm15:m0:28,1405700189762,9613,1822,951134627
*RES* vm15:m0:29,1405700215682,7080,1013,951134627
*RES* vm15:m0:30,1405700097570,8934,1604,951134627
*RES* vm15:m0:31,1405700080953,5278,1189,951134627
*RES* vm15:m0:32,1405700213302,6428,926,951134627
*RES* vm15:m0:33,1405700153778,12138,1571,951134627
*RES* end node vm15:m0
Node vm15:m0 joined
(vm15:r0:0) Connection finished, received 951134627 bytes
(vm15:r0) thread 0 joined, 12 connections remaining
(vm15:r0) Starting new connection thread
(vm15:r0) Maximum number of connections reached (5), waiting for a thread to finish
(vm15:r0:0) Connection established
(vm15:r0:0) Connection finished, received 951134627 bytes
(vm15:r0) thread 0 joined, 11 connections remaining
(vm15:r0) Starting new connection thread
(vm15:r0) Maximum number of connections reached (5), waiting for a thread to finish
(vm15:r0:0) Connection established
(vm15:r0:0) Connection finished, received 951134627 bytes
(vm15:r0) thread 0 joined, 10 connections remaining
(vm15:r0) Starting new connection thread
(vm15:r0) Maximum number of connections reached (5), waiting for a thread to finish
(vm15:r0:0) Connection established
(vm15:r0:0) Connection finished, received 951134627 bytes
(vm15:r0) thread 0 joined, 9 connections remaining
(vm15:r0) Starting new connection thread
(vm15:r0) Maximum number of connections reached (5), waiting for a thread to finish
(vm15:r0:0) Connection established
(vm15:r0:0) Connection finished, received 951134627 bytes
(vm15:r0) thread 0 joined, 8 connections remaining
(vm15:r0) Starting new connection thread
(vm15:r0) Maximum number of connections reached (5), waiting for a thread to finish
(vm15:r0:0) Connection established
(vm15:r0:0) Connection finished, received 951134627 bytes
(vm15:r0) thread 0 joined, 7 connections remaining
(vm15:r0) Starting new connection thread
(vm15:r0) Maximum number of connections reached (5), waiting for a thread to finish
(vm15:r0:0) Connection established
(vm15:r0:0) Connection finished, received 951134627 bytes
(vm15:r0) thread 0 joined, 6 connections remaining
(vm15:r0) Starting new connection thread
(vm15:r0) Maximum number of connections reached (5), waiting for a thread to finish
(vm15:r0:0) Connection established
(vm15:r0:0) Connection finished, received 951134627 bytes
(vm15:r0) thread 0 joined, 5 connections remaining
(vm15:r0) Starting new connection thread
(vm15:r0) Maximum number of connections reached (5), waiting for a thread to finish
(vm15:r0:0) Connection established
(vm15:r0:0) Connection finished, received 951134627 bytes
(vm15:r0) thread 0 joined, 4 connections remaining
(vm15:r0) Maximum number of connections reached (4), waiting for a thread to finish
(vm15:r0) thread 1 joined, 3 connections remaining
(vm15:r0) Maximum number of connections reached (3), waiting for a thread to finish
(vm15:r0) thread 2 joined, 2 connections remaining
(vm15:r0) Maximum number of connections reached (2), waiting for a thread to finish
(vm15:r0) thread 3 joined, 1 connections remaining
(vm15:r0) Maximum number of connections reached (1), waiting for a thread to finish
(vm15:r0) thread 4 joined, 0 connections remaining
(vm15:r0) all done, exiting
*RES* start node vm15:r0
*RES* vm15:r0:0,1405699948370,33086,958,951134627
*RES* vm15:r0:0,1405699981462,52675,873,951134627
*RES* vm15:r0:0,1405700034142,30656,777,951134627
*RES* vm15:r0:0,1405700064802,11847,938,951134627
*RES* vm15:r0:0,1405700076654,11998,1644,951134627
*RES* vm15:r0:0,1405700088658,8440,1614,951134627
*RES* vm15:r0:0,1405700097106,8789,1401,951134627
*RES* vm15:r0:0,1405700105923,8025,1552,951134627
*RES* vm15:r0:0,1405700113962,7563,1364,951134627
*RES* vm15:r0:0,1405700121530,10066,1639,951134627
*RES* vm15:r0:0,1405700131602,3165,779,951134627
*RES* vm15:r0:0,1405700134773,8132,1872,951134627
*RES* vm15:r0:0,1405700142910,9144,1660,951134627
*RES* vm15:r0:0,1405700152066,12809,1609,951134627
*RES* vm15:r0:0,1405700164906,8402,2052,951134627
*RES* vm15:r0:0,1405700173314,7935,1759,951134627
*RES* vm15:r0:0,1405700181254,8025,1977,951134627
*RES* vm15:r0:0,1405700189295,8423,1463,951134627
*RES* vm15:r0:0,1405700197730,6961,1640,951134627
*RES* vm15:r0:0,1405700204709,6228,1437,951134627
*RES* vm15:r0:0,1405700210946,7685,1264,951134627
*RES* vm15:r0:0,1405700218653,8594,1699,951134627
*RES* vm15:r0:0,1405700227254,4799,1193,951134627
*RES* vm15:r0:0,1405700232062,8880,1468,951134627
*RES* vm15:r0:0,1405700240946,4666,1060,951134627
*RES* vm15:r0:0,1405700245618,4659,1273,951134627
*RES* vm15:r0:0,1405700250282,3187,1291,951134627
*RES* vm15:r0:0,1405700253475,2942,1096,951134627
*RES* vm15:r0:0,1405700256422,4123,1226,951134627
*RES* vm15:r0:0,1405700260551,3840,1099,951134627
*RES* vm15:r0:1,1405699948370,31244,968,951134627
*RES* vm15:r0:2,1405699948370,33558,948,951134627
*RES* vm15:r0:3,1405699948370,27066,947,951134627
*RES* vm15:r0:4,1405699948369,30459,904,951134627
*RES* end node vm15:r0
Node vm15:r0 joined
Worker terminating correctly
