OSMeF worker starting
Enabling core dumping
Listening for command connection
(vm27:m0) New mapper on port 23330
(vm27:m0) -> reducer data size 14728968
(vm27:m0) -> reducer data size 14728968
(vm27:m0) -> reducer data size 14728968
(vm27:m0) -> reducer data size 14728968
(vm27:m0) -> reducer data size 14728968
(vm27:m0) -> reducer data size 14728968
(vm27:m0) -> reducer data size 14728968
(vm27:m0) -> reducer data size 14728968
(vm27:m0) -> reducer data size 14728968
(vm27:m0) -> reducer data size 14728968
(vm27:m0) -> reducer data size 14728968
(vm27:m0) -> reducer data size 14728968
(vm27:m0) -> reducer data size 14728968
(vm27:m0) -> reducer data size 14728968
(vm27:m0) -> reducer data size 14728968
(vm27:m0) -> reducer data size 14728968
(vm27:m0) -> reducer data size 14728968
(vm27:m0) -> reducer data size 14728968
(vm27:m0) -> reducer data size 14728968
(vm27:m0) -> reducer data size 14728968
(vm27:m0) -> reducer data size 14728968
(vm27:m0) -> reducer data size 14728968
(vm27:m0) -> reducer data size 14728968
(vm27:m0) -> reducer data size 14728968
(vm27:m0) -> reducer data size 14728968
(vm27:m0) -> reducer data size 14728968
(vm27:m0) -> reducer data size 14728968
(vm27:m0) Mapper thread started
(vm27:m0) Allocating data for reducer vm1:r0
(vm27:m0) Allocating data for reducer vm2:r0
(vm27:m0) Allocating data for reducer vm3:r0
(vm27:m0) Allocating data for reducer vm4:r0
(vm27:m0) Allocating data for reducer vm5:r0
(vm27:m0) Allocating data for reducer vm6:r0
(vm27:m0) Allocating data for reducer vm7:r0
(vm27:m0) Allocating data for reducer vm8:r0
(vm27:m0) Allocating data for reducer vm9:r0
(vm27:m0) Allocating data for reducer vm10:r0
(vm27:m0) Allocating data for reducer vm11:r0
(vm27:m0) Allocating data for reducer vm12:r0
(vm27:m0) Allocating data for reducer vm13:r0
(vm27:m0) Allocating data for reducer vm14:r0
(vm27:m0) Allocating data for reducer vm15:r0
(vm27:m0) Allocating data for reducer vm16:r0
(vm27:m0) Allocating data for reducer vm17:r0
(vm27:m0) Allocating data for reducer vm18:r0
(vm27:m0) Allocating data for reducer vm19:r0
(vm27:m0) Allocating data for reducer vm20:r0
(vm27:m0) Allocating data for reducer vm21:r0
(vm27:m0) Allocating data for reducer vm22:r0
(vm27:m0) Allocating data for reducer vm23:r0
(vm27:m0) Allocating data for reducer vm24:r0
(vm27:m0) Allocating data for reducer vm25:r0
(vm27:m0) Allocating data for reducer vm26:r0
(vm27:m0) Allocating data for reducer vm27:r0
(vm27:m0) Binding to port 23330
(vm27:r0) New reducer
(vm27:r0) Reducer thread started
(vm27:r0) waiting for START message
(vm27:r0) got START message
(vm27:r0) Starting new connection thread
(vm27:r0) Starting new connection thread
(vm27:r0) Starting new connection thread
(vm27:r0) Starting new connection thread
(vm27:r0) Starting new connection thread
(vm27:r0) Maximum number of connections reached (5), waiting for a thread to finish
(vm27:r0:3) Connection established
(vm27:r0:1) Connection established
(vm27:r0:2) Connection established
(vm27:r0:0) Connection established
(vm27:r0:4) Connection established
(vm27:r0:1) Connection finished, received 14728969 bytes
(vm27:r0:0) Connection finished, received 14728969 bytes
(vm27:r0) thread 0 joined, 26 connections remaining
(vm27:r0) Starting new connection thread
(vm27:r0) Maximum number of connections reached (5), waiting for a thread to finish
(vm27:r0:0) Connection established
(vm27:r0:2) Connection finished, received 14728969 bytes
(vm27:r0:3) Connection finished, received 14728969 bytes
(vm27:r0:4) Connection finished, received 14728969 bytes
(vm27:r0:0) Connection finished, received 14728969 bytes
(vm27:r0) thread 0 joined, 25 connections remaining
(vm27:r0) Starting new connection thread
(vm27:r0) Maximum number of connections reached (5), waiting for a thread to finish
(vm27:r0:0) Connection established
(vm27:r0:0) Connection finished, received 14728969 bytes
(vm27:r0) thread 0 joined, 24 connections remaining
(vm27:r0) Starting new connection thread
(vm27:r0) Maximum number of connections reached (5), waiting for a thread to finish
(vm27:r0:0) Connection established
(vm27:r0:0) Connection finished, received 14728969 bytes
(vm27:r0) thread 0 joined, 23 connections remaining
(vm27:r0) Starting new connection thread
(vm27:r0) Maximum number of connections reached (5), waiting for a thread to finish
(vm27:r0:0) Connection established
(vm27:r0:0) Connection finished, received 14728969 bytes
(vm27:r0) thread 0 joined, 22 connections remaining
(vm27:r0) Starting new connection thread
(vm27:r0) Maximum number of connections reached (5), waiting for a thread to finish
(vm27:r0:0) Connection established
(vm27:r0:0) Connection finished, received 14728969 bytes
(vm27:r0) thread 0 joined, 21 connections remaining
(vm27:r0) Starting new connection thread
(vm27:r0) Maximum number of connections reached (5), waiting for a thread to finish
(vm27:r0:0) Connection established
(vm27:r0:0) Connection finished, received 14728969 bytes
(vm27:r0) thread 0 joined, 20 connections remaining
(vm27:r0) Starting new connection thread
(vm27:r0) Maximum number of connections reached (5), waiting for a thread to finish
(vm27:r0:0) Connection established
(vm27:r0:0) Connection finished, received 14728969 bytes
(vm27:r0) thread 0 joined, 19 connections remaining
(vm27:r0) Starting new connection thread
(vm27:r0) Maximum number of connections reached (5), waiting for a thread to finish
(vm27:r0:0) Connection established
(vm27:r0:0) Connection finished, received 14728969 bytes
(vm27:r0) thread 0 joined, 18 connections remaining
(vm27:r0) Starting new connection thread
(vm27:r0) Maximum number of connections reached (5), waiting for a thread to finish
(vm27:r0:0) Connection established
(vm27:m0) Got connection from reducer vm1:r0
(vm27:m0:0) thread started, have to send 14728968 bytes
(vm27:r0:0) Connection finished, received 14728969 bytes
(vm27:r0) thread 0 joined, 17 connections remaining
(vm27:r0) Starting new connection thread
(vm27:r0) Maximum number of connections reached (5), waiting for a thread to finish
(vm27:r0:0) Connection established
(vm27:m0:0) all data sent, thread exiting
(vm27:r0:0) Connection finished, received 14728969 bytes
(vm27:r0) thread 0 joined, 16 connections remaining
(vm27:r0) Starting new connection thread
(vm27:r0) Maximum number of connections reached (5), waiting for a thread to finish
(vm27:r0:0) Connection established
(vm27:m0) Got connection from reducer vm6:r0
(vm27:m0:5) thread started, have to send 14728968 bytes
(vm27:r0:0) Connection finished, received 14728969 bytes
(vm27:r0) thread 0 joined, 15 connections remaining
(vm27:r0) Starting new connection thread
(vm27:r0) Maximum number of connections reached (5), waiting for a thread to finish
(vm27:r0:0) Connection established
(vm27:m0:5) all data sent, thread exiting
(vm27:r0:0) Connection finished, received 14728969 bytes
(vm27:r0) thread 0 joined, 14 connections remaining
(vm27:r0) Starting new connection thread
(vm27:r0) Maximum number of connections reached (5), waiting for a thread to finish
(vm27:r0:0) Connection established
(vm27:r0:0) Connection finished, received 14728969 bytes
(vm27:r0) thread 0 joined, 13 connections remaining
(vm27:r0) Starting new connection thread
(vm27:r0) Maximum number of connections reached (5), waiting for a thread to finish
(vm27:r0:0) Connection established
(vm27:r0:0) Connection finished, received 14728969 bytes
(vm27:r0) thread 0 joined, 12 connections remaining
(vm27:r0) Starting new connection thread
(vm27:r0) Maximum number of connections reached (5), waiting for a thread to finish
(vm27:r0:0) Connection established
(vm27:r0:0) Connection finished, received 14728969 bytes
(vm27:r0) thread 0 joined, 11 connections remaining
(vm27:r0) Starting new connection thread
(vm27:r0) Maximum number of connections reached (5), waiting for a thread to finish
(vm27:r0:0) Connection established
(vm27:m0) Got connection from reducer vm18:r0
(vm27:m0:17) thread started, have to send 14728968 bytes
(vm27:r0:0) Connection finished, received 14728969 bytes
(vm27:r0) thread 0 joined, 10 connections remaining
(vm27:r0) Starting new connection thread
(vm27:r0) Maximum number of connections reached (5), waiting for a thread to finish
(vm27:m0:17) all data sent, thread exiting
(vm27:r0:0) Connection established
(vm27:r0:0) Connection finished, received 14728969 bytes
(vm27:r0) thread 0 joined, 9 connections remaining
(vm27:r0) Starting new connection thread
(vm27:r0) Maximum number of connections reached (5), waiting for a thread to finish
(vm27:r0:0) Connection established
(vm27:r0:0) Connection finished, received 14728969 bytes
(vm27:r0) thread 0 joined, 8 connections remaining
(vm27:r0) Starting new connection thread
(vm27:r0) Maximum number of connections reached (5), waiting for a thread to finish
(vm27:r0:0) Connection established
(vm27:m0) Got connection from reducer vm23:r0
(vm27:m0:22) thread started, have to send 14728968 bytes
(vm27:r0:0) Connection finished, received 14728969 bytes
(vm27:r0) thread 0 joined, 7 connections remaining
(vm27:r0) Starting new connection thread
(vm27:r0) Maximum number of connections reached (5), waiting for a thread to finish
(vm27:r0:0) Connection established
(vm27:m0) Got connection from reducer vm19:r0
(vm27:m0:18) thread started, have to send 14728968 bytes
(vm27:m0) Got connection from reducer vm7:r0
(vm27:m0:22) all data sent, thread exiting
(vm27:m0:6) thread started, have to send 14728968 bytes
(vm27:m0:18) all data sent, thread exiting
(vm27:m0) Got connection from reducer vm11:r0
(vm27:r0:0) Connection finished, received 14728969 bytes
(vm27:r0) thread 0 joined, 6 connections remaining
(vm27:r0) Starting new connection thread
(vm27:r0) Maximum number of connections reached (5), waiting for a thread to finish
(vm27:m0:10) thread started, have to send 14728968 bytes
(vm27:r0:0) Connection established
(vm27:m0:6) all data sent, thread exiting
(vm27:m0:10) all data sent, thread exiting
(vm27:m0) Got connection from reducer vm24:r0
(vm27:m0:23) thread started, have to send 14728968 bytes
(vm27:r0:0) Connection finished, received 14728969 bytes
(vm27:r0) thread 0 joined, 5 connections remaining
(vm27:r0) Starting new connection thread
(vm27:r0) Maximum number of connections reached (5), waiting for a thread to finish
(vm27:r0:0) Connection established
(vm27:m0) Got connection from reducer vm27:r0
(vm27:m0:26) thread started, have to send 14728968 bytes
(vm27:m0:23) all data sent, thread exiting
(vm27:m0:26) all data sent, thread exiting
(vm27:r0:0) Connection finished, received 14728969 bytes
(vm27:r0) thread 0 joined, 4 connections remaining
(vm27:r0) Maximum number of connections reached (4), waiting for a thread to finish
(vm27:r0) thread 1 joined, 3 connections remaining
(vm27:r0) Maximum number of connections reached (3), waiting for a thread to finish
(vm27:r0) thread 2 joined, 2 connections remaining
(vm27:r0) Maximum number of connections reached (2), waiting for a thread to finish
(vm27:r0) thread 3 joined, 1 connections remaining
(vm27:r0) Maximum number of connections reached (1), waiting for a thread to finish
(vm27:r0) thread 4 joined, 0 connections remaining
(vm27:r0) all done, exiting
(vm27:m0) Got connection from reducer vm8:r0
(vm27:m0:7) thread started, have to send 14728968 bytes
(vm27:m0) Got connection from reducer vm26:r0
(vm27:m0:25) thread started, have to send 14728968 bytes
(vm27:m0) Got connection from reducer vm2:r0
(vm27:m0:1) thread started, have to send 14728968 bytes
(vm27:m0) Got connection from reducer vm17:r0
(vm27:m0:16) thread started, have to send 14728968 bytes
(vm27:m0:7) all data sent, thread exiting
(vm27:m0) Got connection from reducer vm3:r0
(vm27:m0) Got connection from reducer vm5:r0
(vm27:m0:2) thread started, have to send 14728968 bytes
(vm27:m0:25) all data sent, thread exiting
(vm27:m0:4) thread started, have to send 14728968 bytes
(vm27:m0:1) all data sent, thread exiting
(vm27:m0) Got connection from reducer vm21:r0
(vm27:m0) Got connection from reducer vm13:r0
(vm27:m0:12) thread started, have to send 14728968 bytes
(vm27:m0:20) thread started, have to send 14728968 bytes
(vm27:m0:16) all data sent, thread exiting
(vm27:m0:2) all data sent, thread exiting
(vm27:m0) Got connection from reducer vm9:r0
(vm27:m0:8) thread started, have to send 14728968 bytes
(vm27:m0) Got connection from reducer vm4:r0
(vm27:m0:3) thread started, have to send 14728968 bytes
(vm27:m0:4) all data sent, thread exiting
(vm27:m0) Got connection from reducer vm12:r0
(vm27:m0:12) all data sent, thread exiting
(vm27:m0:20) all data sent, thread exiting
(vm27:m0:11) thread started, have to send 14728968 bytes
(vm27:m0:8) all data sent, thread exiting
(vm27:m0:3) all data sent, thread exiting
(vm27:m0) Got connection from reducer vm10:r0
(vm27:m0:9) thread started, have to send 14728968 bytes
(vm27:m0:11) all data sent, thread exiting
(vm27:m0:9) all data sent, thread exiting
(vm27:m0) Got connection from reducer vm14:r0
(vm27:m0:13) thread started, have to send 14728968 bytes
(vm27:m0:13) all data sent, thread exiting
(vm27:m0) Got connection from reducer vm15:r0
(vm27:m0:14) thread started, have to send 14728968 bytes
(vm27:m0:14) all data sent, thread exiting
(vm27:m0) Got connection from reducer vm16:r0
(vm27:m0:15) thread started, have to send 14728968 bytes
(vm27:m0:15) all data sent, thread exiting
(vm27:m0) Got connection from reducer vm22:r0
(vm27:m0:21) thread started, have to send 14728968 bytes
(vm27:m0:21) all data sent, thread exiting
(vm27:m0) Got connection from reducer vm25:r0
(vm27:m0:24) thread started, have to send 14728968 bytes
(vm27:m0:24) all data sent, thread exiting
(vm27:m0) Got connection from reducer vm20:r0
(vm27:m0) Waiting for a thread to finish
(vm27:m0) thread 0 joined, 26 connections remaining
(vm27:m0) Waiting for a thread to finish
(vm27:m0) thread 1 joined, 25 connections remaining
(vm27:m0) Waiting for a thread to finish
(vm27:m0) thread 2 joined, 24 connections remaining
(vm27:m0) Waiting for a thread to finish
(vm27:m0) thread 3 joined, 23 connections remaining
(vm27:m0) Waiting for a thread to finish
(vm27:m0) thread 4 joined, 22 connections remaining
(vm27:m0) Waiting for a thread to finish
(vm27:m0) thread 5 joined, 21 connections remaining
(vm27:m0) Waiting for a thread to finish
(vm27:m0) thread 6 joined, 20 connections remaining
(vm27:m0) Waiting for a thread to finish
(vm27:m0) thread 7 joined, 19 connections remaining
(vm27:m0) Waiting for a thread to finish
(vm27:m0) thread 8 joined, 18 connections remaining
(vm27:m0) Waiting for a thread to finish
(vm27:m0) thread 9 joined, 17 connections remaining
(vm27:m0) Waiting for a thread to finish
(vm27:m0) thread 10 joined, 16 connections remaining
(vm27:m0) Waiting for a thread to finish
(vm27:m0) thread 11 joined, 15 connections remaining
(vm27:m0) Waiting for a thread to finish
(vm27:m0) thread 12 joined, 14 connections remaining
(vm27:m0) Waiting for a thread to finish
(vm27:m0) thread 13 joined, 13 connections remaining
(vm27:m0) Waiting for a thread to finish
(vm27:m0) thread 14 joined, 12 connections remaining
(vm27:m0) Waiting for a thread to finish
(vm27:m0) thread 15 joined, 11 connections remaining
(vm27:m0) Waiting for a thread to finish
(vm27:m0) thread 16 joined, 10 connections remaining
(vm27:m0) Waiting for a thread to finish
(vm27:m0) thread 17 joined, 9 connections remaining
(vm27:m0) Waiting for a thread to finish
(vm27:m0) thread 18 joined, 8 connections remaining
(vm27:m0) Waiting for a thread to finish
(vm27:m0:19) thread started, have to send 14728968 bytes
(vm27:m0:19) all data sent, thread exiting
(vm27:m0) thread 19 joined, 7 connections remaining
(vm27:m0) Waiting for a thread to finish
(vm27:m0) thread 20 joined, 6 connections remaining
(vm27:m0) Waiting for a thread to finish
(vm27:m0) thread 21 joined, 5 connections remaining
(vm27:m0) Waiting for a thread to finish
(vm27:m0) thread 22 joined, 4 connections remaining
(vm27:m0) Waiting for a thread to finish
(vm27:m0) thread 23 joined, 3 connections remaining
(vm27:m0) Waiting for a thread to finish
(vm27:m0) thread 24 joined, 2 connections remaining
(vm27:m0) Waiting for a thread to finish
(vm27:m0) thread 25 joined, 1 connections remaining
(vm27:m0) Waiting for a thread to finish
(vm27:m0) thread 26 joined, 0 connections remaining
(vm27:m0) all done, exiting
*RES* start node vm27:m0
*RES* vm27:m0:0,1404122121293,42,13,14728969
*RES* vm27:m0:1,1404122122581,68,16,14728969
*RES* vm27:m0:2,1404122122615,49,13,14728969
*RES* vm27:m0:3,1404122122683,47,13,14728969
*RES* vm27:m0:4,1404122122616,67,14,14728969
*RES* vm27:m0:5,1404122121520,39,14,14728969
*RES* vm27:m0:6,1404122122315,107,13,14728969
*RES* vm27:m0:7,1404122122536,67,15,14728969
*RES* vm27:m0:8,1404122122674,49,12,14728969
*RES* vm27:m0:9,1404122122736,32,9,14728969
*RES* vm27:m0:10,1404122122414,48,12,14728969
*RES* vm27:m0:11,1404122122717,34,10,14728969
*RES* vm27:m0:12,1404122122656,60,12,14728969
*RES* vm27:m0:13,1404122122775,24,9,14728969
*RES* vm27:m0:14,1404122122801,20,9,14728969
*RES* vm27:m0:15,1404122122874,22,12,14728969
*RES* vm27:m0:16,1404122122592,66,15,14728969
*RES* vm27:m0:17,1404122121933,90,10,14728969
*RES* vm27:m0:18,1404122122260,65,13,14728969
*RES* vm27:m0:19,1404122123009,29,7,14728969
*RES* vm27:m0:20,1404122122657,57,11,14728969
*RES* vm27:m0:21,1404122122903,22,9,14728969
*RES* vm27:m0:22,1404122122228,86,13,14728969
*RES* vm27:m0:23,1404122122475,35,8,14728969
*RES* vm27:m0:24,1404122122942,28,8,14728969
*RES* vm27:m0:25,1404122122542,72,18,14728969
*RES* vm27:m0:26,1404122122495,17,3,14728969
*RES* end node vm27:m0
Node vm27:m0 joined
*RES* start node vm27:r0
*RES* vm27:r0:0,1404122119434,401,16,14728969
*RES* vm27:r0:0,1404122119841,414,19,14728969
*RES* vm27:r0:0,1404122120261,313,15,14728969
*RES* vm27:r0:0,1404122120581,224,15,14728969
*RES* vm27:r0:0,1404122120809,83,15,14728969
*RES* vm27:r0:0,1404122120897,52,16,14728969
*RES* vm27:r0:0,1404122120953,61,17,14728969
*RES* vm27:r0:0,1404122121021,81,16,14728969
*RES* vm27:r0:0,1404122121109,116,18,14728969
*RES* vm27:r0:0,1404122121233,65,18,14728969
*RES* vm27:r0:0,1404122121304,103,11,14728969
*RES* vm27:r0:0,1404122121413,120,15,14728969
*RES* vm27:r0:0,1404122121538,77,15,14728969
*RES* vm27:r0:0,1404122121621,59,16,14728969
*RES* vm27:r0:0,1404122121685,82,13,14728969
*RES* vm27:r0:0,1404122121773,105,15,14728969
*RES* vm27:r0:0,1404122121885,132,13,14728969
*RES* vm27:r0:0,1404122122023,72,13,14728969
*RES* vm27:r0:0,1404122122101,57,15,14728969
*RES* vm27:r0:0,1404122122163,80,14,14728969
*RES* vm27:r0:0,1404122122247,165,13,14728969
*RES* vm27:r0:0,1404122122418,70,12,14728969
*RES* vm27:r0:0,1404122122492,20,4,14728969
*RES* vm27:r0:1,1404122119434,328,15,14728969
*RES* vm27:r0:2,1404122119434,481,16,14728969
*RES* vm27:r0:3,1404122119433,504,16,14728969
*RES* vm27:r0:4,1404122119433,532,17,14728969
*RES* end node vm27:r0
Node vm27:r0 joined
Worker terminating correctly
