OSMeF worker starting
Enabling core dumping
Listening for command connection
CONF: mapper on port 23330
CONF: -> will serve 41 reducers
(main) new thread ID: vm17:m0
(vm17:m0) Mapper thread started
(vm17:m0) Binding to port 23330
(vm17:m0) Got START signal
(vm17:m0) new thread ID: vm17:m0:th0
(vm17:m0:th0) waiting for something to do...
CONF: reducer
(main) new thread ID: vm17:r0
(vm17:r0) Reducer thread started
(vm17:r0) waiting for START message
(main) Waiting for thread vm17:m0 to join...
(vm17:r0) got START message
(vm17:r0) new thread ID: th0
(vm17:r0) new thread ID: th1
(vm17:r0) new thread ID: th2
(vm17:r0) new thread ID: th3
(vm17:r0) new thread ID: th4
(vm17:r0:th3:0) Connection established with mapper vm4:m0
(vm17:r0:th4:0) Connection established with mapper vm5:m0
(vm17:r0:th1:0) Connection established with mapper vm2:m0
(vm17:r0:th0:0) Connection established with mapper vm1:m0
(vm17:r0:th2:0) Connection established with mapper vm3:m0
(vm17:m0) Got connection from reducer vm28:r0
(vm17:m0) new thread ID: vm17:m0:th1
(vm17:m0:th0) connection started, have to send 654081872 bytes to vm28:r0
(vm17:m0:th1) waiting for something to do...
(vm17:m0:th0) all data sent, closing connection to vm28:r0
(vm17:m0:th0) waiting for something to do...
(vm17:r0:th4:0) Connection to vm5:m0 finished, received 654081873 bytes
(vm17:r0:th4:1) Connection established with mapper vm10:m0
(vm17:r0:th0:0) Connection to vm1:m0 finished, received 654081873 bytes
(vm17:r0:th0:1) Connection established with mapper vm6:m0
(vm17:r0:th2:0) Connection to vm3:m0 finished, received 654081873 bytes
(vm17:r0:th2:1) Connection established with mapper vm8:m0
(vm17:r0:th3:0) Connection to vm4:m0 finished, received 654081873 bytes
(vm17:r0:th3:1) Connection established with mapper vm9:m0
(vm17:r0:th3:1) Connection to vm9:m0 finished, received 654081874 bytes
(vm17:r0:th3:2) Connection established with mapper vm14:m0
(vm17:r0:th3:2) Connection to vm14:m0 finished, received 654081875 bytes
(vm17:r0:th3:3) Connection established with mapper vm19:m0
(vm17:m0) Got connection from reducer vm15:r0
(vm17:m0:th1) connection started, have to send 654081872 bytes to vm15:r0
(vm17:r0:th1:0) Connection to vm2:m0 finished, received 654081873 bytes
(vm17:r0:th1:1) Connection established with mapper vm7:m0
(vm17:m0) Got connection from reducer vm10:r0
(vm17:m0) new thread ID: vm17:m0:th2
(vm17:m0:th0) connection started, have to send 654081872 bytes to vm10:r0
(vm17:m0:th0) all data sent, closing connection to vm10:r0
(vm17:m0:th0) waiting for something to do...
(vm17:m0:th2) waiting for something to do...
(vm17:m0) Got connection from reducer vm20:r0
(vm17:m0:th2) connection started, have to send 654081872 bytes to vm20:r0
(vm17:m0) Got connection from reducer vm9:r0
(vm17:m0) new thread ID: vm17:m0:th3
(vm17:m0:th0) connection started, have to send 654081872 bytes to vm9:r0
(vm17:m0:th0) all data sent, closing connection to vm9:r0
(vm17:m0:th0) waiting for something to do...
(vm17:m0:th3) waiting for something to do...
(vm17:m0) Got connection from reducer vm35:r0
(vm17:m0:th3) connection started, have to send 654081872 bytes to vm35:r0
(vm17:m0) Got connection from reducer vm39:r0
(vm17:m0) new thread ID: vm17:m0:th4
(vm17:m0:th0) connection started, have to send 654081872 bytes to vm39:r0
(vm17:m0:th0) all data sent, closing connection to vm39:r0
(vm17:m0:th0) waiting for something to do...
(vm17:m0:th4) waiting for something to do...
(vm17:m0) Got connection from reducer vm33:r0
(vm17:m0:th4) connection started, have to send 654081872 bytes to vm33:r0
(vm17:m0) Got connection from reducer vm30:r0
(vm17:m0) new thread ID: vm17:m0:th5
(vm17:m0:th0) connection started, have to send 654081872 bytes to vm30:r0
(vm17:m0:th0) all data sent, closing connection to vm30:r0
(vm17:m0:th0) waiting for something to do...
(vm17:m0:th5) waiting for something to do...
(vm17:m0) Got connection from reducer vm3:r0
(vm17:m0:th5) connection started, have to send 654081872 bytes to vm3:r0
(vm17:m0) Got connection from reducer vm7:r0
(vm17:m0) new thread ID: vm17:m0:th6
(vm17:m0:th0) connection started, have to send 654081872 bytes to vm7:r0
(vm17:m0:th0) all data sent, closing connection to vm7:r0
(vm17:m0:th0) waiting for something to do...
(vm17:m0:th6) waiting for something to do...
(vm17:r0:th3:3) Connection to vm19:m0 finished, received 1308163748 bytes
(vm17:r0:th3:4) Connection established with mapper vm24:m0
(vm17:r0:th3:4) Connection to vm24:m0 finished, received 1308163749 bytes
(vm17:r0:th3:5) Connection established with mapper vm29:m0
(vm17:r0:th3:5) Connection to vm29:m0 finished, received 1308163750 bytes
(vm17:r0:th3:6) Connection established with mapper vm34:m0
(vm17:r0:th3:6) Connection to vm34:m0 finished, received 1308163751 bytes
(vm17:m0:th3) all data sent, closing connection to vm35:r0
(vm17:m0:th3) waiting for something to do...
(vm17:r0:th3:7) Connection established with mapper vm39:m0
(vm17:m0) Got connection from reducer vm31:r0
(vm17:m0:th6) connection started, have to send 654081872 bytes to vm31:r0
(vm17:m0:th4) all data sent, closing connection to vm33:r0
(vm17:m0:th4) waiting for something to do...
(vm17:m0) Got connection from reducer vm38:r0
(vm17:m0:th0) connection started, have to send 654081872 bytes to vm38:r0
(vm17:m0:th0) all data sent, closing connection to vm38:r0
(vm17:m0:th0) waiting for something to do...
(vm17:m0:th5) all data sent, closing connection to vm3:r0
(vm17:m0:th5) waiting for something to do...
(vm17:m0:th2) all data sent, closing connection to vm20:r0
(vm17:m0:th2) waiting for something to do...
(vm17:m0) Got connection from reducer vm22:r0
(vm17:m0:th3) connection started, have to send 654081872 bytes to vm22:r0
(vm17:m0) Got connection from reducer vm41:r0
(vm17:m0:th0) connection started, have to send 654081872 bytes to vm41:r0
(vm17:m0:th0) all data sent, closing connection to vm41:r0
(vm17:m0:th0) waiting for something to do...
(vm17:m0:th3) all data sent, closing connection to vm22:r0
(vm17:m0:th3) waiting for something to do...
(vm17:m0:th1) all data sent, closing connection to vm15:r0
(vm17:m0:th1) waiting for something to do...
(vm17:m0) Got connection from reducer vm36:r0
(vm17:m0:th2) connection started, have to send 654081872 bytes to vm36:r0
(vm17:m0:th2) all data sent, closing connection to vm36:r0
(vm17:m0:th2) waiting for something to do...
(vm17:m0) Got connection from reducer vm32:r0
(vm17:m0:th0) connection started, have to send 654081872 bytes to vm32:r0
(vm17:m0:th0) all data sent, closing connection to vm32:r0
(vm17:m0:th0) waiting for something to do...
(vm17:m0) Got connection from reducer vm4:r0
(vm17:m0:th1) connection started, have to send 654081872 bytes to vm4:r0
(vm17:m0:th1) all data sent, closing connection to vm4:r0
(vm17:m0:th1) waiting for something to do...
(vm17:m0:th6) all data sent, closing connection to vm31:r0
(vm17:m0:th6) waiting for something to do...
(vm17:m0) Got connection from reducer vm19:r0
(vm17:m0:th0) connection started, have to send 654081872 bytes to vm19:r0
(vm17:m0:th0) all data sent, closing connection to vm19:r0
(vm17:m0:th0) waiting for something to do...
(vm17:m0) Got connection from reducer vm23:r0
(vm17:m0:th1) connection started, have to send 654081872 bytes to vm23:r0
(vm17:m0:th1) all data sent, closing connection to vm23:r0
(vm17:m0:th1) waiting for something to do...
(vm17:r0:th4:1) Connection to vm10:m0 finished, received 1308163746 bytes
(vm17:r0:th4:2) Connection established with mapper vm15:m0
(vm17:r0:th4:2) Connection to vm15:m0 finished, received 1308163747 bytes
(vm17:r0:th4:3) Connection established with mapper vm20:m0
(vm17:r0:th4:3) Connection to vm20:m0 finished, received 1308163748 bytes
(vm17:r0:th4:4) Connection established with mapper vm25:m0
(vm17:r0:th4:4) Connection to vm25:m0 finished, received 1308163749 bytes
(vm17:r0:th4:5) Connection established with mapper vm30:m0
(vm17:r0:th4:5) Connection to vm30:m0 finished, received 1308163750 bytes
(vm17:r0:th4:6) Connection established with mapper vm35:m0
(vm17:r0:th4:6) Connection to vm35:m0 finished, received 1308163751 bytes
(vm17:r0:th4:7) Connection established with mapper vm40:m0
(vm17:r0:th4:7) Connection to vm40:m0 finished, received 1308163752 bytes
(vm17:r0:th4) Got data from all mappers, this reducer connection has finished.
(vm17:r0:th2:1) Connection to vm8:m0 finished, received 1308163746 bytes
(vm17:r0:th2:2) Connection established with mapper vm13:m0
(vm17:r0:th2:2) Connection to vm13:m0 finished, received 1308163747 bytes
(vm17:r0:th2:3) Connection established with mapper vm18:m0
(vm17:r0:th2:3) Connection to vm18:m0 finished, received 1308163748 bytes
(vm17:r0:th2:4) Connection established with mapper vm23:m0
(vm17:r0:th2:4) Connection to vm23:m0 finished, received 1308163749 bytes
(vm17:r0:th2:5) Connection established with mapper vm28:m0
(vm17:r0:th2:5) Connection to vm28:m0 finished, received 1308163750 bytes
(vm17:r0:th2:6) Connection established with mapper vm33:m0
(vm17:r0:th2:6) Connection to vm33:m0 finished, received 1308163751 bytes
(vm17:r0:th2:7) Connection established with mapper vm38:m0
(vm17:r0:th2:7) Connection to vm38:m0 finished, received 1308163752 bytes
(vm17:r0:th2) Got data from all mappers, this reducer connection has finished.
(vm17:r0:th1:1) Connection to vm7:m0 finished, received 1308163746 bytes
(vm17:r0:th1:2) Connection established with mapper vm12:m0
(vm17:r0:th1:2) Connection to vm12:m0 finished, received 1308163747 bytes
(vm17:r0:th1:3) Connection established with mapper vm17:m0
(vm17:m0) Got connection from reducer vm17:r0
(vm17:m0:th0) connection started, have to send 654081872 bytes to vm17:r0
(vm17:m0:th0) all data sent, closing connection to vm17:r0
(vm17:m0:th0) waiting for something to do...
(vm17:r0:th1:3) Connection to vm17:m0 finished, received 1308163748 bytes
(vm17:r0:th1:4) Connection established with mapper vm22:m0
(vm17:r0:th1:4) Connection to vm22:m0 finished, received 1308163749 bytes
(vm17:r0:th1:5) Connection established with mapper vm27:m0
(vm17:r0:th1:5) Connection to vm27:m0 finished, received 1308163750 bytes
(vm17:r0:th1:6) Connection established with mapper vm32:m0
(vm17:r0:th1:6) Connection to vm32:m0 finished, received 1308163751 bytes
(vm17:r0:th1:7) Connection established with mapper vm37:m0
(vm17:r0:th1:7) Connection to vm37:m0 finished, received 1308163752 bytes
(vm17:r0:th1) Got data from all mappers, this reducer connection has finished.
(vm17:r0:th3:7) Connection to vm39:m0 finished, received 1962245624 bytes
(vm17:r0:th3) Got data from all mappers, this reducer connection has finished.
(vm17:m0) Got connection from reducer vm24:r0
(vm17:m0:th1) connection started, have to send 654081872 bytes to vm24:r0
(vm17:m0:th1) all data sent, closing connection to vm24:r0
(vm17:m0:th1) waiting for something to do...
(vm17:m0) Got connection from reducer vm37:r0
(vm17:m0:th0) connection started, have to send 654081872 bytes to vm37:r0
(vm17:m0:th0) all data sent, closing connection to vm37:r0
(vm17:m0:th0) waiting for something to do...
(vm17:m0) Got connection from reducer vm25:r0
(vm17:m0:th1) connection started, have to send 654081872 bytes to vm25:r0
(vm17:m0:th1) all data sent, closing connection to vm25:r0
(vm17:m0:th1) waiting for something to do...
(vm17:m0) Got connection from reducer vm2:r0
(vm17:m0:th0) connection started, have to send 654081872 bytes to vm2:r0
(vm17:m0:th0) all data sent, closing connection to vm2:r0
(vm17:m0:th0) waiting for something to do...
(vm17:m0) Got connection from reducer vm21:r0
(vm17:m0:th1) connection started, have to send 654081872 bytes to vm21:r0
(vm17:m0:th1) all data sent, closing connection to vm21:r0
(vm17:m0:th1) waiting for something to do...
(vm17:m0) Got connection from reducer vm40:r0
(vm17:m0:th0) connection started, have to send 654081872 bytes to vm40:r0
(vm17:m0:th0) all data sent, closing connection to vm40:r0
(vm17:m0:th0) waiting for something to do...
(vm17:m0) Got connection from reducer vm11:r0
(vm17:m0:th1) connection started, have to send 654081872 bytes to vm11:r0
(vm17:m0:th1) all data sent, closing connection to vm11:r0
(vm17:m0:th1) waiting for something to do...
(vm17:m0) Got connection from reducer vm29:r0
(vm17:m0:th0) connection started, have to send 654081872 bytes to vm29:r0
(vm17:m0:th0) all data sent, closing connection to vm29:r0
(vm17:m0:th0) waiting for something to do...
(vm17:m0) Got connection from reducer vm27:r0
(vm17:m0:th1) connection started, have to send 654081872 bytes to vm27:r0
(vm17:m0:th1) all data sent, closing connection to vm27:r0
(vm17:m0:th1) waiting for something to do...
(vm17:m0) Got connection from reducer vm16:r0
(vm17:m0:th0) connection started, have to send 654081872 bytes to vm16:r0
(vm17:m0:th0) all data sent, closing connection to vm16:r0
(vm17:m0:th0) waiting for something to do...
(vm17:m0) Got connection from reducer vm26:r0
(vm17:m0:th1) connection started, have to send 654081872 bytes to vm26:r0
(vm17:m0:th1) all data sent, closing connection to vm26:r0
(vm17:m0:th1) waiting for something to do...
(vm17:m0) Got connection from reducer vm18:r0
(vm17:m0:th0) connection started, have to send 654081872 bytes to vm18:r0
(vm17:m0:th0) all data sent, closing connection to vm18:r0
(vm17:m0:th0) waiting for something to do...
(vm17:m0) Got connection from reducer vm34:r0
(vm17:m0:th1) connection started, have to send 654081872 bytes to vm34:r0
(vm17:m0:th1) all data sent, closing connection to vm34:r0
(vm17:m0:th1) waiting for something to do...
(vm17:m0) Got connection from reducer vm1:r0
(vm17:m0:th0) connection started, have to send 654081872 bytes to vm1:r0
(vm17:m0:th0) all data sent, closing connection to vm1:r0
(vm17:m0:th0) waiting for something to do...
(vm17:m0) Got connection from reducer vm14:r0
(vm17:m0:th1) connection started, have to send 654081872 bytes to vm14:r0
(vm17:m0:th1) all data sent, closing connection to vm14:r0
(vm17:m0:th1) waiting for something to do...
(vm17:m0) Got connection from reducer vm5:r0
(vm17:m0:th0) connection started, have to send 654081872 bytes to vm5:r0
(vm17:m0:th0) all data sent, closing connection to vm5:r0
(vm17:m0:th0) waiting for something to do...
(vm17:m0) Got connection from reducer vm12:r0
(vm17:m0:th1) connection started, have to send 654081872 bytes to vm12:r0
(vm17:m0:th1) all data sent, closing connection to vm12:r0
(vm17:m0:th1) waiting for something to do...
(vm17:m0) Got connection from reducer vm13:r0
(vm17:m0:th0) connection started, have to send 654081872 bytes to vm13:r0
(vm17:m0:th0) all data sent, closing connection to vm13:r0
(vm17:m0:th0) waiting for something to do...
(vm17:m0) Got connection from reducer vm8:r0
(vm17:m0:th1) connection started, have to send 654081872 bytes to vm8:r0
(vm17:m0:th1) all data sent, closing connection to vm8:r0
(vm17:m0:th1) waiting for something to do...
(vm17:m0) Got connection from reducer vm6:r0
(vm17:m0) All reducers connected, waiting for threads to terminate
(vm17:m0) waiting on semaphore
(vm17:m0) -> 1 threads still running
(vm17:m0) waiting on semaphore
(vm17:m0) -> 1 threads still running
(vm17:m0) waiting on semaphore
(vm17:m0) -> 1 threads still running
(vm17:m0) waiting on semaphore
(vm17:m0) -> 1 threads still running
(vm17:m0) waiting on semaphore
(vm17:m0) -> 1 threads still running
(vm17:m0) waiting on semaphore
(vm17:m0) -> 1 threads still running
(vm17:m0) waiting on semaphore
(vm17:m0) -> 1 threads still running
(vm17:m0) waiting on semaphore
(vm17:m0) -> 1 threads still running
(vm17:m0) waiting on semaphore
(vm17:m0) -> 1 threads still running
(vm17:m0) waiting on semaphore
(vm17:m0) -> 1 threads still running
(vm17:m0) waiting on semaphore
(vm17:m0) -> 1 threads still running
(vm17:m0) waiting on semaphore
(vm17:m0) -> 1 threads still running
(vm17:m0) waiting on semaphore
(vm17:m0) -> 1 threads still running
(vm17:m0) waiting on semaphore
(vm17:m0) -> 1 threads still running
(vm17:m0) waiting on semaphore
(vm17:m0) -> 1 threads still running
(vm17:m0) waiting on semaphore
(vm17:m0) -> 1 threads still running
(vm17:m0) waiting on semaphore
(vm17:m0) -> 1 threads still running
(vm17:m0) waiting on semaphore
(vm17:m0) -> 1 threads still running
(vm17:m0) waiting on semaphore
(vm17:m0) -> 1 threads still running
(vm17:m0) waiting on semaphore
(vm17:m0) -> 1 threads still running
(vm17:m0) waiting on semaphore
(vm17:m0) -> 1 threads still running
(vm17:m0) waiting on semaphore
(vm17:m0) -> 1 threads still running
(vm17:m0) waiting on semaphore
(vm17:m0) -> 1 threads still running
(vm17:m0) waiting on semaphore
(vm17:m0) -> 1 threads still running
(vm17:m0) waiting on semaphore
(vm17:m0) -> 1 threads still running
(vm17:m0) waiting on semaphore
(vm17:m0) -> 1 threads still running
(vm17:m0) waiting on semaphore
(vm17:m0) -> 1 threads still running
(vm17:m0) waiting on semaphore
(vm17:m0) -> 1 threads still running
(vm17:m0) waiting on semaphore
(vm17:m0) -> 1 threads still running
(vm17:m0) waiting on semaphore
(vm17:m0) -> 1 threads still running
(vm17:m0) waiting on semaphore
(vm17:m0) -> 1 threads still running
(vm17:m0) waiting on semaphore
(vm17:m0) -> 1 threads still running
(vm17:m0) waiting on semaphore
(vm17:m0) -> 1 threads still running
(vm17:m0) waiting on semaphore
(vm17:m0) -> 1 threads still running
(vm17:m0) waiting on semaphore
(vm17:m0) -> 1 threads still running
(vm17:m0) waiting on semaphore
(vm17:m0) -> 1 threads still running
(vm17:m0) waiting on semaphore
(vm17:m0) -> 1 threads still running
(vm17:m0) waiting on semaphore
(vm17:m0) -> 1 threads still running
(vm17:m0) waiting on semaphore
(vm17:m0) -> 1 threads still running
(vm17:m0) waiting on semaphore
(vm17:m0:th0) connection started, have to send 654081872 bytes to vm6:r0
(vm17:m0:th0) all data sent, closing connection to vm6:r0
(vm17:m0:th0) waiting for something to do...
(vm17:m0) Sending exit signal to all threads
(vm17:m0:th1) got exit signal
(vm17:m0:th2) got exit signal
(vm17:m0:th3) got exit signal
(vm17:m0:th4) got exit signal
(vm17:m0:th5) got exit signal
(vm17:m0:th6) got exit signal
(vm17:m0:th0) got exit signal
(vm17:m0) thread vm17:m0:th0 joined
(vm17:m0) thread vm17:m0:th1 joined
(vm17:m0) thread vm17:m0:th2 joined
(vm17:m0) thread vm17:m0:th3 joined
(vm17:m0) thread vm17:m0:th4 joined
(vm17:m0) thread vm17:m0:th5 joined
(vm17:m0) thread vm17:m0:th6 joined
(vm17:m0) all done, exiting
*RES* start node vm17:m0
*RES* vm17:m0:th0,1406620975431,1312,598,654081873
*RES* vm17:m0:th0,1406620982670,0,599,654081873
*RES* vm17:m0:th0,1406620983219,0,599,654081873
*RES* vm17:m0:th0,1406620983630,0,599,654081873
*RES* vm17:m0:th0,1406620984392,0,599,654081873
*RES* vm17:m0:th0,1406620987429,0,599,654081873
*RES* vm17:m0:th3,1406620983328,9704,960,654081873
*RES* vm17:m0:th0,1406620994556,0,599,654081873
*RES* vm17:m0:th2,1406620982918,12502,970,654081873
*RES* vm17:m0:th0,1406620995673,0,600,654081873
*RES* vm17:m0:th1,1406620982520,14345,1026,654081873
*RES* vm17:m0:th0,1406620996969,0,600,654081873
*RES* vm17:m0:th1,1406620997162,0,1026,654081873
*RES* vm17:m0:th0,1406621001649,0,600,654081873
*RES* vm17:m0:th1,1406621003178,0,1026,654081873
*RES* vm17:m0:th0,1406621004498,0,600,654081873
*RES* vm17:m0:th1,1406621006021,0,1026,654081873
*RES* vm17:m0:th0,1406621006201,0,600,654081873
*RES* vm17:m0:th1,1406621006334,0,1026,654081873
*RES* vm17:m0:th0,1406621006452,0,600,654081873
*RES* vm17:m0:th1,1406621006466,0,1027,654081873
*RES* vm17:m0:th0,1406621006704,0,601,654081873
*RES* vm17:m0:th1,1406621006766,0,1027,654081873
*RES* vm17:m0:th0,1406621007131,0,601,654081873
*RES* vm17:m0:th1,1406621007290,0,1027,654081873
*RES* vm17:m0:th0,1406621007584,0,601,654081873
*RES* vm17:m0:th1,1406621007793,0,1027,654081873
*RES* vm17:m0:th0,1406621007957,0,601,654081873
*RES* vm17:m0:th1,1406621008070,0,1027,654081873
*RES* vm17:m0:th0,1406621008209,0,601,654081873
*RES* vm17:m0:th1,1406621008450,0,1027,654081873
*RES* vm17:m0:th0,1406621008466,0,601,654081873
*RES* vm17:m0:th1,1406621008542,0,1027,654081873
*RES* vm17:m0:th0,1406621008619,0,601,654081873
*RES* vm17:m0:th0,1406621014445,0,602,654081873
*RES* vm17:m0:th1,1406621008653,0,1027,654081873
*RES* vm17:m0:th2,1406620996950,0,970,654081873
*RES* vm17:m0:th3,1406620995673,0,960,654081873
*RES* vm17:m0:th4,1406620984082,10201,902,654081873
*RES* vm17:m0:th5,1406620984866,10546,950,654081873
*RES* vm17:m0:th6,1406620993530,7106,889,654081873
*RES* end node vm17:m0
(main) Thread vm17:m0 joined
(main) Waiting for thread vm17:r0 to join...
(vm17:r0:th0:1) Connection to vm6:m0 finished, received 1308163746 bytes
(vm17:r0:th0:2) Connection established with mapper vm11:m0
(vm17:r0:th0:2) Connection to vm11:m0 finished, received 1308163747 bytes
(vm17:r0:th0:3) Connection established with mapper vm16:m0
(vm17:r0:th0:3) Connection to vm16:m0 finished, received 1308163748 bytes
(vm17:r0:th0:4) Connection established with mapper vm21:m0
(vm17:r0:th0:4) Connection to vm21:m0 finished, received 1308163749 bytes
(vm17:r0:th0:5) Connection established with mapper vm26:m0
(vm17:r0:th0:5) Connection to vm26:m0 finished, received 1308163750 bytes
(vm17:r0:th0:6) Connection established with mapper vm31:m0
(vm17:r0:th0:6) Connection to vm31:m0 finished, received 1308163751 bytes
(vm17:r0:th0:7) Connection established with mapper vm36:m0
(vm17:r0:th0:7) Connection to vm36:m0 finished, received 1308163752 bytes
(vm17:r0:th0:8) Connection established with mapper vm41:m0
(vm17:r0:th0:8) Connection to vm41:m0 finished, received 1308163753 bytes
(vm17:r0:th0) Got data from all mappers, this reducer connection has finished.
(vm17:r0) thread th0 joined, 4 connection threads remaining
(vm17:r0) thread th1 joined, 3 connection threads remaining
(vm17:r0) thread th2 joined, 2 connection threads remaining
(vm17:r0) thread th3 joined, 1 connection threads remaining
(vm17:r0) thread th4 joined, 0 connection threads remaining
(vm17:r0) all done, exiting
*RES* start node vm17:r0
*RES* vm17:r0:th0:0,1406620955437,26189,719,654081873
*RES* vm17:r0:th0:1,1406620981626,33022,1495,1308163746
*RES* vm17:r0:th0:2,1406621014648,1,1495,1308163747
*RES* vm17:r0:th0:3,1406621014649,1,1495,1308163748
*RES* vm17:r0:th0:4,1406621014650,1,1496,1308163749
*RES* vm17:r0:th0:5,1406621014651,1,1496,1308163750
*RES* vm17:r0:th0:6,1406621014652,1,1496,1308163751
*RES* vm17:r0:th0:7,1406621014653,1,1496,1308163752
*RES* vm17:r0:th0:8,1406621014654,0,1496,1308163753
*RES* vm17:r0:th1:0,1406620955436,27145,722,654081873
*RES* vm17:r0:th1:1,1406620982581,21904,1669,1308163746
*RES* vm17:r0:th1:2,1406621004485,12,1670,1308163747
*RES* vm17:r0:th1:3,1406621004497,1,1670,1308163748
*RES* vm17:r0:th1:4,1406621004498,10,1671,1308163749
*RES* vm17:r0:th1:5,1406621004508,19,1672,1308163750
*RES* vm17:r0:th1:6,1406621004527,7,1672,1308163751
*RES* vm17:r0:th1:7,1406621004534,26,1672,1308163752
*RES* vm17:r0:th2:0,1406620955436,26460,733,654081873
*RES* vm17:r0:th2:1,1406620981896,22267,1696,1308163746
*RES* vm17:r0:th2:2,1406621004163,13,1696,1308163747
*RES* vm17:r0:th2:3,1406621004177,9,1697,1308163748
*RES* vm17:r0:th2:4,1406621004186,7,1697,1308163749
*RES* vm17:r0:th2:5,1406621004193,17,1698,1308163750
*RES* vm17:r0:th2:6,1406621004210,4,1698,1308163751
*RES* vm17:r0:th2:7,1406621004214,38,1702,1308163752
*RES* vm17:r0:th3:0,1406620955436,26535,739,654081873
*RES* vm17:r0:th3:1,1406620981971,16,740,654081874
*RES* vm17:r0:th3:2,1406620981987,13,740,654081875
*RES* vm17:r0:th3:3,1406620982000,10881,1612,1308163748
*RES* vm17:r0:th3:4,1406620992881,51,1613,1308163749
*RES* vm17:r0:th3:5,1406620992932,43,1613,1308163750
*RES* vm17:r0:th3:6,1406620992975,48,1614,1308163751
*RES* vm17:r0:th3:7,1406620993023,12149,2434,1962245624
*RES* vm17:r0:th4:0,1406620955436,25043,705,654081873
*RES* vm17:r0:th4:1,1406620980480,22742,1716,1308163746
*RES* vm17:r0:th4:2,1406621003222,20,1717,1308163747
*RES* vm17:r0:th4:3,1406621003243,11,1717,1308163748
*RES* vm17:r0:th4:4,1406621003254,8,1718,1308163749
*RES* vm17:r0:th4:5,1406621003262,22,1719,1308163750
*RES* vm17:r0:th4:6,1406621003284,15,1719,1308163751
*RES* vm17:r0:th4:7,1406621003300,7,1720,1308163752
*RES* end node vm17:r0
(main) Thread vm17:r0 joined
Worker terminating correctly
