OSMeF worker starting
Enabling core dumping
Listening for command connection
(vm20:m0) New mapper on port 23330
(vm20:m0) -> reducer data size 1626496490
(vm20:m0) -> reducer data size 1626496490
(vm20:m0) -> reducer data size 1626496490
(vm20:m0) -> reducer data size 1626496490
(vm20:m0) -> reducer data size 1626496490
(vm20:m0) -> reducer data size 1626496490
(vm20:m0) -> reducer data size 1626496490
(vm20:m0) -> reducer data size 1626496490
(vm20:m0) -> reducer data size 1626496490
(vm20:m0) -> reducer data size 1626496490
(vm20:m0) -> reducer data size 1626496490
(vm20:m0) -> reducer data size 1626496490
(vm20:m0) -> reducer data size 1626496490
(vm20:m0) -> reducer data size 1626496490
(vm20:m0) -> reducer data size 1626496490
(vm20:m0) -> reducer data size 1626496490
(vm20:m0) -> reducer data size 1626496490
(vm20:m0) -> reducer data size 1626496490
(vm20:m0) -> reducer data size 1626496490
(vm20:m0) -> reducer data size 1626496490
(vm20:m0) -> reducer data size 1626496490
(vm20:m0) -> reducer data size 1626496490
(vm20:m0) -> reducer data size 1626496490
(vm20:m0) -> reducer data size 1626496490
(vm20:m0) -> reducer data size 1626496490
(vm20:m0) -> reducer data size 1626496490
(vm20:m0) Mapper thread started
(vm20:m0) Allocating data for reducer vm1:r0
(vm20:m0) Allocating data for reducer vm2:r0
(vm20:m0) Allocating data for reducer vm3:r0
(vm20:m0) Allocating data for reducer vm4:r0
(vm20:m0) Allocating data for reducer vm5:r0
(vm20:m0) Allocating data for reducer vm6:r0
(vm20:m0) Allocating data for reducer vm7:r0
(vm20:m0) Allocating data for reducer vm8:r0
(vm20:m0) Allocating data for reducer vm9:r0
(vm20:m0) Allocating data for reducer vm10:r0
(vm20:m0) Allocating data for reducer vm11:r0
(vm20:m0) Allocating data for reducer vm12:r0
(vm20:m0) Allocating data for reducer vm13:r0
(vm20:m0) Allocating data for reducer vm14:r0
(vm20:m0) Allocating data for reducer vm15:r0
(vm20:m0) Allocating data for reducer vm16:r0
(vm20:m0) Allocating data for reducer vm17:r0
(vm20:m0) Allocating data for reducer vm18:r0
(vm20:m0) Allocating data for reducer vm19:r0
(vm20:m0) Allocating data for reducer vm20:r0
(vm20:m0) Allocating data for reducer vm21:r0
(vm20:m0) Allocating data for reducer vm22:r0
(vm20:m0) Allocating data for reducer vm23:r0
(vm20:m0) Allocating data for reducer vm24:r0
(vm20:m0) Allocating data for reducer vm25:r0
(vm20:m0) Allocating data for reducer vm26:r0
(vm20:m0) Binding to port 23330
(vm20:r0) New reducer
(vm20:r0) Reducer thread started
(vm20:r0) waiting for START message
(vm20:r0) got START message
(vm20:r0) Starting new connection thread
(vm20:r0) Starting new connection thread
(vm20:r0) Starting new connection thread
(vm20:r0) Starting new connection thread
(vm20:r0) Starting new connection thread
(vm20:r0) Maximum number of connections reached (5), waiting for a thread to finish
(vm20:r0:0) Connection established
(vm20:r0:3) Connection established
(vm20:r0:4) Connection established
(vm20:r0:1) Connection established
(vm20:r0:2) Connection established
(vm20:r0:3) Connection finished, received 1626496491 bytes
(vm20:r0:4) Connection finished, received 1626496491 bytes
(vm20:r0:0) Connection finished, received 1626496491 bytes
(vm20:r0) thread 0 joined, 25 connections remaining
(vm20:r0) Starting new connection thread
(vm20:r0) Maximum number of connections reached (5), waiting for a thread to finish
(vm20:r0:0) Connection established
(vm20:r0:1) Connection finished, received 1626496491 bytes
(vm20:r0:2) Connection finished, received 1626496491 bytes
(vm20:r0:0) Connection finished, received 1626496491 bytes
(vm20:r0) thread 0 joined, 24 connections remaining
(vm20:r0) Starting new connection thread
(vm20:r0) Maximum number of connections reached (5), waiting for a thread to finish
(vm20:r0:0) Connection established
(vm20:r0:0) Connection finished, received 1626496491 bytes
(vm20:r0) thread 0 joined, 23 connections remaining
(vm20:r0) Starting new connection thread
(vm20:r0) Maximum number of connections reached (5), waiting for a thread to finish
(vm20:r0:0) Connection established
(vm20:r0:0) Connection finished, received 1626496491 bytes
(vm20:r0) thread 0 joined, 22 connections remaining
(vm20:r0) Starting new connection thread
(vm20:r0) Maximum number of connections reached (5), waiting for a thread to finish
(vm20:r0:0) Connection established
(vm20:r0:0) Connection finished, received 1626496491 bytes
(vm20:r0) thread 0 joined, 21 connections remaining
(vm20:r0) Starting new connection thread
(vm20:r0) Maximum number of connections reached (5), waiting for a thread to finish
(vm20:r0:0) Connection established
(vm20:r0:0) Connection finished, received 1626496491 bytes
(vm20:r0) thread 0 joined, 20 connections remaining
(vm20:r0) Starting new connection thread
(vm20:r0) Maximum number of connections reached (5), waiting for a thread to finish
(vm20:r0:0) Connection established
(vm20:r0:0) Connection finished, received 1626496491 bytes
(vm20:r0) thread 0 joined, 19 connections remaining
(vm20:r0) Starting new connection thread
(vm20:r0) Maximum number of connections reached (5), waiting for a thread to finish
(vm20:r0:0) Connection established
(vm20:r0:0) Connection finished, received 1626496491 bytes
(vm20:r0) thread 0 joined, 18 connections remaining
(vm20:r0) Starting new connection thread
(vm20:r0) Maximum number of connections reached (5), waiting for a thread to finish
(vm20:r0:0) Connection established
(vm20:r0:0) Connection finished, received 1626496491 bytes
(vm20:r0) thread 0 joined, 17 connections remaining
(vm20:r0) Starting new connection thread
(vm20:r0) Maximum number of connections reached (5), waiting for a thread to finish
(vm20:r0:0) Connection established
(vm20:r0:0) Connection finished, received 1626496491 bytes
(vm20:r0) thread 0 joined, 16 connections remaining
(vm20:r0) Starting new connection thread
(vm20:r0) Maximum number of connections reached (5), waiting for a thread to finish
(vm20:r0:0) Connection established
(vm20:r0:0) Connection finished, received 1626496491 bytes
(vm20:r0) thread 0 joined, 15 connections remaining
(vm20:r0) Starting new connection thread
(vm20:r0) Maximum number of connections reached (5), waiting for a thread to finish
(vm20:r0:0) Connection established
(vm20:r0:0) Connection finished, received 1626496491 bytes
(vm20:r0) thread 0 joined, 14 connections remaining
(vm20:r0) Starting new connection thread
(vm20:r0) Maximum number of connections reached (5), waiting for a thread to finish
(vm20:r0:0) Connection established
(vm20:r0:0) Connection finished, received 1626496491 bytes
(vm20:r0) thread 0 joined, 13 connections remaining
(vm20:r0) Starting new connection thread
(vm20:r0) Maximum number of connections reached (5), waiting for a thread to finish
(vm20:r0:0) Connection established
(vm20:m0) Got connection from reducer vm1:r0
(vm20:m0:0) thread started, have to send 1626496490 bytes
(vm20:r0:0) Connection finished, received 1626496491 bytes
(vm20:r0) thread 0 joined, 12 connections remaining
(vm20:r0) Starting new connection thread
(vm20:r0) Maximum number of connections reached (5), waiting for a thread to finish
(vm20:r0:0) Connection established
(vm20:m0:0) all data sent, thread exiting
(vm20:r0:0) Connection finished, received 1626496491 bytes
(vm20:r0) thread 0 joined, 11 connections remaining
(vm20:r0) Starting new connection thread
(vm20:r0) Maximum number of connections reached (5), waiting for a thread to finish
(vm20:r0:0) Connection established
(vm20:m0) Got connection from reducer vm20:r0
(vm20:m0:19) thread started, have to send 1626496490 bytes
(vm20:m0:19) all data sent, thread exiting
(vm20:r0:0) Connection finished, received 1626496491 bytes
(vm20:r0) thread 0 joined, 10 connections remaining
(vm20:r0) Starting new connection thread
(vm20:r0) Maximum number of connections reached (5), waiting for a thread to finish
(vm20:r0:0) Connection established
(vm20:m0) Got connection from reducer vm10:r0
(vm20:m0:9) thread started, have to send 1626496490 bytes
(vm20:r0:0) Connection finished, received 1626496491 bytes
(vm20:r0) thread 0 joined, 9 connections remaining
(vm20:r0) Starting new connection thread
(vm20:r0) Maximum number of connections reached (5), waiting for a thread to finish
(vm20:r0:0) Connection established
(vm20:m0:9) all data sent, thread exiting
(vm20:r0:0) Connection finished, received 1626496491 bytes
(vm20:r0) thread 0 joined, 8 connections remaining
(vm20:r0) Starting new connection thread
(vm20:r0) Maximum number of connections reached (5), waiting for a thread to finish
(vm20:r0:0) Connection established
(vm20:r0:0) Connection finished, received 1626496491 bytes
(vm20:r0) thread 0 joined, 7 connections remaining
(vm20:r0) Starting new connection thread
(vm20:r0) Maximum number of connections reached (5), waiting for a thread to finish
(vm20:r0:0) Connection established
(vm20:r0:0) Connection finished, received 1626496491 bytes
(vm20:r0) thread 0 joined, 6 connections remaining
(vm20:r0) Starting new connection thread
(vm20:r0) Maximum number of connections reached (5), waiting for a thread to finish
(vm20:r0:0) Connection established
(vm20:m0) Got connection from reducer vm19:r0
(vm20:m0:18) thread started, have to send 1626496490 bytes
(vm20:r0:0) Connection finished, received 1626496491 bytes
(vm20:r0) thread 0 joined, 5 connections remaining
(vm20:r0) Starting new connection thread
(vm20:r0) Maximum number of connections reached (5), waiting for a thread to finish
(vm20:r0:0) Connection established
(vm20:m0:18) all data sent, thread exiting
(vm20:m0) Got connection from reducer vm6:r0
(vm20:m0:5) thread started, have to send 1626496490 bytes
(vm20:r0:0) Connection finished, received 1626496491 bytes
(vm20:r0) thread 0 joined, 4 connections remaining
(vm20:r0) Maximum number of connections reached (4), waiting for a thread to finish
(vm20:r0) thread 1 joined, 3 connections remaining
(vm20:r0) Maximum number of connections reached (3), waiting for a thread to finish
(vm20:r0) thread 2 joined, 2 connections remaining
(vm20:r0) Maximum number of connections reached (2), waiting for a thread to finish
(vm20:r0) thread 3 joined, 1 connections remaining
(vm20:r0) Maximum number of connections reached (1), waiting for a thread to finish
(vm20:r0) thread 4 joined, 0 connections remaining
(vm20:r0) all done, exiting
(vm20:m0:5) all data sent, thread exiting
(vm20:m0) Got connection from reducer vm17:r0
(vm20:m0:16) thread started, have to send 1626496490 bytes
(vm20:m0:16) all data sent, thread exiting
(vm20:m0) Got connection from reducer vm15:r0
(vm20:m0:14) thread started, have to send 1626496490 bytes
(vm20:m0) Got connection from reducer vm9:r0
(vm20:m0:8) thread started, have to send 1626496490 bytes
(vm20:m0:14) all data sent, thread exiting
(vm20:m0) Got connection from reducer vm7:r0
(vm20:m0:6) thread started, have to send 1626496490 bytes
(vm20:m0) Got connection from reducer vm8:r0
(vm20:m0:7) thread started, have to send 1626496490 bytes
(vm20:m0:8) all data sent, thread exiting
(vm20:m0:7) all data sent, thread exiting
(vm20:m0:6) all data sent, thread exiting
(vm20:m0) Got connection from reducer vm18:r0
(vm20:m0:17) thread started, have to send 1626496490 bytes
(vm20:m0:17) all data sent, thread exiting
(vm20:m0) Got connection from reducer vm25:r0
(vm20:m0:24) thread started, have to send 1626496490 bytes
(vm20:m0:24) all data sent, thread exiting
(vm20:m0) Got connection from reducer vm26:r0
(vm20:m0:25) thread started, have to send 1626496490 bytes
(vm20:m0:25) all data sent, thread exiting
(vm20:m0) Got connection from reducer vm13:r0
(vm20:m0:12) thread started, have to send 1626496490 bytes
(vm20:m0:12) all data sent, thread exiting
(vm20:m0) Got connection from reducer vm11:r0
(vm20:m0:10) thread started, have to send 1626496490 bytes
(vm20:m0) Got connection from reducer vm2:r0
(vm20:m0:1) thread started, have to send 1626496490 bytes
(vm20:m0:10) all data sent, thread exiting
(vm20:m0:1) all data sent, thread exiting
(vm20:m0) Got connection from reducer vm12:r0
(vm20:m0:11) thread started, have to send 1626496490 bytes
(vm20:m0:11) all data sent, thread exiting
(vm20:m0) Got connection from reducer vm14:r0
(vm20:m0:13) thread started, have to send 1626496490 bytes
(vm20:m0:13) all data sent, thread exiting
(vm20:m0) Got connection from reducer vm21:r0
(vm20:m0:20) thread started, have to send 1626496490 bytes
(vm20:m0:20) all data sent, thread exiting
(vm20:m0) Got connection from reducer vm23:r0
(vm20:m0:22) thread started, have to send 1626496490 bytes
(vm20:m0) Got connection from reducer vm16:r0
(vm20:m0:15) thread started, have to send 1626496490 bytes
(vm20:m0:22) all data sent, thread exiting
(vm20:m0:15) all data sent, thread exiting
(vm20:m0) Got connection from reducer vm22:r0
(vm20:m0:21) thread started, have to send 1626496490 bytes
(vm20:m0) Got connection from reducer vm5:r0
(vm20:m0:4) thread started, have to send 1626496490 bytes
(vm20:m0) Got connection from reducer vm24:r0
(vm20:m0:23) thread started, have to send 1626496490 bytes
(vm20:m0) Got connection from reducer vm4:r0
(vm20:m0:3) thread started, have to send 1626496490 bytes
(vm20:m0) Got connection from reducer vm3:r0
(vm20:m0) Waiting for a thread to finish
(vm20:m0) thread 0 joined, 25 connections remaining
(vm20:m0) Waiting for a thread to finish
(vm20:m0) thread 1 joined, 24 connections remaining
(vm20:m0) Waiting for a thread to finish
(vm20:m0:2) thread started, have to send 1626496490 bytes
(vm20:m0:4) all data sent, thread exiting
(vm20:m0:21) all data sent, thread exiting
(vm20:m0:23) all data sent, thread exiting
(vm20:m0:2) all data sent, thread exiting
(vm20:m0:3) all data sent, thread exiting
(vm20:m0) thread 2 joined, 23 connections remaining
(vm20:m0) Waiting for a thread to finish
(vm20:m0) thread 3 joined, 22 connections remaining
(vm20:m0) Waiting for a thread to finish
(vm20:m0) thread 4 joined, 21 connections remaining
(vm20:m0) Waiting for a thread to finish
(vm20:m0) thread 5 joined, 20 connections remaining
(vm20:m0) Waiting for a thread to finish
(vm20:m0) thread 6 joined, 19 connections remaining
(vm20:m0) Waiting for a thread to finish
(vm20:m0) thread 7 joined, 18 connections remaining
(vm20:m0) Waiting for a thread to finish
(vm20:m0) thread 8 joined, 17 connections remaining
(vm20:m0) Waiting for a thread to finish
(vm20:m0) thread 9 joined, 16 connections remaining
(vm20:m0) Waiting for a thread to finish
(vm20:m0) thread 10 joined, 15 connections remaining
(vm20:m0) Waiting for a thread to finish
(vm20:m0) thread 11 joined, 14 connections remaining
(vm20:m0) Waiting for a thread to finish
(vm20:m0) thread 12 joined, 13 connections remaining
(vm20:m0) Waiting for a thread to finish
(vm20:m0) thread 13 joined, 12 connections remaining
(vm20:m0) Waiting for a thread to finish
(vm20:m0) thread 14 joined, 11 connections remaining
(vm20:m0) Waiting for a thread to finish
(vm20:m0) thread 15 joined, 10 connections remaining
(vm20:m0) Waiting for a thread to finish
(vm20:m0) thread 16 joined, 9 connections remaining
(vm20:m0) Waiting for a thread to finish
(vm20:m0) thread 17 joined, 8 connections remaining
(vm20:m0) Waiting for a thread to finish
(vm20:m0) thread 18 joined, 7 connections remaining
(vm20:m0) Waiting for a thread to finish
(vm20:m0) thread 19 joined, 6 connections remaining
(vm20:m0) Waiting for a thread to finish
(vm20:m0) thread 20 joined, 5 connections remaining
(vm20:m0) Waiting for a thread to finish
(vm20:m0) thread 21 joined, 4 connections remaining
(vm20:m0) Waiting for a thread to finish
(vm20:m0) thread 22 joined, 3 connections remaining
(vm20:m0) Waiting for a thread to finish
(vm20:m0) thread 23 joined, 2 connections remaining
(vm20:m0) Waiting for a thread to finish
(vm20:m0) thread 24 joined, 1 connections remaining
(vm20:m0) Waiting for a thread to finish
(vm20:m0) thread 25 joined, 0 connections remaining
(vm20:m0) all done, exiting
*RES* start node vm20:m0
*RES* vm20:m0:0,1404831661216,3738,1048,1626496491
*RES* vm20:m0:1,1404831800819,2615,1171,1626496491
*RES* vm20:m0:2,1404831837500,6054,1104,1626496491
*RES* vm20:m0:3,1404831837491,6059,1106,1626496491
*RES* vm20:m0:4,1404831836830,5511,1123,1626496491
*RES* vm20:m0:5,1404831696167,3970,1317,1626496491
*RES* vm20:m0:6,1404831735726,4079,1465,1626496491
*RES* vm20:m0:7,1404831735769,4032,1455,1626496491
*RES* vm20:m0:8,1404831733505,3966,1462,1626496491
*RES* vm20:m0:9,1404831671311,5250,1511,1626496491
*RES* vm20:m0:10,1404831798964,2392,1366,1626496491
*RES* vm20:m0:11,1404831805670,2280,1276,1626496491
*RES* vm20:m0:12,1404831776467,5739,1195,1626496491
*RES* vm20:m0:13,1404831810254,2291,1272,1626496491
*RES* vm20:m0:14,1404831730440,3082,1454,1626496491
*RES* vm20:m0:15,1404831826835,2932,1405,1626496491
*RES* vm20:m0:16,1404831723524,3765,1265,1626496491
*RES* vm20:m0:17,1404831745924,3212,1418,1626496491
*RES* vm20:m0:18,1404831690336,4310,1197,1626496491
*RES* vm20:m0:19,1404831668791,2344,321,1626496491
*RES* vm20:m0:20,1404831821991,3065,1286,1626496491
*RES* vm20:m0:21,1404831836805,5761,1108,1626496491
*RES* vm20:m0:22,1404831825711,2539,1464,1626496491
*RES* vm20:m0:23,1404831837378,6108,1104,1626496491
*RES* vm20:m0:24,1404831749363,3489,1497,1626496491
*RES* vm20:m0:25,1404831756935,3783,1458,1626496491
*RES* end node vm20:m0
Node vm20:m0 joined
*RES* start node vm20:r0
*RES* vm20:r0:0,1404831556925,35763,1482,1626496491
*RES* vm20:r0:0,1404831592694,22955,1355,1626496491
*RES* vm20:r0:0,1404831615655,3596,1523,1626496491
*RES* vm20:r0:0,1404831619255,4334,1789,1626496491
*RES* vm20:r0:0,1404831623595,4050,1799,1626496491
*RES* vm20:r0:0,1404831627651,3538,1456,1626496491
*RES* vm20:r0:0,1404831631195,4612,1933,1626496491
*RES* vm20:r0:0,1404831635815,4449,1973,1626496491
*RES* vm20:r0:0,1404831640271,3421,1336,1626496491
*RES* vm20:r0:0,1404831643699,4270,1510,1626496491
*RES* vm20:r0:0,1404831647975,4036,1454,1626496491
*RES* vm20:r0:0,1404831652015,4173,1500,1626496491
*RES* vm20:r0:0,1404831656195,3663,1419,1626496491
*RES* vm20:r0:0,1404831659863,4002,1339,1626496491
*RES* vm20:r0:0,1404831663873,4911,1458,1626496491
*RES* vm20:r0:0,1404831668787,2351,1007,1626496491
*RES* vm20:r0:0,1404831671143,4588,1421,1626496491
*RES* vm20:r0:0,1404831675735,4523,1666,1626496491
*RES* vm20:r0:0,1404831680263,5001,1850,1626496491
*RES* vm20:r0:0,1404831685271,4514,1782,1626496491
*RES* vm20:r0:0,1404831689791,3852,1250,1626496491
*RES* vm20:r0:0,1404831693651,4348,1393,1626496491
*RES* vm20:r0:1,1404831556925,38180,1524,1626496491
*RES* vm20:r0:2,1404831556925,39080,1527,1626496491
*RES* vm20:r0:3,1404831556925,34291,1497,1626496491
*RES* vm20:r0:4,1404831556925,35135,1489,1626496491
*RES* end node vm20:r0
Node vm20:r0 joined
Worker terminating correctly
