OSMeF worker starting
Enabling core dumping
Listening for command connection
(vm6:m0) New mapper on port 23330
(vm6:m0) -> reducer data size 6505985963
(vm6:m0) -> reducer data size 6505985963
(vm6:m0) -> reducer data size 6505985963
(vm6:m0) -> reducer data size 6505985963
(vm6:m0) -> reducer data size 6505985963
(vm6:m0) -> reducer data size 6505985963
(vm6:m0) -> reducer data size 6505985963
(vm6:m0) -> reducer data size 6505985963
(vm6:m0) -> reducer data size 6505985963
(vm6:m0) -> reducer data size 6505985963
(vm6:m0) -> reducer data size 6505985963
(vm6:m0) -> reducer data size 6505985963
(vm6:m0) -> reducer data size 6505985963
(vm6:m0) Mapper thread started
(vm6:m0) Allocating data for reducer vm1:r0
(vm6:m0) Allocating data for reducer vm2:r0
(vm6:m0) Allocating data for reducer vm3:r0
(vm6:m0) Allocating data for reducer vm4:r0
(vm6:m0) Allocating data for reducer vm5:r0
(vm6:m0) Allocating data for reducer vm6:r0
(vm6:m0) Allocating data for reducer vm7:r0
(vm6:m0) Allocating data for reducer vm8:r0
(vm6:m0) Allocating data for reducer vm9:r0
(vm6:m0) Allocating data for reducer vm10:r0
(vm6:m0) Allocating data for reducer vm11:r0
(vm6:m0) Allocating data for reducer vm12:r0
(vm6:m0) Allocating data for reducer vm13:r0
(vm6:m0) Binding to port 23330
(vm6:r0) New reducer
(vm6:r0) Reducer thread started
(vm6:r0) waiting for START message
(vm6:r0) got START message
(vm6:r0) Starting new connection thread
(vm6:r0) Starting new connection thread
(vm6:r0) Starting new connection thread
(vm6:r0) Starting new connection thread
(vm6:r0) Starting new connection thread
(vm6:r0) Maximum number of connections reached (5), waiting for a thread to finish
(vm6:r0:4) Connection established
(vm6:r0:3) Connection established
(vm6:r0:1) Connection established
(vm6:r0:2) Connection established
(vm6:r0:0) Connection established
(vm6:m0) Got connection from reducer vm1:r0
(vm6:m0:0) thread started, have to send 6505985963 bytes
(vm6:r0:4) Connection finished, received 6505985964 bytes
(vm6:m0) Got connection from reducer vm7:r0
(vm6:m0:6) thread started, have to send 6505985963 bytes
(vm6:m0) Got connection from reducer vm2:r0
(vm6:m0:1) thread started, have to send 6505985963 bytes
(vm6:m0) Got connection from reducer vm13:r0
(vm6:m0:12) thread started, have to send 6505985963 bytes
(vm6:m0) Got connection from reducer vm12:r0
(vm6:m0:11) thread started, have to send 6505985963 bytes
(vm6:m0) Got connection from reducer vm9:r0
(vm6:m0:8) thread started, have to send 6505985963 bytes
(vm6:m0) Got connection from reducer vm11:r0
(vm6:m0:10) thread started, have to send 6505985963 bytes
(vm6:m0) Got connection from reducer vm8:r0
(vm6:m0:7) thread started, have to send 6505985963 bytes
(vm6:m0) Got connection from reducer vm10:r0
(vm6:m0:9) thread started, have to send 6505985963 bytes
(vm6:r0:0) Connection finished, received 6505985964 bytes
(vm6:r0) thread 0 joined, 12 connections remaining
(vm6:r0) Starting new connection thread
(vm6:r0) Maximum number of connections reached (5), waiting for a thread to finish
(vm6:r0:0) Connection established
(vm6:m0) Got connection from reducer vm6:r0
(vm6:m0:5) thread started, have to send 6505985963 bytes
(vm6:m0) Got connection from reducer vm5:r0
(vm6:m0:4) thread started, have to send 6505985963 bytes
(vm6:m0) Got connection from reducer vm4:r0
(vm6:m0:3) thread started, have to send 6505985963 bytes
(vm6:r0:3) Connection finished, received 6505985964 bytes
(vm6:m0) Got connection from reducer vm3:r0
(vm6:m0) Waiting for a thread to finish
(vm6:m0:2) thread started, have to send 6505985963 bytes
(vm6:r0:2) Connection finished, received 6505985964 bytes
(vm6:r0:1) Connection finished, received 6505985964 bytes
(vm6:m0:5) all data sent, thread exiting
(vm6:r0:0) Connection finished, received 6505985964 bytes
(vm6:r0) thread 0 joined, 11 connections remaining
(vm6:r0) Starting new connection thread
(vm6:r0) Maximum number of connections reached (5), waiting for a thread to finish
(vm6:r0:0) Connection established
(vm6:m0:0) all data sent, thread exiting
(vm6:m0) thread 0 joined, 12 connections remaining
(vm6:m0) Waiting for a thread to finish
(vm6:m0:6) all data sent, thread exiting
(vm6:m0:8) all data sent, thread exiting
(vm6:m0:1) all data sent, thread exiting
(vm6:m0) thread 1 joined, 11 connections remaining
(vm6:m0) Waiting for a thread to finish
(vm6:m0:9) all data sent, thread exiting
(vm6:m0:11) all data sent, thread exiting
(vm6:m0:12) all data sent, thread exiting
(vm6:m0:4) all data sent, thread exiting
(vm6:m0:7) all data sent, thread exiting
(vm6:m0:10) all data sent, thread exiting
(vm6:m0:2) all data sent, thread exiting
(vm6:m0:3) all data sent, thread exiting
(vm6:m0) thread 2 joined, 10 connections remaining
(vm6:m0) Waiting for a thread to finish
(vm6:m0) thread 3 joined, 9 connections remaining
(vm6:m0) Waiting for a thread to finish
(vm6:m0) thread 4 joined, 8 connections remaining
(vm6:m0) Waiting for a thread to finish
(vm6:m0) thread 5 joined, 7 connections remaining
(vm6:m0) Waiting for a thread to finish
(vm6:m0) thread 6 joined, 6 connections remaining
(vm6:m0) Waiting for a thread to finish
(vm6:m0) thread 7 joined, 5 connections remaining
(vm6:m0) Waiting for a thread to finish
(vm6:m0) thread 8 joined, 4 connections remaining
(vm6:m0) Waiting for a thread to finish
(vm6:m0) thread 9 joined, 3 connections remaining
(vm6:m0) Waiting for a thread to finish
(vm6:m0) thread 10 joined, 2 connections remaining
(vm6:m0) Waiting for a thread to finish
(vm6:m0) thread 11 joined, 1 connections remaining
(vm6:m0) Waiting for a thread to finish
(vm6:m0) thread 12 joined, 0 connections remaining
(vm6:m0) all done, exiting
*RES* start node vm6:m0
*RES* vm6:m0:0,1403731600847,69821,4769,6505985964
*RES* vm6:m0:1,1403731625183,69391,4781,6505985964
*RES* vm6:m0:2,1403731631087,65965,4817,6505985964
*RES* vm6:m0:3,1403731629683,67382,4910,6505985964
*RES* vm6:m0:4,1403731626165,69775,4890,6505985964
*RES* vm6:m0:5,1403731625870,44380,1172,6505985964
*RES* vm6:m0:6,1403731624919,69517,4930,6505985964
*RES* vm6:m0:7,1403731625775,70222,4923,6505985964
*RES* vm6:m0:8,1403731625397,69024,4810,6505985964
*RES* vm6:m0:9,1403731625796,69589,4849,6505985964
*RES* vm6:m0:10,1403731625624,70415,4948,6505985964
*RES* vm6:m0:11,1403731625344,70184,4915,6505985964
*RES* vm6:m0:12,1403731625313,70264,4930,6505985964
*RES* end node vm6:m0
Node vm6:m0 joined
(vm6:r0:0) Connection finished, received 6505985964 bytes
(vm6:r0) thread 0 joined, 10 connections remaining
(vm6:r0) Starting new connection thread
(vm6:r0) Maximum number of connections reached (5), waiting for a thread to finish
(vm6:r0:0) Connection established
(vm6:r0:0) Connection finished, received 6505985964 bytes
(vm6:r0) thread 0 joined, 9 connections remaining
(vm6:r0) Starting new connection thread
(vm6:r0) Maximum number of connections reached (5), waiting for a thread to finish
(vm6:r0:0) Connection established
(vm6:r0:0) Connection finished, received 6505985964 bytes
(vm6:r0) thread 0 joined, 8 connections remaining
(vm6:r0) Starting new connection thread
(vm6:r0) Maximum number of connections reached (5), waiting for a thread to finish
(vm6:r0:0) Connection established
(vm6:r0:0) Connection finished, received 6505985964 bytes
(vm6:r0) thread 0 joined, 7 connections remaining
(vm6:r0) Starting new connection thread
(vm6:r0) Maximum number of connections reached (5), waiting for a thread to finish
(vm6:r0:0) Connection established
(vm6:r0:0) Connection finished, received 6505985964 bytes
(vm6:r0) thread 0 joined, 6 connections remaining
(vm6:r0) Starting new connection thread
(vm6:r0) Maximum number of connections reached (5), waiting for a thread to finish
(vm6:r0:0) Connection established
(vm6:r0:0) Connection finished, received 6505985964 bytes
(vm6:r0) thread 0 joined, 5 connections remaining
(vm6:r0) Starting new connection thread
(vm6:r0) Maximum number of connections reached (5), waiting for a thread to finish
(vm6:r0:0) Connection established
(vm6:r0:0) Connection finished, received 6505985964 bytes
(vm6:r0) thread 0 joined, 4 connections remaining
(vm6:r0) Maximum number of connections reached (4), waiting for a thread to finish
(vm6:r0) thread 1 joined, 3 connections remaining
(vm6:r0) Maximum number of connections reached (3), waiting for a thread to finish
(vm6:r0) thread 2 joined, 2 connections remaining
(vm6:r0) Maximum number of connections reached (2), waiting for a thread to finish
(vm6:r0) thread 3 joined, 1 connections remaining
(vm6:r0) Maximum number of connections reached (1), waiting for a thread to finish
(vm6:r0) thread 4 joined, 0 connections remaining
(vm6:r0) all done, exiting
*RES* start node vm6:r0
*RES* vm6:r0:0,1403731543342,82475,5437,6505985964
*RES* vm6:r0:0,1403731625854,44422,3041,6505985964
*RES* vm6:r0:0,1403731670334,51846,4135,6505985964
*RES* vm6:r0:0,1403731722186,11446,4441,6505985964
*RES* vm6:r0:0,1403731733638,13976,4391,6505985964
*RES* vm6:r0:0,1403731747618,12099,4542,6505985964
*RES* vm6:r0:0,1403731759722,12005,4557,6505985964
*RES* vm6:r0:0,1403731771734,11748,4364,6505985964
*RES* vm6:r0:0,1403731783486,12386,4585,6505985964
*RES* vm6:r0:1,1403731543342,91753,5375,6505985964
*RES* vm6:r0:2,1403731543341,88769,5479,6505985964
*RES* vm6:r0:3,1403731543341,87558,5452,6505985964
*RES* vm6:r0:4,1403731543341,69142,5283,6505985964
*RES* end node vm6:r0
Node vm6:r0 joined
Worker terminating correctly
