OSMeF worker starting
Enabling core dumping
Listening for command connection
(vm19:m0) New mapper on port 23330
(vm19:m0) -> reducer data size 3045738581
(vm19:m0) -> reducer data size 3045738581
(vm19:m0) -> reducer data size 3045738581
(vm19:m0) -> reducer data size 3045738581
(vm19:m0) -> reducer data size 3045738581
(vm19:m0) -> reducer data size 3045738581
(vm19:m0) -> reducer data size 3045738581
(vm19:m0) -> reducer data size 3045738581
(vm19:m0) -> reducer data size 3045738581
(vm19:m0) -> reducer data size 3045738581
(vm19:m0) -> reducer data size 3045738581
(vm19:m0) -> reducer data size 3045738581
(vm19:m0) -> reducer data size 3045738581
(vm19:m0) -> reducer data size 3045738581
(vm19:m0) -> reducer data size 3045738581
(vm19:m0) -> reducer data size 3045738581
(vm19:m0) -> reducer data size 3045738581
(vm19:m0) -> reducer data size 3045738581
(vm19:m0) -> reducer data size 3045738581
(vm19:m0) Mapper thread started
(vm19:m0) Allocating data for reducer vm1:r0
(vm19:m0) Allocating data for reducer vm2:r0
(vm19:m0) Allocating data for reducer vm3:r0
(vm19:m0) Allocating data for reducer vm4:r0
(vm19:m0) Allocating data for reducer vm5:r0
(vm19:m0) Allocating data for reducer vm6:r0
(vm19:m0) Allocating data for reducer vm7:r0
(vm19:m0) Allocating data for reducer vm8:r0
(vm19:m0) Allocating data for reducer vm9:r0
(vm19:m0) Allocating data for reducer vm10:r0
(vm19:m0) Allocating data for reducer vm11:r0
(vm19:m0) Allocating data for reducer vm12:r0
(vm19:m0) Allocating data for reducer vm13:r0
(vm19:m0) Allocating data for reducer vm14:r0
(vm19:m0) Allocating data for reducer vm15:r0
(vm19:m0) Allocating data for reducer vm16:r0
(vm19:m0) Allocating data for reducer vm17:r0
(vm19:m0) Allocating data for reducer vm18:r0
(vm19:m0) Allocating data for reducer vm19:r0
(vm19:m0) Binding to port 23330
(vm19:r0) New reducer
(vm19:r0) Reducer thread started
(vm19:r0) waiting for START message
(vm19:r0) got START message
(vm19:r0) Starting new connection thread
(vm19:r0) Starting new connection thread
(vm19:r0) Starting new connection thread
(vm19:r0) Starting new connection thread
(vm19:r0) Starting new connection thread
(vm19:r0) Maximum number of connections reached (5), waiting for a thread to finish
(vm19:r0:4) Connection established
(vm19:r0:3) Connection established
(vm19:r0:1) Connection established
(vm19:r0:2) Connection established
(vm19:r0:0) Connection established
(vm19:r0:4) Connection finished, received 3045738582 bytes
(vm19:r0:2) Connection finished, received 3045738582 bytes
(vm19:r0:3) Connection finished, received 3045738582 bytes
(vm19:r0:0) Connection finished, received 3045738582 bytes
(vm19:r0) thread 0 joined, 18 connections remaining
(vm19:r0) Starting new connection thread
(vm19:r0) Maximum number of connections reached (5), waiting for a thread to finish
(vm19:r0:0) Connection established
(vm19:r0:1) Connection finished, received 3045738582 bytes
(vm19:r0:0) Connection finished, received 3045738582 bytes
(vm19:r0) thread 0 joined, 17 connections remaining
(vm19:r0) Starting new connection thread
(vm19:r0) Maximum number of connections reached (5), waiting for a thread to finish
(vm19:r0:0) Connection established
(vm19:r0:0) Connection finished, received 3045738582 bytes
(vm19:r0) thread 0 joined, 16 connections remaining
(vm19:r0) Starting new connection thread
(vm19:r0) Maximum number of connections reached (5), waiting for a thread to finish
(vm19:r0:0) Connection established
(vm19:m0) Got connection from reducer vm1:r0
(vm19:m0:0) thread started, have to send 3045738581 bytes
(vm19:m0) Got connection from reducer vm16:r0
(vm19:m0:15) thread started, have to send 3045738581 bytes
(vm19:m0:0) all data sent, thread exiting
(vm19:m0:15) all data sent, thread exiting
(vm19:r0:0) Connection finished, received 3045738582 bytes
(vm19:r0) thread 0 joined, 15 connections remaining
(vm19:r0) Starting new connection thread
(vm19:r0) Maximum number of connections reached (5), waiting for a thread to finish
(vm19:r0:0) Connection established
(vm19:m0) Got connection from reducer vm6:r0
(vm19:m0:5) thread started, have to send 3045738581 bytes
(vm19:m0:5) all data sent, thread exiting
(vm19:r0:0) Connection finished, received 3045738582 bytes
(vm19:r0) thread 0 joined, 14 connections remaining
(vm19:r0) Starting new connection thread
(vm19:r0) Maximum number of connections reached (5), waiting for a thread to finish
(vm19:r0:0) Connection established
(vm19:m0) Got connection from reducer vm7:r0
(vm19:m0:6) thread started, have to send 3045738581 bytes
(vm19:m0:6) all data sent, thread exiting
(vm19:m0) Got connection from reducer vm14:r0
(vm19:m0:13) thread started, have to send 3045738581 bytes
(vm19:r0:0) Connection finished, received 3045738582 bytes
(vm19:r0) thread 0 joined, 13 connections remaining
(vm19:r0) Starting new connection thread
(vm19:r0) Maximum number of connections reached (5), waiting for a thread to finish
(vm19:r0:0) Connection established
(vm19:m0:13) all data sent, thread exiting
(vm19:m0) Got connection from reducer vm8:r0
(vm19:m0:7) thread started, have to send 3045738581 bytes
(vm19:m0:7) all data sent, thread exiting
(vm19:r0:0) Connection finished, received 3045738582 bytes
(vm19:r0) thread 0 joined, 12 connections remaining
(vm19:r0) Starting new connection thread
(vm19:r0) Maximum number of connections reached (5), waiting for a thread to finish
(vm19:r0:0) Connection established
(vm19:m0) Got connection from reducer vm18:r0
(vm19:m0:17) thread started, have to send 3045738581 bytes
(vm19:m0) Got connection from reducer vm9:r0
(vm19:m0:8) thread started, have to send 3045738581 bytes
(vm19:m0:17) all data sent, thread exiting
(vm19:m0) Got connection from reducer vm10:r0
(vm19:m0:9) thread started, have to send 3045738581 bytes
(vm19:r0:0) Connection finished, received 3045738582 bytes
(vm19:r0) thread 0 joined, 11 connections remaining
(vm19:r0) Starting new connection thread
(vm19:r0) Maximum number of connections reached (5), waiting for a thread to finish
(vm19:r0:0) Connection established
(vm19:m0:8) all data sent, thread exiting
(vm19:m0:9) all data sent, thread exiting
(vm19:r0:0) Connection finished, received 3045738582 bytes
(vm19:r0) thread 0 joined, 10 connections remaining
(vm19:r0) Starting new connection thread
(vm19:r0) Maximum number of connections reached (5), waiting for a thread to finish
(vm19:r0:0) Connection established
(vm19:m0) Got connection from reducer vm11:r0
(vm19:m0:10) thread started, have to send 3045738581 bytes
(vm19:m0:10) all data sent, thread exiting
(vm19:m0) Got connection from reducer vm12:r0
(vm19:m0:11) thread started, have to send 3045738581 bytes
(vm19:r0:0) Connection finished, received 3045738582 bytes
(vm19:r0) thread 0 joined, 9 connections remaining
(vm19:r0) Starting new connection thread
(vm19:r0) Maximum number of connections reached (5), waiting for a thread to finish
(vm19:r0:0) Connection established
(vm19:m0:11) all data sent, thread exiting
(vm19:m0) Got connection from reducer vm13:r0
(vm19:m0:12) thread started, have to send 3045738581 bytes
(vm19:r0:0) Connection finished, received 3045738582 bytes
(vm19:r0) thread 0 joined, 8 connections remaining
(vm19:r0) Starting new connection thread
(vm19:r0) Maximum number of connections reached (5), waiting for a thread to finish
(vm19:r0:0) Connection established
(vm19:m0:12) all data sent, thread exiting
(vm19:m0) Got connection from reducer vm17:r0
(vm19:m0:16) thread started, have to send 3045738581 bytes
(vm19:r0:0) Connection finished, received 3045738582 bytes
(vm19:r0) thread 0 joined, 7 connections remaining
(vm19:r0) Starting new connection thread
(vm19:r0) Maximum number of connections reached (5), waiting for a thread to finish
(vm19:r0:0) Connection established
(vm19:m0:16) all data sent, thread exiting
(vm19:r0:0) Connection finished, received 3045738582 bytes
(vm19:r0) thread 0 joined, 6 connections remaining
(vm19:r0) Starting new connection thread
(vm19:r0) Maximum number of connections reached (5), waiting for a thread to finish
(vm19:r0:0) Connection established
(vm19:m0) Got connection from reducer vm15:r0
(vm19:m0:14) thread started, have to send 3045738581 bytes
(vm19:r0:0) Connection finished, received 3045738582 bytes
(vm19:r0) thread 0 joined, 5 connections remaining
(vm19:r0) Starting new connection thread
(vm19:r0) Maximum number of connections reached (5), waiting for a thread to finish
(vm19:r0:0) Connection established
(vm19:m0) Got connection from reducer vm19:r0
(vm19:m0:18) thread started, have to send 3045738581 bytes
(vm19:m0:14) all data sent, thread exiting
(vm19:m0:18) all data sent, thread exiting
(vm19:r0:0) Connection finished, received 3045738582 bytes
(vm19:r0) thread 0 joined, 4 connections remaining
(vm19:r0) Maximum number of connections reached (4), waiting for a thread to finish
(vm19:r0) thread 1 joined, 3 connections remaining
(vm19:r0) Maximum number of connections reached (3), waiting for a thread to finish
(vm19:r0) thread 2 joined, 2 connections remaining
(vm19:r0) Maximum number of connections reached (2), waiting for a thread to finish
(vm19:r0) thread 3 joined, 1 connections remaining
(vm19:r0) Maximum number of connections reached (1), waiting for a thread to finish
(vm19:r0) thread 4 joined, 0 connections remaining
(vm19:r0) all done, exiting
(vm19:m0) Got connection from reducer vm3:r0
(vm19:m0:2) thread started, have to send 3045738581 bytes
(vm19:m0) Got connection from reducer vm5:r0
(vm19:m0:4) thread started, have to send 3045738581 bytes
(vm19:m0) Got connection from reducer vm2:r0
(vm19:m0:1) thread started, have to send 3045738581 bytes
(vm19:m0) Got connection from reducer vm4:r0
(vm19:m0) Waiting for a thread to finish
(vm19:m0) thread 0 joined, 18 connections remaining
(vm19:m0) Waiting for a thread to finish
(vm19:m0:3) thread started, have to send 3045738581 bytes
(vm19:m0:2) all data sent, thread exiting
(vm19:m0:4) all data sent, thread exiting
(vm19:m0:1) all data sent, thread exiting
(vm19:m0) thread 1 joined, 17 connections remaining
(vm19:m0) Waiting for a thread to finish
(vm19:m0) thread 2 joined, 16 connections remaining
(vm19:m0) Waiting for a thread to finish
(vm19:m0:3) all data sent, thread exiting
(vm19:m0) thread 3 joined, 15 connections remaining
(vm19:m0) Waiting for a thread to finish
(vm19:m0) thread 4 joined, 14 connections remaining
(vm19:m0) Waiting for a thread to finish
(vm19:m0) thread 5 joined, 13 connections remaining
(vm19:m0) Waiting for a thread to finish
(vm19:m0) thread 6 joined, 12 connections remaining
(vm19:m0) Waiting for a thread to finish
(vm19:m0) thread 7 joined, 11 connections remaining
(vm19:m0) Waiting for a thread to finish
(vm19:m0) thread 8 joined, 10 connections remaining
(vm19:m0) Waiting for a thread to finish
(vm19:m0) thread 9 joined, 9 connections remaining
(vm19:m0) Waiting for a thread to finish
(vm19:m0) thread 10 joined, 8 connections remaining
(vm19:m0) Waiting for a thread to finish
(vm19:m0) thread 11 joined, 7 connections remaining
(vm19:m0) Waiting for a thread to finish
(vm19:m0) thread 12 joined, 6 connections remaining
(vm19:m0) Waiting for a thread to finish
(vm19:m0) thread 13 joined, 5 connections remaining
(vm19:m0) Waiting for a thread to finish
(vm19:m0) thread 14 joined, 4 connections remaining
(vm19:m0) Waiting for a thread to finish
(vm19:m0) thread 15 joined, 3 connections remaining
(vm19:m0) Waiting for a thread to finish
(vm19:m0) thread 16 joined, 2 connections remaining
(vm19:m0) Waiting for a thread to finish
(vm19:m0) thread 17 joined, 1 connections remaining
(vm19:m0) Waiting for a thread to finish
(vm19:m0) thread 18 joined, 0 connections remaining
(vm19:m0) all done, exiting
*RES* start node vm19:m0
*RES* vm19:m0:0,1403758083520,8061,2717,3045738582
*RES* vm19:m0:1,1403758293364,8553,1851,3045738582
*RES* vm19:m0:2,1403758292669,8454,1902,3045738582
*RES* vm19:m0:3,1403758294010,8636,1956,3045738582
*RES* vm19:m0:4,1403758293172,8504,1852,3045738582
*RES* vm19:m0:5,1403758109530,5626,2337,3045738582
*RES* vm19:m0:6,1403758145998,6284,2686,3045738582
*RES* vm19:m0:7,1403758173234,6377,2762,3045738582
*RES* vm19:m0:8,1403758204546,7765,2450,3045738582
*RES* vm19:m0:9,1403758208178,6415,2279,3045738582
*RES* vm19:m0:10,1403758230905,5678,2440,3045738582
*RES* vm19:m0:11,1403758240546,6337,2548,3045738582
*RES* vm19:m0:12,1403758258234,6896,2700,3045738582
*RES* vm19:m0:13,1403758159118,6266,2769,3045738582
*RES* vm19:m0:14,1403758277922,6088,1947,3045738582
*RES* vm19:m0:15,1403758085886,7678,2575,3045738582
*RES* vm19:m0:16,1403758265910,6443,2406,3045738582
*RES* vm19:m0:17,1403758199906,7532,2300,3045738582
*RES* vm19:m0:18,1403758282222,2786,396,3045738582
*RES* end node vm19:m0
Node vm19:m0 joined
*RES* start node vm19:r0
*RES* vm19:r0:0,1403757923528,52692,2543,3045738582
*RES* vm19:r0:0,1403757976226,46576,2329,3045738582
*RES* vm19:r0:0,1403758022806,38316,2429,3045738582
*RES* vm19:r0:0,1403758061126,34259,2439,3045738582
*RES* vm19:r0:0,1403758095390,35349,2216,3045738582
*RES* vm19:r0:0,1403758130746,29096,2306,3045738582
*RES* vm19:r0:0,1403758159850,23908,2181,3045738582
*RES* vm19:r0:0,1403758183762,25631,2103,3045738582
*RES* vm19:r0:0,1403758209414,20896,2021,3045738582
*RES* vm19:r0:0,1403758230314,13804,1947,3045738582
*RES* vm19:r0:0,1403758244126,17528,2162,3045738582
*RES* vm19:r0:0,1403758261666,8548,1818,3045738582
*RES* vm19:r0:0,1403758270226,7123,1880,3045738582
*RES* vm19:r0:0,1403758277354,4858,1670,3045738582
*RES* vm19:r0:0,1403758282222,2787,929,3045738582
*RES* vm19:r0:1,1403757923528,57019,2561,3045738582
*RES* vm19:r0:2,1403757923528,46254,2505,3045738582
*RES* vm19:r0:3,1403757923528,50941,2550,3045738582
*RES* vm19:r0:4,1403757923528,45438,2475,3045738582
*RES* end node vm19:r0
Node vm19:r0 joined
Worker terminating correctly
