OSMeF worker starting
Enabling core dumping
Listening for command connection
(vm32:m0) New mapper on port 23330
(vm32:m0) -> reducer data size 9859888
(vm32:m0) -> reducer data size 9859888
(vm32:m0) -> reducer data size 9859888
(vm32:m0) -> reducer data size 9859888
(vm32:m0) -> reducer data size 9859888
(vm32:m0) -> reducer data size 9859888
(vm32:m0) -> reducer data size 9859888
(vm32:m0) -> reducer data size 9859888
(vm32:m0) -> reducer data size 9859888
(vm32:m0) -> reducer data size 9859888
(vm32:m0) -> reducer data size 9859888
(vm32:m0) -> reducer data size 9859888
(vm32:m0) -> reducer data size 9859888
(vm32:m0) -> reducer data size 9859888
(vm32:m0) -> reducer data size 9859888
(vm32:m0) -> reducer data size 9859888
(vm32:m0) -> reducer data size 9859888
(vm32:m0) -> reducer data size 9859888
(vm32:m0) -> reducer data size 9859888
(vm32:m0) -> reducer data size 9859888
(vm32:m0) -> reducer data size 9859888
(vm32:m0) -> reducer data size 9859888
(vm32:m0) -> reducer data size 9859888
(vm32:m0) -> reducer data size 9859888
(vm32:m0) -> reducer data size 9859888
(vm32:m0) -> reducer data size 9859888
(vm32:m0) -> reducer data size 9859888
(vm32:m0) -> reducer data size 9859888
(vm32:m0) -> reducer data size 9859888
(vm32:m0) -> reducer data size 9859888
(vm32:m0) -> reducer data size 9859888
(vm32:m0) -> reducer data size 9859888
(vm32:m0) -> reducer data size 9859888
(vm32:m0) Mapper thread started
(vm32:m0) Allocating data for reducer vm1:r0
(vm32:m0) Allocating data for reducer vm2:r0
(vm32:m0) Allocating data for reducer vm3:r0
(vm32:m0) Allocating data for reducer vm4:r0
(vm32:m0) Allocating data for reducer vm5:r0
(vm32:m0) Allocating data for reducer vm6:r0
(vm32:m0) Allocating data for reducer vm7:r0
(vm32:m0) Allocating data for reducer vm8:r0
(vm32:m0) Allocating data for reducer vm9:r0
(vm32:m0) Allocating data for reducer vm10:r0
(vm32:m0) Allocating data for reducer vm11:r0
(vm32:m0) Allocating data for reducer vm12:r0
(vm32:m0) Allocating data for reducer vm13:r0
(vm32:m0) Allocating data for reducer vm14:r0
(vm32:m0) Allocating data for reducer vm15:r0
(vm32:m0) Allocating data for reducer vm16:r0
(vm32:m0) Allocating data for reducer vm17:r0
(vm32:m0) Allocating data for reducer vm18:r0
(vm32:m0) Allocating data for reducer vm19:r0
(vm32:m0) Allocating data for reducer vm20:r0
(vm32:m0) Allocating data for reducer vm21:r0
(vm32:m0) Allocating data for reducer vm22:r0
(vm32:m0) Allocating data for reducer vm23:r0
(vm32:m0) Allocating data for reducer vm24:r0
(vm32:m0) Allocating data for reducer vm25:r0
(vm32:m0) Allocating data for reducer vm26:r0
(vm32:m0) Allocating data for reducer vm27:r0
(vm32:m0) Allocating data for reducer vm28:r0
(vm32:m0) Allocating data for reducer vm29:r0
(vm32:m0) Allocating data for reducer vm30:r0
(vm32:m0) Allocating data for reducer vm31:r0
(vm32:m0) Allocating data for reducer vm32:r0
(vm32:m0) Allocating data for reducer vm33:r0
(vm32:m0) Binding to port 23330
(vm32:r0) New reducer
(vm32:r0) Reducer thread started
(vm32:r0) waiting for START message
(vm32:r0) got START message
(vm32:r0) Starting new connection thread
(vm32:r0) Starting new connection thread
(vm32:r0) Starting new connection thread
(vm32:r0) Starting new connection thread
(vm32:r0) Starting new connection thread
(vm32:r0) Maximum number of connections reached (5), waiting for a thread to finish
(vm32:r0:4) Connection established
(vm32:r0:3) Connection established
(vm32:r0:1) Connection established
(vm32:r0:0) Connection established
(vm32:r0:2) Connection established
(vm32:r0:1) Connection finished, received 9859889 bytes
(vm32:r0:2) Connection finished, received 9859889 bytes
(vm32:r0:0) Connection finished, received 9859889 bytes
(vm32:r0) thread 0 joined, 32 connections remaining
(vm32:r0) Starting new connection thread
(vm32:r0) Maximum number of connections reached (5), waiting for a thread to finish
(vm32:r0:0) Connection established
(vm32:r0:4) Connection finished, received 9859889 bytes
(vm32:r0:3) Connection finished, received 9859889 bytes
(vm32:r0:0) Connection finished, received 9859889 bytes
(vm32:r0) thread 0 joined, 31 connections remaining
(vm32:r0) Starting new connection thread
(vm32:r0) Maximum number of connections reached (5), waiting for a thread to finish
(vm32:r0:0) Connection established
(vm32:r0:0) Connection finished, received 9859889 bytes
(vm32:r0) thread 0 joined, 30 connections remaining
(vm32:r0) Starting new connection thread
(vm32:r0) Maximum number of connections reached (5), waiting for a thread to finish
(vm32:r0:0) Connection established
(vm32:r0:0) Connection finished, received 9859889 bytes
(vm32:r0) thread 0 joined, 29 connections remaining
(vm32:r0) Starting new connection thread
(vm32:r0) Maximum number of connections reached (5), waiting for a thread to finish
(vm32:r0:0) Connection established
(vm32:r0:0) Connection finished, received 9859889 bytes
(vm32:r0) thread 0 joined, 28 connections remaining
(vm32:r0) Starting new connection thread
(vm32:r0) Maximum number of connections reached (5), waiting for a thread to finish
(vm32:r0:0) Connection established
(vm32:r0:0) Connection finished, received 9859889 bytes
(vm32:r0) thread 0 joined, 27 connections remaining
(vm32:r0) Starting new connection thread
(vm32:r0) Maximum number of connections reached (5), waiting for a thread to finish
(vm32:r0:0) Connection established
(vm32:r0:0) Connection finished, received 9859889 bytes
(vm32:r0) thread 0 joined, 26 connections remaining
(vm32:r0) Starting new connection thread
(vm32:r0) Maximum number of connections reached (5), waiting for a thread to finish
(vm32:r0:0) Connection established
(vm32:r0:0) Connection finished, received 9859889 bytes
(vm32:r0) thread 0 joined, 25 connections remaining
(vm32:r0) Starting new connection thread
(vm32:r0) Maximum number of connections reached (5), waiting for a thread to finish
(vm32:r0:0) Connection established
(vm32:r0:0) Connection finished, received 9859889 bytes
(vm32:r0) thread 0 joined, 24 connections remaining
(vm32:r0) Starting new connection thread
(vm32:r0) Maximum number of connections reached (5), waiting for a thread to finish
(vm32:r0:0) Connection established
(vm32:r0:0) Connection finished, received 9859889 bytes
(vm32:r0) thread 0 joined, 23 connections remaining
(vm32:r0) Starting new connection thread
(vm32:r0) Maximum number of connections reached (5), waiting for a thread to finish
(vm32:r0:0) Connection established
(vm32:r0:0) Connection finished, received 9859889 bytes
(vm32:r0) thread 0 joined, 22 connections remaining
(vm32:r0) Starting new connection thread
(vm32:r0) Maximum number of connections reached (5), waiting for a thread to finish
(vm32:r0:0) Connection established
(vm32:m0) Got connection from reducer vm27:r0
(vm32:m0:26) thread started, have to send 9859888 bytes
(vm32:m0:26) all data sent, thread exiting
(vm32:r0:0) Connection finished, received 9859889 bytes
(vm32:r0) thread 0 joined, 21 connections remaining
(vm32:r0) Starting new connection thread
(vm32:r0) Maximum number of connections reached (5), waiting for a thread to finish
(vm32:m0) Got connection from reducer vm1:r0
(vm32:r0:0) Connection established
(vm32:m0:0) thread started, have to send 9859888 bytes
(vm32:m0) Got connection from reducer vm29:r0
(vm32:m0:28) thread started, have to send 9859888 bytes
(vm32:m0:0) all data sent, thread exiting
(vm32:m0:28) all data sent, thread exiting
(vm32:r0:0) Connection finished, received 9859889 bytes
(vm32:r0) thread 0 joined, 20 connections remaining
(vm32:r0) Starting new connection thread
(vm32:r0) Maximum number of connections reached (5), waiting for a thread to finish
(vm32:r0:0) Connection established
(vm32:r0:0) Connection finished, received 9859889 bytes
(vm32:r0) thread 0 joined, 19 connections remaining
(vm32:r0) Starting new connection thread
(vm32:r0) Maximum number of connections reached (5), waiting for a thread to finish
(vm32:r0:0) Connection established
(vm32:m0) Got connection from reducer vm28:r0
(vm32:m0:27) thread started, have to send 9859888 bytes
(vm32:r0:0) Connection finished, received 9859889 bytes
(vm32:r0) thread 0 joined, 18 connections remaining
(vm32:r0) Starting new connection thread
(vm32:r0) Maximum number of connections reached (5), waiting for a thread to finish
(vm32:r0:0) Connection established
(vm32:m0:27) all data sent, thread exiting
(vm32:r0:0) Connection finished, received 9859889 bytes
(vm32:r0) thread 0 joined, 17 connections remaining
(vm32:r0) Starting new connection thread
(vm32:r0) Maximum number of connections reached (5), waiting for a thread to finish
(vm32:r0:0) Connection established
(vm32:r0:0) Connection finished, received 9859889 bytes
(vm32:r0) thread 0 joined, 16 connections remaining
(vm32:r0) Starting new connection thread
(vm32:r0) Maximum number of connections reached (5), waiting for a thread to finish
(vm32:r0:0) Connection established
(vm32:r0:0) Connection finished, received 9859889 bytes
(vm32:r0) thread 0 joined, 15 connections remaining
(vm32:r0) Starting new connection thread
(vm32:r0) Maximum number of connections reached (5), waiting for a thread to finish
(vm32:r0:0) Connection established
(vm32:r0:0) Connection finished, received 9859889 bytes
(vm32:r0) thread 0 joined, 14 connections remaining
(vm32:r0) Starting new connection thread
(vm32:r0) Maximum number of connections reached (5), waiting for a thread to finish
(vm32:r0:0) Connection established
(vm32:r0:0) Connection finished, received 9859889 bytes
(vm32:r0) thread 0 joined, 13 connections remaining
(vm32:r0) Starting new connection thread
(vm32:r0) Maximum number of connections reached (5), waiting for a thread to finish
(vm32:r0:0) Connection established
(vm32:r0:0) Connection finished, received 9859889 bytes
(vm32:r0) thread 0 joined, 12 connections remaining
(vm32:r0) Starting new connection thread
(vm32:r0) Maximum number of connections reached (5), waiting for a thread to finish
(vm32:r0:0) Connection established
(vm32:r0:0) Connection finished, received 9859889 bytes
(vm32:r0) thread 0 joined, 11 connections remaining
(vm32:r0) Starting new connection thread
(vm32:r0) Maximum number of connections reached (5), waiting for a thread to finish
(vm32:r0:0) Connection established
(vm32:r0:0) Connection finished, received 9859889 bytes
(vm32:r0) thread 0 joined, 10 connections remaining
(vm32:r0) Starting new connection thread
(vm32:r0) Maximum number of connections reached (5), waiting for a thread to finish
(vm32:r0:0) Connection established
(vm32:r0:0) Connection finished, received 9859889 bytes
(vm32:r0) thread 0 joined, 9 connections remaining
(vm32:r0) Starting new connection thread
(vm32:r0) Maximum number of connections reached (5), waiting for a thread to finish
(vm32:r0:0) Connection established
(vm32:r0:0) Connection finished, received 9859889 bytes
(vm32:r0) thread 0 joined, 8 connections remaining
(vm32:r0) Starting new connection thread
(vm32:r0) Maximum number of connections reached (5), waiting for a thread to finish
(vm32:r0:0) Connection established
(vm32:m0) Got connection from reducer vm9:r0
(vm32:m0:8) thread started, have to send 9859888 bytes
(vm32:r0:0) Connection finished, received 9859889 bytes
(vm32:r0) thread 0 joined, 7 connections remaining
(vm32:r0) Starting new connection thread
(vm32:r0) Maximum number of connections reached (5), waiting for a thread to finish
(vm32:r0:0) Connection established
(vm32:m0) Got connection from reducer vm6:r0
(vm32:m0:5) thread started, have to send 9859888 bytes
(vm32:m0:8) all data sent, thread exiting
(vm32:r0:0) Connection finished, received 9859889 bytes
(vm32:r0) thread 0 joined, 6 connections remaining
(vm32:r0) Starting new connection thread
(vm32:r0) Maximum number of connections reached (5), waiting for a thread to finish
(vm32:r0:0) Connection established
(vm32:m0) Got connection from reducer vm32:r0
(vm32:m0:5) all data sent, thread exiting
(vm32:m0:31) thread started, have to send 9859888 bytes
(vm32:r0:0) Connection finished, received 9859889 bytes
(vm32:m0:31) all data sent, thread exiting
(vm32:r0) thread 0 joined, 5 connections remaining
(vm32:r0) Starting new connection thread
(vm32:r0) Maximum number of connections reached (5), waiting for a thread to finish
(vm32:r0:0) Connection established
(vm32:r0:0) Connection finished, received 9859889 bytes
(vm32:r0) thread 0 joined, 4 connections remaining
(vm32:r0) Maximum number of connections reached (4), waiting for a thread to finish
(vm32:r0) thread 1 joined, 3 connections remaining
(vm32:r0) Maximum number of connections reached (3), waiting for a thread to finish
(vm32:r0) thread 2 joined, 2 connections remaining
(vm32:r0) Maximum number of connections reached (2), waiting for a thread to finish
(vm32:r0) thread 3 joined, 1 connections remaining
(vm32:r0) Maximum number of connections reached (1), waiting for a thread to finish
(vm32:r0) thread 4 joined, 0 connections remaining
(vm32:r0) all done, exiting
(vm32:m0) Got connection from reducer vm25:r0
(vm32:m0:24) thread started, have to send 9859888 bytes
(vm32:m0) Got connection from reducer vm8:r0
(vm32:m0:7) thread started, have to send 9859888 bytes
(vm32:m0:7) all data sent, thread exiting
(vm32:m0:24) all data sent, thread exiting
(vm32:m0) Got connection from reducer vm16:r0
(vm32:m0:15) thread started, have to send 9859888 bytes
(vm32:m0) Got connection from reducer vm21:r0
(vm32:m0:20) thread started, have to send 9859888 bytes
(vm32:m0:15) all data sent, thread exiting
(vm32:m0:20) all data sent, thread exiting
(vm32:m0) Got connection from reducer vm30:r0
(vm32:m0:29) thread started, have to send 9859888 bytes
(vm32:m0) Got connection from reducer vm10:r0
(vm32:m0:9) thread started, have to send 9859888 bytes
(vm32:m0:29) all data sent, thread exiting
(vm32:m0) Got connection from reducer vm2:r0
(vm32:m0:1) thread started, have to send 9859888 bytes
(vm32:m0:9) all data sent, thread exiting
(vm32:m0) Got connection from reducer vm11:r0
(vm32:m0:1) all data sent, thread exiting
(vm32:m0:10) thread started, have to send 9859888 bytes
(vm32:m0:10) all data sent, thread exiting
(vm32:m0) Got connection from reducer vm3:r0
(vm32:m0:2) thread started, have to send 9859888 bytes
(vm32:m0) Got connection from reducer vm7:r0
(vm32:m0:6) thread started, have to send 9859888 bytes
(vm32:m0:2) all data sent, thread exiting
(vm32:m0:6) all data sent, thread exiting
(vm32:m0) Got connection from reducer vm5:r0
(vm32:m0:4) thread started, have to send 9859888 bytes
(vm32:m0) Got connection from reducer vm13:r0
(vm32:m0:12) thread started, have to send 9859888 bytes
(vm32:m0:4) all data sent, thread exiting
(vm32:m0) Got connection from reducer vm12:r0
(vm32:m0:11) thread started, have to send 9859888 bytes
(vm32:m0:12) all data sent, thread exiting
(vm32:m0) Got connection from reducer vm15:r0
(vm32:m0:14) thread started, have to send 9859888 bytes
(vm32:m0:11) all data sent, thread exiting
(vm32:m0:14) all data sent, thread exiting
(vm32:m0) Got connection from reducer vm4:r0
(vm32:m0:3) thread started, have to send 9859888 bytes
(vm32:m0) Got connection from reducer vm24:r0
(vm32:m0:23) thread started, have to send 9859888 bytes
(vm32:m0:23) all data sent, thread exiting
(vm32:m0) Got connection from reducer vm14:r0
(vm32:m0:13) thread started, have to send 9859888 bytes
(vm32:m0:3) all data sent, thread exiting
(vm32:m0) Got connection from reducer vm33:r0
(vm32:m0:32) thread started, have to send 9859888 bytes
(vm32:m0:13) all data sent, thread exiting
(vm32:m0) Got connection from reducer vm17:r0
(vm32:m0:16) thread started, have to send 9859888 bytes
(vm32:m0:32) all data sent, thread exiting
(vm32:m0:16) all data sent, thread exiting
(vm32:m0) Got connection from reducer vm26:r0
(vm32:m0:25) thread started, have to send 9859888 bytes
(vm32:m0) Got connection from reducer vm18:r0
(vm32:m0:17) thread started, have to send 9859888 bytes
(vm32:m0:25) all data sent, thread exiting
(vm32:m0:17) all data sent, thread exiting
(vm32:m0) Got connection from reducer vm31:r0
(vm32:m0:30) thread started, have to send 9859888 bytes
(vm32:m0) Got connection from reducer vm19:r0
(vm32:m0) Got connection from reducer vm23:r0
(vm32:m0:22) thread started, have to send 9859888 bytes
(vm32:m0:18) thread started, have to send 9859888 bytes
(vm32:m0) Got connection from reducer vm22:r0
(vm32:m0:21) thread started, have to send 9859888 bytes
(vm32:m0:22) all data sent, thread exiting
(vm32:m0:18) all data sent, thread exiting
(vm32:m0:30) all data sent, thread exiting
(vm32:m0) Got connection from reducer vm20:r0
(vm32:m0) Waiting for a thread to finish
(vm32:m0) thread 0 joined, 32 connections remaining
(vm32:m0) Waiting for a thread to finish
(vm32:m0) thread 1 joined, 31 connections remaining
(vm32:m0) Waiting for a thread to finish
(vm32:m0) thread 2 joined, 30 connections remaining
(vm32:m0) Waiting for a thread to finish
(vm32:m0) thread 3 joined, 29 connections remaining
(vm32:m0) Waiting for a thread to finish
(vm32:m0) thread 4 joined, 28 connections remaining
(vm32:m0) Waiting for a thread to finish
(vm32:m0) thread 5 joined, 27 connections remaining
(vm32:m0) Waiting for a thread to finish
(vm32:m0) thread 6 joined, 26 connections remaining
(vm32:m0) Waiting for a thread to finish
(vm32:m0) thread 7 joined, 25 connections remaining
(vm32:m0) Waiting for a thread to finish
(vm32:m0) thread 8 joined, 24 connections remaining
(vm32:m0) Waiting for a thread to finish
(vm32:m0) thread 9 joined, 23 connections remaining
(vm32:m0) Waiting for a thread to finish
(vm32:m0) thread 10 joined, 22 connections remaining
(vm32:m0) Waiting for a thread to finish
(vm32:m0) thread 11 joined, 21 connections remaining
(vm32:m0) Waiting for a thread to finish
(vm32:m0) thread 12 joined, 20 connections remaining
(vm32:m0) Waiting for a thread to finish
(vm32:m0) thread 13 joined, 19 connections remaining
(vm32:m0) Waiting for a thread to finish
(vm32:m0) thread 14 joined, 18 connections remaining
(vm32:m0) Waiting for a thread to finish
(vm32:m0) thread 15 joined, 17 connections remaining
(vm32:m0) Waiting for a thread to finish
(vm32:m0) thread 16 joined, 16 connections remaining
(vm32:m0) Waiting for a thread to finish
(vm32:m0) thread 17 joined, 15 connections remaining
(vm32:m0) Waiting for a thread to finish
(vm32:m0) thread 18 joined, 14 connections remaining
(vm32:m0) Waiting for a thread to finish
(vm32:m0:19) thread started, have to send 9859888 bytes
(vm32:m0:21) all data sent, thread exiting
(vm32:m0:19) all data sent, thread exiting
(vm32:m0) thread 19 joined, 13 connections remaining
(vm32:m0) Waiting for a thread to finish
(vm32:m0) thread 20 joined, 12 connections remaining
(vm32:m0) Waiting for a thread to finish
(vm32:m0) thread 21 joined, 11 connections remaining
(vm32:m0) Waiting for a thread to finish
(vm32:m0) thread 22 joined, 10 connections remaining
(vm32:m0) Waiting for a thread to finish
(vm32:m0) thread 23 joined, 9 connections remaining
(vm32:m0) Waiting for a thread to finish
(vm32:m0) thread 24 joined, 8 connections remaining
(vm32:m0) Waiting for a thread to finish
(vm32:m0) thread 25 joined, 7 connections remaining
(vm32:m0) Waiting for a thread to finish
(vm32:m0) thread 26 joined, 6 connections remaining
(vm32:m0) Waiting for a thread to finish
(vm32:m0) thread 27 joined, 5 connections remaining
(vm32:m0) Waiting for a thread to finish
(vm32:m0) thread 28 joined, 4 connections remaining
(vm32:m0) Waiting for a thread to finish
(vm32:m0) thread 29 joined, 3 connections remaining
(vm32:m0) Waiting for a thread to finish
(vm32:m0) thread 30 joined, 2 connections remaining
(vm32:m0) Waiting for a thread to finish
(vm32:m0) thread 31 joined, 1 connections remaining
(vm32:m0) Waiting for a thread to finish
(vm32:m0) thread 32 joined, 0 connections remaining
(vm32:m0) all done, exiting
*RES* start node vm32:m0
*RES* vm32:m0:0,1405435188446,121,22,9859889
*RES* vm32:m0:1,1405435190570,66,14,9859889
*RES* vm32:m0:2,1405435190923,37,9,9859889
*RES* vm32:m0:3,1405435191174,45,9,9859889
*RES* vm32:m0:4,1405435191001,32,9,9859889
*RES* vm32:m0:5,1405435189514,43,12,9859889
*RES* vm32:m0:6,1405435190924,37,9,9859889
*RES* vm32:m0:7,1405435189732,44,5,9859889
*RES* vm32:m0:8,1405435189466,43,13,9859889
*RES* vm32:m0:9,1405435190549,43,15,9859889
*RES* vm32:m0:10,1405435190636,40,16,9859889
*RES* vm32:m0:11,1405435191048,50,11,9859889
*RES* vm32:m0:12,1405435191019,45,7,9859889
*RES* vm32:m0:13,1405435191216,23,8,9859889
*RES* vm32:m0:14,1405435191073,34,10,9859889
*RES* vm32:m0:15,1405435190055,44,6,9859889
*RES* vm32:m0:16,1405435191267,21,7,9859889
*RES* vm32:m0:17,1405435191311,23,8,9859889
*RES* vm32:m0:18,1405435191361,22,7,9859889
*RES* vm32:m0:19,1405435191398,18,5,9859889
*RES* vm32:m0:20,1405435190066,56,7,9859889
*RES* vm32:m0:21,1405435191375,29,6,9859889
*RES* vm32:m0:22,1405435191361,20,7,9859889
*RES* vm32:m0:23,1405435191188,26,8,9859889
*RES* vm32:m0:24,1405435189720,62,6,9859889
*RES* vm32:m0:25,1405435191305,20,9,9859889
*RES* vm32:m0:26,1405435188366,47,16,9859889
*RES* vm32:m0:27,1405435188724,44,12,9859889
*RES* vm32:m0:28,1405435188470,111,14,9859889
*RES* vm32:m0:29,1405435190509,45,12,9859889
*RES* vm32:m0:30,1405435191347,42,6,9859889
*RES* vm32:m0:31,1405435189562,6,2,9859889
*RES* vm32:m0:32,1405435191224,57,8,9859889
*RES* end node vm32:m0
Node vm32:m0 joined
*RES* start node vm32:r0
*RES* vm32:r0:0,1405435186276,404,12,9859889
*RES* vm32:r0:0,1405435186684,616,19,9859889
*RES* vm32:r0:0,1405435187306,475,21,9859889
*RES* vm32:r0:0,1405435187786,71,25,9859889
*RES* vm32:r0:0,1405435187862,64,20,9859889
*RES* vm32:r0:0,1405435187930,56,19,9859889
*RES* vm32:r0:0,1405435187990,68,20,9859889
*RES* vm32:r0:0,1405435188066,69,24,9859889
*RES* vm32:r0:0,1405435188142,51,20,9859889
*RES* vm32:r0:0,1405435188198,56,19,9859889
*RES* vm32:r0:0,1405435188258,55,18,9859889
*RES* vm32:r0:0,1405435188318,121,18,9859889
*RES* vm32:r0:0,1405435188446,204,20,9859889
*RES* vm32:r0:0,1405435188654,29,8,9859889
*RES* vm32:r0:0,1405435188690,38,8,9859889
*RES* vm32:r0:0,1405435188732,74,15,9859889
*RES* vm32:r0:0,1405435188810,94,10,9859889
*RES* vm32:r0:0,1405435188910,34,13,9859889
*RES* vm32:r0:0,1405435188950,43,13,9859889
*RES* vm32:r0:0,1405435188998,58,19,9859889
*RES* vm32:r0:0,1405435189062,53,16,9859889
*RES* vm32:r0:0,1405435189122,41,13,9859889
*RES* vm32:r0:0,1405435189170,46,18,9859889
*RES* vm32:r0:0,1405435189222,61,29,9859889
*RES* vm32:r0:0,1405435189290,42,13,9859889
*RES* vm32:r0:0,1405435189338,139,21,9859889
*RES* vm32:r0:0,1405435189483,68,21,9859889
*RES* vm32:r0:0,1405435189555,14,4,9859889
*RES* vm32:r0:0,1405435189574,48,15,9859889
*RES* vm32:r0:1,1405435186276,380,13,9859889
*RES* vm32:r0:2,1405435186276,400,13,9859889
*RES* vm32:r0:3,1405435186276,516,16,9859889
*RES* vm32:r0:4,1405435186276,426,14,9859889
*RES* end node vm32:r0
Node vm32:r0 joined
Worker terminating correctly
