OSMeF worker starting
Enabling core dumping
Listening for command connection
(vm22:m0) New mapper on port 23330
(vm22:m0) -> reducer data size 11930464
(vm22:m0) -> reducer data size 11930464
(vm22:m0) -> reducer data size 11930464
(vm22:m0) -> reducer data size 11930464
(vm22:m0) -> reducer data size 11930464
(vm22:m0) -> reducer data size 11930464
(vm22:m0) -> reducer data size 11930464
(vm22:m0) -> reducer data size 11930464
(vm22:m0) -> reducer data size 11930464
(vm22:m0) -> reducer data size 11930464
(vm22:m0) -> reducer data size 11930464
(vm22:m0) -> reducer data size 11930464
(vm22:m0) -> reducer data size 11930464
(vm22:m0) -> reducer data size 11930464
(vm22:m0) -> reducer data size 11930464
(vm22:m0) -> reducer data size 11930464
(vm22:m0) -> reducer data size 11930464
(vm22:m0) -> reducer data size 11930464
(vm22:m0) -> reducer data size 11930464
(vm22:m0) -> reducer data size 11930464
(vm22:m0) -> reducer data size 11930464
(vm22:m0) -> reducer data size 11930464
(vm22:m0) -> reducer data size 11930464
(vm22:m0) -> reducer data size 11930464
(vm22:m0) -> reducer data size 11930464
(vm22:m0) -> reducer data size 11930464
(vm22:m0) -> reducer data size 11930464
(vm22:m0) -> reducer data size 11930464
(vm22:m0) -> reducer data size 11930464
(vm22:m0) -> reducer data size 11930464
(vm22:m0) Mapper thread started
(vm22:m0) Allocating data for reducer vm1:r0
(vm22:m0) Allocating data for reducer vm2:r0
(vm22:m0) Allocating data for reducer vm3:r0
(vm22:m0) Allocating data for reducer vm4:r0
(vm22:m0) Allocating data for reducer vm5:r0
(vm22:m0) Allocating data for reducer vm6:r0
(vm22:m0) Allocating data for reducer vm7:r0
(vm22:m0) Allocating data for reducer vm8:r0
(vm22:m0) Allocating data for reducer vm9:r0
(vm22:m0) Allocating data for reducer vm10:r0
(vm22:m0) Allocating data for reducer vm11:r0
(vm22:m0) Allocating data for reducer vm12:r0
(vm22:m0) Allocating data for reducer vm13:r0
(vm22:m0) Allocating data for reducer vm14:r0
(vm22:m0) Allocating data for reducer vm15:r0
(vm22:m0) Allocating data for reducer vm16:r0
(vm22:m0) Allocating data for reducer vm17:r0
(vm22:m0) Allocating data for reducer vm18:r0
(vm22:m0) Allocating data for reducer vm19:r0
(vm22:m0) Allocating data for reducer vm20:r0
(vm22:m0) Allocating data for reducer vm21:r0
(vm22:m0) Allocating data for reducer vm22:r0
(vm22:m0) Allocating data for reducer vm23:r0
(vm22:m0) Allocating data for reducer vm24:r0
(vm22:m0) Allocating data for reducer vm25:r0
(vm22:m0) Allocating data for reducer vm26:r0
(vm22:m0) Allocating data for reducer vm27:r0
(vm22:m0) Allocating data for reducer vm28:r0
(vm22:m0) Allocating data for reducer vm29:r0
(vm22:m0) Allocating data for reducer vm30:r0
(vm22:m0) Binding to port 23330
(vm22:r0) New reducer
(vm22:r0) Reducer thread started
(vm22:r0) waiting for START message
(vm22:r0) got START message
(vm22:r0) Starting new connection thread
(vm22:r0) Starting new connection thread
(vm22:r0) Starting new connection thread
(vm22:r0) Starting new connection thread
(vm22:r0) Starting new connection thread
(vm22:r0) Maximum number of connections reached (5), waiting for a thread to finish
(vm22:r0:2) Connection established
(vm22:r0:1) Connection established
(vm22:r0:3) Connection established
(vm22:r0:0) Connection established
(vm22:r0:4) Connection established
(vm22:r0:1) Connection finished, received 11930465 bytes
(vm22:r0:2) Connection finished, received 11930465 bytes
(vm22:r0:0) Connection finished, received 11930465 bytes
(vm22:r0) thread 0 joined, 29 connections remaining
(vm22:r0) Starting new connection thread
(vm22:r0) Maximum number of connections reached (5), waiting for a thread to finish
(vm22:r0:0) Connection established
(vm22:r0:3) Connection finished, received 11930465 bytes
(vm22:r0:4) Connection finished, received 11930465 bytes
(vm22:r0:0) Connection finished, received 11930465 bytes
(vm22:r0) thread 0 joined, 28 connections remaining
(vm22:r0) Starting new connection thread
(vm22:r0) Maximum number of connections reached (5), waiting for a thread to finish
(vm22:r0:0) Connection established
(vm22:r0:0) Connection finished, received 11930465 bytes
(vm22:r0) thread 0 joined, 27 connections remaining
(vm22:r0) Starting new connection thread
(vm22:r0) Maximum number of connections reached (5), waiting for a thread to finish
(vm22:r0:0) Connection established
(vm22:r0:0) Connection finished, received 11930465 bytes
(vm22:r0) thread 0 joined, 26 connections remaining
(vm22:r0) Starting new connection thread
(vm22:r0) Maximum number of connections reached (5), waiting for a thread to finish
(vm22:r0:0) Connection established
(vm22:r0:0) Connection finished, received 11930465 bytes
(vm22:r0) thread 0 joined, 25 connections remaining
(vm22:r0) Starting new connection thread
(vm22:r0) Maximum number of connections reached (5), waiting for a thread to finish
(vm22:r0:0) Connection established
(vm22:r0:0) Connection finished, received 11930465 bytes
(vm22:r0) thread 0 joined, 24 connections remaining
(vm22:r0) Starting new connection thread
(vm22:r0) Maximum number of connections reached (5), waiting for a thread to finish
(vm22:r0:0) Connection established
(vm22:r0:0) Connection finished, received 11930465 bytes
(vm22:r0) thread 0 joined, 23 connections remaining
(vm22:r0) Starting new connection thread
(vm22:r0) Maximum number of connections reached (5), waiting for a thread to finish
(vm22:r0:0) Connection established
(vm22:m0) Got connection from reducer vm1:r0
(vm22:m0:0) thread started, have to send 11930464 bytes
(vm22:m0) Got connection from reducer vm15:r0
(vm22:m0:14) thread started, have to send 11930464 bytes
(vm22:m0) Got connection from reducer vm23:r0
(vm22:m0:22) thread started, have to send 11930464 bytes
(vm22:m0) Got connection from reducer vm6:r0
(vm22:m0:0) all data sent, thread exiting
(vm22:m0:5) thread started, have to send 11930464 bytes
(vm22:m0:14) all data sent, thread exiting
(vm22:m0:22) all data sent, thread exiting
(vm22:m0:5) all data sent, thread exiting
(vm22:r0:0) Connection finished, received 11930465 bytes
(vm22:r0) thread 0 joined, 22 connections remaining
(vm22:r0) Starting new connection thread
(vm22:r0) Maximum number of connections reached (5), waiting for a thread to finish
(vm22:r0:0) Connection established
(vm22:m0) Got connection from reducer vm8:r0
(vm22:m0:7) thread started, have to send 11930464 bytes
(vm22:m0) Got connection from reducer vm24:r0
(vm22:m0) Got connection from reducer vm16:r0
(vm22:m0:15) thread started, have to send 11930464 bytes
(vm22:m0:23) thread started, have to send 11930464 bytes
(vm22:m0:7) all data sent, thread exiting
(vm22:m0:15) all data sent, thread exiting
(vm22:m0:23) all data sent, thread exiting
(vm22:m0) Got connection from reducer vm20:r0
(vm22:m0:19) thread started, have to send 11930464 bytes
(vm22:m0) Got connection from reducer vm7:r0
(vm22:m0:6) thread started, have to send 11930464 bytes
(vm22:m0:6) all data sent, thread exiting
(vm22:m0:19) all data sent, thread exiting
(vm22:r0:0) Connection finished, received 11930465 bytes
(vm22:r0) thread 0 joined, 21 connections remaining
(vm22:r0) Starting new connection thread
(vm22:r0) Maximum number of connections reached (5), waiting for a thread to finish
(vm22:r0:0) Connection established
(vm22:m0) Got connection from reducer vm10:r0
(vm22:m0:9) thread started, have to send 11930464 bytes
(vm22:m0:9) all data sent, thread exiting
(vm22:r0:0) Connection finished, received 11930465 bytes
(vm22:r0) thread 0 joined, 20 connections remaining
(vm22:r0) Starting new connection thread
(vm22:r0) Maximum number of connections reached (5), waiting for a thread to finish
(vm22:r0:0) Connection established
(vm22:m0) Got connection from reducer vm25:r0
(vm22:m0:24) thread started, have to send 11930464 bytes
(vm22:r0:0) Connection finished, received 11930465 bytes
(vm22:r0) thread 0 joined, 19 connections remaining
(vm22:r0) Starting new connection thread
(vm22:r0) Maximum number of connections reached (5), waiting for a thread to finish
(vm22:r0:0) Connection established
(vm22:m0:24) all data sent, thread exiting
(vm22:m0) Got connection from reducer vm12:r0
(vm22:m0:11) thread started, have to send 11930464 bytes
(vm22:m0:11) all data sent, thread exiting
(vm22:r0:0) Connection finished, received 11930465 bytes
(vm22:r0) thread 0 joined, 18 connections remaining
(vm22:r0) Starting new connection thread
(vm22:r0) Maximum number of connections reached (5), waiting for a thread to finish
(vm22:r0:0) Connection established
(vm22:m0) Got connection from reducer vm5:r0
(vm22:m0:4) thread started, have to send 11930464 bytes
(vm22:m0:4) all data sent, thread exiting
(vm22:r0:0) Connection finished, received 11930465 bytes
(vm22:r0) thread 0 joined, 17 connections remaining
(vm22:r0) Starting new connection thread
(vm22:r0) Maximum number of connections reached (5), waiting for a thread to finish
(vm22:m0) Got connection from reducer vm3:r0
(vm22:m0:2) thread started, have to send 11930464 bytes
(vm22:r0:0) Connection established
(vm22:m0) Got connection from reducer vm18:r0
(vm22:m0:17) thread started, have to send 11930464 bytes
(vm22:m0:2) all data sent, thread exiting
(vm22:m0) Got connection from reducer vm9:r0
(vm22:m0:8) thread started, have to send 11930464 bytes
(vm22:m0) Got connection from reducer vm2:r0
(vm22:m0:1) thread started, have to send 11930464 bytes
(vm22:m0) Got connection from reducer vm21:r0
(vm22:m0:20) thread started, have to send 11930464 bytes
(vm22:m0:8) all data sent, thread exiting
(vm22:m0:1) all data sent, thread exiting
(vm22:m0) Got connection from reducer vm28:r0
(vm22:m0:27) thread started, have to send 11930464 bytes
(vm22:r0:0) Connection finished, received 11930465 bytes
(vm22:r0) thread 0 joined, 16 connections remaining
(vm22:r0) Starting new connection thread
(vm22:r0) Maximum number of connections reached (5), waiting for a thread to finish
(vm22:m0:27) all data sent, thread exiting
(vm22:m0) Got connection from reducer vm26:r0
(vm22:r0:0) Connection established
(vm22:m0:25) thread started, have to send 11930464 bytes
(vm22:m0:20) all data sent, thread exiting
(vm22:m0:17) all data sent, thread exiting
(vm22:m0) Got connection from reducer vm27:r0
(vm22:m0:25) all data sent, thread exiting
(vm22:m0:26) thread started, have to send 11930464 bytes
(vm22:m0) Got connection from reducer vm29:r0
(vm22:m0:28) thread started, have to send 11930464 bytes
(vm22:m0:26) all data sent, thread exiting
(vm22:m0) Got connection from reducer vm14:r0
(vm22:m0:13) thread started, have to send 11930464 bytes
(vm22:r0:0) Connection finished, received 11930465 bytes
(vm22:r0) thread 0 joined, 15 connections remaining
(vm22:r0) Starting new connection thread
(vm22:r0) Maximum number of connections reached (5), waiting for a thread to finish
(vm22:r0:0) Connection established
(vm22:m0:28) all data sent, thread exiting
(vm22:m0:13) all data sent, thread exiting
(vm22:r0:0) Connection finished, received 11930465 bytes
(vm22:r0) thread 0 joined, 14 connections remaining
(vm22:r0) Starting new connection thread
(vm22:r0) Maximum number of connections reached (5), waiting for a thread to finish
(vm22:r0:0) Connection established
(vm22:m0) Got connection from reducer vm13:r0
(vm22:m0:12) thread started, have to send 11930464 bytes
(vm22:m0) Got connection from reducer vm4:r0
(vm22:m0) Got connection from reducer vm11:r0
(vm22:m0) Got connection from reducer vm17:r0
(vm22:m0:10) thread started, have to send 11930464 bytes
(vm22:m0:16) thread started, have to send 11930464 bytes
(vm22:m0:3) thread started, have to send 11930464 bytes
(vm22:m0) Got connection from reducer vm30:r0
(vm22:r0:0) Connection finished, received 11930465 bytes
(vm22:r0) thread 0 joined, 13 connections remaining
(vm22:r0) Starting new connection thread
(vm22:r0) Maximum number of connections reached (5), waiting for a thread to finish
(vm22:m0:12) all data sent, thread exiting
(vm22:m0:29) thread started, have to send 11930464 bytes
(vm22:m0) Got connection from reducer vm19:r0
(vm22:r0:0) Connection established
(vm22:m0) Got connection from reducer vm22:r0
(vm22:m0) Waiting for a thread to finish
(vm22:m0) thread 0 joined, 29 connections remaining
(vm22:m0) Waiting for a thread to finish
(vm22:m0) thread 1 joined, 28 connections remaining
(vm22:m0) Waiting for a thread to finish
(vm22:m0) thread 2 joined, 27 connections remaining
(vm22:m0) Waiting for a thread to finish
(vm22:m0:18) thread started, have to send 11930464 bytes
(vm22:m0:21) thread started, have to send 11930464 bytes
(vm22:m0:21) all data sent, thread exiting
(vm22:r0:0) Connection finished, received 11930465 bytes
(vm22:m0:16) all data sent, thread exiting
(vm22:m0:10) all data sent, thread exiting
(vm22:m0:3) all data sent, thread exiting
(vm22:r0) thread 0 joined, 12 connections remaining
(vm22:r0) Starting new connection thread
(vm22:r0) Maximum number of connections reached (5), waiting for a thread to finish
(vm22:m0) thread 3 joined, 26 connections remaining
(vm22:m0) Waiting for a thread to finish
(vm22:m0) thread 4 joined, 25 connections remaining
(vm22:m0) Waiting for a thread to finish
(vm22:m0) thread 5 joined, 24 connections remaining
(vm22:m0) Waiting for a thread to finish
(vm22:m0) thread 6 joined, 23 connections remaining
(vm22:m0) Waiting for a thread to finish
(vm22:m0) thread 7 joined, 22 connections remaining
(vm22:m0) Waiting for a thread to finish
(vm22:m0) thread 8 joined, 21 connections remaining
(vm22:m0) Waiting for a thread to finish
(vm22:m0) thread 9 joined, 20 connections remaining
(vm22:m0) Waiting for a thread to finish
(vm22:m0) thread 10 joined, 19 connections remaining
(vm22:m0) Waiting for a thread to finish
(vm22:m0) thread 11 joined, 18 connections remaining
(vm22:m0) Waiting for a thread to finish
(vm22:m0) thread 12 joined, 17 connections remaining
(vm22:m0) Waiting for a thread to finish
(vm22:m0) thread 13 joined, 16 connections remaining
(vm22:m0) Waiting for a thread to finish
(vm22:m0) thread 14 joined, 15 connections remaining
(vm22:m0) Waiting for a thread to finish
(vm22:m0) thread 15 joined, 14 connections remaining
(vm22:m0) Waiting for a thread to finish
(vm22:m0) thread 16 joined, 13 connections remaining
(vm22:m0) Waiting for a thread to finish
(vm22:m0) thread 17 joined, 12 connections remaining
(vm22:m0) Waiting for a thread to finish
(vm22:m0:29) all data sent, thread exiting
(vm22:r0:0) Connection established
(vm22:m0:18) all data sent, thread exiting
(vm22:m0) thread 18 joined, 11 connections remaining
(vm22:m0) Waiting for a thread to finish
(vm22:m0) thread 19 joined, 10 connections remaining
(vm22:m0) Waiting for a thread to finish
(vm22:m0) thread 20 joined, 9 connections remaining
(vm22:m0) Waiting for a thread to finish
(vm22:m0) thread 21 joined, 8 connections remaining
(vm22:m0) Waiting for a thread to finish
(vm22:m0) thread 22 joined, 7 connections remaining
(vm22:m0) Waiting for a thread to finish
(vm22:m0) thread 23 joined, 6 connections remaining
(vm22:m0) Waiting for a thread to finish
(vm22:m0) thread 24 joined, 5 connections remaining
(vm22:m0) Waiting for a thread to finish
(vm22:m0) thread 25 joined, 4 connections remaining
(vm22:m0) Waiting for a thread to finish
(vm22:m0) thread 26 joined, 3 connections remaining
(vm22:m0) Waiting for a thread to finish
(vm22:m0) thread 27 joined, 2 connections remaining
(vm22:m0) Waiting for a thread to finish
(vm22:m0) thread 28 joined, 1 connections remaining
(vm22:m0) Waiting for a thread to finish
(vm22:m0) thread 29 joined, 0 connections remaining
(vm22:m0) all done, exiting
*RES* start node vm22:m0
*RES* vm22:m0:0,1405949070722,42,13,11930465
*RES* vm22:m0:1,1405949072091,50,9,11930465
*RES* vm22:m0:2,1405949072014,59,12,11930465
*RES* vm22:m0:3,1405949072498,82,9,11930465
*RES* vm22:m0:4,1405949071899,49,11,11930465
*RES* vm22:m0:5,1405949070768,72,11,11930465
*RES* vm22:m0:6,1405949071123,53,20,11930465
*RES* vm22:m0:7,1405949070946,51,21,11930465
*RES* vm22:m0:8,1405949072088,34,8,11930465
*RES* vm22:m0:9,1405949071374,58,24,11930465
*RES* vm22:m0:10,1405949072497,82,9,11930465
*RES* vm22:m0:11,1405949071775,53,22,11930465
*RES* vm22:m0:12,1405949072478,36,10,11930465
*RES* vm22:m0:13,1405949072310,53,10,11930465
*RES* vm22:m0:14,1405949070734,72,11,11930465
*RES* vm22:m0:15,1405949070982,45,12,11930465
*RES* vm22:m0:16,1405949072497,78,9,11930465
*RES* vm22:m0:17,1405949072063,153,10,11930465
*RES* vm22:m0:18,1405949072528,67,9,11930465
*RES* vm22:m0:19,1405949071086,146,15,11930465
*RES* vm22:m0:20,1405949072112,102,10,11930465
*RES* vm22:m0:21,1405949072531,45,5,11930465
*RES* vm22:m0:22,1405949070747,71,11,11930465
*RES* vm22:m0:23,1405949070982,81,14,11930465
*RES* vm22:m0:24,1405949071656,115,12,11930465
*RES* vm22:m0:25,1405949072194,40,11,11930465
*RES* vm22:m0:26,1405949072236,42,10,11930465
*RES* vm22:m0:27,1405949072148,41,10,11930465
*RES* vm22:m0:28,1405949072257,98,11,11930465
*RES* vm22:m0:29,1405949072516,70,8,11930465
*RES* end node vm22:m0
Node vm22:m0 joined
(vm22:r0:0) Connection finished, received 11930465 bytes
(vm22:r0) thread 0 joined, 11 connections remaining
(vm22:r0) Starting new connection thread
(vm22:r0) Maximum number of connections reached (5), waiting for a thread to finish
(vm22:r0:0) Connection established
(vm22:r0:0) Connection finished, received 11930465 bytes
(vm22:r0) thread 0 joined, 10 connections remaining
(vm22:r0) Starting new connection thread
(vm22:r0) Maximum number of connections reached (5), waiting for a thread to finish
(vm22:r0:0) Connection established
(vm22:r0:0) Connection finished, received 11930465 bytes
(vm22:r0) thread 0 joined, 9 connections remaining
(vm22:r0) Starting new connection thread
(vm22:r0) Maximum number of connections reached (5), waiting for a thread to finish
(vm22:r0:0) Connection established
(vm22:r0:0) Connection finished, received 11930465 bytes
(vm22:r0) thread 0 joined, 8 connections remaining
(vm22:r0) Starting new connection thread
(vm22:r0) Maximum number of connections reached (5), waiting for a thread to finish
(vm22:r0:0) Connection established
(vm22:r0:0) Connection finished, received 11930465 bytes
(vm22:r0) thread 0 joined, 7 connections remaining
(vm22:r0) Starting new connection thread
(vm22:r0) Maximum number of connections reached (5), waiting for a thread to finish
(vm22:r0:0) Connection established
(vm22:r0:0) Connection finished, received 11930465 bytes
(vm22:r0) thread 0 joined, 6 connections remaining
(vm22:r0) Starting new connection thread
(vm22:r0) Maximum number of connections reached (5), waiting for a thread to finish
(vm22:r0:0) Connection established
(vm22:r0:0) Connection finished, received 11930465 bytes
(vm22:r0) thread 0 joined, 5 connections remaining
(vm22:r0) Starting new connection thread
(vm22:r0) Maximum number of connections reached (5), waiting for a thread to finish
(vm22:r0:0) Connection established
(vm22:r0:0) Connection finished, received 11930465 bytes
(vm22:r0) thread 0 joined, 4 connections remaining
(vm22:r0) Maximum number of connections reached (4), waiting for a thread to finish
(vm22:r0) thread 1 joined, 3 connections remaining
(vm22:r0) Maximum number of connections reached (3), waiting for a thread to finish
(vm22:r0) thread 2 joined, 2 connections remaining
(vm22:r0) Maximum number of connections reached (2), waiting for a thread to finish
(vm22:r0) thread 3 joined, 1 connections remaining
(vm22:r0) Maximum number of connections reached (1), waiting for a thread to finish
(vm22:r0) thread 4 joined, 0 connections remaining
(vm22:r0) all done, exiting
*RES* start node vm22:r0
*RES* vm22:r0:0,1405949068424,468,15,11930465
*RES* vm22:r0:0,1405949068898,377,18,11930465
*RES* vm22:r0:0,1405949069282,557,20,11930465
*RES* vm22:r0:0,1405949069846,314,16,11930465
*RES* vm22:r0:0,1405949070166,288,17,11930465
*RES* vm22:r0:0,1405949070458,131,19,11930465
*RES* vm22:r0:0,1405949070594,62,17,11930465
*RES* vm22:r0:0,1405949070662,220,15,11930465
*RES* vm22:r0:0,1405949070890,400,25,11930465
*RES* vm22:r0:0,1405949071298,208,26,11930465
*RES* vm22:r0:0,1405949071511,179,20,11930465
*RES* vm22:r0:0,1405949071694,194,20,11930465
*RES* vm22:r0:0,1405949071894,105,19,11930465
*RES* vm22:r0:0,1405949072006,176,16,11930465
*RES* vm22:r0:0,1405949072193,119,15,11930465
*RES* vm22:r0:0,1405949072317,74,12,11930465
*RES* vm22:r0:0,1405949072394,117,13,11930465
*RES* vm22:r0:0,1405949072517,60,5,11930465
*RES* vm22:r0:0,1405949072587,91,14,11930465
*RES* vm22:r0:0,1405949072682,84,12,11930465
*RES* vm22:r0:0,1405949072770,60,10,11930465
*RES* vm22:r0:0,1405949072834,27,7,11930465
*RES* vm22:r0:0,1405949072866,24,8,11930465
*RES* vm22:r0:0,1405949072894,26,7,11930465
*RES* vm22:r0:0,1405949072926,21,7,11930465
*RES* vm22:r0:0,1405949072954,31,7,11930465
*RES* vm22:r0:1,1405949068424,354,15,11930465
*RES* vm22:r0:2,1405949068424,450,17,11930465
*RES* vm22:r0:3,1405949068424,510,16,11930465
*RES* vm22:r0:4,1405949068424,523,16,11930465
*RES* end node vm22:r0
Node vm22:r0 joined
Worker terminating correctly
