OSMeF worker starting
Enabling core dumping
Listening for command connection
(vm27:m0) New mapper on port 23330
(vm27:m0) -> reducer data size 1402438300
(vm27:m0) -> reducer data size 1402438300
(vm27:m0) -> reducer data size 1402438300
(vm27:m0) -> reducer data size 1402438300
(vm27:m0) -> reducer data size 1402438300
(vm27:m0) -> reducer data size 1402438300
(vm27:m0) -> reducer data size 1402438300
(vm27:m0) -> reducer data size 1402438300
(vm27:m0) -> reducer data size 1402438300
(vm27:m0) -> reducer data size 1402438300
(vm27:m0) -> reducer data size 1402438300
(vm27:m0) -> reducer data size 1402438300
(vm27:m0) -> reducer data size 1402438300
(vm27:m0) -> reducer data size 1402438300
(vm27:m0) -> reducer data size 1402438300
(vm27:m0) -> reducer data size 1402438300
(vm27:m0) -> reducer data size 1402438300
(vm27:m0) -> reducer data size 1402438300
(vm27:m0) -> reducer data size 1402438300
(vm27:m0) -> reducer data size 1402438300
(vm27:m0) -> reducer data size 1402438300
(vm27:m0) -> reducer data size 1402438300
(vm27:m0) -> reducer data size 1402438300
(vm27:m0) -> reducer data size 1402438300
(vm27:m0) -> reducer data size 1402438300
(vm27:m0) -> reducer data size 1402438300
(vm27:m0) -> reducer data size 1402438300
(vm27:m0) -> reducer data size 1402438300
(vm27:m0) Mapper thread started
(vm27:m0) Allocating data for reducer vm1:r0
(vm27:m0) Allocating data for reducer vm2:r0
(vm27:m0) Allocating data for reducer vm3:r0
(vm27:m0) Allocating data for reducer vm4:r0
(vm27:m0) Allocating data for reducer vm5:r0
(vm27:m0) Allocating data for reducer vm6:r0
(vm27:m0) Allocating data for reducer vm7:r0
(vm27:m0) Allocating data for reducer vm8:r0
(vm27:m0) Allocating data for reducer vm9:r0
(vm27:m0) Allocating data for reducer vm10:r0
(vm27:m0) Allocating data for reducer vm11:r0
(vm27:m0) Allocating data for reducer vm12:r0
(vm27:m0) Allocating data for reducer vm13:r0
(vm27:m0) Allocating data for reducer vm14:r0
(vm27:m0) Allocating data for reducer vm15:r0
(vm27:m0) Allocating data for reducer vm16:r0
(vm27:m0) Allocating data for reducer vm17:r0
(vm27:m0) Allocating data for reducer vm18:r0
(vm27:m0) Allocating data for reducer vm19:r0
(vm27:m0) Allocating data for reducer vm20:r0
(vm27:m0) Allocating data for reducer vm21:r0
(vm27:m0) Allocating data for reducer vm22:r0
(vm27:m0) Allocating data for reducer vm23:r0
(vm27:m0) Allocating data for reducer vm24:r0
(vm27:m0) Allocating data for reducer vm25:r0
(vm27:m0) Allocating data for reducer vm26:r0
(vm27:m0) Allocating data for reducer vm27:r0
(vm27:m0) Allocating data for reducer vm28:r0
(vm27:m0) Binding to port 23330
(vm27:r0) New reducer
(vm27:r0) Reducer thread started
(vm27:r0) waiting for START message
(vm27:r0) got START message
(vm27:r0) Starting new connection thread
(vm27:r0) Starting new connection thread
(vm27:r0) Starting new connection thread
(vm27:r0) Starting new connection thread
(vm27:r0) Starting new connection thread
(vm27:r0) Maximum number of connections reached (5), waiting for a thread to finish
(vm27:r0:2) Connection established
(vm27:r0:4) Connection established
(vm27:r0:1) Connection established
(vm27:r0:3) Connection established
(vm27:r0:0) Connection established
(vm27:r0:2) Connection finished, received 1402438301 bytes
(vm27:r0:1) Connection finished, received 1402438301 bytes
(vm27:r0:0) Connection finished, received 1402438301 bytes
(vm27:r0) thread 0 joined, 27 connections remaining
(vm27:r0) Starting new connection thread
(vm27:r0) Maximum number of connections reached (5), waiting for a thread to finish
(vm27:r0:0) Connection established
(vm27:r0:3) Connection finished, received 1402438301 bytes
(vm27:r0:4) Connection finished, received 1402438301 bytes
(vm27:r0:0) Connection finished, received 1402438301 bytes
(vm27:r0) thread 0 joined, 26 connections remaining
(vm27:r0) Starting new connection thread
(vm27:r0) Maximum number of connections reached (5), waiting for a thread to finish
(vm27:r0:0) Connection established
(vm27:r0:0) Connection finished, received 1402438301 bytes
(vm27:r0) thread 0 joined, 25 connections remaining
(vm27:r0) Starting new connection thread
(vm27:r0) Maximum number of connections reached (5), waiting for a thread to finish
(vm27:r0:0) Connection established
(vm27:r0:0) Connection finished, received 1402438301 bytes
(vm27:r0) thread 0 joined, 24 connections remaining
(vm27:r0) Starting new connection thread
(vm27:r0) Maximum number of connections reached (5), waiting for a thread to finish
(vm27:r0:0) Connection established
(vm27:m0) Got connection from reducer vm1:r0
(vm27:m0:0) thread started, have to send 1402438300 bytes
(vm27:m0:0) all data sent, thread exiting
(vm27:r0:0) Connection finished, received 1402438301 bytes
(vm27:r0) thread 0 joined, 23 connections remaining
(vm27:r0) Starting new connection thread
(vm27:r0) Maximum number of connections reached (5), waiting for a thread to finish
(vm27:r0:0) Connection established
(vm27:m0) Got connection from reducer vm24:r0
(vm27:m0:23) thread started, have to send 1402438300 bytes
(vm27:m0) Got connection from reducer vm12:r0
(vm27:m0:11) thread started, have to send 1402438300 bytes
(vm27:m0:23) all data sent, thread exiting
(vm27:m0:11) all data sent, thread exiting
(vm27:r0:0) Connection finished, received 1402438301 bytes
(vm27:r0) thread 0 joined, 22 connections remaining
(vm27:r0) Starting new connection thread
(vm27:r0) Maximum number of connections reached (5), waiting for a thread to finish
(vm27:r0:0) Connection established
(vm27:m0) Got connection from reducer vm6:r0
(vm27:m0:5) thread started, have to send 1402438300 bytes
(vm27:m0) Got connection from reducer vm15:r0
(vm27:m0:14) thread started, have to send 1402438300 bytes
(vm27:m0:5) all data sent, thread exiting
(vm27:m0) Got connection from reducer vm13:r0
(vm27:m0:12) thread started, have to send 1402438300 bytes
(vm27:m0:14) all data sent, thread exiting
(vm27:m0:12) all data sent, thread exiting
(vm27:r0:0) Connection finished, received 1402438301 bytes
(vm27:r0) thread 0 joined, 21 connections remaining
(vm27:r0) Starting new connection thread
(vm27:r0) Maximum number of connections reached (5), waiting for a thread to finish
(vm27:r0:0) Connection established
(vm27:m0) Got connection from reducer vm7:r0
(vm27:m0:6) thread started, have to send 1402438300 bytes
(vm27:m0:6) all data sent, thread exiting
(vm27:r0:0) Connection finished, received 1402438301 bytes
(vm27:r0) thread 0 joined, 20 connections remaining
(vm27:r0) Starting new connection thread
(vm27:r0) Maximum number of connections reached (5), waiting for a thread to finish
(vm27:r0:0) Connection established
(vm27:m0) Got connection from reducer vm18:r0
(vm27:m0:17) thread started, have to send 1402438300 bytes
(vm27:m0:17) all data sent, thread exiting
(vm27:r0:0) Connection finished, received 1402438301 bytes
(vm27:r0) thread 0 joined, 19 connections remaining
(vm27:r0) Starting new connection thread
(vm27:r0) Maximum number of connections reached (5), waiting for a thread to finish
(vm27:r0:0) Connection established
(vm27:m0) Got connection from reducer vm9:r0
(vm27:m0:8) thread started, have to send 1402438300 bytes
(vm27:m0:8) all data sent, thread exiting
(vm27:m0) Got connection from reducer vm28:r0
(vm27:m0:27) thread started, have to send 1402438300 bytes
(vm27:m0) Got connection from reducer vm8:r0
(vm27:m0:7) thread started, have to send 1402438300 bytes
(vm27:m0) Got connection from reducer vm23:r0
(vm27:m0:22) thread started, have to send 1402438300 bytes
(vm27:m0:27) all data sent, thread exiting
(vm27:m0:7) all data sent, thread exiting
(vm27:r0:0) Connection finished, received 1402438301 bytes
(vm27:r0) thread 0 joined, 18 connections remaining
(vm27:r0) Starting new connection thread
(vm27:r0) Maximum number of connections reached (5), waiting for a thread to finish
(vm27:r0:0) Connection established
(vm27:m0:22) all data sent, thread exiting
(vm27:m0) Got connection from reducer vm20:r0
(vm27:m0:19) thread started, have to send 1402438300 bytes
(vm27:m0) Got connection from reducer vm10:r0
(vm27:m0:9) thread started, have to send 1402438300 bytes
(vm27:r0:0) Connection finished, received 1402438301 bytes
(vm27:r0) thread 0 joined, 17 connections remaining
(vm27:r0) Starting new connection thread
(vm27:r0) Maximum number of connections reached (5), waiting for a thread to finish
(vm27:r0:0) Connection established
(vm27:m0) Got connection from reducer vm25:r0
(vm27:m0:24) thread started, have to send 1402438300 bytes
(vm27:m0:19) all data sent, thread exiting
(vm27:m0:9) all data sent, thread exiting
(vm27:r0:0) Connection finished, received 1402438301 bytes
(vm27:r0) thread 0 joined, 16 connections remaining
(vm27:r0) Starting new connection thread
(vm27:r0) Maximum number of connections reached (5), waiting for a thread to finish
(vm27:r0:0) Connection established
(vm27:m0:24) all data sent, thread exiting
(vm27:r0:0) Connection finished, received 1402438301 bytes
(vm27:r0) thread 0 joined, 15 connections remaining
(vm27:r0) Starting new connection thread
(vm27:r0) Maximum number of connections reached (5), waiting for a thread to finish
(vm27:r0:0) Connection established
(vm27:m0) Got connection from reducer vm4:r0
(vm27:m0:3) thread started, have to send 1402438300 bytes
(vm27:r0:0) Connection finished, received 1402438301 bytes
(vm27:r0) thread 0 joined, 14 connections remaining
(vm27:r0) Starting new connection thread
(vm27:r0) Maximum number of connections reached (5), waiting for a thread to finish
(vm27:r0:0) Connection established
(vm27:m0:3) all data sent, thread exiting
(vm27:m0) Got connection from reducer vm2:r0
(vm27:m0:1) thread started, have to send 1402438300 bytes
(vm27:r0:0) Connection finished, received 1402438301 bytes
(vm27:r0) thread 0 joined, 13 connections remaining
(vm27:r0) Starting new connection thread
(vm27:r0) Maximum number of connections reached (5), waiting for a thread to finish
(vm27:r0:0) Connection established
(vm27:m0:1) all data sent, thread exiting
(vm27:r0:0) Connection finished, received 1402438301 bytes
(vm27:r0) thread 0 joined, 12 connections remaining
(vm27:r0) Starting new connection thread
(vm27:r0) Maximum number of connections reached (5), waiting for a thread to finish
(vm27:r0:0) Connection established
(vm27:r0:0) Connection finished, received 1402438301 bytes
(vm27:r0) thread 0 joined, 11 connections remaining
(vm27:r0) Starting new connection thread
(vm27:r0) Maximum number of connections reached (5), waiting for a thread to finish
(vm27:r0:0) Connection established
(vm27:m0) Got connection from reducer vm26:r0
(vm27:m0:25) thread started, have to send 1402438300 bytes
(vm27:r0:0) Connection finished, received 1402438301 bytes
(vm27:r0) thread 0 joined, 10 connections remaining
(vm27:r0) Starting new connection thread
(vm27:r0) Maximum number of connections reached (5), waiting for a thread to finish
(vm27:r0:0) Connection established
(vm27:m0:25) all data sent, thread exiting
(vm27:m0) Got connection from reducer vm3:r0
(vm27:m0:2) thread started, have to send 1402438300 bytes
(vm27:m0) Got connection from reducer vm22:r0
(vm27:m0:21) thread started, have to send 1402438300 bytes
(vm27:r0:0) Connection finished, received 1402438301 bytes
(vm27:r0) thread 0 joined, 9 connections remaining
(vm27:r0) Starting new connection thread
(vm27:r0) Maximum number of connections reached (5), waiting for a thread to finish
(vm27:r0:0) Connection established
(vm27:m0:2) all data sent, thread exiting
(vm27:r0:0) Connection finished, received 1402438301 bytes
(vm27:r0) thread 0 joined, 8 connections remaining
(vm27:r0) Starting new connection thread
(vm27:r0) Maximum number of connections reached (5), waiting for a thread to finish
(vm27:r0:0) Connection established
(vm27:m0:21) all data sent, thread exiting
(vm27:r0:0) Connection finished, received 1402438301 bytes
(vm27:r0) thread 0 joined, 7 connections remaining
(vm27:r0) Starting new connection thread
(vm27:r0) Maximum number of connections reached (5), waiting for a thread to finish
(vm27:r0:0) Connection established
(vm27:r0:0) Connection finished, received 1402438301 bytes
(vm27:r0) thread 0 joined, 6 connections remaining
(vm27:r0) Starting new connection thread
(vm27:r0) Maximum number of connections reached (5), waiting for a thread to finish
(vm27:r0:0) Connection established
(vm27:m0) Got connection from reducer vm27:r0
(vm27:m0:26) thread started, have to send 1402438300 bytes
(vm27:m0:26) all data sent, thread exiting
(vm27:r0:0) Connection finished, received 1402438301 bytes
(vm27:r0) thread 0 joined, 5 connections remaining
(vm27:r0) Starting new connection thread
(vm27:r0) Maximum number of connections reached (5), waiting for a thread to finish
(vm27:r0:0) Connection established
(vm27:m0) Got connection from reducer vm14:r0
(vm27:m0:13) thread started, have to send 1402438300 bytes
(vm27:r0:0) Connection finished, received 1402438301 bytes
(vm27:r0) thread 0 joined, 4 connections remaining
(vm27:r0) Maximum number of connections reached (4), waiting for a thread to finish
(vm27:r0) thread 1 joined, 3 connections remaining
(vm27:r0) Maximum number of connections reached (3), waiting for a thread to finish
(vm27:r0) thread 2 joined, 2 connections remaining
(vm27:r0) Maximum number of connections reached (2), waiting for a thread to finish
(vm27:r0) thread 3 joined, 1 connections remaining
(vm27:r0) Maximum number of connections reached (1), waiting for a thread to finish
(vm27:r0) thread 4 joined, 0 connections remaining
(vm27:r0) all done, exiting
(vm27:m0:13) all data sent, thread exiting
(vm27:m0) Got connection from reducer vm16:r0
(vm27:m0:15) thread started, have to send 1402438300 bytes
(vm27:m0:15) all data sent, thread exiting
(vm27:m0) Got connection from reducer vm17:r0
(vm27:m0:16) thread started, have to send 1402438300 bytes
(vm27:m0:16) all data sent, thread exiting
(vm27:m0) Got connection from reducer vm19:r0
(vm27:m0:18) thread started, have to send 1402438300 bytes
(vm27:m0:18) all data sent, thread exiting
(vm27:m0) Got connection from reducer vm21:r0
(vm27:m0:20) thread started, have to send 1402438300 bytes
(vm27:m0:20) all data sent, thread exiting
(vm27:m0) Got connection from reducer vm11:r0
(vm27:m0:10) thread started, have to send 1402438300 bytes
(vm27:m0) Got connection from reducer vm5:r0
(vm27:m0) Waiting for a thread to finish
(vm27:m0) thread 0 joined, 27 connections remaining
(vm27:m0) Waiting for a thread to finish
(vm27:m0) thread 1 joined, 26 connections remaining
(vm27:m0) Waiting for a thread to finish
(vm27:m0) thread 2 joined, 25 connections remaining
(vm27:m0) Waiting for a thread to finish
(vm27:m0) thread 3 joined, 24 connections remaining
(vm27:m0) Waiting for a thread to finish
(vm27:m0:4) thread started, have to send 1402438300 bytes
(vm27:m0:10) all data sent, thread exiting
(vm27:m0:4) all data sent, thread exiting
(vm27:m0) thread 4 joined, 23 connections remaining
(vm27:m0) Waiting for a thread to finish
(vm27:m0) thread 5 joined, 22 connections remaining
(vm27:m0) Waiting for a thread to finish
(vm27:m0) thread 6 joined, 21 connections remaining
(vm27:m0) Waiting for a thread to finish
(vm27:m0) thread 7 joined, 20 connections remaining
(vm27:m0) Waiting for a thread to finish
(vm27:m0) thread 8 joined, 19 connections remaining
(vm27:m0) Waiting for a thread to finish
(vm27:m0) thread 9 joined, 18 connections remaining
(vm27:m0) Waiting for a thread to finish
(vm27:m0) thread 10 joined, 17 connections remaining
(vm27:m0) Waiting for a thread to finish
(vm27:m0) thread 11 joined, 16 connections remaining
(vm27:m0) Waiting for a thread to finish
(vm27:m0) thread 12 joined, 15 connections remaining
(vm27:m0) Waiting for a thread to finish
(vm27:m0) thread 13 joined, 14 connections remaining
(vm27:m0) Waiting for a thread to finish
(vm27:m0) thread 14 joined, 13 connections remaining
(vm27:m0) Waiting for a thread to finish
(vm27:m0) thread 15 joined, 12 connections remaining
(vm27:m0) Waiting for a thread to finish
(vm27:m0) thread 16 joined, 11 connections remaining
(vm27:m0) Waiting for a thread to finish
(vm27:m0) thread 17 joined, 10 connections remaining
(vm27:m0) Waiting for a thread to finish
(vm27:m0) thread 18 joined, 9 connections remaining
(vm27:m0) Waiting for a thread to finish
(vm27:m0) thread 19 joined, 8 connections remaining
(vm27:m0) Waiting for a thread to finish
(vm27:m0) thread 20 joined, 7 connections remaining
(vm27:m0) Waiting for a thread to finish
(vm27:m0) thread 21 joined, 6 connections remaining
(vm27:m0) Waiting for a thread to finish
(vm27:m0) thread 22 joined, 5 connections remaining
(vm27:m0) Waiting for a thread to finish
(vm27:m0) thread 23 joined, 4 connections remaining
(vm27:m0) Waiting for a thread to finish
(vm27:m0) thread 24 joined, 3 connections remaining
(vm27:m0) Waiting for a thread to finish
(vm27:m0) thread 25 joined, 2 connections remaining
(vm27:m0) Waiting for a thread to finish
(vm27:m0) thread 26 joined, 1 connections remaining
(vm27:m0) Waiting for a thread to finish
(vm27:m0) thread 27 joined, 0 connections remaining
(vm27:m0) all done, exiting
*RES* start node vm27:m0
*RES* vm27:m0:0,1404896248685,4866,1443,1402438301
*RES* vm27:m0:1,1404896350949,3622,1212,1402438301
*RES* vm27:m0:2,1404896361685,4668,1287,1402438301
*RES* vm27:m0:3,1404896346515,3584,1197,1402438301
*RES* vm27:m0:4,1404896395905,2759,1031,1402438301
*RES* vm27:m0:5,1404896282717,4408,1290,1402438301
*RES* vm27:m0:6,1404896300375,2966,1169,1402438301
*RES* vm27:m0:7,1404896328641,5084,1219,1402438301
*RES* vm27:m0:8,1404896323753,3061,1222,1402438301
*RES* vm27:m0:9,1404896337601,5025,1312,1402438301
*RES* vm27:m0:10,1404896395548,2451,854,1402438301
*RES* vm27:m0:11,1404896263547,5441,1244,1402438301
*RES* vm27:m0:12,1404896287177,4094,1459,1402438301
*RES* vm27:m0:13,1404896372725,2905,1134,1402438301
*RES* vm27:m0:14,1404896282830,4989,1257,1402438301
*RES* vm27:m0:15,1404896377264,1507,743,1402438301
*RES* vm27:m0:16,1404896381648,1660,1062,1402438301
*RES* vm27:m0:17,1404896313901,3514,1237,1402438301
*RES* vm27:m0:18,1404896384858,1721,779,1402438301
*RES* vm27:m0:19,1404896336086,4247,1291,1402438301
*RES* vm27:m0:20,1404896388618,1461,795,1402438301
*RES* vm27:m0:21,1404896363109,4250,1149,1402438301
*RES* vm27:m0:22,1404896329737,5061,1225,1402438301
*RES* vm27:m0:23,1404896261545,4083,1467,1402438301
*RES* vm27:m0:24,1404896340271,4423,1203,1402438301
*RES* vm27:m0:25,1404896357881,3634,1119,1402438301
*RES* vm27:m0:26,1404896370842,1285,199,1402438301
*RES* vm27:m0:27,1404896328313,5091,1225,1402438301
*RES* end node vm27:m0
Node vm27:m0 joined
*RES* start node vm27:r0
*RES* vm27:r0:0,1404896112297,38304,1330,1402438301
*RES* vm27:r0:0,1404896150605,30171,1256,1402438301
*RES* vm27:r0:0,1404896180781,28232,1312,1402438301
*RES* vm27:r0:0,1404896209017,25436,1414,1402438301
*RES* vm27:r0:0,1404896234461,25302,1315,1402438301
*RES* vm27:r0:0,1404896259769,21024,1316,1402438301
*RES* vm27:r0:0,1404896280797,17524,1358,1402438301
*RES* vm27:r0:0,1404896298325,12951,1273,1402438301
*RES* vm27:r0:0,1404896311281,11562,1344,1402438301
*RES* vm27:r0:0,1404896322853,11750,1205,1402438301
*RES* vm27:r0:0,1404896334609,4586,1135,1402438301
*RES* vm27:r0:0,1404896339209,3974,1012,1402438301
*RES* vm27:r0:0,1404896343193,3133,1115,1402438301
*RES* vm27:r0:0,1404896346333,2759,917,1402438301
*RES* vm27:r0:0,1404896349105,2818,977,1402438301
*RES* vm27:r0:0,1404896351933,2826,940,1402438301
*RES* vm27:r0:0,1404896354765,2916,1063,1402438301
*RES* vm27:r0:0,1404896357689,3076,955,1402438301
*RES* vm27:r0:0,1404896360771,3163,1004,1402438301
*RES* vm27:r0:0,1404896363952,3324,898,1402438301
*RES* vm27:r0:0,1404896367290,1823,855,1402438301
*RES* vm27:r0:0,1404896369121,1713,839,1402438301
*RES* vm27:r0:0,1404896370841,1287,541,1402438301
*RES* vm27:r0:0,1404896372133,2392,878,1402438301
*RES* vm27:r0:1,1404896112297,37391,1312,1402438301
*RES* vm27:r0:2,1404896112297,27133,1235,1402438301
*RES* vm27:r0:3,1404896112297,38760,1305,1402438301
*RES* vm27:r0:4,1404896112297,39782,1278,1402438301
*RES* end node vm27:r0
Node vm27:r0 joined
Worker terminating correctly
