OSMeF worker starting
Enabling core dumping
Listening for command connection
(vm13:m0) New mapper on port 23330
(vm13:m0) -> reducer data size 2078471886
(vm13:m0) -> reducer data size 2078471886
(vm13:m0) -> reducer data size 2078471886
(vm13:m0) -> reducer data size 2078471886
(vm13:m0) -> reducer data size 2078471886
(vm13:m0) -> reducer data size 2078471886
(vm13:m0) -> reducer data size 2078471886
(vm13:m0) -> reducer data size 2078471886
(vm13:m0) -> reducer data size 2078471886
(vm13:m0) -> reducer data size 2078471886
(vm13:m0) -> reducer data size 2078471886
(vm13:m0) -> reducer data size 2078471886
(vm13:m0) -> reducer data size 2078471886
(vm13:m0) -> reducer data size 2078471886
(vm13:m0) -> reducer data size 2078471886
(vm13:m0) -> reducer data size 2078471886
(vm13:m0) -> reducer data size 2078471886
(vm13:m0) -> reducer data size 2078471886
(vm13:m0) -> reducer data size 2078471886
(vm13:m0) -> reducer data size 2078471886
(vm13:m0) -> reducer data size 2078471886
(vm13:m0) -> reducer data size 2078471886
(vm13:m0) -> reducer data size 2078471886
(vm13:m0) Mapper thread started
(vm13:m0) Allocating data for reducer vm1:r0
(vm13:m0) Allocating data for reducer vm2:r0
(vm13:m0) Allocating data for reducer vm3:r0
(vm13:m0) Allocating data for reducer vm4:r0
(vm13:m0) Allocating data for reducer vm5:r0
(vm13:m0) Allocating data for reducer vm6:r0
(vm13:m0) Allocating data for reducer vm7:r0
(vm13:m0) Allocating data for reducer vm8:r0
(vm13:m0) Allocating data for reducer vm9:r0
(vm13:m0) Allocating data for reducer vm10:r0
(vm13:m0) Allocating data for reducer vm11:r0
(vm13:m0) Allocating data for reducer vm12:r0
(vm13:m0) Allocating data for reducer vm13:r0
(vm13:m0) Allocating data for reducer vm14:r0
(vm13:m0) Allocating data for reducer vm15:r0
(vm13:m0) Allocating data for reducer vm16:r0
(vm13:m0) Allocating data for reducer vm17:r0
(vm13:m0) Allocating data for reducer vm18:r0
(vm13:m0) Allocating data for reducer vm19:r0
(vm13:m0) Allocating data for reducer vm20:r0
(vm13:m0) Allocating data for reducer vm21:r0
(vm13:m0) Allocating data for reducer vm22:r0
(vm13:m0) Allocating data for reducer vm23:r0
(vm13:m0) Binding to port 23330
(vm13:r0) New reducer
(vm13:r0) Reducer thread started
(vm13:r0) waiting for START message
(vm13:r0) got START message
(vm13:r0) Starting new connection thread
(vm13:r0) Starting new connection thread
(vm13:r0) Starting new connection thread
(vm13:r0) Starting new connection thread
(vm13:r0) Starting new connection thread
(vm13:r0) Maximum number of connections reached (5), waiting for a thread to finish
(vm13:r0:3) Connection established
(vm13:r0:0) Connection established
(vm13:r0:1) Connection established
(vm13:r0:4) Connection established
(vm13:r0:2) Connection established
(vm13:r0:3) Connection finished, received 2078471887 bytes
(vm13:r0:4) Connection finished, received 2078471887 bytes
(vm13:r0:0) Connection finished, received 2078471887 bytes
(vm13:r0) thread 0 joined, 22 connections remaining
(vm13:r0) Starting new connection thread
(vm13:r0) Maximum number of connections reached (5), waiting for a thread to finish
(vm13:r0:0) Connection established
(vm13:r0:1) Connection finished, received 2078471887 bytes
(vm13:r0:2) Connection finished, received 2078471887 bytes
(vm13:r0:0) Connection finished, received 2078471887 bytes
(vm13:r0) thread 0 joined, 21 connections remaining
(vm13:r0) Starting new connection thread
(vm13:r0) Maximum number of connections reached (5), waiting for a thread to finish
(vm13:r0:0) Connection established
(vm13:m0) Got connection from reducer vm1:r0
(vm13:m0:0) thread started, have to send 2078471886 bytes
(vm13:m0:0) all data sent, thread exiting
(vm13:r0:0) Connection finished, received 2078471887 bytes
(vm13:r0) thread 0 joined, 20 connections remaining
(vm13:r0) Starting new connection thread
(vm13:r0) Maximum number of connections reached (5), waiting for a thread to finish
(vm13:r0:0) Connection established
(vm13:m0) Got connection from reducer vm21:r0
(vm13:m0:20) thread started, have to send 2078471886 bytes
(vm13:m0:20) all data sent, thread exiting
(vm13:r0:0) Connection finished, received 2078471887 bytes
(vm13:r0) thread 0 joined, 19 connections remaining
(vm13:r0) Starting new connection thread
(vm13:r0) Maximum number of connections reached (5), waiting for a thread to finish
(vm13:r0:0) Connection established
(vm13:m0) Got connection from reducer vm12:r0
(vm13:m0:11) thread started, have to send 2078471886 bytes
(vm13:m0:11) all data sent, thread exiting
(vm13:r0:0) Connection finished, received 2078471887 bytes
(vm13:r0) thread 0 joined, 18 connections remaining
(vm13:r0) Starting new connection thread
(vm13:r0) Maximum number of connections reached (5), waiting for a thread to finish
(vm13:r0:0) Connection established
(vm13:m0) Got connection from reducer vm8:r0
(vm13:m0:7) thread started, have to send 2078471886 bytes
(vm13:r0:0) Connection finished, received 2078471887 bytes
(vm13:r0) thread 0 joined, 17 connections remaining
(vm13:r0) Starting new connection thread
(vm13:r0) Maximum number of connections reached (5), waiting for a thread to finish
(vm13:r0:0) Connection established
(vm13:m0:7) all data sent, thread exiting
(vm13:m0) Got connection from reducer vm6:r0
(vm13:m0:5) thread started, have to send 2078471886 bytes
(vm13:r0:0) Connection finished, received 2078471887 bytes
(vm13:r0) thread 0 joined, 16 connections remaining
(vm13:r0) Starting new connection thread
(vm13:r0) Maximum number of connections reached (5), waiting for a thread to finish
(vm13:r0:0) Connection established
(vm13:m0) Got connection from reducer vm23:r0
(vm13:m0:22) thread started, have to send 2078471886 bytes
(vm13:m0:5) all data sent, thread exiting
(vm13:m0) Got connection from reducer vm15:r0
(vm13:m0:14) thread started, have to send 2078471886 bytes
(vm13:r0:0) Connection finished, received 2078471887 bytes
(vm13:r0) thread 0 joined, 15 connections remaining
(vm13:r0) Starting new connection thread
(vm13:r0) Maximum number of connections reached (5), waiting for a thread to finish
(vm13:r0:0) Connection established
(vm13:m0) Got connection from reducer vm13:r0
(vm13:m0:12) thread started, have to send 2078471886 bytes
(vm13:m0:22) all data sent, thread exiting
(vm13:m0:12) all data sent, thread exiting
(vm13:r0:0) Connection finished, received 2078471887 bytes
(vm13:r0) thread 0 joined, 14 connections remaining
(vm13:r0) Starting new connection thread
(vm13:r0) Maximum number of connections reached (5), waiting for a thread to finish
(vm13:r0:0) Connection established
(vm13:m0:14) all data sent, thread exiting
(vm13:m0) Got connection from reducer vm22:r0
(vm13:m0:21) thread started, have to send 2078471886 bytes
(vm13:r0:0) Connection finished, received 2078471887 bytes
(vm13:r0) thread 0 joined, 13 connections remaining
(vm13:r0) Starting new connection thread
(vm13:r0) Maximum number of connections reached (5), waiting for a thread to finish
(vm13:r0:0) Connection established
(vm13:m0:21) all data sent, thread exiting
(vm13:m0) Got connection from reducer vm11:r0
(vm13:m0:10) thread started, have to send 2078471886 bytes
(vm13:r0:0) Connection finished, received 2078471887 bytes
(vm13:r0) thread 0 joined, 12 connections remaining
(vm13:r0) Starting new connection thread
(vm13:r0) Maximum number of connections reached (5), waiting for a thread to finish
(vm13:r0:0) Connection established
(vm13:r0:0) Connection finished, received 2078471887 bytes
(vm13:r0) thread 0 joined, 11 connections remaining
(vm13:r0) Starting new connection thread
(vm13:r0) Maximum number of connections reached (5), waiting for a thread to finish
(vm13:r0:0) Connection established
(vm13:m0) Got connection from reducer vm19:r0
(vm13:m0:18) thread started, have to send 2078471886 bytes
(vm13:r0:0) Connection finished, received 2078471887 bytes
(vm13:r0) thread 0 joined, 10 connections remaining
(vm13:r0) Starting new connection thread
(vm13:r0) Maximum number of connections reached (5), waiting for a thread to finish
(vm13:r0:0) Connection established
(vm13:m0:18) all data sent, thread exiting
(vm13:r0:0) Connection finished, received 2078471887 bytes
(vm13:r0) thread 0 joined, 9 connections remaining
(vm13:r0) Starting new connection thread
(vm13:r0) Maximum number of connections reached (5), waiting for a thread to finish
(vm13:r0:0) Connection established
(vm13:m0:10) all data sent, thread exiting
(vm13:r0:0) Connection finished, received 2078471887 bytes
(vm13:r0) thread 0 joined, 8 connections remaining
(vm13:r0) Starting new connection thread
(vm13:r0) Maximum number of connections reached (5), waiting for a thread to finish
(vm13:r0:0) Connection established
(vm13:r0:0) Connection finished, received 2078471887 bytes
(vm13:r0) thread 0 joined, 7 connections remaining
(vm13:r0) Starting new connection thread
(vm13:r0) Maximum number of connections reached (5), waiting for a thread to finish
(vm13:r0:0) Connection established
(vm13:m0) Got connection from reducer vm7:r0
(vm13:m0:6) thread started, have to send 2078471886 bytes
(vm13:m0) Got connection from reducer vm2:r0
(vm13:m0:1) thread started, have to send 2078471886 bytes
(vm13:r0:0) Connection finished, received 2078471887 bytes
(vm13:r0) thread 0 joined, 6 connections remaining
(vm13:r0) Starting new connection thread
(vm13:r0) Maximum number of connections reached (5), waiting for a thread to finish
(vm13:r0:0) Connection established
(vm13:m0:6) all data sent, thread exiting
(vm13:m0) Got connection from reducer vm17:r0
(vm13:m0:16) thread started, have to send 2078471886 bytes
(vm13:m0:1) all data sent, thread exiting
(vm13:m0) Got connection from reducer vm9:r0
(vm13:m0:8) thread started, have to send 2078471886 bytes
(vm13:m0) Got connection from reducer vm18:r0
(vm13:m0:17) thread started, have to send 2078471886 bytes
(vm13:m0) Got connection from reducer vm5:r0
(vm13:m0) Got connection from reducer vm16:r0
(vm13:m0:4) thread started, have to send 2078471886 bytes
(vm13:m0:15) thread started, have to send 2078471886 bytes
(vm13:m0) Got connection from reducer vm4:r0
(vm13:m0) Got connection from reducer vm3:r0
(vm13:m0:3) thread started, have to send 2078471886 bytes
(vm13:m0:2) thread started, have to send 2078471886 bytes
(vm13:m0) Got connection from reducer vm10:r0
(vm13:m0:9) thread started, have to send 2078471886 bytes
(vm13:m0) Got connection from reducer vm14:r0
(vm13:m0) Got connection from reducer vm20:r0
(vm13:m0) Waiting for a thread to finish
(vm13:m0) thread 0 joined, 22 connections remaining
(vm13:m0) Waiting for a thread to finish
(vm13:m0) thread 1 joined, 21 connections remaining
(vm13:m0) Waiting for a thread to finish
(vm13:m0:13) thread started, have to send 2078471886 bytes
(vm13:m0:19) thread started, have to send 2078471886 bytes
(vm13:r0:0) Connection finished, received 2078471887 bytes
(vm13:r0) thread 0 joined, 5 connections remaining
(vm13:r0) Starting new connection thread
(vm13:r0) Maximum number of connections reached (5), waiting for a thread to finish
(vm13:r0:0) Connection established
(vm13:m0:16) all data sent, thread exiting
(vm13:m0:8) all data sent, thread exiting
(vm13:m0:17) all data sent, thread exiting
(vm13:m0:15) all data sent, thread exiting
(vm13:m0:4) all data sent, thread exiting
(vm13:m0:2) all data sent, thread exiting
(vm13:m0) thread 2 joined, 20 connections remaining
(vm13:m0) Waiting for a thread to finish
(vm13:m0:19) all data sent, thread exiting
(vm13:m0:13) all data sent, thread exiting
(vm13:m0:3) all data sent, thread exiting
(vm13:m0) thread 3 joined, 19 connections remaining
(vm13:m0) Waiting for a thread to finish
(vm13:m0) thread 4 joined, 18 connections remaining
(vm13:m0) Waiting for a thread to finish
(vm13:m0) thread 5 joined, 17 connections remaining
(vm13:m0) Waiting for a thread to finish
(vm13:m0) thread 6 joined, 16 connections remaining
(vm13:m0) Waiting for a thread to finish
(vm13:m0) thread 7 joined, 15 connections remaining
(vm13:m0) Waiting for a thread to finish
(vm13:m0) thread 8 joined, 14 connections remaining
(vm13:m0) Waiting for a thread to finish
(vm13:m0:9) all data sent, thread exiting
(vm13:m0) thread 9 joined, 13 connections remaining
(vm13:m0) Waiting for a thread to finish
(vm13:m0) thread 10 joined, 12 connections remaining
(vm13:m0) Waiting for a thread to finish
(vm13:m0) thread 11 joined, 11 connections remaining
(vm13:m0) Waiting for a thread to finish
(vm13:m0) thread 12 joined, 10 connections remaining
(vm13:m0) Waiting for a thread to finish
(vm13:m0) thread 13 joined, 9 connections remaining
(vm13:m0) Waiting for a thread to finish
(vm13:m0) thread 14 joined, 8 connections remaining
(vm13:m0) Waiting for a thread to finish
(vm13:m0) thread 15 joined, 7 connections remaining
(vm13:m0) Waiting for a thread to finish
(vm13:m0) thread 16 joined, 6 connections remaining
(vm13:m0) Waiting for a thread to finish
(vm13:m0) thread 17 joined, 5 connections remaining
(vm13:m0) Waiting for a thread to finish
(vm13:m0) thread 18 joined, 4 connections remaining
(vm13:m0) Waiting for a thread to finish
(vm13:m0) thread 19 joined, 3 connections remaining
(vm13:m0) Waiting for a thread to finish
(vm13:m0) thread 20 joined, 2 connections remaining
(vm13:m0) Waiting for a thread to finish
(vm13:m0) thread 21 joined, 1 connections remaining
(vm13:m0) Waiting for a thread to finish
(vm13:m0) thread 22 joined, 0 connections remaining
(vm13:m0) all done, exiting
*RES* start node vm13:m0
*RES* vm13:m0:0,1404379648396,5892,2494,2078471887
*RES* vm13:m0:1,1404379789780,6829,1739,2078471887
*RES* vm13:m0:2,1404379798634,20415,1625,2078471887
*RES* vm13:m0:3,1404379798629,20505,1645,2078471887
*RES* vm13:m0:4,1404379798596,20444,1637,2078471887
*RES* vm13:m0:5,1404379724276,5726,1568,2078471887
*RES* vm13:m0:6,1404379789082,6801,1757,2078471887
*RES* vm13:m0:7,1404379713549,6120,1707,2078471887
*RES* vm13:m0:8,1404379797426,19118,1632,2078471887
*RES* vm13:m0:9,1404379798666,20559,1666,2078471887
*RES* vm13:m0:10,1404379750324,24922,1652,2078471887
*RES* vm13:m0:11,1404379698549,5908,2045,2078471887
*RES* vm13:m0:12,1404379733520,5374,597,2078471887
*RES* vm13:m0:13,1404379798711,20431,1610,2078471887
*RES* vm13:m0:14,1404379731150,8441,1880,2078471887
*RES* vm13:m0:15,1404379798597,20381,1628,2078471887
*RES* vm13:m0:16,1404379796457,17441,1650,2078471887
*RES* vm13:m0:17,1404379797684,19439,1621,2078471887
*RES* vm13:m0:18,1404379762564,6596,1736,2078471887
*RES* vm13:m0:19,1404379798713,20351,1628,2078471887
*RES* vm13:m0:20,1404379667008,5347,1715,2078471887
*RES* vm13:m0:21,1404379742768,5300,1392,2078471887
*RES* vm13:m0:22,1404379728716,7380,1608,2078471887
*RES* end node vm13:m0
Node vm13:m0 joined
(vm13:r0:0) Connection finished, received 2078471887 bytes
(vm13:r0) thread 0 joined, 4 connections remaining
(vm13:r0) Maximum number of connections reached (4), waiting for a thread to finish
(vm13:r0) thread 1 joined, 3 connections remaining
(vm13:r0) Maximum number of connections reached (3), waiting for a thread to finish
(vm13:r0) thread 2 joined, 2 connections remaining
(vm13:r0) Maximum number of connections reached (2), waiting for a thread to finish
(vm13:r0) thread 3 joined, 1 connections remaining
(vm13:r0) Maximum number of connections reached (1), waiting for a thread to finish
(vm13:r0) thread 4 joined, 0 connections remaining
(vm13:r0) all done, exiting
*RES* start node vm13:r0
*RES* vm13:r0:0,1404379540112,49268,2050,2078471887
*RES* vm13:r0:0,1404379589384,35264,1811,2078471887
*RES* vm13:r0:0,1404379624652,34251,1828,2078471887
*RES* vm13:r0:0,1404379658908,30022,1755,2078471887
*RES* vm13:r0:0,1404379688936,23005,1885,2078471887
*RES* vm13:r0:0,1404379711948,6818,1836,2078471887
*RES* vm13:r0:0,1404379718772,6445,1940,2078471887
*RES* vm13:r0:0,1404379725227,8278,1725,2078471887
*RES* vm13:r0:0,1404379733516,5381,1500,2078471887
*RES* vm13:r0:0,1404379738904,7490,1766,2078471887
*RES* vm13:r0:0,1404379746400,7145,2018,2078471887
*RES* vm13:r0:0,1404379753553,6581,1867,2078471887
*RES* vm13:r0:0,1404379760140,7105,1831,2078471887
*RES* vm13:r0:0,1404379767263,5953,1875,2078471887
*RES* vm13:r0:0,1404379773220,8460,1986,2078471887
*RES* vm13:r0:0,1404379781684,6478,1934,2078471887
*RES* vm13:r0:0,1404379788168,6592,1675,2078471887
*RES* vm13:r0:0,1404379794776,14132,1555,2078471887
*RES* vm13:r0:0,1404379808952,11481,1450,2078471887
*RES* vm13:r0:1,1404379540111,52264,2035,2078471887
*RES* vm13:r0:2,1404379540111,53967,2124,2078471887
*RES* vm13:r0:3,1404379540111,43455,2037,2078471887
*RES* vm13:r0:4,1404379540111,48691,2052,2078471887
*RES* end node vm13:r0
Node vm13:r0 joined
Worker terminating correctly
