OSMeF worker starting
Enabling core dumping
Listening for command connection
(vm22:m0) New mapper on port 23330
(vm22:m0) -> reducer data size 12767441
(vm22:m0) -> reducer data size 12767441
(vm22:m0) -> reducer data size 12767441
(vm22:m0) -> reducer data size 12767441
(vm22:m0) -> reducer data size 12767441
(vm22:m0) -> reducer data size 12767441
(vm22:m0) -> reducer data size 12767441
(vm22:m0) -> reducer data size 12767441
(vm22:m0) -> reducer data size 12767441
(vm22:m0) -> reducer data size 12767441
(vm22:m0) -> reducer data size 12767441
(vm22:m0) -> reducer data size 12767441
(vm22:m0) -> reducer data size 12767441
(vm22:m0) -> reducer data size 12767441
(vm22:m0) -> reducer data size 12767441
(vm22:m0) -> reducer data size 12767441
(vm22:m0) -> reducer data size 12767441
(vm22:m0) -> reducer data size 12767441
(vm22:m0) -> reducer data size 12767441
(vm22:m0) -> reducer data size 12767441
(vm22:m0) -> reducer data size 12767441
(vm22:m0) -> reducer data size 12767441
(vm22:m0) -> reducer data size 12767441
(vm22:m0) -> reducer data size 12767441
(vm22:m0) -> reducer data size 12767441
(vm22:m0) -> reducer data size 12767441
(vm22:m0) -> reducer data size 12767441
(vm22:m0) -> reducer data size 12767441
(vm22:m0) -> reducer data size 12767441
(vm22:m0) Mapper thread started
(vm22:m0) Allocating data for reducer vm1:r0
(vm22:m0) Allocating data for reducer vm2:r0
(vm22:m0) Allocating data for reducer vm3:r0
(vm22:m0) Allocating data for reducer vm4:r0
(vm22:m0) Allocating data for reducer vm5:r0
(vm22:m0) Allocating data for reducer vm6:r0
(vm22:m0) Allocating data for reducer vm7:r0
(vm22:m0) Allocating data for reducer vm8:r0
(vm22:m0) Allocating data for reducer vm9:r0
(vm22:m0) Allocating data for reducer vm10:r0
(vm22:m0) Allocating data for reducer vm11:r0
(vm22:m0) Allocating data for reducer vm12:r0
(vm22:m0) Allocating data for reducer vm13:r0
(vm22:m0) Allocating data for reducer vm14:r0
(vm22:m0) Allocating data for reducer vm15:r0
(vm22:m0) Allocating data for reducer vm16:r0
(vm22:m0) Allocating data for reducer vm17:r0
(vm22:m0) Allocating data for reducer vm18:r0
(vm22:m0) Allocating data for reducer vm19:r0
(vm22:m0) Allocating data for reducer vm20:r0
(vm22:m0) Allocating data for reducer vm21:r0
(vm22:m0) Allocating data for reducer vm22:r0
(vm22:m0) Allocating data for reducer vm23:r0
(vm22:m0) Allocating data for reducer vm24:r0
(vm22:m0) Allocating data for reducer vm25:r0
(vm22:m0) Allocating data for reducer vm26:r0
(vm22:m0) Allocating data for reducer vm27:r0
(vm22:m0) Allocating data for reducer vm28:r0
(vm22:m0) Allocating data for reducer vm29:r0
(vm22:m0) Binding to port 23330
(vm22:r0) New reducer
(vm22:r0) Reducer thread started
(vm22:r0) waiting for START message
(vm22:r0) got START message
(vm22:r0) Starting new connection thread
(vm22:r0) Starting new connection thread
(vm22:r0) Starting new connection thread
(vm22:r0) Starting new connection thread
(vm22:r0) Starting new connection thread
(vm22:r0) Maximum number of connections reached (5), waiting for a thread to finish
(vm22:r0:0) Connection established
(vm22:r0:2) Connection established
(vm22:r0:1) Connection established
(vm22:r0:4) Connection established
(vm22:r0:3) Connection established
(vm22:r0:3) Connection finished, received 12767442 bytes
(vm22:r0:4) Connection finished, received 12767442 bytes
(vm22:r0:0) Connection finished, received 12767442 bytes
(vm22:r0) thread 0 joined, 28 connections remaining
(vm22:r0) Starting new connection thread
(vm22:r0) Maximum number of connections reached (5), waiting for a thread to finish
(vm22:r0:0) Connection established
(vm22:r0:1) Connection finished, received 12767442 bytes
(vm22:r0:2) Connection finished, received 12767442 bytes
(vm22:r0:0) Connection finished, received 12767442 bytes
(vm22:r0) thread 0 joined, 27 connections remaining
(vm22:r0) Starting new connection thread
(vm22:r0) Maximum number of connections reached (5), waiting for a thread to finish
(vm22:r0:0) Connection established
(vm22:m0) Got connection from reducer vm15:r0
(vm22:m0:14) thread started, have to send 12767441 bytes
(vm22:m0:14) all data sent, thread exiting
(vm22:r0:0) Connection finished, received 12767442 bytes
(vm22:r0) thread 0 joined, 26 connections remaining
(vm22:r0) Starting new connection thread
(vm22:r0) Maximum number of connections reached (5), waiting for a thread to finish
(vm22:r0:0) Connection established
(vm22:r0:0) Connection finished, received 12767442 bytes
(vm22:r0) thread 0 joined, 25 connections remaining
(vm22:r0) Starting new connection thread
(vm22:r0) Maximum number of connections reached (5), waiting for a thread to finish
(vm22:r0:0) Connection established
(vm22:r0:0) Connection finished, received 12767442 bytes
(vm22:r0) thread 0 joined, 24 connections remaining
(vm22:r0) Starting new connection thread
(vm22:r0) Maximum number of connections reached (5), waiting for a thread to finish
(vm22:r0:0) Connection established
(vm22:r0:0) Connection finished, received 12767442 bytes
(vm22:r0) thread 0 joined, 23 connections remaining
(vm22:r0) Starting new connection thread
(vm22:r0) Maximum number of connections reached (5), waiting for a thread to finish
(vm22:r0:0) Connection established
(vm22:m0) Got connection from reducer vm6:r0
(vm22:m0:5) thread started, have to send 12767441 bytes
(vm22:m0) Got connection from reducer vm10:r0
(vm22:m0:9) thread started, have to send 12767441 bytes
(vm22:r0:0) Connection finished, received 12767442 bytes
(vm22:r0) thread 0 joined, 22 connections remaining
(vm22:r0) Starting new connection thread
(vm22:r0) Maximum number of connections reached (5), waiting for a thread to finish
(vm22:r0:0) Connection established
(vm22:m0:5) all data sent, thread exiting
(vm22:m0) Got connection from reducer vm1:r0
(vm22:m0:0) thread started, have to send 12767441 bytes
(vm22:r0:0) Connection finished, received 12767442 bytes
(vm22:r0) thread 0 joined, 21 connections remaining
(vm22:r0) Starting new connection thread
(vm22:r0) Maximum number of connections reached (5), waiting for a thread to finish
(vm22:r0:0) Connection established
(vm22:m0:0) all data sent, thread exiting
(vm22:r0:0) Connection finished, received 12767442 bytes
(vm22:r0) thread 0 joined, 20 connections remaining
(vm22:r0) Starting new connection thread
(vm22:r0) Maximum number of connections reached (5), waiting for a thread to finish
(vm22:r0:0) Connection established
(vm22:m0:9) all data sent, thread exiting
(vm22:r0:0) Connection finished, received 12767442 bytes
(vm22:r0) thread 0 joined, 19 connections remaining
(vm22:r0) Starting new connection thread
(vm22:r0) Maximum number of connections reached (5), waiting for a thread to finish
(vm22:r0:0) Connection established
(vm22:r0:0) Connection finished, received 12767442 bytes
(vm22:r0) thread 0 joined, 18 connections remaining
(vm22:r0) Starting new connection thread
(vm22:r0) Maximum number of connections reached (5), waiting for a thread to finish
(vm22:r0:0) Connection established
(vm22:r0:0) Connection finished, received 12767442 bytes
(vm22:r0) thread 0 joined, 17 connections remaining
(vm22:r0) Starting new connection thread
(vm22:r0) Maximum number of connections reached (5), waiting for a thread to finish
(vm22:r0:0) Connection established
(vm22:m0) Got connection from reducer vm11:r0
(vm22:m0:10) thread started, have to send 12767441 bytes
(vm22:m0) Got connection from reducer vm9:r0
(vm22:m0:8) thread started, have to send 12767441 bytes
(vm22:r0:0) Connection finished, received 12767442 bytes
(vm22:r0) thread 0 joined, 16 connections remaining
(vm22:r0) Starting new connection thread
(vm22:r0) Maximum number of connections reached (5), waiting for a thread to finish
(vm22:r0:0) Connection established
(vm22:m0:8) all data sent, thread exiting
(vm22:m0:10) all data sent, thread exiting
(vm22:r0:0) Connection finished, received 12767442 bytes
(vm22:r0) thread 0 joined, 15 connections remaining
(vm22:r0) Starting new connection thread
(vm22:r0) Maximum number of connections reached (5), waiting for a thread to finish
(vm22:r0:0) Connection established
(vm22:r0:0) Connection finished, received 12767442 bytes
(vm22:r0) thread 0 joined, 14 connections remaining
(vm22:r0) Starting new connection thread
(vm22:r0) Maximum number of connections reached (5), waiting for a thread to finish
(vm22:r0:0) Connection established
(vm22:m0) Got connection from reducer vm28:r0
(vm22:m0:27) thread started, have to send 12767441 bytes
(vm22:r0:0) Connection finished, received 12767442 bytes
(vm22:r0) thread 0 joined, 13 connections remaining
(vm22:r0) Starting new connection thread
(vm22:r0) Maximum number of connections reached (5), waiting for a thread to finish
(vm22:m0) Got connection from reducer vm7:r0
(vm22:r0:0) Connection established
(vm22:m0:6) thread started, have to send 12767441 bytes
(vm22:m0:27) all data sent, thread exiting
(vm22:m0:6) all data sent, thread exiting
(vm22:r0:0) Connection finished, received 12767442 bytes
(vm22:r0) thread 0 joined, 12 connections remaining
(vm22:r0) Starting new connection thread
(vm22:r0) Maximum number of connections reached (5), waiting for a thread to finish
(vm22:m0) Got connection from reducer vm20:r0
(vm22:r0:0) Connection established
(vm22:m0) Got connection from reducer vm22:r0
(vm22:m0:21) thread started, have to send 12767441 bytes
(vm22:m0:19) thread started, have to send 12767441 bytes
(vm22:r0:0) Connection finished, received 12767442 bytes
(vm22:m0:21) all data sent, thread exiting
(vm22:r0) thread 0 joined, 11 connections remaining
(vm22:r0) Starting new connection thread
(vm22:r0) Maximum number of connections reached (5), waiting for a thread to finish
(vm22:r0:0) Connection established
(vm22:m0:19) all data sent, thread exiting
(vm22:r0:0) Connection finished, received 12767442 bytes
(vm22:r0) thread 0 joined, 10 connections remaining
(vm22:r0) Starting new connection thread
(vm22:r0) Maximum number of connections reached (5), waiting for a thread to finish
(vm22:r0:0) Connection established
(vm22:m0) Got connection from reducer vm8:r0
(vm22:m0:7) thread started, have to send 12767441 bytes
(vm22:m0) Got connection from reducer vm12:r0
(vm22:m0:11) thread started, have to send 12767441 bytes
(vm22:r0:0) Connection finished, received 12767442 bytes
(vm22:r0) thread 0 joined, 9 connections remaining
(vm22:r0) Starting new connection thread
(vm22:r0) Maximum number of connections reached (5), waiting for a thread to finish
(vm22:m0:7) all data sent, thread exiting
(vm22:r0:0) Connection established
(vm22:m0:11) all data sent, thread exiting
(vm22:m0) Got connection from reducer vm26:r0
(vm22:m0:25) thread started, have to send 12767441 bytes
(vm22:m0) Got connection from reducer vm19:r0
(vm22:m0:18) thread started, have to send 12767441 bytes
(vm22:m0:25) all data sent, thread exiting
(vm22:r0:0) Connection finished, received 12767442 bytes
(vm22:r0) thread 0 joined, 8 connections remaining
(vm22:r0) Starting new connection thread
(vm22:r0) Maximum number of connections reached (5), waiting for a thread to finish
(vm22:r0:0) Connection established
(vm22:m0:18) all data sent, thread exiting
(vm22:m0) Got connection from reducer vm17:r0
(vm22:m0:16) thread started, have to send 12767441 bytes
(vm22:r0:0) Connection finished, received 12767442 bytes
(vm22:r0) thread 0 joined, 7 connections remaining
(vm22:r0) Starting new connection thread
(vm22:r0) Maximum number of connections reached (5), waiting for a thread to finish
(vm22:m0) Got connection from reducer vm4:r0
(vm22:m0:3) thread started, have to send 12767441 bytes
(vm22:r0:0) Connection established
(vm22:m0:3) all data sent, thread exiting
(vm22:r0:0) Connection finished, received 12767442 bytes
(vm22:r0) thread 0 joined, 6 connections remaining
(vm22:r0) Starting new connection thread
(vm22:r0) Maximum number of connections reached (5), waiting for a thread to finish
(vm22:r0:0) Connection established
(vm22:m0:16) all data sent, thread exiting
(vm22:r0:0) Connection finished, received 12767442 bytes
(vm22:r0) thread 0 joined, 5 connections remaining
(vm22:r0) Starting new connection thread
(vm22:r0) Maximum number of connections reached (5), waiting for a thread to finish
(vm22:r0:0) Connection established
(vm22:r0:0) Connection finished, received 12767442 bytes
(vm22:r0) thread 0 joined, 4 connections remaining
(vm22:r0) Maximum number of connections reached (4), waiting for a thread to finish
(vm22:r0) thread 1 joined, 3 connections remaining
(vm22:r0) Maximum number of connections reached (3), waiting for a thread to finish
(vm22:r0) thread 2 joined, 2 connections remaining
(vm22:r0) Maximum number of connections reached (2), waiting for a thread to finish
(vm22:r0) thread 3 joined, 1 connections remaining
(vm22:r0) Maximum number of connections reached (1), waiting for a thread to finish
(vm22:r0) thread 4 joined, 0 connections remaining
(vm22:r0) all done, exiting
(vm22:m0) Got connection from reducer vm13:r0
(vm22:m0:12) thread started, have to send 12767441 bytes
(vm22:m0) Got connection from reducer vm2:r0
(vm22:m0:1) thread started, have to send 12767441 bytes
(vm22:m0) Got connection from reducer vm23:r0
(vm22:m0:22) thread started, have to send 12767441 bytes
(vm22:m0) Got connection from reducer vm16:r0
(vm22:m0:15) thread started, have to send 12767441 bytes
(vm22:m0:1) all data sent, thread exiting
(vm22:m0) Got connection from reducer vm21:r0
(vm22:m0:20) thread started, have to send 12767441 bytes
(vm22:m0:12) all data sent, thread exiting
(vm22:m0:22) all data sent, thread exiting
(vm22:m0) Got connection from reducer vm5:r0
(vm22:m0:4) thread started, have to send 12767441 bytes
(vm22:m0:15) all data sent, thread exiting
(vm22:m0) Got connection from reducer vm24:r0
(vm22:m0:23) thread started, have to send 12767441 bytes
(vm22:m0:4) all data sent, thread exiting
(vm22:m0:20) all data sent, thread exiting
(vm22:m0:23) all data sent, thread exiting
(vm22:m0) Got connection from reducer vm3:r0
(vm22:m0:2) thread started, have to send 12767441 bytes
(vm22:m0:2) all data sent, thread exiting
(vm22:m0) Got connection from reducer vm14:r0
(vm22:m0:13) thread started, have to send 12767441 bytes
(vm22:m0) Got connection from reducer vm29:r0
(vm22:m0:28) thread started, have to send 12767441 bytes
(vm22:m0) Got connection from reducer vm25:r0
(vm22:m0:24) thread started, have to send 12767441 bytes
(vm22:m0) Got connection from reducer vm27:r0
(vm22:m0) Got connection from reducer vm18:r0
(vm22:m0) Waiting for a thread to finish
(vm22:m0) thread 0 joined, 28 connections remaining
(vm22:m0) Waiting for a thread to finish
(vm22:m0) thread 1 joined, 27 connections remaining
(vm22:m0) Waiting for a thread to finish
(vm22:m0) thread 2 joined, 26 connections remaining
(vm22:m0) Waiting for a thread to finish
(vm22:m0) thread 3 joined, 25 connections remaining
(vm22:m0) Waiting for a thread to finish
(vm22:m0) thread 4 joined, 24 connections remaining
(vm22:m0) Waiting for a thread to finish
(vm22:m0) thread 5 joined, 23 connections remaining
(vm22:m0) Waiting for a thread to finish
(vm22:m0) thread 6 joined, 22 connections remaining
(vm22:m0) Waiting for a thread to finish
(vm22:m0) thread 7 joined, 21 connections remaining
(vm22:m0) Waiting for a thread to finish
(vm22:m0) thread 8 joined, 20 connections remaining
(vm22:m0) Waiting for a thread to finish
(vm22:m0) thread 9 joined, 19 connections remaining
(vm22:m0) Waiting for a thread to finish
(vm22:m0) thread 10 joined, 18 connections remaining
(vm22:m0) Waiting for a thread to finish
(vm22:m0) thread 11 joined, 17 connections remaining
(vm22:m0) Waiting for a thread to finish
(vm22:m0) thread 12 joined, 16 connections remaining
(vm22:m0) Waiting for a thread to finish
(vm22:m0:26) thread started, have to send 12767441 bytes
(vm22:m0:17) thread started, have to send 12767441 bytes
(vm22:m0:13) all data sent, thread exiting
(vm22:m0) thread 13 joined, 15 connections remaining
(vm22:m0) Waiting for a thread to finish
(vm22:m0) thread 14 joined, 14 connections remaining
(vm22:m0) Waiting for a thread to finish
(vm22:m0) thread 15 joined, 13 connections remaining
(vm22:m0) Waiting for a thread to finish
(vm22:m0) thread 16 joined, 12 connections remaining
(vm22:m0) Waiting for a thread to finish
(vm22:m0:28) all data sent, thread exiting
(vm22:m0:24) all data sent, thread exiting
(vm22:m0:17) all data sent, thread exiting
(vm22:m0) thread 17 joined, 11 connections remaining
(vm22:m0) Waiting for a thread to finish
(vm22:m0) thread 18 joined, 10 connections remaining
(vm22:m0) Waiting for a thread to finish
(vm22:m0) thread 19 joined, 9 connections remaining
(vm22:m0) Waiting for a thread to finish
(vm22:m0) thread 20 joined, 8 connections remaining
(vm22:m0) Waiting for a thread to finish
(vm22:m0) thread 21 joined, 7 connections remaining
(vm22:m0) Waiting for a thread to finish
(vm22:m0) thread 22 joined, 6 connections remaining
(vm22:m0) Waiting for a thread to finish
(vm22:m0) thread 23 joined, 5 connections remaining
(vm22:m0) Waiting for a thread to finish
(vm22:m0) thread 24 joined, 4 connections remaining
(vm22:m0) Waiting for a thread to finish
(vm22:m0) thread 25 joined, 3 connections remaining
(vm22:m0) Waiting for a thread to finish
(vm22:m0:26) all data sent, thread exiting
(vm22:m0) thread 26 joined, 2 connections remaining
(vm22:m0) Waiting for a thread to finish
(vm22:m0) thread 27 joined, 1 connections remaining
(vm22:m0) Waiting for a thread to finish
(vm22:m0) thread 28 joined, 0 connections remaining
(vm22:m0) all done, exiting
*RES* start node vm22:m0
*RES* vm22:m0:0,1404123935301,61,12,12767442
*RES* vm22:m0:1,1404123936677,46,12,12767442
*RES* vm22:m0:2,1404123936836,68,8,12767442
*RES* vm22:m0:3,1404123936489,46,10,12767442
*RES* vm22:m0:4,1404123936749,51,11,12767442
*RES* vm22:m0:5,1404123935230,39,11,12767442
*RES* vm22:m0:6,1404123935978,79,10,12767442
*RES* vm22:m0:7,1404123936278,40,10,12767442
*RES* vm22:m0:8,1404123935716,117,29,12767442
*RES* vm22:m0:9,1404123935241,184,12,12767442
*RES* vm22:m0:10,1404123935702,146,27,12767442
*RES* vm22:m0:11,1404123936304,55,9,12767442
*RES* vm22:m0:12,1404123936675,66,12,12767442
*RES* vm22:m0:13,1404123936968,48,11,12767442
*RES* vm22:m0:14,1404123934382,60,29,12767442
*RES* vm22:m0:15,1404123936703,50,12,12767442
*RES* vm22:m0:16,1404123936476,129,9,12767442
*RES* vm22:m0:17,1404123937001,56,9,12767442
*RES* vm22:m0:18,1404123936392,72,9,12767442
*RES* vm22:m0:19,1404123936075,91,13,12767442
*RES* vm22:m0:20,1404123936738,65,11,12767442
*RES* vm22:m0:21,1404123936075,22,6,12767442
*RES* vm22:m0:22,1404123936693,54,10,12767442
*RES* vm22:m0:23,1404123936771,49,12,12767442
*RES* vm22:m0:24,1404123936979,54,10,12767442
*RES* vm22:m0:25,1404123936376,42,9,12767442
*RES* vm22:m0:26,1404123937000,65,9,12767442
*RES* vm22:m0:27,1404123935955,75,17,12767442
*RES* vm22:m0:28,1404123936978,52,10,12767442
*RES* end node vm22:m0
Node vm22:m0 joined
*RES* start node vm22:r0
*RES* vm22:r0:0,1404123932891,488,13,12767442
*RES* vm22:r0:0,1404123933386,450,17,12767442
*RES* vm22:r0:0,1404123933843,649,23,12767442
*RES* vm22:r0:0,1404123934499,343,17,12767442
*RES* vm22:r0:0,1404123934846,127,15,12767442
*RES* vm22:r0:0,1404123934979,41,10,12767442
*RES* vm22:r0:0,1404123935026,221,20,12767442
*RES* vm22:r0:0,1404123935256,72,17,12767442
*RES* vm22:r0:0,1404123935335,62,13,12767442
*RES* vm22:r0:0,1404123935403,81,17,12767442
*RES* vm22:r0:0,1404123935490,101,47,12767442
*RES* vm22:r0:0,1404123935599,72,21,12767442
*RES* vm22:r0:0,1404123935674,63,16,12767442
*RES* vm22:r0:0,1404123935744,107,27,12767442
*RES* vm22:r0:0,1404123935859,52,19,12767442
*RES* vm22:r0:0,1404123935915,55,17,12767442
*RES* vm22:r0:0,1404123935975,93,15,12767442
*RES* vm22:r0:0,1404123936075,23,7,12767442
*RES* vm22:r0:0,1404123936105,74,13,12767442
*RES* vm22:r0:0,1404123936183,130,12,12767442
*RES* vm22:r0:0,1404123936320,103,12,12767442
*RES* vm22:r0:0,1404123936427,56,13,12767442
*RES* vm22:r0:0,1404123936488,61,11,12767442
*RES* vm22:r0:0,1404123936554,58,11,12767442
*RES* vm22:r0:0,1404123936618,48,13,12767442
*RES* vm22:r0:1,1404123932891,543,17,12767442
*RES* vm22:r0:2,1404123932890,576,16,12767442
*RES* vm22:r0:3,1404123932890,401,15,12767442
*RES* vm22:r0:4,1404123932890,432,16,12767442
*RES* end node vm22:r0
Node vm22:r0 joined
Worker terminating correctly
