OSMeF worker starting
Enabling core dumping
Listening for command connection
(vm11:m0) New mapper on port 23330
(vm11:m0) -> reducer data size 1402438300
(vm11:m0) -> reducer data size 1402438300
(vm11:m0) -> reducer data size 1402438300
(vm11:m0) -> reducer data size 1402438300
(vm11:m0) -> reducer data size 1402438300
(vm11:m0) -> reducer data size 1402438300
(vm11:m0) -> reducer data size 1402438300
(vm11:m0) -> reducer data size 1402438300
(vm11:m0) -> reducer data size 1402438300
(vm11:m0) -> reducer data size 1402438300
(vm11:m0) -> reducer data size 1402438300
(vm11:m0) -> reducer data size 1402438300
(vm11:m0) -> reducer data size 1402438300
(vm11:m0) -> reducer data size 1402438300
(vm11:m0) -> reducer data size 1402438300
(vm11:m0) -> reducer data size 1402438300
(vm11:m0) -> reducer data size 1402438300
(vm11:m0) -> reducer data size 1402438300
(vm11:m0) -> reducer data size 1402438300
(vm11:m0) -> reducer data size 1402438300
(vm11:m0) -> reducer data size 1402438300
(vm11:m0) -> reducer data size 1402438300
(vm11:m0) -> reducer data size 1402438300
(vm11:m0) -> reducer data size 1402438300
(vm11:m0) -> reducer data size 1402438300
(vm11:m0) -> reducer data size 1402438300
(vm11:m0) -> reducer data size 1402438300
(vm11:m0) -> reducer data size 1402438300
(vm11:m0) Mapper thread started
(vm11:m0) Allocating data for reducer vm1:r0
(vm11:m0) Allocating data for reducer vm2:r0
(vm11:m0) Allocating data for reducer vm3:r0
(vm11:m0) Allocating data for reducer vm4:r0
(vm11:m0) Allocating data for reducer vm5:r0
(vm11:m0) Allocating data for reducer vm6:r0
(vm11:m0) Allocating data for reducer vm7:r0
(vm11:m0) Allocating data for reducer vm8:r0
(vm11:m0) Allocating data for reducer vm9:r0
(vm11:m0) Allocating data for reducer vm10:r0
(vm11:m0) Allocating data for reducer vm11:r0
(vm11:m0) Allocating data for reducer vm12:r0
(vm11:m0) Allocating data for reducer vm13:r0
(vm11:m0) Allocating data for reducer vm14:r0
(vm11:m0) Allocating data for reducer vm15:r0
(vm11:m0) Allocating data for reducer vm16:r0
(vm11:m0) Allocating data for reducer vm17:r0
(vm11:m0) Allocating data for reducer vm18:r0
(vm11:m0) Allocating data for reducer vm19:r0
(vm11:m0) Allocating data for reducer vm20:r0
(vm11:m0) Allocating data for reducer vm21:r0
(vm11:m0) Allocating data for reducer vm22:r0
(vm11:m0) Allocating data for reducer vm23:r0
(vm11:m0) Allocating data for reducer vm24:r0
(vm11:m0) Allocating data for reducer vm25:r0
(vm11:m0) Allocating data for reducer vm26:r0
(vm11:m0) Allocating data for reducer vm27:r0
(vm11:m0) Allocating data for reducer vm28:r0
(vm11:m0) Binding to port 23330
(vm11:r0) New reducer
(vm11:r0) Reducer thread started
(vm11:r0) waiting for START message
(vm11:r0) got START message
(vm11:r0) Starting new connection thread
(vm11:r0) Starting new connection thread
(vm11:r0) Starting new connection thread
(vm11:r0) Starting new connection thread
(vm11:r0) Starting new connection thread
(vm11:r0) Maximum number of connections reached (5), waiting for a thread to finish
(vm11:r0:4) Connection established
(vm11:r0:3) Connection established
(vm11:r0:0) Connection established
(vm11:r0:1) Connection established
(vm11:r0:2) Connection established
(vm11:r0:3) Connection finished, received 1402438301 bytes
(vm11:r0:0) Connection finished, received 1402438301 bytes
(vm11:r0) thread 0 joined, 27 connections remaining
(vm11:r0) Starting new connection thread
(vm11:r0) Maximum number of connections reached (5), waiting for a thread to finish
(vm11:r0:0) Connection established
(vm11:r0:1) Connection finished, received 1402438301 bytes
(vm11:r0:2) Connection finished, received 1402438301 bytes
(vm11:r0:4) Connection finished, received 1402438301 bytes
(vm11:m0) Got connection from reducer vm1:r0
(vm11:m0:0) thread started, have to send 1402438300 bytes
(vm11:r0:0) Connection finished, received 1402438301 bytes
(vm11:r0) thread 0 joined, 26 connections remaining
(vm11:r0) Starting new connection thread
(vm11:r0) Maximum number of connections reached (5), waiting for a thread to finish
(vm11:r0:0) Connection established
(vm11:m0:0) all data sent, thread exiting
(vm11:m0) Got connection from reducer vm9:r0
(vm11:m0:8) thread started, have to send 1402438300 bytes
(vm11:m0) Got connection from reducer vm19:r0
(vm11:m0:18) thread started, have to send 1402438300 bytes
(vm11:m0:18) all data sent, thread exiting
(vm11:m0:8) all data sent, thread exiting
(vm11:m0) Got connection from reducer vm6:r0
(vm11:m0:5) thread started, have to send 1402438300 bytes
(vm11:m0) Got connection from reducer vm10:r0
(vm11:m0:9) thread started, have to send 1402438300 bytes
(vm11:r0:0) Connection finished, received 1402438301 bytes
(vm11:r0) thread 0 joined, 25 connections remaining
(vm11:r0) Starting new connection thread
(vm11:r0) Maximum number of connections reached (5), waiting for a thread to finish
(vm11:r0:0) Connection established
(vm11:m0:5) all data sent, thread exiting
(vm11:m0:9) all data sent, thread exiting
(vm11:m0) Got connection from reducer vm20:r0
(vm11:m0:19) thread started, have to send 1402438300 bytes
(vm11:m0:19) all data sent, thread exiting
(vm11:m0) Got connection from reducer vm17:r0
(vm11:m0:16) thread started, have to send 1402438300 bytes
(vm11:m0) Got connection from reducer vm22:r0
(vm11:m0:21) thread started, have to send 1402438300 bytes
(vm11:m0:16) all data sent, thread exiting
(vm11:m0) Got connection from reducer vm25:r0
(vm11:m0:24) thread started, have to send 1402438300 bytes
(vm11:m0:21) all data sent, thread exiting
(vm11:r0:0) Connection finished, received 1402438301 bytes
(vm11:r0) thread 0 joined, 24 connections remaining
(vm11:r0) Starting new connection thread
(vm11:r0) Maximum number of connections reached (5), waiting for a thread to finish
(vm11:r0:0) Connection established
(vm11:m0:24) all data sent, thread exiting
(vm11:m0) Got connection from reducer vm7:r0
(vm11:m0:6) thread started, have to send 1402438300 bytes
(vm11:m0:6) all data sent, thread exiting
(vm11:m0) Got connection from reducer vm14:r0
(vm11:m0:13) thread started, have to send 1402438300 bytes
(vm11:r0:0) Connection finished, received 1402438301 bytes
(vm11:r0) thread 0 joined, 23 connections remaining
(vm11:r0) Starting new connection thread
(vm11:r0) Maximum number of connections reached (5), waiting for a thread to finish
(vm11:r0:0) Connection established
(vm11:m0:13) all data sent, thread exiting
(vm11:m0) Got connection from reducer vm21:r0
(vm11:m0:20) thread started, have to send 1402438300 bytes
(vm11:m0:20) all data sent, thread exiting
(vm11:m0) Got connection from reducer vm8:r0
(vm11:m0:7) thread started, have to send 1402438300 bytes
(vm11:m0) Got connection from reducer vm28:r0
(vm11:m0:27) thread started, have to send 1402438300 bytes
(vm11:m0:7) all data sent, thread exiting
(vm11:m0) Got connection from reducer vm24:r0
(vm11:m0:23) thread started, have to send 1402438300 bytes
(vm11:m0) Got connection from reducer vm4:r0
(vm11:m0:3) thread started, have to send 1402438300 bytes
(vm11:m0) Got connection from reducer vm27:r0
(vm11:m0:26) thread started, have to send 1402438300 bytes
(vm11:m0) Got connection from reducer vm23:r0
(vm11:m0:22) thread started, have to send 1402438300 bytes
(vm11:m0) Got connection from reducer vm26:r0
(vm11:m0:25) thread started, have to send 1402438300 bytes
(vm11:r0:0) Connection finished, received 1402438301 bytes
(vm11:r0) thread 0 joined, 22 connections remaining
(vm11:r0) Starting new connection thread
(vm11:r0) Maximum number of connections reached (5), waiting for a thread to finish
(vm11:r0:0) Connection established
(vm11:m0) Got connection from reducer vm11:r0
(vm11:m0:10) thread started, have to send 1402438300 bytes
(vm11:m0) Got connection from reducer vm12:r0
(vm11:m0:11) thread started, have to send 1402438300 bytes
(vm11:m0) Got connection from reducer vm2:r0
(vm11:m0:1) thread started, have to send 1402438300 bytes
(vm11:m0) Got connection from reducer vm5:r0
(vm11:m0:4) thread started, have to send 1402438300 bytes
(vm11:m0) Got connection from reducer vm13:r0
(vm11:m0:12) thread started, have to send 1402438300 bytes
(vm11:m0) Got connection from reducer vm15:r0
(vm11:m0:14) thread started, have to send 1402438300 bytes
(vm11:m0) Got connection from reducer vm3:r0
(vm11:m0:2) thread started, have to send 1402438300 bytes
(vm11:m0) Got connection from reducer vm18:r0
(vm11:m0:17) thread started, have to send 1402438300 bytes
(vm11:m0) Got connection from reducer vm16:r0
(vm11:m0) Waiting for a thread to finish
(vm11:m0) thread 0 joined, 27 connections remaining
(vm11:m0) Waiting for a thread to finish
(vm11:m0:15) thread started, have to send 1402438300 bytes
(vm11:m0:27) all data sent, thread exiting
(vm11:m0:26) all data sent, thread exiting
(vm11:m0:3) all data sent, thread exiting
(vm11:m0:23) all data sent, thread exiting
(vm11:m0:10) all data sent, thread exiting
(vm11:m0:25) all data sent, thread exiting
(vm11:r0:0) Connection finished, received 1402438301 bytes
(vm11:r0) thread 0 joined, 21 connections remaining
(vm11:r0) Starting new connection thread
(vm11:r0) Maximum number of connections reached (5), waiting for a thread to finish
(vm11:r0:0) Connection established
(vm11:m0:22) all data sent, thread exiting
(vm11:m0:1) all data sent, thread exiting
(vm11:m0) thread 1 joined, 26 connections remaining
(vm11:m0) Waiting for a thread to finish
(vm11:m0:4) all data sent, thread exiting
(vm11:m0:11) all data sent, thread exiting
(vm11:m0:14) all data sent, thread exiting
(vm11:m0:2) all data sent, thread exiting
(vm11:m0) thread 2 joined, 25 connections remaining
(vm11:m0) Waiting for a thread to finish
(vm11:m0) thread 3 joined, 24 connections remaining
(vm11:m0) Waiting for a thread to finish
(vm11:m0) thread 4 joined, 23 connections remaining
(vm11:m0) Waiting for a thread to finish
(vm11:m0) thread 5 joined, 22 connections remaining
(vm11:m0) Waiting for a thread to finish
(vm11:m0) thread 6 joined, 21 connections remaining
(vm11:m0) Waiting for a thread to finish
(vm11:m0) thread 7 joined, 20 connections remaining
(vm11:m0) Waiting for a thread to finish
(vm11:m0) thread 8 joined, 19 connections remaining
(vm11:m0) Waiting for a thread to finish
(vm11:m0) thread 9 joined, 18 connections remaining
(vm11:m0) Waiting for a thread to finish
(vm11:m0) thread 10 joined, 17 connections remaining
(vm11:m0) Waiting for a thread to finish
(vm11:m0) thread 11 joined, 16 connections remaining
(vm11:m0) Waiting for a thread to finish
(vm11:m0:12) all data sent, thread exiting
(vm11:m0:15) all data sent, thread exiting
(vm11:m0) thread 12 joined, 15 connections remaining
(vm11:m0) Waiting for a thread to finish
(vm11:m0) thread 13 joined, 14 connections remaining
(vm11:m0) Waiting for a thread to finish
(vm11:m0) thread 14 joined, 13 connections remaining
(vm11:m0) Waiting for a thread to finish
(vm11:m0) thread 15 joined, 12 connections remaining
(vm11:m0) Waiting for a thread to finish
(vm11:m0) thread 16 joined, 11 connections remaining
(vm11:m0) Waiting for a thread to finish
(vm11:m0:17) all data sent, thread exiting
(vm11:m0) thread 17 joined, 10 connections remaining
(vm11:m0) Waiting for a thread to finish
(vm11:m0) thread 18 joined, 9 connections remaining
(vm11:m0) Waiting for a thread to finish
(vm11:m0) thread 19 joined, 8 connections remaining
(vm11:m0) Waiting for a thread to finish
(vm11:m0) thread 20 joined, 7 connections remaining
(vm11:m0) Waiting for a thread to finish
(vm11:m0) thread 21 joined, 6 connections remaining
(vm11:m0) Waiting for a thread to finish
(vm11:m0) thread 22 joined, 5 connections remaining
(vm11:m0) Waiting for a thread to finish
(vm11:m0) thread 23 joined, 4 connections remaining
(vm11:m0) Waiting for a thread to finish
(vm11:m0) thread 24 joined, 3 connections remaining
(vm11:m0) Waiting for a thread to finish
(vm11:m0) thread 25 joined, 2 connections remaining
(vm11:m0) Waiting for a thread to finish
(vm11:m0) thread 26 joined, 1 connections remaining
(vm11:m0) Waiting for a thread to finish
(vm11:m0) thread 27 joined, 0 connections remaining
(vm11:m0) all done, exiting
*RES* start node vm11:m0
*RES* vm11:m0:0,1404887205403,4927,1366,1402438301
*RES* vm11:m0:1,1404887305482,16532,1123,1402438301
*RES* vm11:m0:2,1404887306428,16400,1137,1402438301
*RES* vm11:m0:3,1404887301876,16126,1179,1402438301
*RES* vm11:m0:4,1404887305730,16294,1127,1402438301
*RES* vm11:m0:5,1404887228888,5115,1561,1402438301
*RES* vm11:m0:6,1404887266396,5292,1629,1402438301
*RES* vm11:m0:7,1404887296168,4964,1758,1402438301
*RES* vm11:m0:8,1404887215567,3666,1091,1402438301
*RES* vm11:m0:9,1404887230328,4707,1320,1402438301
*RES* vm11:m0:10,1404887303713,15022,485,1402438301
*RES* vm11:m0:11,1404887304346,17831,1112,1402438301
*RES* vm11:m0:12,1404887306232,16604,1135,1402438301
*RES* vm11:m0:13,1404887277940,5101,1641,1402438301
*RES* vm11:m0:14,1404887306396,16411,1159,1402438301
*RES* vm11:m0:15,1404887306610,16231,1154,1402438301
*RES* vm11:m0:16,1404887248384,5064,1607,1402438301
*RES* vm11:m0:17,1404887306554,18177,1311,1402438301
*RES* vm11:m0:18,1404887215575,3603,1050,1402438301
*RES* vm11:m0:19,1404887237579,4557,1445,1402438301
*RES* vm11:m0:20,1404887283354,4972,1426,1402438301
*RES* vm11:m0:21,1404887252937,4930,1212,1402438301
*RES* vm11:m0:22,1404887301943,16963,1172,1402438301
*RES* vm11:m0:23,1404887301716,16599,1196,1402438301
*RES* vm11:m0:24,1404887253697,6026,1524,1402438301
*RES* vm11:m0:25,1404887302210,16563,1155,1402438301
*RES* vm11:m0:26,1404887301908,15909,1155,1402438301
*RES* vm11:m0:27,1404887300832,11993,1306,1402438301
*RES* end node vm11:m0
Node vm11:m0 joined
(vm11:r0:0) Connection finished, received 1402438301 bytes
(vm11:r0) thread 0 joined, 20 connections remaining
(vm11:r0) Starting new connection thread
(vm11:r0) Maximum number of connections reached (5), waiting for a thread to finish
(vm11:r0:0) Connection established
(vm11:r0:0) Connection finished, received 1402438301 bytes
(vm11:r0) thread 0 joined, 19 connections remaining
(vm11:r0) Starting new connection thread
(vm11:r0) Maximum number of connections reached (5), waiting for a thread to finish
(vm11:r0:0) Connection established
(vm11:r0:0) Connection finished, received 1402438301 bytes
(vm11:r0) thread 0 joined, 18 connections remaining
(vm11:r0) Starting new connection thread
(vm11:r0) Maximum number of connections reached (5), waiting for a thread to finish
(vm11:r0:0) Connection established
(vm11:r0:0) Connection finished, received 1402438301 bytes
(vm11:r0) thread 0 joined, 17 connections remaining
(vm11:r0) Starting new connection thread
(vm11:r0) Maximum number of connections reached (5), waiting for a thread to finish
(vm11:r0:0) Connection established
(vm11:r0:0) Connection finished, received 1402438301 bytes
(vm11:r0) thread 0 joined, 16 connections remaining
(vm11:r0) Starting new connection thread
(vm11:r0) Maximum number of connections reached (5), waiting for a thread to finish
(vm11:r0:0) Connection established
(vm11:r0:0) Connection finished, received 1402438301 bytes
(vm11:r0) thread 0 joined, 15 connections remaining
(vm11:r0) Starting new connection thread
(vm11:r0) Maximum number of connections reached (5), waiting for a thread to finish
(vm11:r0:0) Connection established
(vm11:r0:0) Connection finished, received 1402438301 bytes
(vm11:r0) thread 0 joined, 14 connections remaining
(vm11:r0) Starting new connection thread
(vm11:r0) Maximum number of connections reached (5), waiting for a thread to finish
(vm11:r0:0) Connection established
(vm11:r0:0) Connection finished, received 1402438301 bytes
(vm11:r0) thread 0 joined, 13 connections remaining
(vm11:r0) Starting new connection thread
(vm11:r0) Maximum number of connections reached (5), waiting for a thread to finish
(vm11:r0:0) Connection established
(vm11:r0:0) Connection finished, received 1402438301 bytes
(vm11:r0) thread 0 joined, 12 connections remaining
(vm11:r0) Starting new connection thread
(vm11:r0) Maximum number of connections reached (5), waiting for a thread to finish
(vm11:r0:0) Connection established
(vm11:r0:0) Connection finished, received 1402438301 bytes
(vm11:r0) thread 0 joined, 11 connections remaining
(vm11:r0) Starting new connection thread
(vm11:r0) Maximum number of connections reached (5), waiting for a thread to finish
(vm11:r0:0) Connection established
(vm11:r0:0) Connection finished, received 1402438301 bytes
(vm11:r0) thread 0 joined, 10 connections remaining
(vm11:r0) Starting new connection thread
(vm11:r0) Maximum number of connections reached (5), waiting for a thread to finish
(vm11:r0:0) Connection established
(vm11:r0:0) Connection finished, received 1402438301 bytes
(vm11:r0) thread 0 joined, 9 connections remaining
(vm11:r0) Starting new connection thread
(vm11:r0) Maximum number of connections reached (5), waiting for a thread to finish
(vm11:r0:0) Connection established
(vm11:r0:0) Connection finished, received 1402438301 bytes
(vm11:r0) thread 0 joined, 8 connections remaining
(vm11:r0) Starting new connection thread
(vm11:r0) Maximum number of connections reached (5), waiting for a thread to finish
(vm11:r0:0) Connection established
(vm11:r0:0) Connection finished, received 1402438301 bytes
(vm11:r0) thread 0 joined, 7 connections remaining
(vm11:r0) Starting new connection thread
(vm11:r0) Maximum number of connections reached (5), waiting for a thread to finish
(vm11:r0:0) Connection established
(vm11:r0:0) Connection finished, received 1402438301 bytes
(vm11:r0) thread 0 joined, 6 connections remaining
(vm11:r0) Starting new connection thread
(vm11:r0) Maximum number of connections reached (5), waiting for a thread to finish
(vm11:r0:0) Connection established
(vm11:r0:0) Connection finished, received 1402438301 bytes
(vm11:r0) thread 0 joined, 5 connections remaining
(vm11:r0) Starting new connection thread
(vm11:r0) Maximum number of connections reached (5), waiting for a thread to finish
(vm11:r0:0) Connection established
(vm11:r0:0) Connection finished, received 1402438301 bytes
(vm11:r0) thread 0 joined, 4 connections remaining
(vm11:r0) Maximum number of connections reached (4), waiting for a thread to finish
(vm11:r0) thread 1 joined, 3 connections remaining
(vm11:r0) Maximum number of connections reached (3), waiting for a thread to finish
(vm11:r0) thread 2 joined, 2 connections remaining
(vm11:r0) Maximum number of connections reached (2), waiting for a thread to finish
(vm11:r0) thread 3 joined, 1 connections remaining
(vm11:r0) Maximum number of connections reached (1), waiting for a thread to finish
(vm11:r0) thread 4 joined, 0 connections remaining
(vm11:r0) all done, exiting
*RES* start node vm11:r0
*RES* vm11:r0:0,1404887136300,39058,1286,1402438301
*RES* vm11:r0:0,1404887175364,30874,1202,1402438301
*RES* vm11:r0:0,1404887206248,26645,1240,1402438301
*RES* vm11:r0:0,1404887232904,25822,1256,1402438301
*RES* vm11:r0:0,1404887258736,23789,1356,1402438301
*RES* vm11:r0:0,1404887282539,21149,1301,1402438301
*RES* vm11:r0:0,1404887303708,15082,1097,1402438301
*RES* vm11:r0:0,1404887318800,18493,1322,1402438301
*RES* vm11:r0:0,1404887337300,13182,1245,1402438301
*RES* vm11:r0:0,1404887350488,13786,1169,1402438301
*RES* vm11:r0:0,1404887364280,9751,1212,1402438301
*RES* vm11:r0:0,1404887374036,3473,1056,1402438301
*RES* vm11:r0:0,1404887377516,2304,1035,1402438301
*RES* vm11:r0:0,1404887379824,2656,1070,1402438301
*RES* vm11:r0:0,1404887382484,2008,933,1402438301
*RES* vm11:r0:0,1404887384496,2001,959,1402438301
*RES* vm11:r0:0,1404887386504,2069,972,1402438301
*RES* vm11:r0:0,1404887388580,2160,1016,1402438301
*RES* vm11:r0:0,1404887390744,3792,1086,1402438301
*RES* vm11:r0:0,1404887394540,2096,981,1402438301
*RES* vm11:r0:0,1404887396640,2060,993,1402438301
*RES* vm11:r0:0,1404887398708,1723,831,1402438301
*RES* vm11:r0:0,1404887400440,1752,840,1402438301
*RES* vm11:r0:0,1404887402196,2320,1135,1402438301
*RES* vm11:r0:1,1404887136300,39758,1293,1402438301
*RES* vm11:r0:2,1404887136299,40401,1301,1402438301
*RES* vm11:r0:3,1404887136299,27207,1209,1402438301
*RES* vm11:r0:4,1404887136299,41391,1300,1402438301
*RES* end node vm11:r0
Node vm11:r0 joined
Worker terminating correctly
