OSMeF worker starting
Enabling core dumping
Listening for command connection
(vm3:m0) New mapper on port 23330
(vm3:m0) -> reducer data size 1402438300
(vm3:m0) -> reducer data size 1402438300
(vm3:m0) -> reducer data size 1402438300
(vm3:m0) -> reducer data size 1402438300
(vm3:m0) -> reducer data size 1402438300
(vm3:m0) -> reducer data size 1402438300
(vm3:m0) -> reducer data size 1402438300
(vm3:m0) -> reducer data size 1402438300
(vm3:m0) -> reducer data size 1402438300
(vm3:m0) -> reducer data size 1402438300
(vm3:m0) -> reducer data size 1402438300
(vm3:m0) -> reducer data size 1402438300
(vm3:m0) -> reducer data size 1402438300
(vm3:m0) -> reducer data size 1402438300
(vm3:m0) -> reducer data size 1402438300
(vm3:m0) -> reducer data size 1402438300
(vm3:m0) -> reducer data size 1402438300
(vm3:m0) -> reducer data size 1402438300
(vm3:m0) -> reducer data size 1402438300
(vm3:m0) -> reducer data size 1402438300
(vm3:m0) -> reducer data size 1402438300
(vm3:m0) -> reducer data size 1402438300
(vm3:m0) -> reducer data size 1402438300
(vm3:m0) -> reducer data size 1402438300
(vm3:m0) -> reducer data size 1402438300
(vm3:m0) -> reducer data size 1402438300
(vm3:m0) -> reducer data size 1402438300
(vm3:m0) -> reducer data size 1402438300
(vm3:m0) Mapper thread started
(vm3:m0) Allocating data for reducer vm1:r0
(vm3:m0) Allocating data for reducer vm2:r0
(vm3:m0) Allocating data for reducer vm3:r0
(vm3:m0) Allocating data for reducer vm4:r0
(vm3:m0) Allocating data for reducer vm5:r0
(vm3:m0) Allocating data for reducer vm6:r0
(vm3:m0) Allocating data for reducer vm7:r0
(vm3:m0) Allocating data for reducer vm8:r0
(vm3:m0) Allocating data for reducer vm9:r0
(vm3:m0) Allocating data for reducer vm10:r0
(vm3:m0) Allocating data for reducer vm11:r0
(vm3:m0) Allocating data for reducer vm12:r0
(vm3:m0) Allocating data for reducer vm13:r0
(vm3:m0) Allocating data for reducer vm14:r0
(vm3:m0) Allocating data for reducer vm15:r0
(vm3:m0) Allocating data for reducer vm16:r0
(vm3:m0) Allocating data for reducer vm17:r0
(vm3:m0) Allocating data for reducer vm18:r0
(vm3:m0) Allocating data for reducer vm19:r0
(vm3:m0) Allocating data for reducer vm20:r0
(vm3:m0) Allocating data for reducer vm21:r0
(vm3:m0) Allocating data for reducer vm22:r0
(vm3:m0) Allocating data for reducer vm23:r0
(vm3:m0) Allocating data for reducer vm24:r0
(vm3:m0) Allocating data for reducer vm25:r0
(vm3:m0) Allocating data for reducer vm26:r0
(vm3:m0) Allocating data for reducer vm27:r0
(vm3:m0) Allocating data for reducer vm28:r0
(vm3:m0) Binding to port 23330
(vm3:r0) New reducer
(vm3:r0) Reducer thread started
(vm3:r0) waiting for START message
(vm3:r0) got START message
(vm3:r0) Starting new connection thread
(vm3:r0) Starting new connection thread
(vm3:r0) Starting new connection thread
(vm3:r0) Starting new connection thread
(vm3:r0) Starting new connection thread
(vm3:r0) Maximum number of connections reached (5), waiting for a thread to finish
(vm3:r0:2) Connection established
(vm3:m0) Got connection from reducer vm3:r0
(vm3:m0) Got connection from reducer vm2:r0
(vm3:m0:2) thread started, have to send 1402438300 bytes
(vm3:m0:1) thread started, have to send 1402438300 bytes
(vm3:r0:4) Connection established
(vm3:r0:3) Connection established
(vm3:m0) Got connection from reducer vm4:r0
(vm3:m0) Got connection from reducer vm1:r0
(vm3:r0:1) Connection established
(vm3:m0) Got connection from reducer vm9:r0
(vm3:m0) Got connection from reducer vm8:r0
(vm3:m0) Got connection from reducer vm24:r0
(vm3:m0) Got connection from reducer vm21:r0
(vm3:m0) Got connection from reducer vm6:r0
(vm3:m0) Got connection from reducer vm18:r0
(vm3:m0) Got connection from reducer vm14:r0
(vm3:m0) Got connection from reducer vm27:r0
(vm3:m0) Got connection from reducer vm13:r0
(vm3:m0) Got connection from reducer vm15:r0
(vm3:m0) Got connection from reducer vm11:r0
(vm3:m0) Got connection from reducer vm7:r0
(vm3:m0) Got connection from reducer vm5:r0
(vm3:m0) Got connection from reducer vm25:r0
(vm3:m0) Got connection from reducer vm16:r0
(vm3:m0) Got connection from reducer vm12:r0
(vm3:m0) Got connection from reducer vm23:r0
(vm3:m0) Got connection from reducer vm17:r0
(vm3:m0) Got connection from reducer vm19:r0
(vm3:m0) Got connection from reducer vm28:r0
(vm3:m0) Got connection from reducer vm26:r0
(vm3:m0) Got connection from reducer vm20:r0
(vm3:m0) Got connection from reducer vm22:r0
(vm3:r0:0) Connection established
(vm3:m0:0) thread started, have to send 1402438300 bytes
(vm3:m0:6) thread started, have to send 1402438300 bytes
(vm3:m0:22) thread started, have to send 1402438300 bytes
(vm3:m0:27) thread started, have to send 1402438300 bytes
(vm3:m0:25) thread started, have to send 1402438300 bytes
(vm3:m0:20) thread started, have to send 1402438300 bytes
(vm3:m0:26) thread started, have to send 1402438300 bytes
(vm3:m0:24) thread started, have to send 1402438300 bytes
(vm3:m0:5) thread started, have to send 1402438300 bytes
(vm3:m0:17) thread started, have to send 1402438300 bytes
(vm3:m0:14) thread started, have to send 1402438300 bytes
(vm3:m0:10) thread started, have to send 1402438300 bytes
(vm3:m0:4) thread started, have to send 1402438300 bytes
(vm3:m0:11) thread started, have to send 1402438300 bytes
(vm3:m0:18) thread started, have to send 1402438300 bytes
(vm3:m0:8) thread started, have to send 1402438300 bytes
(vm3:m0:12) thread started, have to send 1402438300 bytes
(vm3:m0:16) thread started, have to send 1402438300 bytes
(vm3:m0:19) thread started, have to send 1402438300 bytes
(vm3:m0:21) thread started, have to send 1402438300 bytes
(vm3:m0:7) thread started, have to send 1402438300 bytes
(vm3:m0:15) thread started, have to send 1402438300 bytes
(vm3:m0:23) thread started, have to send 1402438300 bytes
(vm3:m0:13) thread started, have to send 1402438300 bytes
(vm3:m0:3) thread started, have to send 1402438300 bytes
(vm3:m0) Got connection from reducer vm10:r0
(vm3:m0) Waiting for a thread to finish
(vm3:m0:9) thread started, have to send 1402438300 bytes
(vm3:r0:2) Connection finished, received 1402438301 bytes
(vm3:m0:2) all data sent, thread exiting
(vm3:r0:3) Connection finished, received 1402438301 bytes
(vm3:m0:8) all data sent, thread exiting
(vm3:m0:9) all data sent, thread exiting
(vm3:m0:12) all data sent, thread exiting
(vm3:m0:3) all data sent, thread exiting
(vm3:m0:17) all data sent, thread exiting
(vm3:m0:11) all data sent, thread exiting
(vm3:m0:7) all data sent, thread exiting
(vm3:m0:24) all data sent, thread exiting
(vm3:m0:23) all data sent, thread exiting
(vm3:m0:27) all data sent, thread exiting
(vm3:m0:6) all data sent, thread exiting
(vm3:m0:22) all data sent, thread exiting
(vm3:m0:15) all data sent, thread exiting
(vm3:m0:19) all data sent, thread exiting
(vm3:m0:21) all data sent, thread exiting
(vm3:m0:26) all data sent, thread exiting
(vm3:m0:14) all data sent, thread exiting
(vm3:m0:20) all data sent, thread exiting
(vm3:m0:13) all data sent, thread exiting
(vm3:m0:5) all data sent, thread exiting
(vm3:m0:16) all data sent, thread exiting
(vm3:m0:10) all data sent, thread exiting
(vm3:m0:18) all data sent, thread exiting
(vm3:m0:25) all data sent, thread exiting
(vm3:m0:0) all data sent, thread exiting
(vm3:m0) thread 0 joined, 27 connections remaining
(vm3:m0) Waiting for a thread to finish
(vm3:r0:0) Connection finished, received 1402438301 bytes
(vm3:r0) thread 0 joined, 27 connections remaining
(vm3:r0) Starting new connection thread
(vm3:r0) Maximum number of connections reached (5), waiting for a thread to finish
(vm3:r0:0) Connection established
(vm3:m0:1) all data sent, thread exiting
(vm3:m0) thread 1 joined, 26 connections remaining
(vm3:m0) Waiting for a thread to finish
(vm3:m0) thread 2 joined, 25 connections remaining
(vm3:m0) Waiting for a thread to finish
(vm3:m0) thread 3 joined, 24 connections remaining
(vm3:m0) Waiting for a thread to finish
(vm3:r0:1) Connection finished, received 1402438301 bytes
(vm3:m0:4) all data sent, thread exiting
(vm3:m0) thread 4 joined, 23 connections remaining
(vm3:m0) Waiting for a thread to finish
(vm3:m0) thread 5 joined, 22 connections remaining
(vm3:m0) Waiting for a thread to finish
(vm3:m0) thread 6 joined, 21 connections remaining
(vm3:m0) Waiting for a thread to finish
(vm3:m0) thread 7 joined, 20 connections remaining
(vm3:m0) Waiting for a thread to finish
(vm3:m0) thread 8 joined, 19 connections remaining
(vm3:m0) Waiting for a thread to finish
(vm3:m0) thread 9 joined, 18 connections remaining
(vm3:m0) Waiting for a thread to finish
(vm3:m0) thread 10 joined, 17 connections remaining
(vm3:m0) Waiting for a thread to finish
(vm3:m0) thread 11 joined, 16 connections remaining
(vm3:m0) Waiting for a thread to finish
(vm3:m0) thread 12 joined, 15 connections remaining
(vm3:m0) Waiting for a thread to finish
(vm3:m0) thread 13 joined, 14 connections remaining
(vm3:m0) Waiting for a thread to finish
(vm3:m0) thread 14 joined, 13 connections remaining
(vm3:m0) Waiting for a thread to finish
(vm3:m0) thread 15 joined, 12 connections remaining
(vm3:m0) Waiting for a thread to finish
(vm3:m0) thread 16 joined, 11 connections remaining
(vm3:m0) Waiting for a thread to finish
(vm3:m0) thread 17 joined, 10 connections remaining
(vm3:m0) Waiting for a thread to finish
(vm3:m0) thread 18 joined, 9 connections remaining
(vm3:m0) Waiting for a thread to finish
(vm3:m0) thread 19 joined, 8 connections remaining
(vm3:m0) Waiting for a thread to finish
(vm3:m0) thread 20 joined, 7 connections remaining
(vm3:m0) Waiting for a thread to finish
(vm3:m0) thread 21 joined, 6 connections remaining
(vm3:m0) Waiting for a thread to finish
(vm3:m0) thread 22 joined, 5 connections remaining
(vm3:m0) Waiting for a thread to finish
(vm3:m0) thread 23 joined, 4 connections remaining
(vm3:m0) Waiting for a thread to finish
(vm3:m0) thread 24 joined, 3 connections remaining
(vm3:m0) Waiting for a thread to finish
(vm3:m0) thread 25 joined, 2 connections remaining
(vm3:m0) Waiting for a thread to finish
(vm3:m0) thread 26 joined, 1 connections remaining
(vm3:m0) Waiting for a thread to finish
(vm3:m0) thread 27 joined, 0 connections remaining
(vm3:m0) all done, exiting
*RES* start node vm3:m0
*RES* vm3:m0:0,1404887136246,41438,1126,1402438301
*RES* vm3:m0:1,1404887136234,42101,1154,1402438301
*RES* vm3:m0:2,1404887136233,20420,567,1402438301
*RES* vm3:m0:3,1404887136247,39331,1153,1402438301
*RES* vm3:m0:4,1404887136247,42794,1144,1402438301
*RES* vm3:m0:5,1404887136246,40242,1230,1402438301
*RES* vm3:m0:6,1404887136246,39956,1229,1402438301
*RES* vm3:m0:7,1404887136247,39802,1225,1402438301
*RES* vm3:m0:8,1404887136247,38305,1185,1402438301
*RES* vm3:m0:9,1404887136372,38334,1210,1402438301
*RES* vm3:m0:10,1404887136246,40386,1254,1402438301
*RES* vm3:m0:11,1404887136247,39620,1233,1402438301
*RES* vm3:m0:12,1404887136247,39307,1237,1402438301
*RES* vm3:m0:13,1404887136247,40197,1231,1402438301
*RES* vm3:m0:14,1404887136246,40078,1250,1402438301
*RES* vm3:m0:15,1404887136247,40001,1186,1402438301
*RES* vm3:m0:16,1404887136247,40264,1243,1402438301
*RES* vm3:m0:17,1404887136246,39421,1222,1402438301
*RES* vm3:m0:18,1404887136247,40489,1219,1402438301
*RES* vm3:m0:19,1404887136247,39984,1229,1402438301
*RES* vm3:m0:20,1404887136246,40123,1227,1402438301
*RES* vm3:m0:21,1404887136247,40010,1227,1402438301
*RES* vm3:m0:22,1404887136246,39985,1239,1402438301
*RES* vm3:m0:23,1404887136247,39853,1210,1402438301
*RES* vm3:m0:24,1404887136246,39866,1223,1402438301
*RES* vm3:m0:25,1404887136246,40733,1225,1402438301
*RES* vm3:m0:26,1404887136246,40048,1222,1402438301
*RES* vm3:m0:27,1404887136246,39919,1243,1402438301
*RES* end node vm3:m0
Node vm3:m0 joined
(vm3:r0:4) Connection finished, received 1402438301 bytes
(vm3:r0:0) Connection finished, received 1402438301 bytes
(vm3:r0) thread 0 joined, 26 connections remaining
(vm3:r0) Starting new connection thread
(vm3:r0) Maximum number of connections reached (5), waiting for a thread to finish
(vm3:r0:0) Connection established
(vm3:r0:0) Connection finished, received 1402438301 bytes
(vm3:r0) thread 0 joined, 25 connections remaining
(vm3:r0) Starting new connection thread
(vm3:r0) Maximum number of connections reached (5), waiting for a thread to finish
(vm3:r0:0) Connection established
(vm3:r0:0) Connection finished, received 1402438301 bytes
(vm3:r0) thread 0 joined, 24 connections remaining
(vm3:r0) Starting new connection thread
(vm3:r0) Maximum number of connections reached (5), waiting for a thread to finish
(vm3:r0:0) Connection established
(vm3:r0:0) Connection finished, received 1402438301 bytes
(vm3:r0) thread 0 joined, 23 connections remaining
(vm3:r0) Starting new connection thread
(vm3:r0) Maximum number of connections reached (5), waiting for a thread to finish
(vm3:r0:0) Connection established
(vm3:r0:0) Connection finished, received 1402438301 bytes
(vm3:r0) thread 0 joined, 22 connections remaining
(vm3:r0) Starting new connection thread
(vm3:r0) Maximum number of connections reached (5), waiting for a thread to finish
(vm3:r0:0) Connection established
(vm3:r0:0) Connection finished, received 1402438301 bytes
(vm3:r0) thread 0 joined, 21 connections remaining
(vm3:r0) Starting new connection thread
(vm3:r0) Maximum number of connections reached (5), waiting for a thread to finish
(vm3:r0:0) Connection established
(vm3:r0:0) Connection finished, received 1402438301 bytes
(vm3:r0) thread 0 joined, 20 connections remaining
(vm3:r0) Starting new connection thread
(vm3:r0) Maximum number of connections reached (5), waiting for a thread to finish
(vm3:r0:0) Connection established
(vm3:r0:0) Connection finished, received 1402438301 bytes
(vm3:r0) thread 0 joined, 19 connections remaining
(vm3:r0) Starting new connection thread
(vm3:r0) Maximum number of connections reached (5), waiting for a thread to finish
(vm3:r0:0) Connection established
(vm3:r0:0) Connection finished, received 1402438301 bytes
(vm3:r0) thread 0 joined, 18 connections remaining
(vm3:r0) Starting new connection thread
(vm3:r0) Maximum number of connections reached (5), waiting for a thread to finish
(vm3:r0:0) Connection established
(vm3:r0:0) Connection finished, received 1402438301 bytes
(vm3:r0) thread 0 joined, 17 connections remaining
(vm3:r0) Starting new connection thread
(vm3:r0) Maximum number of connections reached (5), waiting for a thread to finish
(vm3:r0:0) Connection established
(vm3:r0:0) Connection finished, received 1402438301 bytes
(vm3:r0) thread 0 joined, 16 connections remaining
(vm3:r0) Starting new connection thread
(vm3:r0) Maximum number of connections reached (5), waiting for a thread to finish
(vm3:r0:0) Connection established
(vm3:r0:0) Connection finished, received 1402438301 bytes
(vm3:r0) thread 0 joined, 15 connections remaining
(vm3:r0) Starting new connection thread
(vm3:r0) Maximum number of connections reached (5), waiting for a thread to finish
(vm3:r0:0) Connection established
(vm3:r0:0) Connection finished, received 1402438301 bytes
(vm3:r0) thread 0 joined, 14 connections remaining
(vm3:r0) Starting new connection thread
(vm3:r0) Maximum number of connections reached (5), waiting for a thread to finish
(vm3:r0:0) Connection established
(vm3:r0:0) Connection finished, received 1402438301 bytes
(vm3:r0) thread 0 joined, 13 connections remaining
(vm3:r0) Starting new connection thread
(vm3:r0) Maximum number of connections reached (5), waiting for a thread to finish
(vm3:r0:0) Connection established
(vm3:r0:0) Connection finished, received 1402438301 bytes
(vm3:r0) thread 0 joined, 12 connections remaining
(vm3:r0) Starting new connection thread
(vm3:r0) Maximum number of connections reached (5), waiting for a thread to finish
(vm3:r0:0) Connection established
(vm3:r0:0) Connection finished, received 1402438301 bytes
(vm3:r0) thread 0 joined, 11 connections remaining
(vm3:r0) Starting new connection thread
(vm3:r0) Maximum number of connections reached (5), waiting for a thread to finish
(vm3:r0:0) Connection established
(vm3:r0:0) Connection finished, received 1402438301 bytes
(vm3:r0) thread 0 joined, 10 connections remaining
(vm3:r0) Starting new connection thread
(vm3:r0) Maximum number of connections reached (5), waiting for a thread to finish
(vm3:r0:0) Connection established
(vm3:r0:0) Connection finished, received 1402438301 bytes
(vm3:r0) thread 0 joined, 9 connections remaining
(vm3:r0) Starting new connection thread
(vm3:r0) Maximum number of connections reached (5), waiting for a thread to finish
(vm3:r0:0) Connection established
(vm3:r0:0) Connection finished, received 1402438301 bytes
(vm3:r0) thread 0 joined, 8 connections remaining
(vm3:r0) Starting new connection thread
(vm3:r0) Maximum number of connections reached (5), waiting for a thread to finish
(vm3:r0:0) Connection established
(vm3:r0:0) Connection finished, received 1402438301 bytes
(vm3:r0) thread 0 joined, 7 connections remaining
(vm3:r0) Starting new connection thread
(vm3:r0) Maximum number of connections reached (5), waiting for a thread to finish
(vm3:r0:0) Connection established
(vm3:r0:0) Connection finished, received 1402438301 bytes
(vm3:r0) thread 0 joined, 6 connections remaining
(vm3:r0) Starting new connection thread
(vm3:r0) Maximum number of connections reached (5), waiting for a thread to finish
(vm3:r0:0) Connection established
(vm3:r0:0) Connection finished, received 1402438301 bytes
(vm3:r0) thread 0 joined, 5 connections remaining
(vm3:r0) Starting new connection thread
(vm3:r0) Maximum number of connections reached (5), waiting for a thread to finish
(vm3:r0:0) Connection established
(vm3:r0:0) Connection finished, received 1402438301 bytes
(vm3:r0) thread 0 joined, 4 connections remaining
(vm3:r0) Maximum number of connections reached (4), waiting for a thread to finish
(vm3:r0) thread 1 joined, 3 connections remaining
(vm3:r0) Maximum number of connections reached (3), waiting for a thread to finish
(vm3:r0) thread 2 joined, 2 connections remaining
(vm3:r0) Maximum number of connections reached (2), waiting for a thread to finish
(vm3:r0) thread 3 joined, 1 connections remaining
(vm3:r0) Maximum number of connections reached (1), waiting for a thread to finish
(vm3:r0) thread 4 joined, 0 connections remaining
(vm3:r0) all done, exiting
*RES* start node vm3:r0
*RES* vm3:r0:0,1404887136234,41875,1207,1402438301
*RES* vm3:r0:0,1404887178129,31290,1601,1402438301
*RES* vm3:r0:0,1404887209423,28019,1675,1402438301
*RES* vm3:r0:0,1404887237447,23640,1406,1402438301
*RES* vm3:r0:0,1404887261091,25197,1500,1402438301
*RES* vm3:r0:0,1404887286295,20049,1258,1402438301
*RES* vm3:r0:0,1404887306351,16418,1234,1402438301
*RES* vm3:r0:0,1404887322775,16153,1376,1402438301
*RES* vm3:r0:0,1404887338935,12832,1358,1402438301
*RES* vm3:r0:0,1404887351775,14547,1269,1402438301
*RES* vm3:r0:0,1404887366327,12029,1182,1402438301
*RES* vm3:r0:0,1404887378363,10735,1187,1402438301
*RES* vm3:r0:0,1404887389103,6817,1199,1402438301
*RES* vm3:r0:0,1404887395927,7966,1101,1402438301
*RES* vm3:r0:0,1404887403899,4340,937,1402438301
*RES* vm3:r0:0,1404887408243,3459,793,1402438301
*RES* vm3:r0:0,1404887411707,2957,814,1402438301
*RES* vm3:r0:0,1404887414670,1656,808,1402438301
*RES* vm3:r0:0,1404887416335,1640,786,1402438301
*RES* vm3:r0:0,1404887417979,1649,802,1402438301
*RES* vm3:r0:0,1404887419635,1400,685,1402438301
*RES* vm3:r0:0,1404887421043,1407,686,1402438301
*RES* vm3:r0:0,1404887422459,1463,720,1402438301
*RES* vm3:r0:0,1404887423931,1484,727,1402438301
*RES* vm3:r0:1,1404887136233,42739,1226,1402438301
*RES* vm3:r0:2,1404887136233,20422,750,1402438301
*RES* vm3:r0:3,1404887136233,36318,1035,1402438301
*RES* vm3:r0:4,1404887136232,43532,1292,1402438301
*RES* end node vm3:r0
Node vm3:r0 joined
Worker terminating correctly
