OSMeF worker starting
Enabling core dumping
Listening for command connection
(vm15:m0) New mapper on port 23330
(vm15:m0) -> reducer data size 1307386002
(vm15:m0) -> reducer data size 1307386002
(vm15:m0) -> reducer data size 1307386002
(vm15:m0) -> reducer data size 1307386002
(vm15:m0) -> reducer data size 1307386002
(vm15:m0) -> reducer data size 1307386002
(vm15:m0) -> reducer data size 1307386002
(vm15:m0) -> reducer data size 1307386002
(vm15:m0) -> reducer data size 1307386002
(vm15:m0) -> reducer data size 1307386002
(vm15:m0) -> reducer data size 1307386002
(vm15:m0) -> reducer data size 1307386002
(vm15:m0) -> reducer data size 1307386002
(vm15:m0) -> reducer data size 1307386002
(vm15:m0) -> reducer data size 1307386002
(vm15:m0) -> reducer data size 1307386002
(vm15:m0) -> reducer data size 1307386002
(vm15:m0) -> reducer data size 1307386002
(vm15:m0) -> reducer data size 1307386002
(vm15:m0) -> reducer data size 1307386002
(vm15:m0) -> reducer data size 1307386002
(vm15:m0) -> reducer data size 1307386002
(vm15:m0) -> reducer data size 1307386002
(vm15:m0) -> reducer data size 1307386002
(vm15:m0) -> reducer data size 1307386002
(vm15:m0) -> reducer data size 1307386002
(vm15:m0) -> reducer data size 1307386002
(vm15:m0) -> reducer data size 1307386002
(vm15:m0) -> reducer data size 1307386002
(vm15:m0) Mapper thread started
(vm15:m0) Allocating data for reducer vm1:r0
(vm15:m0) Allocating data for reducer vm2:r0
(vm15:m0) Allocating data for reducer vm3:r0
(vm15:m0) Allocating data for reducer vm4:r0
(vm15:m0) Allocating data for reducer vm5:r0
(vm15:m0) Allocating data for reducer vm6:r0
(vm15:m0) Allocating data for reducer vm7:r0
(vm15:m0) Allocating data for reducer vm8:r0
(vm15:m0) Allocating data for reducer vm9:r0
(vm15:m0) Allocating data for reducer vm10:r0
(vm15:m0) Allocating data for reducer vm11:r0
(vm15:m0) Allocating data for reducer vm12:r0
(vm15:m0) Allocating data for reducer vm13:r0
(vm15:m0) Allocating data for reducer vm14:r0
(vm15:m0) Allocating data for reducer vm15:r0
(vm15:m0) Allocating data for reducer vm16:r0
(vm15:m0) Allocating data for reducer vm17:r0
(vm15:m0) Allocating data for reducer vm18:r0
(vm15:m0) Allocating data for reducer vm19:r0
(vm15:m0) Allocating data for reducer vm20:r0
(vm15:m0) Allocating data for reducer vm21:r0
(vm15:m0) Allocating data for reducer vm22:r0
(vm15:m0) Allocating data for reducer vm23:r0
(vm15:m0) Allocating data for reducer vm24:r0
(vm15:m0) Allocating data for reducer vm25:r0
(vm15:m0) Allocating data for reducer vm26:r0
(vm15:m0) Allocating data for reducer vm27:r0
(vm15:m0) Allocating data for reducer vm28:r0
(vm15:m0) Allocating data for reducer vm29:r0
(vm15:m0) Binding to port 23330
(vm15:r0) New reducer
(vm15:r0) Reducer thread started
(vm15:r0) waiting for START message
(vm15:r0) got START message
(vm15:r0) Starting new connection thread
(vm15:r0) Starting new connection thread
(vm15:r0) Starting new connection thread
(vm15:r0) Starting new connection thread
(vm15:r0) Starting new connection thread
(vm15:r0) Maximum number of connections reached (5), waiting for a thread to finish
(vm15:r0:3) Connection established
(vm15:r0:2) Connection established
(vm15:r0:1) Connection established
(vm15:r0:0) Connection established
(vm15:r0:4) Connection established
(vm15:r0:4) Connection finished, received 1307386003 bytes
(vm15:r0:3) Connection finished, received 1307386003 bytes
(vm15:r0:1) Connection finished, received 1307386003 bytes
(vm15:r0:2) Connection finished, received 1307386003 bytes
(vm15:r0:0) Connection finished, received 1307386003 bytes
(vm15:r0) thread 0 joined, 28 connections remaining
(vm15:r0) Starting new connection thread
(vm15:r0) Maximum number of connections reached (5), waiting for a thread to finish
(vm15:r0:0) Connection established
(vm15:r0:0) Connection finished, received 1307386003 bytes
(vm15:r0) thread 0 joined, 27 connections remaining
(vm15:r0) Starting new connection thread
(vm15:r0) Maximum number of connections reached (5), waiting for a thread to finish
(vm15:r0:0) Connection established
(vm15:m0) Got connection from reducer vm1:r0
(vm15:m0:0) thread started, have to send 1307386002 bytes
(vm15:r0:0) Connection finished, received 1307386003 bytes
(vm15:r0) thread 0 joined, 26 connections remaining
(vm15:r0) Starting new connection thread
(vm15:r0) Maximum number of connections reached (5), waiting for a thread to finish
(vm15:r0:0) Connection established
(vm15:m0:0) all data sent, thread exiting
(vm15:r0:0) Connection finished, received 1307386003 bytes
(vm15:r0) thread 0 joined, 25 connections remaining
(vm15:r0) Starting new connection thread
(vm15:r0) Maximum number of connections reached (5), waiting for a thread to finish
(vm15:r0:0) Connection established
(vm15:m0) Got connection from reducer vm14:r0
(vm15:m0:13) thread started, have to send 1307386002 bytes
(vm15:r0:0) Connection finished, received 1307386003 bytes
(vm15:r0) thread 0 joined, 24 connections remaining
(vm15:r0) Starting new connection thread
(vm15:r0) Maximum number of connections reached (5), waiting for a thread to finish
(vm15:r0:0) Connection established
(vm15:m0) Got connection from reducer vm10:r0
(vm15:m0:9) thread started, have to send 1307386002 bytes
(vm15:m0:13) all data sent, thread exiting
(vm15:r0:0) Connection finished, received 1307386003 bytes
(vm15:r0) thread 0 joined, 23 connections remaining
(vm15:r0) Starting new connection thread
(vm15:r0) Maximum number of connections reached (5), waiting for a thread to finish
(vm15:r0:0) Connection established
(vm15:m0:9) all data sent, thread exiting
(vm15:r0:0) Connection finished, received 1307386003 bytes
(vm15:r0) thread 0 joined, 22 connections remaining
(vm15:r0) Starting new connection thread
(vm15:r0) Maximum number of connections reached (5), waiting for a thread to finish
(vm15:r0:0) Connection established
(vm15:r0:0) Connection finished, received 1307386003 bytes
(vm15:r0) thread 0 joined, 21 connections remaining
(vm15:r0) Starting new connection thread
(vm15:r0) Maximum number of connections reached (5), waiting for a thread to finish
(vm15:r0:0) Connection established
(vm15:r0:0) Connection finished, received 1307386003 bytes
(vm15:r0) thread 0 joined, 20 connections remaining
(vm15:r0) Starting new connection thread
(vm15:r0) Maximum number of connections reached (5), waiting for a thread to finish
(vm15:r0:0) Connection established
(vm15:r0:0) Connection finished, received 1307386003 bytes
(vm15:r0) thread 0 joined, 19 connections remaining
(vm15:r0) Starting new connection thread
(vm15:r0) Maximum number of connections reached (5), waiting for a thread to finish
(vm15:r0:0) Connection established
(vm15:m0) Got connection from reducer vm15:r0
(vm15:m0:14) thread started, have to send 1307386002 bytes
(vm15:m0) Got connection from reducer vm6:r0
(vm15:m0:5) thread started, have to send 1307386002 bytes
(vm15:m0:14) all data sent, thread exiting
(vm15:r0:0) Connection finished, received 1307386003 bytes
(vm15:r0) thread 0 joined, 18 connections remaining
(vm15:r0) Starting new connection thread
(vm15:r0) Maximum number of connections reached (5), waiting for a thread to finish
(vm15:r0:0) Connection established
(vm15:m0) Got connection from reducer vm7:r0
(vm15:m0:6) thread started, have to send 1307386002 bytes
(vm15:m0) Got connection from reducer vm8:r0
(vm15:m0:7) thread started, have to send 1307386002 bytes
(vm15:m0:5) all data sent, thread exiting
(vm15:r0:0) Connection finished, received 1307386003 bytes
(vm15:r0) thread 0 joined, 17 connections remaining
(vm15:r0) Starting new connection thread
(vm15:r0) Maximum number of connections reached (5), waiting for a thread to finish
(vm15:r0:0) Connection established
(vm15:m0:6) all data sent, thread exiting
(vm15:m0) Got connection from reducer vm19:r0
(vm15:m0:18) thread started, have to send 1307386002 bytes
(vm15:m0:7) all data sent, thread exiting
(vm15:r0:0) Connection finished, received 1307386003 bytes
(vm15:r0) thread 0 joined, 16 connections remaining
(vm15:r0) Starting new connection thread
(vm15:r0) Maximum number of connections reached (5), waiting for a thread to finish
(vm15:r0:0) Connection established
(vm15:m0:18) all data sent, thread exiting
(vm15:r0:0) Connection finished, received 1307386003 bytes
(vm15:r0) thread 0 joined, 15 connections remaining
(vm15:r0) Starting new connection thread
(vm15:r0) Maximum number of connections reached (5), waiting for a thread to finish
(vm15:r0:0) Connection established
(vm15:r0:0) Connection finished, received 1307386003 bytes
(vm15:r0) thread 0 joined, 14 connections remaining
(vm15:r0) Starting new connection thread
(vm15:r0) Maximum number of connections reached (5), waiting for a thread to finish
(vm15:r0:0) Connection established
(vm15:m0) Got connection from reducer vm28:r0
(vm15:m0:27) thread started, have to send 1307386002 bytes
(vm15:r0:0) Connection finished, received 1307386003 bytes
(vm15:r0) thread 0 joined, 13 connections remaining
(vm15:r0) Starting new connection thread
(vm15:r0) Maximum number of connections reached (5), waiting for a thread to finish
(vm15:r0:0) Connection established
(vm15:m0:27) all data sent, thread exiting
(vm15:r0:0) Connection finished, received 1307386003 bytes
(vm15:r0) thread 0 joined, 12 connections remaining
(vm15:r0) Starting new connection thread
(vm15:r0) Maximum number of connections reached (5), waiting for a thread to finish
(vm15:r0:0) Connection established
(vm15:m0) Got connection from reducer vm26:r0
(vm15:m0:25) thread started, have to send 1307386002 bytes
(vm15:r0:0) Connection finished, received 1307386003 bytes
(vm15:r0) thread 0 joined, 11 connections remaining
(vm15:r0) Starting new connection thread
(vm15:r0) Maximum number of connections reached (5), waiting for a thread to finish
(vm15:r0:0) Connection established
(vm15:m0) Got connection from reducer vm9:r0
(vm15:m0:8) thread started, have to send 1307386002 bytes
(vm15:m0:25) all data sent, thread exiting
(vm15:r0:0) Connection finished, received 1307386003 bytes
(vm15:r0) thread 0 joined, 10 connections remaining
(vm15:r0) Starting new connection thread
(vm15:r0) Maximum number of connections reached (5), waiting for a thread to finish
(vm15:r0:0) Connection established
(vm15:m0) Got connection from reducer vm25:r0
(vm15:m0:24) thread started, have to send 1307386002 bytes
(vm15:m0:8) all data sent, thread exiting
(vm15:r0:0) Connection finished, received 1307386003 bytes
(vm15:r0) thread 0 joined, 9 connections remaining
(vm15:r0) Starting new connection thread
(vm15:r0) Maximum number of connections reached (5), waiting for a thread to finish
(vm15:r0:0) Connection established
(vm15:m0) Got connection from reducer vm29:r0
(vm15:m0:28) thread started, have to send 1307386002 bytes
(vm15:m0:24) all data sent, thread exiting
(vm15:r0:0) Connection finished, received 1307386003 bytes
(vm15:r0) thread 0 joined, 8 connections remaining
(vm15:r0) Starting new connection thread
(vm15:r0) Maximum number of connections reached (5), waiting for a thread to finish
(vm15:r0:0) Connection established
(vm15:m0:28) all data sent, thread exiting
(vm15:m0) Got connection from reducer vm13:r0
(vm15:m0:12) thread started, have to send 1307386002 bytes
(vm15:r0:0) Connection finished, received 1307386003 bytes
(vm15:r0) thread 0 joined, 7 connections remaining
(vm15:r0) Starting new connection thread
(vm15:r0) Maximum number of connections reached (5), waiting for a thread to finish
(vm15:r0:0) Connection established
(vm15:m0) Got connection from reducer vm21:r0
(vm15:m0:20) thread started, have to send 1307386002 bytes
(vm15:m0) Got connection from reducer vm3:r0
(vm15:m0:2) thread started, have to send 1307386002 bytes
(vm15:m0:12) all data sent, thread exiting
(vm15:r0:0) Connection finished, received 1307386003 bytes
(vm15:r0) thread 0 joined, 6 connections remaining
(vm15:r0) Starting new connection thread
(vm15:r0) Maximum number of connections reached (5), waiting for a thread to finish
(vm15:r0:0) Connection established
(vm15:m0:20) all data sent, thread exiting
(vm15:m0:2) all data sent, thread exiting
(vm15:r0:0) Connection finished, received 1307386003 bytes
(vm15:r0) thread 0 joined, 5 connections remaining
(vm15:r0) Starting new connection thread
(vm15:r0) Maximum number of connections reached (5), waiting for a thread to finish
(vm15:r0:0) Connection established
(vm15:r0:0) Connection finished, received 1307386003 bytes
(vm15:r0) thread 0 joined, 4 connections remaining
(vm15:r0) Maximum number of connections reached (4), waiting for a thread to finish
(vm15:r0) thread 1 joined, 3 connections remaining
(vm15:r0) Maximum number of connections reached (3), waiting for a thread to finish
(vm15:r0) thread 2 joined, 2 connections remaining
(vm15:r0) Maximum number of connections reached (2), waiting for a thread to finish
(vm15:r0) thread 3 joined, 1 connections remaining
(vm15:r0) Maximum number of connections reached (1), waiting for a thread to finish
(vm15:r0) thread 4 joined, 0 connections remaining
(vm15:r0) all done, exiting
(vm15:m0) Got connection from reducer vm4:r0
(vm15:m0:3) thread started, have to send 1307386002 bytes
(vm15:m0:3) all data sent, thread exiting
(vm15:m0) Got connection from reducer vm11:r0
(vm15:m0:10) thread started, have to send 1307386002 bytes
(vm15:m0:10) all data sent, thread exiting
(vm15:m0) Got connection from reducer vm22:r0
(vm15:m0:21) thread started, have to send 1307386002 bytes
(vm15:m0) Got connection from reducer vm23:r0
(vm15:m0:22) thread started, have to send 1307386002 bytes
(vm15:m0) Got connection from reducer vm5:r0
(vm15:m0:4) thread started, have to send 1307386002 bytes
(vm15:m0:21) all data sent, thread exiting
(vm15:m0) Got connection from reducer vm2:r0
(vm15:m0:1) thread started, have to send 1307386002 bytes
(vm15:m0) Got connection from reducer vm12:r0
(vm15:m0:11) thread started, have to send 1307386002 bytes
(vm15:m0) Got connection from reducer vm17:r0
(vm15:m0:16) thread started, have to send 1307386002 bytes
(vm15:m0) Got connection from reducer vm24:r0
(vm15:m0:23) thread started, have to send 1307386002 bytes
(vm15:m0) Got connection from reducer vm27:r0
(vm15:m0:26) thread started, have to send 1307386002 bytes
(vm15:m0) Got connection from reducer vm16:r0
(vm15:m0:15) thread started, have to send 1307386002 bytes
(vm15:m0) Got connection from reducer vm20:r0
(vm15:m0:19) thread started, have to send 1307386002 bytes
(vm15:m0) Got connection from reducer vm18:r0
(vm15:m0) Waiting for a thread to finish
(vm15:m0) thread 0 joined, 28 connections remaining
(vm15:m0) Waiting for a thread to finish
(vm15:m0:17) thread started, have to send 1307386002 bytes
(vm15:m0:4) all data sent, thread exiting
(vm15:m0:22) all data sent, thread exiting
(vm15:m0:1) all data sent, thread exiting
(vm15:m0) thread 1 joined, 27 connections remaining
(vm15:m0) Waiting for a thread to finish
(vm15:m0) thread 2 joined, 26 connections remaining
(vm15:m0) Waiting for a thread to finish
(vm15:m0) thread 3 joined, 25 connections remaining
(vm15:m0) Waiting for a thread to finish
(vm15:m0) thread 4 joined, 24 connections remaining
(vm15:m0) Waiting for a thread to finish
(vm15:m0) thread 5 joined, 23 connections remaining
(vm15:m0) Waiting for a thread to finish
(vm15:m0) thread 6 joined, 22 connections remaining
(vm15:m0) Waiting for a thread to finish
(vm15:m0) thread 7 joined, 21 connections remaining
(vm15:m0) Waiting for a thread to finish
(vm15:m0) thread 8 joined, 20 connections remaining
(vm15:m0) Waiting for a thread to finish
(vm15:m0) thread 9 joined, 19 connections remaining
(vm15:m0) Waiting for a thread to finish
(vm15:m0) thread 10 joined, 18 connections remaining
(vm15:m0) Waiting for a thread to finish
(vm15:m0:11) all data sent, thread exiting
(vm15:m0) thread 11 joined, 17 connections remaining
(vm15:m0) Waiting for a thread to finish
(vm15:m0) thread 12 joined, 16 connections remaining
(vm15:m0) Waiting for a thread to finish
(vm15:m0) thread 13 joined, 15 connections remaining
(vm15:m0) Waiting for a thread to finish
(vm15:m0) thread 14 joined, 14 connections remaining
(vm15:m0) Waiting for a thread to finish
(vm15:m0:16) all data sent, thread exiting
(vm15:m0:23) all data sent, thread exiting
(vm15:m0:15) all data sent, thread exiting
(vm15:m0) thread 15 joined, 13 connections remaining
(vm15:m0) Waiting for a thread to finish
(vm15:m0) thread 16 joined, 12 connections remaining
(vm15:m0) Waiting for a thread to finish
(vm15:m0:19) all data sent, thread exiting
(vm15:m0:26) all data sent, thread exiting
(vm15:m0:17) all data sent, thread exiting
(vm15:m0) thread 17 joined, 11 connections remaining
(vm15:m0) Waiting for a thread to finish
(vm15:m0) thread 18 joined, 10 connections remaining
(vm15:m0) Waiting for a thread to finish
(vm15:m0) thread 19 joined, 9 connections remaining
(vm15:m0) Waiting for a thread to finish
(vm15:m0) thread 20 joined, 8 connections remaining
(vm15:m0) Waiting for a thread to finish
(vm15:m0) thread 21 joined, 7 connections remaining
(vm15:m0) Waiting for a thread to finish
(vm15:m0) thread 22 joined, 6 connections remaining
(vm15:m0) Waiting for a thread to finish
(vm15:m0) thread 23 joined, 5 connections remaining
(vm15:m0) Waiting for a thread to finish
(vm15:m0) thread 24 joined, 4 connections remaining
(vm15:m0) Waiting for a thread to finish
(vm15:m0) thread 25 joined, 3 connections remaining
(vm15:m0) Waiting for a thread to finish
(vm15:m0) thread 26 joined, 2 connections remaining
(vm15:m0) Waiting for a thread to finish
(vm15:m0) thread 27 joined, 1 connections remaining
(vm15:m0) Waiting for a thread to finish
(vm15:m0) thread 28 joined, 0 connections remaining
(vm15:m0) all done, exiting
*RES* start node vm15:m0
*RES* vm15:m0:0,1405496572238,3475,1014,1307386003
*RES* vm15:m0:1,1405496719994,9564,1359,1307386003
*RES* vm15:m0:2,1405496686331,4585,918,1307386003
*RES* vm15:m0:3,1405496701723,3395,981,1307386003
*RES* vm15:m0:4,1405496718792,5516,1240,1307386003
*RES* vm15:m0:5,1405496625411,5459,1530,1307386003
*RES* vm15:m0:6,1405496629792,5953,1291,1307386003
*RES* vm15:m0:7,1405496630484,6708,1543,1307386003
*RES* vm15:m0:8,1405496666585,5030,1454,1307386003
*RES* vm15:m0:9,1405496597165,7840,1435,1307386003
*RES* vm15:m0:10,1405496707422,2868,1143,1307386003
*RES* vm15:m0:11,1405496720711,10792,1404,1307386003
*RES* vm15:m0:12,1405496683194,3747,918,1307386003
*RES* vm15:m0:13,1405496592290,6402,1722,1307386003
*RES* vm15:m0:14,1405496624883,2483,275,1307386003
*RES* vm15:m0:15,1405496722547,11193,1282,1307386003
*RES* vm15:m0:16,1405496722130,11498,1334,1307386003
*RES* vm15:m0:17,1405496722939,11095,1344,1307386003
*RES* vm15:m0:18,1405496636498,4551,1283,1307386003
*RES* vm15:m0:19,1405496722565,11447,1359,1307386003
*RES* vm15:m0:20,1405496685540,5257,915,1307386003
*RES* vm15:m0:21,1405496715434,4263,1112,1307386003
*RES* vm15:m0:22,1405496718760,5879,1219,1307386003
*RES* vm15:m0:23,1405496722254,11479,1332,1307386003
*RES* vm15:m0:24,1405496670989,6130,1321,1307386003
*RES* vm15:m0:25,1405496661576,5784,1382,1307386003
*RES* vm15:m0:26,1405496722490,11531,1366,1307386003
*RES* vm15:m0:27,1405496653846,4745,1431,1307386003
*RES* vm15:m0:28,1405496675992,4395,1242,1307386003
*RES* end node vm15:m0
Node vm15:m0 joined
*RES* start node vm15:r0
*RES* vm15:r0:0,1405496479124,38906,1231,1307386003
*RES* vm15:r0:0,1405496518034,29015,1104,1307386003
*RES* vm15:r0:0,1405496547054,26526,1110,1307386003
*RES* vm15:r0:0,1405496573587,17290,1214,1307386003
*RES* vm15:r0:0,1405496590882,6102,1669,1307386003
*RES* vm15:r0:0,1405496597002,7369,1883,1307386003
*RES* vm15:r0:0,1405496604379,4613,1489,1307386003
*RES* vm15:r0:0,1405496608998,3856,1401,1307386003
*RES* vm15:r0:0,1405496612862,5326,1843,1307386003
*RES* vm15:r0:0,1405496618202,6673,1631,1307386003
*RES* vm15:r0:0,1405496624882,2487,808,1307386003
*RES* vm15:r0:0,1405496627378,5296,1191,1307386003
*RES* vm15:r0:0,1405496632690,6935,1613,1307386003
*RES* vm15:r0:0,1405496639631,6069,1481,1307386003
*RES* vm15:r0:0,1405496645706,4785,1403,1307386003
*RES* vm15:r0:0,1405496650498,4333,1226,1307386003
*RES* vm15:r0:0,1405496654838,4550,1314,1307386003
*RES* vm15:r0:0,1405496659398,4037,1311,1307386003
*RES* vm15:r0:0,1405496663446,5715,1438,1307386003
*RES* vm15:r0:0,1405496669175,4930,1229,1307386003
*RES* vm15:r0:0,1405496674114,5433,1329,1307386003
*RES* vm15:r0:0,1405496679558,5319,1220,1307386003
*RES* vm15:r0:0,1405496684888,5737,1060,1307386003
*RES* vm15:r0:0,1405496690639,6293,1724,1307386003
*RES* vm15:r0:0,1405496696938,4157,1239,1307386003
*RES* vm15:r0:1,1405496479123,36218,1200,1307386003
*RES* vm15:r0:2,1405496479123,36870,1243,1307386003
*RES* vm15:r0:3,1405496479123,32954,1233,1307386003
*RES* vm15:r0:4,1405496479123,30983,1244,1307386003
*RES* end node vm15:r0
Node vm15:r0 joined
Worker terminating correctly
