OSMeF worker starting
Enabling core dumping
Listening for command connection
(vm5:m0) New mapper on port 23330
(vm5:m0) -> reducer data size 1307386002
(vm5:m0) -> reducer data size 1307386002
(vm5:m0) -> reducer data size 1307386002
(vm5:m0) -> reducer data size 1307386002
(vm5:m0) -> reducer data size 1307386002
(vm5:m0) -> reducer data size 1307386002
(vm5:m0) -> reducer data size 1307386002
(vm5:m0) -> reducer data size 1307386002
(vm5:m0) -> reducer data size 1307386002
(vm5:m0) -> reducer data size 1307386002
(vm5:m0) -> reducer data size 1307386002
(vm5:m0) -> reducer data size 1307386002
(vm5:m0) -> reducer data size 1307386002
(vm5:m0) -> reducer data size 1307386002
(vm5:m0) -> reducer data size 1307386002
(vm5:m0) -> reducer data size 1307386002
(vm5:m0) -> reducer data size 1307386002
(vm5:m0) -> reducer data size 1307386002
(vm5:m0) -> reducer data size 1307386002
(vm5:m0) -> reducer data size 1307386002
(vm5:m0) -> reducer data size 1307386002
(vm5:m0) -> reducer data size 1307386002
(vm5:m0) -> reducer data size 1307386002
(vm5:m0) -> reducer data size 1307386002
(vm5:m0) -> reducer data size 1307386002
(vm5:m0) -> reducer data size 1307386002
(vm5:m0) -> reducer data size 1307386002
(vm5:m0) -> reducer data size 1307386002
(vm5:m0) -> reducer data size 1307386002
(vm5:m0) Mapper thread started
(vm5:m0) Allocating data for reducer vm1:r0
(vm5:m0) Allocating data for reducer vm2:r0
(vm5:m0) Allocating data for reducer vm3:r0
(vm5:m0) Allocating data for reducer vm4:r0
(vm5:m0) Allocating data for reducer vm5:r0
(vm5:m0) Allocating data for reducer vm6:r0
(vm5:m0) Allocating data for reducer vm7:r0
(vm5:m0) Allocating data for reducer vm8:r0
(vm5:m0) Allocating data for reducer vm9:r0
(vm5:m0) Allocating data for reducer vm10:r0
(vm5:m0) Allocating data for reducer vm11:r0
(vm5:m0) Allocating data for reducer vm12:r0
(vm5:m0) Allocating data for reducer vm13:r0
(vm5:m0) Allocating data for reducer vm14:r0
(vm5:m0) Allocating data for reducer vm15:r0
(vm5:m0) Allocating data for reducer vm16:r0
(vm5:m0) Allocating data for reducer vm17:r0
(vm5:m0) Allocating data for reducer vm18:r0
(vm5:m0) Allocating data for reducer vm19:r0
(vm5:m0) Allocating data for reducer vm20:r0
(vm5:m0) Allocating data for reducer vm21:r0
(vm5:m0) Allocating data for reducer vm22:r0
(vm5:m0) Allocating data for reducer vm23:r0
(vm5:m0) Allocating data for reducer vm24:r0
(vm5:m0) Allocating data for reducer vm25:r0
(vm5:m0) Allocating data for reducer vm26:r0
(vm5:m0) Allocating data for reducer vm27:r0
(vm5:m0) Allocating data for reducer vm28:r0
(vm5:m0) Allocating data for reducer vm29:r0
(vm5:m0) Binding to port 23330
(vm5:r0) New reducer
(vm5:r0) Reducer thread started
(vm5:r0) waiting for START message
(vm5:r0) got START message
(vm5:r0) Starting new connection thread
(vm5:r0) Starting new connection thread
(vm5:r0) Starting new connection thread
(vm5:r0) Starting new connection thread
(vm5:r0) Starting new connection thread
(vm5:r0) Maximum number of connections reached (5), waiting for a thread to finish
(vm5:m0) Got connection from reducer vm2:r0
(vm5:r0:4) Connection established
(vm5:m0:1) thread started, have to send 1307386002 bytes
(vm5:m0) Got connection from reducer vm3:r0
(vm5:m0) Got connection from reducer vm5:r0
(vm5:m0) Got connection from reducer vm1:r0
(vm5:m0:0) thread started, have to send 1307386002 bytes
(vm5:m0:4) thread started, have to send 1307386002 bytes
(vm5:m0:2) thread started, have to send 1307386002 bytes
(vm5:m0) Got connection from reducer vm6:r0
(vm5:m0) Got connection from reducer vm4:r0
(vm5:r0:2) Connection established
(vm5:r0:0) Connection established
(vm5:r0:1) Connection established
(vm5:r0:3) Connection established
(vm5:m0) Got connection from reducer vm7:r0
(vm5:m0) Got connection from reducer vm9:r0
(vm5:m0) Got connection from reducer vm11:r0
(vm5:m0) Got connection from reducer vm17:r0
(vm5:m0) Got connection from reducer vm26:r0
(vm5:m0) Got connection from reducer vm8:r0
(vm5:m0) Got connection from reducer vm19:r0
(vm5:m0) Got connection from reducer vm15:r0
(vm5:m0) Got connection from reducer vm16:r0
(vm5:m0) Got connection from reducer vm18:r0
(vm5:m0) Got connection from reducer vm13:r0
(vm5:m0) Got connection from reducer vm21:r0
(vm5:m0) Got connection from reducer vm24:r0
(vm5:m0) Got connection from reducer vm14:r0
(vm5:m0) Got connection from reducer vm10:r0
(vm5:m0) Got connection from reducer vm22:r0
(vm5:m0) Got connection from reducer vm27:r0
(vm5:m0) Got connection from reducer vm28:r0
(vm5:m0) Got connection from reducer vm29:r0
(vm5:m0) Got connection from reducer vm25:r0
(vm5:m0) Got connection from reducer vm12:r0
(vm5:m0) Got connection from reducer vm20:r0
(vm5:m0) Got connection from reducer vm23:r0
(vm5:m0) Waiting for a thread to finish
(vm5:m0:20) thread started, have to send 1307386002 bytes
(vm5:m0:26) thread started, have to send 1307386002 bytes
(vm5:m0:24) thread started, have to send 1307386002 bytes
(vm5:m0:11) thread started, have to send 1307386002 bytes
(vm5:m0:5) thread started, have to send 1307386002 bytes
(vm5:m0:16) thread started, have to send 1307386002 bytes
(vm5:m0:14) thread started, have to send 1307386002 bytes
(vm5:m0:13) thread started, have to send 1307386002 bytes
(vm5:m0:3) thread started, have to send 1307386002 bytes
(vm5:m0:25) thread started, have to send 1307386002 bytes
(vm5:m0:7) thread started, have to send 1307386002 bytes
(vm5:m0:17) thread started, have to send 1307386002 bytes
(vm5:m0:12) thread started, have to send 1307386002 bytes
(vm5:m0:23) thread started, have to send 1307386002 bytes
(vm5:m0:21) thread started, have to send 1307386002 bytes
(vm5:m0:28) thread started, have to send 1307386002 bytes
(vm5:m0:8) thread started, have to send 1307386002 bytes
(vm5:m0:15) thread started, have to send 1307386002 bytes
(vm5:m0:27) thread started, have to send 1307386002 bytes
(vm5:m0:19) thread started, have to send 1307386002 bytes
(vm5:m0:22) thread started, have to send 1307386002 bytes
(vm5:m0:9) thread started, have to send 1307386002 bytes
(vm5:m0:10) thread started, have to send 1307386002 bytes
(vm5:m0:18) thread started, have to send 1307386002 bytes
(vm5:m0:6) thread started, have to send 1307386002 bytes
(vm5:m0:4) all data sent, thread exiting
(vm5:r0:4) Connection finished, received 1307386003 bytes
(vm5:m0:20) all data sent, thread exiting
(vm5:m0:17) all data sent, thread exiting
(vm5:m0:19) all data sent, thread exiting
(vm5:m0:23) all data sent, thread exiting
(vm5:m0:27) all data sent, thread exiting
(vm5:m0:21) all data sent, thread exiting
(vm5:m0:13) all data sent, thread exiting
(vm5:m0:25) all data sent, thread exiting
(vm5:m0:9) all data sent, thread exiting
(vm5:m0:10) all data sent, thread exiting
(vm5:m0:5) all data sent, thread exiting
(vm5:m0:8) all data sent, thread exiting
(vm5:m0:22) all data sent, thread exiting
(vm5:m0:16) all data sent, thread exiting
(vm5:m0:14) all data sent, thread exiting
(vm5:m0:12) all data sent, thread exiting
(vm5:m0:6) all data sent, thread exiting
(vm5:m0:15) all data sent, thread exiting
(vm5:m0:26) all data sent, thread exiting
(vm5:m0:18) all data sent, thread exiting
(vm5:m0:11) all data sent, thread exiting
(vm5:m0:28) all data sent, thread exiting
(vm5:m0:24) all data sent, thread exiting
(vm5:m0:7) all data sent, thread exiting
(vm5:r0:3) Connection finished, received 1307386003 bytes
(vm5:m0:3) all data sent, thread exiting
(vm5:m0:1) all data sent, thread exiting
(vm5:m0:2) all data sent, thread exiting
(vm5:r0:1) Connection finished, received 1307386003 bytes
(vm5:r0:2) Connection finished, received 1307386003 bytes
(vm5:m0:0) all data sent, thread exiting
(vm5:r0:0) Connection finished, received 1307386003 bytes
(vm5:r0) thread 0 joined, 28 connections remaining
(vm5:r0) Starting new connection thread
(vm5:r0) Maximum number of connections reached (5), waiting for a thread to finish
(vm5:m0) thread 0 joined, 28 connections remaining
(vm5:m0) Waiting for a thread to finish
(vm5:m0) thread 1 joined, 27 connections remaining
(vm5:m0) Waiting for a thread to finish
(vm5:m0) thread 2 joined, 26 connections remaining
(vm5:m0) Waiting for a thread to finish
(vm5:m0) thread 3 joined, 25 connections remaining
(vm5:m0) Waiting for a thread to finish
(vm5:m0) thread 4 joined, 24 connections remaining
(vm5:m0) Waiting for a thread to finish
(vm5:m0) thread 5 joined, 23 connections remaining
(vm5:m0) Waiting for a thread to finish
(vm5:m0) thread 6 joined, 22 connections remaining
(vm5:m0) Waiting for a thread to finish
(vm5:m0) thread 7 joined, 21 connections remaining
(vm5:m0) Waiting for a thread to finish
(vm5:m0) thread 8 joined, 20 connections remaining
(vm5:m0) Waiting for a thread to finish
(vm5:m0) thread 9 joined, 19 connections remaining
(vm5:m0) Waiting for a thread to finish
(vm5:m0) thread 10 joined, 18 connections remaining
(vm5:m0) Waiting for a thread to finish
(vm5:m0) thread 11 joined, 17 connections remaining
(vm5:m0) Waiting for a thread to finish
(vm5:m0) thread 12 joined, 16 connections remaining
(vm5:m0) Waiting for a thread to finish
(vm5:m0) thread 13 joined, 15 connections remaining
(vm5:m0) Waiting for a thread to finish
(vm5:m0) thread 14 joined, 14 connections remaining
(vm5:m0) Waiting for a thread to finish
(vm5:m0) thread 15 joined, 13 connections remaining
(vm5:m0) Waiting for a thread to finish
(vm5:m0) thread 16 joined, 12 connections remaining
(vm5:m0) Waiting for a thread to finish
(vm5:m0) thread 17 joined, 11 connections remaining
(vm5:m0) Waiting for a thread to finish
(vm5:m0) thread 18 joined, 10 connections remaining
(vm5:m0) Waiting for a thread to finish
(vm5:m0) thread 19 joined, 9 connections remaining
(vm5:m0) Waiting for a thread to finish
(vm5:m0) thread 20 joined, 8 connections remaining
(vm5:m0) Waiting for a thread to finish
(vm5:m0) thread 21 joined, 7 connections remaining
(vm5:m0) Waiting for a thread to finish
(vm5:m0) thread 22 joined, 6 connections remaining
(vm5:m0) Waiting for a thread to finish
(vm5:m0) thread 23 joined, 5 connections remaining
(vm5:m0) Waiting for a thread to finish
(vm5:m0) thread 24 joined, 4 connections remaining
(vm5:m0) Waiting for a thread to finish
(vm5:m0) thread 25 joined, 3 connections remaining
(vm5:m0) Waiting for a thread to finish
(vm5:m0) thread 26 joined, 2 connections remaining
(vm5:m0) Waiting for a thread to finish
(vm5:m0) thread 27 joined, 1 connections remaining
(vm5:m0) Waiting for a thread to finish
(vm5:m0) thread 28 joined, 0 connections remaining
(vm5:m0) all done, exiting
*RES* start node vm5:m0
*RES* vm5:m0:0,1405496479186,40201,898,1307386003
*RES* vm5:m0:1,1405496479185,36398,894,1307386003
*RES* vm5:m0:2,1405496479188,36885,909,1307386003
*RES* vm5:m0:3,1405496479199,35591,977,1307386003
*RES* vm5:m0:4,1405496479186,13509,394,1307386003
*RES* vm5:m0:5,1405496479199,30789,929,1307386003
*RES* vm5:m0:6,1405496479204,30980,902,1307386003
*RES* vm5:m0:7,1405496479199,31319,921,1307386003
*RES* vm5:m0:8,1405496479200,30840,922,1307386003
*RES* vm5:m0:9,1405496479200,30754,919,1307386003
*RES* vm5:m0:10,1405496479200,30767,922,1307386003
*RES* vm5:m0:11,1405496479198,31201,935,1307386003
*RES* vm5:m0:12,1405496479199,30984,886,1307386003
*RES* vm5:m0:13,1405496479199,30637,922,1307386003
*RES* vm5:m0:14,1405496479199,30953,932,1307386003
*RES* vm5:m0:15,1405496479200,31032,946,1307386003
*RES* vm5:m0:16,1405496479199,30936,917,1307386003
*RES* vm5:m0:17,1405496479199,29295,919,1307386003
*RES* vm5:m0:18,1405496479200,31188,896,1307386003
*RES* vm5:m0:19,1405496479200,29443,885,1307386003
*RES* vm5:m0:20,1405496479198,28800,908,1307386003
*RES* vm5:m0:21,1405496479200,30384,923,1307386003
*RES* vm5:m0:22,1405496479200,30879,920,1307386003
*RES* vm5:m0:23,1405496479200,30214,931,1307386003
*RES* vm5:m0:24,1405496479198,31269,923,1307386003
*RES* vm5:m0:25,1405496479199,30717,923,1307386003
*RES* vm5:m0:26,1405496479198,31081,939,1307386003
*RES* vm5:m0:27,1405496479200,30333,917,1307386003
*RES* vm5:m0:28,1405496479200,31239,924,1307386003
*RES* end node vm5:m0
Node vm5:m0 joined
(vm5:r0:0) Connection established
(vm5:r0:0) Connection finished, received 1307386003 bytes
(vm5:r0) thread 0 joined, 27 connections remaining
(vm5:r0) Starting new connection thread
(vm5:r0) Maximum number of connections reached (5), waiting for a thread to finish
(vm5:r0:0) Connection established
(vm5:r0:0) Connection finished, received 1307386003 bytes
(vm5:r0) thread 0 joined, 26 connections remaining
(vm5:r0) Starting new connection thread
(vm5:r0) Maximum number of connections reached (5), waiting for a thread to finish
(vm5:r0:0) Connection established
(vm5:r0:0) Connection finished, received 1307386003 bytes
(vm5:r0) thread 0 joined, 25 connections remaining
(vm5:r0) Starting new connection thread
(vm5:r0) Maximum number of connections reached (5), waiting for a thread to finish
(vm5:r0:0) Connection established
(vm5:r0:0) Connection finished, received 1307386003 bytes
(vm5:r0) thread 0 joined, 24 connections remaining
(vm5:r0) Starting new connection thread
(vm5:r0) Maximum number of connections reached (5), waiting for a thread to finish
(vm5:r0:0) Connection established
(vm5:r0:0) Connection finished, received 1307386003 bytes
(vm5:r0) thread 0 joined, 23 connections remaining
(vm5:r0) Starting new connection thread
(vm5:r0) Maximum number of connections reached (5), waiting for a thread to finish
(vm5:r0:0) Connection established
(vm5:r0:0) Connection finished, received 1307386003 bytes
(vm5:r0) thread 0 joined, 22 connections remaining
(vm5:r0) Starting new connection thread
(vm5:r0) Maximum number of connections reached (5), waiting for a thread to finish
(vm5:r0:0) Connection established
(vm5:r0:0) Connection finished, received 1307386003 bytes
(vm5:r0) thread 0 joined, 21 connections remaining
(vm5:r0) Starting new connection thread
(vm5:r0) Maximum number of connections reached (5), waiting for a thread to finish
(vm5:r0:0) Connection established
(vm5:r0:0) Connection finished, received 1307386003 bytes
(vm5:r0) thread 0 joined, 20 connections remaining
(vm5:r0) Starting new connection thread
(vm5:r0) Maximum number of connections reached (5), waiting for a thread to finish
(vm5:r0:0) Connection established
(vm5:r0:0) Connection finished, received 1307386003 bytes
(vm5:r0) thread 0 joined, 19 connections remaining
(vm5:r0) Starting new connection thread
(vm5:r0) Maximum number of connections reached (5), waiting for a thread to finish
(vm5:r0:0) Connection established
(vm5:r0:0) Connection finished, received 1307386003 bytes
(vm5:r0) thread 0 joined, 18 connections remaining
(vm5:r0) Starting new connection thread
(vm5:r0) Maximum number of connections reached (5), waiting for a thread to finish
(vm5:r0:0) Connection established
(vm5:r0:0) Connection finished, received 1307386003 bytes
(vm5:r0) thread 0 joined, 17 connections remaining
(vm5:r0) Starting new connection thread
(vm5:r0) Maximum number of connections reached (5), waiting for a thread to finish
(vm5:r0:0) Connection established
(vm5:r0:0) Connection finished, received 1307386003 bytes
(vm5:r0) thread 0 joined, 16 connections remaining
(vm5:r0) Starting new connection thread
(vm5:r0) Maximum number of connections reached (5), waiting for a thread to finish
(vm5:r0:0) Connection established
(vm5:r0:0) Connection finished, received 1307386003 bytes
(vm5:r0) thread 0 joined, 15 connections remaining
(vm5:r0) Starting new connection thread
(vm5:r0) Maximum number of connections reached (5), waiting for a thread to finish
(vm5:r0:0) Connection established
(vm5:r0:0) Connection finished, received 1307386003 bytes
(vm5:r0) thread 0 joined, 14 connections remaining
(vm5:r0) Starting new connection thread
(vm5:r0) Maximum number of connections reached (5), waiting for a thread to finish
(vm5:r0:0) Connection established
(vm5:r0:0) Connection finished, received 1307386003 bytes
(vm5:r0) thread 0 joined, 13 connections remaining
(vm5:r0) Starting new connection thread
(vm5:r0) Maximum number of connections reached (5), waiting for a thread to finish
(vm5:r0:0) Connection established
(vm5:r0:0) Connection finished, received 1307386003 bytes
(vm5:r0) thread 0 joined, 12 connections remaining
(vm5:r0) Starting new connection thread
(vm5:r0) Maximum number of connections reached (5), waiting for a thread to finish
(vm5:r0:0) Connection established
(vm5:r0:0) Connection finished, received 1307386003 bytes
(vm5:r0) thread 0 joined, 11 connections remaining
(vm5:r0) Starting new connection thread
(vm5:r0) Maximum number of connections reached (5), waiting for a thread to finish
(vm5:r0:0) Connection established
(vm5:r0:0) Connection finished, received 1307386003 bytes
(vm5:r0) thread 0 joined, 10 connections remaining
(vm5:r0) Starting new connection thread
(vm5:r0) Maximum number of connections reached (5), waiting for a thread to finish
(vm5:r0:0) Connection established
(vm5:r0:0) Connection finished, received 1307386003 bytes
(vm5:r0) thread 0 joined, 9 connections remaining
(vm5:r0) Starting new connection thread
(vm5:r0) Maximum number of connections reached (5), waiting for a thread to finish
(vm5:r0:0) Connection established
(vm5:r0:0) Connection finished, received 1307386003 bytes
(vm5:r0) thread 0 joined, 8 connections remaining
(vm5:r0) Starting new connection thread
(vm5:r0) Maximum number of connections reached (5), waiting for a thread to finish
(vm5:r0:0) Connection established
(vm5:r0:0) Connection finished, received 1307386003 bytes
(vm5:r0) thread 0 joined, 7 connections remaining
(vm5:r0) Starting new connection thread
(vm5:r0) Maximum number of connections reached (5), waiting for a thread to finish
(vm5:r0:0) Connection established
(vm5:r0:0) Connection finished, received 1307386003 bytes
(vm5:r0) thread 0 joined, 6 connections remaining
(vm5:r0) Starting new connection thread
(vm5:r0) Maximum number of connections reached (5), waiting for a thread to finish
(vm5:r0:0) Connection established
(vm5:r0:0) Connection finished, received 1307386003 bytes
(vm5:r0) thread 0 joined, 5 connections remaining
(vm5:r0) Starting new connection thread
(vm5:r0) Maximum number of connections reached (5), waiting for a thread to finish
(vm5:r0:0) Connection established
(vm5:r0:0) Connection finished, received 1307386003 bytes
(vm5:r0) thread 0 joined, 4 connections remaining
(vm5:r0) Maximum number of connections reached (4), waiting for a thread to finish
(vm5:r0) thread 1 joined, 3 connections remaining
(vm5:r0) Maximum number of connections reached (3), waiting for a thread to finish
(vm5:r0) thread 2 joined, 2 connections remaining
(vm5:r0) Maximum number of connections reached (2), waiting for a thread to finish
(vm5:r0) thread 3 joined, 1 connections remaining
(vm5:r0) Maximum number of connections reached (1), waiting for a thread to finish
(vm5:r0) thread 4 joined, 0 connections remaining
(vm5:r0) all done, exiting
*RES* start node vm5:r0
*RES* vm5:r0:0,1405496479185,40205,1086,1307386003
*RES* vm5:r0:0,1405496519394,29790,1122,1307386003
*RES* vm5:r0:0,1405496549189,29051,1280,1307386003
*RES* vm5:r0:0,1405496578245,27869,1183,1307386003
*RES* vm5:r0:0,1405496606121,26072,1280,1307386003
*RES* vm5:r0:0,1405496632197,23677,1211,1307386003
*RES* vm5:r0:0,1405496655881,19965,1276,1307386003
*RES* vm5:r0:0,1405496675853,16899,1240,1307386003
*RES* vm5:r0:0,1405496692757,16985,1256,1307386003
*RES* vm5:r0:0,1405496709749,9098,1217,1307386003
*RES* vm5:r0:0,1405496718853,5525,1173,1307386003
*RES* vm5:r0:0,1405496724385,4740,1180,1307386003
*RES* vm5:r0:0,1405496729133,3045,1111,1307386003
*RES* vm5:r0:0,1405496732185,4107,1092,1307386003
*RES* vm5:r0:0,1405496736296,2309,1050,1307386003
*RES* vm5:r0:0,1405496738613,3382,1133,1307386003
*RES* vm5:r0:0,1405496742001,2945,1174,1307386003
*RES* vm5:r0:0,1405496744953,3485,1105,1307386003
*RES* vm5:r0:0,1405496748445,2886,1031,1307386003
*RES* vm5:r0:0,1405496751337,2847,1011,1307386003
*RES* vm5:r0:0,1405496754189,1664,816,1307386003
*RES* vm5:r0:0,1405496755857,2162,1063,1307386003
*RES* vm5:r0:0,1405496758025,2690,1033,1307386003
*RES* vm5:r0:0,1405496760721,1804,840,1307386003
*RES* vm5:r0:0,1405496762529,2118,1029,1307386003
*RES* vm5:r0:1,1405496479185,37185,996,1307386003
*RES* vm5:r0:2,1405496479185,37468,1095,1307386003
*RES* vm5:r0:3,1405496479185,34301,1019,1307386003
*RES* vm5:r0:4,1405496479185,13541,738,1307386003
*RES* end node vm5:r0
Node vm5:r0 joined
Worker terminating correctly
