OSMeF worker starting
Enabling core dumping
Listening for command connection
(vm8:m0) New mapper on port 23330
(vm8:m0) -> reducer data size 1307386002
(vm8:m0) -> reducer data size 1307386002
(vm8:m0) -> reducer data size 1307386002
(vm8:m0) -> reducer data size 1307386002
(vm8:m0) -> reducer data size 1307386002
(vm8:m0) -> reducer data size 1307386002
(vm8:m0) -> reducer data size 1307386002
(vm8:m0) -> reducer data size 1307386002
(vm8:m0) -> reducer data size 1307386002
(vm8:m0) -> reducer data size 1307386002
(vm8:m0) -> reducer data size 1307386002
(vm8:m0) -> reducer data size 1307386002
(vm8:m0) -> reducer data size 1307386002
(vm8:m0) -> reducer data size 1307386002
(vm8:m0) -> reducer data size 1307386002
(vm8:m0) -> reducer data size 1307386002
(vm8:m0) -> reducer data size 1307386002
(vm8:m0) -> reducer data size 1307386002
(vm8:m0) -> reducer data size 1307386002
(vm8:m0) -> reducer data size 1307386002
(vm8:m0) -> reducer data size 1307386002
(vm8:m0) -> reducer data size 1307386002
(vm8:m0) -> reducer data size 1307386002
(vm8:m0) -> reducer data size 1307386002
(vm8:m0) -> reducer data size 1307386002
(vm8:m0) -> reducer data size 1307386002
(vm8:m0) -> reducer data size 1307386002
(vm8:m0) -> reducer data size 1307386002
(vm8:m0) -> reducer data size 1307386002
(vm8:m0) Mapper thread started
(vm8:m0) Allocating data for reducer vm1:r0
(vm8:m0) Allocating data for reducer vm2:r0
(vm8:m0) Allocating data for reducer vm3:r0
(vm8:m0) Allocating data for reducer vm4:r0
(vm8:m0) Allocating data for reducer vm5:r0
(vm8:m0) Allocating data for reducer vm6:r0
(vm8:m0) Allocating data for reducer vm7:r0
(vm8:m0) Allocating data for reducer vm8:r0
(vm8:m0) Allocating data for reducer vm9:r0
(vm8:m0) Allocating data for reducer vm10:r0
(vm8:m0) Allocating data for reducer vm11:r0
(vm8:m0) Allocating data for reducer vm12:r0
(vm8:m0) Allocating data for reducer vm13:r0
(vm8:m0) Allocating data for reducer vm14:r0
(vm8:m0) Allocating data for reducer vm15:r0
(vm8:m0) Allocating data for reducer vm16:r0
(vm8:m0) Allocating data for reducer vm17:r0
(vm8:m0) Allocating data for reducer vm18:r0
(vm8:m0) Allocating data for reducer vm19:r0
(vm8:m0) Allocating data for reducer vm20:r0
(vm8:m0) Allocating data for reducer vm21:r0
(vm8:m0) Allocating data for reducer vm22:r0
(vm8:m0) Allocating data for reducer vm23:r0
(vm8:m0) Allocating data for reducer vm24:r0
(vm8:m0) Allocating data for reducer vm25:r0
(vm8:m0) Allocating data for reducer vm26:r0
(vm8:m0) Allocating data for reducer vm27:r0
(vm8:m0) Allocating data for reducer vm28:r0
(vm8:m0) Allocating data for reducer vm29:r0
(vm8:m0) Binding to port 23330
(vm8:r0) New reducer
(vm8:r0) Reducer thread started
(vm8:r0) waiting for START message
(vm8:r0) got START message
(vm8:r0) Starting new connection thread
(vm8:r0) Starting new connection thread
(vm8:r0) Starting new connection thread
(vm8:r0) Starting new connection thread
(vm8:r0) Starting new connection thread
(vm8:r0) Maximum number of connections reached (5), waiting for a thread to finish
(vm8:r0:0) Connection established
(vm8:r0:2) Connection established
(vm8:r0:3) Connection established
(vm8:r0:1) Connection established
(vm8:r0:4) Connection established
(vm8:r0:4) Connection finished, received 1307386003 bytes
(vm8:r0:3) Connection finished, received 1307386003 bytes
(vm8:r0:2) Connection finished, received 1307386003 bytes
(vm8:r0:1) Connection finished, received 1307386003 bytes
(vm8:r0:0) Connection finished, received 1307386003 bytes
(vm8:r0) thread 0 joined, 28 connections remaining
(vm8:r0) Starting new connection thread
(vm8:r0) Maximum number of connections reached (5), waiting for a thread to finish
(vm8:r0:0) Connection established
(vm8:m0) Got connection from reducer vm1:r0
(vm8:m0:0) thread started, have to send 1307386002 bytes
(vm8:m0:0) all data sent, thread exiting
(vm8:r0:0) Connection finished, received 1307386003 bytes
(vm8:r0) thread 0 joined, 27 connections remaining
(vm8:r0) Starting new connection thread
(vm8:r0) Maximum number of connections reached (5), waiting for a thread to finish
(vm8:r0:0) Connection established
(vm8:m0) Got connection from reducer vm14:r0
(vm8:m0:13) thread started, have to send 1307386002 bytes
(vm8:m0) Got connection from reducer vm10:r0
(vm8:m0:9) thread started, have to send 1307386002 bytes
(vm8:m0:13) all data sent, thread exiting
(vm8:m0) Got connection from reducer vm7:r0
(vm8:m0:6) thread started, have to send 1307386002 bytes
(vm8:m0:9) all data sent, thread exiting
(vm8:r0:0) Connection finished, received 1307386003 bytes
(vm8:r0) thread 0 joined, 26 connections remaining
(vm8:r0) Starting new connection thread
(vm8:r0) Maximum number of connections reached (5), waiting for a thread to finish
(vm8:r0:0) Connection established
(vm8:m0) Got connection from reducer vm8:r0
(vm8:m0:7) thread started, have to send 1307386002 bytes
(vm8:m0) Got connection from reducer vm15:r0
(vm8:m0:14) thread started, have to send 1307386002 bytes
(vm8:m0) Got connection from reducer vm6:r0
(vm8:m0:5) thread started, have to send 1307386002 bytes
(vm8:m0) Got connection from reducer vm19:r0
(vm8:m0:18) thread started, have to send 1307386002 bytes
(vm8:m0) Got connection from reducer vm28:r0
(vm8:m0:27) thread started, have to send 1307386002 bytes
(vm8:m0) Got connection from reducer vm26:r0
(vm8:m0:25) thread started, have to send 1307386002 bytes
(vm8:m0) Got connection from reducer vm29:r0
(vm8:m0:28) thread started, have to send 1307386002 bytes
(vm8:m0) Got connection from reducer vm3:r0
(vm8:m0:2) thread started, have to send 1307386002 bytes
(vm8:m0) Got connection from reducer vm25:r0
(vm8:m0:24) thread started, have to send 1307386002 bytes
(vm8:m0) Got connection from reducer vm13:r0
(vm8:m0:12) thread started, have to send 1307386002 bytes
(vm8:m0) Got connection from reducer vm12:r0
(vm8:m0:11) thread started, have to send 1307386002 bytes
(vm8:m0) Got connection from reducer vm18:r0
(vm8:m0:17) thread started, have to send 1307386002 bytes
(vm8:m0) Got connection from reducer vm24:r0
(vm8:m0:23) thread started, have to send 1307386002 bytes
(vm8:m0) Got connection from reducer vm11:r0
(vm8:m0:10) thread started, have to send 1307386002 bytes
(vm8:m0) Got connection from reducer vm21:r0
(vm8:m0) Got connection from reducer vm22:r0
(vm8:m0:20) thread started, have to send 1307386002 bytes
(vm8:m0:21) thread started, have to send 1307386002 bytes
(vm8:m0) Got connection from reducer vm20:r0
(vm8:m0:19) thread started, have to send 1307386002 bytes
(vm8:m0) Got connection from reducer vm16:r0
(vm8:m0:15) thread started, have to send 1307386002 bytes
(vm8:m0) Got connection from reducer vm17:r0
(vm8:m0:16) thread started, have to send 1307386002 bytes
(vm8:m0) Got connection from reducer vm2:r0
(vm8:m0) Got connection from reducer vm4:r0
(vm8:m0:1) thread started, have to send 1307386002 bytes
(vm8:m0:3) thread started, have to send 1307386002 bytes
(vm8:m0) Got connection from reducer vm23:r0
(vm8:m0:22) thread started, have to send 1307386002 bytes
(vm8:m0) Got connection from reducer vm9:r0
(vm8:m0:8) thread started, have to send 1307386002 bytes
(vm8:m0) Got connection from reducer vm27:r0
(vm8:m0:26) thread started, have to send 1307386002 bytes
(vm8:m0) Got connection from reducer vm5:r0
(vm8:m0) Waiting for a thread to finish
(vm8:m0) thread 0 joined, 28 connections remaining
(vm8:m0) Waiting for a thread to finish
(vm8:m0:4) thread started, have to send 1307386002 bytes
(vm8:m0:7) all data sent, thread exiting
(vm8:r0:0) Connection finished, received 1307386003 bytes
(vm8:r0) thread 0 joined, 25 connections remaining
(vm8:r0) Starting new connection thread
(vm8:r0) Maximum number of connections reached (5), waiting for a thread to finish
(vm8:r0:0) Connection established
(vm8:m0:14) all data sent, thread exiting
(vm8:m0:5) all data sent, thread exiting
(vm8:m0:6) all data sent, thread exiting
(vm8:m0:18) all data sent, thread exiting
(vm8:m0:25) all data sent, thread exiting
(vm8:m0:27) all data sent, thread exiting
(vm8:m0:2) all data sent, thread exiting
(vm8:m0:12) all data sent, thread exiting
(vm8:r0:0) Connection finished, received 1307386003 bytes
(vm8:r0) thread 0 joined, 24 connections remaining
(vm8:r0) Starting new connection thread
(vm8:r0) Maximum number of connections reached (5), waiting for a thread to finish
(vm8:m0:28) all data sent, thread exiting
(vm8:r0:0) Connection established
(vm8:m0:24) all data sent, thread exiting
(vm8:m0:19) all data sent, thread exiting
(vm8:m0:15) all data sent, thread exiting
(vm8:m0:20) all data sent, thread exiting
(vm8:m0:23) all data sent, thread exiting
(vm8:m0:16) all data sent, thread exiting
(vm8:m0:17) all data sent, thread exiting
(vm8:m0:1) all data sent, thread exiting
(vm8:m0) thread 1 joined, 27 connections remaining
(vm8:m0) Waiting for a thread to finish
(vm8:m0) thread 2 joined, 26 connections remaining
(vm8:m0) Waiting for a thread to finish
(vm8:m0:22) all data sent, thread exiting
(vm8:m0:10) all data sent, thread exiting
(vm8:m0:11) all data sent, thread exiting
(vm8:m0:21) all data sent, thread exiting
(vm8:m0:3) all data sent, thread exiting
(vm8:m0) thread 3 joined, 25 connections remaining
(vm8:m0) Waiting for a thread to finish
(vm8:m0:4) all data sent, thread exiting
(vm8:m0) thread 4 joined, 24 connections remaining
(vm8:m0) Waiting for a thread to finish
(vm8:m0) thread 5 joined, 23 connections remaining
(vm8:m0) Waiting for a thread to finish
(vm8:m0) thread 6 joined, 22 connections remaining
(vm8:m0) Waiting for a thread to finish
(vm8:m0) thread 7 joined, 21 connections remaining
(vm8:m0) Waiting for a thread to finish
(vm8:m0:26) all data sent, thread exiting
(vm8:m0:8) all data sent, thread exiting
(vm8:m0) thread 8 joined, 20 connections remaining
(vm8:m0) Waiting for a thread to finish
(vm8:m0) thread 9 joined, 19 connections remaining
(vm8:m0) Waiting for a thread to finish
(vm8:m0) thread 10 joined, 18 connections remaining
(vm8:m0) Waiting for a thread to finish
(vm8:m0) thread 11 joined, 17 connections remaining
(vm8:m0) Waiting for a thread to finish
(vm8:m0) thread 12 joined, 16 connections remaining
(vm8:m0) Waiting for a thread to finish
(vm8:m0) thread 13 joined, 15 connections remaining
(vm8:m0) Waiting for a thread to finish
(vm8:m0) thread 14 joined, 14 connections remaining
(vm8:m0) Waiting for a thread to finish
(vm8:m0) thread 15 joined, 13 connections remaining
(vm8:m0) Waiting for a thread to finish
(vm8:m0) thread 16 joined, 12 connections remaining
(vm8:m0) Waiting for a thread to finish
(vm8:m0) thread 17 joined, 11 connections remaining
(vm8:m0) Waiting for a thread to finish
(vm8:m0) thread 18 joined, 10 connections remaining
(vm8:m0) Waiting for a thread to finish
(vm8:m0) thread 19 joined, 9 connections remaining
(vm8:m0) Waiting for a thread to finish
(vm8:m0) thread 20 joined, 8 connections remaining
(vm8:m0) Waiting for a thread to finish
(vm8:m0) thread 21 joined, 7 connections remaining
(vm8:m0) Waiting for a thread to finish
(vm8:m0) thread 22 joined, 6 connections remaining
(vm8:m0) Waiting for a thread to finish
(vm8:m0) thread 23 joined, 5 connections remaining
(vm8:m0) Waiting for a thread to finish
(vm8:m0) thread 24 joined, 4 connections remaining
(vm8:m0) Waiting for a thread to finish
(vm8:m0) thread 25 joined, 3 connections remaining
(vm8:m0) Waiting for a thread to finish
(vm8:m0) thread 26 joined, 2 connections remaining
(vm8:m0) Waiting for a thread to finish
(vm8:m0) thread 27 joined, 1 connections remaining
(vm8:m0) Waiting for a thread to finish
(vm8:m0) thread 28 joined, 0 connections remaining
(vm8:m0) all done, exiting
*RES* start node vm8:m0
*RES* vm8:m0:0,1405496543528,3054,1225,1307386003
*RES* vm8:m0:1,1405496577930,27699,1041,1307386003
*RES* vm8:m0:2,1405496577165,27315,1020,1307386003
*RES* vm8:m0:3,1405496577930,28073,1032,1307386003
*RES* vm8:m0:4,1405496578221,27833,1071,1307386003
*RES* vm8:m0:5,1405496573758,18753,1242,1307386003
*RES* vm8:m0:6,1405496570166,27539,1039,1307386003
*RES* vm8:m0:7,1405496573362,6539,343,1307386003
*RES* vm8:m0:8,1405496578061,28482,1006,1307386003
*RES* vm8:m0:9,1405496567599,4206,1209,1307386003
*RES* vm8:m0:10,1405496577735,27947,1045,1307386003
*RES* vm8:m0:11,1405496577351,28444,1012,1307386003
*RES* vm8:m0:12,1405496577330,27167,991,1307386003
*RES* vm8:m0:13,1405496564594,3552,1239,1307386003
*RES* vm8:m0:14,1405496573600,17260,1209,1307386003
*RES* vm8:m0:15,1405496577830,27485,999,1307386003
*RES* vm8:m0:16,1405496577862,27730,1042,1307386003
*RES* vm8:m0:17,1405496577465,28150,1044,1307386003
*RES* vm8:m0:18,1405496575947,23932,1061,1307386003
*RES* vm8:m0:19,1405496577801,27079,1008,1307386003
*RES* vm8:m0:20,1405496577749,27632,991,1307386003
*RES* vm8:m0:21,1405496577749,28053,1036,1307386003
*RES* vm8:m0:22,1405496577967,27694,1020,1307386003
*RES* vm8:m0:23,1405496577680,27797,1020,1307386003
*RES* vm8:m0:24,1405496577222,27532,1024,1307386003
*RES* vm8:m0:25,1405496576742,26871,1064,1307386003
*RES* vm8:m0:26,1405496578166,27919,1031,1307386003
*RES* vm8:m0:27,1405496576685,26969,1060,1307386003
*RES* vm8:m0:28,1405496576913,27654,1056,1307386003
*RES* end node vm8:m0
Node vm8:m0 joined
(vm8:r0:0) Connection finished, received 1307386003 bytes
(vm8:r0) thread 0 joined, 23 connections remaining
(vm8:r0) Starting new connection thread
(vm8:r0) Maximum number of connections reached (5), waiting for a thread to finish
(vm8:r0:0) Connection established
(vm8:r0:0) Connection finished, received 1307386003 bytes
(vm8:r0) thread 0 joined, 22 connections remaining
(vm8:r0) Starting new connection thread
(vm8:r0) Maximum number of connections reached (5), waiting for a thread to finish
(vm8:r0:0) Connection established
(vm8:r0:0) Connection finished, received 1307386003 bytes
(vm8:r0) thread 0 joined, 21 connections remaining
(vm8:r0) Starting new connection thread
(vm8:r0) Maximum number of connections reached (5), waiting for a thread to finish
(vm8:r0:0) Connection established
(vm8:r0:0) Connection finished, received 1307386003 bytes
(vm8:r0) thread 0 joined, 20 connections remaining
(vm8:r0) Starting new connection thread
(vm8:r0) Maximum number of connections reached (5), waiting for a thread to finish
(vm8:r0:0) Connection established
(vm8:r0:0) Connection finished, received 1307386003 bytes
(vm8:r0) thread 0 joined, 19 connections remaining
(vm8:r0) Starting new connection thread
(vm8:r0) Maximum number of connections reached (5), waiting for a thread to finish
(vm8:r0:0) Connection established
(vm8:r0:0) Connection finished, received 1307386003 bytes
(vm8:r0) thread 0 joined, 18 connections remaining
(vm8:r0) Starting new connection thread
(vm8:r0) Maximum number of connections reached (5), waiting for a thread to finish
(vm8:r0:0) Connection established
(vm8:r0:0) Connection finished, received 1307386003 bytes
(vm8:r0) thread 0 joined, 17 connections remaining
(vm8:r0) Starting new connection thread
(vm8:r0) Maximum number of connections reached (5), waiting for a thread to finish
(vm8:r0:0) Connection established
(vm8:r0:0) Connection finished, received 1307386003 bytes
(vm8:r0) thread 0 joined, 16 connections remaining
(vm8:r0) Starting new connection thread
(vm8:r0) Maximum number of connections reached (5), waiting for a thread to finish
(vm8:r0:0) Connection established
(vm8:r0:0) Connection finished, received 1307386003 bytes
(vm8:r0) thread 0 joined, 15 connections remaining
(vm8:r0) Starting new connection thread
(vm8:r0) Maximum number of connections reached (5), waiting for a thread to finish
(vm8:r0:0) Connection established
(vm8:r0:0) Connection finished, received 1307386003 bytes
(vm8:r0) thread 0 joined, 14 connections remaining
(vm8:r0) Starting new connection thread
(vm8:r0) Maximum number of connections reached (5), waiting for a thread to finish
(vm8:r0:0) Connection established
(vm8:r0:0) Connection finished, received 1307386003 bytes
(vm8:r0) thread 0 joined, 13 connections remaining
(vm8:r0) Starting new connection thread
(vm8:r0) Maximum number of connections reached (5), waiting for a thread to finish
(vm8:r0:0) Connection established
(vm8:r0:0) Connection finished, received 1307386003 bytes
(vm8:r0) thread 0 joined, 12 connections remaining
(vm8:r0) Starting new connection thread
(vm8:r0) Maximum number of connections reached (5), waiting for a thread to finish
(vm8:r0:0) Connection established
(vm8:r0:0) Connection finished, received 1307386003 bytes
(vm8:r0) thread 0 joined, 11 connections remaining
(vm8:r0) Starting new connection thread
(vm8:r0) Maximum number of connections reached (5), waiting for a thread to finish
(vm8:r0:0) Connection established
(vm8:r0:0) Connection finished, received 1307386003 bytes
(vm8:r0) thread 0 joined, 10 connections remaining
(vm8:r0) Starting new connection thread
(vm8:r0) Maximum number of connections reached (5), waiting for a thread to finish
(vm8:r0:0) Connection established
(vm8:r0:0) Connection finished, received 1307386003 bytes
(vm8:r0) thread 0 joined, 9 connections remaining
(vm8:r0) Starting new connection thread
(vm8:r0) Maximum number of connections reached (5), waiting for a thread to finish
(vm8:r0:0) Connection established
(vm8:r0:0) Connection finished, received 1307386003 bytes
(vm8:r0) thread 0 joined, 8 connections remaining
(vm8:r0) Starting new connection thread
(vm8:r0) Maximum number of connections reached (5), waiting for a thread to finish
(vm8:r0:0) Connection established
(vm8:r0:0) Connection finished, received 1307386003 bytes
(vm8:r0) thread 0 joined, 7 connections remaining
(vm8:r0) Starting new connection thread
(vm8:r0) Maximum number of connections reached (5), waiting for a thread to finish
(vm8:r0:0) Connection established
(vm8:r0:0) Connection finished, received 1307386003 bytes
(vm8:r0) thread 0 joined, 6 connections remaining
(vm8:r0) Starting new connection thread
(vm8:r0) Maximum number of connections reached (5), waiting for a thread to finish
(vm8:r0:0) Connection established
(vm8:r0:0) Connection finished, received 1307386003 bytes
(vm8:r0) thread 0 joined, 5 connections remaining
(vm8:r0) Starting new connection thread
(vm8:r0) Maximum number of connections reached (5), waiting for a thread to finish
(vm8:r0:0) Connection established
(vm8:r0:0) Connection finished, received 1307386003 bytes
(vm8:r0) thread 0 joined, 4 connections remaining
(vm8:r0) Maximum number of connections reached (4), waiting for a thread to finish
(vm8:r0) thread 1 joined, 3 connections remaining
(vm8:r0) Maximum number of connections reached (3), waiting for a thread to finish
(vm8:r0) thread 2 joined, 2 connections remaining
(vm8:r0) Maximum number of connections reached (2), waiting for a thread to finish
(vm8:r0) thread 3 joined, 1 connections remaining
(vm8:r0) Maximum number of connections reached (1), waiting for a thread to finish
(vm8:r0) thread 4 joined, 0 connections remaining
(vm8:r0) all done, exiting
*RES* start node vm8:r0
*RES* vm8:r0:0,1405496479127,39170,1255,1307386003
*RES* vm8:r0:0,1405496518302,28491,1150,1307386003
*RES* vm8:r0:0,1405496546798,26556,1182,1307386003
*RES* vm8:r0:0,1405496573358,6694,985,1307386003
*RES* vm8:r0:0,1405496580174,24338,933,1307386003
*RES* vm8:r0:0,1405496604561,6667,1621,1307386003
*RES* vm8:r0:0,1405496611234,4020,1629,1307386003
*RES* vm8:r0:0,1405496615258,4854,1630,1307386003
*RES* vm8:r0:0,1405496620118,5247,1679,1307386003
*RES* vm8:r0:0,1405496625370,5091,1390,1307386003
*RES* vm8:r0:0,1405496630474,6723,1634,1307386003
*RES* vm8:r0:0,1405496637202,4670,1502,1307386003
*RES* vm8:r0:0,1405496641878,6246,1600,1307386003
*RES* vm8:r0:0,1405496648134,4428,1791,1307386003
*RES* vm8:r0:0,1405496652570,6723,1726,1307386003
*RES* vm8:r0:0,1405496659302,4236,1382,1307386003
*RES* vm8:r0:0,1405496663542,4362,1376,1307386003
*RES* vm8:r0:0,1405496667914,5867,1612,1307386003
*RES* vm8:r0:0,1405496673790,4325,1441,1307386003
*RES* vm8:r0:0,1405496678122,5450,1733,1307386003
*RES* vm8:r0:0,1405496683578,4228,1301,1307386003
*RES* vm8:r0:0,1405496687810,4632,1469,1307386003
*RES* vm8:r0:0,1405496692446,4085,1460,1307386003
*RES* vm8:r0:0,1405496696538,4631,1315,1307386003
*RES* vm8:r0:0,1405496701174,5161,1401,1307386003
*RES* vm8:r0:1,1405496479127,37062,1231,1307386003
*RES* vm8:r0:2,1405496479127,36136,1243,1307386003
*RES* vm8:r0:3,1405496479127,33384,1275,1307386003
*RES* vm8:r0:4,1405496479127,31344,1263,1307386003
*RES* end node vm8:r0
Node vm8:r0 joined
Worker terminating correctly
