OSMeF worker starting
Enabling core dumping
Listening for command connection
(vm2:m0) New mapper on port 23330
(vm2:m0) -> reducer data size 761434645
(vm2:m0) -> reducer data size 761434645
(vm2:m0) -> reducer data size 761434645
(vm2:m0) -> reducer data size 761434645
(vm2:m0) -> reducer data size 761434645
(vm2:m0) -> reducer data size 761434645
(vm2:m0) -> reducer data size 761434645
(vm2:m0) -> reducer data size 761434645
(vm2:m0) -> reducer data size 761434645
(vm2:m0) -> reducer data size 761434645
(vm2:m0) -> reducer data size 761434645
(vm2:m0) -> reducer data size 761434645
(vm2:m0) -> reducer data size 761434645
(vm2:m0) -> reducer data size 761434645
(vm2:m0) -> reducer data size 761434645
(vm2:m0) -> reducer data size 761434645
(vm2:m0) -> reducer data size 761434645
(vm2:m0) -> reducer data size 761434645
(vm2:m0) -> reducer data size 761434645
(vm2:m0) -> reducer data size 761434645
(vm2:m0) -> reducer data size 761434645
(vm2:m0) -> reducer data size 761434645
(vm2:m0) -> reducer data size 761434645
(vm2:m0) -> reducer data size 761434645
(vm2:m0) -> reducer data size 761434645
(vm2:m0) -> reducer data size 761434645
(vm2:m0) -> reducer data size 761434645
(vm2:m0) -> reducer data size 761434645
(vm2:m0) -> reducer data size 761434645
(vm2:m0) -> reducer data size 761434645
(vm2:m0) -> reducer data size 761434645
(vm2:m0) -> reducer data size 761434645
(vm2:m0) -> reducer data size 761434645
(vm2:m0) -> reducer data size 761434645
(vm2:m0) -> reducer data size 761434645
(vm2:m0) -> reducer data size 761434645
(vm2:m0) -> reducer data size 761434645
(vm2:m0) -> reducer data size 761434645
(vm2:m0) Mapper thread started
(vm2:m0) Allocating data for reducer vm1:r0
(vm2:m0) Allocating data for reducer vm2:r0
(vm2:m0) Allocating data for reducer vm3:r0
(vm2:m0) Allocating data for reducer vm4:r0
(vm2:m0) Allocating data for reducer vm5:r0
(vm2:m0) Allocating data for reducer vm6:r0
(vm2:m0) Allocating data for reducer vm7:r0
(vm2:m0) Allocating data for reducer vm8:r0
(vm2:m0) Allocating data for reducer vm9:r0
(vm2:m0) Allocating data for reducer vm10:r0
(vm2:m0) Allocating data for reducer vm11:r0
(vm2:m0) Allocating data for reducer vm12:r0
(vm2:m0) Allocating data for reducer vm13:r0
(vm2:m0) Allocating data for reducer vm14:r0
(vm2:m0) Allocating data for reducer vm15:r0
(vm2:m0) Allocating data for reducer vm16:r0
(vm2:m0) Allocating data for reducer vm17:r0
(vm2:m0) Allocating data for reducer vm18:r0
(vm2:m0) Allocating data for reducer vm19:r0
(vm2:m0) Allocating data for reducer vm20:r0
(vm2:m0) Allocating data for reducer vm21:r0
(vm2:m0) Allocating data for reducer vm22:r0
(vm2:m0) Allocating data for reducer vm23:r0
(vm2:m0) Allocating data for reducer vm24:r0
(vm2:m0) Allocating data for reducer vm25:r0
(vm2:m0) Allocating data for reducer vm26:r0
(vm2:m0) Allocating data for reducer vm27:r0
(vm2:m0) Allocating data for reducer vm28:r0
(vm2:m0) Allocating data for reducer vm29:r0
(vm2:m0) Allocating data for reducer vm30:r0
(vm2:m0) Allocating data for reducer vm31:r0
(vm2:m0) Allocating data for reducer vm32:r0
(vm2:m0) Allocating data for reducer vm33:r0
(vm2:m0) Allocating data for reducer vm34:r0
(vm2:m0) Allocating data for reducer vm35:r0
(vm2:m0) Allocating data for reducer vm36:r0
(vm2:m0) Allocating data for reducer vm37:r0
(vm2:m0) Allocating data for reducer vm38:r0
(vm2:m0) Binding to port 23330
(vm2:r0) New reducer
(vm2:r0) Reducer thread started
(vm2:r0) waiting for START message
(vm2:r0) got START message
(vm2:r0) Starting new connection thread
(vm2:r0) Starting new connection thread
(vm2:r0) Starting new connection thread
(vm2:r0) Starting new connection thread
(vm2:r0) Starting new connection thread
(vm2:r0) Maximum number of connections reached (5), waiting for a thread to finish
(vm2:r0:1) Connection established
(vm2:m0) Got connection from reducer vm2:r0
(vm2:m0:1) thread started, have to send 761434645 bytes
(vm2:r0:3) Connection established
(vm2:r0:4) Connection established
(vm2:r0:2) Connection established
(vm2:m0) Got connection from reducer vm6:r0
(vm2:m0) Got connection from reducer vm8:r0
(vm2:r0:0) Connection established
(vm2:m0) Got connection from reducer vm1:r0
(vm2:m0) Got connection from reducer vm3:r0
(vm2:m0) Got connection from reducer vm9:r0
(vm2:m0) Got connection from reducer vm13:r0
(vm2:m0) Got connection from reducer vm5:r0
(vm2:m0) Got connection from reducer vm10:r0
(vm2:m0) Got connection from reducer vm14:r0
(vm2:m0) Got connection from reducer vm7:r0
(vm2:m0) Got connection from reducer vm15:r0
(vm2:m0) Got connection from reducer vm16:r0
(vm2:m0:12) thread started, have to send 761434645 bytes
(vm2:m0:8) thread started, have to send 761434645 bytes
(vm2:m0:2) thread started, have to send 761434645 bytes
(vm2:m0:7) thread started, have to send 761434645 bytes
(vm2:m0:0) thread started, have to send 761434645 bytes
(vm2:m0:5) thread started, have to send 761434645 bytes
(vm2:m0:9) thread started, have to send 761434645 bytes
(vm2:m0:13) thread started, have to send 761434645 bytes
(vm2:m0:6) thread started, have to send 761434645 bytes
(vm2:m0:4) thread started, have to send 761434645 bytes
(vm2:m0:14) thread started, have to send 761434645 bytes
(vm2:m0:15) thread started, have to send 761434645 bytes
(vm2:m0) Got connection from reducer vm4:r0
(vm2:m0) Got connection from reducer vm17:r0
(vm2:m0) Got connection from reducer vm11:r0
(vm2:m0) Got connection from reducer vm22:r0
(vm2:m0) Got connection from reducer vm18:r0
(vm2:m0) Got connection from reducer vm23:r0
(vm2:m0) Got connection from reducer vm20:r0
(vm2:m0) Got connection from reducer vm36:r0
(vm2:m0) Got connection from reducer vm30:r0
(vm2:m0) Got connection from reducer vm12:r0
(vm2:m0) Got connection from reducer vm25:r0
(vm2:m0) Got connection from reducer vm32:r0
(vm2:m0) Got connection from reducer vm19:r0
(vm2:m0) Got connection from reducer vm24:r0
(vm2:m0) Got connection from reducer vm26:r0
(vm2:m0) Got connection from reducer vm35:r0
(vm2:m0) Got connection from reducer vm33:r0
(vm2:m0) Got connection from reducer vm21:r0
(vm2:m0) Got connection from reducer vm38:r0
(vm2:m0) Got connection from reducer vm37:r0
(vm2:m0) Got connection from reducer vm28:r0
(vm2:m0) Got connection from reducer vm31:r0
(vm2:m0) Got connection from reducer vm34:r0
(vm2:m0) Got connection from reducer vm29:r0
(vm2:m0) Got connection from reducer vm27:r0
(vm2:m0) Waiting for a thread to finish
(vm2:m0:21) thread started, have to send 761434645 bytes
(vm2:m0:35) thread started, have to send 761434645 bytes
(vm2:m0:24) thread started, have to send 761434645 bytes
(vm2:m0:31) thread started, have to send 761434645 bytes
(vm2:m0:25) thread started, have to send 761434645 bytes
(vm2:m0:20) thread started, have to send 761434645 bytes
(vm2:m0:37) thread started, have to send 761434645 bytes
(vm2:m0:27) thread started, have to send 761434645 bytes
(vm2:m0:28) thread started, have to send 761434645 bytes
(vm2:m0:26) thread started, have to send 761434645 bytes
(vm2:m0:17) thread started, have to send 761434645 bytes
(vm2:m0:16) thread started, have to send 761434645 bytes
(vm2:m0:10) thread started, have to send 761434645 bytes
(vm2:m0:19) thread started, have to send 761434645 bytes
(vm2:m0:11) thread started, have to send 761434645 bytes
(vm2:m0:32) thread started, have to send 761434645 bytes
(vm2:m0:33) thread started, have to send 761434645 bytes
(vm2:m0:3) thread started, have to send 761434645 bytes
(vm2:m0:29) thread started, have to send 761434645 bytes
(vm2:m0:18) thread started, have to send 761434645 bytes
(vm2:m0:23) thread started, have to send 761434645 bytes
(vm2:m0:34) thread started, have to send 761434645 bytes
(vm2:m0:36) thread started, have to send 761434645 bytes
(vm2:m0:30) thread started, have to send 761434645 bytes
(vm2:m0:22) thread started, have to send 761434645 bytes
(vm2:m0:1) all data sent, thread exiting
(vm2:r0:1) Connection finished, received 761434646 bytes
(vm2:m0:12) all data sent, thread exiting
(vm2:m0:16) all data sent, thread exiting
(vm2:m0:31) all data sent, thread exiting
(vm2:m0:13) all data sent, thread exiting
(vm2:m0:6) all data sent, thread exiting
(vm2:m0:24) all data sent, thread exiting
(vm2:m0:19) all data sent, thread exiting
(vm2:m0:29) all data sent, thread exiting
(vm2:m0:9) all data sent, thread exiting
(vm2:m0:30) all data sent, thread exiting
(vm2:m0:27) all data sent, thread exiting
(vm2:m0:15) all data sent, thread exiting
(vm2:m0:8) all data sent, thread exiting
(vm2:m0:35) all data sent, thread exiting
(vm2:m0:25) all data sent, thread exiting
(vm2:m0:37) all data sent, thread exiting
(vm2:m0:17) all data sent, thread exiting
(vm2:m0:36) all data sent, thread exiting
(vm2:m0:22) all data sent, thread exiting
(vm2:m0:28) all data sent, thread exiting
(vm2:m0:33) all data sent, thread exiting
(vm2:m0:18) all data sent, thread exiting
(vm2:m0:5) all data sent, thread exiting
(vm2:m0:14) all data sent, thread exiting
(vm2:m0:7) all data sent, thread exiting
(vm2:m0:26) all data sent, thread exiting
(vm2:m0:32) all data sent, thread exiting
(vm2:m0:10) all data sent, thread exiting
(vm2:m0:21) all data sent, thread exiting
(vm2:m0:34) all data sent, thread exiting
(vm2:m0:20) all data sent, thread exiting
(vm2:m0:11) all data sent, thread exiting
(vm2:m0:23) all data sent, thread exiting
(vm2:m0:3) all data sent, thread exiting
(vm2:r0:3) Connection finished, received 761434646 bytes
(vm2:m0:4) all data sent, thread exiting
(vm2:r0:0) Connection finished, received 761434646 bytes
(vm2:r0) thread 0 joined, 37 connections remaining
(vm2:r0) Starting new connection thread
(vm2:r0) Maximum number of connections reached (5), waiting for a thread to finish
(vm2:r0:0) Connection established
(vm2:r0:4) Connection finished, received 761434646 bytes
(vm2:m0:0) all data sent, thread exiting
(vm2:m0) thread 0 joined, 37 connections remaining
(vm2:m0) Waiting for a thread to finish
(vm2:m0) thread 1 joined, 36 connections remaining
(vm2:m0) Waiting for a thread to finish
(vm2:m0:2) all data sent, thread exiting
(vm2:m0) thread 2 joined, 35 connections remaining
(vm2:m0) Waiting for a thread to finish
(vm2:m0) thread 3 joined, 34 connections remaining
(vm2:m0) Waiting for a thread to finish
(vm2:m0) thread 4 joined, 33 connections remaining
(vm2:m0) Waiting for a thread to finish
(vm2:m0) thread 5 joined, 32 connections remaining
(vm2:m0) Waiting for a thread to finish
(vm2:m0) thread 6 joined, 31 connections remaining
(vm2:m0) Waiting for a thread to finish
(vm2:m0) thread 7 joined, 30 connections remaining
(vm2:m0) Waiting for a thread to finish
(vm2:m0) thread 8 joined, 29 connections remaining
(vm2:m0) Waiting for a thread to finish
(vm2:m0) thread 9 joined, 28 connections remaining
(vm2:m0) Waiting for a thread to finish
(vm2:m0) thread 10 joined, 27 connections remaining
(vm2:m0) Waiting for a thread to finish
(vm2:m0) thread 11 joined, 26 connections remaining
(vm2:m0) Waiting for a thread to finish
(vm2:m0) thread 12 joined, 25 connections remaining
(vm2:m0) Waiting for a thread to finish
(vm2:m0) thread 13 joined, 24 connections remaining
(vm2:m0) Waiting for a thread to finish
(vm2:m0) thread 14 joined, 23 connections remaining
(vm2:m0) Waiting for a thread to finish
(vm2:m0) thread 15 joined, 22 connections remaining
(vm2:m0) Waiting for a thread to finish
(vm2:m0) thread 16 joined, 21 connections remaining
(vm2:m0) Waiting for a thread to finish
(vm2:m0) thread 17 joined, 20 connections remaining
(vm2:m0) Waiting for a thread to finish
(vm2:m0) thread 18 joined, 19 connections remaining
(vm2:m0) Waiting for a thread to finish
(vm2:m0) thread 19 joined, 18 connections remaining
(vm2:m0) Waiting for a thread to finish
(vm2:m0) thread 20 joined, 17 connections remaining
(vm2:m0) Waiting for a thread to finish
(vm2:m0) thread 21 joined, 16 connections remaining
(vm2:m0) Waiting for a thread to finish
(vm2:m0) thread 22 joined, 15 connections remaining
(vm2:m0) Waiting for a thread to finish
(vm2:m0) thread 23 joined, 14 connections remaining
(vm2:m0) Waiting for a thread to finish
(vm2:m0) thread 24 joined, 13 connections remaining
(vm2:m0) Waiting for a thread to finish
(vm2:m0) thread 25 joined, 12 connections remaining
(vm2:m0) Waiting for a thread to finish
(vm2:m0) thread 26 joined, 11 connections remaining
(vm2:m0) Waiting for a thread to finish
(vm2:m0) thread 27 joined, 10 connections remaining
(vm2:m0) Waiting for a thread to finish
(vm2:m0) thread 28 joined, 9 connections remaining
(vm2:m0) Waiting for a thread to finish
(vm2:m0) thread 29 joined, 8 connections remaining
(vm2:m0) Waiting for a thread to finish
(vm2:m0) thread 30 joined, 7 connections remaining
(vm2:m0) Waiting for a thread to finish
(vm2:m0) thread 31 joined, 6 connections remaining
(vm2:m0) Waiting for a thread to finish
(vm2:m0) thread 32 joined, 5 connections remaining
(vm2:m0) Waiting for a thread to finish
(vm2:m0) thread 33 joined, 4 connections remaining
(vm2:m0) Waiting for a thread to finish
(vm2:m0) thread 34 joined, 3 connections remaining
(vm2:m0) Waiting for a thread to finish
(vm2:m0) thread 35 joined, 2 connections remaining
(vm2:m0) Waiting for a thread to finish
(vm2:m0) thread 36 joined, 1 connections remaining
(vm2:m0) Waiting for a thread to finish
(vm2:m0) thread 37 joined, 0 connections remaining
(vm2:m0) all done, exiting
*RES* start node vm2:m0
*RES* vm2:m0:0,1405720535941,32858,666,761434646
*RES* vm2:m0:1,1405720535933,14375,227,761434646
*RES* vm2:m0:2,1405720535941,32920,660,761434646
*RES* vm2:m0:3,1405720535966,27899,589,761434646
*RES* vm2:m0:4,1405720535942,31451,616,761434646
*RES* vm2:m0:5,1405720535941,26829,602,761434646
*RES* vm2:m0:6,1405720535942,25138,602,761434646
*RES* vm2:m0:7,1405720535941,26935,631,761434646
*RES* vm2:m0:8,1405720535941,26012,635,761434646
*RES* vm2:m0:9,1405720535941,25650,606,761434646
*RES* vm2:m0:10,1405720535966,27062,655,761434646
*RES* vm2:m0:11,1405720535966,27204,619,761434646
*RES* vm2:m0:12,1405720535941,23585,587,761434646
*RES* vm2:m0:13,1405720535941,24596,593,761434646
*RES* vm2:m0:14,1405720535942,26857,639,761434646
*RES* vm2:m0:15,1405720535942,25939,607,761434646
*RES* vm2:m0:16,1405720535966,24170,581,761434646
*RES* vm2:m0:17,1405720535966,26249,590,761434646
*RES* vm2:m0:18,1405720535966,26796,616,761434646
*RES* vm2:m0:19,1405720535966,25254,602,761434646
*RES* vm2:m0:20,1405720535966,27193,630,761434646
*RES* vm2:m0:21,1405720535963,27165,643,761434646
*RES* vm2:m0:22,1405720535967,26445,606,761434646
*RES* vm2:m0:23,1405720535967,27287,646,761434646
*RES* vm2:m0:24,1405720535966,25122,597,761434646
*RES* vm2:m0:25,1405720535966,26175,588,761434646
*RES* vm2:m0:26,1405720535966,26932,627,761434646
*RES* vm2:m0:27,1405720535966,25804,613,761434646
*RES* vm2:m0:28,1405720535966,26444,641,761434646
*RES* vm2:m0:29,1405720535966,25502,595,761434646
*RES* vm2:m0:30,1405720535967,25678,606,761434646
*RES* vm2:m0:31,1405720535966,24482,601,761434646
*RES* vm2:m0:32,1405720535966,26951,591,761434646
*RES* vm2:m0:33,1405720535966,26485,621,761434646
*RES* vm2:m0:34,1405720535967,27189,682,761434646
*RES* vm2:m0:35,1405720535966,26046,590,761434646
*RES* vm2:m0:36,1405720535967,26371,659,761434646
*RES* vm2:m0:37,1405720535966,26213,627,761434646
*RES* end node vm2:m0
Node vm2:m0 joined
(vm2:r0:2) Connection finished, received 761434646 bytes
(vm2:r0:0) Connection finished, received 761434646 bytes
(vm2:r0) thread 0 joined, 36 connections remaining
(vm2:r0) Starting new connection thread
(vm2:r0) Maximum number of connections reached (5), waiting for a thread to finish
(vm2:r0:0) Connection established
(vm2:r0:0) Connection finished, received 761434646 bytes
(vm2:r0) thread 0 joined, 35 connections remaining
(vm2:r0) Starting new connection thread
(vm2:r0) Maximum number of connections reached (5), waiting for a thread to finish
(vm2:r0:0) Connection established
(vm2:r0:0) Connection finished, received 761434646 bytes
(vm2:r0) thread 0 joined, 34 connections remaining
(vm2:r0) Starting new connection thread
(vm2:r0) Maximum number of connections reached (5), waiting for a thread to finish
(vm2:r0:0) Connection established
(vm2:r0:0) Connection finished, received 761434646 bytes
(vm2:r0) thread 0 joined, 33 connections remaining
(vm2:r0) Starting new connection thread
(vm2:r0) Maximum number of connections reached (5), waiting for a thread to finish
(vm2:r0:0) Connection established
(vm2:r0:0) Connection finished, received 761434646 bytes
(vm2:r0) thread 0 joined, 32 connections remaining
(vm2:r0) Starting new connection thread
(vm2:r0) Maximum number of connections reached (5), waiting for a thread to finish
(vm2:r0:0) Connection established
(vm2:r0:0) Connection finished, received 761434646 bytes
(vm2:r0) thread 0 joined, 31 connections remaining
(vm2:r0) Starting new connection thread
(vm2:r0) Maximum number of connections reached (5), waiting for a thread to finish
(vm2:r0:0) Connection established
(vm2:r0:0) Connection finished, received 761434646 bytes
(vm2:r0) thread 0 joined, 30 connections remaining
(vm2:r0) Starting new connection thread
(vm2:r0) Maximum number of connections reached (5), waiting for a thread to finish
(vm2:r0:0) Connection established
(vm2:r0:0) Connection finished, received 761434646 bytes
(vm2:r0) thread 0 joined, 29 connections remaining
(vm2:r0) Starting new connection thread
(vm2:r0) Maximum number of connections reached (5), waiting for a thread to finish
(vm2:r0:0) Connection established
(vm2:r0:0) Connection finished, received 761434646 bytes
(vm2:r0) thread 0 joined, 28 connections remaining
(vm2:r0) Starting new connection thread
(vm2:r0) Maximum number of connections reached (5), waiting for a thread to finish
(vm2:r0:0) Connection established
(vm2:r0:0) Connection finished, received 761434646 bytes
(vm2:r0) thread 0 joined, 27 connections remaining
(vm2:r0) Starting new connection thread
(vm2:r0) Maximum number of connections reached (5), waiting for a thread to finish
(vm2:r0:0) Connection established
(vm2:r0:0) Connection finished, received 761434646 bytes
(vm2:r0) thread 0 joined, 26 connections remaining
(vm2:r0) Starting new connection thread
(vm2:r0) Maximum number of connections reached (5), waiting for a thread to finish
(vm2:r0:0) Connection established
(vm2:r0:0) Connection finished, received 761434646 bytes
(vm2:r0) thread 0 joined, 25 connections remaining
(vm2:r0) Starting new connection thread
(vm2:r0) Maximum number of connections reached (5), waiting for a thread to finish
(vm2:r0:0) Connection established
(vm2:r0:0) Connection finished, received 761434646 bytes
(vm2:r0) thread 0 joined, 24 connections remaining
(vm2:r0) Starting new connection thread
(vm2:r0) Maximum number of connections reached (5), waiting for a thread to finish
(vm2:r0:0) Connection established
(vm2:r0:0) Connection finished, received 761434646 bytes
(vm2:r0) thread 0 joined, 23 connections remaining
(vm2:r0) Starting new connection thread
(vm2:r0) Maximum number of connections reached (5), waiting for a thread to finish
(vm2:r0:0) Connection established
(vm2:r0:0) Connection finished, received 761434646 bytes
(vm2:r0) thread 0 joined, 22 connections remaining
(vm2:r0) Starting new connection thread
(vm2:r0) Maximum number of connections reached (5), waiting for a thread to finish
(vm2:r0:0) Connection established
(vm2:r0:0) Connection finished, received 761434646 bytes
(vm2:r0) thread 0 joined, 21 connections remaining
(vm2:r0) Starting new connection thread
(vm2:r0) Maximum number of connections reached (5), waiting for a thread to finish
(vm2:r0:0) Connection established
(vm2:r0:0) Connection finished, received 761434646 bytes
(vm2:r0) thread 0 joined, 20 connections remaining
(vm2:r0) Starting new connection thread
(vm2:r0) Maximum number of connections reached (5), waiting for a thread to finish
(vm2:r0:0) Connection established
(vm2:r0:0) Connection finished, received 761434646 bytes
(vm2:r0) thread 0 joined, 19 connections remaining
(vm2:r0) Starting new connection thread
(vm2:r0) Maximum number of connections reached (5), waiting for a thread to finish
(vm2:r0:0) Connection established
(vm2:r0:0) Connection finished, received 761434646 bytes
(vm2:r0) thread 0 joined, 18 connections remaining
(vm2:r0) Starting new connection thread
(vm2:r0) Maximum number of connections reached (5), waiting for a thread to finish
(vm2:r0:0) Connection established
(vm2:r0:0) Connection finished, received 761434646 bytes
(vm2:r0) thread 0 joined, 17 connections remaining
(vm2:r0) Starting new connection thread
(vm2:r0) Maximum number of connections reached (5), waiting for a thread to finish
(vm2:r0:0) Connection established
(vm2:r0:0) Connection finished, received 761434646 bytes
(vm2:r0) thread 0 joined, 16 connections remaining
(vm2:r0) Starting new connection thread
(vm2:r0) Maximum number of connections reached (5), waiting for a thread to finish
(vm2:r0:0) Connection established
(vm2:r0:0) Connection finished, received 761434646 bytes
(vm2:r0) thread 0 joined, 15 connections remaining
(vm2:r0) Starting new connection thread
(vm2:r0) Maximum number of connections reached (5), waiting for a thread to finish
(vm2:r0:0) Connection established
(vm2:r0:0) Connection finished, received 761434646 bytes
(vm2:r0) thread 0 joined, 14 connections remaining
(vm2:r0) Starting new connection thread
(vm2:r0) Maximum number of connections reached (5), waiting for a thread to finish
(vm2:r0:0) Connection established
(vm2:r0:0) Connection finished, received 761434646 bytes
(vm2:r0) thread 0 joined, 13 connections remaining
(vm2:r0) Starting new connection thread
(vm2:r0) Maximum number of connections reached (5), waiting for a thread to finish
(vm2:r0:0) Connection established
(vm2:r0:0) Connection finished, received 761434646 bytes
(vm2:r0) thread 0 joined, 12 connections remaining
(vm2:r0) Starting new connection thread
(vm2:r0) Maximum number of connections reached (5), waiting for a thread to finish
(vm2:r0:0) Connection established
(vm2:r0:0) Connection finished, received 761434646 bytes
(vm2:r0) thread 0 joined, 11 connections remaining
(vm2:r0) Starting new connection thread
(vm2:r0) Maximum number of connections reached (5), waiting for a thread to finish
(vm2:r0:0) Connection established
(vm2:r0:0) Connection finished, received 761434646 bytes
(vm2:r0) thread 0 joined, 10 connections remaining
(vm2:r0) Starting new connection thread
(vm2:r0) Maximum number of connections reached (5), waiting for a thread to finish
(vm2:r0:0) Connection established
(vm2:r0:0) Connection finished, received 761434646 bytes
(vm2:r0) thread 0 joined, 9 connections remaining
(vm2:r0) Starting new connection thread
(vm2:r0) Maximum number of connections reached (5), waiting for a thread to finish
(vm2:r0:0) Connection established
(vm2:r0:0) Connection finished, received 761434646 bytes
(vm2:r0) thread 0 joined, 8 connections remaining
(vm2:r0) Starting new connection thread
(vm2:r0) Maximum number of connections reached (5), waiting for a thread to finish
(vm2:r0:0) Connection established
(vm2:r0:0) Connection finished, received 761434646 bytes
(vm2:r0) thread 0 joined, 7 connections remaining
(vm2:r0) Starting new connection thread
(vm2:r0) Maximum number of connections reached (5), waiting for a thread to finish
(vm2:r0:0) Connection established
(vm2:r0:0) Connection finished, received 761434646 bytes
(vm2:r0) thread 0 joined, 6 connections remaining
(vm2:r0) Starting new connection thread
(vm2:r0) Maximum number of connections reached (5), waiting for a thread to finish
(vm2:r0:0) Connection established
(vm2:r0:0) Connection finished, received 761434646 bytes
(vm2:r0) thread 0 joined, 5 connections remaining
(vm2:r0) Starting new connection thread
(vm2:r0) Maximum number of connections reached (5), waiting for a thread to finish
(vm2:r0:0) Connection established
(vm2:r0:0) Connection finished, received 761434646 bytes
(vm2:r0) thread 0 joined, 4 connections remaining
(vm2:r0) Maximum number of connections reached (4), waiting for a thread to finish
(vm2:r0) thread 1 joined, 3 connections remaining
(vm2:r0) Maximum number of connections reached (3), waiting for a thread to finish
(vm2:r0) thread 2 joined, 2 connections remaining
(vm2:r0) Maximum number of connections reached (2), waiting for a thread to finish
(vm2:r0) thread 3 joined, 1 connections remaining
(vm2:r0) Maximum number of connections reached (1), waiting for a thread to finish
(vm2:r0) thread 4 joined, 0 connections remaining
(vm2:r0) all done, exiting
*RES* start node vm2:r0
*RES* vm2:r0:0,1405720535933,31603,630,761434646
*RES* vm2:r0:0,1405720567546,49560,854,761434646
*RES* vm2:r0:0,1405720617110,38969,820,761434646
*RES* vm2:r0:0,1405720656086,28060,721,761434646
*RES* vm2:r0:0,1405720684150,22971,823,761434646
*RES* vm2:r0:0,1405720707126,18481,779,761434646
*RES* vm2:r0:0,1405720725614,18184,876,761434646
*RES* vm2:r0:0,1405720743802,15644,999,761434646
*RES* vm2:r0:0,1405720759450,13706,1045,761434646
*RES* vm2:r0:0,1405720773162,11254,1197,761434646
*RES* vm2:r0:0,1405720784422,10493,941,761434646
*RES* vm2:r0:0,1405720794922,9699,1062,761434646
*RES* vm2:r0:0,1405720804626,9097,1037,761434646
*RES* vm2:r0:0,1405720813730,4950,1182,761434646
*RES* vm2:r0:0,1405720818686,8073,1300,761434646
*RES* vm2:r0:0,1405720826766,5004,1534,761434646
*RES* vm2:r0:0,1405720831778,6061,1423,761434646
*RES* vm2:r0:0,1405720837846,5679,1128,761434646
*RES* vm2:r0:0,1405720843530,5267,1053,761434646
*RES* vm2:r0:0,1405720848802,4921,1082,761434646
*RES* vm2:r0:0,1405720853730,4290,1202,761434646
*RES* vm2:r0:0,1405720858026,2754,759,761434646
*RES* vm2:r0:0,1405720860786,2689,688,761434646
*RES* vm2:r0:0,1405720863482,2851,728,761434646
*RES* vm2:r0:0,1405720866338,1895,745,761434646
*RES* vm2:r0:0,1405720868238,1807,798,761434646
*RES* vm2:r0:0,1405720870050,2543,761,761434646
*RES* vm2:r0:0,1405720872602,3292,768,761434646
*RES* vm2:r0:0,1405720875898,2834,639,761434646
*RES* vm2:r0:0,1405720878738,1866,583,761434646
*RES* vm2:r0:0,1405720880610,1805,615,761434646
*RES* vm2:r0:0,1405720882421,2040,509,761434646
*RES* vm2:r0:0,1405720884470,2004,454,761434646
*RES* vm2:r0:0,1405720886481,1656,397,761434646
*RES* vm2:r0:1,1405720535933,14399,445,761434646
*RES* vm2:r0:2,1405720535933,33471,832,761434646
*RES* vm2:r0:3,1405720535933,28809,775,761434646
*RES* vm2:r0:4,1405720535933,32283,711,761434646
*RES* end node vm2:r0
Node vm2:r0 joined
Worker terminating correctly
