OSMeF worker starting
Enabling core dumping
Listening for command connection
(vm21:m0) New mapper on port 23330
(vm21:m0) -> reducer data size 761434645
(vm21:m0) -> reducer data size 761434645
(vm21:m0) -> reducer data size 761434645
(vm21:m0) -> reducer data size 761434645
(vm21:m0) -> reducer data size 761434645
(vm21:m0) -> reducer data size 761434645
(vm21:m0) -> reducer data size 761434645
(vm21:m0) -> reducer data size 761434645
(vm21:m0) -> reducer data size 761434645
(vm21:m0) -> reducer data size 761434645
(vm21:m0) -> reducer data size 761434645
(vm21:m0) -> reducer data size 761434645
(vm21:m0) -> reducer data size 761434645
(vm21:m0) -> reducer data size 761434645
(vm21:m0) -> reducer data size 761434645
(vm21:m0) -> reducer data size 761434645
(vm21:m0) -> reducer data size 761434645
(vm21:m0) -> reducer data size 761434645
(vm21:m0) -> reducer data size 761434645
(vm21:m0) -> reducer data size 761434645
(vm21:m0) -> reducer data size 761434645
(vm21:m0) -> reducer data size 761434645
(vm21:m0) -> reducer data size 761434645
(vm21:m0) -> reducer data size 761434645
(vm21:m0) -> reducer data size 761434645
(vm21:m0) -> reducer data size 761434645
(vm21:m0) -> reducer data size 761434645
(vm21:m0) -> reducer data size 761434645
(vm21:m0) -> reducer data size 761434645
(vm21:m0) -> reducer data size 761434645
(vm21:m0) -> reducer data size 761434645
(vm21:m0) -> reducer data size 761434645
(vm21:m0) -> reducer data size 761434645
(vm21:m0) -> reducer data size 761434645
(vm21:m0) -> reducer data size 761434645
(vm21:m0) -> reducer data size 761434645
(vm21:m0) -> reducer data size 761434645
(vm21:m0) -> reducer data size 761434645
(vm21:m0) Mapper thread started
(vm21:m0) Allocating data for reducer vm1:r0
(vm21:m0) Allocating data for reducer vm2:r0
(vm21:m0) Allocating data for reducer vm3:r0
(vm21:m0) Allocating data for reducer vm4:r0
(vm21:m0) Allocating data for reducer vm5:r0
(vm21:m0) Allocating data for reducer vm6:r0
(vm21:m0) Allocating data for reducer vm7:r0
(vm21:m0) Allocating data for reducer vm8:r0
(vm21:m0) Allocating data for reducer vm9:r0
(vm21:m0) Allocating data for reducer vm10:r0
(vm21:m0) Allocating data for reducer vm11:r0
(vm21:m0) Allocating data for reducer vm12:r0
(vm21:m0) Allocating data for reducer vm13:r0
(vm21:m0) Allocating data for reducer vm14:r0
(vm21:m0) Allocating data for reducer vm15:r0
(vm21:m0) Allocating data for reducer vm16:r0
(vm21:m0) Allocating data for reducer vm17:r0
(vm21:m0) Allocating data for reducer vm18:r0
(vm21:m0) Allocating data for reducer vm19:r0
(vm21:m0) Allocating data for reducer vm20:r0
(vm21:m0) Allocating data for reducer vm21:r0
(vm21:m0) Allocating data for reducer vm22:r0
(vm21:m0) Allocating data for reducer vm23:r0
(vm21:m0) Allocating data for reducer vm24:r0
(vm21:m0) Allocating data for reducer vm25:r0
(vm21:m0) Allocating data for reducer vm26:r0
(vm21:m0) Allocating data for reducer vm27:r0
(vm21:m0) Allocating data for reducer vm28:r0
(vm21:m0) Allocating data for reducer vm29:r0
(vm21:m0) Allocating data for reducer vm30:r0
(vm21:m0) Allocating data for reducer vm31:r0
(vm21:m0) Allocating data for reducer vm32:r0
(vm21:m0) Allocating data for reducer vm33:r0
(vm21:m0) Allocating data for reducer vm34:r0
(vm21:m0) Allocating data for reducer vm35:r0
(vm21:m0) Allocating data for reducer vm36:r0
(vm21:m0) Allocating data for reducer vm37:r0
(vm21:m0) Allocating data for reducer vm38:r0
(vm21:m0) Binding to port 23330
(vm21:r0) New reducer
(vm21:r0) Reducer thread started
(vm21:r0) waiting for START message
(vm21:r0) got START message
(vm21:r0) Starting new connection thread
(vm21:r0) Starting new connection thread
(vm21:r0) Starting new connection thread
(vm21:r0) Starting new connection thread
(vm21:r0) Starting new connection thread
(vm21:r0) Maximum number of connections reached (5), waiting for a thread to finish
(vm21:r0:4) Connection established
(vm21:r0:2) Connection established
(vm21:r0:0) Connection established
(vm21:r0:3) Connection established
(vm21:r0:1) Connection established
(vm21:r0:3) Connection finished, received 761434646 bytes
(vm21:r0:1) Connection finished, received 761434646 bytes
(vm21:r0:4) Connection finished, received 761434646 bytes
(vm21:r0:2) Connection finished, received 761434646 bytes
(vm21:r0:0) Connection finished, received 761434646 bytes
(vm21:r0) thread 0 joined, 37 connections remaining
(vm21:r0) Starting new connection thread
(vm21:r0) Maximum number of connections reached (5), waiting for a thread to finish
(vm21:r0:0) Connection established
(vm21:r0:0) Connection finished, received 761434646 bytes
(vm21:r0) thread 0 joined, 36 connections remaining
(vm21:r0) Starting new connection thread
(vm21:r0) Maximum number of connections reached (5), waiting for a thread to finish
(vm21:r0:0) Connection established
(vm21:m0) Got connection from reducer vm34:r0
(vm21:m0:33) thread started, have to send 761434645 bytes
(vm21:r0:0) Connection finished, received 761434646 bytes
(vm21:r0) thread 0 joined, 35 connections remaining
(vm21:r0) Starting new connection thread
(vm21:r0) Maximum number of connections reached (5), waiting for a thread to finish
(vm21:r0:0) Connection established
(vm21:m0:33) all data sent, thread exiting
(vm21:m0) Got connection from reducer vm1:r0
(vm21:m0:0) thread started, have to send 761434645 bytes
(vm21:m0:0) all data sent, thread exiting
(vm21:m0) Got connection from reducer vm18:r0
(vm21:m0:17) thread started, have to send 761434645 bytes
(vm21:r0:0) Connection finished, received 761434646 bytes
(vm21:r0) thread 0 joined, 34 connections remaining
(vm21:r0) Starting new connection thread
(vm21:r0) Maximum number of connections reached (5), waiting for a thread to finish
(vm21:r0:0) Connection established
(vm21:m0:17) all data sent, thread exiting
(vm21:m0) Got connection from reducer vm15:r0
(vm21:m0:14) thread started, have to send 761434645 bytes
(vm21:m0) Got connection from reducer vm20:r0
(vm21:m0:19) thread started, have to send 761434645 bytes
(vm21:m0:14) all data sent, thread exiting
(vm21:m0) Got connection from reducer vm17:r0
(vm21:m0:16) thread started, have to send 761434645 bytes
(vm21:m0:19) all data sent, thread exiting
(vm21:m0:16) all data sent, thread exiting
(vm21:m0) Got connection from reducer vm29:r0
(vm21:m0:28) thread started, have to send 761434645 bytes
(vm21:r0:0) Connection finished, received 761434646 bytes
(vm21:r0) thread 0 joined, 33 connections remaining
(vm21:r0) Starting new connection thread
(vm21:r0) Maximum number of connections reached (5), waiting for a thread to finish
(vm21:r0:0) Connection established
(vm21:m0:28) all data sent, thread exiting
(vm21:m0) Got connection from reducer vm11:r0
(vm21:m0:10) thread started, have to send 761434645 bytes
(vm21:m0) Got connection from reducer vm14:r0
(vm21:m0:13) thread started, have to send 761434645 bytes
(vm21:m0) Got connection from reducer vm4:r0
(vm21:m0:3) thread started, have to send 761434645 bytes
(vm21:r0:0) Connection finished, received 761434646 bytes
(vm21:r0) thread 0 joined, 32 connections remaining
(vm21:r0) Starting new connection thread
(vm21:r0) Maximum number of connections reached (5), waiting for a thread to finish
(vm21:r0:0) Connection established
(vm21:m0:10) all data sent, thread exiting
(vm21:m0) Got connection from reducer vm6:r0
(vm21:m0:5) thread started, have to send 761434645 bytes
(vm21:m0:3) all data sent, thread exiting
(vm21:m0:13) all data sent, thread exiting
(vm21:m0:5) all data sent, thread exiting
(vm21:r0:0) Connection finished, received 761434646 bytes
(vm21:r0) thread 0 joined, 31 connections remaining
(vm21:r0) Starting new connection thread
(vm21:r0) Maximum number of connections reached (5), waiting for a thread to finish
(vm21:r0:0) Connection established
(vm21:m0) Got connection from reducer vm24:r0
(vm21:m0:23) thread started, have to send 761434645 bytes
(vm21:m0) Got connection from reducer vm9:r0
(vm21:m0:8) thread started, have to send 761434645 bytes
(vm21:m0:23) all data sent, thread exiting
(vm21:m0) Got connection from reducer vm30:r0
(vm21:m0:29) thread started, have to send 761434645 bytes
(vm21:m0:8) all data sent, thread exiting
(vm21:m0) Got connection from reducer vm35:r0
(vm21:m0) Got connection from reducer vm16:r0
(vm21:m0:34) thread started, have to send 761434645 bytes
(vm21:m0:15) thread started, have to send 761434645 bytes
(vm21:m0:29) all data sent, thread exiting
(vm21:r0:0) Connection finished, received 761434646 bytes
(vm21:r0) thread 0 joined, 30 connections remaining
(vm21:r0) Starting new connection thread
(vm21:r0) Maximum number of connections reached (5), waiting for a thread to finish
(vm21:r0:0) Connection established
(vm21:m0:34) all data sent, thread exiting
(vm21:m0:15) all data sent, thread exiting
(vm21:m0) Got connection from reducer vm7:r0
(vm21:m0:6) thread started, have to send 761434645 bytes
(vm21:m0) Got connection from reducer vm28:r0
(vm21:m0:27) thread started, have to send 761434645 bytes
(vm21:m0:6) all data sent, thread exiting
(vm21:m0) Got connection from reducer vm13:r0
(vm21:m0:12) thread started, have to send 761434645 bytes
(vm21:m0) Got connection from reducer vm19:r0
(vm21:m0:18) thread started, have to send 761434645 bytes
(vm21:m0:27) all data sent, thread exiting
(vm21:r0:0) Connection finished, received 761434646 bytes
(vm21:r0) thread 0 joined, 29 connections remaining
(vm21:r0) Starting new connection thread
(vm21:r0) Maximum number of connections reached (5), waiting for a thread to finish
(vm21:r0:0) Connection established
(vm21:m0) Got connection from reducer vm5:r0
(vm21:m0:4) thread started, have to send 761434645 bytes
(vm21:m0:12) all data sent, thread exiting
(vm21:m0) Got connection from reducer vm8:r0
(vm21:m0:7) thread started, have to send 761434645 bytes
(vm21:m0:4) all data sent, thread exiting
(vm21:m0) Got connection from reducer vm12:r0
(vm21:m0:11) thread started, have to send 761434645 bytes
(vm21:m0:18) all data sent, thread exiting
(vm21:r0:0) Connection finished, received 761434646 bytes
(vm21:r0) thread 0 joined, 28 connections remaining
(vm21:r0) Starting new connection thread
(vm21:r0) Maximum number of connections reached (5), waiting for a thread to finish
(vm21:r0:0) Connection established
(vm21:m0:7) all data sent, thread exiting
(vm21:m0:11) all data sent, thread exiting
(vm21:m0) Got connection from reducer vm27:r0
(vm21:m0:26) thread started, have to send 761434645 bytes
(vm21:r0:0) Connection finished, received 761434646 bytes
(vm21:r0) thread 0 joined, 27 connections remaining
(vm21:r0) Starting new connection thread
(vm21:r0) Maximum number of connections reached (5), waiting for a thread to finish
(vm21:r0:0) Connection established
(vm21:m0) Got connection from reducer vm31:r0
(vm21:m0:30) thread started, have to send 761434645 bytes
(vm21:m0) Got connection from reducer vm32:r0
(vm21:m0:31) thread started, have to send 761434645 bytes
(vm21:m0:26) all data sent, thread exiting
(vm21:m0:31) all data sent, thread exiting
(vm21:m0:30) all data sent, thread exiting
(vm21:m0) Got connection from reducer vm26:r0
(vm21:m0:25) thread started, have to send 761434645 bytes
(vm21:r0:0) Connection finished, received 761434646 bytes
(vm21:r0) thread 0 joined, 26 connections remaining
(vm21:r0) Starting new connection thread
(vm21:r0) Maximum number of connections reached (5), waiting for a thread to finish
(vm21:r0:0) Connection established
(vm21:m0) Got connection from reducer vm36:r0
(vm21:m0:35) thread started, have to send 761434645 bytes
(vm21:m0) Got connection from reducer vm33:r0
(vm21:m0:32) thread started, have to send 761434645 bytes
(vm21:m0) Got connection from reducer vm10:r0
(vm21:m0:9) thread started, have to send 761434645 bytes
(vm21:m0:25) all data sent, thread exiting
(vm21:m0:35) all data sent, thread exiting
(vm21:r0:0) Connection finished, received 761434646 bytes
(vm21:r0) thread 0 joined, 25 connections remaining
(vm21:r0) Starting new connection thread
(vm21:r0) Maximum number of connections reached (5), waiting for a thread to finish
(vm21:r0:0) Connection established
(vm21:m0:32) all data sent, thread exiting
(vm21:m0) Got connection from reducer vm22:r0
(vm21:m0:21) thread started, have to send 761434645 bytes
(vm21:m0) Got connection from reducer vm38:r0
(vm21:m0:37) thread started, have to send 761434645 bytes
(vm21:m0:9) all data sent, thread exiting
(vm21:m0) Got connection from reducer vm3:r0
(vm21:m0:2) thread started, have to send 761434645 bytes
(vm21:r0:0) Connection finished, received 761434646 bytes
(vm21:r0) thread 0 joined, 24 connections remaining
(vm21:r0) Starting new connection thread
(vm21:r0) Maximum number of connections reached (5), waiting for a thread to finish
(vm21:r0:0) Connection established
(vm21:m0:21) all data sent, thread exiting
(vm21:m0:37) all data sent, thread exiting
(vm21:m0:2) all data sent, thread exiting
(vm21:r0:0) Connection finished, received 761434646 bytes
(vm21:r0) thread 0 joined, 23 connections remaining
(vm21:r0) Starting new connection thread
(vm21:r0) Maximum number of connections reached (5), waiting for a thread to finish
(vm21:r0:0) Connection established
(vm21:m0) Got connection from reducer vm2:r0
(vm21:m0:1) thread started, have to send 761434645 bytes
(vm21:r0:0) Connection finished, received 761434646 bytes
(vm21:r0) thread 0 joined, 22 connections remaining
(vm21:r0) Starting new connection thread
(vm21:r0) Maximum number of connections reached (5), waiting for a thread to finish
(vm21:r0:0) Connection established
(vm21:m0) Got connection from reducer vm21:r0
(vm21:m0:20) thread started, have to send 761434645 bytes
(vm21:m0) Got connection from reducer vm37:r0
(vm21:m0:36) thread started, have to send 761434645 bytes
(vm21:m0:20) all data sent, thread exiting
(vm21:r0:0) Connection finished, received 761434646 bytes
(vm21:r0) thread 0 joined, 21 connections remaining
(vm21:r0) Starting new connection thread
(vm21:r0) Maximum number of connections reached (5), waiting for a thread to finish
(vm21:r0:0) Connection established
(vm21:m0:1) all data sent, thread exiting
(vm21:m0:36) all data sent, thread exiting
(vm21:m0) Got connection from reducer vm23:r0
(vm21:m0:22) thread started, have to send 761434645 bytes
(vm21:r0:0) Connection finished, received 761434646 bytes
(vm21:r0) thread 0 joined, 20 connections remaining
(vm21:r0) Starting new connection thread
(vm21:r0) Maximum number of connections reached (5), waiting for a thread to finish
(vm21:r0:0) Connection established
(vm21:m0) Got connection from reducer vm25:r0
(vm21:m0) Waiting for a thread to finish
(vm21:m0) thread 0 joined, 37 connections remaining
(vm21:m0) Waiting for a thread to finish
(vm21:m0) thread 1 joined, 36 connections remaining
(vm21:m0) Waiting for a thread to finish
(vm21:m0) thread 2 joined, 35 connections remaining
(vm21:m0) Waiting for a thread to finish
(vm21:m0) thread 3 joined, 34 connections remaining
(vm21:m0) Waiting for a thread to finish
(vm21:m0) thread 4 joined, 33 connections remaining
(vm21:m0) Waiting for a thread to finish
(vm21:m0) thread 5 joined, 32 connections remaining
(vm21:m0) Waiting for a thread to finish
(vm21:m0) thread 6 joined, 31 connections remaining
(vm21:m0) Waiting for a thread to finish
(vm21:m0) thread 7 joined, 30 connections remaining
(vm21:m0) Waiting for a thread to finish
(vm21:m0) thread 8 joined, 29 connections remaining
(vm21:m0) Waiting for a thread to finish
(vm21:m0) thread 9 joined, 28 connections remaining
(vm21:m0) Waiting for a thread to finish
(vm21:m0) thread 10 joined, 27 connections remaining
(vm21:m0) Waiting for a thread to finish
(vm21:m0) thread 11 joined, 26 connections remaining
(vm21:m0) Waiting for a thread to finish
(vm21:m0) thread 12 joined, 25 connections remaining
(vm21:m0) Waiting for a thread to finish
(vm21:m0) thread 13 joined, 24 connections remaining
(vm21:m0) Waiting for a thread to finish
(vm21:m0) thread 14 joined, 23 connections remaining
(vm21:m0) Waiting for a thread to finish
(vm21:m0) thread 15 joined, 22 connections remaining
(vm21:m0) Waiting for a thread to finish
(vm21:m0) thread 16 joined, 21 connections remaining
(vm21:m0) Waiting for a thread to finish
(vm21:m0) thread 17 joined, 20 connections remaining
(vm21:m0) Waiting for a thread to finish
(vm21:m0) thread 18 joined, 19 connections remaining
(vm21:m0) Waiting for a thread to finish
(vm21:m0) thread 19 joined, 18 connections remaining
(vm21:m0) Waiting for a thread to finish
(vm21:m0) thread 20 joined, 17 connections remaining
(vm21:m0) Waiting for a thread to finish
(vm21:m0) thread 21 joined, 16 connections remaining
(vm21:m0) Waiting for a thread to finish
(vm21:m0:24) thread started, have to send 761434645 bytes
(vm21:m0:22) all data sent, thread exiting
(vm21:m0) thread 22 joined, 15 connections remaining
(vm21:m0) Waiting for a thread to finish
(vm21:m0) thread 23 joined, 14 connections remaining
(vm21:m0) Waiting for a thread to finish
(vm21:r0:0) Connection finished, received 761434646 bytes
(vm21:r0) thread 0 joined, 19 connections remaining
(vm21:r0) Starting new connection thread
(vm21:r0) Maximum number of connections reached (5), waiting for a thread to finish
(vm21:r0:0) Connection established
(vm21:m0:24) all data sent, thread exiting
(vm21:m0) thread 24 joined, 13 connections remaining
(vm21:m0) Waiting for a thread to finish
(vm21:m0) thread 25 joined, 12 connections remaining
(vm21:m0) Waiting for a thread to finish
(vm21:m0) thread 26 joined, 11 connections remaining
(vm21:m0) Waiting for a thread to finish
(vm21:m0) thread 27 joined, 10 connections remaining
(vm21:m0) Waiting for a thread to finish
(vm21:m0) thread 28 joined, 9 connections remaining
(vm21:m0) Waiting for a thread to finish
(vm21:m0) thread 29 joined, 8 connections remaining
(vm21:m0) Waiting for a thread to finish
(vm21:m0) thread 30 joined, 7 connections remaining
(vm21:m0) Waiting for a thread to finish
(vm21:m0) thread 31 joined, 6 connections remaining
(vm21:m0) Waiting for a thread to finish
(vm21:m0) thread 32 joined, 5 connections remaining
(vm21:m0) Waiting for a thread to finish
(vm21:m0) thread 33 joined, 4 connections remaining
(vm21:m0) Waiting for a thread to finish
(vm21:m0) thread 34 joined, 3 connections remaining
(vm21:m0) Waiting for a thread to finish
(vm21:m0) thread 35 joined, 2 connections remaining
(vm21:m0) Waiting for a thread to finish
(vm21:m0) thread 36 joined, 1 connections remaining
(vm21:m0) Waiting for a thread to finish
(vm21:m0) thread 37 joined, 0 connections remaining
(vm21:m0) all done, exiting
*RES* start node vm21:m0
*RES* vm21:m0:0,1405720670169,4661,1272,761434646
*RES* vm21:m0:1,1405720831843,6057,1550,761434646
*RES* vm21:m0:2,1405720817626,7730,1521,761434646
*RES* vm21:m0:3,1405720724738,6463,1292,761434646
*RES* vm21:m0:4,1405720775156,7739,1384,761434646
*RES* vm21:m0:5,1405720728645,6868,1617,761434646
*RES* vm21:m0:6,1405720764302,3512,1192,761434646
*RES* vm21:m0:7,1405720779878,7742,1452,761434646
*RES* vm21:m0:8,1405720748038,5464,1416,761434646
*RES* vm21:m0:9,1405720808329,8748,1349,761434646
*RES* vm21:m0:10,1405720719814,8652,1120,761434646
*RES* vm21:m0:11,1405720783718,6473,1729,761434646
*RES* vm21:m0:12,1405720770502,8016,1179,761434646
*RES* vm21:m0:13,1405720721837,11996,957,761434646
*RES* vm21:m0:14,1405720690845,6592,1008,761434646
*RES* vm21:m0:15,1405720755277,7606,1030,761434646
*RES* vm21:m0:16,1405720700088,5448,1156,761434646
*RES* vm21:m0:17,1405720682397,5989,1048,761434646
*RES* vm21:m0:18,1405720770656,14256,1403,761434646
*RES* vm21:m0:19,1405720695017,6311,1309,761434646
*RES* vm21:m0:20,1405720832614,2249,190,761434646
*RES* vm21:m0:21,1405720815016,8652,1173,761434646
*RES* vm21:m0:22,1405720839845,5727,1370,761434646
*RES* vm21:m0:23,1405720745114,5062,1259,761434646
*RES* vm21:m0:24,1405720841924,5768,842,761434646
*RES* vm21:m0:25,1405720802218,7638,969,761434646
*RES* vm21:m0:26,1405720792306,5349,1190,761434646
*RES* vm21:m0:27,1405720767678,5449,1191,761434646
*RES* vm21:m0:28,1405720706071,4897,1306,761434646
*RES* vm21:m0:29,1405720751633,6235,1590,761434646
*RES* vm21:m0:30,1405720795196,6963,1619,761434646
*RES* vm21:m0:31,1405720795600,6173,1174,761434646
*RES* vm21:m0:32,1405720806410,8215,1304,761434646
*RES* vm21:m0:33,1405720655361,4159,1141,761434646
*RES* vm21:m0:34,1405720755277,7213,2007,761434646
*RES* vm21:m0:35,1405720804010,7162,1187,761434646
*RES* vm21:m0:36,1405720833316,5696,1518,761434646
*RES* vm21:m0:37,1405720816080,8325,1430,761434646
*RES* end node vm21:m0
Node vm21:m0 joined
(vm21:r0:0) Connection finished, received 761434646 bytes
(vm21:r0) thread 0 joined, 18 connections remaining
(vm21:r0) Starting new connection thread
(vm21:r0) Maximum number of connections reached (5), waiting for a thread to finish
(vm21:r0:0) Connection established
(vm21:r0:0) Connection finished, received 761434646 bytes
(vm21:r0) thread 0 joined, 17 connections remaining
(vm21:r0) Starting new connection thread
(vm21:r0) Maximum number of connections reached (5), waiting for a thread to finish
(vm21:r0:0) Connection established
(vm21:r0:0) Connection finished, received 761434646 bytes
(vm21:r0) thread 0 joined, 16 connections remaining
(vm21:r0) Starting new connection thread
(vm21:r0) Maximum number of connections reached (5), waiting for a thread to finish
(vm21:r0:0) Connection established
(vm21:r0:0) Connection finished, received 761434646 bytes
(vm21:r0) thread 0 joined, 15 connections remaining
(vm21:r0) Starting new connection thread
(vm21:r0) Maximum number of connections reached (5), waiting for a thread to finish
(vm21:r0:0) Connection established
(vm21:r0:0) Connection finished, received 761434646 bytes
(vm21:r0) thread 0 joined, 14 connections remaining
(vm21:r0) Starting new connection thread
(vm21:r0) Maximum number of connections reached (5), waiting for a thread to finish
(vm21:r0:0) Connection established
(vm21:r0:0) Connection finished, received 761434646 bytes
(vm21:r0) thread 0 joined, 13 connections remaining
(vm21:r0) Starting new connection thread
(vm21:r0) Maximum number of connections reached (5), waiting for a thread to finish
(vm21:r0:0) Connection established
(vm21:r0:0) Connection finished, received 761434646 bytes
(vm21:r0) thread 0 joined, 12 connections remaining
(vm21:r0) Starting new connection thread
(vm21:r0) Maximum number of connections reached (5), waiting for a thread to finish
(vm21:r0:0) Connection established
(vm21:r0:0) Connection finished, received 761434646 bytes
(vm21:r0) thread 0 joined, 11 connections remaining
(vm21:r0) Starting new connection thread
(vm21:r0) Maximum number of connections reached (5), waiting for a thread to finish
(vm21:r0:0) Connection established
(vm21:r0:0) Connection finished, received 761434646 bytes
(vm21:r0) thread 0 joined, 10 connections remaining
(vm21:r0) Starting new connection thread
(vm21:r0) Maximum number of connections reached (5), waiting for a thread to finish
(vm21:r0:0) Connection established
(vm21:r0:0) Connection finished, received 761434646 bytes
(vm21:r0) thread 0 joined, 9 connections remaining
(vm21:r0) Starting new connection thread
(vm21:r0) Maximum number of connections reached (5), waiting for a thread to finish
(vm21:r0:0) Connection established
(vm21:r0:0) Connection finished, received 761434646 bytes
(vm21:r0) thread 0 joined, 8 connections remaining
(vm21:r0) Starting new connection thread
(vm21:r0) Maximum number of connections reached (5), waiting for a thread to finish
(vm21:r0:0) Connection established
(vm21:r0:0) Connection finished, received 761434646 bytes
(vm21:r0) thread 0 joined, 7 connections remaining
(vm21:r0) Starting new connection thread
(vm21:r0) Maximum number of connections reached (5), waiting for a thread to finish
(vm21:r0:0) Connection established
(vm21:r0:0) Connection finished, received 761434646 bytes
(vm21:r0) thread 0 joined, 6 connections remaining
(vm21:r0) Starting new connection thread
(vm21:r0) Maximum number of connections reached (5), waiting for a thread to finish
(vm21:r0:0) Connection established
(vm21:r0:0) Connection finished, received 761434646 bytes
(vm21:r0) thread 0 joined, 5 connections remaining
(vm21:r0) Starting new connection thread
(vm21:r0) Maximum number of connections reached (5), waiting for a thread to finish
(vm21:r0:0) Connection established
(vm21:r0:0) Connection finished, received 761434646 bytes
(vm21:r0) thread 0 joined, 4 connections remaining
(vm21:r0) Maximum number of connections reached (4), waiting for a thread to finish
(vm21:r0) thread 1 joined, 3 connections remaining
(vm21:r0) Maximum number of connections reached (3), waiting for a thread to finish
(vm21:r0) thread 2 joined, 2 connections remaining
(vm21:r0) Maximum number of connections reached (2), waiting for a thread to finish
(vm21:r0) thread 3 joined, 1 connections remaining
(vm21:r0) Maximum number of connections reached (1), waiting for a thread to finish
(vm21:r0) thread 4 joined, 0 connections remaining
(vm21:r0) all done, exiting
*RES* start node vm21:r0
*RES* vm21:r0:0,1405720536000,31420,842,761434646
*RES* vm21:r0:0,1405720567425,51879,1111,761434646
*RES* vm21:r0:0,1405720619310,38978,879,761434646
*RES* vm21:r0:0,1405720658293,27231,873,761434646
*RES* vm21:r0:0,1405720685533,22488,881,761434646
*RES* vm21:r0:0,1405720708026,17859,749,761434646
*RES* vm21:r0:0,1405720725894,16471,792,761434646
*RES* vm21:r0:0,1405720742370,15765,826,761434646
*RES* vm21:r0:0,1405720758142,15216,1200,761434646
*RES* vm21:r0:0,1405720773374,11537,990,761434646
*RES* vm21:r0:0,1405720784926,9771,880,761434646
*RES* vm21:r0:0,1405720794708,9127,1004,761434646
*RES* vm21:r0:0,1405720803850,9356,1083,761434646
*RES* vm21:r0:0,1405720813226,6567,1060,761434646
*RES* vm21:r0:0,1405720819802,8434,1089,761434646
*RES* vm21:r0:0,1405720828242,4352,1136,761434646
*RES* vm21:r0:0,1405720832610,2259,567,761434646
*RES* vm21:r0:0,1405720834882,5967,1211,761434646
*RES* vm21:r0:0,1405720840858,5924,1171,761434646
*RES* vm21:r0:0,1405720846794,4288,1033,761434646
*RES* vm21:r0:0,1405720851086,5231,1419,761434646
*RES* vm21:r0:0,1405720856322,2840,793,761434646
*RES* vm21:r0:0,1405720859166,2886,973,761434646
*RES* vm21:r0:0,1405720862058,3029,796,761434646
*RES* vm21:r0:0,1405720865094,1937,732,761434646
*RES* vm21:r0:0,1405720867038,1770,642,761434646
*RES* vm21:r0:0,1405720868814,2800,663,761434646
*RES* vm21:r0:0,1405720871618,3676,701,761434646
*RES* vm21:r0:0,1405720875298,2827,643,761434646
*RES* vm21:r0:0,1405720878130,1794,691,761434646
*RES* vm21:r0:0,1405720879930,1934,599,761434646
*RES* vm21:r0:0,1405720881869,1759,486,761434646
*RES* vm21:r0:0,1405720883633,1540,456,761434646
*RES* vm21:r0:0,1405720885177,2216,510,761434646
*RES* vm21:r0:1,1405720536000,27248,762,761434646
*RES* vm21:r0:2,1405720536000,30525,727,761434646
*RES* vm21:r0:3,1405720536000,23665,718,761434646
*RES* vm21:r0:4,1405720536000,28180,735,761434646
*RES* end node vm21:r0
Node vm21:r0 joined
Worker terminating correctly
