OSMeF worker starting
Enabling core dumping
Listening for command connection
(vm19:m0) New mapper on port 23330
(vm19:m0) -> reducer data size 1307386002
(vm19:m0) -> reducer data size 1307386002
(vm19:m0) -> reducer data size 1307386002
(vm19:m0) -> reducer data size 1307386002
(vm19:m0) -> reducer data size 1307386002
(vm19:m0) -> reducer data size 1307386002
(vm19:m0) -> reducer data size 1307386002
(vm19:m0) -> reducer data size 1307386002
(vm19:m0) -> reducer data size 1307386002
(vm19:m0) -> reducer data size 1307386002
(vm19:m0) -> reducer data size 1307386002
(vm19:m0) -> reducer data size 1307386002
(vm19:m0) -> reducer data size 1307386002
(vm19:m0) -> reducer data size 1307386002
(vm19:m0) -> reducer data size 1307386002
(vm19:m0) -> reducer data size 1307386002
(vm19:m0) -> reducer data size 1307386002
(vm19:m0) -> reducer data size 1307386002
(vm19:m0) -> reducer data size 1307386002
(vm19:m0) -> reducer data size 1307386002
(vm19:m0) -> reducer data size 1307386002
(vm19:m0) -> reducer data size 1307386002
(vm19:m0) -> reducer data size 1307386002
(vm19:m0) -> reducer data size 1307386002
(vm19:m0) -> reducer data size 1307386002
(vm19:m0) -> reducer data size 1307386002
(vm19:m0) -> reducer data size 1307386002
(vm19:m0) -> reducer data size 1307386002
(vm19:m0) -> reducer data size 1307386002
(vm19:m0) Mapper thread started
(vm19:m0) Allocating data for reducer vm1:r0
(vm19:m0) Allocating data for reducer vm2:r0
(vm19:m0) Allocating data for reducer vm3:r0
(vm19:m0) Allocating data for reducer vm4:r0
(vm19:m0) Allocating data for reducer vm5:r0
(vm19:m0) Allocating data for reducer vm6:r0
(vm19:m0) Allocating data for reducer vm7:r0
(vm19:m0) Allocating data for reducer vm8:r0
(vm19:m0) Allocating data for reducer vm9:r0
(vm19:m0) Allocating data for reducer vm10:r0
(vm19:m0) Allocating data for reducer vm11:r0
(vm19:m0) Allocating data for reducer vm12:r0
(vm19:m0) Allocating data for reducer vm13:r0
(vm19:m0) Allocating data for reducer vm14:r0
(vm19:m0) Allocating data for reducer vm15:r0
(vm19:m0) Allocating data for reducer vm16:r0
(vm19:m0) Allocating data for reducer vm17:r0
(vm19:m0) Allocating data for reducer vm18:r0
(vm19:m0) Allocating data for reducer vm19:r0
(vm19:m0) Allocating data for reducer vm20:r0
(vm19:m0) Allocating data for reducer vm21:r0
(vm19:m0) Allocating data for reducer vm22:r0
(vm19:m0) Allocating data for reducer vm23:r0
(vm19:m0) Allocating data for reducer vm24:r0
(vm19:m0) Allocating data for reducer vm25:r0
(vm19:m0) Allocating data for reducer vm26:r0
(vm19:m0) Allocating data for reducer vm27:r0
(vm19:m0) Allocating data for reducer vm28:r0
(vm19:m0) Allocating data for reducer vm29:r0
(vm19:m0) Binding to port 23330
(vm19:r0) New reducer
(vm19:r0) Reducer thread started
(vm19:r0) waiting for START message
(vm19:r0) got START message
(vm19:r0) Starting new connection thread
(vm19:r0) Starting new connection thread
(vm19:r0) Starting new connection thread
(vm19:r0) Starting new connection thread
(vm19:r0) Starting new connection thread
(vm19:r0) Maximum number of connections reached (5), waiting for a thread to finish
(vm19:r0:3) Connection established
(vm19:r0:1) Connection established
(vm19:r0:0) Connection established
(vm19:r0:4) Connection established
(vm19:r0:2) Connection established
(vm19:r0:3) Connection finished, received 1307386003 bytes
(vm19:r0:0) Connection finished, received 1307386003 bytes
(vm19:r0) thread 0 joined, 28 connections remaining
(vm19:r0) Starting new connection thread
(vm19:r0) Maximum number of connections reached (5), waiting for a thread to finish
(vm19:r0:0) Connection established
(vm19:r0:2) Connection finished, received 1307386003 bytes
(vm19:r0:4) Connection finished, received 1307386003 bytes
(vm19:r0:1) Connection finished, received 1307386003 bytes
(vm19:r0:0) Connection finished, received 1307386003 bytes
(vm19:r0) thread 0 joined, 27 connections remaining
(vm19:r0) Starting new connection thread
(vm19:r0) Maximum number of connections reached (5), waiting for a thread to finish
(vm19:r0:0) Connection established
(vm19:r0:0) Connection finished, received 1307386003 bytes
(vm19:r0) thread 0 joined, 26 connections remaining
(vm19:r0) Starting new connection thread
(vm19:r0) Maximum number of connections reached (5), waiting for a thread to finish
(vm19:r0:0) Connection established
(vm19:m0) Got connection from reducer vm1:r0
(vm19:m0:0) thread started, have to send 1307386002 bytes
(vm19:m0) Got connection from reducer vm9:r0
(vm19:m0:8) thread started, have to send 1307386002 bytes
(vm19:m0:0) all data sent, thread exiting
(vm19:m0:8) all data sent, thread exiting
(vm19:r0:0) Connection finished, received 1307386003 bytes
(vm19:r0) thread 0 joined, 25 connections remaining
(vm19:r0) Starting new connection thread
(vm19:r0) Maximum number of connections reached (5), waiting for a thread to finish
(vm19:r0:0) Connection established
(vm19:m0) Got connection from reducer vm27:r0
(vm19:m0:26) thread started, have to send 1307386002 bytes
(vm19:m0) Got connection from reducer vm20:r0
(vm19:m0:19) thread started, have to send 1307386002 bytes
(vm19:m0:26) all data sent, thread exiting
(vm19:m0:19) all data sent, thread exiting
(vm19:m0) Got connection from reducer vm6:r0
(vm19:m0:5) thread started, have to send 1307386002 bytes
(vm19:m0) Got connection from reducer vm15:r0
(vm19:m0:14) thread started, have to send 1307386002 bytes
(vm19:r0:0) Connection finished, received 1307386003 bytes
(vm19:r0) thread 0 joined, 24 connections remaining
(vm19:r0) Starting new connection thread
(vm19:r0) Maximum number of connections reached (5), waiting for a thread to finish
(vm19:r0:0) Connection established
(vm19:m0:5) all data sent, thread exiting
(vm19:m0) Got connection from reducer vm18:r0
(vm19:m0:17) thread started, have to send 1307386002 bytes
(vm19:m0:14) all data sent, thread exiting
(vm19:m0:17) all data sent, thread exiting
(vm19:m0) Got connection from reducer vm25:r0
(vm19:m0:24) thread started, have to send 1307386002 bytes
(vm19:m0) Got connection from reducer vm13:r0
(vm19:m0:12) thread started, have to send 1307386002 bytes
(vm19:m0:24) all data sent, thread exiting
(vm19:r0:0) Connection finished, received 1307386003 bytes
(vm19:r0) thread 0 joined, 23 connections remaining
(vm19:r0) Starting new connection thread
(vm19:r0) Maximum number of connections reached (5), waiting for a thread to finish
(vm19:r0:0) Connection established
(vm19:m0:12) all data sent, thread exiting
(vm19:m0) Got connection from reducer vm7:r0
(vm19:m0:6) thread started, have to send 1307386002 bytes
(vm19:m0:6) all data sent, thread exiting
(vm19:m0) Got connection from reducer vm28:r0
(vm19:m0:27) thread started, have to send 1307386002 bytes
(vm19:r0:0) Connection finished, received 1307386003 bytes
(vm19:r0) thread 0 joined, 22 connections remaining
(vm19:r0) Starting new connection thread
(vm19:r0) Maximum number of connections reached (5), waiting for a thread to finish
(vm19:r0:0) Connection established
(vm19:m0:27) all data sent, thread exiting
(vm19:m0) Got connection from reducer vm23:r0
(vm19:m0:22) thread started, have to send 1307386002 bytes
(vm19:r0:0) Connection finished, received 1307386003 bytes
(vm19:r0) thread 0 joined, 21 connections remaining
(vm19:r0) Starting new connection thread
(vm19:r0) Maximum number of connections reached (5), waiting for a thread to finish
(vm19:r0:0) Connection established
(vm19:m0:22) all data sent, thread exiting
(vm19:m0) Got connection from reducer vm21:r0
(vm19:m0:20) thread started, have to send 1307386002 bytes
(vm19:m0) Got connection from reducer vm8:r0
(vm19:m0:7) thread started, have to send 1307386002 bytes
(vm19:m0) Got connection from reducer vm14:r0
(vm19:m0:20) all data sent, thread exiting
(vm19:m0:13) thread started, have to send 1307386002 bytes
(vm19:m0) Got connection from reducer vm26:r0
(vm19:m0:25) thread started, have to send 1307386002 bytes
(vm19:m0:7) all data sent, thread exiting
(vm19:m0:13) all data sent, thread exiting
(vm19:m0:25) all data sent, thread exiting
(vm19:r0:0) Connection finished, received 1307386003 bytes
(vm19:r0) thread 0 joined, 20 connections remaining
(vm19:r0) Starting new connection thread
(vm19:r0) Maximum number of connections reached (5), waiting for a thread to finish
(vm19:r0:0) Connection established
(vm19:m0) Got connection from reducer vm22:r0
(vm19:m0:21) thread started, have to send 1307386002 bytes
(vm19:m0) Got connection from reducer vm10:r0
(vm19:m0:9) thread started, have to send 1307386002 bytes
(vm19:m0) Got connection from reducer vm4:r0
(vm19:m0:3) thread started, have to send 1307386002 bytes
(vm19:m0:9) all data sent, thread exiting
(vm19:m0:21) all data sent, thread exiting
(vm19:m0:3) all data sent, thread exiting
(vm19:m0) Got connection from reducer vm3:r0
(vm19:m0:2) thread started, have to send 1307386002 bytes
(vm19:r0:0) Connection finished, received 1307386003 bytes
(vm19:r0) thread 0 joined, 19 connections remaining
(vm19:r0) Starting new connection thread
(vm19:r0) Maximum number of connections reached (5), waiting for a thread to finish
(vm19:r0:0) Connection established
(vm19:m0:2) all data sent, thread exiting
(vm19:m0) Got connection from reducer vm24:r0
(vm19:m0:23) thread started, have to send 1307386002 bytes
(vm19:m0:23) all data sent, thread exiting
(vm19:m0) Got connection from reducer vm11:r0
(vm19:m0:10) thread started, have to send 1307386002 bytes
(vm19:r0:0) Connection finished, received 1307386003 bytes
(vm19:r0) thread 0 joined, 18 connections remaining
(vm19:r0) Starting new connection thread
(vm19:r0) Maximum number of connections reached (5), waiting for a thread to finish
(vm19:r0:0) Connection established
(vm19:m0:10) all data sent, thread exiting
(vm19:m0) Got connection from reducer vm2:r0
(vm19:m0:1) thread started, have to send 1307386002 bytes
(vm19:r0:0) Connection finished, received 1307386003 bytes
(vm19:r0) thread 0 joined, 17 connections remaining
(vm19:r0) Starting new connection thread
(vm19:r0) Maximum number of connections reached (5), waiting for a thread to finish
(vm19:r0:0) Connection established
(vm19:m0:1) all data sent, thread exiting
(vm19:r0:0) Connection finished, received 1307386003 bytes
(vm19:r0) thread 0 joined, 16 connections remaining
(vm19:r0) Starting new connection thread
(vm19:r0) Maximum number of connections reached (5), waiting for a thread to finish
(vm19:r0:0) Connection established
(vm19:m0) Got connection from reducer vm5:r0
(vm19:m0:4) thread started, have to send 1307386002 bytes
(vm19:m0:4) all data sent, thread exiting
(vm19:m0) Got connection from reducer vm16:r0
(vm19:m0:15) thread started, have to send 1307386002 bytes
(vm19:m0) Got connection from reducer vm17:r0
(vm19:m0:16) thread started, have to send 1307386002 bytes
(vm19:r0:0) Connection finished, received 1307386003 bytes
(vm19:r0) thread 0 joined, 15 connections remaining
(vm19:r0) Starting new connection thread
(vm19:r0) Maximum number of connections reached (5), waiting for a thread to finish
(vm19:r0:0) Connection established
(vm19:m0) Got connection from reducer vm19:r0
(vm19:m0:18) thread started, have to send 1307386002 bytes
(vm19:m0) Got connection from reducer vm12:r0
(vm19:m0:11) thread started, have to send 1307386002 bytes
(vm19:m0) Got connection from reducer vm29:r0
(vm19:m0) Waiting for a thread to finish
(vm19:m0) thread 0 joined, 28 connections remaining
(vm19:m0) Waiting for a thread to finish
(vm19:m0) thread 1 joined, 27 connections remaining
(vm19:m0) Waiting for a thread to finish
(vm19:m0) thread 2 joined, 26 connections remaining
(vm19:m0) Waiting for a thread to finish
(vm19:m0) thread 3 joined, 25 connections remaining
(vm19:m0) Waiting for a thread to finish
(vm19:m0) thread 4 joined, 24 connections remaining
(vm19:m0) Waiting for a thread to finish
(vm19:m0) thread 5 joined, 23 connections remaining
(vm19:m0) Waiting for a thread to finish
(vm19:m0) thread 6 joined, 22 connections remaining
(vm19:m0) Waiting for a thread to finish
(vm19:m0) thread 7 joined, 21 connections remaining
(vm19:m0) Waiting for a thread to finish
(vm19:m0) thread 8 joined, 20 connections remaining
(vm19:m0) Waiting for a thread to finish
(vm19:m0) thread 9 joined, 19 connections remaining
(vm19:m0) Waiting for a thread to finish
(vm19:m0) thread 10 joined, 18 connections remaining
(vm19:m0) Waiting for a thread to finish
(vm19:m0:28) thread started, have to send 1307386002 bytes
(vm19:m0:15) all data sent, thread exiting
(vm19:m0:18) all data sent, thread exiting
(vm19:r0:0) Connection finished, received 1307386003 bytes
(vm19:r0) thread 0 joined, 14 connections remaining
(vm19:r0) Starting new connection thread
(vm19:r0) Maximum number of connections reached (5), waiting for a thread to finish
(vm19:r0:0) Connection established
(vm19:m0:16) all data sent, thread exiting
(vm19:m0:11) all data sent, thread exiting
(vm19:m0) thread 11 joined, 17 connections remaining
(vm19:m0) Waiting for a thread to finish
(vm19:m0) thread 12 joined, 16 connections remaining
(vm19:m0) Waiting for a thread to finish
(vm19:m0) thread 13 joined, 15 connections remaining
(vm19:m0) Waiting for a thread to finish
(vm19:m0) thread 14 joined, 14 connections remaining
(vm19:m0) Waiting for a thread to finish
(vm19:m0) thread 15 joined, 13 connections remaining
(vm19:m0) Waiting for a thread to finish
(vm19:m0) thread 16 joined, 12 connections remaining
(vm19:m0) Waiting for a thread to finish
(vm19:m0) thread 17 joined, 11 connections remaining
(vm19:m0) Waiting for a thread to finish
(vm19:m0) thread 18 joined, 10 connections remaining
(vm19:m0) Waiting for a thread to finish
(vm19:m0) thread 19 joined, 9 connections remaining
(vm19:m0) Waiting for a thread to finish
(vm19:m0) thread 20 joined, 8 connections remaining
(vm19:m0) Waiting for a thread to finish
(vm19:m0) thread 21 joined, 7 connections remaining
(vm19:m0) Waiting for a thread to finish
(vm19:m0) thread 22 joined, 6 connections remaining
(vm19:m0) Waiting for a thread to finish
(vm19:m0) thread 23 joined, 5 connections remaining
(vm19:m0) Waiting for a thread to finish
(vm19:m0) thread 24 joined, 4 connections remaining
(vm19:m0) Waiting for a thread to finish
(vm19:m0) thread 25 joined, 3 connections remaining
(vm19:m0) Waiting for a thread to finish
(vm19:m0) thread 26 joined, 2 connections remaining
(vm19:m0) Waiting for a thread to finish
(vm19:m0) thread 27 joined, 1 connections remaining
(vm19:m0) Waiting for a thread to finish
(vm19:m0:28) all data sent, thread exiting
(vm19:m0) thread 28 joined, 0 connections remaining
(vm19:m0) all done, exiting
*RES* start node vm19:m0
*RES* vm19:m0:0,1405495811482,4601,1341,1307386003
*RES* vm19:m0:1,1405495955042,2751,1036,1307386003
*RES* vm19:m0:2,1405495935394,3039,1092,1307386003
*RES* vm19:m0:3,1405495926474,3717,871,1307386003
*RES* vm19:m0:4,1405495962930,2782,1043,1307386003
*RES* vm19:m0:5,1405495847482,5779,1878,1307386003
*RES* vm19:m0:6,1405495882259,5539,1743,1307386003
*RES* vm19:m0:7,1405495916007,3352,915,1307386003
*RES* vm19:m0:8,1405495813902,5029,1309,1307386003
*RES* vm19:m0:9,1405495924834,3681,874,1307386003
*RES* vm19:m0:10,1405495944074,2867,1017,1307386003
*RES* vm19:m0:11,1405495968930,7148,1174,1307386003
*RES* vm19:m0:12,1405495873710,4271,1121,1307386003
*RES* vm19:m0:13,1405495917031,4354,902,1307386003
*RES* vm19:m0:14,1405495850702,7558,1653,1307386003
*RES* vm19:m0:15,1405495966418,4789,1080,1307386003
*RES* vm19:m0:16,1405495967525,7190,1216,1307386003
*RES* vm19:m0:17,1405495853601,6018,1582,1307386003
*RES* vm19:m0:18,1405495968618,4520,266,1307386003
*RES* vm19:m0:19,1405495837418,5254,1344,1307386003
*RES* vm19:m0:20,1405495913754,3271,1102,1307386003
*RES* vm19:m0:21,1405495924564,3968,882,1307386003
*RES* vm19:m0:22,1405495907650,3772,965,1307386003
*RES* vm19:m0:23,1405495938446,3655,986,1307386003
*RES* vm19:m0:24,1405495870558,6622,1033,1307386003
*RES* vm19:m0:25,1405495919081,3804,982,1307386003
*RES* vm19:m0:26,1405495837138,5322,1430,1307386003
*RES* vm19:m0:27,1405495890974,6331,1090,1307386003
*RES* vm19:m0:28,1405495968961,7482,1092,1307386003
*RES* end node vm19:m0
Node vm19:m0 joined
(vm19:r0:0) Connection finished, received 1307386003 bytes
(vm19:r0) thread 0 joined, 13 connections remaining
(vm19:r0) Starting new connection thread
(vm19:r0) Maximum number of connections reached (5), waiting for a thread to finish
(vm19:r0:0) Connection established
(vm19:r0:0) Connection finished, received 1307386003 bytes
(vm19:r0) thread 0 joined, 12 connections remaining
(vm19:r0) Starting new connection thread
(vm19:r0) Maximum number of connections reached (5), waiting for a thread to finish
(vm19:r0:0) Connection established
(vm19:r0:0) Connection finished, received 1307386003 bytes
(vm19:r0) thread 0 joined, 11 connections remaining
(vm19:r0) Starting new connection thread
(vm19:r0) Maximum number of connections reached (5), waiting for a thread to finish
(vm19:r0:0) Connection established
(vm19:r0:0) Connection finished, received 1307386003 bytes
(vm19:r0) thread 0 joined, 10 connections remaining
(vm19:r0) Starting new connection thread
(vm19:r0) Maximum number of connections reached (5), waiting for a thread to finish
(vm19:r0:0) Connection established
(vm19:r0:0) Connection finished, received 1307386003 bytes
(vm19:r0) thread 0 joined, 9 connections remaining
(vm19:r0) Starting new connection thread
(vm19:r0) Maximum number of connections reached (5), waiting for a thread to finish
(vm19:r0:0) Connection established
(vm19:r0:0) Connection finished, received 1307386003 bytes
(vm19:r0) thread 0 joined, 8 connections remaining
(vm19:r0) Starting new connection thread
(vm19:r0) Maximum number of connections reached (5), waiting for a thread to finish
(vm19:r0:0) Connection established
(vm19:r0:0) Connection finished, received 1307386003 bytes
(vm19:r0) thread 0 joined, 7 connections remaining
(vm19:r0) Starting new connection thread
(vm19:r0) Maximum number of connections reached (5), waiting for a thread to finish
(vm19:r0:0) Connection established
(vm19:r0:0) Connection finished, received 1307386003 bytes
(vm19:r0) thread 0 joined, 6 connections remaining
(vm19:r0) Starting new connection thread
(vm19:r0) Maximum number of connections reached (5), waiting for a thread to finish
(vm19:r0:0) Connection established
(vm19:r0:0) Connection finished, received 1307386003 bytes
(vm19:r0) thread 0 joined, 5 connections remaining
(vm19:r0) Starting new connection thread
(vm19:r0) Maximum number of connections reached (5), waiting for a thread to finish
(vm19:r0:0) Connection established
(vm19:r0:0) Connection finished, received 1307386003 bytes
(vm19:r0) thread 0 joined, 4 connections remaining
(vm19:r0) Maximum number of connections reached (4), waiting for a thread to finish
(vm19:r0) thread 1 joined, 3 connections remaining
(vm19:r0) Maximum number of connections reached (3), waiting for a thread to finish
(vm19:r0) thread 2 joined, 2 connections remaining
(vm19:r0) Maximum number of connections reached (2), waiting for a thread to finish
(vm19:r0) thread 3 joined, 1 connections remaining
(vm19:r0) Maximum number of connections reached (1), waiting for a thread to finish
(vm19:r0) thread 4 joined, 0 connections remaining
(vm19:r0) all done, exiting
*RES* start node vm19:r0
*RES* vm19:r0:0,1405495709318,34673,1224,1307386003
*RES* vm19:r0:0,1405495743997,29235,1104,1307386003
*RES* vm19:r0:0,1405495773238,27839,1129,1307386003
*RES* vm19:r0:0,1405495801082,24856,1092,1307386003
*RES* vm19:r0:0,1405495825942,26668,1283,1307386003
*RES* vm19:r0:0,1405495852622,24955,1373,1307386003
*RES* vm19:r0:0,1405495877582,16777,1223,1307386003
*RES* vm19:r0:0,1405495894370,13863,1238,1307386003
*RES* vm19:r0:0,1405495908238,16074,1239,1307386003
*RES* vm19:r0:0,1405495924318,12171,1149,1307386003
*RES* vm19:r0:0,1405495936496,10378,1201,1307386003
*RES* vm19:r0:0,1405495946886,8763,1227,1307386003
*RES* vm19:r0:0,1405495955656,7173,1181,1307386003
*RES* vm19:r0:0,1405495962834,5772,1005,1307386003
*RES* vm19:r0:0,1405495968618,4526,679,1307386003
*RES* vm19:r0:0,1405495973154,4191,860,1307386003
*RES* vm19:r0:0,1405495977350,2628,987,1307386003
*RES* vm19:r0:0,1405495979982,2140,839,1307386003
*RES* vm19:r0:0,1405495982126,2235,760,1307386003
*RES* vm19:r0:0,1405495984366,2034,798,1307386003
*RES* vm19:r0:0,1405495986406,1740,756,1307386003
*RES* vm19:r0:0,1405495988154,1507,682,1307386003
*RES* vm19:r0:0,1405495989666,1705,738,1307386003
*RES* vm19:r0:0,1405495991378,1560,752,1307386003
*RES* vm19:r0:0,1405495992942,4232,735,1307386003
*RES* vm19:r0:1,1405495709318,37716,1255,1307386003
*RES* vm19:r0:2,1405495709318,35455,1233,1307386003
*RES* vm19:r0:3,1405495709318,27667,1215,1307386003
*RES* vm19:r0:4,1405495709318,36153,1243,1307386003
*RES* end node vm19:r0
Node vm19:r0 joined
Worker terminating correctly
