OSMeF worker starting
Enabling core dumping
Listening for command connection
(vm14:m0) New mapper on port 23330
(vm14:m0) -> reducer data size 2748779069
(vm14:m0) -> reducer data size 2748779069
(vm14:m0) -> reducer data size 2748779069
(vm14:m0) -> reducer data size 2748779069
(vm14:m0) -> reducer data size 2748779069
(vm14:m0) -> reducer data size 2748779069
(vm14:m0) -> reducer data size 2748779069
(vm14:m0) -> reducer data size 2748779069
(vm14:m0) -> reducer data size 2748779069
(vm14:m0) -> reducer data size 2748779069
(vm14:m0) -> reducer data size 2748779069
(vm14:m0) -> reducer data size 2748779069
(vm14:m0) -> reducer data size 2748779069
(vm14:m0) -> reducer data size 2748779069
(vm14:m0) -> reducer data size 2748779069
(vm14:m0) -> reducer data size 2748779069
(vm14:m0) -> reducer data size 2748779069
(vm14:m0) -> reducer data size 2748779069
(vm14:m0) -> reducer data size 2748779069
(vm14:m0) -> reducer data size 2748779069
(vm14:m0) Mapper thread started
(vm14:m0) Allocating data for reducer vm1:r0
(vm14:m0) Allocating data for reducer vm2:r0
(vm14:m0) Allocating data for reducer vm3:r0
(vm14:m0) Allocating data for reducer vm4:r0
(vm14:m0) Allocating data for reducer vm5:r0
(vm14:m0) Allocating data for reducer vm6:r0
(vm14:m0) Allocating data for reducer vm7:r0
(vm14:m0) Allocating data for reducer vm8:r0
(vm14:m0) Allocating data for reducer vm9:r0
(vm14:m0) Allocating data for reducer vm10:r0
(vm14:m0) Allocating data for reducer vm11:r0
(vm14:m0) Allocating data for reducer vm12:r0
(vm14:m0) Allocating data for reducer vm13:r0
(vm14:m0) Allocating data for reducer vm14:r0
(vm14:m0) Allocating data for reducer vm15:r0
(vm14:m0) Allocating data for reducer vm16:r0
(vm14:m0) Allocating data for reducer vm17:r0
(vm14:m0) Allocating data for reducer vm18:r0
(vm14:m0) Allocating data for reducer vm19:r0
(vm14:m0) Allocating data for reducer vm20:r0
(vm14:m0) Binding to port 23330
(vm14:r0) New reducer
(vm14:r0) Reducer thread started
(vm14:r0) waiting for START message
(vm14:r0) got START message
(vm14:r0) Starting new connection thread
(vm14:r0) Starting new connection thread
(vm14:r0) Starting new connection thread
(vm14:r0) Starting new connection thread
(vm14:r0) Starting new connection thread
(vm14:r0) Maximum number of connections reached (5), waiting for a thread to finish
(vm14:r0:4) Connection established
(vm14:r0:3) Connection established
(vm14:r0:2) Connection established
(vm14:r0:0) Connection established
(vm14:r0:1) Connection established
(vm14:r0:4) Connection finished, received 2748779070 bytes
(vm14:r0:3) Connection finished, received 2748779070 bytes
(vm14:r0:1) Connection finished, received 2748779070 bytes
(vm14:r0:0) Connection finished, received 2748779070 bytes
(vm14:r0) thread 0 joined, 19 connections remaining
(vm14:r0) Starting new connection thread
(vm14:r0) Maximum number of connections reached (5), waiting for a thread to finish
(vm14:r0:0) Connection established
(vm14:r0:2) Connection finished, received 2748779070 bytes
(vm14:r0:0) Connection finished, received 2748779070 bytes
(vm14:r0) thread 0 joined, 18 connections remaining
(vm14:r0) Starting new connection thread
(vm14:r0) Maximum number of connections reached (5), waiting for a thread to finish
(vm14:r0:0) Connection established
(vm14:m0) Got connection from reducer vm1:r0
(vm14:m0:0) thread started, have to send 2748779069 bytes
(vm14:m0) Got connection from reducer vm13:r0
(vm14:m0:12) thread started, have to send 2748779069 bytes
(vm14:r0:0) Connection finished, received 2748779070 bytes
(vm14:r0) thread 0 joined, 17 connections remaining
(vm14:r0) Starting new connection thread
(vm14:r0) Maximum number of connections reached (5), waiting for a thread to finish
(vm14:r0:0) Connection established
(vm14:m0:0) all data sent, thread exiting
(vm14:m0) Got connection from reducer vm20:r0
(vm14:m0:19) thread started, have to send 2748779069 bytes
(vm14:m0:12) all data sent, thread exiting
(vm14:m0:19) all data sent, thread exiting
(vm14:m0) Got connection from reducer vm6:r0
(vm14:m0:5) thread started, have to send 2748779069 bytes
(vm14:m0:5) all data sent, thread exiting
(vm14:m0) Got connection from reducer vm11:r0
(vm14:m0:10) thread started, have to send 2748779069 bytes
(vm14:r0:0) Connection finished, received 2748779070 bytes
(vm14:r0) thread 0 joined, 16 connections remaining
(vm14:r0) Starting new connection thread
(vm14:r0) Maximum number of connections reached (5), waiting for a thread to finish
(vm14:r0:0) Connection established
(vm14:m0:10) all data sent, thread exiting
(vm14:r0:0) Connection finished, received 2748779070 bytes
(vm14:r0) thread 0 joined, 15 connections remaining
(vm14:r0) Starting new connection thread
(vm14:r0) Maximum number of connections reached (5), waiting for a thread to finish
(vm14:r0:0) Connection established
(vm14:m0) Got connection from reducer vm15:r0
(vm14:m0:14) thread started, have to send 2748779069 bytes
(vm14:m0:14) all data sent, thread exiting
(vm14:r0:0) Connection finished, received 2748779070 bytes
(vm14:r0) thread 0 joined, 14 connections remaining
(vm14:r0) Starting new connection thread
(vm14:r0) Maximum number of connections reached (5), waiting for a thread to finish
(vm14:r0:0) Connection established
(vm14:m0) Got connection from reducer vm7:r0
(vm14:m0:6) thread started, have to send 2748779069 bytes
(vm14:m0) Got connection from reducer vm9:r0
(vm14:m0:8) thread started, have to send 2748779069 bytes
(vm14:m0) Got connection from reducer vm8:r0
(vm14:m0:7) thread started, have to send 2748779069 bytes
(vm14:r0:0) Connection finished, received 2748779070 bytes
(vm14:r0) thread 0 joined, 13 connections remaining
(vm14:r0) Starting new connection thread
(vm14:r0) Maximum number of connections reached (5), waiting for a thread to finish
(vm14:r0:0) Connection established
(vm14:m0:6) all data sent, thread exiting
(vm14:m0:8) all data sent, thread exiting
(vm14:m0) Got connection from reducer vm17:r0
(vm14:m0:16) thread started, have to send 2748779069 bytes
(vm14:r0:0) Connection finished, received 2748779070 bytes
(vm14:r0) thread 0 joined, 12 connections remaining
(vm14:r0) Starting new connection thread
(vm14:r0) Maximum number of connections reached (5), waiting for a thread to finish
(vm14:r0:0) Connection established
(vm14:m0:7) all data sent, thread exiting
(vm14:m0:16) all data sent, thread exiting
(vm14:r0:0) Connection finished, received 2748779070 bytes
(vm14:r0) thread 0 joined, 11 connections remaining
(vm14:r0) Starting new connection thread
(vm14:r0) Maximum number of connections reached (5), waiting for a thread to finish
(vm14:r0:0) Connection established
(vm14:m0) Got connection from reducer vm14:r0
(vm14:m0:13) thread started, have to send 2748779069 bytes
(vm14:m0:13) all data sent, thread exiting
(vm14:r0:0) Connection finished, received 2748779070 bytes
(vm14:r0) thread 0 joined, 10 connections remaining
(vm14:r0) Starting new connection thread
(vm14:r0) Maximum number of connections reached (5), waiting for a thread to finish
(vm14:r0:0) Connection established
(vm14:m0) Got connection from reducer vm10:r0
(vm14:m0:9) thread started, have to send 2748779069 bytes
(vm14:r0:0) Connection finished, received 2748779070 bytes
(vm14:r0) thread 0 joined, 9 connections remaining
(vm14:r0) Starting new connection thread
(vm14:r0) Maximum number of connections reached (5), waiting for a thread to finish
(vm14:r0:0) Connection established
(vm14:m0:9) all data sent, thread exiting
(vm14:r0:0) Connection finished, received 2748779070 bytes
(vm14:r0) thread 0 joined, 8 connections remaining
(vm14:r0) Starting new connection thread
(vm14:r0) Maximum number of connections reached (5), waiting for a thread to finish
(vm14:r0:0) Connection established
(vm14:r0:0) Connection finished, received 2748779070 bytes
(vm14:r0) thread 0 joined, 7 connections remaining
(vm14:r0) Starting new connection thread
(vm14:r0) Maximum number of connections reached (5), waiting for a thread to finish
(vm14:r0:0) Connection established
(vm14:m0) Got connection from reducer vm16:r0
(vm14:m0:15) thread started, have to send 2748779069 bytes
(vm14:m0:15) all data sent, thread exiting
(vm14:m0) Got connection from reducer vm12:r0
(vm14:m0:11) thread started, have to send 2748779069 bytes
(vm14:m0) Got connection from reducer vm19:r0
(vm14:m0:18) thread started, have to send 2748779069 bytes
(vm14:r0:0) Connection finished, received 2748779070 bytes
(vm14:r0) thread 0 joined, 6 connections remaining
(vm14:r0) Starting new connection thread
(vm14:r0) Maximum number of connections reached (5), waiting for a thread to finish
(vm14:r0:0) Connection established
(vm14:m0:11) all data sent, thread exiting
(vm14:m0) Got connection from reducer vm18:r0
(vm14:m0:17) thread started, have to send 2748779069 bytes
(vm14:m0) Got connection from reducer vm5:r0
(vm14:m0:4) thread started, have to send 2748779069 bytes
(vm14:m0) Got connection from reducer vm4:r0
(vm14:m0:3) thread started, have to send 2748779069 bytes
(vm14:m0) Got connection from reducer vm3:r0
(vm14:m0:2) thread started, have to send 2748779069 bytes
(vm14:m0) Got connection from reducer vm2:r0
(vm14:m0) Waiting for a thread to finish
(vm14:m0) thread 0 joined, 19 connections remaining
(vm14:m0) Waiting for a thread to finish
(vm14:m0:1) thread started, have to send 2748779069 bytes
(vm14:m0:18) all data sent, thread exiting
(vm14:r0:0) Connection finished, received 2748779070 bytes
(vm14:r0) thread 0 joined, 5 connections remaining
(vm14:r0) Starting new connection thread
(vm14:r0) Maximum number of connections reached (5), waiting for a thread to finish
(vm14:r0:0) Connection established
(vm14:m0:17) all data sent, thread exiting
(vm14:r0:0) Connection finished, received 2748779070 bytes
(vm14:r0) thread 0 joined, 4 connections remaining
(vm14:r0) Maximum number of connections reached (4), waiting for a thread to finish
(vm14:r0) thread 1 joined, 3 connections remaining
(vm14:r0) Maximum number of connections reached (3), waiting for a thread to finish
(vm14:r0) thread 2 joined, 2 connections remaining
(vm14:r0) Maximum number of connections reached (2), waiting for a thread to finish
(vm14:r0) thread 3 joined, 1 connections remaining
(vm14:r0) Maximum number of connections reached (1), waiting for a thread to finish
(vm14:r0) thread 4 joined, 0 connections remaining
(vm14:r0) all done, exiting
(vm14:m0:4) all data sent, thread exiting
(vm14:m0:2) all data sent, thread exiting
(vm14:m0:1) all data sent, thread exiting
(vm14:m0) thread 1 joined, 18 connections remaining
(vm14:m0) Waiting for a thread to finish
(vm14:m0) thread 2 joined, 17 connections remaining
(vm14:m0) Waiting for a thread to finish
(vm14:m0:3) all data sent, thread exiting
(vm14:m0) thread 3 joined, 16 connections remaining
(vm14:m0) Waiting for a thread to finish
(vm14:m0) thread 4 joined, 15 connections remaining
(vm14:m0) Waiting for a thread to finish
(vm14:m0) thread 5 joined, 14 connections remaining
(vm14:m0) Waiting for a thread to finish
(vm14:m0) thread 6 joined, 13 connections remaining
(vm14:m0) Waiting for a thread to finish
(vm14:m0) thread 7 joined, 12 connections remaining
(vm14:m0) Waiting for a thread to finish
(vm14:m0) thread 8 joined, 11 connections remaining
(vm14:m0) Waiting for a thread to finish
(vm14:m0) thread 9 joined, 10 connections remaining
(vm14:m0) Waiting for a thread to finish
(vm14:m0) thread 10 joined, 9 connections remaining
(vm14:m0) Waiting for a thread to finish
(vm14:m0) thread 11 joined, 8 connections remaining
(vm14:m0) Waiting for a thread to finish
(vm14:m0) thread 12 joined, 7 connections remaining
(vm14:m0) Waiting for a thread to finish
(vm14:m0) thread 13 joined, 6 connections remaining
(vm14:m0) Waiting for a thread to finish
(vm14:m0) thread 14 joined, 5 connections remaining
(vm14:m0) Waiting for a thread to finish
(vm14:m0) thread 15 joined, 4 connections remaining
(vm14:m0) Waiting for a thread to finish
(vm14:m0) thread 16 joined, 3 connections remaining
(vm14:m0) Waiting for a thread to finish
(vm14:m0) thread 17 joined, 2 connections remaining
(vm14:m0) Waiting for a thread to finish
(vm14:m0) thread 18 joined, 1 connections remaining
(vm14:m0) Waiting for a thread to finish
(vm14:m0) thread 19 joined, 0 connections remaining
(vm14:m0) all done, exiting
*RES* start node vm14:m0
*RES* vm14:m0:0,1403765153265,6165,1849,2748779070
*RES* vm14:m0:1,1403765300356,16151,2064,2748779070
*RES* vm14:m0:2,1403765300138,16293,2069,2748779070
*RES* vm14:m0:3,1403765300062,16458,2115,2748779070
*RES* vm14:m0:4,1403765299749,16360,2071,2748779070
*RES* vm14:m0:5,1403765183561,5209,2163,2748779070
*RES* vm14:m0:6,1403765240040,9212,2681,2748779070
*RES* vm14:m0:7,1403765247237,9561,2343,2748779070
*RES* vm14:m0:8,1403765244229,9003,2274,2748779070
*RES* vm14:m0:9,1403765267151,6978,2403,2748779070
*RES* vm14:m0:10,1403765191036,5382,2045,2748779070
*RES* vm14:m0:11,1403765290988,7000,2148,2748779070
*RES* vm14:m0:12,1403765153534,6426,1794,2748779070
*RES* vm14:m0:13,1403765262425,2807,417,2748779070
*RES* vm14:m0:14,1403765223440,5646,2569,2748779070
*RES* vm14:m0:15,1403765285053,5797,2191,2748779070
*RES* vm14:m0:16,1403765253518,8329,2496,2748779070
*RES* vm14:m0:17,1403765299231,15680,2032,2748779070
*RES* vm14:m0:18,1403765291748,11127,1989,2748779070
*RES* vm14:m0:19,1403765159807,5037,1932,2748779070
*RES* end node vm14:m0
Node vm14:m0 joined
*RES* start node vm14:r0
*RES* vm14:r0:0,1403765034864,51065,2444,2748779070
*RES* vm14:r0:0,1403765085933,36310,1996,2748779070
*RES* vm14:r0:0,1403765122249,33107,2160,2748779070
*RES* vm14:r0:0,1403765155377,37040,2351,2748779070
*RES* vm14:r0:0,1403765192427,21100,2231,2748779070
*RES* vm14:r0:0,1403765213533,25444,2177,2748779070
*RES* vm14:r0:0,1403765238981,9424,2243,2748779070
*RES* vm14:r0:0,1403765248417,7722,1888,2748779070
*RES* vm14:r0:0,1403765256161,6256,2103,2748779070
*RES* vm14:r0:0,1403765262421,2814,1189,2748779070
*RES* vm14:r0:0,1403765265241,5207,1905,2748779070
*RES* vm14:r0:0,1403765270465,5828,1916,2748779070
*RES* vm14:r0:0,1403765276297,6897,2069,2748779070
*RES* vm14:r0:0,1403765283199,8849,1923,2748779070
*RES* vm14:r0:0,1403765292053,11876,1825,2748779070
*RES* vm14:r0:0,1403765303937,12083,1529,2748779070
*RES* vm14:r0:1,1403765034864,44407,2374,2748779070
*RES* vm14:r0:2,1403765034864,53073,2423,2748779070
*RES* vm14:r0:3,1403765034864,44335,2407,2748779070
*RES* vm14:r0:4,1403765034863,42793,2412,2748779070
*RES* end node vm14:r0
Node vm14:r0 joined
Worker terminating correctly
