OSMeF worker starting
Enabling core dumping
Listening for command connection
(vm29:m0) New mapper on port 23330
(vm29:m0) -> reducer data size 11173171
(vm29:m0) -> reducer data size 11173171
(vm29:m0) -> reducer data size 11173171
(vm29:m0) -> reducer data size 11173171
(vm29:m0) -> reducer data size 11173171
(vm29:m0) -> reducer data size 11173171
(vm29:m0) -> reducer data size 11173171
(vm29:m0) -> reducer data size 11173171
(vm29:m0) -> reducer data size 11173171
(vm29:m0) -> reducer data size 11173171
(vm29:m0) -> reducer data size 11173171
(vm29:m0) -> reducer data size 11173171
(vm29:m0) -> reducer data size 11173171
(vm29:m0) -> reducer data size 11173171
(vm29:m0) -> reducer data size 11173171
(vm29:m0) -> reducer data size 11173171
(vm29:m0) -> reducer data size 11173171
(vm29:m0) -> reducer data size 11173171
(vm29:m0) -> reducer data size 11173171
(vm29:m0) -> reducer data size 11173171
(vm29:m0) -> reducer data size 11173171
(vm29:m0) -> reducer data size 11173171
(vm29:m0) -> reducer data size 11173171
(vm29:m0) -> reducer data size 11173171
(vm29:m0) -> reducer data size 11173171
(vm29:m0) -> reducer data size 11173171
(vm29:m0) -> reducer data size 11173171
(vm29:m0) -> reducer data size 11173171
(vm29:m0) -> reducer data size 11173171
(vm29:m0) -> reducer data size 11173171
(vm29:m0) -> reducer data size 11173171
(vm29:m0) Mapper thread started
(vm29:m0) Allocating data for reducer vm1:r0
(vm29:m0) Allocating data for reducer vm2:r0
(vm29:m0) Allocating data for reducer vm3:r0
(vm29:m0) Allocating data for reducer vm4:r0
(vm29:m0) Allocating data for reducer vm5:r0
(vm29:m0) Allocating data for reducer vm6:r0
(vm29:m0) Allocating data for reducer vm7:r0
(vm29:m0) Allocating data for reducer vm8:r0
(vm29:m0) Allocating data for reducer vm9:r0
(vm29:m0) Allocating data for reducer vm10:r0
(vm29:m0) Allocating data for reducer vm11:r0
(vm29:m0) Allocating data for reducer vm12:r0
(vm29:m0) Allocating data for reducer vm13:r0
(vm29:m0) Allocating data for reducer vm14:r0
(vm29:m0) Allocating data for reducer vm15:r0
(vm29:m0) Allocating data for reducer vm16:r0
(vm29:m0) Allocating data for reducer vm17:r0
(vm29:m0) Allocating data for reducer vm18:r0
(vm29:m0) Allocating data for reducer vm19:r0
(vm29:m0) Allocating data for reducer vm20:r0
(vm29:m0) Allocating data for reducer vm21:r0
(vm29:m0) Allocating data for reducer vm22:r0
(vm29:m0) Allocating data for reducer vm23:r0
(vm29:m0) Allocating data for reducer vm24:r0
(vm29:m0) Allocating data for reducer vm25:r0
(vm29:m0) Allocating data for reducer vm26:r0
(vm29:m0) Allocating data for reducer vm27:r0
(vm29:m0) Allocating data for reducer vm28:r0
(vm29:m0) Allocating data for reducer vm29:r0
(vm29:m0) Allocating data for reducer vm30:r0
(vm29:m0) Allocating data for reducer vm31:r0
(vm29:m0) Binding to port 23330
(vm29:r0) New reducer
(vm29:r0) Reducer thread started
(vm29:r0) waiting for START message
(vm29:r0) got START message
(vm29:r0) Starting new connection thread
(vm29:r0) Starting new connection thread
(vm29:r0) Starting new connection thread
(vm29:r0) Starting new connection thread
(vm29:r0) Starting new connection thread
(vm29:r0) Maximum number of connections reached (5), waiting for a thread to finish
(vm29:r0:2) Connection established
(vm29:r0:1) Connection established
(vm29:r0:4) Connection established
(vm29:r0:3) Connection established
(vm29:r0:0) Connection established
(vm29:r0:2) Connection finished, received 11173172 bytes
(vm29:r0:1) Connection finished, received 11173172 bytes
(vm29:r0:0) Connection finished, received 11173172 bytes
(vm29:r0) thread 0 joined, 30 connections remaining
(vm29:r0) Starting new connection thread
(vm29:r0) Maximum number of connections reached (5), waiting for a thread to finish
(vm29:r0:3) Connection finished, received 11173172 bytes
(vm29:r0:0) Connection established
(vm29:r0:4) Connection finished, received 11173172 bytes
(vm29:r0:0) Connection finished, received 11173172 bytes
(vm29:r0) thread 0 joined, 29 connections remaining
(vm29:r0) Starting new connection thread
(vm29:r0) Maximum number of connections reached (5), waiting for a thread to finish
(vm29:r0:0) Connection established
(vm29:r0:0) Connection finished, received 11173172 bytes
(vm29:r0) thread 0 joined, 28 connections remaining
(vm29:r0) Starting new connection thread
(vm29:r0) Maximum number of connections reached (5), waiting for a thread to finish
(vm29:r0:0) Connection established
(vm29:r0:0) Connection finished, received 11173172 bytes
(vm29:r0) thread 0 joined, 27 connections remaining
(vm29:r0) Starting new connection thread
(vm29:r0) Maximum number of connections reached (5), waiting for a thread to finish
(vm29:r0:0) Connection established
(vm29:r0:0) Connection finished, received 11173172 bytes
(vm29:r0) thread 0 joined, 26 connections remaining
(vm29:r0) Starting new connection thread
(vm29:r0) Maximum number of connections reached (5), waiting for a thread to finish
(vm29:r0:0) Connection established
(vm29:m0) Got connection from reducer vm1:r0
(vm29:m0:0) thread started, have to send 11173171 bytes
(vm29:m0:0) all data sent, thread exiting
(vm29:m0) Got connection from reducer vm22:r0
(vm29:m0:21) thread started, have to send 11173171 bytes
(vm29:m0) Got connection from reducer vm6:r0
(vm29:m0:5) thread started, have to send 11173171 bytes
(vm29:r0:0) Connection finished, received 11173172 bytes
(vm29:r0) thread 0 joined, 25 connections remaining
(vm29:r0) Starting new connection thread
(vm29:r0) Maximum number of connections reached (5), waiting for a thread to finish
(vm29:r0:0) Connection established
(vm29:m0:21) all data sent, thread exiting
(vm29:m0:5) all data sent, thread exiting
(vm29:m0) Got connection from reducer vm8:r0
(vm29:m0:7) thread started, have to send 11173171 bytes
(vm29:m0) Got connection from reducer vm7:r0
(vm29:m0:6) thread started, have to send 11173171 bytes
(vm29:m0:7) all data sent, thread exiting
(vm29:m0:6) all data sent, thread exiting
(vm29:r0:0) Connection finished, received 11173172 bytes
(vm29:r0) thread 0 joined, 24 connections remaining
(vm29:r0) Starting new connection thread
(vm29:r0) Maximum number of connections reached (5), waiting for a thread to finish
(vm29:r0:0) Connection established
(vm29:r0:0) Connection finished, received 11173172 bytes
(vm29:r0) thread 0 joined, 23 connections remaining
(vm29:r0) Starting new connection thread
(vm29:r0) Maximum number of connections reached (5), waiting for a thread to finish
(vm29:r0:0) Connection established
(vm29:r0:0) Connection finished, received 11173172 bytes
(vm29:r0) thread 0 joined, 22 connections remaining
(vm29:r0) Starting new connection thread
(vm29:r0) Maximum number of connections reached (5), waiting for a thread to finish
(vm29:r0:0) Connection established
(vm29:r0:0) Connection finished, received 11173172 bytes
(vm29:r0) thread 0 joined, 21 connections remaining
(vm29:r0) Starting new connection thread
(vm29:r0) Maximum number of connections reached (5), waiting for a thread to finish
(vm29:r0:0) Connection established
(vm29:m0) Got connection from reducer vm14:r0
(vm29:m0:13) thread started, have to send 11173171 bytes
(vm29:m0:13) all data sent, thread exiting
(vm29:m0) Got connection from reducer vm25:r0
(vm29:m0:24) thread started, have to send 11173171 bytes
(vm29:m0) Got connection from reducer vm10:r0
(vm29:m0:9) thread started, have to send 11173171 bytes
(vm29:m0) Got connection from reducer vm31:r0
(vm29:m0:30) thread started, have to send 11173171 bytes
(vm29:m0:24) all data sent, thread exiting
(vm29:m0:9) all data sent, thread exiting
(vm29:m0:30) all data sent, thread exiting
(vm29:r0:0) Connection finished, received 11173172 bytes
(vm29:r0) thread 0 joined, 20 connections remaining
(vm29:r0) Starting new connection thread
(vm29:r0) Maximum number of connections reached (5), waiting for a thread to finish
(vm29:r0:0) Connection established
(vm29:m0) Got connection from reducer vm11:r0
(vm29:m0:10) thread started, have to send 11173171 bytes
(vm29:m0) Got connection from reducer vm9:r0
(vm29:m0:8) thread started, have to send 11173171 bytes
(vm29:m0:10) all data sent, thread exiting
(vm29:m0:8) all data sent, thread exiting
(vm29:m0) Got connection from reducer vm26:r0
(vm29:m0:25) thread started, have to send 11173171 bytes
(vm29:r0:0) Connection finished, received 11173172 bytes
(vm29:r0) thread 0 joined, 19 connections remaining
(vm29:r0) Starting new connection thread
(vm29:r0) Maximum number of connections reached (5), waiting for a thread to finish
(vm29:m0) Got connection from reducer vm30:r0
(vm29:m0:29) thread started, have to send 11173171 bytes
(vm29:r0:0) Connection established
(vm29:m0:25) all data sent, thread exiting
(vm29:m0:29) all data sent, thread exiting
(vm29:r0:0) Connection finished, received 11173172 bytes
(vm29:r0) thread 0 joined, 18 connections remaining
(vm29:r0) Starting new connection thread
(vm29:r0) Maximum number of connections reached (5), waiting for a thread to finish
(vm29:r0:0) Connection established
(vm29:m0) Got connection from reducer vm23:r0
(vm29:m0) Got connection from reducer vm28:r0
(vm29:m0:22) thread started, have to send 11173171 bytes
(vm29:m0:27) thread started, have to send 11173171 bytes
(vm29:m0:22) all data sent, thread exiting
(vm29:m0) Got connection from reducer vm4:r0
(vm29:m0:27) all data sent, thread exiting
(vm29:m0:3) thread started, have to send 11173171 bytes
(vm29:m0) Got connection from reducer vm19:r0
(vm29:m0:18) thread started, have to send 11173171 bytes
(vm29:m0:3) all data sent, thread exiting
(vm29:r0:0) Connection finished, received 11173172 bytes
(vm29:r0) thread 0 joined, 17 connections remaining
(vm29:r0) Starting new connection thread
(vm29:r0) Maximum number of connections reached (5), waiting for a thread to finish
(vm29:r0:0) Connection established
(vm29:m0) Got connection from reducer vm17:r0
(vm29:m0:16) thread started, have to send 11173171 bytes
(vm29:m0:16) all data sent, thread exiting
(vm29:m0) Got connection from reducer vm24:r0
(vm29:m0:23) thread started, have to send 11173171 bytes
(vm29:m0:18) all data sent, thread exiting
(vm29:r0:0) Connection finished, received 11173172 bytes
(vm29:r0) thread 0 joined, 16 connections remaining
(vm29:r0) Starting new connection thread
(vm29:r0) Maximum number of connections reached (5), waiting for a thread to finish
(vm29:r0:0) Connection established
(vm29:m0:23) all data sent, thread exiting
(vm29:r0:0) Connection finished, received 11173172 bytes
(vm29:r0) thread 0 joined, 15 connections remaining
(vm29:r0) Starting new connection thread
(vm29:r0) Maximum number of connections reached (5), waiting for a thread to finish
(vm29:r0:0) Connection established
(vm29:m0) Got connection from reducer vm12:r0
(vm29:m0:11) thread started, have to send 11173171 bytes
(vm29:r0:0) Connection finished, received 11173172 bytes
(vm29:r0) thread 0 joined, 14 connections remaining
(vm29:r0) Starting new connection thread
(vm29:r0) Maximum number of connections reached (5), waiting for a thread to finish
(vm29:m0:11) all data sent, thread exiting
(vm29:r0:0) Connection established
(vm29:r0:0) Connection finished, received 11173172 bytes
(vm29:r0) thread 0 joined, 13 connections remaining
(vm29:r0) Starting new connection thread
(vm29:r0) Maximum number of connections reached (5), waiting for a thread to finish
(vm29:r0:0) Connection established
(vm29:m0) Got connection from reducer vm13:r0
(vm29:m0:12) thread started, have to send 11173171 bytes
(vm29:m0) Got connection from reducer vm15:r0
(vm29:r0:0) Connection finished, received 11173172 bytes
(vm29:m0:14) thread started, have to send 11173171 bytes
(vm29:r0) thread 0 joined, 12 connections remaining
(vm29:r0) Starting new connection thread
(vm29:r0) Maximum number of connections reached (5), waiting for a thread to finish
(vm29:r0:0) Connection established
(vm29:m0:12) all data sent, thread exiting
(vm29:m0:14) all data sent, thread exiting
(vm29:r0:0) Connection finished, received 11173172 bytes
(vm29:r0) thread 0 joined, 11 connections remaining
(vm29:r0) Starting new connection thread
(vm29:r0) Maximum number of connections reached (5), waiting for a thread to finish
(vm29:r0:0) Connection established
(vm29:m0) Got connection from reducer vm2:r0
(vm29:m0:1) thread started, have to send 11173171 bytes
(vm29:r0:0) Connection finished, received 11173172 bytes
(vm29:r0) thread 0 joined, 10 connections remaining
(vm29:r0) Starting new connection thread
(vm29:r0) Maximum number of connections reached (5), waiting for a thread to finish
(vm29:r0:0) Connection established
(vm29:m0) Got connection from reducer vm18:r0
(vm29:m0:17) thread started, have to send 11173171 bytes
(vm29:m0:1) all data sent, thread exiting
(vm29:m0:17) all data sent, thread exiting
(vm29:r0:0) Connection finished, received 11173172 bytes
(vm29:r0) thread 0 joined, 9 connections remaining
(vm29:r0) Starting new connection thread
(vm29:r0) Maximum number of connections reached (5), waiting for a thread to finish
(vm29:r0:0) Connection established
(vm29:m0) Got connection from reducer vm16:r0
(vm29:m0:15) thread started, have to send 11173171 bytes
(vm29:m0) Got connection from reducer vm5:r0
(vm29:m0) Got connection from reducer vm3:r0
(vm29:m0) Got connection from reducer vm20:r0
(vm29:m0:19) thread started, have to send 11173171 bytes
(vm29:m0:2) thread started, have to send 11173171 bytes
(vm29:m0:4) thread started, have to send 11173171 bytes
(vm29:m0) Got connection from reducer vm21:r0
(vm29:r0:0) Connection finished, received 11173172 bytes
(vm29:m0:20) thread started, have to send 11173171 bytes
(vm29:m0:15) all data sent, thread exiting
(vm29:r0) thread 0 joined, 8 connections remaining
(vm29:r0) Starting new connection thread
(vm29:r0) Maximum number of connections reached (5), waiting for a thread to finish
(vm29:r0:0) Connection established
(vm29:m0:19) all data sent, thread exiting
(vm29:m0) Got connection from reducer vm27:r0
(vm29:m0:26) thread started, have to send 11173171 bytes
(vm29:m0:4) all data sent, thread exiting
(vm29:m0:2) all data sent, thread exiting
(vm29:m0:20) all data sent, thread exiting
(vm29:r0:0) Connection finished, received 11173172 bytes
(vm29:r0) thread 0 joined, 7 connections remaining
(vm29:r0) Starting new connection thread
(vm29:r0) Maximum number of connections reached (5), waiting for a thread to finish
(vm29:r0:0) Connection established
(vm29:m0) Got connection from reducer vm29:r0
(vm29:m0) Waiting for a thread to finish
(vm29:m0) thread 0 joined, 30 connections remaining
(vm29:m0) Waiting for a thread to finish
(vm29:m0) thread 1 joined, 29 connections remaining
(vm29:m0) Waiting for a thread to finish
(vm29:m0) thread 2 joined, 28 connections remaining
(vm29:m0) Waiting for a thread to finish
(vm29:m0) thread 3 joined, 27 connections remaining
(vm29:m0) Waiting for a thread to finish
(vm29:m0) thread 4 joined, 26 connections remaining
(vm29:m0) Waiting for a thread to finish
(vm29:m0) thread 5 joined, 25 connections remaining
(vm29:m0) Waiting for a thread to finish
(vm29:m0) thread 6 joined, 24 connections remaining
(vm29:m0) Waiting for a thread to finish
(vm29:m0) thread 7 joined, 23 connections remaining
(vm29:m0) Waiting for a thread to finish
(vm29:m0) thread 8 joined, 22 connections remaining
(vm29:m0) Waiting for a thread to finish
(vm29:m0) thread 9 joined, 21 connections remaining
(vm29:m0) Waiting for a thread to finish
(vm29:m0) thread 10 joined, 20 connections remaining
(vm29:m0) Waiting for a thread to finish
(vm29:m0) thread 11 joined, 19 connections remaining
(vm29:m0) Waiting for a thread to finish
(vm29:m0) thread 12 joined, 18 connections remaining
(vm29:m0) Waiting for a thread to finish
(vm29:m0) thread 13 joined, 17 connections remaining
(vm29:m0) Waiting for a thread to finish
(vm29:m0) thread 14 joined, 16 connections remaining
(vm29:m0) Waiting for a thread to finish
(vm29:m0) thread 15 joined, 15 connections remaining
(vm29:m0) Waiting for a thread to finish
(vm29:m0) thread 16 joined, 14 connections remaining
(vm29:m0) Waiting for a thread to finish
(vm29:m0) thread 17 joined, 13 connections remaining
(vm29:m0) Waiting for a thread to finish
(vm29:m0) thread 18 joined, 12 connections remaining
(vm29:m0) Waiting for a thread to finish
(vm29:m0) thread 19 joined, 11 connections remaining
(vm29:m0) Waiting for a thread to finish
(vm29:m0) thread 20 joined, 10 connections remaining
(vm29:m0) Waiting for a thread to finish
(vm29:m0) thread 21 joined, 9 connections remaining
(vm29:m0) Waiting for a thread to finish
(vm29:m0) thread 22 joined, 8 connections remaining
(vm29:m0) Waiting for a thread to finish
(vm29:m0) thread 23 joined, 7 connections remaining
(vm29:m0) Waiting for a thread to finish
(vm29:m0) thread 24 joined, 6 connections remaining
(vm29:m0) Waiting for a thread to finish
(vm29:m0) thread 25 joined, 5 connections remaining
(vm29:m0) Waiting for a thread to finish
(vm29:m0:26) all data sent, thread exiting
(vm29:m0) thread 26 joined, 4 connections remaining
(vm29:m0) Waiting for a thread to finish
(vm29:m0) thread 27 joined, 3 connections remaining
(vm29:m0) Waiting for a thread to finish
(vm29:m0:28) thread started, have to send 11173171 bytes
(vm29:r0:0) Connection finished, received 11173172 bytes
(vm29:m0:28) all data sent, thread exiting
(vm29:m0) thread 28 joined, 2 connections remaining
(vm29:m0) Waiting for a thread to finish
(vm29:m0) thread 29 joined, 1 connections remaining
(vm29:m0) Waiting for a thread to finish
(vm29:m0) thread 30 joined, 0 connections remaining
(vm29:m0) all done, exiting
*RES* start node vm29:m0
*RES* vm29:m0:0,1405949902106,48,18,11173172
*RES* vm29:m0:1,1405949904481,26,7,11173172
*RES* vm29:m0:2,1405949904578,65,11,11173172
*RES* vm29:m0:3,1405949903936,34,8,11173172
*RES* vm29:m0:4,1405949904579,64,10,11173172
*RES* vm29:m0:5,1405949902355,78,24,11173172
*RES* vm29:m0:6,1405949902660,68,23,11173172
*RES* vm29:m0:7,1405949902617,78,18,11173172
*RES* vm29:m0:8,1405949903597,33,8,11173172
*RES* vm29:m0:9,1405949903441,50,9,11173172
*RES* vm29:m0:10,1405949903576,30,7,11173172
*RES* vm29:m0:11,1405949904204,32,10,11173172
*RES* vm29:m0:12,1405949904371,39,12,11173172
*RES* vm29:m0:13,1405949903344,38,13,11173172
*RES* vm29:m0:14,1405949904371,44,13,11173172
*RES* vm29:m0:15,1405949904556,42,10,11173172
*RES* vm29:m0:16,1405949904015,30,9,11173172
*RES* vm29:m0:17,1405949904503,28,9,11173172
*RES* vm29:m0:18,1405949903948,121,8,11173172
*RES* vm29:m0:19,1405949904577,57,9,11173172
*RES* vm29:m0:20,1405949904598,48,9,11173172
*RES* vm29:m0:21,1405949902348,76,20,11173172
*RES* vm29:m0:22,1405949903872,30,8,11173172
*RES* vm29:m0:23,1405949904065,31,8,11173172
*RES* vm29:m0:24,1405949903411,68,10,11173172
*RES* vm29:m0:25,1405949903666,28,9,11173172
*RES* vm29:m0:26,1405949904642,31,6,11173172
*RES* vm29:m0:27,1405949903872,60,8,11173172
*RES* vm29:m0:28,1405949904680,12,2,11173172
*RES* vm29:m0:29,1405949903690,42,8,11173172
*RES* vm29:m0:30,1405949903459,52,8,11173172
*RES* end node vm29:m0
Node vm29:m0 joined
(vm29:r0) thread 0 joined, 6 connections remaining
(vm29:r0) Starting new connection thread
(vm29:r0) Maximum number of connections reached (5), waiting for a thread to finish
(vm29:r0:0) Connection established
(vm29:r0:0) Connection finished, received 11173172 bytes
(vm29:r0) thread 0 joined, 5 connections remaining
(vm29:r0) Starting new connection thread
(vm29:r0) Maximum number of connections reached (5), waiting for a thread to finish
(vm29:r0:0) Connection established
(vm29:r0:0) Connection finished, received 11173172 bytes
(vm29:r0) thread 0 joined, 4 connections remaining
(vm29:r0) Maximum number of connections reached (4), waiting for a thread to finish
(vm29:r0) thread 1 joined, 3 connections remaining
(vm29:r0) Maximum number of connections reached (3), waiting for a thread to finish
(vm29:r0) thread 2 joined, 2 connections remaining
(vm29:r0) Maximum number of connections reached (2), waiting for a thread to finish
(vm29:r0) thread 3 joined, 1 connections remaining
(vm29:r0) Maximum number of connections reached (1), waiting for a thread to finish
(vm29:r0) thread 4 joined, 0 connections remaining
(vm29:r0) all done, exiting
*RES* start node vm29:r0
*RES* vm29:r0:0,1405949899788,464,14,11173172
*RES* vm29:r0:0,1405949900260,432,17,11173172
*RES* vm29:r0:0,1405949900696,448,18,11173172
*RES* vm29:r0:0,1405949901148,391,18,11173172
*RES* vm29:r0:0,1405949901544,520,21,11173172
*RES* vm29:r0:0,1405949902068,337,21,11173172
*RES* vm29:r0:0,1405949902416,316,22,11173172
*RES* vm29:r0:0,1405949902736,170,18,11173172
*RES* vm29:r0:0,1405949902912,174,12,11173172
*RES* vm29:r0:0,1405949903092,227,16,11173172
*RES* vm29:r0:0,1405949903324,226,15,11173172
*RES* vm29:r0:0,1405949903556,127,14,11173172
*RES* vm29:r0:0,1405949903690,163,12,11173172
*RES* vm29:r0:0,1405949903860,112,13,11173172
*RES* vm29:r0:0,1405949903977,102,13,11173172
*RES* vm29:r0:0,1405949904084,73,11,11173172
*RES* vm29:r0:0,1405949904160,73,13,11173172
*RES* vm29:r0:0,1405949904240,54,10,11173172
*RES* vm29:r0:0,1405949904300,70,10,11173172
*RES* vm29:r0:0,1405949904382,52,11,11173172
*RES* vm29:r0:0,1405949904440,53,10,11173172
*RES* vm29:r0:0,1405949904498,37,9,11173172
*RES* vm29:r0:0,1405949904540,55,11,11173172
*RES* vm29:r0:0,1405949904621,41,9,11173172
*RES* vm29:r0:0,1405949904667,25,3,11173172
*RES* vm29:r0:0,1405949904696,34,7,11173172
*RES* vm29:r0:0,1405949904736,26,6,11173172
*RES* vm29:r0:1,1405949899788,423,15,11173172
*RES* vm29:r0:2,1405949899788,413,15,11173172
*RES* vm29:r0:3,1405949899788,466,15,11173172
*RES* vm29:r0:4,1405949899788,478,16,11173172
*RES* end node vm29:r0
Node vm29:r0 joined
Worker terminating correctly
