OSMeF worker starting
Enabling core dumping
Listening for command connection
CONF: mapper on port 23330
CONF: -> will serve 47 reducers
(main) new thread ID: vm45:m0
(vm45:m0) Mapper thread started
(vm45:m0) Binding to port 23330
(vm45:m0) Got START signal
(vm45:m0) new thread ID: vm45:m0:th0
(vm45:m0:th0) waiting for something to do...
CONF: reducer
(main) new thread ID: vm45:r0
(vm45:r0) Reducer thread started
(vm45:r0) waiting for START message
(main) Waiting for thread vm45:m0 to join...
(vm45:r0) got START message
(vm45:r0) new thread ID: th0
(vm45:r0) new thread ID: th1
(vm45:r0) new thread ID: th2
(vm45:r0) new thread ID: th3
(vm45:r0) new thread ID: th4
(vm45:r0:th4:0) Connection established with mapper vm5:m0
(vm45:r0:th1:0) Connection established with mapper vm2:m0
(vm45:r0:th0:0) Connection established with mapper vm1:m0
(vm45:r0:th3:0) Connection established with mapper vm4:m0
(vm45:r0:th2:0) Connection established with mapper vm3:m0
(vm45:r0:th2:0) Connection to vm3:m0 finished, received 1 bytes
(vm45:r0:th2:1) Connection established with mapper vm8:m0
(vm45:r0:th0:0) Connection to vm1:m0 finished, received 1 bytes
(vm45:r0:th0:1) Connection established with mapper vm6:m0
(vm45:r0:th3:0) Connection to vm4:m0 finished, received 1 bytes
(vm45:r0:th3:1) Connection established with mapper vm9:m0
(vm45:r0:th2:1) Connection to vm8:m0 finished, received 4860761 bytes
(vm45:r0:th2:2) Connection established with mapper vm13:m0
(vm45:r0:th0:1) Connection to vm6:m0 finished, received 4860761 bytes
(vm45:r0:th0:2) Connection established with mapper vm11:m0
(vm45:r0:th3:1) Connection to vm9:m0 finished, received 4860761 bytes
(vm45:r0:th3:2) Connection established with mapper vm14:m0
(vm45:r0:th0:2) Connection to vm11:m0 finished, received 9721521 bytes
(vm45:r0:th2:2) Connection to vm13:m0 finished, received 9721521 bytes
(vm45:r0:th0:3) Connection established with mapper vm16:m0
(vm45:r0:th2:3) Connection established with mapper vm18:m0
(vm45:r0:th3:2) Connection to vm14:m0 finished, received 9721521 bytes
(vm45:r0:th3:3) Connection established with mapper vm19:m0
(vm45:r0:th0:3) Connection to vm16:m0 finished, received 14582281 bytes
(vm45:r0:th0:4) Connection established with mapper vm21:m0
(vm45:r0:th2:3) Connection to vm18:m0 finished, received 14582281 bytes
(vm45:r0:th2:4) Connection established with mapper vm23:m0
(vm45:r0:th3:3) Connection to vm19:m0 finished, received 14582281 bytes
(vm45:r0:th1:0) Connection to vm2:m0 finished, received 4860760 bytes
(vm45:r0:th3:4) Connection established with mapper vm24:m0
(vm45:r0:th1:1) Connection established with mapper vm7:m0
(vm45:r0:th1:1) Connection to vm7:m0 finished, received 4860761 bytes
(vm45:r0:th1:2) Connection established with mapper vm12:m0
(vm45:r0:th1:2) Connection to vm12:m0 finished, received 4860762 bytes
(vm45:r0:th4:0) Connection to vm5:m0 finished, received 4860760 bytes
(vm45:r0:th4:1) Connection established with mapper vm10:m0
(vm45:r0:th4:1) Connection to vm10:m0 finished, received 4860761 bytes
(vm45:r0:th4:2) Connection established with mapper vm15:m0
(vm45:r0:th4:2) Connection to vm15:m0 finished, received 4860762 bytes
(vm45:r0:th1:3) Connection established with mapper vm17:m0
(vm45:r0:th4:3) Connection established with mapper vm20:m0
(vm45:r0:th4:3) Connection to vm20:m0 finished, received 4860763 bytes
(vm45:r0:th1:3) Connection to vm17:m0 finished, received 4860763 bytes
(vm45:r0:th1:4) Connection established with mapper vm22:m0
(vm45:r0:th1:4) Connection to vm22:m0 finished, received 4860764 bytes
(vm45:r0:th4:4) Connection established with mapper vm25:m0
(vm45:r0:th1:5) Connection established with mapper vm27:m0
(vm45:r0:th2:4) Connection to vm23:m0 finished, received 19443041 bytes
(vm45:r0:th2:5) Connection established with mapper vm28:m0
(vm45:r0:th0:4) Connection to vm21:m0 finished, received 19443041 bytes
(vm45:r0:th0:5) Connection established with mapper vm26:m0
(vm45:r0:th0:5) Connection to vm26:m0 finished, received 19443042 bytes
(vm45:r0:th0:6) Connection established with mapper vm31:m0
(vm45:r0:th0:6) Connection to vm31:m0 finished, received 24303802 bytes
(vm45:r0:th0:7) Connection established with mapper vm36:m0
(vm45:r0:th1:5) Connection to vm27:m0 finished, received 9721524 bytes
(vm45:r0:th1:6) Connection established with mapper vm32:m0
(vm45:r0:th1:6) Connection to vm32:m0 finished, received 9721525 bytes
(vm45:r0:th1:7) Connection established with mapper vm37:m0
(vm45:r0:th3:4) Connection to vm24:m0 finished, received 19443041 bytes
(vm45:r0:th3:5) Connection established with mapper vm29:m0
(vm45:r0:th3:5) Connection to vm29:m0 finished, received 19443042 bytes
(vm45:r0:th2:5) Connection to vm28:m0 finished, received 24303801 bytes
(vm45:r0:th3:6) Connection established with mapper vm34:m0
(vm45:r0:th2:6) Connection established with mapper vm33:m0
(vm45:r0:th3:6) Connection to vm34:m0 finished, received 19443043 bytes
(vm45:r0:th2:6) Connection to vm33:m0 finished, received 24303802 bytes
(vm45:r0:th3:7) Connection established with mapper vm39:m0
(vm45:r0:th2:7) Connection established with mapper vm38:m0
(vm45:r0:th3:7) Connection to vm39:m0 finished, received 19443044 bytes
(vm45:r0:th3:8) Connection established with mapper vm44:m0
(vm45:r0:th2:7) Connection to vm38:m0 finished, received 24303803 bytes
(vm45:r0:th2:8) Connection established with mapper vm43:m0
(vm45:r0:th2:8) Connection to vm43:m0 finished, received 24303804 bytes
(vm45:r0:th2) Got data from all mappers, this reducer connection has finished.
(vm45:m0) Got connection from reducer vm40:r0
(vm45:m0) new thread ID: vm45:m0:th1
(vm45:m0:th0) connection started, have to send 4860759 bytes to vm40:r0
(vm45:m0:th1) waiting for something to do...
(vm45:r0:th4:4) Connection to vm25:m0 finished, received 9721523 bytes
(vm45:r0:th4:5) Connection established with mapper vm30:m0
(vm45:m0) Got connection from reducer vm41:r0
(vm45:m0) new thread ID: vm45:m0:th2
(vm45:m0:th1) connection started, have to send 4860759 bytes to vm41:r0
(vm45:m0:th2) waiting for something to do...
(vm45:r0:th4:5) Connection to vm30:m0 finished, received 9721524 bytes
(vm45:r0:th4:6) Connection established with mapper vm35:m0
(vm45:r0:th4:6) Connection to vm35:m0 finished, received 9721525 bytes
(vm45:r0:th4:7) Connection established with mapper vm40:m0
(vm45:r0:th4:7) Connection to vm40:m0 finished, received 9721526 bytes
(vm45:r0:th4:8) Connection established with mapper vm45:m0
(vm45:m0) Got connection from reducer vm45:r0
(vm45:m0) new thread ID: vm45:m0:th3
(vm45:m0:th2) connection started, have to send 4860759 bytes to vm45:r0
(vm45:m0:th3) waiting for something to do...
(vm45:r0:th4:8) Connection to vm45:m0 finished, received 14582286 bytes
(vm45:r0:th4) Got data from all mappers, this reducer connection has finished.
(vm45:m0:th2) all data sent, closing connection to vm45:r0
(vm45:m0:th2) waiting for something to do...
(vm45:m0) Got connection from reducer vm42:r0
(vm45:m0:th3) connection started, have to send 4860759 bytes to vm42:r0
(vm45:m0) Got connection from reducer vm28:r0
(vm45:m0:th2) connection started, have to send 4860759 bytes to vm28:r0
(vm45:m0:th2) all data sent, closing connection to vm28:r0
(vm45:m0:th2) waiting for something to do...
(vm45:r0:th0:7) Connection to vm36:m0 finished, received 29164562 bytes
(vm45:m0) Got connection from reducer vm9:r0
(vm45:m0:th2) connection started, have to send 4860759 bytes to vm9:r0
(vm45:m0:th2) all data sent, closing connection to vm9:r0
(vm45:m0:th2) waiting for something to do...
(vm45:r0:th0:8) Connection established with mapper vm41:m0
(vm45:m0) Got connection from reducer vm37:r0
(vm45:m0:th2) connection started, have to send 4860759 bytes to vm37:r0
(vm45:m0:th2) all data sent, closing connection to vm37:r0
(vm45:m0:th2) waiting for something to do...
(vm45:m0) Got connection from reducer vm25:r0
(vm45:m0:th2) connection started, have to send 4860759 bytes to vm25:r0
(vm45:m0:th2) all data sent, closing connection to vm25:r0
(vm45:m0:th2) waiting for something to do...
(vm45:m0) Got connection from reducer vm12:r0
(vm45:m0:th2) connection started, have to send 4860759 bytes to vm12:r0
(vm45:m0:th2) all data sent, closing connection to vm12:r0
(vm45:m0:th2) waiting for something to do...
(vm45:m0) Got connection from reducer vm20:r0
(vm45:m0:th2) connection started, have to send 4860759 bytes to vm20:r0
(vm45:m0:th2) all data sent, closing connection to vm20:r0
(vm45:m0:th2) waiting for something to do...
(vm45:m0) Got connection from reducer vm27:r0
(vm45:m0:th2) connection started, have to send 4860759 bytes to vm27:r0
(vm45:m0:th2) all data sent, closing connection to vm27:r0
(vm45:m0:th2) waiting for something to do...
(vm45:m0) Got connection from reducer vm23:r0
(vm45:m0:th2) connection started, have to send 4860759 bytes to vm23:r0
(vm45:m0:th2) all data sent, closing connection to vm23:r0
(vm45:m0:th2) waiting for something to do...
(vm45:m0) Got connection from reducer vm7:r0
(vm45:m0:th2) connection started, have to send 4860759 bytes to vm7:r0
(vm45:m0:th2) all data sent, closing connection to vm7:r0
(vm45:m0:th2) waiting for something to do...
(vm45:m0) Got connection from reducer vm2:r0
(vm45:m0:th2) connection started, have to send 4860759 bytes to vm2:r0
(vm45:m0:th2) all data sent, closing connection to vm2:r0
(vm45:m0:th2) waiting for something to do...
(vm45:m0) Got connection from reducer vm29:r0
(vm45:m0:th2) connection started, have to send 4860759 bytes to vm29:r0
(vm45:m0:th2) all data sent, closing connection to vm29:r0
(vm45:m0:th2) waiting for something to do...
(vm45:m0) Got connection from reducer vm17:r0
(vm45:m0:th2) connection started, have to send 4860759 bytes to vm17:r0
(vm45:m0:th2) all data sent, closing connection to vm17:r0
(vm45:m0:th2) waiting for something to do...
(vm45:m0) Got connection from reducer vm14:r0
(vm45:m0:th2) connection started, have to send 4860759 bytes to vm14:r0
(vm45:m0:th2) all data sent, closing connection to vm14:r0
(vm45:m0:th2) waiting for something to do...
(vm45:m0) Got connection from reducer vm22:r0
(vm45:m0:th2) connection started, have to send 4860759 bytes to vm22:r0
(vm45:m0:th2) all data sent, closing connection to vm22:r0
(vm45:m0:th2) waiting for something to do...
(vm45:m0) Got connection from reducer vm8:r0
(vm45:m0:th2) connection started, have to send 4860759 bytes to vm8:r0
(vm45:m0:th2) all data sent, closing connection to vm8:r0
(vm45:m0:th2) waiting for something to do...
(vm45:m0) Got connection from reducer vm5:r0
(vm45:m0:th2) connection started, have to send 4860759 bytes to vm5:r0
(vm45:m0:th2) all data sent, closing connection to vm5:r0
(vm45:m0:th2) waiting for something to do...
(vm45:m0) Got connection from reducer vm3:r0
(vm45:m0:th2) connection started, have to send 4860759 bytes to vm3:r0
(vm45:m0:th2) all data sent, closing connection to vm3:r0
(vm45:m0:th2) waiting for something to do...
(vm45:m0:th0) all data sent, closing connection to vm40:r0
(vm45:m0:th0) waiting for something to do...
(vm45:m0) Got connection from reducer vm44:r0
(vm45:m0:th2) connection started, have to send 4860759 bytes to vm44:r0
(vm45:m0:th2) all data sent, closing connection to vm44:r0
(vm45:m0:th2) waiting for something to do...
(vm45:m0) Got connection from reducer vm35:r0
(vm45:m0) Got connection from reducer vm16:r0
(vm45:m0:th2) connection started, have to send 4860759 bytes to vm16:r0
(vm45:m0:th2) all data sent, closing connection to vm16:r0
(vm45:m0:th2) waiting for something to do...
(vm45:m0:th0) connection started, have to send 4860759 bytes to vm35:r0
(vm45:m0:th0) all data sent, closing connection to vm35:r0
(vm45:m0:th0) waiting for something to do...
(vm45:m0) Got connection from reducer vm6:r0
(vm45:m0:th2) connection started, have to send 4860759 bytes to vm6:r0
(vm45:m0:th2) all data sent, closing connection to vm6:r0
(vm45:m0:th2) waiting for something to do...
(vm45:m0) Got connection from reducer vm18:r0
(vm45:m0:th0) connection started, have to send 4860759 bytes to vm18:r0
(vm45:m0:th0) all data sent, closing connection to vm18:r0
(vm45:m0:th0) waiting for something to do...
(vm45:m0) Got connection from reducer vm4:r0
(vm45:m0:th2) connection started, have to send 4860759 bytes to vm4:r0
(vm45:m0:th2) all data sent, closing connection to vm4:r0
(vm45:m0:th2) waiting for something to do...
(vm45:m0) Got connection from reducer vm19:r0
(vm45:m0:th0) connection started, have to send 4860759 bytes to vm19:r0
(vm45:m0:th0) all data sent, closing connection to vm19:r0
(vm45:m0:th0) waiting for something to do...
(vm45:m0) Got connection from reducer vm11:r0
(vm45:m0:th2) connection started, have to send 4860759 bytes to vm11:r0
(vm45:m0:th2) all data sent, closing connection to vm11:r0
(vm45:m0:th2) waiting for something to do...
(vm45:m0) Got connection from reducer vm26:r0
(vm45:m0:th0) connection started, have to send 4860759 bytes to vm26:r0
(vm45:m0:th0) all data sent, closing connection to vm26:r0
(vm45:m0:th0) waiting for something to do...
(vm45:m0) Got connection from reducer vm30:r0
(vm45:m0:th2) connection started, have to send 4860759 bytes to vm30:r0
(vm45:m0:th2) all data sent, closing connection to vm30:r0
(vm45:m0:th2) waiting for something to do...
(vm45:m0:th1) all data sent, closing connection to vm41:r0
(vm45:m0:th1) waiting for something to do...
(vm45:m0) Got connection from reducer vm46:r0
(vm45:m0) Got connection from reducer vm24:r0
(vm45:m0) Got connection from reducer vm21:r0
(vm45:m0:th2) connection started, have to send 4860759 bytes to vm21:r0
(vm45:m0:th2) all data sent, closing connection to vm21:r0
(vm45:m0:th2) waiting for something to do...
(vm45:m0:th0) connection started, have to send 4860759 bytes to vm46:r0
(vm45:m0:th0) all data sent, closing connection to vm46:r0
(vm45:m0:th0) waiting for something to do...
(vm45:m0:th1) connection started, have to send 4860759 bytes to vm24:r0
(vm45:m0:th1) all data sent, closing connection to vm24:r0
(vm45:m0:th1) waiting for something to do...
(vm45:m0) Got connection from reducer vm39:r0
(vm45:m0:th2) connection started, have to send 4860759 bytes to vm39:r0
(vm45:m0:th2) all data sent, closing connection to vm39:r0
(vm45:m0:th2) waiting for something to do...
(vm45:r0:th3:8) Connection to vm44:m0 finished, received 24303804 bytes
(vm45:r0:th3) Got data from all mappers, this reducer connection has finished.
(vm45:m0) Got connection from reducer vm32:r0
(vm45:m0:th0) connection started, have to send 4860759 bytes to vm32:r0
(vm45:m0:th0) all data sent, closing connection to vm32:r0
(vm45:m0:th0) waiting for something to do...
(vm45:r0:th0:8) Connection to vm41:m0 finished, received 34025322 bytes
(vm45:r0:th0:9) Connection established with mapper vm46:m0
(vm45:r0:th0:9) Connection to vm46:m0 finished, received 34025323 bytes
(vm45:r0:th0) Got data from all mappers, this reducer connection has finished.
(vm45:r0) thread th0 joined, 4 connection threads remaining
(vm45:m0) Got connection from reducer vm33:r0
(vm45:m0) Got connection from reducer vm1:r0
(vm45:m0) Got connection from reducer vm13:r0
(vm45:m0:th2) connection started, have to send 4860759 bytes to vm13:r0
(vm45:m0:th2) all data sent, closing connection to vm13:r0
(vm45:m0:th2) waiting for something to do...
(vm45:m0:th1) connection started, have to send 4860759 bytes to vm33:r0
(vm45:m0:th1) all data sent, closing connection to vm33:r0
(vm45:m0:th1) waiting for something to do...
(vm45:m0:th0) connection started, have to send 4860759 bytes to vm1:r0
(vm45:m0:th0) all data sent, closing connection to vm1:r0
(vm45:m0:th0) waiting for something to do...
(vm45:m0) Got connection from reducer vm36:r0
(vm45:m0:th2) connection started, have to send 4860759 bytes to vm36:r0
(vm45:m0:th2) all data sent, closing connection to vm36:r0
(vm45:m0:th2) waiting for something to do...
(vm45:m0) Got connection from reducer vm15:r0
(vm45:m0:th0) connection started, have to send 4860759 bytes to vm15:r0
(vm45:m0:th0) all data sent, closing connection to vm15:r0
(vm45:m0:th0) waiting for something to do...
(vm45:m0) Got connection from reducer vm31:r0
(vm45:m0:th1) connection started, have to send 4860759 bytes to vm31:r0
(vm45:m0:th1) all data sent, closing connection to vm31:r0
(vm45:m0:th1) waiting for something to do...
(vm45:m0) Got connection from reducer vm43:r0
(vm45:m0:th0) connection started, have to send 4860759 bytes to vm43:r0
(vm45:m0:th0) all data sent, closing connection to vm43:r0
(vm45:m0:th0) waiting for something to do...
(vm45:m0:th3) all data sent, closing connection to vm42:r0
(vm45:m0:th3) waiting for something to do...
(vm45:m0) Got connection from reducer vm47:r0
(vm45:m0:th1) connection started, have to send 4860759 bytes to vm47:r0
(vm45:m0:th1) all data sent, closing connection to vm47:r0
(vm45:m0:th1) waiting for something to do...
(vm45:m0) Got connection from reducer vm10:r0
(vm45:m0:th0) connection started, have to send 4860759 bytes to vm10:r0
(vm45:m0:th0) all data sent, closing connection to vm10:r0
(vm45:m0:th0) waiting for something to do...
(vm45:m0) Got connection from reducer vm38:r0
(vm45:m0:th1) connection started, have to send 4860759 bytes to vm38:r0
(vm45:m0:th1) all data sent, closing connection to vm38:r0
(vm45:m0:th1) waiting for something to do...
(vm45:r0:th1:7) Connection to vm37:m0 finished, received 14582285 bytes
(vm45:r0:th1:8) Connection established with mapper vm42:m0
(vm45:r0:th1:8) Connection to vm42:m0 finished, received 14582286 bytes
(vm45:m0) Got connection from reducer vm34:r0
(vm45:m0) All reducers connected, waiting for threads to terminate
(vm45:m0) waiting on semaphore
(vm45:m0) -> 1 threads still running
(vm45:m0) waiting on semaphore
(vm45:m0) -> 1 threads still running
(vm45:m0) waiting on semaphore
(vm45:m0) -> 1 threads still running
(vm45:m0) waiting on semaphore
(vm45:m0) -> 1 threads still running
(vm45:m0) waiting on semaphore
(vm45:m0) -> 1 threads still running
(vm45:m0) waiting on semaphore
(vm45:m0) -> 1 threads still running
(vm45:m0) waiting on semaphore
(vm45:m0) -> 1 threads still running
(vm45:m0) waiting on semaphore
(vm45:m0) -> 1 threads still running
(vm45:m0) waiting on semaphore
(vm45:m0) -> 1 threads still running
(vm45:m0) waiting on semaphore
(vm45:m0) -> 1 threads still running
(vm45:m0) waiting on semaphore
(vm45:m0) -> 1 threads still running
(vm45:m0) waiting on semaphore
(vm45:m0) -> 1 threads still running
(vm45:m0) waiting on semaphore
(vm45:m0) -> 1 threads still running
(vm45:m0) waiting on semaphore
(vm45:m0) -> 1 threads still running
(vm45:m0) waiting on semaphore
(vm45:m0) -> 1 threads still running
(vm45:m0) waiting on semaphore
(vm45:m0) -> 1 threads still running
(vm45:m0) waiting on semaphore
(vm45:m0) -> 1 threads still running
(vm45:m0) waiting on semaphore
(vm45:m0) -> 1 threads still running
(vm45:m0) waiting on semaphore
(vm45:m0) -> 1 threads still running
(vm45:m0) waiting on semaphore
(vm45:m0) -> 1 threads still running
(vm45:m0) waiting on semaphore
(vm45:m0) -> 1 threads still running
(vm45:m0) waiting on semaphore
(vm45:m0) -> 1 threads still running
(vm45:m0) waiting on semaphore
(vm45:m0) -> 1 threads still running
(vm45:m0) waiting on semaphore
(vm45:m0) -> 1 threads still running
(vm45:m0) waiting on semaphore
(vm45:m0) -> 1 threads still running
(vm45:m0) waiting on semaphore
(vm45:m0) -> 1 threads still running
(vm45:m0) waiting on semaphore
(vm45:m0) -> 1 threads still running
(vm45:m0) waiting on semaphore
(vm45:m0) -> 1 threads still running
(vm45:m0) waiting on semaphore
(vm45:m0) -> 1 threads still running
(vm45:m0) waiting on semaphore
(vm45:m0) -> 1 threads still running
(vm45:m0) waiting on semaphore
(vm45:m0) -> 1 threads still running
(vm45:m0) waiting on semaphore
(vm45:m0) -> 1 threads still running
(vm45:m0) waiting on semaphore
(vm45:m0) -> 1 threads still running
(vm45:m0) waiting on semaphore
(vm45:m0) -> 1 threads still running
(vm45:m0) waiting on semaphore
(vm45:m0) -> 1 threads still running
(vm45:m0) waiting on semaphore
(vm45:m0) -> 1 threads still running
(vm45:m0) waiting on semaphore
(vm45:m0) -> 1 threads still running
(vm45:m0) waiting on semaphore
(vm45:m0) -> 1 threads still running
(vm45:m0) waiting on semaphore
(vm45:m0) -> 1 threads still running
(vm45:m0) waiting on semaphore
(vm45:m0:th0) connection started, have to send 4860759 bytes to vm34:r0
(vm45:m0:th0) all data sent, closing connection to vm34:r0
(vm45:m0:th0) waiting for something to do...
(vm45:m0) Sending exit signal to all threads
(vm45:m0:th2) got exit signal
(vm45:m0:th1) got exit signal
(vm45:m0:th3) got exit signal
(vm45:m0:th0) got exit signal
(vm45:m0) thread vm45:m0:th0 joined
(vm45:m0) thread vm45:m0:th1 joined
(vm45:m0) thread vm45:m0:th2 joined
(vm45:m0) thread vm45:m0:th3 joined
(vm45:m0) all done, exiting
*RES* start node vm45:m0
*RES* vm45:m0:th2,1406563805722,9,2,4860760
*RES* vm45:m0:th2,1406563805756,0,2,4860760
*RES* vm45:m0:th2,1406563805757,0,2,4860760
*RES* vm45:m0:th2,1406563805768,0,2,4860760
*RES* vm45:m0:th2,1406563805769,0,2,4860760
*RES* vm45:m0:th2,1406563805789,0,2,4860760
*RES* vm45:m0:th2,1406563805790,0,2,4860760
*RES* vm45:m0:th2,1406563805799,0,2,4860760
*RES* vm45:m0:th2,1406563805801,0,3,4860760
*RES* vm45:m0:th2,1406563805801,0,3,4860760
*RES* vm45:m0:th2,1406563805805,0,3,4860760
*RES* vm45:m0:th2,1406563805817,0,3,4860760
*RES* vm45:m0:th2,1406563805820,0,3,4860760
*RES* vm45:m0:th2,1406563805820,0,3,4860760
*RES* vm45:m0:th2,1406563805835,0,3,4860760
*RES* vm45:m0:th2,1406563805835,0,3,4860760
*RES* vm45:m0:th2,1406563805839,1,3,4860760
*RES* vm45:m0:th2,1406563805843,0,3,4860760
*RES* vm45:m0:th0,1406563805694,161,6,4860760
*RES* vm45:m0:th2,1406563805857,0,3,4860760
*RES* vm45:m0:th2,1406563805862,0,3,4860760
*RES* vm45:m0:th0,1406563805863,0,6,4860760
*RES* vm45:m0:th2,1406563805865,0,4,4860760
*RES* vm45:m0:th0,1406563805866,1,6,4860760
*RES* vm45:m0:th2,1406563805867,0,4,4860760
*RES* vm45:m0:th0,1406563805871,0,6,4860760
*RES* vm45:m0:th2,1406563805873,0,4,4860760
*RES* vm45:m0:th0,1406563805873,0,6,4860760
*RES* vm45:m0:th1,1406563805697,195,7,4860760
*RES* vm45:m0:th2,1406563805877,0,4,4860760
*RES* vm45:m0:th2,1406563805892,0,4,4860760
*RES* vm45:m0:th0,1406563805892,1,7,4860760
*RES* vm45:m0:th1,1406563805893,0,7,4860760
*RES* vm45:m0:th0,1406563805899,0,7,4860760
*RES* vm45:m0:th2,1406563805894,0,4,4860760
*RES* vm45:m0:th2,1406563805908,0,4,4860760
*RES* vm45:m0:th0,1406563805908,0,7,4860760
*RES* vm45:m0:th1,1406563805908,0,7,4860760
*RES* vm45:m0:th0,1406563805909,0,7,4860760
*RES* vm45:m0:th1,1406563805910,0,7,4860760
*RES* vm45:m0:th0,1406563805911,0,7,4860760
*RES* vm45:m0:th1,1406563805918,0,7,4860760
*RES* vm45:m0:th0,1406563805918,0,7,4860760
*RES* vm45:m0:th0,1406563805933,0,7,4860760
*RES* vm45:m0:th1,1406563805922,0,7,4860760
*RES* vm45:m0:th2,1406563805908,0,4,4860760
*RES* vm45:m0:th3,1406563805744,174,5,4860760
*RES* end node vm45:m0
(main) Thread vm45:m0 joined
(main) Waiting for thread vm45:r0 to join...
(vm45:r0:th1:9) Connection established with mapper vm47:m0
(vm45:r0:th1:9) Connection to vm47:m0 finished, received 14582287 bytes
(vm45:r0:th1) Got data from all mappers, this reducer connection has finished.
(vm45:r0) thread th1 joined, 3 connection threads remaining
(vm45:r0) thread th2 joined, 2 connection threads remaining
(vm45:r0) thread th3 joined, 1 connection threads remaining
(vm45:r0) thread th4 joined, 0 connection threads remaining
(vm45:r0) all done, exiting
*RES* start node vm45:r0
*RES* vm45:r0:th0:0,1406563804929,14,0,1
*RES* vm45:r0:th0:1,1406563804943,87,6,4860761
*RES* vm45:r0:th0:2,1406563805031,113,13,9721521
*RES* vm45:r0:th0:3,1406563805144,62,20,14582281
*RES* vm45:r0:th0:4,1406563805206,229,27,19443041
*RES* vm45:r0:th0:5,1406563805435,1,27,19443042
*RES* vm45:r0:th0:6,1406563805436,92,34,24303802
*RES* vm45:r0:th0:7,1406563805528,228,41,29164562
*RES* vm45:r0:th0:8,1406563805756,146,48,34025322
*RES* vm45:r0:th0:9,1406563805902,2,48,34025323
*RES* vm45:r0:th1:0,1406563804929,358,11,4860760
*RES* vm45:r0:th1:1,1406563805287,7,11,4860761
*RES* vm45:r0:th1:2,1406563805294,8,11,4860762
*RES* vm45:r0:th1:3,1406563805302,20,12,4860763
*RES* vm45:r0:th1:4,1406563805322,8,12,4860764
*RES* vm45:r0:th1:5,1406563805330,317,22,9721524
*RES* vm45:r0:th1:6,1406563805647,4,22,9721525
*RES* vm45:r0:th1:7,1406563805651,280,32,14582285
*RES* vm45:r0:th1:8,1406563805931,1,32,14582286
*RES* vm45:r0:th1:9,1406563805932,3,32,14582287
*RES* vm45:r0:th2:0,1406563804929,10,0,1
*RES* vm45:r0:th2:1,1406563804939,80,6,4860761
*RES* vm45:r0:th2:2,1406563805019,126,13,9721521
*RES* vm45:r0:th2:3,1406563805145,104,21,14582281
*RES* vm45:r0:th2:4,1406563805249,166,28,19443041
*RES* vm45:r0:th2:5,1406563805416,248,35,24303801
*RES* vm45:r0:th2:6,1406563805664,4,35,24303802
*RES* vm45:r0:th2:7,1406563805668,8,35,24303803
*RES* vm45:r0:th2:8,1406563805677,10,35,24303804
*RES* vm45:r0:th3:0,1406563804929,20,0,1
*RES* vm45:r0:th3:1,1406563804949,110,9,4860761
*RES* vm45:r0:th3:2,1406563805059,124,16,9721521
*RES* vm45:r0:th3:3,1406563805183,100,23,14582281
*RES* vm45:r0:th3:4,1406563805283,377,33,19443041
*RES* vm45:r0:th3:5,1406563805660,4,34,19443042
*RES* vm45:r0:th3:6,1406563805664,4,34,19443043
*RES* vm45:r0:th3:7,1406563805668,4,34,19443044
*RES* vm45:r0:th3:8,1406563805672,227,42,24303804
*RES* vm45:r0:th4:0,1406563804929,375,11,4860760
*RES* vm45:r0:th4:1,1406563805304,4,12,4860761
*RES* vm45:r0:th4:2,1406563805308,4,12,4860762
*RES* vm45:r0:th4:3,1406563805312,7,12,4860763
*RES* vm45:r0:th4:4,1406563805319,376,22,9721523
*RES* vm45:r0:th4:5,1406563805695,3,22,9721524
*RES* vm45:r0:th4:6,1406563805698,18,23,9721525
*RES* vm45:r0:th4:7,1406563805716,6,23,9721526
*RES* vm45:r0:th4:8,1406563805722,9,26,14582286
*RES* end node vm45:r0
(main) Thread vm45:r0 joined
Worker terminating correctly
