OSMeF worker starting
Enabling core dumping
Listening for command connection
CONF: mapper on port 23330
CONF: -> will serve 46 reducers
(main) new thread ID: vm39:m0
(vm39:m0) Mapper thread started
(vm39:m0) Binding to port 23330
(vm39:m0) Got START signal
(vm39:m0) new thread ID: vm39:m0:th0
(vm39:m0:th0) waiting for something to do...
CONF: reducer
(main) new thread ID: vm39:r0
(vm39:r0) Reducer thread started
(vm39:r0) waiting for START message
(main) Waiting for thread vm39:m0 to join...
(vm39:r0) got START message
(vm39:r0) new thread ID: th0
(vm39:r0) new thread ID: th1
(vm39:r0) new thread ID: th2
(vm39:r0) new thread ID: th3
(vm39:r0) new thread ID: th4
(vm39:r0:th2:0) Connection established with mapper vm3:m0
(vm39:r0:th0:0) Connection established with mapper vm1:m0
(vm39:r0:th1:0) Connection established with mapper vm2:m0
(vm39:r0:th3:0) Connection established with mapper vm4:m0
(vm39:r0:th4:0) Connection established with mapper vm5:m0
(vm39:r0:th0:0) Connection to vm1:m0 finished, received 1 bytes
(vm39:r0:th0:1) Connection established with mapper vm6:m0
(vm39:r0:th0:1) Connection to vm6:m0 finished, received 5074396 bytes
(vm39:r0:th0:2) Connection established with mapper vm11:m0
(vm39:r0:th1:0) Connection to vm2:m0 finished, received 5074395 bytes
(vm39:r0:th1:1) Connection established with mapper vm7:m0
(vm39:r0:th1:1) Connection to vm7:m0 finished, received 5074396 bytes
(vm39:r0:th1:2) Connection established with mapper vm12:m0
(vm39:r0:th1:2) Connection to vm12:m0 finished, received 5074397 bytes
(vm39:r0:th1:3) Connection established with mapper vm17:m0
(vm39:r0:th1:3) Connection to vm17:m0 finished, received 5074398 bytes
(vm39:r0:th1:4) Connection established with mapper vm22:m0
(vm39:r0:th1:4) Connection to vm22:m0 finished, received 5074399 bytes
(vm39:r0:th1:5) Connection established with mapper vm27:m0
(vm39:r0:th3:0) Connection to vm4:m0 finished, received 5074395 bytes
(vm39:r0:th3:1) Connection established with mapper vm9:m0
(vm39:r0:th3:1) Connection to vm9:m0 finished, received 5074396 bytes
(vm39:r0:th3:2) Connection established with mapper vm14:m0
(vm39:r0:th3:2) Connection to vm14:m0 finished, received 5074397 bytes
(vm39:r0:th3:3) Connection established with mapper vm19:m0
(vm39:r0:th3:3) Connection to vm19:m0 finished, received 5074398 bytes
(vm39:r0:th3:4) Connection established with mapper vm24:m0
(vm39:r0:th0:2) Connection to vm11:m0 finished, received 10148791 bytes
(vm39:r0:th0:3) Connection established with mapper vm16:m0
(vm39:r0:th4:0) Connection to vm5:m0 finished, received 5074395 bytes
(vm39:r0:th4:1) Connection established with mapper vm10:m0
(vm39:r0:th4:1) Connection to vm10:m0 finished, received 5074396 bytes
(vm39:r0:th4:2) Connection established with mapper vm15:m0
(vm39:r0:th4:2) Connection to vm15:m0 finished, received 5074397 bytes
(vm39:r0:th4:3) Connection established with mapper vm20:m0
(vm39:r0:th2:0) Connection to vm3:m0 finished, received 5074395 bytes
(vm39:r0:th2:1) Connection established with mapper vm8:m0
(vm39:r0:th2:1) Connection to vm8:m0 finished, received 5074396 bytes
(vm39:r0:th2:2) Connection established with mapper vm13:m0
(vm39:r0:th2:2) Connection to vm13:m0 finished, received 5074397 bytes
(vm39:r0:th1:5) Connection to vm27:m0 finished, received 10148794 bytes
(vm39:r0:th2:3) Connection established with mapper vm18:m0
(vm39:r0:th1:6) Connection established with mapper vm32:m0
(vm39:r0:th2:3) Connection to vm18:m0 finished, received 5074398 bytes
(vm39:r0:th2:4) Connection established with mapper vm23:m0
(vm39:r0:th2:4) Connection to vm23:m0 finished, received 5074399 bytes
(vm39:r0:th2:5) Connection established with mapper vm28:m0
(vm39:r0:th2:5) Connection to vm28:m0 finished, received 5074400 bytes
(vm39:r0:th2:6) Connection established with mapper vm33:m0
(vm39:r0:th0:3) Connection to vm16:m0 finished, received 15223186 bytes
(vm39:r0:th0:4) Connection established with mapper vm21:m0
(vm39:r0:th0:4) Connection to vm21:m0 finished, received 15223187 bytes
(vm39:r0:th0:5) Connection established with mapper vm26:m0
(vm39:r0:th4:3) Connection to vm20:m0 finished, received 10148792 bytes
(vm39:r0:th4:4) Connection established with mapper vm25:m0
(vm39:r0:th4:4) Connection to vm25:m0 finished, received 10148793 bytes
(vm39:r0:th4:5) Connection established with mapper vm30:m0
(vm39:r0:th4:5) Connection to vm30:m0 finished, received 15223188 bytes
(vm39:r0:th4:6) Connection established with mapper vm35:m0
(vm39:r0:th4:6) Connection to vm35:m0 finished, received 15223189 bytes
(vm39:r0:th4:7) Connection established with mapper vm40:m0
(vm39:r0:th1:6) Connection to vm32:m0 finished, received 15223189 bytes
(vm39:r0:th1:7) Connection established with mapper vm37:m0
(vm39:r0:th1:7) Connection to vm37:m0 finished, received 15223190 bytes
(vm39:r0:th1:8) Connection established with mapper vm42:m0
(vm39:r0:th3:4) Connection to vm24:m0 finished, received 10148793 bytes
(vm39:r0:th3:5) Connection established with mapper vm29:m0
(vm39:r0:th3:5) Connection to vm29:m0 finished, received 10148794 bytes
(vm39:r0:th3:6) Connection established with mapper vm34:m0
(vm39:m0) Got connection from reducer vm4:r0
(vm39:m0) new thread ID: vm39:m0:th1
(vm39:m0:th0) connection started, have to send 5074394 bytes to vm4:r0
(vm39:m0:th1) waiting for something to do...
(vm39:r0:th4:7) Connection to vm40:m0 finished, received 20297584 bytes
(vm39:r0:th4:8) Connection established with mapper vm45:m0
(vm39:r0:th0:5) Connection to vm26:m0 finished, received 20297582 bytes
(vm39:r0:th0:6) Connection established with mapper vm31:m0
(vm39:m0) Got connection from reducer vm5:r0
(vm39:m0) new thread ID: vm39:m0:th2
(vm39:m0:th1) connection started, have to send 5074394 bytes to vm5:r0
(vm39:m0:th2) waiting for something to do...
(vm39:r0:th2:6) Connection to vm33:m0 finished, received 10148795 bytes
(vm39:r0:th2:7) Connection established with mapper vm38:m0
(vm39:m0) Got connection from reducer vm16:r0
(vm39:m0) new thread ID: vm39:m0:th3
(vm39:m0:th2) connection started, have to send 5074394 bytes to vm16:r0
(vm39:m0:th3) waiting for something to do...
(vm39:r0:th2:7) Connection to vm38:m0 finished, received 10148796 bytes
(vm39:r0:th2:8) Connection established with mapper vm43:m0
(vm39:m0) Got connection from reducer vm10:r0
(vm39:m0) new thread ID: vm39:m0:th4
(vm39:m0:th3) connection started, have to send 5074394 bytes to vm10:r0
(vm39:m0:th4) waiting for something to do...
(vm39:m0) Got connection from reducer vm11:r0
(vm39:m0) new thread ID: vm39:m0:th5
(vm39:m0) Got connection from reducer vm34:r0
(vm39:m0) new thread ID: vm39:m0:th6
(vm39:m0) Got connection from reducer vm12:r0
(vm39:m0) new thread ID: vm39:m0:th7
(vm39:m0:th4) connection started, have to send 5074394 bytes to vm11:r0
(vm39:m0:th6) waiting for something to do...
(vm39:m0:th6) connection started, have to send 5074394 bytes to vm12:r0
(vm39:m0:th5) waiting for something to do...
(vm39:m0:th5) connection started, have to send 5074394 bytes to vm34:r0
(vm39:m0:th7) waiting for something to do...
(vm39:m0) Got connection from reducer vm13:r0
(vm39:m0) new thread ID: vm39:m0:th8
(vm39:m0) Got connection from reducer vm18:r0
(vm39:m0) new thread ID: vm39:m0:th9
(vm39:m0:th7) connection started, have to send 5074394 bytes to vm13:r0
(vm39:m0:th9) waiting for something to do...
(vm39:m0:th8) waiting for something to do...
(vm39:m0:th8) connection started, have to send 5074394 bytes to vm18:r0
(vm39:m0) Got connection from reducer vm7:r0
(vm39:m0) new thread ID: vm39:m0:th10
(vm39:m0) Got connection from reducer vm43:r0
(vm39:m0) new thread ID: vm39:m0:th11
(vm39:m0:th9) connection started, have to send 5074394 bytes to vm7:r0
(vm39:m0) Got connection from reducer vm36:r0
(vm39:m0) new thread ID: vm39:m0:th12
(vm39:m0:th10) waiting for something to do...
(vm39:m0) Got connection from reducer vm38:r0
(vm39:m0) new thread ID: vm39:m0:th13
(vm39:m0:th11) waiting for something to do...
(vm39:m0:th11) connection started, have to send 5074394 bytes to vm36:r0
(vm39:m0:th10) connection started, have to send 5074394 bytes to vm43:r0
(vm39:m0:th12) waiting for something to do...
(vm39:m0:th12) connection started, have to send 5074394 bytes to vm38:r0
(vm39:m0:th13) waiting for something to do...
(vm39:m0) Got connection from reducer vm30:r0
(vm39:m0) new thread ID: vm39:m0:th14
(vm39:m0:th13) connection started, have to send 5074394 bytes to vm30:r0
(vm39:m0:th14) waiting for something to do...
(vm39:m0) Got connection from reducer vm23:r0
(vm39:m0) new thread ID: vm39:m0:th15
(vm39:m0:th14) connection started, have to send 5074394 bytes to vm23:r0
(vm39:m0:th15) waiting for something to do...
(vm39:m0) Got connection from reducer vm22:r0
(vm39:m0) new thread ID: vm39:m0:th16
(vm39:m0:th15) connection started, have to send 5074394 bytes to vm22:r0
(vm39:m0:th16) waiting for something to do...
(vm39:m0) Got connection from reducer vm29:r0
(vm39:m0) new thread ID: vm39:m0:th17
(vm39:m0) Got connection from reducer vm6:r0
(vm39:m0) new thread ID: vm39:m0:th18
(vm39:m0) Got connection from reducer vm19:r0
(vm39:m0) new thread ID: vm39:m0:th19
(vm39:m0:th16) connection started, have to send 5074394 bytes to vm29:r0
(vm39:m0:th18) waiting for something to do...
(vm39:m0:th18) connection started, have to send 5074394 bytes to vm19:r0
(vm39:m0:th19) waiting for something to do...
(vm39:m0:th17) waiting for something to do...
(vm39:m0:th17) connection started, have to send 5074394 bytes to vm6:r0
(vm39:m0) Got connection from reducer vm41:r0
(vm39:m0) new thread ID: vm39:m0:th20
(vm39:m0:th19) connection started, have to send 5074394 bytes to vm41:r0
(vm39:m0:th20) waiting for something to do...
(vm39:m0) Got connection from reducer vm21:r0
(vm39:m0) new thread ID: vm39:m0:th21
(vm39:m0) Got connection from reducer vm14:r0
(vm39:m0) new thread ID: vm39:m0:th22
(vm39:m0) Got connection from reducer vm26:r0
(vm39:m0) new thread ID: vm39:m0:th23
(vm39:m0) Got connection from reducer vm20:r0
(vm39:m0) new thread ID: vm39:m0:th24
(vm39:m0) Got connection from reducer vm42:r0
(vm39:m0) new thread ID: vm39:m0:th25
(vm39:m0) Got connection from reducer vm1:r0
(vm39:m0) new thread ID: vm39:m0:th26
(vm39:m0) Got connection from reducer vm45:r0
(vm39:m0) new thread ID: vm39:m0:th27
(vm39:m0:th20) connection started, have to send 5074394 bytes to vm21:r0
(vm39:m0:th25) waiting for something to do...
(vm39:m0:th25) connection started, have to send 5074394 bytes to vm1:r0
(vm39:m0:th21) waiting for something to do...
(vm39:m0:th21) connection started, have to send 5074394 bytes to vm14:r0
(vm39:m0:th22) waiting for something to do...
(vm39:m0:th22) connection started, have to send 5074394 bytes to vm26:r0
(vm39:m0:th23) waiting for something to do...
(vm39:m0:th23) connection started, have to send 5074394 bytes to vm20:r0
(vm39:m0:th24) waiting for something to do...
(vm39:m0:th24) connection started, have to send 5074394 bytes to vm42:r0
(vm39:m0:th26) waiting for something to do...
(vm39:m0:th26) connection started, have to send 5074394 bytes to vm45:r0
(vm39:m0:th27) waiting for something to do...
(vm39:m0) Got connection from reducer vm37:r0
(vm39:m0) new thread ID: vm39:m0:th28
(vm39:m0:th27) connection started, have to send 5074394 bytes to vm37:r0
(vm39:m0:th28) waiting for something to do...
(vm39:m0) Got connection from reducer vm2:r0
(vm39:m0) new thread ID: vm39:m0:th29
(vm39:m0:th28) connection started, have to send 5074394 bytes to vm2:r0
(vm39:m0:th29) waiting for something to do...
(vm39:m0) Got connection from reducer vm3:r0
(vm39:m0) new thread ID: vm39:m0:th30
(vm39:m0:th0) all data sent, closing connection to vm4:r0
(vm39:m0:th0) waiting for something to do...
(vm39:m0:th29) connection started, have to send 5074394 bytes to vm3:r0
(vm39:m0:th30) waiting for something to do...
(vm39:m0) Got connection from reducer vm31:r0
(vm39:m0:th30) connection started, have to send 5074394 bytes to vm31:r0
(vm39:m0) Got connection from reducer vm8:r0
(vm39:m0) new thread ID: vm39:m0:th31
(vm39:m0) Got connection from reducer vm32:r0
(vm39:m0) new thread ID: vm39:m0:th32
(vm39:m0) Got connection from reducer vm28:r0
(vm39:m0) new thread ID: vm39:m0:th33
(vm39:m0) Got connection from reducer vm17:r0
(vm39:m0) new thread ID: vm39:m0:th34
(vm39:m0) Got connection from reducer vm46:r0
(vm39:m0) new thread ID: vm39:m0:th35
(vm39:m0) Got connection from reducer vm15:r0
(vm39:m0) new thread ID: vm39:m0:th36
(vm39:m0) Got connection from reducer vm35:r0
(vm39:m0) new thread ID: vm39:m0:th37
(vm39:m0:th0) connection started, have to send 5074394 bytes to vm8:r0
(vm39:m0:th0) all data sent, closing connection to vm8:r0
(vm39:m0:th0) waiting for something to do...
(vm39:m0:th1) all data sent, closing connection to vm5:r0
(vm39:m0:th1) waiting for something to do...
(vm39:m0) Got connection from reducer vm9:r0
(vm39:m0:th33) waiting for something to do...
(vm39:m0:th33) connection started, have to send 5074394 bytes to vm17:r0
(vm39:m0:th35) waiting for something to do...
(vm39:m0:th35) connection started, have to send 5074394 bytes to vm15:r0
(vm39:m0:th36) waiting for something to do...
(vm39:m0:th36) connection started, have to send 5074394 bytes to vm35:r0
(vm39:m0:th34) waiting for something to do...
(vm39:m0:th34) connection started, have to send 5074394 bytes to vm46:r0
(vm39:m0:th37) waiting for something to do...
(vm39:m0:th37) connection started, have to send 5074394 bytes to vm9:r0
(vm39:m0:th31) waiting for something to do...
(vm39:m0:th31) connection started, have to send 5074394 bytes to vm32:r0
(vm39:m0:th32) waiting for something to do...
(vm39:m0:th32) connection started, have to send 5074394 bytes to vm28:r0
(vm39:m0) Got connection from reducer vm33:r0
(vm39:m0) Got connection from reducer vm24:r0
(vm39:m0:th0) connection started, have to send 5074394 bytes to vm33:r0
(vm39:m0:th1) connection started, have to send 5074394 bytes to vm24:r0
(vm39:m0:th1) all data sent, closing connection to vm24:r0
(vm39:m0:th1) waiting for something to do...
(vm39:m0:th0) all data sent, closing connection to vm33:r0
(vm39:m0:th0) waiting for something to do...
(vm39:m0) new thread ID: vm39:m0:th38
(vm39:m0) Got connection from reducer vm25:r0
(vm39:m0:th38) waiting for something to do...
(vm39:m0:th38) connection started, have to send 5074394 bytes to vm25:r0
(vm39:m0) Got connection from reducer vm44:r0
(vm39:m0:th0) connection started, have to send 5074394 bytes to vm44:r0
(vm39:m0) Got connection from reducer vm27:r0
(vm39:m0) new thread ID: vm39:m0:th39
(vm39:m0:th1) connection started, have to send 5074394 bytes to vm27:r0
(vm39:m0:th1) all data sent, closing connection to vm27:r0
(vm39:m0:th1) waiting for something to do...
(vm39:m0:th0) all data sent, closing connection to vm44:r0
(vm39:m0:th0) waiting for something to do...
(vm39:m0) Got connection from reducer vm40:r0
(vm39:r0:th1:8) Connection to vm42:m0 finished, received 20297585 bytes
(vm39:r0:th1) Got data from all mappers, this reducer connection has finished.
(vm39:m0:th39) waiting for something to do...
(vm39:m0:th39) connection started, have to send 5074394 bytes to vm40:r0
(vm39:m0:th2) all data sent, closing connection to vm16:r0
(vm39:m0:th2) waiting for something to do...
(vm39:m0:th5) all data sent, closing connection to vm34:r0
(vm39:m0:th5) waiting for something to do...
(vm39:m0:th7) all data sent, closing connection to vm13:r0
(vm39:m0:th7) waiting for something to do...
(vm39:m0:th3) all data sent, closing connection to vm10:r0
(vm39:m0:th3) waiting for something to do...
(vm39:m0:th6) all data sent, closing connection to vm12:r0
(vm39:m0:th6) waiting for something to do...
(vm39:m0:th9) all data sent, closing connection to vm7:r0
(vm39:m0:th9) waiting for something to do...
(vm39:r0:th3:6) Connection to vm34:m0 finished, received 15223189 bytes
(vm39:r0:th3:7) Connection established with mapper vm39:m0
(vm39:m0) Got connection from reducer vm39:r0
(vm39:m0) All reducers connected, waiting for threads to terminate
(vm39:m0) waiting on semaphore
(vm39:m0) -> 33 threads still running
(vm39:m0) waiting on semaphore
(vm39:m0) -> 33 threads still running
(vm39:m0) waiting on semaphore
(vm39:m0) -> 33 threads still running
(vm39:m0) waiting on semaphore
(vm39:m0) -> 33 threads still running
(vm39:m0) waiting on semaphore
(vm39:m0) -> 33 threads still running
(vm39:m0) waiting on semaphore
(vm39:m0) -> 33 threads still running
(vm39:m0) waiting on semaphore
(vm39:m0) -> 33 threads still running
(vm39:m0) waiting on semaphore
(vm39:m0:th0) connection started, have to send 5074394 bytes to vm39:r0
(vm39:m0:th0) all data sent, closing connection to vm39:r0
(vm39:m0:th0) waiting for something to do...
(vm39:m0) -> 32 threads still running
(vm39:m0) waiting on semaphore
(vm39:r0:th3:7) Connection to vm39:m0 finished, received 15223190 bytes
(vm39:r0:th3:8) Connection established with mapper vm44:m0
(vm39:r0:th4:8) Connection to vm45:m0 finished, received 25371979 bytes
(vm39:r0:th4) Got data from all mappers, this reducer connection has finished.
(vm39:m0:th4) all data sent, closing connection to vm11:r0
(vm39:m0) -> 31 threads still running
(vm39:m0) waiting on semaphore
(vm39:m0:th4) waiting for something to do...
(vm39:r0:th3:8) Connection to vm44:m0 finished, received 15223191 bytes
(vm39:r0:th3) Got data from all mappers, this reducer connection has finished.
(vm39:m0:th11) all data sent, closing connection to vm36:r0
(vm39:m0) -> 30 threads still running
(vm39:m0) waiting on semaphore
(vm39:m0:th11) waiting for something to do...
(vm39:m0:th14) all data sent, closing connection to vm23:r0
(vm39:m0) -> 29 threads still running
(vm39:m0) waiting on semaphore
(vm39:m0:th14) waiting for something to do...
(vm39:m0:th13) all data sent, closing connection to vm30:r0
(vm39:m0) -> 28 threads still running
(vm39:m0) waiting on semaphore
(vm39:m0:th13) waiting for something to do...
(vm39:m0:th12) all data sent, closing connection to vm38:r0
(vm39:m0) -> 27 threads still running
(vm39:m0) waiting on semaphore
(vm39:m0:th12) waiting for something to do...
(vm39:m0:th8) all data sent, closing connection to vm18:r0
(vm39:m0) -> 26 threads still running
(vm39:m0) waiting on semaphore
(vm39:m0:th8) waiting for something to do...
(vm39:m0:th15) all data sent, closing connection to vm22:r0
(vm39:m0) -> 25 threads still running
(vm39:m0) waiting on semaphore
(vm39:m0:th15) waiting for something to do...
(vm39:m0:th23) all data sent, closing connection to vm20:r0
(vm39:m0) -> 24 threads still running
(vm39:m0) waiting on semaphore
(vm39:m0:th23) waiting for something to do...
(vm39:m0:th27) all data sent, closing connection to vm37:r0
(vm39:m0) -> 23 threads still running
(vm39:m0) waiting on semaphore
(vm39:m0:th27) waiting for something to do...
(vm39:m0:th16) all data sent, closing connection to vm29:r0
(vm39:m0) -> 22 threads still running
(vm39:m0) waiting on semaphore
(vm39:m0:th16) waiting for something to do...
(vm39:m0:th19) all data sent, closing connection to vm41:r0
(vm39:m0) -> 21 threads still running
(vm39:m0) waiting on semaphore
(vm39:m0:th19) waiting for something to do...
(vm39:m0:th24) all data sent, closing connection to vm42:r0
(vm39:m0) -> 20 threads still running
(vm39:m0) waiting on semaphore
(vm39:m0:th24) waiting for something to do...
(vm39:m0:th17) all data sent, closing connection to vm6:r0
(vm39:m0) -> 19 threads still running
(vm39:m0) waiting on semaphore
(vm39:m0:th17) waiting for something to do...
(vm39:m0:th28) all data sent, closing connection to vm2:r0
(vm39:m0) -> 18 threads still running
(vm39:m0) waiting on semaphore
(vm39:m0:th28) waiting for something to do...
(vm39:m0:th22) all data sent, closing connection to vm26:r0
(vm39:m0) -> 17 threads still running
(vm39:m0) waiting on semaphore
(vm39:m0:th22) waiting for something to do...
(vm39:m0:th26) all data sent, closing connection to vm45:r0
(vm39:m0) -> 16 threads still running
(vm39:m0) waiting on semaphore
(vm39:m0:th26) waiting for something to do...
(vm39:m0:th18) all data sent, closing connection to vm19:r0
(vm39:m0) -> 15 threads still running
(vm39:m0) waiting on semaphore
(vm39:m0:th18) waiting for something to do...
(vm39:m0:th20) all data sent, closing connection to vm21:r0
(vm39:m0) -> 14 threads still running
(vm39:m0) waiting on semaphore
(vm39:m0:th20) waiting for something to do...
(vm39:m0:th25) all data sent, closing connection to vm1:r0
(vm39:m0) -> 13 threads still running
(vm39:m0) waiting on semaphore
(vm39:m0:th25) waiting for something to do...
(vm39:r0:th0:6) Connection to vm31:m0 finished, received 25371977 bytes
(vm39:m0:th29) all data sent, closing connection to vm3:r0
(vm39:m0) -> 12 threads still running
(vm39:m0) waiting on semaphore
(vm39:m0:th29) waiting for something to do...
(vm39:r0:th0:7) Connection established with mapper vm36:m0
(vm39:r0:th0:7) Connection to vm36:m0 finished, received 25371978 bytes
(vm39:r0:th0:8) Connection established with mapper vm41:m0
(vm39:r0:th0:8) Connection to vm41:m0 finished, received 25371979 bytes
(vm39:r0:th0:9) Connection established with mapper vm46:m0
(vm39:r0:th0:9) Connection to vm46:m0 finished, received 25371980 bytes
(vm39:r0:th0) Got data from all mappers, this reducer connection has finished.
(vm39:r0) thread th0 joined, 4 connection threads remaining
(vm39:r0) thread th1 joined, 3 connection threads remaining
(vm39:r0:th2:8) Connection to vm43:m0 finished, received 15223191 bytes
(vm39:r0:th2) Got data from all mappers, this reducer connection has finished.
(vm39:r0) thread th2 joined, 2 connection threads remaining
(vm39:r0) thread th3 joined, 1 connection threads remaining
(vm39:r0) thread th4 joined, 0 connection threads remaining
(vm39:r0) all done, exiting
(vm39:m0:th30) all data sent, closing connection to vm31:r0
(vm39:m0) -> 11 threads still running
(vm39:m0) waiting on semaphore
(vm39:m0:th30) waiting for something to do...
(vm39:m0:th37) all data sent, closing connection to vm9:r0
(vm39:m0) -> 10 threads still running
(vm39:m0) waiting on semaphore
(vm39:m0:th37) waiting for something to do...
(vm39:m0:th31) all data sent, closing connection to vm32:r0
(vm39:m0) -> 9 threads still running
(vm39:m0) waiting on semaphore
(vm39:m0:th36) all data sent, closing connection to vm35:r0
(vm39:m0) -> 8 threads still running
(vm39:m0) waiting on semaphore
(vm39:m0:th36) waiting for something to do...
(vm39:m0:th31) waiting for something to do...
(vm39:m0:th33) all data sent, closing connection to vm17:r0
(vm39:m0) -> 7 threads still running
(vm39:m0) waiting on semaphore
(vm39:m0:th35) all data sent, closing connection to vm15:r0
(vm39:m0) -> 6 threads still running
(vm39:m0) waiting on semaphore
(vm39:m0:th35) waiting for something to do...
(vm39:m0:th33) waiting for something to do...
(vm39:m0:th38) all data sent, closing connection to vm25:r0
(vm39:m0) -> 5 threads still running
(vm39:m0) waiting on semaphore
(vm39:m0:th32) all data sent, closing connection to vm28:r0
(vm39:m0) -> 4 threads still running
(vm39:m0) waiting on semaphore
(vm39:m0:th34) all data sent, closing connection to vm46:r0
(vm39:m0) -> 3 threads still running
(vm39:m0) waiting on semaphore
(vm39:m0:th38) waiting for something to do...
(vm39:m0:th34) waiting for something to do...
(vm39:m0:th32) waiting for something to do...
(vm39:m0:th21) all data sent, closing connection to vm14:r0
(vm39:m0) -> 2 threads still running
(vm39:m0) waiting on semaphore
(vm39:m0:th21) waiting for something to do...
(vm39:m0:th39) all data sent, closing connection to vm40:r0
(vm39:m0) -> 1 threads still running
(vm39:m0) waiting on semaphore
(vm39:m0:th39) waiting for something to do...
(vm39:m0:th10) all data sent, closing connection to vm43:r0
(vm39:m0:th10) waiting for something to do...
(vm39:m0) Sending exit signal to all threads
(vm39:m0:th0) got exit signal
(vm39:m0:th1) got exit signal
(vm39:m0:th2) got exit signal
(vm39:m0:th3) got exit signal
(vm39:m0:th4) got exit signal
(vm39:m0:th5) got exit signal
(vm39:m0:th6) got exit signal
(vm39:m0:th7) got exit signal
(vm39:m0:th8) got exit signal
(vm39:m0:th9) got exit signal
(vm39:m0:th11) got exit signal
(vm39:m0:th12) got exit signal
(vm39:m0:th13) got exit signal
(vm39:m0:th14) got exit signal
(vm39:m0:th15) got exit signal
(vm39:m0:th16) got exit signal
(vm39:m0:th17) got exit signal
(vm39:m0:th18) got exit signal
(vm39:m0:th19) got exit signal
(vm39:m0:th20) got exit signal
(vm39:m0:th22) got exit signal
(vm39:m0:th23) got exit signal
(vm39:m0:th24) got exit signal
(vm39:m0:th25) got exit signal
(vm39:m0:th26) got exit signal
(vm39:m0:th27) got exit signal
(vm39:m0:th28) got exit signal
(vm39:m0:th29) got exit signal
(vm39:m0) thread vm39:m0:th0 joined
(vm39:m0) thread vm39:m0:th1 joined
(vm39:m0) thread vm39:m0:th2 joined
(vm39:m0) thread vm39:m0:th3 joined
(vm39:m0) thread vm39:m0:th4 joined
(vm39:m0) thread vm39:m0:th5 joined
(vm39:m0) thread vm39:m0:th6 joined
(vm39:m0) thread vm39:m0:th7 joined
(vm39:m0) thread vm39:m0:th8 joined
(vm39:m0) thread vm39:m0:th9 joined
(vm39:m0:th30) got exit signal
(vm39:m0:th10) got exit signal
(vm39:m0) thread vm39:m0:th10 joined
(vm39:m0) thread vm39:m0:th11 joined
(vm39:m0) thread vm39:m0:th12 joined
(vm39:m0) thread vm39:m0:th13 joined
(vm39:m0) thread vm39:m0:th14 joined
(vm39:m0) thread vm39:m0:th15 joined
(vm39:m0) thread vm39:m0:th16 joined
(vm39:m0) thread vm39:m0:th17 joined
(vm39:m0) thread vm39:m0:th18 joined
(vm39:m0) thread vm39:m0:th19 joined
(vm39:m0) thread vm39:m0:th20 joined
(vm39:m0:th31) got exit signal
(vm39:m0:th36) got exit signal
(vm39:m0:th37) got exit signal
(vm39:m0:th35) got exit signal
(vm39:m0:th33) got exit signal
(vm39:m0:th38) got exit signal
(vm39:m0:th34) got exit signal
(vm39:m0:th32) got exit signal
(vm39:m0:th21) got exit signal
(vm39:m0) thread vm39:m0:th21 joined
(vm39:m0) thread vm39:m0:th22 joined
(vm39:m0) thread vm39:m0:th23 joined
(vm39:m0) thread vm39:m0:th24 joined
(vm39:m0) thread vm39:m0:th25 joined
(vm39:m0) thread vm39:m0:th26 joined
(vm39:m0) thread vm39:m0:th27 joined
(vm39:m0) thread vm39:m0:th28 joined
(vm39:m0) thread vm39:m0:th29 joined
(vm39:m0) thread vm39:m0:th30 joined
(vm39:m0) thread vm39:m0:th31 joined
(vm39:m0) thread vm39:m0:th32 joined
(vm39:m0) thread vm39:m0:th33 joined
(vm39:m0) thread vm39:m0:th34 joined
(vm39:m0) thread vm39:m0:th35 joined
(vm39:m0) thread vm39:m0:th36 joined
(vm39:m0) thread vm39:m0:th37 joined
(vm39:m0) thread vm39:m0:th38 joined
(vm39:m0:th39) got exit signal
(vm39:m0) thread vm39:m0:th39 joined
(vm39:m0) all done, exiting
*RES* start node vm39:m0
*RES* vm39:m0:th0,1406562191691,144,7,5074395
*RES* vm39:m0:th0,1406562191858,0,7,5074395
*RES* vm39:m0:th1,1406562191705,157,9,5074395
*RES* vm39:m0:th0,1406562191878,0,7,5074395
*RES* vm39:m0:th1,1406562191878,0,9,5074395
*RES* vm39:m0:th0,1406562191891,0,8,5074395
*RES* vm39:m0:th0,1406562191979,0,8,5074395
*RES* vm39:m0:th1,1406562191894,0,9,5074395
*RES* vm39:m0:th2,1406562191711,217,8,5074395
*RES* vm39:m0:th3,1406562191724,228,6,5074395
*RES* vm39:m0:th4,1406562191730,259,6,5074395
*RES* vm39:m0:th5,1406562191731,211,6,5074395
*RES* vm39:m0:th6,1406562191730,228,8,5074395
*RES* vm39:m0:th7,1406562191740,211,6,5074395
*RES* vm39:m0:th8,1406562191740,284,9,5074395
*RES* vm39:m0:th9,1406562191746,220,6,5074395
*RES* vm39:m0:th10,1406562191748,346,5,5074395
*RES* vm39:m0:th11,1406562191748,244,7,5074395
*RES* vm39:m0:th12,1406562191748,273,7,5074395
*RES* vm39:m0:th13,1406562191755,264,7,5074395
*RES* vm39:m0:th14,1406562191764,250,7,5074395
*RES* vm39:m0:th15,1406562191765,259,6,5074395
*RES* vm39:m0:th16,1406562191777,258,6,5074395
*RES* vm39:m0:th17,1406562191778,266,6,5074395
*RES* vm39:m0:th18,1406562191778,271,7,5074395
*RES* vm39:m0:th19,1406562191783,254,6,5074395
*RES* vm39:m0:th20,1406562191807,244,5,5074395
*RES* vm39:m0:th21,1406562191807,264,7,5074395
*RES* vm39:m0:th22,1406562191807,240,5,5074395
*RES* vm39:m0:th23,1406562191807,220,4,5074395
*RES* vm39:m0:th24,1406562191807,233,5,5074395
*RES* vm39:m0:th25,1406562191807,246,6,5074395
*RES* vm39:m0:th26,1406562191807,241,5,5074395
*RES* vm39:m0:th27,1406562191814,217,4,5074395
*RES* vm39:m0:th28,1406562191821,223,5,5074395
*RES* vm39:m0:th29,1406562191839,215,5,5074395
*RES* vm39:m0:th30,1406562191843,220,5,5074395
*RES* vm39:m0:th31,1406562191866,201,4,5074395
*RES* vm39:m0:th32,1406562191866,204,5,5074395
*RES* vm39:m0:th33,1406562191866,202,4,5074395
*RES* vm39:m0:th34,1406562191866,205,5,5074395
*RES* vm39:m0:th35,1406562191866,202,4,5074395
*RES* vm39:m0:th36,1406562191866,201,4,5074395
*RES* vm39:m0:th37,1406562191866,199,4,5074395
*RES* vm39:m0:th38,1406562191888,182,3,5074395
*RES* vm39:m0:th39,1406562191909,165,4,5074395
*RES* end node vm39:m0
(main) Thread vm39:m0 joined
(main) Waiting for thread vm39:m0 to join...
*RES* start node vm39:r0
*RES* vm39:r0:th0:0,1406562190979,28,0,1
*RES* vm39:r0:th0:1,1406562191007,175,9,5074396
*RES* vm39:r0:th0:2,1406562191182,169,17,10148791
*RES* vm39:r0:th0:3,1406562191351,136,26,15223186
*RES* vm39:r0:th0:4,1406562191487,4,27,15223187
*RES* vm39:r0:th0:5,1406562191491,211,37,20297582
*RES* vm39:r0:th0:6,1406562191702,352,45,25371977
*RES* vm39:r0:th0:7,1406562192054,2,45,25371978
*RES* vm39:r0:th0:8,1406562192056,1,45,25371979
*RES* vm39:r0:th0:9,1406562192058,4,45,25371980
*RES* vm39:r0:th1:0,1406562190979,272,9,5074395
*RES* vm39:r0:th1:1,1406562191251,2,9,5074396
*RES* vm39:r0:th1:2,1406562191253,4,9,5074397
*RES* vm39:r0:th1:3,1406562191257,5,9,5074398
*RES* vm39:r0:th1:4,1406562191262,7,10,5074399
*RES* vm39:r0:th1:5,1406562191269,174,20,10148794
*RES* vm39:r0:th1:6,1406562191443,193,31,15223189
*RES* vm39:r0:th1:7,1406562191636,24,31,15223190
*RES* vm39:r0:th1:8,1406562191660,245,44,20297585
*RES* vm39:r0:th2:0,1406562190978,460,10,5074395
*RES* vm39:r0:th2:1,1406562191438,3,11,5074396
*RES* vm39:r0:th2:2,1406562191441,2,11,5074397
*RES* vm39:r0:th2:3,1406562191443,3,11,5074398
*RES* vm39:r0:th2:4,1406562191446,9,11,5074399
*RES* vm39:r0:th2:5,1406562191455,19,12,5074400
*RES* vm39:r0:th2:6,1406562191474,233,23,10148795
*RES* vm39:r0:th2:7,1406562191707,5,23,10148796
*RES* vm39:r0:th2:8,1406562191712,351,30,15223191
*RES* vm39:r0:th3:0,1406562190978,336,10,5074395
*RES* vm39:r0:th3:1,1406562191314,3,10,5074396
*RES* vm39:r0:th3:2,1406562191317,3,10,5074397
*RES* vm39:r0:th3:3,1406562191320,2,11,5074398
*RES* vm39:r0:th3:4,1406562191322,350,22,10148793
*RES* vm39:r0:th3:5,1406562191673,2,22,10148794
*RES* vm39:r0:th3:6,1406562191676,302,35,15223189
*RES* vm39:r0:th3:7,1406562191978,1,36,15223190
*RES* vm39:r0:th3:8,1406562191979,20,36,15223191
*RES* vm39:r0:th4:0,1406562190978,378,10,5074395
*RES* vm39:r0:th4:1,1406562191356,8,11,5074396
*RES* vm39:r0:th4:2,1406562191364,4,11,5074397
*RES* vm39:r0:th4:3,1406562191368,141,20,10148792
*RES* vm39:r0:th4:4,1406562191509,14,21,10148793
*RES* vm39:r0:th4:5,1406562191523,75,28,15223188
*RES* vm39:r0:th4:6,1406562191598,3,28,15223189
*RES* vm39:r0:th4:7,1406562191601,96,41,20297584
*RES* vm39:r0:th4:8,1406562191697,296,52,25371979
*RES* end node vm39:r0
(main) Thread vm39:r0 joined
Worker terminating correctly
