OSMeF worker starting
Enabling core dumping
Listening for command connection
(vm19:m0) New mapper on port 23330
(vm19:m0) -> reducer data size 1402438300
(vm19:m0) -> reducer data size 1402438300
(vm19:m0) -> reducer data size 1402438300
(vm19:m0) -> reducer data size 1402438300
(vm19:m0) -> reducer data size 1402438300
(vm19:m0) -> reducer data size 1402438300
(vm19:m0) -> reducer data size 1402438300
(vm19:m0) -> reducer data size 1402438300
(vm19:m0) -> reducer data size 1402438300
(vm19:m0) -> reducer data size 1402438300
(vm19:m0) -> reducer data size 1402438300
(vm19:m0) -> reducer data size 1402438300
(vm19:m0) -> reducer data size 1402438300
(vm19:m0) -> reducer data size 1402438300
(vm19:m0) -> reducer data size 1402438300
(vm19:m0) -> reducer data size 1402438300
(vm19:m0) -> reducer data size 1402438300
(vm19:m0) -> reducer data size 1402438300
(vm19:m0) -> reducer data size 1402438300
(vm19:m0) -> reducer data size 1402438300
(vm19:m0) -> reducer data size 1402438300
(vm19:m0) -> reducer data size 1402438300
(vm19:m0) -> reducer data size 1402438300
(vm19:m0) -> reducer data size 1402438300
(vm19:m0) -> reducer data size 1402438300
(vm19:m0) -> reducer data size 1402438300
(vm19:m0) -> reducer data size 1402438300
(vm19:m0) -> reducer data size 1402438300
(vm19:m0) Mapper thread started
(vm19:m0) Allocating data for reducer vm1:r0
(vm19:m0) Allocating data for reducer vm2:r0
(vm19:m0) Allocating data for reducer vm3:r0
(vm19:m0) Allocating data for reducer vm4:r0
(vm19:m0) Allocating data for reducer vm5:r0
(vm19:m0) Allocating data for reducer vm6:r0
(vm19:m0) Allocating data for reducer vm7:r0
(vm19:m0) Allocating data for reducer vm8:r0
(vm19:m0) Allocating data for reducer vm9:r0
(vm19:m0) Allocating data for reducer vm10:r0
(vm19:m0) Allocating data for reducer vm11:r0
(vm19:m0) Allocating data for reducer vm12:r0
(vm19:m0) Allocating data for reducer vm13:r0
(vm19:m0) Allocating data for reducer vm14:r0
(vm19:m0) Allocating data for reducer vm15:r0
(vm19:m0) Allocating data for reducer vm16:r0
(vm19:m0) Allocating data for reducer vm17:r0
(vm19:m0) Allocating data for reducer vm18:r0
(vm19:m0) Allocating data for reducer vm19:r0
(vm19:m0) Allocating data for reducer vm20:r0
(vm19:m0) Allocating data for reducer vm21:r0
(vm19:m0) Allocating data for reducer vm22:r0
(vm19:m0) Allocating data for reducer vm23:r0
(vm19:m0) Allocating data for reducer vm24:r0
(vm19:m0) Allocating data for reducer vm25:r0
(vm19:m0) Allocating data for reducer vm26:r0
(vm19:m0) Allocating data for reducer vm27:r0
(vm19:m0) Allocating data for reducer vm28:r0
(vm19:m0) Binding to port 23330
(vm19:r0) New reducer
(vm19:r0) Reducer thread started
(vm19:r0) waiting for START message
(vm19:r0) got START message
(vm19:r0) Starting new connection thread
(vm19:r0) Starting new connection thread
(vm19:r0) Starting new connection thread
(vm19:r0) Starting new connection thread
(vm19:r0) Starting new connection thread
(vm19:r0) Maximum number of connections reached (5), waiting for a thread to finish
(vm19:r0:4) Connection established
(vm19:r0:3) Connection established
(vm19:r0:2) Connection established
(vm19:r0:1) Connection established
(vm19:r0:0) Connection established
(vm19:r0:1) Connection finished, received 1402438301 bytes
(vm19:r0:0) Connection finished, received 1402438301 bytes
(vm19:r0) thread 0 joined, 27 connections remaining
(vm19:r0) Starting new connection thread
(vm19:r0) Maximum number of connections reached (5), waiting for a thread to finish
(vm19:r0:0) Connection established
(vm19:r0:3) Connection finished, received 1402438301 bytes
(vm19:r0:4) Connection finished, received 1402438301 bytes
(vm19:r0:2) Connection finished, received 1402438301 bytes
(vm19:r0:0) Connection finished, received 1402438301 bytes
(vm19:r0) thread 0 joined, 26 connections remaining
(vm19:r0) Starting new connection thread
(vm19:r0) Maximum number of connections reached (5), waiting for a thread to finish
(vm19:r0:0) Connection established
(vm19:r0:0) Connection finished, received 1402438301 bytes
(vm19:r0) thread 0 joined, 25 connections remaining
(vm19:r0) Starting new connection thread
(vm19:r0) Maximum number of connections reached (5), waiting for a thread to finish
(vm19:r0:0) Connection established
(vm19:r0:0) Connection finished, received 1402438301 bytes
(vm19:r0) thread 0 joined, 24 connections remaining
(vm19:r0) Starting new connection thread
(vm19:r0) Maximum number of connections reached (5), waiting for a thread to finish
(vm19:r0:0) Connection established
(vm19:r0:0) Connection finished, received 1402438301 bytes
(vm19:r0) thread 0 joined, 23 connections remaining
(vm19:r0) Starting new connection thread
(vm19:r0) Maximum number of connections reached (5), waiting for a thread to finish
(vm19:r0:0) Connection established
(vm19:r0:0) Connection finished, received 1402438301 bytes
(vm19:r0) thread 0 joined, 22 connections remaining
(vm19:r0) Starting new connection thread
(vm19:r0) Maximum number of connections reached (5), waiting for a thread to finish
(vm19:r0:0) Connection established
(vm19:m0) Got connection from reducer vm1:r0
(vm19:m0:0) thread started, have to send 1402438300 bytes
(vm19:r0:0) Connection finished, received 1402438301 bytes
(vm19:r0) thread 0 joined, 21 connections remaining
(vm19:r0) Starting new connection thread
(vm19:r0) Maximum number of connections reached (5), waiting for a thread to finish
(vm19:r0:0) Connection established
(vm19:m0) Got connection from reducer vm13:r0
(vm19:m0:12) thread started, have to send 1402438300 bytes
(vm19:m0:0) all data sent, thread exiting
(vm19:r0:0) Connection finished, received 1402438301 bytes
(vm19:r0) thread 0 joined, 20 connections remaining
(vm19:r0) Starting new connection thread
(vm19:r0) Maximum number of connections reached (5), waiting for a thread to finish
(vm19:r0:0) Connection established
(vm19:m0:12) all data sent, thread exiting
(vm19:r0:0) Connection finished, received 1402438301 bytes
(vm19:r0) thread 0 joined, 19 connections remaining
(vm19:r0) Starting new connection thread
(vm19:r0) Maximum number of connections reached (5), waiting for a thread to finish
(vm19:r0:0) Connection established
(vm19:r0:0) Connection finished, received 1402438301 bytes
(vm19:r0) thread 0 joined, 18 connections remaining
(vm19:r0) Starting new connection thread
(vm19:r0) Maximum number of connections reached (5), waiting for a thread to finish
(vm19:r0:0) Connection established
(vm19:r0:0) Connection finished, received 1402438301 bytes
(vm19:r0) thread 0 joined, 17 connections remaining
(vm19:r0) Starting new connection thread
(vm19:r0) Maximum number of connections reached (5), waiting for a thread to finish
(vm19:r0:0) Connection established
(vm19:r0:0) Connection finished, received 1402438301 bytes
(vm19:r0) thread 0 joined, 16 connections remaining
(vm19:r0) Starting new connection thread
(vm19:r0) Maximum number of connections reached (5), waiting for a thread to finish
(vm19:r0:0) Connection established
(vm19:r0:0) Connection finished, received 1402438301 bytes
(vm19:r0) thread 0 joined, 15 connections remaining
(vm19:r0) Starting new connection thread
(vm19:r0) Maximum number of connections reached (5), waiting for a thread to finish
(vm19:r0:0) Connection established
(vm19:r0:0) Connection finished, received 1402438301 bytes
(vm19:r0) thread 0 joined, 14 connections remaining
(vm19:r0) Starting new connection thread
(vm19:r0) Maximum number of connections reached (5), waiting for a thread to finish
(vm19:r0:0) Connection established
(vm19:m0) Got connection from reducer vm19:r0
(vm19:m0:18) thread started, have to send 1402438300 bytes
(vm19:m0:18) all data sent, thread exiting
(vm19:r0:0) Connection finished, received 1402438301 bytes
(vm19:r0) thread 0 joined, 13 connections remaining
(vm19:r0) Starting new connection thread
(vm19:r0) Maximum number of connections reached (5), waiting for a thread to finish
(vm19:r0:0) Connection established
(vm19:m0) Got connection from reducer vm20:r0
(vm19:m0:19) thread started, have to send 1402438300 bytes
(vm19:r0:0) Connection finished, received 1402438301 bytes
(vm19:r0) thread 0 joined, 12 connections remaining
(vm19:r0) Starting new connection thread
(vm19:r0) Maximum number of connections reached (5), waiting for a thread to finish
(vm19:r0:0) Connection established
(vm19:m0) Got connection from reducer vm18:r0
(vm19:m0:17) thread started, have to send 1402438300 bytes
(vm19:m0:19) all data sent, thread exiting
(vm19:m0) Got connection from reducer vm22:r0
(vm19:m0:21) thread started, have to send 1402438300 bytes
(vm19:r0:0) Connection finished, received 1402438301 bytes
(vm19:r0) thread 0 joined, 11 connections remaining
(vm19:r0) Starting new connection thread
(vm19:r0) Maximum number of connections reached (5), waiting for a thread to finish
(vm19:r0:0) Connection established
(vm19:m0) Got connection from reducer vm12:r0
(vm19:m0:11) thread started, have to send 1402438300 bytes
(vm19:m0) Got connection from reducer vm26:r0
(vm19:m0:25) thread started, have to send 1402438300 bytes
(vm19:m0:21) all data sent, thread exiting
(vm19:m0:17) all data sent, thread exiting
(vm19:r0:0) Connection finished, received 1402438301 bytes
(vm19:r0) thread 0 joined, 10 connections remaining
(vm19:r0) Starting new connection thread
(vm19:r0) Maximum number of connections reached (5), waiting for a thread to finish
(vm19:r0:0) Connection established
(vm19:m0:11) all data sent, thread exiting
(vm19:m0:25) all data sent, thread exiting
(vm19:r0:0) Connection finished, received 1402438301 bytes
(vm19:r0) thread 0 joined, 9 connections remaining
(vm19:r0) Starting new connection thread
(vm19:r0) Maximum number of connections reached (5), waiting for a thread to finish
(vm19:r0:0) Connection established
(vm19:r0:0) Connection finished, received 1402438301 bytes
(vm19:r0) thread 0 joined, 8 connections remaining
(vm19:r0) Starting new connection thread
(vm19:r0) Maximum number of connections reached (5), waiting for a thread to finish
(vm19:r0:0) Connection established
(vm19:r0:0) Connection finished, received 1402438301 bytes
(vm19:r0) thread 0 joined, 7 connections remaining
(vm19:r0) Starting new connection thread
(vm19:r0) Maximum number of connections reached (5), waiting for a thread to finish
(vm19:r0:0) Connection established
(vm19:m0) Got connection from reducer vm14:r0
(vm19:m0:13) thread started, have to send 1402438300 bytes
(vm19:m0) Got connection from reducer vm17:r0
(vm19:m0:16) thread started, have to send 1402438300 bytes
(vm19:m0) Got connection from reducer vm6:r0
(vm19:m0:5) thread started, have to send 1402438300 bytes
(vm19:r0:0) Connection finished, received 1402438301 bytes
(vm19:r0) thread 0 joined, 6 connections remaining
(vm19:r0) Starting new connection thread
(vm19:r0) Maximum number of connections reached (5), waiting for a thread to finish
(vm19:r0:0) Connection established
(vm19:m0:13) all data sent, thread exiting
(vm19:m0:16) all data sent, thread exiting
(vm19:m0:5) all data sent, thread exiting
(vm19:r0:0) Connection finished, received 1402438301 bytes
(vm19:r0) thread 0 joined, 5 connections remaining
(vm19:r0) Starting new connection thread
(vm19:r0) Maximum number of connections reached (5), waiting for a thread to finish
(vm19:r0:0) Connection established
(vm19:m0) Got connection from reducer vm7:r0
(vm19:m0:6) thread started, have to send 1402438300 bytes
(vm19:r0:0) Connection finished, received 1402438301 bytes
(vm19:r0) thread 0 joined, 4 connections remaining
(vm19:r0) Maximum number of connections reached (4), waiting for a thread to finish
(vm19:r0) thread 1 joined, 3 connections remaining
(vm19:r0) Maximum number of connections reached (3), waiting for a thread to finish
(vm19:r0) thread 2 joined, 2 connections remaining
(vm19:r0) Maximum number of connections reached (2), waiting for a thread to finish
(vm19:r0) thread 3 joined, 1 connections remaining
(vm19:r0) Maximum number of connections reached (1), waiting for a thread to finish
(vm19:r0) thread 4 joined, 0 connections remaining
(vm19:r0) all done, exiting
(vm19:m0:6) all data sent, thread exiting
(vm19:m0) Got connection from reducer vm23:r0
(vm19:m0:22) thread started, have to send 1402438300 bytes
(vm19:m0) Got connection from reducer vm9:r0
(vm19:m0:8) thread started, have to send 1402438300 bytes
(vm19:m0) Got connection from reducer vm8:r0
(vm19:m0:7) thread started, have to send 1402438300 bytes
(vm19:m0) Got connection from reducer vm25:r0
(vm19:m0:24) thread started, have to send 1402438300 bytes
(vm19:m0:8) all data sent, thread exiting
(vm19:m0:22) all data sent, thread exiting
(vm19:m0:7) all data sent, thread exiting
(vm19:m0:24) all data sent, thread exiting
(vm19:m0) Got connection from reducer vm2:r0
(vm19:m0:1) thread started, have to send 1402438300 bytes
(vm19:m0:1) all data sent, thread exiting
(vm19:m0) Got connection from reducer vm24:r0
(vm19:m0:23) thread started, have to send 1402438300 bytes
(vm19:m0:23) all data sent, thread exiting
(vm19:m0) Got connection from reducer vm5:r0
(vm19:m0:4) thread started, have to send 1402438300 bytes
(vm19:m0) Got connection from reducer vm28:r0
(vm19:m0:27) thread started, have to send 1402438300 bytes
(vm19:m0:4) all data sent, thread exiting
(vm19:m0:27) all data sent, thread exiting
(vm19:m0) Got connection from reducer vm11:r0
(vm19:m0:10) thread started, have to send 1402438300 bytes
(vm19:m0:10) all data sent, thread exiting
(vm19:m0) Got connection from reducer vm15:r0
(vm19:m0:14) thread started, have to send 1402438300 bytes
(vm19:m0:14) all data sent, thread exiting
(vm19:m0) Got connection from reducer vm16:r0
(vm19:m0:15) thread started, have to send 1402438300 bytes
(vm19:m0) Got connection from reducer vm4:r0
(vm19:m0:3) thread started, have to send 1402438300 bytes
(vm19:m0:15) all data sent, thread exiting
(vm19:m0:3) all data sent, thread exiting
(vm19:m0) Got connection from reducer vm27:r0
(vm19:m0:26) thread started, have to send 1402438300 bytes
(vm19:m0) Got connection from reducer vm21:r0
(vm19:m0:20) thread started, have to send 1402438300 bytes
(vm19:m0) Got connection from reducer vm3:r0
(vm19:m0:2) thread started, have to send 1402438300 bytes
(vm19:m0) Got connection from reducer vm10:r0
(vm19:m0) Waiting for a thread to finish
(vm19:m0) thread 0 joined, 27 connections remaining
(vm19:m0) Waiting for a thread to finish
(vm19:m0) thread 1 joined, 26 connections remaining
(vm19:m0) Waiting for a thread to finish
(vm19:m0:9) thread started, have to send 1402438300 bytes
(vm19:m0:26) all data sent, thread exiting
(vm19:m0:20) all data sent, thread exiting
(vm19:m0:2) all data sent, thread exiting
(vm19:m0) thread 2 joined, 25 connections remaining
(vm19:m0) Waiting for a thread to finish
(vm19:m0) thread 3 joined, 24 connections remaining
(vm19:m0) Waiting for a thread to finish
(vm19:m0) thread 4 joined, 23 connections remaining
(vm19:m0) Waiting for a thread to finish
(vm19:m0) thread 5 joined, 22 connections remaining
(vm19:m0) Waiting for a thread to finish
(vm19:m0) thread 6 joined, 21 connections remaining
(vm19:m0) Waiting for a thread to finish
(vm19:m0) thread 7 joined, 20 connections remaining
(vm19:m0) Waiting for a thread to finish
(vm19:m0) thread 8 joined, 19 connections remaining
(vm19:m0) Waiting for a thread to finish
(vm19:m0:9) all data sent, thread exiting
(vm19:m0) thread 9 joined, 18 connections remaining
(vm19:m0) Waiting for a thread to finish
(vm19:m0) thread 10 joined, 17 connections remaining
(vm19:m0) Waiting for a thread to finish
(vm19:m0) thread 11 joined, 16 connections remaining
(vm19:m0) Waiting for a thread to finish
(vm19:m0) thread 12 joined, 15 connections remaining
(vm19:m0) Waiting for a thread to finish
(vm19:m0) thread 13 joined, 14 connections remaining
(vm19:m0) Waiting for a thread to finish
(vm19:m0) thread 14 joined, 13 connections remaining
(vm19:m0) Waiting for a thread to finish
(vm19:m0) thread 15 joined, 12 connections remaining
(vm19:m0) Waiting for a thread to finish
(vm19:m0) thread 16 joined, 11 connections remaining
(vm19:m0) Waiting for a thread to finish
(vm19:m0) thread 17 joined, 10 connections remaining
(vm19:m0) Waiting for a thread to finish
(vm19:m0) thread 18 joined, 9 connections remaining
(vm19:m0) Waiting for a thread to finish
(vm19:m0) thread 19 joined, 8 connections remaining
(vm19:m0) Waiting for a thread to finish
(vm19:m0) thread 20 joined, 7 connections remaining
(vm19:m0) Waiting for a thread to finish
(vm19:m0) thread 21 joined, 6 connections remaining
(vm19:m0) Waiting for a thread to finish
(vm19:m0) thread 22 joined, 5 connections remaining
(vm19:m0) Waiting for a thread to finish
(vm19:m0) thread 23 joined, 4 connections remaining
(vm19:m0) Waiting for a thread to finish
(vm19:m0) thread 24 joined, 3 connections remaining
(vm19:m0) Waiting for a thread to finish
(vm19:m0) thread 25 joined, 2 connections remaining
(vm19:m0) Waiting for a thread to finish
(vm19:m0) thread 26 joined, 1 connections remaining
(vm19:m0) Waiting for a thread to finish
(vm19:m0) thread 27 joined, 0 connections remaining
(vm19:m0) all done, exiting
*RES* start node vm19:m0
*RES* vm19:m0:0,1404896572968,6239,1595,1402438301
*RES* vm19:m0:1,1404896683931,3163,1281,1402438301
*RES* vm19:m0:2,1404896732703,4540,920,1402438301
*RES* vm19:m0:3,1404896728876,2371,1071,1402438301
*RES* vm19:m0:4,1404896703395,2681,1165,1402438301
*RES* vm19:m0:5,1404896644373,5889,1149,1402438301
*RES* vm19:m0:6,1404896656754,3830,1258,1402438301
*RES* vm19:m0:7,1404896670406,3708,1083,1402438301
*RES* vm19:m0:8,1404896669147,3891,1174,1402438301
*RES* vm19:m0:9,1404896732784,4615,978,1402438301
*RES* vm19:m0:10,1404896711390,2348,1128,1402438301
*RES* vm19:m0:11,1404896623228,5296,990,1402438301
*RES* vm19:m0:12,1404896574890,5761,1401,1402438301
*RES* vm19:m0:13,1404896642775,6766,1086,1402438301
*RES* vm19:m0:14,1404896719351,1792,1121,1402438301
*RES* vm19:m0:15,1404896727813,2358,1142,1402438301
*RES* vm19:m0:16,1404896644102,6077,1138,1402438301
*RES* vm19:m0:17,1404896617790,6444,1067,1402438301
*RES* vm19:m0:18,1404896608230,2356,339,1402438301
*RES* vm19:m0:19,1404896612562,6520,1550,1402438301
*RES* vm19:m0:20,1404896732641,4580,934,1402438301
*RES* vm19:m0:21,1404896619342,4503,958,1402438301
*RES* vm19:m0:22,1404896668101,5486,1096,1402438301
*RES* vm19:m0:23,1404896697788,3796,1158,1402438301
*RES* vm19:m0:24,1404896671585,3829,1116,1402438301
*RES* vm19:m0:25,1404896623611,4935,1017,1402438301
*RES* vm19:m0:26,1404896732556,4551,921,1402438301
*RES* vm19:m0:27,1404896704615,2971,1169,1402438301
*RES* end node vm19:m0
Node vm19:m0 joined
*RES* start node vm19:r0
*RES* vm19:r0:0,1404896480352,35887,1312,1402438301
*RES* vm19:r0:0,1404896516245,26495,1116,1402438301
*RES* vm19:r0:0,1404896542746,14028,1235,1402438301
*RES* vm19:r0:0,1404896556782,3248,1410,1402438301
*RES* vm19:r0:0,1404896560034,3869,1495,1402438301
*RES* vm19:r0:0,1404896563910,4561,2067,1402438301
*RES* vm19:r0:0,1404896568478,4685,1785,1402438301
*RES* vm19:r0:0,1404896573170,6716,1447,1402438301
*RES* vm19:r0:0,1404896579892,4304,1580,1402438301
*RES* vm19:r0:0,1404896584202,4659,2103,1402438301
*RES* vm19:r0:0,1404896588866,4846,1906,1402438301
*RES* vm19:r0:0,1404896593718,4677,1768,1402438301
*RES* vm19:r0:0,1404896598402,5192,1563,1402438301
*RES* vm19:r0:0,1404896603602,4622,1707,1402438301
*RES* vm19:r0:0,1404896608230,2363,1001,1402438301
*RES* vm19:r0:0,1404896610598,5271,1533,1402438301
*RES* vm19:r0:0,1404896615889,6111,1494,1402438301
*RES* vm19:r0:0,1404896622009,5877,1062,1402438301
*RES* vm19:r0:0,1404896627902,5058,1566,1402438301
*RES* vm19:r0:0,1404896632970,4288,1542,1402438301
*RES* vm19:r0:0,1404896637266,4578,1483,1402438301
*RES* vm19:r0:0,1404896641850,5676,1231,1402438301
*RES* vm19:r0:0,1404896647542,5337,1413,1402438301
*RES* vm19:r0:0,1404896652886,4245,1541,1402438301
*RES* vm19:r0:1,1404896480352,30124,1308,1402438301
*RES* vm19:r0:2,1404896480352,41298,1318,1402438301
*RES* vm19:r0:3,1404896480352,36529,1316,1402438301
*RES* vm19:r0:4,1404896480352,36656,1277,1402438301
*RES* end node vm19:r0
Node vm19:r0 joined
Worker terminating correctly
