OSMeF worker starting
Enabling core dumping
Listening for command connection
(vm36:m0) New mapper on port 23330
(vm36:m0) -> reducer data size 803149472
(vm36:m0) -> reducer data size 803149472
(vm36:m0) -> reducer data size 803149472
(vm36:m0) -> reducer data size 803149472
(vm36:m0) -> reducer data size 803149472
(vm36:m0) -> reducer data size 803149472
(vm36:m0) -> reducer data size 803149472
(vm36:m0) -> reducer data size 803149472
(vm36:m0) -> reducer data size 803149472
(vm36:m0) -> reducer data size 803149472
(vm36:m0) -> reducer data size 803149472
(vm36:m0) -> reducer data size 803149472
(vm36:m0) -> reducer data size 803149472
(vm36:m0) -> reducer data size 803149472
(vm36:m0) -> reducer data size 803149472
(vm36:m0) -> reducer data size 803149472
(vm36:m0) -> reducer data size 803149472
(vm36:m0) -> reducer data size 803149472
(vm36:m0) -> reducer data size 803149472
(vm36:m0) -> reducer data size 803149472
(vm36:m0) -> reducer data size 803149472
(vm36:m0) -> reducer data size 803149472
(vm36:m0) -> reducer data size 803149472
(vm36:m0) -> reducer data size 803149472
(vm36:m0) -> reducer data size 803149472
(vm36:m0) -> reducer data size 803149472
(vm36:m0) -> reducer data size 803149472
(vm36:m0) -> reducer data size 803149472
(vm36:m0) -> reducer data size 803149472
(vm36:m0) -> reducer data size 803149472
(vm36:m0) -> reducer data size 803149472
(vm36:m0) -> reducer data size 803149472
(vm36:m0) -> reducer data size 803149472
(vm36:m0) -> reducer data size 803149472
(vm36:m0) -> reducer data size 803149472
(vm36:m0) -> reducer data size 803149472
(vm36:m0) -> reducer data size 803149472
(vm36:m0) Mapper thread started
(vm36:m0) Allocating data for reducer vm1:r0
(vm36:m0) Allocating data for reducer vm2:r0
(vm36:m0) Allocating data for reducer vm3:r0
(vm36:m0) Allocating data for reducer vm4:r0
(vm36:m0) Allocating data for reducer vm5:r0
(vm36:m0) Allocating data for reducer vm6:r0
(vm36:m0) Allocating data for reducer vm7:r0
(vm36:m0) Allocating data for reducer vm8:r0
(vm36:m0) Allocating data for reducer vm9:r0
(vm36:m0) Allocating data for reducer vm10:r0
(vm36:m0) Allocating data for reducer vm11:r0
(vm36:m0) Allocating data for reducer vm12:r0
(vm36:m0) Allocating data for reducer vm13:r0
(vm36:m0) Allocating data for reducer vm14:r0
(vm36:m0) Allocating data for reducer vm15:r0
(vm36:m0) Allocating data for reducer vm16:r0
(vm36:m0) Allocating data for reducer vm17:r0
(vm36:m0) Allocating data for reducer vm18:r0
(vm36:m0) Allocating data for reducer vm19:r0
(vm36:m0) Allocating data for reducer vm20:r0
(vm36:m0) Allocating data for reducer vm21:r0
(vm36:m0) Allocating data for reducer vm22:r0
(vm36:m0) Allocating data for reducer vm23:r0
(vm36:m0) Allocating data for reducer vm24:r0
(vm36:m0) Allocating data for reducer vm25:r0
(vm36:m0) Allocating data for reducer vm26:r0
(vm36:m0) Allocating data for reducer vm27:r0
(vm36:m0) Allocating data for reducer vm28:r0
(vm36:m0) Allocating data for reducer vm29:r0
(vm36:m0) Allocating data for reducer vm30:r0
(vm36:m0) Allocating data for reducer vm31:r0
(vm36:m0) Allocating data for reducer vm32:r0
(vm36:m0) Allocating data for reducer vm33:r0
(vm36:m0) Allocating data for reducer vm34:r0
(vm36:m0) Allocating data for reducer vm35:r0
(vm36:m0) Allocating data for reducer vm36:r0
(vm36:m0) Allocating data for reducer vm37:r0
(vm36:m0) Binding to port 23330
(vm36:r0) New reducer
(vm36:r0) Reducer thread started
(vm36:r0) waiting for START message
(vm36:r0) got START message
(vm36:r0) Starting new connection thread
(vm36:r0) Starting new connection thread
(vm36:r0) Starting new connection thread
(vm36:r0) Starting new connection thread
(vm36:r0) Starting new connection thread
(vm36:r0) Maximum number of connections reached (5), waiting for a thread to finish
(vm36:r0:2) Connection established
(vm36:r0:4) Connection established
(vm36:r0:3) Connection established
(vm36:r0:1) Connection established
(vm36:r0:0) Connection established
(vm36:r0:2) Connection finished, received 803149473 bytes
(vm36:r0:0) Connection finished, received 803149473 bytes
(vm36:r0) thread 0 joined, 36 connections remaining
(vm36:r0) Starting new connection thread
(vm36:r0) Maximum number of connections reached (5), waiting for a thread to finish
(vm36:r0:0) Connection established
(vm36:r0:1) Connection finished, received 803149473 bytes
(vm36:r0:4) Connection finished, received 803149473 bytes
(vm36:r0:3) Connection finished, received 803149473 bytes
(vm36:r0:0) Connection finished, received 803149473 bytes
(vm36:r0) thread 0 joined, 35 connections remaining
(vm36:r0) Starting new connection thread
(vm36:r0) Maximum number of connections reached (5), waiting for a thread to finish
(vm36:r0:0) Connection established
(vm36:r0:0) Connection finished, received 803149473 bytes
(vm36:r0) thread 0 joined, 34 connections remaining
(vm36:r0) Starting new connection thread
(vm36:r0) Maximum number of connections reached (5), waiting for a thread to finish
(vm36:r0:0) Connection established
(vm36:r0:0) Connection finished, received 803149473 bytes
(vm36:r0) thread 0 joined, 33 connections remaining
(vm36:r0) Starting new connection thread
(vm36:r0) Maximum number of connections reached (5), waiting for a thread to finish
(vm36:r0:0) Connection established
(vm36:r0:0) Connection finished, received 803149473 bytes
(vm36:r0) thread 0 joined, 32 connections remaining
(vm36:r0) Starting new connection thread
(vm36:r0) Maximum number of connections reached (5), waiting for a thread to finish
(vm36:r0:0) Connection established
(vm36:r0:0) Connection finished, received 803149473 bytes
(vm36:r0) thread 0 joined, 31 connections remaining
(vm36:r0) Starting new connection thread
(vm36:r0) Maximum number of connections reached (5), waiting for a thread to finish
(vm36:r0:0) Connection established
(vm36:r0:0) Connection finished, received 803149473 bytes
(vm36:r0) thread 0 joined, 30 connections remaining
(vm36:r0) Starting new connection thread
(vm36:r0) Maximum number of connections reached (5), waiting for a thread to finish
(vm36:r0:0) Connection established
(vm36:r0:0) Connection finished, received 803149473 bytes
(vm36:r0) thread 0 joined, 29 connections remaining
(vm36:r0) Starting new connection thread
(vm36:r0) Maximum number of connections reached (5), waiting for a thread to finish
(vm36:r0:0) Connection established
(vm36:r0:0) Connection finished, received 803149473 bytes
(vm36:r0) thread 0 joined, 28 connections remaining
(vm36:r0) Starting new connection thread
(vm36:r0) Maximum number of connections reached (5), waiting for a thread to finish
(vm36:r0:0) Connection established
(vm36:r0:0) Connection finished, received 803149473 bytes
(vm36:r0) thread 0 joined, 27 connections remaining
(vm36:r0) Starting new connection thread
(vm36:r0) Maximum number of connections reached (5), waiting for a thread to finish
(vm36:r0:0) Connection established
(vm36:r0:0) Connection finished, received 803149473 bytes
(vm36:r0) thread 0 joined, 26 connections remaining
(vm36:r0) Starting new connection thread
(vm36:r0) Maximum number of connections reached (5), waiting for a thread to finish
(vm36:r0:0) Connection established
(vm36:r0:0) Connection finished, received 803149473 bytes
(vm36:r0) thread 0 joined, 25 connections remaining
(vm36:r0) Starting new connection thread
(vm36:r0) Maximum number of connections reached (5), waiting for a thread to finish
(vm36:r0:0) Connection established
(vm36:r0:0) Connection finished, received 803149473 bytes
(vm36:r0) thread 0 joined, 24 connections remaining
(vm36:r0) Starting new connection thread
(vm36:r0) Maximum number of connections reached (5), waiting for a thread to finish
(vm36:r0:0) Connection established
(vm36:r0:0) Connection finished, received 803149473 bytes
(vm36:r0) thread 0 joined, 23 connections remaining
(vm36:r0) Starting new connection thread
(vm36:r0) Maximum number of connections reached (5), waiting for a thread to finish
(vm36:r0:0) Connection established
(vm36:m0) Got connection from reducer vm1:r0
(vm36:m0:0) thread started, have to send 803149472 bytes
(vm36:m0) Got connection from reducer vm34:r0
(vm36:m0:33) thread started, have to send 803149472 bytes
(vm36:r0:0) Connection finished, received 803149473 bytes
(vm36:r0) thread 0 joined, 22 connections remaining
(vm36:r0) Starting new connection thread
(vm36:r0) Maximum number of connections reached (5), waiting for a thread to finish
(vm36:r0:0) Connection established
(vm36:m0:0) all data sent, thread exiting
(vm36:m0:33) all data sent, thread exiting
(vm36:r0:0) Connection finished, received 803149473 bytes
(vm36:r0) thread 0 joined, 21 connections remaining
(vm36:r0) Starting new connection thread
(vm36:r0) Maximum number of connections reached (5), waiting for a thread to finish
(vm36:r0:0) Connection established
(vm36:r0:0) Connection finished, received 803149473 bytes
(vm36:r0) thread 0 joined, 20 connections remaining
(vm36:r0) Starting new connection thread
(vm36:r0) Maximum number of connections reached (5), waiting for a thread to finish
(vm36:r0:0) Connection established
(vm36:r0:0) Connection finished, received 803149473 bytes
(vm36:r0) thread 0 joined, 19 connections remaining
(vm36:r0) Starting new connection thread
(vm36:r0) Maximum number of connections reached (5), waiting for a thread to finish
(vm36:r0:0) Connection established
(vm36:r0:0) Connection finished, received 803149473 bytes
(vm36:r0) thread 0 joined, 18 connections remaining
(vm36:r0) Starting new connection thread
(vm36:r0) Maximum number of connections reached (5), waiting for a thread to finish
(vm36:r0:0) Connection established
(vm36:r0:0) Connection finished, received 803149473 bytes
(vm36:r0) thread 0 joined, 17 connections remaining
(vm36:r0) Starting new connection thread
(vm36:r0) Maximum number of connections reached (5), waiting for a thread to finish
(vm36:r0:0) Connection established
(vm36:r0:0) Connection finished, received 803149473 bytes
(vm36:r0) thread 0 joined, 16 connections remaining
(vm36:r0) Starting new connection thread
(vm36:r0) Maximum number of connections reached (5), waiting for a thread to finish
(vm36:r0:0) Connection established
(vm36:r0:0) Connection finished, received 803149473 bytes
(vm36:r0) thread 0 joined, 15 connections remaining
(vm36:r0) Starting new connection thread
(vm36:r0) Maximum number of connections reached (5), waiting for a thread to finish
(vm36:r0:0) Connection established
(vm36:m0) Got connection from reducer vm26:r0
(vm36:m0:25) thread started, have to send 803149472 bytes
(vm36:m0) Got connection from reducer vm31:r0
(vm36:m0:30) thread started, have to send 803149472 bytes
(vm36:r0:0) Connection finished, received 803149473 bytes
(vm36:r0) thread 0 joined, 14 connections remaining
(vm36:r0) Starting new connection thread
(vm36:r0) Maximum number of connections reached (5), waiting for a thread to finish
(vm36:r0:0) Connection established
(vm36:m0:25) all data sent, thread exiting
(vm36:r0:0) Connection finished, received 803149473 bytes
(vm36:r0) thread 0 joined, 13 connections remaining
(vm36:r0) Starting new connection thread
(vm36:r0) Maximum number of connections reached (5), waiting for a thread to finish
(vm36:r0:0) Connection established
(vm36:m0:30) all data sent, thread exiting
(vm36:r0:0) Connection finished, received 803149473 bytes
(vm36:r0) thread 0 joined, 12 connections remaining
(vm36:r0) Starting new connection thread
(vm36:r0) Maximum number of connections reached (5), waiting for a thread to finish
(vm36:r0:0) Connection established
(vm36:r0:0) Connection finished, received 803149473 bytes
(vm36:r0) thread 0 joined, 11 connections remaining
(vm36:r0) Starting new connection thread
(vm36:r0) Maximum number of connections reached (5), waiting for a thread to finish
(vm36:r0:0) Connection established
(vm36:r0:0) Connection finished, received 803149473 bytes
(vm36:r0) thread 0 joined, 10 connections remaining
(vm36:r0) Starting new connection thread
(vm36:r0) Maximum number of connections reached (5), waiting for a thread to finish
(vm36:r0:0) Connection established
(vm36:m0) Got connection from reducer vm14:r0
(vm36:m0:13) thread started, have to send 803149472 bytes
(vm36:m0) Got connection from reducer vm11:r0
(vm36:m0:10) thread started, have to send 803149472 bytes
(vm36:m0:13) all data sent, thread exiting
(vm36:m0) Got connection from reducer vm6:r0
(vm36:m0:5) thread started, have to send 803149472 bytes
(vm36:r0:0) Connection finished, received 803149473 bytes
(vm36:r0) thread 0 joined, 9 connections remaining
(vm36:r0) Starting new connection thread
(vm36:r0) Maximum number of connections reached (5), waiting for a thread to finish
(vm36:r0:0) Connection established
(vm36:m0:10) all data sent, thread exiting
(vm36:m0) Got connection from reducer vm27:r0
(vm36:m0:26) thread started, have to send 803149472 bytes
(vm36:m0) Got connection from reducer vm13:r0
(vm36:m0:12) thread started, have to send 803149472 bytes
(vm36:m0:5) all data sent, thread exiting
(vm36:r0:0) Connection finished, received 803149473 bytes
(vm36:r0) thread 0 joined, 8 connections remaining
(vm36:r0) Starting new connection thread
(vm36:r0) Maximum number of connections reached (5), waiting for a thread to finish
(vm36:r0:0) Connection established
(vm36:m0) Got connection from reducer vm28:r0
(vm36:m0:27) thread started, have to send 803149472 bytes
(vm36:m0) Got connection from reducer vm35:r0
(vm36:m0:34) thread started, have to send 803149472 bytes
(vm36:m0:26) all data sent, thread exiting
(vm36:m0:12) all data sent, thread exiting
(vm36:r0:0) Connection finished, received 803149473 bytes
(vm36:r0) thread 0 joined, 7 connections remaining
(vm36:r0) Starting new connection thread
(vm36:r0) Maximum number of connections reached (5), waiting for a thread to finish
(vm36:r0:0) Connection established
(vm36:m0:27) all data sent, thread exiting
(vm36:m0:34) all data sent, thread exiting
(vm36:m0) Got connection from reducer vm24:r0
(vm36:m0:23) thread started, have to send 803149472 bytes
(vm36:m0) Got connection from reducer vm7:r0
(vm36:m0:6) thread started, have to send 803149472 bytes
(vm36:m0) Got connection from reducer vm3:r0
(vm36:m0:2) thread started, have to send 803149472 bytes
(vm36:m0) Got connection from reducer vm16:r0
(vm36:m0:15) thread started, have to send 803149472 bytes
(vm36:r0:0) Connection finished, received 803149473 bytes
(vm36:r0) thread 0 joined, 6 connections remaining
(vm36:r0) Starting new connection thread
(vm36:r0) Maximum number of connections reached (5), waiting for a thread to finish
(vm36:r0:0) Connection established
(vm36:m0) Got connection from reducer vm36:r0
(vm36:m0:35) thread started, have to send 803149472 bytes
(vm36:m0:23) all data sent, thread exiting
(vm36:m0:35) all data sent, thread exiting
(vm36:r0:0) Connection finished, received 803149473 bytes
(vm36:r0) thread 0 joined, 5 connections remaining
(vm36:r0) Starting new connection thread
(vm36:r0) Maximum number of connections reached (5), waiting for a thread to finish
(vm36:r0:0) Connection established
(vm36:m0:2) all data sent, thread exiting
(vm36:m0:6) all data sent, thread exiting
(vm36:m0:15) all data sent, thread exiting
(vm36:m0) Got connection from reducer vm19:r0
(vm36:m0:18) thread started, have to send 803149472 bytes
(vm36:m0) Got connection from reducer vm15:r0
(vm36:m0:14) thread started, have to send 803149472 bytes
(vm36:r0:0) Connection finished, received 803149473 bytes
(vm36:r0) thread 0 joined, 4 connections remaining
(vm36:r0) Maximum number of connections reached (4), waiting for a thread to finish
(vm36:r0) thread 1 joined, 3 connections remaining
(vm36:r0) Maximum number of connections reached (3), waiting for a thread to finish
(vm36:r0) thread 2 joined, 2 connections remaining
(vm36:r0) Maximum number of connections reached (2), waiting for a thread to finish
(vm36:r0) thread 3 joined, 1 connections remaining
(vm36:r0) Maximum number of connections reached (1), waiting for a thread to finish
(vm36:r0) thread 4 joined, 0 connections remaining
(vm36:r0) all done, exiting
(vm36:m0:18) all data sent, thread exiting
(vm36:m0) Got connection from reducer vm8:r0
(vm36:m0:7) thread started, have to send 803149472 bytes
(vm36:m0:14) all data sent, thread exiting
(vm36:m0) Got connection from reducer vm21:r0
(vm36:m0:20) thread started, have to send 803149472 bytes
(vm36:m0:7) all data sent, thread exiting
(vm36:m0:20) all data sent, thread exiting
(vm36:m0) Got connection from reducer vm20:r0
(vm36:m0:19) thread started, have to send 803149472 bytes
(vm36:m0:19) all data sent, thread exiting
(vm36:m0) Got connection from reducer vm17:r0
(vm36:m0:16) thread started, have to send 803149472 bytes
(vm36:m0) Got connection from reducer vm9:r0
(vm36:m0:8) thread started, have to send 803149472 bytes
(vm36:m0:16) all data sent, thread exiting
(vm36:m0) Got connection from reducer vm23:r0
(vm36:m0:22) thread started, have to send 803149472 bytes
(vm36:m0:8) all data sent, thread exiting
(vm36:m0:22) all data sent, thread exiting
(vm36:m0) Got connection from reducer vm2:r0
(vm36:m0:1) thread started, have to send 803149472 bytes
(vm36:m0:1) all data sent, thread exiting
(vm36:m0) Got connection from reducer vm22:r0
(vm36:m0:21) thread started, have to send 803149472 bytes
(vm36:m0:21) all data sent, thread exiting
(vm36:m0) Got connection from reducer vm32:r0
(vm36:m0:31) thread started, have to send 803149472 bytes
(vm36:m0) Got connection from reducer vm5:r0
(vm36:m0:4) thread started, have to send 803149472 bytes
(vm36:m0) Got connection from reducer vm12:r0
(vm36:m0:11) thread started, have to send 803149472 bytes
(vm36:m0:4) all data sent, thread exiting
(vm36:m0) Got connection from reducer vm29:r0
(vm36:m0:28) thread started, have to send 803149472 bytes
(vm36:m0:11) all data sent, thread exiting
(vm36:m0:31) all data sent, thread exiting
(vm36:m0) Got connection from reducer vm4:r0
(vm36:m0:3) thread started, have to send 803149472 bytes
(vm36:m0:28) all data sent, thread exiting
(vm36:m0:3) all data sent, thread exiting
(vm36:m0) Got connection from reducer vm18:r0
(vm36:m0:17) thread started, have to send 803149472 bytes
(vm36:m0) Got connection from reducer vm33:r0
(vm36:m0:32) thread started, have to send 803149472 bytes
(vm36:m0:17) all data sent, thread exiting
(vm36:m0:32) all data sent, thread exiting
(vm36:m0) Got connection from reducer vm37:r0
(vm36:m0:36) thread started, have to send 803149472 bytes
(vm36:m0) Got connection from reducer vm25:r0
(vm36:m0:24) thread started, have to send 803149472 bytes
(vm36:m0) Got connection from reducer vm10:r0
(vm36:m0:9) thread started, have to send 803149472 bytes
(vm36:m0:36) all data sent, thread exiting
(vm36:m0:24) all data sent, thread exiting
(vm36:m0:9) all data sent, thread exiting
(vm36:m0) Got connection from reducer vm30:r0
(vm36:m0) Waiting for a thread to finish
(vm36:m0) thread 0 joined, 36 connections remaining
(vm36:m0) Waiting for a thread to finish
(vm36:m0) thread 1 joined, 35 connections remaining
(vm36:m0) Waiting for a thread to finish
(vm36:m0) thread 2 joined, 34 connections remaining
(vm36:m0) Waiting for a thread to finish
(vm36:m0) thread 3 joined, 33 connections remaining
(vm36:m0) Waiting for a thread to finish
(vm36:m0) thread 4 joined, 32 connections remaining
(vm36:m0) Waiting for a thread to finish
(vm36:m0) thread 5 joined, 31 connections remaining
(vm36:m0) Waiting for a thread to finish
(vm36:m0) thread 6 joined, 30 connections remaining
(vm36:m0) Waiting for a thread to finish
(vm36:m0) thread 7 joined, 29 connections remaining
(vm36:m0) Waiting for a thread to finish
(vm36:m0) thread 8 joined, 28 connections remaining
(vm36:m0) Waiting for a thread to finish
(vm36:m0) thread 9 joined, 27 connections remaining
(vm36:m0) Waiting for a thread to finish
(vm36:m0) thread 10 joined, 26 connections remaining
(vm36:m0) Waiting for a thread to finish
(vm36:m0) thread 11 joined, 25 connections remaining
(vm36:m0) Waiting for a thread to finish
(vm36:m0) thread 12 joined, 24 connections remaining
(vm36:m0) Waiting for a thread to finish
(vm36:m0) thread 13 joined, 23 connections remaining
(vm36:m0) Waiting for a thread to finish
(vm36:m0) thread 14 joined, 22 connections remaining
(vm36:m0) Waiting for a thread to finish
(vm36:m0) thread 15 joined, 21 connections remaining
(vm36:m0) Waiting for a thread to finish
(vm36:m0) thread 16 joined, 20 connections remaining
(vm36:m0) Waiting for a thread to finish
(vm36:m0) thread 17 joined, 19 connections remaining
(vm36:m0) Waiting for a thread to finish
(vm36:m0) thread 18 joined, 18 connections remaining
(vm36:m0) Waiting for a thread to finish
(vm36:m0) thread 19 joined, 17 connections remaining
(vm36:m0) Waiting for a thread to finish
(vm36:m0) thread 20 joined, 16 connections remaining
(vm36:m0) Waiting for a thread to finish
(vm36:m0) thread 21 joined, 15 connections remaining
(vm36:m0) Waiting for a thread to finish
(vm36:m0) thread 22 joined, 14 connections remaining
(vm36:m0) Waiting for a thread to finish
(vm36:m0) thread 23 joined, 13 connections remaining
(vm36:m0) Waiting for a thread to finish
(vm36:m0) thread 24 joined, 12 connections remaining
(vm36:m0) Waiting for a thread to finish
(vm36:m0) thread 25 joined, 11 connections remaining
(vm36:m0) Waiting for a thread to finish
(vm36:m0) thread 26 joined, 10 connections remaining
(vm36:m0) Waiting for a thread to finish
(vm36:m0) thread 27 joined, 9 connections remaining
(vm36:m0) Waiting for a thread to finish
(vm36:m0) thread 28 joined, 8 connections remaining
(vm36:m0) Waiting for a thread to finish
(vm36:m0:29) thread started, have to send 803149472 bytes
(vm36:m0:29) all data sent, thread exiting
(vm36:m0) thread 29 joined, 7 connections remaining
(vm36:m0) Waiting for a thread to finish
(vm36:m0) thread 30 joined, 6 connections remaining
(vm36:m0) Waiting for a thread to finish
(vm36:m0) thread 31 joined, 5 connections remaining
(vm36:m0) Waiting for a thread to finish
(vm36:m0) thread 32 joined, 4 connections remaining
(vm36:m0) Waiting for a thread to finish
(vm36:m0) thread 33 joined, 3 connections remaining
(vm36:m0) Waiting for a thread to finish
(vm36:m0) thread 34 joined, 2 connections remaining
(vm36:m0) Waiting for a thread to finish
(vm36:m0) thread 35 joined, 1 connections remaining
(vm36:m0) Waiting for a thread to finish
(vm36:m0) thread 36 joined, 0 connections remaining
(vm36:m0) all done, exiting
*RES* start node vm36:m0
*RES* vm36:m0:0,1405717005266,5464,1536,803149473
*RES* vm36:m0:1,1405717144608,1513,626,803149473
*RES* vm36:m0:2,1405717122223,4923,729,803149473
*RES* vm36:m0:3,1405717151438,1178,572,803149473
*RES* vm36:m0:4,1405717149119,1396,512,803149473
*RES* vm36:m0:5,1405717103707,4569,1377,803149473
*RES* vm36:m0:6,1405717122086,5492,734,803149473
*RES* vm36:m0:7,1405717133504,2569,771,803149473
*RES* vm36:m0:8,1405717141419,1659,666,803149473
*RES* vm36:m0:9,1405717156558,1370,505,803149473
*RES* vm36:m0:10,1405717100738,5444,1617,803149473
*RES* vm36:m0:11,1405717149599,1489,533,803149473
*RES* vm36:m0:12,1405717107727,7052,1661,803149473
*RES* vm36:m0:13,1405717097935,4427,1545,803149473
*RES* vm36:m0:14,1405717131752,2500,645,803149473
*RES* vm36:m0:15,1405717123164,4452,705,803149473
*RES* vm36:m0:16,1405717139887,1856,654,803149473
*RES* vm36:m0:17,1405717153825,1241,549,803149473
*RES* vm36:m0:18,1405717129299,3043,672,803149473
*RES* vm36:m0:19,1405717137696,1931,769,803149473
*RES* vm36:m0:20,1405717134322,2604,733,803149473
*RES* vm36:m0:21,1405717146614,1366,616,803149473
*RES* vm36:m0:22,1405717142616,1587,661,803149473
*RES* vm36:m0:23,1405717120725,4258,763,803149473
*RES* vm36:m0:24,1405717156504,1367,504,803149473
*RES* vm36:m0:25,1405717065775,5609,1393,803149473
*RES* vm36:m0:26,1405717107700,6734,1556,803149473
*RES* vm36:m0:27,1405717113319,5921,1418,803149473
*RES* vm36:m0:28,1405717150773,1390,615,803149473
*RES* vm36:m0:29,1405717159466,820,396,803149473
*RES* vm36:m0:30,1405717067840,9164,1081,803149473
*RES* vm36:m0:31,1405717149066,2146,539,803149473
*RES* vm36:m0:32,1405717154290,1427,487,803149473
*RES* vm36:m0:33,1405717006947,5668,1432,803149473
*RES* vm36:m0:34,1405717113503,6705,1008,803149473
*RES* vm36:m0:35,1405717123848,3026,251,803149473
*RES* vm36:m0:36,1405717156162,1492,456,803149473
*RES* end node vm36:m0
Node vm36:m0 joined
*RES* start node vm36:r0
*RES* vm36:r0:0,1405716809339,28056,727,803149473
*RES* vm36:r0:0,1405716837399,49457,671,803149473
*RES* vm36:r0:0,1405716886863,34717,688,803149473
*RES* vm36:r0:0,1405716921587,11015,935,803149473
*RES* vm36:r0:0,1405716932607,4941,1395,803149473
*RES* vm36:r0:0,1405716937555,7037,1382,803149473
*RES* vm36:r0:0,1405716944599,7969,1087,803149473
*RES* vm36:r0:0,1405716952575,4620,1271,803149473
*RES* vm36:r0:0,1405716957199,6402,1288,803149473
*RES* vm36:r0:0,1405716963611,7112,1240,803149473
*RES* vm36:r0:0,1405716970727,7267,1036,803149473
*RES* vm36:r0:0,1405716977999,7226,1689,803149473
*RES* vm36:r0:0,1405716985231,7411,1238,803149473
*RES* vm36:r0:0,1405716992647,7639,1326,803149473
*RES* vm36:r0:0,1405717000291,7219,1160,803149473
*RES* vm36:r0:0,1405717007534,8281,1028,803149473
*RES* vm36:r0:0,1405717015823,8732,1048,803149473
*RES* vm36:r0:0,1405717024559,8301,1481,803149473
*RES* vm36:r0:0,1405717032870,7890,1342,803149473
*RES* vm36:r0:0,1405717040772,7936,1107,803149473
*RES* vm36:r0:0,1405717048715,7862,962,803149473
*RES* vm36:r0:0,1405717056583,8613,1192,803149473
*RES* vm36:r0:0,1405717065203,5815,1390,803149473
*RES* vm36:r0:0,1405717071035,5797,1213,803149473
*RES* vm36:r0:0,1405717076839,5230,1290,803149473
*RES* vm36:r0:0,1405717082075,7450,1510,803149473
*RES* vm36:r0:0,1405717089531,5950,2301,803149473
*RES* vm36:r0:0,1405717095487,8294,1047,803149473
*RES* vm36:r0:0,1405717103784,8870,1009,803149473
*RES* vm36:r0:0,1405717112663,6112,1052,803149473
*RES* vm36:r0:0,1405717118787,5043,737,803149473
*RES* vm36:r0:0,1405717123845,3032,549,803149473
*RES* vm36:r0:0,1405717126890,5417,718,803149473
*RES* vm36:r0:1,1405716809339,29367,704,803149473
*RES* vm36:r0:2,1405716809339,25686,786,803149473
*RES* vm36:r0:3,1405716809339,30329,705,803149473
*RES* vm36:r0:4,1405716809338,29851,743,803149473
*RES* end node vm36:r0
Node vm36:r0 joined
Worker terminating correctly
