OSMeF worker starting
Enabling core dumping
Listening for command connection
(vm5:m0) New mapper on port 23330
(vm5:m0) -> reducer data size 803149472
(vm5:m0) -> reducer data size 803149472
(vm5:m0) -> reducer data size 803149472
(vm5:m0) -> reducer data size 803149472
(vm5:m0) -> reducer data size 803149472
(vm5:m0) -> reducer data size 803149472
(vm5:m0) -> reducer data size 803149472
(vm5:m0) -> reducer data size 803149472
(vm5:m0) -> reducer data size 803149472
(vm5:m0) -> reducer data size 803149472
(vm5:m0) -> reducer data size 803149472
(vm5:m0) -> reducer data size 803149472
(vm5:m0) -> reducer data size 803149472
(vm5:m0) -> reducer data size 803149472
(vm5:m0) -> reducer data size 803149472
(vm5:m0) -> reducer data size 803149472
(vm5:m0) -> reducer data size 803149472
(vm5:m0) -> reducer data size 803149472
(vm5:m0) -> reducer data size 803149472
(vm5:m0) -> reducer data size 803149472
(vm5:m0) -> reducer data size 803149472
(vm5:m0) -> reducer data size 803149472
(vm5:m0) -> reducer data size 803149472
(vm5:m0) -> reducer data size 803149472
(vm5:m0) -> reducer data size 803149472
(vm5:m0) -> reducer data size 803149472
(vm5:m0) -> reducer data size 803149472
(vm5:m0) -> reducer data size 803149472
(vm5:m0) -> reducer data size 803149472
(vm5:m0) -> reducer data size 803149472
(vm5:m0) -> reducer data size 803149472
(vm5:m0) -> reducer data size 803149472
(vm5:m0) -> reducer data size 803149472
(vm5:m0) -> reducer data size 803149472
(vm5:m0) -> reducer data size 803149472
(vm5:m0) -> reducer data size 803149472
(vm5:m0) -> reducer data size 803149472
(vm5:m0) Mapper thread started
(vm5:m0) Allocating data for reducer vm1:r0
(vm5:m0) Allocating data for reducer vm2:r0
(vm5:m0) Allocating data for reducer vm3:r0
(vm5:m0) Allocating data for reducer vm4:r0
(vm5:m0) Allocating data for reducer vm5:r0
(vm5:m0) Allocating data for reducer vm6:r0
(vm5:m0) Allocating data for reducer vm7:r0
(vm5:m0) Allocating data for reducer vm8:r0
(vm5:m0) Allocating data for reducer vm9:r0
(vm5:m0) Allocating data for reducer vm10:r0
(vm5:m0) Allocating data for reducer vm11:r0
(vm5:m0) Allocating data for reducer vm12:r0
(vm5:m0) Allocating data for reducer vm13:r0
(vm5:m0) Allocating data for reducer vm14:r0
(vm5:m0) Allocating data for reducer vm15:r0
(vm5:m0) Allocating data for reducer vm16:r0
(vm5:m0) Allocating data for reducer vm17:r0
(vm5:m0) Allocating data for reducer vm18:r0
(vm5:m0) Allocating data for reducer vm19:r0
(vm5:m0) Allocating data for reducer vm20:r0
(vm5:m0) Allocating data for reducer vm21:r0
(vm5:m0) Allocating data for reducer vm22:r0
(vm5:m0) Allocating data for reducer vm23:r0
(vm5:m0) Allocating data for reducer vm24:r0
(vm5:m0) Allocating data for reducer vm25:r0
(vm5:m0) Allocating data for reducer vm26:r0
(vm5:m0) Allocating data for reducer vm27:r0
(vm5:m0) Allocating data for reducer vm28:r0
(vm5:m0) Allocating data for reducer vm29:r0
(vm5:m0) Allocating data for reducer vm30:r0
(vm5:m0) Allocating data for reducer vm31:r0
(vm5:m0) Allocating data for reducer vm32:r0
(vm5:m0) Allocating data for reducer vm33:r0
(vm5:m0) Allocating data for reducer vm34:r0
(vm5:m0) Allocating data for reducer vm35:r0
(vm5:m0) Allocating data for reducer vm36:r0
(vm5:m0) Allocating data for reducer vm37:r0
(vm5:m0) Binding to port 23330
(vm5:r0) New reducer
(vm5:r0) Reducer thread started
(vm5:r0) waiting for START message
(vm5:r0) got START message
(vm5:r0) Starting new connection thread
(vm5:m0) Got connection from reducer vm1:r0
(vm5:r0) Starting new connection thread
(vm5:r0) Starting new connection thread
(vm5:r0) Starting new connection thread
(vm5:r0) Starting new connection thread
(vm5:r0) Maximum number of connections reached (5), waiting for a thread to finish
(vm5:m0) Got connection from reducer vm3:r0
(vm5:r0:4) Connection established
(vm5:m0) Got connection from reducer vm5:r0
(vm5:m0:2) thread started, have to send 803149472 bytes
(vm5:m0:4) thread started, have to send 803149472 bytes
(vm5:m0:0) thread started, have to send 803149472 bytes
(vm5:m0) Got connection from reducer vm4:r0
(vm5:m0) Got connection from reducer vm2:r0
(vm5:m0) Got connection from reducer vm6:r0
(vm5:m0) Got connection from reducer vm7:r0
(vm5:m0) Got connection from reducer vm9:r0
(vm5:m0) Got connection from reducer vm8:r0
(vm5:m0) Got connection from reducer vm10:r0
(vm5:m0) Got connection from reducer vm13:r0
(vm5:r0:3) Connection established
(vm5:r0:2) Connection established
(vm5:r0:1) Connection established
(vm5:m0) Got connection from reducer vm15:r0
(vm5:m0) Got connection from reducer vm11:r0
(vm5:m0) Got connection from reducer vm12:r0
(vm5:m0) Got connection from reducer vm16:r0
(vm5:m0) Got connection from reducer vm14:r0
(vm5:m0) Got connection from reducer vm17:r0
(vm5:m0) Got connection from reducer vm18:r0
(vm5:m0) Got connection from reducer vm19:r0
(vm5:m0) Got connection from reducer vm22:r0
(vm5:m0) Got connection from reducer vm21:r0
(vm5:m0) Got connection from reducer vm20:r0
(vm5:m0) Got connection from reducer vm23:r0
(vm5:m0) Got connection from reducer vm25:r0
(vm5:m0) Got connection from reducer vm24:r0
(vm5:m0) Got connection from reducer vm27:r0
(vm5:m0) Got connection from reducer vm26:r0
(vm5:m0) Got connection from reducer vm29:r0
(vm5:m0) Got connection from reducer vm28:r0
(vm5:m0) Got connection from reducer vm31:r0
(vm5:m0) Got connection from reducer vm33:r0
(vm5:m0) Got connection from reducer vm32:r0
(vm5:m0) Got connection from reducer vm34:r0
(vm5:m0) Got connection from reducer vm35:r0
(vm5:m0) Got connection from reducer vm36:r0
(vm5:m0) Got connection from reducer vm30:r0
(vm5:m0) Got connection from reducer vm37:r0
(vm5:m0) Waiting for a thread to finish
(vm5:r0:0) Connection established
(vm5:m0:6) thread started, have to send 803149472 bytes
(vm5:m0:12) thread started, have to send 803149472 bytes
(vm5:m0:8) thread started, have to send 803149472 bytes
(vm5:m0:7) thread started, have to send 803149472 bytes
(vm5:m0:3) thread started, have to send 803149472 bytes
(vm5:m0:1) thread started, have to send 803149472 bytes
(vm5:m0:5) thread started, have to send 803149472 bytes
(vm5:m0:9) thread started, have to send 803149472 bytes
(vm5:m0:29) thread started, have to send 803149472 bytes
(vm5:m0:17) thread started, have to send 803149472 bytes
(vm5:m0:31) thread started, have to send 803149472 bytes
(vm5:m0:22) thread started, have to send 803149472 bytes
(vm5:m0:25) thread started, have to send 803149472 bytes
(vm5:m0:34) thread started, have to send 803149472 bytes
(vm5:m0:21) thread started, have to send 803149472 bytes
(vm5:m0:33) thread started, have to send 803149472 bytes
(vm5:m0:14) thread started, have to send 803149472 bytes
(vm5:m0:10) thread started, have to send 803149472 bytes
(vm5:m0:13) thread started, have to send 803149472 bytes
(vm5:m0:16) thread started, have to send 803149472 bytes
(vm5:m0:18) thread started, have to send 803149472 bytes
(vm5:m0:19) thread started, have to send 803149472 bytes
(vm5:m0:23) thread started, have to send 803149472 bytes
(vm5:m0:26) thread started, have to send 803149472 bytes
(vm5:m0:15) thread started, have to send 803149472 bytes
(vm5:m0:24) thread started, have to send 803149472 bytes
(vm5:m0:28) thread started, have to send 803149472 bytes
(vm5:m0:27) thread started, have to send 803149472 bytes
(vm5:m0:30) thread started, have to send 803149472 bytes
(vm5:m0:32) thread started, have to send 803149472 bytes
(vm5:m0:20) thread started, have to send 803149472 bytes
(vm5:m0:11) thread started, have to send 803149472 bytes
(vm5:m0:35) thread started, have to send 803149472 bytes
(vm5:m0:36) thread started, have to send 803149472 bytes
(vm5:r0:4) Connection finished, received 803149473 bytes
(vm5:m0:4) all data sent, thread exiting
(vm5:m0:21) all data sent, thread exiting
(vm5:m0:25) all data sent, thread exiting
(vm5:m0:10) all data sent, thread exiting
(vm5:m0:15) all data sent, thread exiting
(vm5:m0:16) all data sent, thread exiting
(vm5:m0:17) all data sent, thread exiting
(vm5:m0:33) all data sent, thread exiting
(vm5:m0:26) all data sent, thread exiting
(vm5:m0:9) all data sent, thread exiting
(vm5:m0:8) all data sent, thread exiting
(vm5:m0:35) all data sent, thread exiting
(vm5:m0:20) all data sent, thread exiting
(vm5:m0:13) all data sent, thread exiting
(vm5:m0:22) all data sent, thread exiting
(vm5:m0:11) all data sent, thread exiting
(vm5:m0:19) all data sent, thread exiting
(vm5:m0:27) all data sent, thread exiting
(vm5:m0:18) all data sent, thread exiting
(vm5:m0:14) all data sent, thread exiting
(vm5:m0:23) all data sent, thread exiting
(vm5:m0:28) all data sent, thread exiting
(vm5:m0:29) all data sent, thread exiting
(vm5:m0:30) all data sent, thread exiting
(vm5:m0:7) all data sent, thread exiting
(vm5:m0:24) all data sent, thread exiting
(vm5:m0:12) all data sent, thread exiting
(vm5:m0:34) all data sent, thread exiting
(vm5:m0:6) all data sent, thread exiting
(vm5:m0:31) all data sent, thread exiting
(vm5:m0:36) all data sent, thread exiting
(vm5:m0:32) all data sent, thread exiting
(vm5:m0:5) all data sent, thread exiting
(vm5:m0:2) all data sent, thread exiting
(vm5:m0:0) all data sent, thread exiting
(vm5:m0) thread 0 joined, 36 connections remaining
(vm5:m0) Waiting for a thread to finish
(vm5:r0:3) Connection finished, received 803149473 bytes
(vm5:m0:3) all data sent, thread exiting
(vm5:r0:0) Connection finished, received 803149473 bytes
(vm5:r0) thread 0 joined, 36 connections remaining
(vm5:r0) Starting new connection thread
(vm5:r0) Maximum number of connections reached (5), waiting for a thread to finish
(vm5:r0:2) Connection finished, received 803149473 bytes
(vm5:r0:0) Connection established
(vm5:r0:1) Connection finished, received 803149473 bytes
(vm5:m0:1) all data sent, thread exiting
(vm5:m0) thread 1 joined, 35 connections remaining
(vm5:m0) Waiting for a thread to finish
(vm5:m0) thread 2 joined, 34 connections remaining
(vm5:m0) Waiting for a thread to finish
(vm5:m0) thread 3 joined, 33 connections remaining
(vm5:m0) Waiting for a thread to finish
(vm5:m0) thread 4 joined, 32 connections remaining
(vm5:m0) Waiting for a thread to finish
(vm5:m0) thread 5 joined, 31 connections remaining
(vm5:m0) Waiting for a thread to finish
(vm5:m0) thread 6 joined, 30 connections remaining
(vm5:m0) Waiting for a thread to finish
(vm5:m0) thread 7 joined, 29 connections remaining
(vm5:m0) Waiting for a thread to finish
(vm5:m0) thread 8 joined, 28 connections remaining
(vm5:m0) Waiting for a thread to finish
(vm5:m0) thread 9 joined, 27 connections remaining
(vm5:m0) Waiting for a thread to finish
(vm5:m0) thread 10 joined, 26 connections remaining
(vm5:m0) Waiting for a thread to finish
(vm5:m0) thread 11 joined, 25 connections remaining
(vm5:m0) Waiting for a thread to finish
(vm5:m0) thread 12 joined, 24 connections remaining
(vm5:m0) Waiting for a thread to finish
(vm5:m0) thread 13 joined, 23 connections remaining
(vm5:m0) Waiting for a thread to finish
(vm5:m0) thread 14 joined, 22 connections remaining
(vm5:m0) Waiting for a thread to finish
(vm5:m0) thread 15 joined, 21 connections remaining
(vm5:m0) Waiting for a thread to finish
(vm5:m0) thread 16 joined, 20 connections remaining
(vm5:m0) Waiting for a thread to finish
(vm5:m0) thread 17 joined, 19 connections remaining
(vm5:m0) Waiting for a thread to finish
(vm5:m0) thread 18 joined, 18 connections remaining
(vm5:m0) Waiting for a thread to finish
(vm5:m0) thread 19 joined, 17 connections remaining
(vm5:m0) Waiting for a thread to finish
(vm5:m0) thread 20 joined, 16 connections remaining
(vm5:m0) Waiting for a thread to finish
(vm5:m0) thread 21 joined, 15 connections remaining
(vm5:m0) Waiting for a thread to finish
(vm5:m0) thread 22 joined, 14 connections remaining
(vm5:m0) Waiting for a thread to finish
(vm5:m0) thread 23 joined, 13 connections remaining
(vm5:m0) Waiting for a thread to finish
(vm5:m0) thread 24 joined, 12 connections remaining
(vm5:m0) Waiting for a thread to finish
(vm5:m0) thread 25 joined, 11 connections remaining
(vm5:m0) Waiting for a thread to finish
(vm5:m0) thread 26 joined, 10 connections remaining
(vm5:m0) Waiting for a thread to finish
(vm5:m0) thread 27 joined, 9 connections remaining
(vm5:m0) Waiting for a thread to finish
(vm5:m0) thread 28 joined, 8 connections remaining
(vm5:m0) Waiting for a thread to finish
(vm5:m0) thread 29 joined, 7 connections remaining
(vm5:m0) Waiting for a thread to finish
(vm5:m0) thread 30 joined, 6 connections remaining
(vm5:m0) Waiting for a thread to finish
(vm5:m0) thread 31 joined, 5 connections remaining
(vm5:m0) Waiting for a thread to finish
(vm5:m0) thread 32 joined, 4 connections remaining
(vm5:m0) Waiting for a thread to finish
(vm5:m0) thread 33 joined, 3 connections remaining
(vm5:m0) Waiting for a thread to finish
(vm5:m0) thread 34 joined, 2 connections remaining
(vm5:m0) Waiting for a thread to finish
(vm5:m0) thread 35 joined, 1 connections remaining
(vm5:m0) Waiting for a thread to finish
(vm5:m0) thread 36 joined, 0 connections remaining
(vm5:m0) all done, exiting
*RES* start node vm5:m0
*RES* vm5:m0:0,1405716809397,32759,739,803149473
*RES* vm5:m0:1,1405716809406,34052,813,803149473
*RES* vm5:m0:2,1405716809396,31698,702,803149473
*RES* vm5:m0:3,1405716809406,32993,653,803149473
*RES* vm5:m0:4,1405716809396,16638,252,803149473
*RES* vm5:m0:5,1405716809406,31134,721,803149473
*RES* vm5:m0:6,1405716809404,30829,740,803149473
*RES* vm5:m0:7,1405716809405,30770,718,803149473
*RES* vm5:m0:8,1405716809404,29801,680,803149473
*RES* vm5:m0:9,1405716809406,29653,676,803149473
*RES* vm5:m0:10,1405716809408,29079,693,803149473
*RES* vm5:m0:11,1405716809411,30194,711,803149473
*RES* vm5:m0:12,1405716809404,30806,725,803149473
*RES* vm5:m0:13,1405716809409,29857,687,803149473
*RES* vm5:m0:14,1405716809408,30509,708,803149473
*RES* vm5:m0:15,1405716809409,29280,704,803149473
*RES* vm5:m0:16,1405716809409,29356,696,803149473
*RES* vm5:m0:17,1405716809407,29358,677,803149473
*RES* vm5:m0:18,1405716809409,30407,688,803149473
*RES* vm5:m0:19,1405716809409,30182,727,803149473
*RES* vm5:m0:20,1405716809410,29834,678,803149473
*RES* vm5:m0:21,1405716809408,27422,676,803149473
*RES* vm5:m0:22,1405716809408,30151,705,803149473
*RES* vm5:m0:23,1405716809409,30509,679,803149473
*RES* vm5:m0:24,1405716809409,30776,692,803149473
*RES* vm5:m0:25,1405716809408,29075,693,803149473
*RES* vm5:m0:26,1405716809409,29682,657,803149473
*RES* vm5:m0:27,1405716809410,30286,688,803149473
*RES* vm5:m0:28,1405716809410,30609,680,803149473
*RES* vm5:m0:29,1405716809407,30631,678,803149473
*RES* vm5:m0:30,1405716809410,30696,706,803149473
*RES* vm5:m0:31,1405716809407,30825,792,803149473
*RES* vm5:m0:32,1405716809410,30824,737,803149473
*RES* vm5:m0:33,1405716809408,29526,650,803149473
*RES* vm5:m0:34,1405716809408,30802,705,803149473
*RES* vm5:m0:35,1405716809411,29809,678,803149473
*RES* vm5:m0:36,1405716809414,30820,720,803149473
*RES* end node vm5:m0
Node vm5:m0 joined
(vm5:r0:0) Connection finished, received 803149473 bytes
(vm5:r0) thread 0 joined, 35 connections remaining
(vm5:r0) Starting new connection thread
(vm5:r0) Maximum number of connections reached (5), waiting for a thread to finish
(vm5:r0:0) Connection established
(vm5:r0:0) Connection finished, received 803149473 bytes
(vm5:r0) thread 0 joined, 34 connections remaining
(vm5:r0) Starting new connection thread
(vm5:r0) Maximum number of connections reached (5), waiting for a thread to finish
(vm5:r0:0) Connection established
(vm5:r0:0) Connection finished, received 803149473 bytes
(vm5:r0) thread 0 joined, 33 connections remaining
(vm5:r0) Starting new connection thread
(vm5:r0) Maximum number of connections reached (5), waiting for a thread to finish
(vm5:r0:0) Connection established
(vm5:r0:0) Connection finished, received 803149473 bytes
(vm5:r0) thread 0 joined, 32 connections remaining
(vm5:r0) Starting new connection thread
(vm5:r0) Maximum number of connections reached (5), waiting for a thread to finish
(vm5:r0:0) Connection established
(vm5:r0:0) Connection finished, received 803149473 bytes
(vm5:r0) thread 0 joined, 31 connections remaining
(vm5:r0) Starting new connection thread
(vm5:r0) Maximum number of connections reached (5), waiting for a thread to finish
(vm5:r0:0) Connection established
(vm5:r0:0) Connection finished, received 803149473 bytes
(vm5:r0) thread 0 joined, 30 connections remaining
(vm5:r0) Starting new connection thread
(vm5:r0) Maximum number of connections reached (5), waiting for a thread to finish
(vm5:r0:0) Connection established
(vm5:r0:0) Connection finished, received 803149473 bytes
(vm5:r0) thread 0 joined, 29 connections remaining
(vm5:r0) Starting new connection thread
(vm5:r0) Maximum number of connections reached (5), waiting for a thread to finish
(vm5:r0:0) Connection established
(vm5:r0:0) Connection finished, received 803149473 bytes
(vm5:r0) thread 0 joined, 28 connections remaining
(vm5:r0) Starting new connection thread
(vm5:r0) Maximum number of connections reached (5), waiting for a thread to finish
(vm5:r0:0) Connection established
(vm5:r0:0) Connection finished, received 803149473 bytes
(vm5:r0) thread 0 joined, 27 connections remaining
(vm5:r0) Starting new connection thread
(vm5:r0) Maximum number of connections reached (5), waiting for a thread to finish
(vm5:r0:0) Connection established
(vm5:r0:0) Connection finished, received 803149473 bytes
(vm5:r0) thread 0 joined, 26 connections remaining
(vm5:r0) Starting new connection thread
(vm5:r0) Maximum number of connections reached (5), waiting for a thread to finish
(vm5:r0:0) Connection established
(vm5:r0:0) Connection finished, received 803149473 bytes
(vm5:r0) thread 0 joined, 25 connections remaining
(vm5:r0) Starting new connection thread
(vm5:r0) Maximum number of connections reached (5), waiting for a thread to finish
(vm5:r0:0) Connection established
(vm5:r0:0) Connection finished, received 803149473 bytes
(vm5:r0) thread 0 joined, 24 connections remaining
(vm5:r0) Starting new connection thread
(vm5:r0) Maximum number of connections reached (5), waiting for a thread to finish
(vm5:r0:0) Connection established
(vm5:r0:0) Connection finished, received 803149473 bytes
(vm5:r0) thread 0 joined, 23 connections remaining
(vm5:r0) Starting new connection thread
(vm5:r0) Maximum number of connections reached (5), waiting for a thread to finish
(vm5:r0:0) Connection established
(vm5:r0:0) Connection finished, received 803149473 bytes
(vm5:r0) thread 0 joined, 22 connections remaining
(vm5:r0) Starting new connection thread
(vm5:r0) Maximum number of connections reached (5), waiting for a thread to finish
(vm5:r0:0) Connection established
(vm5:r0:0) Connection finished, received 803149473 bytes
(vm5:r0) thread 0 joined, 21 connections remaining
(vm5:r0) Starting new connection thread
(vm5:r0) Maximum number of connections reached (5), waiting for a thread to finish
(vm5:r0:0) Connection established
(vm5:r0:0) Connection finished, received 803149473 bytes
(vm5:r0) thread 0 joined, 20 connections remaining
(vm5:r0) Starting new connection thread
(vm5:r0) Maximum number of connections reached (5), waiting for a thread to finish
(vm5:r0:0) Connection established
(vm5:r0:0) Connection finished, received 803149473 bytes
(vm5:r0) thread 0 joined, 19 connections remaining
(vm5:r0) Starting new connection thread
(vm5:r0) Maximum number of connections reached (5), waiting for a thread to finish
(vm5:r0:0) Connection established
(vm5:r0:0) Connection finished, received 803149473 bytes
(vm5:r0) thread 0 joined, 18 connections remaining
(vm5:r0) Starting new connection thread
(vm5:r0) Maximum number of connections reached (5), waiting for a thread to finish
(vm5:r0:0) Connection established
(vm5:r0:0) Connection finished, received 803149473 bytes
(vm5:r0) thread 0 joined, 17 connections remaining
(vm5:r0) Starting new connection thread
(vm5:r0) Maximum number of connections reached (5), waiting for a thread to finish
(vm5:r0:0) Connection established
(vm5:r0:0) Connection finished, received 803149473 bytes
(vm5:r0) thread 0 joined, 16 connections remaining
(vm5:r0) Starting new connection thread
(vm5:r0) Maximum number of connections reached (5), waiting for a thread to finish
(vm5:r0:0) Connection established
(vm5:r0:0) Connection finished, received 803149473 bytes
(vm5:r0) thread 0 joined, 15 connections remaining
(vm5:r0) Starting new connection thread
(vm5:r0) Maximum number of connections reached (5), waiting for a thread to finish
(vm5:r0:0) Connection established
(vm5:r0:0) Connection finished, received 803149473 bytes
(vm5:r0) thread 0 joined, 14 connections remaining
(vm5:r0) Starting new connection thread
(vm5:r0) Maximum number of connections reached (5), waiting for a thread to finish
(vm5:r0:0) Connection established
(vm5:r0:0) Connection finished, received 803149473 bytes
(vm5:r0) thread 0 joined, 13 connections remaining
(vm5:r0) Starting new connection thread
(vm5:r0) Maximum number of connections reached (5), waiting for a thread to finish
(vm5:r0:0) Connection established
(vm5:r0:0) Connection finished, received 803149473 bytes
(vm5:r0) thread 0 joined, 12 connections remaining
(vm5:r0) Starting new connection thread
(vm5:r0) Maximum number of connections reached (5), waiting for a thread to finish
(vm5:r0:0) Connection established
(vm5:r0:0) Connection finished, received 803149473 bytes
(vm5:r0) thread 0 joined, 11 connections remaining
(vm5:r0) Starting new connection thread
(vm5:r0) Maximum number of connections reached (5), waiting for a thread to finish
(vm5:r0:0) Connection established
(vm5:r0:0) Connection finished, received 803149473 bytes
(vm5:r0) thread 0 joined, 10 connections remaining
(vm5:r0) Starting new connection thread
(vm5:r0) Maximum number of connections reached (5), waiting for a thread to finish
(vm5:r0:0) Connection established
(vm5:r0:0) Connection finished, received 803149473 bytes
(vm5:r0) thread 0 joined, 9 connections remaining
(vm5:r0) Starting new connection thread
(vm5:r0) Maximum number of connections reached (5), waiting for a thread to finish
(vm5:r0:0) Connection established
(vm5:r0:0) Connection finished, received 803149473 bytes
(vm5:r0) thread 0 joined, 8 connections remaining
(vm5:r0) Starting new connection thread
(vm5:r0) Maximum number of connections reached (5), waiting for a thread to finish
(vm5:r0:0) Connection established
(vm5:r0:0) Connection finished, received 803149473 bytes
(vm5:r0) thread 0 joined, 7 connections remaining
(vm5:r0) Starting new connection thread
(vm5:r0) Maximum number of connections reached (5), waiting for a thread to finish
(vm5:r0:0) Connection established
(vm5:r0:0) Connection finished, received 803149473 bytes
(vm5:r0) thread 0 joined, 6 connections remaining
(vm5:r0) Starting new connection thread
(vm5:r0) Maximum number of connections reached (5), waiting for a thread to finish
(vm5:r0:0) Connection established
(vm5:r0:0) Connection finished, received 803149473 bytes
(vm5:r0) thread 0 joined, 5 connections remaining
(vm5:r0) Starting new connection thread
(vm5:r0) Maximum number of connections reached (5), waiting for a thread to finish
(vm5:r0:0) Connection established
(vm5:r0:0) Connection finished, received 803149473 bytes
(vm5:r0) thread 0 joined, 4 connections remaining
(vm5:r0) Maximum number of connections reached (4), waiting for a thread to finish
(vm5:r0) thread 1 joined, 3 connections remaining
(vm5:r0) Maximum number of connections reached (3), waiting for a thread to finish
(vm5:r0) thread 2 joined, 2 connections remaining
(vm5:r0) Maximum number of connections reached (2), waiting for a thread to finish
(vm5:r0) thread 3 joined, 1 connections remaining
(vm5:r0) Maximum number of connections reached (1), waiting for a thread to finish
(vm5:r0) thread 4 joined, 0 connections remaining
(vm5:r0) all done, exiting
*RES* start node vm5:r0
*RES* vm5:r0:0,1405716809397,33235,839,803149473
*RES* vm5:r0:0,1405716842641,52319,1109,803149473
*RES* vm5:r0:0,1405716894965,38651,957,803149473
*RES* vm5:r0:0,1405716933625,25840,836,803149473
*RES* vm5:r0:0,1405716959469,23655,1003,803149473
*RES* vm5:r0:0,1405716983129,12028,729,803149473
*RES* vm5:r0:0,1405716995161,13889,793,803149473
*RES* vm5:r0:0,1405717009057,13523,1390,803149473
*RES* vm5:r0:0,1405717022590,8502,1266,803149473
*RES* vm5:r0:0,1405717031097,4900,1658,803149473
*RES* vm5:r0:0,1405717036005,6222,1584,803149473
*RES* vm5:r0:0,1405717042233,7425,1220,803149473
*RES* vm5:r0:0,1405717049665,8204,1268,803149473
*RES* vm5:r0:0,1405717057873,7235,1248,803149473
*RES* vm5:r0:0,1405717065113,9363,1414,803149473
*RES* vm5:r0:0,1405717074481,6197,940,803149473
*RES* vm5:r0:0,1405717080685,8545,1343,803149473
*RES* vm5:r0:0,1405717089237,5372,1569,803149473
*RES* vm5:r0:0,1405717094613,8594,1601,803149473
*RES* vm5:r0:0,1405717103213,6072,1502,803149473
*RES* vm5:r0:0,1405717109293,6002,1470,803149473
*RES* vm5:r0:0,1405717115301,3425,1186,803149473
*RES* vm5:r0:0,1405717118733,4027,1049,803149473
*RES* vm5:r0:0,1405717122765,3866,1101,803149473
*RES* vm5:r0:0,1405717126637,5581,965,803149473
*RES* vm5:r0:0,1405717132225,3943,831,803149473
*RES* vm5:r0:0,1405717136173,2433,769,803149473
*RES* vm5:r0:0,1405717138613,3555,792,803149473
*RES* vm5:r0:0,1405717142173,3457,769,803149473
*RES* vm5:r0:0,1405717145637,1860,747,803149473
*RES* vm5:r0:0,1405717147505,1671,709,803149473
*RES* vm5:r0:0,1405717149181,1404,641,803149473
*RES* vm5:r0:0,1405717150589,2838,647,803149473
*RES* vm5:r0:1,1405716809396,33737,826,803149473
*RES* vm5:r0:2,1405716809396,33255,831,803149473
*RES* vm5:r0:3,1405716809395,32993,710,803149473
*RES* vm5:r0:4,1405716809395,16622,455,803149473
*RES* end node vm5:r0
Node vm5:r0 joined
Worker terminating correctly
