OSMeF worker starting
Enabling core dumping
Listening for command connection
(vm15:m0) New mapper on port 23330
(vm15:m0) -> reducer data size 1307386002
(vm15:m0) -> reducer data size 1307386002
(vm15:m0) -> reducer data size 1307386002
(vm15:m0) -> reducer data size 1307386002
(vm15:m0) -> reducer data size 1307386002
(vm15:m0) -> reducer data size 1307386002
(vm15:m0) -> reducer data size 1307386002
(vm15:m0) -> reducer data size 1307386002
(vm15:m0) -> reducer data size 1307386002
(vm15:m0) -> reducer data size 1307386002
(vm15:m0) -> reducer data size 1307386002
(vm15:m0) -> reducer data size 1307386002
(vm15:m0) -> reducer data size 1307386002
(vm15:m0) -> reducer data size 1307386002
(vm15:m0) -> reducer data size 1307386002
(vm15:m0) -> reducer data size 1307386002
(vm15:m0) -> reducer data size 1307386002
(vm15:m0) -> reducer data size 1307386002
(vm15:m0) -> reducer data size 1307386002
(vm15:m0) -> reducer data size 1307386002
(vm15:m0) -> reducer data size 1307386002
(vm15:m0) -> reducer data size 1307386002
(vm15:m0) -> reducer data size 1307386002
(vm15:m0) -> reducer data size 1307386002
(vm15:m0) -> reducer data size 1307386002
(vm15:m0) -> reducer data size 1307386002
(vm15:m0) -> reducer data size 1307386002
(vm15:m0) -> reducer data size 1307386002
(vm15:m0) -> reducer data size 1307386002
(vm15:m0) Mapper thread started
(vm15:m0) Allocating data for reducer vm1:r0
(vm15:m0) Allocating data for reducer vm2:r0
(vm15:m0) Allocating data for reducer vm3:r0
(vm15:m0) Allocating data for reducer vm4:r0
(vm15:m0) Allocating data for reducer vm5:r0
(vm15:m0) Allocating data for reducer vm6:r0
(vm15:m0) Allocating data for reducer vm7:r0
(vm15:m0) Allocating data for reducer vm8:r0
(vm15:m0) Allocating data for reducer vm9:r0
(vm15:m0) Allocating data for reducer vm10:r0
(vm15:m0) Allocating data for reducer vm11:r0
(vm15:m0) Allocating data for reducer vm12:r0
(vm15:m0) Allocating data for reducer vm13:r0
(vm15:m0) Allocating data for reducer vm14:r0
(vm15:m0) Allocating data for reducer vm15:r0
(vm15:m0) Allocating data for reducer vm16:r0
(vm15:m0) Allocating data for reducer vm17:r0
(vm15:m0) Allocating data for reducer vm18:r0
(vm15:m0) Allocating data for reducer vm19:r0
(vm15:m0) Allocating data for reducer vm20:r0
(vm15:m0) Allocating data for reducer vm21:r0
(vm15:m0) Allocating data for reducer vm22:r0
(vm15:m0) Allocating data for reducer vm23:r0
(vm15:m0) Allocating data for reducer vm24:r0
(vm15:m0) Allocating data for reducer vm25:r0
(vm15:m0) Allocating data for reducer vm26:r0
(vm15:m0) Allocating data for reducer vm27:r0
(vm15:m0) Allocating data for reducer vm28:r0
(vm15:m0) Allocating data for reducer vm29:r0
(vm15:m0) Binding to port 23330
(vm15:r0) New reducer
(vm15:r0) Reducer thread started
(vm15:r0) waiting for START message
(vm15:r0) got START message
(vm15:r0) Starting new connection thread
(vm15:r0) Starting new connection thread
(vm15:r0) Starting new connection thread
(vm15:r0) Starting new connection thread
(vm15:r0) Starting new connection thread
(vm15:r0) Maximum number of connections reached (5), waiting for a thread to finish
(vm15:r0:1) Connection established
(vm15:r0:3) Connection established
(vm15:r0:4) Connection established
(vm15:r0:0) Connection established
(vm15:r0:2) Connection established
(vm15:r0:1) Connection finished, received 1307386003 bytes
(vm15:r0:0) Connection finished, received 1307386003 bytes
(vm15:r0) thread 0 joined, 28 connections remaining
(vm15:r0) Starting new connection thread
(vm15:r0) Maximum number of connections reached (5), waiting for a thread to finish
(vm15:r0:0) Connection established
(vm15:r0:3) Connection finished, received 1307386003 bytes
(vm15:r0:4) Connection finished, received 1307386003 bytes
(vm15:r0:2) Connection finished, received 1307386003 bytes
(vm15:r0:0) Connection finished, received 1307386003 bytes
(vm15:r0) thread 0 joined, 27 connections remaining
(vm15:r0) Starting new connection thread
(vm15:r0) Maximum number of connections reached (5), waiting for a thread to finish
(vm15:r0:0) Connection established
(vm15:r0:0) Connection finished, received 1307386003 bytes
(vm15:r0) thread 0 joined, 26 connections remaining
(vm15:r0) Starting new connection thread
(vm15:r0) Maximum number of connections reached (5), waiting for a thread to finish
(vm15:r0:0) Connection established
(vm15:r0:0) Connection finished, received 1307386003 bytes
(vm15:r0) thread 0 joined, 25 connections remaining
(vm15:r0) Starting new connection thread
(vm15:r0) Maximum number of connections reached (5), waiting for a thread to finish
(vm15:r0:0) Connection established
(vm15:r0:0) Connection finished, received 1307386003 bytes
(vm15:r0) thread 0 joined, 24 connections remaining
(vm15:r0) Starting new connection thread
(vm15:r0) Maximum number of connections reached (5), waiting for a thread to finish
(vm15:r0:0) Connection established
(vm15:m0) Got connection from reducer vm1:r0
(vm15:m0:0) thread started, have to send 1307386002 bytes
(vm15:r0:0) Connection finished, received 1307386003 bytes
(vm15:r0) thread 0 joined, 23 connections remaining
(vm15:r0) Starting new connection thread
(vm15:r0) Maximum number of connections reached (5), waiting for a thread to finish
(vm15:r0:0) Connection established
(vm15:m0:0) all data sent, thread exiting
(vm15:r0:0) Connection finished, received 1307386003 bytes
(vm15:r0) thread 0 joined, 22 connections remaining
(vm15:r0) Starting new connection thread
(vm15:r0) Maximum number of connections reached (5), waiting for a thread to finish
(vm15:r0:0) Connection established
(vm15:m0) Got connection from reducer vm19:r0
(vm15:m0:18) thread started, have to send 1307386002 bytes
(vm15:r0:0) Connection finished, received 1307386003 bytes
(vm15:r0) thread 0 joined, 21 connections remaining
(vm15:r0) Starting new connection thread
(vm15:r0) Maximum number of connections reached (5), waiting for a thread to finish
(vm15:r0:0) Connection established
(vm15:m0:18) all data sent, thread exiting
(vm15:r0:0) Connection finished, received 1307386003 bytes
(vm15:r0) thread 0 joined, 20 connections remaining
(vm15:r0) Starting new connection thread
(vm15:r0) Maximum number of connections reached (5), waiting for a thread to finish
(vm15:r0:0) Connection established
(vm15:r0:0) Connection finished, received 1307386003 bytes
(vm15:r0) thread 0 joined, 19 connections remaining
(vm15:r0) Starting new connection thread
(vm15:r0) Maximum number of connections reached (5), waiting for a thread to finish
(vm15:r0:0) Connection established
(vm15:m0) Got connection from reducer vm15:r0
(vm15:m0:14) thread started, have to send 1307386002 bytes
(vm15:m0:14) all data sent, thread exiting
(vm15:r0:0) Connection finished, received 1307386003 bytes
(vm15:r0) thread 0 joined, 18 connections remaining
(vm15:r0) Starting new connection thread
(vm15:r0) Maximum number of connections reached (5), waiting for a thread to finish
(vm15:r0:0) Connection established
(vm15:m0) Got connection from reducer vm6:r0
(vm15:m0:5) thread started, have to send 1307386002 bytes
(vm15:r0:0) Connection finished, received 1307386003 bytes
(vm15:r0) thread 0 joined, 17 connections remaining
(vm15:r0) Starting new connection thread
(vm15:r0) Maximum number of connections reached (5), waiting for a thread to finish
(vm15:r0:0) Connection established
(vm15:m0) Got connection from reducer vm28:r0
(vm15:m0:27) thread started, have to send 1307386002 bytes
(vm15:m0:5) all data sent, thread exiting
(vm15:r0:0) Connection finished, received 1307386003 bytes
(vm15:r0) thread 0 joined, 16 connections remaining
(vm15:r0) Starting new connection thread
(vm15:r0) Maximum number of connections reached (5), waiting for a thread to finish
(vm15:r0:0) Connection established
(vm15:m0) Got connection from reducer vm18:r0
(vm15:m0:17) thread started, have to send 1307386002 bytes
(vm15:m0:27) all data sent, thread exiting
(vm15:r0:0) Connection finished, received 1307386003 bytes
(vm15:r0) thread 0 joined, 15 connections remaining
(vm15:r0) Starting new connection thread
(vm15:r0) Maximum number of connections reached (5), waiting for a thread to finish
(vm15:r0:0) Connection established
(vm15:m0:17) all data sent, thread exiting
(vm15:m0) Got connection from reducer vm12:r0
(vm15:m0:11) thread started, have to send 1307386002 bytes
(vm15:m0) Got connection from reducer vm7:r0
(vm15:m0:6) thread started, have to send 1307386002 bytes
(vm15:r0:0) Connection finished, received 1307386003 bytes
(vm15:r0) thread 0 joined, 14 connections remaining
(vm15:r0) Starting new connection thread
(vm15:r0) Maximum number of connections reached (5), waiting for a thread to finish
(vm15:r0:0) Connection established
(vm15:m0:11) all data sent, thread exiting
(vm15:r0:0) Connection finished, received 1307386003 bytes
(vm15:r0) thread 0 joined, 13 connections remaining
(vm15:r0) Starting new connection thread
(vm15:r0) Maximum number of connections reached (5), waiting for a thread to finish
(vm15:r0:0) Connection established
(vm15:m0:6) all data sent, thread exiting
(vm15:r0:0) Connection finished, received 1307386003 bytes
(vm15:r0) thread 0 joined, 12 connections remaining
(vm15:r0) Starting new connection thread
(vm15:r0) Maximum number of connections reached (5), waiting for a thread to finish
(vm15:r0:0) Connection established
(vm15:m0) Got connection from reducer vm11:r0
(vm15:m0:10) thread started, have to send 1307386002 bytes
(vm15:m0) Got connection from reducer vm17:r0
(vm15:m0:16) thread started, have to send 1307386002 bytes
(vm15:r0:0) Connection finished, received 1307386003 bytes
(vm15:r0) thread 0 joined, 11 connections remaining
(vm15:r0) Starting new connection thread
(vm15:r0) Maximum number of connections reached (5), waiting for a thread to finish
(vm15:r0:0) Connection established
(vm15:m0:10) all data sent, thread exiting
(vm15:m0:16) all data sent, thread exiting
(vm15:m0) Got connection from reducer vm23:r0
(vm15:m0:22) thread started, have to send 1307386002 bytes
(vm15:r0:0) Connection finished, received 1307386003 bytes
(vm15:r0) thread 0 joined, 10 connections remaining
(vm15:r0) Starting new connection thread
(vm15:r0) Maximum number of connections reached (5), waiting for a thread to finish
(vm15:r0:0) Connection established
(vm15:m0) Got connection from reducer vm26:r0
(vm15:m0:25) thread started, have to send 1307386002 bytes
(vm15:r0:0) Connection finished, received 1307386003 bytes
(vm15:r0) thread 0 joined, 9 connections remaining
(vm15:r0) Starting new connection thread
(vm15:r0) Maximum number of connections reached (5), waiting for a thread to finish
(vm15:r0:0) Connection established
(vm15:m0:22) all data sent, thread exiting
(vm15:m0) Got connection from reducer vm14:r0
(vm15:m0:13) thread started, have to send 1307386002 bytes
(vm15:m0) Got connection from reducer vm16:r0
(vm15:m0:15) thread started, have to send 1307386002 bytes
(vm15:m0:25) all data sent, thread exiting
(vm15:r0:0) Connection finished, received 1307386003 bytes
(vm15:r0) thread 0 joined, 8 connections remaining
(vm15:r0) Starting new connection thread
(vm15:r0) Maximum number of connections reached (5), waiting for a thread to finish
(vm15:r0:0) Connection established
(vm15:m0:15) all data sent, thread exiting
(vm15:m0:13) all data sent, thread exiting
(vm15:m0) Got connection from reducer vm29:r0
(vm15:m0:28) thread started, have to send 1307386002 bytes
(vm15:r0:0) Connection finished, received 1307386003 bytes
(vm15:r0) thread 0 joined, 7 connections remaining
(vm15:r0) Starting new connection thread
(vm15:r0) Maximum number of connections reached (5), waiting for a thread to finish
(vm15:r0:0) Connection established
(vm15:m0) Got connection from reducer vm10:r0
(vm15:m0:9) thread started, have to send 1307386002 bytes
(vm15:m0:28) all data sent, thread exiting
(vm15:m0) Got connection from reducer vm8:r0
(vm15:m0:7) thread started, have to send 1307386002 bytes
(vm15:m0) Got connection from reducer vm24:r0
(vm15:m0:23) thread started, have to send 1307386002 bytes
(vm15:r0:0) Connection finished, received 1307386003 bytes
(vm15:r0) thread 0 joined, 6 connections remaining
(vm15:r0) Starting new connection thread
(vm15:r0) Maximum number of connections reached (5), waiting for a thread to finish
(vm15:r0:0) Connection established
(vm15:m0) Got connection from reducer vm5:r0
(vm15:m0:4) thread started, have to send 1307386002 bytes
(vm15:m0:23) all data sent, thread exiting
(vm15:m0:9) all data sent, thread exiting
(vm15:m0:7) all data sent, thread exiting
(vm15:m0:4) all data sent, thread exiting
(vm15:r0:0) Connection finished, received 1307386003 bytes
(vm15:r0) thread 0 joined, 5 connections remaining
(vm15:r0) Starting new connection thread
(vm15:r0) Maximum number of connections reached (5), waiting for a thread to finish
(vm15:r0:0) Connection established
(vm15:r0:0) Connection finished, received 1307386003 bytes
(vm15:r0) thread 0 joined, 4 connections remaining
(vm15:r0) Maximum number of connections reached (4), waiting for a thread to finish
(vm15:r0) thread 1 joined, 3 connections remaining
(vm15:r0) Maximum number of connections reached (3), waiting for a thread to finish
(vm15:r0) thread 2 joined, 2 connections remaining
(vm15:r0) Maximum number of connections reached (2), waiting for a thread to finish
(vm15:r0) thread 3 joined, 1 connections remaining
(vm15:r0) Maximum number of connections reached (1), waiting for a thread to finish
(vm15:r0) thread 4 joined, 0 connections remaining
(vm15:r0) all done, exiting
(vm15:m0) Got connection from reducer vm13:r0
(vm15:m0:12) thread started, have to send 1307386002 bytes
(vm15:m0) Got connection from reducer vm27:r0
(vm15:m0:26) thread started, have to send 1307386002 bytes
(vm15:m0) Got connection from reducer vm21:r0
(vm15:m0:20) thread started, have to send 1307386002 bytes
(vm15:m0) Got connection from reducer vm3:r0
(vm15:m0:2) thread started, have to send 1307386002 bytes
(vm15:m0) Got connection from reducer vm4:r0
(vm15:m0:3) thread started, have to send 1307386002 bytes
(vm15:m0) Got connection from reducer vm2:r0
(vm15:m0:1) thread started, have to send 1307386002 bytes
(vm15:m0) Got connection from reducer vm9:r0
(vm15:m0:8) thread started, have to send 1307386002 bytes
(vm15:m0) Got connection from reducer vm22:r0
(vm15:m0:21) thread started, have to send 1307386002 bytes
(vm15:m0:12) all data sent, thread exiting
(vm15:m0) Got connection from reducer vm20:r0
(vm15:m0:19) thread started, have to send 1307386002 bytes
(vm15:m0) Got connection from reducer vm25:r0
(vm15:m0) Waiting for a thread to finish
(vm15:m0) thread 0 joined, 28 connections remaining
(vm15:m0) Waiting for a thread to finish
(vm15:m0:24) thread started, have to send 1307386002 bytes
(vm15:m0:26) all data sent, thread exiting
(vm15:m0:20) all data sent, thread exiting
(vm15:m0:1) all data sent, thread exiting
(vm15:m0) thread 1 joined, 27 connections remaining
(vm15:m0) Waiting for a thread to finish
(vm15:m0:2) all data sent, thread exiting
(vm15:m0) thread 2 joined, 26 connections remaining
(vm15:m0) Waiting for a thread to finish
(vm15:m0:8) all data sent, thread exiting
(vm15:m0:3) all data sent, thread exiting
(vm15:m0) thread 3 joined, 25 connections remaining
(vm15:m0) Waiting for a thread to finish
(vm15:m0) thread 4 joined, 24 connections remaining
(vm15:m0) Waiting for a thread to finish
(vm15:m0) thread 5 joined, 23 connections remaining
(vm15:m0) Waiting for a thread to finish
(vm15:m0) thread 6 joined, 22 connections remaining
(vm15:m0) Waiting for a thread to finish
(vm15:m0) thread 7 joined, 21 connections remaining
(vm15:m0) Waiting for a thread to finish
(vm15:m0) thread 8 joined, 20 connections remaining
(vm15:m0) Waiting for a thread to finish
(vm15:m0) thread 9 joined, 19 connections remaining
(vm15:m0) Waiting for a thread to finish
(vm15:m0) thread 10 joined, 18 connections remaining
(vm15:m0) Waiting for a thread to finish
(vm15:m0) thread 11 joined, 17 connections remaining
(vm15:m0) Waiting for a thread to finish
(vm15:m0) thread 12 joined, 16 connections remaining
(vm15:m0) Waiting for a thread to finish
(vm15:m0) thread 13 joined, 15 connections remaining
(vm15:m0) Waiting for a thread to finish
(vm15:m0) thread 14 joined, 14 connections remaining
(vm15:m0) Waiting for a thread to finish
(vm15:m0) thread 15 joined, 13 connections remaining
(vm15:m0) Waiting for a thread to finish
(vm15:m0) thread 16 joined, 12 connections remaining
(vm15:m0) Waiting for a thread to finish
(vm15:m0) thread 17 joined, 11 connections remaining
(vm15:m0) Waiting for a thread to finish
(vm15:m0) thread 18 joined, 10 connections remaining
(vm15:m0) Waiting for a thread to finish
(vm15:m0:21) all data sent, thread exiting
(vm15:m0:24) all data sent, thread exiting
(vm15:m0:19) all data sent, thread exiting
(vm15:m0) thread 19 joined, 9 connections remaining
(vm15:m0) Waiting for a thread to finish
(vm15:m0) thread 20 joined, 8 connections remaining
(vm15:m0) Waiting for a thread to finish
(vm15:m0) thread 21 joined, 7 connections remaining
(vm15:m0) Waiting for a thread to finish
(vm15:m0) thread 22 joined, 6 connections remaining
(vm15:m0) Waiting for a thread to finish
(vm15:m0) thread 23 joined, 5 connections remaining
(vm15:m0) Waiting for a thread to finish
(vm15:m0) thread 24 joined, 4 connections remaining
(vm15:m0) Waiting for a thread to finish
(vm15:m0) thread 25 joined, 3 connections remaining
(vm15:m0) Waiting for a thread to finish
(vm15:m0) thread 26 joined, 2 connections remaining
(vm15:m0) Waiting for a thread to finish
(vm15:m0) thread 27 joined, 1 connections remaining
(vm15:m0) Waiting for a thread to finish
(vm15:m0) thread 28 joined, 0 connections remaining
(vm15:m0) all done, exiting
*RES* start node vm15:m0
*RES* vm15:m0:0,1404911464870,6730,2320,1307386003
*RES* vm15:m0:1,1404911642535,12775,1174,1307386003
*RES* vm15:m0:2,1404911642078,13342,1311,1307386003
*RES* vm15:m0:3,1404911642442,13518,1273,1307386003
*RES* vm15:m0:4,1404911606358,10848,2710,1307386003
*RES* vm15:m0:5,1404911505496,10495,2889,1307386003
*RES* vm15:m0:6,1404911533758,12265,3343,1307386003
*RES* vm15:m0:7,1404911598934,14657,2918,1307386003
*RES* vm15:m0:8,1404911642591,13122,1215,1307386003
*RES* vm15:m0:9,1404911597382,14420,2976,1307386003
*RES* vm15:m0:10,1404911552405,10466,1529,1307386003
*RES* vm15:m0:11,1404911531675,9920,2582,1307386003
*RES* vm15:m0:12,1404911636217,7399,1492,1307386003
*RES* vm15:m0:13,1404911576316,13185,2004,1307386003
*RES* vm15:m0:14,1404911497835,2392,311,1307386003
*RES* vm15:m0:15,1404911576738,11140,2019,1307386003
*RES* vm15:m0:16,1404911555050,9997,1868,1307386003
*RES* vm15:m0:17,1404911519158,8331,1794,1307386003
*RES* vm15:m0:18,1404911483818,7228,2315,1307386003
*RES* vm15:m0:19,1404911644945,12947,1316,1307386003
*RES* vm15:m0:20,1404911641248,12548,1352,1307386003
*RES* vm15:m0:21,1404911643323,12952,1176,1307386003
*RES* vm15:m0:22,1404911566226,9777,2880,1307386003
*RES* vm15:m0:23,1404911599350,10975,1777,1307386003
*RES* vm15:m0:24,1404911645438,12341,1398,1307386003
*RES* vm15:m0:25,1404911572149,12346,2457,1307386003
*RES* vm15:m0:26,1404911638864,8765,1338,1307386003
*RES* vm15:m0:27,1404911511278,9314,2565,1307386003
*RES* vm15:m0:28,1404911590062,7910,2107,1307386003
*RES* end node vm15:m0
Node vm15:m0 joined
*RES* start node vm15:r0
*RES* vm15:r0:0,1404911375366,33966,1250,1307386003
*RES* vm15:r0:0,1404911409338,27954,1176,1307386003
*RES* vm15:r0:0,1404911437298,16085,1123,1307386003
*RES* vm15:r0:0,1404911453390,4636,1157,1307386003
*RES* vm15:r0:0,1404911458030,5551,1372,1307386003
*RES* vm15:r0:0,1404911463586,7583,2285,1307386003
*RES* vm15:r0:0,1404911471182,7378,2291,1307386003
*RES* vm15:r0:0,1404911478566,5736,2094,1307386003
*RES* vm15:r0:0,1404911484314,7620,2709,1307386003
*RES* vm15:r0:0,1404911491938,5888,2388,1307386003
*RES* vm15:r0:0,1404911497834,2399,1038,1307386003
*RES* vm15:r0:0,1404911500238,7092,2370,1307386003
*RES* vm15:r0:0,1404911507334,9115,2388,1307386003
*RES* vm15:r0:0,1404911516458,9153,2596,1307386003
*RES* vm15:r0:0,1404911525630,8493,2634,1307386003
*RES* vm15:r0:0,1404911534138,10076,2647,1307386003
*RES* vm15:r0:0,1404911544222,6452,2354,1307386003
*RES* vm15:r0:0,1404911550682,7952,2585,1307386003
*RES* vm15:r0:0,1404911558650,8482,2654,1307386003
*RES* vm15:r0:0,1404911567142,8777,2488,1307386003
*RES* vm15:r0:0,1404911575930,11474,2199,1307386003
*RES* vm15:r0:0,1404911587422,7747,2632,1307386003
*RES* vm15:r0:0,1404911595178,9724,2408,1307386003
*RES* vm15:r0:0,1404911604914,12589,2362,1307386003
*RES* vm15:r0:0,1404911617510,9734,2186,1307386003
*RES* vm15:r0:1,1404911375366,30994,1227,1307386003
*RES* vm15:r0:2,1404911375366,38998,1242,1307386003
*RES* vm15:r0:3,1404911375366,36906,1245,1307386003
*RES* vm15:r0:4,1404911375365,38990,1279,1307386003
*RES* end node vm15:r0
Node vm15:r0 joined
Worker terminating correctly
