OSMeF worker starting
Enabling core dumping
Listening for command connection
(vm23:m0) New mapper on port 23330
(vm23:m0) -> reducer data size 1307386002
(vm23:m0) -> reducer data size 1307386002
(vm23:m0) -> reducer data size 1307386002
(vm23:m0) -> reducer data size 1307386002
(vm23:m0) -> reducer data size 1307386002
(vm23:m0) -> reducer data size 1307386002
(vm23:m0) -> reducer data size 1307386002
(vm23:m0) -> reducer data size 1307386002
(vm23:m0) -> reducer data size 1307386002
(vm23:m0) -> reducer data size 1307386002
(vm23:m0) -> reducer data size 1307386002
(vm23:m0) -> reducer data size 1307386002
(vm23:m0) -> reducer data size 1307386002
(vm23:m0) -> reducer data size 1307386002
(vm23:m0) -> reducer data size 1307386002
(vm23:m0) -> reducer data size 1307386002
(vm23:m0) -> reducer data size 1307386002
(vm23:m0) -> reducer data size 1307386002
(vm23:m0) -> reducer data size 1307386002
(vm23:m0) -> reducer data size 1307386002
(vm23:m0) -> reducer data size 1307386002
(vm23:m0) -> reducer data size 1307386002
(vm23:m0) -> reducer data size 1307386002
(vm23:m0) -> reducer data size 1307386002
(vm23:m0) -> reducer data size 1307386002
(vm23:m0) -> reducer data size 1307386002
(vm23:m0) -> reducer data size 1307386002
(vm23:m0) -> reducer data size 1307386002
(vm23:m0) -> reducer data size 1307386002
(vm23:m0) Mapper thread started
(vm23:m0) Allocating data for reducer vm1:r0
(vm23:m0) Allocating data for reducer vm2:r0
(vm23:m0) Allocating data for reducer vm3:r0
(vm23:m0) Allocating data for reducer vm4:r0
(vm23:m0) Allocating data for reducer vm5:r0
(vm23:m0) Allocating data for reducer vm6:r0
(vm23:m0) Allocating data for reducer vm7:r0
(vm23:m0) Allocating data for reducer vm8:r0
(vm23:m0) Allocating data for reducer vm9:r0
(vm23:m0) Allocating data for reducer vm10:r0
(vm23:m0) Allocating data for reducer vm11:r0
(vm23:m0) Allocating data for reducer vm12:r0
(vm23:m0) Allocating data for reducer vm13:r0
(vm23:m0) Allocating data for reducer vm14:r0
(vm23:m0) Allocating data for reducer vm15:r0
(vm23:m0) Allocating data for reducer vm16:r0
(vm23:m0) Allocating data for reducer vm17:r0
(vm23:m0) Allocating data for reducer vm18:r0
(vm23:m0) Allocating data for reducer vm19:r0
(vm23:m0) Allocating data for reducer vm20:r0
(vm23:m0) Allocating data for reducer vm21:r0
(vm23:m0) Allocating data for reducer vm22:r0
(vm23:m0) Allocating data for reducer vm23:r0
(vm23:m0) Allocating data for reducer vm24:r0
(vm23:m0) Allocating data for reducer vm25:r0
(vm23:m0) Allocating data for reducer vm26:r0
(vm23:m0) Allocating data for reducer vm27:r0
(vm23:m0) Allocating data for reducer vm28:r0
(vm23:m0) Allocating data for reducer vm29:r0
(vm23:m0) Binding to port 23330
(vm23:r0) New reducer
(vm23:r0) Reducer thread started
(vm23:r0) waiting for START message
(vm23:r0) got START message
(vm23:r0) Starting new connection thread
(vm23:r0) Starting new connection thread
(vm23:r0) Starting new connection thread
(vm23:r0) Starting new connection thread
(vm23:r0) Starting new connection thread
(vm23:r0) Maximum number of connections reached (5), waiting for a thread to finish
(vm23:r0:4) Connection established
(vm23:r0:1) Connection established
(vm23:r0:0) Connection established
(vm23:r0:2) Connection established
(vm23:r0:3) Connection established
(vm23:r0:1) Connection finished, received 1307386003 bytes
(vm23:r0:0) Connection finished, received 1307386003 bytes
(vm23:r0) thread 0 joined, 28 connections remaining
(vm23:r0) Starting new connection thread
(vm23:r0) Maximum number of connections reached (5), waiting for a thread to finish
(vm23:r0:0) Connection established
(vm23:r0:3) Connection finished, received 1307386003 bytes
(vm23:r0:4) Connection finished, received 1307386003 bytes
(vm23:r0:2) Connection finished, received 1307386003 bytes
(vm23:r0:0) Connection finished, received 1307386003 bytes
(vm23:r0) thread 0 joined, 27 connections remaining
(vm23:r0) Starting new connection thread
(vm23:r0) Maximum number of connections reached (5), waiting for a thread to finish
(vm23:r0:0) Connection established
(vm23:r0:0) Connection finished, received 1307386003 bytes
(vm23:r0) thread 0 joined, 26 connections remaining
(vm23:r0) Starting new connection thread
(vm23:r0) Maximum number of connections reached (5), waiting for a thread to finish
(vm23:r0:0) Connection established
(vm23:r0:0) Connection finished, received 1307386003 bytes
(vm23:r0) thread 0 joined, 25 connections remaining
(vm23:r0) Starting new connection thread
(vm23:r0) Maximum number of connections reached (5), waiting for a thread to finish
(vm23:r0:0) Connection established
(vm23:r0:0) Connection finished, received 1307386003 bytes
(vm23:r0) thread 0 joined, 24 connections remaining
(vm23:r0) Starting new connection thread
(vm23:r0) Maximum number of connections reached (5), waiting for a thread to finish
(vm23:r0:0) Connection established
(vm23:m0) Got connection from reducer vm1:r0
(vm23:m0:0) thread started, have to send 1307386002 bytes
(vm23:r0:0) Connection finished, received 1307386003 bytes
(vm23:r0) thread 0 joined, 23 connections remaining
(vm23:r0) Starting new connection thread
(vm23:r0) Maximum number of connections reached (5), waiting for a thread to finish
(vm23:r0:0) Connection established
(vm23:m0:0) all data sent, thread exiting
(vm23:m0) Got connection from reducer vm19:r0
(vm23:m0:18) thread started, have to send 1307386002 bytes
(vm23:r0:0) Connection finished, received 1307386003 bytes
(vm23:r0) thread 0 joined, 22 connections remaining
(vm23:r0) Starting new connection thread
(vm23:r0) Maximum number of connections reached (5), waiting for a thread to finish
(vm23:r0:0) Connection established
(vm23:m0:18) all data sent, thread exiting
(vm23:r0:0) Connection finished, received 1307386003 bytes
(vm23:r0) thread 0 joined, 21 connections remaining
(vm23:r0) Starting new connection thread
(vm23:r0) Maximum number of connections reached (5), waiting for a thread to finish
(vm23:r0:0) Connection established
(vm23:r0:0) Connection finished, received 1307386003 bytes
(vm23:r0) thread 0 joined, 20 connections remaining
(vm23:r0) Starting new connection thread
(vm23:r0) Maximum number of connections reached (5), waiting for a thread to finish
(vm23:r0:0) Connection established
(vm23:m0) Got connection from reducer vm15:r0
(vm23:m0:14) thread started, have to send 1307386002 bytes
(vm23:r0:0) Connection finished, received 1307386003 bytes
(vm23:r0) thread 0 joined, 19 connections remaining
(vm23:r0) Starting new connection thread
(vm23:r0) Maximum number of connections reached (5), waiting for a thread to finish
(vm23:r0:0) Connection established
(vm23:m0:14) all data sent, thread exiting
(vm23:m0) Got connection from reducer vm6:r0
(vm23:m0:5) thread started, have to send 1307386002 bytes
(vm23:r0:0) Connection finished, received 1307386003 bytes
(vm23:r0) thread 0 joined, 18 connections remaining
(vm23:r0) Starting new connection thread
(vm23:r0) Maximum number of connections reached (5), waiting for a thread to finish
(vm23:r0:0) Connection established
(vm23:m0:5) all data sent, thread exiting
(vm23:r0:0) Connection finished, received 1307386003 bytes
(vm23:r0) thread 0 joined, 17 connections remaining
(vm23:r0) Starting new connection thread
(vm23:r0) Maximum number of connections reached (5), waiting for a thread to finish
(vm23:r0:0) Connection established
(vm23:m0) Got connection from reducer vm28:r0
(vm23:m0:27) thread started, have to send 1307386002 bytes
(vm23:m0) Got connection from reducer vm18:r0
(vm23:m0:17) thread started, have to send 1307386002 bytes
(vm23:r0:0) Connection finished, received 1307386003 bytes
(vm23:r0) thread 0 joined, 16 connections remaining
(vm23:r0) Starting new connection thread
(vm23:r0) Maximum number of connections reached (5), waiting for a thread to finish
(vm23:r0:0) Connection established
(vm23:m0:27) all data sent, thread exiting
(vm23:m0:17) all data sent, thread exiting
(vm23:m0) Got connection from reducer vm7:r0
(vm23:m0:6) thread started, have to send 1307386002 bytes
(vm23:r0:0) Connection finished, received 1307386003 bytes
(vm23:r0) thread 0 joined, 15 connections remaining
(vm23:r0) Starting new connection thread
(vm23:r0) Maximum number of connections reached (5), waiting for a thread to finish
(vm23:r0:0) Connection established
(vm23:m0:6) all data sent, thread exiting
(vm23:r0:0) Connection finished, received 1307386003 bytes
(vm23:r0) thread 0 joined, 14 connections remaining
(vm23:r0) Starting new connection thread
(vm23:r0) Maximum number of connections reached (5), waiting for a thread to finish
(vm23:r0:0) Connection established
(vm23:m0) Got connection from reducer vm17:r0
(vm23:m0:16) thread started, have to send 1307386002 bytes
(vm23:r0:0) Connection finished, received 1307386003 bytes
(vm23:r0) thread 0 joined, 13 connections remaining
(vm23:r0) Starting new connection thread
(vm23:r0) Maximum number of connections reached (5), waiting for a thread to finish
(vm23:r0:0) Connection established
(vm23:m0) Got connection from reducer vm12:r0
(vm23:m0:11) thread started, have to send 1307386002 bytes
(vm23:m0:16) all data sent, thread exiting
(vm23:r0:0) Connection finished, received 1307386003 bytes
(vm23:r0) thread 0 joined, 12 connections remaining
(vm23:r0) Starting new connection thread
(vm23:r0) Maximum number of connections reached (5), waiting for a thread to finish
(vm23:r0:0) Connection established
(vm23:m0:11) all data sent, thread exiting
(vm23:r0:0) Connection finished, received 1307386003 bytes
(vm23:r0) thread 0 joined, 11 connections remaining
(vm23:r0) Starting new connection thread
(vm23:r0) Maximum number of connections reached (5), waiting for a thread to finish
(vm23:r0:0) Connection established
(vm23:m0) Got connection from reducer vm23:r0
(vm23:m0:22) thread started, have to send 1307386002 bytes
(vm23:m0:22) all data sent, thread exiting
(vm23:r0:0) Connection finished, received 1307386003 bytes
(vm23:r0) thread 0 joined, 10 connections remaining
(vm23:r0) Starting new connection thread
(vm23:r0) Maximum number of connections reached (5), waiting for a thread to finish
(vm23:r0:0) Connection established
(vm23:m0) Got connection from reducer vm11:r0
(vm23:m0:10) thread started, have to send 1307386002 bytes
(vm23:m0) Got connection from reducer vm16:r0
(vm23:m0:15) thread started, have to send 1307386002 bytes
(vm23:m0) Got connection from reducer vm26:r0
(vm23:m0:25) thread started, have to send 1307386002 bytes
(vm23:r0:0) Connection finished, received 1307386003 bytes
(vm23:r0) thread 0 joined, 9 connections remaining
(vm23:r0) Starting new connection thread
(vm23:r0) Maximum number of connections reached (5), waiting for a thread to finish
(vm23:r0:0) Connection established
(vm23:m0:10) all data sent, thread exiting
(vm23:r0:0) Connection finished, received 1307386003 bytes
(vm23:r0) thread 0 joined, 8 connections remaining
(vm23:r0) Starting new connection thread
(vm23:r0) Maximum number of connections reached (5), waiting for a thread to finish
(vm23:r0:0) Connection established
(vm23:m0:25) all data sent, thread exiting
(vm23:m0) Got connection from reducer vm29:r0
(vm23:m0:28) thread started, have to send 1307386002 bytes
(vm23:m0:15) all data sent, thread exiting
(vm23:m0) Got connection from reducer vm14:r0
(vm23:m0:13) thread started, have to send 1307386002 bytes
(vm23:r0:0) Connection finished, received 1307386003 bytes
(vm23:r0) thread 0 joined, 7 connections remaining
(vm23:r0) Starting new connection thread
(vm23:r0) Maximum number of connections reached (5), waiting for a thread to finish
(vm23:r0:0) Connection established
(vm23:m0:28) all data sent, thread exiting
(vm23:m0:13) all data sent, thread exiting
(vm23:m0) Got connection from reducer vm10:r0
(vm23:m0:9) thread started, have to send 1307386002 bytes
(vm23:r0:0) Connection finished, received 1307386003 bytes
(vm23:r0) thread 0 joined, 6 connections remaining
(vm23:r0) Starting new connection thread
(vm23:r0) Maximum number of connections reached (5), waiting for a thread to finish
(vm23:r0:0) Connection established
(vm23:m0) Got connection from reducer vm24:r0
(vm23:m0:23) thread started, have to send 1307386002 bytes
(vm23:m0) Got connection from reducer vm8:r0
(vm23:m0:7) thread started, have to send 1307386002 bytes
(vm23:m0:9) all data sent, thread exiting
(vm23:m0) Got connection from reducer vm5:r0
(vm23:m0:4) thread started, have to send 1307386002 bytes
(vm23:r0:0) Connection finished, received 1307386003 bytes
(vm23:r0) thread 0 joined, 5 connections remaining
(vm23:r0) Starting new connection thread
(vm23:r0) Maximum number of connections reached (5), waiting for a thread to finish
(vm23:r0:0) Connection established
(vm23:m0:23) all data sent, thread exiting
(vm23:m0:7) all data sent, thread exiting
(vm23:m0:4) all data sent, thread exiting
(vm23:r0:0) Connection finished, received 1307386003 bytes
(vm23:r0) thread 0 joined, 4 connections remaining
(vm23:r0) Maximum number of connections reached (4), waiting for a thread to finish
(vm23:r0) thread 1 joined, 3 connections remaining
(vm23:r0) Maximum number of connections reached (3), waiting for a thread to finish
(vm23:r0) thread 2 joined, 2 connections remaining
(vm23:r0) Maximum number of connections reached (2), waiting for a thread to finish
(vm23:r0) thread 3 joined, 1 connections remaining
(vm23:r0) Maximum number of connections reached (1), waiting for a thread to finish
(vm23:r0) thread 4 joined, 0 connections remaining
(vm23:r0) all done, exiting
(vm23:m0) Got connection from reducer vm13:r0
(vm23:m0:12) thread started, have to send 1307386002 bytes
(vm23:m0:12) all data sent, thread exiting
(vm23:m0) Got connection from reducer vm27:r0
(vm23:m0:26) thread started, have to send 1307386002 bytes
(vm23:m0) Got connection from reducer vm21:r0
(vm23:m0:20) thread started, have to send 1307386002 bytes
(vm23:m0:26) all data sent, thread exiting
(vm23:m0:20) all data sent, thread exiting
(vm23:m0) Got connection from reducer vm2:r0
(vm23:m0:1) thread started, have to send 1307386002 bytes
(vm23:m0:1) all data sent, thread exiting
(vm23:m0) Got connection from reducer vm3:r0
(vm23:m0:2) thread started, have to send 1307386002 bytes
(vm23:m0:2) all data sent, thread exiting
(vm23:m0) Got connection from reducer vm22:r0
(vm23:m0:21) thread started, have to send 1307386002 bytes
(vm23:m0) Got connection from reducer vm4:r0
(vm23:m0:3) thread started, have to send 1307386002 bytes
(vm23:m0) Got connection from reducer vm9:r0
(vm23:m0:8) thread started, have to send 1307386002 bytes
(vm23:m0) Got connection from reducer vm20:r0
(vm23:m0:19) thread started, have to send 1307386002 bytes
(vm23:m0) Got connection from reducer vm25:r0
(vm23:m0) Waiting for a thread to finish
(vm23:m0) thread 0 joined, 28 connections remaining
(vm23:m0) Waiting for a thread to finish
(vm23:m0) thread 1 joined, 27 connections remaining
(vm23:m0) Waiting for a thread to finish
(vm23:m0) thread 2 joined, 26 connections remaining
(vm23:m0) Waiting for a thread to finish
(vm23:m0:24) thread started, have to send 1307386002 bytes
(vm23:m0:3) all data sent, thread exiting
(vm23:m0) thread 3 joined, 25 connections remaining
(vm23:m0) Waiting for a thread to finish
(vm23:m0) thread 4 joined, 24 connections remaining
(vm23:m0) Waiting for a thread to finish
(vm23:m0) thread 5 joined, 23 connections remaining
(vm23:m0) Waiting for a thread to finish
(vm23:m0) thread 6 joined, 22 connections remaining
(vm23:m0) Waiting for a thread to finish
(vm23:m0) thread 7 joined, 21 connections remaining
(vm23:m0) Waiting for a thread to finish
(vm23:m0:21) all data sent, thread exiting
(vm23:m0:8) all data sent, thread exiting
(vm23:m0) thread 8 joined, 20 connections remaining
(vm23:m0) Waiting for a thread to finish
(vm23:m0) thread 9 joined, 19 connections remaining
(vm23:m0) Waiting for a thread to finish
(vm23:m0) thread 10 joined, 18 connections remaining
(vm23:m0) Waiting for a thread to finish
(vm23:m0) thread 11 joined, 17 connections remaining
(vm23:m0) Waiting for a thread to finish
(vm23:m0) thread 12 joined, 16 connections remaining
(vm23:m0) Waiting for a thread to finish
(vm23:m0) thread 13 joined, 15 connections remaining
(vm23:m0) Waiting for a thread to finish
(vm23:m0) thread 14 joined, 14 connections remaining
(vm23:m0) Waiting for a thread to finish
(vm23:m0) thread 15 joined, 13 connections remaining
(vm23:m0) Waiting for a thread to finish
(vm23:m0) thread 16 joined, 12 connections remaining
(vm23:m0) Waiting for a thread to finish
(vm23:m0) thread 17 joined, 11 connections remaining
(vm23:m0) Waiting for a thread to finish
(vm23:m0) thread 18 joined, 10 connections remaining
(vm23:m0) Waiting for a thread to finish
(vm23:m0:19) all data sent, thread exiting
(vm23:m0) thread 19 joined, 9 connections remaining
(vm23:m0) Waiting for a thread to finish
(vm23:m0) thread 20 joined, 8 connections remaining
(vm23:m0) Waiting for a thread to finish
(vm23:m0) thread 21 joined, 7 connections remaining
(vm23:m0) Waiting for a thread to finish
(vm23:m0) thread 22 joined, 6 connections remaining
(vm23:m0) Waiting for a thread to finish
(vm23:m0) thread 23 joined, 5 connections remaining
(vm23:m0) Waiting for a thread to finish
(vm23:m0:24) all data sent, thread exiting
(vm23:m0) thread 24 joined, 4 connections remaining
(vm23:m0) Waiting for a thread to finish
(vm23:m0) thread 25 joined, 3 connections remaining
(vm23:m0) Waiting for a thread to finish
(vm23:m0) thread 26 joined, 2 connections remaining
(vm23:m0) Waiting for a thread to finish
(vm23:m0) thread 27 joined, 1 connections remaining
(vm23:m0) Waiting for a thread to finish
(vm23:m0) thread 28 joined, 0 connections remaining
(vm23:m0) all done, exiting
*RES* start node vm23:m0
*RES* vm23:m0:0,1404911520279,7372,2818,1307386003
*RES* vm23:m0:1,1404911698665,2693,1075,1307386003
*RES* vm23:m0:2,1404911706856,2386,1086,1307386003
*RES* vm23:m0:3,1404911718742,2786,1067,1307386003
*RES* vm23:m0:4,1404911671763,5834,1242,1307386003
*RES* vm23:m0:5,1404911569383,7458,2698,1307386003
*RES* vm23:m0:6,1404911603509,7878,2463,1307386003
*RES* vm23:m0:7,1404911669521,5871,1147,1307386003
*RES* vm23:m0:8,1404911719881,3804,856,1307386003
*RES* vm23:m0:9,1404911665779,4754,1271,1307386003
*RES* vm23:m0:10,1404911639748,8216,2544,1307386003
*RES* vm23:m0:11,1404911620926,9323,2431,1307386003
*RES* vm23:m0:12,1404911680901,3197,1160,1307386003
*RES* vm23:m0:13,1404911658721,5788,1388,1307386003
*RES* vm23:m0:14,1404911558727,8451,1576,1307386003
*RES* vm23:m0:15,1404911645219,13327,1946,1307386003
*RES* vm23:m0:16,1404911618515,10666,2063,1307386003
*RES* vm23:m0:17,1404911589260,13391,3217,1307386003
*RES* vm23:m0:18,1404911537748,8137,2379,1307386003
*RES* vm23:m0:19,1404911720231,3761,832,1307386003
*RES* vm23:m0:20,1404911693432,3815,1093,1307386003
*RES* vm23:m0:21,1404911716390,5654,924,1307386003
*RES* vm23:m0:22,1404911635928,2248,324,1307386003
*RES* vm23:m0:23,1404911667632,7689,1126,1307386003
*RES* vm23:m0:24,1404911720289,3772,835,1307386003
*RES* vm23:m0:25,1404911645743,7946,1635,1307386003
*RES* vm23:m0:26,1404911688912,4665,1065,1307386003
*RES* vm23:m0:27,1404911588839,12948,3181,1307386003
*RES* vm23:m0:28,1404911656356,5700,1395,1307386003
*RES* end node vm23:m0
Node vm23:m0 joined
*RES* start node vm23:r0
*RES* vm23:r0:0,1404911375436,34822,1229,1307386003
*RES* vm23:r0:0,1404911410264,30320,1167,1307386003
*RES* vm23:r0:0,1404911440591,26743,1148,1307386003
*RES* vm23:r0:0,1404911467339,28702,1109,1307386003
*RES* vm23:r0:0,1404911496048,11044,1511,1307386003
*RES* vm23:r0:0,1404911507095,13717,2294,1307386003
*RES* vm23:r0:0,1404911520824,17800,2731,1307386003
*RES* vm23:r0:0,1404911538632,10701,2228,1307386003
*RES* vm23:r0:0,1404911549340,8153,2764,1307386003
*RES* vm23:r0:0,1404911557499,8784,2649,1307386003
*RES* vm23:r0:0,1404911566292,9781,2468,1307386003
*RES* vm23:r0:0,1404911576083,7638,2535,1307386003
*RES* vm23:r0:0,1404911583727,8495,2526,1307386003
*RES* vm23:r0:0,1404911592235,12042,2808,1307386003
*RES* vm23:r0:0,1404911604284,9323,2837,1307386003
*RES* vm23:r0:0,1404911613612,6895,2660,1307386003
*RES* vm23:r0:0,1404911620526,9402,2154,1307386003
*RES* vm23:r0:0,1404911629932,5979,1964,1307386003
*RES* vm23:r0:0,1404911635923,2259,960,1307386003
*RES* vm23:r0:0,1404911638187,7776,2160,1307386003
*RES* vm23:r0:0,1404911645979,7602,1692,1307386003
*RES* vm23:r0:0,1404911653588,6388,1627,1307386003
*RES* vm23:r0:0,1404911659988,6697,1335,1307386003
*RES* vm23:r0:0,1404911666691,5366,1193,1307386003
*RES* vm23:r0:0,1404911672067,6709,1200,1307386003
*RES* vm23:r0:1,1404911375436,31484,1253,1307386003
*RES* vm23:r0:2,1404911375436,39393,1220,1307386003
*RES* vm23:r0:3,1404911375436,36592,1228,1307386003
*RES* vm23:r0:4,1404911375436,37061,1218,1307386003
*RES* end node vm23:r0
Node vm23:r0 joined
Worker terminating correctly
