OSMeF worker starting
Enabling core dumping
Listening for command connection
(vm1:m0) New mapper on port 23330
(vm1:m0) -> reducer data size 13574217626
(vm1:m0) -> reducer data size 13574217626
(vm1:m0) -> reducer data size 13574217626
(vm1:m0) -> reducer data size 13574217626
(vm1:m0) -> reducer data size 13574217626
(vm1:m0) -> reducer data size 13574217626
(vm1:m0) -> reducer data size 13574217626
(vm1:m0) -> reducer data size 13574217626
(vm1:m0) -> reducer data size 13574217626
(vm1:m0) Mapper thread started
(vm1:m0) Allocating data for reducer vm1:r0
(vm1:m0) Allocating data for reducer vm2:r0
(vm1:m0) Allocating data for reducer vm3:r0
(vm1:m0) Allocating data for reducer vm4:r0
(vm1:m0) Allocating data for reducer vm5:r0
(vm1:m0) Allocating data for reducer vm6:r0
(vm1:m0) Allocating data for reducer vm7:r0
(vm1:m0) Allocating data for reducer vm8:r0
(vm1:m0) Allocating data for reducer vm9:r0
(vm1:m0) Binding to port 23330
(vm1:r0) New reducer
(vm1:r0) Reducer thread started
(vm1:r0) waiting for START message
(vm1:r0) got START message
(vm1:r0) Starting new connection thread
(vm1:r0) Starting new connection thread
(vm1:r0) Starting new connection thread
(vm1:r0) Starting new connection thread
(vm1:r0) Starting new connection thread
(vm1:r0) Maximum number of connections reached (5), waiting for a thread to finish
(vm1:r0:0) Connection established
(vm1:m0) Got connection from reducer vm1:r0
(vm1:m0:0) thread started, have to send 13574217626 bytes
(vm1:r0:4) Connection established
(vm1:r0:1) Connection established
(vm1:m0) Got connection from reducer vm2:r0
(vm1:m0) Got connection from reducer vm7:r0
(vm1:m0) Got connection from reducer vm6:r0
(vm1:m0) Got connection from reducer vm8:r0
(vm1:m0) Got connection from reducer vm9:r0
(vm1:r0:2) Connection established
(vm1:m0:5) thread started, have to send 13574217626 bytes
(vm1:m0:6) thread started, have to send 13574217626 bytes
(vm1:m0) Got connection from reducer vm3:r0
(vm1:m0) Got connection from reducer vm5:r0
(vm1:m0:7) thread started, have to send 13574217626 bytes
(vm1:m0:8) thread started, have to send 13574217626 bytes
(vm1:m0:1) thread started, have to send 13574217626 bytes
(vm1:r0:3) Connection established
(vm1:m0) Got connection from reducer vm4:r0
(vm1:m0) Waiting for a thread to finish
(vm1:m0:2) thread started, have to send 13574217626 bytes
(vm1:m0:4) thread started, have to send 13574217626 bytes
(vm1:m0:3) thread started, have to send 13574217626 bytes
(vm1:m0:0) all data sent, thread exiting
(vm1:m0) thread 0 joined, 8 connections remaining
(vm1:m0) Waiting for a thread to finish
(vm1:r0:0) Connection finished, received 13574217627 bytes
(vm1:r0) thread 0 joined, 8 connections remaining
(vm1:r0) Starting new connection thread
(vm1:r0) Maximum number of connections reached (5), waiting for a thread to finish
(vm1:r0:0) Connection established
(vm1:m0:8) all data sent, thread exiting
(vm1:m0:5) all data sent, thread exiting
(vm1:m0:6) all data sent, thread exiting
(vm1:m0:7) all data sent, thread exiting
(vm1:r0:4) Connection finished, received 13574217627 bytes
(vm1:r0:1) Connection finished, received 13574217627 bytes
(vm1:m0:2) all data sent, thread exiting
(vm1:m0:3) all data sent, thread exiting
(vm1:r0:2) Connection finished, received 13574217627 bytes
(vm1:m0:4) all data sent, thread exiting
(vm1:m0:1) all data sent, thread exiting
(vm1:m0) thread 1 joined, 7 connections remaining
(vm1:m0) Waiting for a thread to finish
(vm1:m0) thread 2 joined, 6 connections remaining
(vm1:m0) Waiting for a thread to finish
(vm1:m0) thread 3 joined, 5 connections remaining
(vm1:m0) Waiting for a thread to finish
(vm1:m0) thread 4 joined, 4 connections remaining
(vm1:m0) Waiting for a thread to finish
(vm1:m0) thread 5 joined, 3 connections remaining
(vm1:m0) Waiting for a thread to finish
(vm1:m0) thread 6 joined, 2 connections remaining
(vm1:m0) Waiting for a thread to finish
(vm1:m0) thread 7 joined, 1 connections remaining
(vm1:m0) Waiting for a thread to finish
(vm1:m0) thread 8 joined, 0 connections remaining
(vm1:m0) all done, exiting
*RES* start node vm1:m0
*RES* vm1:m0:0,1403712372218,109397,4319,13574217627
*RES* vm1:m0:1,1403712372231,161273,11126,13574217627
*RES* vm1:m0:2,1403712372235,157304,11057,13574217627
*RES* vm1:m0:3,1403712372235,159135,11006,13574217627
*RES* vm1:m0:4,1403712372235,160500,10983,13574217627
*RES* vm1:m0:5,1403712372229,140053,11558,13574217627
*RES* vm1:m0:6,1403712372229,140153,11384,13574217627
*RES* vm1:m0:7,1403712372230,140722,11661,13574217627
*RES* vm1:m0:8,1403712372230,139490,11561,13574217627
*RES* end node vm1:m0
Node vm1:m0 joined
(vm1:r0:3) Connection finished, received 13574217627 bytes
(vm1:r0:0) Connection finished, received 13574217627 bytes
(vm1:r0) thread 0 joined, 7 connections remaining
(vm1:r0) Starting new connection thread
(vm1:r0) Maximum number of connections reached (5), waiting for a thread to finish
(vm1:r0:0) Connection established
(vm1:r0:0) Connection finished, received 13574217627 bytes
(vm1:r0) thread 0 joined, 6 connections remaining
(vm1:r0) Starting new connection thread
(vm1:r0) Maximum number of connections reached (5), waiting for a thread to finish
(vm1:r0:0) Connection established
(vm1:r0:0) Connection finished, received 13574217627 bytes
(vm1:r0) thread 0 joined, 5 connections remaining
(vm1:r0) Starting new connection thread
(vm1:r0) Maximum number of connections reached (5), waiting for a thread to finish
(vm1:r0:0) Connection established
(vm1:r0:0) Connection finished, received 13574217627 bytes
(vm1:r0) thread 0 joined, 4 connections remaining
(vm1:r0) Maximum number of connections reached (4), waiting for a thread to finish
(vm1:r0) thread 1 joined, 3 connections remaining
(vm1:r0) Maximum number of connections reached (3), waiting for a thread to finish
(vm1:r0) thread 2 joined, 2 connections remaining
(vm1:r0) Maximum number of connections reached (2), waiting for a thread to finish
(vm1:r0) thread 3 joined, 1 connections remaining
(vm1:r0) Maximum number of connections reached (1), waiting for a thread to finish
(vm1:r0) thread 4 joined, 0 connections remaining
(vm1:r0) all done, exiting
*RES* start node vm1:r0
*RES* vm1:r0:0,1403712372218,109471,9869,13574217627
*RES* vm1:r0:0,1403712481721,97524,9983,13574217627
*RES* vm1:r0:0,1403712579250,33541,10503,13574217627
*RES* vm1:r0:0,1403712612798,25170,10106,13574217627
*RES* vm1:r0:0,1403712637974,24846,10843,13574217627
*RES* vm1:r0:1,1403712372218,156856,11194,13574217627
*RES* vm1:r0:2,1403712372218,159461,11374,13574217627
*RES* vm1:r0:3,1403712372218,162727,11631,13574217627
*RES* vm1:r0:4,1403712372218,156564,11193,13574217627
*RES* end node vm1:r0
Node vm1:r0 joined
Worker terminating correctly
