OSMeF worker starting
Enabling core dumping
Listening for command connection
(vm30:m0) New mapper on port 23330
(vm30:m0) -> reducer data size 7059446
(vm30:m0) -> reducer data size 7059446
(vm30:m0) -> reducer data size 7059446
(vm30:m0) -> reducer data size 7059446
(vm30:m0) -> reducer data size 7059446
(vm30:m0) -> reducer data size 7059446
(vm30:m0) -> reducer data size 7059446
(vm30:m0) -> reducer data size 7059446
(vm30:m0) -> reducer data size 7059446
(vm30:m0) -> reducer data size 7059446
(vm30:m0) -> reducer data size 7059446
(vm30:m0) -> reducer data size 7059446
(vm30:m0) -> reducer data size 7059446
(vm30:m0) -> reducer data size 7059446
(vm30:m0) -> reducer data size 7059446
(vm30:m0) -> reducer data size 7059446
(vm30:m0) -> reducer data size 7059446
(vm30:m0) -> reducer data size 7059446
(vm30:m0) -> reducer data size 7059446
(vm30:m0) -> reducer data size 7059446
(vm30:m0) -> reducer data size 7059446
(vm30:m0) -> reducer data size 7059446
(vm30:m0) -> reducer data size 7059446
(vm30:m0) -> reducer data size 7059446
(vm30:m0) -> reducer data size 7059446
(vm30:m0) -> reducer data size 7059446
(vm30:m0) -> reducer data size 7059446
(vm30:m0) -> reducer data size 7059446
(vm30:m0) -> reducer data size 7059446
(vm30:m0) -> reducer data size 7059446
(vm30:m0) -> reducer data size 7059446
(vm30:m0) -> reducer data size 7059446
(vm30:m0) -> reducer data size 7059446
(vm30:m0) -> reducer data size 7059446
(vm30:m0) -> reducer data size 7059446
(vm30:m0) -> reducer data size 7059446
(vm30:m0) -> reducer data size 7059446
(vm30:m0) -> reducer data size 7059446
(vm30:m0) -> reducer data size 7059446
(vm30:m0) Mapper thread started
(vm30:m0) Allocating data for reducer vm1:r0
(vm30:m0) Allocating data for reducer vm2:r0
(vm30:m0) Allocating data for reducer vm3:r0
(vm30:m0) Allocating data for reducer vm4:r0
(vm30:m0) Allocating data for reducer vm5:r0
(vm30:m0) Allocating data for reducer vm6:r0
(vm30:m0) Allocating data for reducer vm7:r0
(vm30:m0) Allocating data for reducer vm8:r0
(vm30:m0) Allocating data for reducer vm9:r0
(vm30:m0) Allocating data for reducer vm10:r0
(vm30:m0) Allocating data for reducer vm11:r0
(vm30:m0) Allocating data for reducer vm12:r0
(vm30:m0) Allocating data for reducer vm13:r0
(vm30:m0) Allocating data for reducer vm14:r0
(vm30:m0) Allocating data for reducer vm15:r0
(vm30:m0) Allocating data for reducer vm16:r0
(vm30:m0) Allocating data for reducer vm17:r0
(vm30:m0) Allocating data for reducer vm18:r0
(vm30:m0) Allocating data for reducer vm19:r0
(vm30:m0) Allocating data for reducer vm20:r0
(vm30:m0) Allocating data for reducer vm21:r0
(vm30:m0) Allocating data for reducer vm22:r0
(vm30:m0) Allocating data for reducer vm23:r0
(vm30:m0) Allocating data for reducer vm24:r0
(vm30:m0) Allocating data for reducer vm25:r0
(vm30:m0) Allocating data for reducer vm26:r0
(vm30:m0) Allocating data for reducer vm27:r0
(vm30:m0) Allocating data for reducer vm28:r0
(vm30:m0) Allocating data for reducer vm29:r0
(vm30:m0) Allocating data for reducer vm30:r0
(vm30:m0) Allocating data for reducer vm31:r0
(vm30:m0) Allocating data for reducer vm32:r0
(vm30:m0) Allocating data for reducer vm33:r0
(vm30:m0) Allocating data for reducer vm34:r0
(vm30:m0) Allocating data for reducer vm35:r0
(vm30:m0) Allocating data for reducer vm36:r0
(vm30:m0) Allocating data for reducer vm37:r0
(vm30:m0) Allocating data for reducer vm38:r0
(vm30:m0) Allocating data for reducer vm39:r0
(vm30:m0) Binding to port 23330
(vm30:r0) New reducer
(vm30:r0) Reducer thread started
(vm30:r0) waiting for START message
(vm30:r0) got START message
(vm30:r0) Starting new connection thread
(vm30:r0) Starting new connection thread
(vm30:r0) Starting new connection thread
(vm30:r0) Starting new connection thread
(vm30:r0) Starting new connection thread
(vm30:r0) Maximum number of connections reached (5), waiting for a thread to finish
(vm30:r0:1) Connection established
(vm30:r0:4) Connection established
(vm30:r0:2) Connection established
(vm30:r0:0) Connection established
(vm30:r0:3) Connection established
(vm30:r0:3) Connection finished, received 7059447 bytes
(vm30:r0:4) Connection finished, received 7059447 bytes
(vm30:r0:0) Connection finished, received 7059447 bytes
(vm30:r0) thread 0 joined, 38 connections remaining
(vm30:r0) Starting new connection thread
(vm30:r0) Maximum number of connections reached (5), waiting for a thread to finish
(vm30:r0:0) Connection established
(vm30:r0:1) Connection finished, received 7059447 bytes
(vm30:r0:2) Connection finished, received 7059447 bytes
(vm30:r0:0) Connection finished, received 7059447 bytes
(vm30:r0) thread 0 joined, 37 connections remaining
(vm30:r0) Starting new connection thread
(vm30:r0) Maximum number of connections reached (5), waiting for a thread to finish
(vm30:r0:0) Connection established
(vm30:r0:0) Connection finished, received 7059447 bytes
(vm30:r0) thread 0 joined, 36 connections remaining
(vm30:r0) Starting new connection thread
(vm30:r0) Maximum number of connections reached (5), waiting for a thread to finish
(vm30:r0:0) Connection established
(vm30:r0:0) Connection finished, received 7059447 bytes
(vm30:r0) thread 0 joined, 35 connections remaining
(vm30:r0) Starting new connection thread
(vm30:r0) Maximum number of connections reached (5), waiting for a thread to finish
(vm30:r0:0) Connection established
(vm30:r0:0) Connection finished, received 7059447 bytes
(vm30:r0) thread 0 joined, 34 connections remaining
(vm30:r0) Starting new connection thread
(vm30:r0) Maximum number of connections reached (5), waiting for a thread to finish
(vm30:r0:0) Connection established
(vm30:r0:0) Connection finished, received 7059447 bytes
(vm30:r0) thread 0 joined, 33 connections remaining
(vm30:r0) Starting new connection thread
(vm30:r0) Maximum number of connections reached (5), waiting for a thread to finish
(vm30:r0:0) Connection established
(vm30:m0) Got connection from reducer vm11:r0
(vm30:m0:10) thread started, have to send 7059446 bytes
(vm30:m0) Got connection from reducer vm17:r0
(vm30:m0:16) thread started, have to send 7059446 bytes
(vm30:m0:16) all data sent, thread exiting
(vm30:r0:0) Connection finished, received 7059447 bytes
(vm30:r0) thread 0 joined, 32 connections remaining
(vm30:r0) Starting new connection thread
(vm30:r0) Maximum number of connections reached (5), waiting for a thread to finish
(vm30:r0:0) Connection established
(vm30:m0:10) all data sent, thread exiting
(vm30:m0) Got connection from reducer vm23:r0
(vm30:m0:22) thread started, have to send 7059446 bytes
(vm30:m0) Got connection from reducer vm12:r0
(vm30:m0:11) thread started, have to send 7059446 bytes
(vm30:r0:0) Connection finished, received 7059447 bytes
(vm30:r0) thread 0 joined, 31 connections remaining
(vm30:r0) Starting new connection thread
(vm30:r0) Maximum number of connections reached (5), waiting for a thread to finish
(vm30:r0:0) Connection established
(vm30:m0:11) all data sent, thread exiting
(vm30:m0:22) all data sent, thread exiting
(vm30:r0:0) Connection finished, received 7059447 bytes
(vm30:r0) thread 0 joined, 30 connections remaining
(vm30:r0) Starting new connection thread
(vm30:r0) Maximum number of connections reached (5), waiting for a thread to finish
(vm30:r0:0) Connection established
(vm30:r0:0) Connection finished, received 7059447 bytes
(vm30:r0) thread 0 joined, 29 connections remaining
(vm30:r0) Starting new connection thread
(vm30:r0) Maximum number of connections reached (5), waiting for a thread to finish
(vm30:m0) Got connection from reducer vm22:r0
(vm30:m0:21) thread started, have to send 7059446 bytes
(vm30:r0:0) Connection established
(vm30:m0:21) all data sent, thread exiting
(vm30:r0:0) Connection finished, received 7059447 bytes
(vm30:r0) thread 0 joined, 28 connections remaining
(vm30:r0) Starting new connection thread
(vm30:r0) Maximum number of connections reached (5), waiting for a thread to finish
(vm30:r0:0) Connection established
(vm30:m0) Got connection from reducer vm9:r0
(vm30:m0:8) thread started, have to send 7059446 bytes
(vm30:m0) Got connection from reducer vm10:r0
(vm30:m0:9) thread started, have to send 7059446 bytes
(vm30:m0) Got connection from reducer vm1:r0
(vm30:m0:8) all data sent, thread exiting
(vm30:m0:0) thread started, have to send 7059446 bytes
(vm30:r0:0) Connection finished, received 7059447 bytes
(vm30:m0:0) all data sent, thread exiting
(vm30:r0) thread 0 joined, 27 connections remaining
(vm30:r0) Starting new connection thread
(vm30:r0) Maximum number of connections reached (5), waiting for a thread to finish
(vm30:r0:0) Connection established
(vm30:r0:0) Connection finished, received 7059447 bytes
(vm30:r0) thread 0 joined, 26 connections remaining
(vm30:r0) Starting new connection thread
(vm30:r0) Maximum number of connections reached (5), waiting for a thread to finish
(vm30:r0:0) Connection established
(vm30:m0) Got connection from reducer vm24:r0
(vm30:m0:23) thread started, have to send 7059446 bytes
(vm30:m0:23) all data sent, thread exiting
(vm30:m0:9) all data sent, thread exiting
(vm30:r0:0) Connection finished, received 7059447 bytes
(vm30:r0) thread 0 joined, 25 connections remaining
(vm30:r0) Starting new connection thread
(vm30:r0) Maximum number of connections reached (5), waiting for a thread to finish
(vm30:r0:0) Connection established
(vm30:r0:0) Connection finished, received 7059447 bytes
(vm30:r0) thread 0 joined, 24 connections remaining
(vm30:r0) Starting new connection thread
(vm30:r0) Maximum number of connections reached (5), waiting for a thread to finish
(vm30:m0) Got connection from reducer vm35:r0
(vm30:m0:34) thread started, have to send 7059446 bytes
(vm30:r0:0) Connection established
(vm30:m0) Got connection from reducer vm20:r0
(vm30:m0:19) thread started, have to send 7059446 bytes
(vm30:r0:0) Connection finished, received 7059447 bytes
(vm30:r0) thread 0 joined, 23 connections remaining
(vm30:r0) Starting new connection thread
(vm30:r0) Maximum number of connections reached (5), waiting for a thread to finish
(vm30:r0:0) Connection established
(vm30:m0:19) all data sent, thread exiting
(vm30:r0:0) Connection finished, received 7059447 bytes
(vm30:r0) thread 0 joined, 22 connections remaining
(vm30:r0) Starting new connection thread
(vm30:r0) Maximum number of connections reached (5), waiting for a thread to finish
(vm30:r0:0) Connection established
(vm30:m0) Got connection from reducer vm21:r0
(vm30:m0:20) thread started, have to send 7059446 bytes
(vm30:m0:20) all data sent, thread exiting
(vm30:r0:0) Connection finished, received 7059447 bytes
(vm30:r0) thread 0 joined, 21 connections remaining
(vm30:r0) Starting new connection thread
(vm30:r0) Maximum number of connections reached (5), waiting for a thread to finish
(vm30:r0:0) Connection established
(vm30:m0) Got connection from reducer vm7:r0
(vm30:m0:6) thread started, have to send 7059446 bytes
(vm30:m0) Got connection from reducer vm5:r0
(vm30:m0:4) thread started, have to send 7059446 bytes
(vm30:m0:6) all data sent, thread exiting
(vm30:m0:4) all data sent, thread exiting
(vm30:m0:34) all data sent, thread exiting
(vm30:r0:0) Connection finished, received 7059447 bytes
(vm30:r0) thread 0 joined, 20 connections remaining
(vm30:r0) Starting new connection thread
(vm30:r0) Maximum number of connections reached (5), waiting for a thread to finish
(vm30:r0:0) Connection established
(vm30:m0) Got connection from reducer vm36:r0
(vm30:m0:35) thread started, have to send 7059446 bytes
(vm30:r0:0) Connection finished, received 7059447 bytes
(vm30:r0) thread 0 joined, 19 connections remaining
(vm30:r0) Starting new connection thread
(vm30:r0) Maximum number of connections reached (5), waiting for a thread to finish
(vm30:r0:0) Connection established
(vm30:m0:35) all data sent, thread exiting
(vm30:m0) Got connection from reducer vm33:r0
(vm30:m0:32) thread started, have to send 7059446 bytes
(vm30:r0:0) Connection finished, received 7059447 bytes
(vm30:r0) thread 0 joined, 18 connections remaining
(vm30:r0) Starting new connection thread
(vm30:r0) Maximum number of connections reached (5), waiting for a thread to finish
(vm30:r0:0) Connection established
(vm30:m0) Got connection from reducer vm31:r0
(vm30:m0:30) thread started, have to send 7059446 bytes
(vm30:m0) Got connection from reducer vm6:r0
(vm30:m0:32) all data sent, thread exiting
(vm30:m0:5) thread started, have to send 7059446 bytes
(vm30:m0:5) all data sent, thread exiting
(vm30:m0:30) all data sent, thread exiting
(vm30:m0) Got connection from reducer vm4:r0
(vm30:m0:3) thread started, have to send 7059446 bytes
(vm30:r0:0) Connection finished, received 7059447 bytes
(vm30:r0) thread 0 joined, 17 connections remaining
(vm30:r0) Starting new connection thread
(vm30:r0) Maximum number of connections reached (5), waiting for a thread to finish
(vm30:r0:0) Connection established
(vm30:m0:3) all data sent, thread exiting
(vm30:m0) Got connection from reducer vm18:r0
(vm30:m0:17) thread started, have to send 7059446 bytes
(vm30:m0) Got connection from reducer vm19:r0
(vm30:m0:18) thread started, have to send 7059446 bytes
(vm30:r0:0) Connection finished, received 7059447 bytes
(vm30:r0) thread 0 joined, 16 connections remaining
(vm30:r0) Starting new connection thread
(vm30:r0) Maximum number of connections reached (5), waiting for a thread to finish
(vm30:r0:0) Connection established
(vm30:m0:18) all data sent, thread exiting
(vm30:m0:17) all data sent, thread exiting
(vm30:r0:0) Connection finished, received 7059447 bytes
(vm30:r0) thread 0 joined, 15 connections remaining
(vm30:r0) Starting new connection thread
(vm30:r0) Maximum number of connections reached (5), waiting for a thread to finish
(vm30:r0:0) Connection established
(vm30:m0) Got connection from reducer vm28:r0
(vm30:m0:27) thread started, have to send 7059446 bytes
(vm30:m0:27) all data sent, thread exiting
(vm30:m0) Got connection from reducer vm26:r0
(vm30:m0:25) thread started, have to send 7059446 bytes
(vm30:r0:0) Connection finished, received 7059447 bytes
(vm30:r0) thread 0 joined, 14 connections remaining
(vm30:r0) Starting new connection thread
(vm30:r0) Maximum number of connections reached (5), waiting for a thread to finish
(vm30:m0) Got connection from reducer vm25:r0
(vm30:m0) Got connection from reducer vm13:r0
(vm30:m0) Got connection from reducer vm8:r0
(vm30:r0:0) Connection established
(vm30:m0) Got connection from reducer vm30:r0
(vm30:m0:7) thread started, have to send 7059446 bytes
(vm30:m0:29) thread started, have to send 7059446 bytes
(vm30:m0:12) thread started, have to send 7059446 bytes
(vm30:m0:24) thread started, have to send 7059446 bytes
(vm30:r0:0) Connection finished, received 7059447 bytes
(vm30:m0:25) all data sent, thread exiting
(vm30:m0:29) all data sent, thread exiting
(vm30:r0) thread 0 joined, 13 connections remaining
(vm30:r0) Starting new connection thread
(vm30:r0) Maximum number of connections reached (5), waiting for a thread to finish
(vm30:r0:0) Connection established
(vm30:m0:12) all data sent, thread exiting
(vm30:m0:24) all data sent, thread exiting
(vm30:m0:7) all data sent, thread exiting
(vm30:m0) Got connection from reducer vm34:r0
(vm30:m0:33) thread started, have to send 7059446 bytes
(vm30:r0:0) Connection finished, received 7059447 bytes
(vm30:r0) thread 0 joined, 12 connections remaining
(vm30:r0) Starting new connection thread
(vm30:r0) Maximum number of connections reached (5), waiting for a thread to finish
(vm30:m0) Got connection from reducer vm2:r0
(vm30:m0:1) thread started, have to send 7059446 bytes
(vm30:r0:0) Connection established
(vm30:m0:1) all data sent, thread exiting
(vm30:m0:33) all data sent, thread exiting
(vm30:r0:0) Connection finished, received 7059447 bytes
(vm30:r0) thread 0 joined, 11 connections remaining
(vm30:r0) Starting new connection thread
(vm30:r0) Maximum number of connections reached (5), waiting for a thread to finish
(vm30:r0:0) Connection established
(vm30:r0:0) Connection finished, received 7059447 bytes
(vm30:r0) thread 0 joined, 10 connections remaining
(vm30:r0) Starting new connection thread
(vm30:r0) Maximum number of connections reached (5), waiting for a thread to finish
(vm30:r0:0) Connection established
(vm30:m0) Got connection from reducer vm38:r0
(vm30:m0:37) thread started, have to send 7059446 bytes
(vm30:r0:0) Connection finished, received 7059447 bytes
(vm30:r0) thread 0 joined, 9 connections remaining
(vm30:r0) Starting new connection thread
(vm30:r0) Maximum number of connections reached (5), waiting for a thread to finish
(vm30:r0:0) Connection established
(vm30:m0:37) all data sent, thread exiting
(vm30:r0:0) Connection finished, received 7059447 bytes
(vm30:r0) thread 0 joined, 8 connections remaining
(vm30:r0) Starting new connection thread
(vm30:r0) Maximum number of connections reached (5), waiting for a thread to finish
(vm30:r0:0) Connection established
(vm30:r0:0) Connection finished, received 7059447 bytes
(vm30:r0) thread 0 joined, 7 connections remaining
(vm30:r0) Starting new connection thread
(vm30:r0) Maximum number of connections reached (5), waiting for a thread to finish
(vm30:r0:0) Connection established
(vm30:r0:0) Connection finished, received 7059447 bytes
(vm30:r0) thread 0 joined, 6 connections remaining
(vm30:r0) Starting new connection thread
(vm30:r0) Maximum number of connections reached (5), waiting for a thread to finish
(vm30:r0:0) Connection established
(vm30:m0) Got connection from reducer vm16:r0
(vm30:m0:15) thread started, have to send 7059446 bytes
(vm30:r0:0) Connection finished, received 7059447 bytes
(vm30:r0) thread 0 joined, 5 connections remaining
(vm30:r0) Starting new connection thread
(vm30:r0) Maximum number of connections reached (5), waiting for a thread to finish
(vm30:r0:0) Connection established
(vm30:m0) Got connection from reducer vm39:r0
(vm30:m0:38) thread started, have to send 7059446 bytes
(vm30:m0:15) all data sent, thread exiting
(vm30:r0:0) Connection finished, received 7059447 bytes
(vm30:r0) thread 0 joined, 4 connections remaining
(vm30:r0) Maximum number of connections reached (4), waiting for a thread to finish
(vm30:r0) thread 1 joined, 3 connections remaining
(vm30:r0) Maximum number of connections reached (3), waiting for a thread to finish
(vm30:r0) thread 2 joined, 2 connections remaining
(vm30:r0) Maximum number of connections reached (2), waiting for a thread to finish
(vm30:r0) thread 3 joined, 1 connections remaining
(vm30:r0) Maximum number of connections reached (1), waiting for a thread to finish
(vm30:r0) thread 4 joined, 0 connections remaining
(vm30:r0) all done, exiting
(vm30:m0:38) all data sent, thread exiting
(vm30:m0) Got connection from reducer vm29:r0
(vm30:m0:28) thread started, have to send 7059446 bytes
(vm30:m0) Got connection from reducer vm3:r0
(vm30:m0:2) thread started, have to send 7059446 bytes
(vm30:m0:28) all data sent, thread exiting
(vm30:m0) Got connection from reducer vm15:r0
(vm30:m0:14) thread started, have to send 7059446 bytes
(vm30:m0) Got connection from reducer vm32:r0
(vm30:m0) Got connection from reducer vm14:r0
(vm30:m0:31) thread started, have to send 7059446 bytes
(vm30:m0:13) thread started, have to send 7059446 bytes
(vm30:m0) Got connection from reducer vm27:r0
(vm30:m0:26) thread started, have to send 7059446 bytes
(vm30:m0:2) all data sent, thread exiting
(vm30:m0:14) all data sent, thread exiting
(vm30:m0:31) all data sent, thread exiting
(vm30:m0:13) all data sent, thread exiting
(vm30:m0:26) all data sent, thread exiting
(vm30:m0) Got connection from reducer vm37:r0
(vm30:m0) Waiting for a thread to finish
(vm30:m0) thread 0 joined, 38 connections remaining
(vm30:m0) Waiting for a thread to finish
(vm30:m0) thread 1 joined, 37 connections remaining
(vm30:m0) Waiting for a thread to finish
(vm30:m0) thread 2 joined, 36 connections remaining
(vm30:m0) Waiting for a thread to finish
(vm30:m0) thread 3 joined, 35 connections remaining
(vm30:m0) Waiting for a thread to finish
(vm30:m0) thread 4 joined, 34 connections remaining
(vm30:m0) Waiting for a thread to finish
(vm30:m0) thread 5 joined, 33 connections remaining
(vm30:m0) Waiting for a thread to finish
(vm30:m0) thread 6 joined, 32 connections remaining
(vm30:m0) Waiting for a thread to finish
(vm30:m0) thread 7 joined, 31 connections remaining
(vm30:m0) Waiting for a thread to finish
(vm30:m0) thread 8 joined, 30 connections remaining
(vm30:m0) Waiting for a thread to finish
(vm30:m0) thread 9 joined, 29 connections remaining
(vm30:m0) Waiting for a thread to finish
(vm30:m0) thread 10 joined, 28 connections remaining
(vm30:m0) Waiting for a thread to finish
(vm30:m0) thread 11 joined, 27 connections remaining
(vm30:m0) Waiting for a thread to finish
(vm30:m0) thread 12 joined, 26 connections remaining
(vm30:m0) Waiting for a thread to finish
(vm30:m0) thread 13 joined, 25 connections remaining
(vm30:m0) Waiting for a thread to finish
(vm30:m0) thread 14 joined, 24 connections remaining
(vm30:m0) Waiting for a thread to finish
(vm30:m0) thread 15 joined, 23 connections remaining
(vm30:m0) Waiting for a thread to finish
(vm30:m0) thread 16 joined, 22 connections remaining
(vm30:m0) Waiting for a thread to finish
(vm30:m0) thread 17 joined, 21 connections remaining
(vm30:m0) Waiting for a thread to finish
(vm30:m0) thread 18 joined, 20 connections remaining
(vm30:m0) Waiting for a thread to finish
(vm30:m0) thread 19 joined, 19 connections remaining
(vm30:m0) Waiting for a thread to finish
(vm30:m0) thread 20 joined, 18 connections remaining
(vm30:m0) Waiting for a thread to finish
(vm30:m0) thread 21 joined, 17 connections remaining
(vm30:m0) Waiting for a thread to finish
(vm30:m0) thread 22 joined, 16 connections remaining
(vm30:m0) Waiting for a thread to finish
(vm30:m0) thread 23 joined, 15 connections remaining
(vm30:m0) Waiting for a thread to finish
(vm30:m0) thread 24 joined, 14 connections remaining
(vm30:m0) Waiting for a thread to finish
(vm30:m0) thread 25 joined, 13 connections remaining
(vm30:m0) Waiting for a thread to finish
(vm30:m0) thread 26 joined, 12 connections remaining
(vm30:m0) Waiting for a thread to finish
(vm30:m0) thread 27 joined, 11 connections remaining
(vm30:m0) Waiting for a thread to finish
(vm30:m0) thread 28 joined, 10 connections remaining
(vm30:m0) Waiting for a thread to finish
(vm30:m0) thread 29 joined, 9 connections remaining
(vm30:m0) Waiting for a thread to finish
(vm30:m0) thread 30 joined, 8 connections remaining
(vm30:m0) Waiting for a thread to finish
(vm30:m0) thread 31 joined, 7 connections remaining
(vm30:m0) Waiting for a thread to finish
(vm30:m0) thread 32 joined, 6 connections remaining
(vm30:m0) Waiting for a thread to finish
(vm30:m0) thread 33 joined, 5 connections remaining
(vm30:m0) Waiting for a thread to finish
(vm30:m0) thread 34 joined, 4 connections remaining
(vm30:m0) Waiting for a thread to finish
(vm30:m0) thread 35 joined, 3 connections remaining
(vm30:m0) Waiting for a thread to finish
(vm30:m0:36) thread started, have to send 7059446 bytes
(vm30:m0:36) all data sent, thread exiting
(vm30:m0) thread 36 joined, 2 connections remaining
(vm30:m0) Waiting for a thread to finish
(vm30:m0) thread 37 joined, 1 connections remaining
(vm30:m0) Waiting for a thread to finish
(vm30:m0) thread 38 joined, 0 connections remaining
(vm30:m0) all done, exiting
*RES* start node vm30:m0
*RES* vm30:m0:0,1405931018684,54,16,7059447
*RES* vm30:m0:1,1405931020575,32,6,7059447
*RES* vm30:m0:2,1405931021092,31,9,7059447
*RES* vm30:m0:3,1405931020160,33,9,7059447
*RES* vm30:m0:4,1405931019423,60,16,7059447
*RES* vm30:m0:5,1405931019984,68,22,7059447
*RES* vm30:m0:6,1405931019392,45,9,7059447
*RES* vm30:m0:7,1405931020503,44,6,7059447
*RES* vm30:m0:8,1405931018568,108,20,7059447
*RES* vm30:m0:9,1405931018607,355,25,7059447
*RES* vm30:m0:10,1405931017688,354,8,7059447
*RES* vm30:m0:11,1405931018117,161,7,7059447
*RES* vm30:m0:12,1405931020505,38,6,7059447
*RES* vm30:m0:13,1405931021104,41,8,7059447
*RES* vm30:m0:14,1405931021102,32,8,7059447
*RES* vm30:m0:15,1405931020939,30,5,7059447
*RES* vm30:m0:16,1405931017708,176,8,7059447
*RES* vm30:m0:17,1405931020264,153,9,7059447
*RES* vm30:m0:18,1405931020290,68,8,7059447
*RES* vm30:m0:19,1405931019093,82,8,7059447
*RES* vm30:m0:20,1405931019280,31,10,7059447
*RES* vm30:m0:21,1405931018452,61,7,7059447
*RES* vm30:m0:22,1405931018083,201,7,7059447
*RES* vm30:m0:23,1405931018839,122,11,7059447
*RES* vm30:m0:24,1405931020510,35,6,7059447
*RES* vm30:m0:25,1405931020469,55,6,7059447
*RES* vm30:m0:26,1405931021120,40,7,7059447
*RES* vm30:m0:27,1405931020440,22,5,7059447
*RES* vm30:m0:28,1405931021007,94,7,7059447
*RES* vm30:m0:29,1405931020503,11,2,7059447
*RES* vm30:m0:30,1405931019975,114,17,7059447
*RES* vm30:m0:31,1405931021104,34,9,7059447
*RES* vm30:m0:32,1405931019781,201,26,7059447
*RES* vm30:m0:33,1405931020560,77,6,7059447
*RES* vm30:m0:34,1405931019065,419,10,7059447
*RES* vm30:m0:35,1405931019706,58,6,7059447
*RES* vm30:m0:36,1405931021261,22,7,7059447
*RES* vm30:m0:37,1405931020713,57,5,7059447
*RES* vm30:m0:38,1405931020964,39,5,7059447
*RES* end node vm30:m0
Node vm30:m0 joined
*RES* start node vm30:r0
*RES* vm30:r0:0,1405931014886,435,12,7059447
*RES* vm30:r0:0,1405931015328,623,23,7059447
*RES* vm30:r0:0,1405931015956,561,26,7059447
*RES* vm30:r0:0,1405931016524,453,15,7059447
*RES* vm30:r0:0,1405931016984,328,14,7059447
*RES* vm30:r0:0,1405931017316,206,8,7059447
*RES* vm30:r0:0,1405931017528,471,11,7059447
*RES* vm30:r0:0,1405931018006,194,24,7059447
*RES* vm30:r0:0,1405931018218,105,27,7059447
*RES* vm30:r0:0,1405931018328,118,10,7059447
*RES* vm30:r0:0,1405931018453,89,24,7059447
*RES* vm30:r0:0,1405931018549,188,22,7059447
*RES* vm30:r0:0,1405931018745,52,16,7059447
*RES* vm30:r0:0,1405931018805,185,19,7059447
*RES* vm30:r0:0,1405931018997,62,18,7059447
*RES* vm30:r0:0,1405931019064,94,17,7059447
*RES* vm30:r0:0,1405931019166,79,17,7059447
*RES* vm30:r0:0,1405931019251,70,19,7059447
*RES* vm30:r0:0,1405931019325,305,16,7059447
*RES* vm30:r0:0,1405931019636,74,14,7059447
*RES* vm30:r0:0,1405931019715,138,21,7059447
*RES* vm30:r0:0,1405931019857,320,24,7059447
*RES* vm30:r0:0,1405931020182,156,17,7059447
*RES* vm30:r0:0,1405931020342,77,9,7059447
*RES* vm30:r0:0,1405931020424,72,8,7059447
*RES* vm30:r0:0,1405931020501,14,3,7059447
*RES* vm30:r0:0,1405931020535,37,9,7059447
*RES* vm30:r0:0,1405931020578,71,8,7059447
*RES* vm30:r0:0,1405931020652,31,7,7059447
*RES* vm30:r0:0,1405931020688,63,9,7059447
*RES* vm30:r0:0,1405931020756,42,9,7059447
*RES* vm30:r0:0,1405931020804,43,7,7059447
*RES* vm30:r0:0,1405931020852,41,8,7059447
*RES* vm30:r0:0,1405931020900,50,7,7059447
*RES* vm30:r0:0,1405931020954,32,7,7059447
*RES* vm30:r0:1,1405931014886,542,13,7059447
*RES* vm30:r0:2,1405931014886,543,14,7059447
*RES* vm30:r0:3,1405931014886,406,12,7059447
*RES* vm30:r0:4,1405931014886,434,13,7059447
*RES* end node vm30:r0
Node vm30:r0 joined
Worker terminating correctly
