OSMeF worker starting
Enabling core dumping
Listening for command connection
(vm29:m0) New mapper on port 23330
(vm29:m0) -> reducer data size 1009652550
(vm29:m0) -> reducer data size 1009652550
(vm29:m0) -> reducer data size 1009652550
(vm29:m0) -> reducer data size 1009652550
(vm29:m0) -> reducer data size 1009652550
(vm29:m0) -> reducer data size 1009652550
(vm29:m0) -> reducer data size 1009652550
(vm29:m0) -> reducer data size 1009652550
(vm29:m0) -> reducer data size 1009652550
(vm29:m0) -> reducer data size 1009652550
(vm29:m0) -> reducer data size 1009652550
(vm29:m0) -> reducer data size 1009652550
(vm29:m0) -> reducer data size 1009652550
(vm29:m0) -> reducer data size 1009652550
(vm29:m0) -> reducer data size 1009652550
(vm29:m0) -> reducer data size 1009652550
(vm29:m0) -> reducer data size 1009652550
(vm29:m0) -> reducer data size 1009652550
(vm29:m0) -> reducer data size 1009652550
(vm29:m0) -> reducer data size 1009652550
(vm29:m0) -> reducer data size 1009652550
(vm29:m0) -> reducer data size 1009652550
(vm29:m0) -> reducer data size 1009652550
(vm29:m0) -> reducer data size 1009652550
(vm29:m0) -> reducer data size 1009652550
(vm29:m0) -> reducer data size 1009652550
(vm29:m0) -> reducer data size 1009652550
(vm29:m0) -> reducer data size 1009652550
(vm29:m0) -> reducer data size 1009652550
(vm29:m0) -> reducer data size 1009652550
(vm29:m0) -> reducer data size 1009652550
(vm29:m0) -> reducer data size 1009652550
(vm29:m0) -> reducer data size 1009652550
(vm29:m0) Mapper thread started
(vm29:m0) Allocating data for reducer vm1:r0
(vm29:m0) Allocating data for reducer vm2:r0
(vm29:m0) Allocating data for reducer vm3:r0
(vm29:m0) Allocating data for reducer vm4:r0
(vm29:m0) Allocating data for reducer vm5:r0
(vm29:m0) Allocating data for reducer vm6:r0
(vm29:m0) Allocating data for reducer vm7:r0
(vm29:m0) Allocating data for reducer vm8:r0
(vm29:m0) Allocating data for reducer vm9:r0
(vm29:m0) Allocating data for reducer vm10:r0
(vm29:m0) Allocating data for reducer vm11:r0
(vm29:m0) Allocating data for reducer vm12:r0
(vm29:m0) Allocating data for reducer vm13:r0
(vm29:m0) Allocating data for reducer vm14:r0
(vm29:m0) Allocating data for reducer vm15:r0
(vm29:m0) Allocating data for reducer vm16:r0
(vm29:m0) Allocating data for reducer vm17:r0
(vm29:m0) Allocating data for reducer vm18:r0
(vm29:m0) Allocating data for reducer vm19:r0
(vm29:m0) Allocating data for reducer vm20:r0
(vm29:m0) Allocating data for reducer vm21:r0
(vm29:m0) Allocating data for reducer vm22:r0
(vm29:m0) Allocating data for reducer vm23:r0
(vm29:m0) Allocating data for reducer vm24:r0
(vm29:m0) Allocating data for reducer vm25:r0
(vm29:m0) Allocating data for reducer vm26:r0
(vm29:m0) Allocating data for reducer vm27:r0
(vm29:m0) Allocating data for reducer vm28:r0
(vm29:m0) Allocating data for reducer vm29:r0
(vm29:m0) Allocating data for reducer vm30:r0
(vm29:m0) Allocating data for reducer vm31:r0
(vm29:m0) Allocating data for reducer vm32:r0
(vm29:m0) Allocating data for reducer vm33:r0
(vm29:m0) Binding to port 23330
(vm29:r0) New reducer
(vm29:r0) Reducer thread started
(vm29:r0) waiting for START message
(vm29:r0) got START message
(vm29:r0) Starting new connection thread
(vm29:r0) Starting new connection thread
(vm29:r0) Starting new connection thread
(vm29:r0) Starting new connection thread
(vm29:r0) Starting new connection thread
(vm29:r0) Maximum number of connections reached (5), waiting for a thread to finish
(vm29:r0:3) Connection established
(vm29:r0:4) Connection established
(vm29:r0:2) Connection established
(vm29:r0:1) Connection established
(vm29:r0:0) Connection established
(vm29:r0:4) Connection finished, received 1009652551 bytes
(vm29:r0:1) Connection finished, received 1009652551 bytes
(vm29:r0:0) Connection finished, received 1009652551 bytes
(vm29:r0) thread 0 joined, 32 connections remaining
(vm29:r0) Starting new connection thread
(vm29:r0) Maximum number of connections reached (5), waiting for a thread to finish
(vm29:r0:0) Connection established
(vm29:r0:3) Connection finished, received 1009652551 bytes
(vm29:r0:2) Connection finished, received 1009652551 bytes
(vm29:r0:0) Connection finished, received 1009652551 bytes
(vm29:r0) thread 0 joined, 31 connections remaining
(vm29:r0) Starting new connection thread
(vm29:r0) Maximum number of connections reached (5), waiting for a thread to finish
(vm29:r0:0) Connection established
(vm29:r0:0) Connection finished, received 1009652551 bytes
(vm29:r0) thread 0 joined, 30 connections remaining
(vm29:r0) Starting new connection thread
(vm29:r0) Maximum number of connections reached (5), waiting for a thread to finish
(vm29:r0:0) Connection established
(vm29:r0:0) Connection finished, received 1009652551 bytes
(vm29:r0) thread 0 joined, 29 connections remaining
(vm29:r0) Starting new connection thread
(vm29:r0) Maximum number of connections reached (5), waiting for a thread to finish
(vm29:r0:0) Connection established
(vm29:r0:0) Connection finished, received 1009652551 bytes
(vm29:r0) thread 0 joined, 28 connections remaining
(vm29:r0) Starting new connection thread
(vm29:r0) Maximum number of connections reached (5), waiting for a thread to finish
(vm29:r0:0) Connection established
(vm29:r0:0) Connection finished, received 1009652551 bytes
(vm29:r0) thread 0 joined, 27 connections remaining
(vm29:r0) Starting new connection thread
(vm29:r0) Maximum number of connections reached (5), waiting for a thread to finish
(vm29:r0:0) Connection established
(vm29:r0:0) Connection finished, received 1009652551 bytes
(vm29:r0) thread 0 joined, 26 connections remaining
(vm29:r0) Starting new connection thread
(vm29:r0) Maximum number of connections reached (5), waiting for a thread to finish
(vm29:r0:0) Connection established
(vm29:r0:0) Connection finished, received 1009652551 bytes
(vm29:r0) thread 0 joined, 25 connections remaining
(vm29:r0) Starting new connection thread
(vm29:r0) Maximum number of connections reached (5), waiting for a thread to finish
(vm29:r0:0) Connection established
(vm29:r0:0) Connection finished, received 1009652551 bytes
(vm29:r0) thread 0 joined, 24 connections remaining
(vm29:r0) Starting new connection thread
(vm29:r0) Maximum number of connections reached (5), waiting for a thread to finish
(vm29:r0:0) Connection established
(vm29:r0:0) Connection finished, received 1009652551 bytes
(vm29:r0) thread 0 joined, 23 connections remaining
(vm29:r0) Starting new connection thread
(vm29:r0) Maximum number of connections reached (5), waiting for a thread to finish
(vm29:r0:0) Connection established
(vm29:r0:0) Connection finished, received 1009652551 bytes
(vm29:r0) thread 0 joined, 22 connections remaining
(vm29:r0) Starting new connection thread
(vm29:r0) Maximum number of connections reached (5), waiting for a thread to finish
(vm29:r0:0) Connection established
(vm29:r0:0) Connection finished, received 1009652551 bytes
(vm29:r0) thread 0 joined, 21 connections remaining
(vm29:r0) Starting new connection thread
(vm29:r0) Maximum number of connections reached (5), waiting for a thread to finish
(vm29:r0:0) Connection established
(vm29:r0:0) Connection finished, received 1009652551 bytes
(vm29:r0) thread 0 joined, 20 connections remaining
(vm29:r0) Starting new connection thread
(vm29:r0) Maximum number of connections reached (5), waiting for a thread to finish
(vm29:r0:0) Connection established
(vm29:r0:0) Connection finished, received 1009652551 bytes
(vm29:r0) thread 0 joined, 19 connections remaining
(vm29:r0) Starting new connection thread
(vm29:r0) Maximum number of connections reached (5), waiting for a thread to finish
(vm29:r0:0) Connection established
(vm29:r0:0) Connection finished, received 1009652551 bytes
(vm29:r0) thread 0 joined, 18 connections remaining
(vm29:r0) Starting new connection thread
(vm29:r0) Maximum number of connections reached (5), waiting for a thread to finish
(vm29:r0:0) Connection established
(vm29:r0:0) Connection finished, received 1009652551 bytes
(vm29:r0) thread 0 joined, 17 connections remaining
(vm29:r0) Starting new connection thread
(vm29:r0) Maximum number of connections reached (5), waiting for a thread to finish
(vm29:r0:0) Connection established
(vm29:r0:0) Connection finished, received 1009652551 bytes
(vm29:r0) thread 0 joined, 16 connections remaining
(vm29:r0) Starting new connection thread
(vm29:r0) Maximum number of connections reached (5), waiting for a thread to finish
(vm29:r0:0) Connection established
(vm29:r0:0) Connection finished, received 1009652551 bytes
(vm29:r0) thread 0 joined, 15 connections remaining
(vm29:r0) Starting new connection thread
(vm29:r0) Maximum number of connections reached (5), waiting for a thread to finish
(vm29:r0:0) Connection established
(vm29:m0) Got connection from reducer vm19:r0
(vm29:m0:18) thread started, have to send 1009652550 bytes
(vm29:r0:0) Connection finished, received 1009652551 bytes
(vm29:r0) thread 0 joined, 14 connections remaining
(vm29:r0) Starting new connection thread
(vm29:r0) Maximum number of connections reached (5), waiting for a thread to finish
(vm29:r0:0) Connection established
(vm29:m0:18) all data sent, thread exiting
(vm29:r0:0) Connection finished, received 1009652551 bytes
(vm29:r0) thread 0 joined, 13 connections remaining
(vm29:r0) Starting new connection thread
(vm29:r0) Maximum number of connections reached (5), waiting for a thread to finish
(vm29:r0:0) Connection established
(vm29:r0:0) Connection finished, received 1009652551 bytes
(vm29:r0) thread 0 joined, 12 connections remaining
(vm29:r0) Starting new connection thread
(vm29:r0) Maximum number of connections reached (5), waiting for a thread to finish
(vm29:r0:0) Connection established
(vm29:m0) Got connection from reducer vm1:r0
(vm29:m0:0) thread started, have to send 1009652550 bytes
(vm29:r0:0) Connection finished, received 1009652551 bytes
(vm29:r0) thread 0 joined, 11 connections remaining
(vm29:r0) Starting new connection thread
(vm29:r0) Maximum number of connections reached (5), waiting for a thread to finish
(vm29:r0:0) Connection established
(vm29:m0:0) all data sent, thread exiting
(vm29:r0:0) Connection finished, received 1009652551 bytes
(vm29:r0) thread 0 joined, 10 connections remaining
(vm29:r0) Starting new connection thread
(vm29:r0) Maximum number of connections reached (5), waiting for a thread to finish
(vm29:r0:0) Connection established
(vm29:r0:0) Connection finished, received 1009652551 bytes
(vm29:r0) thread 0 joined, 9 connections remaining
(vm29:r0) Starting new connection thread
(vm29:r0) Maximum number of connections reached (5), waiting for a thread to finish
(vm29:r0:0) Connection established
(vm29:m0) Got connection from reducer vm29:r0
(vm29:m0:28) thread started, have to send 1009652550 bytes
(vm29:m0:28) all data sent, thread exiting
(vm29:r0:0) Connection finished, received 1009652551 bytes
(vm29:r0) thread 0 joined, 8 connections remaining
(vm29:r0) Starting new connection thread
(vm29:r0) Maximum number of connections reached (5), waiting for a thread to finish
(vm29:r0:0) Connection established
(vm29:r0:0) Connection finished, received 1009652551 bytes
(vm29:r0) thread 0 joined, 7 connections remaining
(vm29:r0) Starting new connection thread
(vm29:r0) Maximum number of connections reached (5), waiting for a thread to finish
(vm29:r0:0) Connection established
(vm29:r0:0) Connection finished, received 1009652551 bytes
(vm29:r0) thread 0 joined, 6 connections remaining
(vm29:r0) Starting new connection thread
(vm29:r0) Maximum number of connections reached (5), waiting for a thread to finish
(vm29:r0:0) Connection established
(vm29:r0:0) Connection finished, received 1009652551 bytes
(vm29:r0) thread 0 joined, 5 connections remaining
(vm29:r0) Starting new connection thread
(vm29:r0) Maximum number of connections reached (5), waiting for a thread to finish
(vm29:r0:0) Connection established
(vm29:r0:0) Connection finished, received 1009652551 bytes
(vm29:r0) thread 0 joined, 4 connections remaining
(vm29:r0) Maximum number of connections reached (4), waiting for a thread to finish
(vm29:r0) thread 1 joined, 3 connections remaining
(vm29:r0) Maximum number of connections reached (3), waiting for a thread to finish
(vm29:r0) thread 2 joined, 2 connections remaining
(vm29:r0) Maximum number of connections reached (2), waiting for a thread to finish
(vm29:r0) thread 3 joined, 1 connections remaining
(vm29:r0) Maximum number of connections reached (1), waiting for a thread to finish
(vm29:r0) thread 4 joined, 0 connections remaining
(vm29:r0) all done, exiting
(vm29:m0) Got connection from reducer vm31:r0
(vm29:m0:30) thread started, have to send 1009652550 bytes
(vm29:m0) Got connection from reducer vm6:r0
(vm29:m0:5) thread started, have to send 1009652550 bytes
(vm29:m0:30) all data sent, thread exiting
(vm29:m0:5) all data sent, thread exiting
(vm29:m0) Got connection from reducer vm24:r0
(vm29:m0:23) thread started, have to send 1009652550 bytes
(vm29:m0) Got connection from reducer vm32:r0
(vm29:m0:31) thread started, have to send 1009652550 bytes
(vm29:m0) Got connection from reducer vm11:r0
(vm29:m0:10) thread started, have to send 1009652550 bytes
(vm29:m0:23) all data sent, thread exiting
(vm29:m0:31) all data sent, thread exiting
(vm29:m0) Got connection from reducer vm22:r0
(vm29:m0:21) thread started, have to send 1009652550 bytes
(vm29:m0:10) all data sent, thread exiting
(vm29:m0:21) all data sent, thread exiting
(vm29:m0) Got connection from reducer vm7:r0
(vm29:m0:6) thread started, have to send 1009652550 bytes
(vm29:m0:6) all data sent, thread exiting
(vm29:m0) Got connection from reducer vm12:r0
(vm29:m0:11) thread started, have to send 1009652550 bytes
(vm29:m0) Got connection from reducer vm16:r0
(vm29:m0:15) thread started, have to send 1009652550 bytes
(vm29:m0) Got connection from reducer vm20:r0
(vm29:m0:19) thread started, have to send 1009652550 bytes
(vm29:m0:11) all data sent, thread exiting
(vm29:m0) Got connection from reducer vm30:r0
(vm29:m0:29) thread started, have to send 1009652550 bytes
(vm29:m0:15) all data sent, thread exiting
(vm29:m0:19) all data sent, thread exiting
(vm29:m0:29) all data sent, thread exiting
(vm29:m0) Got connection from reducer vm8:r0
(vm29:m0:7) thread started, have to send 1009652550 bytes
(vm29:m0:7) all data sent, thread exiting
(vm29:m0) Got connection from reducer vm28:r0
(vm29:m0:27) thread started, have to send 1009652550 bytes
(vm29:m0) Got connection from reducer vm9:r0
(vm29:m0:8) thread started, have to send 1009652550 bytes
(vm29:m0) Got connection from reducer vm27:r0
(vm29:m0:26) thread started, have to send 1009652550 bytes
(vm29:m0) Got connection from reducer vm15:r0
(vm29:m0:14) thread started, have to send 1009652550 bytes
(vm29:m0:8) all data sent, thread exiting
(vm29:m0:27) all data sent, thread exiting
(vm29:m0:26) all data sent, thread exiting
(vm29:m0:14) all data sent, thread exiting
(vm29:m0) Got connection from reducer vm10:r0
(vm29:m0:9) thread started, have to send 1009652550 bytes
(vm29:m0) Got connection from reducer vm23:r0
(vm29:m0:22) thread started, have to send 1009652550 bytes
(vm29:m0:9) all data sent, thread exiting
(vm29:m0:22) all data sent, thread exiting
(vm29:m0) Got connection from reducer vm33:r0
(vm29:m0:32) thread started, have to send 1009652550 bytes
(vm29:m0) Got connection from reducer vm2:r0
(vm29:m0:1) thread started, have to send 1009652550 bytes
(vm29:m0) Got connection from reducer vm4:r0
(vm29:m0:3) thread started, have to send 1009652550 bytes
(vm29:m0:32) all data sent, thread exiting
(vm29:m0) Got connection from reducer vm5:r0
(vm29:m0:4) thread started, have to send 1009652550 bytes
(vm29:m0:1) all data sent, thread exiting
(vm29:m0:3) all data sent, thread exiting
(vm29:m0) Got connection from reducer vm17:r0
(vm29:m0:16) thread started, have to send 1009652550 bytes
(vm29:m0) Got connection from reducer vm18:r0
(vm29:m0:17) thread started, have to send 1009652550 bytes
(vm29:m0:4) all data sent, thread exiting
(vm29:m0) Got connection from reducer vm26:r0
(vm29:m0:25) thread started, have to send 1009652550 bytes
(vm29:m0:16) all data sent, thread exiting
(vm29:m0:17) all data sent, thread exiting
(vm29:m0:25) all data sent, thread exiting
(vm29:m0) Got connection from reducer vm14:r0
(vm29:m0:13) thread started, have to send 1009652550 bytes
(vm29:m0) Got connection from reducer vm13:r0
(vm29:m0:12) thread started, have to send 1009652550 bytes
(vm29:m0:13) all data sent, thread exiting
(vm29:m0) Got connection from reducer vm3:r0
(vm29:m0:2) thread started, have to send 1009652550 bytes
(vm29:m0) Got connection from reducer vm25:r0
(vm29:m0:24) thread started, have to send 1009652550 bytes
(vm29:m0:12) all data sent, thread exiting
(vm29:m0) Got connection from reducer vm21:r0
(vm29:m0) Waiting for a thread to finish
(vm29:m0) thread 0 joined, 32 connections remaining
(vm29:m0) Waiting for a thread to finish
(vm29:m0) thread 1 joined, 31 connections remaining
(vm29:m0) Waiting for a thread to finish
(vm29:m0:20) thread started, have to send 1009652550 bytes
(vm29:m0:2) all data sent, thread exiting
(vm29:m0) thread 2 joined, 30 connections remaining
(vm29:m0) Waiting for a thread to finish
(vm29:m0) thread 3 joined, 29 connections remaining
(vm29:m0) Waiting for a thread to finish
(vm29:m0) thread 4 joined, 28 connections remaining
(vm29:m0) Waiting for a thread to finish
(vm29:m0) thread 5 joined, 27 connections remaining
(vm29:m0) Waiting for a thread to finish
(vm29:m0) thread 6 joined, 26 connections remaining
(vm29:m0) Waiting for a thread to finish
(vm29:m0) thread 7 joined, 25 connections remaining
(vm29:m0) Waiting for a thread to finish
(vm29:m0) thread 8 joined, 24 connections remaining
(vm29:m0) Waiting for a thread to finish
(vm29:m0) thread 9 joined, 23 connections remaining
(vm29:m0) Waiting for a thread to finish
(vm29:m0) thread 10 joined, 22 connections remaining
(vm29:m0) Waiting for a thread to finish
(vm29:m0) thread 11 joined, 21 connections remaining
(vm29:m0) Waiting for a thread to finish
(vm29:m0) thread 12 joined, 20 connections remaining
(vm29:m0) Waiting for a thread to finish
(vm29:m0) thread 13 joined, 19 connections remaining
(vm29:m0) Waiting for a thread to finish
(vm29:m0) thread 14 joined, 18 connections remaining
(vm29:m0) Waiting for a thread to finish
(vm29:m0) thread 15 joined, 17 connections remaining
(vm29:m0) Waiting for a thread to finish
(vm29:m0) thread 16 joined, 16 connections remaining
(vm29:m0) Waiting for a thread to finish
(vm29:m0) thread 17 joined, 15 connections remaining
(vm29:m0) Waiting for a thread to finish
(vm29:m0) thread 18 joined, 14 connections remaining
(vm29:m0) Waiting for a thread to finish
(vm29:m0) thread 19 joined, 13 connections remaining
(vm29:m0) Waiting for a thread to finish
(vm29:m0:24) all data sent, thread exiting
(vm29:m0:20) all data sent, thread exiting
(vm29:m0) thread 20 joined, 12 connections remaining
(vm29:m0) Waiting for a thread to finish
(vm29:m0) thread 21 joined, 11 connections remaining
(vm29:m0) Waiting for a thread to finish
(vm29:m0) thread 22 joined, 10 connections remaining
(vm29:m0) Waiting for a thread to finish
(vm29:m0) thread 23 joined, 9 connections remaining
(vm29:m0) Waiting for a thread to finish
(vm29:m0) thread 24 joined, 8 connections remaining
(vm29:m0) Waiting for a thread to finish
(vm29:m0) thread 25 joined, 7 connections remaining
(vm29:m0) Waiting for a thread to finish
(vm29:m0) thread 26 joined, 6 connections remaining
(vm29:m0) Waiting for a thread to finish
(vm29:m0) thread 27 joined, 5 connections remaining
(vm29:m0) Waiting for a thread to finish
(vm29:m0) thread 28 joined, 4 connections remaining
(vm29:m0) Waiting for a thread to finish
(vm29:m0) thread 29 joined, 3 connections remaining
(vm29:m0) Waiting for a thread to finish
(vm29:m0) thread 30 joined, 2 connections remaining
(vm29:m0) Waiting for a thread to finish
(vm29:m0) thread 31 joined, 1 connections remaining
(vm29:m0) Waiting for a thread to finish
(vm29:m0) thread 32 joined, 0 connections remaining
(vm29:m0) all done, exiting
*RES* start node vm29:m0
*RES* vm29:m0:0,1405499929792,4748,1400,1009652551
*RES* vm29:m0:1,1405500091049,2605,1051,1009652551
*RES* vm29:m0:2,1405500100654,3410,926,1009652551
*RES* vm29:m0:3,1405500091116,2614,1073,1009652551
*RES* vm29:m0:4,1405500093336,2214,932,1009652551
*RES* vm29:m0:5,1405500008939,6729,1245,1009652551
*RES* vm29:m0:6,1405500034927,7844,679,1009652551
*RES* vm29:m0:7,1405500070859,2971,963,1009652551
*RES* vm29:m0:8,1405500074242,3075,988,1009652551
*RES* vm29:m0:9,1405500082269,2162,885,1009652551
*RES* vm29:m0:10,1405500026712,4564,1052,1009652551
*RES* vm29:m0:11,1405500053222,4418,937,1009652551
*RES* vm29:m0:12,1405500099155,1815,903,1009652551
*RES* vm29:m0:13,1405500097898,1972,865,1009652551
*RES* vm29:m0:14,1405500076163,3265,935,1009652551
*RES* vm29:m0:15,1405500056659,3423,1008,1009652551
*RES* vm29:m0:16,1405500094100,2440,931,1009652551
*RES* vm29:m0:17,1405500094866,2439,870,1009652551
*RES* vm29:m0:18,1405499914232,6140,2140,1009652551
*RES* vm29:m0:19,1405500056858,5966,897,1009652551
*RES* vm29:m0:20,1405500101317,3292,858,1009652551
*RES* vm29:m0:21,1405500030127,4459,933,1009652551
*RES* vm29:m0:22,1405500082873,2238,898,1009652551
*RES* vm29:m0:23,1405500019135,8474,797,1009652551
*RES* vm29:m0:24,1405500100965,3478,962,1009652551
*RES* vm29:m0:25,1405500095702,2132,819,1009652551
*RES* vm29:m0:26,1405500074937,4193,906,1009652551
*RES* vm29:m0:27,1405500073893,4038,975,1009652551
*RES* vm29:m0:28,1405499942948,1466,204,1009652551
*RES* vm29:m0:29,1405500058171,5014,902,1009652551
*RES* vm29:m0:30,1405500005354,5037,1082,1009652551
*RES* vm29:m0:31,1405500024044,3789,930,1009652551
*RES* vm29:m0:32,1405500089449,2891,831,1009652551
*RES* end node vm29:m0
Node vm29:m0 joined
*RES* start node vm29:r0
*RES* vm29:r0:0,1405499768892,31948,969,1009652551
*RES* vm29:r0:0,1405499800845,33275,1120,1009652551
*RES* vm29:r0:0,1405499834128,4377,1602,1009652551
*RES* vm29:r0:0,1405499838512,5248,1765,1009652551
*RES* vm29:r0:0,1405499843764,3973,1664,1009652551
*RES* vm29:r0:0,1405499847744,3587,1759,1009652551
*RES* vm29:r0:0,1405499851340,5642,1587,1009652551
*RES* vm29:r0:0,1405499856988,4700,1796,1009652551
*RES* vm29:r0:0,1405499861692,4700,1813,1009652551
*RES* vm29:r0:0,1405499866396,3769,1676,1009652551
*RES* vm29:r0:0,1405499870172,3860,1596,1009652551
*RES* vm29:r0:0,1405499874036,4104,1802,1009652551
*RES* vm29:r0:0,1405499878144,4477,1868,1009652551
*RES* vm29:r0:0,1405499882628,4877,1704,1009652551
*RES* vm29:r0:0,1405499887512,6468,1690,1009652551
*RES* vm29:r0:0,1405499893984,5434,1829,1009652551
*RES* vm29:r0:0,1405499899428,4609,1713,1009652551
*RES* vm29:r0:0,1405499904044,7386,2044,1009652551
*RES* vm29:r0:0,1405499911436,4716,1921,1009652551
*RES* vm29:r0:0,1405499916160,6516,1659,1009652551
*RES* vm29:r0:0,1405499922680,4372,1584,1009652551
*RES* vm29:r0:0,1405499927056,5661,1860,1009652551
*RES* vm29:r0:0,1405499932724,5104,1756,1009652551
*RES* vm29:r0:0,1405499937836,5099,1806,1009652551
*RES* vm29:r0:0,1405499942944,1473,630,1009652551
*RES* vm29:r0:0,1405499944424,5710,1834,1009652551
*RES* vm29:r0:0,1405499950140,6200,2017,1009652551
*RES* vm29:r0:0,1405499956344,6516,2065,1009652551
*RES* vm29:r0:0,1405499962864,4524,1827,1009652551
*RES* vm29:r0:1,1405499768892,27806,974,1009652551
*RES* vm29:r0:2,1405499768892,35798,993,1009652551
*RES* vm29:r0:3,1405499768892,35336,981,1009652551
*RES* vm29:r0:4,1405499768892,27539,1021,1009652551
*RES* end node vm29:r0
Node vm29:r0 joined
Worker terminating correctly
