OSMeF worker starting
Enabling core dumping
Listening for command connection
(vm34:m0) New mapper on port 23330
(vm34:m0) -> reducer data size 897560512
(vm34:m0) -> reducer data size 897560512
(vm34:m0) -> reducer data size 897560512
(vm34:m0) -> reducer data size 897560512
(vm34:m0) -> reducer data size 897560512
(vm34:m0) -> reducer data size 897560512
(vm34:m0) -> reducer data size 897560512
(vm34:m0) -> reducer data size 897560512
(vm34:m0) -> reducer data size 897560512
(vm34:m0) -> reducer data size 897560512
(vm34:m0) -> reducer data size 897560512
(vm34:m0) -> reducer data size 897560512
(vm34:m0) -> reducer data size 897560512
(vm34:m0) -> reducer data size 897560512
(vm34:m0) -> reducer data size 897560512
(vm34:m0) -> reducer data size 897560512
(vm34:m0) -> reducer data size 897560512
(vm34:m0) -> reducer data size 897560512
(vm34:m0) -> reducer data size 897560512
(vm34:m0) -> reducer data size 897560512
(vm34:m0) -> reducer data size 897560512
(vm34:m0) -> reducer data size 897560512
(vm34:m0) -> reducer data size 897560512
(vm34:m0) -> reducer data size 897560512
(vm34:m0) -> reducer data size 897560512
(vm34:m0) -> reducer data size 897560512
(vm34:m0) -> reducer data size 897560512
(vm34:m0) -> reducer data size 897560512
(vm34:m0) -> reducer data size 897560512
(vm34:m0) -> reducer data size 897560512
(vm34:m0) -> reducer data size 897560512
(vm34:m0) -> reducer data size 897560512
(vm34:m0) -> reducer data size 897560512
(vm34:m0) -> reducer data size 897560512
(vm34:m0) -> reducer data size 897560512
(vm34:m0) Mapper thread started
(vm34:m0) Allocating data for reducer vm1:r0
(vm34:m0) Allocating data for reducer vm2:r0
(vm34:m0) Allocating data for reducer vm3:r0
(vm34:m0) Allocating data for reducer vm4:r0
(vm34:m0) Allocating data for reducer vm5:r0
(vm34:m0) Allocating data for reducer vm6:r0
(vm34:m0) Allocating data for reducer vm7:r0
(vm34:m0) Allocating data for reducer vm8:r0
(vm34:m0) Allocating data for reducer vm9:r0
(vm34:m0) Allocating data for reducer vm10:r0
(vm34:m0) Allocating data for reducer vm11:r0
(vm34:m0) Allocating data for reducer vm12:r0
(vm34:m0) Allocating data for reducer vm13:r0
(vm34:m0) Allocating data for reducer vm14:r0
(vm34:m0) Allocating data for reducer vm15:r0
(vm34:m0) Allocating data for reducer vm16:r0
(vm34:m0) Allocating data for reducer vm17:r0
(vm34:m0) Allocating data for reducer vm18:r0
(vm34:m0) Allocating data for reducer vm19:r0
(vm34:m0) Allocating data for reducer vm20:r0
(vm34:m0) Allocating data for reducer vm21:r0
(vm34:m0) Allocating data for reducer vm22:r0
(vm34:m0) Allocating data for reducer vm23:r0
(vm34:m0) Allocating data for reducer vm24:r0
(vm34:m0) Allocating data for reducer vm25:r0
(vm34:m0) Allocating data for reducer vm26:r0
(vm34:m0) Allocating data for reducer vm27:r0
(vm34:m0) Allocating data for reducer vm28:r0
(vm34:m0) Allocating data for reducer vm29:r0
(vm34:m0) Allocating data for reducer vm30:r0
(vm34:m0) Allocating data for reducer vm31:r0
(vm34:m0) Allocating data for reducer vm32:r0
(vm34:m0) Allocating data for reducer vm33:r0
(vm34:m0) Allocating data for reducer vm34:r0
(vm34:m0) Allocating data for reducer vm35:r0
(vm34:m0) Binding to port 23330
(vm34:r0) New reducer
(vm34:r0) Reducer thread started
(vm34:r0) waiting for START message
(vm34:r0) got START message
(vm34:r0) Starting new connection thread
(vm34:r0) Starting new connection thread
(vm34:r0) Starting new connection thread
(vm34:r0) Starting new connection thread
(vm34:r0) Starting new connection thread
(vm34:r0) Maximum number of connections reached (5), waiting for a thread to finish
(vm34:r0:2) Connection established
(vm34:r0:4) Connection established
(vm34:r0:1) Connection established
(vm34:r0:0) Connection established
(vm34:r0:3) Connection established
(vm34:r0:3) Connection finished, received 897560513 bytes
(vm34:r0:4) Connection finished, received 897560513 bytes
(vm34:r0:1) Connection finished, received 897560513 bytes
(vm34:r0:0) Connection finished, received 897560513 bytes
(vm34:r0) thread 0 joined, 34 connections remaining
(vm34:r0) Starting new connection thread
(vm34:r0) Maximum number of connections reached (5), waiting for a thread to finish
(vm34:r0:0) Connection established
(vm34:r0:2) Connection finished, received 897560513 bytes
(vm34:r0:0) Connection finished, received 897560513 bytes
(vm34:r0) thread 0 joined, 33 connections remaining
(vm34:r0) Starting new connection thread
(vm34:r0) Maximum number of connections reached (5), waiting for a thread to finish
(vm34:r0:0) Connection established
(vm34:r0:0) Connection finished, received 897560513 bytes
(vm34:r0) thread 0 joined, 32 connections remaining
(vm34:r0) Starting new connection thread
(vm34:r0) Maximum number of connections reached (5), waiting for a thread to finish
(vm34:r0:0) Connection established
(vm34:r0:0) Connection finished, received 897560513 bytes
(vm34:r0) thread 0 joined, 31 connections remaining
(vm34:r0) Starting new connection thread
(vm34:r0) Maximum number of connections reached (5), waiting for a thread to finish
(vm34:r0:0) Connection established
(vm34:r0:0) Connection finished, received 897560513 bytes
(vm34:r0) thread 0 joined, 30 connections remaining
(vm34:r0) Starting new connection thread
(vm34:r0) Maximum number of connections reached (5), waiting for a thread to finish
(vm34:r0:0) Connection established
(vm34:r0:0) Connection finished, received 897560513 bytes
(vm34:r0) thread 0 joined, 29 connections remaining
(vm34:r0) Starting new connection thread
(vm34:r0) Maximum number of connections reached (5), waiting for a thread to finish
(vm34:r0:0) Connection established
(vm34:r0:0) Connection finished, received 897560513 bytes
(vm34:r0) thread 0 joined, 28 connections remaining
(vm34:r0) Starting new connection thread
(vm34:r0) Maximum number of connections reached (5), waiting for a thread to finish
(vm34:r0:0) Connection established
(vm34:r0:0) Connection finished, received 897560513 bytes
(vm34:r0) thread 0 joined, 27 connections remaining
(vm34:r0) Starting new connection thread
(vm34:r0) Maximum number of connections reached (5), waiting for a thread to finish
(vm34:r0:0) Connection established
(vm34:r0:0) Connection finished, received 897560513 bytes
(vm34:r0) thread 0 joined, 26 connections remaining
(vm34:r0) Starting new connection thread
(vm34:r0) Maximum number of connections reached (5), waiting for a thread to finish
(vm34:r0:0) Connection established
(vm34:r0:0) Connection finished, received 897560513 bytes
(vm34:r0) thread 0 joined, 25 connections remaining
(vm34:r0) Starting new connection thread
(vm34:r0) Maximum number of connections reached (5), waiting for a thread to finish
(vm34:r0:0) Connection established
(vm34:r0:0) Connection finished, received 897560513 bytes
(vm34:r0) thread 0 joined, 24 connections remaining
(vm34:r0) Starting new connection thread
(vm34:r0) Maximum number of connections reached (5), waiting for a thread to finish
(vm34:r0:0) Connection established
(vm34:r0:0) Connection finished, received 897560513 bytes
(vm34:r0) thread 0 joined, 23 connections remaining
(vm34:r0) Starting new connection thread
(vm34:r0) Maximum number of connections reached (5), waiting for a thread to finish
(vm34:r0:0) Connection established
(vm34:r0:0) Connection finished, received 897560513 bytes
(vm34:r0) thread 0 joined, 22 connections remaining
(vm34:r0) Starting new connection thread
(vm34:r0) Maximum number of connections reached (5), waiting for a thread to finish
(vm34:r0:0) Connection established
(vm34:r0:0) Connection finished, received 897560513 bytes
(vm34:r0) thread 0 joined, 21 connections remaining
(vm34:r0) Starting new connection thread
(vm34:r0) Maximum number of connections reached (5), waiting for a thread to finish
(vm34:r0:0) Connection established
(vm34:m0) Got connection from reducer vm1:r0
(vm34:m0:0) thread started, have to send 897560512 bytes
(vm34:r0:0) Connection finished, received 897560513 bytes
(vm34:r0) thread 0 joined, 20 connections remaining
(vm34:r0) Starting new connection thread
(vm34:r0) Maximum number of connections reached (5), waiting for a thread to finish
(vm34:r0:0) Connection established
(vm34:m0:0) all data sent, thread exiting
(vm34:r0:0) Connection finished, received 897560513 bytes
(vm34:r0) thread 0 joined, 19 connections remaining
(vm34:r0) Starting new connection thread
(vm34:r0) Maximum number of connections reached (5), waiting for a thread to finish
(vm34:r0:0) Connection established
(vm34:r0:0) Connection finished, received 897560513 bytes
(vm34:r0) thread 0 joined, 18 connections remaining
(vm34:r0) Starting new connection thread
(vm34:r0) Maximum number of connections reached (5), waiting for a thread to finish
(vm34:r0:0) Connection established
(vm34:r0:0) Connection finished, received 897560513 bytes
(vm34:r0) thread 0 joined, 17 connections remaining
(vm34:r0) Starting new connection thread
(vm34:r0) Maximum number of connections reached (5), waiting for a thread to finish
(vm34:r0:0) Connection established
(vm34:r0:0) Connection finished, received 897560513 bytes
(vm34:r0) thread 0 joined, 16 connections remaining
(vm34:r0) Starting new connection thread
(vm34:r0) Maximum number of connections reached (5), waiting for a thread to finish
(vm34:r0:0) Connection established
(vm34:r0:0) Connection finished, received 897560513 bytes
(vm34:r0) thread 0 joined, 15 connections remaining
(vm34:r0) Starting new connection thread
(vm34:r0) Maximum number of connections reached (5), waiting for a thread to finish
(vm34:r0:0) Connection established
(vm34:m0) Got connection from reducer vm19:r0
(vm34:m0:18) thread started, have to send 897560512 bytes
(vm34:r0:0) Connection finished, received 897560513 bytes
(vm34:r0) thread 0 joined, 14 connections remaining
(vm34:r0) Starting new connection thread
(vm34:r0) Maximum number of connections reached (5), waiting for a thread to finish
(vm34:r0:0) Connection established
(vm34:m0:18) all data sent, thread exiting
(vm34:r0:0) Connection finished, received 897560513 bytes
(vm34:r0) thread 0 joined, 13 connections remaining
(vm34:r0) Starting new connection thread
(vm34:r0) Maximum number of connections reached (5), waiting for a thread to finish
(vm34:r0:0) Connection established
(vm34:r0:0) Connection finished, received 897560513 bytes
(vm34:r0) thread 0 joined, 12 connections remaining
(vm34:r0) Starting new connection thread
(vm34:r0) Maximum number of connections reached (5), waiting for a thread to finish
(vm34:r0:0) Connection established
(vm34:r0:0) Connection finished, received 897560513 bytes
(vm34:r0) thread 0 joined, 11 connections remaining
(vm34:r0) Starting new connection thread
(vm34:r0) Maximum number of connections reached (5), waiting for a thread to finish
(vm34:r0:0) Connection established
(vm34:m0) Got connection from reducer vm6:r0
(vm34:m0:5) thread started, have to send 897560512 bytes
(vm34:r0:0) Connection finished, received 897560513 bytes
(vm34:r0) thread 0 joined, 10 connections remaining
(vm34:r0) Starting new connection thread
(vm34:r0) Maximum number of connections reached (5), waiting for a thread to finish
(vm34:r0:0) Connection established
(vm34:m0:5) all data sent, thread exiting
(vm34:r0:0) Connection finished, received 897560513 bytes
(vm34:r0) thread 0 joined, 9 connections remaining
(vm34:r0) Starting new connection thread
(vm34:r0) Maximum number of connections reached (5), waiting for a thread to finish
(vm34:r0:0) Connection established
(vm34:m0) Got connection from reducer vm13:r0
(vm34:m0:12) thread started, have to send 897560512 bytes
(vm34:r0:0) Connection finished, received 897560513 bytes
(vm34:r0) thread 0 joined, 8 connections remaining
(vm34:r0) Starting new connection thread
(vm34:r0) Maximum number of connections reached (5), waiting for a thread to finish
(vm34:r0:0) Connection established
(vm34:m0) Got connection from reducer vm21:r0
(vm34:m0:20) thread started, have to send 897560512 bytes
(vm34:r0:0) Connection finished, received 897560513 bytes
(vm34:r0) thread 0 joined, 7 connections remaining
(vm34:r0) Starting new connection thread
(vm34:r0) Maximum number of connections reached (5), waiting for a thread to finish
(vm34:r0:0) Connection established
(vm34:m0:12) all data sent, thread exiting
(vm34:r0:0) Connection finished, received 897560513 bytes
(vm34:r0) thread 0 joined, 6 connections remaining
(vm34:r0) Starting new connection thread
(vm34:r0) Maximum number of connections reached (5), waiting for a thread to finish
(vm34:r0:0) Connection established
(vm34:m0) Got connection from reducer vm34:r0
(vm34:m0:33) thread started, have to send 897560512 bytes
(vm34:m0:20) all data sent, thread exiting
(vm34:m0:33) all data sent, thread exiting
(vm34:r0:0) Connection finished, received 897560513 bytes
(vm34:r0) thread 0 joined, 5 connections remaining
(vm34:r0) Starting new connection thread
(vm34:r0) Maximum number of connections reached (5), waiting for a thread to finish
(vm34:r0:0) Connection established
(vm34:r0:0) Connection finished, received 897560513 bytes
(vm34:r0) thread 0 joined, 4 connections remaining
(vm34:r0) Maximum number of connections reached (4), waiting for a thread to finish
(vm34:r0) thread 1 joined, 3 connections remaining
(vm34:r0) Maximum number of connections reached (3), waiting for a thread to finish
(vm34:r0) thread 2 joined, 2 connections remaining
(vm34:r0) Maximum number of connections reached (2), waiting for a thread to finish
(vm34:r0) thread 3 joined, 1 connections remaining
(vm34:r0) Maximum number of connections reached (1), waiting for a thread to finish
(vm34:r0) thread 4 joined, 0 connections remaining
(vm34:r0) all done, exiting
(vm34:m0) Got connection from reducer vm22:r0
(vm34:m0:21) thread started, have to send 897560512 bytes
(vm34:m0:21) all data sent, thread exiting
(vm34:m0) Got connection from reducer vm10:r0
(vm34:m0:9) thread started, have to send 897560512 bytes
(vm34:m0) Got connection from reducer vm30:r0
(vm34:m0:29) thread started, have to send 897560512 bytes
(vm34:m0:9) all data sent, thread exiting
(vm34:m0) Got connection from reducer vm7:r0
(vm34:m0:6) thread started, have to send 897560512 bytes
(vm34:m0:29) all data sent, thread exiting
(vm34:m0:6) all data sent, thread exiting
(vm34:m0) Got connection from reducer vm24:r0
(vm34:m0:23) thread started, have to send 897560512 bytes
(vm34:m0:23) all data sent, thread exiting
(vm34:m0) Got connection from reducer vm15:r0
(vm34:m0:14) thread started, have to send 897560512 bytes
(vm34:m0:14) all data sent, thread exiting
(vm34:m0) Got connection from reducer vm32:r0
(vm34:m0:31) thread started, have to send 897560512 bytes
(vm34:m0) Got connection from reducer vm28:r0
(vm34:m0:27) thread started, have to send 897560512 bytes
(vm34:m0:31) all data sent, thread exiting
(vm34:m0) Got connection from reducer vm16:r0
(vm34:m0:15) thread started, have to send 897560512 bytes
(vm34:m0:27) all data sent, thread exiting
(vm34:m0:15) all data sent, thread exiting
(vm34:m0) Got connection from reducer vm27:r0
(vm34:m0:26) thread started, have to send 897560512 bytes
(vm34:m0) Got connection from reducer vm12:r0
(vm34:m0:11) thread started, have to send 897560512 bytes
(vm34:m0) Got connection from reducer vm8:r0
(vm34:m0:7) thread started, have to send 897560512 bytes
(vm34:m0:26) all data sent, thread exiting
(vm34:m0:11) all data sent, thread exiting
(vm34:m0:7) all data sent, thread exiting
(vm34:m0) Got connection from reducer vm33:r0
(vm34:m0:32) thread started, have to send 897560512 bytes
(vm34:m0:32) all data sent, thread exiting
(vm34:m0) Got connection from reducer vm14:r0
(vm34:m0:13) thread started, have to send 897560512 bytes
(vm34:m0) Got connection from reducer vm9:r0
(vm34:m0:8) thread started, have to send 897560512 bytes
(vm34:m0:13) all data sent, thread exiting
(vm34:m0:8) all data sent, thread exiting
(vm34:m0) Got connection from reducer vm3:r0
(vm34:m0:2) thread started, have to send 897560512 bytes
(vm34:m0) Got connection from reducer vm5:r0
(vm34:m0:4) thread started, have to send 897560512 bytes
(vm34:m0:2) all data sent, thread exiting
(vm34:m0) Got connection from reducer vm23:r0
(vm34:m0:22) thread started, have to send 897560512 bytes
(vm34:m0:4) all data sent, thread exiting
(vm34:m0:22) all data sent, thread exiting
(vm34:m0) Got connection from reducer vm11:r0
(vm34:m0:10) thread started, have to send 897560512 bytes
(vm34:m0) Got connection from reducer vm26:r0
(vm34:m0:25) thread started, have to send 897560512 bytes
(vm34:m0) Got connection from reducer vm4:r0
(vm34:m0:3) thread started, have to send 897560512 bytes
(vm34:m0:10) all data sent, thread exiting
(vm34:m0) Got connection from reducer vm35:r0
(vm34:m0:34) thread started, have to send 897560512 bytes
(vm34:m0:25) all data sent, thread exiting
(vm34:m0:3) all data sent, thread exiting
(vm34:m0:34) all data sent, thread exiting
(vm34:m0) Got connection from reducer vm25:r0
(vm34:m0:24) thread started, have to send 897560512 bytes
(vm34:m0) Got connection from reducer vm18:r0
(vm34:m0:17) thread started, have to send 897560512 bytes
(vm34:m0) Got connection from reducer vm29:r0
(vm34:m0:28) thread started, have to send 897560512 bytes
(vm34:m0:24) all data sent, thread exiting
(vm34:m0:17) all data sent, thread exiting
(vm34:m0:28) all data sent, thread exiting
(vm34:m0) Got connection from reducer vm17:r0
(vm34:m0:16) thread started, have to send 897560512 bytes
(vm34:m0) Got connection from reducer vm2:r0
(vm34:m0:1) thread started, have to send 897560512 bytes
(vm34:m0) Got connection from reducer vm20:r0
(vm34:m0:19) thread started, have to send 897560512 bytes
(vm34:m0:16) all data sent, thread exiting
(vm34:m0:1) all data sent, thread exiting
(vm34:m0:19) all data sent, thread exiting
(vm34:m0) Got connection from reducer vm31:r0
(vm34:m0) Waiting for a thread to finish
(vm34:m0) thread 0 joined, 34 connections remaining
(vm34:m0) Waiting for a thread to finish
(vm34:m0) thread 1 joined, 33 connections remaining
(vm34:m0) Waiting for a thread to finish
(vm34:m0) thread 2 joined, 32 connections remaining
(vm34:m0) Waiting for a thread to finish
(vm34:m0) thread 3 joined, 31 connections remaining
(vm34:m0) Waiting for a thread to finish
(vm34:m0) thread 4 joined, 30 connections remaining
(vm34:m0) Waiting for a thread to finish
(vm34:m0) thread 5 joined, 29 connections remaining
(vm34:m0) Waiting for a thread to finish
(vm34:m0) thread 6 joined, 28 connections remaining
(vm34:m0) Waiting for a thread to finish
(vm34:m0) thread 7 joined, 27 connections remaining
(vm34:m0) Waiting for a thread to finish
(vm34:m0) thread 8 joined, 26 connections remaining
(vm34:m0) Waiting for a thread to finish
(vm34:m0) thread 9 joined, 25 connections remaining
(vm34:m0) Waiting for a thread to finish
(vm34:m0) thread 10 joined, 24 connections remaining
(vm34:m0) Waiting for a thread to finish
(vm34:m0) thread 11 joined, 23 connections remaining
(vm34:m0) Waiting for a thread to finish
(vm34:m0) thread 12 joined, 22 connections remaining
(vm34:m0) Waiting for a thread to finish
(vm34:m0) thread 13 joined, 21 connections remaining
(vm34:m0) Waiting for a thread to finish
(vm34:m0) thread 14 joined, 20 connections remaining
(vm34:m0) Waiting for a thread to finish
(vm34:m0) thread 15 joined, 19 connections remaining
(vm34:m0) Waiting for a thread to finish
(vm34:m0) thread 16 joined, 18 connections remaining
(vm34:m0) Waiting for a thread to finish
(vm34:m0) thread 17 joined, 17 connections remaining
(vm34:m0) Waiting for a thread to finish
(vm34:m0) thread 18 joined, 16 connections remaining
(vm34:m0) Waiting for a thread to finish
(vm34:m0) thread 19 joined, 15 connections remaining
(vm34:m0) Waiting for a thread to finish
(vm34:m0) thread 20 joined, 14 connections remaining
(vm34:m0) Waiting for a thread to finish
(vm34:m0) thread 21 joined, 13 connections remaining
(vm34:m0) Waiting for a thread to finish
(vm34:m0) thread 22 joined, 12 connections remaining
(vm34:m0) Waiting for a thread to finish
(vm34:m0) thread 23 joined, 11 connections remaining
(vm34:m0) Waiting for a thread to finish
(vm34:m0) thread 24 joined, 10 connections remaining
(vm34:m0) Waiting for a thread to finish
(vm34:m0) thread 25 joined, 9 connections remaining
(vm34:m0) Waiting for a thread to finish
(vm34:m0) thread 26 joined, 8 connections remaining
(vm34:m0) Waiting for a thread to finish
(vm34:m0) thread 27 joined, 7 connections remaining
(vm34:m0) Waiting for a thread to finish
(vm34:m0) thread 28 joined, 6 connections remaining
(vm34:m0) Waiting for a thread to finish
(vm34:m0) thread 29 joined, 5 connections remaining
(vm34:m0) Waiting for a thread to finish
(vm34:m0:30) thread started, have to send 897560512 bytes
(vm34:m0:30) all data sent, thread exiting
(vm34:m0) thread 30 joined, 4 connections remaining
(vm34:m0) Waiting for a thread to finish
(vm34:m0) thread 31 joined, 3 connections remaining
(vm34:m0) Waiting for a thread to finish
(vm34:m0) thread 32 joined, 2 connections remaining
(vm34:m0) Waiting for a thread to finish
(vm34:m0) thread 33 joined, 1 connections remaining
(vm34:m0) Waiting for a thread to finish
(vm34:m0) thread 34 joined, 0 connections remaining
(vm34:m0) all done, exiting
*RES* start node vm34:m0
*RES* vm34:m0:0,1405705966524,5790,1399,897560513
*RES* vm34:m0:1,1405706135035,1239,483,897560513
*RES* vm34:m0:2,1405706121615,1804,761,897560513
*RES* vm34:m0:3,1405706127290,2113,757,897560513
*RES* vm34:m0:4,1405706122324,1870,771,897560513
*RES* vm34:m0:5,1405706028256,5384,1663,897560513
*RES* vm34:m0:6,1405706074395,5252,762,897560513
*RES* vm34:m0:7,1405706106671,2602,766,897560513
*RES* vm34:m0:8,1405706117048,1811,737,897560513
*RES* vm34:m0:9,1405706069440,4131,801,897560513
*RES* vm34:m0:10,1405706125814,1940,720,897560513
*RES* vm34:m0:11,1405706103776,2925,951,897560513
*RES* vm34:m0:12,1405706035524,11147,1206,897560513
*RES* vm34:m0:13,1405706116702,1787,762,897560513
*RES* vm34:m0:14,1405706090325,3338,904,897560513
*RES* vm34:m0:15,1405706098447,2987,877,897560513
*RES* vm34:m0:16,1405706134445,1273,538,897560513
*RES* vm34:m0:17,1405706131997,1387,627,897560513
*RES* vm34:m0:18,1405705999524,7034,1269,897560513
*RES* vm34:m0:19,1405706135088,1211,485,897560513
*RES* vm34:m0:20,1405706040940,8097,1373,897560513
*RES* vm34:m0:21,1405706061431,5572,819,897560513
*RES* vm34:m0:22,1405706123552,1645,724,897560513
*RES* vm34:m0:23,1405706084942,4960,742,897560513
*RES* vm34:m0:24,1405706131184,1622,634,897560513
*RES* vm34:m0:25,1405706127203,2108,756,897560513
*RES* vm34:m0:26,1405706102647,4056,872,897560513
*RES* vm34:m0:27,1405706096354,3291,1051,897560513
*RES* vm34:m0:28,1405706132046,1936,622,897560513
*RES* vm34:m0:29,1405706071311,3986,785,897560513
*RES* vm34:m0:30,1405706139348,1239,610,897560513
*RES* vm34:m0:31,1405706094781,3565,801,897560513
*RES* vm34:m0:32,1405706109890,1871,761,897560513
*RES* vm34:m0:33,1405706049000,1287,189,897560513
*RES* vm34:m0:34,1405706128475,2132,707,897560513
*RES* end node vm34:m0
Node vm34:m0 joined
*RES* start node vm34:r0
*RES* vm34:r0:0,1405705788946,31901,882,897560513
*RES* vm34:r0:0,1405705820852,46163,774,897560513
*RES* vm34:r0:0,1405705867020,32695,754,897560513
*RES* vm34:r0:0,1405705899720,5152,1464,897560513
*RES* vm34:r0:0,1405705904876,5755,1540,897560513
*RES* vm34:r0:0,1405705910640,7068,1383,897560513
*RES* vm34:r0:0,1405705917712,4145,1599,897560513
*RES* vm34:r0:0,1405705921864,4320,1854,897560513
*RES* vm34:r0:0,1405705926188,6254,1640,897560513
*RES* vm34:r0:0,1405705932448,4509,1902,897560513
*RES* vm34:r0:0,1405705936964,5599,1570,897560513
*RES* vm34:r0:0,1405705942572,5331,1879,897560513
*RES* vm34:r0:0,1405705947912,4602,1936,897560513
*RES* vm34:r0:0,1405705952520,6800,1552,897560513
*RES* vm34:r0:0,1405705959328,8076,1470,897560513
*RES* vm34:r0:0,1405705967412,6134,1720,897560513
*RES* vm34:r0:0,1405705973552,7144,1791,897560513
*RES* vm34:r0:0,1405705980704,7486,1843,897560513
*RES* vm34:r0:0,1405705988196,5338,1602,897560513
*RES* vm34:r0:0,1405705993540,5811,1716,897560513
*RES* vm34:r0:0,1405705999356,5795,1845,897560513
*RES* vm34:r0:0,1405706005156,5502,1693,897560513
*RES* vm34:r0:0,1405706010664,5431,1594,897560513
*RES* vm34:r0:0,1405706016100,7182,1762,897560513
*RES* vm34:r0:0,1405706023288,5066,1702,897560513
*RES* vm34:r0:0,1405706028370,5433,1698,897560513
*RES* vm34:r0:0,1405706033808,4512,1686,897560513
*RES* vm34:r0:0,1405706038324,5172,1738,897560513
*RES* vm34:r0:0,1405706043500,5492,1788,897560513
*RES* vm34:r0:0,1405706048996,1298,547,897560513
*RES* vm34:r0:0,1405706050300,7657,1434,897560513
*RES* vm34:r0:1,1405705788945,31672,861,897560513
*RES* vm34:r0:2,1405705788945,33323,854,897560513
*RES* vm34:r0:3,1405705788945,26427,873,897560513
*RES* vm34:r0:4,1405705788945,31341,869,897560513
*RES* end node vm34:r0
Node vm34:r0 joined
Worker terminating correctly
