OSMeF worker starting
Enabling core dumping
Listening for command connection
(vm17:m0) New mapper on port 23330
(vm17:m0) -> reducer data size 1009652550
(vm17:m0) -> reducer data size 1009652550
(vm17:m0) -> reducer data size 1009652550
(vm17:m0) -> reducer data size 1009652550
(vm17:m0) -> reducer data size 1009652550
(vm17:m0) -> reducer data size 1009652550
(vm17:m0) -> reducer data size 1009652550
(vm17:m0) -> reducer data size 1009652550
(vm17:m0) -> reducer data size 1009652550
(vm17:m0) -> reducer data size 1009652550
(vm17:m0) -> reducer data size 1009652550
(vm17:m0) -> reducer data size 1009652550
(vm17:m0) -> reducer data size 1009652550
(vm17:m0) -> reducer data size 1009652550
(vm17:m0) -> reducer data size 1009652550
(vm17:m0) -> reducer data size 1009652550
(vm17:m0) -> reducer data size 1009652550
(vm17:m0) -> reducer data size 1009652550
(vm17:m0) -> reducer data size 1009652550
(vm17:m0) -> reducer data size 1009652550
(vm17:m0) -> reducer data size 1009652550
(vm17:m0) -> reducer data size 1009652550
(vm17:m0) -> reducer data size 1009652550
(vm17:m0) -> reducer data size 1009652550
(vm17:m0) -> reducer data size 1009652550
(vm17:m0) -> reducer data size 1009652550
(vm17:m0) -> reducer data size 1009652550
(vm17:m0) -> reducer data size 1009652550
(vm17:m0) -> reducer data size 1009652550
(vm17:m0) -> reducer data size 1009652550
(vm17:m0) -> reducer data size 1009652550
(vm17:m0) -> reducer data size 1009652550
(vm17:m0) -> reducer data size 1009652550
(vm17:m0) Mapper thread started
(vm17:m0) Allocating data for reducer vm1:r0
(vm17:m0) Allocating data for reducer vm2:r0
(vm17:m0) Allocating data for reducer vm3:r0
(vm17:m0) Allocating data for reducer vm4:r0
(vm17:m0) Allocating data for reducer vm5:r0
(vm17:m0) Allocating data for reducer vm6:r0
(vm17:m0) Allocating data for reducer vm7:r0
(vm17:m0) Allocating data for reducer vm8:r0
(vm17:m0) Allocating data for reducer vm9:r0
(vm17:m0) Allocating data for reducer vm10:r0
(vm17:m0) Allocating data for reducer vm11:r0
(vm17:m0) Allocating data for reducer vm12:r0
(vm17:m0) Allocating data for reducer vm13:r0
(vm17:m0) Allocating data for reducer vm14:r0
(vm17:m0) Allocating data for reducer vm15:r0
(vm17:m0) Allocating data for reducer vm16:r0
(vm17:m0) Allocating data for reducer vm17:r0
(vm17:m0) Allocating data for reducer vm18:r0
(vm17:m0) Allocating data for reducer vm19:r0
(vm17:m0) Allocating data for reducer vm20:r0
(vm17:m0) Allocating data for reducer vm21:r0
(vm17:m0) Allocating data for reducer vm22:r0
(vm17:m0) Allocating data for reducer vm23:r0
(vm17:m0) Allocating data for reducer vm24:r0
(vm17:m0) Allocating data for reducer vm25:r0
(vm17:m0) Allocating data for reducer vm26:r0
(vm17:m0) Allocating data for reducer vm27:r0
(vm17:m0) Allocating data for reducer vm28:r0
(vm17:m0) Allocating data for reducer vm29:r0
(vm17:m0) Allocating data for reducer vm30:r0
(vm17:m0) Allocating data for reducer vm31:r0
(vm17:m0) Allocating data for reducer vm32:r0
(vm17:m0) Allocating data for reducer vm33:r0
(vm17:m0) Binding to port 23330
(vm17:r0) New reducer
(vm17:r0) Reducer thread started
(vm17:r0) waiting for START message
(vm17:r0) got START message
(vm17:r0) Starting new connection thread
(vm17:r0) Starting new connection thread
(vm17:r0) Starting new connection thread
(vm17:r0) Starting new connection thread
(vm17:r0) Starting new connection thread
(vm17:r0) Maximum number of connections reached (5), waiting for a thread to finish
(vm17:r0:1) Connection established
(vm17:r0:2) Connection established
(vm17:r0:0) Connection established
(vm17:r0:3) Connection established
(vm17:r0:4) Connection established
(vm17:r0:4) Connection finished, received 1009652551 bytes
(vm17:r0:1) Connection finished, received 1009652551 bytes
(vm17:r0:3) Connection finished, received 1009652551 bytes
(vm17:r0:0) Connection finished, received 1009652551 bytes
(vm17:r0) thread 0 joined, 32 connections remaining
(vm17:r0) Starting new connection thread
(vm17:r0) Maximum number of connections reached (5), waiting for a thread to finish
(vm17:r0:0) Connection established
(vm17:r0:2) Connection finished, received 1009652551 bytes
(vm17:r0:0) Connection finished, received 1009652551 bytes
(vm17:r0) thread 0 joined, 31 connections remaining
(vm17:r0) Starting new connection thread
(vm17:r0) Maximum number of connections reached (5), waiting for a thread to finish
(vm17:r0:0) Connection established
(vm17:r0:0) Connection finished, received 1009652551 bytes
(vm17:r0) thread 0 joined, 30 connections remaining
(vm17:r0) Starting new connection thread
(vm17:r0) Maximum number of connections reached (5), waiting for a thread to finish
(vm17:r0:0) Connection established
(vm17:r0:0) Connection finished, received 1009652551 bytes
(vm17:r0) thread 0 joined, 29 connections remaining
(vm17:r0) Starting new connection thread
(vm17:r0) Maximum number of connections reached (5), waiting for a thread to finish
(vm17:r0:0) Connection established
(vm17:r0:0) Connection finished, received 1009652551 bytes
(vm17:r0) thread 0 joined, 28 connections remaining
(vm17:r0) Starting new connection thread
(vm17:r0) Maximum number of connections reached (5), waiting for a thread to finish
(vm17:r0:0) Connection established
(vm17:r0:0) Connection finished, received 1009652551 bytes
(vm17:r0) thread 0 joined, 27 connections remaining
(vm17:r0) Starting new connection thread
(vm17:r0) Maximum number of connections reached (5), waiting for a thread to finish
(vm17:r0:0) Connection established
(vm17:m0) Got connection from reducer vm18:r0
(vm17:m0:17) thread started, have to send 1009652550 bytes
(vm17:r0:0) Connection finished, received 1009652551 bytes
(vm17:r0) thread 0 joined, 26 connections remaining
(vm17:r0) Starting new connection thread
(vm17:r0) Maximum number of connections reached (5), waiting for a thread to finish
(vm17:r0:0) Connection established
(vm17:m0:17) all data sent, thread exiting
(vm17:r0:0) Connection finished, received 1009652551 bytes
(vm17:r0) thread 0 joined, 25 connections remaining
(vm17:r0) Starting new connection thread
(vm17:r0) Maximum number of connections reached (5), waiting for a thread to finish
(vm17:r0:0) Connection established
(vm17:r0:0) Connection finished, received 1009652551 bytes
(vm17:r0) thread 0 joined, 24 connections remaining
(vm17:r0) Starting new connection thread
(vm17:r0) Maximum number of connections reached (5), waiting for a thread to finish
(vm17:r0:0) Connection established
(vm17:r0:0) Connection finished, received 1009652551 bytes
(vm17:r0) thread 0 joined, 23 connections remaining
(vm17:r0) Starting new connection thread
(vm17:r0) Maximum number of connections reached (5), waiting for a thread to finish
(vm17:r0:0) Connection established
(vm17:m0) Got connection from reducer vm30:r0
(vm17:m0:29) thread started, have to send 1009652550 bytes
(vm17:r0:0) Connection finished, received 1009652551 bytes
(vm17:r0) thread 0 joined, 22 connections remaining
(vm17:r0) Starting new connection thread
(vm17:r0) Maximum number of connections reached (5), waiting for a thread to finish
(vm17:r0:0) Connection established
(vm17:m0:29) all data sent, thread exiting
(vm17:m0) Got connection from reducer vm6:r0
(vm17:m0:5) thread started, have to send 1009652550 bytes
(vm17:r0:0) Connection finished, received 1009652551 bytes
(vm17:r0) thread 0 joined, 21 connections remaining
(vm17:r0) Starting new connection thread
(vm17:r0) Maximum number of connections reached (5), waiting for a thread to finish
(vm17:r0:0) Connection established
(vm17:m0) Got connection from reducer vm17:r0
(vm17:m0:16) thread started, have to send 1009652550 bytes
(vm17:m0:16) all data sent, thread exiting
(vm17:r0:0) Connection finished, received 1009652551 bytes
(vm17:r0) thread 0 joined, 20 connections remaining
(vm17:r0) Starting new connection thread
(vm17:r0) Maximum number of connections reached (5), waiting for a thread to finish
(vm17:r0:0) Connection established
(vm17:m0:5) all data sent, thread exiting
(vm17:r0:0) Connection finished, received 1009652551 bytes
(vm17:r0) thread 0 joined, 19 connections remaining
(vm17:r0) Starting new connection thread
(vm17:r0) Maximum number of connections reached (5), waiting for a thread to finish
(vm17:r0:0) Connection established
(vm17:m0) Got connection from reducer vm10:r0
(vm17:m0:9) thread started, have to send 1009652550 bytes
(vm17:m0) Got connection from reducer vm14:r0
(vm17:m0:13) thread started, have to send 1009652550 bytes
(vm17:m0) Got connection from reducer vm1:r0
(vm17:m0:0) thread started, have to send 1009652550 bytes
(vm17:r0:0) Connection finished, received 1009652551 bytes
(vm17:r0) thread 0 joined, 18 connections remaining
(vm17:r0) Starting new connection thread
(vm17:r0) Maximum number of connections reached (5), waiting for a thread to finish
(vm17:r0:0) Connection established
(vm17:m0:9) all data sent, thread exiting
(vm17:m0) Got connection from reducer vm28:r0
(vm17:m0) Got connection from reducer vm15:r0
(vm17:m0:27) thread started, have to send 1009652550 bytes
(vm17:m0:14) thread started, have to send 1009652550 bytes
(vm17:r0:0) Connection finished, received 1009652551 bytes
(vm17:r0) thread 0 joined, 17 connections remaining
(vm17:r0) Starting new connection thread
(vm17:r0) Maximum number of connections reached (5), waiting for a thread to finish
(vm17:r0:0) Connection established
(vm17:m0:13) all data sent, thread exiting
(vm17:m0:0) all data sent, thread exiting
(vm17:m0) Got connection from reducer vm7:r0
(vm17:m0:6) thread started, have to send 1009652550 bytes
(vm17:m0:14) all data sent, thread exiting
(vm17:m0:27) all data sent, thread exiting
(vm17:r0:0) Connection finished, received 1009652551 bytes
(vm17:r0) thread 0 joined, 16 connections remaining
(vm17:r0) Starting new connection thread
(vm17:r0) Maximum number of connections reached (5), waiting for a thread to finish
(vm17:r0:0) Connection established
(vm17:m0) Got connection from reducer vm29:r0
(vm17:m0:28) thread started, have to send 1009652550 bytes
(vm17:m0:6) all data sent, thread exiting
(vm17:r0:0) Connection finished, received 1009652551 bytes
(vm17:r0) thread 0 joined, 15 connections remaining
(vm17:r0) Starting new connection thread
(vm17:r0) Maximum number of connections reached (5), waiting for a thread to finish
(vm17:r0:0) Connection established
(vm17:m0) Got connection from reducer vm20:r0
(vm17:m0:19) thread started, have to send 1009652550 bytes
(vm17:m0:28) all data sent, thread exiting
(vm17:m0) Got connection from reducer vm25:r0
(vm17:m0:24) thread started, have to send 1009652550 bytes
(vm17:r0:0) Connection finished, received 1009652551 bytes
(vm17:r0) thread 0 joined, 14 connections remaining
(vm17:r0) Starting new connection thread
(vm17:r0) Maximum number of connections reached (5), waiting for a thread to finish
(vm17:r0:0) Connection established
(vm17:m0:19) all data sent, thread exiting
(vm17:m0:24) all data sent, thread exiting
(vm17:r0:0) Connection finished, received 1009652551 bytes
(vm17:r0) thread 0 joined, 13 connections remaining
(vm17:r0) Starting new connection thread
(vm17:r0) Maximum number of connections reached (5), waiting for a thread to finish
(vm17:r0:0) Connection established
(vm17:m0) Got connection from reducer vm23:r0
(vm17:m0:22) thread started, have to send 1009652550 bytes
(vm17:m0) Got connection from reducer vm32:r0
(vm17:m0:31) thread started, have to send 1009652550 bytes
(vm17:r0:0) Connection finished, received 1009652551 bytes
(vm17:r0) thread 0 joined, 12 connections remaining
(vm17:r0) Starting new connection thread
(vm17:r0) Maximum number of connections reached (5), waiting for a thread to finish
(vm17:r0:0) Connection established
(vm17:m0:22) all data sent, thread exiting
(vm17:m0:31) all data sent, thread exiting
(vm17:r0:0) Connection finished, received 1009652551 bytes
(vm17:r0) thread 0 joined, 11 connections remaining
(vm17:r0) Starting new connection thread
(vm17:r0) Maximum number of connections reached (5), waiting for a thread to finish
(vm17:r0:0) Connection established
(vm17:m0) Got connection from reducer vm19:r0
(vm17:m0:18) thread started, have to send 1009652550 bytes
(vm17:r0:0) Connection finished, received 1009652551 bytes
(vm17:r0) thread 0 joined, 10 connections remaining
(vm17:r0) Starting new connection thread
(vm17:r0) Maximum number of connections reached (5), waiting for a thread to finish
(vm17:r0:0) Connection established
(vm17:m0) Got connection from reducer vm8:r0
(vm17:m0:7) thread started, have to send 1009652550 bytes
(vm17:m0:18) all data sent, thread exiting
(vm17:m0) Got connection from reducer vm24:r0
(vm17:m0:23) thread started, have to send 1009652550 bytes
(vm17:m0:7) all data sent, thread exiting
(vm17:r0:0) Connection finished, received 1009652551 bytes
(vm17:r0) thread 0 joined, 9 connections remaining
(vm17:r0) Starting new connection thread
(vm17:r0) Maximum number of connections reached (5), waiting for a thread to finish
(vm17:r0:0) Connection established
(vm17:m0) Got connection from reducer vm21:r0
(vm17:m0:20) thread started, have to send 1009652550 bytes
(vm17:m0:23) all data sent, thread exiting
(vm17:m0:20) all data sent, thread exiting
(vm17:r0:0) Connection finished, received 1009652551 bytes
(vm17:r0) thread 0 joined, 8 connections remaining
(vm17:r0) Starting new connection thread
(vm17:r0) Maximum number of connections reached (5), waiting for a thread to finish
(vm17:r0:0) Connection established
(vm17:m0) Got connection from reducer vm5:r0
(vm17:m0:4) thread started, have to send 1009652550 bytes
(vm17:m0) Got connection from reducer vm12:r0
(vm17:m0:11) thread started, have to send 1009652550 bytes
(vm17:m0) Got connection from reducer vm26:r0
(vm17:m0:25) thread started, have to send 1009652550 bytes
(vm17:m0:4) all data sent, thread exiting
(vm17:r0:0) Connection finished, received 1009652551 bytes
(vm17:r0) thread 0 joined, 7 connections remaining
(vm17:r0) Starting new connection thread
(vm17:r0) Maximum number of connections reached (5), waiting for a thread to finish
(vm17:r0:0) Connection established
(vm17:m0) Got connection from reducer vm9:r0
(vm17:m0:8) thread started, have to send 1009652550 bytes
(vm17:m0:11) all data sent, thread exiting
(vm17:m0:25) all data sent, thread exiting
(vm17:m0) Got connection from reducer vm11:r0
(vm17:m0:10) thread started, have to send 1009652550 bytes
(vm17:m0:8) all data sent, thread exiting
(vm17:m0) Got connection from reducer vm33:r0
(vm17:m0:32) thread started, have to send 1009652550 bytes
(vm17:m0) Got connection from reducer vm16:r0
(vm17:m0:15) thread started, have to send 1009652550 bytes
(vm17:r0:0) Connection finished, received 1009652551 bytes
(vm17:r0) thread 0 joined, 6 connections remaining
(vm17:r0) Starting new connection thread
(vm17:r0) Maximum number of connections reached (5), waiting for a thread to finish
(vm17:r0:0) Connection established
(vm17:m0) Got connection from reducer vm2:r0
(vm17:m0:1) thread started, have to send 1009652550 bytes
(vm17:m0:10) all data sent, thread exiting
(vm17:m0:32) all data sent, thread exiting
(vm17:m0:15) all data sent, thread exiting
(vm17:r0:0) Connection finished, received 1009652551 bytes
(vm17:r0) thread 0 joined, 5 connections remaining
(vm17:r0) Starting new connection thread
(vm17:r0) Maximum number of connections reached (5), waiting for a thread to finish
(vm17:r0:0) Connection established
(vm17:m0:1) all data sent, thread exiting
(vm17:r0:0) Connection finished, received 1009652551 bytes
(vm17:r0) thread 0 joined, 4 connections remaining
(vm17:r0) Maximum number of connections reached (4), waiting for a thread to finish
(vm17:r0) thread 1 joined, 3 connections remaining
(vm17:r0) Maximum number of connections reached (3), waiting for a thread to finish
(vm17:r0) thread 2 joined, 2 connections remaining
(vm17:r0) Maximum number of connections reached (2), waiting for a thread to finish
(vm17:r0) thread 3 joined, 1 connections remaining
(vm17:r0) Maximum number of connections reached (1), waiting for a thread to finish
(vm17:r0) thread 4 joined, 0 connections remaining
(vm17:r0) all done, exiting
(vm17:m0) Got connection from reducer vm13:r0
(vm17:m0:12) thread started, have to send 1009652550 bytes
(vm17:m0) Got connection from reducer vm31:r0
(vm17:m0:30) thread started, have to send 1009652550 bytes
(vm17:m0:12) all data sent, thread exiting
(vm17:m0:30) all data sent, thread exiting
(vm17:m0) Got connection from reducer vm3:r0
(vm17:m0:2) thread started, have to send 1009652550 bytes
(vm17:m0) Got connection from reducer vm4:r0
(vm17:m0:3) thread started, have to send 1009652550 bytes
(vm17:m0) Got connection from reducer vm22:r0
(vm17:m0:21) thread started, have to send 1009652550 bytes
(vm17:m0:2) all data sent, thread exiting
(vm17:m0:3) all data sent, thread exiting
(vm17:m0) Got connection from reducer vm27:r0
(vm17:m0) Waiting for a thread to finish
(vm17:m0) thread 0 joined, 32 connections remaining
(vm17:m0) Waiting for a thread to finish
(vm17:m0) thread 1 joined, 31 connections remaining
(vm17:m0) Waiting for a thread to finish
(vm17:m0) thread 2 joined, 30 connections remaining
(vm17:m0) Waiting for a thread to finish
(vm17:m0) thread 3 joined, 29 connections remaining
(vm17:m0) Waiting for a thread to finish
(vm17:m0) thread 4 joined, 28 connections remaining
(vm17:m0) Waiting for a thread to finish
(vm17:m0) thread 5 joined, 27 connections remaining
(vm17:m0) Waiting for a thread to finish
(vm17:m0) thread 6 joined, 26 connections remaining
(vm17:m0) Waiting for a thread to finish
(vm17:m0) thread 7 joined, 25 connections remaining
(vm17:m0) Waiting for a thread to finish
(vm17:m0) thread 8 joined, 24 connections remaining
(vm17:m0) Waiting for a thread to finish
(vm17:m0) thread 9 joined, 23 connections remaining
(vm17:m0) Waiting for a thread to finish
(vm17:m0) thread 10 joined, 22 connections remaining
(vm17:m0) Waiting for a thread to finish
(vm17:m0) thread 11 joined, 21 connections remaining
(vm17:m0) Waiting for a thread to finish
(vm17:m0) thread 12 joined, 20 connections remaining
(vm17:m0) Waiting for a thread to finish
(vm17:m0) thread 13 joined, 19 connections remaining
(vm17:m0) Waiting for a thread to finish
(vm17:m0) thread 14 joined, 18 connections remaining
(vm17:m0) Waiting for a thread to finish
(vm17:m0) thread 15 joined, 17 connections remaining
(vm17:m0) Waiting for a thread to finish
(vm17:m0) thread 16 joined, 16 connections remaining
(vm17:m0) Waiting for a thread to finish
(vm17:m0) thread 17 joined, 15 connections remaining
(vm17:m0) Waiting for a thread to finish
(vm17:m0) thread 18 joined, 14 connections remaining
(vm17:m0) Waiting for a thread to finish
(vm17:m0) thread 19 joined, 13 connections remaining
(vm17:m0) Waiting for a thread to finish
(vm17:m0) thread 20 joined, 12 connections remaining
(vm17:m0) Waiting for a thread to finish
(vm17:m0:26) thread started, have to send 1009652550 bytes
(vm17:m0:26) all data sent, thread exiting
(vm17:m0:21) all data sent, thread exiting
(vm17:m0) thread 21 joined, 11 connections remaining
(vm17:m0) Waiting for a thread to finish
(vm17:m0) thread 22 joined, 10 connections remaining
(vm17:m0) Waiting for a thread to finish
(vm17:m0) thread 23 joined, 9 connections remaining
(vm17:m0) Waiting for a thread to finish
(vm17:m0) thread 24 joined, 8 connections remaining
(vm17:m0) Waiting for a thread to finish
(vm17:m0) thread 25 joined, 7 connections remaining
(vm17:m0) Waiting for a thread to finish
(vm17:m0) thread 26 joined, 6 connections remaining
(vm17:m0) Waiting for a thread to finish
(vm17:m0) thread 27 joined, 5 connections remaining
(vm17:m0) Waiting for a thread to finish
(vm17:m0) thread 28 joined, 4 connections remaining
(vm17:m0) Waiting for a thread to finish
(vm17:m0) thread 29 joined, 3 connections remaining
(vm17:m0) Waiting for a thread to finish
(vm17:m0) thread 30 joined, 2 connections remaining
(vm17:m0) Waiting for a thread to finish
(vm17:m0) thread 31 joined, 1 connections remaining
(vm17:m0) Waiting for a thread to finish
(vm17:m0) thread 32 joined, 0 connections remaining
(vm17:m0) all done, exiting
*RES* start node vm17:m0
*RES* vm17:m0:0,1405500369334,10910,2085,1009652551
*RES* vm17:m0:1,1405500475569,7947,1852,1009652551
*RES* vm17:m0:2,1405500501014,4319,1609,1009652551
*RES* vm17:m0:3,1405500501257,4486,1583,1009652551
*RES* vm17:m0:4,1405500454985,8180,1923,1009652551
*RES* vm17:m0:5,1405500351201,7362,2105,1009652551
*RES* vm17:m0:6,1405500381941,9452,1956,1009652551
*RES* vm17:m0:7,1405500439429,6577,1874,1009652551
*RES* vm17:m0:8,1405500463323,6554,1542,1009652551
*RES* vm17:m0:9,1405500363853,11276,1186,1009652551
*RES* vm17:m0:10,1405500469277,9299,1666,1009652551
*RES* vm17:m0:11,1405500459553,6151,1021,1009652551
*RES* vm17:m0:12,1405500487703,5574,931,1009652551
*RES* vm17:m0:13,1405500368503,10580,1951,1009652551
*RES* vm17:m0:14,1405500376571,9931,1793,1009652551
*RES* vm17:m0:15,1405500470549,9027,1474,1009652551
*RES* vm17:m0:16,1405500352285,2406,277,1009652551
*RES* vm17:m0:17,1405500313317,6245,2103,1009652551
*RES* vm17:m0:18,1405500432213,7639,1387,1009652551
*RES* vm17:m0:19,1405500396203,8352,1199,1009652551
*RES* vm17:m0:20,1405500446993,6181,1686,1009652551
*RES* vm17:m0:21,1405500504121,7163,1003,1009652551
*RES* vm17:m0:22,1405500416976,8015,1913,1009652551
*RES* vm17:m0:23,1405500443877,7148,1537,1009652551
*RES* vm17:m0:24,1405500401739,7456,2189,1009652551
*RES* vm17:m0:25,1405500460167,6962,980,1009652551
*RES* vm17:m0:26,1405500506305,4529,1134,1009652551
*RES* vm17:m0:27,1405500376571,11329,2123,1009652551
*RES* vm17:m0:28,1405500390325,5998,1993,1009652551
*RES* vm17:m0:29,1405500342925,8027,2656,1009652551
*RES* vm17:m0:30,1405500491243,5992,901,1009652551
*RES* vm17:m0:31,1405500417426,8360,2141,1009652551
*RES* vm17:m0:32,1405500470149,9210,1575,1009652551
*RES* end node vm17:m0
Node vm17:m0 joined
*RES* start node vm17:r0
*RES* vm17:r0:0,1405500202637,31562,969,1009652551
*RES* vm17:r0:0,1405500234205,44064,973,1009652551
*RES* vm17:r0:0,1405500278277,21046,1055,1009652551
*RES* vm17:r0:0,1405500299329,4140,1791,1009652551
*RES* vm17:r0:0,1405500303477,3716,1751,1009652551
*RES* vm17:r0:0,1405500307197,5103,1935,1009652551
*RES* vm17:r0:0,1405500312305,5058,1814,1009652551
*RES* vm17:r0:0,1405500317373,6591,1869,1009652551
*RES* vm17:r0:0,1405500323969,5558,1770,1009652551
*RES* vm17:r0:0,1405500329533,8179,1578,1009652551
*RES* vm17:r0:0,1405500337717,7873,1646,1009652551
*RES* vm17:r0:0,1405500345597,6676,1932,1009652551
*RES* vm17:r0:0,1405500352281,2415,720,1009652551
*RES* vm17:r0:0,1405500354705,7898,2009,1009652551
*RES* vm17:r0:0,1405500362609,7757,1718,1009652551
*RES* vm17:r0:0,1405500370385,8550,1492,1009652551
*RES* vm17:r0:0,1405500378957,9493,1685,1009652551
*RES* vm17:r0:0,1405500388453,7431,1616,1009652551
*RES* vm17:r0:0,1405500395901,8381,1520,1009652551
*RES* vm17:r0:0,1405500404286,7953,1542,1009652551
*RES* vm17:r0:0,1405500412245,8675,1675,1009652551
*RES* vm17:r0:0,1405500420939,8966,1910,1009652551
*RES* vm17:r0:0,1405500429913,7844,1850,1009652551
*RES* vm17:r0:0,1405500437765,8540,1724,1009652551
*RES* vm17:r0:0,1405500446313,8354,1692,1009652551
*RES* vm17:r0:0,1405500454673,8533,1885,1009652551
*RES* vm17:r0:0,1405500463221,8376,1780,1009652551
*RES* vm17:r0:0,1405500471621,8589,1420,1009652551
*RES* vm17:r0:0,1405500480229,6564,1615,1009652551
*RES* vm17:r0:1,1405500202637,29580,993,1009652551
*RES* vm17:r0:2,1405500202637,35247,996,1009652551
*RES* vm17:r0:3,1405500202637,31117,966,1009652551
*RES* vm17:r0:4,1405500202637,26545,988,1009652551
*RES* end node vm17:r0
Node vm17:r0 joined
Worker terminating correctly
