OSMeF worker starting
Enabling core dumping
Listening for command connection
(vm29:m0) New mapper on port 23330
(vm29:m0) -> reducer data size 761434645
(vm29:m0) -> reducer data size 761434645
(vm29:m0) -> reducer data size 761434645
(vm29:m0) -> reducer data size 761434645
(vm29:m0) -> reducer data size 761434645
(vm29:m0) -> reducer data size 761434645
(vm29:m0) -> reducer data size 761434645
(vm29:m0) -> reducer data size 761434645
(vm29:m0) -> reducer data size 761434645
(vm29:m0) -> reducer data size 761434645
(vm29:m0) -> reducer data size 761434645
(vm29:m0) -> reducer data size 761434645
(vm29:m0) -> reducer data size 761434645
(vm29:m0) -> reducer data size 761434645
(vm29:m0) -> reducer data size 761434645
(vm29:m0) -> reducer data size 761434645
(vm29:m0) -> reducer data size 761434645
(vm29:m0) -> reducer data size 761434645
(vm29:m0) -> reducer data size 761434645
(vm29:m0) -> reducer data size 761434645
(vm29:m0) -> reducer data size 761434645
(vm29:m0) -> reducer data size 761434645
(vm29:m0) -> reducer data size 761434645
(vm29:m0) -> reducer data size 761434645
(vm29:m0) -> reducer data size 761434645
(vm29:m0) -> reducer data size 761434645
(vm29:m0) -> reducer data size 761434645
(vm29:m0) -> reducer data size 761434645
(vm29:m0) -> reducer data size 761434645
(vm29:m0) -> reducer data size 761434645
(vm29:m0) -> reducer data size 761434645
(vm29:m0) -> reducer data size 761434645
(vm29:m0) -> reducer data size 761434645
(vm29:m0) -> reducer data size 761434645
(vm29:m0) -> reducer data size 761434645
(vm29:m0) -> reducer data size 761434645
(vm29:m0) -> reducer data size 761434645
(vm29:m0) -> reducer data size 761434645
(vm29:m0) Mapper thread started
(vm29:m0) Allocating data for reducer vm1:r0
(vm29:m0) Allocating data for reducer vm2:r0
(vm29:m0) Allocating data for reducer vm3:r0
(vm29:m0) Allocating data for reducer vm4:r0
(vm29:m0) Allocating data for reducer vm5:r0
(vm29:m0) Allocating data for reducer vm6:r0
(vm29:m0) Allocating data for reducer vm7:r0
(vm29:m0) Allocating data for reducer vm8:r0
(vm29:m0) Allocating data for reducer vm9:r0
(vm29:m0) Allocating data for reducer vm10:r0
(vm29:m0) Allocating data for reducer vm11:r0
(vm29:m0) Allocating data for reducer vm12:r0
(vm29:m0) Allocating data for reducer vm13:r0
(vm29:m0) Allocating data for reducer vm14:r0
(vm29:m0) Allocating data for reducer vm15:r0
(vm29:m0) Allocating data for reducer vm16:r0
(vm29:m0) Allocating data for reducer vm17:r0
(vm29:m0) Allocating data for reducer vm18:r0
(vm29:m0) Allocating data for reducer vm19:r0
(vm29:m0) Allocating data for reducer vm20:r0
(vm29:m0) Allocating data for reducer vm21:r0
(vm29:m0) Allocating data for reducer vm22:r0
(vm29:m0) Allocating data for reducer vm23:r0
(vm29:m0) Allocating data for reducer vm24:r0
(vm29:m0) Allocating data for reducer vm25:r0
(vm29:m0) Allocating data for reducer vm26:r0
(vm29:m0) Allocating data for reducer vm27:r0
(vm29:m0) Allocating data for reducer vm28:r0
(vm29:m0) Allocating data for reducer vm29:r0
(vm29:m0) Allocating data for reducer vm30:r0
(vm29:m0) Allocating data for reducer vm31:r0
(vm29:m0) Allocating data for reducer vm32:r0
(vm29:m0) Allocating data for reducer vm33:r0
(vm29:m0) Allocating data for reducer vm34:r0
(vm29:m0) Allocating data for reducer vm35:r0
(vm29:m0) Allocating data for reducer vm36:r0
(vm29:m0) Allocating data for reducer vm37:r0
(vm29:m0) Allocating data for reducer vm38:r0
(vm29:m0) Binding to port 23330
(vm29:r0) New reducer
(vm29:r0) Reducer thread started
(vm29:r0) waiting for START message
(vm29:r0) got START message
(vm29:r0) Starting new connection thread
(vm29:r0) Starting new connection thread
(vm29:r0) Starting new connection thread
(vm29:r0) Starting new connection thread
(vm29:r0) Starting new connection thread
(vm29:r0) Maximum number of connections reached (5), waiting for a thread to finish
(vm29:r0:0) Connection established
(vm29:r0:1) Connection established
(vm29:r0:3) Connection established
(vm29:r0:2) Connection established
(vm29:r0:4) Connection established
(vm29:r0:3) Connection finished, received 761434646 bytes
(vm29:r0:1) Connection finished, received 761434646 bytes
(vm29:r0:4) Connection finished, received 761434646 bytes
(vm29:r0:0) Connection finished, received 761434646 bytes
(vm29:r0) thread 0 joined, 37 connections remaining
(vm29:r0) Starting new connection thread
(vm29:r0) Maximum number of connections reached (5), waiting for a thread to finish
(vm29:r0:0) Connection established
(vm29:r0:2) Connection finished, received 761434646 bytes
(vm29:r0:0) Connection finished, received 761434646 bytes
(vm29:r0) thread 0 joined, 36 connections remaining
(vm29:r0) Starting new connection thread
(vm29:r0) Maximum number of connections reached (5), waiting for a thread to finish
(vm29:r0:0) Connection established
(vm29:r0:0) Connection finished, received 761434646 bytes
(vm29:r0) thread 0 joined, 35 connections remaining
(vm29:r0) Starting new connection thread
(vm29:r0) Maximum number of connections reached (5), waiting for a thread to finish
(vm29:r0:0) Connection established
(vm29:m0) Got connection from reducer vm1:r0
(vm29:m0:0) thread started, have to send 761434645 bytes
(vm29:m0:0) all data sent, thread exiting
(vm29:r0:0) Connection finished, received 761434646 bytes
(vm29:r0) thread 0 joined, 34 connections remaining
(vm29:r0) Starting new connection thread
(vm29:r0) Maximum number of connections reached (5), waiting for a thread to finish
(vm29:r0:0) Connection established
(vm29:m0) Got connection from reducer vm17:r0
(vm29:m0:16) thread started, have to send 761434645 bytes
(vm29:m0:16) all data sent, thread exiting
(vm29:r0:0) Connection finished, received 761434646 bytes
(vm29:r0) thread 0 joined, 33 connections remaining
(vm29:r0) Starting new connection thread
(vm29:r0) Maximum number of connections reached (5), waiting for a thread to finish
(vm29:r0:0) Connection established
(vm29:m0) Got connection from reducer vm35:r0
(vm29:m0:34) thread started, have to send 761434645 bytes
(vm29:m0:34) all data sent, thread exiting
(vm29:m0) Got connection from reducer vm28:r0
(vm29:m0:27) thread started, have to send 761434645 bytes
(vm29:m0:27) all data sent, thread exiting
(vm29:r0:0) Connection finished, received 761434646 bytes
(vm29:r0) thread 0 joined, 32 connections remaining
(vm29:r0) Starting new connection thread
(vm29:r0) Maximum number of connections reached (5), waiting for a thread to finish
(vm29:r0:0) Connection established
(vm29:m0) Got connection from reducer vm15:r0
(vm29:m0:14) thread started, have to send 761434645 bytes
(vm29:r0:0) Connection finished, received 761434646 bytes
(vm29:r0) thread 0 joined, 31 connections remaining
(vm29:r0) Starting new connection thread
(vm29:r0) Maximum number of connections reached (5), waiting for a thread to finish
(vm29:r0:0) Connection established
(vm29:m0) Got connection from reducer vm6:r0
(vm29:m0:5) thread started, have to send 761434645 bytes
(vm29:m0) Got connection from reducer vm21:r0
(vm29:m0:20) thread started, have to send 761434645 bytes
(vm29:m0:5) all data sent, thread exiting
(vm29:m0:14) all data sent, thread exiting
(vm29:m0:20) all data sent, thread exiting
(vm29:r0:0) Connection finished, received 761434646 bytes
(vm29:r0) thread 0 joined, 30 connections remaining
(vm29:r0) Starting new connection thread
(vm29:r0) Maximum number of connections reached (5), waiting for a thread to finish
(vm29:r0:0) Connection established
(vm29:m0) Got connection from reducer vm19:r0
(vm29:m0:18) thread started, have to send 761434645 bytes
(vm29:m0) Got connection from reducer vm10:r0
(vm29:m0:9) thread started, have to send 761434645 bytes
(vm29:m0:18) all data sent, thread exiting
(vm29:m0:9) all data sent, thread exiting
(vm29:r0:0) Connection finished, received 761434646 bytes
(vm29:r0) thread 0 joined, 29 connections remaining
(vm29:r0) Starting new connection thread
(vm29:r0) Maximum number of connections reached (5), waiting for a thread to finish
(vm29:r0:0) Connection established
(vm29:m0) Got connection from reducer vm16:r0
(vm29:m0:15) thread started, have to send 761434645 bytes
(vm29:r0:0) Connection finished, received 761434646 bytes
(vm29:r0) thread 0 joined, 28 connections remaining
(vm29:r0) Starting new connection thread
(vm29:r0) Maximum number of connections reached (5), waiting for a thread to finish
(vm29:r0:0) Connection established
(vm29:m0) Got connection from reducer vm20:r0
(vm29:m0:19) thread started, have to send 761434645 bytes
(vm29:m0:15) all data sent, thread exiting
(vm29:m0) Got connection from reducer vm11:r0
(vm29:m0:10) thread started, have to send 761434645 bytes
(vm29:m0) Got connection from reducer vm7:r0
(vm29:m0:6) thread started, have to send 761434645 bytes
(vm29:m0) Got connection from reducer vm38:r0
(vm29:m0:37) thread started, have to send 761434645 bytes
(vm29:m0:10) all data sent, thread exiting
(vm29:m0) Got connection from reducer vm2:r0
(vm29:m0:1) thread started, have to send 761434645 bytes
(vm29:m0:6) all data sent, thread exiting
(vm29:m0:19) all data sent, thread exiting
(vm29:r0:0) Connection finished, received 761434646 bytes
(vm29:r0) thread 0 joined, 27 connections remaining
(vm29:r0) Starting new connection thread
(vm29:r0) Maximum number of connections reached (5), waiting for a thread to finish
(vm29:r0:0) Connection established
(vm29:m0:37) all data sent, thread exiting
(vm29:m0:1) all data sent, thread exiting
(vm29:r0:0) Connection finished, received 761434646 bytes
(vm29:r0) thread 0 joined, 26 connections remaining
(vm29:r0) Starting new connection thread
(vm29:r0) Maximum number of connections reached (5), waiting for a thread to finish
(vm29:r0:0) Connection established
(vm29:m0) Got connection from reducer vm33:r0
(vm29:m0:32) thread started, have to send 761434645 bytes
(vm29:m0) Got connection from reducer vm36:r0
(vm29:m0:35) thread started, have to send 761434645 bytes
(vm29:r0:0) Connection finished, received 761434646 bytes
(vm29:r0) thread 0 joined, 25 connections remaining
(vm29:r0) Starting new connection thread
(vm29:r0) Maximum number of connections reached (5), waiting for a thread to finish
(vm29:r0:0) Connection established
(vm29:m0:32) all data sent, thread exiting
(vm29:m0) Got connection from reducer vm12:r0
(vm29:m0:11) thread started, have to send 761434645 bytes
(vm29:m0:35) all data sent, thread exiting
(vm29:m0:11) all data sent, thread exiting
(vm29:m0) Got connection from reducer vm37:r0
(vm29:m0:36) thread started, have to send 761434645 bytes
(vm29:r0:0) Connection finished, received 761434646 bytes
(vm29:r0) thread 0 joined, 24 connections remaining
(vm29:r0) Starting new connection thread
(vm29:r0) Maximum number of connections reached (5), waiting for a thread to finish
(vm29:r0:0) Connection established
(vm29:m0) Got connection from reducer vm34:r0
(vm29:m0:33) thread started, have to send 761434645 bytes
(vm29:m0:36) all data sent, thread exiting
(vm29:m0) Got connection from reducer vm4:r0
(vm29:m0:3) thread started, have to send 761434645 bytes
(vm29:m0) Got connection from reducer vm8:r0
(vm29:m0:7) thread started, have to send 761434645 bytes
(vm29:m0:33) all data sent, thread exiting
(vm29:m0) Got connection from reducer vm26:r0
(vm29:m0:25) thread started, have to send 761434645 bytes
(vm29:r0:0) Connection finished, received 761434646 bytes
(vm29:r0) thread 0 joined, 23 connections remaining
(vm29:r0) Starting new connection thread
(vm29:r0) Maximum number of connections reached (5), waiting for a thread to finish
(vm29:r0:0) Connection established
(vm29:m0:3) all data sent, thread exiting
(vm29:m0:7) all data sent, thread exiting
(vm29:m0:25) all data sent, thread exiting
(vm29:r0:0) Connection finished, received 761434646 bytes
(vm29:r0) thread 0 joined, 22 connections remaining
(vm29:r0) Starting new connection thread
(vm29:r0) Maximum number of connections reached (5), waiting for a thread to finish
(vm29:r0:0) Connection established
(vm29:m0) Got connection from reducer vm9:r0
(vm29:m0:8) thread started, have to send 761434645 bytes
(vm29:m0) Got connection from reducer vm23:r0
(vm29:m0:22) thread started, have to send 761434645 bytes
(vm29:r0:0) Connection finished, received 761434646 bytes
(vm29:r0) thread 0 joined, 21 connections remaining
(vm29:r0) Starting new connection thread
(vm29:r0) Maximum number of connections reached (5), waiting for a thread to finish
(vm29:r0:0) Connection established
(vm29:m0) Got connection from reducer vm3:r0
(vm29:m0:2) thread started, have to send 761434645 bytes
(vm29:m0:8) all data sent, thread exiting
(vm29:m0) Got connection from reducer vm5:r0
(vm29:m0:4) thread started, have to send 761434645 bytes
(vm29:m0:22) all data sent, thread exiting
(vm29:r0:0) Connection finished, received 761434646 bytes
(vm29:r0) thread 0 joined, 20 connections remaining
(vm29:r0) Starting new connection thread
(vm29:r0) Maximum number of connections reached (5), waiting for a thread to finish
(vm29:r0:0) Connection established
(vm29:m0:2) all data sent, thread exiting
(vm29:m0:4) all data sent, thread exiting
(vm29:m0) Got connection from reducer vm13:r0
(vm29:m0:12) thread started, have to send 761434645 bytes
(vm29:m0) Got connection from reducer vm22:r0
(vm29:m0:21) thread started, have to send 761434645 bytes
(vm29:r0:0) Connection finished, received 761434646 bytes
(vm29:r0) thread 0 joined, 19 connections remaining
(vm29:r0) Starting new connection thread
(vm29:r0) Maximum number of connections reached (5), waiting for a thread to finish
(vm29:r0:0) Connection established
(vm29:m0:12) all data sent, thread exiting
(vm29:m0) Got connection from reducer vm25:r0
(vm29:m0:24) thread started, have to send 761434645 bytes
(vm29:m0) Got connection from reducer vm32:r0
(vm29:m0:31) thread started, have to send 761434645 bytes
(vm29:m0:21) all data sent, thread exiting
(vm29:m0) Got connection from reducer vm14:r0
(vm29:m0:13) thread started, have to send 761434645 bytes
(vm29:r0:0) Connection finished, received 761434646 bytes
(vm29:r0) thread 0 joined, 18 connections remaining
(vm29:r0) Starting new connection thread
(vm29:r0) Maximum number of connections reached (5), waiting for a thread to finish
(vm29:r0:0) Connection established
(vm29:m0:24) all data sent, thread exiting
(vm29:m0) Got connection from reducer vm30:r0
(vm29:m0:29) thread started, have to send 761434645 bytes
(vm29:m0:31) all data sent, thread exiting
(vm29:m0:13) all data sent, thread exiting
(vm29:m0) Got connection from reducer vm18:r0
(vm29:m0:17) thread started, have to send 761434645 bytes
(vm29:m0) Got connection from reducer vm31:r0
(vm29:m0:30) thread started, have to send 761434645 bytes
(vm29:m0:29) all data sent, thread exiting
(vm29:r0:0) Connection finished, received 761434646 bytes
(vm29:r0) thread 0 joined, 17 connections remaining
(vm29:r0) Starting new connection thread
(vm29:r0) Maximum number of connections reached (5), waiting for a thread to finish
(vm29:r0:0) Connection established
(vm29:m0:17) all data sent, thread exiting
(vm29:m0:30) all data sent, thread exiting
(vm29:r0:0) Connection finished, received 761434646 bytes
(vm29:r0) thread 0 joined, 16 connections remaining
(vm29:r0) Starting new connection thread
(vm29:r0) Maximum number of connections reached (5), waiting for a thread to finish
(vm29:r0:0) Connection established
(vm29:m0) Got connection from reducer vm24:r0
(vm29:m0:23) thread started, have to send 761434645 bytes
(vm29:m0:23) all data sent, thread exiting
(vm29:r0:0) Connection finished, received 761434646 bytes
(vm29:r0) thread 0 joined, 15 connections remaining
(vm29:r0) Starting new connection thread
(vm29:r0) Maximum number of connections reached (5), waiting for a thread to finish
(vm29:r0:0) Connection established
(vm29:m0) Got connection from reducer vm27:r0
(vm29:m0:26) thread started, have to send 761434645 bytes
(vm29:r0:0) Connection finished, received 761434646 bytes
(vm29:r0) thread 0 joined, 14 connections remaining
(vm29:r0) Starting new connection thread
(vm29:r0) Maximum number of connections reached (5), waiting for a thread to finish
(vm29:r0:0) Connection established
(vm29:m0) Got connection from reducer vm29:r0
(vm29:m0) Waiting for a thread to finish
(vm29:m0) thread 0 joined, 37 connections remaining
(vm29:m0) Waiting for a thread to finish
(vm29:m0) thread 1 joined, 36 connections remaining
(vm29:m0) Waiting for a thread to finish
(vm29:m0) thread 2 joined, 35 connections remaining
(vm29:m0) Waiting for a thread to finish
(vm29:m0) thread 3 joined, 34 connections remaining
(vm29:m0) Waiting for a thread to finish
(vm29:m0) thread 4 joined, 33 connections remaining
(vm29:m0) Waiting for a thread to finish
(vm29:m0) thread 5 joined, 32 connections remaining
(vm29:m0) Waiting for a thread to finish
(vm29:m0) thread 6 joined, 31 connections remaining
(vm29:m0) Waiting for a thread to finish
(vm29:m0) thread 7 joined, 30 connections remaining
(vm29:m0) Waiting for a thread to finish
(vm29:m0) thread 8 joined, 29 connections remaining
(vm29:m0) Waiting for a thread to finish
(vm29:m0) thread 9 joined, 28 connections remaining
(vm29:m0) Waiting for a thread to finish
(vm29:m0) thread 10 joined, 27 connections remaining
(vm29:m0) Waiting for a thread to finish
(vm29:m0) thread 11 joined, 26 connections remaining
(vm29:m0) Waiting for a thread to finish
(vm29:m0) thread 12 joined, 25 connections remaining
(vm29:m0) Waiting for a thread to finish
(vm29:m0) thread 13 joined, 24 connections remaining
(vm29:m0) Waiting for a thread to finish
(vm29:m0) thread 14 joined, 23 connections remaining
(vm29:m0) Waiting for a thread to finish
(vm29:m0) thread 15 joined, 22 connections remaining
(vm29:m0) Waiting for a thread to finish
(vm29:m0) thread 16 joined, 21 connections remaining
(vm29:m0) Waiting for a thread to finish
(vm29:m0) thread 17 joined, 20 connections remaining
(vm29:m0) Waiting for a thread to finish
(vm29:m0) thread 18 joined, 19 connections remaining
(vm29:m0) Waiting for a thread to finish
(vm29:m0) thread 19 joined, 18 connections remaining
(vm29:m0) Waiting for a thread to finish
(vm29:m0) thread 20 joined, 17 connections remaining
(vm29:m0) Waiting for a thread to finish
(vm29:m0) thread 21 joined, 16 connections remaining
(vm29:m0) Waiting for a thread to finish
(vm29:m0) thread 22 joined, 15 connections remaining
(vm29:m0) Waiting for a thread to finish
(vm29:m0) thread 23 joined, 14 connections remaining
(vm29:m0) Waiting for a thread to finish
(vm29:m0) thread 24 joined, 13 connections remaining
(vm29:m0) Waiting for a thread to finish
(vm29:m0) thread 25 joined, 12 connections remaining
(vm29:m0) Waiting for a thread to finish
(vm29:m0:28) thread started, have to send 761434645 bytes
(vm29:m0:26) all data sent, thread exiting
(vm29:m0) thread 26 joined, 11 connections remaining
(vm29:m0) Waiting for a thread to finish
(vm29:m0) thread 27 joined, 10 connections remaining
(vm29:m0) Waiting for a thread to finish
(vm29:m0:28) all data sent, thread exiting
(vm29:r0:0) Connection finished, received 761434646 bytes
(vm29:r0) thread 0 joined, 13 connections remaining
(vm29:r0) Starting new connection thread
(vm29:r0) Maximum number of connections reached (5), waiting for a thread to finish
(vm29:m0) thread 28 joined, 9 connections remaining
(vm29:m0) Waiting for a thread to finish
(vm29:m0) thread 29 joined, 8 connections remaining
(vm29:m0) Waiting for a thread to finish
(vm29:m0) thread 30 joined, 7 connections remaining
(vm29:m0) Waiting for a thread to finish
(vm29:m0) thread 31 joined, 6 connections remaining
(vm29:m0) Waiting for a thread to finish
(vm29:m0) thread 32 joined, 5 connections remaining
(vm29:m0) Waiting for a thread to finish
(vm29:m0) thread 33 joined, 4 connections remaining
(vm29:m0) Waiting for a thread to finish
(vm29:m0) thread 34 joined, 3 connections remaining
(vm29:m0) Waiting for a thread to finish
(vm29:m0) thread 35 joined, 2 connections remaining
(vm29:m0) Waiting for a thread to finish
(vm29:m0) thread 36 joined, 1 connections remaining
(vm29:m0) Waiting for a thread to finish
(vm29:m0) thread 37 joined, 0 connections remaining
(vm29:m0) all done, exiting
*RES* start node vm29:m0
*RES* vm29:m0:0,1405720221768,4436,1124,761434646
*RES* vm29:m0:1,1405720339108,5774,1378,761434646
*RES* vm29:m0:2,1405720389704,3623,744,761434646
*RES* vm29:m0:3,1405720372792,3819,878,761434646
*RES* vm29:m0:4,1405720391096,3051,724,761434646
*RES* vm29:m0:5,1405720294736,5599,1519,761434646
*RES* vm29:m0:6,1405720331114,8075,1186,761434646
*RES* vm29:m0:7,1405720374768,5699,1430,761434646
*RES* vm29:m0:8,1405720385441,4739,1183,761434646
*RES* vm29:m0:9,1405720311926,5689,1556,761434646
*RES* vm29:m0:10,1405720330676,7842,1230,761434646
*RES* vm29:m0:11,1405720360235,5456,1646,761434646
*RES* vm29:m0:12,1405720394996,2839,671,761434646
*RES* vm29:m0:13,1405720400382,2602,626,761434646
*RES* vm29:m0:14,1405720291224,11301,834,761434646
*RES* vm29:m0:15,1405720323460,6771,1026,761434646
*RES* vm29:m0:16,1405720244896,5141,1458,761434646
*RES* vm29:m0:17,1405720404386,2819,647,761434646
*RES* vm29:m0:18,1405720311840,5307,1375,761434646
*RES* vm29:m0:19,1405720330067,9461,1085,761434646
*RES* vm29:m0:20,1405720299760,6281,1286,761434646
*RES* vm29:m0:21,1405720396612,2526,582,761434646
*RES* vm29:m0:22,1405720386462,4670,866,761434646
*RES* vm29:m0:23,1405720409622,1986,684,761434646
*RES* vm29:m0:24,1405720398332,2988,604,761434646
*RES* vm29:m0:25,1405720375502,6928,1065,761434646
*RES* vm29:m0:26,1405720413044,2802,706,761434646
*RES* vm29:m0:27,1405720270072,4760,1712,761434646
*RES* vm29:m0:28,1405720413872,2012,197,761434646
*RES* vm29:m0:29,1405720401655,3879,619,761434646
*RES* vm29:m0:30,1405720404711,3658,605,761434646
*RES* vm29:m0:31,1405720398464,3810,589,761434646
*RES* vm29:m0:32,1405720352904,5388,1273,761434646
*RES* vm29:m0:33,1405720370116,5169,1076,761434646
*RES* vm29:m0:34,1405720258300,5437,1276,761434646
*RES* vm29:m0:35,1405720357524,6025,1501,761434646
*RES* vm29:m0:36,1405720366968,3623,1400,761434646
*RES* vm29:m0:37,1405720334380,8589,1378,761434646
*RES* end node vm29:m0
Node vm29:m0 joined
(vm29:r0:0) Connection established
(vm29:r0:0) Connection finished, received 761434646 bytes
(vm29:r0) thread 0 joined, 12 connections remaining
(vm29:r0) Starting new connection thread
(vm29:r0) Maximum number of connections reached (5), waiting for a thread to finish
(vm29:r0:0) Connection established
(vm29:r0:0) Connection finished, received 761434646 bytes
(vm29:r0) thread 0 joined, 11 connections remaining
(vm29:r0) Starting new connection thread
(vm29:r0) Maximum number of connections reached (5), waiting for a thread to finish
(vm29:r0:0) Connection established
(vm29:r0:0) Connection finished, received 761434646 bytes
(vm29:r0) thread 0 joined, 10 connections remaining
(vm29:r0) Starting new connection thread
(vm29:r0) Maximum number of connections reached (5), waiting for a thread to finish
(vm29:r0:0) Connection established
(vm29:r0:0) Connection finished, received 761434646 bytes
(vm29:r0) thread 0 joined, 9 connections remaining
(vm29:r0) Starting new connection thread
(vm29:r0) Maximum number of connections reached (5), waiting for a thread to finish
(vm29:r0:0) Connection established
(vm29:r0:0) Connection finished, received 761434646 bytes
(vm29:r0) thread 0 joined, 8 connections remaining
(vm29:r0) Starting new connection thread
(vm29:r0) Maximum number of connections reached (5), waiting for a thread to finish
(vm29:r0:0) Connection established
(vm29:r0:0) Connection finished, received 761434646 bytes
(vm29:r0) thread 0 joined, 7 connections remaining
(vm29:r0) Starting new connection thread
(vm29:r0) Maximum number of connections reached (5), waiting for a thread to finish
(vm29:r0:0) Connection established
(vm29:r0:0) Connection finished, received 761434646 bytes
(vm29:r0) thread 0 joined, 6 connections remaining
(vm29:r0) Starting new connection thread
(vm29:r0) Maximum number of connections reached (5), waiting for a thread to finish
(vm29:r0:0) Connection established
(vm29:r0:0) Connection finished, received 761434646 bytes
(vm29:r0) thread 0 joined, 5 connections remaining
(vm29:r0) Starting new connection thread
(vm29:r0) Maximum number of connections reached (5), waiting for a thread to finish
(vm29:r0:0) Connection established
(vm29:r0:0) Connection finished, received 761434646 bytes
(vm29:r0) thread 0 joined, 4 connections remaining
(vm29:r0) Maximum number of connections reached (4), waiting for a thread to finish
(vm29:r0) thread 1 joined, 3 connections remaining
(vm29:r0) Maximum number of connections reached (3), waiting for a thread to finish
(vm29:r0) thread 2 joined, 2 connections remaining
(vm29:r0) Maximum number of connections reached (2), waiting for a thread to finish
(vm29:r0) thread 3 joined, 1 connections remaining
(vm29:r0) Maximum number of connections reached (1), waiting for a thread to finish
(vm29:r0) thread 4 joined, 0 connections remaining
(vm29:r0) all done, exiting
*RES* start node vm29:r0
*RES* vm29:r0:0,1405720070950,30399,796,761434646
*RES* vm29:r0:0,1405720101356,52274,860,761434646
*RES* vm29:r0:0,1405720153636,45005,921,761434646
*RES* vm29:r0:0,1405720198648,32627,973,761434646
*RES* vm29:r0:0,1405720231280,24792,1005,761434646
*RES* vm29:r0:0,1405720256076,20811,965,761434646
*RES* vm29:r0:0,1405720276892,15344,800,761434646
*RES* vm29:r0:0,1405720292259,15565,975,761434646
*RES* vm29:r0:0,1405720307828,11793,880,761434646
*RES* vm29:r0:0,1405720319628,10152,1167,761434646
*RES* vm29:r0:0,1405720329784,10593,898,761434646
*RES* vm29:r0:0,1405720340384,9834,1095,761434646
*RES* vm29:r0:0,1405720350224,7499,1728,761434646
*RES* vm29:r0:0,1405720357731,9591,1552,761434646
*RES* vm29:r0:0,1405720367332,8881,1190,761434646
*RES* vm29:r0:0,1405720376227,7354,1125,761434646
*RES* vm29:r0:0,1405720383588,4110,1035,761434646
*RES* vm29:r0:0,1405720387708,5274,934,761434646
*RES* vm29:r0:0,1405720392992,4191,765,761434646
*RES* vm29:r0:0,1405720397193,3770,638,761434646
*RES* vm29:r0:0,1405720400973,4594,699,761434646
*RES* vm29:r0:0,1405720405576,3544,689,761434646
*RES* vm29:r0:0,1405720409128,2977,682,761434646
*RES* vm29:r0:0,1405720412112,1742,597,761434646
*RES* vm29:r0:0,1405720413864,2023,458,761434646
*RES* vm29:r0:0,1405720415892,2676,583,761434646
*RES* vm29:r0:0,1405720418572,3254,532,761434646
*RES* vm29:r0:0,1405720421832,1413,448,761434646
*RES* vm29:r0:0,1405720423252,1404,476,761434646
*RES* vm29:r0:0,1405720424660,1589,444,761434646
*RES* vm29:r0:0,1405720426256,1308,379,761434646
*RES* vm29:r0:0,1405720427572,1196,367,761434646
*RES* vm29:r0:0,1405720428772,1459,394,761434646
*RES* vm29:r0:0,1405720430236,1213,351,761434646
*RES* vm29:r0:1,1405720070950,27860,769,761434646
*RES* vm29:r0:2,1405720070950,32039,777,761434646
*RES* vm29:r0:3,1405720070950,24564,754,761434646
*RES* vm29:r0:4,1405720070950,28662,760,761434646
*RES* end node vm29:r0
Node vm29:r0 joined
Worker terminating correctly
