OSMeF worker starting
Enabling core dumping
Listening for command connection
(vm13:m0) New mapper on port 23330
(vm13:m0) -> reducer data size 803149472
(vm13:m0) -> reducer data size 803149472
(vm13:m0) -> reducer data size 803149472
(vm13:m0) -> reducer data size 803149472
(vm13:m0) -> reducer data size 803149472
(vm13:m0) -> reducer data size 803149472
(vm13:m0) -> reducer data size 803149472
(vm13:m0) -> reducer data size 803149472
(vm13:m0) -> reducer data size 803149472
(vm13:m0) -> reducer data size 803149472
(vm13:m0) -> reducer data size 803149472
(vm13:m0) -> reducer data size 803149472
(vm13:m0) -> reducer data size 803149472
(vm13:m0) -> reducer data size 803149472
(vm13:m0) -> reducer data size 803149472
(vm13:m0) -> reducer data size 803149472
(vm13:m0) -> reducer data size 803149472
(vm13:m0) -> reducer data size 803149472
(vm13:m0) -> reducer data size 803149472
(vm13:m0) -> reducer data size 803149472
(vm13:m0) -> reducer data size 803149472
(vm13:m0) -> reducer data size 803149472
(vm13:m0) -> reducer data size 803149472
(vm13:m0) -> reducer data size 803149472
(vm13:m0) -> reducer data size 803149472
(vm13:m0) -> reducer data size 803149472
(vm13:m0) -> reducer data size 803149472
(vm13:m0) -> reducer data size 803149472
(vm13:m0) -> reducer data size 803149472
(vm13:m0) -> reducer data size 803149472
(vm13:m0) -> reducer data size 803149472
(vm13:m0) -> reducer data size 803149472
(vm13:m0) -> reducer data size 803149472
(vm13:m0) -> reducer data size 803149472
(vm13:m0) -> reducer data size 803149472
(vm13:m0) -> reducer data size 803149472
(vm13:m0) -> reducer data size 803149472
(vm13:m0) Mapper thread started
(vm13:m0) Allocating data for reducer vm1:r0
(vm13:m0) Allocating data for reducer vm2:r0
(vm13:m0) Allocating data for reducer vm3:r0
(vm13:m0) Allocating data for reducer vm4:r0
(vm13:m0) Allocating data for reducer vm5:r0
(vm13:m0) Allocating data for reducer vm6:r0
(vm13:m0) Allocating data for reducer vm7:r0
(vm13:m0) Allocating data for reducer vm8:r0
(vm13:m0) Allocating data for reducer vm9:r0
(vm13:m0) Allocating data for reducer vm10:r0
(vm13:m0) Allocating data for reducer vm11:r0
(vm13:m0) Allocating data for reducer vm12:r0
(vm13:m0) Allocating data for reducer vm13:r0
(vm13:m0) Allocating data for reducer vm14:r0
(vm13:m0) Allocating data for reducer vm15:r0
(vm13:m0) Allocating data for reducer vm16:r0
(vm13:m0) Allocating data for reducer vm17:r0
(vm13:m0) Allocating data for reducer vm18:r0
(vm13:m0) Allocating data for reducer vm19:r0
(vm13:m0) Allocating data for reducer vm20:r0
(vm13:m0) Allocating data for reducer vm21:r0
(vm13:m0) Allocating data for reducer vm22:r0
(vm13:m0) Allocating data for reducer vm23:r0
(vm13:m0) Allocating data for reducer vm24:r0
(vm13:m0) Allocating data for reducer vm25:r0
(vm13:m0) Allocating data for reducer vm26:r0
(vm13:m0) Allocating data for reducer vm27:r0
(vm13:m0) Allocating data for reducer vm28:r0
(vm13:m0) Allocating data for reducer vm29:r0
(vm13:m0) Allocating data for reducer vm30:r0
(vm13:m0) Allocating data for reducer vm31:r0
(vm13:m0) Allocating data for reducer vm32:r0
(vm13:m0) Allocating data for reducer vm33:r0
(vm13:m0) Allocating data for reducer vm34:r0
(vm13:m0) Allocating data for reducer vm35:r0
(vm13:m0) Allocating data for reducer vm36:r0
(vm13:m0) Allocating data for reducer vm37:r0
(vm13:m0) Binding to port 23330
(vm13:r0) New reducer
(vm13:r0) Reducer thread started
(vm13:r0) waiting for START message
(vm13:r0) got START message
(vm13:r0) Starting new connection thread
(vm13:r0) Starting new connection thread
(vm13:r0) Starting new connection thread
(vm13:r0) Starting new connection thread
(vm13:r0) Starting new connection thread
(vm13:r0) Maximum number of connections reached (5), waiting for a thread to finish
(vm13:r0:4) Connection established
(vm13:r0:3) Connection established
(vm13:r0:2) Connection established
(vm13:r0:1) Connection established
(vm13:r0:0) Connection established
(vm13:r0:3) Connection finished, received 803149473 bytes
(vm13:r0:4) Connection finished, received 803149473 bytes
(vm13:r0:1) Connection finished, received 803149473 bytes
(vm13:r0:2) Connection finished, received 803149473 bytes
(vm13:r0:0) Connection finished, received 803149473 bytes
(vm13:r0) thread 0 joined, 36 connections remaining
(vm13:r0) Starting new connection thread
(vm13:r0) Maximum number of connections reached (5), waiting for a thread to finish
(vm13:r0:0) Connection established
(vm13:r0:0) Connection finished, received 803149473 bytes
(vm13:r0) thread 0 joined, 35 connections remaining
(vm13:r0) Starting new connection thread
(vm13:r0) Maximum number of connections reached (5), waiting for a thread to finish
(vm13:r0:0) Connection established
(vm13:m0) Got connection from reducer vm1:r0
(vm13:m0:0) thread started, have to send 803149472 bytes
(vm13:m0) Got connection from reducer vm9:r0
(vm13:m0:8) thread started, have to send 803149472 bytes
(vm13:m0:0) all data sent, thread exiting
(vm13:m0) Got connection from reducer vm16:r0
(vm13:m0:15) thread started, have to send 803149472 bytes
(vm13:m0:8) all data sent, thread exiting
(vm13:m0) Got connection from reducer vm12:r0
(vm13:m0:11) thread started, have to send 803149472 bytes
(vm13:m0:15) all data sent, thread exiting
(vm13:m0:11) all data sent, thread exiting
(vm13:m0) Got connection from reducer vm11:r0
(vm13:m0:10) thread started, have to send 803149472 bytes
(vm13:m0:10) all data sent, thread exiting
(vm13:m0) Got connection from reducer vm17:r0
(vm13:m0:16) thread started, have to send 803149472 bytes
(vm13:m0:16) all data sent, thread exiting
(vm13:m0) Got connection from reducer vm6:r0
(vm13:m0:5) thread started, have to send 803149472 bytes
(vm13:r0:0) Connection finished, received 803149473 bytes
(vm13:r0) thread 0 joined, 34 connections remaining
(vm13:r0) Starting new connection thread
(vm13:r0) Maximum number of connections reached (5), waiting for a thread to finish
(vm13:r0:0) Connection established
(vm13:m0:5) all data sent, thread exiting
(vm13:m0) Got connection from reducer vm25:r0
(vm13:m0:24) thread started, have to send 803149472 bytes
(vm13:m0) Got connection from reducer vm18:r0
(vm13:m0:17) thread started, have to send 803149472 bytes
(vm13:m0) Got connection from reducer vm10:r0
(vm13:m0:9) thread started, have to send 803149472 bytes
(vm13:m0:24) all data sent, thread exiting
(vm13:m0:17) all data sent, thread exiting
(vm13:m0:9) all data sent, thread exiting
(vm13:m0) Got connection from reducer vm26:r0
(vm13:m0:25) thread started, have to send 803149472 bytes
(vm13:m0) Got connection from reducer vm32:r0
(vm13:m0:31) thread started, have to send 803149472 bytes
(vm13:m0:25) all data sent, thread exiting
(vm13:m0:31) all data sent, thread exiting
(vm13:m0) Got connection from reducer vm7:r0
(vm13:m0:6) thread started, have to send 803149472 bytes
(vm13:r0:0) Connection finished, received 803149473 bytes
(vm13:r0) thread 0 joined, 33 connections remaining
(vm13:r0) Starting new connection thread
(vm13:r0) Maximum number of connections reached (5), waiting for a thread to finish
(vm13:r0:0) Connection established
(vm13:m0:6) all data sent, thread exiting
(vm13:m0) Got connection from reducer vm22:r0
(vm13:m0:21) thread started, have to send 803149472 bytes
(vm13:m0) Got connection from reducer vm37:r0
(vm13:m0:36) thread started, have to send 803149472 bytes
(vm13:r0:0) Connection finished, received 803149473 bytes
(vm13:r0) thread 0 joined, 32 connections remaining
(vm13:r0) Starting new connection thread
(vm13:r0) Maximum number of connections reached (5), waiting for a thread to finish
(vm13:r0:0) Connection established
(vm13:m0) Got connection from reducer vm23:r0
(vm13:m0:22) thread started, have to send 803149472 bytes
(vm13:m0:21) all data sent, thread exiting
(vm13:m0:36) all data sent, thread exiting
(vm13:m0:22) all data sent, thread exiting
(vm13:m0) Got connection from reducer vm36:r0
(vm13:m0:35) thread started, have to send 803149472 bytes
(vm13:m0) Got connection from reducer vm14:r0
(vm13:m0:13) thread started, have to send 803149472 bytes
(vm13:r0:0) Connection finished, received 803149473 bytes
(vm13:r0) thread 0 joined, 31 connections remaining
(vm13:r0) Starting new connection thread
(vm13:r0) Maximum number of connections reached (5), waiting for a thread to finish
(vm13:r0:0) Connection established
(vm13:m0) Got connection from reducer vm35:r0
(vm13:m0:34) thread started, have to send 803149472 bytes
(vm13:m0:35) all data sent, thread exiting
(vm13:m0:13) all data sent, thread exiting
(vm13:m0) Got connection from reducer vm28:r0
(vm13:m0:27) thread started, have to send 803149472 bytes
(vm13:m0) Got connection from reducer vm8:r0
(vm13:m0:7) thread started, have to send 803149472 bytes
(vm13:m0) Got connection from reducer vm34:r0
(vm13:m0:33) thread started, have to send 803149472 bytes
(vm13:m0:34) all data sent, thread exiting
(vm13:r0:0) Connection finished, received 803149473 bytes
(vm13:r0) thread 0 joined, 30 connections remaining
(vm13:r0) Starting new connection thread
(vm13:r0) Maximum number of connections reached (5), waiting for a thread to finish
(vm13:r0:0) Connection established
(vm13:m0) Got connection from reducer vm20:r0
(vm13:m0:19) thread started, have to send 803149472 bytes
(vm13:m0:27) all data sent, thread exiting
(vm13:m0:7) all data sent, thread exiting
(vm13:m0:33) all data sent, thread exiting
(vm13:m0:19) all data sent, thread exiting
(vm13:r0:0) Connection finished, received 803149473 bytes
(vm13:r0) thread 0 joined, 29 connections remaining
(vm13:r0) Starting new connection thread
(vm13:r0) Maximum number of connections reached (5), waiting for a thread to finish
(vm13:r0:0) Connection established
(vm13:m0) Got connection from reducer vm13:r0
(vm13:m0:12) thread started, have to send 803149472 bytes
(vm13:m0) Got connection from reducer vm33:r0
(vm13:m0:32) thread started, have to send 803149472 bytes
(vm13:m0:12) all data sent, thread exiting
(vm13:r0:0) Connection finished, received 803149473 bytes
(vm13:r0) thread 0 joined, 28 connections remaining
(vm13:r0) Starting new connection thread
(vm13:r0) Maximum number of connections reached (5), waiting for a thread to finish
(vm13:r0:0) Connection established
(vm13:m0) Got connection from reducer vm27:r0
(vm13:m0:26) thread started, have to send 803149472 bytes
(vm13:m0) Got connection from reducer vm15:r0
(vm13:m0:14) thread started, have to send 803149472 bytes
(vm13:m0:32) all data sent, thread exiting
(vm13:m0:14) all data sent, thread exiting
(vm13:r0:0) Connection finished, received 803149473 bytes
(vm13:r0) thread 0 joined, 27 connections remaining
(vm13:r0) Starting new connection thread
(vm13:r0) Maximum number of connections reached (5), waiting for a thread to finish
(vm13:r0:0) Connection established
(vm13:m0) Got connection from reducer vm21:r0
(vm13:m0:20) thread started, have to send 803149472 bytes
(vm13:m0:26) all data sent, thread exiting
(vm13:m0:20) all data sent, thread exiting
(vm13:m0) Got connection from reducer vm29:r0
(vm13:m0:28) thread started, have to send 803149472 bytes
(vm13:m0) Got connection from reducer vm24:r0
(vm13:m0:23) thread started, have to send 803149472 bytes
(vm13:r0:0) Connection finished, received 803149473 bytes
(vm13:r0) thread 0 joined, 26 connections remaining
(vm13:r0) Starting new connection thread
(vm13:r0) Maximum number of connections reached (5), waiting for a thread to finish
(vm13:r0:0) Connection established
(vm13:m0) Got connection from reducer vm5:r0
(vm13:m0:4) thread started, have to send 803149472 bytes
(vm13:m0) Got connection from reducer vm3:r0
(vm13:m0:2) thread started, have to send 803149472 bytes
(vm13:m0) Got connection from reducer vm2:r0
(vm13:m0:1) thread started, have to send 803149472 bytes
(vm13:m0) Got connection from reducer vm4:r0
(vm13:m0:3) thread started, have to send 803149472 bytes
(vm13:m0) Got connection from reducer vm31:r0
(vm13:m0:30) thread started, have to send 803149472 bytes
(vm13:m0) Got connection from reducer vm30:r0
(vm13:m0:29) thread started, have to send 803149472 bytes
(vm13:m0:23) all data sent, thread exiting
(vm13:m0) Got connection from reducer vm19:r0
(vm13:m0) Waiting for a thread to finish
(vm13:m0) thread 0 joined, 36 connections remaining
(vm13:m0) Waiting for a thread to finish
(vm13:m0:18) thread started, have to send 803149472 bytes
(vm13:m0:28) all data sent, thread exiting
(vm13:r0:0) Connection finished, received 803149473 bytes
(vm13:r0) thread 0 joined, 25 connections remaining
(vm13:r0) Starting new connection thread
(vm13:r0) Maximum number of connections reached (5), waiting for a thread to finish
(vm13:r0:0) Connection established
(vm13:m0:4) all data sent, thread exiting
(vm13:m0:2) all data sent, thread exiting
(vm13:m0:1) all data sent, thread exiting
(vm13:m0) thread 1 joined, 35 connections remaining
(vm13:m0) Waiting for a thread to finish
(vm13:m0) thread 2 joined, 34 connections remaining
(vm13:m0) Waiting for a thread to finish
(vm13:m0:3) all data sent, thread exiting
(vm13:m0) thread 3 joined, 33 connections remaining
(vm13:m0) Waiting for a thread to finish
(vm13:m0) thread 4 joined, 32 connections remaining
(vm13:m0) Waiting for a thread to finish
(vm13:m0) thread 5 joined, 31 connections remaining
(vm13:m0) Waiting for a thread to finish
(vm13:m0) thread 6 joined, 30 connections remaining
(vm13:m0) Waiting for a thread to finish
(vm13:m0) thread 7 joined, 29 connections remaining
(vm13:m0) Waiting for a thread to finish
(vm13:m0) thread 8 joined, 28 connections remaining
(vm13:m0) Waiting for a thread to finish
(vm13:m0) thread 9 joined, 27 connections remaining
(vm13:m0) Waiting for a thread to finish
(vm13:m0) thread 10 joined, 26 connections remaining
(vm13:m0) Waiting for a thread to finish
(vm13:m0) thread 11 joined, 25 connections remaining
(vm13:m0) Waiting for a thread to finish
(vm13:m0) thread 12 joined, 24 connections remaining
(vm13:m0) Waiting for a thread to finish
(vm13:m0) thread 13 joined, 23 connections remaining
(vm13:m0) Waiting for a thread to finish
(vm13:m0) thread 14 joined, 22 connections remaining
(vm13:m0) Waiting for a thread to finish
(vm13:m0) thread 15 joined, 21 connections remaining
(vm13:m0) Waiting for a thread to finish
(vm13:m0) thread 16 joined, 20 connections remaining
(vm13:m0) Waiting for a thread to finish
(vm13:m0) thread 17 joined, 19 connections remaining
(vm13:m0) Waiting for a thread to finish
(vm13:m0:30) all data sent, thread exiting
(vm13:r0:0) Connection finished, received 803149473 bytes
(vm13:r0) thread 0 joined, 24 connections remaining
(vm13:r0) Starting new connection thread
(vm13:r0) Maximum number of connections reached (5), waiting for a thread to finish
(vm13:r0:0) Connection established
(vm13:m0:29) all data sent, thread exiting
(vm13:m0:18) all data sent, thread exiting
(vm13:m0) thread 18 joined, 18 connections remaining
(vm13:m0) Waiting for a thread to finish
(vm13:m0) thread 19 joined, 17 connections remaining
(vm13:m0) Waiting for a thread to finish
(vm13:m0) thread 20 joined, 16 connections remaining
(vm13:m0) Waiting for a thread to finish
(vm13:m0) thread 21 joined, 15 connections remaining
(vm13:m0) Waiting for a thread to finish
(vm13:m0) thread 22 joined, 14 connections remaining
(vm13:m0) Waiting for a thread to finish
(vm13:m0) thread 23 joined, 13 connections remaining
(vm13:m0) Waiting for a thread to finish
(vm13:m0) thread 24 joined, 12 connections remaining
(vm13:m0) Waiting for a thread to finish
(vm13:m0) thread 25 joined, 11 connections remaining
(vm13:m0) Waiting for a thread to finish
(vm13:m0) thread 26 joined, 10 connections remaining
(vm13:m0) Waiting for a thread to finish
(vm13:m0) thread 27 joined, 9 connections remaining
(vm13:m0) Waiting for a thread to finish
(vm13:m0) thread 28 joined, 8 connections remaining
(vm13:m0) Waiting for a thread to finish
(vm13:m0) thread 29 joined, 7 connections remaining
(vm13:m0) Waiting for a thread to finish
(vm13:m0) thread 30 joined, 6 connections remaining
(vm13:m0) Waiting for a thread to finish
(vm13:m0) thread 31 joined, 5 connections remaining
(vm13:m0) Waiting for a thread to finish
(vm13:m0) thread 32 joined, 4 connections remaining
(vm13:m0) Waiting for a thread to finish
(vm13:m0) thread 33 joined, 3 connections remaining
(vm13:m0) Waiting for a thread to finish
(vm13:m0) thread 34 joined, 2 connections remaining
(vm13:m0) Waiting for a thread to finish
(vm13:m0) thread 35 joined, 1 connections remaining
(vm13:m0) Waiting for a thread to finish
(vm13:m0) thread 36 joined, 0 connections remaining
(vm13:m0) all done, exiting
*RES* start node vm13:m0
*RES* vm13:m0:0,1405714167756,4983,1273,803149473
*RES* vm13:m0:1,1405714310800,13129,1256,803149473
*RES* vm13:m0:2,1405714310453,13394,1218,803149473
*RES* vm13:m0:3,1405714312917,12587,1111,803149473
*RES* vm13:m0:4,1405714308404,14292,1557,803149473
*RES* vm13:m0:5,1405714202948,3682,1088,803149473
*RES* vm13:m0:6,1405714231808,4160,1451,803149473
*RES* vm13:m0:7,1405714272256,10243,1561,803149473
*RES* vm13:m0:8,1405714172592,8810,868,803149473
*RES* vm13:m0:9,1405714213336,5448,1284,803149473
*RES* vm13:m0:10,1405714188528,5868,936,803149473
*RES* vm13:m0:11,1405714181996,5784,955,803149473
*RES* vm13:m0:12,1405714284488,1701,215,803149473
*RES* vm13:m0:13,1405714262992,6994,1116,803149473
*RES* vm13:m0:14,1405714290481,6904,1072,803149473
*RES* vm13:m0:15,1405714177976,6171,936,803149473
*RES* vm13:m0:16,1405714195183,4776,1194,803149473
*RES* vm13:m0:17,1405714211109,6721,1259,803149473
*RES* vm13:m0:18,1405714316288,14479,1302,803149473
*RES* vm13:m0:19,1405714274583,9579,1023,803149473
*RES* vm13:m0:20,1405714297929,6269,1561,803149473
*RES* vm13:m0:21,1405714248951,6950,1071,803149473
*RES* vm13:m0:22,1405714255192,6432,1193,803149473
*RES* vm13:m0:23,1405714306703,9243,1497,803149473
*RES* vm13:m0:24,1405714208732,5515,1566,803149473
*RES* vm13:m0:25,1405714219052,4807,1456,803149473
*RES* vm13:m0:26,1405714288703,9538,1550,803149473
*RES* vm13:m0:27,1405714271648,8682,1304,803149473
*RES* vm13:m0:28,1405714305524,10918,1121,803149473
*RES* vm13:m0:29,1405714315128,15019,1279,803149473
*RES* vm13:m0:30,1405714313064,12867,1088,803149473
*RES* vm13:m0:31,1405714223064,5378,1619,803149473
*RES* vm13:m0:32,1405714285410,5614,1790,803149473
*RES* vm13:m0:33,1405714272444,10602,1448,803149473
*RES* vm13:m0:34,1405714265652,7132,1330,803149473
*RES* vm13:m0:35,1405714262768,6836,1487,803149473
*RES* vm13:m0:36,1405714249848,7434,1681,803149473
*RES* end node vm13:m0
Node vm13:m0 joined
(vm13:r0:0) Connection finished, received 803149473 bytes
(vm13:r0) thread 0 joined, 23 connections remaining
(vm13:r0) Starting new connection thread
(vm13:r0) Maximum number of connections reached (5), waiting for a thread to finish
(vm13:r0:0) Connection established
(vm13:r0:0) Connection finished, received 803149473 bytes
(vm13:r0) thread 0 joined, 22 connections remaining
(vm13:r0) Starting new connection thread
(vm13:r0) Maximum number of connections reached (5), waiting for a thread to finish
(vm13:r0:0) Connection established
(vm13:r0:0) Connection finished, received 803149473 bytes
(vm13:r0) thread 0 joined, 21 connections remaining
(vm13:r0) Starting new connection thread
(vm13:r0) Maximum number of connections reached (5), waiting for a thread to finish
(vm13:r0:0) Connection established
(vm13:r0:0) Connection finished, received 803149473 bytes
(vm13:r0) thread 0 joined, 20 connections remaining
(vm13:r0) Starting new connection thread
(vm13:r0) Maximum number of connections reached (5), waiting for a thread to finish
(vm13:r0:0) Connection established
(vm13:r0:0) Connection finished, received 803149473 bytes
(vm13:r0) thread 0 joined, 19 connections remaining
(vm13:r0) Starting new connection thread
(vm13:r0) Maximum number of connections reached (5), waiting for a thread to finish
(vm13:r0:0) Connection established
(vm13:r0:0) Connection finished, received 803149473 bytes
(vm13:r0) thread 0 joined, 18 connections remaining
(vm13:r0) Starting new connection thread
(vm13:r0) Maximum number of connections reached (5), waiting for a thread to finish
(vm13:r0:0) Connection established
(vm13:r0:0) Connection finished, received 803149473 bytes
(vm13:r0) thread 0 joined, 17 connections remaining
(vm13:r0) Starting new connection thread
(vm13:r0) Maximum number of connections reached (5), waiting for a thread to finish
(vm13:r0:0) Connection established
(vm13:r0:0) Connection finished, received 803149473 bytes
(vm13:r0) thread 0 joined, 16 connections remaining
(vm13:r0) Starting new connection thread
(vm13:r0) Maximum number of connections reached (5), waiting for a thread to finish
(vm13:r0:0) Connection established
(vm13:r0:0) Connection finished, received 803149473 bytes
(vm13:r0) thread 0 joined, 15 connections remaining
(vm13:r0) Starting new connection thread
(vm13:r0) Maximum number of connections reached (5), waiting for a thread to finish
(vm13:r0:0) Connection established
(vm13:r0:0) Connection finished, received 803149473 bytes
(vm13:r0) thread 0 joined, 14 connections remaining
(vm13:r0) Starting new connection thread
(vm13:r0) Maximum number of connections reached (5), waiting for a thread to finish
(vm13:r0:0) Connection established
(vm13:r0:0) Connection finished, received 803149473 bytes
(vm13:r0) thread 0 joined, 13 connections remaining
(vm13:r0) Starting new connection thread
(vm13:r0) Maximum number of connections reached (5), waiting for a thread to finish
(vm13:r0:0) Connection established
(vm13:r0:0) Connection finished, received 803149473 bytes
(vm13:r0) thread 0 joined, 12 connections remaining
(vm13:r0) Starting new connection thread
(vm13:r0) Maximum number of connections reached (5), waiting for a thread to finish
(vm13:r0:0) Connection established
(vm13:r0:0) Connection finished, received 803149473 bytes
(vm13:r0) thread 0 joined, 11 connections remaining
(vm13:r0) Starting new connection thread
(vm13:r0) Maximum number of connections reached (5), waiting for a thread to finish
(vm13:r0:0) Connection established
(vm13:r0:0) Connection finished, received 803149473 bytes
(vm13:r0) thread 0 joined, 10 connections remaining
(vm13:r0) Starting new connection thread
(vm13:r0) Maximum number of connections reached (5), waiting for a thread to finish
(vm13:r0:0) Connection established
(vm13:r0:0) Connection finished, received 803149473 bytes
(vm13:r0) thread 0 joined, 9 connections remaining
(vm13:r0) Starting new connection thread
(vm13:r0) Maximum number of connections reached (5), waiting for a thread to finish
(vm13:r0:0) Connection established
(vm13:r0:0) Connection finished, received 803149473 bytes
(vm13:r0) thread 0 joined, 8 connections remaining
(vm13:r0) Starting new connection thread
(vm13:r0) Maximum number of connections reached (5), waiting for a thread to finish
(vm13:r0:0) Connection established
(vm13:r0:0) Connection finished, received 803149473 bytes
(vm13:r0) thread 0 joined, 7 connections remaining
(vm13:r0) Starting new connection thread
(vm13:r0) Maximum number of connections reached (5), waiting for a thread to finish
(vm13:r0:0) Connection established
(vm13:r0:0) Connection finished, received 803149473 bytes
(vm13:r0) thread 0 joined, 6 connections remaining
(vm13:r0) Starting new connection thread
(vm13:r0) Maximum number of connections reached (5), waiting for a thread to finish
(vm13:r0:0) Connection established
(vm13:r0:0) Connection finished, received 803149473 bytes
(vm13:r0) thread 0 joined, 5 connections remaining
(vm13:r0) Starting new connection thread
(vm13:r0) Maximum number of connections reached (5), waiting for a thread to finish
(vm13:r0:0) Connection established
(vm13:r0:0) Connection finished, received 803149473 bytes
(vm13:r0) thread 0 joined, 4 connections remaining
(vm13:r0) Maximum number of connections reached (4), waiting for a thread to finish
(vm13:r0) thread 1 joined, 3 connections remaining
(vm13:r0) Maximum number of connections reached (3), waiting for a thread to finish
(vm13:r0) thread 2 joined, 2 connections remaining
(vm13:r0) Maximum number of connections reached (2), waiting for a thread to finish
(vm13:r0) thread 3 joined, 1 connections remaining
(vm13:r0) Maximum number of connections reached (1), waiting for a thread to finish
(vm13:r0) thread 4 joined, 0 connections remaining
(vm13:r0) all done, exiting
*RES* start node vm13:r0
*RES* vm13:r0:0,1405714080880,31994,833,803149473
*RES* vm13:r0:0,1405714112911,53440,954,803149473
*RES* vm13:r0:0,1405714166360,38679,812,803149473
*RES* vm13:r0:0,1405714205044,27023,746,803149473
*RES* vm13:r0:0,1405714232072,22845,793,803149473
*RES* vm13:r0:0,1405714254924,10107,1141,803149473
*RES* vm13:r0:0,1405714265048,9073,1138,803149473
*RES* vm13:r0:0,1405714274132,10332,1083,803149473
*RES* vm13:r0:0,1405714284487,1704,649,803149473
*RES* vm13:r0:0,1405714286196,11232,1225,803149473
*RES* vm13:r0:0,1405714297440,9564,1261,803149473
*RES* vm13:r0:0,1405714307020,10862,1164,803149473
*RES* vm13:r0:0,1405714317936,11999,909,803149473
*RES* vm13:r0:0,1405714329948,9107,1122,803149473
*RES* vm13:r0:0,1405714339060,7552,1497,803149473
*RES* vm13:r0:0,1405714346620,6427,1420,803149473
*RES* vm13:r0:0,1405714353052,6090,1256,803149473
*RES* vm13:r0:0,1405714359148,8004,1428,803149473
*RES* vm13:r0:0,1405714367156,9045,1509,803149473
*RES* vm13:r0:0,1405714376208,6362,1260,803149473
*RES* vm13:r0:0,1405714382576,4153,1236,803149473
*RES* vm13:r0:0,1405714386736,4432,912,803149473
*RES* vm13:r0:0,1405714391176,4007,934,803149473
*RES* vm13:r0:0,1405714395188,3707,815,803149473
*RES* vm13:r0:0,1405714398900,3990,826,803149473
*RES* vm13:r0:0,1405714402896,3266,746,803149473
*RES* vm13:r0:0,1405714406168,2883,720,803149473
*RES* vm13:r0:0,1405714409056,1856,740,803149473
*RES* vm13:r0:0,1405714410916,2654,810,803149473
*RES* vm13:r0:0,1405714413576,2123,720,803149473
*RES* vm13:r0:0,1405714415704,1439,633,803149473
*RES* vm13:r0:0,1405714417148,1284,560,803149473
*RES* vm13:r0:0,1405714418436,1625,773,803149473
*RES* vm13:r0:1,1405714080880,29921,799,803149473
*RES* vm13:r0:2,1405714080880,30924,827,803149473
*RES* vm13:r0:3,1405714080880,25291,776,803149473
*RES* vm13:r0:4,1405714080879,29337,788,803149473
*RES* end node vm13:r0
Node vm13:r0 joined
Worker terminating correctly
