OSMeF worker starting
Enabling core dumping
Listening for command connection
(vm9:m0) New mapper on port 23330
(vm9:m0) -> reducer data size 20297577
(vm9:m0) -> reducer data size 20297577
(vm9:m0) -> reducer data size 20297577
(vm9:m0) -> reducer data size 20297577
(vm9:m0) -> reducer data size 20297577
(vm9:m0) -> reducer data size 20297577
(vm9:m0) -> reducer data size 20297577
(vm9:m0) -> reducer data size 20297577
(vm9:m0) -> reducer data size 20297577
(vm9:m0) -> reducer data size 20297577
(vm9:m0) -> reducer data size 20297577
(vm9:m0) -> reducer data size 20297577
(vm9:m0) -> reducer data size 20297577
(vm9:m0) -> reducer data size 20297577
(vm9:m0) -> reducer data size 20297577
(vm9:m0) -> reducer data size 20297577
(vm9:m0) -> reducer data size 20297577
(vm9:m0) -> reducer data size 20297577
(vm9:m0) -> reducer data size 20297577
(vm9:m0) -> reducer data size 20297577
(vm9:m0) -> reducer data size 20297577
(vm9:m0) -> reducer data size 20297577
(vm9:m0) -> reducer data size 20297577
(vm9:m0) Mapper thread started
(vm9:m0) Allocating data for reducer vm1:r0
(vm9:m0) Allocating data for reducer vm2:r0
(vm9:m0) Allocating data for reducer vm3:r0
(vm9:m0) Allocating data for reducer vm4:r0
(vm9:m0) Allocating data for reducer vm5:r0
(vm9:m0) Allocating data for reducer vm6:r0
(vm9:m0) Allocating data for reducer vm7:r0
(vm9:m0) Allocating data for reducer vm8:r0
(vm9:m0) Allocating data for reducer vm9:r0
(vm9:m0) Allocating data for reducer vm10:r0
(vm9:m0) Allocating data for reducer vm11:r0
(vm9:m0) Allocating data for reducer vm12:r0
(vm9:m0) Allocating data for reducer vm13:r0
(vm9:m0) Allocating data for reducer vm14:r0
(vm9:m0) Allocating data for reducer vm15:r0
(vm9:m0) Allocating data for reducer vm16:r0
(vm9:m0) Allocating data for reducer vm17:r0
(vm9:m0) Allocating data for reducer vm18:r0
(vm9:m0) Allocating data for reducer vm19:r0
(vm9:m0) Allocating data for reducer vm20:r0
(vm9:m0) Allocating data for reducer vm21:r0
(vm9:m0) Allocating data for reducer vm22:r0
(vm9:m0) Allocating data for reducer vm23:r0
(vm9:m0) Binding to port 23330
(vm9:r0) New reducer
(vm9:r0) Reducer thread started
(vm9:r0) waiting for START message
(vm9:r0) got START message
(vm9:r0) Starting new connection thread
(vm9:r0) Starting new connection thread
(vm9:r0) Starting new connection thread
(vm9:r0) Starting new connection thread
(vm9:r0) Starting new connection thread
(vm9:r0) Maximum number of connections reached (5), waiting for a thread to finish
(vm9:r0:4) Connection established
(vm9:r0:2) Connection established
(vm9:r0:1) Connection established
(vm9:r0:0) Connection established
(vm9:r0:3) Connection established
(vm9:r0:0) Connection finished, received 20297578 bytes
(vm9:r0) thread 0 joined, 22 connections remaining
(vm9:r0) Starting new connection thread
(vm9:r0) Maximum number of connections reached (5), waiting for a thread to finish
(vm9:r0:0) Connection established
(vm9:r0:3) Connection finished, received 20297578 bytes
(vm9:r0:1) Connection finished, received 20297578 bytes
(vm9:r0:2) Connection finished, received 20297578 bytes
(vm9:r0:4) Connection finished, received 20297578 bytes
(vm9:m0) Got connection from reducer vm1:r0
(vm9:m0:0) thread started, have to send 20297577 bytes
(vm9:m0:0) all data sent, thread exiting
(vm9:r0:0) Connection finished, received 20297578 bytes
(vm9:r0) thread 0 joined, 21 connections remaining
(vm9:r0) Starting new connection thread
(vm9:r0) Maximum number of connections reached (5), waiting for a thread to finish
(vm9:r0:0) Connection established
(vm9:m0) Got connection from reducer vm7:r0
(vm9:m0:6) thread started, have to send 20297577 bytes
(vm9:r0:0) Connection finished, received 20297578 bytes
(vm9:r0) thread 0 joined, 20 connections remaining
(vm9:r0) Starting new connection thread
(vm9:r0) Maximum number of connections reached (5), waiting for a thread to finish
(vm9:r0:0) Connection established
(vm9:r0:0) Connection finished, received 20297578 bytes
(vm9:r0) thread 0 joined, 19 connections remaining
(vm9:r0) Starting new connection thread
(vm9:r0) Maximum number of connections reached (5), waiting for a thread to finish
(vm9:r0:0) Connection established
(vm9:m0) Got connection from reducer vm9:r0
(vm9:m0:8) thread started, have to send 20297577 bytes
(vm9:r0:0) Connection finished, received 20297578 bytes
(vm9:m0:8) all data sent, thread exiting
(vm9:r0) thread 0 joined, 18 connections remaining
(vm9:r0) Starting new connection thread
(vm9:r0) Maximum number of connections reached (5), waiting for a thread to finish
(vm9:r0:0) Connection established
(vm9:m0) Got connection from reducer vm6:r0
(vm9:m0:5) thread started, have to send 20297577 bytes
(vm9:r0:0) Connection finished, received 20297578 bytes
(vm9:r0) thread 0 joined, 17 connections remaining
(vm9:r0) Starting new connection thread
(vm9:r0) Maximum number of connections reached (5), waiting for a thread to finish
(vm9:r0:0) Connection established
(vm9:m0:5) all data sent, thread exiting
(vm9:m0:6) all data sent, thread exiting
(vm9:m0) Got connection from reducer vm15:r0
(vm9:m0:14) thread started, have to send 20297577 bytes
(vm9:m0) Got connection from reducer vm11:r0
(vm9:m0:10) thread started, have to send 20297577 bytes
(vm9:r0:0) Connection finished, received 20297578 bytes
(vm9:r0) thread 0 joined, 16 connections remaining
(vm9:r0) Starting new connection thread
(vm9:r0) Maximum number of connections reached (5), waiting for a thread to finish
(vm9:r0:0) Connection established
(vm9:m0) Got connection from reducer vm10:r0
(vm9:m0:10) all data sent, thread exiting
(vm9:m0:14) all data sent, thread exiting
(vm9:m0:9) thread started, have to send 20297577 bytes
(vm9:r0:0) Connection finished, received 20297578 bytes
(vm9:r0) thread 0 joined, 15 connections remaining
(vm9:r0) Starting new connection thread
(vm9:r0) Maximum number of connections reached (5), waiting for a thread to finish
(vm9:r0:0) Connection established
(vm9:m0:9) all data sent, thread exiting
(vm9:r0:0) Connection finished, received 20297578 bytes
(vm9:r0) thread 0 joined, 14 connections remaining
(vm9:r0) Starting new connection thread
(vm9:r0) Maximum number of connections reached (5), waiting for a thread to finish
(vm9:r0:0) Connection established
(vm9:m0) Got connection from reducer vm22:r0
(vm9:m0:21) thread started, have to send 20297577 bytes
(vm9:r0:0) Connection finished, received 20297578 bytes
(vm9:r0) thread 0 joined, 13 connections remaining
(vm9:r0) Starting new connection thread
(vm9:r0) Maximum number of connections reached (5), waiting for a thread to finish
(vm9:r0:0) Connection established
(vm9:m0:21) all data sent, thread exiting
(vm9:m0) Got connection from reducer vm8:r0
(vm9:m0:7) thread started, have to send 20297577 bytes
(vm9:r0:0) Connection finished, received 20297578 bytes
(vm9:r0) thread 0 joined, 12 connections remaining
(vm9:r0) Starting new connection thread
(vm9:r0) Maximum number of connections reached (5), waiting for a thread to finish
(vm9:r0:0) Connection established
(vm9:r0:0) Connection finished, received 20297578 bytes
(vm9:r0) thread 0 joined, 11 connections remaining
(vm9:r0) Starting new connection thread
(vm9:r0) Maximum number of connections reached (5), waiting for a thread to finish
(vm9:m0) Got connection from reducer vm13:r0
(vm9:m0:12) thread started, have to send 20297577 bytes
(vm9:m0) Got connection from reducer vm12:r0
(vm9:r0:0) Connection established
(vm9:m0:11) thread started, have to send 20297577 bytes
(vm9:m0:12) all data sent, thread exiting
(vm9:m0:11) all data sent, thread exiting
(vm9:r0:0) Connection finished, received 20297578 bytes
(vm9:r0) thread 0 joined, 10 connections remaining
(vm9:r0) Starting new connection thread
(vm9:r0) Maximum number of connections reached (5), waiting for a thread to finish
(vm9:r0:0) Connection established
(vm9:m0) Got connection from reducer vm19:r0
(vm9:m0:18) thread started, have to send 20297577 bytes
(vm9:m0) Got connection from reducer vm21:r0
(vm9:m0:20) thread started, have to send 20297577 bytes
(vm9:m0) Got connection from reducer vm20:r0
(vm9:m0:19) thread started, have to send 20297577 bytes
(vm9:m0) Got connection from reducer vm3:r0
(vm9:m0) Got connection from reducer vm5:r0
(vm9:m0) Got connection from reducer vm18:r0
(vm9:m0:4) thread started, have to send 20297577 bytes
(vm9:m0:2) thread started, have to send 20297577 bytes
(vm9:m0) Got connection from reducer vm16:r0
(vm9:m0) Got connection from reducer vm4:r0
(vm9:m0) Got connection from reducer vm14:r0
(vm9:m0) Got connection from reducer vm2:r0
(vm9:m0:17) thread started, have to send 20297577 bytes
(vm9:m0) Got connection from reducer vm23:r0
(vm9:m0) Got connection from reducer vm17:r0
(vm9:m0) Waiting for a thread to finish
(vm9:m0) thread 0 joined, 22 connections remaining
(vm9:m0) Waiting for a thread to finish
(vm9:m0:13) thread started, have to send 20297577 bytes
(vm9:m0:3) thread started, have to send 20297577 bytes
(vm9:m0:15) thread started, have to send 20297577 bytes
(vm9:m0:1) thread started, have to send 20297577 bytes
(vm9:m0:22) thread started, have to send 20297577 bytes
(vm9:m0:16) thread started, have to send 20297577 bytes
(vm9:m0:7) all data sent, thread exiting
(vm9:r0:0) Connection finished, received 20297578 bytes
(vm9:r0) thread 0 joined, 9 connections remaining
(vm9:r0) Starting new connection thread
(vm9:r0) Maximum number of connections reached (5), waiting for a thread to finish
(vm9:r0:0) Connection established
(vm9:m0:20) all data sent, thread exiting
(vm9:m0:18) all data sent, thread exiting
(vm9:m0:19) all data sent, thread exiting
(vm9:m0:4) all data sent, thread exiting
(vm9:m0:2) all data sent, thread exiting
(vm9:m0:15) all data sent, thread exiting
(vm9:m0:22) all data sent, thread exiting
(vm9:m0:1) all data sent, thread exiting
(vm9:m0:13) all data sent, thread exiting
(vm9:m0) thread 1 joined, 21 connections remaining
(vm9:m0) Waiting for a thread to finish
(vm9:m0) thread 2 joined, 20 connections remaining
(vm9:m0) Waiting for a thread to finish
(vm9:m0:17) all data sent, thread exiting
(vm9:m0:16) all data sent, thread exiting
(vm9:m0:3) all data sent, thread exiting
(vm9:m0) thread 3 joined, 19 connections remaining
(vm9:m0) Waiting for a thread to finish
(vm9:m0) thread 4 joined, 18 connections remaining
(vm9:m0) Waiting for a thread to finish
(vm9:m0) thread 5 joined, 17 connections remaining
(vm9:m0) Waiting for a thread to finish
(vm9:m0) thread 6 joined, 16 connections remaining
(vm9:m0) Waiting for a thread to finish
(vm9:m0) thread 7 joined, 15 connections remaining
(vm9:m0) Waiting for a thread to finish
(vm9:m0) thread 8 joined, 14 connections remaining
(vm9:m0) Waiting for a thread to finish
(vm9:m0) thread 9 joined, 13 connections remaining
(vm9:m0) Waiting for a thread to finish
(vm9:m0) thread 10 joined, 12 connections remaining
(vm9:m0) Waiting for a thread to finish
(vm9:m0) thread 11 joined, 11 connections remaining
(vm9:m0) Waiting for a thread to finish
(vm9:m0) thread 12 joined, 10 connections remaining
(vm9:m0) Waiting for a thread to finish
(vm9:m0) thread 13 joined, 9 connections remaining
(vm9:m0) Waiting for a thread to finish
(vm9:m0) thread 14 joined, 8 connections remaining
(vm9:m0) Waiting for a thread to finish
(vm9:m0) thread 15 joined, 7 connections remaining
(vm9:m0) Waiting for a thread to finish
(vm9:m0) thread 16 joined, 6 connections remaining
(vm9:m0) Waiting for a thread to finish
(vm9:m0) thread 17 joined, 5 connections remaining
(vm9:m0) Waiting for a thread to finish
(vm9:m0) thread 18 joined, 4 connections remaining
(vm9:m0) Waiting for a thread to finish
(vm9:m0) thread 19 joined, 3 connections remaining
(vm9:m0) Waiting for a thread to finish
(vm9:m0) thread 20 joined, 2 connections remaining
(vm9:m0) Waiting for a thread to finish
(vm9:m0) thread 21 joined, 1 connections remaining
(vm9:m0) Waiting for a thread to finish
(vm9:m0) thread 22 joined, 0 connections remaining
(vm9:m0) all done, exiting
*RES* start node vm9:m0
*RES* vm9:m0:0,1404118541745,37,10,20297578
*RES* vm9:m0:1,1404118542681,298,19,20297578
*RES* vm9:m0:2,1404118542657,289,19,20297578
*RES* vm9:m0:3,1404118542681,303,20,20297578
*RES* vm9:m0:4,1404118542653,266,18,20297578
*RES* vm9:m0:5,1404118542011,57,19,20297578
*RES* vm9:m0:6,1404118541860,212,15,20297578
*RES* vm9:m0:7,1404118542420,312,18,20297578
*RES* vm9:m0:8,1404118541959,21,6,20297578
*RES* vm9:m0:9,1404118542186,94,16,20297578
*RES* vm9:m0:10,1404118542109,74,19,20297578
*RES* vm9:m0:11,1404118542501,88,17,20297578
*RES* vm9:m0:12,1404118542499,85,17,20297578
*RES* vm9:m0:13,1404118542681,302,20,20297578
*RES* vm9:m0:14,1404118542094,91,19,20297578
*RES* vm9:m0:15,1404118542681,275,19,20297578
*RES* vm9:m0:16,1404118542698,286,20,20297578
*RES* vm9:m0:17,1404118542668,311,20,20297578
*RES* vm9:m0:18,1404118542629,229,19,20297578
*RES* vm9:m0:19,1404118542639,259,19,20297578
*RES* vm9:m0:20,1404118542633,217,18,20297578
*RES* vm9:m0:21,1404118542319,52,18,20297578
*RES* vm9:m0:22,1404118542698,278,18,20297578
*RES* end node vm9:m0
Node vm9:m0 joined
(vm9:r0:0) Connection finished, received 20297578 bytes
(vm9:r0) thread 0 joined, 8 connections remaining
(vm9:r0) Starting new connection thread
(vm9:r0) Maximum number of connections reached (5), waiting for a thread to finish
(vm9:r0:0) Connection established
(vm9:r0:0) Connection finished, received 20297578 bytes
(vm9:r0) thread 0 joined, 7 connections remaining
(vm9:r0) Starting new connection thread
(vm9:r0) Maximum number of connections reached (5), waiting for a thread to finish
(vm9:r0:0) Connection established
(vm9:r0:0) Connection finished, received 20297578 bytes
(vm9:r0) thread 0 joined, 6 connections remaining
(vm9:r0) Starting new connection thread
(vm9:r0) Maximum number of connections reached (5), waiting for a thread to finish
(vm9:r0:0) Connection established
(vm9:r0:0) Connection finished, received 20297578 bytes
(vm9:r0) thread 0 joined, 5 connections remaining
(vm9:r0) Starting new connection thread
(vm9:r0) Maximum number of connections reached (5), waiting for a thread to finish
(vm9:r0:0) Connection established
(vm9:r0:0) Connection finished, received 20297578 bytes
(vm9:r0) thread 0 joined, 4 connections remaining
(vm9:r0) Maximum number of connections reached (4), waiting for a thread to finish
(vm9:r0) thread 1 joined, 3 connections remaining
(vm9:r0) Maximum number of connections reached (3), waiting for a thread to finish
(vm9:r0) thread 2 joined, 2 connections remaining
(vm9:r0) Maximum number of connections reached (2), waiting for a thread to finish
(vm9:r0) thread 3 joined, 1 connections remaining
(vm9:r0) Maximum number of connections reached (1), waiting for a thread to finish
(vm9:r0) thread 4 joined, 0 connections remaining
(vm9:r0) all done, exiting
*RES* start node vm9:r0
*RES* vm9:r0:0,1404118540965,463,23,20297578
*RES* vm9:r0:0,1404118541433,391,16,20297578
*RES* vm9:r0:0,1404118541829,58,13,20297578
*RES* vm9:r0:0,1404118541892,61,17,20297578
*RES* vm9:r0:0,1404118541957,24,7,20297578
*RES* vm9:r0:0,1404118541985,69,20,20297578
*RES* vm9:r0:0,1404118542061,64,20,20297578
*RES* vm9:r0:0,1404118542132,85,22,20297578
*RES* vm9:r0:0,1404118542222,65,17,20297578
*RES* vm9:r0:0,1404118542293,59,18,20297578
*RES* vm9:r0:0,1404118542361,71,21,20297578
*RES* vm9:r0:0,1404118542436,60,19,20297578
*RES* vm9:r0:0,1404118542499,101,20,20297578
*RES* vm9:r0:0,1404118542604,160,20,20297578
*RES* vm9:r0:0,1404118542777,226,21,20297578
*RES* vm9:r0:0,1404118543009,70,18,20297578
*RES* vm9:r0:0,1404118543085,63,15,20297578
*RES* vm9:r0:0,1404118543153,52,17,20297578
*RES* vm9:r0:0,1404118543209,47,16,20297578
*RES* vm9:r0:1,1404118540965,529,26,20297578
*RES* vm9:r0:2,1404118540965,548,27,20297578
*RES* vm9:r0:3,1404118540965,469,25,20297578
*RES* vm9:r0:4,1404118540965,576,26,20297578
*RES* end node vm9:r0
Node vm9:r0 joined
Worker terminating correctly
