OSMeF worker starting
Enabling core dumping
Listening for command connection
(vm12:m0) New mapper on port 23330
(vm12:m0) -> reducer data size 3804538504
(vm12:m0) -> reducer data size 3804538504
(vm12:m0) -> reducer data size 3804538504
(vm12:m0) -> reducer data size 3804538504
(vm12:m0) -> reducer data size 3804538504
(vm12:m0) -> reducer data size 3804538504
(vm12:m0) -> reducer data size 3804538504
(vm12:m0) -> reducer data size 3804538504
(vm12:m0) -> reducer data size 3804538504
(vm12:m0) -> reducer data size 3804538504
(vm12:m0) -> reducer data size 3804538504
(vm12:m0) -> reducer data size 3804538504
(vm12:m0) -> reducer data size 3804538504
(vm12:m0) -> reducer data size 3804538504
(vm12:m0) -> reducer data size 3804538504
(vm12:m0) -> reducer data size 3804538504
(vm12:m0) -> reducer data size 3804538504
(vm12:m0) Mapper thread started
(vm12:m0) Allocating data for reducer vm1:r0
(vm12:m0) Allocating data for reducer vm2:r0
(vm12:m0) Allocating data for reducer vm3:r0
(vm12:m0) Allocating data for reducer vm4:r0
(vm12:m0) Allocating data for reducer vm5:r0
(vm12:m0) Allocating data for reducer vm6:r0
(vm12:m0) Allocating data for reducer vm7:r0
(vm12:m0) Allocating data for reducer vm8:r0
(vm12:m0) Allocating data for reducer vm9:r0
(vm12:m0) Allocating data for reducer vm10:r0
(vm12:m0) Allocating data for reducer vm11:r0
(vm12:m0) Allocating data for reducer vm12:r0
(vm12:m0) Allocating data for reducer vm13:r0
(vm12:m0) Allocating data for reducer vm14:r0
(vm12:m0) Allocating data for reducer vm15:r0
(vm12:m0) Allocating data for reducer vm16:r0
(vm12:m0) Allocating data for reducer vm17:r0
(vm12:m0) Binding to port 23330
(vm12:r0) New reducer
(vm12:r0) Reducer thread started
(vm12:r0) waiting for START message
(vm12:r0) got START message
(vm12:r0) Starting new connection thread
(vm12:r0) Starting new connection thread
(vm12:r0) Starting new connection thread
(vm12:r0) Starting new connection thread
(vm12:r0) Starting new connection thread
(vm12:r0) Maximum number of connections reached (5), waiting for a thread to finish
(vm12:r0:3) Connection established
(vm12:r0:1) Connection established
(vm12:r0:2) Connection established
(vm12:r0:0) Connection established
(vm12:r0:4) Connection established
(vm12:r0:1) Connection finished, received 3804538505 bytes
(vm12:r0:2) Connection finished, received 3804538505 bytes
(vm12:r0:0) Connection finished, received 3804538505 bytes
(vm12:r0) thread 0 joined, 16 connections remaining
(vm12:r0) Starting new connection thread
(vm12:r0) Maximum number of connections reached (5), waiting for a thread to finish
(vm12:r0:0) Connection established
(vm12:r0:3) Connection finished, received 3804538505 bytes
(vm12:r0:4) Connection finished, received 3804538505 bytes
(vm12:r0:0) Connection finished, received 3804538505 bytes
(vm12:r0) thread 0 joined, 15 connections remaining
(vm12:r0) Starting new connection thread
(vm12:r0) Maximum number of connections reached (5), waiting for a thread to finish
(vm12:r0:0) Connection established
(vm12:m0) Got connection from reducer vm1:r0
(vm12:m0:0) thread started, have to send 3804538504 bytes
(vm12:m0:0) all data sent, thread exiting
(vm12:r0:0) Connection finished, received 3804538505 bytes
(vm12:r0) thread 0 joined, 14 connections remaining
(vm12:r0) Starting new connection thread
(vm12:r0) Maximum number of connections reached (5), waiting for a thread to finish
(vm12:r0:0) Connection established
(vm12:m0) Got connection from reducer vm6:r0
(vm12:m0:5) thread started, have to send 3804538504 bytes
(vm12:m0:5) all data sent, thread exiting
(vm12:m0) Got connection from reducer vm15:r0
(vm12:m0:14) thread started, have to send 3804538504 bytes
(vm12:r0:0) Connection finished, received 3804538505 bytes
(vm12:r0) thread 0 joined, 13 connections remaining
(vm12:r0) Starting new connection thread
(vm12:r0) Maximum number of connections reached (5), waiting for a thread to finish
(vm12:r0:0) Connection established
(vm12:m0) Got connection from reducer vm7:r0
(vm12:m0:6) thread started, have to send 3804538504 bytes
(vm12:m0:14) all data sent, thread exiting
(vm12:m0:6) all data sent, thread exiting
(vm12:m0) Got connection from reducer vm13:r0
(vm12:m0:12) thread started, have to send 3804538504 bytes
(vm12:m0:12) all data sent, thread exiting
(vm12:m0) Got connection from reducer vm8:r0
(vm12:m0:7) thread started, have to send 3804538504 bytes
(vm12:r0:0) Connection finished, received 3804538505 bytes
(vm12:r0) thread 0 joined, 12 connections remaining
(vm12:r0) Starting new connection thread
(vm12:r0) Maximum number of connections reached (5), waiting for a thread to finish
(vm12:r0:0) Connection established
(vm12:m0:7) all data sent, thread exiting
(vm12:m0) Got connection from reducer vm10:r0
(vm12:m0:9) thread started, have to send 3804538504 bytes
(vm12:m0) Got connection from reducer vm9:r0
(vm12:m0:8) thread started, have to send 3804538504 bytes
(vm12:r0:0) Connection finished, received 3804538505 bytes
(vm12:r0) thread 0 joined, 11 connections remaining
(vm12:r0) Starting new connection thread
(vm12:r0) Maximum number of connections reached (5), waiting for a thread to finish
(vm12:r0:0) Connection established
(vm12:m0:8) all data sent, thread exiting
(vm12:m0:9) all data sent, thread exiting
(vm12:m0) Got connection from reducer vm11:r0
(vm12:m0:10) thread started, have to send 3804538504 bytes
(vm12:r0:0) Connection finished, received 3804538505 bytes
(vm12:r0) thread 0 joined, 10 connections remaining
(vm12:r0) Starting new connection thread
(vm12:r0) Maximum number of connections reached (5), waiting for a thread to finish
(vm12:r0:0) Connection established
(vm12:m0) Got connection from reducer vm12:r0
(vm12:m0:11) thread started, have to send 3804538504 bytes
(vm12:m0) Got connection from reducer vm17:r0
(vm12:m0:16) thread started, have to send 3804538504 bytes
(vm12:m0) Got connection from reducer vm16:r0
(vm12:m0:15) thread started, have to send 3804538504 bytes
(vm12:m0) Got connection from reducer vm2:r0
(vm12:m0:1) thread started, have to send 3804538504 bytes
(vm12:m0) Got connection from reducer vm14:r0
(vm12:m0:13) thread started, have to send 3804538504 bytes
(vm12:m0) Got connection from reducer vm3:r0
(vm12:m0:2) thread started, have to send 3804538504 bytes
(vm12:m0) Got connection from reducer vm5:r0
(vm12:m0:4) thread started, have to send 3804538504 bytes
(vm12:m0) Got connection from reducer vm4:r0
(vm12:m0) Waiting for a thread to finish
(vm12:m0) thread 0 joined, 16 connections remaining
(vm12:m0) Waiting for a thread to finish
(vm12:m0:3) thread started, have to send 3804538504 bytes
(vm12:m0:11) all data sent, thread exiting
(vm12:r0:0) Connection finished, received 3804538505 bytes
(vm12:r0) thread 0 joined, 9 connections remaining
(vm12:r0) Starting new connection thread
(vm12:r0) Maximum number of connections reached (5), waiting for a thread to finish
(vm12:r0:0) Connection established
(vm12:m0:10) all data sent, thread exiting
(vm12:m0:16) all data sent, thread exiting
(vm12:m0:15) all data sent, thread exiting
(vm12:m0:1) all data sent, thread exiting
(vm12:m0) thread 1 joined, 15 connections remaining
(vm12:m0) Waiting for a thread to finish
(vm12:m0:3) all data sent, thread exiting
(vm12:m0:13) all data sent, thread exiting
(vm12:m0:2) all data sent, thread exiting
(vm12:m0) thread 2 joined, 14 connections remaining
(vm12:m0) Waiting for a thread to finish
(vm12:m0) thread 3 joined, 13 connections remaining
(vm12:m0) Waiting for a thread to finish
(vm12:m0:4) all data sent, thread exiting
(vm12:m0) thread 4 joined, 12 connections remaining
(vm12:m0) Waiting for a thread to finish
(vm12:m0) thread 5 joined, 11 connections remaining
(vm12:m0) Waiting for a thread to finish
(vm12:m0) thread 6 joined, 10 connections remaining
(vm12:m0) Waiting for a thread to finish
(vm12:m0) thread 7 joined, 9 connections remaining
(vm12:m0) Waiting for a thread to finish
(vm12:m0) thread 8 joined, 8 connections remaining
(vm12:m0) Waiting for a thread to finish
(vm12:m0) thread 9 joined, 7 connections remaining
(vm12:m0) Waiting for a thread to finish
(vm12:m0) thread 10 joined, 6 connections remaining
(vm12:m0) Waiting for a thread to finish
(vm12:m0) thread 11 joined, 5 connections remaining
(vm12:m0) Waiting for a thread to finish
(vm12:m0) thread 12 joined, 4 connections remaining
(vm12:m0) Waiting for a thread to finish
(vm12:m0) thread 13 joined, 3 connections remaining
(vm12:m0) Waiting for a thread to finish
(vm12:m0) thread 14 joined, 2 connections remaining
(vm12:m0) Waiting for a thread to finish
(vm12:m0) thread 15 joined, 1 connections remaining
(vm12:m0) Waiting for a thread to finish
(vm12:m0) thread 16 joined, 0 connections remaining
(vm12:m0) all done, exiting
*RES* start node vm12:m0
*RES* vm12:m0:0,1403749908970,7017,2957,3804538505
*RES* vm12:m0:1,1403750080846,24041,2326,3804538505
*RES* vm12:m0:2,1403750081183,24524,2408,3804538505
*RES* vm12:m0:3,1403750081362,23956,2321,3804538505
*RES* vm12:m0:4,1403750081331,24468,2415,3804538505
*RES* vm12:m0:5,1403749955876,6963,3016,3804538505
*RES* vm12:m0:6,1403749987878,7985,2640,3804538505
*RES* vm12:m0:7,1403750018334,6959,2810,3804538505
*RES* vm12:m0:8,1403750051178,7163,2705,3804538505
*RES* vm12:m0:9,1403750046333,16537,2876,3804538505
*RES* vm12:m0:10,1403750074034,23422,2298,3804538505
*RES* vm12:m0:11,1403750077790,10727,575,3804538505
*RES* vm12:m0:12,1403750008506,7171,3101,3804538505
*RES* vm12:m0:13,1403750081063,24457,2387,3804538505
*RES* vm12:m0:14,1403749985390,8570,2966,3804538505
*RES* vm12:m0:15,1403750079803,22948,2260,3804538505
*RES* vm12:m0:16,1403750078591,22313,2367,3804538505
*RES* end node vm12:m0
Node vm12:m0 joined
(vm12:r0:0) Connection finished, received 3804538505 bytes
(vm12:r0) thread 0 joined, 8 connections remaining
(vm12:r0) Starting new connection thread
(vm12:r0) Maximum number of connections reached (5), waiting for a thread to finish
(vm12:r0:0) Connection established
(vm12:r0:0) Connection finished, received 3804538505 bytes
(vm12:r0) thread 0 joined, 7 connections remaining
(vm12:r0) Starting new connection thread
(vm12:r0) Maximum number of connections reached (5), waiting for a thread to finish
(vm12:r0:0) Connection established
(vm12:r0:0) Connection finished, received 3804538505 bytes
(vm12:r0) thread 0 joined, 6 connections remaining
(vm12:r0) Starting new connection thread
(vm12:r0) Maximum number of connections reached (5), waiting for a thread to finish
(vm12:r0:0) Connection established
(vm12:r0:0) Connection finished, received 3804538505 bytes
(vm12:r0) thread 0 joined, 5 connections remaining
(vm12:r0) Starting new connection thread
(vm12:r0) Maximum number of connections reached (5), waiting for a thread to finish
(vm12:r0:0) Connection established
(vm12:r0:0) Connection finished, received 3804538505 bytes
(vm12:r0) thread 0 joined, 4 connections remaining
(vm12:r0) Maximum number of connections reached (4), waiting for a thread to finish
(vm12:r0) thread 1 joined, 3 connections remaining
(vm12:r0) Maximum number of connections reached (3), waiting for a thread to finish
(vm12:r0) thread 2 joined, 2 connections remaining
(vm12:r0) Maximum number of connections reached (2), waiting for a thread to finish
(vm12:r0) thread 3 joined, 1 connections remaining
(vm12:r0) Maximum number of connections reached (1), waiting for a thread to finish
(vm12:r0) thread 4 joined, 0 connections remaining
(vm12:r0) all done, exiting
*RES* start node vm12:r0
*RES* vm12:r0:0,1403749789289,58890,3109,3804538505
*RES* vm12:r0:0,1403749848182,41265,2578,3804538505
*RES* vm12:r0:0,1403749889454,46712,2830,3804538505
*RES* vm12:r0:0,1403749936170,51400,2954,3804538505
*RES* vm12:r0:0,1403749987581,34593,2697,3804538505
*RES* vm12:r0:0,1403750022182,34847,2571,3804538505
*RES* vm12:r0:0,1403750057038,20745,2361,3804538505
*RES* vm12:r0:0,1403750077790,10742,1508,3804538505
*RES* vm12:r0:0,1403750088578,19814,2068,3804538505
*RES* vm12:r0:0,1403750108398,7040,2180,3804538505
*RES* vm12:r0:0,1403750115442,5436,2282,3804538505
*RES* vm12:r0:0,1403750120882,9145,2294,3804538505
*RES* vm12:r0:0,1403750130034,7818,2235,3804538505
*RES* vm12:r0:1,1403749789288,47738,3040,3804538505
*RES* vm12:r0:2,1403749789288,51214,3043,3804538505
*RES* vm12:r0:3,1403749789288,59540,3119,3804538505
*RES* vm12:r0:4,1403749789288,65542,3128,3804538505
*RES* end node vm12:r0
Node vm12:r0 joined
Worker terminating correctly
