OSMeF worker starting
Enabling core dumping
Listening for command connection
CONF: mapper on port 23330
CONF: -> will serve 41 reducers
(main) new thread ID: vm38:m0
(vm38:m0) Mapper thread started
(vm38:m0) Binding to port 23330
(vm38:m0) Got START signal
(vm38:m0) new thread ID: vm38:m0:th0
(vm38:m0:th0) waiting for something to do...
CONF: reducer
(main) new thread ID: vm38:r0
(vm38:r0) Reducer thread started
(vm38:r0) waiting for START message
(main) Waiting for thread vm38:m0 to join...
(vm38:r0) got START message
(vm38:r0) new thread ID: th0
(vm38:r0) new thread ID: th1
(vm38:r0) new thread ID: th2
(vm38:r0) new thread ID: th3
(vm38:r0) new thread ID: th4
(vm38:r0:th2:0) Connection established with mapper vm3:m0
(vm38:r0:th1:0) Connection established with mapper vm2:m0
(vm38:r0:th3:0) Connection established with mapper vm4:m0
(vm38:r0:th0:0) Connection established with mapper vm1:m0
(vm38:r0:th4:0) Connection established with mapper vm5:m0
(vm38:r0:th1:0) Connection to vm2:m0 finished, received 6387519 bytes
(vm38:r0:th1:1) Connection established with mapper vm7:m0
(vm38:r0:th1:1) Connection to vm7:m0 finished, received 6387520 bytes
(vm38:r0:th1:2) Connection established with mapper vm12:m0
(vm38:r0:th1:2) Connection to vm12:m0 finished, received 6387521 bytes
(vm38:r0:th1:3) Connection established with mapper vm17:m0
(vm38:r0:th1:3) Connection to vm17:m0 finished, received 6387522 bytes
(vm38:r0:th1:4) Connection established with mapper vm22:m0
(vm38:r0:th1:4) Connection to vm22:m0 finished, received 6387523 bytes
(vm38:r0:th1:5) Connection established with mapper vm27:m0
(vm38:r0:th4:0) Connection to vm5:m0 finished, received 6387519 bytes
(vm38:r0:th4:1) Connection established with mapper vm10:m0
(vm38:r0:th2:0) Connection to vm3:m0 finished, received 6387519 bytes
(vm38:r0:th2:1) Connection established with mapper vm8:m0
(vm38:r0:th0:0) Connection to vm1:m0 finished, received 6387519 bytes
(vm38:r0:th0:1) Connection established with mapper vm6:m0
(vm38:r0:th0:1) Connection to vm6:m0 finished, received 6387520 bytes
(vm38:r0:th3:0) Connection to vm4:m0 finished, received 6387519 bytes
(vm38:r0:th0:2) Connection established with mapper vm11:m0
(vm38:r0:th0:2) Connection to vm11:m0 finished, received 6387521 bytes
(vm38:r0:th0:3) Connection established with mapper vm16:m0
(vm38:r0:th3:1) Connection established with mapper vm9:m0
(vm38:r0:th2:1) Connection to vm8:m0 finished, received 6387520 bytes
(vm38:r0:th2:2) Connection established with mapper vm13:m0
(vm38:r0:th0:3) Connection to vm16:m0 finished, received 6387522 bytes
(vm38:r0:th0:4) Connection established with mapper vm21:m0
(vm38:r0:th3:1) Connection to vm9:m0 finished, received 6387520 bytes
(vm38:r0:th0:4) Connection to vm21:m0 finished, received 6387523 bytes
(vm38:r0:th3:2) Connection established with mapper vm14:m0
(vm38:r0:th0:5) Connection established with mapper vm26:m0
(vm38:r0:th3:2) Connection to vm14:m0 finished, received 6387521 bytes
(vm38:r0:th0:5) Connection to vm26:m0 finished, received 6387524 bytes
(vm38:r0:th3:3) Connection established with mapper vm19:m0
(vm38:r0:th3:3) Connection to vm19:m0 finished, received 6387522 bytes
(vm38:r0:th0:6) Connection established with mapper vm31:m0
(vm38:r0:th3:4) Connection established with mapper vm24:m0
(vm38:r0:th0:6) Connection to vm31:m0 finished, received 6387525 bytes
(vm38:r0:th3:4) Connection to vm24:m0 finished, received 6387523 bytes
(vm38:r0:th3:5) Connection established with mapper vm29:m0
(vm38:r0:th3:5) Connection to vm29:m0 finished, received 6387524 bytes
(vm38:r0:th0:7) Connection established with mapper vm36:m0
(vm38:r0:th3:6) Connection established with mapper vm34:m0
(vm38:r0:th1:5) Connection to vm27:m0 finished, received 12775042 bytes
(vm38:r0:th1:6) Connection established with mapper vm32:m0
(vm38:r0:th1:6) Connection to vm32:m0 finished, received 12775043 bytes
(vm38:r0:th1:7) Connection established with mapper vm37:m0
(vm38:r0:th0:7) Connection to vm36:m0 finished, received 12775044 bytes
(vm38:r0:th0:8) Connection established with mapper vm41:m0
(vm38:r0:th0:8) Connection to vm41:m0 finished, received 12775045 bytes
(vm38:r0:th0) Got data from all mappers, this reducer connection has finished.
(vm38:r0) thread th0 joined, 4 connection threads remaining
(vm38:r0:th2:2) Connection to vm13:m0 finished, received 12775039 bytes
(vm38:r0:th2:3) Connection established with mapper vm18:m0
(vm38:r0:th2:3) Connection to vm18:m0 finished, received 12775040 bytes
(vm38:r0:th2:4) Connection established with mapper vm23:m0
(vm38:r0:th2:4) Connection to vm23:m0 finished, received 12775041 bytes
(vm38:r0:th3:6) Connection to vm34:m0 finished, received 12775043 bytes
(vm38:r0:th3:7) Connection established with mapper vm39:m0
(vm38:r0:th2:5) Connection established with mapper vm28:m0
(vm38:r0:th3:7) Connection to vm39:m0 finished, received 12775044 bytes
(vm38:r0:th3) Got data from all mappers, this reducer connection has finished.
(vm38:r0:th2:5) Connection to vm28:m0 finished, received 12775042 bytes
(vm38:r0:th2:6) Connection established with mapper vm33:m0
(vm38:r0:th4:1) Connection to vm10:m0 finished, received 12775038 bytes
(vm38:r0:th4:2) Connection established with mapper vm15:m0
(vm38:r0:th4:2) Connection to vm15:m0 finished, received 12775039 bytes
(vm38:r0:th4:3) Connection established with mapper vm20:m0
(vm38:r0:th4:3) Connection to vm20:m0 finished, received 12775040 bytes
(vm38:r0:th4:4) Connection established with mapper vm25:m0
(vm38:r0:th4:4) Connection to vm25:m0 finished, received 12775041 bytes
(vm38:r0:th4:5) Connection established with mapper vm30:m0
(vm38:r0:th4:5) Connection to vm30:m0 finished, received 12775042 bytes
(vm38:r0:th4:6) Connection established with mapper vm35:m0
(vm38:r0:th4:6) Connection to vm35:m0 finished, received 12775043 bytes
(vm38:r0:th4:7) Connection established with mapper vm40:m0
(vm38:r0:th4:7) Connection to vm40:m0 finished, received 12775044 bytes
(vm38:r0:th4) Got data from all mappers, this reducer connection has finished.
(vm38:m0) Got connection from reducer vm33:r0
(vm38:m0) new thread ID: vm38:m0:th1
(vm38:m0:th0) connection started, have to send 6387518 bytes to vm33:r0
(vm38:m0:th1) waiting for something to do...
(vm38:m0) Got connection from reducer vm35:r0
(vm38:m0) new thread ID: vm38:m0:th2
(vm38:m0:th1) connection started, have to send 6387518 bytes to vm35:r0
(vm38:m0:th2) waiting for something to do...
(vm38:m0) Got connection from reducer vm13:r0
(vm38:m0) new thread ID: vm38:m0:th3
(vm38:m0:th2) connection started, have to send 6387518 bytes to vm13:r0
(vm38:m0:th3) waiting for something to do...
(vm38:m0) Got connection from reducer vm32:r0
(vm38:m0) new thread ID: vm38:m0:th4
(vm38:m0:th3) connection started, have to send 6387518 bytes to vm32:r0
(vm38:m0:th4) waiting for something to do...
(vm38:m0:th1) all data sent, closing connection to vm35:r0
(vm38:m0:th1) waiting for something to do...
(vm38:m0:th2) all data sent, closing connection to vm13:r0
(vm38:m0:th2) waiting for something to do...
(vm38:m0) Got connection from reducer vm24:r0
(vm38:m0:th4) connection started, have to send 6387518 bytes to vm24:r0
(vm38:m0:th3) all data sent, closing connection to vm32:r0
(vm38:m0:th3) waiting for something to do...
(vm38:m0:th4) all data sent, closing connection to vm24:r0
(vm38:m0:th4) waiting for something to do...
(vm38:m0) Got connection from reducer vm17:r0
(vm38:m0:th1) connection started, have to send 6387518 bytes to vm17:r0
(vm38:m0:th1) all data sent, closing connection to vm17:r0
(vm38:m0:th1) waiting for something to do...
(vm38:m0) Got connection from reducer vm18:r0
(vm38:m0:th2) connection started, have to send 6387518 bytes to vm18:r0
(vm38:m0:th2) all data sent, closing connection to vm18:r0
(vm38:m0:th2) waiting for something to do...
(vm38:r0:th1:7) Connection to vm37:m0 finished, received 19162562 bytes
(vm38:r0:th1) Got data from all mappers, this reducer connection has finished.
(vm38:r0) thread th1 joined, 3 connection threads remaining
(vm38:m0) Got connection from reducer vm15:r0
(vm38:m0:th1) connection started, have to send 6387518 bytes to vm15:r0
(vm38:m0:th1) all data sent, closing connection to vm15:r0
(vm38:m0:th1) waiting for something to do...
(vm38:m0) Got connection from reducer vm19:r0
(vm38:m0:th2) connection started, have to send 6387518 bytes to vm19:r0
(vm38:m0:th2) all data sent, closing connection to vm19:r0
(vm38:m0:th2) waiting for something to do...
(vm38:m0) Got connection from reducer vm29:r0
(vm38:m0:th1) connection started, have to send 6387518 bytes to vm29:r0
(vm38:m0:th1) all data sent, closing connection to vm29:r0
(vm38:m0:th1) waiting for something to do...
(vm38:m0) Got connection from reducer vm1:r0
(vm38:m0:th2) connection started, have to send 6387518 bytes to vm1:r0
(vm38:m0:th2) all data sent, closing connection to vm1:r0
(vm38:m0:th2) waiting for something to do...
(vm38:m0) Got connection from reducer vm37:r0
(vm38:m0:th1) connection started, have to send 6387518 bytes to vm37:r0
(vm38:m0:th1) all data sent, closing connection to vm37:r0
(vm38:m0:th1) waiting for something to do...
(vm38:m0) Got connection from reducer vm2:r0
(vm38:m0:th2) connection started, have to send 6387518 bytes to vm2:r0
(vm38:m0:th2) all data sent, closing connection to vm2:r0
(vm38:m0:th2) waiting for something to do...
(vm38:r0:th2:6) Connection to vm33:m0 finished, received 19162561 bytes
(vm38:r0:th2:7) Connection established with mapper vm38:m0
(vm38:m0) Got connection from reducer vm38:r0
(vm38:m0:th1) connection started, have to send 6387518 bytes to vm38:r0
(vm38:m0:th1) all data sent, closing connection to vm38:r0
(vm38:m0:th1) waiting for something to do...
(vm38:r0:th2:7) Connection to vm38:m0 finished, received 19162562 bytes
(vm38:r0:th2) Got data from all mappers, this reducer connection has finished.
(vm38:r0) thread th2 joined, 2 connection threads remaining
(vm38:r0) thread th3 joined, 1 connection threads remaining
(vm38:r0) thread th4 joined, 0 connection threads remaining
(vm38:r0) all done, exiting
(vm38:m0) Got connection from reducer vm39:r0
(vm38:m0:th2) connection started, have to send 6387518 bytes to vm39:r0
(vm38:m0:th2) all data sent, closing connection to vm39:r0
(vm38:m0:th2) waiting for something to do...
(vm38:m0) Got connection from reducer vm20:r0
(vm38:m0:th1) connection started, have to send 6387518 bytes to vm20:r0
(vm38:m0:th1) all data sent, closing connection to vm20:r0
(vm38:m0:th1) waiting for something to do...
(vm38:m0) Got connection from reducer vm8:r0
(vm38:m0:th2) connection started, have to send 6387518 bytes to vm8:r0
(vm38:m0:th2) all data sent, closing connection to vm8:r0
(vm38:m0:th2) waiting for something to do...
(vm38:m0) Got connection from reducer vm9:r0
(vm38:m0:th1) connection started, have to send 6387518 bytes to vm9:r0
(vm38:m0:th1) all data sent, closing connection to vm9:r0
(vm38:m0:th1) waiting for something to do...
(vm38:m0) Got connection from reducer vm31:r0
(vm38:m0:th2) connection started, have to send 6387518 bytes to vm31:r0
(vm38:m0:th2) all data sent, closing connection to vm31:r0
(vm38:m0:th2) waiting for something to do...
(vm38:m0) Got connection from reducer vm36:r0
(vm38:m0:th1) connection started, have to send 6387518 bytes to vm36:r0
(vm38:m0:th1) all data sent, closing connection to vm36:r0
(vm38:m0:th1) waiting for something to do...
(vm38:m0) Got connection from reducer vm34:r0
(vm38:m0:th2) connection started, have to send 6387518 bytes to vm34:r0
(vm38:m0:th2) all data sent, closing connection to vm34:r0
(vm38:m0:th2) waiting for something to do...
(vm38:m0) Got connection from reducer vm30:r0
(vm38:m0:th1) connection started, have to send 6387518 bytes to vm30:r0
(vm38:m0:th1) all data sent, closing connection to vm30:r0
(vm38:m0:th1) waiting for something to do...
(vm38:m0) Got connection from reducer vm5:r0
(vm38:m0:th2) connection started, have to send 6387518 bytes to vm5:r0
(vm38:m0:th2) all data sent, closing connection to vm5:r0
(vm38:m0:th2) waiting for something to do...
(vm38:m0) Got connection from reducer vm28:r0
(vm38:m0:th1) connection started, have to send 6387518 bytes to vm28:r0
(vm38:m0:th1) all data sent, closing connection to vm28:r0
(vm38:m0:th1) waiting for something to do...
(vm38:m0) Got connection from reducer vm22:r0
(vm38:m0:th2) connection started, have to send 6387518 bytes to vm22:r0
(vm38:m0:th2) all data sent, closing connection to vm22:r0
(vm38:m0:th2) waiting for something to do...
(vm38:m0) Got connection from reducer vm26:r0
(vm38:m0:th1) connection started, have to send 6387518 bytes to vm26:r0
(vm38:m0:th1) all data sent, closing connection to vm26:r0
(vm38:m0:th1) waiting for something to do...
(vm38:m0) Got connection from reducer vm4:r0
(vm38:m0:th2) connection started, have to send 6387518 bytes to vm4:r0
(vm38:m0:th2) all data sent, closing connection to vm4:r0
(vm38:m0:th2) waiting for something to do...
(vm38:m0) Got connection from reducer vm41:r0
(vm38:m0:th1) connection started, have to send 6387518 bytes to vm41:r0
(vm38:m0:th1) all data sent, closing connection to vm41:r0
(vm38:m0:th1) waiting for something to do...
(vm38:m0) Got connection from reducer vm7:r0
(vm38:m0:th2) connection started, have to send 6387518 bytes to vm7:r0
(vm38:m0:th2) all data sent, closing connection to vm7:r0
(vm38:m0:th2) waiting for something to do...
(vm38:m0) Got connection from reducer vm21:r0
(vm38:m0:th1) connection started, have to send 6387518 bytes to vm21:r0
(vm38:m0:th1) all data sent, closing connection to vm21:r0
(vm38:m0:th1) waiting for something to do...
(vm38:m0:th0) all data sent, closing connection to vm33:r0
(vm38:m0:th0) waiting for something to do...
(vm38:m0) Got connection from reducer vm25:r0
(vm38:m0:th2) connection started, have to send 6387518 bytes to vm25:r0
(vm38:m0:th2) all data sent, closing connection to vm25:r0
(vm38:m0:th2) waiting for something to do...
(vm38:m0) Got connection from reducer vm14:r0
(vm38:m0:th0) connection started, have to send 6387518 bytes to vm14:r0
(vm38:m0:th0) all data sent, closing connection to vm14:r0
(vm38:m0:th0) waiting for something to do...
(vm38:m0) Got connection from reducer vm6:r0
(vm38:m0:th1) connection started, have to send 6387518 bytes to vm6:r0
(vm38:m0:th1) all data sent, closing connection to vm6:r0
(vm38:m0:th1) waiting for something to do...
(vm38:m0) Got connection from reducer vm40:r0
(vm38:m0) Got connection from reducer vm11:r0
(vm38:m0) Got connection from reducer vm12:r0
(vm38:m0:th2) connection started, have to send 6387518 bytes to vm12:r0
(vm38:m0:th2) all data sent, closing connection to vm12:r0
(vm38:m0:th2) waiting for something to do...
(vm38:m0:th1) connection started, have to send 6387518 bytes to vm11:r0
(vm38:m0:th1) all data sent, closing connection to vm11:r0
(vm38:m0:th1) waiting for something to do...
(vm38:m0) Got connection from reducer vm10:r0
(vm38:m0:th1) connection started, have to send 6387518 bytes to vm10:r0
(vm38:m0:th1) all data sent, closing connection to vm10:r0
(vm38:m0:th1) waiting for something to do...
(vm38:m0:th0) connection started, have to send 6387518 bytes to vm40:r0
(vm38:m0:th0) all data sent, closing connection to vm40:r0
(vm38:m0:th0) waiting for something to do...
(vm38:m0) Got connection from reducer vm16:r0
(vm38:m0:th2) connection started, have to send 6387518 bytes to vm16:r0
(vm38:m0:th2) all data sent, closing connection to vm16:r0
(vm38:m0:th2) waiting for something to do...
(vm38:m0) Got connection from reducer vm3:r0
(vm38:m0) Got connection from reducer vm27:r0
(vm38:m0:th1) connection started, have to send 6387518 bytes to vm27:r0
(vm38:m0:th1) all data sent, closing connection to vm27:r0
(vm38:m0:th1) waiting for something to do...
(vm38:m0:th0) connection started, have to send 6387518 bytes to vm3:r0
(vm38:m0:th0) all data sent, closing connection to vm3:r0
(vm38:m0:th0) waiting for something to do...
(vm38:m0) Got connection from reducer vm23:r0
(vm38:m0:th2) connection started, have to send 6387518 bytes to vm23:r0
(vm38:m0:th2) all data sent, closing connection to vm23:r0
(vm38:m0:th2) waiting for something to do...
(vm38:m0) All reducers connected, waiting for threads to terminate
(vm38:m0) waiting on semaphore
(vm38:m0) Sending exit signal to all threads
(vm38:m0:th1) got exit signal
(vm38:m0:th2) got exit signal
(vm38:m0:th3) got exit signal
(vm38:m0:th0) got exit signal
(vm38:m0) thread vm38:m0:th0 joined
(vm38:m0) thread vm38:m0:th1 joined
(vm38:m0) thread vm38:m0:th2 joined
(vm38:m0) thread vm38:m0:th3 joined
(vm38:m0:th4) got exit signal
(vm38:m0) thread vm38:m0:th4 joined
(vm38:m0) all done, exiting
*RES* start node vm38:m0
*RES* vm38:m0:th1,1406553999497,58,6,6387519
*RES* vm38:m0:th2,1406553999505,55,6,6387519
*RES* vm38:m0:th1,1406553999589,0,6,6387519
*RES* vm38:m0:th2,1406553999592,0,6,6387519
*RES* vm38:m0:th1,1406553999599,0,6,6387519
*RES* vm38:m0:th2,1406553999610,0,6,6387519
*RES* vm38:m0:th1,1406553999614,0,6,6387519
*RES* vm38:m0:th2,1406553999618,0,6,6387519
*RES* vm38:m0:th1,1406553999620,0,6,6387519
*RES* vm38:m0:th2,1406553999624,0,6,6387519
*RES* vm38:m0:th1,1406553999635,0,7,6387519
*RES* vm38:m0:th2,1406553999636,0,6,6387519
*RES* vm38:m0:th1,1406553999638,0,7,6387519
*RES* vm38:m0:th2,1406553999640,0,6,6387519
*RES* vm38:m0:th1,1406553999643,0,7,6387519
*RES* vm38:m0:th2,1406553999645,0,6,6387519
*RES* vm38:m0:th1,1406553999646,0,7,6387519
*RES* vm38:m0:th2,1406553999647,0,6,6387519
*RES* vm38:m0:th1,1406553999650,0,7,6387519
*RES* vm38:m0:th2,1406553999653,0,6,6387519
*RES* vm38:m0:th1,1406553999654,0,7,6387519
*RES* vm38:m0:th2,1406553999657,0,7,6387519
*RES* vm38:m0:th1,1406553999659,0,7,6387519
*RES* vm38:m0:th2,1406553999663,0,7,6387519
*RES* vm38:m0:th1,1406553999664,0,7,6387519
*RES* vm38:m0:th2,1406553999664,0,7,6387519
*RES* vm38:m0:th0,1406553999496,170,5,6387519
*RES* vm38:m0:th1,1406553999664,0,7,6387519
*RES* vm38:m0:th0,1406553999683,0,5,6387519
*RES* vm38:m0:th1,1406553999690,0,7,6387519
*RES* vm38:m0:th2,1406553999678,0,7,6387519
*RES* vm38:m0:th1,1406553999690,0,7,6387519
*RES* vm38:m0:th2,1406553999690,0,7,6387519
*RES* vm38:m0:th0,1406553999690,0,5,6387519
*RES* vm38:m0:th1,1406553999690,0,7,6387519
*RES* vm38:m0:th2,1406553999691,0,7,6387519
*RES* vm38:m0:th0,1406553999692,0,6,6387519
*RES* vm38:m0:th1,1406553999692,0,7,6387519
*RES* vm38:m0:th2,1406553999693,0,7,6387519
*RES* vm38:m0:th3,1406553999536,38,6,6387519
*RES* vm38:m0:th4,1406553999561,23,5,6387519
*RES* end node vm38:m0
(main) Thread vm38:m0 joined
(main) Waiting for thread vm38:m0 to join...
*RES* start node vm38:r0
*RES* vm38:r0:th0:0,1406553998786,444,12,6387519
*RES* vm38:r0:th0:1,1406553999230,3,12,6387520
*RES* vm38:r0:th0:2,1406553999233,3,12,6387521
*RES* vm38:r0:th0:3,1406553999235,9,12,6387522
*RES* vm38:r0:th0:4,1406553999244,4,13,6387523
*RES* vm38:r0:th0:5,1406553999248,3,13,6387524
*RES* vm38:r0:th0:6,1406553999251,7,13,6387525
*RES* vm38:r0:th0:7,1406553999258,149,24,12775044
*RES* vm38:r0:th0:8,1406553999408,10,24,12775045
*RES* vm38:r0:th1:0,1406553998785,318,10,6387519
*RES* vm38:r0:th1:1,1406553999103,2,11,6387520
*RES* vm38:r0:th1:2,1406553999106,3,11,6387521
*RES* vm38:r0:th1:3,1406553999108,2,11,6387522
*RES* vm38:r0:th1:4,1406553999111,3,11,6387523
*RES* vm38:r0:th1:5,1406553999113,269,22,12775042
*RES* vm38:r0:th1:6,1406553999383,7,22,12775043
*RES* vm38:r0:th1:7,1406553999389,202,35,19162562
*RES* vm38:r0:th2:0,1406553998785,439,11,6387519
*RES* vm38:r0:th2:1,1406553999224,16,11,6387520
*RES* vm38:r0:th2:2,1406553999240,182,22,12775039
*RES* vm38:r0:th2:3,1406553999422,7,23,12775040
*RES* vm38:r0:th2:4,1406553999429,6,23,12775041
*RES* vm38:r0:th2:5,1406553999435,8,23,12775042
*RES* vm38:r0:th2:6,1406553999443,192,33,19162561
*RES* vm38:r0:th2:7,1406553999635,0,34,19162562
*RES* vm38:r0:th3:0,1406553998785,448,12,6387519
*RES* vm38:r0:th3:1,1406553999233,14,12,6387520
*RES* vm38:r0:th3:2,1406553999247,3,12,6387521
*RES* vm38:r0:th3:3,1406553999250,3,12,6387522
*RES* vm38:r0:th3:4,1406553999254,5,13,6387523
*RES* vm38:r0:th3:5,1406553999258,2,13,6387524
*RES* vm38:r0:th3:6,1406553999260,176,22,12775043
*RES* vm38:r0:th3:7,1406553999437,6,22,12775044
*RES* vm38:r0:th4:0,1406553998785,399,12,6387519
*RES* vm38:r0:th4:1,1406553999184,272,23,12775038
*RES* vm38:r0:th4:2,1406553999457,3,23,12775039
*RES* vm38:r0:th4:3,1406553999459,6,23,12775040
*RES* vm38:r0:th4:4,1406553999465,2,24,12775041
*RES* vm38:r0:th4:5,1406553999467,4,24,12775042
*RES* vm38:r0:th4:6,1406553999471,2,24,12775043
*RES* vm38:r0:th4:7,1406553999473,5,24,12775044
*RES* end node vm38:r0
(main) Thread vm38:r0 joined
Worker terminating correctly
